20/10/17;06:48:01.593;INFO;Server;Command: ExecRobotTask (Initialize,500000);
20/10/17;06:48:01.632;INFO;Controller;Executing asynchronous activity: ExecRobotTask;
20/10/17;06:48:01.632;INFO;Controller;Status = Executing: Initialize;
20/10/17;06:48:01.632;INFO;Controller;State = Running;
20/10/17;06:48:02.565;INFO;Robot Runtime;executing:    Initialize;
20/10/17;06:48:03.609;INFO;Robot Runtime;Failed to turn on robot power;
20/10/17;06:48:03.745;INFO;Controller;Activity ExecRobotTask ended. Return value: ABORT: Failed to turn on robot power;
20/10/17;06:48:03.745;INFO;Controller;State = Ready;
20/10/17;06:58:30.474;INFO;Server;Command: ExecRobotTask (Initialize,500000);
20/10/17;06:58:30.480;INFO;Controller;Executing asynchronous activity: ExecRobotTask;
20/10/17;06:58:30.480;INFO;Controller;Status = Executing: Initialize;
20/10/17;06:58:30.480;INFO;Controller;State = Running;
20/10/17;06:58:31.232;INFO;Robot Runtime;executing:    Initialize;
20/10/17;06:58:32.419;INFO;Controller;Activity ExecRobotTask ended. Return value: Done;
20/10/17;06:58:32.419;INFO;Controller;State = Ready;
20/10/17;06:58:32.425;INFO;Server;Command: ExecRobotTask (LatchRobGov,500000);
20/10/17;06:58:32.426;INFO;Controller;Executing asynchronous activity: ExecRobotTask;
20/10/17;06:58:32.426;INFO;Controller;Status = Executing: LatchRobGov;
20/10/17;06:58:32.426;INFO;Controller;State = Running;
20/10/17;06:58:33.341;INFO;Robot Runtime;executing:    LatchRobGov;
20/10/17;06:58:36.821;INFO;Controller;Activity ExecRobotTask ended. Return value: Done;
20/10/17;06:58:36.821;INFO;Controller;State = Ready;
20/10/17;06:58:36.833;INFO;Server;Command: ExecRobotTask (TraceSample,500000);
20/10/17;06:58:36.833;INFO;Controller;Executing asynchronous activity: ExecRobotTask;
20/10/17;06:58:36.834;INFO;Controller;Status = Executing: TraceSample;
20/10/17;06:58:36.834;INFO;Controller;State = Running;
20/10/17;06:58:37.614;INFO;Robot Runtime;executing:    TraceSample;
20/10/17;06:58:38.716;INFO;Controller;Activity ExecRobotTask ended. Return value: Done False/False/False;
20/10/17;06:58:38.716;INFO;Controller;State = Ready;
20/10/17;06:58:38.728;INFO;Server;Command: ExecRobotTask (CoolDown,500000);
20/10/17;06:58:38.728;INFO;Controller;Executing asynchronous activity: ExecRobotTask;
20/10/17;06:58:38.728;INFO;Controller;Status = Executing: CoolDown;
20/10/17;06:58:38.728;INFO;Controller;State = Running;
20/10/17;06:58:39.473;INFO;Robot Runtime;executing:    CoolDown;
20/10/17;06:59:48.163;INFO;Controller;Activity ExecRobotTask ended. Return value: Done;
20/10/17;06:59:48.164;INFO;Controller;State = Ready;
20/10/17;06:59:48.388;INFO;Server;Command: ExecRobotTask (Load,500000);
20/10/17;06:59:48.388;INFO;Controller;Executing asynchronous activity: ExecRobotTask;
20/10/17;06:59:48.388;INFO;Controller;Status = Executing: Load;
20/10/17;06:59:48.388;INFO;Controller;State = Running;
20/10/17;06:59:49.382;INFO;Robot Runtime;executing:    Load;
20/10/17;06:59:59.335;INFO;Controller;Activity ExecRobotTask ended. Return value: Done False/True/False;
20/10/17;06:59:59.335;INFO;Controller;State = Ready;
20/10/17;06:59:59.348;INFO;Server;Command: ExecRobotTask (Mount,500000);
20/10/17;06:59:59.348;INFO;Controller;Executing asynchronous activity: ExecRobotTask;
20/10/17;06:59:59.348;INFO;Controller;Status = Executing: Mount;
20/10/17;06:59:59.348;INFO;Controller;State = Running;
20/10/17;07:00:00.097;INFO;Robot Runtime;executing:    Mount;
20/10/17;07:00:07.186;INFO;Controller;Activity ExecRobotTask ended. Return value: Done True/False/False;
20/10/17;07:00:07.186;INFO;Controller;State = Ready;
20/10/17;07:00:07.196;INFO;Server;Command: ExecRobotTask (Park,500000);
20/10/17;07:00:07.196;INFO;Controller;Executing asynchronous activity: ExecRobotTask;
20/10/17;07:00:07.196;INFO;Controller;Status = Executing: Park;
20/10/17;07:00:07.196;INFO;Controller;State = Running;
20/10/17;07:00:08.087;INFO;Robot Runtime;executing:    Park;
20/10/17;07:00:11.425;INFO;Controller;Activity ExecRobotTask ended. Return value: Done;
20/10/17;07:00:11.425;INFO;Controller;State = Ready;
20/10/17;07:00:11.432;INFO;Server;Command: ExecRobotTask (UnlatchRobGov,500000);
20/10/17;07:00:11.432;INFO;Controller;Executing asynchronous activity: ExecRobotTask;
20/10/17;07:00:11.432;INFO;Controller;Status = Executing: UnlatchRobGov;
20/10/17;07:00:11.432;INFO;Controller;State = Running;
20/10/17;07:00:12.240;INFO;Robot Runtime;executing:    UnlatchRobGov;
20/10/17;07:00:12.382;INFO;Controller;Activity ExecRobotTask ended. Return value: Done;
20/10/17;07:00:12.382;INFO;Controller;State = Ready;
20/10/17;07:04:12.798;INFO;Server;Command: ExecRobotTask (Initialize,500000);
20/10/17;07:04:12.800;INFO;Controller;Executing asynchronous activity: ExecRobotTask;
20/10/17;07:04:12.801;INFO;Controller;Status = Executing: Initialize;
20/10/17;07:04:12.801;INFO;Controller;State = Running;
20/10/17;07:04:13.560;INFO;Robot Runtime;executing:    Initialize;
20/10/17;07:04:13.834;INFO;Controller;Activity ExecRobotTask ended. Return value: Done;
20/10/17;07:04:13.834;INFO;Controller;State = Ready;
20/10/17;07:04:13.848;INFO;Server;Command: ExecRobotTask (LatchRobGov,500000);
20/10/17;07:04:13.848;INFO;Controller;Executing asynchronous activity: ExecRobotTask;
20/10/17;07:04:13.848;INFO;Controller;Status = Executing: LatchRobGov;
20/10/17;07:04:13.848;INFO;Controller;State = Running;
20/10/17;07:04:14.888;INFO;Robot Runtime;executing:    LatchRobGov;
20/10/17;07:04:15.905;INFO;Controller;Activity ExecRobotTask ended. Return value: Done;
20/10/17;07:04:15.905;INFO;Controller;State = Ready;
20/10/17;07:04:15.915;INFO;Server;Command: ExecRobotTask (CoolDown,500000);
20/10/17;07:04:15.915;INFO;Controller;Executing asynchronous activity: ExecRobotTask;
20/10/17;07:04:15.915;INFO;Controller;Status = Executing: CoolDown;
20/10/17;07:04:15.915;INFO;Controller;State = Running;
20/10/17;07:04:16.787;INFO;Robot Runtime;executing:    CoolDown;
20/10/17;07:04:17.287;INFO;Controller;Activity ExecRobotTask ended. Return value: Done;
20/10/17;07:04:17.287;INFO;Controller;State = Ready;
20/10/17;07:04:17.295;INFO;Server;Command: ExecRobotTask (TraceSample,500000);
20/10/17;07:04:17.295;INFO;Controller;Executing asynchronous activity: ExecRobotTask;
20/10/17;07:04:17.295;INFO;Controller;Status = Executing: TraceSample;
20/10/17;07:04:17.295;INFO;Controller;State = Running;
20/10/17;07:04:18.036;INFO;Robot Runtime;executing:    TraceSample;
20/10/17;07:04:20.307;INFO;Controller;Activity ExecRobotTask ended. Return value: Done True/False/False;
20/10/17;07:04:20.307;INFO;Controller;State = Ready;
20/10/17;07:04:20.317;INFO;Server;Command: ExecRobotTask (Unmount,500000);
20/10/17;07:04:20.317;INFO;Controller;Executing asynchronous activity: ExecRobotTask;
20/10/17;07:04:20.317;INFO;Controller;Status = Executing: Unmount;
20/10/17;07:04:20.317;INFO;Controller;State = Running;
20/10/17;07:04:21.061;INFO;Robot Runtime;executing:    Unmount;
20/10/17;07:04:28.069;INFO;Controller;Activity ExecRobotTask ended. Return value: Done False/True/False;
20/10/17;07:04:28.070;INFO;Controller;State = Ready;
20/10/17;07:04:28.079;INFO;Server;Command: ExecRobotTask (Unload,500000);
20/10/17;07:04:28.079;INFO;Controller;Executing asynchronous activity: ExecRobotTask;
20/10/17;07:04:28.079;INFO;Controller;Status = Executing: Unload;
20/10/17;07:04:28.079;INFO;Controller;State = Running;
20/10/17;07:04:28.887;INFO;Robot Runtime;executing:    Unload;
20/10/17;07:04:33.580;INFO;Controller;Activity ExecRobotTask ended. Return value: Done False/False/False;
20/10/17;07:04:33.580;INFO;Controller;State = Ready;
20/10/17;07:04:35.835;INFO;Server;Command: ExecRobotTask (Load,500000);
20/10/17;07:04:35.835;INFO;Controller;Executing asynchronous activity: ExecRobotTask;
20/10/17;07:04:35.835;INFO;Controller;Status = Executing: Load;
20/10/17;07:04:35.835;INFO;Controller;State = Running;
20/10/17;07:04:36.864;INFO;Robot Runtime;executing:    Load;
20/10/17;07:04:43.920;INFO;Controller;Activity ExecRobotTask ended. Return value: Done False/True/False;
20/10/17;07:04:43.920;INFO;Controller;State = Ready;
20/10/17;07:04:43.928;INFO;Server;Command: ExecRobotTask (Mount,500000);
20/10/17;07:04:43.929;INFO;Controller;Executing asynchronous activity: ExecRobotTask;
20/10/17;07:04:43.929;INFO;Controller;Status = Executing: Mount;
20/10/17;07:04:43.929;INFO;Controller;State = Running;
20/10/17;07:04:44.791;INFO;Robot Runtime;executing:    Mount;
20/10/17;07:04:51.755;INFO;Controller;Activity ExecRobotTask ended. Return value: Done True/False/False;
20/10/17;07:04:51.755;INFO;Controller;State = Ready;
20/10/17;07:04:51.770;INFO;Server;Command: ExecRobotTask (Park,500000);
20/10/17;07:04:51.770;INFO;Controller;Executing asynchronous activity: ExecRobotTask;
20/10/17;07:04:51.770;INFO;Controller;Status = Executing: Park;
20/10/17;07:04:51.770;INFO;Controller;State = Running;
20/10/17;07:04:52.505;INFO;Robot Runtime;executing:    Park;
20/10/17;07:04:55.976;INFO;Controller;Activity ExecRobotTask ended. Return value: Done;
20/10/17;07:04:55.976;INFO;Controller;State = Ready;
20/10/17;07:04:55.986;INFO;Server;Command: ExecRobotTask (UnlatchRobGov,500000);
20/10/17;07:04:55.987;INFO;Controller;Executing asynchronous activity: ExecRobotTask;
20/10/17;07:04:55.987;INFO;Controller;Status = Executing: UnlatchRobGov;
20/10/17;07:04:55.987;INFO;Controller;State = Running;
20/10/17;07:04:56.771;INFO;Robot Runtime;executing:    UnlatchRobGov;
20/10/17;07:04:56.934;INFO;Controller;Activity ExecRobotTask ended. Return value: Done;
20/10/17;07:04:56.934;INFO;Controller;State = Ready;
20/10/17;07:15:48.302;INFO;Server;Command: ExecRobotTask (Initialize,500000);
20/10/17;07:15:48.303;INFO;Controller;Executing asynchronous activity: ExecRobotTask;
20/10/17;07:15:48.303;INFO;Controller;Status = Executing: Initialize;
20/10/17;07:15:48.303;INFO;Controller;State = Running;
20/10/17;07:15:49.153;INFO;Robot Runtime;executing:    Initialize;
20/10/17;07:15:50.452;INFO;Controller;Activity ExecRobotTask ended. Return value: Done;
20/10/17;07:15:50.452;INFO;Controller;State = Ready;
20/10/17;07:15:50.463;INFO;Server;Command: ExecRobotTask (LatchRobGov,500000);
20/10/17;07:15:50.463;INFO;Controller;Executing asynchronous activity: ExecRobotTask;
20/10/17;07:15:50.463;INFO;Controller;Status = Executing: LatchRobGov;
20/10/17;07:15:50.463;INFO;Controller;State = Running;
20/10/17;07:15:51.405;INFO;Robot Runtime;executing:    LatchRobGov;
20/10/17;07:15:53.656;INFO;Controller;Activity ExecRobotTask ended. Return value: Done;
20/10/17;07:15:53.656;INFO;Controller;State = Ready;
20/10/17;07:15:53.672;INFO;Server;Command: ExecRobotTask (CoolDown,500000);
20/10/17;07:15:53.672;INFO;Controller;Executing asynchronous activity: ExecRobotTask;
20/10/17;07:15:53.672;INFO;Controller;Status = Executing: CoolDown;
20/10/17;07:15:53.672;INFO;Controller;State = Running;
20/10/17;07:15:54.549;INFO;Robot Runtime;executing:    CoolDown;
20/10/17;07:15:55.058;INFO;Controller;Activity ExecRobotTask ended. Return value: Done;
20/10/17;07:15:55.059;INFO;Controller;State = Ready;
20/10/17;07:15:55.074;INFO;Server;Command: ExecRobotTask (TraceSample,500000);
20/10/17;07:15:55.074;INFO;Controller;Executing asynchronous activity: ExecRobotTask;
20/10/17;07:15:55.074;INFO;Controller;Status = Executing: TraceSample;
20/10/17;07:15:55.074;INFO;Controller;State = Running;
20/10/17;07:15:55.818;INFO;Robot Runtime;executing:    TraceSample;
20/10/17;07:15:58.110;INFO;Controller;Activity ExecRobotTask ended. Return value: Done True/False/False;
20/10/17;07:15:58.111;INFO;Controller;State = Ready;
20/10/17;07:15:58.121;INFO;Server;Command: ExecRobotTask (Unmount,500000);
20/10/17;07:15:58.121;INFO;Controller;Executing asynchronous activity: ExecRobotTask;
20/10/17;07:15:58.121;INFO;Controller;Status = Executing: Unmount;
20/10/17;07:15:58.121;INFO;Controller;State = Running;
20/10/17;07:15:58.866;INFO;Robot Runtime;executing:    Unmount;
20/10/17;07:16:05.736;INFO;Controller;Activity ExecRobotTask ended. Return value: Done False/True/False;
20/10/17;07:16:05.736;INFO;Controller;State = Ready;
20/10/17;07:16:05.752;INFO;Server;Command: ExecRobotTask (Unload,500000);
20/10/17;07:16:05.752;INFO;Controller;Executing asynchronous activity: ExecRobotTask;
20/10/17;07:16:05.752;INFO;Controller;Status = Executing: Unload;
20/10/17;07:16:05.752;INFO;Controller;State = Running;
20/10/17;07:16:06.630;INFO;Robot Runtime;executing:    Unload;
20/10/17;07:16:11.365;INFO;Controller;Activity ExecRobotTask ended. Return value: Done False/False/False;
20/10/17;07:16:11.366;INFO;Controller;State = Ready;
20/10/17;07:16:13.609;INFO;Server;Command: ExecRobotTask (Load,500000);
20/10/17;07:16:13.609;INFO;Controller;Executing asynchronous activity: ExecRobotTask;
20/10/17;07:16:13.609;INFO;Controller;Status = Executing: Load;
20/10/17;07:16:13.609;INFO;Controller;State = Running;
20/10/17;07:16:14.549;INFO;Robot Runtime;executing:    Load;
20/10/17;07:16:21.594;INFO;Controller;Activity ExecRobotTask ended. Return value: Done False/True/False;
20/10/17;07:16:21.595;INFO;Controller;State = Ready;
20/10/17;07:16:21.603;INFO;Server;Command: ExecRobotTask (Mount,500000);
20/10/17;07:16:21.603;INFO;Controller;Executing asynchronous activity: ExecRobotTask;
20/10/17;07:16:21.603;INFO;Controller;Status = Executing: Mount;
20/10/17;07:16:21.603;INFO;Controller;State = Running;
20/10/17;07:16:22.477;INFO;Robot Runtime;executing:    Mount;
20/10/17;07:16:30.138;INFO;Controller;Activity ExecRobotTask ended. Return value: Done True/False/False;
20/10/17;07:16:30.138;INFO;Controller;State = Ready;
20/10/17;07:16:30.153;INFO;Server;Command: ExecRobotTask (Park,500000);
20/10/17;07:16:30.153;INFO;Controller;Executing asynchronous activity: ExecRobotTask;
20/10/17;07:16:30.153;INFO;Controller;Status = Executing: Park;
20/10/17;07:16:30.153;INFO;Controller;State = Running;
20/10/17;07:16:30.896;INFO;Robot Runtime;executing:    Park;
20/10/17;07:16:33.893;INFO;Controller;Activity ExecRobotTask ended. Return value: Done;
20/10/17;07:16:33.894;INFO;Controller;State = Ready;
20/10/17;07:16:33.907;INFO;Server;Command: ExecRobotTask (UnlatchRobGov,500000);
20/10/17;07:16:33.907;INFO;Controller;Executing asynchronous activity: ExecRobotTask;
20/10/17;07:16:33.907;INFO;Controller;Status = Executing: UnlatchRobGov;
20/10/17;07:16:33.908;INFO;Controller;State = Running;
20/10/17;07:16:34.690;INFO;Robot Runtime;executing:    UnlatchRobGov;
20/10/17;07:16:35.189;INFO;Controller;Activity ExecRobotTask ended. Return value: Done;
20/10/17;07:16:35.189;INFO;Controller;State = Ready;
20/10/17;07:20:17.716;INFO;Server;Command: ExecRobotTask (Initialize,500000);
20/10/17;07:20:17.718;INFO;Controller;Executing asynchronous activity: ExecRobotTask;
20/10/17;07:20:17.718;INFO;Controller;Status = Executing: Initialize;
20/10/17;07:20:17.718;INFO;Controller;State = Running;
20/10/17;07:20:18.570;INFO;Robot Runtime;executing:    Initialize;
20/10/17;07:20:19.013;INFO;Controller;Activity ExecRobotTask ended. Return value: Done;
20/10/17;07:20:19.013;INFO;Controller;State = Ready;
20/10/17;07:20:19.021;INFO;Server;Command: ExecRobotTask (LatchRobGov,500000);
20/10/17;07:20:19.021;INFO;Controller;Executing asynchronous activity: ExecRobotTask;
20/10/17;07:20:19.021;INFO;Controller;Status = Executing: LatchRobGov;
20/10/17;07:20:19.021;INFO;Controller;State = Running;
20/10/17;07:20:19.959;INFO;Robot Runtime;executing:    LatchRobGov;
20/10/17;07:20:20.774;INFO;Controller;Activity ExecRobotTask ended. Return value: Done;
20/10/17;07:20:20.774;INFO;Controller;State = Ready;
20/10/17;07:20:20.787;INFO;Server;Command: ExecRobotTask (CoolDown,500000);
20/10/17;07:20:20.787;INFO;Controller;Executing asynchronous activity: ExecRobotTask;
20/10/17;07:20:20.788;INFO;Controller;Status = Executing: CoolDown;
20/10/17;07:20:20.788;INFO;Controller;State = Running;
20/10/17;07:20:21.658;INFO;Robot Runtime;executing:    CoolDown;
20/10/17;07:20:22.087;INFO;Controller;Activity ExecRobotTask ended. Return value: Done;
20/10/17;07:20:22.087;INFO;Controller;State = Ready;
20/10/17;07:20:22.099;INFO;Server;Command: ExecRobotTask (TraceSample,500000);
20/10/17;07:20:22.099;INFO;Controller;Executing asynchronous activity: ExecRobotTask;
20/10/17;07:20:22.099;INFO;Controller;Status = Executing: TraceSample;
20/10/17;07:20:22.099;INFO;Controller;State = Running;
20/10/17;07:20:22.841;INFO;Robot Runtime;executing:    TraceSample;
20/10/17;07:20:25.145;INFO;Controller;Activity ExecRobotTask ended. Return value: Done True/False/False;
20/10/17;07:20:25.145;INFO;Controller;State = Ready;
20/10/17;07:20:25.158;INFO;Server;Command: ExecRobotTask (Unmount,500000);
20/10/17;07:20:25.158;INFO;Controller;Executing asynchronous activity: ExecRobotTask;
20/10/17;07:20:25.158;INFO;Controller;Status = Executing: Unmount;
20/10/17;07:20:25.158;INFO;Controller;State = Running;
20/10/17;07:20:25.903;INFO;Robot Runtime;executing:    Unmount;
20/10/17;07:20:33.764;INFO;Controller;Activity ExecRobotTask ended. Return value: Done False/True/False;
20/10/17;07:20:33.765;INFO;Controller;State = Ready;
20/10/17;07:20:33.779;INFO;Server;Command: ExecRobotTask (Unload,500000);
20/10/17;07:20:33.779;INFO;Controller;Executing asynchronous activity: ExecRobotTask;
20/10/17;07:20:33.779;INFO;Controller;Status = Executing: Unload;
20/10/17;07:20:33.779;INFO;Controller;State = Running;
20/10/17;07:20:34.649;INFO;Robot Runtime;executing:    Unload;
20/10/17;07:20:39.393;INFO;Controller;Activity ExecRobotTask ended. Return value: Done False/False/False;
20/10/17;07:20:39.393;INFO;Controller;State = Ready;
20/10/17;07:20:41.643;INFO;Server;Command: ExecRobotTask (Load,500000);
20/10/17;07:20:41.643;INFO;Controller;Executing asynchronous activity: ExecRobotTask;
20/10/17;07:20:41.643;INFO;Controller;Status = Executing: Load;
20/10/17;07:20:41.643;INFO;Controller;State = Running;
20/10/17;07:20:42.580;INFO;Robot Runtime;executing:    Load;
20/10/17;07:20:49.603;INFO;Controller;Activity ExecRobotTask ended. Return value: Done False/True/False;
20/10/17;07:20:49.603;INFO;Controller;State = Ready;
20/10/17;07:20:49.619;INFO;Server;Command: ExecRobotTask (Mount,500000);
20/10/17;07:20:49.619;INFO;Controller;Executing asynchronous activity: ExecRobotTask;
20/10/17;07:20:49.619;INFO;Controller;Status = Executing: Mount;
20/10/17;07:20:49.619;INFO;Controller;State = Running;
20/10/17;07:20:50.494;INFO;Robot Runtime;executing:    Mount;
20/10/17;07:20:58.152;INFO;Controller;Activity ExecRobotTask ended. Return value: Done True/False/False;
20/10/17;07:20:58.152;INFO;Controller;State = Ready;
20/10/17;07:20:58.170;INFO;Server;Command: ExecRobotTask (Park,500000);
20/10/17;07:20:58.170;INFO;Controller;Executing asynchronous activity: ExecRobotTask;
20/10/17;07:20:58.170;INFO;Controller;Status = Executing: Park;
20/10/17;07:20:58.170;INFO;Controller;State = Running;
20/10/17;07:20:58.912;INFO;Robot Runtime;executing:    Park;
20/10/17;07:21:01.906;INFO;Controller;Activity ExecRobotTask ended. Return value: Done;
20/10/17;07:21:01.906;INFO;Controller;State = Ready;
20/10/17;07:21:01.916;INFO;Server;Command: ExecRobotTask (UnlatchRobGov,500000);
20/10/17;07:21:01.916;INFO;Controller;Executing asynchronous activity: ExecRobotTask;
20/10/17;07:21:01.916;INFO;Controller;Status = Executing: UnlatchRobGov;
20/10/17;07:21:01.917;INFO;Controller;State = Running;
20/10/17;07:21:02.698;INFO;Robot Runtime;executing:    UnlatchRobGov;
20/10/17;07:21:03.201;INFO;Controller;Activity ExecRobotTask ended. Return value: Done;
20/10/17;07:21:03.201;INFO;Controller;State = Ready;
20/10/17;07:23:18.378;INFO;Server;Command: ExecRobotTask (Initialize,500000);
20/10/17;07:23:18.379;INFO;Controller;Executing asynchronous activity: ExecRobotTask;
20/10/17;07:23:18.379;INFO;Controller;Status = Executing: Initialize;
20/10/17;07:23:18.379;INFO;Controller;State = Running;
20/10/17;07:23:19.267;INFO;Robot Runtime;executing:    Initialize;
20/10/17;07:23:19.917;INFO;Controller;Activity ExecRobotTask ended. Return value: Done;
20/10/17;07:23:19.917;INFO;Controller;State = Ready;
20/10/17;07:23:19.925;INFO;Server;Command: ExecRobotTask (LatchRobGov,500000);
20/10/17;07:23:19.925;INFO;Controller;Executing asynchronous activity: ExecRobotTask;
20/10/17;07:23:19.925;INFO;Controller;Status = Executing: LatchRobGov;
20/10/17;07:23:19.925;INFO;Controller;State = Running;
20/10/17;07:23:20.879;INFO;Robot Runtime;executing:    LatchRobGov;
20/10/17;07:23:21.838;INFO;Controller;Activity ExecRobotTask ended. Return value: Done;
20/10/17;07:23:21.838;INFO;Controller;State = Ready;
20/10/17;07:23:21.855;INFO;Server;Command: ExecRobotTask (CoolDown,500000);
20/10/17;07:23:21.855;INFO;Controller;Executing asynchronous activity: ExecRobotTask;
20/10/17;07:23:21.855;INFO;Controller;Status = Executing: CoolDown;
20/10/17;07:23:21.855;INFO;Controller;State = Running;
20/10/17;07:23:22.735;INFO;Robot Runtime;executing:    CoolDown;
20/10/17;07:23:23.237;INFO;Controller;Activity ExecRobotTask ended. Return value: Done;
20/10/17;07:23:23.237;INFO;Controller;State = Ready;
20/10/17;07:23:23.250;INFO;Server;Command: ExecRobotTask (TraceSample,500000);
20/10/17;07:23:23.250;INFO;Controller;Executing asynchronous activity: ExecRobotTask;
20/10/17;07:23:23.250;INFO;Controller;Status = Executing: TraceSample;
20/10/17;07:23:23.250;INFO;Controller;State = Running;
20/10/17;07:23:23.992;INFO;Robot Runtime;executing:    TraceSample;
20/10/17;07:23:26.294;INFO;Controller;Activity ExecRobotTask ended. Return value: Done True/False/False;
20/10/17;07:23:26.294;INFO;Controller;State = Ready;
20/10/17;07:23:26.310;INFO;Server;Command: ExecRobotTask (Unmount,500000);
20/10/17;07:23:26.310;INFO;Controller;Executing asynchronous activity: ExecRobotTask;
20/10/17;07:23:26.310;INFO;Controller;Status = Executing: Unmount;
20/10/17;07:23:26.310;INFO;Controller;State = Running;
20/10/17;07:23:27.060;INFO;Robot Runtime;executing:    Unmount;
20/10/17;07:23:34.158;INFO;Controller;Activity ExecRobotTask ended. Return value: Done False/True/False;
20/10/17;07:23:34.159;INFO;Controller;State = Ready;
20/10/17;07:23:34.176;INFO;Server;Command: ExecRobotTask (Unload,500000);
20/10/17;07:23:34.176;INFO;Controller;Executing asynchronous activity: ExecRobotTask;
20/10/17;07:23:34.176;INFO;Controller;Status = Executing: Unload;
20/10/17;07:23:34.176;INFO;Controller;State = Running;
20/10/17;07:23:35.050;INFO;Robot Runtime;executing:    Unload;
20/10/17;07:23:39.764;INFO;Controller;Activity ExecRobotTask ended. Return value: Done False/False/False;
20/10/17;07:23:39.764;INFO;Controller;State = Ready;
20/10/17;07:23:42.022;INFO;Server;Command: ExecRobotTask (Load,500000);
20/10/17;07:23:42.022;INFO;Controller;Executing asynchronous activity: ExecRobotTask;
20/10/17;07:23:42.022;INFO;Controller;Status = Executing: Load;
20/10/17;07:23:42.022;INFO;Controller;State = Running;
20/10/17;07:23:42.984;INFO;Robot Runtime;executing:    Load;
20/10/17;07:23:50.021;INFO;Controller;Activity ExecRobotTask ended. Return value: Done False/True/False;
20/10/17;07:23:50.021;INFO;Controller;State = Ready;
20/10/17;07:23:50.039;INFO;Server;Command: ExecRobotTask (Mount,500000);
20/10/17;07:23:50.040;INFO;Controller;Executing asynchronous activity: ExecRobotTask;
20/10/17;07:23:50.040;INFO;Controller;Status = Executing: Mount;
20/10/17;07:23:50.040;INFO;Controller;State = Running;
20/10/17;07:23:50.914;INFO;Robot Runtime;executing:    Mount;
20/10/17;07:23:58.249;INFO;Controller;Activity ExecRobotTask ended. Return value: Done True/False/False;
20/10/17;07:23:58.250;INFO;Controller;State = Ready;
20/10/17;07:23:58.269;INFO;Server;Command: ExecRobotTask (Park,500000);
20/10/17;07:23:58.269;INFO;Controller;Executing asynchronous activity: ExecRobotTask;
20/10/17;07:23:58.269;INFO;Controller;Status = Executing: Park;
20/10/17;07:23:58.269;INFO;Controller;State = Running;
20/10/17;07:23:59.017;INFO;Robot Runtime;executing:    Park;
20/10/17;07:24:02.526;INFO;Controller;Activity ExecRobotTask ended. Return value: Done;
20/10/17;07:24:02.526;INFO;Controller;State = Ready;
20/10/17;07:24:02.542;INFO;Server;Command: ExecRobotTask (UnlatchRobGov,500000);
20/10/17;07:24:02.542;INFO;Controller;Executing asynchronous activity: ExecRobotTask;
20/10/17;07:24:02.542;INFO;Controller;Status = Executing: UnlatchRobGov;
20/10/17;07:24:02.542;INFO;Controller;State = Running;
20/10/17;07:24:03.323;INFO;Robot Runtime;executing:    UnlatchRobGov;
20/10/17;07:24:03.495;INFO;Controller;Activity ExecRobotTask ended. Return value: Done;
20/10/17;07:24:03.495;INFO;Controller;State = Ready;
20/10/17;07:26:05.515;INFO;Server;Command: ExecRobotTask (Initialize,500000);
20/10/17;07:26:05.516;INFO;Controller;Executing asynchronous activity: ExecRobotTask;
20/10/17;07:26:05.516;INFO;Controller;Status = Executing: Initialize;
20/10/17;07:26:05.516;INFO;Controller;State = Running;
20/10/17;07:26:06.371;INFO;Robot Runtime;executing:    Initialize;
20/10/17;07:26:06.601;INFO;Controller;Activity ExecRobotTask ended. Return value: Done;
20/10/17;07:26:06.601;INFO;Controller;State = Ready;
20/10/17;07:26:06.619;INFO;Server;Command: ExecRobotTask (LatchRobGov,500000);
20/10/17;07:26:06.620;INFO;Controller;Executing asynchronous activity: ExecRobotTask;
20/10/17;07:26:06.620;INFO;Controller;Status = Executing: LatchRobGov;
20/10/17;07:26:06.620;INFO;Controller;State = Running;
20/10/17;07:26:07.572;INFO;Robot Runtime;executing:    LatchRobGov;
20/10/17;07:26:08.692;INFO;Controller;Activity ExecRobotTask ended. Return value: Done;
20/10/17;07:26:08.692;INFO;Controller;State = Ready;
20/10/17;07:26:08.712;INFO;Server;Command: ExecRobotTask (CoolDown,500000);
20/10/17;07:26:08.713;INFO;Controller;Executing asynchronous activity: ExecRobotTask;
20/10/17;07:26:08.713;INFO;Controller;Status = Executing: CoolDown;
20/10/17;07:26:08.713;INFO;Controller;State = Running;
20/10/17;07:26:09.582;INFO;Robot Runtime;executing:    CoolDown;
20/10/17;07:26:10.094;INFO;Controller;Activity ExecRobotTask ended. Return value: Done;
20/10/17;07:26:10.095;INFO;Controller;State = Ready;
20/10/17;07:26:10.108;INFO;Server;Command: ExecRobotTask (TraceSample,500000);
20/10/17;07:26:10.109;INFO;Controller;Executing asynchronous activity: ExecRobotTask;
20/10/17;07:26:10.109;INFO;Controller;Status = Executing: TraceSample;
20/10/17;07:26:10.109;INFO;Controller;State = Running;
20/10/17;07:26:10.851;INFO;Robot Runtime;executing:    TraceSample;
20/10/17;07:26:13.327;INFO;Controller;Activity ExecRobotTask ended. Return value: Done True/False/False;
20/10/17;07:26:13.327;INFO;Controller;State = Ready;
20/10/17;07:26:13.342;INFO;Server;Command: ExecRobotTask (Unmount,500000);
20/10/17;07:26:13.343;INFO;Controller;Executing asynchronous activity: ExecRobotTask;
20/10/17;07:26:13.343;INFO;Controller;Status = Executing: Unmount;
20/10/17;07:26:13.343;INFO;Controller;State = Running;
20/10/17;07:26:14.089;INFO;Robot Runtime;executing:    Unmount;
20/10/17;07:26:21.278;INFO;Controller;Activity ExecRobotTask ended. Return value: Done False/True/False;
20/10/17;07:26:21.278;INFO;Controller;State = Ready;
20/10/17;07:26:21.290;INFO;Server;Command: ExecRobotTask (Unload,500000);
20/10/17;07:26:21.290;INFO;Controller;Executing asynchronous activity: ExecRobotTask;
20/10/17;07:26:21.290;INFO;Controller;Status = Executing: Unload;
20/10/17;07:26:21.290;INFO;Controller;State = Running;
20/10/17;07:26:22.175;INFO;Robot Runtime;executing:    Unload;
20/10/17;07:26:26.907;INFO;Controller;Activity ExecRobotTask ended. Return value: Done False/False/False;
20/10/17;07:26:26.907;INFO;Controller;State = Ready;
20/10/17;07:26:29.171;INFO;Server;Command: ExecRobotTask (Load,500000);
20/10/17;07:26:29.172;INFO;Controller;Executing asynchronous activity: ExecRobotTask;
20/10/17;07:26:29.172;INFO;Controller;Status = Executing: Load;
20/10/17;07:26:29.172;INFO;Controller;State = Running;
20/10/17;07:26:30.113;INFO;Robot Runtime;executing:    Load;
20/10/17;07:26:36.723;INFO;Controller;Activity ExecRobotTask ended. Return value: Done False/True/False;
20/10/17;07:26:36.724;INFO;Controller;State = Ready;
20/10/17;07:26:36.736;INFO;Server;Command: ExecRobotTask (Mount,500000);
20/10/17;07:26:36.736;INFO;Controller;Executing asynchronous activity: ExecRobotTask;
20/10/17;07:26:36.737;INFO;Controller;Status = Executing: Mount;
20/10/17;07:26:36.737;INFO;Controller;State = Running;
20/10/17;07:26:37.597;INFO;Robot Runtime;executing:    Mount;
20/10/17;07:26:45.200;INFO;Controller;Activity ExecRobotTask ended. Return value: Done True/False/False;
20/10/17;07:26:45.201;INFO;Controller;State = Ready;
20/10/17;07:26:45.220;INFO;Server;Command: ExecRobotTask (Park,500000);
20/10/17;07:26:45.220;INFO;Controller;Executing asynchronous activity: ExecRobotTask;
20/10/17;07:26:45.220;INFO;Controller;Status = Executing: Park;
20/10/17;07:26:45.220;INFO;Controller;State = Running;
20/10/17;07:26:45.965;INFO;Robot Runtime;executing:    Park;
20/10/17;07:26:49.385;INFO;Controller;Activity ExecRobotTask ended. Return value: Done;
20/10/17;07:26:49.385;INFO;Controller;State = Ready;
20/10/17;07:26:49.404;INFO;Server;Command: ExecRobotTask (UnlatchRobGov,500000);
20/10/17;07:26:49.404;INFO;Controller;Executing asynchronous activity: ExecRobotTask;
20/10/17;07:26:49.404;INFO;Controller;Status = Executing: UnlatchRobGov;
20/10/17;07:26:49.404;INFO;Controller;State = Running;
20/10/17;07:26:50.188;INFO;Robot Runtime;executing:    UnlatchRobGov;
20/10/17;07:26:50.355;INFO;Controller;Activity ExecRobotTask ended. Return value: Done;
20/10/17;07:26:50.355;INFO;Controller;State = Ready;
20/10/17;07:29:24.152;INFO;Server;Command: ExecRobotTask (Initialize,500000);
20/10/17;07:29:24.154;INFO;Controller;Executing asynchronous activity: ExecRobotTask;
20/10/17;07:29:24.154;INFO;Controller;Status = Executing: Initialize;
20/10/17;07:29:24.154;INFO;Controller;State = Running;
20/10/17;07:29:25.006;INFO;Robot Runtime;executing:    Initialize;
20/10/17;07:29:25.510;INFO;Controller;Activity ExecRobotTask ended. Return value: Done;
20/10/17;07:29:25.511;INFO;Controller;State = Ready;
20/10/17;07:29:25.531;INFO;Server;Command: ExecRobotTask (LatchRobGov,500000);
20/10/17;07:29:25.531;INFO;Controller;Executing asynchronous activity: ExecRobotTask;
20/10/17;07:29:25.531;INFO;Controller;Status = Executing: LatchRobGov;
20/10/17;07:29:25.531;INFO;Controller;State = Running;
20/10/17;07:29:26.477;INFO;Robot Runtime;executing:    LatchRobGov;
20/10/17;07:29:27.425;INFO;Controller;Activity ExecRobotTask ended. Return value: Done;
20/10/17;07:29:27.425;INFO;Controller;State = Ready;
20/10/17;07:29:27.443;INFO;Server;Command: ExecRobotTask (CoolDown,500000);
20/10/17;07:29:27.444;INFO;Controller;Executing asynchronous activity: ExecRobotTask;
20/10/17;07:29:27.444;INFO;Controller;Status = Executing: CoolDown;
20/10/17;07:29:27.444;INFO;Controller;State = Running;
20/10/17;07:29:28.319;INFO;Robot Runtime;executing:    CoolDown;
20/10/17;07:29:28.825;INFO;Controller;Activity ExecRobotTask ended. Return value: Done;
20/10/17;07:29:28.825;INFO;Controller;State = Ready;
20/10/17;07:29:28.841;INFO;Server;Command: ExecRobotTask (TraceSample,500000);
20/10/17;07:29:28.841;INFO;Controller;Executing asynchronous activity: ExecRobotTask;
20/10/17;07:29:28.841;INFO;Controller;Status = Executing: TraceSample;
20/10/17;07:29:28.841;INFO;Controller;State = Running;
20/10/17;07:29:29.586;INFO;Robot Runtime;executing:    TraceSample;
20/10/17;07:29:31.890;INFO;Controller;Activity ExecRobotTask ended. Return value: Done True/False/False;
20/10/17;07:29:31.891;INFO;Controller;State = Ready;
20/10/17;07:29:31.910;INFO;Server;Command: ExecRobotTask (Unmount,500000);
20/10/17;07:29:31.910;INFO;Controller;Executing asynchronous activity: ExecRobotTask;
20/10/17;07:29:31.910;INFO;Controller;Status = Executing: Unmount;
20/10/17;07:29:31.910;INFO;Controller;State = Running;
20/10/17;07:29:32.657;INFO;Robot Runtime;executing:    Unmount;
20/10/17;07:29:40.283;INFO;Controller;Activity ExecRobotTask ended. Return value: Done False/True/False;
20/10/17;07:29:40.284;INFO;Controller;State = Ready;
20/10/17;07:29:40.306;INFO;Server;Command: ExecRobotTask (Unload,500000);
20/10/17;07:29:40.306;INFO;Controller;Executing asynchronous activity: ExecRobotTask;
20/10/17;07:29:40.306;INFO;Controller;Status = Executing: Unload;
20/10/17;07:29:40.306;INFO;Controller;State = Running;
20/10/17;07:29:41.194;INFO;Robot Runtime;executing:    Unload;
20/10/17;07:29:45.903;INFO;Controller;Activity ExecRobotTask ended. Return value: Done False/False/False;
20/10/17;07:29:45.903;INFO;Controller;State = Ready;
20/10/17;07:29:48.158;INFO;Server;Command: ExecRobotTask (Load,500000);
20/10/17;07:29:48.159;INFO;Controller;Executing asynchronous activity: ExecRobotTask;
20/10/17;07:29:48.159;INFO;Controller;Status = Executing: Load;
20/10/17;07:29:48.159;INFO;Controller;State = Running;
20/10/17;07:29:49.099;INFO;Robot Runtime;executing:    Load;
20/10/17;07:29:55.720;INFO;Controller;Activity ExecRobotTask ended. Return value: Done False/True/False;
20/10/17;07:29:55.721;INFO;Controller;State = Ready;
20/10/17;07:29:55.734;INFO;Server;Command: ExecRobotTask (Mount,500000);
20/10/17;07:29:55.735;INFO;Controller;Executing asynchronous activity: ExecRobotTask;
20/10/17;07:29:55.735;INFO;Controller;Status = Executing: Mount;
20/10/17;07:29:55.735;INFO;Controller;State = Running;
20/10/17;07:29:56.596;INFO;Robot Runtime;executing:    Mount;
20/10/17;07:30:04.848;INFO;Controller;Activity ExecRobotTask ended. Return value: Done True/False/False;
20/10/17;07:30:04.848;INFO;Controller;State = Ready;
20/10/17;07:30:04.865;INFO;Server;Command: ExecRobotTask (Park,500000);
20/10/17;07:30:04.865;INFO;Controller;Executing asynchronous activity: ExecRobotTask;
20/10/17;07:30:04.865;INFO;Controller;Status = Executing: Park;
20/10/17;07:30:04.865;INFO;Controller;State = Running;
20/10/17;07:30:05.611;INFO;Robot Runtime;executing:    Park;
20/10/17;07:30:08.864;INFO;Controller;Activity ExecRobotTask ended. Return value: Done;
20/10/17;07:30:08.864;INFO;Controller;State = Ready;
20/10/17;07:30:08.879;INFO;Server;Command: ExecRobotTask (UnlatchRobGov,500000);
20/10/17;07:30:08.879;INFO;Controller;Executing asynchronous activity: ExecRobotTask;
20/10/17;07:30:08.879;INFO;Controller;Status = Executing: UnlatchRobGov;
20/10/17;07:30:08.879;INFO;Controller;State = Running;
20/10/17;07:30:09.671;INFO;Robot Runtime;executing:    UnlatchRobGov;
20/10/17;07:30:09.821;INFO;Controller;Activity ExecRobotTask ended. Return value: Done;
20/10/17;07:30:09.821;INFO;Controller;State = Ready;
20/10/17;07:32:01.355;INFO;Server;Command: ExecRobotTask (Initialize,500000);
20/10/17;07:32:01.356;INFO;Controller;Executing asynchronous activity: ExecRobotTask;
20/10/17;07:32:01.356;INFO;Controller;Status = Executing: Initialize;
20/10/17;07:32:01.356;INFO;Controller;State = Running;
20/10/17;07:32:02.211;INFO;Robot Runtime;executing:    Initialize;
20/10/17;07:32:02.717;INFO;Controller;Activity ExecRobotTask ended. Return value: Done;
20/10/17;07:32:02.718;INFO;Controller;State = Ready;
20/10/17;07:32:02.734;INFO;Server;Command: ExecRobotTask (LatchRobGov,500000);
20/10/17;07:32:02.735;INFO;Controller;Executing asynchronous activity: ExecRobotTask;
20/10/17;07:32:02.735;INFO;Controller;Status = Executing: LatchRobGov;
20/10/17;07:32:02.735;INFO;Controller;State = Running;
20/10/17;07:32:03.686;INFO;Robot Runtime;executing:    LatchRobGov;
20/10/17;07:32:04.470;INFO;Controller;Activity ExecRobotTask ended. Return value: Done;
20/10/17;07:32:04.470;INFO;Controller;State = Ready;
20/10/17;07:32:04.487;INFO;Server;Command: ExecRobotTask (CoolDown,500000);
20/10/17;07:32:04.487;INFO;Controller;Executing asynchronous activity: ExecRobotTask;
20/10/17;07:32:04.487;INFO;Controller;Status = Executing: CoolDown;
20/10/17;07:32:04.487;INFO;Controller;State = Running;
20/10/17;07:32:05.371;INFO;Robot Runtime;executing:    CoolDown;
20/10/17;07:32:05.780;INFO;Controller;Activity ExecRobotTask ended. Return value: Done;
20/10/17;07:32:05.780;INFO;Controller;State = Ready;
20/10/17;07:32:05.794;INFO;Server;Command: ExecRobotTask (TraceSample,500000);
20/10/17;07:32:05.794;INFO;Controller;Executing asynchronous activity: ExecRobotTask;
20/10/17;07:32:05.795;INFO;Controller;Status = Executing: TraceSample;
20/10/17;07:32:05.795;INFO;Controller;State = Running;
20/10/17;07:32:06.532;INFO;Robot Runtime;executing:    TraceSample;
20/10/17;07:32:09.013;INFO;Controller;Activity ExecRobotTask ended. Return value: Done True/False/False;
20/10/17;07:32:09.013;INFO;Controller;State = Ready;
20/10/17;07:32:09.030;INFO;Server;Command: ExecRobotTask (Unmount,500000);
20/10/17;07:32:09.031;INFO;Controller;Executing asynchronous activity: ExecRobotTask;
20/10/17;07:32:09.031;INFO;Controller;Status = Executing: Unmount;
20/10/17;07:32:09.031;INFO;Controller;State = Running;
20/10/17;07:32:09.783;INFO;Robot Runtime;executing:    Unmount;
20/10/17;07:32:17.994;INFO;Controller;Activity ExecRobotTask ended. Return value: Done False/True/False;
20/10/17;07:32:17.994;INFO;Controller;State = Ready;
20/10/17;07:32:18.010;INFO;Server;Command: ExecRobotTask (Unload,500000);
20/10/17;07:32:18.010;INFO;Controller;Executing asynchronous activity: ExecRobotTask;
20/10/17;07:32:18.010;INFO;Controller;Status = Executing: Unload;
20/10/17;07:32:18.010;INFO;Controller;State = Running;
20/10/17;07:32:18.894;INFO;Robot Runtime;executing:    Unload;
20/10/17;07:32:23.616;INFO;Controller;Activity ExecRobotTask ended. Return value: Done False/False/False;
20/10/17;07:32:23.616;INFO;Controller;State = Ready;
20/10/17;07:32:25.908;INFO;Server;Command: ExecRobotTask (Load,500000);
20/10/17;07:32:25.909;INFO;Controller;Executing asynchronous activity: ExecRobotTask;
20/10/17;07:32:25.909;INFO;Controller;Status = Executing: Load;
20/10/17;07:32:25.909;INFO;Controller;State = Running;
20/10/17;07:32:26.838;INFO;Robot Runtime;executing:    Load;
20/10/17;07:32:33.890;INFO;Controller;Activity ExecRobotTask ended. Return value: Done False/True/False;
20/10/17;07:32:33.891;INFO;Controller;State = Ready;
20/10/17;07:32:33.910;INFO;Server;Command: ExecRobotTask (Mount,500000);
20/10/17;07:32:33.910;INFO;Controller;Executing asynchronous activity: ExecRobotTask;
20/10/17;07:32:33.910;INFO;Controller;Status = Executing: Mount;
20/10/17;07:32:33.910;INFO;Controller;State = Running;
20/10/17;07:32:34.789;INFO;Robot Runtime;executing:    Mount;
20/10/17;07:32:43.151;INFO;Controller;Activity ExecRobotTask ended. Return value: Done True/False/False;
20/10/17;07:32:43.152;INFO;Controller;State = Ready;
20/10/17;07:32:43.172;INFO;Server;Command: ExecRobotTask (Park,500000);
20/10/17;07:32:43.172;INFO;Controller;Executing asynchronous activity: ExecRobotTask;
20/10/17;07:32:43.172;INFO;Controller;Status = Executing: Park;
20/10/17;07:32:43.172;INFO;Controller;State = Running;
20/10/17;07:32:43.922;INFO;Robot Runtime;executing:    Park;
20/10/17;07:32:47.173;INFO;Controller;Activity ExecRobotTask ended. Return value: Done;
20/10/17;07:32:47.173;INFO;Controller;State = Ready;
20/10/17;07:32:47.196;INFO;Server;Command: ExecRobotTask (UnlatchRobGov,500000);
20/10/17;07:32:47.197;INFO;Controller;Executing asynchronous activity: ExecRobotTask;
20/10/17;07:32:47.197;INFO;Controller;Status = Executing: UnlatchRobGov;
20/10/17;07:32:47.197;INFO;Controller;State = Running;
20/10/17;07:32:47.985;INFO;Robot Runtime;executing:    UnlatchRobGov;
20/10/17;07:32:48.143;INFO;Controller;Activity ExecRobotTask ended. Return value: Done;
20/10/17;07:32:48.143;INFO;Controller;State = Ready;
20/10/17;07:35:23.965;INFO;Server;Command: ExecRobotTask (Initialize,500000);
20/10/17;07:35:23.967;INFO;Controller;Executing asynchronous activity: ExecRobotTask;
20/10/17;07:35:23.967;INFO;Controller;Status = Executing: Initialize;
20/10/17;07:35:23.967;INFO;Controller;State = Running;
20/10/17;07:35:24.827;INFO;Robot Runtime;executing:    Initialize;
20/10/17;07:35:25.380;INFO;Controller;Activity ExecRobotTask ended. Return value: Done;
20/10/17;07:35:25.380;INFO;Controller;State = Ready;
20/10/17;07:35:25.398;INFO;Server;Command: ExecRobotTask (LatchRobGov,500000);
20/10/17;07:35:25.398;INFO;Controller;Executing asynchronous activity: ExecRobotTask;
20/10/17;07:35:25.398;INFO;Controller;Status = Executing: LatchRobGov;
20/10/17;07:35:25.398;INFO;Controller;State = Running;
20/10/17;07:35:26.338;INFO;Robot Runtime;executing:    LatchRobGov;
20/10/17;07:35:28.575;INFO;Controller;Activity ExecRobotTask ended. Return value: Done;
20/10/17;07:35:28.575;INFO;Controller;State = Ready;
20/10/17;07:35:28.595;INFO;Server;Command: ExecRobotTask (CoolDown,500000);
20/10/17;07:35:28.595;INFO;Controller;Executing asynchronous activity: ExecRobotTask;
20/10/17;07:35:28.595;INFO;Controller;Status = Executing: CoolDown;
20/10/17;07:35:28.595;INFO;Controller;State = Running;
20/10/17;07:35:29.472;INFO;Robot Runtime;executing:    CoolDown;
20/10/17;07:35:29.977;INFO;Controller;Activity ExecRobotTask ended. Return value: Done;
20/10/17;07:35:29.977;INFO;Controller;State = Ready;
20/10/17;07:35:29.995;INFO;Server;Command: ExecRobotTask (TraceSample,500000);
20/10/17;07:35:29.995;INFO;Controller;Executing asynchronous activity: ExecRobotTask;
20/10/17;07:35:29.995;INFO;Controller;Status = Executing: TraceSample;
20/10/17;07:35:29.995;INFO;Controller;State = Running;
20/10/17;07:35:30.734;INFO;Robot Runtime;executing:    TraceSample;
20/10/17;07:35:33.029;INFO;Controller;Activity ExecRobotTask ended. Return value: Done True/False/False;
20/10/17;07:35:33.030;INFO;Controller;State = Ready;
20/10/17;07:35:33.051;INFO;Server;Command: ExecRobotTask (Unmount,500000);
20/10/17;07:35:33.051;INFO;Controller;Executing asynchronous activity: ExecRobotTask;
20/10/17;07:35:33.051;INFO;Controller;Status = Executing: Unmount;
20/10/17;07:35:33.051;INFO;Controller;State = Running;
20/10/17;07:35:33.803;INFO;Robot Runtime;executing:    Unmount;
20/10/17;07:35:41.428;INFO;Controller;Activity ExecRobotTask ended. Return value: Done False/True/False;
20/10/17;07:35:41.428;INFO;Controller;State = Ready;
20/10/17;07:35:41.447;INFO;Server;Command: ExecRobotTask (Unload,500000);
20/10/17;07:35:41.447;INFO;Controller;Executing asynchronous activity: ExecRobotTask;
20/10/17;07:35:41.448;INFO;Controller;Status = Executing: Unload;
20/10/17;07:35:41.448;INFO;Controller;State = Running;
20/10/17;07:35:42.342;INFO;Robot Runtime;executing:    Unload;
20/10/17;07:35:47.059;INFO;Controller;Activity ExecRobotTask ended. Return value: Done False/False/False;
20/10/17;07:35:47.060;INFO;Controller;State = Ready;
20/10/17;07:35:49.318;INFO;Server;Command: ExecRobotTask (Load,500000);
20/10/17;07:35:49.318;INFO;Controller;Executing asynchronous activity: ExecRobotTask;
20/10/17;07:35:49.318;INFO;Controller;Status = Executing: Load;
20/10/17;07:35:49.318;INFO;Controller;State = Running;
20/10/17;07:35:50.244;INFO;Robot Runtime;executing:    Load;
20/10/17;07:35:56.886;INFO;Controller;Activity ExecRobotTask ended. Return value: Done False/True/False;
20/10/17;07:35:56.887;INFO;Controller;State = Ready;
20/10/17;07:35:56.912;INFO;Server;Command: ExecRobotTask (Mount,500000);
20/10/17;07:35:56.912;INFO;Controller;Executing asynchronous activity: ExecRobotTask;
20/10/17;07:35:56.912;INFO;Controller;Status = Executing: Mount;
20/10/17;07:35:56.912;INFO;Controller;State = Running;
20/10/17;07:35:57.780;INFO;Robot Runtime;executing:    Mount;
20/10/17;07:36:05.524;INFO;Controller;Activity ExecRobotTask ended. Return value: Done True/False/False;
20/10/17;07:36:05.524;INFO;Controller;State = Ready;
20/10/17;07:36:05.540;INFO;Server;Command: ExecRobotTask (Park,500000);
20/10/17;07:36:05.540;INFO;Controller;Executing asynchronous activity: ExecRobotTask;
20/10/17;07:36:05.540;INFO;Controller;Status = Executing: Park;
20/10/17;07:36:05.540;INFO;Controller;State = Running;
20/10/17;07:36:06.285;INFO;Robot Runtime;executing:    Park;
20/10/17;07:36:09.785;INFO;Controller;Activity ExecRobotTask ended. Return value: Done;
20/10/17;07:36:09.785;INFO;Controller;State = Ready;
20/10/17;07:36:09.809;INFO;Server;Command: ExecRobotTask (UnlatchRobGov,500000);
20/10/17;07:36:09.809;INFO;Controller;Executing asynchronous activity: ExecRobotTask;
20/10/17;07:36:09.809;INFO;Controller;Status = Executing: UnlatchRobGov;
20/10/17;07:36:09.809;INFO;Controller;State = Running;
20/10/17;07:36:10.592;INFO;Robot Runtime;executing:    UnlatchRobGov;
20/10/17;07:36:10.750;INFO;Controller;Activity ExecRobotTask ended. Return value: Done;
20/10/17;07:36:10.751;INFO;Controller;State = Ready;
20/10/17;07:41:22.987;INFO;Server;Command: ExecRobotTask (Initialize,500000);
20/10/17;07:41:22.987;INFO;Controller;Executing asynchronous activity: ExecRobotTask;
20/10/17;07:41:22.988;INFO;Controller;Status = Executing: Initialize;
20/10/17;07:41:22.988;INFO;Controller;State = Running;
20/10/17;07:41:23.850;INFO;Robot Runtime;executing:    Initialize;
20/10/17;07:41:24.385;INFO;Controller;Activity ExecRobotTask ended. Return value: Done;
20/10/17;07:41:24.385;INFO;Controller;State = Ready;
20/10/17;07:41:24.410;INFO;Server;Command: ExecRobotTask (LatchRobGov,500000);
20/10/17;07:41:24.410;INFO;Controller;Executing asynchronous activity: ExecRobotTask;
20/10/17;07:41:24.410;INFO;Controller;Status = Executing: LatchRobGov;
20/10/17;07:41:24.410;INFO;Controller;State = Running;
20/10/17;07:41:25.344;INFO;Robot Runtime;executing:    LatchRobGov;
20/10/17;07:41:28.610;INFO;Controller;Activity ExecRobotTask ended. Return value: Done;
20/10/17;07:41:28.611;INFO;Controller;State = Ready;
20/10/17;07:41:28.628;INFO;Server;Command: ExecRobotTask (CoolDown,500000);
20/10/17;07:41:28.628;INFO;Controller;Executing asynchronous activity: ExecRobotTask;
20/10/17;07:41:28.628;INFO;Controller;Status = Executing: CoolDown;
20/10/17;07:41:28.628;INFO;Controller;State = Running;
20/10/17;07:41:29.504;INFO;Robot Runtime;executing:    CoolDown;
20/10/17;07:41:30.015;INFO;Controller;Activity ExecRobotTask ended. Return value: Done;
20/10/17;07:41:30.015;INFO;Controller;State = Ready;
20/10/17;07:41:30.040;INFO;Server;Command: ExecRobotTask (TraceSample,500000);
20/10/17;07:41:30.040;INFO;Controller;Executing asynchronous activity: ExecRobotTask;
20/10/17;07:41:30.040;INFO;Controller;Status = Executing: TraceSample;
20/10/17;07:41:30.040;INFO;Controller;State = Running;
20/10/17;07:41:30.781;INFO;Robot Runtime;executing:    TraceSample;
20/10/17;07:41:33.075;INFO;Controller;Activity ExecRobotTask ended. Return value: Done True/False/False;
20/10/17;07:41:33.075;INFO;Controller;State = Ready;
20/10/17;07:41:33.098;INFO;Server;Command: ExecRobotTask (Unmount,500000);
20/10/17;07:41:33.098;INFO;Controller;Executing asynchronous activity: ExecRobotTask;
20/10/17;07:41:33.098;INFO;Controller;Status = Executing: Unmount;
20/10/17;07:41:33.098;INFO;Controller;State = Running;
20/10/17;07:41:33.842;INFO;Robot Runtime;executing:    Unmount;
20/10/17;07:41:41.454;INFO;Controller;Activity ExecRobotTask ended. Return value: Done False/True/False;
20/10/17;07:41:41.455;INFO;Controller;State = Ready;
20/10/17;07:41:41.477;INFO;Server;Command: ExecRobotTask (Unload,500000);
20/10/17;07:41:41.477;INFO;Controller;Executing asynchronous activity: ExecRobotTask;
20/10/17;07:41:41.477;INFO;Controller;Status = Executing: Unload;
20/10/17;07:41:41.477;INFO;Controller;State = Running;
20/10/17;07:41:42.363;INFO;Robot Runtime;executing:    Unload;
20/10/17;07:41:47.100;INFO;Controller;Activity ExecRobotTask ended. Return value: Done False/False/False;
20/10/17;07:41:47.101;INFO;Controller;State = Ready;
20/10/17;07:41:49.360;INFO;Server;Command: ExecRobotTask (Load,500000);
20/10/17;07:41:49.360;INFO;Controller;Executing asynchronous activity: ExecRobotTask;
20/10/17;07:41:49.360;INFO;Controller;Status = Executing: Load;
20/10/17;07:41:49.360;INFO;Controller;State = Running;
20/10/17;07:41:50.304;INFO;Robot Runtime;executing:    Load;
20/10/17;07:41:57.339;INFO;Controller;Activity ExecRobotTask ended. Return value: Done False/True/False;
20/10/17;07:41:57.339;INFO;Controller;State = Ready;
20/10/17;07:41:57.356;INFO;Server;Command: ExecRobotTask (Mount,500000);
20/10/17;07:41:57.356;INFO;Controller;Executing asynchronous activity: ExecRobotTask;
20/10/17;07:41:57.356;INFO;Controller;Status = Executing: Mount;
20/10/17;07:41:57.357;INFO;Controller;State = Running;
20/10/17;07:41:58.214;INFO;Robot Runtime;executing:    Mount;
20/10/17;07:42:05.559;INFO;Controller;Activity ExecRobotTask ended. Return value: Done True/False/False;
20/10/17;07:42:05.559;INFO;Controller;State = Ready;
20/10/17;07:42:05.583;INFO;Server;Command: ExecRobotTask (Park,500000);
20/10/17;07:42:05.583;INFO;Controller;Executing asynchronous activity: ExecRobotTask;
20/10/17;07:42:05.583;INFO;Controller;Status = Executing: Park;
20/10/17;07:42:05.583;INFO;Controller;State = Running;
20/10/17;07:42:06.330;INFO;Robot Runtime;executing:    Park;
20/10/17;07:42:09.401;INFO;Controller;Activity ExecRobotTask ended. Return value: Done;
20/10/17;07:42:09.401;INFO;Controller;State = Ready;
20/10/17;07:42:09.418;INFO;Server;Command: ExecRobotTask (UnlatchRobGov,500000);
20/10/17;07:42:09.418;INFO;Controller;Executing asynchronous activity: ExecRobotTask;
20/10/17;07:42:09.418;INFO;Controller;Status = Executing: UnlatchRobGov;
20/10/17;07:42:09.418;INFO;Controller;State = Running;
20/10/17;07:42:10.200;INFO;Robot Runtime;executing:    UnlatchRobGov;
20/10/17;07:42:10.703;INFO;Controller;Activity ExecRobotTask ended. Return value: Done;
20/10/17;07:42:10.703;INFO;Controller;State = Ready;
20/10/17;07:44:39.516;INFO;Server;Command: ExecRobotTask (Initialize,500000);
20/10/17;07:44:39.517;INFO;Controller;Executing asynchronous activity: ExecRobotTask;
20/10/17;07:44:39.517;INFO;Controller;Status = Executing: Initialize;
20/10/17;07:44:39.517;INFO;Controller;State = Running;
20/10/17;07:44:40.382;INFO;Robot Runtime;executing:    Initialize;
20/10/17;07:44:40.955;INFO;Controller;Activity ExecRobotTask ended. Return value: Done;
20/10/17;07:44:40.956;INFO;Controller;State = Ready;
20/10/17;07:44:40.978;INFO;Server;Command: ExecRobotTask (LatchRobGov,500000);
20/10/17;07:44:40.978;INFO;Controller;Executing asynchronous activity: ExecRobotTask;
20/10/17;07:44:40.978;INFO;Controller;Status = Executing: LatchRobGov;
20/10/17;07:44:40.978;INFO;Controller;State = Running;
20/10/17;07:44:41.933;INFO;Robot Runtime;executing:    LatchRobGov;
20/10/17;07:44:43.132;INFO;Controller;Activity ExecRobotTask ended. Return value: Done;
20/10/17;07:44:43.133;INFO;Controller;State = Ready;
20/10/17;07:44:43.158;INFO;Server;Command: ExecRobotTask (CoolDown,500000);
20/10/17;07:44:43.158;INFO;Controller;Executing asynchronous activity: ExecRobotTask;
20/10/17;07:44:43.158;INFO;Controller;Status = Executing: CoolDown;
20/10/17;07:44:43.158;INFO;Controller;State = Running;
20/10/17;07:44:44.024;INFO;Robot Runtime;executing:    CoolDown;
20/10/17;07:44:44.530;INFO;Controller;Activity ExecRobotTask ended. Return value: Done;
20/10/17;07:44:44.530;INFO;Controller;State = Ready;
20/10/17;07:44:44.551;INFO;Server;Command: ExecRobotTask (TraceSample,500000);
20/10/17;07:44:44.551;INFO;Controller;Executing asynchronous activity: ExecRobotTask;
20/10/17;07:44:44.551;INFO;Controller;Status = Executing: TraceSample;
20/10/17;07:44:44.551;INFO;Controller;State = Running;
20/10/17;07:44:45.295;INFO;Robot Runtime;executing:    TraceSample;
20/10/17;07:44:47.590;INFO;Controller;Activity ExecRobotTask ended. Return value: Done True/False/False;
20/10/17;07:44:47.590;INFO;Controller;State = Ready;
20/10/17;07:44:47.612;INFO;Server;Command: ExecRobotTask (Unmount,500000);
20/10/17;07:44:47.612;INFO;Controller;Executing asynchronous activity: ExecRobotTask;
20/10/17;07:44:47.612;INFO;Controller;Status = Executing: Unmount;
20/10/17;07:44:47.612;INFO;Controller;State = Running;
20/10/17;07:44:48.358;INFO;Robot Runtime;executing:    Unmount;
20/10/17;07:44:56.227;INFO;Controller;Activity ExecRobotTask ended. Return value: Done False/True/False;
20/10/17;07:44:56.227;INFO;Controller;State = Ready;
20/10/17;07:44:56.253;INFO;Server;Command: ExecRobotTask (Unload,500000);
20/10/17;07:44:56.253;INFO;Controller;Executing asynchronous activity: ExecRobotTask;
20/10/17;07:44:56.254;INFO;Controller;Status = Executing: Unload;
20/10/17;07:44:56.254;INFO;Controller;State = Running;
20/10/17;07:44:57.137;INFO;Robot Runtime;executing:    Unload;
20/10/17;07:45:01.851;INFO;Controller;Activity ExecRobotTask ended. Return value: Done False/False/False;
20/10/17;07:45:01.851;INFO;Controller;State = Ready;
20/10/17;07:45:04.116;INFO;Server;Command: ExecRobotTask (Load,500000);
20/10/17;07:45:04.116;INFO;Controller;Executing asynchronous activity: ExecRobotTask;
20/10/17;07:45:04.117;INFO;Controller;Status = Executing: Load;
20/10/17;07:45:04.117;INFO;Controller;State = Running;
20/10/17;07:45:05.045;INFO;Robot Runtime;executing:    Load;
20/10/17;07:45:12.104;INFO;Controller;Activity ExecRobotTask ended. Return value: Done False/True/False;
20/10/17;07:45:12.104;INFO;Controller;State = Ready;
20/10/17;07:45:12.122;INFO;Server;Command: ExecRobotTask (Mount,500000);
20/10/17;07:45:12.123;INFO;Controller;Executing asynchronous activity: ExecRobotTask;
20/10/17;07:45:12.123;INFO;Controller;Status = Executing: Mount;
20/10/17;07:45:12.123;INFO;Controller;State = Running;
20/10/17;07:45:12.994;INFO;Robot Runtime;executing:    Mount;
20/10/17;07:45:20.840;INFO;Controller;Activity ExecRobotTask ended. Return value: Done True/False/False;
20/10/17;07:45:20.841;INFO;Controller;State = Ready;
20/10/17;07:45:20.865;INFO;Server;Command: ExecRobotTask (Park,500000);
20/10/17;07:45:20.865;INFO;Controller;Executing asynchronous activity: ExecRobotTask;
20/10/17;07:45:20.865;INFO;Controller;Status = Executing: Park;
20/10/17;07:45:20.865;INFO;Controller;State = Running;
20/10/17;07:45:21.621;INFO;Robot Runtime;executing:    Park;
20/10/17;07:45:24.857;INFO;Controller;Activity ExecRobotTask ended. Return value: Done;
20/10/17;07:45:24.857;INFO;Controller;State = Ready;
20/10/17;07:45:24.884;INFO;Server;Command: ExecRobotTask (UnlatchRobGov,500000);
20/10/17;07:45:24.884;INFO;Controller;Executing asynchronous activity: ExecRobotTask;
20/10/17;07:45:24.884;INFO;Controller;Status = Executing: UnlatchRobGov;
20/10/17;07:45:24.884;INFO;Controller;State = Running;
20/10/17;07:45:25.676;INFO;Robot Runtime;executing:    UnlatchRobGov;
20/10/17;07:45:25.821;INFO;Controller;Activity ExecRobotTask ended. Return value: Done;
20/10/17;07:45:25.821;INFO;Controller;State = Ready;
20/10/17;07:47:49.000;INFO;Server;Command: ExecRobotTask (Initialize,500000);
20/10/17;07:47:49.002;INFO;Controller;Executing asynchronous activity: ExecRobotTask;
20/10/17;07:47:49.002;INFO;Controller;Status = Executing: Initialize;
20/10/17;07:47:49.002;INFO;Controller;State = Running;
20/10/17;07:47:49.916;INFO;Robot Runtime;executing:    Initialize;
20/10/17;07:47:50.449;INFO;Controller;Activity ExecRobotTask ended. Return value: Done;
20/10/17;07:47:50.449;INFO;Controller;State = Ready;
20/10/17;07:47:50.470;INFO;Server;Command: ExecRobotTask (LatchRobGov,500000);
20/10/17;07:47:50.471;INFO;Controller;Executing asynchronous activity: ExecRobotTask;
20/10/17;07:47:50.471;INFO;Controller;Status = Executing: LatchRobGov;
20/10/17;07:47:50.471;INFO;Controller;State = Running;
20/10/17;07:47:51.391;INFO;Robot Runtime;executing:    LatchRobGov;
20/10/17;07:47:52.374;INFO;Controller;Activity ExecRobotTask ended. Return value: Done;
20/10/17;07:47:52.374;INFO;Controller;State = Ready;
20/10/17;07:47:52.404;INFO;Server;Command: ExecRobotTask (CoolDown,500000);
20/10/17;07:47:52.404;INFO;Controller;Executing asynchronous activity: ExecRobotTask;
20/10/17;07:47:52.404;INFO;Controller;Status = Executing: CoolDown;
20/10/17;07:47:52.404;INFO;Controller;State = Running;
20/10/17;07:47:53.246;INFO;Robot Runtime;executing:    CoolDown;
20/10/17;07:47:53.770;INFO;Controller;Activity ExecRobotTask ended. Return value: Done;
20/10/17;07:47:53.771;INFO;Controller;State = Ready;
20/10/17;07:47:53.794;INFO;Server;Command: ExecRobotTask (TraceSample,500000);
20/10/17;07:47:53.794;INFO;Controller;Executing asynchronous activity: ExecRobotTask;
20/10/17;07:47:53.794;INFO;Controller;Status = Executing: TraceSample;
20/10/17;07:47:53.794;INFO;Controller;State = Running;
20/10/17;07:47:54.538;INFO;Robot Runtime;executing:    TraceSample;
20/10/17;07:47:56.829;INFO;Controller;Activity ExecRobotTask ended. Return value: Done True/False/False;
20/10/17;07:47:56.829;INFO;Controller;State = Ready;
20/10/17;07:47:56.855;INFO;Server;Command: ExecRobotTask (Unmount,500000);
20/10/17;07:47:56.855;INFO;Controller;Executing asynchronous activity: ExecRobotTask;
20/10/17;07:47:56.855;INFO;Controller;Status = Executing: Unmount;
20/10/17;07:47:56.855;INFO;Controller;State = Running;
20/10/17;07:47:57.601;INFO;Robot Runtime;executing:    Unmount;
20/10/17;07:48:04.697;INFO;Controller;Activity ExecRobotTask ended. Return value: Done False/True/False;
20/10/17;07:48:04.697;INFO;Controller;State = Ready;
20/10/17;07:48:04.732;INFO;Server;Command: ExecRobotTask (Unload,500000);
20/10/17;07:48:04.732;INFO;Controller;Executing asynchronous activity: ExecRobotTask;
20/10/17;07:48:04.732;INFO;Controller;Status = Executing: Unload;
20/10/17;07:48:04.732;INFO;Controller;State = Running;
20/10/17;07:48:05.687;INFO;Robot Runtime;executing:    Unload;
20/10/17;07:48:10.173;INFO;Controller;Activity ExecRobotTask ended. Return value: Done False/False/False;
20/10/17;07:48:10.174;INFO;Controller;State = Ready;
20/10/17;07:48:12.443;INFO;Server;Command: ExecRobotTask (Load,500000);
20/10/17;07:48:12.443;INFO;Controller;Executing asynchronous activity: ExecRobotTask;
20/10/17;07:48:12.443;INFO;Controller;Status = Executing: Load;
20/10/17;07:48:12.443;INFO;Controller;State = Running;
20/10/17;07:48:13.363;INFO;Robot Runtime;executing:    Load;
20/10/17;07:48:20.330;INFO;Controller;Activity ExecRobotTask ended. Return value: Done False/True/False;
20/10/17;07:48:20.331;INFO;Controller;State = Ready;
20/10/17;07:48:20.360;INFO;Server;Command: ExecRobotTask (Mount,500000);
20/10/17;07:48:20.360;INFO;Controller;Executing asynchronous activity: ExecRobotTask;
20/10/17;07:48:20.360;INFO;Controller;Status = Executing: Mount;
20/10/17;07:48:20.360;INFO;Controller;State = Running;
20/10/17;07:48:21.203;INFO;Robot Runtime;executing:    Mount;
20/10/17;07:48:28.311;INFO;Controller;Activity ExecRobotTask ended. Return value: Done True/False/False;
20/10/17;07:48:28.312;INFO;Controller;State = Ready;
20/10/17;07:48:28.340;INFO;Server;Command: ExecRobotTask (Park,500000);
20/10/17;07:48:28.340;INFO;Controller;Executing asynchronous activity: ExecRobotTask;
20/10/17;07:48:28.341;INFO;Controller;Status = Executing: Park;
20/10/17;07:48:28.341;INFO;Controller;State = Running;
20/10/17;07:48:29.096;INFO;Robot Runtime;executing:    Park;
20/10/17;07:48:32.347;INFO;Controller;Activity ExecRobotTask ended. Return value: Done;
20/10/17;07:48:32.347;INFO;Controller;State = Ready;
20/10/17;07:48:32.370;INFO;Server;Command: ExecRobotTask (UnlatchRobGov,500000);
20/10/17;07:48:32.370;INFO;Controller;Executing asynchronous activity: ExecRobotTask;
20/10/17;07:48:32.370;INFO;Controller;Status = Executing: UnlatchRobGov;
20/10/17;07:48:32.370;INFO;Controller;State = Running;
20/10/17;07:48:33.154;INFO;Robot Runtime;executing:    UnlatchRobGov;
20/10/17;07:48:33.312;INFO;Controller;Activity ExecRobotTask ended. Return value: Done;
20/10/17;07:48:33.312;INFO;Controller;State = Ready;
20/10/17;07:49:43.891;INFO;Server;Command: ExecRobotTask (Initialize,500000);
20/10/17;07:49:43.892;INFO;Controller;Executing asynchronous activity: ExecRobotTask;
20/10/17;07:49:43.892;INFO;Controller;Status = Executing: Initialize;
20/10/17;07:49:43.892;INFO;Controller;State = Running;
20/10/17;07:49:44.804;INFO;Robot Runtime;executing:    Initialize;
20/10/17;07:49:45.038;INFO;Controller;Activity ExecRobotTask ended. Return value: Done;
20/10/17;07:49:45.039;INFO;Controller;State = Ready;
20/10/17;07:49:45.066;INFO;Server;Command: ExecRobotTask (LatchRobGov,500000);
20/10/17;07:49:45.066;INFO;Controller;Executing asynchronous activity: ExecRobotTask;
20/10/17;07:49:45.066;INFO;Controller;Status = Executing: LatchRobGov;
20/10/17;07:49:45.066;INFO;Controller;State = Running;
20/10/17;07:49:45.992;INFO;Robot Runtime;executing:    LatchRobGov;
20/10/17;07:49:47.130;INFO;Controller;Activity ExecRobotTask ended. Return value: Done;
20/10/17;07:49:47.131;INFO;Controller;State = Ready;
20/10/17;07:49:47.162;INFO;Server;Command: ExecRobotTask (CoolDown,500000);
20/10/17;07:49:47.162;INFO;Controller;Executing asynchronous activity: ExecRobotTask;
20/10/17;07:49:47.162;INFO;Controller;Status = Executing: CoolDown;
20/10/17;07:49:47.162;INFO;Controller;State = Running;
20/10/17;07:49:48.019;INFO;Robot Runtime;executing:    CoolDown;
20/10/17;07:49:48.528;INFO;Controller;Activity ExecRobotTask ended. Return value: Done;
20/10/17;07:49:48.528;INFO;Controller;State = Ready;
20/10/17;07:49:48.558;INFO;Server;Command: ExecRobotTask (TraceSample,500000);
20/10/17;07:49:48.559;INFO;Controller;Executing asynchronous activity: ExecRobotTask;
20/10/17;07:49:48.559;INFO;Controller;Status = Executing: TraceSample;
20/10/17;07:49:48.559;INFO;Controller;State = Running;
20/10/17;07:49:49.300;INFO;Robot Runtime;executing:    TraceSample;
20/10/17;07:49:51.600;INFO;Controller;Activity ExecRobotTask ended. Return value: Done True/False/False;
20/10/17;07:49:51.600;INFO;Controller;State = Ready;
20/10/17;07:49:51.627;INFO;Server;Command: ExecRobotTask (Unmount,500000);
20/10/17;07:49:51.627;INFO;Controller;Executing asynchronous activity: ExecRobotTask;
20/10/17;07:49:51.627;INFO;Controller;Status = Executing: Unmount;
20/10/17;07:49:51.627;INFO;Controller;State = Running;
20/10/17;07:49:52.373;INFO;Robot Runtime;executing:    Unmount;
20/10/17;07:50:00.227;INFO;Controller;Activity ExecRobotTask ended. Return value: Done False/True/False;
20/10/17;07:50:00.227;INFO;Controller;State = Ready;
20/10/17;07:50:00.258;INFO;Server;Command: ExecRobotTask (Unload,500000);
20/10/17;07:50:00.259;INFO;Controller;Executing asynchronous activity: ExecRobotTask;
20/10/17;07:50:00.259;INFO;Controller;Status = Executing: Unload;
20/10/17;07:50:00.259;INFO;Controller;State = Running;
20/10/17;07:50:01.197;INFO;Robot Runtime;executing:    Unload;
20/10/17;07:50:05.706;INFO;Controller;Activity ExecRobotTask ended. Return value: Done False/False/False;
20/10/17;07:50:05.707;INFO;Controller;State = Ready;
20/10/17;07:50:07.975;INFO;Server;Command: ExecRobotTask (Load,500000);
20/10/17;07:50:07.976;INFO;Controller;Executing asynchronous activity: ExecRobotTask;
20/10/17;07:50:07.976;INFO;Controller;Status = Executing: Load;
20/10/17;07:50:07.976;INFO;Controller;State = Running;
20/10/17;07:50:08.887;INFO;Robot Runtime;executing:    Load;
20/10/17;07:50:15.829;INFO;Controller;Activity ExecRobotTask ended. Return value: Done False/True/False;
20/10/17;07:50:15.830;INFO;Controller;State = Ready;
20/10/17;07:50:15.853;INFO;Server;Command: ExecRobotTask (Mount,500000);
20/10/17;07:50:15.853;INFO;Controller;Executing asynchronous activity: ExecRobotTask;
20/10/17;07:50:15.853;INFO;Controller;Status = Executing: Mount;
20/10/17;07:50:15.854;INFO;Controller;State = Running;
20/10/17;07:50:16.683;INFO;Robot Runtime;executing:    Mount;
20/10/17;07:50:23.552;INFO;Controller;Activity ExecRobotTask ended. Return value: Done True/False/False;
20/10/17;07:50:23.552;INFO;Controller;State = Ready;
20/10/17;07:50:23.582;INFO;Server;Command: ExecRobotTask (Park,500000);
20/10/17;07:50:23.582;INFO;Controller;Executing asynchronous activity: ExecRobotTask;
20/10/17;07:50:23.582;INFO;Controller;Status = Executing: Park;
20/10/17;07:50:23.582;INFO;Controller;State = Running;
20/10/17;07:50:24.333;INFO;Robot Runtime;executing:    Park;
20/10/17;07:50:27.400;INFO;Controller;Activity ExecRobotTask ended. Return value: Done;
20/10/17;07:50:27.400;INFO;Controller;State = Ready;
20/10/17;07:50:27.423;INFO;Server;Command: ExecRobotTask (UnlatchRobGov,500000);
20/10/17;07:50:27.423;INFO;Controller;Executing asynchronous activity: ExecRobotTask;
20/10/17;07:50:27.424;INFO;Controller;Status = Executing: UnlatchRobGov;
20/10/17;07:50:27.424;INFO;Controller;State = Running;
20/10/17;07:50:28.205;INFO;Robot Runtime;executing:    UnlatchRobGov;
20/10/17;07:50:28.703;INFO;Controller;Activity ExecRobotTask ended. Return value: Done;
20/10/17;07:50:28.703;INFO;Controller;State = Ready;
20/10/17;07:52:16.728;INFO;Server;Command: ExecRobotTask (Initialize,500000);
20/10/17;07:52:16.728;INFO;Controller;Executing asynchronous activity: ExecRobotTask;
20/10/17;07:52:16.729;INFO;Controller;Status = Executing: Initialize;
20/10/17;07:52:16.729;INFO;Controller;State = Running;
20/10/17;07:52:17.652;INFO;Robot Runtime;executing:    Initialize;
20/10/17;07:52:18.248;INFO;Controller;Activity ExecRobotTask ended. Return value: Done;
20/10/17;07:52:18.248;INFO;Controller;State = Ready;
20/10/17;07:52:18.279;INFO;Server;Command: ExecRobotTask (LatchRobGov,500000);
20/10/17;07:52:18.280;INFO;Controller;Executing asynchronous activity: ExecRobotTask;
20/10/17;07:52:18.280;INFO;Controller;Status = Executing: LatchRobGov;
20/10/17;07:52:18.280;INFO;Controller;State = Running;
20/10/17;07:52:19.203;INFO;Robot Runtime;executing:    LatchRobGov;
20/10/17;07:52:21.461;INFO;Controller;Activity ExecRobotTask ended. Return value: Done;
20/10/17;07:52:21.461;INFO;Controller;State = Ready;
20/10/17;07:52:21.493;INFO;Server;Command: ExecRobotTask (CoolDown,500000);
20/10/17;07:52:21.494;INFO;Controller;Executing asynchronous activity: ExecRobotTask;
20/10/17;07:52:21.494;INFO;Controller;Status = Executing: CoolDown;
20/10/17;07:52:21.494;INFO;Controller;State = Running;
20/10/17;07:52:22.353;INFO;Robot Runtime;executing:    CoolDown;
20/10/17;07:52:22.855;INFO;Controller;Activity ExecRobotTask ended. Return value: Done;
20/10/17;07:52:22.855;INFO;Controller;State = Ready;
20/10/17;07:52:22.882;INFO;Server;Command: ExecRobotTask (TraceSample,500000);
20/10/17;07:52:22.882;INFO;Controller;Executing asynchronous activity: ExecRobotTask;
20/10/17;07:52:22.882;INFO;Controller;Status = Executing: TraceSample;
20/10/17;07:52:22.882;INFO;Controller;State = Running;
20/10/17;07:52:23.628;INFO;Robot Runtime;executing:    TraceSample;
20/10/17;07:52:25.926;INFO;Controller;Activity ExecRobotTask ended. Return value: Done True/False/False;
20/10/17;07:52:25.926;INFO;Controller;State = Ready;
20/10/17;07:52:25.958;INFO;Server;Command: ExecRobotTask (Unmount,500000);
20/10/17;07:52:25.958;INFO;Controller;Executing asynchronous activity: ExecRobotTask;
20/10/17;07:52:25.958;INFO;Controller;Status = Executing: Unmount;
20/10/17;07:52:25.958;INFO;Controller;State = Running;
20/10/17;07:52:26.708;INFO;Robot Runtime;executing:    Unmount;
20/10/17;07:52:33.386;INFO;Controller;Activity ExecRobotTask ended. Return value: Done False/True/False;
20/10/17;07:52:33.387;INFO;Controller;State = Ready;
20/10/17;07:52:33.415;INFO;Server;Command: ExecRobotTask (Unload,500000);
20/10/17;07:52:33.415;INFO;Controller;Executing asynchronous activity: ExecRobotTask;
20/10/17;07:52:33.415;INFO;Controller;Status = Executing: Unload;
20/10/17;07:52:33.415;INFO;Controller;State = Running;
20/10/17;07:52:34.353;INFO;Robot Runtime;executing:    Unload;
20/10/17;07:52:38.783;INFO;Controller;Activity ExecRobotTask ended. Return value: Done False/False/False;
20/10/17;07:52:38.784;INFO;Controller;State = Ready;
20/10/17;07:52:41.046;INFO;Server;Command: ExecRobotTask (Load,500000);
20/10/17;07:52:41.047;INFO;Controller;Executing asynchronous activity: ExecRobotTask;
20/10/17;07:52:41.047;INFO;Controller;Status = Executing: Load;
20/10/17;07:52:41.047;INFO;Controller;State = Running;
20/10/17;07:52:41.963;INFO;Robot Runtime;executing:    Load;
20/10/17;07:52:48.919;INFO;Controller;Activity ExecRobotTask ended. Return value: Done False/True/False;
20/10/17;07:52:48.919;INFO;Controller;State = Ready;
20/10/17;07:52:48.945;INFO;Server;Command: ExecRobotTask (Mount,500000);
20/10/17;07:52:48.946;INFO;Controller;Executing asynchronous activity: ExecRobotTask;
20/10/17;07:52:48.946;INFO;Controller;Status = Executing: Mount;
20/10/17;07:52:48.946;INFO;Controller;State = Running;
20/10/17;07:52:49.792;INFO;Robot Runtime;executing:    Mount;
20/10/17;07:52:57.924;INFO;Controller;Activity ExecRobotTask ended. Return value: Done True/False/False;
20/10/17;07:52:57.924;INFO;Controller;State = Ready;
20/10/17;07:52:57.951;INFO;Server;Command: ExecRobotTask (Park,500000);
20/10/17;07:52:57.951;INFO;Controller;Executing asynchronous activity: ExecRobotTask;
20/10/17;07:52:57.951;INFO;Controller;Status = Executing: Park;
20/10/17;07:52:57.951;INFO;Controller;State = Running;
20/10/17;07:52:58.703;INFO;Robot Runtime;executing:    Park;
20/10/17;07:53:02.194;INFO;Controller;Activity ExecRobotTask ended. Return value: Done;
20/10/17;07:53:02.194;INFO;Controller;State = Ready;
20/10/17;07:53:02.221;INFO;Server;Command: ExecRobotTask (UnlatchRobGov,500000);
20/10/17;07:53:02.221;INFO;Controller;Executing asynchronous activity: ExecRobotTask;
20/10/17;07:53:02.222;INFO;Controller;Status = Executing: UnlatchRobGov;
20/10/17;07:53:02.222;INFO;Controller;State = Running;
20/10/17;07:53:03.001;INFO;Robot Runtime;executing:    UnlatchRobGov;
20/10/17;07:53:03.158;INFO;Controller;Activity ExecRobotTask ended. Return value: Done;
20/10/17;07:53:03.159;INFO;Controller;State = Ready;
20/10/17;07:54:11.938;INFO;Server;Command: ExecRobotTask (Initialize,500000);
20/10/17;07:54:11.939;INFO;Controller;Executing asynchronous activity: ExecRobotTask;
20/10/17;07:54:11.939;INFO;Controller;Status = Executing: Initialize;
20/10/17;07:54:11.939;INFO;Controller;State = Running;
20/10/17;07:54:12.856;INFO;Robot Runtime;executing:    Initialize;
20/10/17;07:54:13.486;INFO;Controller;Activity ExecRobotTask ended. Return value: Done;
20/10/17;07:54:13.486;INFO;Controller;State = Ready;
20/10/17;07:54:13.511;INFO;Server;Command: ExecRobotTask (LatchRobGov,500000);
20/10/17;07:54:13.511;INFO;Controller;Executing asynchronous activity: ExecRobotTask;
20/10/17;07:54:13.511;INFO;Controller;Status = Executing: LatchRobGov;
20/10/17;07:54:13.511;INFO;Controller;State = Running;
20/10/17;07:54:14.423;INFO;Robot Runtime;executing:    LatchRobGov;
20/10/17;07:54:16.697;INFO;Controller;Activity ExecRobotTask ended. Return value: Done;
20/10/17;07:54:16.697;INFO;Controller;State = Ready;
20/10/17;07:54:16.727;INFO;Server;Command: ExecRobotTask (CoolDown,500000);
20/10/17;07:54:16.727;INFO;Controller;Executing asynchronous activity: ExecRobotTask;
20/10/17;07:54:16.727;INFO;Controller;Status = Executing: CoolDown;
20/10/17;07:54:16.727;INFO;Controller;State = Running;
20/10/17;07:54:17.582;INFO;Robot Runtime;executing:    CoolDown;
20/10/17;07:54:18.083;INFO;Controller;Activity ExecRobotTask ended. Return value: Done;
20/10/17;07:54:18.083;INFO;Controller;State = Ready;
20/10/17;07:54:18.115;INFO;Server;Command: ExecRobotTask (TraceSample,500000);
20/10/17;07:54:18.115;INFO;Controller;Executing asynchronous activity: ExecRobotTask;
20/10/17;07:54:18.116;INFO;Controller;Status = Executing: TraceSample;
20/10/17;07:54:18.116;INFO;Controller;State = Running;
20/10/17;07:54:18.861;INFO;Robot Runtime;executing:    TraceSample;
20/10/17;07:54:21.157;INFO;Controller;Activity ExecRobotTask ended. Return value: Done True/False/False;
20/10/17;07:54:21.158;INFO;Controller;State = Ready;
20/10/17;07:54:21.180;INFO;Server;Command: ExecRobotTask (Unmount,500000);
20/10/17;07:54:21.180;INFO;Controller;Executing asynchronous activity: ExecRobotTask;
20/10/17;07:54:21.180;INFO;Controller;Status = Executing: Unmount;
20/10/17;07:54:21.180;INFO;Controller;State = Running;
20/10/17;07:54:21.926;INFO;Robot Runtime;executing:    Unmount;
20/10/17;07:54:28.599;INFO;Controller;Activity ExecRobotTask ended. Return value: Done False/True/False;
20/10/17;07:54:28.599;INFO;Controller;State = Ready;
20/10/17;07:54:28.628;INFO;Server;Command: ExecRobotTask (Unload,500000);
20/10/17;07:54:28.628;INFO;Controller;Executing asynchronous activity: ExecRobotTask;
20/10/17;07:54:28.628;INFO;Controller;Status = Executing: Unload;
20/10/17;07:54:28.628;INFO;Controller;State = Running;
20/10/17;07:54:29.569;INFO;Robot Runtime;executing:    Unload;
20/10/17;07:54:34.389;INFO;Controller;Activity ExecRobotTask ended. Return value: Done False/False/False;
20/10/17;07:54:34.390;INFO;Controller;State = Ready;
20/10/17;07:54:36.658;INFO;Server;Command: ExecRobotTask (Load,500000);
20/10/17;07:54:36.659;INFO;Controller;Executing asynchronous activity: ExecRobotTask;
20/10/17;07:54:36.659;INFO;Controller;Status = Executing: Load;
20/10/17;07:54:36.659;INFO;Controller;State = Running;
20/10/17;07:54:37.574;INFO;Robot Runtime;executing:    Load;
20/10/17;07:54:44.621;INFO;Controller;Activity ExecRobotTask ended. Return value: Done False/True/False;
20/10/17;07:54:44.621;INFO;Controller;State = Ready;
20/10/17;07:54:44.645;INFO;Server;Command: ExecRobotTask (Mount,500000);
20/10/17;07:54:44.645;INFO;Controller;Executing asynchronous activity: ExecRobotTask;
20/10/17;07:54:44.645;INFO;Controller;Status = Executing: Mount;
20/10/17;07:54:44.645;INFO;Controller;State = Running;
20/10/17;07:54:45.473;INFO;Robot Runtime;executing:    Mount;
20/10/17;07:54:53.623;INFO;Controller;Activity ExecRobotTask ended. Return value: Done True/False/False;
20/10/17;07:54:53.623;INFO;Controller;State = Ready;
20/10/17;07:54:53.648;INFO;Server;Command: ExecRobotTask (Park,500000);
20/10/17;07:54:53.649;INFO;Controller;Executing asynchronous activity: ExecRobotTask;
20/10/17;07:54:53.649;INFO;Controller;Status = Executing: Park;
20/10/17;07:54:53.649;INFO;Controller;State = Running;
20/10/17;07:54:54.390;INFO;Robot Runtime;executing:    Park;
20/10/17;07:54:57.629;INFO;Controller;Activity ExecRobotTask ended. Return value: Done;
20/10/17;07:54:57.629;INFO;Controller;State = Ready;
20/10/17;07:54:57.663;INFO;Server;Command: ExecRobotTask (UnlatchRobGov,500000);
20/10/17;07:54:57.663;INFO;Controller;Executing asynchronous activity: ExecRobotTask;
20/10/17;07:54:57.663;INFO;Controller;Status = Executing: UnlatchRobGov;
20/10/17;07:54:57.663;INFO;Controller;State = Running;
20/10/17;07:54:58.451;INFO;Robot Runtime;executing:    UnlatchRobGov;
20/10/17;07:54:58.599;INFO;Controller;Activity ExecRobotTask ended. Return value: Done;
20/10/17;07:54:58.600;INFO;Controller;State = Ready;
20/10/17;07:56:08.738;INFO;Server;Command: ExecRobotTask (Initialize,500000);
20/10/17;07:56:08.739;INFO;Controller;Executing asynchronous activity: ExecRobotTask;
20/10/17;07:56:08.739;INFO;Controller;Status = Executing: Initialize;
20/10/17;07:56:08.739;INFO;Controller;State = Running;
20/10/17;07:56:09.656;INFO;Robot Runtime;executing:    Initialize;
20/10/17;07:56:10.300;INFO;Controller;Activity ExecRobotTask ended. Return value: Done;
20/10/17;07:56:10.301;INFO;Controller;State = Ready;
20/10/17;07:56:10.331;INFO;Server;Command: ExecRobotTask (LatchRobGov,500000);
20/10/17;07:56:10.331;INFO;Controller;Executing asynchronous activity: ExecRobotTask;
20/10/17;07:56:10.332;INFO;Controller;Status = Executing: LatchRobGov;
20/10/17;07:56:10.332;INFO;Controller;State = Running;
20/10/17;07:56:11.243;INFO;Robot Runtime;executing:    LatchRobGov;
20/10/17;07:56:12.051;INFO;Controller;Activity ExecRobotTask ended. Return value: Done;
20/10/17;07:56:12.051;INFO;Controller;State = Ready;
20/10/17;07:56:12.079;INFO;Server;Command: ExecRobotTask (CoolDown,500000);
20/10/17;07:56:12.079;INFO;Controller;Executing asynchronous activity: ExecRobotTask;
20/10/17;07:56:12.079;INFO;Controller;Status = Executing: CoolDown;
20/10/17;07:56:12.079;INFO;Controller;State = Running;
20/10/17;07:56:12.949;INFO;Robot Runtime;executing:    CoolDown;
20/10/17;07:56:13.363;INFO;Controller;Activity ExecRobotTask ended. Return value: Done;
20/10/17;07:56:13.363;INFO;Controller;State = Ready;
20/10/17;07:56:13.388;INFO;Server;Command: ExecRobotTask (TraceSample,500000);
20/10/17;07:56:13.388;INFO;Controller;Executing asynchronous activity: ExecRobotTask;
20/10/17;07:56:13.388;INFO;Controller;Status = Executing: TraceSample;
20/10/17;07:56:13.388;INFO;Controller;State = Running;
20/10/17;07:56:14.133;INFO;Robot Runtime;executing:    TraceSample;
20/10/17;07:56:16.422;INFO;Controller;Activity ExecRobotTask ended. Return value: Done True/False/False;
20/10/17;07:56:16.423;INFO;Controller;State = Ready;
20/10/17;07:56:16.453;INFO;Server;Command: ExecRobotTask (Unmount,500000);
20/10/17;07:56:16.454;INFO;Controller;Executing asynchronous activity: ExecRobotTask;
20/10/17;07:56:16.454;INFO;Controller;Status = Executing: Unmount;
20/10/17;07:56:16.454;INFO;Controller;State = Running;
20/10/17;07:56:17.199;INFO;Robot Runtime;executing:    Unmount;
20/10/17;07:56:25.043;INFO;Controller;Activity ExecRobotTask ended. Return value: Done False/True/False;
20/10/17;07:56:25.044;INFO;Controller;State = Ready;
20/10/17;07:56:25.069;INFO;Server;Command: ExecRobotTask (Unload,500000);
20/10/17;07:56:25.069;INFO;Controller;Executing asynchronous activity: ExecRobotTask;
20/10/17;07:56:25.069;INFO;Controller;Status = Executing: Unload;
20/10/17;07:56:25.069;INFO;Controller;State = Running;
20/10/17;07:56:26.005;INFO;Robot Runtime;executing:    Unload;
20/10/17;07:56:30.671;INFO;Controller;Activity ExecRobotTask ended. Return value: Done False/False/False;
20/10/17;07:56:30.671;INFO;Controller;State = Ready;
20/10/17;07:56:32.936;INFO;Server;Command: ExecRobotTask (Load,500000);
20/10/17;07:56:32.937;INFO;Controller;Executing asynchronous activity: ExecRobotTask;
20/10/17;07:56:32.937;INFO;Controller;Status = Executing: Load;
20/10/17;07:56:32.937;INFO;Controller;State = Running;
20/10/17;07:56:33.846;INFO;Robot Runtime;executing:    Load;
20/10/17;07:56:40.472;INFO;Controller;Activity ExecRobotTask ended. Return value: Done False/True/False;
20/10/17;07:56:40.472;INFO;Controller;State = Ready;
20/10/17;07:56:40.502;INFO;Server;Command: ExecRobotTask (Mount,500000);
20/10/17;07:56:40.502;INFO;Controller;Executing asynchronous activity: ExecRobotTask;
20/10/17;07:56:40.502;INFO;Controller;Status = Executing: Mount;
20/10/17;07:56:40.502;INFO;Controller;State = Running;
20/10/17;07:56:41.349;INFO;Robot Runtime;executing:    Mount;
20/10/17;07:56:48.433;INFO;Controller;Activity ExecRobotTask ended. Return value: Done True/False/False;
20/10/17;07:56:48.433;INFO;Controller;State = Ready;
20/10/17;07:56:48.464;INFO;Server;Command: ExecRobotTask (Park,500000);
20/10/17;07:56:48.464;INFO;Controller;Executing asynchronous activity: ExecRobotTask;
20/10/17;07:56:48.464;INFO;Controller;Status = Executing: Park;
20/10/17;07:56:48.464;INFO;Controller;State = Running;
20/10/17;07:56:49.204;INFO;Robot Runtime;executing:    Park;
20/10/17;07:56:52.612;INFO;Controller;Activity ExecRobotTask ended. Return value: Done;
20/10/17;07:56:52.612;INFO;Controller;State = Ready;
20/10/17;07:56:52.641;INFO;Server;Command: ExecRobotTask (UnlatchRobGov,500000);
20/10/17;07:56:52.641;INFO;Controller;Executing asynchronous activity: ExecRobotTask;
20/10/17;07:56:52.641;INFO;Controller;Status = Executing: UnlatchRobGov;
20/10/17;07:56:52.641;INFO;Controller;State = Running;
20/10/17;07:56:53.428;INFO;Robot Runtime;executing:    UnlatchRobGov;
20/10/17;07:56:53.583;INFO;Controller;Activity ExecRobotTask ended. Return value: Done;
20/10/17;07:56:53.583;INFO;Controller;State = Ready;
20/10/17;07:59:09.436;INFO;Server;Command: ExecRobotTask (Initialize,500000);
20/10/17;07:59:09.437;INFO;Controller;Executing asynchronous activity: ExecRobotTask;
20/10/17;07:59:09.437;INFO;Controller;Status = Executing: Initialize;
20/10/17;07:59:09.437;INFO;Controller;State = Running;
20/10/17;07:59:10.347;INFO;Robot Runtime;executing:    Initialize;
20/10/17;07:59:10.624;INFO;Controller;Activity ExecRobotTask ended. Return value: Done;
20/10/17;07:59:10.625;INFO;Controller;State = Ready;
20/10/17;07:59:10.650;INFO;Server;Command: ExecRobotTask (LatchRobGov,500000);
20/10/17;07:59:10.650;INFO;Controller;Executing asynchronous activity: ExecRobotTask;
20/10/17;07:59:10.650;INFO;Controller;Status = Executing: LatchRobGov;
20/10/17;07:59:10.650;INFO;Controller;State = Running;
20/10/17;07:59:11.575;INFO;Robot Runtime;executing:    LatchRobGov;
20/10/17;07:59:12.718;INFO;Controller;Activity ExecRobotTask ended. Return value: Done;
20/10/17;07:59:12.718;INFO;Controller;State = Ready;
20/10/17;07:59:12.748;INFO;Server;Command: ExecRobotTask (CoolDown,500000);
20/10/17;07:59:12.749;INFO;Controller;Executing asynchronous activity: ExecRobotTask;
20/10/17;07:59:12.749;INFO;Controller;Status = Executing: CoolDown;
20/10/17;07:59:12.749;INFO;Controller;State = Running;
20/10/17;07:59:13.611;INFO;Robot Runtime;executing:    CoolDown;
20/10/17;07:59:14.115;INFO;Controller;Activity ExecRobotTask ended. Return value: Done;
20/10/17;07:59:14.115;INFO;Controller;State = Ready;
20/10/17;07:59:14.141;INFO;Server;Command: ExecRobotTask (TraceSample,500000);
20/10/17;07:59:14.141;INFO;Controller;Executing asynchronous activity: ExecRobotTask;
20/10/17;07:59:14.141;INFO;Controller;Status = Executing: TraceSample;
20/10/17;07:59:14.141;INFO;Controller;State = Running;
20/10/17;07:59:14.883;INFO;Robot Runtime;executing:    TraceSample;
20/10/17;07:59:17.175;INFO;Controller;Activity ExecRobotTask ended. Return value: Done True/False/False;
20/10/17;07:59:17.175;INFO;Controller;State = Ready;
20/10/17;07:59:17.202;INFO;Server;Command: ExecRobotTask (Unmount,500000);
20/10/17;07:59:17.202;INFO;Controller;Executing asynchronous activity: ExecRobotTask;
20/10/17;07:59:17.202;INFO;Controller;Status = Executing: Unmount;
20/10/17;07:59:17.203;INFO;Controller;State = Running;
20/10/17;07:59:17.949;INFO;Robot Runtime;executing:    Unmount;
20/10/17;07:59:24.812;INFO;Controller;Activity ExecRobotTask ended. Return value: Done False/True/False;
20/10/17;07:59:24.813;INFO;Controller;State = Ready;
20/10/17;07:59:24.843;INFO;Server;Command: ExecRobotTask (Unload,500000);
20/10/17;07:59:24.843;INFO;Controller;Executing asynchronous activity: ExecRobotTask;
20/10/17;07:59:24.843;INFO;Controller;Status = Executing: Unload;
20/10/17;07:59:24.843;INFO;Controller;State = Running;
20/10/17;07:59:25.782;INFO;Robot Runtime;executing:    Unload;
20/10/17;07:59:30.451;INFO;Controller;Activity ExecRobotTask ended. Return value: Done False/False/False;
20/10/17;07:59:30.452;INFO;Controller;State = Ready;
20/10/17;07:59:30.494;INFO;Server;Command: ExecRobotTask (UnlatchRobGov,500000);
20/10/17;07:59:30.495;INFO;Controller;Executing asynchronous activity: ExecRobotTask;
20/10/17;07:59:30.495;INFO;Controller;Status = Executing: UnlatchRobGov;
20/10/17;07:59:30.495;INFO;Controller;State = Running;
20/10/17;07:59:31.272;INFO;Robot Runtime;executing:    UnlatchRobGov;
20/10/17;07:59:32.096;INFO;Controller;Activity ExecRobotTask ended. Return value: Done;
20/10/17;07:59:32.097;INFO;Controller;State = Ready;
20/10/17;07:59:32.129;INFO;Server;Command: ExecRobotTask (Finish,500000);
20/10/17;07:59:32.129;INFO;Controller;Executing asynchronous activity: ExecRobotTask;
20/10/17;07:59:32.129;INFO;Controller;Status = Executing: Finish;
20/10/17;07:59:32.129;INFO;Controller;State = Running;
20/10/17;07:59:33.058;INFO;Robot Runtime;executing:    Finish;
20/10/17;08:02:07.638;INFO;Controller;Activity ExecRobotTask ended. Return value: Done;
20/10/17;08:02:07.640;INFO;Controller;State = Ready;
