26/09/17;11:23:05.989;INFO;Robot;Alarm inactive: Device is offline;
26/09/17;11:23:06.022;WARNING;Controller;Communication resumed, trying updating devices;
26/09/17;11:23:06.023;INFO;Controller;Finished device updating;
26/09/17;11:23:06.023;INFO;Controller;State = Ready;
26/09/17;13:36:20.708;INFO;Robot;Enabling Power;
26/09/17;13:37:39.404;INFO;Robot;Enabling Power;
26/09/17;13:38:04.836;INFO;Interface;Command: ExecRobotTask (finish,-1);
26/09/17;13:38:04.837;INFO;Controller;Executing asynchronous activity: ExecRobotTask;
26/09/17;13:38:04.837;INFO;Controller;Status = Executing: finish;
26/09/17;13:38:04.837;INFO;Controller;State = Running;
26/09/17;13:38:05.778;INFO;Robot Runtime;executing:    finish;
26/09/17;13:39:08.298;INFO;Controller;Activity ExecRobotTask ended. Return value: Done;
26/09/17;13:39:08.299;INFO;Controller;State = Ready;
26/09/17;13:42:52.714;INFO;Robot;Enabling Power;
26/09/17;13:43:32.514;INFO;Interface;Command: ExecRobotTask (cooldown,-1);
26/09/17;13:43:32.516;INFO;Controller;Executing asynchronous activity: ExecRobotTask;
26/09/17;13:43:32.516;INFO;Controller;Status = Executing: cooldown;
26/09/17;13:43:32.516;INFO;Controller;State = Running;
26/09/17;13:43:33.371;INFO;Robot Runtime;executing:    cooldown;
26/09/17;13:43:38.413;INFO;Robot Runtime;Failed (Time Out) to open Park Lid.;
26/09/17;13:43:38.764;INFO;Controller;Activity ExecRobotTask ended. Return value: ABORT: Open Park Lid Timeout;
26/09/17;13:43:38.764;INFO;Controller;State = Ready;
26/09/17;13:43:55.658;INFO;Interface;Command: ExecRobotTask (coldpark,-1);
26/09/17;13:43:55.659;INFO;Controller;Executing asynchronous activity: ExecRobotTask;
26/09/17;13:43:55.659;INFO;Controller;Status = Executing: coldpark;
26/09/17;13:43:55.659;INFO;Controller;State = Running;
26/09/17;13:43:55.741;INFO;Robot Runtime;executing:    coldpark;
26/09/17;13:43:56.232;INFO;Controller;Activity ExecRobotTask ended. Return value: ;
26/09/17;13:43:56.233;INFO;Controller;State = Ready;
26/09/17;13:45:55.554;INFO;Interface;Command: ExecRobotTask (park,-1);
26/09/17;13:45:55.554;INFO;Controller;Executing asynchronous activity: ExecRobotTask;
26/09/17;13:45:55.555;INFO;Controller;Status = Executing: park;
26/09/17;13:45:55.555;INFO;Controller;State = Running;
26/09/17;13:45:56.315;INFO;Robot Runtime;executing:    park;
26/09/17;13:46:01.358;INFO;Robot Runtime;Failed (Time Out) to open Park Lid.;
26/09/17;13:46:01.706;INFO;Controller;Activity ExecRobotTask ended. Return value: ABORT: Open Park Lid TimeOut;
26/09/17;13:46:01.706;INFO;Controller;State = Ready;
26/09/17;13:46:22.593;INFO;Interface;Command: ExecRobotTask (finish,-1);
26/09/17;13:46:22.594;INFO;Controller;Executing asynchronous activity: ExecRobotTask;
26/09/17;13:46:22.594;INFO;Controller;Status = Executing: finish;
26/09/17;13:46:22.595;INFO;Controller;State = Running;
26/09/17;13:46:23.403;INFO;Robot Runtime;executing:    finish;
26/09/17;13:48:19.761;INFO;Controller;Activity ExecRobotTask ended. Return value: Done;
26/09/17;13:48:19.762;INFO;Controller;State = Ready;
26/09/17;13:50:31.672;INFO;Interface;Command: ExecRobotTask (cooldown,-1);
26/09/17;13:50:31.674;INFO;Controller;Executing asynchronous activity: ExecRobotTask;
26/09/17;13:50:31.674;INFO;Controller;Status = Executing: cooldown;
26/09/17;13:50:31.674;INFO;Controller;State = Running;
26/09/17;13:50:32.505;INFO;Robot Runtime;executing:    cooldown;
26/09/17;13:50:37.548;INFO;Robot Runtime;Failed (Time Out) to open Park Lid.;
26/09/17;13:50:37.707;INFO;Controller;Activity ExecRobotTask ended. Return value: ABORT: Open Park Lid Timeout;
26/09/17;13:50:37.707;INFO;Controller;State = Ready;
26/09/17;13:50:45.296;INFO;Robot;Enabling Power;
26/09/17;13:50:47.392;INFO;Interface;Command: ExecRobotTask (cooldown,-1);
26/09/17;13:50:47.393;INFO;Controller;Executing asynchronous activity: ExecRobotTask;
26/09/17;13:50:47.393;INFO;Controller;Status = Executing: cooldown;
26/09/17;13:50:47.393;INFO;Controller;State = Running;
26/09/17;13:50:48.158;INFO;Robot Runtime;executing:    cooldown;
26/09/17;13:50:53.200;INFO;Robot Runtime;Failed (Time Out) to open Park Lid.;
26/09/17;13:50:53.580;INFO;Controller;Activity ExecRobotTask ended. Return value: ABORT: Open Park Lid Timeout;
26/09/17;13:50:53.581;INFO;Controller;State = Ready;
26/09/17;13:51:24.392;INFO;Interface;Command: ExecRobotTask (park,-1);
26/09/17;13:51:24.394;INFO;Controller;Executing asynchronous activity: ExecRobotTask;
26/09/17;13:51:24.394;INFO;Controller;Status = Executing: park;
26/09/17;13:51:24.394;INFO;Controller;State = Running;
26/09/17;13:51:25.134;INFO;Robot Runtime;executing:    park;
26/09/17;13:51:30.675;INFO;Robot Runtime;Failed (Time Out) to open Park Lid.;
26/09/17;13:51:31.148;INFO;Controller;Activity ExecRobotTask ended. Return value: ABORT: Open Park Lid TimeOut;
26/09/17;13:51:31.148;INFO;Controller;State = Ready;
26/09/17;13:51:38.080;INFO;Interface;Command: ExecRobotTask (finish,-1);
26/09/17;13:51:38.081;INFO;Controller;Executing asynchronous activity: ExecRobotTask;
26/09/17;13:51:38.081;INFO;Controller;Status = Executing: finish;
26/09/17;13:51:38.081;INFO;Controller;State = Running;
26/09/17;13:51:38.808;INFO;Robot Runtime;executing:    finish;
26/09/17;13:51:58.136;INFO;Controller;Activity ExecRobotTask ended. Return value: Done;
26/09/17;13:51:58.136;INFO;Controller;State = Ready;
26/09/17;13:53:10.568;INFO;Interface;Command: ExecRobotTask (park,-1);
26/09/17;13:53:10.569;INFO;Controller;Executing asynchronous activity: ExecRobotTask;
26/09/17;13:53:10.569;INFO;Controller;Status = Executing: park;
26/09/17;13:53:10.569;INFO;Controller;State = Running;
26/09/17;13:53:11.332;INFO;Robot Runtime;executing:    park;
26/09/17;13:53:16.375;INFO;Robot Runtime;Failed (Time Out) to open Park Lid.;
26/09/17;13:53:16.616;INFO;Controller;Activity ExecRobotTask ended. Return value: ABORT: Open Park Lid TimeOut;
26/09/17;13:53:16.616;INFO;Controller;State = Ready;
26/09/17;13:53:24.488;INFO;Robot;Enabling Power;
26/09/17;13:53:27.464;INFO;Interface;Command: ExecRobotTask (park,-1);
26/09/17;13:53:27.464;INFO;Controller;Executing asynchronous activity: ExecRobotTask;
26/09/17;13:53:27.464;INFO;Controller;Status = Executing: park;
26/09/17;13:53:27.464;INFO;Controller;State = Running;
26/09/17;13:53:28.195;INFO;Robot Runtime;executing:    park;
26/09/17;13:53:33.237;INFO;Robot Runtime;Failed (Time Out) to open Park Lid.;
26/09/17;13:53:33.675;INFO;Controller;Activity ExecRobotTask ended. Return value: ABORT: Open Park Lid TimeOut;
26/09/17;13:53:33.675;INFO;Controller;State = Ready;
26/09/17;13:53:38.655;INFO;Interface;Command: Abort;
26/09/17;13:53:38.656;INFO;Robot;Abort;
26/09/17;13:53:39.367;INFO;Interface;Command: Abort;
26/09/17;13:53:39.368;INFO;Robot;Abort;
26/09/17;13:53:39.863;INFO;Interface;Command: Abort;
26/09/17;13:53:39.864;INFO;Robot;Abort;
26/09/17;13:53:51.495;INFO;Interface;Command: ExecRobotTask (coldpark,-1);
26/09/17;13:53:51.496;INFO;Controller;Executing asynchronous activity: ExecRobotTask;
26/09/17;13:53:51.496;INFO;Controller;Status = Executing: coldpark;
26/09/17;13:53:51.496;INFO;Controller;State = Running;
26/09/17;13:53:51.578;INFO;Robot Runtime;executing:    coldpark;
26/09/17;13:53:52.074;INFO;Controller;Activity ExecRobotTask ended. Return value: ;
26/09/17;13:53:52.074;INFO;Controller;State = Ready;
26/09/17;13:54:25.303;INFO;Interface;Command: ExecRobotTask (finish,-1);
26/09/17;13:54:25.304;INFO;Controller;Executing asynchronous activity: ExecRobotTask;
26/09/17;13:54:25.304;INFO;Controller;Status = Executing: finish;
26/09/17;13:54:25.304;INFO;Controller;State = Running;
26/09/17;13:54:25.999;INFO;Robot Runtime;executing:    finish;
26/09/17;13:54:48.840;INFO;Controller;Activity ExecRobotTask ended. Return value: Done;
26/09/17;13:54:48.840;INFO;Controller;State = Ready;
26/09/17;13:54:54.767;INFO;Robot;Enabling Power;
26/09/17;13:55:24.551;INFO;Interface;Command: ExecRobotTask (cooldown,-1);
26/09/17;13:55:24.552;INFO;Controller;Executing asynchronous activity: ExecRobotTask;
26/09/17;13:55:24.552;INFO;Controller;Status = Executing: cooldown;
26/09/17;13:55:24.552;INFO;Controller;State = Running;
26/09/17;13:55:25.298;INFO;Robot Runtime;executing:    cooldown;
26/09/17;13:55:30.841;INFO;Robot Runtime;Failed (Time Out) to open Park Lid.;
26/09/17;13:55:31.239;INFO;Controller;Activity ExecRobotTask ended. Return value: ABORT: Open Park Lid Timeout;
26/09/17;13:55:31.239;INFO;Controller;State = Ready;
26/09/17;13:55:40.519;INFO;Interface;Command: ExecRobotTask (finish,-1);
26/09/17;13:55:40.520;INFO;Controller;Executing asynchronous activity: ExecRobotTask;
26/09/17;13:55:40.520;INFO;Controller;Status = Executing: finish;
26/09/17;13:55:40.520;INFO;Controller;State = Running;
26/09/17;13:55:41.260;INFO;Robot Runtime;executing:    finish;
26/09/17;13:56:01.930;INFO;Controller;Activity ExecRobotTask ended. Return value: Done;
26/09/17;13:56:01.931;INFO;Controller;State = Ready;
26/09/17;13:57:20.503;INFO;Robot;Enabling Power;
26/09/17;13:57:29.926;INFO;Interface;Command: ExecRobotTask (cooldown,-1);
26/09/17;13:57:29.927;INFO;Controller;Executing asynchronous activity: ExecRobotTask;
26/09/17;13:57:29.927;INFO;Controller;Status = Executing: cooldown;
26/09/17;13:57:29.927;INFO;Controller;State = Running;
26/09/17;13:57:30.688;INFO;Robot Runtime;executing:    cooldown;
26/09/17;13:57:36.229;INFO;Robot Runtime;Failed (Time Out) to open Park Lid.;
26/09/17;13:57:36.514;INFO;Controller;Activity ExecRobotTask ended. Return value: ABORT: Open Park Lid Timeout;
26/09/17;13:57:36.514;INFO;Controller;State = Ready;
26/09/17;14:26:41.415;INFO;Robot;Enabling Power;
26/09/17;14:27:58.158;INFO;Interface;Command: ExecRobotTask (CoolDown,-1);
26/09/17;14:27:58.159;INFO;Controller;Executing asynchronous activity: ExecRobotTask;
26/09/17;14:27:58.159;INFO;Controller;Status = Executing: CoolDown;
26/09/17;14:27:58.160;INFO;Controller;State = Running;
26/09/17;14:27:58.925;INFO;Robot Runtime;executing:    CoolDown;
26/09/17;14:28:04.465;INFO;Robot Runtime;Failed (Time Out) to open Park Lid.;
26/09/17;14:28:04.922;INFO;Controller;Activity ExecRobotTask ended. Return value: ABORT: Open Park Lid Timeout;
26/09/17;14:28:04.923;INFO;Controller;State = Ready;
26/09/17;14:28:23.863;WARNING;Robot;Alarm active: Device is offline;
26/09/17;14:28:23.864;INFO;Controller;State = Communication Error;
26/09/17;14:28:28.968;INFO;Robot;Alarm inactive: Device is offline;
26/09/17;14:28:28.969;WARNING;Controller;Communication resumed, trying updating devices;
26/09/17;14:28:28.969;INFO;Controller;Finished device updating;
26/09/17;14:28:28.969;INFO;Controller;State = Ready;
26/09/17;14:28:54.486;INFO;Interface;Command: Abort;
26/09/17;14:28:54.487;INFO;Robot;Abort;
26/09/17;14:28:55.534;INFO;Interface;Command: Restart;
26/09/17;14:28:55.535;INFO;Controller;State = Initializing;
26/09/17;14:28:55.619;INFO;Controller;Initialized log services - Startup: 25/09/17 11:30:55;
26/09/17;14:28:56.629;INFO;Epics Server;Exiting running thread;
26/09/17;14:28:56.633;INFO;Epics Server;Registered PV: SW:Version;
26/09/17;14:28:56.633;INFO;Epics Server;Registered PV: SW:Status;
26/09/17;14:28:56.634;INFO;Epics Server;Registered PV: SW:Uptime;
26/09/17;14:28:56.634;INFO;Epics Server;Registered PV: SW:LastTaskInfo;
26/09/17;14:28:56.634;INFO;Epics Server;Registered PV: SW:AlarmList;
26/09/17;14:28:56.634;INFO;Epics Server;Registered PV: SW:LocalGuiLockOut;
26/09/17;14:28:56.634;INFO;Epics Server;Registered PV: SW:RobotSpeed;
26/09/17;14:28:56.634;INFO;Epics Server;Registered PV: SW:LastTaskException;
26/09/17;14:28:56.634;INFO;Epics Server;Registered PV: SW:LastTaskOutput;
26/09/17;14:28:56.634;INFO;Epics Server;Registered PV: SW:RobotState;
26/09/17;14:28:56.634;INFO;Epics Server;Registered PV: SW:CartesianPositions;
26/09/17;14:28:56.634;INFO;Epics Server;Registered PV: SW:JointPositions;
26/09/17;14:28:56.635;INFO;Epics Server;Registered PV: SW:State;
26/09/17;14:28:56.635;INFO;Epics Server;Registered PV: SW:abort;
26/09/17;14:28:56.635;INFO;Epics Server;Registered PV: SW:restart;
26/09/17;14:28:56.635;INFO;Epics Server;Registered PV: SW:getTaskInfo;
26/09/17;14:28:56.635;INFO;Epics Server;Registered PV: SW:isTaskRunning;
26/09/17;14:28:56.635;INFO;Epics Server;Registered PV: SW:checkTaskResult;
26/09/17;14:28:56.635;INFO;Epics Server;Registered PV: SW:startTestTask;
26/09/17;14:28:56.635;INFO;Epics Server;Registered PV: SW:pauseRobot;
26/09/17;14:28:56.635;INFO;Epics Server;Registered PV: SW:resumeRobot;
26/09/17;14:28:56.635;INFO;Epics Server;Registered PV: SW:setRobotVariable;
26/09/17;14:28:56.635;INFO;Epics Server;Registered PV: SW:isSampleMounted;
26/09/17;14:28:56.635;INFO;Epics Server;Registered PV: SW:startRobotTask;
26/09/17;14:28:56.635;INFO;Epics Server;Registered PV: SW:getRobotVariable;
26/09/17;14:28:56.636;INFO;Epics Server;Registered PV: SW:getDistance;
26/09/17;14:28:56.636;INFO;Epics Server;Initializing: Channel Access Server in Java v1.1.1;
26/09/17;14:28:56.636;INFO;Epics Server;Started server: ready to accept requests;
26/09/17;14:28:57.573;INFO;Controller;Initializing Robot;
26/09/17;14:28:57.580;INFO;Robot;Setting reference frame to: world;
26/09/17;14:28:57.734;INFO;Controller;Initializing Bus Controller;
26/09/17;14:28:57.735;INFO;Anti-Collision;Active = true;
26/09/17;14:28:57.735;INFO;Controller;State = Starting;
26/09/17;14:28:57.736;INFO;Controller;Command: Reset;
26/09/17;14:28:57.737;INFO;Controller;Executing asynchronous script: ./script/Reset.py;
26/09/17;14:28:57.737;INFO;Controller;Status = Reseting;
26/09/17;14:28:57.737;INFO;Controller;State = Running;
26/09/17;14:28:58.014;INFO;Controller;Script host: localhost:56522;
26/09/17;14:28:58.014;INFO;Script;Starting initialization script;
26/09/17;14:28:58.017;INFO;Script;Do nothing;
26/09/17;14:28:58.017;INFO;Controller;Script ./script/Reset.py ended. Return value: ;
26/09/17;14:28:58.018;INFO;Controller;State = Ready;
26/09/17;14:29:00.206;INFO;Robot;Enabling Power;
26/09/17;14:29:06.758;INFO;Interface;Command: ExecRobotTask (CoolDown,-1);
26/09/17;14:29:06.759;INFO;Controller;Executing asynchronous activity: ExecRobotTask;
26/09/17;14:29:06.759;INFO;Controller;Status = Executing: CoolDown;
26/09/17;14:29:06.759;INFO;Controller;State = Running;
26/09/17;14:29:07.527;INFO;Robot Runtime;executing:    CoolDown;
26/09/17;14:29:13.068;INFO;Robot Runtime;Failed (Time Out) to open Park Lid.;
26/09/17;14:29:13.557;INFO;Controller;Activity ExecRobotTask ended. Return value: ABORT: Open Park Lid Timeout;
26/09/17;14:29:13.557;INFO;Controller;State = Ready;
26/09/17;14:29:37.548;INFO;Server;Command: ExecRobotTask (Initialize,500000);
26/09/17;14:29:37.549;INFO;Controller;Executing asynchronous activity: ExecRobotTask;
26/09/17;14:29:37.549;INFO;Controller;Status = Executing: Initialize;
26/09/17;14:29:37.549;INFO;Controller;State = Running;
26/09/17;14:29:38.294;INFO;Robot Runtime;executing:    Initialize;
26/09/17;14:29:38.808;INFO;Controller;Activity ExecRobotTask ended. Return value: Done;
26/09/17;14:29:38.809;INFO;Controller;State = Ready;
26/09/17;14:29:38.843;INFO;Server;Command: ExecRobotTask (CoolDown,500000);
26/09/17;14:29:38.844;INFO;Controller;Executing asynchronous activity: ExecRobotTask;
26/09/17;14:29:38.844;INFO;Controller;Status = Executing: CoolDown;
26/09/17;14:29:38.844;INFO;Controller;State = Running;
26/09/17;14:29:39.582;INFO;Robot Runtime;executing:    CoolDown;
26/09/17;14:29:45.125;INFO;Robot Runtime;Failed (Time Out) to open Park Lid.;
26/09/17;14:29:45.476;INFO;Controller;Activity ExecRobotTask ended. Return value: ABORT: Open Park Lid Timeout;
26/09/17;14:29:45.476;INFO;Controller;State = Ready;
26/09/17;14:30:01.718;INFO;Robot;Disabling Power;
26/09/17;14:30:12.910;INFO;Interface;Command: Abort;
26/09/17;14:30:12.910;INFO;Robot;Abort;
26/09/17;14:30:18.926;INFO;Interface;Command: Restart;
26/09/17;14:30:18.926;INFO;Controller;State = Initializing;
26/09/17;14:30:18.987;INFO;Controller;Initialized log services - Startup: 25/09/17 11:30:55;
26/09/17;14:30:19.994;INFO;Epics Server;Exiting running thread;
26/09/17;14:30:19.998;INFO;Epics Server;Registered PV: SW:Version;
26/09/17;14:30:19.998;INFO;Epics Server;Registered PV: SW:Status;
26/09/17;14:30:19.999;INFO;Epics Server;Registered PV: SW:Uptime;
26/09/17;14:30:19.999;INFO;Epics Server;Registered PV: SW:LastTaskInfo;
26/09/17;14:30:19.999;INFO;Epics Server;Registered PV: SW:AlarmList;
26/09/17;14:30:19.999;INFO;Epics Server;Registered PV: SW:LocalGuiLockOut;
26/09/17;14:30:19.999;INFO;Epics Server;Registered PV: SW:RobotSpeed;
26/09/17;14:30:19.999;INFO;Epics Server;Registered PV: SW:LastTaskException;
26/09/17;14:30:19.999;INFO;Epics Server;Registered PV: SW:LastTaskOutput;
26/09/17;14:30:19.999;INFO;Epics Server;Registered PV: SW:RobotState;
26/09/17;14:30:19.999;INFO;Epics Server;Registered PV: SW:CartesianPositions;
26/09/17;14:30:19.999;INFO;Epics Server;Registered PV: SW:JointPositions;
26/09/17;14:30:19.999;INFO;Epics Server;Registered PV: SW:State;
26/09/17;14:30:19.999;INFO;Epics Server;Registered PV: SW:abort;
26/09/17;14:30:19.999;INFO;Epics Server;Registered PV: SW:restart;
26/09/17;14:30:20.000;INFO;Epics Server;Registered PV: SW:getTaskInfo;
26/09/17;14:30:20.000;INFO;Epics Server;Registered PV: SW:isTaskRunning;
26/09/17;14:30:20.000;INFO;Epics Server;Registered PV: SW:checkTaskResult;
26/09/17;14:30:20.000;INFO;Epics Server;Registered PV: SW:startTestTask;
26/09/17;14:30:20.000;INFO;Epics Server;Registered PV: SW:pauseRobot;
26/09/17;14:30:20.000;INFO;Epics Server;Registered PV: SW:resumeRobot;
26/09/17;14:30:20.000;INFO;Epics Server;Registered PV: SW:setRobotVariable;
26/09/17;14:30:20.000;INFO;Epics Server;Registered PV: SW:isSampleMounted;
26/09/17;14:30:20.000;INFO;Epics Server;Registered PV: SW:startRobotTask;
26/09/17;14:30:20.000;INFO;Epics Server;Registered PV: SW:getRobotVariable;
26/09/17;14:30:20.000;INFO;Epics Server;Registered PV: SW:getDistance;
26/09/17;14:30:20.000;INFO;Epics Server;Initializing: Channel Access Server in Java v1.1.1;
26/09/17;14:30:20.001;INFO;Epics Server;Started server: ready to accept requests;
26/09/17;14:30:20.901;INFO;Controller;Initializing Robot;
26/09/17;14:30:20.908;INFO;Robot;Setting reference frame to: world;
26/09/17;14:30:21.043;INFO;Controller;Initializing Bus Controller;
26/09/17;14:30:21.044;INFO;Anti-Collision;Active = true;
26/09/17;14:30:21.044;INFO;Controller;State = Starting;
26/09/17;14:30:21.045;INFO;Controller;Command: Reset;
26/09/17;14:30:21.046;INFO;Controller;Executing asynchronous script: ./script/Reset.py;
26/09/17;14:30:21.046;INFO;Controller;Status = Reseting;
26/09/17;14:30:21.046;INFO;Controller;State = Running;
26/09/17;14:30:21.391;INFO;Controller;Script host: localhost:33764;
26/09/17;14:30:21.391;INFO;Script;Starting initialization script;
26/09/17;14:30:21.394;INFO;Script;Do nothing;
26/09/17;14:30:21.395;INFO;Controller;Script ./script/Reset.py ended. Return value: ;
26/09/17;14:30:21.395;INFO;Controller;State = Ready;
26/09/17;14:30:26.238;INFO;Robot;Enabling Power;
26/09/17;14:30:30.950;INFO;Interface;Command: ExecRobotTask (CoolDown,-1);
26/09/17;14:30:30.950;INFO;Controller;Executing asynchronous activity: ExecRobotTask;
26/09/17;14:30:30.950;INFO;Controller;Status = Executing: CoolDown;
26/09/17;14:30:30.950;INFO;Controller;State = Running;
26/09/17;14:30:31.747;INFO;Robot Runtime;executing:    CoolDown;
26/09/17;14:30:36.789;INFO;Robot Runtime;Failed (Time Out) to open Park Lid.;
26/09/17;14:30:37.136;INFO;Controller;Activity ExecRobotTask ended. Return value: ABORT: Open Park Lid Timeout;
26/09/17;14:30:37.136;INFO;Controller;State = Ready;
26/09/17;14:30:40.366;INFO;Interface;Command: Abort;
26/09/17;14:30:40.366;INFO;Robot;Abort;
26/09/17;14:30:41.062;INFO;Interface;Command: Abort;
26/09/17;14:30:41.062;INFO;Robot;Abort;
26/09/17;14:30:52.910;INFO;Interface;Command: ExecRobotTask (finish,-1);
26/09/17;14:30:52.910;INFO;Controller;Executing asynchronous activity: ExecRobotTask;
26/09/17;14:30:52.911;INFO;Controller;Status = Executing: finish;
26/09/17;14:30:52.911;INFO;Controller;State = Running;
26/09/17;14:30:53.652;INFO;Robot Runtime;executing:    finish;
26/09/17;14:31:28.051;INFO;Controller;Activity ExecRobotTask ended. Return value: Done;
26/09/17;14:31:28.052;INFO;Controller;State = Ready;
26/09/17;14:37:36.004;INFO;Interface;Command: ExecRobotTask (initialize,-1);
26/09/17;14:37:36.009;INFO;Controller;Executing asynchronous activity: ExecRobotTask;
26/09/17;14:37:36.010;INFO;Controller;Status = Executing: initialize;
26/09/17;14:37:36.010;INFO;Controller;State = Running;
26/09/17;14:37:36.817;INFO;Robot Runtime;executing:    initialize;
26/09/17;14:37:39.406;INFO;Controller;Activity ExecRobotTask ended. Return value: Done;
26/09/17;14:37:39.407;INFO;Controller;State = Ready;
26/09/17;14:37:50.876;INFO;Interface;Command: ExecRobotTask (CoolDown,-1);
26/09/17;14:37:50.877;INFO;Controller;Executing asynchronous activity: ExecRobotTask;
26/09/17;14:37:50.877;INFO;Controller;Status = Executing: CoolDown;
26/09/17;14:37:50.877;INFO;Controller;State = Running;
26/09/17;14:37:51.618;INFO;Robot Runtime;executing:    CoolDown;
26/09/17;14:39:00.874;INFO;Controller;Activity ExecRobotTask ended. Return value: Done;
26/09/17;14:39:00.875;INFO;Controller;State = Ready;
26/09/17;14:40:23.651;INFO;Interface;Command: ExecRobotTask (finish,-1);
26/09/17;14:40:23.652;INFO;Controller;Executing asynchronous activity: ExecRobotTask;
26/09/17;14:40:23.652;INFO;Controller;Status = Executing: finish;
26/09/17;14:40:23.652;INFO;Controller;State = Running;
26/09/17;14:40:24.392;INFO;Robot Runtime;executing:    finish;
26/09/17;14:43:24.872;INFO;Controller;Activity ExecRobotTask ended. Return value: Done;
26/09/17;14:43:24.876;INFO;Controller;State = Ready;
26/09/17;14:46:46.674;INFO;Interface;Command: ExecRobotTask (initialize,-1);
26/09/17;14:46:46.675;INFO;Controller;Executing asynchronous activity: ExecRobotTask;
26/09/17;14:46:46.675;INFO;Controller;Status = Executing: initialize;
26/09/17;14:46:46.675;INFO;Controller;State = Running;
26/09/17;14:46:47.405;INFO;Robot Runtime;executing:    initialize;
26/09/17;14:46:48.397;INFO;Controller;Activity ExecRobotTask ended. Return value: Done;
26/09/17;14:46:48.397;INFO;Controller;State = Ready;
26/09/17;14:46:54.394;INFO;Interface;Command: ExecRobotTask (cooldown,-1);
26/09/17;14:46:54.394;INFO;Controller;Executing asynchronous activity: ExecRobotTask;
26/09/17;14:46:54.394;INFO;Controller;Status = Executing: cooldown;
26/09/17;14:46:54.394;INFO;Controller;State = Running;
26/09/17;14:46:55.137;INFO;Robot Runtime;executing:    cooldown;
26/09/17;14:48:07.171;INFO;Controller;Activity ExecRobotTask ended. Return value: Done;
26/09/17;14:48:07.171;INFO;Controller;State = Ready;
26/09/17;14:49:01.281;INFO;Interface;Command: ExecRobotTask (finish,-1);
26/09/17;14:49:01.282;INFO;Controller;Executing asynchronous activity: ExecRobotTask;
26/09/17;14:49:01.282;INFO;Controller;Status = Executing: finish;
26/09/17;14:49:01.282;INFO;Controller;State = Running;
26/09/17;14:49:02.029;INFO;Robot Runtime;executing:    finish;
26/09/17;14:52:09.207;INFO;Controller;Activity ExecRobotTask ended. Return value: Done;
26/09/17;14:52:09.208;INFO;Controller;State = Ready;
26/09/17;14:56:20.247;INFO;Interface;Command: ExecRobotTask (initialize,-1);
26/09/17;14:56:20.248;INFO;Controller;Executing asynchronous activity: ExecRobotTask;
26/09/17;14:56:20.249;INFO;Controller;Status = Executing: initialize;
26/09/17;14:56:20.249;INFO;Controller;State = Running;
26/09/17;14:56:21.015;INFO;Robot Runtime;executing:    initialize;
26/09/17;14:56:22.293;INFO;Controller;Activity ExecRobotTask ended. Return value: Done;
26/09/17;14:56:22.293;INFO;Controller;State = Ready;
26/09/17;14:57:57.103;INFO;Interface;Command: ExecRobotTask (finish,-1);
26/09/17;14:57:57.103;INFO;Controller;Executing asynchronous activity: ExecRobotTask;
26/09/17;14:57:57.104;INFO;Controller;Status = Executing: finish;
26/09/17;14:57:57.104;INFO;Controller;State = Running;
26/09/17;14:57:57.845;INFO;Robot Runtime;executing:    finish;
26/09/17;14:58:25.441;INFO;Controller;Activity ExecRobotTask ended. Return value: Done;
26/09/17;14:58:25.442;INFO;Controller;State = Ready;
26/09/17;15:00:37.990;INFO;Robot;Enabling Power;
26/09/17;15:00:45.926;INFO;Interface;Command: ExecRobotTask (finish,-1);
26/09/17;15:00:45.927;INFO;Controller;Executing asynchronous activity: ExecRobotTask;
26/09/17;15:00:45.927;INFO;Controller;Status = Executing: finish;
26/09/17;15:00:45.927;INFO;Controller;State = Running;
26/09/17;15:00:46.698;INFO;Robot Runtime;executing:    finish;
26/09/17;15:01:07.617;INFO;Controller;Activity ExecRobotTask ended. Return value: Done;
26/09/17;15:01:07.618;INFO;Controller;State = Ready;
26/09/17;15:04:51.101;INFO;Robot;Enabling Power;
26/09/17;15:04:57.029;INFO;Interface;Command: ExecRobotTask (finish,-1);
26/09/17;15:04:57.029;INFO;Controller;Executing asynchronous activity: ExecRobotTask;
26/09/17;15:04:57.030;INFO;Controller;Status = Executing: finish;
26/09/17;15:04:57.030;INFO;Controller;State = Running;
26/09/17;15:04:57.797;INFO;Robot Runtime;executing:    finish;
26/09/17;15:05:17.170;INFO;Controller;Activity ExecRobotTask ended. Return value: Done;
26/09/17;15:05:17.171;INFO;Controller;State = Ready;
