12/10/17;12:33:50.358;INFO;Server;Command: ExecRobotTask (Initialize,500000);
12/10/17;12:33:50.387;INFO;Controller;Executing asynchronous activity: ExecRobotTask;
12/10/17;12:33:50.387;INFO;Controller;Status = Executing: Initialize;
12/10/17;12:33:50.388;INFO;Controller;State = Running;
12/10/17;12:33:51.273;INFO;Robot Runtime;executing:    Initialize;
12/10/17;12:33:52.517;INFO;Controller;Activity ExecRobotTask ended. Return value: Done;
12/10/17;12:33:52.517;INFO;Controller;State = Ready;
12/10/17;12:33:52.550;INFO;Server;Command: ExecRobotTask (LatchRobGov,500000);
12/10/17;12:33:52.550;INFO;Controller;Executing asynchronous activity: ExecRobotTask;
12/10/17;12:33:52.550;INFO;Controller;Status = Executing: LatchRobGov;
12/10/17;12:33:52.550;INFO;Controller;State = Running;
12/10/17;12:33:53.472;INFO;Robot Runtime;executing:    LatchRobGov;
12/10/17;12:33:53.988;INFO;Controller;Activity ExecRobotTask ended. Return value: Done;
12/10/17;12:33:53.988;INFO;Controller;State = Ready;
12/10/17;12:33:54.014;INFO;Server;Command: ExecRobotTask (TraceSample,500000);
12/10/17;12:33:54.014;INFO;Controller;Executing asynchronous activity: ExecRobotTask;
12/10/17;12:33:54.014;INFO;Controller;Status = Executing: TraceSample;
12/10/17;12:33:54.014;INFO;Controller;State = Running;
12/10/17;12:33:54.789;INFO;Robot Runtime;executing:    TraceSample;
12/10/17;12:33:55.777;INFO;Controller;Activity ExecRobotTask ended. Return value: Done False/False/False;
12/10/17;12:33:55.777;INFO;Controller;State = Ready;
12/10/17;12:33:55.810;INFO;Server;Command: ExecRobotTask (CoolDown,500000);
12/10/17;12:33:55.810;INFO;Controller;Executing asynchronous activity: ExecRobotTask;
12/10/17;12:33:55.810;INFO;Controller;Status = Executing: CoolDown;
12/10/17;12:33:55.810;INFO;Controller;State = Running;
12/10/17;12:33:56.576;INFO;Robot Runtime;executing:    CoolDown;
12/10/17;12:35:08.618;INFO;Controller;Activity ExecRobotTask ended. Return value: Done;
12/10/17;12:35:08.618;INFO;Controller;State = Ready;
12/10/17;12:35:08.843;INFO;Server;Command: ExecRobotTask (Load,500000);
12/10/17;12:35:08.843;INFO;Controller;Executing asynchronous activity: ExecRobotTask;
12/10/17;12:35:08.844;INFO;Controller;Status = Executing: Load;
12/10/17;12:35:08.844;INFO;Controller;State = Running;
12/10/17;12:35:09.778;INFO;Robot Runtime;executing:    Load;
12/10/17;12:35:19.329;INFO;Controller;Activity ExecRobotTask ended. Return value: Done False/True/False;
12/10/17;12:35:19.329;INFO;Controller;State = Ready;
12/10/17;12:35:19.360;INFO;Server;Command: ExecRobotTask (Mount,500000);
12/10/17;12:35:19.360;INFO;Controller;Executing asynchronous activity: ExecRobotTask;
12/10/17;12:35:19.360;INFO;Controller;Status = Executing: Mount;
12/10/17;12:35:19.360;INFO;Controller;State = Running;
12/10/17;12:35:20.253;INFO;Robot Runtime;executing:    Mount;
12/10/17;12:35:28.198;INFO;Controller;Activity ExecRobotTask ended. Return value: Done True/False/False;
12/10/17;12:35:28.198;INFO;Controller;State = Ready;
12/10/17;12:35:28.234;INFO;Server;Command: ExecRobotTask (Park,500000);
12/10/17;12:35:28.234;INFO;Controller;Executing asynchronous activity: ExecRobotTask;
12/10/17;12:35:28.234;INFO;Controller;Status = Executing: Park;
12/10/17;12:35:28.234;INFO;Controller;State = Running;
12/10/17;12:35:29.117;INFO;Robot Runtime;executing:    Park;
12/10/17;12:35:32.365;INFO;Controller;Activity ExecRobotTask ended. Return value: Done;
12/10/17;12:35:32.365;INFO;Controller;State = Ready;
12/10/17;12:35:32.393;INFO;Server;Command: ExecRobotTask (UnlatchRobGov,500000);
12/10/17;12:35:32.393;INFO;Controller;Executing asynchronous activity: ExecRobotTask;
12/10/17;12:35:32.393;INFO;Controller;Status = Executing: UnlatchRobGov;
12/10/17;12:35:32.393;INFO;Controller;State = Running;
12/10/17;12:35:33.189;INFO;Robot Runtime;executing:    UnlatchRobGov;
12/10/17;12:35:33.320;INFO;Controller;Activity ExecRobotTask ended. Return value: Done;
12/10/17;12:35:34.417;INFO;Controller;State = Ready;
12/10/17;15:10:59.183;INFO;Server;Command: ExecRobotTask (Initialize,500000);
12/10/17;15:10:59.189;INFO;Controller;Executing asynchronous activity: ExecRobotTask;
12/10/17;15:10:59.189;INFO;Controller;Status = Executing: Initialize;
12/10/17;15:10:59.189;INFO;Controller;State = Running;
12/10/17;15:11:00.039;INFO;Robot Runtime;executing:    Initialize;
12/10/17;15:11:00.602;INFO;Controller;Activity ExecRobotTask ended. Return value: Done;
12/10/17;15:11:00.602;INFO;Controller;State = Ready;
12/10/17;15:11:00.632;INFO;Server;Command: ExecRobotTask (LatchRobGov,500000);
12/10/17;15:11:00.632;INFO;Controller;Executing asynchronous activity: ExecRobotTask;
12/10/17;15:11:00.632;INFO;Controller;Status = Executing: LatchRobGov;
12/10/17;15:11:00.632;INFO;Controller;State = Running;
12/10/17;15:11:01.647;INFO;Robot Runtime;executing:    LatchRobGov;
12/10/17;15:11:03.983;INFO;Controller;Activity ExecRobotTask ended. Return value: Done;
12/10/17;15:11:03.983;INFO;Controller;State = Ready;
12/10/17;15:11:04.012;INFO;Server;Command: ExecRobotTask (CoolDown,500000);
12/10/17;15:11:04.012;INFO;Controller;Executing asynchronous activity: ExecRobotTask;
12/10/17;15:11:04.012;INFO;Controller;Status = Executing: CoolDown;
12/10/17;15:11:04.012;INFO;Controller;State = Running;
12/10/17;15:11:04.847;INFO;Robot Runtime;executing:    CoolDown;
12/10/17;15:11:05.353;INFO;Controller;Activity ExecRobotTask ended. Return value: Done;
12/10/17;15:11:05.353;INFO;Controller;State = Ready;
12/10/17;15:11:05.384;INFO;Server;Command: ExecRobotTask (TraceSample,500000);
12/10/17;15:11:05.384;INFO;Controller;Executing asynchronous activity: ExecRobotTask;
12/10/17;15:11:05.384;INFO;Controller;Status = Executing: TraceSample;
12/10/17;15:11:05.384;INFO;Controller;State = Running;
12/10/17;15:11:06.174;INFO;Robot Runtime;executing:    TraceSample;
12/10/17;15:11:08.756;INFO;Controller;Activity ExecRobotTask ended. Return value: Done True/False/False;
12/10/17;15:11:08.757;INFO;Controller;State = Ready;
12/10/17;15:11:08.785;INFO;Server;Command: ExecRobotTask (Unmount,500000);
12/10/17;15:11:08.785;INFO;Controller;Executing asynchronous activity: ExecRobotTask;
12/10/17;15:11:08.785;INFO;Controller;Status = Executing: Unmount;
12/10/17;15:11:08.785;INFO;Controller;State = Running;
12/10/17;15:11:09.539;INFO;Robot Runtime;executing:    Unmount;
12/10/17;15:11:17.705;INFO;Controller;Activity ExecRobotTask ended. Return value: Done False/True/False;
12/10/17;15:11:17.705;INFO;Controller;State = Ready;
12/10/17;15:11:17.734;INFO;Server;Command: ExecRobotTask (Unload,500000);
12/10/17;15:11:17.734;INFO;Controller;Executing asynchronous activity: ExecRobotTask;
12/10/17;15:11:17.734;INFO;Controller;Status = Executing: Unload;
12/10/17;15:11:17.734;INFO;Controller;State = Running;
12/10/17;15:11:18.600;INFO;Robot Runtime;executing:    Unload;
12/10/17;15:11:23.387;INFO;Controller;Activity ExecRobotTask ended. Return value: Done False/False/False;
12/10/17;15:11:23.387;INFO;Controller;State = Ready;
12/10/17;15:11:25.673;INFO;Server;Command: ExecRobotTask (Load,500000);
12/10/17;15:11:25.673;INFO;Controller;Executing asynchronous activity: ExecRobotTask;
12/10/17;15:11:25.674;INFO;Controller;Status = Executing: Load;
12/10/17;15:11:25.674;INFO;Controller;State = Running;
12/10/17;15:11:26.679;INFO;Robot Runtime;executing:    Load;
12/10/17;15:11:33.526;INFO;Controller;Activity ExecRobotTask ended. Return value: Done False/True/False;
12/10/17;15:11:33.527;INFO;Controller;State = Ready;
12/10/17;15:11:33.558;INFO;Server;Command: ExecRobotTask (Mount,500000);
12/10/17;15:11:33.559;INFO;Controller;Executing asynchronous activity: ExecRobotTask;
12/10/17;15:11:33.559;INFO;Controller;Status = Executing: Mount;
12/10/17;15:11:33.559;INFO;Controller;State = Running;
12/10/17;15:11:34.429;INFO;Robot Runtime;executing:    Mount;
12/10/17;15:11:41.748;INFO;Controller;Activity ExecRobotTask ended. Return value: Done True/False/False;
12/10/17;15:11:41.748;INFO;Controller;State = Ready;
12/10/17;15:11:41.779;INFO;Server;Command: ExecRobotTask (Park,500000);
12/10/17;15:11:41.779;INFO;Controller;Executing asynchronous activity: ExecRobotTask;
12/10/17;15:11:41.779;INFO;Controller;Status = Executing: Park;
12/10/17;15:11:41.779;INFO;Controller;State = Running;
12/10/17;15:11:42.528;INFO;Robot Runtime;executing:    Park;
12/10/17;15:11:45.895;INFO;Controller;Activity ExecRobotTask ended. Return value: Done;
12/10/17;15:11:45.896;INFO;Controller;State = Ready;
12/10/17;15:11:45.933;INFO;Server;Command: ExecRobotTask (UnlatchRobGov,500000);
12/10/17;15:11:45.934;INFO;Controller;Executing asynchronous activity: ExecRobotTask;
12/10/17;15:11:45.934;INFO;Controller;Status = Executing: UnlatchRobGov;
12/10/17;15:11:45.934;INFO;Controller;State = Running;
12/10/17;15:11:46.733;INFO;Robot Runtime;executing:    UnlatchRobGov;
12/10/17;15:11:46.858;INFO;Controller;Activity ExecRobotTask ended. Return value: Done;
12/10/17;15:11:46.858;INFO;Controller;State = Ready;
12/10/17;17:57:24.970;INFO;Server;Command: ExecRobotTask (Initialize,500000);
12/10/17;17:57:24.975;INFO;Controller;Executing asynchronous activity: ExecRobotTask;
12/10/17;17:57:24.975;INFO;Controller;Status = Executing: Initialize;
12/10/17;17:57:24.975;INFO;Controller;State = Running;
12/10/17;17:57:25.864;INFO;Robot Runtime;executing:    Initialize;
12/10/17;17:57:26.444;INFO;Controller;Activity ExecRobotTask ended. Return value: Done;
12/10/17;17:57:26.444;INFO;Controller;State = Ready;
12/10/17;17:57:26.475;INFO;Server;Command: ExecRobotTask (LatchRobGov,500000);
12/10/17;17:57:26.476;INFO;Controller;Executing asynchronous activity: ExecRobotTask;
12/10/17;17:57:26.476;INFO;Controller;Status = Executing: LatchRobGov;
12/10/17;17:57:26.476;INFO;Controller;State = Running;
12/10/17;17:57:27.447;INFO;Robot Runtime;executing:    LatchRobGov;
12/10/17;17:57:29.577;INFO;Controller;Activity ExecRobotTask ended. Return value: Done;
12/10/17;17:57:29.578;INFO;Controller;State = Ready;
12/10/17;17:57:29.613;INFO;Server;Command: ExecRobotTask (CoolDown,500000);
12/10/17;17:57:29.614;INFO;Controller;Executing asynchronous activity: ExecRobotTask;
12/10/17;17:57:29.614;INFO;Controller;Status = Executing: CoolDown;
12/10/17;17:57:29.614;INFO;Controller;State = Running;
12/10/17;17:57:30.496;INFO;Robot Runtime;executing:    CoolDown;
12/10/17;17:57:30.960;INFO;Controller;Activity ExecRobotTask ended. Return value: Done;
12/10/17;17:57:30.960;INFO;Controller;State = Ready;
12/10/17;17:57:30.999;INFO;Server;Command: ExecRobotTask (TraceSample,500000);
12/10/17;17:57:30.999;INFO;Controller;Executing asynchronous activity: ExecRobotTask;
12/10/17;17:57:30.999;INFO;Controller;Status = Executing: TraceSample;
12/10/17;17:57:30.999;INFO;Controller;State = Running;
12/10/17;17:57:31.752;INFO;Robot Runtime;executing:    TraceSample;
12/10/17;17:57:34.370;INFO;Controller;Activity ExecRobotTask ended. Return value: Done True/False/False;
12/10/17;17:57:34.371;INFO;Controller;State = Ready;
12/10/17;17:57:34.401;INFO;Server;Command: ExecRobotTask (Unmount,500000);
12/10/17;17:57:34.402;INFO;Controller;Executing asynchronous activity: ExecRobotTask;
12/10/17;17:57:34.402;INFO;Controller;Status = Executing: Unmount;
12/10/17;17:57:34.402;INFO;Controller;State = Running;
12/10/17;17:57:35.155;INFO;Robot Runtime;executing:    Unmount;
12/10/17;17:57:42.326;INFO;Controller;Activity ExecRobotTask ended. Return value: Done False/True/False;
12/10/17;17:57:42.326;INFO;Controller;State = Ready;
12/10/17;17:57:42.360;INFO;Server;Command: ExecRobotTask (Unload,500000);
12/10/17;17:57:42.360;INFO;Controller;Executing asynchronous activity: ExecRobotTask;
12/10/17;17:57:42.361;INFO;Controller;Status = Executing: Unload;
12/10/17;17:57:42.361;INFO;Controller;State = Running;
12/10/17;17:57:43.270;INFO;Robot Runtime;executing:    Unload;
12/10/17;17:57:48.028;INFO;Controller;Activity ExecRobotTask ended. Return value: Done False/False/False;
12/10/17;17:57:48.028;INFO;Controller;State = Ready;
12/10/17;17:57:50.339;INFO;Server;Command: ExecRobotTask (Load,500000);
12/10/17;17:57:50.339;INFO;Controller;Executing asynchronous activity: ExecRobotTask;
12/10/17;17:57:50.339;INFO;Controller;Status = Executing: Load;
12/10/17;17:57:50.339;INFO;Controller;State = Running;
12/10/17;17:57:51.298;INFO;Robot Runtime;executing:    Load;
12/10/17;17:57:58.203;INFO;Controller;Activity ExecRobotTask ended. Return value: Done False/True/False;
12/10/17;17:57:58.203;INFO;Controller;State = Ready;
12/10/17;17:57:58.244;INFO;Server;Command: ExecRobotTask (Mount,500000);
12/10/17;17:57:58.244;INFO;Controller;Executing asynchronous activity: ExecRobotTask;
12/10/17;17:57:58.245;INFO;Controller;Status = Executing: Mount;
12/10/17;17:57:58.245;INFO;Controller;State = Running;
12/10/17;17:57:59.113;INFO;Robot Runtime;executing:    Mount;
12/10/17;17:58:05.927;INFO;Controller;Activity ExecRobotTask ended. Return value: Done True/False/False;
12/10/17;17:58:05.927;INFO;Controller;State = Ready;
12/10/17;17:58:05.967;INFO;Server;Command: ExecRobotTask (Park,500000);
12/10/17;17:58:05.968;INFO;Controller;Executing asynchronous activity: ExecRobotTask;
12/10/17;17:58:05.968;INFO;Controller;Status = Executing: Park;
12/10/17;17:58:05.968;INFO;Controller;State = Running;
12/10/17;17:58:06.722;INFO;Robot Runtime;executing:    Park;
12/10/17;17:58:10.081;INFO;Controller;Activity ExecRobotTask ended. Return value: Done;
12/10/17;17:58:10.081;INFO;Controller;State = Ready;
12/10/17;17:58:10.113;INFO;Server;Command: ExecRobotTask (UnlatchRobGov,500000);
12/10/17;17:58:10.113;INFO;Controller;Executing asynchronous activity: ExecRobotTask;
12/10/17;17:58:10.114;INFO;Controller;Status = Executing: UnlatchRobGov;
12/10/17;17:58:10.114;INFO;Controller;State = Running;
12/10/17;17:58:10.906;INFO;Robot Runtime;executing:    UnlatchRobGov;
12/10/17;17:58:11.040;INFO;Controller;Activity ExecRobotTask ended. Return value: Done;
12/10/17;17:58:11.040;INFO;Controller;State = Ready;
12/10/17;19:01:35.135;INFO;Server;Command: ExecRobotTask (Initialize,500000);
12/10/17;19:01:35.138;INFO;Controller;Executing asynchronous activity: ExecRobotTask;
12/10/17;19:01:35.138;INFO;Controller;Status = Executing: Initialize;
12/10/17;19:01:35.138;INFO;Controller;State = Running;
12/10/17;19:01:36.003;INFO;Robot Runtime;executing:    Initialize;
12/10/17;19:01:36.464;INFO;Controller;Activity ExecRobotTask ended. Return value: Done;
12/10/17;19:01:36.464;INFO;Controller;State = Ready;
12/10/17;19:01:36.496;INFO;Server;Command: ExecRobotTask (LatchRobGov,500000);
12/10/17;19:01:36.496;INFO;Controller;Executing asynchronous activity: ExecRobotTask;
12/10/17;19:01:36.496;INFO;Controller;Status = Executing: LatchRobGov;
12/10/17;19:01:36.496;INFO;Controller;State = Running;
12/10/17;19:01:37.472;INFO;Robot Runtime;executing:    LatchRobGov;
12/10/17;19:01:39.853;INFO;Controller;Activity ExecRobotTask ended. Return value: Done;
12/10/17;19:01:39.853;INFO;Controller;State = Ready;
12/10/17;19:01:39.892;INFO;Server;Command: ExecRobotTask (CoolDown,500000);
12/10/17;19:01:39.893;INFO;Controller;Executing asynchronous activity: ExecRobotTask;
12/10/17;19:01:39.893;INFO;Controller;Status = Executing: CoolDown;
12/10/17;19:01:39.893;INFO;Controller;State = Running;
12/10/17;19:01:40.774;INFO;Robot Runtime;executing:    CoolDown;
12/10/17;19:01:41.233;INFO;Controller;Activity ExecRobotTask ended. Return value: Done;
12/10/17;19:01:41.233;INFO;Controller;State = Ready;
12/10/17;19:01:41.269;INFO;Server;Command: ExecRobotTask (TraceSample,500000);
12/10/17;19:01:41.270;INFO;Controller;Executing asynchronous activity: ExecRobotTask;
12/10/17;19:01:41.270;INFO;Controller;Status = Executing: TraceSample;
12/10/17;19:01:41.270;INFO;Controller;State = Running;
12/10/17;19:01:42.016;INFO;Robot Runtime;executing:    TraceSample;
12/10/17;19:01:44.647;INFO;Controller;Activity ExecRobotTask ended. Return value: Done True/False/False;
12/10/17;19:01:44.647;INFO;Controller;State = Ready;
12/10/17;19:01:44.686;INFO;Server;Command: ExecRobotTask (Unmount,500000);
12/10/17;19:01:44.686;INFO;Controller;Executing asynchronous activity: ExecRobotTask;
12/10/17;19:01:44.686;INFO;Controller;Status = Executing: Unmount;
12/10/17;19:01:44.686;INFO;Controller;State = Running;
12/10/17;19:01:45.437;INFO;Robot Runtime;executing:    Unmount;
12/10/17;19:01:53.083;INFO;Controller;Activity ExecRobotTask ended. Return value: Done False/True/False;
12/10/17;19:01:53.083;INFO;Controller;State = Ready;
12/10/17;19:01:53.121;INFO;Server;Command: ExecRobotTask (Unload,500000);
12/10/17;19:01:53.122;INFO;Controller;Executing asynchronous activity: ExecRobotTask;
12/10/17;19:01:53.122;INFO;Controller;Status = Executing: Unload;
12/10/17;19:01:53.122;INFO;Controller;State = Running;
12/10/17;19:01:54.010;INFO;Robot Runtime;executing:    Unload;
12/10/17;19:01:58.785;INFO;Controller;Activity ExecRobotTask ended. Return value: Done False/False/False;
12/10/17;19:01:58.785;INFO;Controller;State = Ready;
12/10/17;19:02:01.061;INFO;Server;Command: ExecRobotTask (Load,500000);
12/10/17;19:02:01.061;INFO;Controller;Executing asynchronous activity: ExecRobotTask;
12/10/17;19:02:01.061;INFO;Controller;Status = Executing: Load;
12/10/17;19:02:01.061;INFO;Controller;State = Running;
12/10/17;19:02:02.026;INFO;Robot Runtime;executing:    Load;
12/10/17;19:02:08.930;INFO;Controller;Activity ExecRobotTask ended. Return value: Done False/True/False;
12/10/17;19:02:08.930;INFO;Controller;State = Ready;
12/10/17;19:02:08.970;INFO;Server;Command: ExecRobotTask (Mount,500000);
12/10/17;19:02:08.970;INFO;Controller;Executing asynchronous activity: ExecRobotTask;
12/10/17;19:02:08.970;INFO;Controller;Status = Executing: Mount;
12/10/17;19:02:08.971;INFO;Controller;State = Running;
12/10/17;19:02:09.837;INFO;Robot Runtime;executing:    Mount;
12/10/17;19:02:18.113;INFO;Controller;Activity ExecRobotTask ended. Return value: Done True/False/False;
12/10/17;19:02:18.113;INFO;Controller;State = Ready;
12/10/17;19:02:18.149;INFO;Server;Command: ExecRobotTask (Park,500000);
12/10/17;19:02:18.149;INFO;Controller;Executing asynchronous activity: ExecRobotTask;
12/10/17;19:02:18.149;INFO;Controller;Status = Executing: Park;
12/10/17;19:02:18.149;INFO;Controller;State = Running;
12/10/17;19:02:18.895;INFO;Robot Runtime;executing:    Park;
12/10/17;19:02:22.260;INFO;Controller;Activity ExecRobotTask ended. Return value: Done;
12/10/17;19:02:22.260;INFO;Controller;State = Ready;
12/10/17;19:02:22.299;INFO;Server;Command: ExecRobotTask (UnlatchRobGov,500000);
12/10/17;19:02:22.299;INFO;Controller;Executing asynchronous activity: ExecRobotTask;
12/10/17;19:02:22.299;INFO;Controller;Status = Executing: UnlatchRobGov;
12/10/17;19:02:22.299;INFO;Controller;State = Running;
12/10/17;19:02:23.093;INFO;Robot Runtime;executing:    UnlatchRobGov;
12/10/17;19:02:23.225;INFO;Controller;Activity ExecRobotTask ended. Return value: Done;
12/10/17;19:02:23.226;INFO;Controller;State = Ready;
12/10/17;19:21:30.394;INFO;Server;Command: ExecRobotTask (Initialize,500000);
12/10/17;19:21:30.401;INFO;Controller;Executing asynchronous activity: ExecRobotTask;
12/10/17;19:21:30.401;INFO;Controller;Status = Executing: Initialize;
12/10/17;19:21:30.401;INFO;Controller;State = Running;
12/10/17;19:21:31.269;INFO;Robot Runtime;executing:    Initialize;
12/10/17;19:21:31.896;INFO;Controller;Activity ExecRobotTask ended. Return value: Done;
12/10/17;19:21:31.896;INFO;Controller;State = Ready;
12/10/17;19:21:31.938;INFO;Server;Command: ExecRobotTask (LatchRobGov,500000);
12/10/17;19:21:31.938;INFO;Controller;Executing asynchronous activity: ExecRobotTask;
12/10/17;19:21:31.938;INFO;Controller;Status = Executing: LatchRobGov;
12/10/17;19:21:31.938;INFO;Controller;State = Running;
12/10/17;19:21:32.906;INFO;Robot Runtime;executing:    LatchRobGov;
12/10/17;19:21:36.251;INFO;Controller;Activity ExecRobotTask ended. Return value: Done;
12/10/17;19:21:36.251;INFO;Controller;State = Ready;
12/10/17;19:21:36.288;INFO;Server;Command: ExecRobotTask (CoolDown,500000);
12/10/17;19:21:36.289;INFO;Controller;Executing asynchronous activity: ExecRobotTask;
12/10/17;19:21:36.289;INFO;Controller;Status = Executing: CoolDown;
12/10/17;19:21:36.289;INFO;Controller;State = Running;
12/10/17;19:21:37.165;INFO;Robot Runtime;executing:    CoolDown;
12/10/17;19:21:37.630;INFO;Controller;Activity ExecRobotTask ended. Return value: Done;
12/10/17;19:21:37.630;INFO;Controller;State = Ready;
12/10/17;19:21:37.669;INFO;Server;Command: ExecRobotTask (TraceSample,500000);
12/10/17;19:21:37.669;INFO;Controller;Executing asynchronous activity: ExecRobotTask;
12/10/17;19:21:37.669;INFO;Controller;Status = Executing: TraceSample;
12/10/17;19:21:37.669;INFO;Controller;State = Running;
12/10/17;19:21:38.420;INFO;Robot Runtime;executing:    TraceSample;
12/10/17;19:21:41.036;INFO;Controller;Activity ExecRobotTask ended. Return value: Done True/False/False;
12/10/17;19:21:41.036;INFO;Controller;State = Ready;
12/10/17;19:21:41.077;INFO;Server;Command: ExecRobotTask (Unmount,500000);
12/10/17;19:21:41.077;INFO;Controller;Executing asynchronous activity: ExecRobotTask;
12/10/17;19:21:41.077;INFO;Controller;Status = Executing: Unmount;
12/10/17;19:21:41.077;INFO;Controller;State = Running;
12/10/17;19:21:41.823;INFO;Robot Runtime;executing:    Unmount;
12/10/17;19:21:49.004;INFO;Controller;Activity ExecRobotTask ended. Return value: Done False/True/False;
12/10/17;19:21:49.004;INFO;Controller;State = Ready;
12/10/17;19:21:49.049;INFO;Server;Command: ExecRobotTask (Unload,500000);
12/10/17;19:21:49.049;INFO;Controller;Executing asynchronous activity: ExecRobotTask;
12/10/17;19:21:49.049;INFO;Controller;Status = Executing: Unload;
12/10/17;19:21:49.049;INFO;Controller;State = Running;
12/10/17;19:21:49.947;INFO;Robot Runtime;executing:    Unload;
12/10/17;19:21:54.738;INFO;Controller;Activity ExecRobotTask ended. Return value: Done False/False/False;
12/10/17;19:21:54.739;INFO;Controller;State = Ready;
12/10/17;19:21:57.020;INFO;Server;Command: ExecRobotTask (Load,500000);
12/10/17;19:21:57.020;INFO;Controller;Executing asynchronous activity: ExecRobotTask;
12/10/17;19:21:57.021;INFO;Controller;Status = Executing: Load;
12/10/17;19:21:57.021;INFO;Controller;State = Running;
12/10/17;19:21:57.983;INFO;Robot Runtime;executing:    Load;
12/10/17;19:22:04.888;INFO;Controller;Activity ExecRobotTask ended. Return value: Done False/True/False;
12/10/17;19:22:04.889;INFO;Controller;State = Ready;
12/10/17;19:22:04.933;INFO;Server;Command: ExecRobotTask (Mount,500000);
12/10/17;19:22:04.933;INFO;Controller;Executing asynchronous activity: ExecRobotTask;
12/10/17;19:22:04.933;INFO;Controller;Status = Executing: Mount;
12/10/17;19:22:04.933;INFO;Controller;State = Running;
12/10/17;19:22:05.802;INFO;Robot Runtime;executing:    Mount;
12/10/17;19:22:13.104;INFO;Controller;Activity ExecRobotTask ended. Return value: Done True/False/False;
12/10/17;19:22:13.105;INFO;Controller;State = Ready;
12/10/17;19:22:13.149;INFO;Server;Command: ExecRobotTask (Park,500000);
12/10/17;19:22:13.149;INFO;Controller;Executing asynchronous activity: ExecRobotTask;
12/10/17;19:22:13.149;INFO;Controller;Status = Executing: Park;
12/10/17;19:22:13.149;INFO;Controller;State = Running;
12/10/17;19:22:13.897;INFO;Robot Runtime;executing:    Park;
12/10/17;19:22:17.254;INFO;Controller;Activity ExecRobotTask ended. Return value: Done;
12/10/17;19:22:17.255;INFO;Controller;State = Ready;
12/10/17;19:22:17.299;INFO;Server;Command: ExecRobotTask (UnlatchRobGov,500000);
12/10/17;19:22:17.299;INFO;Controller;Executing asynchronous activity: ExecRobotTask;
12/10/17;19:22:17.299;INFO;Controller;Status = Executing: UnlatchRobGov;
12/10/17;19:22:17.299;INFO;Controller;State = Running;
12/10/17;19:22:18.095;INFO;Robot Runtime;executing:    UnlatchRobGov;
12/10/17;19:22:18.618;INFO;Controller;Activity ExecRobotTask ended. Return value: Done;
12/10/17;19:22:18.618;INFO;Controller;State = Ready;
12/10/17;20:46:38.182;INFO;Server;Command: ExecRobotTask (Initialize,500000);
12/10/17;20:46:38.214;INFO;Controller;Executing asynchronous activity: ExecRobotTask;
12/10/17;20:46:38.214;INFO;Controller;Status = Executing: Initialize;
12/10/17;20:46:38.214;INFO;Controller;State = Running;
12/10/17;20:46:39.080;INFO;Robot Runtime;executing:    Initialize;
12/10/17;20:46:40.134;INFO;Controller;Activity ExecRobotTask ended. Return value: Done;
12/10/17;20:46:40.134;INFO;Controller;State = Ready;
12/10/17;20:46:40.176;INFO;Server;Command: ExecRobotTask (LatchRobGov,500000);
12/10/17;20:46:40.176;INFO;Controller;Executing asynchronous activity: ExecRobotTask;
12/10/17;20:46:40.176;INFO;Controller;Status = Executing: LatchRobGov;
12/10/17;20:46:40.176;INFO;Controller;State = Running;
12/10/17;20:46:41.142;INFO;Robot Runtime;executing:    LatchRobGov;
12/10/17;20:46:41.804;INFO;Controller;Activity ExecRobotTask ended. Return value: Done;
12/10/17;20:46:41.804;INFO;Controller;State = Ready;
12/10/17;20:46:41.842;INFO;Server;Command: ExecRobotTask (CoolDown,500000);
12/10/17;20:46:41.843;INFO;Controller;Executing asynchronous activity: ExecRobotTask;
12/10/17;20:46:41.843;INFO;Controller;Status = Executing: CoolDown;
12/10/17;20:46:41.843;INFO;Controller;State = Running;
12/10/17;20:46:42.727;INFO;Robot Runtime;executing:    CoolDown;
12/10/17;20:46:43.114;INFO;Controller;Activity ExecRobotTask ended. Return value: Done;
12/10/17;20:46:43.114;INFO;Controller;State = Ready;
12/10/17;20:46:43.155;INFO;Server;Command: ExecRobotTask (TraceSample,500000);
12/10/17;20:46:43.155;INFO;Controller;Executing asynchronous activity: ExecRobotTask;
12/10/17;20:46:43.155;INFO;Controller;Status = Executing: TraceSample;
12/10/17;20:46:43.155;INFO;Controller;State = Running;
12/10/17;20:46:43.907;INFO;Robot Runtime;executing:    TraceSample;
12/10/17;20:46:46.547;INFO;Controller;Activity ExecRobotTask ended. Return value: Done True/False/False;
12/10/17;20:46:46.547;INFO;Controller;State = Ready;
12/10/17;20:46:46.587;INFO;Server;Command: ExecRobotTask (Unmount,500000);
12/10/17;20:46:46.587;INFO;Controller;Executing asynchronous activity: ExecRobotTask;
12/10/17;20:46:46.587;INFO;Controller;Status = Executing: Unmount;
12/10/17;20:46:46.587;INFO;Controller;State = Running;
12/10/17;20:46:47.339;INFO;Robot Runtime;executing:    Unmount;
12/10/17;20:46:54.371;INFO;Controller;Activity ExecRobotTask ended. Return value: Done False/True/False;
12/10/17;20:46:54.372;INFO;Controller;State = Ready;
12/10/17;20:46:54.413;INFO;Server;Command: ExecRobotTask (Unload,500000);
12/10/17;20:46:54.413;INFO;Controller;Executing asynchronous activity: ExecRobotTask;
12/10/17;20:46:54.413;INFO;Controller;Status = Executing: Unload;
12/10/17;20:46:54.413;INFO;Controller;State = Running;
12/10/17;20:46:55.314;INFO;Robot Runtime;executing:    Unload;
12/10/17;20:46:59.914;INFO;Controller;Activity ExecRobotTask ended. Return value: Done False/False/False;
12/10/17;20:46:59.914;INFO;Controller;State = Ready;
12/10/17;20:46:59.967;INFO;Server;Command: ExecRobotTask (UnlatchRobGov,500000);
12/10/17;20:46:59.967;INFO;Controller;Executing asynchronous activity: ExecRobotTask;
12/10/17;20:46:59.967;INFO;Controller;Status = Executing: UnlatchRobGov;
12/10/17;20:46:59.967;INFO;Controller;State = Running;
12/10/17;20:47:00.731;INFO;Robot Runtime;executing:    UnlatchRobGov;
12/10/17;20:47:01.544;INFO;Controller;Activity ExecRobotTask ended. Return value: Done;
12/10/17;20:47:01.544;INFO;Controller;State = Ready;
12/10/17;20:47:01.588;INFO;Server;Command: ExecRobotTask (Finish,500000);
12/10/17;20:47:01.588;INFO;Controller;Executing asynchronous activity: ExecRobotTask;
12/10/17;20:47:01.588;INFO;Controller;Status = Executing: Finish;
12/10/17;20:47:01.588;INFO;Controller;State = Running;
12/10/17;20:47:02.556;INFO;Robot Runtime;executing:    Finish;
12/10/17;20:49:34.900;INFO;Controller;Activity ExecRobotTask ended. Return value: Done;
12/10/17;20:49:34.901;INFO;Controller;State = Ready;
