13/10/17;09:01:52.493;INFO;Server;Command: ExecRobotTask (Initialize,500000);
13/10/17;09:01:52.505;INFO;Controller;Executing asynchronous activity: ExecRobotTask;
13/10/17;09:01:52.505;INFO;Controller;Status = Executing: Initialize;
13/10/17;09:01:52.505;INFO;Controller;State = Running;
13/10/17;09:01:53.441;INFO;Robot Runtime;executing:    Initialize;
13/10/17;09:01:54.838;INFO;Controller;Activity ExecRobotTask ended. Return value: Done;
13/10/17;09:01:54.839;INFO;Controller;State = Ready;
13/10/17;09:01:54.883;INFO;Server;Command: ExecRobotTask (LatchRobGov,500000);
13/10/17;09:01:54.883;INFO;Controller;Executing asynchronous activity: ExecRobotTask;
13/10/17;09:01:54.883;INFO;Controller;Status = Executing: LatchRobGov;
13/10/17;09:01:54.883;INFO;Controller;State = Running;
13/10/17;09:01:55.711;INFO;Robot Runtime;executing:    LatchRobGov;
13/10/17;09:01:56.453;INFO;Controller;Activity ExecRobotTask ended. Return value: Done;
13/10/17;09:01:56.453;INFO;Controller;State = Ready;
13/10/17;09:01:56.501;INFO;Server;Command: ExecRobotTask (TraceSample,500000);
13/10/17;09:01:56.501;INFO;Controller;Executing asynchronous activity: ExecRobotTask;
13/10/17;09:01:56.501;INFO;Controller;Status = Executing: TraceSample;
13/10/17;09:01:56.501;INFO;Controller;State = Running;
13/10/17;09:01:57.275;INFO;Robot Runtime;executing:    TraceSample;
13/10/17;09:01:57.924;INFO;Controller;Activity ExecRobotTask ended. Return value: Done False/False/False;
13/10/17;09:01:57.925;INFO;Controller;State = Ready;
13/10/17;09:01:57.966;INFO;Server;Command: ExecRobotTask (CoolDown,500000);
13/10/17;09:01:57.966;INFO;Controller;Executing asynchronous activity: ExecRobotTask;
13/10/17;09:01:57.966;INFO;Controller;Status = Executing: CoolDown;
13/10/17;09:01:57.966;INFO;Controller;State = Running;
13/10/17;09:01:58.728;INFO;Robot Runtime;executing:    CoolDown;
13/10/17;09:03:10.936;INFO;Controller;Activity ExecRobotTask ended. Return value: Done;
13/10/17;09:03:10.936;INFO;Controller;State = Ready;
13/10/17;09:03:11.177;INFO;Server;Command: ExecRobotTask (Load,500000);
13/10/17;09:03:11.178;INFO;Controller;Executing asynchronous activity: ExecRobotTask;
13/10/17;09:03:11.178;INFO;Controller;Status = Executing: Load;
13/10/17;09:03:11.178;INFO;Controller;State = Running;
13/10/17;09:03:12.151;INFO;Robot Runtime;executing:    Load;
13/10/17;09:03:21.885;INFO;Controller;Activity ExecRobotTask ended. Return value: Done False/True/False;
13/10/17;09:03:21.885;INFO;Controller;State = Ready;
13/10/17;09:03:21.936;INFO;Server;Command: ExecRobotTask (Mount,500000);
13/10/17;09:03:21.936;INFO;Controller;Executing asynchronous activity: ExecRobotTask;
13/10/17;09:03:21.936;INFO;Controller;Status = Executing: Mount;
13/10/17;09:03:21.936;INFO;Controller;State = Running;
13/10/17;09:03:22.850;INFO;Robot Runtime;executing:    Mount;
13/10/17;09:03:30.550;INFO;Controller;Activity ExecRobotTask ended. Return value: Done True/False/False;
13/10/17;09:03:30.550;INFO;Controller;State = Ready;
13/10/17;09:03:30.596;INFO;Server;Command: ExecRobotTask (Park,500000);
13/10/17;09:03:30.597;INFO;Controller;Executing asynchronous activity: ExecRobotTask;
13/10/17;09:03:30.597;INFO;Controller;Status = Executing: Park;
13/10/17;09:03:30.597;INFO;Controller;State = Running;
13/10/17;09:03:31.392;INFO;Robot Runtime;executing:    Park;
13/10/17;09:03:34.690;INFO;Controller;Activity ExecRobotTask ended. Return value: Done;
13/10/17;09:03:34.690;INFO;Controller;State = Ready;
13/10/17;09:03:34.739;INFO;Server;Command: ExecRobotTask (UnlatchRobGov,500000);
13/10/17;09:03:34.739;INFO;Controller;Executing asynchronous activity: ExecRobotTask;
13/10/17;09:03:34.739;INFO;Controller;Status = Executing: UnlatchRobGov;
13/10/17;09:03:34.739;INFO;Controller;State = Running;
13/10/17;09:03:35.533;INFO;Robot Runtime;executing:    UnlatchRobGov;
13/10/17;09:03:36.052;INFO;Controller;Activity ExecRobotTask ended. Return value: Done;
13/10/17;09:03:36.053;INFO;Controller;State = Ready;
13/10/17;09:09:54.061;INFO;Server;Command: ExecRobotTask (Initialize,500000);
13/10/17;09:09:54.062;INFO;Controller;Executing asynchronous activity: ExecRobotTask;
13/10/17;09:09:54.062;INFO;Controller;Status = Executing: Initialize;
13/10/17;09:09:54.062;INFO;Controller;State = Running;
13/10/17;09:09:54.860;INFO;Robot Runtime;executing:    Initialize;
13/10/17;09:09:55.477;INFO;Controller;Activity ExecRobotTask ended. Return value: Done;
13/10/17;09:09:55.477;INFO;Controller;State = Ready;
13/10/17;09:09:55.527;INFO;Server;Command: ExecRobotTask (LatchRobGov,500000);
13/10/17;09:09:55.527;INFO;Controller;Executing asynchronous activity: ExecRobotTask;
13/10/17;09:09:55.527;INFO;Controller;Status = Executing: LatchRobGov;
13/10/17;09:09:55.527;INFO;Controller;State = Running;
13/10/17;09:09:56.528;INFO;Robot Runtime;executing:    LatchRobGov;
13/10/17;09:09:59.845;INFO;Controller;Activity ExecRobotTask ended. Return value: Done;
13/10/17;09:09:59.845;INFO;Controller;State = Ready;
13/10/17;09:09:59.888;INFO;Server;Command: ExecRobotTask (CoolDown,500000);
13/10/17;09:09:59.888;INFO;Controller;Executing asynchronous activity: ExecRobotTask;
13/10/17;09:09:59.888;INFO;Controller;Status = Executing: CoolDown;
13/10/17;09:09:59.888;INFO;Controller;State = Running;
13/10/17;09:10:00.804;INFO;Robot Runtime;executing:    CoolDown;
13/10/17;09:10:01.234;INFO;Controller;Activity ExecRobotTask ended. Return value: Done;
13/10/17;09:10:01.234;INFO;Controller;State = Ready;
13/10/17;09:10:01.276;INFO;Server;Command: ExecRobotTask (TraceSample,500000);
13/10/17;09:10:01.276;INFO;Controller;Executing asynchronous activity: ExecRobotTask;
13/10/17;09:10:01.276;INFO;Controller;Status = Executing: TraceSample;
13/10/17;09:10:01.276;INFO;Controller;State = Running;
13/10/17;09:10:02.075;INFO;Robot Runtime;executing:    TraceSample;
13/10/17;09:10:04.632;INFO;Controller;Activity ExecRobotTask ended. Return value: Done True/False/False;
13/10/17;09:10:04.632;INFO;Controller;State = Ready;
13/10/17;09:10:04.679;INFO;Server;Command: ExecRobotTask (Unmount,500000);
13/10/17;09:10:04.679;INFO;Controller;Executing asynchronous activity: ExecRobotTask;
13/10/17;09:10:04.679;INFO;Controller;Status = Executing: Unmount;
13/10/17;09:10:04.679;INFO;Controller;State = Running;
13/10/17;09:10:05.430;INFO;Robot Runtime;executing:    Unmount;
13/10/17;09:10:13.569;INFO;Controller;Activity ExecRobotTask ended. Return value: Done False/True/False;
13/10/17;09:10:13.569;INFO;Controller;State = Ready;
13/10/17;09:10:13.616;INFO;Server;Command: ExecRobotTask (Unload,500000);
13/10/17;09:10:13.616;INFO;Controller;Executing asynchronous activity: ExecRobotTask;
13/10/17;09:10:13.616;INFO;Controller;Status = Executing: Unload;
13/10/17;09:10:13.617;INFO;Controller;State = Running;
13/10/17;09:10:14.414;INFO;Robot Runtime;executing:    Unload;
13/10/17;09:10:19.023;INFO;Controller;Activity ExecRobotTask ended. Return value: Done False/False/False;
13/10/17;09:10:19.023;INFO;Controller;State = Ready;
13/10/17;09:10:21.317;INFO;Server;Command: ExecRobotTask (Load,500000);
13/10/17;09:10:21.317;INFO;Controller;Executing asynchronous activity: ExecRobotTask;
13/10/17;09:10:21.317;INFO;Controller;Status = Executing: Load;
13/10/17;09:10:21.318;INFO;Controller;State = Running;
13/10/17;09:10:22.314;INFO;Robot Runtime;executing:    Load;
13/10/17;09:10:29.178;INFO;Controller;Activity ExecRobotTask ended. Return value: Done False/True/False;
13/10/17;09:10:29.179;INFO;Controller;State = Ready;
13/10/17;09:10:29.228;INFO;Server;Command: ExecRobotTask (Mount,500000);
13/10/17;09:10:29.228;INFO;Controller;Executing asynchronous activity: ExecRobotTask;
13/10/17;09:10:29.228;INFO;Controller;Status = Executing: Mount;
13/10/17;09:10:29.228;INFO;Controller;State = Running;
13/10/17;09:10:30.131;INFO;Robot Runtime;executing:    Mount;
13/10/17;09:10:37.151;INFO;Controller;Activity ExecRobotTask ended. Return value: Done True/False/False;
13/10/17;09:10:37.151;INFO;Controller;State = Ready;
13/10/17;09:10:37.202;INFO;Server;Command: ExecRobotTask (Park,500000);
13/10/17;09:10:37.202;INFO;Controller;Executing asynchronous activity: ExecRobotTask;
13/10/17;09:10:37.202;INFO;Controller;Status = Executing: Park;
13/10/17;09:10:37.202;INFO;Controller;State = Running;
13/10/17;09:10:37.981;INFO;Robot Runtime;executing:    Park;
13/10/17;09:10:41.306;INFO;Controller;Activity ExecRobotTask ended. Return value: Done;
13/10/17;09:10:41.306;INFO;Controller;State = Ready;
13/10/17;09:10:41.352;INFO;Server;Command: ExecRobotTask (UnlatchRobGov,500000);
13/10/17;09:10:41.352;INFO;Controller;Executing asynchronous activity: ExecRobotTask;
13/10/17;09:10:41.352;INFO;Controller;Status = Executing: UnlatchRobGov;
13/10/17;09:10:41.352;INFO;Controller;State = Running;
13/10/17;09:10:42.149;INFO;Robot Runtime;executing:    UnlatchRobGov;
13/10/17;09:10:42.672;INFO;Controller;Activity ExecRobotTask ended. Return value: Done;
13/10/17;09:10:42.672;INFO;Controller;State = Ready;
13/10/17;09:26:42.256;INFO;Server;Command: ExecRobotTask (Initialize,500000);
13/10/17;09:26:42.263;INFO;Controller;Executing asynchronous activity: ExecRobotTask;
13/10/17;09:26:42.263;INFO;Controller;Status = Executing: Initialize;
13/10/17;09:26:42.263;INFO;Controller;State = Running;
13/10/17;09:26:43.024;INFO;Robot Runtime;executing:    Initialize;
13/10/17;09:26:43.507;INFO;Controller;Activity ExecRobotTask ended. Return value: Done;
13/10/17;09:26:43.507;INFO;Controller;State = Ready;
13/10/17;09:26:43.556;INFO;Server;Command: ExecRobotTask (LatchRobGov,500000);
13/10/17;09:26:43.556;INFO;Controller;Executing asynchronous activity: ExecRobotTask;
13/10/17;09:26:43.556;INFO;Controller;Status = Executing: LatchRobGov;
13/10/17;09:26:43.557;INFO;Controller;State = Running;
13/10/17;09:26:44.559;INFO;Robot Runtime;executing:    LatchRobGov;
13/10/17;09:26:45.645;INFO;Controller;Activity ExecRobotTask ended. Return value: Done;
13/10/17;09:26:45.645;INFO;Controller;State = Ready;
13/10/17;09:26:45.696;INFO;Server;Command: ExecRobotTask (CoolDown,500000);
13/10/17;09:26:45.697;INFO;Controller;Executing asynchronous activity: ExecRobotTask;
13/10/17;09:26:45.697;INFO;Controller;Status = Executing: CoolDown;
13/10/17;09:26:45.697;INFO;Controller;State = Running;
13/10/17;09:26:46.611;INFO;Robot Runtime;executing:    CoolDown;
13/10/17;09:26:47.028;INFO;Controller;Activity ExecRobotTask ended. Return value: Done;
13/10/17;09:26:47.028;INFO;Controller;State = Ready;
13/10/17;09:26:47.079;INFO;Server;Command: ExecRobotTask (TraceSample,500000);
13/10/17;09:26:47.079;INFO;Controller;Executing asynchronous activity: ExecRobotTask;
13/10/17;09:26:47.079;INFO;Controller;Status = Executing: TraceSample;
13/10/17;09:26:47.079;INFO;Controller;State = Running;
13/10/17;09:26:47.852;INFO;Robot Runtime;executing:    TraceSample;
13/10/17;09:26:50.426;INFO;Controller;Activity ExecRobotTask ended. Return value: Done True/False/False;
13/10/17;09:26:50.427;INFO;Controller;State = Ready;
13/10/17;09:26:50.477;INFO;Server;Command: ExecRobotTask (Unmount,500000);
13/10/17;09:26:50.477;INFO;Controller;Executing asynchronous activity: ExecRobotTask;
13/10/17;09:26:50.477;INFO;Controller;Status = Executing: Unmount;
13/10/17;09:26:50.477;INFO;Controller;State = Running;
13/10/17;09:26:51.226;INFO;Robot Runtime;executing:    Unmount;
13/10/17;09:26:58.860;INFO;Controller;Activity ExecRobotTask ended. Return value: Done False/True/False;
13/10/17;09:26:58.861;INFO;Controller;State = Ready;
13/10/17;09:26:58.914;INFO;Server;Command: ExecRobotTask (Unload,500000);
13/10/17;09:26:58.915;INFO;Controller;Executing asynchronous activity: ExecRobotTask;
13/10/17;09:26:58.915;INFO;Controller;Status = Executing: Unload;
13/10/17;09:26:58.915;INFO;Controller;State = Running;
13/10/17;09:26:59.713;INFO;Robot Runtime;executing:    Unload;
13/10/17;09:27:04.553;INFO;Controller;Activity ExecRobotTask ended. Return value: Done False/False/False;
13/10/17;09:27:04.553;INFO;Controller;State = Ready;
13/10/17;09:27:04.613;INFO;Server;Command: ExecRobotTask (UnlatchRobGov,500000);
13/10/17;09:27:04.613;INFO;Controller;Executing asynchronous activity: ExecRobotTask;
13/10/17;09:27:04.613;INFO;Controller;Status = Executing: UnlatchRobGov;
13/10/17;09:27:04.613;INFO;Controller;State = Running;
13/10/17;09:27:05.387;INFO;Robot Runtime;executing:    UnlatchRobGov;
13/10/17;09:27:06.163;INFO;Controller;Activity ExecRobotTask ended. Return value: Done;
13/10/17;09:27:06.164;INFO;Controller;State = Ready;
13/10/17;09:27:06.218;INFO;Server;Command: ExecRobotTask (Finish,500000);
13/10/17;09:27:06.218;INFO;Controller;Executing asynchronous activity: ExecRobotTask;
13/10/17;09:27:06.218;INFO;Controller;Status = Executing: Finish;
13/10/17;09:27:06.218;INFO;Controller;State = Running;
13/10/17;09:27:07.191;INFO;Robot Runtime;executing:    Finish;
13/10/17;09:29:41.523;INFO;Controller;Activity ExecRobotTask ended. Return value: Done;
13/10/17;09:29:41.523;INFO;Controller;State = Ready;
13/10/17;09:31:32.784;INFO;Server;Command: ExecRobotTask (Initialize,500000);
13/10/17;09:31:32.785;INFO;Controller;Executing asynchronous activity: ExecRobotTask;
13/10/17;09:31:32.785;INFO;Controller;Status = Executing: Initialize;
13/10/17;09:31:32.785;INFO;Controller;State = Running;
13/10/17;09:31:33.704;INFO;Robot Runtime;executing:    Initialize;
13/10/17;09:31:35.077;INFO;Controller;Activity ExecRobotTask ended. Return value: Done;
13/10/17;09:31:35.077;INFO;Controller;State = Ready;
13/10/17;09:31:35.130;INFO;Server;Command: ExecRobotTask (LatchRobGov,500000);
13/10/17;09:31:35.130;INFO;Controller;Executing asynchronous activity: ExecRobotTask;
13/10/17;09:31:35.130;INFO;Controller;Status = Executing: LatchRobGov;
13/10/17;09:31:35.130;INFO;Controller;State = Running;
13/10/17;09:31:35.976;INFO;Robot Runtime;executing:    LatchRobGov;
13/10/17;09:31:36.700;INFO;Controller;Activity ExecRobotTask ended. Return value: Done;
13/10/17;09:31:36.700;INFO;Controller;State = Ready;
13/10/17;09:31:36.747;INFO;Server;Command: ExecRobotTask (TraceSample,500000);
13/10/17;09:31:36.747;INFO;Controller;Executing asynchronous activity: ExecRobotTask;
13/10/17;09:31:36.747;INFO;Controller;Status = Executing: TraceSample;
13/10/17;09:31:36.747;INFO;Controller;State = Running;
13/10/17;09:31:37.507;INFO;Robot Runtime;executing:    TraceSample;
13/10/17;09:31:38.160;INFO;Controller;Activity ExecRobotTask ended. Return value: Done False/False/False;
13/10/17;09:31:38.160;INFO;Controller;State = Ready;
13/10/17;09:31:38.209;INFO;Server;Command: ExecRobotTask (CoolDown,500000);
13/10/17;09:31:38.209;INFO;Controller;Executing asynchronous activity: ExecRobotTask;
13/10/17;09:31:38.210;INFO;Controller;Status = Executing: CoolDown;
13/10/17;09:31:38.210;INFO;Controller;State = Running;
13/10/17;09:31:38.967;INFO;Robot Runtime;executing:    CoolDown;
13/10/17;09:32:51.202;INFO;Controller;Activity ExecRobotTask ended. Return value: Done;
13/10/17;09:32:51.203;INFO;Controller;State = Ready;
13/10/17;09:32:51.451;INFO;Server;Command: ExecRobotTask (Load,500000);
13/10/17;09:32:51.452;INFO;Controller;Executing asynchronous activity: ExecRobotTask;
13/10/17;09:32:51.452;INFO;Controller;Status = Executing: Load;
13/10/17;09:32:51.452;INFO;Controller;State = Running;
13/10/17;09:32:52.432;INFO;Robot Runtime;executing:    Load;
13/10/17;09:33:02.124;INFO;Controller;Activity ExecRobotTask ended. Return value: Done False/True/False;
13/10/17;09:33:02.124;INFO;Controller;State = Ready;
13/10/17;09:33:02.177;INFO;Server;Command: ExecRobotTask (Mount,500000);
13/10/17;09:33:02.178;INFO;Controller;Executing asynchronous activity: ExecRobotTask;
13/10/17;09:33:02.178;INFO;Controller;Status = Executing: Mount;
13/10/17;09:33:02.178;INFO;Controller;State = Running;
13/10/17;09:33:03.093;INFO;Robot Runtime;executing:    Mount;
13/10/17;09:33:11.087;INFO;Controller;Activity ExecRobotTask ended. Return value: Done True/False/False;
13/10/17;09:33:11.087;INFO;Controller;State = Ready;
13/10/17;09:33:11.138;INFO;Server;Command: ExecRobotTask (Park,500000);
13/10/17;09:33:11.138;INFO;Controller;Executing asynchronous activity: ExecRobotTask;
13/10/17;09:33:11.138;INFO;Controller;Status = Executing: Park;
13/10/17;09:33:11.138;INFO;Controller;State = Running;
13/10/17;09:33:11.957;INFO;Robot Runtime;executing:    Park;
13/10/17;09:33:15.247;INFO;Controller;Activity ExecRobotTask ended. Return value: Done;
13/10/17;09:33:15.247;INFO;Controller;State = Ready;
13/10/17;09:33:15.302;INFO;Server;Command: ExecRobotTask (UnlatchRobGov,500000);
13/10/17;09:33:15.302;INFO;Controller;Executing asynchronous activity: ExecRobotTask;
13/10/17;09:33:15.302;INFO;Controller;Status = Executing: UnlatchRobGov;
13/10/17;09:33:15.302;INFO;Controller;State = Running;
13/10/17;09:33:16.091;INFO;Robot Runtime;executing:    UnlatchRobGov;
13/10/17;09:33:16.612;INFO;Controller;Activity ExecRobotTask ended. Return value: Done;
13/10/17;09:33:16.612;INFO;Controller;State = Ready;
13/10/17;09:35:42.525;INFO;Server;Command: ExecRobotTask (Initialize,500000);
13/10/17;09:35:42.525;INFO;Controller;Executing asynchronous activity: ExecRobotTask;
13/10/17;09:35:42.525;INFO;Controller;Status = Executing: Initialize;
13/10/17;09:35:42.525;INFO;Controller;State = Running;
13/10/17;09:35:43.304;INFO;Robot Runtime;executing:    Initialize;
13/10/17;09:35:43.743;INFO;Controller;Activity ExecRobotTask ended. Return value: Done;
13/10/17;09:35:43.743;INFO;Controller;State = Ready;
13/10/17;09:35:43.792;INFO;Server;Command: ExecRobotTask (LatchRobGov,500000);
13/10/17;09:35:43.792;INFO;Controller;Executing asynchronous activity: ExecRobotTask;
13/10/17;09:35:43.792;INFO;Controller;Status = Executing: LatchRobGov;
13/10/17;09:35:43.792;INFO;Controller;State = Running;
13/10/17;09:35:44.777;INFO;Robot Runtime;executing:    LatchRobGov;
13/10/17;09:35:47.107;INFO;Controller;Activity ExecRobotTask ended. Return value: Done;
13/10/17;09:35:47.107;INFO;Controller;State = Ready;
13/10/17;09:35:47.159;INFO;Server;Command: ExecRobotTask (CoolDown,500000);
13/10/17;09:35:47.159;INFO;Controller;Executing asynchronous activity: ExecRobotTask;
13/10/17;09:35:47.160;INFO;Controller;Status = Executing: CoolDown;
13/10/17;09:35:47.160;INFO;Controller;State = Running;
13/10/17;09:35:48.065;INFO;Robot Runtime;executing:    CoolDown;
13/10/17;09:35:48.485;INFO;Controller;Activity ExecRobotTask ended. Return value: Done;
13/10/17;09:35:48.486;INFO;Controller;State = Ready;
13/10/17;09:35:48.539;INFO;Server;Command: ExecRobotTask (TraceSample,500000);
13/10/17;09:35:48.539;INFO;Controller;Executing asynchronous activity: ExecRobotTask;
13/10/17;09:35:48.539;INFO;Controller;Status = Executing: TraceSample;
13/10/17;09:35:48.539;INFO;Controller;State = Running;
13/10/17;09:35:49.326;INFO;Robot Runtime;executing:    TraceSample;
13/10/17;09:35:51.879;INFO;Controller;Activity ExecRobotTask ended. Return value: Done True/False/False;
13/10/17;09:35:51.879;INFO;Controller;State = Ready;
13/10/17;09:35:51.934;INFO;Server;Command: ExecRobotTask (Unmount,500000);
13/10/17;09:35:51.934;INFO;Controller;Executing asynchronous activity: ExecRobotTask;
13/10/17;09:35:51.934;INFO;Controller;Status = Executing: Unmount;
13/10/17;09:35:51.934;INFO;Controller;State = Running;
13/10/17;09:35:52.688;INFO;Robot Runtime;executing:    Unmount;
13/10/17;09:36:00.298;INFO;Controller;Activity ExecRobotTask ended. Return value: Done False/True/False;
13/10/17;09:36:00.298;INFO;Controller;State = Ready;
13/10/17;09:36:00.354;INFO;Server;Command: ExecRobotTask (Unload,500000);
13/10/17;09:36:00.354;INFO;Controller;Executing asynchronous activity: ExecRobotTask;
13/10/17;09:36:00.354;INFO;Controller;Status = Executing: Unload;
13/10/17;09:36:00.354;INFO;Controller;State = Running;
13/10/17;09:36:01.156;INFO;Robot Runtime;executing:    Unload;
13/10/17;09:36:05.762;INFO;Controller;Activity ExecRobotTask ended. Return value: Done False/False/False;
13/10/17;09:36:05.762;INFO;Controller;State = Ready;
13/10/17;09:36:05.825;INFO;Server;Command: ExecRobotTask (UnlatchRobGov,500000);
13/10/17;09:36:05.825;INFO;Controller;Executing asynchronous activity: ExecRobotTask;
13/10/17;09:36:05.825;INFO;Controller;Status = Executing: UnlatchRobGov;
13/10/17;09:36:05.825;INFO;Controller;State = Running;
13/10/17;09:36:06.601;INFO;Robot Runtime;executing:    UnlatchRobGov;
13/10/17;09:36:07.124;INFO;Controller;Activity ExecRobotTask ended. Return value: Done;
13/10/17;09:36:07.124;INFO;Controller;State = Ready;
13/10/17;09:36:07.173;INFO;Server;Command: ExecRobotTask (Finish,500000);
13/10/17;09:36:07.174;INFO;Controller;Executing asynchronous activity: ExecRobotTask;
13/10/17;09:36:07.174;INFO;Controller;Status = Executing: Finish;
13/10/17;09:36:07.174;INFO;Controller;State = Running;
13/10/17;09:36:08.150;INFO;Robot Runtime;executing:    Finish;
13/10/17;09:38:43.880;INFO;Controller;Activity ExecRobotTask ended. Return value: Done;
13/10/17;09:38:43.881;INFO;Controller;State = Ready;
13/10/17;09:58:40.274;INFO;Server;Command: ExecRobotTask (Initialize,500000);
13/10/17;09:58:40.281;INFO;Controller;Executing asynchronous activity: ExecRobotTask;
13/10/17;09:58:40.281;INFO;Controller;Status = Executing: Initialize;
13/10/17;09:58:40.281;INFO;Controller;State = Running;
13/10/17;09:58:41.214;INFO;Robot Runtime;executing:    Initialize;
13/10/17;09:58:42.538;INFO;Controller;Activity ExecRobotTask ended. Return value: Done;
13/10/17;09:58:42.538;INFO;Controller;State = Ready;
13/10/17;09:58:42.563;INFO;Server;Command: ExecRobotTask (LatchRobGov,500000);
13/10/17;09:58:42.563;INFO;Controller;Executing asynchronous activity: ExecRobotTask;
13/10/17;09:58:42.563;INFO;Controller;Status = Executing: LatchRobGov;
13/10/17;09:58:42.563;INFO;Controller;State = Running;
13/10/17;09:58:43.406;INFO;Robot Runtime;executing:    LatchRobGov;
13/10/17;09:58:43.909;INFO;Controller;Activity ExecRobotTask ended. Return value: Done;
13/10/17;09:58:43.909;INFO;Controller;State = Ready;
13/10/17;09:58:43.924;INFO;Server;Command: ExecRobotTask (TraceSample,500000);
13/10/17;09:58:43.924;INFO;Controller;Executing asynchronous activity: ExecRobotTask;
13/10/17;09:58:43.924;INFO;Controller;Status = Executing: TraceSample;
13/10/17;09:58:43.925;INFO;Controller;State = Running;
13/10/17;09:58:44.683;INFO;Robot Runtime;executing:    TraceSample;
13/10/17;09:58:45.532;INFO;Controller;Activity ExecRobotTask ended. Return value: Done False/False/False;
13/10/17;09:58:45.532;INFO;Controller;State = Ready;
13/10/17;09:58:45.540;INFO;Server;Command: ExecRobotTask (CoolDown,500000);
13/10/17;09:58:45.540;INFO;Controller;Executing asynchronous activity: ExecRobotTask;
13/10/17;09:58:45.540;INFO;Controller;Status = Executing: CoolDown;
13/10/17;09:58:45.540;INFO;Controller;State = Running;
13/10/17;09:58:46.306;INFO;Robot Runtime;executing:    CoolDown;
13/10/17;09:59:56.369;INFO;Controller;Activity ExecRobotTask ended. Return value: Done;
13/10/17;09:59:56.369;INFO;Controller;State = Ready;
13/10/17;09:59:56.568;INFO;Server;Command: ExecRobotTask (Load,500000);
13/10/17;09:59:56.568;INFO;Controller;Executing asynchronous activity: ExecRobotTask;
13/10/17;09:59:56.568;INFO;Controller;Status = Executing: Load;
13/10/17;09:59:56.568;INFO;Controller;State = Running;
13/10/17;09:59:57.564;INFO;Robot Runtime;executing:    Load;
13/10/17;10:00:07.060;INFO;Controller;Activity ExecRobotTask ended. Return value: Done False/True/False;
13/10/17;10:00:07.060;INFO;Controller;State = Ready;
13/10/17;10:00:07.068;INFO;Server;Command: ExecRobotTask (Mount,500000);
13/10/17;10:00:07.069;INFO;Controller;Executing asynchronous activity: ExecRobotTask;
13/10/17;10:00:07.069;INFO;Controller;Status = Executing: Mount;
13/10/17;10:00:07.069;INFO;Controller;State = Running;
13/10/17;10:00:07.969;INFO;Robot Runtime;executing:    Mount;
13/10/17;10:00:15.878;INFO;Controller;Activity ExecRobotTask ended. Return value: Done True/False/False;
13/10/17;10:00:15.879;INFO;Controller;State = Ready;
13/10/17;10:00:15.896;INFO;Server;Command: ExecRobotTask (Park,500000);
13/10/17;10:00:15.896;INFO;Controller;Executing asynchronous activity: ExecRobotTask;
13/10/17;10:00:15.896;INFO;Controller;Status = Executing: Park;
13/10/17;10:00:15.896;INFO;Controller;State = Running;
13/10/17;10:00:16.716;INFO;Robot Runtime;executing:    Park;
13/10/17;10:00:20.275;INFO;Controller;Activity ExecRobotTask ended. Return value: Done;
13/10/17;10:00:20.275;INFO;Controller;State = Ready;
13/10/17;10:00:20.291;INFO;Server;Command: ExecRobotTask (UnlatchRobGov,500000);
13/10/17;10:00:20.291;INFO;Controller;Executing asynchronous activity: ExecRobotTask;
13/10/17;10:00:20.292;INFO;Controller;Status = Executing: UnlatchRobGov;
13/10/17;10:00:20.292;INFO;Controller;State = Running;
13/10/17;10:00:21.082;INFO;Robot Runtime;executing:    UnlatchRobGov;
13/10/17;10:00:21.236;INFO;Controller;Activity ExecRobotTask ended. Return value: Done;
13/10/17;10:00:21.236;INFO;Controller;State = Ready;
13/10/17;10:16:14.291;INFO;Server;Command: ExecRobotTask (Initialize,500000);
13/10/17;10:16:14.294;INFO;Controller;Executing asynchronous activity: ExecRobotTask;
13/10/17;10:16:14.294;INFO;Controller;Status = Executing: Initialize;
13/10/17;10:16:14.294;INFO;Controller;State = Running;
13/10/17;10:16:15.061;INFO;Robot Runtime;executing:    Initialize;
13/10/17;10:16:15.303;INFO;Controller;Activity ExecRobotTask ended. Return value: Done;
13/10/17;10:16:15.303;INFO;Controller;State = Ready;
13/10/17;10:16:15.312;INFO;Server;Command: ExecRobotTask (LatchRobGov,500000);
13/10/17;10:16:15.312;INFO;Controller;Executing asynchronous activity: ExecRobotTask;
13/10/17;10:16:15.312;INFO;Controller;Status = Executing: LatchRobGov;
13/10/17;10:16:15.312;INFO;Controller;State = Running;
13/10/17;10:16:16.311;INFO;Robot Runtime;executing:    LatchRobGov;
13/10/17;10:16:19.594;INFO;Controller;Activity ExecRobotTask ended. Return value: Done;
13/10/17;10:16:19.595;INFO;Controller;State = Ready;
13/10/17;10:16:19.606;INFO;Server;Command: ExecRobotTask (CoolDown,500000);
13/10/17;10:16:19.606;INFO;Controller;Executing asynchronous activity: ExecRobotTask;
13/10/17;10:16:19.606;INFO;Controller;Status = Executing: CoolDown;
13/10/17;10:16:19.606;INFO;Controller;State = Running;
13/10/17;10:16:20.523;INFO;Robot Runtime;executing:    CoolDown;
13/10/17;10:16:20.977;INFO;Controller;Activity ExecRobotTask ended. Return value: Done;
13/10/17;10:16:20.977;INFO;Controller;State = Ready;
13/10/17;10:16:20.989;INFO;Server;Command: ExecRobotTask (TraceSample,500000);
13/10/17;10:16:20.989;INFO;Controller;Executing asynchronous activity: ExecRobotTask;
13/10/17;10:16:20.989;INFO;Controller;Status = Executing: TraceSample;
13/10/17;10:16:20.989;INFO;Controller;State = Running;
13/10/17;10:16:21.781;INFO;Robot Runtime;executing:    TraceSample;
13/10/17;10:16:24.372;INFO;Controller;Activity ExecRobotTask ended. Return value: Done True/False/False;
13/10/17;10:16:24.372;INFO;Controller;State = Ready;
13/10/17;10:16:24.390;INFO;Server;Command: ExecRobotTask (Unmount,500000);
13/10/17;10:16:24.390;INFO;Controller;Executing asynchronous activity: ExecRobotTask;
13/10/17;10:16:24.390;INFO;Controller;Status = Executing: Unmount;
13/10/17;10:16:24.390;INFO;Controller;State = Running;
13/10/17;10:16:25.137;INFO;Robot Runtime;executing:    Unmount;
13/10/17;10:16:32.331;INFO;Controller;Activity ExecRobotTask ended. Return value: Done False/True/False;
13/10/17;10:16:32.331;INFO;Controller;State = Ready;
13/10/17;10:16:32.347;INFO;Server;Command: ExecRobotTask (Unload,500000);
13/10/17;10:16:32.347;INFO;Controller;Executing asynchronous activity: ExecRobotTask;
13/10/17;10:16:32.348;INFO;Controller;Status = Executing: Unload;
13/10/17;10:16:32.348;INFO;Controller;State = Running;
13/10/17;10:16:33.149;INFO;Robot Runtime;executing:    Unload;
13/10/17;10:16:37.620;INFO;Controller;Activity ExecRobotTask ended. Return value: Done False/False/False;
13/10/17;10:16:37.620;INFO;Controller;State = Ready;
13/10/17;10:16:39.890;INFO;Server;Command: ExecRobotTask (Load,500000);
13/10/17;10:16:39.890;INFO;Controller;Executing asynchronous activity: ExecRobotTask;
13/10/17;10:16:39.890;INFO;Controller;Status = Executing: Load;
13/10/17;10:16:39.890;INFO;Controller;State = Running;
13/10/17;10:16:40.875;INFO;Robot Runtime;executing:    Load;
13/10/17;10:16:47.923;INFO;Controller;Activity ExecRobotTask ended. Return value: Done False/True/False;
13/10/17;10:16:47.923;INFO;Controller;State = Ready;
13/10/17;10:16:47.938;INFO;Server;Command: ExecRobotTask (Mount,500000);
13/10/17;10:16:47.938;INFO;Controller;Executing asynchronous activity: ExecRobotTask;
13/10/17;10:16:47.938;INFO;Controller;Status = Executing: Mount;
13/10/17;10:16:47.938;INFO;Controller;State = Running;
13/10/17;10:16:48.837;INFO;Robot Runtime;executing:    Mount;
13/10/17;10:16:56.590;INFO;Controller;Activity ExecRobotTask ended. Return value: Done True/False/False;
13/10/17;10:16:56.590;INFO;Controller;State = Ready;
13/10/17;10:16:56.604;INFO;Server;Command: ExecRobotTask (Park,500000);
13/10/17;10:16:56.604;INFO;Controller;Executing asynchronous activity: ExecRobotTask;
13/10/17;10:16:56.604;INFO;Controller;Status = Executing: Park;
13/10/17;10:16:56.604;INFO;Controller;State = Running;
13/10/17;10:16:57.397;INFO;Robot Runtime;executing:    Park;
13/10/17;10:17:00.734;INFO;Controller;Activity ExecRobotTask ended. Return value: Done;
13/10/17;10:17:00.734;INFO;Controller;State = Ready;
13/10/17;10:17:00.747;INFO;Server;Command: ExecRobotTask (UnlatchRobGov,500000);
13/10/17;10:17:00.747;INFO;Controller;Executing asynchronous activity: ExecRobotTask;
13/10/17;10:17:00.747;INFO;Controller;Status = Executing: UnlatchRobGov;
13/10/17;10:17:00.747;INFO;Controller;State = Running;
13/10/17;10:17:01.544;INFO;Robot Runtime;executing:    UnlatchRobGov;
13/10/17;10:17:01.695;INFO;Controller;Activity ExecRobotTask ended. Return value: Done;
13/10/17;10:17:01.695;INFO;Controller;State = Ready;
13/10/17;10:33:13.915;INFO;Server;Command: ExecRobotTask (Initialize,500000);
13/10/17;10:33:13.922;INFO;Controller;Executing asynchronous activity: ExecRobotTask;
13/10/17;10:33:13.922;INFO;Controller;Status = Executing: Initialize;
13/10/17;10:33:13.922;INFO;Controller;State = Running;
13/10/17;10:33:14.795;INFO;Robot Runtime;executing:    Initialize;
13/10/17;10:33:15.253;INFO;Controller;Activity ExecRobotTask ended. Return value: Done;
13/10/17;10:33:15.253;INFO;Controller;State = Ready;
13/10/17;10:33:15.267;INFO;Server;Command: ExecRobotTask (LatchRobGov,500000);
13/10/17;10:33:15.267;INFO;Controller;Executing asynchronous activity: ExecRobotTask;
13/10/17;10:33:15.267;INFO;Controller;Status = Executing: LatchRobGov;
13/10/17;10:33:15.267;INFO;Controller;State = Running;
13/10/17;10:33:16.255;INFO;Robot Runtime;executing:    LatchRobGov;
13/10/17;10:33:18.378;INFO;Controller;Activity ExecRobotTask ended. Return value: Done;
13/10/17;10:33:18.378;INFO;Controller;State = Ready;
13/10/17;10:33:18.398;INFO;Server;Command: ExecRobotTask (CoolDown,500000);
13/10/17;10:33:18.398;INFO;Controller;Executing asynchronous activity: ExecRobotTask;
13/10/17;10:33:18.398;INFO;Controller;Status = Executing: CoolDown;
13/10/17;10:33:18.398;INFO;Controller;State = Running;
13/10/17;10:33:19.258;INFO;Robot Runtime;executing:    CoolDown;
13/10/17;10:33:19.754;INFO;Controller;Activity ExecRobotTask ended. Return value: Done;
13/10/17;10:33:19.754;INFO;Controller;State = Ready;
13/10/17;10:33:19.774;INFO;Server;Command: ExecRobotTask (TraceSample,500000);
13/10/17;10:33:19.774;INFO;Controller;Executing asynchronous activity: ExecRobotTask;
13/10/17;10:33:19.774;INFO;Controller;Status = Executing: TraceSample;
13/10/17;10:33:19.774;INFO;Controller;State = Running;
13/10/17;10:33:20.525;INFO;Robot Runtime;executing:    TraceSample;
13/10/17;10:33:23.148;INFO;Controller;Activity ExecRobotTask ended. Return value: Done True/False/False;
13/10/17;10:33:23.148;INFO;Controller;State = Ready;
13/10/17;10:33:23.169;INFO;Server;Command: ExecRobotTask (Unmount,500000);
13/10/17;10:33:23.170;INFO;Controller;Executing asynchronous activity: ExecRobotTask;
13/10/17;10:33:23.170;INFO;Controller;Status = Executing: Unmount;
13/10/17;10:33:23.170;INFO;Controller;State = Running;
13/10/17;10:33:23.918;INFO;Robot Runtime;executing:    Unmount;
13/10/17;10:33:30.598;INFO;Controller;Activity ExecRobotTask ended. Return value: Done False/True/False;
13/10/17;10:33:30.599;INFO;Controller;State = Ready;
13/10/17;10:33:30.611;INFO;Server;Command: ExecRobotTask (Unload,500000);
13/10/17;10:33:30.612;INFO;Controller;Executing asynchronous activity: ExecRobotTask;
13/10/17;10:33:30.612;INFO;Controller;Status = Executing: Unload;
13/10/17;10:33:30.612;INFO;Controller;State = Running;
13/10/17;10:33:31.518;INFO;Robot Runtime;executing:    Unload;
13/10/17;10:33:36.301;INFO;Controller;Activity ExecRobotTask ended. Return value: Done False/False/False;
13/10/17;10:33:36.301;INFO;Controller;State = Ready;
13/10/17;10:33:36.329;INFO;Server;Command: ExecRobotTask (UnlatchRobGov,500000);
13/10/17;10:33:36.329;INFO;Controller;Executing asynchronous activity: ExecRobotTask;
13/10/17;10:33:36.329;INFO;Controller;Status = Executing: UnlatchRobGov;
13/10/17;10:33:36.329;INFO;Controller;State = Running;
13/10/17;10:33:37.101;INFO;Robot Runtime;executing:    UnlatchRobGov;
13/10/17;10:33:37.915;INFO;Controller;Activity ExecRobotTask ended. Return value: Done;
13/10/17;10:33:37.915;INFO;Controller;State = Ready;
13/10/17;10:33:37.929;INFO;Server;Command: ExecRobotTask (Finish,500000);
13/10/17;10:33:37.929;INFO;Controller;Executing asynchronous activity: ExecRobotTask;
13/10/17;10:33:37.929;INFO;Controller;Status = Executing: Finish;
13/10/17;10:33:37.929;INFO;Controller;State = Running;
13/10/17;10:33:38.902;INFO;Robot Runtime;executing:    Finish;
13/10/17;10:36:16.984;INFO;Controller;Activity ExecRobotTask ended. Return value: Done;
13/10/17;10:36:16.985;INFO;Controller;State = Ready;
13/10/17;11:10:18.644;INFO;Server;Command: ExecRobotTask (Initialize,500000);
13/10/17;11:10:18.651;INFO;Controller;Executing asynchronous activity: ExecRobotTask;
13/10/17;11:10:18.652;INFO;Controller;Status = Executing: Initialize;
13/10/17;11:10:18.652;INFO;Controller;State = Running;
13/10/17;11:10:19.599;INFO;Robot Runtime;executing:    Initialize;
13/10/17;11:10:20.509;INFO;Controller;Activity ExecRobotTask ended. Return value: Done;
13/10/17;11:10:20.510;INFO;Controller;State = Ready;
13/10/17;11:10:20.545;INFO;Server;Command: ExecRobotTask (LatchRobGov,500000);
13/10/17;11:10:20.545;INFO;Controller;Executing asynchronous activity: ExecRobotTask;
13/10/17;11:10:20.545;INFO;Controller;Status = Executing: LatchRobGov;
13/10/17;11:10:20.545;INFO;Controller;State = Running;
13/10/17;11:10:30.561;INFO;Robot;Abort;
13/10/17;11:10:30.654;INFO;Controller;Activity ExecRobotTask ended with exception: Timeout waiting busy;
13/10/17;11:10:30.654;WARNING;Activity;Exception: Robot timeout waiting busy
Stack trace:
org.embl.ctrl.Device$TimeoutWaitBusyException: Timeout waiting busy
	at org.embl.dev.staubli.StaubliRobot.executeTask(StaubliRobot.java:1162)
	at org.embl.dev.staubli.StaubliRobot.executeTask(StaubliRobot.java:1124)
	at org.embl.sw.Control.execRobotTask(Control.java:489)
	at org.embl.sw.Control$2.run(Control.java:380)
	at org.embl.task.ActivityManager.runTask(ActivityManager.java:104)
	at org.embl.task.ActivityManager.access$000(ActivityManager.java:22)
	at org.embl.task.ActivityManager$ActivityThread.run(ActivityManager.java:145)
;
13/10/17;11:10:30.655;INFO;Controller;State = Ready;
13/10/17;11:11:22.781;INFO;Server;Command: ExecRobotTask (Initialize,500000);
13/10/17;11:11:22.781;INFO;Controller;Executing asynchronous activity: ExecRobotTask;
13/10/17;11:11:22.781;INFO;Controller;Status = Executing: Initialize;
13/10/17;11:11:22.782;INFO;Controller;State = Running;
13/10/17;11:11:23.581;INFO;Robot Runtime;executing:    Initialize;
13/10/17;11:11:23.717;INFO;Controller;Activity ExecRobotTask ended. Return value: Done;
13/10/17;11:11:23.717;INFO;Controller;State = Ready;
13/10/17;11:11:23.726;INFO;Server;Command: ExecRobotTask (LatchRobGov,500000);
13/10/17;11:11:23.726;INFO;Controller;Executing asynchronous activity: ExecRobotTask;
13/10/17;11:11:23.726;INFO;Controller;Status = Executing: LatchRobGov;
13/10/17;11:11:23.727;INFO;Controller;State = Running;
13/10/17;11:11:24.526;INFO;Robot Runtime;executing:    LatchRobGov;
13/10/17;11:11:25.093;INFO;Controller;Activity ExecRobotTask ended. Return value: Done;
13/10/17;11:11:25.093;INFO;Controller;State = Ready;
13/10/17;11:11:25.107;INFO;Server;Command: ExecRobotTask (TraceSample,500000);
13/10/17;11:11:25.107;INFO;Controller;Executing asynchronous activity: ExecRobotTask;
13/10/17;11:11:25.107;INFO;Controller;Status = Executing: TraceSample;
13/10/17;11:11:25.107;INFO;Controller;State = Running;
13/10/17;11:11:25.867;INFO;Robot Runtime;executing:    TraceSample;
13/10/17;11:11:26.873;INFO;Controller;Activity ExecRobotTask ended. Return value: Done False/False/False;
13/10/17;11:11:26.873;INFO;Controller;State = Ready;
13/10/17;11:11:26.885;INFO;Server;Command: ExecRobotTask (CoolDown,500000);
13/10/17;11:11:26.885;INFO;Controller;Executing asynchronous activity: ExecRobotTask;
13/10/17;11:11:26.885;INFO;Controller;Status = Executing: CoolDown;
13/10/17;11:11:26.885;INFO;Controller;State = Running;
13/10/17;11:11:27.659;INFO;Robot Runtime;executing:    CoolDown;
13/10/17;11:12:30.608;INFO;Controller;Activity ExecRobotTask ended. Return value: Done;
13/10/17;11:12:30.608;INFO;Controller;State = Ready;
13/10/17;11:12:30.808;INFO;Server;Command: ExecRobotTask (Load,500000);
13/10/17;11:12:30.808;INFO;Controller;Executing asynchronous activity: ExecRobotTask;
13/10/17;11:12:30.809;INFO;Controller;Status = Executing: Load;
13/10/17;11:12:30.809;INFO;Controller;State = Running;
13/10/17;11:12:31.805;INFO;Robot Runtime;executing:    Load;
13/10/17;11:12:41.493;INFO;Controller;Activity ExecRobotTask ended. Return value: Done False/True/False;
13/10/17;11:12:41.494;INFO;Controller;State = Ready;
13/10/17;11:12:41.506;INFO;Server;Command: ExecRobotTask (Mount,500000);
13/10/17;11:12:41.507;INFO;Controller;Executing asynchronous activity: ExecRobotTask;
13/10/17;11:12:41.507;INFO;Controller;Status = Executing: Mount;
13/10/17;11:12:41.507;INFO;Controller;State = Running;
13/10/17;11:12:42.452;INFO;Robot Runtime;executing:    Mount;
13/10/17;11:12:50.406;INFO;Controller;Activity ExecRobotTask ended. Return value: Done True/False/False;
13/10/17;11:12:50.407;INFO;Controller;State = Ready;
13/10/17;11:12:50.420;INFO;Server;Command: ExecRobotTask (Park,500000);
13/10/17;11:12:50.420;INFO;Controller;Executing asynchronous activity: ExecRobotTask;
13/10/17;11:12:50.420;INFO;Controller;Status = Executing: Park;
13/10/17;11:12:50.420;INFO;Controller;State = Running;
13/10/17;11:12:51.192;INFO;Robot Runtime;executing:    Park;
13/10/17;11:12:54.413;INFO;Controller;Activity ExecRobotTask ended. Return value: Done;
13/10/17;11:12:54.413;INFO;Controller;State = Ready;
13/10/17;11:12:54.430;INFO;Server;Command: ExecRobotTask (UnlatchRobGov,500000);
13/10/17;11:12:54.430;INFO;Controller;Executing asynchronous activity: ExecRobotTask;
13/10/17;11:12:54.430;INFO;Controller;Status = Executing: UnlatchRobGov;
13/10/17;11:12:54.430;INFO;Controller;State = Running;
13/10/17;11:12:55.221;INFO;Robot Runtime;executing:    UnlatchRobGov;
13/10/17;11:12:55.694;INFO;Controller;Activity ExecRobotTask ended. Return value: Done;
13/10/17;11:12:55.695;INFO;Controller;State = Ready;
13/10/17;12:01:43.496;INFO;Server;Command: ExecRobotTask (Initialize,500000);
13/10/17;12:01:43.502;INFO;Controller;Executing asynchronous activity: ExecRobotTask;
13/10/17;12:01:43.502;INFO;Controller;Status = Executing: Initialize;
13/10/17;12:01:43.502;INFO;Controller;State = Running;
13/10/17;12:01:44.363;INFO;Robot Runtime;executing:    Initialize;
13/10/17;12:01:44.863;INFO;Controller;Activity ExecRobotTask ended. Return value: Done;
13/10/17;12:01:44.863;INFO;Controller;State = Ready;
13/10/17;12:01:44.880;INFO;Server;Command: ExecRobotTask (LatchRobGov,500000);
13/10/17;12:01:44.880;INFO;Controller;Executing asynchronous activity: ExecRobotTask;
13/10/17;12:01:44.880;INFO;Controller;Status = Executing: LatchRobGov;
13/10/17;12:01:44.881;INFO;Controller;State = Running;
13/10/17;12:01:45.899;INFO;Robot Runtime;executing:    LatchRobGov;
13/10/17;12:01:47.991;INFO;Controller;Activity ExecRobotTask ended. Return value: Done;
13/10/17;12:01:47.991;INFO;Controller;State = Ready;
13/10/17;12:01:48.003;INFO;Server;Command: ExecRobotTask (CoolDown,500000);
13/10/17;12:01:48.003;INFO;Controller;Executing asynchronous activity: ExecRobotTask;
13/10/17;12:01:48.003;INFO;Controller;Status = Executing: CoolDown;
13/10/17;12:01:48.003;INFO;Controller;State = Running;
13/10/17;12:01:48.853;INFO;Robot Runtime;executing:    CoolDown;
13/10/17;12:01:49.364;INFO;Controller;Activity ExecRobotTask ended. Return value: Done;
13/10/17;12:01:49.364;INFO;Controller;State = Ready;
13/10/17;12:01:49.376;INFO;Server;Command: ExecRobotTask (TraceSample,500000);
13/10/17;12:01:49.376;INFO;Controller;Executing asynchronous activity: ExecRobotTask;
13/10/17;12:01:49.376;INFO;Controller;Status = Executing: TraceSample;
13/10/17;12:01:49.376;INFO;Controller;State = Running;
13/10/17;12:01:50.124;INFO;Robot Runtime;executing:    TraceSample;
13/10/17;12:01:52.760;INFO;Controller;Activity ExecRobotTask ended. Return value: Done True/False/False;
13/10/17;12:01:52.761;INFO;Controller;State = Ready;
13/10/17;12:01:52.769;INFO;Server;Command: ExecRobotTask (Unmount,500000);
13/10/17;12:01:52.769;INFO;Controller;Executing asynchronous activity: ExecRobotTask;
13/10/17;12:01:52.769;INFO;Controller;Status = Executing: Unmount;
13/10/17;12:01:52.769;INFO;Controller;State = Running;
13/10/17;12:01:53.518;INFO;Robot Runtime;executing:    Unmount;
13/10/17;12:02:00.750;INFO;Controller;Activity ExecRobotTask ended. Return value: Done False/True/False;
13/10/17;12:02:00.750;INFO;Controller;State = Ready;
13/10/17;12:02:00.764;INFO;Server;Command: ExecRobotTask (Unload,500000);
13/10/17;12:02:00.764;INFO;Controller;Executing asynchronous activity: ExecRobotTask;
13/10/17;12:02:00.764;INFO;Controller;Status = Executing: Unload;
13/10/17;12:02:00.765;INFO;Controller;State = Running;
13/10/17;12:02:01.647;INFO;Robot Runtime;executing:    Unload;
13/10/17;12:02:06.070;INFO;Controller;Activity ExecRobotTask ended. Return value: Done False/False/False;
13/10/17;12:02:06.070;INFO;Controller;State = Ready;
13/10/17;12:02:08.327;INFO;Server;Command: ExecRobotTask (Load,500000);
13/10/17;12:02:08.327;INFO;Controller;Executing asynchronous activity: ExecRobotTask;
13/10/17;12:02:08.327;INFO;Controller;Status = Executing: Load;
13/10/17;12:02:08.327;INFO;Controller;State = Running;
13/10/17;12:02:09.325;INFO;Robot Runtime;executing:    Load;
13/10/17;12:02:16.379;INFO;Controller;Activity ExecRobotTask ended. Return value: Done False/True/False;
13/10/17;12:02:16.380;INFO;Controller;State = Ready;
13/10/17;12:02:16.389;INFO;Server;Command: ExecRobotTask (Mount,500000);
13/10/17;12:02:16.389;INFO;Controller;Executing asynchronous activity: ExecRobotTask;
13/10/17;12:02:16.389;INFO;Controller;Status = Executing: Mount;
13/10/17;12:02:16.389;INFO;Controller;State = Running;
13/10/17;12:02:17.229;INFO;Robot Runtime;executing:    Mount;
13/10/17;12:02:25.350;INFO;Controller;Activity ExecRobotTask ended. Return value: Done True/False/False;
13/10/17;12:02:25.351;INFO;Controller;State = Ready;
13/10/17;12:02:25.368;INFO;Server;Command: ExecRobotTask (Park,500000);
13/10/17;12:02:25.368;INFO;Controller;Executing asynchronous activity: ExecRobotTask;
13/10/17;12:02:25.368;INFO;Controller;Status = Executing: Park;
13/10/17;12:02:25.368;INFO;Controller;State = Running;
13/10/17;12:02:26.117;INFO;Robot Runtime;executing:    Park;
13/10/17;12:02:29.098;INFO;Controller;Activity ExecRobotTask ended. Return value: Done;
13/10/17;12:02:29.098;INFO;Controller;State = Ready;
13/10/17;12:02:29.115;INFO;Server;Command: ExecRobotTask (UnlatchRobGov,500000);
13/10/17;12:02:29.116;INFO;Controller;Executing asynchronous activity: ExecRobotTask;
13/10/17;12:02:29.116;INFO;Controller;Status = Executing: UnlatchRobGov;
13/10/17;12:02:29.116;INFO;Controller;State = Running;
13/10/17;12:02:29.913;INFO;Robot Runtime;executing:    UnlatchRobGov;
13/10/17;12:02:30.380;INFO;Controller;Activity ExecRobotTask ended. Return value: Done;
13/10/17;12:02:30.380;INFO;Controller;State = Ready;
13/10/17;14:18:58.604;INFO;Server;Command: ExecRobotTask (Initialize,500000);
13/10/17;14:18:58.631;INFO;Controller;Executing asynchronous activity: ExecRobotTask;
13/10/17;14:18:58.632;INFO;Controller;Status = Executing: Initialize;
13/10/17;14:18:58.632;INFO;Controller;State = Running;
13/10/17;14:18:59.479;INFO;Robot Runtime;executing:    Initialize;
13/10/17;14:18:59.972;INFO;Controller;Activity ExecRobotTask ended. Return value: Done;
13/10/17;14:18:59.973;INFO;Controller;State = Ready;
13/10/17;14:18:59.984;INFO;Server;Command: ExecRobotTask (LatchRobGov,500000);
13/10/17;14:18:59.984;INFO;Controller;Executing asynchronous activity: ExecRobotTask;
13/10/17;14:18:59.984;INFO;Controller;Status = Executing: LatchRobGov;
13/10/17;14:18:59.984;INFO;Controller;State = Running;
13/10/17;14:19:01.006;INFO;Robot Runtime;executing:    LatchRobGov;
13/10/17;14:19:03.111;INFO;Controller;Activity ExecRobotTask ended. Return value: Done;
13/10/17;14:19:03.111;INFO;Controller;State = Ready;
13/10/17;14:19:03.123;INFO;Server;Command: ExecRobotTask (CoolDown,500000);
13/10/17;14:19:03.123;INFO;Controller;Executing asynchronous activity: ExecRobotTask;
13/10/17;14:19:03.123;INFO;Controller;Status = Executing: CoolDown;
13/10/17;14:19:03.123;INFO;Controller;State = Running;
13/10/17;14:19:03.976;INFO;Robot Runtime;executing:    CoolDown;
13/10/17;14:19:04.484;INFO;Controller;Activity ExecRobotTask ended. Return value: Done;
13/10/17;14:19:04.484;INFO;Controller;State = Ready;
13/10/17;14:19:04.498;INFO;Server;Command: ExecRobotTask (TraceSample,500000);
13/10/17;14:19:04.499;INFO;Controller;Executing asynchronous activity: ExecRobotTask;
13/10/17;14:19:04.499;INFO;Controller;Status = Executing: TraceSample;
13/10/17;14:19:04.499;INFO;Controller;State = Running;
13/10/17;14:19:05.242;INFO;Robot Runtime;executing:    TraceSample;
13/10/17;14:19:07.875;INFO;Controller;Activity ExecRobotTask ended. Return value: Done True/False/False;
13/10/17;14:19:07.875;INFO;Controller;State = Ready;
13/10/17;14:19:07.888;INFO;Server;Command: ExecRobotTask (Unmount,500000);
13/10/17;14:19:07.888;INFO;Controller;Executing asynchronous activity: ExecRobotTask;
13/10/17;14:19:07.888;INFO;Controller;Status = Executing: Unmount;
13/10/17;14:19:07.888;INFO;Controller;State = Running;
13/10/17;14:19:08.637;INFO;Robot Runtime;executing:    Unmount;
13/10/17;14:19:15.843;INFO;Controller;Activity ExecRobotTask ended. Return value: Done False/True/False;
13/10/17;14:19:15.843;INFO;Controller;State = Ready;
13/10/17;14:19:15.856;INFO;Server;Command: ExecRobotTask (Unload,500000);
13/10/17;14:19:15.856;INFO;Controller;Executing asynchronous activity: ExecRobotTask;
13/10/17;14:19:15.856;INFO;Controller;Status = Executing: Unload;
13/10/17;14:19:15.856;INFO;Controller;State = Running;
13/10/17;14:19:16.746;INFO;Robot Runtime;executing:    Unload;
13/10/17;14:19:21.552;INFO;Controller;Activity ExecRobotTask ended. Return value: Done False/False/False;
13/10/17;14:19:21.552;INFO;Controller;State = Ready;
13/10/17;14:19:23.822;INFO;Server;Command: ExecRobotTask (Load,500000);
13/10/17;14:19:23.823;INFO;Controller;Executing asynchronous activity: ExecRobotTask;
13/10/17;14:19:23.823;INFO;Controller;Status = Executing: Load;
13/10/17;14:19:23.823;INFO;Controller;State = Running;
13/10/17;14:19:24.823;INFO;Robot Runtime;executing:    Load;
13/10/17;14:19:31.523;INFO;Controller;Activity ExecRobotTask ended. Return value: Done False/True/False;
13/10/17;14:19:31.524;INFO;Controller;State = Ready;
13/10/17;14:19:31.538;INFO;Server;Command: ExecRobotTask (Mount,500000);
13/10/17;14:19:31.538;INFO;Controller;Executing asynchronous activity: ExecRobotTask;
13/10/17;14:19:31.538;INFO;Controller;Status = Executing: Mount;
13/10/17;14:19:31.538;INFO;Controller;State = Running;
13/10/17;14:19:32.392;INFO;Robot Runtime;executing:    Mount;
13/10/17;14:19:39.252;INFO;Controller;Activity ExecRobotTask ended. Return value: Done True/False/False;
13/10/17;14:19:39.252;INFO;Controller;State = Ready;
13/10/17;14:19:39.273;INFO;Server;Command: ExecRobotTask (Park,500000);
13/10/17;14:19:39.273;INFO;Controller;Executing asynchronous activity: ExecRobotTask;
13/10/17;14:19:39.273;INFO;Controller;Status = Executing: Park;
13/10/17;14:19:39.273;INFO;Controller;State = Running;
13/10/17;14:19:40.024;INFO;Robot Runtime;executing:    Park;
13/10/17;14:19:43.310;INFO;Controller;Activity ExecRobotTask ended. Return value: Done;
13/10/17;14:19:43.310;INFO;Controller;State = Ready;
13/10/17;14:19:43.327;INFO;Server;Command: ExecRobotTask (UnlatchRobGov,500000);
13/10/17;14:19:43.327;INFO;Controller;Executing asynchronous activity: ExecRobotTask;
13/10/17;14:19:43.327;INFO;Controller;Status = Executing: UnlatchRobGov;
13/10/17;14:19:43.327;INFO;Controller;State = Running;
13/10/17;14:19:44.123;INFO;Robot Runtime;executing:    UnlatchRobGov;
13/10/17;14:19:44.274;INFO;Controller;Activity ExecRobotTask ended. Return value: Done;
13/10/17;14:19:44.274;INFO;Controller;State = Ready;
13/10/17;15:12:20.476;INFO;Server;Command: ExecRobotTask (Initialize,500000);
13/10/17;15:12:20.478;INFO;Controller;Executing asynchronous activity: ExecRobotTask;
13/10/17;15:12:20.479;INFO;Controller;Status = Executing: Initialize;
13/10/17;15:12:20.479;INFO;Controller;State = Running;
13/10/17;15:12:21.363;INFO;Robot Runtime;executing:    Initialize;
13/10/17;15:12:21.826;INFO;Controller;Activity ExecRobotTask ended. Return value: Done;
13/10/17;15:12:21.826;INFO;Controller;State = Ready;
13/10/17;15:12:21.846;INFO;Server;Command: ExecRobotTask (LatchRobGov,500000);
13/10/17;15:12:21.846;INFO;Controller;Executing asynchronous activity: ExecRobotTask;
13/10/17;15:12:21.846;INFO;Controller;Status = Executing: LatchRobGov;
13/10/17;15:12:21.846;INFO;Controller;State = Running;
13/10/17;15:12:22.837;INFO;Robot Runtime;executing:    LatchRobGov;
13/10/17;15:12:25.196;INFO;Controller;Activity ExecRobotTask ended. Return value: Done;
13/10/17;15:12:25.196;INFO;Controller;State = Ready;
13/10/17;15:12:25.210;INFO;Server;Command: ExecRobotTask (CoolDown,500000);
13/10/17;15:12:25.210;INFO;Controller;Executing asynchronous activity: ExecRobotTask;
13/10/17;15:12:25.211;INFO;Controller;Status = Executing: CoolDown;
13/10/17;15:12:25.211;INFO;Controller;State = Running;
13/10/17;15:12:26.064;INFO;Robot Runtime;executing:    CoolDown;
13/10/17;15:12:26.573;INFO;Controller;Activity ExecRobotTask ended. Return value: Done;
13/10/17;15:12:26.573;INFO;Controller;State = Ready;
13/10/17;15:12:26.589;INFO;Server;Command: ExecRobotTask (TraceSample,500000);
13/10/17;15:12:26.589;INFO;Controller;Executing asynchronous activity: ExecRobotTask;
13/10/17;15:12:26.589;INFO;Controller;Status = Executing: TraceSample;
13/10/17;15:12:26.589;INFO;Controller;State = Running;
13/10/17;15:12:27.344;INFO;Robot Runtime;executing:    TraceSample;
13/10/17;15:12:29.967;INFO;Controller;Activity ExecRobotTask ended. Return value: Done True/False/False;
13/10/17;15:12:29.967;INFO;Controller;State = Ready;
13/10/17;15:12:29.985;INFO;Server;Command: ExecRobotTask (Unmount,500000);
13/10/17;15:12:29.985;INFO;Controller;Executing asynchronous activity: ExecRobotTask;
13/10/17;15:12:29.985;INFO;Controller;Status = Executing: Unmount;
13/10/17;15:12:29.985;INFO;Controller;State = Running;
13/10/17;15:12:30.739;INFO;Robot Runtime;executing:    Unmount;
13/10/17;15:12:38.905;INFO;Controller;Activity ExecRobotTask ended. Return value: Done False/True/False;
13/10/17;15:12:38.906;INFO;Controller;State = Ready;
13/10/17;15:12:38.920;INFO;Server;Command: ExecRobotTask (Unload,500000);
13/10/17;15:12:38.920;INFO;Controller;Executing asynchronous activity: ExecRobotTask;
13/10/17;15:12:38.920;INFO;Controller;Status = Executing: Unload;
13/10/17;15:12:38.921;INFO;Controller;State = Running;
13/10/17;15:12:39.826;INFO;Robot Runtime;executing:    Unload;
13/10/17;15:12:44.611;INFO;Controller;Activity ExecRobotTask ended. Return value: Done False/False/False;
13/10/17;15:12:44.611;INFO;Controller;State = Ready;
13/10/17;15:12:46.881;INFO;Server;Command: ExecRobotTask (Load,500000);
13/10/17;15:12:46.881;INFO;Controller;Executing asynchronous activity: ExecRobotTask;
13/10/17;15:12:46.881;INFO;Controller;Status = Executing: Load;
13/10/17;15:12:46.881;INFO;Controller;State = Running;
13/10/17;15:12:47.855;INFO;Robot Runtime;executing:    Load;
13/10/17;15:12:54.760;INFO;Controller;Activity ExecRobotTask ended. Return value: Done False/True/False;
13/10/17;15:12:54.760;INFO;Controller;State = Ready;
13/10/17;15:12:54.782;INFO;Server;Command: ExecRobotTask (Mount,500000);
13/10/17;15:12:54.783;INFO;Controller;Executing asynchronous activity: ExecRobotTask;
13/10/17;15:12:54.783;INFO;Controller;Status = Executing: Mount;
13/10/17;15:12:54.783;INFO;Controller;State = Running;
13/10/17;15:12:55.627;INFO;Robot Runtime;executing:    Mount;
13/10/17;15:13:03.449;INFO;Controller;Activity ExecRobotTask ended. Return value: Done True/False/False;
13/10/17;15:13:03.450;INFO;Controller;State = Ready;
13/10/17;15:13:03.466;INFO;Server;Command: ExecRobotTask (Park,500000);
13/10/17;15:13:03.466;INFO;Controller;Executing asynchronous activity: ExecRobotTask;
13/10/17;15:13:03.466;INFO;Controller;Status = Executing: Park;
13/10/17;15:13:03.466;INFO;Controller;State = Running;
13/10/17;15:13:04.218;INFO;Robot Runtime;executing:    Park;
13/10/17;15:13:07.584;INFO;Controller;Activity ExecRobotTask ended. Return value: Done;
13/10/17;15:13:07.585;INFO;Controller;State = Ready;
13/10/17;15:13:07.603;INFO;Server;Command: ExecRobotTask (UnlatchRobGov,500000);
13/10/17;15:13:07.603;INFO;Controller;Executing asynchronous activity: ExecRobotTask;
13/10/17;15:13:07.604;INFO;Controller;Status = Executing: UnlatchRobGov;
13/10/17;15:13:07.604;INFO;Controller;State = Running;
13/10/17;15:13:08.400;INFO;Robot Runtime;executing:    UnlatchRobGov;
13/10/17;15:13:08.545;INFO;Controller;Activity ExecRobotTask ended. Return value: Done;
13/10/17;15:13:08.545;INFO;Controller;State = Ready;
13/10/17;15:41:42.642;INFO;Server;Command: ExecRobotTask (Initialize,500000);
13/10/17;15:41:42.645;INFO;Controller;Executing asynchronous activity: ExecRobotTask;
13/10/17;15:41:42.645;INFO;Controller;Status = Executing: Initialize;
13/10/17;15:41:42.645;INFO;Controller;State = Running;
13/10/17;15:41:43.556;INFO;Robot Runtime;executing:    Initialize;
13/10/17;15:41:43.785;INFO;Controller;Activity ExecRobotTask ended. Return value: Done;
13/10/17;15:41:43.786;INFO;Controller;State = Ready;
13/10/17;15:41:43.801;INFO;Server;Command: ExecRobotTask (LatchRobGov,500000);
13/10/17;15:41:43.801;INFO;Controller;Executing asynchronous activity: ExecRobotTask;
13/10/17;15:41:43.801;INFO;Controller;Status = Executing: LatchRobGov;
13/10/17;15:41:43.801;INFO;Controller;State = Running;
13/10/17;15:41:44.798;INFO;Robot Runtime;executing:    LatchRobGov;
13/10/17;15:41:47.919;INFO;Controller;Activity ExecRobotTask ended. Return value: Done;
13/10/17;15:41:47.919;INFO;Controller;State = Ready;
13/10/17;15:41:47.941;INFO;Server;Command: ExecRobotTask (CoolDown,500000);
13/10/17;15:41:47.941;INFO;Controller;Executing asynchronous activity: ExecRobotTask;
13/10/17;15:41:47.941;INFO;Controller;Status = Executing: CoolDown;
13/10/17;15:41:47.941;INFO;Controller;State = Running;
13/10/17;15:41:48.797;INFO;Robot Runtime;executing:    CoolDown;
13/10/17;15:41:49.215;INFO;Controller;Activity ExecRobotTask ended. Return value: Done;
13/10/17;15:41:49.215;INFO;Controller;State = Ready;
13/10/17;15:41:49.231;INFO;Server;Command: ExecRobotTask (TraceSample,500000);
13/10/17;15:41:49.231;INFO;Controller;Executing asynchronous activity: ExecRobotTask;
13/10/17;15:41:49.231;INFO;Controller;Status = Executing: TraceSample;
13/10/17;15:41:49.231;INFO;Controller;State = Running;
13/10/17;15:41:49.980;INFO;Robot Runtime;executing:    TraceSample;
13/10/17;15:41:52.612;INFO;Controller;Activity ExecRobotTask ended. Return value: Done True/False/False;
13/10/17;15:41:52.612;INFO;Controller;State = Ready;
13/10/17;15:41:52.630;INFO;Server;Command: ExecRobotTask (Unmount,500000);
13/10/17;15:41:52.630;INFO;Controller;Executing asynchronous activity: ExecRobotTask;
13/10/17;15:41:52.630;INFO;Controller;Status = Executing: Unmount;
13/10/17;15:41:52.630;INFO;Controller;State = Running;
13/10/17;15:41:53.381;INFO;Robot Runtime;executing:    Unmount;
13/10/17;15:42:00.646;INFO;Controller;Activity ExecRobotTask ended. Return value: Done False/True/False;
13/10/17;15:42:00.646;INFO;Controller;State = Ready;
13/10/17;15:42:00.665;INFO;Server;Command: ExecRobotTask (Unload,500000);
13/10/17;15:42:00.665;INFO;Controller;Executing asynchronous activity: ExecRobotTask;
13/10/17;15:42:00.665;INFO;Controller;Status = Executing: Unload;
13/10/17;15:42:00.665;INFO;Controller;State = Running;
13/10/17;15:42:01.575;INFO;Robot Runtime;executing:    Unload;
13/10/17;15:42:06.273;INFO;Controller;Activity ExecRobotTask ended. Return value: Done False/False/False;
13/10/17;15:42:06.273;INFO;Controller;State = Ready;
13/10/17;15:42:06.308;INFO;Server;Command: ExecRobotTask (UnlatchRobGov,500000);
13/10/17;15:42:06.308;INFO;Controller;Executing asynchronous activity: ExecRobotTask;
13/10/17;15:42:06.308;INFO;Controller;Status = Executing: UnlatchRobGov;
13/10/17;15:42:06.308;INFO;Controller;State = Running;
13/10/17;15:42:07.083;INFO;Robot Runtime;executing:    UnlatchRobGov;
13/10/17;15:42:07.638;INFO;Controller;Activity ExecRobotTask ended. Return value: Done;
13/10/17;15:42:07.638;INFO;Controller;State = Ready;
13/10/17;15:42:07.660;INFO;Server;Command: ExecRobotTask (Finish,500000);
13/10/17;15:42:07.660;INFO;Controller;Executing asynchronous activity: ExecRobotTask;
13/10/17;15:42:07.660;INFO;Controller;Status = Executing: Finish;
13/10/17;15:42:07.661;INFO;Controller;State = Running;
13/10/17;15:42:08.627;INFO;Robot Runtime;executing:    Finish;
13/10/17;15:44:37.451;INFO;Controller;Activity ExecRobotTask ended. Return value: Done;
13/10/17;15:44:37.452;INFO;Controller;State = Ready;
13/10/17;15:52:43.196;INFO;Server;Command: ExecRobotTask (Initialize,500000);
13/10/17;15:52:43.197;INFO;Controller;Executing asynchronous activity: ExecRobotTask;
13/10/17;15:52:43.197;INFO;Controller;Status = Executing: Initialize;
13/10/17;15:52:43.197;INFO;Controller;State = Running;
13/10/17;15:52:44.154;INFO;Robot Runtime;executing:    Initialize;
13/10/17;15:52:45.331;INFO;Controller;Activity ExecRobotTask ended. Return value: Done;
13/10/17;15:52:45.331;INFO;Controller;State = Ready;
13/10/17;15:52:45.351;INFO;Server;Command: ExecRobotTask (LatchRobGov,500000);
13/10/17;15:52:45.351;INFO;Controller;Executing asynchronous activity: ExecRobotTask;
13/10/17;15:52:45.351;INFO;Controller;Status = Executing: LatchRobGov;
13/10/17;15:52:45.351;INFO;Controller;State = Running;
13/10/17;15:52:46.154;INFO;Robot Runtime;executing:    LatchRobGov;
13/10/17;15:52:46.539;INFO;Controller;Activity ExecRobotTask ended. Return value: Done;
13/10/17;15:52:46.540;INFO;Controller;State = Ready;
13/10/17;15:52:46.563;INFO;Server;Command: ExecRobotTask (TraceSample,500000);
13/10/17;15:52:46.563;INFO;Controller;Executing asynchronous activity: ExecRobotTask;
13/10/17;15:52:46.563;INFO;Controller;Status = Executing: TraceSample;
13/10/17;15:52:46.563;INFO;Controller;State = Running;
13/10/17;15:52:47.330;INFO;Robot Runtime;executing:    TraceSample;
13/10/17;15:52:48.329;INFO;Controller;Activity ExecRobotTask ended. Return value: Done False/False/False;
13/10/17;15:52:48.329;INFO;Controller;State = Ready;
13/10/17;15:52:48.351;INFO;Server;Command: ExecRobotTask (CoolDown,500000);
13/10/17;15:52:48.351;INFO;Controller;Executing asynchronous activity: ExecRobotTask;
13/10/17;15:52:48.351;INFO;Controller;Status = Executing: CoolDown;
13/10/17;15:52:48.351;INFO;Controller;State = Running;
13/10/17;15:52:49.112;INFO;Robot Runtime;executing:    CoolDown;
13/10/17;15:53:59.527;INFO;Controller;Activity ExecRobotTask ended. Return value: Done;
13/10/17;15:53:59.528;INFO;Controller;State = Ready;
13/10/17;15:53:59.740;INFO;Server;Command: ExecRobotTask (Load,500000);
13/10/17;15:53:59.740;INFO;Controller;Executing asynchronous activity: ExecRobotTask;
13/10/17;15:53:59.740;INFO;Controller;Status = Executing: Load;
13/10/17;15:53:59.740;INFO;Controller;State = Running;
13/10/17;15:54:00.736;INFO;Robot Runtime;executing:    Load;
13/10/17;15:54:10.509;INFO;Controller;Activity ExecRobotTask ended. Return value: Done False/True/False;
13/10/17;15:54:10.510;INFO;Controller;State = Ready;
13/10/17;15:54:10.537;INFO;Server;Command: ExecRobotTask (Mount,500000);
13/10/17;15:54:10.537;INFO;Controller;Executing asynchronous activity: ExecRobotTask;
13/10/17;15:54:10.537;INFO;Controller;Status = Executing: Mount;
13/10/17;15:54:10.537;INFO;Controller;State = Running;
13/10/17;15:54:11.470;INFO;Robot Runtime;executing:    Mount;
13/10/17;15:54:19.700;INFO;Controller;Activity ExecRobotTask ended. Return value: Done True/False/False;
13/10/17;15:54:19.700;INFO;Controller;State = Ready;
13/10/17;15:54:19.723;INFO;Server;Command: ExecRobotTask (Park,500000);
13/10/17;15:54:19.723;INFO;Controller;Executing asynchronous activity: ExecRobotTask;
13/10/17;15:54:19.723;INFO;Controller;Status = Executing: Park;
13/10/17;15:54:19.724;INFO;Controller;State = Running;
13/10/17;15:54:20.500;INFO;Robot Runtime;executing:    Park;
13/10/17;15:54:23.839;INFO;Controller;Activity ExecRobotTask ended. Return value: Done;
13/10/17;15:54:23.840;INFO;Controller;State = Ready;
13/10/17;15:54:23.862;INFO;Server;Command: ExecRobotTask (UnlatchRobGov,500000);
13/10/17;15:54:23.862;INFO;Controller;Executing asynchronous activity: ExecRobotTask;
13/10/17;15:54:23.862;INFO;Controller;Status = Executing: UnlatchRobGov;
13/10/17;15:54:23.862;INFO;Controller;State = Running;
13/10/17;15:54:24.663;INFO;Robot Runtime;executing:    UnlatchRobGov;
13/10/17;15:54:24.799;INFO;Controller;Activity ExecRobotTask ended. Return value: Done;
13/10/17;15:54:24.799;INFO;Controller;State = Ready;
13/10/17;18:32:38.191;INFO;Server;Command: ExecRobotTask (Initialize,500000);
13/10/17;18:32:38.220;INFO;Controller;Executing asynchronous activity: ExecRobotTask;
13/10/17;18:32:38.221;INFO;Controller;Status = Executing: Initialize;
13/10/17;18:32:38.221;INFO;Controller;State = Running;
13/10/17;18:32:39.070;INFO;Robot Runtime;executing:    Initialize;
13/10/17;18:32:39.509;INFO;Controller;Activity ExecRobotTask ended. Return value: Done;
13/10/17;18:32:39.509;INFO;Controller;State = Ready;
13/10/17;18:32:39.544;INFO;Server;Command: ExecRobotTask (LatchRobGov,500000);
13/10/17;18:32:39.544;INFO;Controller;Executing asynchronous activity: ExecRobotTask;
13/10/17;18:32:39.544;INFO;Controller;Status = Executing: LatchRobGov;
13/10/17;18:32:39.544;INFO;Controller;State = Running;
13/10/17;18:32:40.575;INFO;Robot Runtime;executing:    LatchRobGov;
13/10/17;18:32:42.481;INFO;Controller;Activity ExecRobotTask ended. Return value: Done;
13/10/17;18:32:42.481;INFO;Controller;State = Ready;
13/10/17;18:32:42.495;INFO;Server;Command: ExecRobotTask (CoolDown,500000);
13/10/17;18:32:42.496;INFO;Controller;Executing asynchronous activity: ExecRobotTask;
13/10/17;18:32:42.496;INFO;Controller;Status = Executing: CoolDown;
13/10/17;18:32:42.496;INFO;Controller;State = Running;
13/10/17;18:32:43.344;INFO;Robot Runtime;executing:    CoolDown;
13/10/17;18:32:43.775;INFO;Controller;Activity ExecRobotTask ended. Return value: Done;
13/10/17;18:32:43.775;INFO;Controller;State = Ready;
13/10/17;18:32:43.785;INFO;Server;Command: ExecRobotTask (TraceSample,500000);
13/10/17;18:32:43.785;INFO;Controller;Executing asynchronous activity: ExecRobotTask;
13/10/17;18:32:43.785;INFO;Controller;Status = Executing: TraceSample;
13/10/17;18:32:43.785;INFO;Controller;State = Running;
13/10/17;18:32:44.543;INFO;Robot Runtime;executing:    TraceSample;
13/10/17;18:32:47.173;INFO;Controller;Activity ExecRobotTask ended. Return value: Done True/False/False;
13/10/17;18:32:47.173;INFO;Controller;State = Ready;
13/10/17;18:32:47.185;INFO;Server;Command: ExecRobotTask (Unmount,500000);
13/10/17;18:32:47.186;INFO;Controller;Executing asynchronous activity: ExecRobotTask;
13/10/17;18:32:47.186;INFO;Controller;Status = Executing: Unmount;
13/10/17;18:32:47.186;INFO;Controller;State = Running;
13/10/17;18:32:47.935;INFO;Robot Runtime;executing:    Unmount;
13/10/17;18:32:54.878;INFO;Controller;Activity ExecRobotTask ended. Return value: Done False/True/False;
13/10/17;18:32:54.878;INFO;Controller;State = Ready;
13/10/17;18:32:54.895;INFO;Server;Command: ExecRobotTask (Unload,500000);
13/10/17;18:32:54.896;INFO;Controller;Executing asynchronous activity: ExecRobotTask;
13/10/17;18:32:54.896;INFO;Controller;Status = Executing: Unload;
13/10/17;18:32:54.896;INFO;Controller;State = Running;
13/10/17;18:32:55.768;INFO;Robot Runtime;executing:    Unload;
13/10/17;18:33:00.580;INFO;Controller;Activity ExecRobotTask ended. Return value: Done False/False/False;
13/10/17;18:33:00.580;INFO;Controller;State = Ready;
13/10/17;18:33:02.842;INFO;Server;Command: ExecRobotTask (Load,500000);
13/10/17;18:33:02.842;INFO;Controller;Executing asynchronous activity: ExecRobotTask;
13/10/17;18:33:02.842;INFO;Controller;Status = Executing: Load;
13/10/17;18:33:02.842;INFO;Controller;State = Running;
13/10/17;18:33:03.855;INFO;Robot Runtime;executing:    Load;
13/10/17;18:33:10.578;INFO;Controller;Activity ExecRobotTask ended. Return value: Done False/True/False;
13/10/17;18:33:10.579;INFO;Controller;State = Ready;
13/10/17;18:33:10.595;INFO;Server;Command: ExecRobotTask (Mount,500000);
13/10/17;18:33:10.595;INFO;Controller;Executing asynchronous activity: ExecRobotTask;
13/10/17;18:33:10.595;INFO;Controller;Status = Executing: Mount;
13/10/17;18:33:10.595;INFO;Controller;State = Running;
13/10/17;18:33:11.450;INFO;Robot Runtime;executing:    Mount;
13/10/17;18:33:19.176;INFO;Controller;Activity ExecRobotTask ended. Return value: Done True/False/False;
13/10/17;18:33:19.176;INFO;Controller;State = Ready;
13/10/17;18:33:19.189;INFO;Server;Command: ExecRobotTask (Park,500000);
13/10/17;18:33:19.189;INFO;Controller;Executing asynchronous activity: ExecRobotTask;
13/10/17;18:33:19.189;INFO;Controller;Status = Executing: Park;
13/10/17;18:33:19.189;INFO;Controller;State = Running;
13/10/17;18:33:19.943;INFO;Robot Runtime;executing:    Park;
13/10/17;18:33:23.317;INFO;Controller;Activity ExecRobotTask ended. Return value: Done;
13/10/17;18:33:23.317;INFO;Controller;State = Ready;
13/10/17;18:33:23.333;INFO;Server;Command: ExecRobotTask (UnlatchRobGov,500000);
13/10/17;18:33:23.333;INFO;Controller;Executing asynchronous activity: ExecRobotTask;
13/10/17;18:33:23.333;INFO;Controller;Status = Executing: UnlatchRobGov;
13/10/17;18:33:23.333;INFO;Controller;State = Running;
13/10/17;18:33:24.131;INFO;Robot Runtime;executing:    UnlatchRobGov;
13/10/17;18:33:24.283;INFO;Controller;Activity ExecRobotTask ended. Return value: Done;
13/10/17;18:33:24.283;INFO;Controller;State = Ready;
13/10/17;20:31:24.902;INFO;Server;Command: ExecRobotTask (Initialize,500000);
13/10/17;20:31:24.928;INFO;Controller;Executing asynchronous activity: ExecRobotTask;
13/10/17;20:31:24.928;INFO;Controller;Status = Executing: Initialize;
13/10/17;20:31:24.928;INFO;Controller;State = Running;
13/10/17;20:31:25.773;INFO;Robot Runtime;executing:    Initialize;
13/10/17;20:31:26.280;INFO;Controller;Activity ExecRobotTask ended. Return value: Done;
13/10/17;20:31:26.280;INFO;Controller;State = Ready;
13/10/17;20:31:26.287;INFO;Server;Command: ExecRobotTask (LatchRobGov,500000);
13/10/17;20:31:26.288;INFO;Controller;Executing asynchronous activity: ExecRobotTask;
13/10/17;20:31:26.288;INFO;Controller;Status = Executing: LatchRobGov;
13/10/17;20:31:26.288;INFO;Controller;State = Running;
13/10/17;20:31:27.291;INFO;Robot Runtime;executing:    LatchRobGov;
13/10/17;20:31:28.416;INFO;Controller;Activity ExecRobotTask ended. Return value: Done;
13/10/17;20:31:28.417;INFO;Controller;State = Ready;
13/10/17;20:31:28.430;INFO;Server;Command: ExecRobotTask (CoolDown,500000);
13/10/17;20:31:28.431;INFO;Controller;Executing asynchronous activity: ExecRobotTask;
13/10/17;20:31:28.431;INFO;Controller;Status = Executing: CoolDown;
13/10/17;20:31:28.431;INFO;Controller;State = Running;
13/10/17;20:31:29.290;INFO;Robot Runtime;executing:    CoolDown;
13/10/17;20:31:29.791;INFO;Controller;Activity ExecRobotTask ended. Return value: Done;
13/10/17;20:31:29.792;INFO;Controller;State = Ready;
13/10/17;20:31:29.801;INFO;Server;Command: ExecRobotTask (TraceSample,500000);
13/10/17;20:31:29.801;INFO;Controller;Executing asynchronous activity: ExecRobotTask;
13/10/17;20:31:29.801;INFO;Controller;Status = Executing: TraceSample;
13/10/17;20:31:29.801;INFO;Controller;State = Running;
13/10/17;20:31:30.546;INFO;Robot Runtime;executing:    TraceSample;
13/10/17;20:31:33.178;INFO;Controller;Activity ExecRobotTask ended. Return value: Done True/False/False;
13/10/17;20:31:33.178;INFO;Controller;State = Ready;
13/10/17;20:31:33.190;INFO;Server;Command: ExecRobotTask (Unmount,500000);
13/10/17;20:31:33.190;INFO;Controller;Executing asynchronous activity: ExecRobotTask;
13/10/17;20:31:33.190;INFO;Controller;Status = Executing: Unmount;
13/10/17;20:31:33.190;INFO;Controller;State = Running;
13/10/17;20:31:33.942;INFO;Robot Runtime;executing:    Unmount;
13/10/17;20:31:42.126;INFO;Controller;Activity ExecRobotTask ended. Return value: Done False/True/False;
13/10/17;20:31:42.126;INFO;Controller;State = Ready;
13/10/17;20:31:42.141;INFO;Server;Command: ExecRobotTask (Unload,500000);
13/10/17;20:31:42.141;INFO;Controller;Executing asynchronous activity: ExecRobotTask;
13/10/17;20:31:42.141;INFO;Controller;Status = Executing: Unload;
13/10/17;20:31:42.141;INFO;Controller;State = Running;
13/10/17;20:31:43.016;INFO;Robot Runtime;executing:    Unload;
13/10/17;20:31:47.835;INFO;Controller;Activity ExecRobotTask ended. Return value: Done False/False/False;
13/10/17;20:31:47.835;INFO;Controller;State = Ready;
13/10/17;20:31:47.860;INFO;Server;Command: ExecRobotTask (UnlatchRobGov,500000);
13/10/17;20:31:47.860;INFO;Controller;Executing asynchronous activity: ExecRobotTask;
13/10/17;20:31:47.860;INFO;Controller;Status = Executing: UnlatchRobGov;
13/10/17;20:31:47.860;INFO;Controller;State = Running;
13/10/17;20:31:48.648;INFO;Robot Runtime;executing:    UnlatchRobGov;
13/10/17;20:31:49.451;INFO;Controller;Activity ExecRobotTask ended. Return value: Done;
13/10/17;20:31:49.451;INFO;Controller;State = Ready;
13/10/17;20:31:49.466;INFO;Server;Command: ExecRobotTask (Finish,500000);
13/10/17;20:31:49.466;INFO;Controller;Executing asynchronous activity: ExecRobotTask;
13/10/17;20:31:49.466;INFO;Controller;Status = Executing: Finish;
13/10/17;20:31:49.466;INFO;Controller;State = Running;
13/10/17;20:31:50.445;INFO;Robot Runtime;executing:    Finish;
13/10/17;20:34:17.701;INFO;Controller;Activity ExecRobotTask ended. Return value: Done;
13/10/17;20:34:17.701;INFO;Controller;State = Ready;
13/10/17;21:36:36.311;INFO;Server;Command: ExecRobotTask (Initialize,500000);
13/10/17;21:36:36.317;INFO;Controller;Executing asynchronous activity: ExecRobotTask;
13/10/17;21:36:36.318;INFO;Controller;Status = Executing: Initialize;
13/10/17;21:36:36.318;INFO;Controller;State = Running;
13/10/17;21:36:37.284;INFO;Robot Runtime;executing:    Initialize;
13/10/17;21:36:40.200;INFO;Controller;Activity ExecRobotTask ended. Return value: Done;
13/10/17;21:36:40.200;INFO;Controller;State = Ready;
13/10/17;21:36:40.215;INFO;Server;Command: ExecRobotTask (LatchRobGov,500000);
13/10/17;21:36:40.215;INFO;Controller;Executing asynchronous activity: ExecRobotTask;
13/10/17;21:36:40.215;INFO;Controller;Status = Executing: LatchRobGov;
13/10/17;21:36:40.215;INFO;Controller;State = Running;
13/10/17;21:36:41.015;INFO;Robot Runtime;executing:    LatchRobGov;
13/10/17;21:36:41.566;INFO;Controller;Activity ExecRobotTask ended. Return value: Done;
13/10/17;21:36:41.566;INFO;Controller;State = Ready;
13/10/17;21:36:41.574;INFO;Server;Command: ExecRobotTask (TraceSample,500000);
13/10/17;21:36:41.574;INFO;Controller;Executing asynchronous activity: ExecRobotTask;
13/10/17;21:36:41.575;INFO;Controller;Status = Executing: TraceSample;
13/10/17;21:36:41.575;INFO;Controller;State = Running;
13/10/17;21:36:42.337;INFO;Robot Runtime;executing:    TraceSample;
13/10/17;21:36:43.191;INFO;Controller;Activity ExecRobotTask ended. Return value: Done False/False/False;
13/10/17;21:36:43.191;INFO;Controller;State = Ready;
13/10/17;21:36:43.196;INFO;Server;Command: ExecRobotTask (CoolDown,500000);
13/10/17;21:36:43.196;INFO;Controller;Executing asynchronous activity: ExecRobotTask;
13/10/17;21:36:43.196;INFO;Controller;Status = Executing: CoolDown;
13/10/17;21:36:43.196;INFO;Controller;State = Running;
13/10/17;21:36:43.956;INFO;Robot Runtime;executing:    CoolDown;
13/10/17;21:37:56.394;INFO;Controller;Activity ExecRobotTask ended. Return value: Done;
13/10/17;21:37:56.395;INFO;Controller;State = Ready;
13/10/17;21:37:56.600;INFO;Server;Command: ExecRobotTask (Load,500000);
13/10/17;21:37:56.600;INFO;Controller;Executing asynchronous activity: ExecRobotTask;
13/10/17;21:37:56.600;INFO;Controller;Status = Executing: Load;
13/10/17;21:37:56.600;INFO;Controller;State = Running;
13/10/17;21:37:57.619;INFO;Robot Runtime;executing:    Load;
13/10/17;21:38:06.993;INFO;Controller;Activity ExecRobotTask ended. Return value: Done False/True/False;
13/10/17;21:38:06.994;INFO;Controller;State = Ready;
13/10/17;21:38:07.004;INFO;Server;Command: ExecRobotTask (Mount,500000);
13/10/17;21:38:07.004;INFO;Controller;Executing asynchronous activity: ExecRobotTask;
13/10/17;21:38:07.004;INFO;Controller;Status = Executing: Mount;
13/10/17;21:38:07.004;INFO;Controller;State = Running;
13/10/17;21:38:07.936;INFO;Robot Runtime;executing:    Mount;
13/10/17;21:38:14.738;INFO;Controller;Activity ExecRobotTask ended. Return value: Done True/False/False;
13/10/17;21:38:14.738;INFO;Controller;State = Ready;
13/10/17;21:38:14.743;INFO;Server;Command: ExecRobotTask (Park,500000);
13/10/17;21:38:14.744;INFO;Controller;Executing asynchronous activity: ExecRobotTask;
13/10/17;21:38:14.744;INFO;Controller;Status = Executing: Park;
13/10/17;21:38:14.744;INFO;Controller;State = Running;
13/10/17;21:38:15.521;INFO;Robot Runtime;executing:    Park;
13/10/17;21:38:18.643;INFO;Controller;Activity ExecRobotTask ended. Return value: Done;
13/10/17;21:38:18.643;INFO;Controller;State = Ready;
13/10/17;21:38:18.649;INFO;Server;Command: ExecRobotTask (UnlatchRobGov,500000);
13/10/17;21:38:18.650;INFO;Controller;Executing asynchronous activity: ExecRobotTask;
13/10/17;21:38:18.650;INFO;Controller;Status = Executing: UnlatchRobGov;
13/10/17;21:38:18.650;INFO;Controller;State = Running;
13/10/17;21:38:19.442;INFO;Robot Runtime;executing:    UnlatchRobGov;
13/10/17;21:38:19.934;INFO;Controller;Activity ExecRobotTask ended. Return value: Done;
13/10/17;21:38:19.934;INFO;Controller;State = Ready;
13/10/17;21:39:17.172;INFO;Server;Command: ExecRobotTask (Initialize,500000);
13/10/17;21:39:17.173;INFO;Controller;Executing asynchronous activity: ExecRobotTask;
13/10/17;21:39:17.173;INFO;Controller;Status = Executing: Initialize;
13/10/17;21:39:17.173;INFO;Controller;State = Running;
13/10/17;21:39:17.944;INFO;Robot Runtime;executing:    Initialize;
13/10/17;21:39:18.452;INFO;Controller;Activity ExecRobotTask ended. Return value: Done;
13/10/17;21:39:18.452;INFO;Controller;State = Ready;
13/10/17;21:39:18.463;INFO;Server;Command: ExecRobotTask (LatchRobGov,500000);
13/10/17;21:39:18.463;INFO;Controller;Executing asynchronous activity: ExecRobotTask;
13/10/17;21:39:18.463;INFO;Controller;Status = Executing: LatchRobGov;
13/10/17;21:39:18.463;INFO;Controller;State = Running;
13/10/17;21:39:19.466;INFO;Robot Runtime;executing:    LatchRobGov;
13/10/17;21:39:22.828;INFO;Controller;Activity ExecRobotTask ended. Return value: Done;
13/10/17;21:39:22.828;INFO;Controller;State = Ready;
13/10/17;21:39:22.837;INFO;Server;Command: ExecRobotTask (CoolDown,500000);
13/10/17;21:39:22.837;INFO;Controller;Executing asynchronous activity: ExecRobotTask;
13/10/17;21:39:22.837;INFO;Controller;Status = Executing: CoolDown;
13/10/17;21:39:22.837;INFO;Controller;State = Running;
13/10/17;21:39:23.773;INFO;Robot Runtime;executing:    CoolDown;
13/10/17;21:39:24.208;INFO;Controller;Activity ExecRobotTask ended. Return value: Done;
13/10/17;21:39:24.209;INFO;Controller;State = Ready;
13/10/17;21:39:24.218;INFO;Server;Command: ExecRobotTask (TraceSample,500000);
13/10/17;21:39:24.218;INFO;Controller;Executing asynchronous activity: ExecRobotTask;
13/10/17;21:39:24.218;INFO;Controller;Status = Executing: TraceSample;
13/10/17;21:39:24.219;INFO;Controller;State = Running;
13/10/17;21:39:24.972;INFO;Robot Runtime;executing:    TraceSample;
13/10/17;21:39:27.604;INFO;Controller;Activity ExecRobotTask ended. Return value: Done True/False/False;
13/10/17;21:39:27.604;INFO;Controller;State = Ready;
13/10/17;21:39:27.619;INFO;Server;Command: ExecRobotTask (Unmount,500000);
13/10/17;21:39:27.619;INFO;Controller;Executing asynchronous activity: ExecRobotTask;
13/10/17;21:39:27.619;INFO;Controller;Status = Executing: Unmount;
13/10/17;21:39:27.619;INFO;Controller;State = Running;
13/10/17;21:39:28.367;INFO;Robot Runtime;executing:    Unmount;
13/10/17;21:39:36.520;INFO;Controller;Activity ExecRobotTask ended. Return value: Done False/True/False;
13/10/17;21:39:36.520;INFO;Controller;State = Ready;
13/10/17;21:39:36.530;INFO;Server;Command: ExecRobotTask (Unload,500000);
13/10/17;21:39:36.531;INFO;Controller;Executing asynchronous activity: ExecRobotTask;
13/10/17;21:39:36.531;INFO;Controller;Status = Executing: Unload;
13/10/17;21:39:36.531;INFO;Controller;State = Running;
13/10/17;21:39:37.326;INFO;Robot Runtime;executing:    Unload;
13/10/17;21:39:41.967;INFO;Controller;Activity ExecRobotTask ended. Return value: Done False/False/False;
13/10/17;21:39:41.967;INFO;Controller;State = Ready;
13/10/17;21:39:44.222;INFO;Server;Command: ExecRobotTask (Load,500000);
13/10/17;21:39:44.222;INFO;Controller;Executing asynchronous activity: ExecRobotTask;
13/10/17;21:39:44.222;INFO;Controller;Status = Executing: Load;
13/10/17;21:39:44.223;INFO;Controller;State = Running;
13/10/17;21:39:45.220;INFO;Robot Runtime;executing:    Load;
13/10/17;21:39:52.118;INFO;Controller;Activity ExecRobotTask ended. Return value: Done False/True/False;
13/10/17;21:39:52.119;INFO;Controller;State = Ready;
13/10/17;21:39:52.135;INFO;Server;Command: ExecRobotTask (Mount,500000);
13/10/17;21:39:52.135;INFO;Controller;Executing asynchronous activity: ExecRobotTask;
13/10/17;21:39:52.135;INFO;Controller;Status = Executing: Mount;
13/10/17;21:39:52.135;INFO;Controller;State = Running;
13/10/17;21:39:53.070;INFO;Robot Runtime;executing:    Mount;
13/10/17;21:39:59.934;INFO;Controller;Activity ExecRobotTask ended. Return value: Done True/False/False;
13/10/17;21:39:59.935;INFO;Controller;State = Ready;
13/10/17;21:39:59.943;INFO;Server;Command: ExecRobotTask (Park,500000);
13/10/17;21:39:59.943;INFO;Controller;Executing asynchronous activity: ExecRobotTask;
13/10/17;21:39:59.943;INFO;Controller;Status = Executing: Park;
13/10/17;21:39:59.943;INFO;Controller;State = Running;
13/10/17;21:40:00.702;INFO;Robot Runtime;executing:    Park;
13/10/17;21:40:04.256;INFO;Controller;Activity ExecRobotTask ended. Return value: Done;
13/10/17;21:40:04.256;INFO;Controller;State = Ready;
13/10/17;21:40:04.273;INFO;Server;Command: ExecRobotTask (UnlatchRobGov,500000);
13/10/17;21:40:04.273;INFO;Controller;Executing asynchronous activity: ExecRobotTask;
13/10/17;21:40:04.273;INFO;Controller;Status = Executing: UnlatchRobGov;
13/10/17;21:40:04.273;INFO;Controller;State = Running;
13/10/17;21:40:05.091;INFO;Robot Runtime;executing:    UnlatchRobGov;
13/10/17;21:40:05.220;INFO;Controller;Activity ExecRobotTask ended. Return value: Done;
13/10/17;21:40:05.220;INFO;Controller;State = Ready;
13/10/17;21:57:38.146;INFO;Server;Command: ExecRobotTask (Initialize,500000);
13/10/17;21:57:38.153;INFO;Controller;Executing asynchronous activity: ExecRobotTask;
13/10/17;21:57:38.153;INFO;Controller;Status = Executing: Initialize;
13/10/17;21:57:38.153;INFO;Controller;State = Running;
13/10/17;21:57:38.920;INFO;Robot Runtime;executing:    Initialize;
13/10/17;21:57:39.177;INFO;Controller;Activity ExecRobotTask ended. Return value: Done;
13/10/17;21:57:39.177;INFO;Controller;State = Ready;
13/10/17;21:57:39.191;INFO;Server;Command: ExecRobotTask (LatchRobGov,500000);
13/10/17;21:57:39.191;INFO;Controller;Executing asynchronous activity: ExecRobotTask;
13/10/17;21:57:39.191;INFO;Controller;Status = Executing: LatchRobGov;
13/10/17;21:57:39.191;INFO;Controller;State = Running;
13/10/17;21:57:40.187;INFO;Robot Runtime;executing:    LatchRobGov;
13/10/17;21:57:41.232;INFO;Controller;Activity ExecRobotTask ended. Return value: Done;
13/10/17;21:57:41.232;INFO;Controller;State = Ready;
13/10/17;21:57:41.240;INFO;Server;Command: ExecRobotTask (CoolDown,500000);
13/10/17;21:57:41.240;INFO;Controller;Executing asynchronous activity: ExecRobotTask;
13/10/17;21:57:41.240;INFO;Controller;Status = Executing: CoolDown;
13/10/17;21:57:41.240;INFO;Controller;State = Running;
13/10/17;21:57:42.178;INFO;Robot Runtime;executing:    CoolDown;
13/10/17;21:57:42.627;INFO;Controller;Activity ExecRobotTask ended. Return value: Done;
13/10/17;21:57:42.627;INFO;Controller;State = Ready;
13/10/17;21:57:42.642;INFO;Server;Command: ExecRobotTask (TraceSample,500000);
13/10/17;21:57:42.643;INFO;Controller;Executing asynchronous activity: ExecRobotTask;
13/10/17;21:57:42.643;INFO;Controller;Status = Executing: TraceSample;
13/10/17;21:57:42.643;INFO;Controller;State = Running;
13/10/17;21:57:43.393;INFO;Robot Runtime;executing:    TraceSample;
13/10/17;21:57:46.025;INFO;Controller;Activity ExecRobotTask ended. Return value: Done True/False/False;
13/10/17;21:57:46.025;INFO;Controller;State = Ready;
13/10/17;21:57:46.033;INFO;Server;Command: ExecRobotTask (Unmount,500000);
13/10/17;21:57:46.034;INFO;Controller;Executing asynchronous activity: ExecRobotTask;
13/10/17;21:57:46.034;INFO;Controller;Status = Executing: Unmount;
13/10/17;21:57:46.034;INFO;Controller;State = Running;
13/10/17;21:57:46.783;INFO;Robot Runtime;executing:    Unmount;
13/10/17;21:57:54.964;INFO;Controller;Activity ExecRobotTask ended. Return value: Done False/True/False;
13/10/17;21:57:54.965;INFO;Controller;State = Ready;
13/10/17;21:57:54.979;INFO;Server;Command: ExecRobotTask (Unload,500000);
13/10/17;21:57:54.979;INFO;Controller;Executing asynchronous activity: ExecRobotTask;
13/10/17;21:57:54.980;INFO;Controller;Status = Executing: Unload;
13/10/17;21:57:54.980;INFO;Controller;State = Running;
13/10/17;21:57:55.777;INFO;Robot Runtime;executing:    Unload;
13/10/17;21:58:00.424;INFO;Controller;Activity ExecRobotTask ended. Return value: Done False/False/False;
13/10/17;21:58:00.424;INFO;Controller;State = Ready;
13/10/17;21:58:02.674;INFO;Server;Command: ExecRobotTask (Load,500000);
13/10/17;21:58:02.674;INFO;Controller;Executing asynchronous activity: ExecRobotTask;
13/10/17;21:58:02.674;INFO;Controller;Status = Executing: Load;
13/10/17;21:58:02.674;INFO;Controller;State = Running;
13/10/17;21:58:03.660;INFO;Robot Runtime;executing:    Load;
13/10/17;21:58:10.594;INFO;Controller;Activity ExecRobotTask ended. Return value: Done False/True/False;
13/10/17;21:58:10.595;INFO;Controller;State = Ready;
13/10/17;21:58:10.607;INFO;Server;Command: ExecRobotTask (Mount,500000);
13/10/17;21:58:10.607;INFO;Controller;Executing asynchronous activity: ExecRobotTask;
13/10/17;21:58:10.607;INFO;Controller;Status = Executing: Mount;
13/10/17;21:58:10.607;INFO;Controller;State = Running;
13/10/17;21:58:11.540;INFO;Robot Runtime;executing:    Mount;
13/10/17;21:58:19.575;INFO;Controller;Activity ExecRobotTask ended. Return value: Done True/False/False;
13/10/17;21:58:19.576;INFO;Controller;State = Ready;
13/10/17;21:58:19.591;INFO;Server;Command: ExecRobotTask (Park,500000);
13/10/17;21:58:19.591;INFO;Controller;Executing asynchronous activity: ExecRobotTask;
13/10/17;21:58:19.591;INFO;Controller;Status = Executing: Park;
13/10/17;21:58:19.591;INFO;Controller;State = Running;
13/10/17;21:58:20.349;INFO;Robot Runtime;executing:    Park;
13/10/17;21:58:23.719;INFO;Controller;Activity ExecRobotTask ended. Return value: Done;
13/10/17;21:58:23.719;INFO;Controller;State = Ready;
13/10/17;21:58:23.737;INFO;Server;Command: ExecRobotTask (UnlatchRobGov,500000);
13/10/17;21:58:23.737;INFO;Controller;Executing asynchronous activity: ExecRobotTask;
13/10/17;21:58:23.738;INFO;Controller;Status = Executing: UnlatchRobGov;
13/10/17;21:58:23.738;INFO;Controller;State = Running;
13/10/17;21:58:24.536;INFO;Robot Runtime;executing:    UnlatchRobGov;
13/10/17;21:58:24.679;INFO;Controller;Activity ExecRobotTask ended. Return value: Done;
13/10/17;21:58:24.679;INFO;Controller;State = Ready;
13/10/17;22:15:49.919;INFO;Server;Command: ExecRobotTask (Initialize,500000);
13/10/17;22:15:49.924;INFO;Controller;Executing asynchronous activity: ExecRobotTask;
13/10/17;22:15:49.924;INFO;Controller;Status = Executing: Initialize;
13/10/17;22:15:49.924;INFO;Controller;State = Running;
13/10/17;22:15:50.794;INFO;Robot Runtime;executing:    Initialize;
13/10/17;22:15:51.393;INFO;Controller;Activity ExecRobotTask ended. Return value: Done;
13/10/17;22:15:51.393;INFO;Controller;State = Ready;
13/10/17;22:15:51.410;INFO;Server;Command: ExecRobotTask (LatchRobGov,500000);
13/10/17;22:15:51.410;INFO;Controller;Executing asynchronous activity: ExecRobotTask;
13/10/17;22:15:51.410;INFO;Controller;Status = Executing: LatchRobGov;
13/10/17;22:15:51.410;INFO;Controller;State = Running;
13/10/17;22:15:52.421;INFO;Robot Runtime;executing:    LatchRobGov;
13/10/17;22:15:54.540;INFO;Controller;Activity ExecRobotTask ended. Return value: Done;
13/10/17;22:15:54.540;INFO;Controller;State = Ready;
13/10/17;22:15:54.549;INFO;Server;Command: ExecRobotTask (CoolDown,500000);
13/10/17;22:15:54.549;INFO;Controller;Executing asynchronous activity: ExecRobotTask;
13/10/17;22:15:54.549;INFO;Controller;Status = Executing: CoolDown;
13/10/17;22:15:54.549;INFO;Controller;State = Running;
13/10/17;22:15:55.413;INFO;Robot Runtime;executing:    CoolDown;
13/10/17;22:15:55.920;INFO;Controller;Activity ExecRobotTask ended. Return value: Done;
13/10/17;22:15:55.920;INFO;Controller;State = Ready;
13/10/17;22:15:55.932;INFO;Server;Command: ExecRobotTask (TraceSample,500000);
13/10/17;22:15:55.932;INFO;Controller;Executing asynchronous activity: ExecRobotTask;
13/10/17;22:15:55.932;INFO;Controller;Status = Executing: TraceSample;
13/10/17;22:15:55.932;INFO;Controller;State = Running;
13/10/17;22:15:56.683;INFO;Robot Runtime;executing:    TraceSample;
13/10/17;22:15:59.309;INFO;Controller;Activity ExecRobotTask ended. Return value: Done True/False/False;
13/10/17;22:15:59.310;INFO;Controller;State = Ready;
13/10/17;22:15:59.324;INFO;Server;Command: ExecRobotTask (Unmount,500000);
13/10/17;22:15:59.324;INFO;Controller;Executing asynchronous activity: ExecRobotTask;
13/10/17;22:15:59.324;INFO;Controller;Status = Executing: Unmount;
13/10/17;22:15:59.324;INFO;Controller;State = Running;
13/10/17;22:16:00.077;INFO;Robot Runtime;executing:    Unmount;
13/10/17;22:16:07.286;INFO;Controller;Activity ExecRobotTask ended. Return value: Done False/True/False;
13/10/17;22:16:07.286;INFO;Controller;State = Ready;
13/10/17;22:16:07.298;INFO;Server;Command: ExecRobotTask (Unload,500000);
13/10/17;22:16:07.299;INFO;Controller;Executing asynchronous activity: ExecRobotTask;
13/10/17;22:16:07.299;INFO;Controller;Status = Executing: Unload;
13/10/17;22:16:07.299;INFO;Controller;State = Running;
13/10/17;22:16:08.180;INFO;Robot Runtime;executing:    Unload;
13/10/17;22:16:13.012;INFO;Controller;Activity ExecRobotTask ended. Return value: Done False/False/False;
13/10/17;22:16:13.013;INFO;Controller;State = Ready;
13/10/17;22:16:15.283;INFO;Server;Command: ExecRobotTask (Load,500000);
13/10/17;22:16:15.283;INFO;Controller;Executing asynchronous activity: ExecRobotTask;
13/10/17;22:16:15.283;INFO;Controller;Status = Executing: Load;
13/10/17;22:16:15.283;INFO;Controller;State = Running;
13/10/17;22:16:16.285;INFO;Robot Runtime;executing:    Load;
13/10/17;22:16:23.179;INFO;Controller;Activity ExecRobotTask ended. Return value: Done False/True/False;
13/10/17;22:16:23.180;INFO;Controller;State = Ready;
13/10/17;22:16:23.197;INFO;Server;Command: ExecRobotTask (Mount,500000);
13/10/17;22:16:23.197;INFO;Controller;Executing asynchronous activity: ExecRobotTask;
13/10/17;22:16:23.197;INFO;Controller;Status = Executing: Mount;
13/10/17;22:16:23.197;INFO;Controller;State = Running;
13/10/17;22:16:24.052;INFO;Robot Runtime;executing:    Mount;
13/10/17;22:16:31.893;INFO;Controller;Activity ExecRobotTask ended. Return value: Done True/False/False;
13/10/17;22:16:31.893;INFO;Controller;State = Ready;
13/10/17;22:16:31.908;INFO;Server;Command: ExecRobotTask (Park,500000);
13/10/17;22:16:31.908;INFO;Controller;Executing asynchronous activity: ExecRobotTask;
13/10/17;22:16:31.908;INFO;Controller;Status = Executing: Park;
13/10/17;22:16:31.908;INFO;Controller;State = Running;
13/10/17;22:16:32.653;INFO;Robot Runtime;executing:    Park;
13/10/17;22:16:35.633;INFO;Controller;Activity ExecRobotTask ended. Return value: Done;
13/10/17;22:16:35.633;INFO;Controller;State = Ready;
13/10/17;22:16:35.644;INFO;Server;Command: ExecRobotTask (UnlatchRobGov,500000);
13/10/17;22:16:35.644;INFO;Controller;Executing asynchronous activity: ExecRobotTask;
13/10/17;22:16:35.644;INFO;Controller;Status = Executing: UnlatchRobGov;
13/10/17;22:16:35.644;INFO;Controller;State = Running;
13/10/17;22:16:36.438;INFO;Robot Runtime;executing:    UnlatchRobGov;
13/10/17;22:16:36.919;INFO;Controller;Activity ExecRobotTask ended. Return value: Done;
13/10/17;22:16:36.919;INFO;Controller;State = Ready;
13/10/17;22:46:56.123;INFO;Server;Command: ExecRobotTask (Initialize,500000);
13/10/17;22:46:56.128;INFO;Controller;Executing asynchronous activity: ExecRobotTask;
13/10/17;22:46:56.128;INFO;Controller;Status = Executing: Initialize;
13/10/17;22:46:56.128;INFO;Controller;State = Running;
13/10/17;22:46:56.991;INFO;Robot Runtime;executing:    Initialize;
13/10/17;22:46:57.265;INFO;Controller;Activity ExecRobotTask ended. Return value: Done;
13/10/17;22:46:57.265;INFO;Controller;State = Ready;
13/10/17;22:46:57.282;INFO;Server;Command: ExecRobotTask (LatchRobGov,500000);
13/10/17;22:46:57.282;INFO;Controller;Executing asynchronous activity: ExecRobotTask;
13/10/17;22:46:57.282;INFO;Controller;Status = Executing: LatchRobGov;
13/10/17;22:46:57.282;INFO;Controller;State = Running;
13/10/17;22:46:58.285;INFO;Robot Runtime;executing:    LatchRobGov;
13/10/17;22:46:59.319;INFO;Controller;Activity ExecRobotTask ended. Return value: Done;
13/10/17;22:46:59.319;INFO;Controller;State = Ready;
13/10/17;22:46:59.344;INFO;Server;Command: ExecRobotTask (CoolDown,500000);
13/10/17;22:46:59.344;INFO;Controller;Executing asynchronous activity: ExecRobotTask;
13/10/17;22:46:59.344;INFO;Controller;Status = Executing: CoolDown;
13/10/17;22:46:59.344;INFO;Controller;State = Running;
13/10/17;22:47:00.206;INFO;Robot Runtime;executing:    CoolDown;
13/10/17;22:47:00.695;INFO;Controller;Activity ExecRobotTask ended. Return value: Done;
13/10/17;22:47:00.695;INFO;Controller;State = Ready;
13/10/17;22:47:00.715;INFO;Server;Command: ExecRobotTask (TraceSample,500000);
13/10/17;22:47:00.715;INFO;Controller;Executing asynchronous activity: ExecRobotTask;
13/10/17;22:47:00.716;INFO;Controller;Status = Executing: TraceSample;
13/10/17;22:47:00.716;INFO;Controller;State = Running;
13/10/17;22:47:01.470;INFO;Robot Runtime;executing:    TraceSample;
13/10/17;22:47:04.093;INFO;Controller;Activity ExecRobotTask ended. Return value: Done True/False/False;
13/10/17;22:47:04.093;INFO;Controller;State = Ready;
13/10/17;22:47:04.114;INFO;Server;Command: ExecRobotTask (Unmount,500000);
13/10/17;22:47:04.115;INFO;Controller;Executing asynchronous activity: ExecRobotTask;
13/10/17;22:47:04.115;INFO;Controller;Status = Executing: Unmount;
13/10/17;22:47:04.115;INFO;Controller;State = Running;
13/10/17;22:47:04.861;INFO;Robot Runtime;executing:    Unmount;
13/10/17;22:47:13.021;INFO;Controller;Activity ExecRobotTask ended. Return value: Done False/True/False;
13/10/17;22:47:13.022;INFO;Controller;State = Ready;
13/10/17;22:47:13.048;INFO;Server;Command: ExecRobotTask (Unload,500000);
13/10/17;22:47:13.049;INFO;Controller;Executing asynchronous activity: ExecRobotTask;
13/10/17;22:47:13.049;INFO;Controller;Status = Executing: Unload;
13/10/17;22:47:13.049;INFO;Controller;State = Running;
13/10/17;22:47:13.939;INFO;Robot Runtime;executing:    Unload;
13/10/17;22:47:18.727;INFO;Controller;Activity ExecRobotTask ended. Return value: Done False/False/False;
13/10/17;22:47:18.727;INFO;Controller;State = Ready;
13/10/17;22:47:21.004;INFO;Server;Command: ExecRobotTask (Load,500000);
13/10/17;22:47:21.004;INFO;Controller;Executing asynchronous activity: ExecRobotTask;
13/10/17;22:47:21.004;INFO;Controller;Status = Executing: Load;
13/10/17;22:47:21.004;INFO;Controller;State = Running;
13/10/17;22:47:21.984;INFO;Robot Runtime;executing:    Load;
13/10/17;22:47:28.860;INFO;Controller;Activity ExecRobotTask ended. Return value: Done False/True/True;
13/10/17;22:47:28.860;INFO;Controller;State = Ready;
13/10/17;22:47:28.882;INFO;Server;Command: ExecRobotTask (Unload,500000);
13/10/17;22:47:28.882;INFO;Controller;Executing asynchronous activity: ExecRobotTask;
13/10/17;22:47:28.882;INFO;Controller;Status = Executing: Unload;
13/10/17;22:47:28.882;INFO;Controller;State = Running;
13/10/17;22:47:29.729;INFO;Robot Runtime;executing:    Unload;
13/10/17;22:47:34.153;INFO;Controller;Activity ExecRobotTask ended. Return value: Done False/False/False;
13/10/17;22:47:34.153;INFO;Controller;State = Ready;
13/10/17;22:47:34.181;INFO;Server;Command: ExecRobotTask (Park,500000);
13/10/17;22:47:34.181;INFO;Controller;Executing asynchronous activity: ExecRobotTask;
13/10/17;22:47:34.182;INFO;Controller;Status = Executing: Park;
13/10/17;22:47:34.182;INFO;Controller;State = Running;
13/10/17;22:47:34.931;INFO;Robot Runtime;executing:    Park;
13/10/17;22:47:38.470;INFO;Controller;Activity ExecRobotTask ended. Return value: Done;
13/10/17;22:47:38.470;INFO;Controller;State = Ready;
13/10/17;22:47:38.488;INFO;Server;Command: ExecRobotTask (UnlatchRobGov,500000);
13/10/17;22:47:38.489;INFO;Controller;Executing asynchronous activity: ExecRobotTask;
13/10/17;22:47:38.489;INFO;Controller;Status = Executing: UnlatchRobGov;
13/10/17;22:47:38.489;INFO;Controller;State = Running;
13/10/17;22:47:39.266;INFO;Robot Runtime;executing:    UnlatchRobGov;
13/10/17;22:47:39.839;INFO;Controller;Activity ExecRobotTask ended. Return value: Done;
13/10/17;22:47:39.840;INFO;Controller;State = Ready;
13/10/17;22:50:07.085;INFO;Server;Command: ExecRobotTask (Initialize,500000);
13/10/17;22:50:07.086;INFO;Controller;Executing asynchronous activity: ExecRobotTask;
13/10/17;22:50:07.086;INFO;Controller;Status = Executing: Initialize;
13/10/17;22:50:07.086;INFO;Controller;State = Running;
13/10/17;22:50:07.944;INFO;Robot Runtime;executing:    Initialize;
13/10/17;22:50:08.381;INFO;Controller;Activity ExecRobotTask ended. Return value: Done;
13/10/17;22:50:08.382;INFO;Controller;State = Ready;
13/10/17;22:50:08.410;INFO;Server;Command: ExecRobotTask (LatchRobGov,500000);
13/10/17;22:50:08.410;INFO;Controller;Executing asynchronous activity: ExecRobotTask;
13/10/17;22:50:08.410;INFO;Controller;Status = Executing: LatchRobGov;
13/10/17;22:50:08.410;INFO;Controller;State = Running;
13/10/17;22:50:09.402;INFO;Robot Runtime;executing:    LatchRobGov;
13/10/17;22:50:09.857;INFO;Controller;Activity ExecRobotTask ended. Return value: Done;
13/10/17;22:50:09.857;INFO;Controller;State = Ready;
13/10/17;22:50:09.885;INFO;Server;Command: ExecRobotTask (TraceSample,500000);
13/10/17;22:50:09.885;INFO;Controller;Executing asynchronous activity: ExecRobotTask;
13/10/17;22:50:09.885;INFO;Controller;Status = Executing: TraceSample;
13/10/17;22:50:09.885;INFO;Controller;State = Running;
13/10/17;22:50:10.730;INFO;Robot Runtime;executing:    TraceSample;
13/10/17;22:50:13.021;INFO;Controller;Activity ExecRobotTask ended. Return value: Done False/False/False;
13/10/17;22:50:13.021;INFO;Controller;State = Ready;
13/10/17;22:50:13.045;INFO;Server;Command: ExecRobotTask (CoolDown,500000);
13/10/17;22:50:13.045;INFO;Controller;Executing asynchronous activity: ExecRobotTask;
13/10/17;22:50:13.045;INFO;Controller;Status = Executing: CoolDown;
13/10/17;22:50:13.045;INFO;Controller;State = Running;
13/10/17;22:50:13.806;INFO;Robot Runtime;executing:    CoolDown;
13/10/17;22:50:14.301;INFO;Controller;Activity ExecRobotTask ended. Return value: Done;
13/10/17;22:50:14.301;INFO;Controller;State = Ready;
13/10/17;22:50:14.523;INFO;Server;Command: ExecRobotTask (Load,500000);
13/10/17;22:50:14.524;INFO;Controller;Executing asynchronous activity: ExecRobotTask;
13/10/17;22:50:14.524;INFO;Controller;Status = Executing: Load;
13/10/17;22:50:14.524;INFO;Controller;State = Running;
13/10/17;22:50:15.400;INFO;Robot Runtime;executing:    Load;
13/10/17;22:50:24.493;INFO;Controller;Activity ExecRobotTask ended. Return value: Done False/True/False;
13/10/17;22:50:24.494;INFO;Controller;State = Ready;
13/10/17;22:50:24.522;INFO;Server;Command: ExecRobotTask (Mount,500000);
13/10/17;22:50:24.523;INFO;Controller;Executing asynchronous activity: ExecRobotTask;
13/10/17;22:50:24.523;INFO;Controller;Status = Executing: Mount;
13/10/17;22:50:24.523;INFO;Controller;State = Running;
13/10/17;22:50:25.285;INFO;Robot Runtime;executing:    Mount;
13/10/17;22:50:32.939;INFO;Controller;Activity ExecRobotTask ended. Return value: Done True/False/False;
13/10/17;22:50:32.940;INFO;Controller;State = Ready;
13/10/17;22:50:32.970;INFO;Server;Command: ExecRobotTask (Park,500000);
13/10/17;22:50:32.970;INFO;Controller;Executing asynchronous activity: ExecRobotTask;
13/10/17;22:50:32.970;INFO;Controller;Status = Executing: Park;
13/10/17;22:50:32.970;INFO;Controller;State = Running;
13/10/17;22:50:33.938;INFO;Robot Runtime;executing:    Park;
13/10/17;22:50:37.385;INFO;Controller;Activity ExecRobotTask ended. Return value: Done;
13/10/17;22:50:37.385;INFO;Controller;State = Ready;
13/10/17;22:50:37.409;INFO;Server;Command: ExecRobotTask (UnlatchRobGov,500000);
13/10/17;22:50:37.409;INFO;Controller;Executing asynchronous activity: ExecRobotTask;
13/10/17;22:50:37.409;INFO;Controller;Status = Executing: UnlatchRobGov;
13/10/17;22:50:37.409;INFO;Controller;State = Running;
13/10/17;22:50:38.306;INFO;Robot Runtime;executing:    UnlatchRobGov;
13/10/17;22:50:38.765;INFO;Controller;Activity ExecRobotTask ended. Return value: Done;
13/10/17;22:50:38.765;INFO;Controller;State = Ready;
