18/12/17;11:21:49.050;INFO;Controller;Instantiation;
18/12/17;11:21:50.185;INFO;Controller;State = Initializing;
18/12/17;11:21:50.360;WARNING;Interface;Access level set to Admin;
18/12/17;11:21:51.630;INFO;Controller;Initialized log services - Startup: 18/12/17 11:21:47;
18/12/17;11:21:51.636;INFO;Controller;Initializing controller for SW version: 1.1.0 - JLib 1.7.2;
18/12/17;11:21:53.861;INFO;Epics Server;Registered PV: SW:Version;
18/12/17;11:21:53.862;INFO;Epics Server;Registered PV: SW:Status;
18/12/17;11:21:53.862;INFO;Epics Server;Registered PV: SW:Uptime;
18/12/17;11:21:54.598;INFO;Epics Server;Registered PV: SW:LastTaskInfo;
18/12/17;11:21:54.599;INFO;Epics Server;Registered PV: SW:RobotSpeed;
18/12/17;11:21:54.599;INFO;Epics Server;Registered PV: SW:LastTaskException;
18/12/17;11:21:54.599;INFO;Epics Server;Registered PV: SW:LocalGuiLockOut;
18/12/17;11:21:54.600;INFO;Epics Server;Registered PV: SW:AlarmList;
18/12/17;11:21:54.600;INFO;Epics Server;Registered PV: SW:LastTaskOutput;
18/12/17;11:21:54.600;INFO;Epics Server;Registered PV: SW:RobotState;
18/12/17;11:21:54.601;INFO;Epics Server;Registered PV: SW:CartesianPositions;
18/12/17;11:21:54.601;INFO;Epics Server;Registered PV: SW:JointPositions;
18/12/17;11:21:54.601;INFO;Epics Server;Registered PV: SW:State;
18/12/17;11:21:54.603;INFO;Epics Server;Registered PV: SW:abort;
18/12/17;11:21:54.603;INFO;Epics Server;Registered PV: SW:restart;
18/12/17;11:21:54.603;INFO;Epics Server;Registered PV: SW:checkTaskResult;
18/12/17;11:21:54.603;INFO;Epics Server;Registered PV: SW:getTaskInfo;
18/12/17;11:21:54.604;INFO;Epics Server;Registered PV: SW:isTaskRunning;
18/12/17;11:21:54.604;INFO;Epics Server;Registered PV: SW:startTestTask;
18/12/17;11:21:54.604;INFO;Epics Server;Registered PV: SW:pauseRobot;
18/12/17;11:21:54.604;INFO;Epics Server;Registered PV: SW:resumeRobot;
18/12/17;11:21:54.604;INFO;Epics Server;Registered PV: SW:setRobotVariable;
18/12/17;11:21:54.605;INFO;Epics Server;Registered PV: SW:isSampleMounted;
18/12/17;11:21:54.605;INFO;Epics Server;Registered PV: SW:startRobotTask;
18/12/17;11:21:54.605;INFO;Epics Server;Registered PV: SW:getRobotVariable;
18/12/17;11:21:54.605;INFO;Epics Server;Registered PV: SW:getDistance;
18/12/17;11:21:54.605;INFO;Epics Server;Initializing: Channel Access Server in Java v1.1.1;
18/12/17;11:21:54.607;INFO;Epics Server;Started server: ready to accept requests;
18/12/17;11:22:00.228;INFO;Controller;Initializing Robot;
18/12/17;11:22:00.241;INFO;Robot;Setting reference frame to: world;
18/12/17;11:22:00.485;INFO;Controller;Initializing Bus Controller;
18/12/17;11:22:00.486;INFO;Anti-Collision;Active = true;
18/12/17;11:22:00.486;INFO;Controller;State = Starting;
18/12/17;11:22:00.488;INFO;Controller;Command: Reset;
18/12/17;11:22:03.741;INFO;Controller;Executing asynchronous script: ./script/Reset.py;
18/12/17;11:22:03.742;INFO;Controller;Status = Reseting;
18/12/17;11:22:03.742;INFO;Controller;State = Running;
18/12/17;11:22:06.313;INFO;Controller;Script host: localhost:49471;
18/12/17;11:22:06.314;INFO;Script;Starting initialization script;
18/12/17;11:22:06.317;INFO;Script;Do nothing;
18/12/17;11:22:06.318;INFO;Controller;Script ./script/Reset.py ended. Return value: ;
18/12/17;11:22:06.318;INFO;Controller;State = Ready;
18/12/17;11:22:22.920;INFO;Interface;Command: Restart;
18/12/17;11:22:22.921;INFO;Controller;State = Initializing;
18/12/17;11:22:23.017;INFO;Controller;Initialized log services - Startup: 18/12/17 11:21:47;
18/12/17;11:22:24.060;INFO;Epics Server;Exiting running thread;
18/12/17;11:22:24.061;INFO;Epics Server;Registered PV: SW:Version;
18/12/17;11:22:24.061;INFO;Epics Server;Registered PV: SW:Status;
18/12/17;11:22:24.061;INFO;Epics Server;Registered PV: SW:Uptime;
18/12/17;11:22:24.061;INFO;Epics Server;Registered PV: SW:LastTaskInfo;
18/12/17;11:22:24.061;INFO;Epics Server;Registered PV: SW:RobotSpeed;
18/12/17;11:22:24.062;INFO;Epics Server;Registered PV: SW:LastTaskException;
18/12/17;11:22:24.062;INFO;Epics Server;Registered PV: SW:LocalGuiLockOut;
18/12/17;11:22:24.062;INFO;Epics Server;Registered PV: SW:AlarmList;
18/12/17;11:22:24.062;INFO;Epics Server;Registered PV: SW:LastTaskOutput;
18/12/17;11:22:24.062;INFO;Epics Server;Registered PV: SW:RobotState;
18/12/17;11:22:24.062;INFO;Epics Server;Registered PV: SW:CartesianPositions;
18/12/17;11:22:24.062;INFO;Epics Server;Registered PV: SW:JointPositions;
18/12/17;11:22:24.062;INFO;Epics Server;Registered PV: SW:State;
18/12/17;11:22:24.062;INFO;Epics Server;Registered PV: SW:abort;
18/12/17;11:22:24.063;INFO;Epics Server;Registered PV: SW:restart;
18/12/17;11:22:24.063;INFO;Epics Server;Registered PV: SW:checkTaskResult;
18/12/17;11:22:24.063;INFO;Epics Server;Registered PV: SW:getTaskInfo;
18/12/17;11:22:24.063;INFO;Epics Server;Registered PV: SW:isTaskRunning;
18/12/17;11:22:24.063;INFO;Epics Server;Registered PV: SW:startTestTask;
18/12/17;11:22:24.063;INFO;Epics Server;Registered PV: SW:pauseRobot;
18/12/17;11:22:24.063;INFO;Epics Server;Registered PV: SW:resumeRobot;
18/12/17;11:22:24.063;INFO;Epics Server;Registered PV: SW:setRobotVariable;
18/12/17;11:22:24.063;INFO;Epics Server;Registered PV: SW:isSampleMounted;
18/12/17;11:22:24.063;INFO;Epics Server;Registered PV: SW:startRobotTask;
18/12/17;11:22:24.063;INFO;Epics Server;Registered PV: SW:getRobotVariable;
18/12/17;11:22:24.063;INFO;Epics Server;Registered PV: SW:getDistance;
18/12/17;11:22:24.063;INFO;Epics Server;Initializing: Channel Access Server in Java v1.1.1;
18/12/17;11:22:24.064;INFO;Epics Server;Started server: ready to accept requests;
18/12/17;11:22:24.429;INFO;Controller;Initializing Robot;
18/12/17;11:22:24.434;INFO;Robot;Setting reference frame to: world;
18/12/17;11:22:24.583;INFO;Controller;Initializing Bus Controller;
18/12/17;11:22:24.584;INFO;Anti-Collision;Active = true;
18/12/17;11:22:24.584;INFO;Controller;State = Starting;
18/12/17;11:22:24.589;INFO;Controller;Command: Reset;
18/12/17;11:22:24.591;INFO;Controller;Executing asynchronous script: ./script/Reset.py;
18/12/17;11:22:24.591;INFO;Controller;Status = Reseting;
18/12/17;11:22:24.591;INFO;Controller;State = Running;
18/12/17;11:22:24.801;INFO;Controller;Script host: localhost:56052;
18/12/17;11:22:24.802;INFO;Script;Starting initialization script;
18/12/17;11:22:24.803;INFO;Script;Do nothing;
18/12/17;11:22:24.804;INFO;Controller;Script ./script/Reset.py ended. Return value: ;
18/12/17;11:22:24.804;INFO;Controller;State = Ready;
18/12/17;11:29:05.712;INFO;Controller;State = Closing;
18/12/17;11:29:06.716;INFO;Epics Server;Exiting running thread;
18/12/17;11:29:06.718;INFO;Controller;Stopping log services - Startup: 18/12/17 11:21:47;
18/12/17;11:33:32.789;INFO;Controller;Instantiation;
18/12/17;11:33:32.871;INFO;Controller;State = Initializing;
18/12/17;11:33:33.355;WARNING;Interface;Access level set to Admin;
18/12/17;11:33:33.751;INFO;Controller;Initialized log services - Startup: 18/12/17 11:33:32;
18/12/17;11:33:33.759;INFO;Controller;Initializing controller for SW version: 1.1.0 - JLib 1.7.2;
18/12/17;11:33:34.738;INFO;Epics Server;Registered PV: SW:Version;
18/12/17;11:33:34.739;INFO;Epics Server;Registered PV: SW:Status;
18/12/17;11:33:34.739;INFO;Epics Server;Registered PV: SW:Uptime;
18/12/17;11:33:35.058;INFO;Epics Server;Registered PV: SW:LastTaskInfo;
18/12/17;11:33:35.059;INFO;Epics Server;Registered PV: SW:AlarmList;
18/12/17;11:33:35.059;INFO;Epics Server;Registered PV: SW:LocalGuiLockOut;
18/12/17;11:33:35.059;INFO;Epics Server;Registered PV: SW:RobotSpeed;
18/12/17;11:33:35.060;INFO;Epics Server;Registered PV: SW:LastTaskException;
18/12/17;11:33:35.060;INFO;Epics Server;Registered PV: SW:LastTaskOutput;
18/12/17;11:33:35.060;INFO;Epics Server;Registered PV: SW:RobotState;
18/12/17;11:33:35.061;INFO;Epics Server;Registered PV: SW:CartesianPositions;
18/12/17;11:33:35.061;INFO;Epics Server;Registered PV: SW:JointPositions;
18/12/17;11:33:35.062;INFO;Epics Server;Registered PV: SW:State;
18/12/17;11:33:35.064;INFO;Epics Server;Registered PV: SW:abort;
18/12/17;11:33:35.064;INFO;Epics Server;Registered PV: SW:restart;
18/12/17;11:33:35.065;INFO;Epics Server;Registered PV: SW:getTaskInfo;
18/12/17;11:33:35.065;INFO;Epics Server;Registered PV: SW:isTaskRunning;
18/12/17;11:33:35.065;INFO;Epics Server;Registered PV: SW:checkTaskResult;
18/12/17;11:33:35.066;INFO;Epics Server;Registered PV: SW:startTestTask;
18/12/17;11:33:35.066;INFO;Epics Server;Registered PV: SW:pauseRobot;
18/12/17;11:33:35.066;INFO;Epics Server;Registered PV: SW:resumeRobot;
18/12/17;11:33:35.066;INFO;Epics Server;Registered PV: SW:setRobotVariable;
18/12/17;11:33:35.067;INFO;Epics Server;Registered PV: SW:isSampleMounted;
18/12/17;11:33:35.067;INFO;Epics Server;Registered PV: SW:startRobotTask;
18/12/17;11:33:35.067;INFO;Epics Server;Registered PV: SW:getRobotVariable;
18/12/17;11:33:35.068;INFO;Epics Server;Registered PV: SW:getDistance;
18/12/17;11:33:35.068;INFO;Epics Server;Initializing: Channel Access Server in Java v1.1.1;
18/12/17;11:33:35.070;INFO;Epics Server;Started server: ready to accept requests;
18/12/17;11:33:37.813;INFO;Controller;Initializing Robot;
18/12/17;11:33:37.831;INFO;Robot;Setting reference frame to: world;
18/12/17;11:33:38.049;INFO;Controller;Initializing Bus Controller;
18/12/17;11:33:38.050;INFO;Anti-Collision;Active = true;
18/12/17;11:33:38.050;INFO;Controller;State = Starting;
18/12/17;11:33:38.055;INFO;Controller;Command: Reset;
18/12/17;11:33:38.989;INFO;Controller;Executing asynchronous script: ./script/Reset.py;
18/12/17;11:33:38.990;INFO;Controller;Status = Reseting;
18/12/17;11:33:38.990;INFO;Controller;State = Running;
18/12/17;11:33:40.377;INFO;Controller;Script host: localhost:53574;
18/12/17;11:33:40.378;INFO;Script;Starting initialization script;
18/12/17;11:33:40.382;INFO;Script;Do nothing;
18/12/17;11:33:40.383;INFO;Controller;Script ./script/Reset.py ended. Return value: ;
18/12/17;11:33:40.383;INFO;Controller;State = Ready;
18/12/17;11:34:32.038;INFO;Interface;Command: ExecRobotTask (Initialize,-1);
18/12/17;11:34:32.042;INFO;Controller;Executing asynchronous activity: ExecRobotTask;
18/12/17;11:34:32.042;INFO;Controller;Status = Executing: Initialize;
18/12/17;11:34:32.042;INFO;Controller;State = Running;
18/12/17;11:34:33.022;INFO;Robot Runtime;executing:    Initialize;
18/12/17;11:34:34.065;INFO;Robot Runtime;Failed to turn on robot power;
18/12/17;11:34:34.335;INFO;Controller;Activity ExecRobotTask ended. Return value: ABORT: Failed to turn on robot power;
18/12/17;11:34:34.335;INFO;Controller;State = Ready;
18/12/17;11:39:32.908;INFO;Interface;Command: ExecRobotTask (checkToolConifg,-1);
18/12/17;11:39:32.911;INFO;Controller;Executing asynchronous activity: ExecRobotTask;
18/12/17;11:39:32.911;INFO;Controller;Status = Executing: checkToolConifg;
18/12/17;11:39:32.911;INFO;Controller;State = Running;
18/12/17;11:39:33.002;INFO;Robot Runtime;executing:    checkToolConifg;
18/12/17;11:39:33.156;INFO;Controller;Activity ExecRobotTask ended. Return value: ;
18/12/17;11:39:33.157;INFO;Controller;State = Ready;
18/12/17;11:39:48.378;INFO;Interface;Command: ExecRobotTask (checkToolConfig,-1);
18/12/17;11:39:48.379;INFO;Controller;Executing asynchronous activity: ExecRobotTask;
18/12/17;11:39:48.380;INFO;Controller;Status = Executing: checkToolConfig;
18/12/17;11:39:48.380;INFO;Controller;State = Running;
18/12/17;11:39:48.529;INFO;Robot Runtime;executing:    checkToolConfig;
18/12/17;11:39:48.570;INFO;Robot Runtime;Valid Gripper: C015;
18/12/17;11:39:48.591;INFO;Robot Runtime;Valid Gripper: C019;
18/12/17;11:39:48.611;INFO;Robot Runtime;Current Tool: C019 (Valid);
18/12/17;11:39:48.864;INFO;Controller;Activity ExecRobotTask ended. Return value: Done;
18/12/17;11:39:48.865;INFO;Controller;State = Ready;
18/12/17;11:43:20.055;WARNING;Robot;Alarm active: Device is offline;
18/12/17;11:43:20.057;INFO;Controller;State = Communication Error;
18/12/17;11:44:09.160;INFO;Robot;Alarm inactive: Device is offline;
18/12/17;11:44:09.162;WARNING;Controller;Communication resumed, trying updating devices;
18/12/17;11:44:09.163;INFO;Controller;Finished device updating;
18/12/17;11:44:09.163;INFO;Controller;State = Ready;
18/12/17;11:45:52.662;INFO;Interface;Command: ExecRobotTask (disableTool,-1);
18/12/17;11:45:52.664;INFO;Controller;Executing asynchronous activity: ExecRobotTask;
18/12/17;11:45:52.664;INFO;Controller;Status = Executing: disableTool;
18/12/17;11:45:52.664;INFO;Controller;State = Running;
18/12/17;11:45:52.923;INFO;Robot Runtime;executing:    disableTool;
18/12/17;11:45:53.265;INFO;Controller;Activity ExecRobotTask ended. Return value: Done;
18/12/17;11:45:53.265;INFO;Controller;State = Ready;
18/12/17;11:46:06.008;INFO;Interface;Command: ExecRobotTask (checkToolConfig,-1);
18/12/17;11:46:06.009;INFO;Controller;Executing asynchronous activity: ExecRobotTask;
18/12/17;11:46:06.009;INFO;Controller;Status = Executing: checkToolConfig;
18/12/17;11:46:06.009;INFO;Controller;State = Running;
18/12/17;11:46:06.168;INFO;Robot Runtime;executing:    checkToolConfig;
18/12/17;11:46:06.233;INFO;Robot Runtime;Invalid Gripper: C019;
18/12/17;11:46:06.254;INFO;Robot Runtime;Valid Gripper: C015;
18/12/17;11:46:06.275;INFO;Robot Runtime;Current Tool: C019 (Invalid);
18/12/17;11:46:06.569;INFO;Controller;Activity ExecRobotTask ended. Return value: Done;
18/12/17;11:46:06.569;INFO;Controller;State = Ready;
18/12/17;11:46:48.640;INFO;Interface;Command: ExecRobotTask (disableTool,-1);
18/12/17;11:46:48.641;INFO;Controller;Executing asynchronous activity: ExecRobotTask;
18/12/17;11:46:48.641;INFO;Controller;Status = Executing: disableTool;
18/12/17;11:46:48.641;INFO;Controller;State = Running;
18/12/17;11:46:48.791;INFO;Robot Runtime;executing:    disableTool;
18/12/17;11:46:48.832;INFO;Robot Runtime;Tool  does NOT exist;
18/12/17;11:46:49.062;INFO;Controller;Activity ExecRobotTask ended. Return value: ABORT:Tool  does NOT exist;
18/12/17;11:46:49.063;INFO;Controller;State = Ready;
18/12/17;11:47:16.983;INFO;Interface;Command: ExecRobotTask (enableTool,-1);
18/12/17;11:47:16.984;INFO;Controller;Executing asynchronous activity: ExecRobotTask;
18/12/17;11:47:16.984;INFO;Controller;Status = Executing: enableTool;
18/12/17;11:47:16.984;INFO;Controller;State = Running;
18/12/17;11:47:17.160;INFO;Robot Runtime;executing:    enableTool;
18/12/17;11:47:17.518;INFO;Controller;Activity ExecRobotTask ended. Return value: Done;
18/12/17;11:47:17.518;INFO;Controller;State = Ready;
18/12/17;11:47:39.501;INFO;Interface;Command: ExecRobotTask (checkToolConfig,-1);
18/12/17;11:47:39.502;INFO;Controller;Executing asynchronous activity: ExecRobotTask;
18/12/17;11:47:39.503;INFO;Controller;Status = Executing: checkToolConfig;
18/12/17;11:47:39.503;INFO;Controller;State = Running;
18/12/17;11:47:39.674;INFO;Robot Runtime;executing:    checkToolConfig;
18/12/17;11:47:39.719;INFO;Robot Runtime;Valid Gripper: C015;
18/12/17;11:47:39.739;INFO;Robot Runtime;Valid Gripper: C019;
18/12/17;11:47:39.761;INFO;Robot Runtime;Current Tool: C019 (Valid);
18/12/17;11:47:39.970;INFO;Controller;Activity ExecRobotTask ended. Return value: Done;
18/12/17;11:47:39.971;INFO;Controller;State = Ready;
18/12/17;11:48:16.290;INFO;Interface;Command: ExecRobotTask (disableTool,-1);
18/12/17;11:48:16.291;INFO;Controller;Executing asynchronous activity: ExecRobotTask;
18/12/17;11:48:16.291;INFO;Controller;Status = Executing: disableTool;
18/12/17;11:48:16.291;INFO;Controller;State = Running;
18/12/17;11:48:16.435;INFO;Robot Runtime;executing:    disableTool;
18/12/17;11:48:16.728;INFO;Controller;Activity ExecRobotTask ended. Return value: Done;
18/12/17;11:48:16.729;INFO;Controller;State = Ready;
18/12/17;11:48:41.028;INFO;Interface;Command: ExecRobotTask (checkToolConfig,-1);
18/12/17;11:48:41.030;INFO;Controller;Executing asynchronous activity: ExecRobotTask;
18/12/17;11:48:41.030;INFO;Controller;Status = Executing: checkToolConfig;
18/12/17;11:48:41.030;INFO;Controller;State = Running;
18/12/17;11:48:41.176;INFO;Robot Runtime;executing:    checkToolConfig;
18/12/17;11:48:41.218;INFO;Robot Runtime;Invalid Gripper: C015;
18/12/17;11:48:41.239;INFO;Robot Runtime;Valid Gripper: C019;
18/12/17;11:48:41.260;INFO;Robot Runtime;Current Tool: C019 (Valid);
18/12/17;11:48:41.394;INFO;Controller;Activity ExecRobotTask ended. Return value: Done;
18/12/17;11:48:41.395;INFO;Controller;State = Ready;
18/12/17;11:49:22.644;INFO;Interface;Command: ExecRobotTask (enableTool,-1);
18/12/17;11:49:22.645;INFO;Controller;Executing asynchronous activity: ExecRobotTask;
18/12/17;11:49:22.646;INFO;Controller;Status = Executing: enableTool;
18/12/17;11:49:22.646;INFO;Controller;State = Running;
18/12/17;11:49:22.790;INFO;Robot Runtime;executing:    enableTool;
18/12/17;11:49:23.174;INFO;Controller;Activity ExecRobotTask ended. Return value: Done;
18/12/17;11:49:23.175;INFO;Controller;State = Ready;
18/12/17;11:49:48.881;INFO;Interface;Command: ExecRobotTask (checkToolConfig,-1);
18/12/17;11:49:48.882;INFO;Controller;Executing asynchronous activity: ExecRobotTask;
18/12/17;11:49:48.882;INFO;Controller;Status = Executing: checkToolConfig;
18/12/17;11:49:48.882;INFO;Controller;State = Running;
18/12/17;11:49:49.065;INFO;Robot Runtime;executing:    checkToolConfig;
18/12/17;11:49:49.106;INFO;Robot Runtime;Valid Gripper: C015;
18/12/17;11:49:49.130;INFO;Robot Runtime;Valid Gripper: C019;
18/12/17;11:49:49.152;INFO;Robot Runtime;Current Tool: C019 (Valid);
18/12/17;11:49:49.298;INFO;Controller;Activity ExecRobotTask ended. Return value: Done;
18/12/17;11:49:49.298;INFO;Controller;State = Ready;
18/12/17;11:50:10.009;INFO;Interface;Command: ExecRobotTask (swapTools,-1);
18/12/17;11:50:10.010;INFO;Controller;Executing asynchronous activity: ExecRobotTask;
18/12/17;11:50:10.010;INFO;Controller;Status = Executing: swapTools;
18/12/17;11:50:10.010;INFO;Controller;State = Running;
18/12/17;11:50:10.184;INFO;Robot Runtime;executing:    swapTools;
18/12/17;11:50:10.226;WARNING;Robot Runtime; Failed to find the Tool ;
18/12/17;11:50:10.457;INFO;Controller;Activity ExecRobotTask ended. Return value: ABORT: Failed to find the Tool;
18/12/17;11:50:10.457;INFO;Controller;State = Ready;
18/12/17;11:52:51.574;INFO;Interface;Command: ExecRobotTask (checkToolConfig,-1);
18/12/17;11:52:51.576;INFO;Controller;Executing asynchronous activity: ExecRobotTask;
18/12/17;11:52:51.577;INFO;Controller;Status = Executing: checkToolConfig;
18/12/17;11:52:51.577;INFO;Controller;State = Running;
18/12/17;11:52:51.721;INFO;Robot Runtime;executing:    checkToolConfig;
18/12/17;11:52:51.763;INFO;Robot Runtime;Valid Gripper: C015;
18/12/17;11:52:51.784;INFO;Robot Runtime;Valid Gripper: C019;
18/12/17;11:52:51.805;INFO;Robot Runtime;Current Tool: C019 (Valid);
18/12/17;11:52:52.130;INFO;Controller;Activity ExecRobotTask ended. Return value: Done;
18/12/17;11:52:52.131;INFO;Controller;State = Ready;
18/12/17;11:53:19.463;INFO;Interface;Command: ExecRobotTask (swapTools,-1);
18/12/17;11:53:19.464;INFO;Controller;Executing asynchronous activity: ExecRobotTask;
18/12/17;11:53:19.464;INFO;Controller;Status = Executing: swapTools;
18/12/17;11:53:19.464;INFO;Controller;State = Running;
18/12/17;11:53:19.614;INFO;Robot Runtime;executing:    swapTools;
18/12/17;11:53:19.946;INFO;Controller;Activity ExecRobotTask ended. Return value: Done;
18/12/17;11:53:19.947;INFO;Controller;State = Ready;
18/12/17;11:53:49.563;INFO;Interface;Command: ExecRobotTask (checkToolConfig,-1);
18/12/17;11:53:49.564;INFO;Controller;Executing asynchronous activity: ExecRobotTask;
18/12/17;11:53:49.564;INFO;Controller;Status = Executing: checkToolConfig;
18/12/17;11:53:49.564;INFO;Controller;State = Running;
18/12/17;11:53:49.705;INFO;Robot Runtime;executing:    checkToolConfig;
18/12/17;11:53:49.750;INFO;Robot Runtime;Valid Gripper: C015;
18/12/17;11:53:49.771;INFO;Robot Runtime;Valid Gripper: C019;
18/12/17;11:53:49.793;INFO;Robot Runtime;Current Tool: C015 (Valid);
18/12/17;11:53:50.036;INFO;Controller;Activity ExecRobotTask ended. Return value: Done;
18/12/17;11:53:50.037;INFO;Controller;State = Ready;
18/12/17;11:58:44.108;INFO;Interface;Command: ExecRobotTask (swapTools,-1);
18/12/17;11:58:44.109;INFO;Controller;Executing asynchronous activity: ExecRobotTask;
18/12/17;11:58:44.110;INFO;Controller;Status = Executing: swapTools;
18/12/17;11:58:44.110;INFO;Controller;State = Running;
18/12/17;11:58:44.299;INFO;Robot Runtime;executing:    swapTools;
18/12/17;11:58:44.592;INFO;Controller;Activity ExecRobotTask ended. Return value: Done;
18/12/17;11:58:44.592;INFO;Controller;State = Ready;
18/12/17;12:00:07.765;INFO;Interface;Command: ExecRobotTask (checkToolConfig,-1);
18/12/17;12:00:07.767;INFO;Controller;Executing asynchronous activity: ExecRobotTask;
18/12/17;12:00:07.767;INFO;Controller;Status = Executing: checkToolConfig;
18/12/17;12:00:07.767;INFO;Controller;State = Running;
18/12/17;12:00:07.939;INFO;Robot Runtime;executing:    checkToolConfig;
18/12/17;12:00:07.982;INFO;Robot Runtime;Valid Gripper: C015;
18/12/17;12:00:08.003;INFO;Robot Runtime;Valid Gripper: C019;
18/12/17;12:00:08.023;INFO;Robot Runtime;Current Tool: C019 (Valid);
18/12/17;12:00:08.346;INFO;Controller;Activity ExecRobotTask ended. Return value: Done;
18/12/17;12:00:08.346;INFO;Controller;State = Ready;
18/12/17;12:00:36.957;INFO;Interface;Command: ExecRobotTask (swapTools,-1);
18/12/17;12:00:36.958;INFO;Controller;Executing asynchronous activity: ExecRobotTask;
18/12/17;12:00:36.958;INFO;Controller;Status = Executing: swapTools;
18/12/17;12:00:36.958;INFO;Controller;State = Running;
18/12/17;12:00:37.116;INFO;Robot Runtime;executing:    swapTools;
18/12/17;12:00:37.158;WARNING;Robot Runtime; Failed to find the Tool ;
18/12/17;12:00:37.424;INFO;Controller;Activity ExecRobotTask ended. Return value: ABORT: Failed to find the Tool;
18/12/17;12:00:37.424;INFO;Controller;State = Ready;
18/12/17;12:01:06.510;INFO;Interface;Command: ExecRobotTask (checkToolConfig,-1);
18/12/17;12:01:06.510;INFO;Controller;Executing asynchronous activity: ExecRobotTask;
18/12/17;12:01:06.511;INFO;Controller;Status = Executing: checkToolConfig;
18/12/17;12:01:06.511;INFO;Controller;State = Running;
18/12/17;12:01:06.651;INFO;Robot Runtime;executing:    checkToolConfig;
18/12/17;12:01:06.720;INFO;Robot Runtime;Valid Gripper: C015;
18/12/17;12:01:06.741;INFO;Robot Runtime;Valid Gripper: C019;
18/12/17;12:01:06.761;INFO;Robot Runtime;Current Tool: C019 (Valid);
18/12/17;12:01:07.008;INFO;Controller;Activity ExecRobotTask ended. Return value: Done;
18/12/17;12:01:07.009;INFO;Controller;State = Ready;
18/12/17;12:01:46.179;INFO;Interface;Command: ExecRobotTask (swapTools,-1);
18/12/17;12:01:46.180;INFO;Controller;Executing asynchronous activity: ExecRobotTask;
18/12/17;12:01:46.180;INFO;Controller;Status = Executing: swapTools;
18/12/17;12:01:46.180;INFO;Controller;State = Running;
18/12/17;12:01:46.329;INFO;Robot Runtime;executing:    swapTools;
18/12/17;12:01:46.372;WARNING;Robot Runtime; Failed to find the Tool ;
18/12/17;12:01:46.703;INFO;Controller;Activity ExecRobotTask ended. Return value: ABORT: Failed to find the Tool;
18/12/17;12:01:46.704;INFO;Controller;State = Ready;
18/12/17;12:06:36.054;WARNING;Robot;Alarm active: Device is offline;
18/12/17;12:06:36.057;INFO;Controller;State = Communication Error;
18/12/17;12:07:08.154;INFO;Robot;Alarm inactive: Device is offline;
18/12/17;12:07:08.155;WARNING;Controller;Communication resumed, trying updating devices;
18/12/17;12:07:08.155;INFO;Controller;Finished device updating;
18/12/17;12:07:08.155;INFO;Controller;State = Ready;
18/12/17;12:07:28.892;INFO;Interface;Command: ExecRobotTask (checkToolConfig,-1);
18/12/17;12:07:28.892;INFO;Controller;Executing asynchronous activity: ExecRobotTask;
18/12/17;12:07:28.893;INFO;Controller;Status = Executing: checkToolConfig;
18/12/17;12:07:28.893;INFO;Controller;State = Running;
18/12/17;12:07:29.050;INFO;Robot Runtime;executing:    checkToolConfig;
18/12/17;12:07:29.092;INFO;Robot Runtime;Valid Gripper: C015;
18/12/17;12:07:29.112;INFO;Robot Runtime;Valid Gripper: C019;
18/12/17;12:07:29.132;INFO;Robot Runtime;Current Tool: C019 (Valid);
18/12/17;12:07:29.436;INFO;Controller;Activity ExecRobotTask ended. Return value: Done;
18/12/17;12:07:29.437;INFO;Controller;State = Ready;
18/12/17;12:08:19.358;INFO;Interface;Command: ExecRobotTask (sqapTools,-1);
18/12/17;12:08:19.359;INFO;Controller;Executing asynchronous activity: ExecRobotTask;
18/12/17;12:08:19.359;INFO;Controller;Status = Executing: sqapTools;
18/12/17;12:08:19.359;INFO;Controller;State = Running;
18/12/17;12:08:19.412;INFO;Robot Runtime;executing:    sqapTools;
18/12/17;12:08:19.625;INFO;Controller;Activity ExecRobotTask ended. Return value: ;
18/12/17;12:08:19.626;INFO;Controller;State = Ready;
18/12/17;12:08:34.198;INFO;Interface;Command: ExecRobotTask (swapTools,-1);
18/12/17;12:08:34.199;INFO;Controller;Executing asynchronous activity: ExecRobotTask;
18/12/17;12:08:34.199;INFO;Controller;Status = Executing: swapTools;
18/12/17;12:08:34.199;INFO;Controller;State = Running;
18/12/17;12:08:34.339;INFO;Robot Runtime;executing:    swapTools;
18/12/17;12:08:34.412;WARNING;Robot Runtime; Failed to find the Tool ;
18/12/17;12:08:34.609;INFO;Controller;Activity ExecRobotTask ended. Return value: ABORT: Failed to find the Tool;
18/12/17;12:08:34.609;INFO;Controller;State = Ready;
18/12/17;12:15:37.749;INFO;Interface;Command: ExecRobotTask (swapTools,-1);
18/12/17;12:15:37.751;INFO;Controller;Executing asynchronous activity: ExecRobotTask;
18/12/17;12:15:37.751;INFO;Controller;Status = Executing: swapTools;
18/12/17;12:15:37.751;INFO;Controller;State = Running;
18/12/17;12:15:37.904;INFO;Robot Runtime;executing:    swapTools;
18/12/17;12:15:38.330;INFO;Controller;Activity ExecRobotTask ended. Return value: Done;
18/12/17;12:15:38.330;INFO;Controller;State = Ready;
18/12/17;12:15:51.309;INFO;Interface;Command: ExecRobotTask (checkToolConfig,-1);
18/12/17;12:15:51.309;INFO;Controller;Executing asynchronous activity: ExecRobotTask;
18/12/17;12:15:51.309;INFO;Controller;Status = Executing: checkToolConfig;
18/12/17;12:15:51.310;INFO;Controller;State = Running;
18/12/17;12:15:51.453;INFO;Robot Runtime;executing:    checkToolConfig;
18/12/17;12:15:51.494;INFO;Robot Runtime;Valid Gripper: C015;
18/12/17;12:15:51.515;INFO;Robot Runtime;Valid Gripper: C019;
18/12/17;12:15:51.535;INFO;Robot Runtime;Current Tool: C015 (Valid);
18/12/17;12:15:51.810;INFO;Controller;Activity ExecRobotTask ended. Return value: Done;
18/12/17;12:15:51.811;INFO;Controller;State = Ready;
18/12/17;12:16:12.411;INFO;Interface;Command: ExecRobotTask (swapTools,-1);
18/12/17;12:16:12.412;INFO;Controller;Executing asynchronous activity: ExecRobotTask;
18/12/17;12:16:12.412;INFO;Controller;Status = Executing: swapTools;
18/12/17;12:16:12.412;INFO;Controller;State = Running;
18/12/17;12:16:12.558;INFO;Robot Runtime;executing:    swapTools;
18/12/17;12:16:12.980;INFO;Controller;Activity ExecRobotTask ended. Return value: Done;
18/12/17;12:16:12.981;INFO;Controller;State = Ready;
18/12/17;12:16:40.015;INFO;Interface;Command: ExecRobotTask (checkToolConfig,-1);
18/12/17;12:16:40.016;INFO;Controller;Executing asynchronous activity: ExecRobotTask;
18/12/17;12:16:40.016;INFO;Controller;Status = Executing: checkToolConfig;
18/12/17;12:16:40.016;INFO;Controller;State = Running;
18/12/17;12:16:40.168;INFO;Robot Runtime;executing:    checkToolConfig;
18/12/17;12:16:40.212;INFO;Robot Runtime;Valid Gripper: C015;
18/12/17;12:16:40.233;INFO;Robot Runtime;Valid Gripper: C019;
18/12/17;12:16:40.253;INFO;Robot Runtime;Current Tool: C019 (Valid);
18/12/17;12:16:40.539;INFO;Controller;Activity ExecRobotTask ended. Return value: Done;
18/12/17;12:16:40.539;INFO;Controller;State = Ready;
18/12/17;12:17:15.156;INFO;Interface;Command: ExecRobotTask (disableTool,-1);
18/12/17;12:17:15.157;INFO;Controller;Executing asynchronous activity: ExecRobotTask;
18/12/17;12:17:15.157;INFO;Controller;Status = Executing: disableTool;
18/12/17;12:17:15.157;INFO;Controller;State = Running;
18/12/17;12:17:15.324;INFO;Robot Runtime;executing:    disableTool;
18/12/17;12:17:15.551;INFO;Controller;Activity ExecRobotTask ended. Return value: Done;
18/12/17;12:17:15.552;INFO;Controller;State = Ready;
18/12/17;12:17:25.246;INFO;Interface;Command: ExecRobotTask (checkToolConfig,-1);
18/12/17;12:17:25.247;INFO;Controller;Executing asynchronous activity: ExecRobotTask;
18/12/17;12:17:25.247;INFO;Controller;Status = Executing: checkToolConfig;
18/12/17;12:17:25.247;INFO;Controller;State = Running;
18/12/17;12:17:25.391;INFO;Robot Runtime;executing:    checkToolConfig;
18/12/17;12:17:25.457;INFO;Robot Runtime;Invalid Gripper: C015;
18/12/17;12:17:25.478;INFO;Robot Runtime;Valid Gripper: C019;
18/12/17;12:17:25.498;INFO;Robot Runtime;Current Tool: C019 (Valid);
18/12/17;12:17:25.814;INFO;Controller;Activity ExecRobotTask ended. Return value: Done;
18/12/17;12:17:25.814;INFO;Controller;State = Ready;
18/12/17;12:17:43.843;INFO;Interface;Command: ExecRobotTask (swapTools,-1);
18/12/17;12:17:43.844;INFO;Controller;Executing asynchronous activity: ExecRobotTask;
18/12/17;12:17:43.844;INFO;Controller;Status = Executing: swapTools;
18/12/17;12:17:43.844;INFO;Controller;State = Running;
18/12/17;12:17:43.994;INFO;Robot Runtime;executing:    swapTools;
18/12/17;12:17:44.233;INFO;Controller;Activity ExecRobotTask ended. Return value: Done;
18/12/17;12:17:44.233;INFO;Controller;State = Ready;
18/12/17;12:17:57.390;INFO;Interface;Command: ExecRobotTask (checkToolConfig,-1);
18/12/17;12:17:57.391;INFO;Controller;Executing asynchronous activity: ExecRobotTask;
18/12/17;12:17:57.391;INFO;Controller;Status = Executing: checkToolConfig;
18/12/17;12:17:57.391;INFO;Controller;State = Running;
18/12/17;12:17:57.532;INFO;Robot Runtime;executing:    checkToolConfig;
18/12/17;12:17:57.575;INFO;Robot Runtime;Invalid Gripper: C015;
18/12/17;12:17:57.598;INFO;Robot Runtime;Valid Gripper: C019;
18/12/17;12:17:57.618;INFO;Robot Runtime;Current Tool: C019 (Valid);
18/12/17;12:17:57.929;INFO;Controller;Activity ExecRobotTask ended. Return value: Done;
18/12/17;12:17:57.929;INFO;Controller;State = Ready;
18/12/17;12:19:13.415;INFO;Interface;Command: ExecRobotTask (swapTools,-1);
18/12/17;12:19:13.416;INFO;Controller;Executing asynchronous activity: ExecRobotTask;
18/12/17;12:19:13.416;INFO;Controller;Status = Executing: swapTools;
18/12/17;12:19:13.416;INFO;Controller;State = Running;
18/12/17;12:19:13.562;INFO;Robot Runtime;executing:    swapTools;
18/12/17;12:19:13.606;WARNING;Robot Runtime;Tool (C015) Configuration is INVALID.;
18/12/17;12:19:14.010;INFO;Controller;Activity ExecRobotTask ended. Return value: Done;
18/12/17;12:19:14.011;INFO;Controller;State = Ready;
18/12/17;12:19:44.213;INFO;Interface;Command: ExecRobotTask (checkToolConfig,-1);
18/12/17;12:19:44.214;INFO;Controller;Executing asynchronous activity: ExecRobotTask;
18/12/17;12:19:44.214;INFO;Controller;Status = Executing: checkToolConfig;
18/12/17;12:19:44.214;INFO;Controller;State = Running;
18/12/17;12:19:44.356;INFO;Robot Runtime;executing:    checkToolConfig;
18/12/17;12:19:44.401;INFO;Robot Runtime;Invalid Gripper: C015;
18/12/17;12:19:44.421;INFO;Robot Runtime;Valid Gripper: C019;
18/12/17;12:19:44.441;INFO;Robot Runtime;Current Tool: C015 (Invalid);
18/12/17;12:19:44.777;INFO;Controller;Activity ExecRobotTask ended. Return value: Done;
18/12/17;12:19:44.777;INFO;Controller;State = Ready;
18/12/17;12:20:04.490;INFO;Interface;Command: ExecRobotTask (swapTools,-1);
18/12/17;12:20:04.490;INFO;Controller;Executing asynchronous activity: ExecRobotTask;
18/12/17;12:20:04.490;INFO;Controller;Status = Executing: swapTools;
18/12/17;12:20:04.490;INFO;Controller;State = Running;
18/12/17;12:20:04.638;INFO;Robot Runtime;executing:    swapTools;
18/12/17;12:20:04.920;INFO;Controller;Activity ExecRobotTask ended. Return value: Done;
18/12/17;12:20:04.920;INFO;Controller;State = Ready;
18/12/17;12:20:14.688;INFO;Interface;Command: ExecRobotTask (checkToolConfig,-1);
18/12/17;12:20:14.689;INFO;Controller;Executing asynchronous activity: ExecRobotTask;
18/12/17;12:20:14.689;INFO;Controller;Status = Executing: checkToolConfig;
18/12/17;12:20:14.689;INFO;Controller;State = Running;
18/12/17;12:20:14.834;INFO;Robot Runtime;executing:    checkToolConfig;
18/12/17;12:20:14.900;INFO;Robot Runtime;Invalid Gripper: C015;
18/12/17;12:20:14.920;INFO;Robot Runtime;Valid Gripper: C019;
18/12/17;12:20:14.941;INFO;Robot Runtime;Current Tool: C019 (Valid);
18/12/17;12:20:15.206;INFO;Controller;Activity ExecRobotTask ended. Return value: Done;
18/12/17;12:20:15.207;INFO;Controller;State = Ready;
18/12/17;12:20:37.796;INFO;Interface;Command: ExecRobotTask (swapTools,-1);
18/12/17;12:20:37.796;INFO;Controller;Executing asynchronous activity: ExecRobotTask;
18/12/17;12:20:37.796;INFO;Controller;Status = Executing: swapTools;
18/12/17;12:20:37.796;INFO;Controller;State = Running;
18/12/17;12:20:37.943;INFO;Robot Runtime;executing:    swapTools;
18/12/17;12:20:38.400;INFO;Controller;Activity ExecRobotTask ended. Return value: Done;
18/12/17;12:20:38.401;INFO;Controller;State = Ready;
18/12/17;12:21:14.340;INFO;Interface;Command: ExecRobotTask (checkToolConfig,-1);
18/12/17;12:21:14.341;INFO;Controller;Executing asynchronous activity: ExecRobotTask;
18/12/17;12:21:14.341;INFO;Controller;Status = Executing: checkToolConfig;
18/12/17;12:21:14.341;INFO;Controller;State = Running;
18/12/17;12:21:14.483;INFO;Robot Runtime;executing:    checkToolConfig;
18/12/17;12:21:14.525;INFO;Robot Runtime;Invalid Gripper: C015;
18/12/17;12:21:14.545;INFO;Robot Runtime;Valid Gripper: C019;
18/12/17;12:21:14.566;INFO;Robot Runtime;Current Tool: C019 (Valid);
18/12/17;12:21:14.756;INFO;Controller;Activity ExecRobotTask ended. Return value: Done;
18/12/17;12:21:14.756;INFO;Controller;State = Ready;
18/12/17;12:21:32.568;INFO;Interface;Command: ExecRobotTask (enableTool,-1);
18/12/17;12:21:32.569;INFO;Controller;Executing asynchronous activity: ExecRobotTask;
18/12/17;12:21:32.569;INFO;Controller;Status = Executing: enableTool;
18/12/17;12:21:32.569;INFO;Controller;State = Running;
18/12/17;12:21:32.715;INFO;Robot Runtime;executing:    enableTool;
18/12/17;12:21:33.137;INFO;Controller;Activity ExecRobotTask ended. Return value: Done;
18/12/17;12:21:33.138;INFO;Controller;State = Ready;
18/12/17;12:21:46.283;INFO;Interface;Command: ExecRobotTask (checkToolConfig,-1);
18/12/17;12:21:46.286;INFO;Controller;Executing asynchronous activity: ExecRobotTask;
18/12/17;12:21:46.286;INFO;Controller;Status = Executing: checkToolConfig;
18/12/17;12:21:46.286;INFO;Controller;State = Running;
18/12/17;12:21:46.427;INFO;Robot Runtime;executing:    checkToolConfig;
18/12/17;12:21:46.468;INFO;Robot Runtime;Valid Gripper: C015;
18/12/17;12:21:46.489;INFO;Robot Runtime;Valid Gripper: C019;
18/12/17;12:21:46.510;INFO;Robot Runtime;Current Tool: C019 (Valid);
18/12/17;12:21:46.659;INFO;Controller;Activity ExecRobotTask ended. Return value: Done;
18/12/17;12:21:46.659;INFO;Controller;State = Ready;
18/12/17;12:22:27.787;INFO;Interface;Command: ExecRobotTask (enableTool,-1);
18/12/17;12:22:27.788;INFO;Controller;Executing asynchronous activity: ExecRobotTask;
18/12/17;12:22:27.788;INFO;Controller;Status = Executing: enableTool;
18/12/17;12:22:27.788;INFO;Controller;State = Running;
18/12/17;12:22:27.928;INFO;Robot Runtime;executing:    enableTool;
18/12/17;12:22:27.970;INFO;Robot Runtime;Tool  does NOT exist;
18/12/17;12:22:28.105;INFO;Controller;Activity ExecRobotTask ended. Return value: ABORT:Tool  does NOT exist;
18/12/17;12:22:28.106;INFO;Controller;State = Ready;
18/12/17;12:25:14.793;INFO;Interface;Command: ExecRobotTask (enableTool,-1);
18/12/17;12:25:14.794;INFO;Controller;Executing asynchronous activity: ExecRobotTask;
18/12/17;12:25:14.795;INFO;Controller;Status = Executing: enableTool;
18/12/17;12:25:14.795;INFO;Controller;State = Running;
18/12/17;12:25:14.936;INFO;Robot Runtime;executing:    enableTool;
18/12/17;12:25:14.977;WARNING;Robot Runtime;Tool  does NOT exist;
18/12/17;12:25:15.137;INFO;Controller;Activity ExecRobotTask ended. Return value: ABORT:Tool  does NOT exist;
18/12/17;12:25:15.137;INFO;Controller;State = Ready;
18/12/17;12:25:32.687;INFO;Interface;Command: ExecRobotTask (disableTool,-1);
18/12/17;12:25:32.688;INFO;Controller;Executing asynchronous activity: ExecRobotTask;
18/12/17;12:25:32.688;INFO;Controller;Status = Executing: disableTool;
18/12/17;12:25:32.688;INFO;Controller;State = Running;
18/12/17;12:25:32.829;INFO;Robot Runtime;executing:    disableTool;
18/12/17;12:25:32.870;WARNING;Robot Runtime;Tool  does NOT exist;
18/12/17;12:25:33.118;INFO;Controller;Activity ExecRobotTask ended. Return value: ABORT:Tool  does NOT exist;
18/12/17;12:25:33.118;INFO;Controller;State = Ready;
18/12/17;12:30:19.850;INFO;Interface;Command: ExecRobotTask (disableTool,-1);
18/12/17;12:30:19.852;INFO;Controller;Executing asynchronous activity: ExecRobotTask;
18/12/17;12:30:19.852;INFO;Controller;Status = Executing: disableTool;
18/12/17;12:30:19.852;INFO;Controller;State = Running;
18/12/17;12:30:19.993;INFO;Robot Runtime;executing:    disableTool;
18/12/17;12:30:20.035;WARNING;Robot Runtime;Tool  does NOT exist;
18/12/17;12:30:20.205;INFO;Controller;Activity ExecRobotTask ended. Return value: ABORT: Tool  does NOT exist;
18/12/17;12:30:20.205;INFO;Controller;State = Ready;
18/12/17;12:33:50.478;INFO;Interface;Command: ExecRobotTask (disableTool,-1);
18/12/17;12:33:50.479;INFO;Controller;Executing asynchronous activity: ExecRobotTask;
18/12/17;12:33:50.479;INFO;Controller;Status = Executing: disableTool;
18/12/17;12:33:50.479;INFO;Controller;State = Running;
18/12/17;12:33:50.622;INFO;Robot Runtime;executing:    disableTool;
18/12/17;12:33:50.664;WARNING;Robot Runtime;Tool  does NOT exist;
18/12/17;12:33:50.934;INFO;Controller;Activity ExecRobotTask ended. Return value: ABORT: Tool  does NOT exist;
18/12/17;12:33:50.935;INFO;Controller;State = Ready;
18/12/17;12:34:26.189;INFO;Interface;Command: ExecRobotTask (swapTools,-1);
18/12/17;12:34:26.190;INFO;Controller;Executing asynchronous activity: ExecRobotTask;
18/12/17;12:34:26.190;INFO;Controller;Status = Executing: swapTools;
18/12/17;12:34:26.190;INFO;Controller;State = Running;
18/12/17;12:34:26.337;INFO;Robot Runtime;executing:    swapTools;
18/12/17;12:34:26.615;INFO;Controller;Activity ExecRobotTask ended. Return value: Done;
18/12/17;12:34:26.616;INFO;Controller;State = Ready;
18/12/17;12:34:44.164;INFO;Interface;Command: ExecRobotTask (swapTools,-1);
18/12/17;12:34:44.165;INFO;Controller;Executing asynchronous activity: ExecRobotTask;
18/12/17;12:34:44.165;INFO;Controller;Status = Executing: swapTools;
18/12/17;12:34:44.165;INFO;Controller;State = Running;
18/12/17;12:34:44.315;INFO;Robot Runtime;executing:    swapTools;
18/12/17;12:34:44.625;INFO;Controller;Activity ExecRobotTask ended. Return value: Done;
18/12/17;12:34:44.625;INFO;Controller;State = Ready;
18/12/17;12:35:02.813;INFO;Interface;Command: ExecRobotTask (checkToolConfig,-1);
18/12/17;12:35:02.814;INFO;Controller;Executing asynchronous activity: ExecRobotTask;
18/12/17;12:35:02.814;INFO;Controller;Status = Executing: checkToolConfig;
18/12/17;12:35:02.814;INFO;Controller;State = Running;
18/12/17;12:35:02.957;INFO;Robot Runtime;executing:    checkToolConfig;
18/12/17;12:35:03.002;INFO;Robot Runtime;Valid Gripper: C015;
18/12/17;12:35:03.022;INFO;Robot Runtime;Valid Gripper: C019;
18/12/17;12:35:03.043;INFO;Robot Runtime;Current Tool: C019 (Valid);
18/12/17;12:35:03.372;INFO;Controller;Activity ExecRobotTask ended. Return value: Done;
18/12/17;12:35:03.373;INFO;Controller;State = Ready;
18/12/17;12:38:33.014;INFO;Interface;Command: ExecRobotTask (enableTool,-1);
18/12/17;12:38:33.017;INFO;Controller;Executing asynchronous activity: ExecRobotTask;
18/12/17;12:38:33.017;INFO;Controller;Status = Executing: enableTool;
18/12/17;12:38:33.017;INFO;Controller;State = Running;
18/12/17;12:38:33.158;INFO;Robot Runtime;executing:    enableTool;
18/12/17;12:38:33.203;WARNING;Robot Runtime;Tool C013 does NOT exist;
18/12/17;12:38:33.370;INFO;Controller;Activity ExecRobotTask ended. Return value: ABORT: Tool C013 does NOT exist;
18/12/17;12:38:33.371;INFO;Controller;State = Ready;
18/12/17;12:41:25.881;INFO;Interface;Command: ExecRobotTask (checkToolConfig,-1);
18/12/17;12:41:25.882;INFO;Controller;Executing asynchronous activity: ExecRobotTask;
18/12/17;12:41:25.882;INFO;Controller;Status = Executing: checkToolConfig;
18/12/17;12:41:25.882;INFO;Controller;State = Running;
18/12/17;12:41:26.026;INFO;Robot Runtime;executing:    checkToolConfig;
18/12/17;12:41:26.067;INFO;Robot Runtime;Valid Gripper: C015;
18/12/17;12:41:26.087;INFO;Robot Runtime;Valid Gripper: C019;
18/12/17;12:41:26.109;INFO;Robot Runtime;Current Tool: C019 (Valid);
18/12/17;12:41:26.353;INFO;Controller;Activity ExecRobotTask ended. Return value: Done;
18/12/17;12:41:26.354;INFO;Controller;State = Ready;
18/12/17;12:50:05.882;WARNING;Robot Panel;Exception: java.lang.NumberFormatException: empty String
Stack trace:
java.lang.NumberFormatException: empty String
	at sun.misc.FloatingDecimal.readJavaFormatString(FloatingDecimal.java:1842)
	at sun.misc.FloatingDecimal.parseDouble(FloatingDecimal.java:110)
	at java.lang.Double.parseDouble(Double.java:538)
	at org.embl.dev.staubli.StaubliPanel.setPoint(StaubliPanel.java:1339)
	at org.embl.dev.staubli.StaubliPanel.btSetPointActionPerformed(StaubliPanel.java:949)
	at org.embl.dev.staubli.StaubliPanel.access$1400(StaubliPanel.java:35)
	at org.embl.dev.staubli.StaubliPanel$14.actionPerformed(StaubliPanel.java:556)
	at javax.swing.AbstractButton.fireActionPerformed(AbstractButton.java:2022)
	at javax.swing.AbstractButton$Handler.actionPerformed(AbstractButton.java:2348)
	at javax.swing.DefaultButtonModel.fireActionPerformed(DefaultButtonModel.java:402)
	at javax.swing.DefaultButtonModel.setPressed(DefaultButtonModel.java:259)
	at javax.swing.plaf.basic.BasicButtonListener.mouseReleased(BasicButtonListener.java:252)
	at java.awt.Component.processMouseEvent(Component.java:6535)
	at javax.swing.JComponent.processMouseEvent(JComponent.java:3324)
	at java.awt.Component.processEvent(Component.java:6300)
	at java.awt.Container.processEvent(Container.java:2236)
	at java.awt.Component.dispatchEventImpl(Component.java:4891)
	at java.awt.Container.dispatchEventImpl(Container.java:2294)
	at java.awt.Component.dispatchEvent(Component.java:4713)
	at java.awt.LightweightDispatcher.retargetMouseEvent(Container.java:4888)
	at java.awt.LightweightDispatcher.processMouseEvent(Container.java:4525)
	at java.awt.LightweightDispatcher.dispatchEvent(Container.java:4466)
	at java.awt.Container.dispatchEventImpl(Container.java:2280)
	at java.awt.Window.dispatchEventImpl(Window.java:2750)
	at java.awt.Component.dispatchEvent(Component.java:4713)
	at java.awt.EventQueue.dispatchEventImpl(EventQueue.java:758)
	at java.awt.EventQueue.access$500(EventQueue.java:97)
	at java.awt.EventQueue$3.run(EventQueue.java:709)
	at java.awt.EventQueue$3.run(EventQueue.java:703)
	at java.security.AccessController.doPrivileged(Native Method)
	at java.security.ProtectionDomain$JavaSecurityAccessImpl.doIntersectionPrivilege(ProtectionDomain.java:76)
	at java.security.ProtectionDomain$JavaSecurityAccessImpl.doIntersectionPrivilege(ProtectionDomain.java:86)
	at java.awt.EventQueue$4.run(EventQueue.java:731)
	at java.awt.EventQueue$4.run(EventQueue.java:729)
	at java.security.AccessController.doPrivileged(Native Method)
	at java.security.ProtectionDomain$JavaSecurityAccessImpl.doIntersectionPrivilege(ProtectionDomain.java:76)
	at java.awt.EventQueue.dispatchEvent(EventQueue.java:728)
	at java.awt.EventDispatchThread.pumpOneEventForFilters(EventDispatchThread.java:201)
	at java.awt.EventDispatchThread.pumpEventsForFilter(EventDispatchThread.java:116)
	at java.awt.EventDispatchThread.pumpEventsForHierarchy(EventDispatchThread.java:105)
	at java.awt.EventDispatchThread.pumpEvents(EventDispatchThread.java:101)
	at java.awt.EventDispatchThread.pumpEvents(EventDispatchThread.java:93)
	at java.awt.EventDispatchThread.run(EventDispatchThread.java:82)
;
18/12/17;12:50:19.475;INFO;Robot;Enabling Power;
18/12/17;12:50:21.217;INFO;Robot;Enabling Power;
18/12/17;12:55:29.164;WARNING;Interface;Manual change of the configuration;
18/12/17;12:55:29.177;INFO;Controller;Configuration change;
18/12/17;12:55:29.220;INFO;Controller;State = Initializing;
18/12/17;12:55:29.323;INFO;Controller;Initialized log services - Startup: 18/12/17 11:33:32;
18/12/17;12:55:30.332;INFO;Epics Server;Exiting running thread;
18/12/17;12:55:30.337;INFO;Epics Server;Registered PV: SW:Version;
18/12/17;12:55:30.337;INFO;Epics Server;Registered PV: SW:Status;
18/12/17;12:55:30.337;INFO;Epics Server;Registered PV: SW:Uptime;
18/12/17;12:55:30.337;INFO;Epics Server;Registered PV: SW:LastTaskInfo;
18/12/17;12:55:30.337;INFO;Epics Server;Registered PV: SW:AlarmList;
18/12/17;12:55:30.337;INFO;Epics Server;Registered PV: SW:LocalGuiLockOut;
18/12/17;12:55:30.337;INFO;Epics Server;Registered PV: SW:RobotSpeed;
18/12/17;12:55:30.337;INFO;Epics Server;Registered PV: SW:LastTaskException;
18/12/17;12:55:30.337;INFO;Epics Server;Registered PV: SW:LastTaskOutput;
18/12/17;12:55:30.337;INFO;Epics Server;Registered PV: SW:RobotState;
18/12/17;12:55:30.337;INFO;Epics Server;Registered PV: SW:CartesianPositions;
18/12/17;12:55:30.348;INFO;Epics Server;Registered PV: SW:JointPositions;
18/12/17;12:55:30.349;INFO;Epics Server;Registered PV: SW:State;
18/12/17;12:55:30.349;INFO;Epics Server;Registered PV: SW:abort;
18/12/17;12:55:30.349;INFO;Epics Server;Registered PV: SW:restart;
18/12/17;12:55:30.349;INFO;Epics Server;Registered PV: SW:getTaskInfo;
18/12/17;12:55:30.349;INFO;Epics Server;Registered PV: SW:isTaskRunning;
18/12/17;12:55:30.350;INFO;Epics Server;Registered PV: SW:checkTaskResult;
18/12/17;12:55:30.351;INFO;Epics Server;Registered PV: SW:startTestTask;
18/12/17;12:55:30.351;INFO;Epics Server;Registered PV: SW:pauseRobot;
18/12/17;12:55:30.352;INFO;Epics Server;Registered PV: SW:resumeRobot;
18/12/17;12:55:30.352;INFO;Epics Server;Registered PV: SW:setRobotVariable;
18/12/17;12:55:30.352;INFO;Epics Server;Registered PV: SW:isSampleMounted;
18/12/17;12:55:30.352;INFO;Epics Server;Registered PV: SW:startRobotTask;
18/12/17;12:55:30.352;INFO;Epics Server;Registered PV: SW:getRobotVariable;
18/12/17;12:55:30.352;INFO;Epics Server;Registered PV: SW:getDistance;
18/12/17;12:55:30.352;INFO;Epics Server;Initializing: Channel Access Server in Java v1.1.1;
18/12/17;12:55:30.352;INFO;Epics Server;Started server: ready to accept requests;
18/12/17;12:55:31.213;INFO;Controller;Initializing Robot;
18/12/17;12:55:31.220;INFO;Robot;Setting reference frame to: world;
18/12/17;12:55:31.358;INFO;Controller;Initializing Bus Controller;
18/12/17;12:55:31.358;INFO;Anti-Collision;Active = true;
18/12/17;12:55:31.358;INFO;Controller;State = Starting;
18/12/17;12:55:31.360;INFO;Controller;Command: Reset;
18/12/17;12:55:31.361;INFO;Controller;Executing asynchronous script: ./script/Reset.py;
18/12/17;12:55:31.361;INFO;Controller;Status = Reseting;
18/12/17;12:55:31.361;INFO;Controller;State = Running;
18/12/17;12:55:31.751;INFO;Controller;Script host: localhost:40555;
18/12/17;12:55:31.751;INFO;Script;Starting initialization script;
18/12/17;12:55:31.754;INFO;Script;Do nothing;
18/12/17;12:55:31.755;INFO;Controller;Script ./script/Reset.py ended. Return value: ;
18/12/17;12:55:31.755;INFO;Controller;State = Ready;
18/12/17;14:21:05.599;INFO;Interface;Command: ExecRobotTask (checkToolConfig,-1);
18/12/17;14:21:05.639;INFO;Controller;Executing asynchronous activity: ExecRobotTask;
18/12/17;14:21:05.639;INFO;Controller;Status = Executing: checkToolConfig;
18/12/17;14:21:05.639;INFO;Controller;State = Running;
18/12/17;14:21:05.780;INFO;Robot Runtime;executing:    checkToolConfig;
18/12/17;14:21:05.821;INFO;Robot Runtime;Valid Gripper: C015;
18/12/17;14:21:05.846;INFO;Robot Runtime;Valid Gripper: C019;
18/12/17;14:21:05.867;INFO;Robot Runtime;Current Tool: C019 (Valid);
18/12/17;14:21:05.997;INFO;Controller;Activity ExecRobotTask ended. Return value: Done;
18/12/17;14:21:05.997;INFO;Controller;State = Ready;
18/12/17;14:59:22.993;INFO;Controller;State = Closing;
18/12/17;14:59:24.004;INFO;Epics Server;Exiting running thread;
18/12/17;14:59:24.007;INFO;Controller;Stopping log services - Startup: 18/12/17 11:33:32;
