01/03/18;09:55:41.734;INFO;Server;Command: ExecRobotTask (Initialize,500000);
01/03/18;09:55:41.735;INFO;Controller;Executing asynchronous activity: ExecRobotTask;
01/03/18;09:55:41.735;INFO;Controller;Status = Executing: Initialize;
01/03/18;09:55:41.735;INFO;Controller;State = Running;
01/03/18;09:55:41.799;INFO;Robot Runtime;executing:    Initialize;
01/03/18;09:55:43.112;INFO;Controller;Activity ExecRobotTask ended. Return value: Done;
01/03/18;09:55:43.112;INFO;Controller;State = Ready;
01/03/18;09:55:43.126;INFO;Server;Command: ExecRobotTask (Park,500000);
01/03/18;09:55:43.126;INFO;Controller;Executing asynchronous activity: ExecRobotTask;
01/03/18;09:55:43.126;INFO;Controller;Status = Executing: Park;
01/03/18;09:55:43.126;INFO;Controller;State = Running;
01/03/18;09:55:43.193;INFO;Robot Runtime;executing:    Park;
01/03/18;09:55:46.472;INFO;Controller;Activity ExecRobotTask ended. Return value: Done;
01/03/18;09:55:46.472;INFO;Controller;State = Ready;
01/03/18;09:57:06.142;INFO;Server;Command: ExecRobotTask (Initialize,500000);
01/03/18;09:57:06.143;INFO;Controller;Executing asynchronous activity: ExecRobotTask;
01/03/18;09:57:06.143;INFO;Controller;Status = Executing: Initialize;
01/03/18;09:57:06.143;INFO;Controller;State = Running;
01/03/18;09:57:06.207;INFO;Robot Runtime;executing:    Initialize;
01/03/18;09:57:06.414;INFO;Controller;Activity ExecRobotTask ended. Return value: Done;
01/03/18;09:57:06.414;INFO;Controller;State = Ready;
01/03/18;09:57:06.428;INFO;Server;Command: ExecRobotTask (LatchRobGov,500000);
01/03/18;09:57:06.428;INFO;Controller;Executing asynchronous activity: ExecRobotTask;
01/03/18;09:57:06.428;INFO;Controller;Status = Executing: LatchRobGov;
01/03/18;09:57:06.428;INFO;Controller;State = Running;
01/03/18;09:57:06.546;INFO;Robot Runtime;executing:    LatchRobGov;
01/03/18;09:57:07.380;INFO;Controller;Activity ExecRobotTask ended. Return value: Done;
01/03/18;09:57:07.381;INFO;Controller;State = Ready;
01/03/18;09:57:07.393;INFO;Server;Command: ExecRobotTask (TraceSample,500000);
01/03/18;09:57:07.394;INFO;Controller;Executing asynchronous activity: ExecRobotTask;
01/03/18;09:57:07.394;INFO;Controller;Status = Executing: TraceSample;
01/03/18;09:57:07.394;INFO;Controller;State = Running;
01/03/18;09:57:07.455;INFO;Robot Runtime;executing:    TraceSample;
01/03/18;09:57:09.971;INFO;Controller;Activity ExecRobotTask ended. Return value: Done False/False/False;
01/03/18;09:57:09.971;INFO;Controller;State = Ready;
01/03/18;09:57:09.983;INFO;Server;Command: ExecRobotTask (CoolDown,500000);
01/03/18;09:57:09.983;INFO;Controller;Executing asynchronous activity: ExecRobotTask;
01/03/18;09:57:09.983;INFO;Controller;Status = Executing: CoolDown;
01/03/18;09:57:09.983;INFO;Controller;State = Running;
01/03/18;09:57:10.051;INFO;Robot Runtime;executing:    CoolDown;
01/03/18;09:57:10.520;INFO;Controller;Activity ExecRobotTask ended. Return value: Done;
01/03/18;09:57:10.521;INFO;Controller;State = Ready;
01/03/18;09:57:10.751;INFO;Server;Command: ExecRobotTask (Load,500000);
01/03/18;09:57:10.751;INFO;Controller;Executing asynchronous activity: ExecRobotTask;
01/03/18;09:57:10.751;INFO;Controller;Status = Executing: Load;
01/03/18;09:57:10.752;INFO;Controller;State = Running;
01/03/18;09:57:10.830;INFO;Robot Runtime;executing:    Load;
01/03/18;09:57:19.689;INFO;Controller;Activity ExecRobotTask ended. Return value: Done False/True/False;
01/03/18;09:57:19.689;INFO;Controller;State = Ready;
01/03/18;09:57:19.698;INFO;Server;Command: ExecRobotTask (Mount,500000);
01/03/18;09:57:19.698;INFO;Controller;Executing asynchronous activity: ExecRobotTask;
01/03/18;09:57:19.698;INFO;Controller;Status = Executing: Mount;
01/03/18;09:57:19.698;INFO;Controller;State = Running;
01/03/18;09:57:19.798;INFO;Robot Runtime;executing:    Mount;
01/03/18;09:57:27.862;INFO;Controller;Activity ExecRobotTask ended. Return value: Done True/False/False;
01/03/18;09:57:27.862;INFO;Controller;State = Ready;
01/03/18;09:57:27.871;INFO;Server;Command: ExecRobotTask (Park,500000);
01/03/18;09:57:27.871;INFO;Controller;Executing asynchronous activity: ExecRobotTask;
01/03/18;09:57:27.871;INFO;Controller;Status = Executing: Park;
01/03/18;09:57:27.871;INFO;Controller;State = Running;
01/03/18;09:57:27.938;INFO;Robot Runtime;executing:    Park;
01/03/18;09:57:31.223;INFO;Controller;Activity ExecRobotTask ended. Return value: Done;
01/03/18;09:57:31.223;INFO;Controller;State = Ready;
01/03/18;09:57:31.232;INFO;Server;Command: ExecRobotTask (UnlatchRobGov,500000);
01/03/18;09:57:31.232;INFO;Controller;Executing asynchronous activity: ExecRobotTask;
01/03/18;09:57:31.232;INFO;Controller;Status = Executing: UnlatchRobGov;
01/03/18;09:57:31.232;INFO;Controller;State = Running;
01/03/18;09:57:31.298;INFO;Robot Runtime;executing:    UnlatchRobGov;
01/03/18;09:57:31.770;INFO;Controller;Activity ExecRobotTask ended. Return value: Done;
01/03/18;09:57:31.770;INFO;Controller;State = Ready;
01/03/18;09:59:04.362;INFO;Server;Command: ExecRobotTask (Initialize,500000);
01/03/18;09:59:04.362;INFO;Controller;Executing asynchronous activity: ExecRobotTask;
01/03/18;09:59:04.362;INFO;Controller;Status = Executing: Initialize;
01/03/18;09:59:04.362;INFO;Controller;State = Running;
01/03/18;09:59:04.447;INFO;Robot Runtime;executing:    Initialize;
01/03/18;09:59:04.695;INFO;Controller;Activity ExecRobotTask ended. Return value: Done;
01/03/18;09:59:04.696;INFO;Controller;State = Ready;
01/03/18;09:59:04.711;INFO;Server;Command: ExecRobotTask (LatchRobGov2,500000);
01/03/18;09:59:04.711;INFO;Controller;Executing asynchronous activity: ExecRobotTask;
01/03/18;09:59:04.711;INFO;Controller;Status = Executing: LatchRobGov2;
01/03/18;09:59:04.711;INFO;Controller;State = Running;
01/03/18;09:59:04.800;INFO;Robot Runtime;executing:    LatchRobGov2;
01/03/18;09:59:08.150;INFO;Controller;Activity ExecRobotTask ended. Return value: Done;
01/03/18;09:59:08.150;INFO;Controller;State = Ready;
01/03/18;09:59:08.161;INFO;Server;Command: ExecRobotTask (CoolDown,500000);
01/03/18;09:59:08.161;INFO;Controller;Executing asynchronous activity: ExecRobotTask;
01/03/18;09:59:08.161;INFO;Controller;Status = Executing: CoolDown;
01/03/18;09:59:08.161;INFO;Controller;State = Running;
01/03/18;09:59:08.232;INFO;Robot Runtime;executing:    CoolDown;
01/03/18;09:59:08.698;INFO;Controller;Activity ExecRobotTask ended. Return value: Done;
01/03/18;09:59:08.698;INFO;Controller;State = Ready;
01/03/18;09:59:09.713;INFO;Server;Command: ExecRobotTask (Home,500000);
01/03/18;09:59:09.714;INFO;Controller;Executing asynchronous activity: ExecRobotTask;
01/03/18;09:59:09.714;INFO;Controller;Status = Executing: Home;
01/03/18;09:59:09.714;INFO;Controller;State = Running;
01/03/18;09:59:09.796;INFO;Robot Runtime;executing:    Home;
01/03/18;09:59:12.262;INFO;Controller;Activity ExecRobotTask ended. Return value: Done;
01/03/18;09:59:12.262;INFO;Controller;State = Ready;
01/03/18;09:59:12.545;INFO;Server;Command: ExecRobotTask (Unmount,500000);
01/03/18;09:59:12.545;INFO;Controller;Executing asynchronous activity: ExecRobotTask;
01/03/18;09:59:12.545;INFO;Controller;Status = Executing: Unmount;
01/03/18;09:59:12.545;INFO;Controller;State = Running;
01/03/18;09:59:12.627;INFO;Robot Runtime;executing:    Unmount;
01/03/18;09:59:20.441;INFO;Controller;Activity ExecRobotTask ended. Return value: Done False/True/False;
01/03/18;09:59:20.441;INFO;Controller;State = Ready;
01/03/18;09:59:20.462;INFO;Server;Command: ExecRobotTask (Unload,500000);
01/03/18;09:59:20.462;INFO;Controller;Executing asynchronous activity: ExecRobotTask;
01/03/18;09:59:20.462;INFO;Controller;Status = Executing: Unload;
01/03/18;09:59:20.462;INFO;Controller;State = Running;
01/03/18;09:59:20.586;INFO;Robot Runtime;executing:    Unload;
01/03/18;09:59:25.337;INFO;Controller;Activity ExecRobotTask ended. Return value: Done False/False/False;
01/03/18;09:59:25.337;INFO;Controller;State = Ready;
01/03/18;09:59:28.106;INFO;Server;Command: ExecRobotTask (Load,500000);
01/03/18;09:59:28.106;INFO;Controller;Executing asynchronous activity: ExecRobotTask;
01/03/18;09:59:28.106;INFO;Controller;Status = Executing: Load;
01/03/18;09:59:28.106;INFO;Controller;State = Running;
01/03/18;09:59:28.211;INFO;Robot Runtime;executing:    Load;
01/03/18;09:59:35.183;INFO;Controller;Activity ExecRobotTask ended. Return value: Done False/True/False;
01/03/18;09:59:35.183;INFO;Controller;State = Ready;
01/03/18;09:59:35.205;INFO;Server;Command: ExecRobotTask (Mount,500000);
01/03/18;09:59:35.205;INFO;Controller;Executing asynchronous activity: ExecRobotTask;
01/03/18;09:59:35.205;INFO;Controller;Status = Executing: Mount;
01/03/18;09:59:35.205;INFO;Controller;State = Running;
01/03/18;09:59:35.276;INFO;Robot Runtime;executing:    Mount;
01/03/18;09:59:43.585;INFO;Controller;Activity ExecRobotTask ended. Return value: Done True/False/False;
01/03/18;09:59:43.585;INFO;Controller;State = Ready;
01/03/18;09:59:43.603;INFO;Server;Command: ExecRobotTask (Park,500000);
01/03/18;09:59:43.603;INFO;Controller;Executing asynchronous activity: ExecRobotTask;
01/03/18;09:59:43.604;INFO;Controller;Status = Executing: Park;
01/03/18;09:59:43.604;INFO;Controller;State = Running;
01/03/18;09:59:43.674;INFO;Robot Runtime;executing:    Park;
01/03/18;09:59:46.926;INFO;Controller;Activity ExecRobotTask ended. Return value: Done;
01/03/18;09:59:46.926;INFO;Controller;State = Ready;
01/03/18;09:59:46.945;INFO;Server;Command: ExecRobotTask (UnlatchRobGov,500000);
01/03/18;09:59:46.945;INFO;Controller;Executing asynchronous activity: ExecRobotTask;
01/03/18;09:59:46.945;INFO;Controller;Status = Executing: UnlatchRobGov;
01/03/18;09:59:46.945;INFO;Controller;State = Running;
01/03/18;09:59:47.039;INFO;Robot Runtime;executing:    UnlatchRobGov;
01/03/18;09:59:47.483;INFO;Controller;Activity ExecRobotTask ended. Return value: Done;
01/03/18;09:59:47.483;INFO;Controller;State = Ready;
01/03/18;10:02:14.334;INFO;Server;Command: ExecRobotTask (Initialize,500000);
01/03/18;10:02:14.334;INFO;Controller;Executing asynchronous activity: ExecRobotTask;
01/03/18;10:02:14.334;INFO;Controller;Status = Executing: Initialize;
01/03/18;10:02:14.334;INFO;Controller;State = Running;
01/03/18;10:02:14.396;INFO;Robot Runtime;executing:    Initialize;
01/03/18;10:02:14.673;INFO;Controller;Activity ExecRobotTask ended. Return value: Done;
01/03/18;10:02:14.673;INFO;Controller;State = Ready;
01/03/18;10:02:14.684;INFO;Server;Command: ExecRobotTask (LatchRobGov2,500000);
01/03/18;10:02:14.684;INFO;Controller;Executing asynchronous activity: ExecRobotTask;
01/03/18;10:02:14.684;INFO;Controller;Status = Executing: LatchRobGov2;
01/03/18;10:02:14.684;INFO;Controller;State = Running;
01/03/18;10:02:14.751;INFO;Robot Runtime;executing:    LatchRobGov2;
01/03/18;10:02:16.726;INFO;Controller;Activity ExecRobotTask ended. Return value: Done;
01/03/18;10:02:16.726;INFO;Controller;State = Ready;
01/03/18;10:02:16.746;INFO;Server;Command: ExecRobotTask (CoolDown,500000);
01/03/18;10:02:16.746;INFO;Controller;Executing asynchronous activity: ExecRobotTask;
01/03/18;10:02:16.746;INFO;Controller;Status = Executing: CoolDown;
01/03/18;10:02:16.746;INFO;Controller;State = Running;
01/03/18;10:02:16.839;INFO;Robot Runtime;executing:    CoolDown;
01/03/18;10:02:17.033;INFO;Controller;Activity ExecRobotTask ended. Return value: Done;
01/03/18;10:02:17.034;INFO;Controller;State = Ready;
01/03/18;10:02:18.049;INFO;Server;Command: ExecRobotTask (Home,500000);
01/03/18;10:02:18.049;INFO;Controller;Executing asynchronous activity: ExecRobotTask;
01/03/18;10:02:18.049;INFO;Controller;Status = Executing: Home;
01/03/18;10:02:18.049;INFO;Controller;State = Running;
01/03/18;10:02:18.114;INFO;Robot Runtime;executing:    Home;
01/03/18;10:02:20.357;INFO;Controller;Activity ExecRobotTask ended. Return value: Done;
01/03/18;10:02:20.357;INFO;Controller;State = Ready;
01/03/18;10:02:21.195;INFO;Server;Command: ExecRobotTask (Unmount,500000);
01/03/18;10:02:21.195;INFO;Controller;Executing asynchronous activity: ExecRobotTask;
01/03/18;10:02:21.195;INFO;Controller;Status = Executing: Unmount;
01/03/18;10:02:21.195;INFO;Controller;State = Running;
01/03/18;10:02:21.303;INFO;Robot Runtime;executing:    Unmount;
01/03/18;10:02:28.710;INFO;Controller;Activity ExecRobotTask ended. Return value: Done False/True/False;
01/03/18;10:02:28.710;INFO;Controller;State = Ready;
01/03/18;10:02:28.731;INFO;Server;Command: ExecRobotTask (Unload,500000);
01/03/18;10:02:28.731;INFO;Controller;Executing asynchronous activity: ExecRobotTask;
01/03/18;10:02:28.731;INFO;Controller;Status = Executing: Unload;
01/03/18;10:02:28.731;INFO;Controller;State = Running;
01/03/18;10:02:28.799;INFO;Robot Runtime;executing:    Unload;
01/03/18;10:02:33.603;INFO;Controller;Activity ExecRobotTask ended. Return value: Done False/False/False;
01/03/18;10:02:33.603;INFO;Controller;State = Ready;
01/03/18;10:02:36.372;INFO;Server;Command: ExecRobotTask (Load,500000);
01/03/18;10:02:36.372;INFO;Controller;Executing asynchronous activity: ExecRobotTask;
01/03/18;10:02:36.372;INFO;Controller;Status = Executing: Load;
01/03/18;10:02:36.372;INFO;Controller;State = Running;
01/03/18;10:02:36.448;INFO;Robot Runtime;executing:    Load;
01/03/18;10:02:43.457;INFO;Controller;Activity ExecRobotTask ended. Return value: Done False/True/False;
01/03/18;10:02:43.457;INFO;Controller;State = Ready;
01/03/18;10:02:43.472;INFO;Server;Command: ExecRobotTask (Mount,500000);
01/03/18;10:02:43.473;INFO;Controller;Executing asynchronous activity: ExecRobotTask;
01/03/18;10:02:43.473;INFO;Controller;Status = Executing: Mount;
01/03/18;10:02:43.473;INFO;Controller;State = Running;
01/03/18;10:02:43.543;INFO;Robot Runtime;executing:    Mount;
01/03/18;10:02:51.869;INFO;Controller;Activity ExecRobotTask ended. Return value: Done True/False/False;
01/03/18;10:02:51.870;INFO;Controller;State = Ready;
01/03/18;10:02:51.891;INFO;Server;Command: ExecRobotTask (Park,500000);
01/03/18;10:02:51.891;INFO;Controller;Executing asynchronous activity: ExecRobotTask;
01/03/18;10:02:51.891;INFO;Controller;Status = Executing: Park;
01/03/18;10:02:51.891;INFO;Controller;State = Running;
01/03/18;10:02:51.957;INFO;Robot Runtime;executing:    Park;
01/03/18;10:02:55.229;INFO;Controller;Activity ExecRobotTask ended. Return value: Done;
01/03/18;10:02:55.229;INFO;Controller;State = Ready;
01/03/18;10:02:55.245;INFO;Server;Command: ExecRobotTask (UnlatchRobGov,500000);
01/03/18;10:02:55.246;INFO;Controller;Executing asynchronous activity: ExecRobotTask;
01/03/18;10:02:55.246;INFO;Controller;Status = Executing: UnlatchRobGov;
01/03/18;10:02:55.246;INFO;Controller;State = Running;
01/03/18;10:02:55.314;INFO;Robot Runtime;executing:    UnlatchRobGov;
01/03/18;10:02:55.778;INFO;Controller;Activity ExecRobotTask ended. Return value: Done;
01/03/18;10:02:55.779;INFO;Controller;State = Ready;
01/03/18;10:03:43.111;INFO;Server;Command: ExecRobotTask (Initialize,500000);
01/03/18;10:03:43.111;INFO;Controller;Executing asynchronous activity: ExecRobotTask;
01/03/18;10:03:43.111;INFO;Controller;Status = Executing: Initialize;
01/03/18;10:03:43.111;INFO;Controller;State = Running;
01/03/18;10:03:43.172;INFO;Robot Runtime;executing:    Initialize;
01/03/18;10:03:43.757;INFO;Controller;Activity ExecRobotTask ended. Return value: Done;
01/03/18;10:03:43.757;INFO;Controller;State = Ready;
01/03/18;10:03:43.781;INFO;Server;Command: ExecRobotTask (LatchRobGov2,500000);
01/03/18;10:03:43.781;INFO;Controller;Executing asynchronous activity: ExecRobotTask;
01/03/18;10:03:43.781;INFO;Controller;Status = Executing: LatchRobGov2;
01/03/18;10:03:43.781;INFO;Controller;State = Running;
01/03/18;10:03:43.852;INFO;Robot Runtime;executing:    LatchRobGov2;
01/03/18;10:03:46.058;INFO;Controller;Activity ExecRobotTask ended. Return value: Done;
01/03/18;10:03:46.058;INFO;Controller;State = Ready;
01/03/18;10:03:46.076;INFO;Server;Command: ExecRobotTask (CoolDown,500000);
01/03/18;10:03:46.076;INFO;Controller;Executing asynchronous activity: ExecRobotTask;
01/03/18;10:03:46.076;INFO;Controller;Status = Executing: CoolDown;
01/03/18;10:03:46.076;INFO;Controller;State = Running;
01/03/18;10:03:46.141;INFO;Robot Runtime;executing:    CoolDown;
01/03/18;10:03:46.603;INFO;Controller;Activity ExecRobotTask ended. Return value: Done;
01/03/18;10:03:46.603;INFO;Controller;State = Ready;
01/03/18;10:03:47.625;INFO;Server;Command: ExecRobotTask (Home,500000);
01/03/18;10:03:47.625;INFO;Controller;Executing asynchronous activity: ExecRobotTask;
01/03/18;10:03:47.625;INFO;Controller;Status = Executing: Home;
01/03/18;10:03:47.625;INFO;Controller;State = Running;
01/03/18;10:03:47.689;INFO;Robot Runtime;executing:    Home;
01/03/18;10:03:50.184;INFO;Controller;Activity ExecRobotTask ended. Return value: Done;
01/03/18;10:03:50.184;INFO;Controller;State = Ready;
01/03/18;10:03:50.469;INFO;Server;Command: ExecRobotTask (Unmount,500000);
01/03/18;10:03:50.469;INFO;Controller;Executing asynchronous activity: ExecRobotTask;
01/03/18;10:03:50.469;INFO;Controller;Status = Executing: Unmount;
01/03/18;10:03:50.469;INFO;Controller;State = Running;
01/03/18;10:03:50.551;INFO;Robot Runtime;executing:    Unmount;
01/03/18;10:03:57.385;INFO;Controller;Activity ExecRobotTask ended. Return value: Done False/True/False;
01/03/18;10:03:57.385;INFO;Controller;State = Ready;
01/03/18;10:03:57.408;INFO;Server;Command: ExecRobotTask (Unload,500000);
01/03/18;10:03:57.408;INFO;Controller;Executing asynchronous activity: ExecRobotTask;
01/03/18;10:03:57.408;INFO;Controller;Status = Executing: Unload;
01/03/18;10:03:57.408;INFO;Controller;State = Running;
01/03/18;10:03:57.476;INFO;Robot Runtime;executing:    Unload;
01/03/18;10:04:02.279;INFO;Controller;Activity ExecRobotTask ended. Return value: Done False/False/False;
01/03/18;10:04:02.279;INFO;Controller;State = Ready;
01/03/18;10:04:05.048;INFO;Server;Command: ExecRobotTask (Load,500000);
01/03/18;10:04:05.048;INFO;Controller;Executing asynchronous activity: ExecRobotTask;
01/03/18;10:04:05.048;INFO;Controller;Status = Executing: Load;
01/03/18;10:04:05.048;INFO;Controller;State = Running;
01/03/18;10:04:05.126;INFO;Robot Runtime;executing:    Load;
01/03/18;10:04:12.119;INFO;Controller;Activity ExecRobotTask ended. Return value: Done False/True/False;
01/03/18;10:04:12.119;INFO;Controller;State = Ready;
01/03/18;10:04:12.139;INFO;Server;Command: ExecRobotTask (Mount,500000);
01/03/18;10:04:12.140;INFO;Controller;Executing asynchronous activity: ExecRobotTask;
01/03/18;10:04:12.140;INFO;Controller;Status = Executing: Mount;
01/03/18;10:04:12.140;INFO;Controller;State = Running;
01/03/18;10:04:12.213;INFO;Robot Runtime;executing:    Mount;
01/03/18;10:04:20.542;INFO;Controller;Activity ExecRobotTask ended. Return value: Done True/False/False;
01/03/18;10:04:20.542;INFO;Controller;State = Ready;
01/03/18;10:04:20.561;INFO;Server;Command: ExecRobotTask (Park,500000);
01/03/18;10:04:20.561;INFO;Controller;Executing asynchronous activity: ExecRobotTask;
01/03/18;10:04:20.561;INFO;Controller;Status = Executing: Park;
01/03/18;10:04:20.561;INFO;Controller;State = Running;
01/03/18;10:04:20.630;INFO;Robot Runtime;executing:    Park;
01/03/18;10:04:23.890;INFO;Controller;Activity ExecRobotTask ended. Return value: Done;
01/03/18;10:04:23.890;INFO;Controller;State = Ready;
01/03/18;10:04:23.908;INFO;Server;Command: ExecRobotTask (UnlatchRobGov,500000);
01/03/18;10:04:23.909;INFO;Controller;Executing asynchronous activity: ExecRobotTask;
01/03/18;10:04:23.909;INFO;Controller;Status = Executing: UnlatchRobGov;
01/03/18;10:04:23.909;INFO;Controller;State = Running;
01/03/18;10:04:23.975;INFO;Robot Runtime;executing:    UnlatchRobGov;
01/03/18;10:04:24.440;INFO;Controller;Activity ExecRobotTask ended. Return value: Done;
01/03/18;10:04:24.440;INFO;Controller;State = Ready;
01/03/18;10:07:07.311;INFO;Server;Command: ExecRobotTask (Initialize,500000);
01/03/18;10:07:07.311;INFO;Controller;Executing asynchronous activity: ExecRobotTask;
01/03/18;10:07:07.311;INFO;Controller;Status = Executing: Initialize;
01/03/18;10:07:07.311;INFO;Controller;State = Running;
01/03/18;10:07:07.372;INFO;Robot Runtime;executing:    Initialize;
01/03/18;10:07:07.992;INFO;Controller;Activity ExecRobotTask ended. Return value: Done;
01/03/18;10:07:07.992;INFO;Controller;State = Ready;
01/03/18;10:07:08.016;INFO;Server;Command: ExecRobotTask (LatchRobGov2,500000);
01/03/18;10:07:08.016;INFO;Controller;Executing asynchronous activity: ExecRobotTask;
01/03/18;10:07:08.016;INFO;Controller;Status = Executing: LatchRobGov2;
01/03/18;10:07:08.016;INFO;Controller;State = Running;
01/03/18;10:07:08.088;INFO;Robot Runtime;executing:    LatchRobGov2;
01/03/18;10:07:11.535;INFO;Controller;Activity ExecRobotTask ended. Return value: Done;
01/03/18;10:07:11.535;INFO;Controller;State = Ready;
01/03/18;10:07:11.561;INFO;Server;Command: ExecRobotTask (CoolDown,500000);
01/03/18;10:07:11.561;INFO;Controller;Executing asynchronous activity: ExecRobotTask;
01/03/18;10:07:11.561;INFO;Controller;Status = Executing: CoolDown;
01/03/18;10:07:11.561;INFO;Controller;State = Running;
01/03/18;10:07:11.629;INFO;Robot Runtime;executing:    CoolDown;
01/03/18;10:07:12.084;INFO;Controller;Activity ExecRobotTask ended. Return value: Done;
01/03/18;10:07:12.084;INFO;Controller;State = Ready;
01/03/18;10:07:14.535;INFO;Server;Command: ExecRobotTask (Home,500000);
01/03/18;10:07:14.535;INFO;Controller;Executing asynchronous activity: ExecRobotTask;
01/03/18;10:07:14.535;INFO;Controller;Status = Executing: Home;
01/03/18;10:07:14.535;INFO;Controller;State = Running;
01/03/18;10:07:14.599;INFO;Robot Runtime;executing:    Home;
01/03/18;10:07:17.130;INFO;Controller;Activity ExecRobotTask ended. Return value: Done;
01/03/18;10:07:17.130;INFO;Controller;State = Ready;
01/03/18;10:07:17.421;INFO;Server;Command: ExecRobotTask (Unmount,500000);
01/03/18;10:07:17.421;INFO;Controller;Executing asynchronous activity: ExecRobotTask;
01/03/18;10:07:17.421;INFO;Controller;Status = Executing: Unmount;
01/03/18;10:07:17.421;INFO;Controller;State = Running;
01/03/18;10:07:17.501;INFO;Robot Runtime;executing:    Unmount;
01/03/18;10:07:25.320;INFO;Controller;Activity ExecRobotTask ended. Return value: Done False/True/False;
01/03/18;10:07:25.320;INFO;Controller;State = Ready;
01/03/18;10:07:25.346;INFO;Server;Command: ExecRobotTask (Unload,500000);
01/03/18;10:07:25.346;INFO;Controller;Executing asynchronous activity: ExecRobotTask;
01/03/18;10:07:25.346;INFO;Controller;Status = Executing: Unload;
01/03/18;10:07:25.346;INFO;Controller;State = Running;
01/03/18;10:07:25.417;INFO;Robot Runtime;executing:    Unload;
01/03/18;10:07:30.224;INFO;Controller;Activity ExecRobotTask ended. Return value: Done False/False/False;
01/03/18;10:07:30.224;INFO;Controller;State = Ready;
01/03/18;10:07:32.998;INFO;Server;Command: ExecRobotTask (Load,500000);
01/03/18;10:07:32.998;INFO;Controller;Executing asynchronous activity: ExecRobotTask;
01/03/18;10:07:32.998;INFO;Controller;Status = Executing: Load;
01/03/18;10:07:32.998;INFO;Controller;State = Running;
01/03/18;10:07:33.077;INFO;Robot Runtime;executing:    Load;
01/03/18;10:07:40.072;INFO;Controller;Activity ExecRobotTask ended. Return value: Done False/True/False;
01/03/18;10:07:40.073;INFO;Controller;State = Ready;
01/03/18;10:07:40.102;INFO;Server;Command: ExecRobotTask (Mount,500000);
01/03/18;10:07:40.102;INFO;Controller;Executing asynchronous activity: ExecRobotTask;
01/03/18;10:07:40.102;INFO;Controller;Status = Executing: Mount;
01/03/18;10:07:40.102;INFO;Controller;State = Running;
01/03/18;10:07:40.173;INFO;Robot Runtime;executing:    Mount;
01/03/18;10:07:47.967;INFO;Controller;Activity ExecRobotTask ended. Return value: Done True/False/False;
01/03/18;10:07:47.967;INFO;Controller;State = Ready;
01/03/18;10:07:47.989;INFO;Server;Command: ExecRobotTask (Park,500000);
01/03/18;10:07:47.989;INFO;Controller;Executing asynchronous activity: ExecRobotTask;
01/03/18;10:07:47.989;INFO;Controller;Status = Executing: Park;
01/03/18;10:07:47.989;INFO;Controller;State = Running;
01/03/18;10:07:48.059;INFO;Robot Runtime;executing:    Park;
01/03/18;10:07:51.157;INFO;Controller;Activity ExecRobotTask ended. Return value: Done;
01/03/18;10:07:51.158;INFO;Controller;State = Ready;
01/03/18;10:07:51.180;INFO;Server;Command: ExecRobotTask (UnlatchRobGov,500000);
01/03/18;10:07:51.180;INFO;Controller;Executing asynchronous activity: ExecRobotTask;
01/03/18;10:07:51.180;INFO;Controller;Status = Executing: UnlatchRobGov;
01/03/18;10:07:51.180;INFO;Controller;State = Running;
01/03/18;10:07:51.248;INFO;Robot Runtime;executing:    UnlatchRobGov;
01/03/18;10:07:51.467;INFO;Controller;Activity ExecRobotTask ended. Return value: Done;
01/03/18;10:07:51.467;INFO;Controller;State = Ready;
01/03/18;10:08:33.674;INFO;Server;Command: ExecRobotTask (Initialize,500000);
01/03/18;10:08:33.674;INFO;Controller;Executing asynchronous activity: ExecRobotTask;
01/03/18;10:08:33.674;INFO;Controller;Status = Executing: Initialize;
01/03/18;10:08:33.674;INFO;Controller;State = Running;
01/03/18;10:08:33.735;INFO;Robot Runtime;executing:    Initialize;
01/03/18;10:08:34.171;INFO;Controller;Activity ExecRobotTask ended. Return value: Done;
01/03/18;10:08:34.171;INFO;Controller;State = Ready;
01/03/18;10:08:34.197;INFO;Server;Command: ExecRobotTask (LatchRobGov2,500000);
01/03/18;10:08:34.197;INFO;Controller;Executing asynchronous activity: ExecRobotTask;
01/03/18;10:08:34.197;INFO;Controller;Status = Executing: LatchRobGov2;
01/03/18;10:08:34.197;INFO;Controller;State = Running;
01/03/18;10:08:34.268;INFO;Robot Runtime;executing:    LatchRobGov2;
01/03/18;10:08:37.713;INFO;Controller;Activity ExecRobotTask ended. Return value: Done;
01/03/18;10:08:37.713;INFO;Controller;State = Ready;
01/03/18;10:08:37.744;INFO;Server;Command: ExecRobotTask (CoolDown,500000);
01/03/18;10:08:37.744;INFO;Controller;Executing asynchronous activity: ExecRobotTask;
01/03/18;10:08:37.744;INFO;Controller;Status = Executing: CoolDown;
01/03/18;10:08:37.744;INFO;Controller;State = Running;
01/03/18;10:08:37.813;INFO;Robot Runtime;executing:    CoolDown;
01/03/18;10:08:38.261;INFO;Controller;Activity ExecRobotTask ended. Return value: Done;
01/03/18;10:08:38.262;INFO;Controller;State = Ready;
01/03/18;10:08:40.810;INFO;Server;Command: ExecRobotTask (Home,500000);
01/03/18;10:08:40.810;INFO;Controller;Executing asynchronous activity: ExecRobotTask;
01/03/18;10:08:40.810;INFO;Controller;Status = Executing: Home;
01/03/18;10:08:40.810;INFO;Controller;State = Running;
01/03/18;10:08:40.874;INFO;Robot Runtime;executing:    Home;
01/03/18;10:08:43.307;INFO;Controller;Activity ExecRobotTask ended. Return value: Done;
01/03/18;10:08:43.307;INFO;Controller;State = Ready;
01/03/18;10:08:43.678;INFO;Server;Command: ExecRobotTask (Unmount,500000);
01/03/18;10:08:43.678;INFO;Controller;Executing asynchronous activity: ExecRobotTask;
01/03/18;10:08:43.678;INFO;Controller;Status = Executing: Unmount;
01/03/18;10:08:43.678;INFO;Controller;State = Running;
01/03/18;10:08:43.759;INFO;Robot Runtime;executing:    Unmount;
01/03/18;10:08:50.085;INFO;Controller;Activity ExecRobotTask ended. Return value: Done False/True/False;
01/03/18;10:08:50.085;INFO;Controller;State = Ready;
01/03/18;10:08:50.108;INFO;Server;Command: ExecRobotTask (Unload,500000);
01/03/18;10:08:50.108;INFO;Controller;Executing asynchronous activity: ExecRobotTask;
01/03/18;10:08:50.108;INFO;Controller;Status = Executing: Unload;
01/03/18;10:08:50.108;INFO;Controller;State = Running;
01/03/18;10:08:50.177;INFO;Robot Runtime;executing:    Unload;
01/03/18;10:08:54.915;INFO;Controller;Activity ExecRobotTask ended. Return value: Done False/False/False;
01/03/18;10:08:54.915;INFO;Controller;State = Ready;
01/03/18;10:08:57.695;INFO;Server;Command: ExecRobotTask (Load,500000);
01/03/18;10:08:57.695;INFO;Controller;Executing asynchronous activity: ExecRobotTask;
01/03/18;10:08:57.696;INFO;Controller;Status = Executing: Load;
01/03/18;10:08:57.696;INFO;Controller;State = Running;
01/03/18;10:08:57.797;INFO;Robot Runtime;executing:    Load;
01/03/18;10:09:04.786;INFO;Controller;Activity ExecRobotTask ended. Return value: Done False/True/False;
01/03/18;10:09:04.787;INFO;Controller;State = Ready;
01/03/18;10:09:04.813;INFO;Server;Command: ExecRobotTask (Mount,500000);
01/03/18;10:09:04.813;INFO;Controller;Executing asynchronous activity: ExecRobotTask;
01/03/18;10:09:04.813;INFO;Controller;Status = Executing: Mount;
01/03/18;10:09:04.813;INFO;Controller;State = Running;
01/03/18;10:09:04.908;INFO;Robot Runtime;executing:    Mount;
01/03/18;10:09:12.000;INFO;Controller;Activity ExecRobotTask ended. Return value: Done True/False/False;
01/03/18;10:09:12.000;INFO;Controller;State = Ready;
01/03/18;10:09:12.032;INFO;Server;Command: ExecRobotTask (Park,500000);
01/03/18;10:09:12.033;INFO;Controller;Executing asynchronous activity: ExecRobotTask;
01/03/18;10:09:12.033;INFO;Controller;Status = Executing: Park;
01/03/18;10:09:12.033;INFO;Controller;State = Running;
01/03/18;10:09:12.099;INFO;Robot Runtime;executing:    Park;
01/03/18;10:09:15.379;INFO;Controller;Activity ExecRobotTask ended. Return value: Done;
01/03/18;10:09:15.380;INFO;Controller;State = Ready;
01/03/18;10:09:15.410;INFO;Server;Command: ExecRobotTask (UnlatchRobGov,500000);
01/03/18;10:09:15.410;INFO;Controller;Executing asynchronous activity: ExecRobotTask;
01/03/18;10:09:15.410;INFO;Controller;Status = Executing: UnlatchRobGov;
01/03/18;10:09:15.410;INFO;Controller;State = Running;
01/03/18;10:09:15.476;INFO;Robot Runtime;executing:    UnlatchRobGov;
01/03/18;10:09:15.932;INFO;Controller;Activity ExecRobotTask ended. Return value: Done;
01/03/18;10:09:15.932;INFO;Controller;State = Ready;
01/03/18;10:11:58.184;INFO;Server;Command: ExecRobotTask (Initialize,500000);
01/03/18;10:11:58.184;INFO;Controller;Executing asynchronous activity: ExecRobotTask;
01/03/18;10:11:58.184;INFO;Controller;Status = Executing: Initialize;
01/03/18;10:11:58.184;INFO;Controller;State = Running;
01/03/18;10:11:58.248;INFO;Robot Runtime;executing:    Initialize;
01/03/18;10:11:58.707;INFO;Controller;Activity ExecRobotTask ended. Return value: Done;
01/03/18;10:11:58.707;INFO;Controller;State = Ready;
01/03/18;10:11:58.731;INFO;Server;Command: ExecRobotTask (LatchRobGov2,500000);
01/03/18;10:11:58.731;INFO;Controller;Executing asynchronous activity: ExecRobotTask;
01/03/18;10:11:58.731;INFO;Controller;Status = Executing: LatchRobGov2;
01/03/18;10:11:58.732;INFO;Controller;State = Running;
01/03/18;10:11:58.798;INFO;Robot Runtime;executing:    LatchRobGov2;
01/03/18;10:12:00.988;INFO;Controller;Activity ExecRobotTask ended. Return value: Done;
01/03/18;10:12:00.988;INFO;Controller;State = Ready;
01/03/18;10:12:01.015;INFO;Server;Command: ExecRobotTask (CoolDown,500000);
01/03/18;10:12:01.015;INFO;Controller;Executing asynchronous activity: ExecRobotTask;
01/03/18;10:12:01.015;INFO;Controller;Status = Executing: CoolDown;
01/03/18;10:12:01.015;INFO;Controller;State = Running;
01/03/18;10:12:01.079;INFO;Robot Runtime;executing:    CoolDown;
01/03/18;10:12:01.542;INFO;Controller;Activity ExecRobotTask ended. Return value: Done;
01/03/18;10:12:01.543;INFO;Controller;State = Ready;
01/03/18;10:12:05.616;INFO;Server;Command: ExecRobotTask (Home,500000);
01/03/18;10:12:05.616;INFO;Controller;Executing asynchronous activity: ExecRobotTask;
01/03/18;10:12:05.616;INFO;Controller;Status = Executing: Home;
01/03/18;10:12:05.616;INFO;Controller;State = Running;
01/03/18;10:12:05.681;INFO;Robot Runtime;executing:    Home;
01/03/18;10:12:07.904;INFO;Controller;Activity ExecRobotTask ended. Return value: Done;
01/03/18;10:12:07.904;INFO;Controller;State = Ready;
01/03/18;10:12:08.203;INFO;Server;Command: ExecRobotTask (Unmount,500000);
01/03/18;10:12:08.203;INFO;Controller;Executing asynchronous activity: ExecRobotTask;
01/03/18;10:12:08.203;INFO;Controller;Status = Executing: Unmount;
01/03/18;10:12:08.203;INFO;Controller;State = Running;
01/03/18;10:12:08.281;INFO;Robot Runtime;executing:    Unmount;
01/03/18;10:12:15.763;INFO;Controller;Activity ExecRobotTask ended. Return value: Done False/True/False;
01/03/18;10:12:15.763;INFO;Controller;State = Ready;
01/03/18;10:12:15.792;INFO;Server;Command: ExecRobotTask (Unload,500000);
01/03/18;10:12:15.793;INFO;Controller;Executing asynchronous activity: ExecRobotTask;
01/03/18;10:12:15.793;INFO;Controller;Status = Executing: Unload;
01/03/18;10:12:15.793;INFO;Controller;State = Running;
01/03/18;10:12:15.863;INFO;Robot Runtime;executing:    Unload;
01/03/18;10:12:20.669;INFO;Controller;Activity ExecRobotTask ended. Return value: Done False/False/False;
01/03/18;10:12:20.669;INFO;Controller;State = Ready;
01/03/18;10:12:23.450;INFO;Server;Command: ExecRobotTask (Load,500000);
01/03/18;10:12:23.450;INFO;Controller;Executing asynchronous activity: ExecRobotTask;
01/03/18;10:12:23.450;INFO;Controller;Status = Executing: Load;
01/03/18;10:12:23.450;INFO;Controller;State = Running;
01/03/18;10:12:23.524;INFO;Robot Runtime;executing:    Load;
01/03/18;10:12:30.515;INFO;Controller;Activity ExecRobotTask ended. Return value: Done False/True/False;
01/03/18;10:12:30.515;INFO;Controller;State = Ready;
01/03/18;10:12:30.550;INFO;Server;Command: ExecRobotTask (Mount,500000);
01/03/18;10:12:30.550;INFO;Controller;Executing asynchronous activity: ExecRobotTask;
01/03/18;10:12:30.550;INFO;Controller;Status = Executing: Mount;
01/03/18;10:12:30.550;INFO;Controller;State = Running;
01/03/18;10:12:30.624;INFO;Robot Runtime;executing:    Mount;
01/03/18;10:12:38.925;INFO;Controller;Activity ExecRobotTask ended. Return value: Done True/False/False;
01/03/18;10:12:38.925;INFO;Controller;State = Ready;
01/03/18;10:12:38.951;INFO;Server;Command: ExecRobotTask (Park,500000);
01/03/18;10:12:38.951;INFO;Controller;Executing asynchronous activity: ExecRobotTask;
01/03/18;10:12:38.951;INFO;Controller;Status = Executing: Park;
01/03/18;10:12:38.951;INFO;Controller;State = Running;
01/03/18;10:12:39.020;INFO;Robot Runtime;executing:    Park;
01/03/18;10:12:42.533;INFO;Controller;Activity ExecRobotTask ended. Return value: Done;
01/03/18;10:12:42.533;INFO;Controller;State = Ready;
01/03/18;10:12:42.562;INFO;Server;Command: ExecRobotTask (UnlatchRobGov,500000);
01/03/18;10:12:42.563;INFO;Controller;Executing asynchronous activity: ExecRobotTask;
01/03/18;10:12:42.563;INFO;Controller;Status = Executing: UnlatchRobGov;
01/03/18;10:12:42.563;INFO;Controller;State = Running;
01/03/18;10:12:42.631;INFO;Robot Runtime;executing:    UnlatchRobGov;
01/03/18;10:12:43.080;INFO;Controller;Activity ExecRobotTask ended. Return value: Done;
01/03/18;10:12:43.080;INFO;Controller;State = Ready;
01/03/18;10:13:58.417;INFO;Server;Command: ExecRobotTask (Initialize,500000);
01/03/18;10:13:58.417;INFO;Controller;Executing asynchronous activity: ExecRobotTask;
01/03/18;10:13:58.417;INFO;Controller;Status = Executing: Initialize;
01/03/18;10:13:58.417;INFO;Controller;State = Running;
01/03/18;10:13:58.478;INFO;Robot Runtime;executing:    Initialize;
01/03/18;10:13:58.930;INFO;Controller;Activity ExecRobotTask ended. Return value: Done;
01/03/18;10:13:58.930;INFO;Controller;State = Ready;
01/03/18;10:13:58.953;INFO;Server;Command: ExecRobotTask (LatchRobGov2,500000);
01/03/18;10:13:58.953;INFO;Controller;Executing asynchronous activity: ExecRobotTask;
01/03/18;10:13:58.953;INFO;Controller;Status = Executing: LatchRobGov2;
01/03/18;10:13:58.953;INFO;Controller;State = Running;
01/03/18;10:13:59.021;INFO;Robot Runtime;executing:    LatchRobGov2;
01/03/18;10:14:01.220;INFO;Controller;Activity ExecRobotTask ended. Return value: Done;
01/03/18;10:14:01.221;INFO;Controller;State = Ready;
01/03/18;10:14:01.237;INFO;Server;Command: ExecRobotTask (CoolDown,500000);
01/03/18;10:14:01.237;INFO;Controller;Executing asynchronous activity: ExecRobotTask;
01/03/18;10:14:01.237;INFO;Controller;Status = Executing: CoolDown;
01/03/18;10:14:01.237;INFO;Controller;State = Running;
01/03/18;10:14:01.303;INFO;Robot Runtime;executing:    CoolDown;
01/03/18;10:14:01.769;INFO;Controller;Activity ExecRobotTask ended. Return value: Done;
01/03/18;10:14:01.769;INFO;Controller;State = Ready;
01/03/18;10:14:05.729;INFO;Server;Command: ExecRobotTask (Home,500000);
01/03/18;10:14:05.730;INFO;Controller;Executing asynchronous activity: ExecRobotTask;
01/03/18;10:14:05.730;INFO;Controller;Status = Executing: Home;
01/03/18;10:14:05.730;INFO;Controller;State = Running;
01/03/18;10:14:05.794;INFO;Robot Runtime;executing:    Home;
01/03/18;10:14:08.268;INFO;Controller;Activity ExecRobotTask ended. Return value: Done;
01/03/18;10:14:08.268;INFO;Controller;State = Ready;
01/03/18;10:14:08.568;INFO;Server;Command: ExecRobotTask (Unmount,500000);
01/03/18;10:14:08.568;INFO;Controller;Executing asynchronous activity: ExecRobotTask;
01/03/18;10:14:08.569;INFO;Controller;Status = Executing: Unmount;
01/03/18;10:14:08.569;INFO;Controller;State = Running;
01/03/18;10:14:08.651;INFO;Robot Runtime;executing:    Unmount;
01/03/18;10:14:16.438;INFO;Controller;Activity ExecRobotTask ended. Return value: Done False/True/False;
01/03/18;10:14:16.438;INFO;Controller;State = Ready;
01/03/18;10:14:16.452;INFO;Server;Command: ExecRobotTask (Unload,500000);
01/03/18;10:14:16.453;INFO;Controller;Executing asynchronous activity: ExecRobotTask;
01/03/18;10:14:16.453;INFO;Controller;Status = Executing: Unload;
01/03/18;10:14:16.453;INFO;Controller;State = Running;
01/03/18;10:14:16.521;INFO;Robot Runtime;executing:    Unload;
01/03/18;10:14:20.926;INFO;Controller;Activity ExecRobotTask ended. Return value: Done False/False/False;
01/03/18;10:14:20.926;INFO;Controller;State = Ready;
01/03/18;10:14:20.938;INFO;Server;Command: ExecRobotTask (Initialize,500000);
01/03/18;10:14:20.938;INFO;Controller;Executing asynchronous activity: ExecRobotTask;
01/03/18;10:14:20.938;INFO;Controller;Status = Executing: Initialize;
01/03/18;10:14:20.938;INFO;Controller;State = Running;
01/03/18;10:14:20.999;INFO;Robot Runtime;executing:    Initialize;
01/03/18;10:14:21.225;INFO;Controller;Activity ExecRobotTask ended. Return value: Done;
01/03/18;10:14:21.225;INFO;Controller;State = Ready;
01/03/18;10:14:21.235;INFO;Server;Command: ExecRobotTask (Park,500000);
01/03/18;10:14:21.235;INFO;Controller;Executing asynchronous activity: ExecRobotTask;
01/03/18;10:14:21.235;INFO;Controller;Status = Executing: Park;
01/03/18;10:14:21.235;INFO;Controller;State = Running;
01/03/18;10:14:21.301;INFO;Robot Runtime;executing:    Park;
01/03/18;10:14:24.744;INFO;Controller;Activity ExecRobotTask ended. Return value: Done;
01/03/18;10:14:24.744;INFO;Controller;State = Ready;
01/03/18;10:17:53.790;INFO;Server;Command: ExecRobotTask (Initialize,500000);
01/03/18;10:17:53.791;INFO;Controller;Executing asynchronous activity: ExecRobotTask;
01/03/18;10:17:53.791;INFO;Controller;Status = Executing: Initialize;
01/03/18;10:17:53.791;INFO;Controller;State = Running;
01/03/18;10:17:53.854;INFO;Robot Runtime;executing:    Initialize;
01/03/18;10:17:54.297;INFO;Controller;Activity ExecRobotTask ended. Return value: Done;
01/03/18;10:17:54.297;INFO;Controller;State = Ready;
01/03/18;10:17:54.331;INFO;Server;Command: ExecRobotTask (LatchRobGov,500000);
01/03/18;10:17:54.331;INFO;Controller;Executing asynchronous activity: ExecRobotTask;
01/03/18;10:17:54.331;INFO;Controller;Status = Executing: LatchRobGov;
01/03/18;10:17:54.331;INFO;Controller;State = Running;
01/03/18;10:17:54.400;INFO;Robot Runtime;executing:    LatchRobGov;
01/03/18;10:17:56.593;INFO;Controller;Activity ExecRobotTask ended. Return value: Done;
01/03/18;10:17:56.593;INFO;Controller;State = Ready;
01/03/18;10:17:56.625;INFO;Server;Command: ExecRobotTask (TraceSample,500000);
01/03/18;10:17:56.625;INFO;Controller;Executing asynchronous activity: ExecRobotTask;
01/03/18;10:17:56.625;INFO;Controller;Status = Executing: TraceSample;
01/03/18;10:17:56.625;INFO;Controller;State = Running;
01/03/18;10:17:56.689;INFO;Robot Runtime;executing:    TraceSample;
01/03/18;10:17:59.194;INFO;Controller;Activity ExecRobotTask ended. Return value: Done False/False/False;
01/03/18;10:17:59.194;INFO;Controller;State = Ready;
01/03/18;10:17:59.230;INFO;Server;Command: ExecRobotTask (CoolDown,500000);
01/03/18;10:17:59.230;INFO;Controller;Executing asynchronous activity: ExecRobotTask;
01/03/18;10:17:59.230;INFO;Controller;Status = Executing: CoolDown;
01/03/18;10:17:59.230;INFO;Controller;State = Running;
01/03/18;10:17:59.296;INFO;Robot Runtime;executing:    CoolDown;
01/03/18;10:17:59.742;INFO;Controller;Activity ExecRobotTask ended. Return value: Done;
01/03/18;10:17:59.742;INFO;Controller;State = Ready;
01/03/18;10:17:59.970;INFO;Server;Command: ExecRobotTask (Load,500000);
01/03/18;10:17:59.970;INFO;Controller;Executing asynchronous activity: ExecRobotTask;
01/03/18;10:17:59.970;INFO;Controller;Status = Executing: Load;
01/03/18;10:17:59.970;INFO;Controller;State = Running;
01/03/18;10:18:00.046;INFO;Robot Runtime;executing:    Load;
01/03/18;10:18:08.669;INFO;Controller;Activity ExecRobotTask ended. Return value: Done False/True/False;
01/03/18;10:18:08.669;INFO;Controller;State = Ready;
01/03/18;10:18:08.700;INFO;Server;Command: ExecRobotTask (Mount,500000);
01/03/18;10:18:08.700;INFO;Controller;Executing asynchronous activity: ExecRobotTask;
01/03/18;10:18:08.700;INFO;Controller;Status = Executing: Mount;
01/03/18;10:18:08.700;INFO;Controller;State = Running;
01/03/18;10:18:08.771;INFO;Robot Runtime;executing:    Mount;
01/03/18;10:18:16.169;INFO;Controller;Activity ExecRobotTask ended. Return value: Done True/False/False;
01/03/18;10:18:16.169;INFO;Controller;State = Ready;
01/03/18;10:18:16.199;INFO;Server;Command: ExecRobotTask (Park,500000);
01/03/18;10:18:16.200;INFO;Controller;Executing asynchronous activity: ExecRobotTask;
01/03/18;10:18:16.200;INFO;Controller;Status = Executing: Park;
01/03/18;10:18:16.200;INFO;Controller;State = Running;
01/03/18;10:18:16.269;INFO;Robot Runtime;executing:    Park;
01/03/18;10:18:19.694;INFO;Controller;Activity ExecRobotTask ended. Return value: Done;
01/03/18;10:18:19.695;INFO;Controller;State = Ready;
01/03/18;10:18:19.724;INFO;Server;Command: ExecRobotTask (UnlatchRobGov,500000);
01/03/18;10:18:19.724;INFO;Controller;Executing asynchronous activity: ExecRobotTask;
01/03/18;10:18:19.724;INFO;Controller;Status = Executing: UnlatchRobGov;
01/03/18;10:18:19.724;INFO;Controller;State = Running;
01/03/18;10:18:19.791;INFO;Robot Runtime;executing:    UnlatchRobGov;
01/03/18;10:18:20.246;INFO;Controller;Activity ExecRobotTask ended. Return value: Done;
01/03/18;10:18:20.246;INFO;Controller;State = Ready;
01/03/18;10:19:48.097;INFO;Server;Command: ExecRobotTask (Initialize,500000);
01/03/18;10:19:48.097;INFO;Controller;Executing asynchronous activity: ExecRobotTask;
01/03/18;10:19:48.097;INFO;Controller;Status = Executing: Initialize;
01/03/18;10:19:48.097;INFO;Controller;State = Running;
01/03/18;10:19:48.157;INFO;Robot Runtime;executing:    Initialize;
01/03/18;10:19:48.395;INFO;Controller;Activity ExecRobotTask ended. Return value: Done;
01/03/18;10:19:48.395;INFO;Controller;State = Ready;
01/03/18;10:19:48.420;INFO;Server;Command: ExecRobotTask (LatchRobGov2,500000);
01/03/18;10:19:48.420;INFO;Controller;Executing asynchronous activity: ExecRobotTask;
01/03/18;10:19:48.420;INFO;Controller;Status = Executing: LatchRobGov2;
01/03/18;10:19:48.420;INFO;Controller;State = Running;
01/03/18;10:19:48.489;INFO;Robot Runtime;executing:    LatchRobGov2;
01/03/18;10:19:50.856;INFO;Controller;Activity ExecRobotTask ended. Return value: Done;
01/03/18;10:19:50.856;INFO;Controller;State = Ready;
01/03/18;10:19:50.885;INFO;Server;Command: ExecRobotTask (CoolDown,500000);
01/03/18;10:19:50.885;INFO;Controller;Executing asynchronous activity: ExecRobotTask;
01/03/18;10:19:50.885;INFO;Controller;Status = Executing: CoolDown;
01/03/18;10:19:50.886;INFO;Controller;State = Running;
01/03/18;10:19:50.950;INFO;Robot Runtime;executing:    CoolDown;
01/03/18;10:19:51.403;INFO;Controller;Activity ExecRobotTask ended. Return value: Done;
01/03/18;10:19:51.403;INFO;Controller;State = Ready;
01/03/18;10:19:55.377;INFO;Server;Command: ExecRobotTask (Home,500000);
01/03/18;10:19:55.377;INFO;Controller;Executing asynchronous activity: ExecRobotTask;
01/03/18;10:19:55.377;INFO;Controller;Status = Executing: Home;
01/03/18;10:19:55.377;INFO;Controller;State = Running;
01/03/18;10:19:55.445;INFO;Robot Runtime;executing:    Home;
01/03/18;10:19:57.931;INFO;Controller;Activity ExecRobotTask ended. Return value: Done;
01/03/18;10:19:57.931;INFO;Controller;State = Ready;
01/03/18;10:19:58.233;INFO;Server;Command: ExecRobotTask (Unmount,500000);
01/03/18;10:19:58.233;INFO;Controller;Executing asynchronous activity: ExecRobotTask;
01/03/18;10:19:58.233;INFO;Controller;Status = Executing: Unmount;
01/03/18;10:19:58.233;INFO;Controller;State = Running;
01/03/18;10:19:58.309;INFO;Robot Runtime;executing:    Unmount;
01/03/18;10:20:05.115;INFO;Controller;Activity ExecRobotTask ended. Return value: Done False/True/False;
01/03/18;10:20:05.115;INFO;Controller;State = Ready;
01/03/18;10:20:05.147;INFO;Server;Command: ExecRobotTask (Unload,500000);
01/03/18;10:20:05.147;INFO;Controller;Executing asynchronous activity: ExecRobotTask;
01/03/18;10:20:05.147;INFO;Controller;Status = Executing: Unload;
01/03/18;10:20:05.147;INFO;Controller;State = Running;
01/03/18;10:20:05.215;INFO;Robot Runtime;executing:    Unload;
01/03/18;10:20:10.027;INFO;Controller;Activity ExecRobotTask ended. Return value: Done False/False/False;
01/03/18;10:20:10.027;INFO;Controller;State = Ready;
01/03/18;10:20:10.073;INFO;Server;Command: ExecRobotTask (UnlatchRobGov,500000);
01/03/18;10:20:10.073;INFO;Controller;Executing asynchronous activity: ExecRobotTask;
01/03/18;10:20:10.073;INFO;Controller;Status = Executing: UnlatchRobGov;
01/03/18;10:20:10.074;INFO;Controller;State = Running;
01/03/18;10:20:10.158;INFO;Robot Runtime;executing:    UnlatchRobGov;
01/03/18;10:20:10.828;INFO;Controller;Activity ExecRobotTask ended. Return value: Done;
01/03/18;10:20:10.828;INFO;Controller;State = Ready;
01/03/18;10:20:10.860;INFO;Server;Command: ExecRobotTask (Finish,500000);
01/03/18;10:20:10.860;INFO;Controller;Executing asynchronous activity: ExecRobotTask;
01/03/18;10:20:10.860;INFO;Controller;Status = Executing: Finish;
01/03/18;10:20:10.860;INFO;Controller;State = Running;
01/03/18;10:20:10.958;INFO;Robot Runtime;executing:    Finish;
01/03/18;10:21:42.465;INFO;Controller;Activity ExecRobotTask ended. Return value: Done;
01/03/18;10:21:42.466;INFO;Controller;State = Ready;
