14/12/18;15:14:47.258;INFO;Server;Command: ExecRobotTask (Initialize,500000);
14/12/18;15:14:47.259;INFO;Controller;Executing asynchronous activity: ExecRobotTask;
14/12/18;15:14:47.259;INFO;Controller;Status = Executing: Initialize;
14/12/18;15:14:47.259;INFO;Controller;State = Running;
14/12/18;15:14:48.222;INFO;Robot Runtime;executing:    Initialize;
14/12/18;15:14:51.066;INFO;Controller;Activity ExecRobotTask ended. Return value: Done;
14/12/18;15:14:51.066;INFO;Controller;State = Ready;
14/12/18;15:14:51.098;INFO;Server;Command: ExecRobotTask (CoolDown,500000);
14/12/18;15:14:51.098;INFO;Controller;Executing asynchronous activity: ExecRobotTask;
14/12/18;15:14:51.098;INFO;Controller;Status = Executing: CoolDown;
14/12/18;15:14:51.098;INFO;Controller;State = Running;
14/12/18;15:14:52.363;INFO;Robot Runtime;executing:    CoolDown;
14/12/18;15:16:27.074;INFO;Controller;Activity ExecRobotTask ended. Return value: Done;
14/12/18;15:16:27.075;INFO;Controller;State = Ready;
14/12/18;15:42:23.387;INFO;Server;Command: ExecRobotTask (Initialize,500000);
14/12/18;15:42:23.387;INFO;Controller;Executing asynchronous activity: ExecRobotTask;
14/12/18;15:42:23.387;INFO;Controller;Status = Executing: Initialize;
14/12/18;15:42:23.387;INFO;Controller;State = Running;
14/12/18;15:42:24.291;INFO;Robot Runtime;executing:    Initialize;
14/12/18;15:42:25.530;INFO;Controller;Activity ExecRobotTask ended. Return value: Done;
14/12/18;15:42:25.530;INFO;Controller;State = Ready;
14/12/18;15:42:25.567;INFO;Server;Command: ExecRobotTask (UnlatchRobGov,500000);
14/12/18;15:42:25.567;INFO;Controller;Executing asynchronous activity: ExecRobotTask;
14/12/18;15:42:25.567;INFO;Controller;Status = Executing: UnlatchRobGov;
14/12/18;15:42:25.567;INFO;Controller;State = Running;
14/12/18;15:42:26.508;INFO;Robot Runtime;executing:    UnlatchRobGov;
14/12/18;15:42:26.999;INFO;Controller;Activity ExecRobotTask ended. Return value: Done;
14/12/18;15:42:26.999;INFO;Controller;State = Ready;
14/12/18;15:42:27.037;INFO;Server;Command: ExecRobotTask (Home,500000);
14/12/18;15:42:27.038;INFO;Controller;Executing asynchronous activity: ExecRobotTask;
14/12/18;15:42:27.038;INFO;Controller;Status = Executing: Home;
14/12/18;15:42:27.038;INFO;Controller;State = Running;
14/12/18;15:42:28.343;INFO;Robot Runtime;executing:    Home;
14/12/18;15:42:30.822;INFO;Controller;Activity ExecRobotTask ended. Return value: Done;
14/12/18;15:42:30.822;INFO;Controller;State = Ready;
14/12/18;15:42:30.858;INFO;Server;Command: ExecRobotTask (Finish,500000);
14/12/18;15:42:30.858;INFO;Controller;Executing asynchronous activity: ExecRobotTask;
14/12/18;15:42:30.858;INFO;Controller;Status = Executing: Finish;
14/12/18;15:42:30.858;INFO;Controller;State = Running;
14/12/18;15:42:31.818;INFO;Robot Runtime;executing:    Finish;
14/12/18;15:45:00.007;INFO;Controller;Activity ExecRobotTask ended. Return value: Done;
14/12/18;15:45:00.007;INFO;Controller;State = Ready;
14/12/18;19:56:34.410;INFO;Server;Command: ExecRobotTask (TurnOffAutoFill,500000);
14/12/18;19:56:34.410;INFO;Controller;Executing asynchronous activity: ExecRobotTask;
14/12/18;19:56:34.410;INFO;Controller;Status = Executing: TurnOffAutoFill;
14/12/18;19:56:34.410;INFO;Controller;State = Running;
14/12/18;19:56:35.370;INFO;Robot Runtime;executing:    TurnOffAutoFill;
14/12/18;19:56:36.002;INFO;Controller;Activity ExecRobotTask ended. Return value: Done;
14/12/18;19:56:36.002;INFO;Controller;State = Ready;
