05/12/18;09:11:34.103;WARNING;Robot;Alarm active: Device is offline;
05/12/18;09:11:34.105;INFO;Controller;State = Communication Error;
05/12/18;09:11:36.208;INFO;Robot;Alarm inactive: Device is offline;
05/12/18;09:11:36.209;WARNING;Controller;Communication resumed, trying updating devices;
05/12/18;09:11:36.210;INFO;Controller;Finished device updating;
05/12/18;09:11:36.210;INFO;Controller;State = Ready;
05/12/18;21:00:55.773;INFO;Server;Command: Abort;
05/12/18;21:00:55.774;INFO;Robot;Abort;
05/12/18;21:00:55.873;INFO;Server;Command: Restart;
05/12/18;21:00:55.873;INFO;Controller;State = Initializing;
05/12/18;21:00:55.906;INFO;Controller;Initialized log services - Startup: 03/12/18 14:26:32;
05/12/18;21:00:56.916;INFO;Epics Server;Exiting running thread;
05/12/18;21:00:56.919;INFO;Epics Server;Registered PV: SW:Version;
05/12/18;21:00:56.919;INFO;Epics Server;Registered PV: SW:Status;
05/12/18;21:00:56.919;INFO;Epics Server;Registered PV: SW:Uptime;
05/12/18;21:00:56.919;INFO;Epics Server;Registered PV: SW:LastTaskInfo;
05/12/18;21:00:56.920;INFO;Epics Server;Registered PV: SW:AlarmList;
05/12/18;21:00:56.920;INFO;Epics Server;Registered PV: SW:LocalGuiLockOut;
05/12/18;21:00:56.920;INFO;Epics Server;Registered PV: SW:RobotSpeed;
05/12/18;21:00:56.920;INFO;Epics Server;Registered PV: SW:LastTaskException;
05/12/18;21:00:56.920;INFO;Epics Server;Registered PV: SW:LastTaskOutput;
05/12/18;21:00:56.920;INFO;Epics Server;Registered PV: SW:RobotState;
05/12/18;21:00:56.920;INFO;Epics Server;Registered PV: SW:CartesianPositions;
05/12/18;21:00:56.920;INFO;Epics Server;Registered PV: SW:JointPositions;
05/12/18;21:00:56.920;INFO;Epics Server;Registered PV: SW:State;
05/12/18;21:00:56.920;INFO;Epics Server;Registered PV: SW:abort;
05/12/18;21:00:56.920;INFO;Epics Server;Registered PV: SW:restart;
05/12/18;21:00:56.920;INFO;Epics Server;Registered PV: SW:getTaskInfo;
05/12/18;21:00:56.920;INFO;Epics Server;Registered PV: SW:isTaskRunning;
05/12/18;21:00:56.921;INFO;Epics Server;Registered PV: SW:checkTaskResult;
05/12/18;21:00:56.921;INFO;Epics Server;Registered PV: SW:startTestTask;
05/12/18;21:00:56.921;INFO;Epics Server;Registered PV: SW:pauseRobot;
05/12/18;21:00:56.921;INFO;Epics Server;Registered PV: SW:resumeRobot;
05/12/18;21:00:56.921;INFO;Epics Server;Registered PV: SW:setRobotVariable;
05/12/18;21:00:56.921;INFO;Epics Server;Registered PV: SW:isSampleMounted;
05/12/18;21:00:56.921;INFO;Epics Server;Registered PV: SW:startRobotTask;
05/12/18;21:00:56.921;INFO;Epics Server;Registered PV: SW:getRobotVariable;
05/12/18;21:00:56.921;INFO;Epics Server;Registered PV: SW:getDistance;
05/12/18;21:00:56.921;INFO;Epics Server;Initializing: Channel Access Server in Java v1.1.1;
05/12/18;21:00:56.922;INFO;Epics Server;Started server: ready to accept requests;
05/12/18;21:00:57.535;INFO;Controller;Initializing Robot;
05/12/18;21:00:57.541;INFO;Robot;Setting reference frame to: world;
05/12/18;21:00:57.665;INFO;Controller;Initializing Bus Controller;
05/12/18;21:00:57.666;INFO;Anti-Collision;Active = true;
05/12/18;21:00:57.666;INFO;Controller;State = Starting;
05/12/18;21:00:57.667;INFO;Controller;Command: Reset;
05/12/18;21:00:57.667;INFO;Controller;Executing asynchronous script: ./script/Reset.py;
05/12/18;21:00:57.667;INFO;Controller;Status = Reseting;
05/12/18;21:00:57.667;INFO;Controller;State = Running;
05/12/18;21:00:57.995;INFO;Controller;Script host: localhost:49569;
05/12/18;21:00:57.995;INFO;Script;Starting initialization script;
05/12/18;21:00:57.998;INFO;Script;Do nothing;
05/12/18;21:00:57.999;INFO;Controller;Script ./script/Reset.py ended. Return value: ;
05/12/18;21:00:57.999;INFO;Controller;State = Ready;
05/12/18;21:13:03.589;INFO;Server;Command: ExecRobotTask (Recover,500000);
05/12/18;21:13:03.589;INFO;Controller;Executing asynchronous activity: ExecRobotTask;
05/12/18;21:13:03.589;INFO;Controller;Status = Executing: Recover;
05/12/18;21:13:03.589;INFO;Controller;State = Running;
05/12/18;21:13:04.692;INFO;Robot Runtime;executing:    Recover;
05/12/18;21:13:07.128;INFO;Robot Runtime;Unrecognized Location;
05/12/18;21:13:07.151;INFO;Robot Runtime;Near Location1 [Gonio] at distance of 160.133;
05/12/18;21:13:07.173;INFO;Robot Runtime;Near Location2 [Heater] at distance of 409.081;
05/12/18;21:13:09.038;INFO;Robot Runtime;Done;
05/12/18;21:13:09.400;INFO;Controller;Activity ExecRobotTask ended. Return value: Done;
05/12/18;21:13:09.401;INFO;Controller;State = Ready;
05/12/18;21:14:23.907;INFO;Server;Command: ExecRobotTask (Initialize,500000);
05/12/18;21:14:23.907;INFO;Controller;Executing asynchronous activity: ExecRobotTask;
05/12/18;21:14:23.907;INFO;Controller;Status = Executing: Initialize;
05/12/18;21:14:23.907;INFO;Controller;State = Running;
05/12/18;21:14:25.200;INFO;Robot Runtime;executing:    Initialize;
05/12/18;21:14:25.612;INFO;Controller;Activity ExecRobotTask ended. Return value: Done;
05/12/18;21:14:25.612;INFO;Controller;State = Ready;
05/12/18;21:14:25.647;INFO;Server;Command: ExecRobotTask (UnlatchRobGov,500000);
05/12/18;21:14:25.647;INFO;Controller;Executing asynchronous activity: ExecRobotTask;
05/12/18;21:14:25.647;INFO;Controller;Status = Executing: UnlatchRobGov;
05/12/18;21:14:25.647;INFO;Controller;State = Running;
05/12/18;21:14:26.662;INFO;Robot Runtime;executing:    UnlatchRobGov;
05/12/18;21:14:27.085;INFO;Controller;Activity ExecRobotTask ended. Return value: Done;
05/12/18;21:14:27.085;INFO;Controller;State = Ready;
05/12/18;21:14:27.119;INFO;Server;Command: ExecRobotTask (Home,500000);
05/12/18;21:14:27.119;INFO;Controller;Executing asynchronous activity: ExecRobotTask;
05/12/18;21:14:27.119;INFO;Controller;Status = Executing: Home;
05/12/18;21:14:27.119;INFO;Controller;State = Running;
05/12/18;21:14:27.975;INFO;Robot Runtime;executing:    Home;
05/12/18;21:14:28.522;INFO;Controller;Activity ExecRobotTask ended. Return value: Done;
05/12/18;21:14:28.522;INFO;Controller;State = Ready;
05/12/18;21:14:28.554;INFO;Server;Command: ExecRobotTask (Finish,500000);
05/12/18;21:14:28.555;INFO;Controller;Executing asynchronous activity: ExecRobotTask;
05/12/18;21:14:28.555;INFO;Controller;Status = Executing: Finish;
05/12/18;21:14:28.555;INFO;Controller;State = Running;
05/12/18;21:14:29.851;INFO;Robot Runtime;executing:    Finish;
05/12/18;21:14:31.824;INFO;Controller;Activity ExecRobotTask ended. Return value: Done;
05/12/18;21:14:31.824;INFO;Controller;State = Ready;
05/12/18;21:16:49.312;INFO;Server;Command: ExecRobotTask (OpenPortLid,500000);
05/12/18;21:16:49.312;INFO;Controller;Executing asynchronous activity: ExecRobotTask;
05/12/18;21:16:49.312;INFO;Controller;Status = Executing: OpenPortLid;
05/12/18;21:16:49.312;INFO;Controller;State = Running;
05/12/18;21:16:50.273;INFO;Robot Runtime;executing:    OpenPortLid;
05/12/18;21:16:50.915;INFO;Controller;Activity ExecRobotTask ended. Return value: Done;
05/12/18;21:16:50.915;INFO;Controller;State = Ready;
05/12/18;21:22:27.833;INFO;Server;Command: ExecRobotTask (ClosePorts,500000);
05/12/18;21:22:27.834;INFO;Controller;Executing asynchronous activity: ExecRobotTask;
05/12/18;21:22:27.834;INFO;Controller;Status = Executing: ClosePorts;
05/12/18;21:22:27.834;INFO;Controller;State = Running;
05/12/18;21:22:28.675;INFO;Robot Runtime;executing:    ClosePorts;
05/12/18;21:22:28.843;INFO;Controller;Activity ExecRobotTask ended. Return value: Done;
05/12/18;21:22:28.843;INFO;Controller;State = Ready;
05/12/18;21:47:53.666;WARNING;Robot;Alarm active: Device is offline;
05/12/18;21:47:53.667;INFO;Controller;State = Communication Error;
05/12/18;21:51:00.766;INFO;Robot;Alarm inactive: Device is offline;
05/12/18;21:51:00.767;WARNING;Controller;Communication resumed, trying updating devices;
05/12/18;21:51:00.767;INFO;Controller;Finished device updating;
05/12/18;21:51:00.767;INFO;Controller;State = Ready;
05/12/18;21:51:08.667;WARNING;Robot;Alarm active: Device is offline;
05/12/18;21:51:08.667;INFO;Controller;State = Communication Error;
05/12/18;21:52:50.817;INFO;Robot;Alarm inactive: Device is offline;
05/12/18;21:52:50.817;WARNING;Controller;Communication resumed, trying updating devices;
05/12/18;21:52:50.818;INFO;Controller;Finished device updating;
05/12/18;21:52:50.818;INFO;Controller;State = Ready;
05/12/18;21:54:12.666;WARNING;Robot;Alarm active: Device is offline;
05/12/18;21:54:12.667;INFO;Controller;State = Communication Error;
05/12/18;21:55:11.771;INFO;Robot;Alarm inactive: Device is offline;
05/12/18;21:55:11.771;WARNING;Controller;Communication resumed, trying updating devices;
05/12/18;21:55:11.771;INFO;Controller;Finished device updating;
05/12/18;21:55:11.771;INFO;Controller;State = Ready;
05/12/18;23:00:53.062;INFO;Server;Command: ExecRobotTask (OpenPortLid,500000);
05/12/18;23:00:53.063;INFO;Controller;Executing asynchronous activity: ExecRobotTask;
05/12/18;23:00:53.063;INFO;Controller;Status = Executing: OpenPortLid;
05/12/18;23:00:53.063;INFO;Controller;State = Running;
05/12/18;23:00:53.890;INFO;Robot Runtime;executing:    OpenPortLid;
05/12/18;23:00:54.712;INFO;Controller;Activity ExecRobotTask ended. Return value: Done;
05/12/18;23:00:54.712;INFO;Controller;State = Ready;
05/12/18;23:01:57.364;INFO;Server;Command: ExecRobotTask (ClosePorts,500000);
05/12/18;23:01:57.364;INFO;Controller;Executing asynchronous activity: ExecRobotTask;
05/12/18;23:01:57.364;INFO;Controller;Status = Executing: ClosePorts;
05/12/18;23:01:57.364;INFO;Controller;State = Running;
05/12/18;23:01:58.193;INFO;Robot Runtime;executing:    ClosePorts;
05/12/18;23:01:58.557;INFO;Controller;Activity ExecRobotTask ended. Return value: Done;
05/12/18;23:01:58.557;INFO;Controller;State = Ready;
05/12/18;23:17:35.990;INFO;Server;Command: ExecRobotTask (Initialize,500000);
05/12/18;23:17:35.990;INFO;Controller;Executing asynchronous activity: ExecRobotTask;
05/12/18;23:17:35.990;INFO;Controller;Status = Executing: Initialize;
05/12/18;23:17:35.990;INFO;Controller;State = Running;
05/12/18;23:17:37.257;INFO;Robot Runtime;executing:    Initialize;
05/12/18;23:17:38.472;INFO;Controller;Activity ExecRobotTask ended. Return value: Done;
05/12/18;23:17:38.473;INFO;Controller;State = Ready;
05/12/18;23:17:38.496;INFO;Server;Command: ExecRobotTask (LatchRobGov,500000);
05/12/18;23:17:38.497;INFO;Controller;Executing asynchronous activity: ExecRobotTask;
05/12/18;23:17:38.497;INFO;Controller;Status = Executing: LatchRobGov;
05/12/18;23:17:38.497;INFO;Controller;State = Running;
05/12/18;23:17:39.508;INFO;Robot Runtime;executing:    LatchRobGov;
05/12/18;23:17:40.186;INFO;Controller;Activity ExecRobotTask ended. Return value: Done;
05/12/18;23:17:40.186;INFO;Controller;State = Ready;
05/12/18;23:17:40.202;INFO;Server;Command: ExecRobotTask (TraceSample,500000);
05/12/18;23:17:40.203;INFO;Controller;Executing asynchronous activity: ExecRobotTask;
05/12/18;23:17:40.203;INFO;Controller;Status = Executing: TraceSample;
05/12/18;23:17:40.203;INFO;Controller;State = Running;
05/12/18;23:17:41.489;INFO;Robot Runtime;executing:    TraceSample;
05/12/18;23:17:42.439;INFO;Controller;Activity ExecRobotTask ended. Return value: Done False/False/False;
05/12/18;23:17:42.440;INFO;Controller;State = Ready;
05/12/18;23:17:42.457;INFO;Server;Command: ExecRobotTask (CoolDown,500000);
05/12/18;23:17:42.457;INFO;Controller;Executing asynchronous activity: ExecRobotTask;
05/12/18;23:17:42.458;INFO;Controller;Status = Executing: CoolDown;
05/12/18;23:17:42.458;INFO;Controller;State = Running;
05/12/18;23:17:43.305;INFO;Robot Runtime;executing:    CoolDown;
05/12/18;23:19:17.866;INFO;Controller;Activity ExecRobotTask ended. Return value: Done;
05/12/18;23:19:17.867;INFO;Controller;State = Ready;
05/12/18;23:19:18.068;INFO;Server;Command: ExecRobotTask (Load,500000);
05/12/18;23:19:18.068;INFO;Controller;Executing asynchronous activity: ExecRobotTask;
05/12/18;23:19:18.068;INFO;Controller;Status = Executing: Load;
05/12/18;23:19:18.069;INFO;Controller;State = Running;
05/12/18;23:19:19.054;INFO;Robot Runtime;executing:    Load;
05/12/18;23:19:28.677;INFO;Controller;Activity ExecRobotTask ended. Return value: Done False/True/False;
05/12/18;23:19:28.678;INFO;Controller;State = Ready;
05/12/18;23:19:28.687;INFO;Server;Command: ExecRobotTask (Mount,500000);
05/12/18;23:19:28.687;INFO;Controller;Executing asynchronous activity: ExecRobotTask;
05/12/18;23:19:28.688;INFO;Controller;Status = Executing: Mount;
05/12/18;23:19:28.688;INFO;Controller;State = Running;
05/12/18;23:19:29.995;INFO;Robot Runtime;executing:    Mount;
05/12/18;23:19:37.292;INFO;Controller;Activity ExecRobotTask ended. Return value: Done True/False/False;
05/12/18;23:19:37.292;INFO;Controller;State = Ready;
05/12/18;23:19:37.309;INFO;Server;Command: ExecRobotTask (Park,500000);
05/12/18;23:19:37.310;INFO;Controller;Executing asynchronous activity: ExecRobotTask;
05/12/18;23:19:37.310;INFO;Controller;Status = Executing: Park;
05/12/18;23:19:37.310;INFO;Controller;State = Running;
05/12/18;23:19:38.173;INFO;Robot Runtime;executing:    Park;
05/12/18;23:19:41.797;INFO;Controller;Activity ExecRobotTask ended. Return value: Done;
05/12/18;23:19:41.797;INFO;Controller;State = Ready;
05/12/18;23:19:41.814;INFO;Server;Command: ExecRobotTask (UnlatchRobGov,500000);
05/12/18;23:19:41.815;INFO;Controller;Executing asynchronous activity: ExecRobotTask;
05/12/18;23:19:41.815;INFO;Controller;Status = Executing: UnlatchRobGov;
05/12/18;23:19:41.815;INFO;Controller;State = Running;
05/12/18;23:19:42.812;INFO;Robot Runtime;executing:    UnlatchRobGov;
05/12/18;23:19:43.264;INFO;Controller;Activity ExecRobotTask ended. Return value: Done;
05/12/18;23:19:43.264;INFO;Controller;State = Ready;
05/12/18;23:19:56.333;INFO;Server;Command: ExecRobotTask (Unmount,500000);
05/12/18;23:19:56.334;INFO;Controller;Executing asynchronous activity: ExecRobotTask;
05/12/18;23:19:56.334;INFO;Controller;Status = Executing: Unmount;
05/12/18;23:19:56.334;INFO;Controller;State = Running;
05/12/18;23:19:57.644;INFO;Robot Runtime;executing:    Unmount;
05/12/18;23:20:13.290;INFO;Controller;Activity ExecRobotTask ended. Return value: Done False/True/False;
05/12/18;23:20:13.290;INFO;Controller;State = Ready;
05/12/18;23:20:13.309;INFO;Server;Command: ExecRobotTask (Unload,500000);
05/12/18;23:20:13.309;INFO;Controller;Executing asynchronous activity: ExecRobotTask;
05/12/18;23:20:13.309;INFO;Controller;Status = Executing: Unload;
05/12/18;23:20:13.309;INFO;Controller;State = Running;
05/12/18;23:20:14.179;INFO;Robot Runtime;executing:    Unload;
05/12/18;23:20:18.841;INFO;Controller;Activity ExecRobotTask ended. Return value: Done False/False/False;
05/12/18;23:20:18.841;INFO;Controller;State = Ready;
05/12/18;23:20:19.264;INFO;Server;Command: ExecRobotTask (Load,500000);
05/12/18;23:20:19.264;INFO;Controller;Executing asynchronous activity: ExecRobotTask;
05/12/18;23:20:19.264;INFO;Controller;Status = Executing: Load;
05/12/18;23:20:19.264;INFO;Controller;State = Running;
05/12/18;23:20:20.685;INFO;Robot Runtime;executing:    Load;
05/12/18;23:20:27.667;INFO;Controller;Activity ExecRobotTask ended. Return value: Done False/True/False;
05/12/18;23:20:27.667;INFO;Controller;State = Ready;
05/12/18;23:20:27.685;INFO;Server;Command: ExecRobotTask (Mount,500000);
05/12/18;23:20:27.686;INFO;Controller;Executing asynchronous activity: ExecRobotTask;
05/12/18;23:20:27.686;INFO;Controller;Status = Executing: Mount;
05/12/18;23:20:27.686;INFO;Controller;State = Running;
05/12/18;23:20:28.565;INFO;Robot Runtime;executing:    Mount;
05/12/18;23:20:35.490;INFO;Controller;Activity ExecRobotTask ended. Return value: Done True/False/False;
05/12/18;23:20:35.491;INFO;Controller;State = Ready;
05/12/18;23:20:35.509;INFO;Server;Command: ExecRobotTask (Park,500000);
05/12/18;23:20:35.509;INFO;Controller;Executing asynchronous activity: ExecRobotTask;
05/12/18;23:20:35.509;INFO;Controller;Status = Executing: Park;
05/12/18;23:20:35.509;INFO;Controller;State = Running;
05/12/18;23:20:36.359;INFO;Robot Runtime;executing:    Park;
05/12/18;23:20:39.582;INFO;Controller;Activity ExecRobotTask ended. Return value: Done;
05/12/18;23:20:39.582;INFO;Controller;State = Ready;
05/12/18;23:20:39.601;INFO;Server;Command: ExecRobotTask (UnlatchRobGov,500000);
05/12/18;23:20:39.601;INFO;Controller;Executing asynchronous activity: ExecRobotTask;
05/12/18;23:20:39.601;INFO;Controller;Status = Executing: UnlatchRobGov;
05/12/18;23:20:39.601;INFO;Controller;State = Running;
05/12/18;23:20:41.032;INFO;Robot Runtime;executing:    UnlatchRobGov;
05/12/18;23:20:41.495;INFO;Controller;Activity ExecRobotTask ended. Return value: Done;
05/12/18;23:20:41.495;INFO;Controller;State = Ready;
05/12/18;23:20:46.899;INFO;Server;Command: ExecRobotTask (Unmount,500000);
05/12/18;23:20:46.899;INFO;Controller;Executing asynchronous activity: ExecRobotTask;
05/12/18;23:20:46.899;INFO;Controller;Status = Executing: Unmount;
05/12/18;23:20:46.899;INFO;Controller;State = Running;
05/12/18;23:20:47.792;INFO;Robot Runtime;executing:    Unmount;
05/12/18;23:21:04.373;INFO;Controller;Activity ExecRobotTask ended. Return value: Done False/True/False;
05/12/18;23:21:04.374;INFO;Controller;State = Ready;
05/12/18;23:21:04.386;INFO;Server;Command: ExecRobotTask (Unload,500000);
05/12/18;23:21:04.386;INFO;Controller;Executing asynchronous activity: ExecRobotTask;
05/12/18;23:21:04.386;INFO;Controller;Status = Executing: Unload;
05/12/18;23:21:04.386;INFO;Controller;State = Running;
05/12/18;23:21:05.241;INFO;Robot Runtime;executing:    Unload;
05/12/18;23:21:09.926;INFO;Controller;Activity ExecRobotTask ended. Return value: Done False/False/False;
05/12/18;23:21:09.927;INFO;Controller;State = Ready;
05/12/18;23:21:10.392;INFO;Server;Command: ExecRobotTask (Load,500000);
05/12/18;23:21:10.392;INFO;Controller;Executing asynchronous activity: ExecRobotTask;
05/12/18;23:21:10.392;INFO;Controller;Status = Executing: Load;
05/12/18;23:21:10.392;INFO;Controller;State = Running;
05/12/18;23:21:11.811;INFO;Robot Runtime;executing:    Load;
05/12/18;23:21:18.741;INFO;Controller;Activity ExecRobotTask ended. Return value: Done False/True/False;
05/12/18;23:21:18.741;INFO;Controller;State = Ready;
05/12/18;23:21:18.754;INFO;Server;Command: ExecRobotTask (Mount,500000);
05/12/18;23:21:18.754;INFO;Controller;Executing asynchronous activity: ExecRobotTask;
05/12/18;23:21:18.754;INFO;Controller;Status = Executing: Mount;
05/12/18;23:21:18.754;INFO;Controller;State = Running;
05/12/18;23:21:19.635;INFO;Robot Runtime;executing:    Mount;
05/12/18;23:21:27.033;INFO;Controller;Activity ExecRobotTask ended. Return value: Done True/False/False;
05/12/18;23:21:27.033;INFO;Controller;State = Ready;
05/12/18;23:21:27.047;INFO;Server;Command: ExecRobotTask (Park,500000);
05/12/18;23:21:27.047;INFO;Controller;Executing asynchronous activity: ExecRobotTask;
05/12/18;23:21:27.047;INFO;Controller;Status = Executing: Park;
05/12/18;23:21:27.048;INFO;Controller;State = Running;
05/12/18;23:21:27.897;INFO;Robot Runtime;executing:    Park;
05/12/18;23:21:31.274;INFO;Controller;Activity ExecRobotTask ended. Return value: Done;
05/12/18;23:21:31.274;INFO;Controller;State = Ready;
05/12/18;23:21:31.294;INFO;Server;Command: ExecRobotTask (UnlatchRobGov,500000);
05/12/18;23:21:31.294;INFO;Controller;Executing asynchronous activity: ExecRobotTask;
05/12/18;23:21:31.294;INFO;Controller;Status = Executing: UnlatchRobGov;
05/12/18;23:21:31.294;INFO;Controller;State = Running;
05/12/18;23:21:32.723;INFO;Robot Runtime;executing:    UnlatchRobGov;
05/12/18;23:21:32.866;INFO;Controller;Activity ExecRobotTask ended. Return value: Done;
05/12/18;23:21:32.866;INFO;Controller;State = Ready;
05/12/18;23:21:38.087;INFO;Server;Command: ExecRobotTask (Unmount,500000);
05/12/18;23:21:38.087;INFO;Controller;Executing asynchronous activity: ExecRobotTask;
05/12/18;23:21:38.087;INFO;Controller;Status = Executing: Unmount;
05/12/18;23:21:38.087;INFO;Controller;State = Running;
05/12/18;23:21:38.970;INFO;Robot Runtime;executing:    Unmount;
05/12/18;23:21:55.352;INFO;Controller;Activity ExecRobotTask ended. Return value: Done False/True/False;
05/12/18;23:21:55.352;INFO;Controller;State = Ready;
05/12/18;23:21:55.367;INFO;Server;Command: ExecRobotTask (Unload,500000);
05/12/18;23:21:55.368;INFO;Controller;Executing asynchronous activity: ExecRobotTask;
05/12/18;23:21:55.368;INFO;Controller;Status = Executing: Unload;
05/12/18;23:21:55.368;INFO;Controller;State = Running;
05/12/18;23:21:56.220;INFO;Robot Runtime;executing:    Unload;
05/12/18;23:22:00.930;INFO;Controller;Activity ExecRobotTask ended. Return value: Done False/False/False;
05/12/18;23:22:00.930;INFO;Controller;State = Ready;
05/12/18;23:22:01.051;INFO;Server;Command: ExecRobotTask (UnlatchRobGov,500000);
05/12/18;23:22:01.051;INFO;Controller;Executing asynchronous activity: ExecRobotTask;
05/12/18;23:22:01.051;INFO;Controller;Status = Executing: UnlatchRobGov;
05/12/18;23:22:01.051;INFO;Controller;State = Running;
05/12/18;23:22:02.464;INFO;Robot Runtime;executing:    UnlatchRobGov;
05/12/18;23:22:03.185;INFO;Controller;Activity ExecRobotTask ended. Return value: Done;
05/12/18;23:22:03.186;INFO;Controller;State = Ready;
05/12/18;23:22:03.198;INFO;Server;Command: ExecRobotTask (Finish,500000);
05/12/18;23:22:03.198;INFO;Controller;Executing asynchronous activity: ExecRobotTask;
05/12/18;23:22:03.198;INFO;Controller;Status = Executing: Finish;
05/12/18;23:22:03.198;INFO;Controller;State = Running;
05/12/18;23:22:04.621;INFO;Robot Runtime;executing:    Finish;
05/12/18;23:24:22.056;INFO;Controller;Activity ExecRobotTask ended. Return value: Done;
05/12/18;23:24:22.057;INFO;Controller;State = Ready;
05/12/18;23:29:35.172;INFO;Server;Command: ExecRobotTask (OpenPortLid,500000);
05/12/18;23:29:35.172;INFO;Controller;Executing asynchronous activity: ExecRobotTask;
05/12/18;23:29:35.172;INFO;Controller;Status = Executing: OpenPortLid;
05/12/18;23:29:35.172;INFO;Controller;State = Running;
05/12/18;23:29:36.067;INFO;Robot Runtime;executing:    OpenPortLid;
05/12/18;23:29:36.763;INFO;Controller;Activity ExecRobotTask ended. Return value: Done;
05/12/18;23:29:36.763;INFO;Controller;State = Ready;
05/12/18;23:30:06.137;INFO;Server;Command: ExecRobotTask (ClosePorts,500000);
05/12/18;23:30:06.137;INFO;Controller;Executing asynchronous activity: ExecRobotTask;
05/12/18;23:30:06.137;INFO;Controller;Status = Executing: ClosePorts;
05/12/18;23:30:06.137;INFO;Controller;State = Running;
05/12/18;23:30:07.015;INFO;Robot Runtime;executing:    ClosePorts;
05/12/18;23:30:07.330;INFO;Controller;Activity ExecRobotTask ended. Return value: Done;
05/12/18;23:30:07.330;INFO;Controller;State = Ready;
