07/05/18;09:28:54.091;INFO;Controller;Instantiation;
07/05/18;09:28:54.112;INFO;Controller;State = Initializing;
07/05/18;09:28:54.327;WARNING;Interface;Access level set to Admin;
07/05/18;09:28:54.383;INFO;Controller;Initialized log services - Startup: 07/05/18 09:28:53;
07/05/18;09:28:54.390;INFO;Controller;Initializing controller for SW version: 1.1.0 - JLib 1.7.2;
07/05/18;09:28:54.599;INFO;Epics Server;Registered PV: SW:Version;
07/05/18;09:28:54.600;INFO;Epics Server;Registered PV: SW:Status;
07/05/18;09:28:54.600;INFO;Epics Server;Registered PV: SW:Uptime;
07/05/18;09:28:54.616;INFO;Epics Server;Registered PV: SW:LastTaskInfo;
07/05/18;09:28:54.617;INFO;Epics Server;Registered PV: SW:AlarmList;
07/05/18;09:28:54.617;INFO;Epics Server;Registered PV: SW:LocalGuiLockOut;
07/05/18;09:28:54.617;INFO;Epics Server;Registered PV: SW:RobotSpeed;
07/05/18;09:28:54.618;INFO;Epics Server;Registered PV: SW:LastTaskException;
07/05/18;09:28:54.618;INFO;Epics Server;Registered PV: SW:LastTaskOutput;
07/05/18;09:28:54.618;INFO;Epics Server;Registered PV: SW:RobotState;
07/05/18;09:28:54.619;INFO;Epics Server;Registered PV: SW:CartesianPositions;
07/05/18;09:28:54.620;INFO;Epics Server;Registered PV: SW:JointPositions;
07/05/18;09:28:54.621;INFO;Epics Server;Registered PV: SW:State;
07/05/18;09:28:54.623;INFO;Epics Server;Registered PV: SW:abort;
07/05/18;09:28:54.623;INFO;Epics Server;Registered PV: SW:restart;
07/05/18;09:28:54.623;INFO;Epics Server;Registered PV: SW:getTaskInfo;
07/05/18;09:28:54.624;INFO;Epics Server;Registered PV: SW:isTaskRunning;
07/05/18;09:28:54.624;INFO;Epics Server;Registered PV: SW:checkTaskResult;
07/05/18;09:28:54.624;INFO;Epics Server;Registered PV: SW:startTestTask;
07/05/18;09:28:54.624;INFO;Epics Server;Registered PV: SW:pauseRobot;
07/05/18;09:28:54.625;INFO;Epics Server;Registered PV: SW:resumeRobot;
07/05/18;09:28:54.625;INFO;Epics Server;Registered PV: SW:setRobotVariable;
07/05/18;09:28:54.625;INFO;Epics Server;Registered PV: SW:isSampleMounted;
07/05/18;09:28:54.625;INFO;Epics Server;Registered PV: SW:startRobotTask;
07/05/18;09:28:54.626;INFO;Epics Server;Registered PV: SW:getRobotVariable;
07/05/18;09:28:54.626;INFO;Epics Server;Registered PV: SW:getDistance;
07/05/18;09:28:54.626;INFO;Epics Server;Initializing: Channel Access Server in Java v1.1.1;
07/05/18;09:28:54.629;INFO;Epics Server;Started server: ready to accept requests;
07/05/18;09:28:55.299;INFO;Controller;Initializing Robot;
07/05/18;09:28:55.308;INFO;Robot;Setting reference frame to: world;
07/05/18;09:28:55.489;INFO;Controller;Initializing Bus Controller;
07/05/18;09:28:55.490;INFO;Anti-Collision;Active = true;
07/05/18;09:28:55.491;INFO;Controller;State = Starting;
07/05/18;09:28:55.494;INFO;Controller;Command: Reset;
07/05/18;09:28:55.889;INFO;Controller;Executing asynchronous script: ./script/Reset.py;
07/05/18;09:28:55.889;INFO;Controller;Status = Reseting;
07/05/18;09:28:55.890;INFO;Controller;State = Running;
07/05/18;09:28:56.451;INFO;Controller;Script host: localhost:57362;
07/05/18;09:28:56.452;INFO;Script;Starting initialization script;
07/05/18;09:28:56.457;INFO;Script;Do nothing;
07/05/18;09:28:56.458;INFO;Controller;Script ./script/Reset.py ended. Return value: ;
07/05/18;09:28:56.458;INFO;Controller;State = Ready;
07/05/18;09:43:25.119;INFO;Server;Command: ExecRobotTask (ClosePorts,500000);
07/05/18;09:43:25.120;INFO;Controller;Executing asynchronous activity: ExecRobotTask;
07/05/18;09:43:25.120;INFO;Controller;Status = Executing: ClosePorts;
07/05/18;09:43:25.121;INFO;Controller;State = Running;
07/05/18;09:43:26.047;INFO;Robot Runtime;executing:    ClosePorts;
07/05/18;09:43:26.294;INFO;Controller;Activity ExecRobotTask ended. Return value: Done;
07/05/18;09:43:26.295;INFO;Controller;State = Ready;
07/05/18;09:47:40.185;INFO;Server;Command: ExecRobotTask (EnableTScreen,500000);
07/05/18;09:47:40.185;INFO;Controller;Executing asynchronous activity: ExecRobotTask;
07/05/18;09:47:40.186;INFO;Controller;Status = Executing: EnableTScreen;
07/05/18;09:47:40.186;INFO;Controller;State = Running;
07/05/18;09:47:41.063;INFO;Robot Runtime;executing:    EnableTScreen;
07/05/18;09:47:41.355;INFO;Controller;Activity ExecRobotTask ended. Return value: Done;
07/05/18;09:47:41.356;INFO;Controller;State = Ready;
07/05/18;10:07:05.035;WARNING;Robot Runtime;update thread is down, Error Code: 125;
07/05/18;10:07:08.495;WARNING;Robot;Alarm active: Device is offline;
07/05/18;10:07:08.495;INFO;Controller;State = Communication Error;
07/05/18;10:13:16.620;INFO;Robot;Alarm inactive: Device is offline;
07/05/18;10:13:16.621;WARNING;Controller;Communication resumed, trying updating devices;
07/05/18;10:13:16.622;INFO;Controller;Finished device updating;
07/05/18;10:13:16.622;INFO;Controller;State = Ready;
07/05/18;10:40:53.392;WARNING;Robot Runtime;update thread is down, Error Code: 125;
07/05/18;10:40:57.494;WARNING;Robot;Alarm active: Device is offline;
07/05/18;10:40:57.495;INFO;Controller;State = Communication Error;
07/05/18;10:44:52.620;INFO;Robot;Alarm inactive: Device is offline;
07/05/18;10:44:52.620;WARNING;Controller;Communication resumed, trying updating devices;
07/05/18;10:44:52.621;INFO;Controller;Finished device updating;
07/05/18;10:44:52.621;INFO;Controller;State = Ready;
07/05/18;10:56:55.467;WARNING;Robot Runtime;update thread is down, Error Code: 125;
07/05/18;10:56:59.494;WARNING;Robot;Alarm active: Device is offline;
07/05/18;10:56:59.495;INFO;Controller;State = Communication Error;
07/05/18;11:00:53.620;INFO;Robot;Alarm inactive: Device is offline;
07/05/18;11:00:53.620;WARNING;Controller;Communication resumed, trying updating devices;
07/05/18;11:00:53.621;INFO;Controller;Finished device updating;
07/05/18;11:00:53.621;INFO;Controller;State = Ready;
07/05/18;11:04:42.179;WARNING;Robot Runtime;update thread is down, Error Code: 125;
07/05/18;11:04:45.494;WARNING;Robot;Alarm active: Device is offline;
07/05/18;11:04:45.495;INFO;Controller;State = Communication Error;
07/05/18;11:08:26.619;INFO;Robot;Alarm inactive: Device is offline;
07/05/18;11:08:26.620;WARNING;Controller;Communication resumed, trying updating devices;
07/05/18;11:08:26.620;INFO;Controller;Finished device updating;
07/05/18;11:08:26.620;INFO;Controller;State = Ready;
07/05/18;14:40:33.854;INFO;Interface;Command: Restart;
07/05/18;14:40:33.854;INFO;Controller;State = Initializing;
07/05/18;14:40:33.943;INFO;Controller;Initialized log services - Startup: 07/05/18 09:28:53;
07/05/18;14:40:34.953;INFO;Epics Server;Exiting running thread;
07/05/18;14:40:34.957;INFO;Epics Server;Registered PV: SW:Version;
07/05/18;14:40:34.957;INFO;Epics Server;Registered PV: SW:Status;
07/05/18;14:40:34.958;INFO;Epics Server;Registered PV: SW:Uptime;
07/05/18;14:40:34.958;INFO;Epics Server;Registered PV: SW:LastTaskInfo;
07/05/18;14:40:34.958;INFO;Epics Server;Registered PV: SW:AlarmList;
07/05/18;14:40:34.958;INFO;Epics Server;Registered PV: SW:LocalGuiLockOut;
07/05/18;14:40:34.958;INFO;Epics Server;Registered PV: SW:RobotSpeed;
07/05/18;14:40:34.959;INFO;Epics Server;Registered PV: SW:LastTaskException;
07/05/18;14:40:34.959;INFO;Epics Server;Registered PV: SW:LastTaskOutput;
07/05/18;14:40:34.959;INFO;Epics Server;Registered PV: SW:RobotState;
07/05/18;14:40:34.959;INFO;Epics Server;Registered PV: SW:CartesianPositions;
07/05/18;14:40:34.960;INFO;Epics Server;Registered PV: SW:JointPositions;
07/05/18;14:40:34.960;INFO;Epics Server;Registered PV: SW:State;
07/05/18;14:40:34.960;INFO;Epics Server;Registered PV: SW:abort;
07/05/18;14:40:34.960;INFO;Epics Server;Registered PV: SW:restart;
07/05/18;14:40:34.962;INFO;Epics Server;Registered PV: SW:getTaskInfo;
07/05/18;14:40:34.963;INFO;Epics Server;Registered PV: SW:isTaskRunning;
07/05/18;14:40:34.963;INFO;Epics Server;Registered PV: SW:checkTaskResult;
07/05/18;14:40:34.963;INFO;Epics Server;Registered PV: SW:startTestTask;
07/05/18;14:40:34.963;INFO;Epics Server;Registered PV: SW:pauseRobot;
07/05/18;14:40:34.964;INFO;Epics Server;Registered PV: SW:resumeRobot;
07/05/18;14:40:34.964;INFO;Epics Server;Registered PV: SW:setRobotVariable;
07/05/18;14:40:34.964;INFO;Epics Server;Registered PV: SW:isSampleMounted;
07/05/18;14:40:34.965;INFO;Epics Server;Registered PV: SW:startRobotTask;
07/05/18;14:40:34.965;INFO;Epics Server;Registered PV: SW:getRobotVariable;
07/05/18;14:40:34.966;INFO;Epics Server;Registered PV: SW:getDistance;
07/05/18;14:40:34.966;INFO;Epics Server;Initializing: Channel Access Server in Java v1.1.1;
07/05/18;14:40:34.967;INFO;Epics Server;Started server: ready to accept requests;
07/05/18;14:40:35.553;INFO;Controller;Initializing Robot;
07/05/18;14:40:35.556;INFO;Robot;Setting reference frame to: world;
07/05/18;14:40:35.685;INFO;Controller;Initializing Bus Controller;
07/05/18;14:40:35.685;INFO;Anti-Collision;Active = true;
07/05/18;14:40:35.685;INFO;Controller;State = Starting;
07/05/18;14:40:35.687;INFO;Controller;Command: Reset;
07/05/18;14:40:35.687;INFO;Controller;Executing asynchronous script: ./script/Reset.py;
07/05/18;14:40:35.687;INFO;Controller;Status = Reseting;
07/05/18;14:40:35.687;INFO;Controller;State = Running;
07/05/18;14:40:35.934;INFO;Controller;Script host: localhost:36114;
07/05/18;14:40:35.935;INFO;Script;Starting initialization script;
07/05/18;14:40:35.939;INFO;Script;Do nothing;
07/05/18;14:40:35.939;INFO;Controller;Script ./script/Reset.py ended. Return value: ;
07/05/18;14:40:35.940;INFO;Controller;State = Ready;
07/05/18;15:11:35.899;INFO;Interface;Command: ExecRobotTask (checktoolconfig,-1);
07/05/18;15:11:35.899;INFO;Controller;Executing asynchronous activity: ExecRobotTask;
07/05/18;15:11:35.900;INFO;Controller;Status = Executing: checktoolconfig;
07/05/18;15:11:35.900;INFO;Controller;State = Running;
07/05/18;15:11:36.136;INFO;Robot Runtime;executing:    checktoolconfig;
07/05/18;15:11:36.177;INFO;Robot Runtime;Invalid Gripper: C014;
07/05/18;15:11:36.199;INFO;Robot Runtime;Invalid Gripper: C017;
07/05/18;15:11:36.219;INFO;Robot Runtime;Invalid Gripper: C019;
07/05/18;15:11:36.239;INFO;Robot Runtime;Valid Gripper: C015;
07/05/18;15:11:36.259;INFO;Robot Runtime;Current Tool: C015 (Valid);
07/05/18;15:11:36.524;INFO;Controller;Activity ExecRobotTask ended. Return value: Done;
07/05/18;15:11:36.524;INFO;Controller;State = Ready;
07/05/18;15:12:05.640;INFO;Robot Runtime;executing:    nTool=19;
07/05/18;15:12:26.562;INFO;Interface;Command: ExecRobotTask (enabletool,-1);
07/05/18;15:12:26.563;INFO;Controller;Executing asynchronous activity: ExecRobotTask;
07/05/18;15:12:26.563;INFO;Controller;Status = Executing: enabletool;
07/05/18;15:12:26.563;INFO;Controller;State = Running;
07/05/18;15:12:26.716;INFO;Robot Runtime;executing:    enabletool;
07/05/18;15:12:26.757;WARNING;Robot Runtime;Tool  does NOT exist;
07/05/18;15:12:27.029;INFO;Controller;Activity ExecRobotTask ended. Return value: ABORT: Tool  does NOT exist;
07/05/18;15:12:27.029;INFO;Controller;State = Ready;
07/05/18;15:12:34.827;INFO;Interface;Command: ExecRobotTask (checktoolconfig,-1);
07/05/18;15:12:34.828;INFO;Controller;Executing asynchronous activity: ExecRobotTask;
07/05/18;15:12:34.828;INFO;Controller;Status = Executing: checktoolconfig;
07/05/18;15:12:34.828;INFO;Controller;State = Running;
07/05/18;15:12:34.989;INFO;Robot Runtime;executing:    checktoolconfig;
07/05/18;15:12:35.030;INFO;Robot Runtime;Invalid Gripper: C014;
07/05/18;15:12:35.050;INFO;Robot Runtime;Invalid Gripper: C017;
07/05/18;15:12:35.070;INFO;Robot Runtime;Invalid Gripper: C019;
07/05/18;15:12:35.091;INFO;Robot Runtime;Valid Gripper: C015;
07/05/18;15:12:35.111;INFO;Robot Runtime;Current Tool: C015 (Valid);
07/05/18;15:12:35.355;INFO;Controller;Activity ExecRobotTask ended. Return value: Done;
07/05/18;15:12:35.355;INFO;Controller;State = Ready;
07/05/18;15:15:03.277;INFO;Interface;Command: ExecRobotTask (enabletool,-1);
07/05/18;15:15:03.278;INFO;Controller;Executing asynchronous activity: ExecRobotTask;
07/05/18;15:15:03.278;INFO;Controller;Status = Executing: enabletool;
07/05/18;15:15:03.278;INFO;Controller;State = Running;
07/05/18;15:15:03.444;INFO;Robot Runtime;executing:    enabletool;
07/05/18;15:15:03.825;INFO;Controller;Activity ExecRobotTask ended. Return value: Done;
07/05/18;15:15:03.826;INFO;Controller;State = Ready;
07/05/18;15:15:11.821;INFO;Interface;Command: ExecRobotTask (checktoolconfig,-1);
07/05/18;15:15:11.822;INFO;Controller;Executing asynchronous activity: ExecRobotTask;
07/05/18;15:15:11.822;INFO;Controller;Status = Executing: checktoolconfig;
07/05/18;15:15:11.822;INFO;Controller;State = Running;
07/05/18;15:15:11.994;INFO;Robot Runtime;executing:    checktoolconfig;
07/05/18;15:15:12.035;INFO;Robot Runtime;Invalid Gripper: C014;
07/05/18;15:15:12.056;INFO;Robot Runtime;Invalid Gripper: C017;
07/05/18;15:15:12.076;INFO;Robot Runtime;Valid Gripper: C015;
07/05/18;15:15:12.096;INFO;Robot Runtime;Valid Gripper: C019;
07/05/18;15:15:12.117;INFO;Robot Runtime;Current Tool: C015 (Valid);
07/05/18;15:15:12.338;INFO;Controller;Activity ExecRobotTask ended. Return value: Done;
07/05/18;15:15:12.338;INFO;Controller;State = Ready;
07/05/18;15:15:26.079;INFO;Interface;Command: ExecRobotTask (swaptools,-1);
07/05/18;15:15:26.079;INFO;Controller;Executing asynchronous activity: ExecRobotTask;
07/05/18;15:15:26.080;INFO;Controller;Status = Executing: swaptools;
07/05/18;15:15:26.080;INFO;Controller;State = Running;
07/05/18;15:15:26.242;INFO;Robot Runtime;executing:    swaptools;
07/05/18;15:15:26.672;INFO;Controller;Activity ExecRobotTask ended. Return value: Done;
07/05/18;15:15:26.673;INFO;Controller;State = Ready;
07/05/18;15:15:34.206;INFO;Interface;Command: ExecRobotTask (checktoolconfig,-1);
07/05/18;15:15:34.206;INFO;Controller;Executing asynchronous activity: ExecRobotTask;
07/05/18;15:15:34.206;INFO;Controller;Status = Executing: checktoolconfig;
07/05/18;15:15:34.206;INFO;Controller;State = Running;
07/05/18;15:15:34.343;INFO;Robot Runtime;executing:    checktoolconfig;
07/05/18;15:15:34.392;INFO;Robot Runtime;Invalid Gripper: C014;
07/05/18;15:15:34.413;INFO;Robot Runtime;Invalid Gripper: C017;
07/05/18;15:15:34.433;INFO;Robot Runtime;Valid Gripper: C015;
07/05/18;15:15:34.453;INFO;Robot Runtime;Valid Gripper: C019;
07/05/18;15:15:34.473;INFO;Robot Runtime;Current Tool: C019 (Valid);
07/05/18;15:15:34.691;INFO;Controller;Activity ExecRobotTask ended. Return value: Done;
07/05/18;15:15:34.691;INFO;Controller;State = Ready;
07/05/18;16:51:53.259;INFO;Interface;Command: ExecRobotTask (checktoolconfig,-1);
07/05/18;16:51:53.260;INFO;Controller;Executing asynchronous activity: ExecRobotTask;
07/05/18;16:51:53.260;INFO;Controller;Status = Executing: checktoolconfig;
07/05/18;16:51:53.260;INFO;Controller;State = Running;
07/05/18;16:51:53.435;INFO;Robot Runtime;executing:    checktoolconfig;
07/05/18;16:51:53.475;INFO;Robot Runtime;Invalid Gripper: C014;
07/05/18;16:51:53.497;INFO;Robot Runtime;Invalid Gripper: C017;
07/05/18;16:51:53.518;INFO;Robot Runtime;Valid Gripper: C015;
07/05/18;16:51:53.538;INFO;Robot Runtime;Valid Gripper: C019;
07/05/18;16:51:53.558;INFO;Robot Runtime;Current Tool: C019 (Valid);
07/05/18;16:51:53.775;INFO;Controller;Activity ExecRobotTask ended. Return value: Done;
07/05/18;16:51:53.776;INFO;Controller;State = Ready;
07/05/18;20:54:38.252;WARNING;Robot Runtime;update thread is down, Error Code: 125;
07/05/18;20:54:42.686;WARNING;Robot;Alarm active: Device is offline;
07/05/18;20:54:42.686;INFO;Controller;State = Communication Error;
07/05/18;21:18:10.811;INFO;Robot;Alarm inactive: Device is offline;
07/05/18;21:18:10.812;WARNING;Controller;Communication resumed, trying updating devices;
07/05/18;21:18:10.815;INFO;Controller;Finished device updating;
07/05/18;21:18:10.815;INFO;Controller;State = Ready;
