18/06/18;09:50:16.057;WARNING;Robot Runtime;update thread is down, Error Code: 125;
18/06/18;09:50:20.541;WARNING;Robot;Alarm active: Device is offline;
18/06/18;09:50:20.542;INFO;Controller;State = Communication Error;
18/06/18;09:52:31.666;INFO;Robot;Alarm inactive: Device is offline;
18/06/18;09:52:31.666;WARNING;Controller;Communication resumed, trying updating devices;
18/06/18;09:52:31.667;INFO;Controller;Finished device updating;
18/06/18;09:52:31.667;INFO;Controller;State = Ready;
18/06/18;09:56:22.368;WARNING;Robot Runtime;update thread is down, Error Code: 125;
18/06/18;09:56:26.541;WARNING;Robot;Alarm active: Device is offline;
18/06/18;09:56:26.542;INFO;Controller;State = Communication Error;
18/06/18;11:01:17.666;INFO;Robot;Alarm inactive: Device is offline;
18/06/18;11:01:17.667;WARNING;Controller;Communication resumed, trying updating devices;
18/06/18;11:01:17.667;INFO;Controller;Finished device updating;
18/06/18;11:01:17.667;INFO;Controller;State = Ready;
18/06/18;11:47:03.555;WARNING;Robot Runtime;update thread is down, Error Code: 125;
18/06/18;11:47:07.541;WARNING;Robot;Alarm active: Device is offline;
18/06/18;11:47:07.541;INFO;Controller;State = Communication Error;
18/06/18;11:49:30.666;INFO;Robot;Alarm inactive: Device is offline;
18/06/18;11:49:30.666;WARNING;Controller;Communication resumed, trying updating devices;
18/06/18;11:49:30.666;INFO;Controller;Finished device updating;
18/06/18;11:49:30.666;INFO;Controller;State = Ready;
18/06/18;11:50:52.230;WARNING;Robot Runtime;update thread is down, Error Code: 125;
18/06/18;11:50:55.541;WARNING;Robot;Alarm active: Device is offline;
18/06/18;11:50:55.542;INFO;Controller;State = Communication Error;
18/06/18;11:53:10.661;INFO;Robot;Alarm inactive: Device is offline;
18/06/18;11:53:10.661;WARNING;Controller;Communication resumed, trying updating devices;
18/06/18;11:53:10.661;INFO;Controller;Finished device updating;
18/06/18;11:53:10.661;INFO;Controller;State = Ready;
18/06/18;14:10:27.388;WARNING;Robot Runtime;update thread is down, Error Code: 125;
18/06/18;14:10:31.541;WARNING;Robot;Alarm active: Device is offline;
18/06/18;14:10:31.541;INFO;Controller;State = Communication Error;
18/06/18;14:22:34.666;INFO;Robot;Alarm inactive: Device is offline;
18/06/18;14:22:34.667;WARNING;Controller;Communication resumed, trying updating devices;
18/06/18;14:22:34.667;INFO;Controller;Finished device updating;
18/06/18;14:22:34.667;INFO;Controller;State = Ready;
18/06/18;14:32:12.874;INFO;Server;Command: ExecRobotTask (Initialize,60000);
18/06/18;14:32:12.875;INFO;Controller;Executing asynchronous activity: ExecRobotTask;
18/06/18;14:32:12.875;INFO;Controller;Status = Executing: Initialize;
18/06/18;14:32:12.875;INFO;Controller;State = Running;
18/06/18;14:32:13.880;INFO;Robot Runtime;executing:    Initialize;
18/06/18;14:32:14.845;INFO;Controller;Activity ExecRobotTask ended. Return value: Done;
18/06/18;14:32:14.845;INFO;Controller;State = Ready;
18/06/18;14:32:14.878;INFO;Server;Command: ExecRobotTask (Home,60000);
18/06/18;14:32:14.878;INFO;Controller;Executing asynchronous activity: ExecRobotTask;
18/06/18;14:32:14.879;INFO;Controller;Status = Executing: Home;
18/06/18;14:32:14.879;INFO;Controller;State = Running;
18/06/18;14:32:15.831;INFO;Robot Runtime;executing:    Home;
18/06/18;14:32:16.433;INFO;Controller;Activity ExecRobotTask ended. Return value: Done;
18/06/18;14:32:16.433;INFO;Controller;State = Ready;
18/06/18;14:32:16.446;INFO;Server;Command: ExecRobotTask (UC_Proximity,60000);
18/06/18;14:32:16.446;INFO;Controller;Executing asynchronous activity: ExecRobotTask;
18/06/18;14:32:16.446;INFO;Controller;Status = Executing: UC_Proximity;
18/06/18;14:32:16.446;INFO;Controller;State = Running;
18/06/18;14:32:16.788;INFO;Robot Runtime;executing:    UC_Proximity;
18/06/18;14:32:42.546;INFO;Robot Runtime;Proximity Sensor 1: 2.1214;
18/06/18;14:32:42.569;INFO;Robot Runtime;Proximity Sensor 2: 1.6319;
18/06/18;14:32:42.589;INFO;Robot Runtime;Proximity Sensor 3: 2.3523;
18/06/18;14:32:47.952;INFO;Controller;Activity ExecRobotTask ended. Return value: Done;
18/06/18;14:32:47.952;INFO;Controller;State = Ready;
18/06/18;14:32:47.962;INFO;Server;Command: ExecRobotTask (Home,60000);
18/06/18;14:32:47.963;INFO;Controller;Executing asynchronous activity: ExecRobotTask;
18/06/18;14:32:47.963;INFO;Controller;Status = Executing: Home;
18/06/18;14:32:47.963;INFO;Controller;State = Running;
18/06/18;14:32:48.782;INFO;Robot Runtime;executing:    Home;
18/06/18;14:32:49.253;INFO;Controller;Activity ExecRobotTask ended. Return value: Done;
18/06/18;14:32:49.253;INFO;Controller;State = Ready;
18/06/18;14:32:49.259;INFO;Server;Command: ExecRobotTask (UC_Proximity,60000);
18/06/18;14:32:49.259;INFO;Controller;Executing asynchronous activity: ExecRobotTask;
18/06/18;14:32:49.259;INFO;Controller;Status = Executing: UC_Proximity;
18/06/18;14:32:49.259;INFO;Controller;State = Running;
18/06/18;14:32:49.507;INFO;Robot Runtime;executing:    UC_Proximity;
18/06/18;14:33:11.257;INFO;Robot Runtime;Proximity Sensor 1: 2.1214;
18/06/18;14:33:11.278;INFO;Robot Runtime;Proximity Sensor 2: 1.6276;
18/06/18;14:33:11.299;INFO;Robot Runtime;Proximity Sensor 3: 2.353 ;
18/06/18;14:33:38.416;INFO;Controller;Activity ExecRobotTask ended. Return value: Done;
18/06/18;14:33:38.416;INFO;Controller;State = Ready;
18/06/18;15:17:47.900;INFO;Server;Command: ExecRobotTask (EnableTScreen,500000);
18/06/18;15:17:47.900;INFO;Controller;Executing asynchronous activity: ExecRobotTask;
18/06/18;15:17:47.900;INFO;Controller;Status = Executing: EnableTScreen;
18/06/18;15:17:47.900;INFO;Controller;State = Running;
18/06/18;15:17:48.797;INFO;Robot Runtime;executing:    EnableTScreen;
18/06/18;15:17:48.929;INFO;Controller;Activity ExecRobotTask ended. Return value: Done;
18/06/18;15:17:48.929;INFO;Controller;State = Ready;
18/06/18;16:17:58.953;WARNING;Robot Runtime;update thread is down, Error Code: 125;
18/06/18;16:18:02.541;WARNING;Robot;Alarm active: Device is offline;
18/06/18;16:18:02.541;INFO;Controller;State = Communication Error;
18/06/18;16:22:36.661;INFO;Robot;Alarm inactive: Device is offline;
18/06/18;16:22:36.661;WARNING;Controller;Communication resumed, trying updating devices;
18/06/18;16:22:36.662;INFO;Controller;Finished device updating;
18/06/18;16:22:36.662;INFO;Controller;State = Ready;
18/06/18;16:28:07.541;WARNING;Robot;Alarm active: Device is offline;
18/06/18;16:28:07.541;INFO;Controller;State = Communication Error;
18/06/18;16:28:12.640;INFO;Robot;Alarm inactive: Device is offline;
18/06/18;16:28:12.641;WARNING;Controller;Communication resumed, trying updating devices;
18/06/18;16:28:12.641;INFO;Controller;Finished device updating;
18/06/18;16:28:12.641;INFO;Controller;State = Ready;
