17/09/18;15:55:33.262;INFO;Interface;Command: ExecRobotTask (recover,-1);
17/09/18;15:55:33.262;INFO;Controller;Executing asynchronous activity: ExecRobotTask;
17/09/18;15:55:33.262;INFO;Controller;Status = Executing: recover;
17/09/18;15:55:33.262;INFO;Controller;State = Running;
17/09/18;15:55:34.646;INFO;Robot Runtime;executing:    recover;
17/09/18;15:55:36.289;INFO;Robot Runtime;Robot power is on manual;
17/09/18;15:55:36.504;INFO;Controller;Activity ExecRobotTask ended. Return value: ABORT: Robot power is on manual;
17/09/18;15:55:36.504;INFO;Controller;State = Ready;
17/09/18;15:56:23.717;INFO;Interface;Command: ExecRobotTask (recover,-1);
17/09/18;15:56:23.717;INFO;Controller;Executing asynchronous activity: ExecRobotTask;
17/09/18;15:56:23.717;INFO;Controller;Status = Executing: recover;
17/09/18;15:56:23.717;INFO;Controller;State = Running;
17/09/18;15:56:24.657;INFO;Robot Runtime;executing:    recover;
17/09/18;15:56:25.511;INFO;Robot Runtime;Near Location1 [Home] at distance of 17.435;
17/09/18;15:56:25.533;INFO;Robot Runtime;Near Location2 [Inspection] at distance of 215.241;
17/09/18;15:58:20.691;INFO;Controller;Activity ExecRobotTask ended. Return value: ;
17/09/18;15:58:20.691;INFO;Controller;State = Ready;
17/09/18;15:58:32.696;INFO;Interface;Command: ExecRobotTask (recover,-1);
17/09/18;15:58:32.696;INFO;Controller;Executing asynchronous activity: ExecRobotTask;
17/09/18;15:58:32.696;INFO;Controller;Status = Executing: recover;
17/09/18;15:58:32.696;INFO;Controller;State = Running;
17/09/18;15:58:33.664;INFO;Robot Runtime;executing:    recover;
17/09/18;15:58:33.706;INFO;Robot Runtime;Robot power is on manual;
17/09/18;15:58:33.911;INFO;Controller;Activity ExecRobotTask ended. Return value: ABORT: Robot power is on manual;
17/09/18;15:58:33.911;INFO;Controller;State = Ready;
17/09/18;15:59:13.171;INFO;Interface;Command: ExecRobotTask (recover,-1);
17/09/18;15:59:13.171;INFO;Controller;Executing asynchronous activity: ExecRobotTask;
17/09/18;15:59:13.171;INFO;Controller;Status = Executing: recover;
17/09/18;15:59:13.171;INFO;Controller;State = Running;
17/09/18;15:59:14.144;INFO;Robot Runtime;executing:    recover;
17/09/18;15:59:15.002;INFO;Robot Runtime;Near Location1 [Home] at distance of 0.001;
17/09/18;15:59:15.027;INFO;Robot Runtime;Near Location2 [Inspection] at distance of 210.405;
17/09/18;15:59:15.171;INFO;Robot Runtime;Done;
17/09/18;15:59:15.563;INFO;Controller;Activity ExecRobotTask ended. Return value: Done;
17/09/18;15:59:15.563;INFO;Controller;State = Ready;
17/09/18;16:12:30.436;INFO;Interface;Command: ExecRobotTask (recover,-1);
17/09/18;16:12:30.436;INFO;Controller;Executing asynchronous activity: ExecRobotTask;
17/09/18;16:12:30.436;INFO;Controller;Status = Executing: recover;
17/09/18;16:12:30.436;INFO;Controller;State = Running;
17/09/18;16:12:31.433;INFO;Robot Runtime;executing:    recover;
17/09/18;16:12:31.475;INFO;Robot Runtime;Found collision. Fx:0.106, Fy:-0.177, Fz:-0.035;
17/09/18;16:12:31.495;WARNING;Robot Runtime;Failed to clear collision. Please request a staff for help.;
17/09/18;16:12:31.785;INFO;Controller;Activity ExecRobotTask ended. Return value: ABORT: Failed to clear collision;
17/09/18;16:12:31.785;INFO;Controller;State = Ready;
17/09/18;16:13:08.498;INFO;Interface;Command: ExecRobotTask (recover,-1);
17/09/18;16:13:08.498;INFO;Controller;Executing asynchronous activity: ExecRobotTask;
17/09/18;16:13:08.498;INFO;Controller;Status = Executing: recover;
17/09/18;16:13:08.498;INFO;Controller;State = Running;
17/09/18;16:13:09.443;INFO;Robot Runtime;executing:    recover;
17/09/18;16:13:10.485;INFO;Robot Runtime;Failed to turn on robot power;
17/09/18;16:13:10.609;INFO;Controller;Activity ExecRobotTask ended. Return value: ABORT: Failed to turn on robot power;
17/09/18;16:13:10.610;INFO;Controller;State = Ready;
17/09/18;16:58:10.495;INFO;Server;Command: ExecRobotTask (Initialize,500000);
17/09/18;16:58:10.495;INFO;Controller;Executing asynchronous activity: ExecRobotTask;
17/09/18;16:58:10.496;INFO;Controller;Status = Executing: Initialize;
17/09/18;16:58:10.496;INFO;Controller;State = Running;
17/09/18;16:58:11.394;INFO;Robot Runtime;executing:    Initialize;
17/09/18;16:58:12.627;INFO;Controller;Activity ExecRobotTask ended. Return value: Done;
17/09/18;16:58:12.627;INFO;Controller;State = Ready;
17/09/18;16:58:12.654;INFO;Server;Command: ExecRobotTask (UnlatchRobGov,500000);
17/09/18;16:58:12.654;INFO;Controller;Executing asynchronous activity: ExecRobotTask;
17/09/18;16:58:12.654;INFO;Controller;Status = Executing: UnlatchRobGov;
17/09/18;16:58:12.654;INFO;Controller;State = Running;
17/09/18;16:58:13.979;INFO;Robot Runtime;executing:    UnlatchRobGov;
17/09/18;16:58:14.374;INFO;Controller;Activity ExecRobotTask ended. Return value: Done;
17/09/18;16:58:14.374;INFO;Controller;State = Ready;
17/09/18;16:58:14.391;INFO;Server;Command: ExecRobotTask (Recover,500000);
17/09/18;16:58:14.391;INFO;Controller;Executing asynchronous activity: ExecRobotTask;
17/09/18;16:58:14.391;INFO;Controller;Status = Executing: Recover;
17/09/18;16:58:14.391;INFO;Controller;State = Running;
17/09/18;16:58:15.486;INFO;Robot Runtime;executing:    Recover;
17/09/18;16:58:15.531;INFO;Robot Runtime;Near Location1 [Home] at distance of 0    ;
17/09/18;16:58:15.551;INFO;Robot Runtime;Near Location2 [Inspection] at distance of 210.406;
17/09/18;16:58:15.619;INFO;Robot Runtime;Done;
17/09/18;16:58:15.762;INFO;Controller;Activity ExecRobotTask ended. Return value: Done;
17/09/18;16:58:15.762;INFO;Controller;State = Ready;
17/09/18;16:58:15.772;INFO;Server;Command: ExecRobotTask (Finish,500000);
17/09/18;16:58:15.773;INFO;Controller;Executing asynchronous activity: ExecRobotTask;
17/09/18;16:58:15.773;INFO;Controller;Status = Executing: Finish;
17/09/18;16:58:15.773;INFO;Controller;State = Running;
17/09/18;16:58:17.093;INFO;Robot Runtime;executing:    Finish;
17/09/18;16:58:34.555;INFO;Controller;Activity ExecRobotTask ended. Return value: Done;
17/09/18;16:58:34.555;INFO;Controller;State = Ready;
17/09/18;17:00:01.395;INFO;Interface;Command: ExecRobotTask (intialize,-1);
17/09/18;17:00:01.395;INFO;Controller;Executing asynchronous activity: ExecRobotTask;
17/09/18;17:00:01.395;INFO;Controller;Status = Executing: intialize;
17/09/18;17:00:01.395;INFO;Controller;State = Running;
17/09/18;17:00:01.497;INFO;Robot Runtime;executing:    intialize;
17/09/18;17:00:01.659;INFO;Controller;Activity ExecRobotTask ended. Return value: ;
17/09/18;17:00:01.659;INFO;Controller;State = Ready;
17/09/18;17:00:17.123;INFO;Interface;Command: ExecRobotTask (initialize,-1);
17/09/18;17:00:17.123;INFO;Controller;Executing asynchronous activity: ExecRobotTask;
17/09/18;17:00:17.123;INFO;Controller;Status = Executing: initialize;
17/09/18;17:00:17.123;INFO;Controller;State = Running;
17/09/18;17:00:18.029;INFO;Robot Runtime;executing:    initialize;
17/09/18;17:00:19.259;INFO;Controller;Activity ExecRobotTask ended. Return value: Done;
17/09/18;17:00:19.259;INFO;Controller;State = Ready;
17/09/18;17:00:28.935;INFO;Interface;Command: ExecRobotTask (park,-1);
17/09/18;17:00:28.936;INFO;Controller;Executing asynchronous activity: ExecRobotTask;
17/09/18;17:00:28.936;INFO;Controller;Status = Executing: park;
17/09/18;17:00:28.936;INFO;Controller;State = Running;
17/09/18;17:00:29.782;INFO;Robot Runtime;executing:    park;
17/09/18;17:00:33.486;INFO;Controller;Activity ExecRobotTask ended. Return value: Done;
17/09/18;17:00:33.487;INFO;Controller;State = Ready;
17/09/18;17:03:50.293;WARNING;Robot;Alarm active: Device is offline;
17/09/18;17:03:50.293;INFO;Controller;State = Communication Error;
17/09/18;17:03:52.393;INFO;Robot;Alarm inactive: Device is offline;
17/09/18;17:03:52.393;WARNING;Controller;Communication resumed, trying updating devices;
17/09/18;17:03:52.395;INFO;Controller;Finished device updating;
17/09/18;17:03:52.395;INFO;Controller;State = Ready;
17/09/18;17:05:13.488;INFO;Server;Command: ExecRobotTask (TurnOffAutoFill,500000);
17/09/18;17:05:13.489;INFO;Controller;Executing asynchronous activity: ExecRobotTask;
17/09/18;17:05:13.489;INFO;Controller;Status = Executing: TurnOffAutoFill;
17/09/18;17:05:13.489;INFO;Controller;State = Running;
17/09/18;17:05:14.372;INFO;Robot Runtime;executing:    TurnOffAutoFill;
17/09/18;17:05:14.579;INFO;Controller;Activity ExecRobotTask ended. Return value: Done;
17/09/18;17:05:14.579;INFO;Controller;State = Ready;
17/09/18;17:09:22.145;INFO;Interface;Command: ExecRobotTask (recover,-1);
17/09/18;17:09:22.145;INFO;Controller;Executing asynchronous activity: ExecRobotTask;
17/09/18;17:09:22.146;INFO;Controller;Status = Executing: recover;
17/09/18;17:09:22.146;INFO;Controller;State = Running;
17/09/18;17:09:23.626;INFO;Robot Runtime;executing:    recover;
17/09/18;17:09:23.669;INFO;Robot Runtime;Robot power is on manual;
17/09/18;17:09:23.959;INFO;Controller;Activity ExecRobotTask ended. Return value: ABORT: Robot power is on manual;
17/09/18;17:09:23.959;INFO;Controller;State = Ready;
17/09/18;17:11:35.499;INFO;Interface;Command: ExecRobotTask (recover,-1);
17/09/18;17:11:35.499;INFO;Controller;Executing asynchronous activity: ExecRobotTask;
17/09/18;17:11:35.499;INFO;Controller;Status = Executing: recover;
17/09/18;17:11:35.499;INFO;Controller;State = Running;
17/09/18;17:11:36.562;INFO;Robot Runtime;executing:    recover;
17/09/18;17:11:37.391;INFO;Robot Runtime;Near Location1 [Park] at distance of 0.002;
17/09/18;17:11:37.412;INFO;Robot Runtime;Near Location2 [Inspection] at distance of 477.24 ;
17/09/18;17:12:22.428;INFO;Robot Runtime;Done;
17/09/18;17:12:22.904;INFO;Controller;Activity ExecRobotTask ended. Return value: Done;
17/09/18;17:12:22.904;INFO;Controller;State = Ready;
17/09/18;17:12:42.741;INFO;Interface;Command: ExecRobotTask (park,-1);
17/09/18;17:12:42.741;INFO;Controller;Executing asynchronous activity: ExecRobotTask;
17/09/18;17:12:42.741;INFO;Controller;Status = Executing: park;
17/09/18;17:12:42.741;INFO;Controller;State = Running;
17/09/18;17:12:43.591;INFO;Robot Runtime;executing:    park;
17/09/18;17:12:47.154;INFO;Controller;Activity ExecRobotTask ended. Return value: Done;
17/09/18;17:12:47.154;INFO;Controller;State = Ready;
17/09/18;17:13:12.890;INFO;Server;Command: ExecRobotTask (Initialize,500000);
17/09/18;17:13:12.891;INFO;Controller;Executing asynchronous activity: ExecRobotTask;
17/09/18;17:13:12.891;INFO;Controller;Status = Executing: Initialize;
17/09/18;17:13:12.891;INFO;Controller;State = Running;
17/09/18;17:13:14.202;INFO;Robot Runtime;executing:    Initialize;
17/09/18;17:13:14.712;INFO;Controller;Activity ExecRobotTask ended. Return value: Done;
17/09/18;17:13:14.713;INFO;Controller;State = Ready;
17/09/18;17:13:14.743;INFO;Server;Command: ExecRobotTask (UnlatchRobGov,500000);
17/09/18;17:13:14.743;INFO;Controller;Executing asynchronous activity: ExecRobotTask;
17/09/18;17:13:14.743;INFO;Controller;Status = Executing: UnlatchRobGov;
17/09/18;17:13:14.743;INFO;Controller;State = Running;
17/09/18;17:13:15.754;INFO;Robot Runtime;executing:    UnlatchRobGov;
17/09/18;17:13:16.181;INFO;Controller;Activity ExecRobotTask ended. Return value: Done;
17/09/18;17:13:16.181;INFO;Controller;State = Ready;
17/09/18;17:13:16.195;INFO;Server;Command: ExecRobotTask (Recover,500000);
17/09/18;17:13:16.195;INFO;Controller;Executing asynchronous activity: ExecRobotTask;
17/09/18;17:13:16.195;INFO;Controller;Status = Executing: Recover;
17/09/18;17:13:16.195;INFO;Controller;State = Running;
17/09/18;17:13:17.636;INFO;Robot Runtime;executing:    Recover;
17/09/18;17:13:17.684;INFO;Robot Runtime;Near Location1 [Park] at distance of 0    ;
17/09/18;17:13:17.705;INFO;Robot Runtime;Near Location2 [Inspection] at distance of 477.24 ;
17/09/18;17:13:19.815;INFO;Robot Runtime;Done;
17/09/18;17:13:20.334;INFO;Controller;Activity ExecRobotTask ended. Return value: Done;
17/09/18;17:13:20.334;INFO;Controller;State = Ready;
17/09/18;17:13:20.344;INFO;Server;Command: ExecRobotTask (Finish,500000);
17/09/18;17:13:20.344;INFO;Controller;Executing asynchronous activity: ExecRobotTask;
17/09/18;17:13:20.345;INFO;Controller;Status = Executing: Finish;
17/09/18;17:13:20.345;INFO;Controller;State = Running;
17/09/18;17:13:21.339;INFO;Robot Runtime;executing:    Finish;
17/09/18;17:15:08.694;WARNING;Robot Runtime;AUTORECOVER=====> Found false kick. Resume Robot Power;
17/09/18;17:15:15.300;INFO;Controller;Activity ExecRobotTask ended. Return value: Done;
17/09/18;17:15:15.300;INFO;Controller;State = Ready;
17/09/18;17:21:53.515;INFO;Interface;Command: ExecRobotTask (initialize,-1);
17/09/18;17:21:53.515;INFO;Controller;Executing asynchronous activity: ExecRobotTask;
17/09/18;17:21:53.515;INFO;Controller;Status = Executing: initialize;
17/09/18;17:21:53.515;INFO;Controller;State = Running;
17/09/18;17:21:54.482;INFO;Robot Runtime;executing:    initialize;
17/09/18;17:21:55.651;INFO;Controller;Activity ExecRobotTask ended. Return value: Done;
17/09/18;17:21:55.651;INFO;Controller;State = Ready;
17/09/18;17:22:03.458;INFO;Interface;Command: ExecRobotTask (park,-1);
17/09/18;17:22:03.459;INFO;Controller;Executing asynchronous activity: ExecRobotTask;
17/09/18;17:22:03.459;INFO;Controller;Status = Executing: park;
17/09/18;17:22:03.459;INFO;Controller;State = Running;
17/09/18;17:22:04.671;INFO;Robot Runtime;executing:    park;
17/09/18;17:22:08.127;INFO;Controller;Activity ExecRobotTask ended. Return value: Done;
17/09/18;17:22:08.128;INFO;Controller;State = Ready;
17/09/18;17:22:43.128;INFO;Server;Command: ExecRobotTask (Initialize,500000);
17/09/18;17:22:43.129;INFO;Controller;Executing asynchronous activity: ExecRobotTask;
17/09/18;17:22:43.129;INFO;Controller;Status = Executing: Initialize;
17/09/18;17:22:43.129;INFO;Controller;State = Running;
17/09/18;17:22:43.999;INFO;Robot Runtime;executing:    Initialize;
17/09/18;17:22:44.352;INFO;Controller;Activity ExecRobotTask ended. Return value: Done;
17/09/18;17:22:44.352;INFO;Controller;State = Ready;
17/09/18;17:22:44.376;INFO;Server;Command: ExecRobotTask (UnlatchRobGov,500000);
17/09/18;17:22:44.376;INFO;Controller;Executing asynchronous activity: ExecRobotTask;
17/09/18;17:22:44.376;INFO;Controller;Status = Executing: UnlatchRobGov;
17/09/18;17:22:44.376;INFO;Controller;State = Running;
17/09/18;17:22:45.375;INFO;Robot Runtime;executing:    UnlatchRobGov;
17/09/18;17:22:45.824;INFO;Controller;Activity ExecRobotTask ended. Return value: Done;
17/09/18;17:22:45.824;INFO;Controller;State = Ready;
17/09/18;17:22:45.838;INFO;Server;Command: ExecRobotTask (Home,500000);
17/09/18;17:22:45.838;INFO;Controller;Executing asynchronous activity: ExecRobotTask;
17/09/18;17:22:45.838;INFO;Controller;Status = Executing: Home;
17/09/18;17:22:45.838;INFO;Controller;State = Running;
17/09/18;17:22:47.159;INFO;Robot Runtime;executing:    Home;
17/09/18;17:22:49.646;INFO;Controller;Activity ExecRobotTask ended. Return value: Done;
17/09/18;17:22:49.646;INFO;Controller;State = Ready;
17/09/18;17:22:49.654;INFO;Server;Command: ExecRobotTask (Finish,500000);
17/09/18;17:22:49.654;INFO;Controller;Executing asynchronous activity: ExecRobotTask;
17/09/18;17:22:49.654;INFO;Controller;Status = Executing: Finish;
17/09/18;17:22:49.654;INFO;Controller;State = Running;
17/09/18;17:22:50.650;INFO;Robot Runtime;executing:    Finish;
17/09/18;17:23:18.539;INFO;Controller;Activity ExecRobotTask ended. Return value: Done;
17/09/18;17:23:18.539;INFO;Controller;State = Ready;
17/09/18;17:23:37.540;INFO;Server;Command: ExecRobotTask (OpenPortLid,500000);
17/09/18;17:23:37.540;INFO;Controller;Executing asynchronous activity: ExecRobotTask;
17/09/18;17:23:37.540;INFO;Controller;Status = Executing: OpenPortLid;
17/09/18;17:23:37.540;INFO;Controller;State = Running;
17/09/18;17:23:38.828;INFO;Robot Runtime;executing:    OpenPortLid;
17/09/18;17:23:39.618;INFO;Controller;Activity ExecRobotTask ended. Return value: Done;
17/09/18;17:23:39.619;INFO;Controller;State = Ready;
17/09/18;17:23:52.884;INFO;Server;Command: ExecRobotTask (Initialize,500000);
17/09/18;17:23:52.885;INFO;Controller;Executing asynchronous activity: ExecRobotTask;
17/09/18;17:23:52.885;INFO;Controller;Status = Executing: Initialize;
17/09/18;17:23:52.885;INFO;Controller;State = Running;
17/09/18;17:23:53.850;INFO;Robot Runtime;executing:    Initialize;
17/09/18;17:23:55.152;INFO;Controller;Activity ExecRobotTask ended. Return value: Done;
17/09/18;17:23:55.152;INFO;Controller;State = Ready;
17/09/18;17:23:55.161;INFO;Server;Command: ExecRobotTask (UnlatchRobGov,500000);
17/09/18;17:23:55.161;INFO;Controller;Executing asynchronous activity: ExecRobotTask;
17/09/18;17:23:55.161;INFO;Controller;Status = Executing: UnlatchRobGov;
17/09/18;17:23:55.161;INFO;Controller;State = Running;
17/09/18;17:23:56.530;INFO;Robot Runtime;executing:    UnlatchRobGov;
17/09/18;17:23:56.901;INFO;Controller;Activity ExecRobotTask ended. Return value: Done;
17/09/18;17:23:56.902;INFO;Controller;State = Ready;
17/09/18;17:23:56.919;INFO;Server;Command: ExecRobotTask (Home,500000);
17/09/18;17:23:56.919;INFO;Controller;Executing asynchronous activity: ExecRobotTask;
17/09/18;17:23:56.919;INFO;Controller;Status = Executing: Home;
17/09/18;17:23:56.919;INFO;Controller;State = Running;
17/09/18;17:23:57.886;INFO;Robot Runtime;executing:    Home;
17/09/18;17:23:58.366;INFO;Controller;Activity ExecRobotTask ended. Return value: Done;
17/09/18;17:23:58.366;INFO;Controller;State = Ready;
17/09/18;17:23:58.383;INFO;Server;Command: ExecRobotTask (Finish,500000);
17/09/18;17:23:58.383;INFO;Controller;Executing asynchronous activity: ExecRobotTask;
17/09/18;17:23:58.383;INFO;Controller;Status = Executing: Finish;
17/09/18;17:23:58.383;INFO;Controller;State = Running;
17/09/18;17:23:59.721;INFO;Robot Runtime;executing:    Finish;
17/09/18;17:24:01.689;INFO;Controller;Activity ExecRobotTask ended. Return value: Done;
17/09/18;17:24:01.689;INFO;Controller;State = Ready;
17/09/18;17:25:52.580;INFO;Server;Command: ExecRobotTask (Initialize,500000);
17/09/18;17:25:52.580;INFO;Controller;Executing asynchronous activity: ExecRobotTask;
17/09/18;17:25:52.580;INFO;Controller;Status = Executing: Initialize;
17/09/18;17:25:52.580;INFO;Controller;State = Running;
17/09/18;17:25:53.576;INFO;Robot Runtime;executing:    Initialize;
17/09/18;17:25:54.535;INFO;Controller;Activity ExecRobotTask ended. Return value: Done;
17/09/18;17:25:54.535;INFO;Controller;State = Ready;
17/09/18;17:25:54.554;INFO;Server;Command: ExecRobotTask (UnlatchRobGov,500000);
17/09/18;17:25:54.554;INFO;Controller;Executing asynchronous activity: ExecRobotTask;
17/09/18;17:25:54.554;INFO;Controller;Status = Executing: UnlatchRobGov;
17/09/18;17:25:54.555;INFO;Controller;State = Running;
17/09/18;17:25:55.454;INFO;Robot Runtime;executing:    UnlatchRobGov;
17/09/18;17:25:55.911;INFO;Controller;Activity ExecRobotTask ended. Return value: Done;
17/09/18;17:25:55.911;INFO;Controller;State = Ready;
17/09/18;17:25:55.928;INFO;Server;Command: ExecRobotTask (Home,500000);
17/09/18;17:25:55.929;INFO;Controller;Executing asynchronous activity: ExecRobotTask;
17/09/18;17:25:55.929;INFO;Controller;Status = Executing: Home;
17/09/18;17:25:55.929;INFO;Controller;State = Running;
17/09/18;17:25:57.209;INFO;Robot Runtime;executing:    Home;
17/09/18;17:25:57.267;WARNING;Robot Runtime;AUTORECOVER=====> Found false kick. Resume Robot Power;
17/09/18;17:26:04.289;WARNING;Robot Runtime;AUTORECOVER=====> Failed to enable Robot Power;
17/09/18;17:26:04.336;INFO;Controller;Activity ExecRobotTask ended. Return value: ;
17/09/18;17:26:04.336;INFO;Controller;State = Ready;
17/09/18;17:28:32.866;INFO;Server;Command: ExecRobotTask (Initialize,500000);
17/09/18;17:28:32.867;INFO;Controller;Executing asynchronous activity: ExecRobotTask;
17/09/18;17:28:32.867;INFO;Controller;Status = Executing: Initialize;
17/09/18;17:28:32.867;INFO;Controller;State = Running;
17/09/18;17:28:33.807;INFO;Robot Runtime;executing:    Initialize;
17/09/18;17:28:35.011;INFO;Controller;Activity ExecRobotTask ended. Return value: Done;
17/09/18;17:28:35.011;INFO;Controller;State = Ready;
17/09/18;17:28:35.024;INFO;Server;Command: ExecRobotTask (UnlatchRobGov,500000);
17/09/18;17:28:35.024;INFO;Controller;Executing asynchronous activity: ExecRobotTask;
17/09/18;17:28:35.024;INFO;Controller;Status = Executing: UnlatchRobGov;
17/09/18;17:28:35.024;INFO;Controller;State = Running;
17/09/18;17:28:36.336;INFO;Robot Runtime;executing:    UnlatchRobGov;
17/09/18;17:28:36.774;INFO;Controller;Activity ExecRobotTask ended. Return value: Done;
17/09/18;17:28:36.774;INFO;Controller;State = Ready;
17/09/18;17:28:36.794;INFO;Server;Command: ExecRobotTask (Home,500000);
17/09/18;17:28:36.794;INFO;Controller;Executing asynchronous activity: ExecRobotTask;
17/09/18;17:28:36.794;INFO;Controller;Status = Executing: Home;
17/09/18;17:28:36.794;INFO;Controller;State = Running;
17/09/18;17:28:37.789;INFO;Robot Runtime;executing:    Home;
17/09/18;17:28:38.094;INFO;Controller;Activity ExecRobotTask ended. Return value: Done;
17/09/18;17:28:38.094;INFO;Controller;State = Ready;
17/09/18;17:28:38.109;INFO;Server;Command: ExecRobotTask (Finish,500000);
17/09/18;17:28:38.109;INFO;Controller;Executing asynchronous activity: ExecRobotTask;
17/09/18;17:28:38.109;INFO;Controller;Status = Executing: Finish;
17/09/18;17:28:38.109;INFO;Controller;State = Running;
17/09/18;17:28:39.396;INFO;Robot Runtime;executing:    Finish;
17/09/18;17:28:51.534;WARNING;Robot Runtime;AUTORECOVER=====> Found false kick. Resume Robot Power;
17/09/18;17:28:58.554;WARNING;Robot Runtime;AUTORECOVER=====> Failed to enable Robot Power;
17/09/18;17:28:58.596;INFO;Controller;Activity ExecRobotTask ended. Return value: ;
17/09/18;17:28:58.596;INFO;Controller;State = Ready;
17/09/18;17:29:47.266;INFO;Server;Command: ExecRobotTask (Recover,500000);
17/09/18;17:29:47.266;INFO;Controller;Executing asynchronous activity: ExecRobotTask;
17/09/18;17:29:47.266;INFO;Controller;Status = Executing: Recover;
17/09/18;17:29:47.266;INFO;Controller;State = Running;
17/09/18;17:29:48.440;INFO;Robot Runtime;executing:    Recover;
17/09/18;17:29:49.288;INFO;Robot Runtime;Near Location1 [Heater] at distance of 0.006;
17/09/18;17:29:49.309;INFO;Robot Runtime;Near Location2 [Inspection] at distance of 180.875;
17/09/18;17:29:51.764;INFO;Robot Runtime;Done;
17/09/18;17:29:52.138;INFO;Controller;Activity ExecRobotTask ended. Return value: Done;
17/09/18;17:29:52.138;INFO;Controller;State = Ready;
17/09/18;17:29:59.813;INFO;Server;Command: ExecRobotTask (Initialize,500000);
17/09/18;17:29:59.813;INFO;Controller;Executing asynchronous activity: ExecRobotTask;
17/09/18;17:29:59.813;INFO;Controller;Status = Executing: Initialize;
17/09/18;17:29:59.813;INFO;Controller;State = Running;
17/09/18;17:30:01.096;INFO;Robot Runtime;executing:    Initialize;
17/09/18;17:30:01.471;INFO;Controller;Activity ExecRobotTask ended. Return value: Done;
17/09/18;17:30:01.471;INFO;Controller;State = Ready;
17/09/18;17:30:01.502;INFO;Server;Command: ExecRobotTask (UnlatchRobGov,500000);
17/09/18;17:30:01.502;INFO;Controller;Executing asynchronous activity: ExecRobotTask;
17/09/18;17:30:01.502;INFO;Controller;Status = Executing: UnlatchRobGov;
17/09/18;17:30:01.502;INFO;Controller;State = Running;
17/09/18;17:30:02.555;INFO;Robot Runtime;executing:    UnlatchRobGov;
17/09/18;17:30:02.945;INFO;Controller;Activity ExecRobotTask ended. Return value: Done;
17/09/18;17:30:02.946;INFO;Controller;State = Ready;
17/09/18;17:30:02.954;INFO;Server;Command: ExecRobotTask (Home,500000);
17/09/18;17:30:02.954;INFO;Controller;Executing asynchronous activity: ExecRobotTask;
17/09/18;17:30:02.954;INFO;Controller;Status = Executing: Home;
17/09/18;17:30:02.954;INFO;Controller;State = Running;
17/09/18;17:30:04.239;INFO;Robot Runtime;executing:    Home;
17/09/18;17:30:04.699;INFO;Controller;Activity ExecRobotTask ended. Return value: Done;
17/09/18;17:30:04.699;INFO;Controller;State = Ready;
17/09/18;17:30:04.710;INFO;Server;Command: ExecRobotTask (Finish,500000);
17/09/18;17:30:04.711;INFO;Controller;Executing asynchronous activity: ExecRobotTask;
17/09/18;17:30:04.711;INFO;Controller;Status = Executing: Finish;
17/09/18;17:30:04.711;INFO;Controller;State = Running;
17/09/18;17:30:05.738;INFO;Robot Runtime;executing:    Finish;
17/09/18;17:30:07.755;INFO;Controller;Activity ExecRobotTask ended. Return value: Done;
17/09/18;17:30:07.755;INFO;Controller;State = Ready;
