25/05/18;09:57:25.049;INFO;Server;Command: ExecRobotTask (ClosePorts,500000);
25/05/18;09:57:25.050;INFO;Controller;Executing asynchronous activity: ExecRobotTask;
25/05/18;09:57:25.050;INFO;Controller;Status = Executing: ClosePorts;
25/05/18;09:57:25.050;INFO;Controller;State = Running;
25/05/18;09:57:25.939;INFO;Robot Runtime;executing:    ClosePorts;
25/05/18;09:57:26.272;INFO;Controller;Activity ExecRobotTask ended. Return value: Done;
25/05/18;09:57:26.273;INFO;Controller;State = Ready;
25/05/18;09:57:36.686;INFO;Server;Command: ExecRobotTask (EnableTScreen,500000);
25/05/18;09:57:36.686;INFO;Controller;Executing asynchronous activity: ExecRobotTask;
25/05/18;09:57:36.686;INFO;Controller;Status = Executing: EnableTScreen;
25/05/18;09:57:36.686;INFO;Controller;State = Running;
25/05/18;09:57:37.561;INFO;Robot Runtime;executing:    EnableTScreen;
25/05/18;09:57:37.741;INFO;Controller;Activity ExecRobotTask ended. Return value: Done;
25/05/18;09:57:37.741;INFO;Controller;State = Ready;
25/05/18;09:58:57.091;INFO;Interface;Command: ExecRobotTask (cooldown,-1);
25/05/18;09:58:57.092;INFO;Controller;Executing asynchronous activity: ExecRobotTask;
25/05/18;09:58:57.092;INFO;Controller;Status = Executing: cooldown;
25/05/18;09:58:57.092;INFO;Controller;State = Running;
25/05/18;09:58:58.162;INFO;Robot Runtime;executing:    cooldown;
25/05/18;09:59:03.204;INFO;Robot Runtime;Failed (Time Out) to open Park Lid.;
25/05/18;09:59:03.503;INFO;Controller;Activity ExecRobotTask ended. Return value: ABORT: Open Park Lid Timeout;
25/05/18;09:59:03.504;INFO;Controller;State = Ready;
25/05/18;10:00:45.074;INFO;Interface;Command: ExecRobotTask (cooldown,-1);
25/05/18;10:00:45.075;INFO;Controller;Executing asynchronous activity: ExecRobotTask;
25/05/18;10:00:45.075;INFO;Controller;Status = Executing: cooldown;
25/05/18;10:00:45.075;INFO;Controller;State = Running;
25/05/18;10:00:45.904;INFO;Robot Runtime;executing:    cooldown;
25/05/18;10:01:54.059;INFO;Interface;Command: Abort;
25/05/18;10:01:54.060;INFO;Robot;Abort;
25/05/18;10:01:54.060;INFO;Controller;Activity ExecRobotTask was stopped;
25/05/18;10:01:54.060;INFO;Controller;State = Ready;
25/05/18;10:02:05.762;INFO;Interface;Command: ExecRobotTask (finish,-1);
25/05/18;10:02:05.762;INFO;Controller;Executing asynchronous activity: ExecRobotTask;
25/05/18;10:02:05.762;INFO;Controller;Status = Executing: finish;
25/05/18;10:02:05.762;INFO;Controller;State = Running;
25/05/18;10:02:06.654;INFO;Robot Runtime;executing:    finish;
25/05/18;10:04:13.920;INFO;Controller;Activity ExecRobotTask ended. Return value: Done;
25/05/18;10:04:13.920;INFO;Controller;State = Ready;
25/05/18;10:08:19.330;INFO;Server;Command: ExecRobotTask (Initialize,500000);
25/05/18;10:08:19.330;INFO;Controller;Executing asynchronous activity: ExecRobotTask;
25/05/18;10:08:19.330;INFO;Controller;Status = Executing: Initialize;
25/05/18;10:08:19.330;INFO;Controller;State = Running;
25/05/18;10:08:20.259;INFO;Robot Runtime;executing:    Initialize;
25/05/18;10:08:21.224;INFO;Controller;Activity ExecRobotTask ended. Return value: Done;
25/05/18;10:08:21.224;INFO;Controller;State = Ready;
25/05/18;10:08:21.971;INFO;Server;Command: ExecRobotTask (LatchRobGov,500000);
25/05/18;10:08:21.971;INFO;Controller;Executing asynchronous activity: ExecRobotTask;
25/05/18;10:08:21.971;INFO;Controller;Status = Executing: LatchRobGov;
25/05/18;10:08:21.971;INFO;Controller;State = Running;
25/05/18;10:08:22.926;INFO;Robot Runtime;executing:    LatchRobGov;
25/05/18;10:08:23.522;INFO;Controller;Activity ExecRobotTask ended. Return value: Done;
25/05/18;10:08:23.522;INFO;Controller;State = Ready;
25/05/18;10:08:24.431;INFO;Server;Command: ExecRobotTask (TraceSample,500000);
25/05/18;10:08:24.431;INFO;Controller;Executing asynchronous activity: ExecRobotTask;
25/05/18;10:08:24.431;INFO;Controller;Status = Executing: TraceSample;
25/05/18;10:08:24.431;INFO;Controller;State = Running;
25/05/18;10:08:25.517;INFO;Robot Runtime;executing:    TraceSample;
25/05/18;10:08:26.431;INFO;Controller;Activity ExecRobotTask ended. Return value: Done False/False/False;
25/05/18;10:08:26.431;INFO;Controller;State = Ready;
25/05/18;10:08:27.174;INFO;Server;Command: ExecRobotTask (CoolDown,500000);
25/05/18;10:08:27.175;INFO;Controller;Executing asynchronous activity: ExecRobotTask;
25/05/18;10:08:27.175;INFO;Controller;Status = Executing: CoolDown;
25/05/18;10:08:27.175;INFO;Controller;State = Running;
25/05/18;10:08:28.060;INFO;Robot Runtime;executing:    CoolDown;
25/05/18;10:09:33.415;INFO;Controller;Activity ExecRobotTask ended. Return value: Done;
25/05/18;10:09:33.415;INFO;Controller;State = Ready;
25/05/18;10:09:34.340;INFO;Server;Command: ExecRobotTask (Load,500000);
25/05/18;10:09:34.340;INFO;Controller;Executing asynchronous activity: ExecRobotTask;
25/05/18;10:09:34.341;INFO;Controller;Status = Executing: Load;
25/05/18;10:09:34.341;INFO;Controller;State = Running;
25/05/18;10:09:35.288;INFO;Robot Runtime;executing:    Load;
25/05/18;10:09:44.831;INFO;Controller;Activity ExecRobotTask ended. Return value: Done False/True/False;
25/05/18;10:09:44.831;INFO;Controller;State = Ready;
25/05/18;10:09:45.580;INFO;Server;Command: ExecRobotTask (Mount,500000);
25/05/18;10:09:45.580;INFO;Controller;Executing asynchronous activity: ExecRobotTask;
25/05/18;10:09:45.580;INFO;Controller;Status = Executing: Mount;
25/05/18;10:09:45.580;INFO;Controller;State = Running;
25/05/18;10:09:46.654;INFO;Robot Runtime;executing:    Mount;
25/05/18;10:09:54.979;INFO;Controller;Activity ExecRobotTask ended. Return value: Done True/False/False;
25/05/18;10:09:54.979;INFO;Controller;State = Ready;
25/05/18;10:09:55.595;INFO;Server;Command: ExecRobotTask (Park,500000);
25/05/18;10:09:55.596;INFO;Controller;Executing asynchronous activity: ExecRobotTask;
25/05/18;10:09:55.596;INFO;Controller;Status = Executing: Park;
25/05/18;10:09:55.596;INFO;Controller;State = Running;
25/05/18;10:09:56.517;INFO;Robot Runtime;executing:    Park;
25/05/18;10:09:59.730;INFO;Controller;Activity ExecRobotTask ended. Return value: Done;
25/05/18;10:09:59.730;INFO;Controller;State = Ready;
25/05/18;10:10:00.479;INFO;Server;Command: ExecRobotTask (UnlatchRobGov,500000);
25/05/18;10:10:00.479;INFO;Controller;Executing asynchronous activity: ExecRobotTask;
25/05/18;10:10:00.480;INFO;Controller;Status = Executing: UnlatchRobGov;
25/05/18;10:10:00.480;INFO;Controller;State = Running;
25/05/18;10:10:01.328;INFO;Robot Runtime;executing:    UnlatchRobGov;
25/05/18;10:10:01.784;INFO;Controller;Activity ExecRobotTask ended. Return value: Done;
25/05/18;10:10:01.784;INFO;Controller;State = Ready;
25/05/18;10:12:13.105;INFO;Server;Command: ExecRobotTask (Initialize,500000);
25/05/18;10:12:13.105;INFO;Controller;Executing asynchronous activity: ExecRobotTask;
25/05/18;10:12:13.105;INFO;Controller;Status = Executing: Initialize;
25/05/18;10:12:13.105;INFO;Controller;State = Running;
25/05/18;10:12:14.035;INFO;Robot Runtime;executing:    Initialize;
25/05/18;10:12:14.625;INFO;Controller;Activity ExecRobotTask ended. Return value: Done;
25/05/18;10:12:14.625;INFO;Controller;State = Ready;
25/05/18;10:12:15.370;INFO;Server;Command: ExecRobotTask (LatchRobGov2,500000);
25/05/18;10:12:15.371;INFO;Controller;Executing asynchronous activity: ExecRobotTask;
25/05/18;10:12:15.371;INFO;Controller;Status = Executing: LatchRobGov2;
25/05/18;10:12:15.371;INFO;Controller;State = Running;
25/05/18;10:12:16.452;INFO;Robot Runtime;executing:    LatchRobGov2;
25/05/18;10:12:17.110;INFO;Controller;Activity ExecRobotTask ended. Return value: Done;
25/05/18;10:12:17.110;INFO;Controller;State = Ready;
25/05/18;10:12:17.848;INFO;Server;Command: ExecRobotTask (CoolDown,500000);
25/05/18;10:12:17.848;INFO;Controller;Executing asynchronous activity: ExecRobotTask;
25/05/18;10:12:17.848;INFO;Controller;Status = Executing: CoolDown;
25/05/18;10:12:17.848;INFO;Controller;State = Running;
25/05/18;10:12:18.649;INFO;Robot Runtime;executing:    CoolDown;
25/05/18;10:12:19.148;INFO;Controller;Activity ExecRobotTask ended. Return value: Done;
25/05/18;10:12:19.148;INFO;Controller;State = Ready;
25/05/18;10:12:21.295;INFO;Server;Command: ExecRobotTask (Home,500000);
25/05/18;10:12:21.295;INFO;Controller;Executing asynchronous activity: ExecRobotTask;
25/05/18;10:12:21.295;INFO;Controller;Status = Executing: Home;
25/05/18;10:12:21.295;INFO;Controller;State = Running;
25/05/18;10:12:22.198;INFO;Robot Runtime;executing:    Home;
25/05/18;10:12:24.754;INFO;Controller;Activity ExecRobotTask ended. Return value: Done;
25/05/18;10:12:24.754;INFO;Controller;State = Ready;
25/05/18;10:12:25.424;INFO;Server;Command: ExecRobotTask (ClosePorts,500000);
25/05/18;10:12:25.424;INFO;Controller;Executing asynchronous activity: ExecRobotTask;
25/05/18;10:12:25.424;INFO;Controller;Status = Executing: ClosePorts;
25/05/18;10:12:25.424;INFO;Controller;State = Running;
25/05/18;10:12:26.250;INFO;Robot Runtime;executing:    ClosePorts;
25/05/18;10:12:26.642;INFO;Controller;Activity ExecRobotTask ended. Return value: Done;
25/05/18;10:12:26.642;INFO;Controller;State = Ready;
25/05/18;10:12:27.812;INFO;Server;Command: ExecRobotTask (Unmount,500000);
25/05/18;10:12:27.812;INFO;Controller;Executing asynchronous activity: ExecRobotTask;
25/05/18;10:12:27.812;INFO;Controller;Status = Executing: Unmount;
25/05/18;10:12:27.812;INFO;Controller;State = Running;
25/05/18;10:12:28.644;INFO;Robot Runtime;executing:    Unmount;
25/05/18;10:12:35.084;INFO;Controller;Activity ExecRobotTask ended. Return value: Done False/True/False;
25/05/18;10:12:35.084;INFO;Controller;State = Ready;
25/05/18;10:12:35.830;INFO;Server;Command: ExecRobotTask (Unload,500000);
25/05/18;10:12:35.830;INFO;Controller;Executing asynchronous activity: ExecRobotTask;
25/05/18;10:12:35.830;INFO;Controller;Status = Executing: Unload;
25/05/18;10:12:35.830;INFO;Controller;State = Running;
25/05/18;10:12:36.790;INFO;Robot Runtime;executing:    Unload;
25/05/18;10:12:41.518;INFO;Controller;Activity ExecRobotTask ended. Return value: Done False/False/False;
25/05/18;10:12:41.518;INFO;Controller;State = Ready;
25/05/18;10:12:45.023;INFO;Server;Command: ExecRobotTask (Load,500000);
25/05/18;10:12:45.023;INFO;Controller;Executing asynchronous activity: ExecRobotTask;
25/05/18;10:12:45.024;INFO;Controller;Status = Executing: Load;
25/05/18;10:12:45.024;INFO;Controller;State = Running;
25/05/18;10:12:46.133;INFO;Robot Runtime;executing:    Load;
25/05/18;10:12:53.081;INFO;Controller;Activity ExecRobotTask ended. Return value: Done False/True/False;
25/05/18;10:12:53.081;INFO;Controller;State = Ready;
25/05/18;10:12:53.830;INFO;Server;Command: ExecRobotTask (Mount,500000);
25/05/18;10:12:53.830;INFO;Controller;Executing asynchronous activity: ExecRobotTask;
25/05/18;10:12:53.830;INFO;Controller;Status = Executing: Mount;
25/05/18;10:12:53.830;INFO;Controller;State = Running;
25/05/18;10:12:54.711;INFO;Robot Runtime;executing:    Mount;
25/05/18;10:13:01.759;INFO;Controller;Activity ExecRobotTask ended. Return value: Done True/False/False;
25/05/18;10:13:01.759;INFO;Controller;State = Ready;
25/05/18;10:13:02.508;INFO;Server;Command: ExecRobotTask (Park,500000);
25/05/18;10:13:02.508;INFO;Controller;Executing asynchronous activity: ExecRobotTask;
25/05/18;10:13:02.508;INFO;Controller;Status = Executing: Park;
25/05/18;10:13:02.508;INFO;Controller;State = Running;
25/05/18;10:13:03.461;INFO;Robot Runtime;executing:    Park;
25/05/18;10:13:06.510;INFO;Controller;Activity ExecRobotTask ended. Return value: Done;
25/05/18;10:13:06.510;INFO;Controller;State = Ready;
25/05/18;10:13:07.270;INFO;Server;Command: ExecRobotTask (UnlatchRobGov,500000);
25/05/18;10:13:07.270;INFO;Controller;Executing asynchronous activity: ExecRobotTask;
25/05/18;10:13:07.270;INFO;Controller;Status = Executing: UnlatchRobGov;
25/05/18;10:13:07.270;INFO;Controller;State = Running;
25/05/18;10:13:08.124;INFO;Robot Runtime;executing:    UnlatchRobGov;
25/05/18;10:13:08.554;INFO;Controller;Activity ExecRobotTask ended. Return value: Done;
25/05/18;10:13:08.554;INFO;Controller;State = Ready;
25/05/18;10:14:41.588;INFO;Server;Command: ExecRobotTask (Initialize,500000);
25/05/18;10:14:41.588;INFO;Controller;Executing asynchronous activity: ExecRobotTask;
25/05/18;10:14:41.588;INFO;Controller;Status = Executing: Initialize;
25/05/18;10:14:41.588;INFO;Controller;State = Running;
25/05/18;10:14:42.660;INFO;Robot Runtime;executing:    Initialize;
25/05/18;10:14:43.128;INFO;Controller;Activity ExecRobotTask ended. Return value: Done;
25/05/18;10:14:43.128;INFO;Controller;State = Ready;
25/05/18;10:14:43.888;INFO;Server;Command: ExecRobotTask (LatchRobGov2,500000);
25/05/18;10:14:43.888;INFO;Controller;Executing asynchronous activity: ExecRobotTask;
25/05/18;10:14:43.889;INFO;Controller;Status = Executing: LatchRobGov2;
25/05/18;10:14:43.889;INFO;Controller;State = Running;
25/05/18;10:14:44.792;INFO;Robot Runtime;executing:    LatchRobGov2;
25/05/18;10:14:48.201;INFO;Controller;Activity ExecRobotTask ended. Return value: Done;
25/05/18;10:14:48.201;INFO;Controller;State = Ready;
25/05/18;10:14:48.950;INFO;Server;Command: ExecRobotTask (CoolDown,500000);
25/05/18;10:14:48.950;INFO;Controller;Executing asynchronous activity: ExecRobotTask;
25/05/18;10:14:48.950;INFO;Controller;Status = Executing: CoolDown;
25/05/18;10:14:48.950;INFO;Controller;State = Running;
25/05/18;10:14:49.749;INFO;Robot Runtime;executing:    CoolDown;
25/05/18;10:14:50.085;INFO;Controller;Activity ExecRobotTask ended. Return value: Done;
25/05/18;10:14:50.086;INFO;Controller;State = Ready;
25/05/18;10:14:52.385;INFO;Server;Command: ExecRobotTask (Home,500000);
25/05/18;10:14:52.385;INFO;Controller;Executing asynchronous activity: ExecRobotTask;
25/05/18;10:14:52.386;INFO;Controller;Status = Executing: Home;
25/05/18;10:14:52.386;INFO;Controller;State = Running;
25/05/18;10:14:53.310;INFO;Robot Runtime;executing:    Home;
25/05/18;10:14:55.910;INFO;Controller;Activity ExecRobotTask ended. Return value: Done;
25/05/18;10:14:55.910;INFO;Controller;State = Ready;
25/05/18;10:14:56.683;INFO;Server;Command: ExecRobotTask (ClosePorts,500000);
25/05/18;10:14:56.684;INFO;Controller;Executing asynchronous activity: ExecRobotTask;
25/05/18;10:14:56.684;INFO;Controller;Status = Executing: ClosePorts;
25/05/18;10:14:56.684;INFO;Controller;State = Running;
25/05/18;10:14:57.523;INFO;Robot Runtime;executing:    ClosePorts;
25/05/18;10:14:58.039;INFO;Controller;Activity ExecRobotTask ended. Return value: Done;
25/05/18;10:14:58.039;INFO;Controller;State = Ready;
25/05/18;10:14:59.297;INFO;Server;Command: ExecRobotTask (Unmount,500000);
25/05/18;10:14:59.298;INFO;Controller;Executing asynchronous activity: ExecRobotTask;
25/05/18;10:14:59.298;INFO;Controller;Status = Executing: Unmount;
25/05/18;10:14:59.298;INFO;Controller;State = Running;
25/05/18;10:15:00.104;INFO;Robot Runtime;executing:    Unmount;
25/05/18;10:15:06.962;INFO;Controller;Activity ExecRobotTask ended. Return value: Done False/True/False;
25/05/18;10:15:06.963;INFO;Controller;State = Ready;
25/05/18;10:15:07.718;INFO;Server;Command: ExecRobotTask (Unload,500000);
25/05/18;10:15:07.718;INFO;Controller;Executing asynchronous activity: ExecRobotTask;
25/05/18;10:15:07.718;INFO;Controller;Status = Executing: Unload;
25/05/18;10:15:07.718;INFO;Controller;State = Running;
25/05/18;10:15:08.804;INFO;Robot Runtime;executing:    Unload;
25/05/18;10:15:13.426;INFO;Controller;Activity ExecRobotTask ended. Return value: Done False/False/False;
25/05/18;10:15:13.426;INFO;Controller;State = Ready;
25/05/18;10:15:16.936;INFO;Server;Command: ExecRobotTask (Load,500000);
25/05/18;10:15:16.937;INFO;Controller;Executing asynchronous activity: ExecRobotTask;
25/05/18;10:15:16.937;INFO;Controller;Status = Executing: Load;
25/05/18;10:15:16.937;INFO;Controller;State = Running;
25/05/18;10:15:17.880;INFO;Robot Runtime;executing:    Load;
25/05/18;10:15:24.740;INFO;Controller;Activity ExecRobotTask ended. Return value: Done False/True/False;
25/05/18;10:15:24.740;INFO;Controller;State = Ready;
25/05/18;10:15:25.431;INFO;Server;Command: ExecRobotTask (Mount,500000);
25/05/18;10:15:25.431;INFO;Controller;Executing asynchronous activity: ExecRobotTask;
25/05/18;10:15:25.431;INFO;Controller;Status = Executing: Mount;
25/05/18;10:15:25.431;INFO;Controller;State = Running;
25/05/18;10:15:26.343;INFO;Robot Runtime;executing:    Mount;
25/05/18;10:15:34.133;INFO;Controller;Activity ExecRobotTask ended. Return value: Done True/False/False;
25/05/18;10:15:34.133;INFO;Controller;State = Ready;
25/05/18;10:15:34.886;INFO;Server;Command: ExecRobotTask (Park,500000);
25/05/18;10:15:34.886;INFO;Controller;Executing asynchronous activity: ExecRobotTask;
25/05/18;10:15:34.886;INFO;Controller;Status = Executing: Park;
25/05/18;10:15:34.886;INFO;Controller;State = Running;
25/05/18;10:15:35.970;INFO;Robot Runtime;executing:    Park;
25/05/18;10:15:39.297;INFO;Controller;Activity ExecRobotTask ended. Return value: Done;
25/05/18;10:15:39.297;INFO;Controller;State = Ready;
25/05/18;10:15:40.050;INFO;Server;Command: ExecRobotTask (UnlatchRobGov,500000);
25/05/18;10:15:40.050;INFO;Controller;Executing asynchronous activity: ExecRobotTask;
25/05/18;10:15:40.050;INFO;Controller;Status = Executing: UnlatchRobGov;
25/05/18;10:15:40.050;INFO;Controller;State = Running;
25/05/18;10:15:40.901;INFO;Robot Runtime;executing:    UnlatchRobGov;
25/05/18;10:15:41.032;INFO;Controller;Activity ExecRobotTask ended. Return value: Done;
25/05/18;10:15:41.032;INFO;Controller;State = Ready;
25/05/18;10:17:14.862;INFO;Server;Command: ExecRobotTask (Initialize,500000);
25/05/18;10:17:14.863;INFO;Controller;Executing asynchronous activity: ExecRobotTask;
25/05/18;10:17:14.863;INFO;Controller;Status = Executing: Initialize;
25/05/18;10:17:14.863;INFO;Controller;State = Running;
25/05/18;10:17:15.806;INFO;Robot Runtime;executing:    Initialize;
25/05/18;10:17:16.413;INFO;Controller;Activity ExecRobotTask ended. Return value: Done;
25/05/18;10:17:16.413;INFO;Controller;State = Ready;
25/05/18;10:17:17.234;INFO;Server;Command: ExecRobotTask (LatchRobGov2,500000);
25/05/18;10:17:17.235;INFO;Controller;Executing asynchronous activity: ExecRobotTask;
25/05/18;10:17:17.235;INFO;Controller;Status = Executing: LatchRobGov2;
25/05/18;10:17:17.235;INFO;Controller;State = Running;
25/05/18;10:17:18.141;INFO;Robot Runtime;executing:    LatchRobGov2;
25/05/18;10:17:20.499;INFO;Controller;Activity ExecRobotTask ended. Return value: Done;
25/05/18;10:17:20.499;INFO;Controller;State = Ready;
25/05/18;10:17:21.966;INFO;Server;Command: ExecRobotTask (CoolDown,500000);
25/05/18;10:17:21.966;INFO;Controller;Executing asynchronous activity: ExecRobotTask;
25/05/18;10:17:21.966;INFO;Controller;Status = Executing: CoolDown;
25/05/18;10:17:21.966;INFO;Controller;State = Running;
25/05/18;10:17:22.768;INFO;Robot Runtime;executing:    CoolDown;
25/05/18;10:17:22.933;INFO;Controller;Activity ExecRobotTask ended. Return value: Done;
25/05/18;10:17:22.934;INFO;Controller;State = Ready;
25/05/18;10:17:25.444;INFO;Server;Command: ExecRobotTask (Home,500000);
25/05/18;10:17:25.445;INFO;Controller;Executing asynchronous activity: ExecRobotTask;
25/05/18;10:17:25.445;INFO;Controller;Status = Executing: Home;
25/05/18;10:17:25.445;INFO;Controller;State = Running;
25/05/18;10:17:26.506;INFO;Robot Runtime;executing:    Home;
25/05/18;10:17:28.970;INFO;Controller;Activity ExecRobotTask ended. Return value: Done;
25/05/18;10:17:28.970;INFO;Controller;State = Ready;
25/05/18;10:17:29.727;INFO;Server;Command: ExecRobotTask (ClosePorts,500000);
25/05/18;10:17:29.727;INFO;Controller;Executing asynchronous activity: ExecRobotTask;
25/05/18;10:17:29.727;INFO;Controller;Status = Executing: ClosePorts;
25/05/18;10:17:29.727;INFO;Controller;State = Running;
25/05/18;10:17:30.549;INFO;Robot Runtime;executing:    ClosePorts;
25/05/18;10:17:30.700;INFO;Controller;Activity ExecRobotTask ended. Return value: Done;
25/05/18;10:17:30.700;INFO;Controller;State = Ready;
25/05/18;10:17:32.405;INFO;Server;Command: ExecRobotTask (Unmount,500000);
25/05/18;10:17:32.406;INFO;Controller;Executing asynchronous activity: ExecRobotTask;
25/05/18;10:17:32.406;INFO;Controller;Status = Executing: Unmount;
25/05/18;10:17:32.406;INFO;Controller;State = Running;
25/05/18;10:17:33.224;INFO;Robot Runtime;executing:    Unmount;
25/05/18;10:17:39.554;INFO;Controller;Activity ExecRobotTask ended. Return value: Done False/True/False;
25/05/18;10:17:39.555;INFO;Controller;State = Ready;
25/05/18;10:17:40.320;INFO;Server;Command: ExecRobotTask (Unload,500000);
25/05/18;10:17:40.320;INFO;Controller;Executing asynchronous activity: ExecRobotTask;
25/05/18;10:17:40.320;INFO;Controller;Status = Executing: Unload;
25/05/18;10:17:40.320;INFO;Controller;State = Running;
25/05/18;10:17:41.286;INFO;Robot Runtime;executing:    Unload;
25/05/18;10:17:46.010;INFO;Controller;Activity ExecRobotTask ended. Return value: Done False/False/False;
25/05/18;10:17:46.010;INFO;Controller;State = Ready;
25/05/18;10:17:49.522;INFO;Server;Command: ExecRobotTask (Load,500000);
25/05/18;10:17:49.522;INFO;Controller;Executing asynchronous activity: ExecRobotTask;
25/05/18;10:17:49.522;INFO;Controller;Status = Executing: Load;
25/05/18;10:17:49.522;INFO;Controller;State = Running;
25/05/18;10:17:50.456;INFO;Robot Runtime;executing:    Load;
25/05/18;10:17:57.345;INFO;Controller;Activity ExecRobotTask ended. Return value: Done False/True/False;
25/05/18;10:17:57.345;INFO;Controller;State = Ready;
25/05/18;10:17:58.097;INFO;Server;Command: ExecRobotTask (Mount,500000);
25/05/18;10:17:58.097;INFO;Controller;Executing asynchronous activity: ExecRobotTask;
25/05/18;10:17:58.097;INFO;Controller;Status = Executing: Mount;
25/05/18;10:17:58.097;INFO;Controller;State = Running;
25/05/18;10:17:59.154;INFO;Robot Runtime;executing:    Mount;
25/05/18;10:18:06.803;INFO;Controller;Activity ExecRobotTask ended. Return value: Done True/False/False;
25/05/18;10:18:06.803;INFO;Controller;State = Ready;
25/05/18;10:18:07.571;INFO;Server;Command: ExecRobotTask (Park,500000);
25/05/18;10:18:07.571;INFO;Controller;Executing asynchronous activity: ExecRobotTask;
25/05/18;10:18:07.571;INFO;Controller;Status = Executing: Park;
25/05/18;10:18:07.571;INFO;Controller;State = Running;
25/05/18;10:18:08.520;INFO;Robot Runtime;executing:    Park;
25/05/18;10:18:11.974;INFO;Controller;Activity ExecRobotTask ended. Return value: Done;
25/05/18;10:18:11.974;INFO;Controller;State = Ready;
25/05/18;10:18:12.739;INFO;Server;Command: ExecRobotTask (UnlatchRobGov,500000);
25/05/18;10:18:12.739;INFO;Controller;Executing asynchronous activity: ExecRobotTask;
25/05/18;10:18:12.739;INFO;Controller;Status = Executing: UnlatchRobGov;
25/05/18;10:18:12.739;INFO;Controller;State = Running;
25/05/18;10:18:13.582;INFO;Robot Runtime;executing:    UnlatchRobGov;
25/05/18;10:18:14.111;INFO;Controller;Activity ExecRobotTask ended. Return value: Done;
25/05/18;10:18:14.112;INFO;Controller;State = Ready;
25/05/18;10:19:47.551;INFO;Server;Command: ExecRobotTask (Initialize,500000);
25/05/18;10:19:47.551;INFO;Controller;Executing asynchronous activity: ExecRobotTask;
25/05/18;10:19:47.551;INFO;Controller;Status = Executing: Initialize;
25/05/18;10:19:47.551;INFO;Controller;State = Running;
25/05/18;10:19:48.466;INFO;Robot Runtime;executing:    Initialize;
25/05/18;10:19:49.050;INFO;Controller;Activity ExecRobotTask ended. Return value: Done;
25/05/18;10:19:49.050;INFO;Controller;State = Ready;
25/05/18;10:19:49.796;INFO;Server;Command: ExecRobotTask (LatchRobGov2,500000);
25/05/18;10:19:49.797;INFO;Controller;Executing asynchronous activity: ExecRobotTask;
25/05/18;10:19:49.797;INFO;Controller;Status = Executing: LatchRobGov2;
25/05/18;10:19:49.797;INFO;Controller;State = Running;
25/05/18;10:19:50.874;INFO;Robot Runtime;executing:    LatchRobGov2;
25/05/18;10:19:53.162;INFO;Controller;Activity ExecRobotTask ended. Return value: Done;
25/05/18;10:19:53.162;INFO;Controller;State = Ready;
25/05/18;10:19:53.915;INFO;Server;Command: ExecRobotTask (CoolDown,500000);
25/05/18;10:19:53.915;INFO;Controller;Executing asynchronous activity: ExecRobotTask;
25/05/18;10:19:53.915;INFO;Controller;Status = Executing: CoolDown;
25/05/18;10:19:53.915;INFO;Controller;State = Running;
25/05/18;10:19:54.711;INFO;Robot Runtime;executing:    CoolDown;
25/05/18;10:19:54.877;INFO;Controller;Activity ExecRobotTask ended. Return value: Done;
25/05/18;10:19:54.877;INFO;Controller;State = Ready;
25/05/18;10:19:57.192;INFO;Server;Command: ExecRobotTask (Home,500000);
25/05/18;10:19:57.192;INFO;Controller;Executing asynchronous activity: ExecRobotTask;
25/05/18;10:19:57.192;INFO;Controller;Status = Executing: Home;
25/05/18;10:19:57.192;INFO;Controller;State = Running;
25/05/18;10:19:58.122;INFO;Robot Runtime;executing:    Home;
25/05/18;10:20:00.636;INFO;Controller;Activity ExecRobotTask ended. Return value: Done;
25/05/18;10:20:00.636;INFO;Controller;State = Ready;
25/05/18;10:20:01.390;INFO;Server;Command: ExecRobotTask (ClosePorts,500000);
25/05/18;10:20:01.390;INFO;Controller;Executing asynchronous activity: ExecRobotTask;
25/05/18;10:20:01.390;INFO;Controller;Status = Executing: ClosePorts;
25/05/18;10:20:01.390;INFO;Controller;State = Running;
25/05/18;10:20:02.233;INFO;Robot Runtime;executing:    ClosePorts;
25/05/18;10:20:02.359;INFO;Controller;Activity ExecRobotTask ended. Return value: Done;
25/05/18;10:20:02.360;INFO;Controller;State = Ready;
25/05/18;10:20:04.166;INFO;Server;Command: ExecRobotTask (Unmount,500000);
25/05/18;10:20:04.166;INFO;Controller;Executing asynchronous activity: ExecRobotTask;
25/05/18;10:20:04.166;INFO;Controller;Status = Executing: Unmount;
25/05/18;10:20:04.166;INFO;Controller;State = Running;
25/05/18;10:20:04.972;INFO;Robot Runtime;executing:    Unmount;
25/05/18;10:20:11.440;INFO;Controller;Activity ExecRobotTask ended. Return value: Done False/True/False;
25/05/18;10:20:11.440;INFO;Controller;State = Ready;
25/05/18;10:20:12.205;INFO;Server;Command: ExecRobotTask (Unload,500000);
25/05/18;10:20:12.205;INFO;Controller;Executing asynchronous activity: ExecRobotTask;
25/05/18;10:20:12.205;INFO;Controller;Status = Executing: Unload;
25/05/18;10:20:12.205;INFO;Controller;State = Running;
25/05/18;10:20:13.147;INFO;Robot Runtime;executing:    Unload;
25/05/18;10:20:17.878;INFO;Controller;Activity ExecRobotTask ended. Return value: Done False/False/False;
25/05/18;10:20:17.878;INFO;Controller;State = Ready;
25/05/18;10:20:21.393;INFO;Server;Command: ExecRobotTask (Load,500000);
25/05/18;10:20:21.393;INFO;Controller;Executing asynchronous activity: ExecRobotTask;
25/05/18;10:20:21.393;INFO;Controller;Status = Executing: Load;
25/05/18;10:20:21.393;INFO;Controller;State = Running;
25/05/18;10:20:22.504;INFO;Robot Runtime;executing:    Load;
25/05/18;10:20:29.435;INFO;Controller;Activity ExecRobotTask ended. Return value: Done False/True/False;
25/05/18;10:20:29.435;INFO;Controller;State = Ready;
25/05/18;10:20:30.196;INFO;Server;Command: ExecRobotTask (Mount,500000);
25/05/18;10:20:30.196;INFO;Controller;Executing asynchronous activity: ExecRobotTask;
25/05/18;10:20:30.196;INFO;Controller;Status = Executing: Mount;
25/05/18;10:20:30.196;INFO;Controller;State = Running;
25/05/18;10:20:31.088;INFO;Robot Runtime;executing:    Mount;
25/05/18;10:20:39.077;INFO;Controller;Activity ExecRobotTask ended. Return value: Done True/False/False;
25/05/18;10:20:39.077;INFO;Controller;State = Ready;
25/05/18;10:20:39.846;INFO;Server;Command: ExecRobotTask (Park,500000);
25/05/18;10:20:39.847;INFO;Controller;Executing asynchronous activity: ExecRobotTask;
25/05/18;10:20:39.847;INFO;Controller;Status = Executing: Park;
25/05/18;10:20:39.847;INFO;Controller;State = Running;
25/05/18;10:20:40.761;INFO;Robot Runtime;executing:    Park;
25/05/18;10:20:44.228;INFO;Controller;Activity ExecRobotTask ended. Return value: Done;
25/05/18;10:20:44.228;INFO;Controller;State = Ready;
25/05/18;10:20:45.022;INFO;Server;Command: ExecRobotTask (UnlatchRobGov,500000);
25/05/18;10:20:45.022;INFO;Controller;Executing asynchronous activity: ExecRobotTask;
25/05/18;10:20:45.022;INFO;Controller;Status = Executing: UnlatchRobGov;
25/05/18;10:20:45.023;INFO;Controller;State = Running;
25/05/18;10:20:45.882;INFO;Robot Runtime;executing:    UnlatchRobGov;
25/05/18;10:20:46.358;INFO;Controller;Activity ExecRobotTask ended. Return value: Done;
25/05/18;10:20:46.358;INFO;Controller;State = Ready;
25/05/18;10:22:19.791;INFO;Server;Command: ExecRobotTask (Initialize,500000);
25/05/18;10:22:19.791;INFO;Controller;Executing asynchronous activity: ExecRobotTask;
25/05/18;10:22:19.791;INFO;Controller;Status = Executing: Initialize;
25/05/18;10:22:19.791;INFO;Controller;State = Running;
25/05/18;10:22:20.875;INFO;Robot Runtime;executing:    Initialize;
25/05/18;10:22:21.490;INFO;Controller;Activity ExecRobotTask ended. Return value: Done;
25/05/18;10:22:21.491;INFO;Controller;State = Ready;
25/05/18;10:22:22.265;INFO;Server;Command: ExecRobotTask (LatchRobGov2,500000);
25/05/18;10:22:22.265;INFO;Controller;Executing asynchronous activity: ExecRobotTask;
25/05/18;10:22:22.265;INFO;Controller;Status = Executing: LatchRobGov2;
25/05/18;10:22:22.265;INFO;Controller;State = Running;
25/05/18;10:22:23.185;INFO;Robot Runtime;executing:    LatchRobGov2;
25/05/18;10:22:25.345;INFO;Controller;Activity ExecRobotTask ended. Return value: Done;
25/05/18;10:22:25.345;INFO;Controller;State = Ready;
25/05/18;10:22:25.997;INFO;Server;Command: ExecRobotTask (CoolDown,500000);
25/05/18;10:22:25.997;INFO;Controller;Executing asynchronous activity: ExecRobotTask;
25/05/18;10:22:25.997;INFO;Controller;Status = Executing: CoolDown;
25/05/18;10:22:25.997;INFO;Controller;State = Running;
25/05/18;10:22:26.789;INFO;Robot Runtime;executing:    CoolDown;
25/05/18;10:22:27.225;INFO;Controller;Activity ExecRobotTask ended. Return value: Done;
25/05/18;10:22:27.225;INFO;Controller;State = Ready;
25/05/18;10:22:29.505;INFO;Server;Command: ExecRobotTask (Home,500000);
25/05/18;10:22:29.505;INFO;Controller;Executing asynchronous activity: ExecRobotTask;
25/05/18;10:22:29.505;INFO;Controller;Status = Executing: Home;
25/05/18;10:22:29.505;INFO;Controller;State = Running;
25/05/18;10:22:30.411;INFO;Robot Runtime;executing:    Home;
25/05/18;10:22:33.066;INFO;Controller;Activity ExecRobotTask ended. Return value: Done;
25/05/18;10:22:33.066;INFO;Controller;State = Ready;
25/05/18;10:22:33.826;INFO;Server;Command: ExecRobotTask (ClosePorts,500000);
25/05/18;10:22:33.826;INFO;Controller;Executing asynchronous activity: ExecRobotTask;
25/05/18;10:22:33.826;INFO;Controller;Status = Executing: ClosePorts;
25/05/18;10:22:33.826;INFO;Controller;State = Running;
25/05/18;10:22:34.661;INFO;Robot Runtime;executing:    ClosePorts;
25/05/18;10:22:34.788;INFO;Controller;Activity ExecRobotTask ended. Return value: Done;
25/05/18;10:22:34.788;INFO;Controller;State = Ready;
25/05/18;10:22:36.560;INFO;Server;Command: ExecRobotTask (Unmount,500000);
25/05/18;10:22:36.560;INFO;Controller;Executing asynchronous activity: ExecRobotTask;
25/05/18;10:22:36.560;INFO;Controller;Status = Executing: Unmount;
25/05/18;10:22:36.560;INFO;Controller;State = Running;
25/05/18;10:22:37.372;INFO;Robot Runtime;executing:    Unmount;
25/05/18;10:22:44.114;INFO;Controller;Activity ExecRobotTask ended. Return value: Done False/True/False;
25/05/18;10:22:44.114;INFO;Controller;State = Ready;
25/05/18;10:22:44.547;INFO;Server;Command: ExecRobotTask (Unload,500000);
25/05/18;10:22:44.547;INFO;Controller;Executing asynchronous activity: ExecRobotTask;
25/05/18;10:22:44.547;INFO;Controller;Status = Executing: Unload;
25/05/18;10:22:44.547;INFO;Controller;State = Running;
25/05/18;10:22:45.647;INFO;Robot Runtime;executing:    Unload;
25/05/18;10:22:50.333;INFO;Controller;Activity ExecRobotTask ended. Return value: Done False/False/False;
25/05/18;10:22:50.333;INFO;Controller;State = Ready;
25/05/18;10:22:53.859;INFO;Server;Command: ExecRobotTask (Load,500000);
25/05/18;10:22:53.859;INFO;Controller;Executing asynchronous activity: ExecRobotTask;
25/05/18;10:22:53.859;INFO;Controller;Status = Executing: Load;
25/05/18;10:22:53.859;INFO;Controller;State = Running;
25/05/18;10:22:54.802;INFO;Robot Runtime;executing:    Load;
25/05/18;10:23:01.640;INFO;Controller;Activity ExecRobotTask ended. Return value: Done False/True/False;
25/05/18;10:23:01.640;INFO;Controller;State = Ready;
25/05/18;10:23:02.397;INFO;Server;Command: ExecRobotTask (Mount,500000);
25/05/18;10:23:02.397;INFO;Controller;Executing asynchronous activity: ExecRobotTask;
25/05/18;10:23:02.397;INFO;Controller;Status = Executing: Mount;
25/05/18;10:23:02.397;INFO;Controller;State = Running;
25/05/18;10:23:03.286;INFO;Robot Runtime;executing:    Mount;
25/05/18;10:23:10.328;INFO;Controller;Activity ExecRobotTask ended. Return value: Done True/False/False;
25/05/18;10:23:10.328;INFO;Controller;State = Ready;
25/05/18;10:23:11.096;INFO;Server;Command: ExecRobotTask (Park,500000);
25/05/18;10:23:11.097;INFO;Controller;Executing asynchronous activity: ExecRobotTask;
25/05/18;10:23:11.097;INFO;Controller;Status = Executing: Park;
25/05/18;10:23:11.097;INFO;Controller;State = Running;
25/05/18;10:23:12.200;INFO;Robot Runtime;executing:    Park;
25/05/18;10:23:15.486;INFO;Controller;Activity ExecRobotTask ended. Return value: Done;
25/05/18;10:23:15.486;INFO;Controller;State = Ready;
25/05/18;10:23:16.258;INFO;Server;Command: ExecRobotTask (UnlatchRobGov,500000);
25/05/18;10:23:16.259;INFO;Controller;Executing asynchronous activity: ExecRobotTask;
25/05/18;10:23:16.259;INFO;Controller;Status = Executing: UnlatchRobGov;
25/05/18;10:23:16.259;INFO;Controller;State = Running;
25/05/18;10:23:17.114;INFO;Robot Runtime;executing:    UnlatchRobGov;
25/05/18;10:23:17.619;INFO;Controller;Activity ExecRobotTask ended. Return value: Done;
25/05/18;10:23:17.619;INFO;Controller;State = Ready;
25/05/18;10:24:51.577;INFO;Server;Command: ExecRobotTask (Initialize,500000);
25/05/18;10:24:51.577;INFO;Controller;Executing asynchronous activity: ExecRobotTask;
25/05/18;10:24:51.577;INFO;Controller;Status = Executing: Initialize;
25/05/18;10:24:51.577;INFO;Controller;State = Running;
25/05/18;10:24:52.485;INFO;Robot Runtime;executing:    Initialize;
25/05/18;10:24:52.954;INFO;Controller;Activity ExecRobotTask ended. Return value: Done;
25/05/18;10:24:52.954;INFO;Controller;State = Ready;
25/05/18;10:24:53.667;INFO;Server;Command: ExecRobotTask (LatchRobGov2,500000);
25/05/18;10:24:53.667;INFO;Controller;Executing asynchronous activity: ExecRobotTask;
25/05/18;10:24:53.667;INFO;Controller;Status = Executing: LatchRobGov2;
25/05/18;10:24:53.667;INFO;Controller;State = Running;
25/05/18;10:24:54.576;INFO;Robot Runtime;executing:    LatchRobGov2;
25/05/18;10:24:55.417;INFO;Controller;Activity ExecRobotTask ended. Return value: Done;
25/05/18;10:24:55.418;INFO;Controller;State = Ready;
25/05/18;10:24:56.144;INFO;Server;Command: ExecRobotTask (CoolDown,500000);
25/05/18;10:24:56.144;INFO;Controller;Executing asynchronous activity: ExecRobotTask;
25/05/18;10:24:56.144;INFO;Controller;Status = Executing: CoolDown;
25/05/18;10:24:56.144;INFO;Controller;State = Running;
25/05/18;10:24:56.947;INFO;Robot Runtime;executing:    CoolDown;
25/05/18;10:24:57.454;INFO;Controller;Activity ExecRobotTask ended. Return value: Done;
25/05/18;10:24:57.455;INFO;Controller;State = Ready;
25/05/18;10:24:59.500;INFO;Server;Command: ExecRobotTask (Home,500000);
25/05/18;10:24:59.501;INFO;Controller;Executing asynchronous activity: ExecRobotTask;
25/05/18;10:24:59.501;INFO;Controller;Status = Executing: Home;
25/05/18;10:24:59.501;INFO;Controller;State = Running;
25/05/18;10:25:00.590;INFO;Robot Runtime;executing:    Home;
25/05/18;10:25:03.092;INFO;Controller;Activity ExecRobotTask ended. Return value: Done;
25/05/18;10:25:03.092;INFO;Controller;State = Ready;
25/05/18;10:25:03.860;INFO;Server;Command: ExecRobotTask (ClosePorts,500000);
25/05/18;10:25:03.860;INFO;Controller;Executing asynchronous activity: ExecRobotTask;
25/05/18;10:25:03.860;INFO;Controller;Status = Executing: ClosePorts;
25/05/18;10:25:03.860;INFO;Controller;State = Running;
25/05/18;10:25:04.693;INFO;Robot Runtime;executing:    ClosePorts;
25/05/18;10:25:04.822;INFO;Controller;Activity ExecRobotTask ended. Return value: Done;
25/05/18;10:25:04.822;INFO;Controller;State = Ready;
25/05/18;10:25:06.677;INFO;Server;Command: ExecRobotTask (Unmount,500000);
25/05/18;10:25:06.677;INFO;Controller;Executing asynchronous activity: ExecRobotTask;
25/05/18;10:25:06.677;INFO;Controller;Status = Executing: Unmount;
25/05/18;10:25:06.677;INFO;Controller;State = Running;
25/05/18;10:25:07.486;INFO;Robot Runtime;executing:    Unmount;
25/05/18;10:25:14.913;INFO;Controller;Activity ExecRobotTask ended. Return value: Done False/True/False;
25/05/18;10:25:14.913;INFO;Controller;State = Ready;
25/05/18;10:25:15.680;INFO;Server;Command: ExecRobotTask (Unload,500000);
25/05/18;10:25:15.680;INFO;Controller;Executing asynchronous activity: ExecRobotTask;
25/05/18;10:25:15.680;INFO;Controller;Status = Executing: Unload;
25/05/18;10:25:15.680;INFO;Controller;State = Running;
25/05/18;10:25:16.619;INFO;Robot Runtime;executing:    Unload;
25/05/18;10:25:21.358;INFO;Controller;Activity ExecRobotTask ended. Return value: Done False/False/False;
25/05/18;10:25:21.359;INFO;Controller;State = Ready;
25/05/18;10:25:24.886;INFO;Server;Command: ExecRobotTask (Load,500000);
25/05/18;10:25:24.886;INFO;Controller;Executing asynchronous activity: ExecRobotTask;
25/05/18;10:25:24.886;INFO;Controller;Status = Executing: Load;
25/05/18;10:25:24.886;INFO;Controller;State = Running;
25/05/18;10:25:25.819;INFO;Robot Runtime;executing:    Load;
25/05/18;10:25:32.677;INFO;Controller;Activity ExecRobotTask ended. Return value: Done False/True/False;
25/05/18;10:25:32.677;INFO;Controller;State = Ready;
25/05/18;10:25:33.448;INFO;Server;Command: ExecRobotTask (Mount,500000);
25/05/18;10:25:33.448;INFO;Controller;Executing asynchronous activity: ExecRobotTask;
25/05/18;10:25:33.448;INFO;Controller;Status = Executing: Mount;
25/05/18;10:25:33.448;INFO;Controller;State = Running;
25/05/18;10:25:34.539;INFO;Robot Runtime;executing:    Mount;
25/05/18;10:25:42.595;INFO;Controller;Activity ExecRobotTask ended. Return value: Done True/False/False;
25/05/18;10:25:42.595;INFO;Controller;State = Ready;
25/05/18;10:25:43.361;INFO;Server;Command: ExecRobotTask (Park,500000);
25/05/18;10:25:43.361;INFO;Controller;Executing asynchronous activity: ExecRobotTask;
25/05/18;10:25:43.361;INFO;Controller;Status = Executing: Park;
25/05/18;10:25:43.361;INFO;Controller;State = Running;
25/05/18;10:25:44.282;INFO;Robot Runtime;executing:    Park;
25/05/18;10:25:47.758;INFO;Controller;Activity ExecRobotTask ended. Return value: Done;
25/05/18;10:25:47.758;INFO;Controller;State = Ready;
25/05/18;10:25:48.540;INFO;Server;Command: ExecRobotTask (UnlatchRobGov,500000);
25/05/18;10:25:48.540;INFO;Controller;Executing asynchronous activity: ExecRobotTask;
25/05/18;10:25:48.540;INFO;Controller;Status = Executing: UnlatchRobGov;
25/05/18;10:25:48.540;INFO;Controller;State = Running;
25/05/18;10:25:49.394;INFO;Robot Runtime;executing:    UnlatchRobGov;
25/05/18;10:25:49.886;INFO;Controller;Activity ExecRobotTask ended. Return value: Done;
25/05/18;10:25:49.886;INFO;Controller;State = Ready;
25/05/18;10:27:22.792;INFO;Server;Command: ExecRobotTask (Initialize,500000);
25/05/18;10:27:22.792;INFO;Controller;Executing asynchronous activity: ExecRobotTask;
25/05/18;10:27:22.792;INFO;Controller;Status = Executing: Initialize;
25/05/18;10:27:22.792;INFO;Controller;State = Running;
25/05/18;10:27:23.691;INFO;Robot Runtime;executing:    Initialize;
25/05/18;10:27:23.924;INFO;Controller;Activity ExecRobotTask ended. Return value: Done;
25/05/18;10:27:23.924;INFO;Controller;State = Ready;
25/05/18;10:27:25.109;INFO;Server;Command: ExecRobotTask (LatchRobGov2,500000);
25/05/18;10:27:25.109;INFO;Controller;Executing asynchronous activity: ExecRobotTask;
25/05/18;10:27:25.109;INFO;Controller;Status = Executing: LatchRobGov2;
25/05/18;10:27:25.109;INFO;Controller;State = Running;
25/05/18;10:27:26.218;INFO;Robot Runtime;executing:    LatchRobGov2;
25/05/18;10:27:28.430;INFO;Controller;Activity ExecRobotTask ended. Return value: Done;
25/05/18;10:27:28.430;INFO;Controller;State = Ready;
25/05/18;10:27:29.200;INFO;Server;Command: ExecRobotTask (CoolDown,500000);
25/05/18;10:27:29.200;INFO;Controller;Executing asynchronous activity: ExecRobotTask;
25/05/18;10:27:29.200;INFO;Controller;Status = Executing: CoolDown;
25/05/18;10:27:29.200;INFO;Controller;State = Running;
25/05/18;10:27:30.001;INFO;Robot Runtime;executing:    CoolDown;
25/05/18;10:27:30.153;INFO;Controller;Activity ExecRobotTask ended. Return value: Done;
25/05/18;10:27:30.153;INFO;Controller;State = Ready;
25/05/18;10:27:32.742;INFO;Server;Command: ExecRobotTask (Home,500000);
25/05/18;10:27:32.742;INFO;Controller;Executing asynchronous activity: ExecRobotTask;
25/05/18;10:27:32.743;INFO;Controller;Status = Executing: Home;
25/05/18;10:27:32.743;INFO;Controller;State = Running;
25/05/18;10:27:33.637;INFO;Robot Runtime;executing:    Home;
25/05/18;10:27:36.155;INFO;Controller;Activity ExecRobotTask ended. Return value: Done;
25/05/18;10:27:36.155;INFO;Controller;State = Ready;
25/05/18;10:27:36.925;INFO;Server;Command: ExecRobotTask (ClosePorts,500000);
25/05/18;10:27:36.925;INFO;Controller;Executing asynchronous activity: ExecRobotTask;
25/05/18;10:27:36.925;INFO;Controller;Status = Executing: ClosePorts;
25/05/18;10:27:36.925;INFO;Controller;State = Running;
25/05/18;10:27:37.750;INFO;Robot Runtime;executing:    ClosePorts;
25/05/18;10:27:37.877;INFO;Controller;Activity ExecRobotTask ended. Return value: Done;
25/05/18;10:27:37.877;INFO;Controller;State = Ready;
25/05/18;10:27:39.677;INFO;Server;Command: ExecRobotTask (Unmount,500000);
25/05/18;10:27:39.677;INFO;Controller;Executing asynchronous activity: ExecRobotTask;
25/05/18;10:27:39.677;INFO;Controller;Status = Executing: Unmount;
25/05/18;10:27:39.678;INFO;Controller;State = Running;
25/05/18;10:27:40.486;INFO;Robot Runtime;executing:    Unmount;
25/05/18;10:27:48.188;INFO;Controller;Activity ExecRobotTask ended. Return value: Done False/True/False;
25/05/18;10:27:48.189;INFO;Controller;State = Ready;
25/05/18;10:27:48.966;INFO;Server;Command: ExecRobotTask (Unload,500000);
25/05/18;10:27:48.966;INFO;Controller;Executing asynchronous activity: ExecRobotTask;
25/05/18;10:27:48.966;INFO;Controller;Status = Executing: Unload;
25/05/18;10:27:48.966;INFO;Controller;State = Running;
25/05/18;10:27:49.904;INFO;Robot Runtime;executing:    Unload;
25/05/18;10:27:54.645;INFO;Controller;Activity ExecRobotTask ended. Return value: Done False/False/False;
25/05/18;10:27:54.645;INFO;Controller;State = Ready;
25/05/18;10:27:58.022;INFO;Server;Command: ExecRobotTask (Load,500000);
25/05/18;10:27:58.022;INFO;Controller;Executing asynchronous activity: ExecRobotTask;
25/05/18;10:27:58.022;INFO;Controller;Status = Executing: Load;
25/05/18;10:27:58.022;INFO;Controller;State = Running;
25/05/18;10:27:59.157;INFO;Robot Runtime;executing:    Load;
25/05/18;10:28:05.834;INFO;Controller;Activity ExecRobotTask ended. Return value: Done False/True/False;
25/05/18;10:28:05.834;INFO;Controller;State = Ready;
25/05/18;10:28:06.601;INFO;Server;Command: ExecRobotTask (Mount,500000);
25/05/18;10:28:06.601;INFO;Controller;Executing asynchronous activity: ExecRobotTask;
25/05/18;10:28:06.602;INFO;Controller;Status = Executing: Mount;
25/05/18;10:28:06.602;INFO;Controller;State = Running;
25/05/18;10:28:07.482;INFO;Robot Runtime;executing:    Mount;
25/05/18;10:28:14.529;INFO;Controller;Activity ExecRobotTask ended. Return value: Done True/False/False;
25/05/18;10:28:14.529;INFO;Controller;State = Ready;
25/05/18;10:28:15.309;INFO;Server;Command: ExecRobotTask (Park,500000);
25/05/18;10:28:15.309;INFO;Controller;Executing asynchronous activity: ExecRobotTask;
25/05/18;10:28:15.309;INFO;Controller;Status = Executing: Park;
25/05/18;10:28:15.310;INFO;Controller;State = Running;
25/05/18;10:28:16.226;INFO;Robot Runtime;executing:    Park;
25/05/18;10:28:19.597;INFO;Controller;Activity ExecRobotTask ended. Return value: Done;
25/05/18;10:28:19.597;INFO;Controller;State = Ready;
25/05/18;10:28:20.373;INFO;Server;Command: ExecRobotTask (UnlatchRobGov,500000);
25/05/18;10:28:20.374;INFO;Controller;Executing asynchronous activity: ExecRobotTask;
25/05/18;10:28:20.374;INFO;Controller;Status = Executing: UnlatchRobGov;
25/05/18;10:28:20.374;INFO;Controller;State = Running;
25/05/18;10:28:21.222;INFO;Robot Runtime;executing:    UnlatchRobGov;
25/05/18;10:28:21.730;INFO;Controller;Activity ExecRobotTask ended. Return value: Done;
25/05/18;10:28:21.730;INFO;Controller;State = Ready;
25/05/18;10:29:55.083;INFO;Server;Command: ExecRobotTask (Initialize,500000);
25/05/18;10:29:55.083;INFO;Controller;Executing asynchronous activity: ExecRobotTask;
25/05/18;10:29:55.083;INFO;Controller;Status = Executing: Initialize;
25/05/18;10:29:55.084;INFO;Controller;State = Running;
25/05/18;10:29:56.191;INFO;Robot Runtime;executing:    Initialize;
25/05/18;10:29:56.741;INFO;Controller;Activity ExecRobotTask ended. Return value: Done;
25/05/18;10:29:56.741;INFO;Controller;State = Ready;
25/05/18;10:29:57.518;INFO;Server;Command: ExecRobotTask (LatchRobGov2,500000);
25/05/18;10:29:57.519;INFO;Controller;Executing asynchronous activity: ExecRobotTask;
25/05/18;10:29:57.519;INFO;Controller;Status = Executing: LatchRobGov2;
25/05/18;10:29:57.519;INFO;Controller;State = Running;
25/05/18;10:29:58.420;INFO;Robot Runtime;executing:    LatchRobGov2;
25/05/18;10:30:00.425;INFO;Controller;Activity ExecRobotTask ended. Return value: Done;
25/05/18;10:30:00.425;INFO;Controller;State = Ready;
25/05/18;10:30:01.207;INFO;Server;Command: ExecRobotTask (CoolDown,500000);
25/05/18;10:30:01.207;INFO;Controller;Executing asynchronous activity: ExecRobotTask;
25/05/18;10:30:01.207;INFO;Controller;Status = Executing: CoolDown;
25/05/18;10:30:01.207;INFO;Controller;State = Running;
25/05/18;10:30:02.006;INFO;Robot Runtime;executing:    CoolDown;
25/05/18;10:30:02.461;INFO;Controller;Activity ExecRobotTask ended. Return value: Done;
25/05/18;10:30:02.461;INFO;Controller;State = Ready;
25/05/18;10:30:04.332;INFO;Server;Command: ExecRobotTask (Home,500000);
25/05/18;10:30:04.332;INFO;Controller;Executing asynchronous activity: ExecRobotTask;
25/05/18;10:30:04.332;INFO;Controller;Status = Executing: Home;
25/05/18;10:30:04.332;INFO;Controller;State = Running;
25/05/18;10:30:05.232;INFO;Robot Runtime;executing:    Home;
25/05/18;10:30:07.817;INFO;Controller;Activity ExecRobotTask ended. Return value: Done;
25/05/18;10:30:07.817;INFO;Controller;State = Ready;
25/05/18;10:30:08.593;INFO;Server;Command: ExecRobotTask (ClosePorts,500000);
25/05/18;10:30:08.594;INFO;Controller;Executing asynchronous activity: ExecRobotTask;
25/05/18;10:30:08.594;INFO;Controller;Status = Executing: ClosePorts;
25/05/18;10:30:08.594;INFO;Controller;State = Running;
25/05/18;10:30:09.427;INFO;Robot Runtime;executing:    ClosePorts;
25/05/18;10:30:09.945;INFO;Controller;Activity ExecRobotTask ended. Return value: Done;
25/05/18;10:30:09.945;INFO;Controller;State = Ready;
25/05/18;10:30:11.412;INFO;Server;Command: ExecRobotTask (Unmount,500000);
25/05/18;10:30:11.412;INFO;Controller;Executing asynchronous activity: ExecRobotTask;
25/05/18;10:30:11.412;INFO;Controller;Status = Executing: Unmount;
25/05/18;10:30:11.412;INFO;Controller;State = Running;
25/05/18;10:30:12.221;INFO;Robot Runtime;executing:    Unmount;
25/05/18;10:30:19.669;INFO;Controller;Activity ExecRobotTask ended. Return value: Done False/True/False;
25/05/18;10:30:19.669;INFO;Controller;State = Ready;
25/05/18;10:30:20.461;INFO;Server;Command: ExecRobotTask (Unload,500000);
25/05/18;10:30:20.461;INFO;Controller;Executing asynchronous activity: ExecRobotTask;
25/05/18;10:30:20.461;INFO;Controller;Status = Executing: Unload;
25/05/18;10:30:20.461;INFO;Controller;State = Running;
25/05/18;10:30:21.599;INFO;Robot Runtime;executing:    Unload;
25/05/18;10:30:26.292;INFO;Controller;Activity ExecRobotTask ended. Return value: Done False/False/False;
25/05/18;10:30:26.293;INFO;Controller;State = Ready;
25/05/18;10:30:29.823;INFO;Server;Command: ExecRobotTask (Load,500000);
25/05/18;10:30:29.823;INFO;Controller;Executing asynchronous activity: ExecRobotTask;
25/05/18;10:30:29.823;INFO;Controller;Status = Executing: Load;
25/05/18;10:30:29.823;INFO;Controller;State = Running;
25/05/18;10:30:30.754;INFO;Robot Runtime;executing:    Load;
25/05/18;10:30:37.594;INFO;Controller;Activity ExecRobotTask ended. Return value: Done False/True/False;
25/05/18;10:30:37.594;INFO;Controller;State = Ready;
25/05/18;10:30:38.367;INFO;Server;Command: ExecRobotTask (Mount,500000);
25/05/18;10:30:38.367;INFO;Controller;Executing asynchronous activity: ExecRobotTask;
25/05/18;10:30:38.367;INFO;Controller;Status = Executing: Mount;
25/05/18;10:30:38.367;INFO;Controller;State = Running;
25/05/18;10:30:39.262;INFO;Robot Runtime;executing:    Mount;
25/05/18;10:30:46.019;INFO;Controller;Activity ExecRobotTask ended. Return value: Done True/False/False;
25/05/18;10:30:46.019;INFO;Controller;State = Ready;
25/05/18;10:30:46.807;INFO;Server;Command: ExecRobotTask (Park,500000);
25/05/18;10:30:46.807;INFO;Controller;Executing asynchronous activity: ExecRobotTask;
25/05/18;10:30:46.807;INFO;Controller;Status = Executing: Park;
25/05/18;10:30:46.807;INFO;Controller;State = Running;
25/05/18;10:30:47.913;INFO;Robot Runtime;executing:    Park;
25/05/18;10:30:51.187;INFO;Controller;Activity ExecRobotTask ended. Return value: Done;
25/05/18;10:30:51.187;INFO;Controller;State = Ready;
25/05/18;10:30:51.979;INFO;Server;Command: ExecRobotTask (UnlatchRobGov,500000);
25/05/18;10:30:51.979;INFO;Controller;Executing asynchronous activity: ExecRobotTask;
25/05/18;10:30:51.979;INFO;Controller;Status = Executing: UnlatchRobGov;
25/05/18;10:30:51.979;INFO;Controller;State = Running;
25/05/18;10:30:52.829;INFO;Robot Runtime;executing:    UnlatchRobGov;
25/05/18;10:30:53.315;INFO;Controller;Activity ExecRobotTask ended. Return value: Done;
25/05/18;10:30:53.315;INFO;Controller;State = Ready;
25/05/18;10:32:26.189;INFO;Server;Command: ExecRobotTask (Initialize,500000);
25/05/18;10:32:26.189;INFO;Controller;Executing asynchronous activity: ExecRobotTask;
25/05/18;10:32:26.189;INFO;Controller;Status = Executing: Initialize;
25/05/18;10:32:26.189;INFO;Controller;State = Running;
25/05/18;10:32:27.093;INFO;Robot Runtime;executing:    Initialize;
25/05/18;10:32:27.336;INFO;Controller;Activity ExecRobotTask ended. Return value: Done;
25/05/18;10:32:27.336;INFO;Controller;State = Ready;
25/05/18;10:32:28.385;INFO;Server;Command: ExecRobotTask (LatchRobGov2,500000);
25/05/18;10:32:28.386;INFO;Controller;Executing asynchronous activity: ExecRobotTask;
25/05/18;10:32:28.386;INFO;Controller;Status = Executing: LatchRobGov2;
25/05/18;10:32:28.386;INFO;Controller;State = Running;
25/05/18;10:32:29.288;INFO;Robot Runtime;executing:    LatchRobGov2;
25/05/18;10:32:31.179;INFO;Controller;Activity ExecRobotTask ended. Return value: Done;
25/05/18;10:32:31.179;INFO;Controller;State = Ready;
25/05/18;10:32:31.961;INFO;Server;Command: ExecRobotTask (CoolDown,500000);
25/05/18;10:32:31.961;INFO;Controller;Executing asynchronous activity: ExecRobotTask;
25/05/18;10:32:31.961;INFO;Controller;Status = Executing: CoolDown;
25/05/18;10:32:31.961;INFO;Controller;State = Running;
25/05/18;10:32:32.760;INFO;Robot Runtime;executing:    CoolDown;
25/05/18;10:32:33.215;INFO;Controller;Activity ExecRobotTask ended. Return value: Done;
25/05/18;10:32:33.215;INFO;Controller;State = Ready;
25/05/18;10:32:35.504;INFO;Server;Command: ExecRobotTask (Home,500000);
25/05/18;10:32:35.504;INFO;Controller;Executing asynchronous activity: ExecRobotTask;
25/05/18;10:32:35.504;INFO;Controller;Status = Executing: Home;
25/05/18;10:32:35.504;INFO;Controller;State = Running;
25/05/18;10:32:36.616;INFO;Robot Runtime;executing:    Home;
25/05/18;10:32:39.081;INFO;Controller;Activity ExecRobotTask ended. Return value: Done;
25/05/18;10:32:39.081;INFO;Controller;State = Ready;
25/05/18;10:32:39.846;INFO;Server;Command: ExecRobotTask (ClosePorts,500000);
25/05/18;10:32:39.846;INFO;Controller;Executing asynchronous activity: ExecRobotTask;
25/05/18;10:32:39.846;INFO;Controller;Status = Executing: ClosePorts;
25/05/18;10:32:39.846;INFO;Controller;State = Running;
25/05/18;10:32:40.672;INFO;Robot Runtime;executing:    ClosePorts;
25/05/18;10:32:40.807;INFO;Controller;Activity ExecRobotTask ended. Return value: Done;
25/05/18;10:32:40.807;INFO;Controller;State = Ready;
25/05/18;10:32:42.501;INFO;Server;Command: ExecRobotTask (Unmount,500000);
25/05/18;10:32:42.501;INFO;Controller;Executing asynchronous activity: ExecRobotTask;
25/05/18;10:32:42.501;INFO;Controller;Status = Executing: Unmount;
25/05/18;10:32:42.501;INFO;Controller;State = Running;
25/05/18;10:32:43.306;INFO;Robot Runtime;executing:    Unmount;
25/05/18;10:32:50.621;INFO;Controller;Activity ExecRobotTask ended. Return value: Done False/True/False;
25/05/18;10:32:50.621;INFO;Controller;State = Ready;
25/05/18;10:32:51.395;INFO;Server;Command: ExecRobotTask (Unload,500000);
25/05/18;10:32:51.396;INFO;Controller;Executing asynchronous activity: ExecRobotTask;
25/05/18;10:32:51.396;INFO;Controller;Status = Executing: Unload;
25/05/18;10:32:51.396;INFO;Controller;State = Running;
25/05/18;10:32:52.330;INFO;Robot Runtime;executing:    Unload;
25/05/18;10:32:57.064;INFO;Controller;Activity ExecRobotTask ended. Return value: Done False/False/False;
25/05/18;10:32:57.064;INFO;Controller;State = Ready;
25/05/18;10:33:00.595;INFO;Server;Command: ExecRobotTask (Load,500000);
25/05/18;10:33:00.595;INFO;Controller;Executing asynchronous activity: ExecRobotTask;
25/05/18;10:33:00.595;INFO;Controller;Status = Executing: Load;
25/05/18;10:33:00.595;INFO;Controller;State = Running;
25/05/18;10:33:01.543;INFO;Robot Runtime;executing:    Load;
25/05/18;10:33:08.603;INFO;Controller;Activity ExecRobotTask ended. Return value: Done False/True/False;
25/05/18;10:33:08.603;INFO;Controller;State = Ready;
25/05/18;10:33:09.388;INFO;Server;Command: ExecRobotTask (Mount,500000);
25/05/18;10:33:09.388;INFO;Controller;Executing asynchronous activity: ExecRobotTask;
25/05/18;10:33:09.388;INFO;Controller;Status = Executing: Mount;
25/05/18;10:33:09.388;INFO;Controller;State = Running;
25/05/18;10:33:10.461;INFO;Robot Runtime;executing:    Mount;
25/05/18;10:33:17.788;INFO;Controller;Activity ExecRobotTask ended. Return value: Done True/False/False;
25/05/18;10:33:17.788;INFO;Controller;State = Ready;
25/05/18;10:33:18.568;INFO;Server;Command: ExecRobotTask (Park,500000);
25/05/18;10:33:18.568;INFO;Controller;Executing asynchronous activity: ExecRobotTask;
25/05/18;10:33:18.568;INFO;Controller;Status = Executing: Park;
25/05/18;10:33:18.568;INFO;Controller;State = Running;
25/05/18;10:33:19.480;INFO;Robot Runtime;executing:    Park;
25/05/18;10:33:22.697;INFO;Controller;Activity ExecRobotTask ended. Return value: Done;
25/05/18;10:33:22.697;INFO;Controller;State = Ready;
25/05/18;10:33:23.476;INFO;Server;Command: ExecRobotTask (UnlatchRobGov,500000);
25/05/18;10:33:23.476;INFO;Controller;Executing asynchronous activity: ExecRobotTask;
25/05/18;10:33:23.476;INFO;Controller;Status = Executing: UnlatchRobGov;
25/05/18;10:33:23.476;INFO;Controller;State = Running;
25/05/18;10:33:24.323;INFO;Robot Runtime;executing:    UnlatchRobGov;
25/05/18;10:33:24.823;INFO;Controller;Activity ExecRobotTask ended. Return value: Done;
25/05/18;10:33:24.823;INFO;Controller;State = Ready;
25/05/18;10:35:32.772;INFO;Server;Command: ExecRobotTask (Initialize,500000);
25/05/18;10:35:32.772;INFO;Controller;Executing asynchronous activity: ExecRobotTask;
25/05/18;10:35:32.772;INFO;Controller;Status = Executing: Initialize;
25/05/18;10:35:32.772;INFO;Controller;State = Running;
25/05/18;10:35:33.694;INFO;Robot Runtime;executing:    Initialize;
25/05/18;10:35:34.261;INFO;Controller;Activity ExecRobotTask ended. Return value: Done;
25/05/18;10:35:34.261;INFO;Controller;State = Ready;
25/05/18;10:35:35.106;INFO;Server;Command: ExecRobotTask (LatchRobGov2,500000);
25/05/18;10:35:35.106;INFO;Controller;Executing asynchronous activity: ExecRobotTask;
25/05/18;10:35:35.106;INFO;Controller;Status = Executing: LatchRobGov2;
25/05/18;10:35:35.106;INFO;Controller;State = Running;
25/05/18;10:35:36.197;INFO;Robot Runtime;executing:    LatchRobGov2;
25/05/18;10:35:36.984;INFO;Controller;Activity ExecRobotTask ended. Return value: Done;
25/05/18;10:35:36.985;INFO;Controller;State = Ready;
25/05/18;10:35:37.766;INFO;Server;Command: ExecRobotTask (CoolDown,500000);
25/05/18;10:35:37.766;INFO;Controller;Executing asynchronous activity: ExecRobotTask;
25/05/18;10:35:37.766;INFO;Controller;Status = Executing: CoolDown;
25/05/18;10:35:37.766;INFO;Controller;State = Running;
25/05/18;10:35:38.564;INFO;Robot Runtime;executing:    CoolDown;
25/05/18;10:35:39.025;INFO;Controller;Activity ExecRobotTask ended. Return value: Done;
25/05/18;10:35:39.025;INFO;Controller;State = Ready;
25/05/18;10:35:41.279;INFO;Server;Command: ExecRobotTask (Home,500000);
25/05/18;10:35:41.279;INFO;Controller;Executing asynchronous activity: ExecRobotTask;
25/05/18;10:35:41.279;INFO;Controller;Status = Executing: Home;
25/05/18;10:35:41.279;INFO;Controller;State = Running;
25/05/18;10:35:42.174;INFO;Robot Runtime;executing:    Home;
25/05/18;10:35:44.462;INFO;Controller;Activity ExecRobotTask ended. Return value: Done;
25/05/18;10:35:44.462;INFO;Controller;State = Ready;
25/05/18;10:35:45.238;INFO;Server;Command: ExecRobotTask (ClosePorts,500000);
25/05/18;10:35:45.239;INFO;Controller;Executing asynchronous activity: ExecRobotTask;
25/05/18;10:35:45.239;INFO;Controller;Status = Executing: ClosePorts;
25/05/18;10:35:45.239;INFO;Controller;State = Running;
25/05/18;10:35:46.066;INFO;Robot Runtime;executing:    ClosePorts;
25/05/18;10:35:46.508;INFO;Controller;Activity ExecRobotTask ended. Return value: Done;
25/05/18;10:35:46.508;INFO;Controller;State = Ready;
25/05/18;10:35:48.126;INFO;Server;Command: ExecRobotTask (Unmount,500000);
25/05/18;10:35:48.127;INFO;Controller;Executing asynchronous activity: ExecRobotTask;
25/05/18;10:35:48.127;INFO;Controller;Status = Executing: Unmount;
25/05/18;10:35:48.127;INFO;Controller;State = Running;
25/05/18;10:35:48.934;INFO;Robot Runtime;executing:    Unmount;
25/05/18;10:35:55.751;INFO;Controller;Activity ExecRobotTask ended. Return value: Done False/True/False;
25/05/18;10:35:55.751;INFO;Controller;State = Ready;
25/05/18;10:35:56.511;INFO;Server;Command: ExecRobotTask (Unload,500000);
25/05/18;10:35:56.511;INFO;Controller;Executing asynchronous activity: ExecRobotTask;
25/05/18;10:35:56.511;INFO;Controller;Status = Executing: Unload;
25/05/18;10:35:56.511;INFO;Controller;State = Running;
25/05/18;10:35:57.473;INFO;Robot Runtime;executing:    Unload;
25/05/18;10:36:01.949;INFO;Controller;Activity ExecRobotTask ended. Return value: Done False/False/False;
25/05/18;10:36:01.949;INFO;Controller;State = Ready;
25/05/18;10:36:02.739;INFO;Server;Command: ExecRobotTask (UnlatchRobGov,500000);
25/05/18;10:36:02.739;INFO;Controller;Executing asynchronous activity: ExecRobotTask;
25/05/18;10:36:02.739;INFO;Controller;Status = Executing: UnlatchRobGov;
25/05/18;10:36:02.739;INFO;Controller;State = Running;
25/05/18;10:36:03.837;INFO;Robot Runtime;executing:    UnlatchRobGov;
25/05/18;10:36:04.269;INFO;Controller;Activity ExecRobotTask ended. Return value: Done;
25/05/18;10:36:04.270;INFO;Controller;State = Ready;
25/05/18;10:36:05.278;INFO;Server;Command: ExecRobotTask (Finish,500000);
25/05/18;10:36:05.278;INFO;Controller;Executing asynchronous activity: ExecRobotTask;
25/05/18;10:36:05.278;INFO;Controller;Status = Executing: Finish;
25/05/18;10:36:05.278;INFO;Controller;State = Running;
25/05/18;10:36:06.196;INFO;Robot Runtime;executing:    Finish;
25/05/18;10:37:35.973;INFO;Controller;Activity ExecRobotTask ended. Return value: Done;
25/05/18;10:37:35.973;INFO;Controller;State = Ready;
25/05/18;15:54:41.514;INFO;Server;Command: ExecRobotTask (Initialize,60000);
25/05/18;15:54:41.515;INFO;Controller;Executing asynchronous activity: ExecRobotTask;
25/05/18;15:54:41.515;INFO;Controller;Status = Executing: Initialize;
25/05/18;15:54:41.515;INFO;Controller;State = Running;
25/05/18;15:54:42.371;INFO;Robot Runtime;executing:    Initialize;
25/05/18;15:54:43.800;INFO;Controller;Activity ExecRobotTask ended. Return value: Done;
25/05/18;15:54:43.801;INFO;Controller;State = Ready;
25/05/18;15:54:43.817;INFO;Server;Command: ExecRobotTask (Home,60000);
25/05/18;15:54:43.817;INFO;Controller;Executing asynchronous activity: ExecRobotTask;
25/05/18;15:54:43.817;INFO;Controller;Status = Executing: Home;
25/05/18;15:54:43.817;INFO;Controller;State = Running;
25/05/18;15:54:44.654;INFO;Robot Runtime;executing:    Home;
25/05/18;15:54:44.800;INFO;Controller;Activity ExecRobotTask ended. Return value: Done;
25/05/18;15:54:44.800;INFO;Controller;State = Ready;
25/05/18;15:54:44.814;INFO;Server;Command: ExecRobotTask (UC_Proximity,60000);
25/05/18;15:54:44.814;INFO;Controller;Executing asynchronous activity: ExecRobotTask;
25/05/18;15:54:44.814;INFO;Controller;Status = Executing: UC_Proximity;
25/05/18;15:54:44.814;INFO;Controller;State = Running;
25/05/18;15:54:45.181;INFO;Robot Runtime;executing:    UC_Proximity;
25/05/18;15:54:54.667;WARNING;Robot Runtime;AUTORECOVER=====> Found false kick. Resume Robot Power;
25/05/18;15:55:01.691;WARNING;Robot Runtime;AUTORECOVER=====> Failed to enable Robot Power;
25/05/18;15:55:01.735;INFO;Controller;Activity ExecRobotTask ended. Return value: ;
25/05/18;15:55:01.735;INFO;Controller;State = Ready;
25/05/18;15:57:25.170;INFO;Server;Command: ExecRobotTask (Initialize,60000);
25/05/18;15:57:25.170;INFO;Controller;Executing asynchronous activity: ExecRobotTask;
25/05/18;15:57:25.170;INFO;Controller;Status = Executing: Initialize;
25/05/18;15:57:25.170;INFO;Controller;State = Running;
25/05/18;15:57:26.112;INFO;Robot Runtime;executing:    Initialize;
25/05/18;15:57:27.345;INFO;Controller;Activity ExecRobotTask ended. Return value: Done;
25/05/18;15:57:27.345;INFO;Controller;State = Ready;
25/05/18;15:57:27.363;INFO;Server;Command: ExecRobotTask (Home,60000);
25/05/18;15:57:27.363;INFO;Controller;Executing asynchronous activity: ExecRobotTask;
25/05/18;15:57:27.364;INFO;Controller;Status = Executing: Home;
25/05/18;15:57:27.364;INFO;Controller;State = Running;
25/05/18;15:57:28.384;INFO;Robot Runtime;executing:    Home;
25/05/18;15:57:29.007;INFO;Controller;Activity ExecRobotTask ended. Return value: Done;
25/05/18;15:57:29.007;INFO;Controller;State = Ready;
25/05/18;15:57:29.017;INFO;Server;Command: ExecRobotTask (UC_Proximity,60000);
25/05/18;15:57:29.017;INFO;Controller;Executing asynchronous activity: ExecRobotTask;
25/05/18;15:57:29.017;INFO;Controller;Status = Executing: UC_Proximity;
25/05/18;15:57:29.017;INFO;Controller;State = Running;
25/05/18;15:57:29.264;INFO;Robot Runtime;executing:    UC_Proximity;
25/05/18;15:58:20.528;INFO;Controller;Activity ExecRobotTask ended. Return value: ;
25/05/18;15:58:20.529;INFO;Controller;State = Ready;
25/05/18;16:09:49.221;INFO;Server;Command: ExecRobotTask (Initialize,60000);
25/05/18;16:09:49.221;INFO;Controller;Executing asynchronous activity: ExecRobotTask;
25/05/18;16:09:49.222;INFO;Controller;Status = Executing: Initialize;
25/05/18;16:09:49.222;INFO;Controller;State = Running;
25/05/18;16:09:50.068;INFO;Robot Runtime;executing:    Initialize;
25/05/18;16:09:51.371;INFO;Controller;Activity ExecRobotTask ended. Return value: Done;
25/05/18;16:09:51.371;INFO;Controller;State = Ready;
25/05/18;16:09:51.387;INFO;Server;Command: ExecRobotTask (Home,60000);
25/05/18;16:09:51.387;INFO;Controller;Executing asynchronous activity: ExecRobotTask;
25/05/18;16:09:51.387;INFO;Controller;Status = Executing: Home;
25/05/18;16:09:51.387;INFO;Controller;State = Running;
25/05/18;16:09:52.214;INFO;Robot Runtime;executing:    Home;
25/05/18;16:09:52.774;INFO;Controller;Activity ExecRobotTask ended. Return value: Done;
25/05/18;16:09:52.774;INFO;Controller;State = Ready;
25/05/18;16:09:52.779;INFO;Server;Command: ExecRobotTask (UC_Proximity,60000);
25/05/18;16:09:52.780;INFO;Controller;Executing asynchronous activity: ExecRobotTask;
25/05/18;16:09:52.780;INFO;Controller;Status = Executing: UC_Proximity;
25/05/18;16:09:52.780;INFO;Controller;State = Running;
25/05/18;16:09:53.066;INFO;Robot Runtime;executing:    UC_Proximity;
25/05/18;16:10:48.132;INFO;Robot Runtime;Proximity Sensor 1: 1.7917;
25/05/18;16:10:48.154;INFO;Robot Runtime;Proximity Sensor 2: 1.9358;
25/05/18;16:10:48.175;INFO;Robot Runtime;Proximity Sensor 3: 2.2254;
25/05/18;16:10:52.864;INFO;Controller;Activity ExecRobotTask ended with exception: Timeout waiting ready;
25/05/18;16:10:52.865;WARNING;Activity;Exception: Robot timeout waiting ready
Stack trace:
org.embl.ctrl.Device$TimeoutWaitReadyException: Timeout waiting ready
	at org.embl.dev.staubli.StaubliRobot.executeTask(StaubliRobot.java:1199)
	at org.embl.dev.staubli.StaubliRobot.executeTask(StaubliRobot.java:1124)
	at org.embl.sw.Control.execRobotTask(Control.java:489)
	at org.embl.sw.Control$2.run(Control.java:380)
	at org.embl.task.ActivityManager.runTask(ActivityManager.java:104)
	at org.embl.task.ActivityManager.access$000(ActivityManager.java:22)
	at org.embl.task.ActivityManager$ActivityThread.run(ActivityManager.java:145)
;
25/05/18;16:10:52.865;INFO;Controller;State = Ready;
25/05/18;16:11:47.720;INFO;Server;Command: ExecRobotTask (Initialize,60000);
25/05/18;16:11:47.720;INFO;Controller;Executing asynchronous activity: ExecRobotTask;
25/05/18;16:11:47.720;INFO;Controller;Status = Executing: Initialize;
25/05/18;16:11:47.720;INFO;Controller;State = Running;
25/05/18;16:11:48.588;INFO;Robot Runtime;executing:    Initialize;
25/05/18;16:11:49.019;INFO;Controller;Activity ExecRobotTask ended. Return value: Done;
25/05/18;16:11:49.020;INFO;Controller;State = Ready;
25/05/18;16:11:49.046;INFO;Server;Command: ExecRobotTask (Home,60000);
25/05/18;16:11:49.046;INFO;Controller;Executing asynchronous activity: ExecRobotTask;
25/05/18;16:11:49.046;INFO;Controller;Status = Executing: Home;
25/05/18;16:11:49.046;INFO;Controller;State = Running;
25/05/18;16:11:50.106;INFO;Robot Runtime;executing:    Home;
25/05/18;16:11:50.283;INFO;Controller;Activity ExecRobotTask ended. Return value: Done;
25/05/18;16:11:50.283;INFO;Controller;State = Ready;
25/05/18;16:11:50.287;INFO;Server;Command: ExecRobotTask (UC_Proximity,60000);
25/05/18;16:11:50.287;INFO;Controller;Executing asynchronous activity: ExecRobotTask;
25/05/18;16:11:50.287;INFO;Controller;Status = Executing: UC_Proximity;
25/05/18;16:11:50.288;INFO;Controller;State = Running;
25/05/18;16:11:50.582;INFO;Robot Runtime;executing:    UC_Proximity;
25/05/18;16:12:00.802;INFO;Robot Runtime;Proximity Sensor 1: 1.7982;
25/05/18;16:12:00.823;INFO;Robot Runtime;Proximity Sensor 2: 1.9293;
25/05/18;16:12:00.843;INFO;Robot Runtime;Proximity Sensor 3: 2.2326;
25/05/18;16:12:06.795;INFO;Controller;Activity ExecRobotTask ended. Return value: Done;
25/05/18;16:12:06.796;INFO;Controller;State = Ready;
25/05/18;16:12:06.808;INFO;Server;Command: ExecRobotTask (Home,60000);
25/05/18;16:12:06.808;INFO;Controller;Executing asynchronous activity: ExecRobotTask;
25/05/18;16:12:06.808;INFO;Controller;Status = Executing: Home;
25/05/18;16:12:06.808;INFO;Controller;State = Running;
25/05/18;16:12:07.612;INFO;Robot Runtime;executing:    Home;
25/05/18;16:12:07.765;INFO;Controller;Activity ExecRobotTask ended. Return value: Done;
25/05/18;16:12:07.765;INFO;Controller;State = Ready;
25/05/18;16:12:07.776;INFO;Server;Command: ExecRobotTask (UC_Proximity,60000);
25/05/18;16:12:07.777;INFO;Controller;Executing asynchronous activity: ExecRobotTask;
25/05/18;16:12:07.777;INFO;Controller;Status = Executing: UC_Proximity;
25/05/18;16:12:07.777;INFO;Controller;State = Running;
25/05/18;16:12:07.995;INFO;Robot Runtime;executing:    UC_Proximity;
25/05/18;16:12:42.038;INFO;Controller;Activity ExecRobotTask ended. Return value: ;
25/05/18;16:12:42.038;INFO;Controller;State = Ready;
25/05/18;16:14:27.010;INFO;Server;Command: ExecRobotTask (Initialize,60000);
25/05/18;16:14:27.010;INFO;Controller;Executing asynchronous activity: ExecRobotTask;
25/05/18;16:14:27.010;INFO;Controller;Status = Executing: Initialize;
25/05/18;16:14:27.010;INFO;Controller;State = Running;
25/05/18;16:14:27.885;INFO;Robot Runtime;executing:    Initialize;
25/05/18;16:14:29.168;INFO;Controller;Activity ExecRobotTask ended. Return value: Done;
25/05/18;16:14:29.168;INFO;Controller;State = Ready;
25/05/18;16:14:29.203;INFO;Server;Command: ExecRobotTask (Home,60000);
25/05/18;16:14:29.203;INFO;Controller;Executing asynchronous activity: ExecRobotTask;
25/05/18;16:14:29.203;INFO;Controller;Status = Executing: Home;
25/05/18;16:14:29.203;INFO;Controller;State = Running;
25/05/18;16:14:30.077;INFO;Robot Runtime;executing:    Home;
25/05/18;16:14:30.580;INFO;Controller;Activity ExecRobotTask ended. Return value: Done;
25/05/18;16:14:30.580;INFO;Controller;State = Ready;
25/05/18;16:14:30.585;INFO;Server;Command: ExecRobotTask (UC_Proximity,60000);
25/05/18;16:14:30.586;INFO;Controller;Executing asynchronous activity: ExecRobotTask;
25/05/18;16:14:30.586;INFO;Controller;Status = Executing: UC_Proximity;
25/05/18;16:14:30.586;INFO;Controller;State = Running;
25/05/18;16:14:30.851;INFO;Robot Runtime;executing:    UC_Proximity;
25/05/18;16:14:41.064;INFO;Robot Runtime;Proximity Sensor 1: 1.8025;
25/05/18;16:14:41.087;INFO;Robot Runtime;Proximity Sensor 2: 1.9293;
25/05/18;16:14:41.110;INFO;Robot Runtime;Proximity Sensor 3: 2.2369;
25/05/18;16:14:46.766;INFO;Controller;Activity ExecRobotTask ended. Return value: Done;
25/05/18;16:14:46.766;INFO;Controller;State = Ready;
25/05/18;16:14:46.772;INFO;Server;Command: ExecRobotTask (Home,60000);
25/05/18;16:14:46.772;INFO;Controller;Executing asynchronous activity: ExecRobotTask;
25/05/18;16:14:46.772;INFO;Controller;Status = Executing: Home;
25/05/18;16:14:46.772;INFO;Controller;State = Running;
25/05/18;16:14:47.862;INFO;Robot Runtime;executing:    Home;
25/05/18;16:14:48.338;INFO;Controller;Activity ExecRobotTask ended. Return value: Done;
25/05/18;16:14:48.338;INFO;Controller;State = Ready;
25/05/18;16:14:48.347;INFO;Server;Command: ExecRobotTask (UC_Proximity,60000);
25/05/18;16:14:48.347;INFO;Controller;Executing asynchronous activity: ExecRobotTask;
25/05/18;16:14:48.348;INFO;Controller;Status = Executing: UC_Proximity;
25/05/18;16:14:48.348;INFO;Controller;State = Running;
25/05/18;16:14:48.643;INFO;Robot Runtime;executing:    UC_Proximity;
25/05/18;16:14:58.865;INFO;Robot Runtime;Proximity Sensor 1: 1.7975;
25/05/18;16:14:58.885;INFO;Robot Runtime;Proximity Sensor 2: 1.9315;
25/05/18;16:14:58.908;INFO;Robot Runtime;Proximity Sensor 3: 2.2311;
25/05/18;16:15:04.564;INFO;Controller;Activity ExecRobotTask ended. Return value: Done;
25/05/18;16:15:04.564;INFO;Controller;State = Ready;
25/05/18;16:16:05.493;INFO;Controller;State = Closing;
25/05/18;16:16:06.711;INFO;Epics Server;Exiting running thread;
25/05/18;16:16:06.714;INFO;Controller;Stopping log services - Startup: 16/05/18 09:20:42;
25/05/18;16:24:36.815;INFO;Controller;Instantiation;
25/05/18;16:24:36.838;INFO;Controller;State = Initializing;
25/05/18;16:24:36.977;WARNING;Interface;Access level set to Admin;
25/05/18;16:24:37.058;INFO;Controller;Initialized log services - Startup: 25/05/18 16:24:36;
25/05/18;16:24:37.066;INFO;Controller;Initializing controller for SW version: 1.1.0 - JLib 1.7.2;
25/05/18;16:24:37.277;INFO;Epics Server;Registered PV: SW:Version;
25/05/18;16:24:37.277;INFO;Epics Server;Registered PV: SW:Status;
25/05/18;16:24:37.278;INFO;Epics Server;Registered PV: SW:Uptime;
25/05/18;16:24:37.293;INFO;Epics Server;Registered PV: SW:LastTaskInfo;
25/05/18;16:24:37.294;INFO;Epics Server;Registered PV: SW:AlarmList;
25/05/18;16:24:37.295;INFO;Epics Server;Registered PV: SW:LocalGuiLockOut;
25/05/18;16:24:37.295;INFO;Epics Server;Registered PV: SW:RobotSpeed;
25/05/18;16:24:37.295;INFO;Epics Server;Registered PV: SW:LastTaskException;
25/05/18;16:24:37.296;INFO;Epics Server;Registered PV: SW:LastTaskOutput;
25/05/18;16:24:37.296;INFO;Epics Server;Registered PV: SW:RobotState;
25/05/18;16:24:37.297;INFO;Epics Server;Registered PV: SW:CartesianPositions;
25/05/18;16:24:37.298;INFO;Epics Server;Registered PV: SW:JointPositions;
25/05/18;16:24:37.298;INFO;Epics Server;Registered PV: SW:State;
25/05/18;16:24:37.300;INFO;Epics Server;Registered PV: SW:abort;
25/05/18;16:24:37.301;INFO;Epics Server;Registered PV: SW:restart;
25/05/18;16:24:37.301;INFO;Epics Server;Registered PV: SW:getTaskInfo;
25/05/18;16:24:37.301;INFO;Epics Server;Registered PV: SW:isTaskRunning;
25/05/18;16:24:37.302;INFO;Epics Server;Registered PV: SW:checkTaskResult;
25/05/18;16:24:37.302;INFO;Epics Server;Registered PV: SW:startTestTask;
25/05/18;16:24:37.302;INFO;Epics Server;Registered PV: SW:pauseRobot;
25/05/18;16:24:37.303;INFO;Epics Server;Registered PV: SW:resumeRobot;
25/05/18;16:24:37.303;INFO;Epics Server;Registered PV: SW:setRobotVariable;
25/05/18;16:24:37.303;INFO;Epics Server;Registered PV: SW:isSampleMounted;
25/05/18;16:24:37.304;INFO;Epics Server;Registered PV: SW:startRobotTask;
25/05/18;16:24:37.305;INFO;Epics Server;Registered PV: SW:getRobotVariable;
25/05/18;16:24:37.305;INFO;Epics Server;Registered PV: SW:getDistance;
25/05/18;16:24:37.306;INFO;Epics Server;Initializing: Channel Access Server in Java v1.1.1;
25/05/18;16:24:37.308;INFO;Epics Server;Started server: ready to accept requests;
25/05/18;16:24:38.090;INFO;Controller;Initializing Robot;
25/05/18;16:24:38.099;INFO;Robot;Setting reference frame to: world;
25/05/18;16:24:38.274;INFO;Controller;Initializing Bus Controller;
25/05/18;16:24:38.275;INFO;Anti-Collision;Active = true;
25/05/18;16:24:38.276;INFO;Controller;State = Starting;
25/05/18;16:24:38.279;INFO;Controller;Command: Reset;
25/05/18;16:24:38.660;INFO;Controller;Executing asynchronous script: ./script/Reset.py;
25/05/18;16:24:38.660;INFO;Controller;Status = Reseting;
25/05/18;16:24:38.661;INFO;Controller;State = Running;
25/05/18;16:24:39.221;INFO;Controller;Script host: localhost:43904;
25/05/18;16:24:39.221;INFO;Script;Starting initialization script;
25/05/18;16:24:39.224;INFO;Script;Do nothing;
25/05/18;16:24:39.225;INFO;Controller;Script ./script/Reset.py ended. Return value: ;
25/05/18;16:24:39.226;INFO;Controller;State = Ready;
25/05/18;16:24:44.285;INFO;Server;Command: ExecRobotTask (EnableTScreen,500000);
25/05/18;16:24:44.286;INFO;Controller;Executing asynchronous activity: ExecRobotTask;
25/05/18;16:24:44.286;INFO;Controller;Status = Executing: EnableTScreen;
25/05/18;16:24:44.286;INFO;Controller;State = Running;
25/05/18;16:24:45.147;INFO;Robot Runtime;executing:    EnableTScreen;
25/05/18;16:24:45.413;INFO;Controller;Activity ExecRobotTask ended. Return value: Done;
25/05/18;16:24:45.414;INFO;Controller;State = Ready;
25/05/18;19:05:55.047;INFO;Interface;Command: Abort;
25/05/18;19:05:55.048;INFO;Robot;Abort;
25/05/18;19:05:56.834;INFO;Interface;Command: Restart;
25/05/18;19:05:56.835;INFO;Controller;State = Initializing;
25/05/18;19:05:56.931;INFO;Controller;Initialized log services - Startup: 25/05/18 16:24:36;
25/05/18;19:05:57.942;INFO;Epics Server;Exiting running thread;
25/05/18;19:05:57.946;INFO;Epics Server;Registered PV: SW:Version;
25/05/18;19:05:57.947;INFO;Epics Server;Registered PV: SW:Status;
25/05/18;19:05:57.947;INFO;Epics Server;Registered PV: SW:Uptime;
25/05/18;19:05:57.947;INFO;Epics Server;Registered PV: SW:LastTaskInfo;
25/05/18;19:05:57.947;INFO;Epics Server;Registered PV: SW:AlarmList;
25/05/18;19:05:57.948;INFO;Epics Server;Registered PV: SW:LocalGuiLockOut;
25/05/18;19:05:57.948;INFO;Epics Server;Registered PV: SW:RobotSpeed;
25/05/18;19:05:57.948;INFO;Epics Server;Registered PV: SW:LastTaskException;
25/05/18;19:05:57.948;INFO;Epics Server;Registered PV: SW:LastTaskOutput;
25/05/18;19:05:57.948;INFO;Epics Server;Registered PV: SW:RobotState;
25/05/18;19:05:57.949;INFO;Epics Server;Registered PV: SW:CartesianPositions;
25/05/18;19:05:57.949;INFO;Epics Server;Registered PV: SW:JointPositions;
25/05/18;19:05:57.949;INFO;Epics Server;Registered PV: SW:State;
25/05/18;19:05:57.949;INFO;Epics Server;Registered PV: SW:abort;
25/05/18;19:05:57.949;INFO;Epics Server;Registered PV: SW:restart;
25/05/18;19:05:57.949;INFO;Epics Server;Registered PV: SW:getTaskInfo;
25/05/18;19:05:57.950;INFO;Epics Server;Registered PV: SW:isTaskRunning;
25/05/18;19:05:57.950;INFO;Epics Server;Registered PV: SW:checkTaskResult;
25/05/18;19:05:57.950;INFO;Epics Server;Registered PV: SW:startTestTask;
25/05/18;19:05:57.950;INFO;Epics Server;Registered PV: SW:pauseRobot;
25/05/18;19:05:57.950;INFO;Epics Server;Registered PV: SW:resumeRobot;
25/05/18;19:05:57.951;INFO;Epics Server;Registered PV: SW:setRobotVariable;
25/05/18;19:05:57.951;INFO;Epics Server;Registered PV: SW:isSampleMounted;
25/05/18;19:05:57.951;INFO;Epics Server;Registered PV: SW:startRobotTask;
25/05/18;19:05:57.951;INFO;Epics Server;Registered PV: SW:getRobotVariable;
25/05/18;19:05:57.951;INFO;Epics Server;Registered PV: SW:getDistance;
25/05/18;19:05:57.952;INFO;Epics Server;Initializing: Channel Access Server in Java v1.1.1;
25/05/18;19:05:57.953;INFO;Epics Server;Started server: ready to accept requests;
25/05/18;19:05:58.557;INFO;Controller;Initializing Robot;
25/05/18;19:05:58.561;INFO;Robot;Setting reference frame to: world;
25/05/18;19:05:58.746;INFO;Controller;Initializing Bus Controller;
25/05/18;19:05:58.746;INFO;Anti-Collision;Active = true;
25/05/18;19:05:58.746;INFO;Controller;State = Starting;
25/05/18;19:05:58.749;INFO;Controller;Command: Reset;
25/05/18;19:05:58.749;INFO;Controller;Executing asynchronous script: ./script/Reset.py;
25/05/18;19:05:58.749;INFO;Controller;Status = Reseting;
25/05/18;19:05:58.750;INFO;Controller;State = Running;
25/05/18;19:05:59.072;INFO;Controller;Script host: localhost:52953;
25/05/18;19:05:59.073;INFO;Script;Starting initialization script;
25/05/18;19:05:59.076;INFO;Script;Do nothing;
25/05/18;19:05:59.077;INFO;Controller;Script ./script/Reset.py ended. Return value: ;
25/05/18;19:05:59.077;INFO;Controller;State = Ready;
25/05/18;19:06:13.542;INFO;Interface;Command: ExecRobotTask (initialize,-1);
25/05/18;19:06:13.543;INFO;Controller;Executing asynchronous activity: ExecRobotTask;
25/05/18;19:06:13.543;INFO;Controller;Status = Executing: initialize;
25/05/18;19:06:13.543;INFO;Controller;State = Running;
25/05/18;19:06:14.460;INFO;Robot Runtime;executing:    initialize;
25/05/18;19:06:15.503;INFO;Robot Runtime;Failed to turn on robot power;
25/05/18;19:06:15.759;INFO;Controller;Activity ExecRobotTask ended. Return value: ABORT: Failed to turn on robot power;
25/05/18;19:06:15.760;INFO;Controller;State = Ready;
25/05/18;19:06:31.110;INFO;Interface;Command: ExecRobotTask (enableTscreen,-1);
25/05/18;19:06:31.111;INFO;Controller;Executing asynchronous activity: ExecRobotTask;
25/05/18;19:06:31.111;INFO;Controller;Status = Executing: enableTscreen;
25/05/18;19:06:31.111;INFO;Controller;State = Running;
25/05/18;19:06:32.247;INFO;Robot Runtime;executing:    enableTscreen;
25/05/18;19:06:32.529;INFO;Controller;Activity ExecRobotTask ended. Return value: Done;
25/05/18;19:06:32.530;INFO;Controller;State = Ready;
