01/05/18;10:16:22.237;INFO;Controller;Instantiation;
01/05/18;10:16:22.256;INFO;Controller;State = Initializing;
01/05/18;10:16:22.389;WARNING;Interface;Access level set to Admin;
01/05/18;10:16:22.478;INFO;Controller;Initialized log services - Startup: 01/05/18 10:16:22;
01/05/18;10:16:22.485;INFO;Controller;Initializing controller for SW version: 1.1.0 - JLib 1.7.2;
01/05/18;10:16:22.729;INFO;Epics Server;Registered PV: SW:Version;
01/05/18;10:16:22.729;INFO;Epics Server;Registered PV: SW:Status;
01/05/18;10:16:22.730;INFO;Epics Server;Registered PV: SW:Uptime;
01/05/18;10:16:22.748;INFO;Epics Server;Registered PV: SW:LastTaskInfo;
01/05/18;10:16:22.748;INFO;Epics Server;Registered PV: SW:AlarmList;
01/05/18;10:16:22.749;INFO;Epics Server;Registered PV: SW:LocalGuiLockOut;
01/05/18;10:16:22.749;INFO;Epics Server;Registered PV: SW:RobotSpeed;
01/05/18;10:16:22.749;INFO;Epics Server;Registered PV: SW:LastTaskException;
01/05/18;10:16:22.750;INFO;Epics Server;Registered PV: SW:LastTaskOutput;
01/05/18;10:16:22.750;INFO;Epics Server;Registered PV: SW:RobotState;
01/05/18;10:16:22.751;INFO;Epics Server;Registered PV: SW:CartesianPositions;
01/05/18;10:16:22.751;INFO;Epics Server;Registered PV: SW:JointPositions;
01/05/18;10:16:22.752;INFO;Epics Server;Registered PV: SW:State;
01/05/18;10:16:22.753;INFO;Epics Server;Registered PV: SW:abort;
01/05/18;10:16:22.754;INFO;Epics Server;Registered PV: SW:restart;
01/05/18;10:16:22.754;INFO;Epics Server;Registered PV: SW:getTaskInfo;
01/05/18;10:16:22.755;INFO;Epics Server;Registered PV: SW:isTaskRunning;
01/05/18;10:16:22.755;INFO;Epics Server;Registered PV: SW:checkTaskResult;
01/05/18;10:16:22.755;INFO;Epics Server;Registered PV: SW:startTestTask;
01/05/18;10:16:22.755;INFO;Epics Server;Registered PV: SW:pauseRobot;
01/05/18;10:16:22.756;INFO;Epics Server;Registered PV: SW:resumeRobot;
01/05/18;10:16:22.756;INFO;Epics Server;Registered PV: SW:setRobotVariable;
01/05/18;10:16:22.756;INFO;Epics Server;Registered PV: SW:isSampleMounted;
01/05/18;10:16:22.756;INFO;Epics Server;Registered PV: SW:startRobotTask;
01/05/18;10:16:22.757;INFO;Epics Server;Registered PV: SW:getRobotVariable;
01/05/18;10:16:22.757;INFO;Epics Server;Registered PV: SW:getDistance;
01/05/18;10:16:22.757;INFO;Epics Server;Initializing: Channel Access Server in Java v1.1.1;
01/05/18;10:16:22.760;INFO;Epics Server;Started server: ready to accept requests;
01/05/18;10:16:23.596;INFO;Controller;Initializing Robot;
01/05/18;10:16:23.608;INFO;Robot;Setting reference frame to: world;
01/05/18;10:16:23.811;INFO;Controller;Initializing Bus Controller;
01/05/18;10:16:23.812;INFO;Anti-Collision;Active = true;
01/05/18;10:16:23.813;INFO;Controller;State = Starting;
01/05/18;10:16:23.816;INFO;Controller;Command: Reset;
01/05/18;10:16:24.216;INFO;Controller;Executing asynchronous script: ./script/Reset.py;
01/05/18;10:16:24.217;INFO;Controller;Status = Reseting;
01/05/18;10:16:24.217;INFO;Controller;State = Running;
01/05/18;10:16:24.952;INFO;Controller;Script host: localhost:34130;
01/05/18;10:16:24.952;INFO;Script;Starting initialization script;
01/05/18;10:16:24.956;INFO;Script;Do nothing;
01/05/18;10:16:24.957;INFO;Controller;Script ./script/Reset.py ended. Return value: ;
01/05/18;10:16:24.958;INFO;Controller;State = Ready;
01/05/18;10:19:26.120;INFO;Interface;Command: ExecRobotTask (checkToolConfig,-1);
01/05/18;10:19:26.121;INFO;Controller;Executing asynchronous activity: ExecRobotTask;
01/05/18;10:19:26.121;INFO;Controller;Status = Executing: checkToolConfig;
01/05/18;10:19:26.121;INFO;Controller;State = Running;
01/05/18;10:19:26.412;INFO;Robot Runtime;executing:    checkToolConfig;
01/05/18;10:19:26.454;INFO;Robot Runtime;Invalid Gripper: C014;
01/05/18;10:19:26.475;INFO;Robot Runtime;Invalid Gripper: C017;
01/05/18;10:19:26.495;INFO;Robot Runtime;Valid Gripper: C015;
01/05/18;10:19:26.518;INFO;Robot Runtime;Valid Gripper: C019;
01/05/18;10:19:26.539;INFO;Robot Runtime;Current Tool: C019 (Valid);
01/05/18;10:19:26.867;INFO;Controller;Activity ExecRobotTask ended. Return value: Done;
01/05/18;10:19:26.867;INFO;Controller;State = Ready;
01/05/18;10:21:58.376;INFO;Interface;Command: ExecRobotTask (swapTools,-1);
01/05/18;10:21:58.376;INFO;Controller;Executing asynchronous activity: ExecRobotTask;
01/05/18;10:21:58.377;INFO;Controller;Status = Executing: swapTools;
01/05/18;10:21:58.377;INFO;Controller;State = Running;
01/05/18;10:21:58.571;INFO;Robot Runtime;executing:    swapTools;
01/05/18;10:21:59.084;INFO;Controller;Activity ExecRobotTask ended. Return value: Done;
01/05/18;10:21:59.084;INFO;Controller;State = Ready;
01/05/18;10:22:10.433;INFO;Interface;Command: ExecRobotTask (checktoolconfig,-1);
01/05/18;10:22:10.433;INFO;Controller;Executing asynchronous activity: ExecRobotTask;
01/05/18;10:22:10.434;INFO;Controller;Status = Executing: checktoolconfig;
01/05/18;10:22:10.434;INFO;Controller;State = Running;
01/05/18;10:22:10.594;INFO;Robot Runtime;executing:    checktoolconfig;
01/05/18;10:22:10.635;INFO;Robot Runtime;Invalid Gripper: C014;
01/05/18;10:22:10.655;INFO;Robot Runtime;Invalid Gripper: C017;
01/05/18;10:22:10.676;INFO;Robot Runtime;Valid Gripper: C015;
01/05/18;10:22:10.696;INFO;Robot Runtime;Valid Gripper: C019;
01/05/18;10:22:10.719;INFO;Robot Runtime;Current Tool: C015 (Valid);
01/05/18;10:22:10.843;INFO;Controller;Activity ExecRobotTask ended. Return value: Done;
01/05/18;10:22:10.844;INFO;Controller;State = Ready;
01/05/18;12:19:53.237;INFO;Interface;Command: ExecRobotTask (enableTScreen,-1);
01/05/18;12:19:53.237;INFO;Controller;Executing asynchronous activity: ExecRobotTask;
01/05/18;12:19:53.238;INFO;Controller;Status = Executing: enableTScreen;
01/05/18;12:19:53.238;INFO;Controller;State = Running;
01/05/18;12:19:54.084;INFO;Robot Runtime;executing:    enableTScreen;
01/05/18;12:19:54.447;INFO;Controller;Activity ExecRobotTask ended. Return value: Done;
01/05/18;12:19:54.447;INFO;Controller;State = Ready;
01/05/18;14:44:59.744;INFO;Interface;Command: ExecRobotTask (MT_dewarcalib,-1);
01/05/18;14:44:59.745;INFO;Controller;Executing asynchronous activity: ExecRobotTask;
01/05/18;14:44:59.745;INFO;Controller;Status = Executing: MT_dewarcalib;
01/05/18;14:44:59.745;INFO;Controller;State = Running;
01/05/18;14:45:01.137;INFO;Robot Runtime;executing:    MT_dewarcalib;
01/05/18;14:45:01.182;INFO;Robot Runtime;0;
01/05/18;14:45:01.517;INFO;Controller;Activity ExecRobotTask ended. Return value: ;
01/05/18;14:45:01.517;INFO;Controller;State = Ready;
01/05/18;14:45:52.326;INFO;Interface;Command: ExecRobotTask (MT_dewarcalib,-1);
01/05/18;14:45:52.326;INFO;Controller;Executing asynchronous activity: ExecRobotTask;
01/05/18;14:45:52.326;INFO;Controller;Status = Executing: MT_dewarcalib;
01/05/18;14:45:52.327;INFO;Controller;State = Running;
01/05/18;14:45:52.679;INFO;Robot Runtime;executing:    MT_dewarcalib;
01/05/18;14:45:52.722;INFO;Robot Runtime;0;
01/05/18;14:46:24.936;INFO;Controller;Activity ExecRobotTask ended. Return value: ;
01/05/18;14:46:24.937;INFO;Controller;State = Ready;
01/05/18;14:47:01.126;INFO;Interface;Command: ExecRobotTask (MT_dewarcalib,-1);
01/05/18;14:47:01.127;INFO;Controller;Executing asynchronous activity: ExecRobotTask;
01/05/18;14:47:01.127;INFO;Controller;Status = Executing: MT_dewarcalib;
01/05/18;14:47:01.128;INFO;Controller;State = Running;
01/05/18;14:47:02.318;INFO;Robot Runtime;executing:    MT_dewarcalib;
01/05/18;14:47:02.360;INFO;Robot Runtime;0;
01/05/18;14:47:02.490;INFO;Controller;Activity ExecRobotTask ended. Return value: ;
01/05/18;14:47:02.490;INFO;Controller;State = Ready;
01/05/18;15:51:45.645;WARNING;Robot Runtime;update thread is down, Error Code: 125;
01/05/18;15:51:49.816;WARNING;Robot;Alarm active: Device is offline;
01/05/18;15:51:49.817;INFO;Controller;State = Communication Error;
01/05/18;16:01:49.948;INFO;Robot;Alarm inactive: Device is offline;
01/05/18;16:01:49.949;WARNING;Controller;Communication resumed, trying updating devices;
01/05/18;16:01:49.950;INFO;Controller;Finished device updating;
01/05/18;16:01:49.950;INFO;Controller;State = Ready;
