08/11/18;08:25:16.799;INFO;Server;Command: ExecRobotTask (Unmount,500000);
08/11/18;08:25:16.800;INFO;Controller;Executing asynchronous activity: ExecRobotTask;
08/11/18;08:25:16.800;INFO;Controller;Status = Executing: Unmount;
08/11/18;08:25:16.800;INFO;Controller;State = Running;
08/11/18;08:25:17.759;INFO;Robot Runtime;executing:    Unmount;
08/11/18;08:25:29.433;INFO;Controller;Activity ExecRobotTask ended. Return value: Done False/True/False;
08/11/18;08:25:29.433;INFO;Controller;State = Ready;
08/11/18;08:25:29.473;INFO;Server;Command: ExecRobotTask (Unload,500000);
08/11/18;08:25:29.473;INFO;Controller;Executing asynchronous activity: ExecRobotTask;
08/11/18;08:25:29.473;INFO;Controller;Status = Executing: Unload;
08/11/18;08:25:29.473;INFO;Controller;State = Running;
08/11/18;08:25:30.329;INFO;Robot Runtime;executing:    Unload;
08/11/18;08:25:34.977;INFO;Controller;Activity ExecRobotTask ended. Return value: Done False/False/False;
08/11/18;08:25:34.977;INFO;Controller;State = Ready;
08/11/18;08:25:35.445;INFO;Server;Command: ExecRobotTask (Load,500000);
08/11/18;08:25:35.445;INFO;Controller;Executing asynchronous activity: ExecRobotTask;
08/11/18;08:25:35.446;INFO;Controller;Status = Executing: Load;
08/11/18;08:25:35.446;INFO;Controller;State = Running;
08/11/18;08:25:36.820;INFO;Robot Runtime;executing:    Load;
08/11/18;08:25:43.832;INFO;Controller;Activity ExecRobotTask ended. Return value: Done False/True/False;
08/11/18;08:25:43.832;INFO;Controller;State = Ready;
08/11/18;08:25:43.876;INFO;Server;Command: ExecRobotTask (Mount,500000);
08/11/18;08:25:43.876;INFO;Controller;Executing asynchronous activity: ExecRobotTask;
08/11/18;08:25:43.876;INFO;Controller;Status = Executing: Mount;
08/11/18;08:25:43.876;INFO;Controller;State = Running;
08/11/18;08:25:44.804;INFO;Robot Runtime;executing:    Mount;
08/11/18;08:25:52.229;INFO;Controller;Activity ExecRobotTask ended. Return value: Done True/False/False;
08/11/18;08:25:52.230;INFO;Controller;State = Ready;
08/11/18;08:25:52.266;INFO;Server;Command: ExecRobotTask (Park,500000);
08/11/18;08:25:52.266;INFO;Controller;Executing asynchronous activity: ExecRobotTask;
08/11/18;08:25:52.267;INFO;Controller;Status = Executing: Park;
08/11/18;08:25:52.267;INFO;Controller;State = Running;
08/11/18;08:25:53.117;INFO;Robot Runtime;executing:    Park;
08/11/18;08:25:56.651;INFO;Controller;Activity ExecRobotTask ended. Return value: Done;
08/11/18;08:25:56.652;INFO;Controller;State = Ready;
08/11/18;08:25:56.693;INFO;Server;Command: ExecRobotTask (UnlatchRobGov,500000);
08/11/18;08:25:56.693;INFO;Controller;Executing asynchronous activity: ExecRobotTask;
08/11/18;08:25:56.693;INFO;Controller;Status = Executing: UnlatchRobGov;
08/11/18;08:25:56.693;INFO;Controller;State = Running;
08/11/18;08:25:58.063;INFO;Robot Runtime;executing:    UnlatchRobGov;
08/11/18;08:25:58.234;INFO;Controller;Activity ExecRobotTask ended. Return value: Done;
08/11/18;08:25:58.235;INFO;Controller;State = Ready;
08/11/18;08:33:13.096;INFO;Server;Command: ExecRobotTask (Unmount,500000);
08/11/18;08:33:13.096;INFO;Controller;Executing asynchronous activity: ExecRobotTask;
08/11/18;08:33:13.096;INFO;Controller;Status = Executing: Unmount;
08/11/18;08:33:13.096;INFO;Controller;State = Running;
08/11/18;08:33:14.035;INFO;Robot Runtime;executing:    Unmount;
08/11/18;08:33:23.287;INFO;Controller;Activity ExecRobotTask ended. Return value: Done False/True/False;
08/11/18;08:33:23.287;INFO;Controller;State = Ready;
08/11/18;08:33:23.304;INFO;Server;Command: ExecRobotTask (Unload,500000);
08/11/18;08:33:23.304;INFO;Controller;Executing asynchronous activity: ExecRobotTask;
08/11/18;08:33:23.304;INFO;Controller;Status = Executing: Unload;
08/11/18;08:33:23.304;INFO;Controller;State = Running;
08/11/18;08:33:24.158;INFO;Robot Runtime;executing:    Unload;
08/11/18;08:33:28.840;INFO;Controller;Activity ExecRobotTask ended. Return value: Done False/False/False;
08/11/18;08:33:28.840;INFO;Controller;State = Ready;
08/11/18;08:33:28.945;INFO;Server;Command: ExecRobotTask (Initialize,500000);
08/11/18;08:33:28.946;INFO;Controller;Executing asynchronous activity: ExecRobotTask;
08/11/18;08:33:28.946;INFO;Controller;Status = Executing: Initialize;
08/11/18;08:33:28.946;INFO;Controller;State = Running;
08/11/18;08:33:30.295;INFO;Robot Runtime;executing:    Initialize;
08/11/18;08:33:30.829;INFO;Controller;Activity ExecRobotTask ended. Return value: Done;
08/11/18;08:33:30.829;INFO;Controller;State = Ready;
08/11/18;08:33:30.845;INFO;Server;Command: ExecRobotTask (Park,500000);
08/11/18;08:33:30.845;INFO;Controller;Executing asynchronous activity: ExecRobotTask;
08/11/18;08:33:30.845;INFO;Controller;Status = Executing: Park;
08/11/18;08:33:30.845;INFO;Controller;State = Running;
08/11/18;08:33:31.744;INFO;Robot Runtime;executing:    Park;
08/11/18;08:33:35.345;INFO;Controller;Activity ExecRobotTask ended. Return value: Done;
08/11/18;08:33:35.346;INFO;Controller;State = Ready;
08/11/18;08:35:50.546;INFO;Server;Command: ExecRobotTask (Initialize,500000);
08/11/18;08:35:50.546;INFO;Controller;Executing asynchronous activity: ExecRobotTask;
08/11/18;08:35:50.546;INFO;Controller;Status = Executing: Initialize;
08/11/18;08:35:50.546;INFO;Controller;State = Running;
08/11/18;08:35:51.382;INFO;Robot Runtime;executing:    Initialize;
08/11/18;08:35:51.861;INFO;Controller;Activity ExecRobotTask ended. Return value: Done;
08/11/18;08:35:51.862;INFO;Controller;State = Ready;
08/11/18;08:35:51.900;INFO;Server;Command: ExecRobotTask (LatchRobGov,500000);
08/11/18;08:35:51.900;INFO;Controller;Executing asynchronous activity: ExecRobotTask;
08/11/18;08:35:51.900;INFO;Controller;Status = Executing: LatchRobGov;
08/11/18;08:35:51.900;INFO;Controller;State = Running;
08/11/18;08:35:53.288;INFO;Robot Runtime;executing:    LatchRobGov;
08/11/18;08:35:54.351;INFO;Controller;Activity ExecRobotTask ended. Return value: Done;
08/11/18;08:35:54.351;INFO;Controller;State = Ready;
08/11/18;08:35:54.391;INFO;Server;Command: ExecRobotTask (TraceSample,500000);
08/11/18;08:35:54.391;INFO;Controller;Executing asynchronous activity: ExecRobotTask;
08/11/18;08:35:54.391;INFO;Controller;Status = Executing: TraceSample;
08/11/18;08:35:54.391;INFO;Controller;State = Running;
08/11/18;08:35:55.302;INFO;Robot Runtime;executing:    TraceSample;
08/11/18;08:35:57.850;INFO;Controller;Activity ExecRobotTask ended. Return value: Done False/False/False;
08/11/18;08:35:57.850;INFO;Controller;State = Ready;
08/11/18;08:35:57.895;INFO;Server;Command: ExecRobotTask (CoolDown,500000);
08/11/18;08:35:57.895;INFO;Controller;Executing asynchronous activity: ExecRobotTask;
08/11/18;08:35:57.895;INFO;Controller;Status = Executing: CoolDown;
08/11/18;08:35:57.895;INFO;Controller;State = Running;
08/11/18;08:35:58.740;INFO;Robot Runtime;executing:    CoolDown;
08/11/18;08:35:58.883;INFO;Controller;Activity ExecRobotTask ended. Return value: Done;
08/11/18;08:35:58.883;INFO;Controller;State = Ready;
08/11/18;08:35:59.112;INFO;Server;Command: ExecRobotTask (Load,500000);
08/11/18;08:35:59.113;INFO;Controller;Executing asynchronous activity: ExecRobotTask;
08/11/18;08:35:59.113;INFO;Controller;Status = Executing: Load;
08/11/18;08:35:59.113;INFO;Controller;State = Running;
08/11/18;08:36:00.481;INFO;Robot Runtime;executing:    Load;
08/11/18;08:36:09.353;INFO;Controller;Activity ExecRobotTask ended. Return value: Done False/True/False;
08/11/18;08:36:09.353;INFO;Controller;State = Ready;
08/11/18;08:36:09.394;INFO;Server;Command: ExecRobotTask (Mount,500000);
08/11/18;08:36:09.394;INFO;Controller;Executing asynchronous activity: ExecRobotTask;
08/11/18;08:36:09.394;INFO;Controller;Status = Executing: Mount;
08/11/18;08:36:09.394;INFO;Controller;State = Running;
08/11/18;08:36:10.317;INFO;Robot Runtime;executing:    Mount;
08/11/18;08:36:17.682;INFO;Controller;Activity ExecRobotTask ended. Return value: Done True/False/False;
08/11/18;08:36:17.683;INFO;Controller;State = Ready;
08/11/18;08:36:17.729;INFO;Server;Command: ExecRobotTask (Park,500000);
08/11/18;08:36:17.730;INFO;Controller;Executing asynchronous activity: ExecRobotTask;
08/11/18;08:36:17.730;INFO;Controller;Status = Executing: Park;
08/11/18;08:36:17.730;INFO;Controller;State = Running;
08/11/18;08:36:18.584;INFO;Robot Runtime;executing:    Park;
08/11/18;08:36:21.781;INFO;Controller;Activity ExecRobotTask ended. Return value: Done;
08/11/18;08:36:21.781;INFO;Controller;State = Ready;
08/11/18;08:36:21.823;INFO;Server;Command: ExecRobotTask (UnlatchRobGov,500000);
08/11/18;08:36:21.824;INFO;Controller;Executing asynchronous activity: ExecRobotTask;
08/11/18;08:36:21.824;INFO;Controller;Status = Executing: UnlatchRobGov;
08/11/18;08:36:21.824;INFO;Controller;State = Running;
08/11/18;08:36:23.202;INFO;Robot Runtime;executing:    UnlatchRobGov;
08/11/18;08:36:23.697;INFO;Controller;Activity ExecRobotTask ended. Return value: Done;
08/11/18;08:36:23.697;INFO;Controller;State = Ready;
08/11/18;08:37:42.784;INFO;Server;Command: ExecRobotTask (Unmount,500000);
08/11/18;08:37:42.784;INFO;Controller;Executing asynchronous activity: ExecRobotTask;
08/11/18;08:37:42.784;INFO;Controller;Status = Executing: Unmount;
08/11/18;08:37:42.784;INFO;Controller;State = Running;
08/11/18;08:37:43.706;INFO;Robot Runtime;executing:    Unmount;
08/11/18;08:37:53.938;INFO;Controller;Activity ExecRobotTask ended. Return value: Done False/True/False;
08/11/18;08:37:53.938;INFO;Controller;State = Ready;
08/11/18;08:37:53.955;INFO;Server;Command: ExecRobotTask (Unload,500000);
08/11/18;08:37:53.956;INFO;Controller;Executing asynchronous activity: ExecRobotTask;
08/11/18;08:37:53.956;INFO;Controller;Status = Executing: Unload;
08/11/18;08:37:53.956;INFO;Controller;State = Running;
08/11/18;08:37:54.806;INFO;Robot Runtime;executing:    Unload;
08/11/18;08:37:59.682;INFO;Controller;Activity ExecRobotTask ended. Return value: Done False/False/False;
08/11/18;08:37:59.683;INFO;Controller;State = Ready;
08/11/18;08:37:59.777;INFO;Server;Command: ExecRobotTask (Initialize,500000);
08/11/18;08:37:59.777;INFO;Controller;Executing asynchronous activity: ExecRobotTask;
08/11/18;08:37:59.777;INFO;Controller;Status = Executing: Initialize;
08/11/18;08:37:59.777;INFO;Controller;State = Running;
08/11/18;08:38:01.131;INFO;Robot Runtime;executing:    Initialize;
08/11/18;08:38:01.266;INFO;Controller;Activity ExecRobotTask ended. Return value: Done;
08/11/18;08:38:01.266;INFO;Controller;State = Ready;
08/11/18;08:38:01.282;INFO;Server;Command: ExecRobotTask (Park,500000);
08/11/18;08:38:01.282;INFO;Controller;Executing asynchronous activity: ExecRobotTask;
08/11/18;08:38:01.282;INFO;Controller;Status = Executing: Park;
08/11/18;08:38:01.282;INFO;Controller;State = Running;
08/11/18;08:38:02.185;INFO;Robot Runtime;executing:    Park;
08/11/18;08:38:05.528;INFO;Controller;Activity ExecRobotTask ended. Return value: Done;
08/11/18;08:38:05.528;INFO;Controller;State = Ready;
08/11/18;08:43:10.453;INFO;Server;Command: ExecRobotTask (Initialize,500000);
08/11/18;08:43:10.453;INFO;Controller;Executing asynchronous activity: ExecRobotTask;
08/11/18;08:43:10.453;INFO;Controller;Status = Executing: Initialize;
08/11/18;08:43:10.453;INFO;Controller;State = Running;
08/11/18;08:43:11.305;INFO;Robot Runtime;executing:    Initialize;
08/11/18;08:43:12.592;INFO;Controller;Activity ExecRobotTask ended. Return value: Done;
08/11/18;08:43:12.592;INFO;Controller;State = Ready;
08/11/18;08:43:12.636;INFO;Server;Command: ExecRobotTask (LatchRobGov,500000);
08/11/18;08:43:12.636;INFO;Controller;Executing asynchronous activity: ExecRobotTask;
08/11/18;08:43:12.636;INFO;Controller;Status = Executing: LatchRobGov;
08/11/18;08:43:12.636;INFO;Controller;State = Running;
08/11/18;08:43:14.033;INFO;Robot Runtime;executing:    LatchRobGov;
08/11/18;08:43:15.124;INFO;Controller;Activity ExecRobotTask ended. Return value: Done;
08/11/18;08:43:15.124;INFO;Controller;State = Ready;
08/11/18;08:43:15.164;INFO;Server;Command: ExecRobotTask (TraceSample,500000);
08/11/18;08:43:15.164;INFO;Controller;Executing asynchronous activity: ExecRobotTask;
08/11/18;08:43:15.164;INFO;Controller;Status = Executing: TraceSample;
08/11/18;08:43:15.164;INFO;Controller;State = Running;
08/11/18;08:43:16.058;INFO;Robot Runtime;executing:    TraceSample;
08/11/18;08:43:18.674;INFO;Controller;Activity ExecRobotTask ended. Return value: Done False/False/False;
08/11/18;08:43:18.674;INFO;Controller;State = Ready;
08/11/18;08:43:18.718;INFO;Server;Command: ExecRobotTask (CoolDown,500000);
08/11/18;08:43:18.718;INFO;Controller;Executing asynchronous activity: ExecRobotTask;
08/11/18;08:43:18.718;INFO;Controller;Status = Executing: CoolDown;
08/11/18;08:43:18.718;INFO;Controller;State = Running;
08/11/18;08:43:19.568;INFO;Robot Runtime;executing:    CoolDown;
08/11/18;08:43:19.715;INFO;Controller;Activity ExecRobotTask ended. Return value: Done;
08/11/18;08:43:19.716;INFO;Controller;State = Ready;
08/11/18;08:43:19.952;INFO;Server;Command: ExecRobotTask (Load,500000);
08/11/18;08:43:19.952;INFO;Controller;Executing asynchronous activity: ExecRobotTask;
08/11/18;08:43:19.952;INFO;Controller;Status = Executing: Load;
08/11/18;08:43:19.952;INFO;Controller;State = Running;
08/11/18;08:43:21.318;INFO;Robot Runtime;executing:    Load;
08/11/18;08:43:30.140;INFO;Controller;Activity ExecRobotTask ended. Return value: Done False/True/False;
08/11/18;08:43:30.140;INFO;Controller;State = Ready;
08/11/18;08:43:30.184;INFO;Server;Command: ExecRobotTask (Mount,500000);
08/11/18;08:43:30.184;INFO;Controller;Executing asynchronous activity: ExecRobotTask;
08/11/18;08:43:30.184;INFO;Controller;Status = Executing: Mount;
08/11/18;08:43:30.184;INFO;Controller;State = Running;
08/11/18;08:43:31.086;INFO;Robot Runtime;executing:    Mount;
08/11/18;08:43:38.338;INFO;Controller;Activity ExecRobotTask ended. Return value: Done True/False/False;
08/11/18;08:43:38.338;INFO;Controller;State = Ready;
08/11/18;08:43:38.384;INFO;Server;Command: ExecRobotTask (Park,500000);
08/11/18;08:43:38.384;INFO;Controller;Executing asynchronous activity: ExecRobotTask;
08/11/18;08:43:38.384;INFO;Controller;Status = Executing: Park;
08/11/18;08:43:38.384;INFO;Controller;State = Running;
08/11/18;08:43:39.235;INFO;Robot Runtime;executing:    Park;
08/11/18;08:43:42.907;INFO;Controller;Activity ExecRobotTask ended. Return value: Done;
08/11/18;08:43:42.907;INFO;Controller;State = Ready;
08/11/18;08:43:42.957;INFO;Server;Command: ExecRobotTask (UnlatchRobGov,500000);
08/11/18;08:43:42.957;INFO;Controller;Executing asynchronous activity: ExecRobotTask;
08/11/18;08:43:42.957;INFO;Controller;Status = Executing: UnlatchRobGov;
08/11/18;08:43:42.957;INFO;Controller;State = Running;
08/11/18;08:43:44.334;INFO;Robot Runtime;executing:    UnlatchRobGov;
08/11/18;08:43:44.682;INFO;Controller;Activity ExecRobotTask ended. Return value: Done;
08/11/18;08:43:44.682;INFO;Controller;State = Ready;
08/11/18;08:53:48.568;INFO;Server;Command: ExecRobotTask (Unmount,500000);
08/11/18;08:53:48.569;INFO;Controller;Executing asynchronous activity: ExecRobotTask;
08/11/18;08:53:48.569;INFO;Controller;Status = Executing: Unmount;
08/11/18;08:53:48.569;INFO;Controller;State = Running;
08/11/18;08:53:49.469;INFO;Robot Runtime;executing:    Unmount;
08/11/18;08:53:59.952;INFO;Controller;Activity ExecRobotTask ended. Return value: Done False/True/False;
08/11/18;08:53:59.952;INFO;Controller;State = Ready;
08/11/18;08:53:59.994;INFO;Server;Command: ExecRobotTask (Unload,500000);
08/11/18;08:53:59.994;INFO;Controller;Executing asynchronous activity: ExecRobotTask;
08/11/18;08:53:59.994;INFO;Controller;Status = Executing: Unload;
08/11/18;08:53:59.994;INFO;Controller;State = Running;
08/11/18;08:54:00.854;INFO;Robot Runtime;executing:    Unload;
08/11/18;08:54:05.584;INFO;Controller;Activity ExecRobotTask ended. Return value: Done False/False/False;
08/11/18;08:54:05.584;INFO;Controller;State = Ready;
08/11/18;08:54:06.039;INFO;Server;Command: ExecRobotTask (Load,500000);
08/11/18;08:54:06.039;INFO;Controller;Executing asynchronous activity: ExecRobotTask;
08/11/18;08:54:06.039;INFO;Controller;Status = Executing: Load;
08/11/18;08:54:06.039;INFO;Controller;State = Running;
08/11/18;08:54:07.428;INFO;Robot Runtime;executing:    Load;
08/11/18;08:54:14.137;INFO;Controller;Activity ExecRobotTask ended. Return value: Done False/True/False;
08/11/18;08:54:14.137;INFO;Controller;State = Ready;
08/11/18;08:54:14.185;INFO;Server;Command: ExecRobotTask (Mount,500000);
08/11/18;08:54:14.185;INFO;Controller;Executing asynchronous activity: ExecRobotTask;
08/11/18;08:54:14.185;INFO;Controller;Status = Executing: Mount;
08/11/18;08:54:14.185;INFO;Controller;State = Running;
08/11/18;08:54:15.082;INFO;Robot Runtime;executing:    Mount;
08/11/18;08:54:22.995;INFO;Controller;Activity ExecRobotTask ended. Return value: Done True/False/False;
08/11/18;08:54:22.995;INFO;Controller;State = Ready;
08/11/18;08:54:23.042;INFO;Server;Command: ExecRobotTask (Park,500000);
08/11/18;08:54:23.042;INFO;Controller;Executing asynchronous activity: ExecRobotTask;
08/11/18;08:54:23.042;INFO;Controller;Status = Executing: Park;
08/11/18;08:54:23.042;INFO;Controller;State = Running;
08/11/18;08:54:23.900;INFO;Robot Runtime;executing:    Park;
08/11/18;08:54:27.565;INFO;Controller;Activity ExecRobotTask ended. Return value: Done;
08/11/18;08:54:27.565;INFO;Controller;State = Ready;
08/11/18;08:54:27.616;INFO;Server;Command: ExecRobotTask (UnlatchRobGov,500000);
08/11/18;08:54:27.616;INFO;Controller;Executing asynchronous activity: ExecRobotTask;
08/11/18;08:54:27.616;INFO;Controller;Status = Executing: UnlatchRobGov;
08/11/18;08:54:27.616;INFO;Controller;State = Running;
08/11/18;08:54:29.006;INFO;Robot Runtime;executing:    UnlatchRobGov;
08/11/18;08:54:29.177;INFO;Controller;Activity ExecRobotTask ended. Return value: Done;
08/11/18;08:54:29.177;INFO;Controller;State = Ready;
08/11/18;09:20:34.196;INFO;Server;Command: ExecRobotTask (Unmount,500000);
08/11/18;09:20:34.196;INFO;Controller;Executing asynchronous activity: ExecRobotTask;
08/11/18;09:20:34.196;INFO;Controller;Status = Executing: Unmount;
08/11/18;09:20:34.196;INFO;Controller;State = Running;
08/11/18;09:20:35.107;INFO;Robot Runtime;executing:    Unmount;
08/11/18;09:20:44.063;INFO;Controller;Activity ExecRobotTask ended. Return value: Done False/True/False;
08/11/18;09:20:44.063;INFO;Controller;State = Ready;
08/11/18;09:20:44.107;INFO;Server;Command: ExecRobotTask (Unload,500000);
08/11/18;09:20:44.107;INFO;Controller;Executing asynchronous activity: ExecRobotTask;
08/11/18;09:20:44.107;INFO;Controller;Status = Executing: Unload;
08/11/18;09:20:44.107;INFO;Controller;State = Running;
08/11/18;09:20:44.966;INFO;Robot Runtime;executing:    Unload;
08/11/18;09:20:49.449;INFO;Controller;Activity ExecRobotTask ended. Return value: Done False/False/False;
08/11/18;09:20:49.449;INFO;Controller;State = Ready;
08/11/18;09:20:49.703;INFO;Server;Command: ExecRobotTask (Initialize,500000);
08/11/18;09:20:49.703;INFO;Controller;Executing asynchronous activity: ExecRobotTask;
08/11/18;09:20:49.703;INFO;Controller;Status = Executing: Initialize;
08/11/18;09:20:49.703;INFO;Controller;State = Running;
08/11/18;09:20:51.063;INFO;Robot Runtime;executing:    Initialize;
08/11/18;09:20:51.217;INFO;Controller;Activity ExecRobotTask ended. Return value: Done;
08/11/18;09:20:51.217;INFO;Controller;State = Ready;
08/11/18;09:20:51.268;INFO;Server;Command: ExecRobotTask (Park,500000);
08/11/18;09:20:51.268;INFO;Controller;Executing asynchronous activity: ExecRobotTask;
08/11/18;09:20:51.268;INFO;Controller;Status = Executing: Park;
08/11/18;09:20:51.268;INFO;Controller;State = Running;
08/11/18;09:20:52.159;INFO;Robot Runtime;executing:    Park;
08/11/18;09:20:55.540;INFO;Controller;Activity ExecRobotTask ended. Return value: Done;
08/11/18;09:20:55.541;INFO;Controller;State = Ready;
08/11/18;09:21:02.290;INFO;Server;Command: ExecRobotTask (Load,500000);
08/11/18;09:21:02.290;INFO;Controller;Executing asynchronous activity: ExecRobotTask;
08/11/18;09:21:02.290;INFO;Controller;Status = Executing: Load;
08/11/18;09:21:02.290;INFO;Controller;State = Running;
08/11/18;09:21:03.666;INFO;Robot Runtime;executing:    Load;
08/11/18;09:21:13.189;INFO;Controller;Activity ExecRobotTask ended. Return value: Done False/True/False;
08/11/18;09:21:13.189;INFO;Controller;State = Ready;
08/11/18;09:21:13.236;INFO;Server;Command: ExecRobotTask (Mount,500000);
08/11/18;09:21:13.236;INFO;Controller;Executing asynchronous activity: ExecRobotTask;
08/11/18;09:21:13.237;INFO;Controller;Status = Executing: Mount;
08/11/18;09:21:13.237;INFO;Controller;State = Running;
08/11/18;09:21:14.140;INFO;Robot Runtime;executing:    Mount;
08/11/18;09:21:21.229;INFO;Controller;Activity ExecRobotTask ended. Return value: Done True/False/False;
08/11/18;09:21:21.229;INFO;Controller;State = Ready;
08/11/18;09:21:21.281;INFO;Server;Command: ExecRobotTask (Park,500000);
08/11/18;09:21:21.282;INFO;Controller;Executing asynchronous activity: ExecRobotTask;
08/11/18;09:21:21.282;INFO;Controller;Status = Executing: Park;
08/11/18;09:21:21.282;INFO;Controller;State = Running;
08/11/18;09:21:22.136;INFO;Robot Runtime;executing:    Park;
08/11/18;09:21:25.723;INFO;Controller;Activity ExecRobotTask ended. Return value: Done;
08/11/18;09:21:25.723;INFO;Controller;State = Ready;
08/11/18;09:21:25.776;INFO;Server;Command: ExecRobotTask (UnlatchRobGov,500000);
08/11/18;09:21:25.776;INFO;Controller;Executing asynchronous activity: ExecRobotTask;
08/11/18;09:21:25.777;INFO;Controller;Status = Executing: UnlatchRobGov;
08/11/18;09:21:25.777;INFO;Controller;State = Running;
08/11/18;09:21:27.165;INFO;Robot Runtime;executing:    UnlatchRobGov;
08/11/18;09:21:27.333;INFO;Controller;Activity ExecRobotTask ended. Return value: Done;
08/11/18;09:21:27.333;INFO;Controller;State = Ready;
08/11/18;09:24:34.665;INFO;Server;Command: ExecRobotTask (Unmount,500000);
08/11/18;09:24:34.666;INFO;Controller;Executing asynchronous activity: ExecRobotTask;
08/11/18;09:24:34.666;INFO;Controller;Status = Executing: Unmount;
08/11/18;09:24:34.666;INFO;Controller;State = Running;
08/11/18;09:24:35.576;INFO;Robot Runtime;executing:    Unmount;
08/11/18;09:24:44.752;INFO;Controller;Activity ExecRobotTask ended. Return value: Done False/True/False;
08/11/18;09:24:44.752;INFO;Controller;State = Ready;
08/11/18;09:24:44.800;INFO;Server;Command: ExecRobotTask (Unload,500000);
08/11/18;09:24:44.800;INFO;Controller;Executing asynchronous activity: ExecRobotTask;
08/11/18;09:24:44.801;INFO;Controller;Status = Executing: Unload;
08/11/18;09:24:44.801;INFO;Controller;State = Running;
08/11/18;09:24:45.657;INFO;Robot Runtime;executing:    Unload;
08/11/18;09:24:50.393;INFO;Controller;Activity ExecRobotTask ended. Return value: Done False/False/False;
08/11/18;09:24:50.393;INFO;Controller;State = Ready;
08/11/18;09:24:50.872;INFO;Server;Command: ExecRobotTask (Load,500000);
08/11/18;09:24:50.872;INFO;Controller;Executing asynchronous activity: ExecRobotTask;
08/11/18;09:24:50.872;INFO;Controller;Status = Executing: Load;
08/11/18;09:24:50.872;INFO;Controller;State = Running;
08/11/18;09:24:52.260;INFO;Robot Runtime;executing:    Load;
08/11/18;09:24:59.139;INFO;Controller;Activity ExecRobotTask ended. Return value: Done False/True/False;
08/11/18;09:24:59.139;INFO;Controller;State = Ready;
08/11/18;09:24:59.193;INFO;Server;Command: ExecRobotTask (Mount,500000);
08/11/18;09:24:59.193;INFO;Controller;Executing asynchronous activity: ExecRobotTask;
08/11/18;09:24:59.193;INFO;Controller;Status = Executing: Mount;
08/11/18;09:24:59.193;INFO;Controller;State = Running;
08/11/18;09:25:00.101;INFO;Robot Runtime;executing:    Mount;
08/11/18;09:25:08.343;INFO;Controller;Activity ExecRobotTask ended. Return value: Done True/False/False;
08/11/18;09:25:08.344;INFO;Controller;State = Ready;
08/11/18;09:25:08.396;INFO;Server;Command: ExecRobotTask (Park,500000);
08/11/18;09:25:08.396;INFO;Controller;Executing asynchronous activity: ExecRobotTask;
08/11/18;09:25:08.396;INFO;Controller;Status = Executing: Park;
08/11/18;09:25:08.396;INFO;Controller;State = Running;
08/11/18;09:25:09.250;INFO;Robot Runtime;executing:    Park;
08/11/18;09:25:12.909;INFO;Controller;Activity ExecRobotTask ended. Return value: Done;
08/11/18;09:25:12.909;INFO;Controller;State = Ready;
08/11/18;09:25:12.965;INFO;Server;Command: ExecRobotTask (UnlatchRobGov,500000);
08/11/18;09:25:12.965;INFO;Controller;Executing asynchronous activity: ExecRobotTask;
08/11/18;09:25:12.965;INFO;Controller;Status = Executing: UnlatchRobGov;
08/11/18;09:25:12.965;INFO;Controller;State = Running;
08/11/18;09:25:14.327;INFO;Robot Runtime;executing:    UnlatchRobGov;
08/11/18;09:25:14.685;INFO;Controller;Activity ExecRobotTask ended. Return value: Done;
08/11/18;09:25:14.685;INFO;Controller;State = Ready;
08/11/18;09:26:59.249;INFO;Server;Command: ExecRobotTask (Unmount,500000);
08/11/18;09:26:59.249;INFO;Controller;Executing asynchronous activity: ExecRobotTask;
08/11/18;09:26:59.249;INFO;Controller;Status = Executing: Unmount;
08/11/18;09:26:59.249;INFO;Controller;State = Running;
08/11/18;09:27:00.148;INFO;Robot Runtime;executing:    Unmount;
08/11/18;09:27:10.564;INFO;Controller;Activity ExecRobotTask ended. Return value: Done False/True/False;
08/11/18;09:27:10.564;INFO;Controller;State = Ready;
08/11/18;09:27:10.612;INFO;Server;Command: ExecRobotTask (Unload,500000);
08/11/18;09:27:10.612;INFO;Controller;Executing asynchronous activity: ExecRobotTask;
08/11/18;09:27:10.612;INFO;Controller;Status = Executing: Unload;
08/11/18;09:27:10.612;INFO;Controller;State = Running;
08/11/18;09:27:11.461;INFO;Robot Runtime;executing:    Unload;
08/11/18;09:27:16.190;INFO;Controller;Activity ExecRobotTask ended. Return value: Done False/False/False;
08/11/18;09:27:16.190;INFO;Controller;State = Ready;
08/11/18;09:27:16.331;INFO;Server;Command: ExecRobotTask (UnlatchRobGov,500000);
08/11/18;09:27:16.331;INFO;Controller;Executing asynchronous activity: ExecRobotTask;
08/11/18;09:27:16.332;INFO;Controller;Status = Executing: UnlatchRobGov;
08/11/18;09:27:16.332;INFO;Controller;State = Running;
08/11/18;09:27:17.707;INFO;Robot Runtime;executing:    UnlatchRobGov;
08/11/18;09:27:18.052;INFO;Controller;Activity ExecRobotTask ended. Return value: Done;
08/11/18;09:27:18.052;INFO;Controller;State = Ready;
08/11/18;09:27:18.103;INFO;Server;Command: ExecRobotTask (Finish,500000);
08/11/18;09:27:18.103;INFO;Controller;Executing asynchronous activity: ExecRobotTask;
08/11/18;09:27:18.103;INFO;Controller;Status = Executing: Finish;
08/11/18;09:27:18.103;INFO;Controller;State = Running;
08/11/18;09:27:19.040;INFO;Robot Runtime;executing:    Finish;
08/11/18;09:30:36.774;INFO;Controller;Activity ExecRobotTask ended. Return value: Done;
08/11/18;09:30:36.774;INFO;Controller;State = Ready;
08/11/18;09:41:48.160;INFO;Server;Command: ExecRobotTask (OpenPortLid,500000);
08/11/18;09:41:48.160;INFO;Controller;Executing asynchronous activity: ExecRobotTask;
08/11/18;09:41:48.160;INFO;Controller;Status = Executing: OpenPortLid;
08/11/18;09:41:48.160;INFO;Controller;State = Running;
08/11/18;09:41:49.083;INFO;Robot Runtime;executing:    OpenPortLid;
08/11/18;09:41:49.808;INFO;Controller;Activity ExecRobotTask ended. Return value: Done;
08/11/18;09:41:49.808;INFO;Controller;State = Ready;
08/11/18;09:42:01.711;INFO;Server;Command: ExecRobotTask (ClosePorts,500000);
08/11/18;09:42:01.712;INFO;Controller;Executing asynchronous activity: ExecRobotTask;
08/11/18;09:42:01.712;INFO;Controller;Status = Executing: ClosePorts;
08/11/18;09:42:01.712;INFO;Controller;State = Running;
08/11/18;09:42:02.945;INFO;Robot Runtime;executing:    ClosePorts;
08/11/18;09:42:03.344;INFO;Controller;Activity ExecRobotTask ended. Return value: Done;
08/11/18;09:42:03.344;INFO;Controller;State = Ready;
08/11/18;09:43:01.365;INFO;Server;Command: ExecRobotTask (Initialize,500000);
08/11/18;09:43:01.365;INFO;Controller;Executing asynchronous activity: ExecRobotTask;
08/11/18;09:43:01.365;INFO;Controller;Status = Executing: Initialize;
08/11/18;09:43:01.365;INFO;Controller;State = Running;
08/11/18;09:43:02.333;INFO;Robot Runtime;executing:    Initialize;
08/11/18;09:43:03.596;INFO;Controller;Activity ExecRobotTask ended. Return value: Done;
08/11/18;09:43:03.596;INFO;Controller;State = Ready;
08/11/18;09:43:03.651;INFO;Server;Command: ExecRobotTask (LatchRobGov,500000);
08/11/18;09:43:03.651;INFO;Controller;Executing asynchronous activity: ExecRobotTask;
08/11/18;09:43:03.651;INFO;Controller;Status = Executing: LatchRobGov;
08/11/18;09:43:03.651;INFO;Controller;State = Running;
08/11/18;09:43:05.018;INFO;Robot Runtime;executing:    LatchRobGov;
08/11/18;09:43:05.594;INFO;Controller;Activity ExecRobotTask ended. Return value: Done;
08/11/18;09:43:05.595;INFO;Controller;State = Ready;
08/11/18;09:43:05.652;INFO;Server;Command: ExecRobotTask (TraceSample,500000);
08/11/18;09:43:05.652;INFO;Controller;Executing asynchronous activity: ExecRobotTask;
08/11/18;09:43:05.652;INFO;Controller;Status = Executing: TraceSample;
08/11/18;09:43:05.652;INFO;Controller;State = Running;
08/11/18;09:43:06.574;INFO;Robot Runtime;executing:    TraceSample;
08/11/18;09:43:07.566;INFO;Controller;Activity ExecRobotTask ended. Return value: Done False/False/False;
08/11/18;09:43:07.566;INFO;Controller;State = Ready;
08/11/18;09:43:07.614;INFO;Server;Command: ExecRobotTask (CoolDown,500000);
08/11/18;09:43:07.615;INFO;Controller;Executing asynchronous activity: ExecRobotTask;
08/11/18;09:43:07.615;INFO;Controller;Status = Executing: CoolDown;
08/11/18;09:43:07.615;INFO;Controller;State = Running;
08/11/18;09:43:08.463;INFO;Robot Runtime;executing:    CoolDown;
08/11/18;09:44:39.061;INFO;Controller;Activity ExecRobotTask ended. Return value: Done;
08/11/18;09:44:39.061;INFO;Controller;State = Ready;
08/11/18;09:44:39.306;INFO;Server;Command: ExecRobotTask (Load,500000);
08/11/18;09:44:39.306;INFO;Controller;Executing asynchronous activity: ExecRobotTask;
08/11/18;09:44:39.306;INFO;Controller;Status = Executing: Load;
08/11/18;09:44:39.306;INFO;Controller;State = Running;
08/11/18;09:44:40.681;INFO;Robot Runtime;executing:    Load;
08/11/18;09:44:48.145;WARNING;Robot Runtime;AUTORECOVER=====> Found false kick. Resume Robot Power;
08/11/18;09:44:55.165;WARNING;Robot Runtime;AUTORECOVER=====> Failed to enable Robot Power;
08/11/18;09:44:55.214;INFO;Controller;Activity ExecRobotTask ended. Return value: ;
08/11/18;09:44:55.214;INFO;Controller;State = Ready;
08/11/18;09:48:07.054;INFO;Server;Command: ExecRobotTask (Recover,500000);
08/11/18;09:48:07.054;INFO;Controller;Executing asynchronous activity: ExecRobotTask;
08/11/18;09:48:07.054;INFO;Controller;Status = Executing: Recover;
08/11/18;09:48:07.054;INFO;Controller;State = Running;
08/11/18;09:48:08.154;INFO;Robot Runtime;executing:    Recover;
08/11/18;09:48:08.986;INFO;Robot Runtime;Unrecognized Location;
08/11/18;09:48:09.008;INFO;Robot Runtime;Near Location1 [Dewar] at distance of 147.828;
08/11/18;09:48:09.029;INFO;Robot Runtime;Near Location2 [Park] at distance of 177.383;
08/11/18;09:48:12.682;INFO;Robot Runtime;Done;
08/11/18;09:48:12.835;INFO;Controller;Activity ExecRobotTask ended. Return value: Done;
08/11/18;09:48:12.835;INFO;Controller;State = Ready;
08/11/18;09:48:20.941;INFO;Server;Command: ExecRobotTask (Initialize,500000);
08/11/18;09:48:20.941;INFO;Controller;Executing asynchronous activity: ExecRobotTask;
08/11/18;09:48:20.941;INFO;Controller;Status = Executing: Initialize;
08/11/18;09:48:20.941;INFO;Controller;State = Running;
08/11/18;09:48:21.804;INFO;Robot Runtime;executing:    Initialize;
08/11/18;09:48:22.272;INFO;Controller;Activity ExecRobotTask ended. Return value: Done;
08/11/18;09:48:22.272;INFO;Controller;State = Ready;
08/11/18;09:48:22.288;INFO;Server;Command: ExecRobotTask (UnlatchRobGov,500000);
08/11/18;09:48:22.288;INFO;Controller;Executing asynchronous activity: ExecRobotTask;
08/11/18;09:48:22.288;INFO;Controller;Status = Executing: UnlatchRobGov;
08/11/18;09:48:22.288;INFO;Controller;State = Running;
08/11/18;09:48:23.620;INFO;Robot Runtime;executing:    UnlatchRobGov;
08/11/18;09:48:24.039;INFO;Controller;Activity ExecRobotTask ended. Return value: Done;
08/11/18;09:48:24.039;INFO;Controller;State = Ready;
08/11/18;09:48:24.059;INFO;Server;Command: ExecRobotTask (Home,500000);
08/11/18;09:48:24.059;INFO;Controller;Executing asynchronous activity: ExecRobotTask;
08/11/18;09:48:24.059;INFO;Controller;Status = Executing: Home;
08/11/18;09:48:24.059;INFO;Controller;State = Running;
08/11/18;09:48:25.005;INFO;Robot Runtime;executing:    Home;
08/11/18;09:48:25.508;INFO;Controller;Activity ExecRobotTask ended. Return value: Done;
08/11/18;09:48:25.508;INFO;Controller;State = Ready;
08/11/18;09:48:25.525;INFO;Server;Command: ExecRobotTask (Finish,500000);
08/11/18;09:48:25.525;INFO;Controller;Executing asynchronous activity: ExecRobotTask;
08/11/18;09:48:25.526;INFO;Controller;Status = Executing: Finish;
08/11/18;09:48:25.526;INFO;Controller;State = Running;
08/11/18;09:48:26.850;INFO;Robot Runtime;executing:    Finish;
08/11/18;09:51:41.020;INFO;Controller;Activity ExecRobotTask ended. Return value: Done;
08/11/18;09:51:41.020;INFO;Controller;State = Ready;
