04/12/18;11:08:12.532;INFO;Server;Command: ExecRobotTask (OpenPortLid,500000);
04/12/18;11:08:12.533;INFO;Controller;Executing asynchronous activity: ExecRobotTask;
04/12/18;11:08:12.533;INFO;Controller;Status = Executing: OpenPortLid;
04/12/18;11:08:12.533;INFO;Controller;State = Running;
04/12/18;11:08:13.477;INFO;Robot Runtime;executing:    OpenPortLid;
04/12/18;11:08:14.274;INFO;Controller;Activity ExecRobotTask ended. Return value: Done;
04/12/18;11:08:14.275;INFO;Controller;State = Ready;
04/12/18;11:08:33.214;INFO;Server;Command: ExecRobotTask (ClosePorts,500000);
04/12/18;11:08:33.215;INFO;Controller;Executing asynchronous activity: ExecRobotTask;
04/12/18;11:08:33.215;INFO;Controller;Status = Executing: ClosePorts;
04/12/18;11:08:33.215;INFO;Controller;State = Running;
04/12/18;11:08:34.480;INFO;Robot Runtime;executing:    ClosePorts;
04/12/18;11:08:34.725;INFO;Controller;Activity ExecRobotTask ended. Return value: Done;
04/12/18;11:08:34.726;INFO;Controller;State = Ready;
04/12/18;11:10:33.106;INFO;Server;Command: ExecRobotTask (OpenPortLid,500000);
04/12/18;11:10:33.107;INFO;Controller;Executing asynchronous activity: ExecRobotTask;
04/12/18;11:10:33.107;INFO;Controller;Status = Executing: OpenPortLid;
04/12/18;11:10:33.107;INFO;Controller;State = Running;
04/12/18;11:10:33.953;INFO;Robot Runtime;executing:    OpenPortLid;
04/12/18;11:10:34.606;INFO;Controller;Activity ExecRobotTask ended. Return value: Done;
04/12/18;11:10:34.607;INFO;Controller;State = Ready;
04/12/18;11:10:57.723;INFO;Server;Command: ExecRobotTask (ClosePorts,500000);
04/12/18;11:10:57.723;INFO;Controller;Executing asynchronous activity: ExecRobotTask;
04/12/18;11:10:57.723;INFO;Controller;Status = Executing: ClosePorts;
04/12/18;11:10:57.723;INFO;Controller;State = Running;
04/12/18;11:10:58.620;INFO;Robot Runtime;executing:    ClosePorts;
04/12/18;11:10:58.793;INFO;Controller;Activity ExecRobotTask ended. Return value: Done;
04/12/18;11:10:58.794;INFO;Controller;State = Ready;
04/12/18;11:12:58.226;INFO;Server;Command: ExecRobotTask (OpenPortLid,500000);
04/12/18;11:12:58.226;INFO;Controller;Executing asynchronous activity: ExecRobotTask;
04/12/18;11:12:58.226;INFO;Controller;Status = Executing: OpenPortLid;
04/12/18;11:12:58.226;INFO;Controller;State = Running;
04/12/18;11:12:59.115;INFO;Robot Runtime;executing:    OpenPortLid;
04/12/18;11:12:59.967;INFO;Controller;Activity ExecRobotTask ended. Return value: Done;
04/12/18;11:12:59.967;INFO;Controller;State = Ready;
04/12/18;11:13:20.196;INFO;Server;Command: ExecRobotTask (ClosePorts,500000);
04/12/18;11:13:20.197;INFO;Controller;Executing asynchronous activity: ExecRobotTask;
04/12/18;11:13:20.197;INFO;Controller;Status = Executing: ClosePorts;
04/12/18;11:13:20.197;INFO;Controller;State = Running;
04/12/18;11:13:21.043;INFO;Robot Runtime;executing:    ClosePorts;
04/12/18;11:13:21.180;INFO;Controller;Activity ExecRobotTask ended. Return value: Done;
04/12/18;11:13:21.180;INFO;Controller;State = Ready;
04/12/18;11:16:33.607;INFO;Server;Command: ExecRobotTask (OpenPortLid,500000);
04/12/18;11:16:33.607;INFO;Controller;Executing asynchronous activity: ExecRobotTask;
04/12/18;11:16:33.607;INFO;Controller;Status = Executing: OpenPortLid;
04/12/18;11:16:33.607;INFO;Controller;State = Running;
04/12/18;11:16:34.496;INFO;Robot Runtime;executing:    OpenPortLid;
04/12/18;11:16:35.169;INFO;Controller;Activity ExecRobotTask ended. Return value: Done;
04/12/18;11:16:35.169;INFO;Controller;State = Ready;
04/12/18;11:17:07.890;INFO;Server;Command: ExecRobotTask (ClosePorts,500000);
04/12/18;11:17:07.891;INFO;Controller;Executing asynchronous activity: ExecRobotTask;
04/12/18;11:17:07.891;INFO;Controller;Status = Executing: ClosePorts;
04/12/18;11:17:07.891;INFO;Controller;State = Running;
04/12/18;11:17:08.733;INFO;Robot Runtime;executing:    ClosePorts;
04/12/18;11:17:08.950;INFO;Controller;Activity ExecRobotTask ended. Return value: Done;
04/12/18;11:17:08.951;INFO;Controller;State = Ready;
04/12/18;11:19:04.192;INFO;Server;Command: ExecRobotTask (OpenPortLid,500000);
04/12/18;11:19:04.192;INFO;Controller;Executing asynchronous activity: ExecRobotTask;
04/12/18;11:19:04.192;INFO;Controller;Status = Executing: OpenPortLid;
04/12/18;11:19:04.193;INFO;Controller;State = Running;
04/12/18;11:19:05.029;INFO;Robot Runtime;executing:    OpenPortLid;
04/12/18;11:19:05.780;INFO;Controller;Activity ExecRobotTask ended. Return value: Done;
04/12/18;11:19:05.780;INFO;Controller;State = Ready;
04/12/18;11:19:26.810;INFO;Server;Command: ExecRobotTask (ClosePorts,500000);
04/12/18;11:19:26.811;INFO;Controller;Executing asynchronous activity: ExecRobotTask;
04/12/18;11:19:26.811;INFO;Controller;Status = Executing: ClosePorts;
04/12/18;11:19:26.811;INFO;Controller;State = Running;
04/12/18;11:19:27.655;INFO;Robot Runtime;executing:    ClosePorts;
04/12/18;11:19:27.907;INFO;Controller;Activity ExecRobotTask ended. Return value: Done;
04/12/18;11:19:27.907;INFO;Controller;State = Ready;
04/12/18;11:21:04.799;INFO;Server;Command: ExecRobotTask (OpenPortLid,500000);
04/12/18;11:21:04.799;INFO;Controller;Executing asynchronous activity: ExecRobotTask;
04/12/18;11:21:04.800;INFO;Controller;Status = Executing: OpenPortLid;
04/12/18;11:21:04.800;INFO;Controller;State = Running;
04/12/18;11:21:05.636;INFO;Robot Runtime;executing:    OpenPortLid;
04/12/18;11:21:06.407;INFO;Controller;Activity ExecRobotTask ended. Return value: Done;
04/12/18;11:21:06.407;INFO;Controller;State = Ready;
04/12/18;11:21:26.742;INFO;Server;Command: ExecRobotTask (ClosePorts,500000);
04/12/18;11:21:26.742;INFO;Controller;Executing asynchronous activity: ExecRobotTask;
04/12/18;11:21:26.743;INFO;Controller;Status = Executing: ClosePorts;
04/12/18;11:21:26.743;INFO;Controller;State = Running;
04/12/18;11:21:27.581;INFO;Robot Runtime;executing:    ClosePorts;
04/12/18;11:21:27.798;INFO;Controller;Activity ExecRobotTask ended. Return value: Done;
04/12/18;11:21:27.798;INFO;Controller;State = Ready;
04/12/18;11:23:05.532;INFO;Server;Command: ExecRobotTask (OpenPortLid,500000);
04/12/18;11:23:05.533;INFO;Controller;Executing asynchronous activity: ExecRobotTask;
04/12/18;11:23:05.533;INFO;Controller;Status = Executing: OpenPortLid;
04/12/18;11:23:05.533;INFO;Controller;State = Running;
04/12/18;11:23:06.426;INFO;Robot Runtime;executing:    OpenPortLid;
04/12/18;11:23:07.083;INFO;Controller;Activity ExecRobotTask ended. Return value: Done;
04/12/18;11:23:07.084;INFO;Controller;State = Ready;
04/12/18;11:23:28.124;INFO;Server;Command: ExecRobotTask (ClosePorts,500000);
04/12/18;11:23:28.125;INFO;Controller;Executing asynchronous activity: ExecRobotTask;
04/12/18;11:23:28.125;INFO;Controller;Status = Executing: ClosePorts;
04/12/18;11:23:28.125;INFO;Controller;State = Running;
04/12/18;11:23:28.964;INFO;Robot Runtime;executing:    ClosePorts;
04/12/18;11:23:29.215;INFO;Controller;Activity ExecRobotTask ended. Return value: Done;
04/12/18;11:23:29.215;INFO;Controller;State = Ready;
04/12/18;11:25:29.689;INFO;Server;Command: ExecRobotTask (OpenPortLid,500000);
04/12/18;11:25:29.689;INFO;Controller;Executing asynchronous activity: ExecRobotTask;
04/12/18;11:25:29.689;INFO;Controller;Status = Executing: OpenPortLid;
04/12/18;11:25:29.689;INFO;Controller;State = Running;
04/12/18;11:25:30.574;INFO;Robot Runtime;executing:    OpenPortLid;
04/12/18;11:25:31.260;INFO;Controller;Activity ExecRobotTask ended. Return value: Done;
04/12/18;11:25:31.261;INFO;Controller;State = Ready;
04/12/18;11:26:20.190;INFO;Server;Command: ExecRobotTask (ClosePorts,500000);
04/12/18;11:26:20.191;INFO;Controller;Executing asynchronous activity: ExecRobotTask;
04/12/18;11:26:20.191;INFO;Controller;Status = Executing: ClosePorts;
04/12/18;11:26:20.191;INFO;Controller;State = Running;
04/12/18;11:26:21.089;INFO;Robot Runtime;executing:    ClosePorts;
04/12/18;11:26:21.266;INFO;Controller;Activity ExecRobotTask ended. Return value: Done;
04/12/18;11:26:21.267;INFO;Controller;State = Ready;
04/12/18;11:28:28.791;INFO;Server;Command: ExecRobotTask (OpenPortLid,500000);
04/12/18;11:28:28.792;INFO;Controller;Executing asynchronous activity: ExecRobotTask;
04/12/18;11:28:28.792;INFO;Controller;Status = Executing: OpenPortLid;
04/12/18;11:28:28.792;INFO;Controller;State = Running;
04/12/18;11:28:29.681;INFO;Robot Runtime;executing:    OpenPortLid;
04/12/18;11:28:30.532;INFO;Controller;Activity ExecRobotTask ended. Return value: Done;
04/12/18;11:28:30.533;INFO;Controller;State = Ready;
04/12/18;11:28:50.081;INFO;Server;Command: ExecRobotTask (ClosePorts,500000);
04/12/18;11:28:50.081;INFO;Controller;Executing asynchronous activity: ExecRobotTask;
04/12/18;11:28:50.081;INFO;Controller;Status = Executing: ClosePorts;
04/12/18;11:28:50.081;INFO;Controller;State = Running;
04/12/18;11:28:50.972;INFO;Robot Runtime;executing:    ClosePorts;
04/12/18;11:28:51.239;INFO;Controller;Activity ExecRobotTask ended. Return value: Done;
04/12/18;11:28:51.239;INFO;Controller;State = Ready;
04/12/18;11:30:53.107;INFO;Server;Command: ExecRobotTask (OpenPortLid,500000);
04/12/18;11:30:53.107;INFO;Controller;Executing asynchronous activity: ExecRobotTask;
04/12/18;11:30:53.107;INFO;Controller;Status = Executing: OpenPortLid;
04/12/18;11:30:53.107;INFO;Controller;State = Running;
04/12/18;11:30:53.995;INFO;Robot Runtime;executing:    OpenPortLid;
04/12/18;11:30:54.652;INFO;Controller;Activity ExecRobotTask ended. Return value: Done;
04/12/18;11:30:54.652;INFO;Controller;State = Ready;
04/12/18;11:31:15.529;INFO;Server;Command: ExecRobotTask (ClosePorts,500000);
04/12/18;11:31:15.529;INFO;Controller;Executing asynchronous activity: ExecRobotTask;
04/12/18;11:31:15.529;INFO;Controller;Status = Executing: ClosePorts;
04/12/18;11:31:15.530;INFO;Controller;State = Running;
04/12/18;11:31:16.370;INFO;Robot Runtime;executing:    ClosePorts;
04/12/18;11:31:16.538;INFO;Controller;Activity ExecRobotTask ended. Return value: Done;
04/12/18;11:31:16.538;INFO;Controller;State = Ready;
04/12/18;11:33:26.467;INFO;Server;Command: ExecRobotTask (OpenPortLid,500000);
04/12/18;11:33:26.467;INFO;Controller;Executing asynchronous activity: ExecRobotTask;
04/12/18;11:33:26.468;INFO;Controller;Status = Executing: OpenPortLid;
04/12/18;11:33:26.468;INFO;Controller;State = Running;
04/12/18;11:33:27.308;INFO;Robot Runtime;executing:    OpenPortLid;
04/12/18;11:33:27.937;INFO;Controller;Activity ExecRobotTask ended. Return value: Done;
04/12/18;11:33:27.938;INFO;Controller;State = Ready;
04/12/18;11:33:51.668;INFO;Server;Command: ExecRobotTask (ClosePorts,500000);
04/12/18;11:33:51.669;INFO;Controller;Executing asynchronous activity: ExecRobotTask;
04/12/18;11:33:51.669;INFO;Controller;Status = Executing: ClosePorts;
04/12/18;11:33:51.669;INFO;Controller;State = Running;
04/12/18;11:33:52.510;INFO;Robot Runtime;executing:    ClosePorts;
04/12/18;11:33:52.652;INFO;Controller;Activity ExecRobotTask ended. Return value: Done;
04/12/18;11:33:52.652;INFO;Controller;State = Ready;
04/12/18;11:36:04.919;INFO;Server;Command: ExecRobotTask (OpenPortLid,500000);
04/12/18;11:36:04.919;INFO;Controller;Executing asynchronous activity: ExecRobotTask;
04/12/18;11:36:04.919;INFO;Controller;Status = Executing: OpenPortLid;
04/12/18;11:36:04.920;INFO;Controller;State = Running;
04/12/18;11:36:05.773;INFO;Robot Runtime;executing:    OpenPortLid;
04/12/18;11:36:06.466;INFO;Controller;Activity ExecRobotTask ended. Return value: Done;
04/12/18;11:36:06.466;INFO;Controller;State = Ready;
04/12/18;11:36:28.038;INFO;Server;Command: ExecRobotTask (ClosePorts,500000);
04/12/18;11:36:28.038;INFO;Controller;Executing asynchronous activity: ExecRobotTask;
04/12/18;11:36:28.038;INFO;Controller;Status = Executing: ClosePorts;
04/12/18;11:36:28.038;INFO;Controller;State = Running;
04/12/18;11:36:28.880;INFO;Robot Runtime;executing:    ClosePorts;
04/12/18;11:36:29.124;INFO;Controller;Activity ExecRobotTask ended. Return value: Done;
04/12/18;11:36:29.124;INFO;Controller;State = Ready;
04/12/18;11:38:35.749;INFO;Server;Command: ExecRobotTask (OpenPortLid,500000);
04/12/18;11:38:35.750;INFO;Controller;Executing asynchronous activity: ExecRobotTask;
04/12/18;11:38:35.750;INFO;Controller;Status = Executing: OpenPortLid;
04/12/18;11:38:35.750;INFO;Controller;State = Running;
04/12/18;11:38:36.587;INFO;Robot Runtime;executing:    OpenPortLid;
04/12/18;11:38:37.387;INFO;Controller;Activity ExecRobotTask ended. Return value: Done;
04/12/18;11:38:37.388;INFO;Controller;State = Ready;
04/12/18;11:39:00.679;INFO;Server;Command: ExecRobotTask (ClosePorts,500000);
04/12/18;11:39:00.680;INFO;Controller;Executing asynchronous activity: ExecRobotTask;
04/12/18;11:39:00.680;INFO;Controller;Status = Executing: ClosePorts;
04/12/18;11:39:00.680;INFO;Controller;State = Running;
04/12/18;11:39:01.524;INFO;Robot Runtime;executing:    ClosePorts;
04/12/18;11:39:01.723;INFO;Controller;Activity ExecRobotTask ended. Return value: Done;
04/12/18;11:39:01.724;INFO;Controller;State = Ready;
04/12/18;11:41:09.704;INFO;Server;Command: ExecRobotTask (OpenPortLid,500000);
04/12/18;11:41:09.705;INFO;Controller;Executing asynchronous activity: ExecRobotTask;
04/12/18;11:41:09.705;INFO;Controller;Status = Executing: OpenPortLid;
04/12/18;11:41:09.705;INFO;Controller;State = Running;
04/12/18;11:41:10.548;INFO;Robot Runtime;executing:    OpenPortLid;
04/12/18;11:41:11.226;INFO;Controller;Activity ExecRobotTask ended. Return value: Done;
04/12/18;11:41:11.226;INFO;Controller;State = Ready;
04/12/18;11:41:35.023;INFO;Server;Command: ExecRobotTask (ClosePorts,500000);
04/12/18;11:41:35.024;INFO;Controller;Executing asynchronous activity: ExecRobotTask;
04/12/18;11:41:35.024;INFO;Controller;Status = Executing: ClosePorts;
04/12/18;11:41:35.024;INFO;Controller;State = Running;
04/12/18;11:41:35.862;INFO;Robot Runtime;executing:    ClosePorts;
04/12/18;11:41:36.099;INFO;Controller;Activity ExecRobotTask ended. Return value: Done;
04/12/18;11:41:36.099;INFO;Controller;State = Ready;
04/12/18;11:43:42.687;INFO;Server;Command: ExecRobotTask (OpenPortLid,500000);
04/12/18;11:43:42.688;INFO;Controller;Executing asynchronous activity: ExecRobotTask;
04/12/18;11:43:42.688;INFO;Controller;Status = Executing: OpenPortLid;
04/12/18;11:43:42.688;INFO;Controller;State = Running;
04/12/18;11:43:43.526;INFO;Robot Runtime;executing:    OpenPortLid;
04/12/18;11:43:44.167;INFO;Controller;Activity ExecRobotTask ended. Return value: Done;
04/12/18;11:43:44.168;INFO;Controller;State = Ready;
04/12/18;11:44:05.021;INFO;Server;Command: ExecRobotTask (ClosePorts,500000);
04/12/18;11:44:05.022;INFO;Controller;Executing asynchronous activity: ExecRobotTask;
04/12/18;11:44:05.022;INFO;Controller;Status = Executing: ClosePorts;
04/12/18;11:44:05.022;INFO;Controller;State = Running;
04/12/18;11:44:05.860;INFO;Robot Runtime;executing:    ClosePorts;
04/12/18;11:44:06.133;INFO;Controller;Activity ExecRobotTask ended. Return value: Done;
04/12/18;11:44:06.134;INFO;Controller;State = Ready;
04/12/18;11:46:14.278;INFO;Server;Command: ExecRobotTask (OpenPortLid,500000);
04/12/18;11:46:14.279;INFO;Controller;Executing asynchronous activity: ExecRobotTask;
04/12/18;11:46:14.279;INFO;Controller;Status = Executing: OpenPortLid;
04/12/18;11:46:14.279;INFO;Controller;State = Running;
04/12/18;11:46:15.117;INFO;Robot Runtime;executing:    OpenPortLid;
04/12/18;11:46:15.923;INFO;Controller;Activity ExecRobotTask ended. Return value: Done;
04/12/18;11:46:15.923;INFO;Controller;State = Ready;
04/12/18;11:46:34.374;INFO;Server;Command: ExecRobotTask (ClosePorts,500000);
04/12/18;11:46:34.374;INFO;Controller;Executing asynchronous activity: ExecRobotTask;
04/12/18;11:46:34.374;INFO;Controller;Status = Executing: ClosePorts;
04/12/18;11:46:34.374;INFO;Controller;State = Running;
04/12/18;11:46:35.216;INFO;Robot Runtime;executing:    ClosePorts;
04/12/18;11:46:35.567;INFO;Controller;Activity ExecRobotTask ended. Return value: Done;
04/12/18;11:46:35.567;INFO;Controller;State = Ready;
04/12/18;11:48:37.429;INFO;Server;Command: ExecRobotTask (OpenPortLid,500000);
04/12/18;11:48:37.429;INFO;Controller;Executing asynchronous activity: ExecRobotTask;
04/12/18;11:48:37.429;INFO;Controller;Status = Executing: OpenPortLid;
04/12/18;11:48:37.429;INFO;Controller;State = Running;
04/12/18;11:48:38.264;INFO;Robot Runtime;executing:    OpenPortLid;
04/12/18;11:48:39.011;INFO;Controller;Activity ExecRobotTask ended. Return value: Done;
04/12/18;11:48:39.011;INFO;Controller;State = Ready;
04/12/18;11:49:04.459;INFO;Server;Command: ExecRobotTask (ClosePorts,500000);
04/12/18;11:49:04.459;INFO;Controller;Executing asynchronous activity: ExecRobotTask;
04/12/18;11:49:04.459;INFO;Controller;Status = Executing: ClosePorts;
04/12/18;11:49:04.459;INFO;Controller;State = Running;
04/12/18;11:49:05.301;INFO;Robot Runtime;executing:    ClosePorts;
04/12/18;11:49:05.581;INFO;Controller;Activity ExecRobotTask ended. Return value: Done;
04/12/18;11:49:05.581;INFO;Controller;State = Ready;
04/12/18;11:51:07.394;INFO;Server;Command: ExecRobotTask (OpenPortLid,500000);
04/12/18;11:51:07.395;INFO;Controller;Executing asynchronous activity: ExecRobotTask;
04/12/18;11:51:07.395;INFO;Controller;Status = Executing: OpenPortLid;
04/12/18;11:51:07.395;INFO;Controller;State = Running;
04/12/18;11:51:08.235;INFO;Robot Runtime;executing:    OpenPortLid;
04/12/18;11:51:09.079;INFO;Controller;Activity ExecRobotTask ended. Return value: Done;
04/12/18;11:51:09.079;INFO;Controller;State = Ready;
04/12/18;11:51:27.041;INFO;Server;Command: ExecRobotTask (ClosePorts,500000);
04/12/18;11:51:27.042;INFO;Controller;Executing asynchronous activity: ExecRobotTask;
04/12/18;11:51:27.042;INFO;Controller;Status = Executing: ClosePorts;
04/12/18;11:51:27.042;INFO;Controller;State = Running;
04/12/18;11:51:27.934;INFO;Robot Runtime;executing:    ClosePorts;
04/12/18;11:51:28.081;INFO;Controller;Activity ExecRobotTask ended. Return value: Done;
04/12/18;11:51:28.082;INFO;Controller;State = Ready;
04/12/18;11:53:33.552;INFO;Server;Command: ExecRobotTask (OpenPortLid,500000);
04/12/18;11:53:33.553;INFO;Controller;Executing asynchronous activity: ExecRobotTask;
04/12/18;11:53:33.553;INFO;Controller;Status = Executing: OpenPortLid;
04/12/18;11:53:33.553;INFO;Controller;State = Running;
04/12/18;11:53:34.392;INFO;Robot Runtime;executing:    OpenPortLid;
04/12/18;11:53:35.109;INFO;Controller;Activity ExecRobotTask ended. Return value: Done;
04/12/18;11:53:35.109;INFO;Controller;State = Ready;
04/12/18;11:53:52.754;INFO;Server;Command: ExecRobotTask (ClosePorts,500000);
04/12/18;11:53:52.755;INFO;Controller;Executing asynchronous activity: ExecRobotTask;
04/12/18;11:53:52.755;INFO;Controller;Status = Executing: ClosePorts;
04/12/18;11:53:52.755;INFO;Controller;State = Running;
04/12/18;11:53:53.603;INFO;Robot Runtime;executing:    ClosePorts;
04/12/18;11:53:53.881;INFO;Controller;Activity ExecRobotTask ended. Return value: Done;
04/12/18;11:53:53.881;INFO;Controller;State = Ready;
04/12/18;11:55:57.066;INFO;Server;Command: ExecRobotTask (OpenPortLid,500000);
04/12/18;11:55:57.066;INFO;Controller;Executing asynchronous activity: ExecRobotTask;
04/12/18;11:55:57.067;INFO;Controller;Status = Executing: OpenPortLid;
04/12/18;11:55:57.067;INFO;Controller;State = Running;
04/12/18;11:55:57.905;INFO;Robot Runtime;executing:    OpenPortLid;
04/12/18;11:55:58.736;INFO;Controller;Activity ExecRobotTask ended. Return value: Done;
04/12/18;11:55:58.736;INFO;Controller;State = Ready;
04/12/18;11:56:17.390;INFO;Server;Command: ExecRobotTask (ClosePorts,500000);
04/12/18;11:56:17.391;INFO;Controller;Executing asynchronous activity: ExecRobotTask;
04/12/18;11:56:17.391;INFO;Controller;Status = Executing: ClosePorts;
04/12/18;11:56:17.391;INFO;Controller;State = Running;
04/12/18;11:56:18.234;INFO;Robot Runtime;executing:    ClosePorts;
04/12/18;11:56:18.446;INFO;Controller;Activity ExecRobotTask ended. Return value: Done;
04/12/18;11:56:18.446;INFO;Controller;State = Ready;
04/12/18;11:58:22.320;INFO;Server;Command: ExecRobotTask (OpenPortLid,500000);
04/12/18;11:58:22.320;INFO;Controller;Executing asynchronous activity: ExecRobotTask;
04/12/18;11:58:22.320;INFO;Controller;Status = Executing: OpenPortLid;
04/12/18;11:58:22.320;INFO;Controller;State = Running;
04/12/18;11:58:23.211;INFO;Robot Runtime;executing:    OpenPortLid;
04/12/18;11:58:24.051;INFO;Controller;Activity ExecRobotTask ended. Return value: Done;
04/12/18;11:58:24.051;INFO;Controller;State = Ready;
04/12/18;12:09:59.108;INFO;Server;Command: ExecRobotTask (ClosePorts,500000);
04/12/18;12:09:59.109;INFO;Controller;Executing asynchronous activity: ExecRobotTask;
04/12/18;12:09:59.109;INFO;Controller;Status = Executing: ClosePorts;
04/12/18;12:09:59.109;INFO;Controller;State = Running;
04/12/18;12:09:59.998;INFO;Robot Runtime;executing:    ClosePorts;
04/12/18;12:10:00.286;INFO;Controller;Activity ExecRobotTask ended. Return value: Done;
04/12/18;12:10:00.287;INFO;Controller;State = Ready;
