24/09/18;10:12:29.085;WARNING;Robot Runtime;update thread is down, Error Code: 125;
24/09/18;10:12:29.325;WARNING;Robot Runtime;update thread is down, Error Code: 125;
24/09/18;10:12:34.003;WARNING;Robot;Alarm active: Device is offline;
24/09/18;10:12:34.003;INFO;Controller;State = Communication Error;
24/09/18;10:16:53.132;INFO;Robot;Alarm inactive: Device is offline;
24/09/18;10:16:53.133;WARNING;Controller;Communication resumed, trying updating devices;
24/09/18;10:16:53.134;INFO;Controller;Finished device updating;
24/09/18;10:16:53.134;INFO;Controller;State = Ready;
24/09/18;10:18:50.203;INFO;Interface;Command: ExecRobotTask (initialize,-1);
24/09/18;10:18:50.203;INFO;Controller;Executing asynchronous activity: ExecRobotTask;
24/09/18;10:18:50.203;INFO;Controller;Status = Executing: initialize;
24/09/18;10:18:50.203;INFO;Controller;State = Running;
24/09/18;10:18:51.310;INFO;Robot Runtime;executing:    initialize;
24/09/18;10:18:52.468;INFO;Controller;Activity ExecRobotTask ended. Return value: Done;
24/09/18;10:18:52.468;INFO;Controller;State = Ready;
24/09/18;10:19:27.708;INFO;Interface;Command: ExecRobotTask (tracesample,-1);
24/09/18;10:19:27.708;INFO;Controller;Executing asynchronous activity: ExecRobotTask;
24/09/18;10:19:27.708;INFO;Controller;Status = Executing: tracesample;
24/09/18;10:19:27.708;INFO;Controller;State = Running;
24/09/18;10:19:28.658;INFO;Robot Runtime;executing:    tracesample;
24/09/18;10:19:41.921;INFO;Controller;Activity ExecRobotTask ended. Return value: Done True/False/False;
24/09/18;10:19:41.922;INFO;Controller;State = Ready;
24/09/18;10:20:25.140;INFO;Interface;Command: ExecRobotTask (load A1,-1);
24/09/18;10:20:25.140;INFO;Controller;Executing asynchronous activity: ExecRobotTask;
24/09/18;10:20:25.141;INFO;Controller;Status = Executing: load A1;
24/09/18;10:20:25.141;INFO;Controller;State = Running;
24/09/18;10:20:25.229;INFO;Robot Runtime;executing:    load A1;
24/09/18;10:20:25.363;INFO;Controller;Activity ExecRobotTask ended. Return value: ;
24/09/18;10:20:25.363;INFO;Controller;State = Ready;
24/09/18;10:21:14.757;INFO;Interface;Command: ExecRobotTask (recover,-1);
24/09/18;10:21:14.757;INFO;Controller;Executing asynchronous activity: ExecRobotTask;
24/09/18;10:21:14.757;INFO;Controller;Status = Executing: recover;
24/09/18;10:21:14.757;INFO;Controller;State = Running;
24/09/18;10:21:15.822;INFO;Robot Runtime;executing:    recover;
24/09/18;10:21:15.967;INFO;Robot Runtime;Near Location1 [Inspection] at distance of 0    ;
24/09/18;10:21:15.988;INFO;Robot Runtime;Near Location2 [Home] at distance of 210.406;
24/09/18;10:21:35.348;INFO;Robot Runtime;Done;
24/09/18;10:21:35.769;INFO;Controller;Activity ExecRobotTask ended. Return value: Done;
24/09/18;10:21:35.770;INFO;Controller;State = Ready;
24/09/18;10:23:04.081;INFO;Server;Command: ExecRobotTask (Recover,500000);
24/09/18;10:23:04.082;INFO;Controller;Executing asynchronous activity: ExecRobotTask;
24/09/18;10:23:04.082;INFO;Controller;Status = Executing: Recover;
24/09/18;10:23:04.082;INFO;Controller;State = Running;
24/09/18;10:23:05.305;INFO;Robot Runtime;executing:    Recover;
24/09/18;10:23:05.350;INFO;Robot Runtime;Near Location1 [Home] at distance of 0    ;
24/09/18;10:23:05.373;INFO;Robot Runtime;Near Location2 [Inspection] at distance of 210.406;
24/09/18;10:23:05.438;INFO;Robot Runtime;Done;
24/09/18;10:23:05.827;INFO;Controller;Activity ExecRobotTask ended. Return value: Done;
24/09/18;10:23:05.827;INFO;Controller;State = Ready;
24/09/18;10:35:48.715;INFO;Server;Command: ExecRobotTask (Initialize,500000);
24/09/18;10:35:48.715;INFO;Controller;Executing asynchronous activity: ExecRobotTask;
24/09/18;10:35:48.715;INFO;Controller;Status = Executing: Initialize;
24/09/18;10:35:48.716;INFO;Controller;State = Running;
24/09/18;10:35:49.668;INFO;Robot Runtime;executing:    Initialize;
24/09/18;10:35:50.087;INFO;Controller;Activity ExecRobotTask ended. Return value: Done;
24/09/18;10:35:50.087;INFO;Controller;State = Ready;
24/09/18;10:35:50.125;INFO;Server;Command: ExecRobotTask (LatchRobGov,500000);
24/09/18;10:35:50.125;INFO;Controller;Executing asynchronous activity: ExecRobotTask;
24/09/18;10:35:50.126;INFO;Controller;Status = Executing: LatchRobGov;
24/09/18;10:35:50.126;INFO;Controller;State = Running;
24/09/18;10:35:51.122;INFO;Robot Runtime;executing:    LatchRobGov;
24/09/18;10:35:51.881;INFO;Controller;Activity ExecRobotTask ended. Return value: Done;
24/09/18;10:35:51.881;INFO;Controller;State = Ready;
24/09/18;10:35:51.891;INFO;Server;Command: ExecRobotTask (TraceSample,500000);
24/09/18;10:35:51.891;INFO;Controller;Executing asynchronous activity: ExecRobotTask;
24/09/18;10:35:51.892;INFO;Controller;Status = Executing: TraceSample;
24/09/18;10:35:51.892;INFO;Controller;State = Running;
24/09/18;10:35:53.061;INFO;Robot Runtime;executing:    TraceSample;
24/09/18;10:35:56.183;INFO;Controller;Activity ExecRobotTask ended. Return value: Done True/False/False;
24/09/18;10:35:56.183;INFO;Controller;State = Ready;
24/09/18;10:36:52.467;INFO;Server;Command: ExecRobotTask (Initialize,500000);
24/09/18;10:36:52.468;INFO;Controller;Executing asynchronous activity: ExecRobotTask;
24/09/18;10:36:52.468;INFO;Controller;Status = Executing: Initialize;
24/09/18;10:36:52.468;INFO;Controller;State = Running;
24/09/18;10:36:53.418;INFO;Robot Runtime;executing:    Initialize;
24/09/18;10:36:53.896;INFO;Controller;Activity ExecRobotTask ended. Return value: Done;
24/09/18;10:36:53.897;INFO;Controller;State = Ready;
24/09/18;10:36:53.909;INFO;Server;Command: ExecRobotTask (LatchRobGov,500000);
24/09/18;10:36:53.909;INFO;Controller;Executing asynchronous activity: ExecRobotTask;
24/09/18;10:36:53.910;INFO;Controller;Status = Executing: LatchRobGov;
24/09/18;10:36:53.910;INFO;Controller;State = Running;
24/09/18;10:36:54.912;INFO;Robot Runtime;executing:    LatchRobGov;
24/09/18;10:36:55.347;INFO;Controller;Activity ExecRobotTask ended. Return value: Done;
24/09/18;10:36:55.347;INFO;Controller;State = Ready;
24/09/18;10:36:55.363;INFO;Server;Command: ExecRobotTask (TraceSample,500000);
24/09/18;10:36:55.363;INFO;Controller;Executing asynchronous activity: ExecRobotTask;
24/09/18;10:36:55.363;INFO;Controller;Status = Executing: TraceSample;
24/09/18;10:36:55.363;INFO;Controller;State = Running;
24/09/18;10:36:56.532;INFO;Robot Runtime;executing:    TraceSample;
24/09/18;10:36:57.065;INFO;Controller;Activity ExecRobotTask ended. Return value: Done True/False/False;
24/09/18;10:36:57.065;INFO;Controller;State = Ready;
24/09/18;10:41:00.125;WARNING;Robot;Alarm active: Device is offline;
24/09/18;10:41:00.126;INFO;Controller;State = Communication Error;
24/09/18;10:41:16.108;INFO;Robot;Alarm inactive: Device is offline;
24/09/18;10:41:16.108;WARNING;Controller;Communication resumed, trying updating devices;
24/09/18;10:41:16.108;INFO;Controller;Finished device updating;
24/09/18;10:41:16.108;INFO;Controller;State = Ready;
24/09/18;10:41:29.712;INFO;Server;Command: Abort;
24/09/18;10:41:29.712;INFO;Robot;Abort;
24/09/18;10:41:29.806;INFO;Server;Command: Restart;
24/09/18;10:41:29.806;INFO;Controller;State = Initializing;
24/09/18;10:41:29.834;INFO;Controller;Initialized log services - Startup: 18/09/18 10:09:59;
24/09/18;10:41:30.842;INFO;Epics Server;Exiting running thread;
24/09/18;10:41:30.845;INFO;Epics Server;Registered PV: SW:Version;
24/09/18;10:41:30.845;INFO;Epics Server;Registered PV: SW:Status;
24/09/18;10:41:30.845;INFO;Epics Server;Registered PV: SW:Uptime;
24/09/18;10:41:30.845;INFO;Epics Server;Registered PV: SW:LastTaskInfo;
24/09/18;10:41:30.845;INFO;Epics Server;Registered PV: SW:LocalGuiLockOut;
24/09/18;10:41:30.846;INFO;Epics Server;Registered PV: SW:AlarmList;
24/09/18;10:41:30.846;INFO;Epics Server;Registered PV: SW:RobotSpeed;
24/09/18;10:41:30.846;INFO;Epics Server;Registered PV: SW:LastTaskException;
24/09/18;10:41:30.846;INFO;Epics Server;Registered PV: SW:LastTaskOutput;
24/09/18;10:41:30.846;INFO;Epics Server;Registered PV: SW:RobotState;
24/09/18;10:41:30.846;INFO;Epics Server;Registered PV: SW:CartesianPositions;
24/09/18;10:41:30.846;INFO;Epics Server;Registered PV: SW:JointPositions;
24/09/18;10:41:30.846;INFO;Epics Server;Registered PV: SW:State;
24/09/18;10:41:30.846;INFO;Epics Server;Registered PV: SW:abort;
24/09/18;10:41:30.846;INFO;Epics Server;Registered PV: SW:restart;
24/09/18;10:41:30.846;INFO;Epics Server;Registered PV: SW:getTaskInfo;
24/09/18;10:41:30.846;INFO;Epics Server;Registered PV: SW:isTaskRunning;
24/09/18;10:41:30.846;INFO;Epics Server;Registered PV: SW:checkTaskResult;
24/09/18;10:41:30.846;INFO;Epics Server;Registered PV: SW:startTestTask;
24/09/18;10:41:30.846;INFO;Epics Server;Registered PV: SW:pauseRobot;
24/09/18;10:41:30.846;INFO;Epics Server;Registered PV: SW:resumeRobot;
24/09/18;10:41:30.846;INFO;Epics Server;Registered PV: SW:setRobotVariable;
24/09/18;10:41:30.846;INFO;Epics Server;Registered PV: SW:isSampleMounted;
24/09/18;10:41:30.846;INFO;Epics Server;Registered PV: SW:startRobotTask;
24/09/18;10:41:30.846;INFO;Epics Server;Registered PV: SW:getRobotVariable;
24/09/18;10:41:30.846;INFO;Epics Server;Registered PV: SW:getDistance;
24/09/18;10:41:30.846;INFO;Epics Server;Initializing: Channel Access Server in Java v1.1.1;
24/09/18;10:41:30.847;INFO;Epics Server;Started server: ready to accept requests;
24/09/18;10:41:31.446;INFO;Controller;Initializing Robot;
24/09/18;10:41:31.449;INFO;Robot;Setting reference frame to: world;
24/09/18;10:41:31.570;INFO;Controller;Initializing Bus Controller;
24/09/18;10:41:31.571;INFO;Anti-Collision;Active = true;
24/09/18;10:41:31.571;INFO;Controller;State = Starting;
24/09/18;10:41:31.572;INFO;Controller;Command: Reset;
24/09/18;10:41:31.572;INFO;Controller;Executing asynchronous script: ./script/Reset.py;
24/09/18;10:41:31.572;INFO;Controller;Status = Reseting;
24/09/18;10:41:31.572;INFO;Controller;State = Running;
24/09/18;10:41:31.757;INFO;Controller;Script host: localhost:44133;
24/09/18;10:41:31.757;INFO;Script;Starting initialization script;
24/09/18;10:41:31.759;INFO;Script;Do nothing;
24/09/18;10:41:31.760;INFO;Controller;Script ./script/Reset.py ended. Return value: ;
24/09/18;10:41:31.760;INFO;Controller;State = Ready;
24/09/18;10:41:58.076;INFO;Server;Command: ExecRobotTask (Initialize,500000);
24/09/18;10:41:58.077;INFO;Controller;Executing asynchronous activity: ExecRobotTask;
24/09/18;10:41:58.077;INFO;Controller;Status = Executing: Initialize;
24/09/18;10:41:58.077;INFO;Controller;State = Running;
24/09/18;10:41:59.026;INFO;Robot Runtime;executing:    Initialize;
24/09/18;10:42:00.206;INFO;Controller;Activity ExecRobotTask ended. Return value: Done;
24/09/18;10:42:00.206;INFO;Controller;State = Ready;
24/09/18;10:42:00.221;INFO;Server;Command: ExecRobotTask (LatchRobGov,500000);
24/09/18;10:42:00.221;INFO;Controller;Executing asynchronous activity: ExecRobotTask;
24/09/18;10:42:00.221;INFO;Controller;Status = Executing: LatchRobGov;
24/09/18;10:42:00.221;INFO;Controller;State = Running;
24/09/18;10:42:01.226;INFO;Robot Runtime;executing:    LatchRobGov;
24/09/18;10:42:01.664;INFO;Controller;Activity ExecRobotTask ended. Return value: Done;
24/09/18;10:42:01.664;INFO;Controller;State = Ready;
24/09/18;10:42:01.675;INFO;Server;Command: ExecRobotTask (TraceSample,500000);
24/09/18;10:42:01.675;INFO;Controller;Executing asynchronous activity: ExecRobotTask;
24/09/18;10:42:01.675;INFO;Controller;Status = Executing: TraceSample;
24/09/18;10:42:01.675;INFO;Controller;State = Running;
24/09/18;10:42:02.812;INFO;Robot Runtime;executing:    TraceSample;
24/09/18;10:42:03.655;INFO;Controller;Activity ExecRobotTask ended. Return value: Done True/False/False;
24/09/18;10:42:03.656;INFO;Controller;State = Ready;
24/09/18;10:42:27.244;INFO;Server;Command: Abort;
24/09/18;10:42:27.244;INFO;Robot;Abort;
24/09/18;10:42:27.338;INFO;Server;Command: Restart;
24/09/18;10:42:27.338;INFO;Controller;State = Initializing;
24/09/18;10:42:27.364;INFO;Controller;Initialized log services - Startup: 18/09/18 10:09:59;
24/09/18;10:42:28.373;INFO;Epics Server;Exiting running thread;
24/09/18;10:42:28.377;INFO;Epics Server;Registered PV: SW:Version;
24/09/18;10:42:28.377;INFO;Epics Server;Registered PV: SW:Status;
24/09/18;10:42:28.377;INFO;Epics Server;Registered PV: SW:Uptime;
24/09/18;10:42:28.377;INFO;Epics Server;Registered PV: SW:LastTaskInfo;
24/09/18;10:42:28.377;INFO;Epics Server;Registered PV: SW:LocalGuiLockOut;
24/09/18;10:42:28.377;INFO;Epics Server;Registered PV: SW:AlarmList;
24/09/18;10:42:28.377;INFO;Epics Server;Registered PV: SW:RobotSpeed;
24/09/18;10:42:28.377;INFO;Epics Server;Registered PV: SW:LastTaskException;
24/09/18;10:42:28.377;INFO;Epics Server;Registered PV: SW:LastTaskOutput;
24/09/18;10:42:28.377;INFO;Epics Server;Registered PV: SW:RobotState;
24/09/18;10:42:28.377;INFO;Epics Server;Registered PV: SW:CartesianPositions;
24/09/18;10:42:28.377;INFO;Epics Server;Registered PV: SW:JointPositions;
24/09/18;10:42:28.377;INFO;Epics Server;Registered PV: SW:State;
24/09/18;10:42:28.377;INFO;Epics Server;Registered PV: SW:abort;
24/09/18;10:42:28.377;INFO;Epics Server;Registered PV: SW:restart;
24/09/18;10:42:28.378;INFO;Epics Server;Registered PV: SW:getTaskInfo;
24/09/18;10:42:28.378;INFO;Epics Server;Registered PV: SW:isTaskRunning;
24/09/18;10:42:28.378;INFO;Epics Server;Registered PV: SW:checkTaskResult;
24/09/18;10:42:28.378;INFO;Epics Server;Registered PV: SW:startTestTask;
24/09/18;10:42:28.378;INFO;Epics Server;Registered PV: SW:pauseRobot;
24/09/18;10:42:28.378;INFO;Epics Server;Registered PV: SW:resumeRobot;
24/09/18;10:42:28.378;INFO;Epics Server;Registered PV: SW:setRobotVariable;
24/09/18;10:42:28.378;INFO;Epics Server;Registered PV: SW:isSampleMounted;
24/09/18;10:42:28.378;INFO;Epics Server;Registered PV: SW:startRobotTask;
24/09/18;10:42:28.378;INFO;Epics Server;Registered PV: SW:getRobotVariable;
24/09/18;10:42:28.378;INFO;Epics Server;Registered PV: SW:getDistance;
24/09/18;10:42:28.378;INFO;Epics Server;Initializing: Channel Access Server in Java v1.1.1;
24/09/18;10:42:28.378;INFO;Epics Server;Started server: ready to accept requests;
24/09/18;10:42:28.995;INFO;Controller;Initializing Robot;
24/09/18;10:42:29.000;INFO;Robot;Setting reference frame to: world;
24/09/18;10:42:29.125;INFO;Controller;Initializing Bus Controller;
24/09/18;10:42:29.125;INFO;Anti-Collision;Active = true;
24/09/18;10:42:29.125;INFO;Controller;State = Starting;
24/09/18;10:42:29.126;INFO;Controller;Command: Reset;
24/09/18;10:42:29.126;INFO;Controller;Executing asynchronous script: ./script/Reset.py;
24/09/18;10:42:29.126;INFO;Controller;Status = Reseting;
24/09/18;10:42:29.126;INFO;Controller;State = Running;
24/09/18;10:42:29.288;INFO;Controller;Script host: localhost:44975;
24/09/18;10:42:29.288;INFO;Script;Starting initialization script;
24/09/18;10:42:29.290;INFO;Script;Do nothing;
24/09/18;10:42:29.290;INFO;Controller;Script ./script/Reset.py ended. Return value: ;
24/09/18;10:42:29.290;INFO;Controller;State = Ready;
24/09/18;10:42:35.346;INFO;Server;Command: ExecRobotTask (Initialize,500000);
24/09/18;10:42:35.346;INFO;Controller;Executing asynchronous activity: ExecRobotTask;
24/09/18;10:42:35.346;INFO;Controller;Status = Executing: Initialize;
24/09/18;10:42:35.346;INFO;Controller;State = Running;
24/09/18;10:42:36.349;INFO;Robot Runtime;executing:    Initialize;
24/09/18;10:42:36.590;INFO;Controller;Activity ExecRobotTask ended. Return value: Done;
24/09/18;10:42:36.590;INFO;Controller;State = Ready;
24/09/18;10:42:36.624;INFO;Server;Command: ExecRobotTask (UnlatchRobGov,500000);
24/09/18;10:42:36.624;INFO;Controller;Executing asynchronous activity: ExecRobotTask;
24/09/18;10:42:36.624;INFO;Controller;Status = Executing: UnlatchRobGov;
24/09/18;10:42:36.624;INFO;Controller;State = Running;
24/09/18;10:42:37.599;INFO;Robot Runtime;executing:    UnlatchRobGov;
24/09/18;10:42:38.461;INFO;Controller;Activity ExecRobotTask ended. Return value: Done;
24/09/18;10:42:38.461;INFO;Controller;State = Ready;
24/09/18;10:42:38.471;INFO;Server;Command: ExecRobotTask (Home,500000);
24/09/18;10:42:38.471;INFO;Controller;Executing asynchronous activity: ExecRobotTask;
24/09/18;10:42:38.471;INFO;Controller;Status = Executing: Home;
24/09/18;10:42:38.471;INFO;Controller;State = Running;
24/09/18;10:42:39.591;INFO;Robot Runtime;executing:    Home;
24/09/18;10:42:54.633;INFO;Controller;Activity ExecRobotTask ended. Return value: Done;
24/09/18;10:42:54.633;INFO;Controller;State = Ready;
24/09/18;10:42:54.644;INFO;Server;Command: ExecRobotTask (Finish,500000);
24/09/18;10:42:54.645;INFO;Controller;Executing asynchronous activity: ExecRobotTask;
24/09/18;10:42:54.645;INFO;Controller;Status = Executing: Finish;
24/09/18;10:42:54.645;INFO;Controller;State = Running;
24/09/18;10:42:55.687;INFO;Robot Runtime;executing:    Finish;
24/09/18;10:42:57.600;INFO;Controller;Activity ExecRobotTask ended. Return value: Done;
24/09/18;10:42:57.600;INFO;Controller;State = Ready;
24/09/18;10:46:52.344;INFO;Server;Command: ExecRobotTask (Initialize,500000);
24/09/18;10:46:52.345;INFO;Controller;Executing asynchronous activity: ExecRobotTask;
24/09/18;10:46:52.345;INFO;Controller;Status = Executing: Initialize;
24/09/18;10:46:52.345;INFO;Controller;State = Running;
24/09/18;10:46:53.333;INFO;Robot Runtime;executing:    Initialize;
24/09/18;10:46:54.622;INFO;Controller;Activity ExecRobotTask ended. Return value: Done;
24/09/18;10:46:54.622;INFO;Controller;State = Ready;
24/09/18;10:46:54.631;INFO;Server;Command: ExecRobotTask (LatchRobGov,500000);
24/09/18;10:46:54.631;INFO;Controller;Executing asynchronous activity: ExecRobotTask;
24/09/18;10:46:54.632;INFO;Controller;Status = Executing: LatchRobGov;
24/09/18;10:46:54.632;INFO;Controller;State = Running;
24/09/18;10:46:55.812;INFO;Robot Runtime;executing:    LatchRobGov;
24/09/18;10:46:56.345;INFO;Controller;Activity ExecRobotTask ended. Return value: Done;
24/09/18;10:46:56.345;INFO;Controller;State = Ready;
24/09/18;10:46:56.360;INFO;Server;Command: ExecRobotTask (TraceSample,500000);
24/09/18;10:46:56.361;INFO;Controller;Executing asynchronous activity: ExecRobotTask;
24/09/18;10:46:56.361;INFO;Controller;Status = Executing: TraceSample;
24/09/18;10:46:56.361;INFO;Controller;State = Running;
24/09/18;10:46:57.456;INFO;Robot Runtime;executing:    TraceSample;
24/09/18;10:47:06.301;INFO;Controller;Activity ExecRobotTask ended. Return value: Done True/False/False;
24/09/18;10:47:06.301;INFO;Controller;State = Ready;
24/09/18;10:49:03.546;WARNING;Robot;Alarm active: Device is offline;
24/09/18;10:49:03.546;INFO;Controller;State = Communication Error;
24/09/18;10:49:25.545;INFO;Server;Command: Abort;
24/09/18;10:49:25.545;INFO;Robot;Abort;
24/09/18;10:49:25.547;INFO;Server;Command: Restart;
24/09/18;10:49:25.547;INFO;Controller;State = Initializing;
24/09/18;10:49:25.572;INFO;Controller;Initialized log services - Startup: 18/09/18 10:09:59;
24/09/18;10:49:25.573;INFO;Robot;Alarm removed: Device is offline;
24/09/18;10:49:26.580;INFO;Epics Server;Exiting running thread;
24/09/18;10:49:26.584;INFO;Epics Server;Registered PV: SW:Version;
24/09/18;10:49:26.584;INFO;Epics Server;Registered PV: SW:Status;
24/09/18;10:49:26.584;INFO;Epics Server;Registered PV: SW:Uptime;
24/09/18;10:49:26.584;INFO;Epics Server;Registered PV: SW:LastTaskInfo;
24/09/18;10:49:26.584;INFO;Epics Server;Registered PV: SW:LocalGuiLockOut;
24/09/18;10:49:26.584;INFO;Epics Server;Registered PV: SW:AlarmList;
24/09/18;10:49:26.584;INFO;Epics Server;Registered PV: SW:RobotSpeed;
24/09/18;10:49:26.584;INFO;Epics Server;Registered PV: SW:LastTaskException;
24/09/18;10:49:26.584;INFO;Epics Server;Registered PV: SW:LastTaskOutput;
24/09/18;10:49:26.584;INFO;Epics Server;Registered PV: SW:RobotState;
24/09/18;10:49:26.584;INFO;Epics Server;Registered PV: SW:CartesianPositions;
24/09/18;10:49:26.584;INFO;Epics Server;Registered PV: SW:JointPositions;
24/09/18;10:49:26.584;INFO;Epics Server;Registered PV: SW:State;
24/09/18;10:49:26.585;INFO;Epics Server;Registered PV: SW:abort;
24/09/18;10:49:26.585;INFO;Epics Server;Registered PV: SW:restart;
24/09/18;10:49:26.585;INFO;Epics Server;Registered PV: SW:getTaskInfo;
24/09/18;10:49:26.585;INFO;Epics Server;Registered PV: SW:isTaskRunning;
24/09/18;10:49:26.585;INFO;Epics Server;Registered PV: SW:checkTaskResult;
24/09/18;10:49:26.585;INFO;Epics Server;Registered PV: SW:startTestTask;
24/09/18;10:49:26.585;INFO;Epics Server;Registered PV: SW:pauseRobot;
24/09/18;10:49:26.585;INFO;Epics Server;Registered PV: SW:resumeRobot;
24/09/18;10:49:26.585;INFO;Epics Server;Registered PV: SW:setRobotVariable;
24/09/18;10:49:26.585;INFO;Epics Server;Registered PV: SW:isSampleMounted;
24/09/18;10:49:26.585;INFO;Epics Server;Registered PV: SW:startRobotTask;
24/09/18;10:49:26.585;INFO;Epics Server;Registered PV: SW:getRobotVariable;
24/09/18;10:49:26.585;INFO;Epics Server;Registered PV: SW:getDistance;
24/09/18;10:49:26.585;INFO;Epics Server;Initializing: Channel Access Server in Java v1.1.1;
24/09/18;10:49:26.586;INFO;Epics Server;Started server: ready to accept requests;
24/09/18;10:49:27.196;INFO;Controller;Initializing Robot;
24/09/18;10:49:27.200;INFO;Robot;Setting reference frame to: world;
24/09/18;10:49:27.202;WARNING;Robot;Exception: Robot connection error (Error connecting to device)
Stack trace:
org.embl.ctrl.ConnectedDevice$ConnectionFailureException: Connection error
	at org.embl.ctrl.ConnectedDevice.connect(ConnectedDevice.java:136)
	at org.embl.ctrl.ConnectedDevice.doInitialize(ConnectedDevice.java:85)
	at org.embl.dev.staubli.StaubliRobot.doInitialize(StaubliRobot.java:491)
	at org.embl.ctrl.Device.initialize(Device.java:678)
	at org.embl.ctrl.Device.initialize(Device.java:644)
	at org.embl.ctrl.Sequencer.initializeDevices(Sequencer.java:611)
	at org.embl.ctrl.Controller.initializeDevices(Controller.java:2664)
	at org.embl.ctrl.Sequencer.initializeDevices(Sequencer.java:597)
	at org.embl.ctrl.Sequencer.initializeDevices(Sequencer.java:592)
	at org.embl.sw.Control.doInitialize(Control.java:183)
	at org.embl.ctrl.Sequencer.initialize(Sequencer.java:259)
	at org.embl.ctrl.Controller.initialize(Controller.java:514)
	at org.embl.ctrl.Sequencer$1.run(Sequencer.java:312)
	at java.lang.Thread.run(Thread.java:745)
Caused by: org.embl.ctrl.Device$DeviceException: Error connecting to device
	at org.embl.dev.staubli.StaubliRobot.doConnect(StaubliRobot.java:592)
	at org.embl.ctrl.ConnectedDevice.connect(ConnectedDevice.java:125)
	... 13 more
Caused by: org.embl.net.NetException$NetConnectionErrorException: Connection error
	at org.embl.net.SocketClient.connect(SocketClient.java:241)
	at org.embl.dev.staubli.StaubliRobot.doConnect(StaubliRobot.java:584)
	... 14 more
Caused by: java.net.ConnectException: Connection refused
	at java.net.PlainSocketImpl.socketConnect(Native Method)
	at java.net.AbstractPlainSocketImpl.doConnect(AbstractPlainSocketImpl.java:350)
	at java.net.AbstractPlainSocketImpl.connectToAddress(AbstractPlainSocketImpl.java:206)
	at java.net.AbstractPlainSocketImpl.connect(AbstractPlainSocketImpl.java:188)
	at java.net.SocksSocketImpl.connect(SocksSocketImpl.java:392)
	at java.net.Socket.connect(Socket.java:589)
	at org.embl.net.SocketClient.connect(SocketClient.java:235)
	... 15 more
;
24/09/18;10:49:27.238;INFO;Controller;Initializing Bus Controller;
24/09/18;10:49:27.238;INFO;Anti-Collision;Active = true;
24/09/18;10:49:27.238;INFO;Controller;State = Starting;
24/09/18;10:49:27.239;INFO;Controller;State = Communication Error;
24/09/18;10:49:27.239;SEVERE;Controller;Exception: Communication timeout with the devices: 
Robot
Stack trace:
org.embl.BaseException: Communication timeout with the devices: 
Robot
	at org.embl.ctrl.Controller.onStart(Controller.java:1323)
	at org.embl.ctrl.Sequencer.start(Sequencer.java:1192)
	at org.embl.ctrl.Sequencer.initialize(Sequencer.java:287)
	at org.embl.ctrl.Controller.initialize(Controller.java:514)
	at org.embl.ctrl.Sequencer$1.run(Sequencer.java:312)
	at java.lang.Thread.run(Thread.java:745)
;
24/09/18;10:49:28.239;WARNING;Robot;Alarm active: Device is offline;
24/09/18;10:49:40.345;INFO;Robot;Alarm inactive: Device is offline;
24/09/18;10:49:40.346;WARNING;Controller;Communication resumed, trying updating devices;
24/09/18;10:49:40.346;INFO;Controller;Finished device updating;
24/09/18;10:49:40.346;INFO;Controller;Alarm condition ceased but controller has not been started: retrying a start;
24/09/18;10:49:40.346;INFO;Controller;State = Starting;
24/09/18;10:49:40.347;INFO;Controller;Command: Reset;
24/09/18;10:49:40.347;INFO;Controller;Executing asynchronous script: ./script/Reset.py;
24/09/18;10:49:40.347;INFO;Controller;Status = Reseting;
24/09/18;10:49:40.347;INFO;Controller;State = Running;
24/09/18;10:49:40.521;INFO;Controller;Script host: localhost:48451;
24/09/18;10:49:40.521;INFO;Script;Starting initialization script;
24/09/18;10:49:40.523;INFO;Script;Do nothing;
24/09/18;10:49:40.524;INFO;Controller;Script ./script/Reset.py ended. Return value: ;
24/09/18;10:49:40.524;INFO;Controller;State = Ready;
24/09/18;10:50:15.177;INFO;Server;Command: ExecRobotTask (Initialize,500000);
24/09/18;10:50:15.177;INFO;Controller;Executing asynchronous activity: ExecRobotTask;
24/09/18;10:50:15.177;INFO;Controller;Status = Executing: Initialize;
24/09/18;10:50:15.177;INFO;Controller;State = Running;
24/09/18;10:50:16.141;INFO;Robot Runtime;executing:    Initialize;
24/09/18;10:50:17.306;INFO;Controller;Activity ExecRobotTask ended. Return value: Done;
24/09/18;10:50:17.307;INFO;Controller;State = Ready;
24/09/18;10:50:17.324;INFO;Server;Command: ExecRobotTask (LatchRobGov,500000);
24/09/18;10:50:17.325;INFO;Controller;Executing asynchronous activity: ExecRobotTask;
24/09/18;10:50:17.325;INFO;Controller;Status = Executing: LatchRobGov;
24/09/18;10:50:17.325;INFO;Controller;State = Running;
24/09/18;10:50:18.518;INFO;Robot Runtime;executing:    LatchRobGov;
24/09/18;10:50:19.034;INFO;Controller;Activity ExecRobotTask ended. Return value: Done;
24/09/18;10:50:19.034;INFO;Controller;State = Ready;
24/09/18;10:50:19.044;INFO;Server;Command: ExecRobotTask (TraceSample,500000);
24/09/18;10:50:19.045;INFO;Controller;Executing asynchronous activity: ExecRobotTask;
24/09/18;10:50:19.045;INFO;Controller;Status = Executing: TraceSample;
24/09/18;10:50:19.045;INFO;Controller;State = Running;
24/09/18;10:50:20.124;INFO;Robot Runtime;executing:    TraceSample;
24/09/18;10:50:20.601;INFO;Controller;Activity ExecRobotTask ended. Return value: Done True/False/False;
24/09/18;10:50:20.601;INFO;Controller;State = Ready;
24/09/18;10:51:25.835;INFO;Server;Command: ExecRobotTask (Initialize,500000);
24/09/18;10:51:25.836;INFO;Controller;Executing asynchronous activity: ExecRobotTask;
24/09/18;10:51:25.836;INFO;Controller;Status = Executing: Initialize;
24/09/18;10:51:25.836;INFO;Controller;State = Running;
24/09/18;10:51:26.727;INFO;Robot Runtime;executing:    Initialize;
24/09/18;10:51:27.123;INFO;Controller;Activity ExecRobotTask ended. Return value: Done;
24/09/18;10:51:27.123;INFO;Controller;State = Ready;
24/09/18;10:51:27.141;INFO;Server;Command: ExecRobotTask (LatchRobGov,500000);
24/09/18;10:51:27.141;INFO;Controller;Executing asynchronous activity: ExecRobotTask;
24/09/18;10:51:27.141;INFO;Controller;Status = Executing: LatchRobGov;
24/09/18;10:51:27.141;INFO;Controller;State = Running;
24/09/18;10:51:28.363;INFO;Robot Runtime;executing:    LatchRobGov;
24/09/18;10:51:28.850;INFO;Controller;Activity ExecRobotTask ended. Return value: Done;
24/09/18;10:51:28.851;INFO;Controller;State = Ready;
24/09/18;10:51:28.863;INFO;Server;Command: ExecRobotTask (TraceSample,500000);
24/09/18;10:51:28.863;INFO;Controller;Executing asynchronous activity: ExecRobotTask;
24/09/18;10:51:28.863;INFO;Controller;Status = Executing: TraceSample;
24/09/18;10:51:28.864;INFO;Controller;State = Running;
24/09/18;10:51:29.907;INFO;Robot Runtime;executing:    TraceSample;
24/09/18;10:51:30.164;INFO;Controller;Activity ExecRobotTask ended. Return value: Done True/False/False;
24/09/18;10:51:30.164;INFO;Controller;State = Ready;
24/09/18;10:51:43.254;INFO;Server;Command: ExecRobotTask (Recover,500000);
24/09/18;10:51:43.254;INFO;Controller;Executing asynchronous activity: ExecRobotTask;
24/09/18;10:51:43.254;INFO;Controller;Status = Executing: Recover;
24/09/18;10:51:43.255;INFO;Controller;State = Running;
24/09/18;10:51:44.269;INFO;Robot Runtime;executing:    Recover;
24/09/18;10:51:44.418;INFO;Robot Runtime;Near Location1 [Inspection] at distance of 0    ;
24/09/18;10:51:44.440;INFO;Robot Runtime;Near Location2 [Home] at distance of 210.406;
24/09/18;10:52:16.964;INFO;Robot Runtime;Done;
24/09/18;10:52:17.427;INFO;Controller;Activity ExecRobotTask ended. Return value: Done;
24/09/18;10:52:17.427;INFO;Controller;State = Ready;
24/09/18;10:52:44.501;INFO;Server;Command: ExecRobotTask (OpenParkLid,500000);
24/09/18;10:52:44.501;INFO;Controller;Executing asynchronous activity: ExecRobotTask;
24/09/18;10:52:44.502;INFO;Controller;Status = Executing: OpenParkLid;
24/09/18;10:52:44.502;INFO;Controller;State = Running;
24/09/18;10:52:45.690;INFO;Robot Runtime;executing:    OpenParkLid;
24/09/18;10:52:46.232;INFO;Controller;Activity ExecRobotTask ended. Return value: Done;
24/09/18;10:52:46.232;INFO;Controller;State = Ready;
24/09/18;10:52:50.212;INFO;Server;Command: ExecRobotTask (ClosePorts,500000);
24/09/18;10:52:50.212;INFO;Controller;Executing asynchronous activity: ExecRobotTask;
24/09/18;10:52:50.212;INFO;Controller;Status = Executing: ClosePorts;
24/09/18;10:52:50.212;INFO;Controller;State = Running;
24/09/18;10:52:51.248;INFO;Robot Runtime;executing:    ClosePorts;
24/09/18;10:52:51.395;INFO;Controller;Activity ExecRobotTask ended. Return value: Done;
24/09/18;10:52:51.395;INFO;Controller;State = Ready;
24/09/18;10:53:01.469;INFO;Server;Command: ExecRobotTask (Initialize,500000);
24/09/18;10:53:01.470;INFO;Controller;Executing asynchronous activity: ExecRobotTask;
24/09/18;10:53:01.470;INFO;Controller;Status = Executing: Initialize;
24/09/18;10:53:01.470;INFO;Controller;State = Running;
24/09/18;10:53:02.358;INFO;Robot Runtime;executing:    Initialize;
24/09/18;10:53:02.488;INFO;Controller;Activity ExecRobotTask ended. Return value: Done;
24/09/18;10:53:02.488;INFO;Controller;State = Ready;
24/09/18;10:53:02.502;INFO;Server;Command: ExecRobotTask (LatchRobGov,500000);
24/09/18;10:53:02.502;INFO;Controller;Executing asynchronous activity: ExecRobotTask;
24/09/18;10:53:02.502;INFO;Controller;Status = Executing: LatchRobGov;
24/09/18;10:53:02.502;INFO;Controller;State = Running;
24/09/18;10:53:03.726;INFO;Robot Runtime;executing:    LatchRobGov;
24/09/18;10:53:04.396;INFO;Controller;Activity ExecRobotTask ended. Return value: Done;
24/09/18;10:53:04.396;INFO;Controller;State = Ready;
24/09/18;10:53:04.417;INFO;Server;Command: ExecRobotTask (TraceSample,500000);
24/09/18;10:53:04.417;INFO;Controller;Executing asynchronous activity: ExecRobotTask;
24/09/18;10:53:04.417;INFO;Controller;Status = Executing: TraceSample;
24/09/18;10:53:04.417;INFO;Controller;State = Running;
24/09/18;10:53:05.458;INFO;Robot Runtime;executing:    TraceSample;
24/09/18;10:53:09.226;INFO;Controller;Activity ExecRobotTask ended. Return value: Done False/False/False;
24/09/18;10:53:09.227;INFO;Controller;State = Ready;
24/09/18;10:53:09.242;INFO;Server;Command: ExecRobotTask (CoolDown,500000);
24/09/18;10:53:09.242;INFO;Controller;Executing asynchronous activity: ExecRobotTask;
24/09/18;10:53:09.242;INFO;Controller;Status = Executing: CoolDown;
24/09/18;10:53:09.242;INFO;Controller;State = Running;
24/09/18;10:53:10.119;INFO;Robot Runtime;executing:    CoolDown;
24/09/18;10:54:52.295;INFO;Controller;Activity ExecRobotTask ended. Return value: Done;
24/09/18;10:54:52.295;INFO;Controller;State = Ready;
24/09/18;10:54:52.540;INFO;Server;Command: ExecRobotTask (Load,500000);
24/09/18;10:54:52.540;INFO;Controller;Executing asynchronous activity: ExecRobotTask;
24/09/18;10:54:52.540;INFO;Controller;Status = Executing: Load;
24/09/18;10:54:52.540;INFO;Controller;State = Running;
24/09/18;10:54:53.765;INFO;Robot Runtime;executing:    Load;
24/09/18;10:55:03.589;INFO;Robot Runtime;Fail to recognize plate 0 position in the dewar;
24/09/18;10:55:03.610;INFO;Robot Runtime;Fail to calculate Pin Position. 29;
24/09/18;10:55:04.101;INFO;Controller;Activity ExecRobotTask ended. Return value: ABORT: Fail to calculate Pin Position;
24/09/18;10:55:04.101;INFO;Controller;State = Ready;
24/09/18;10:59:31.427;INFO;Server;Command: ExecRobotTask (Recover,500000);
24/09/18;10:59:31.427;INFO;Controller;Executing asynchronous activity: ExecRobotTask;
24/09/18;10:59:31.427;INFO;Controller;Status = Executing: Recover;
24/09/18;10:59:31.427;INFO;Controller;State = Running;
24/09/18;10:59:32.605;INFO;Robot Runtime;executing:    Recover;
24/09/18;10:59:32.651;INFO;Robot Runtime;Near Location1 [Dewar] at distance of 50    ;
24/09/18;10:59:32.672;INFO;Robot Runtime;Near Location2 [Park] at distance of 261.22 ;
24/09/18;10:59:44.250;INFO;Robot Runtime;Done;
24/09/18;10:59:44.578;INFO;Controller;Activity ExecRobotTask ended. Return value: Done;
24/09/18;10:59:44.578;INFO;Controller;State = Ready;
24/09/18;11:00:51.023;INFO;Server;Command: ExecRobotTask (Initialize,500000);
24/09/18;11:00:51.024;INFO;Controller;Executing asynchronous activity: ExecRobotTask;
24/09/18;11:00:51.024;INFO;Controller;Status = Executing: Initialize;
24/09/18;11:00:51.024;INFO;Controller;State = Running;
24/09/18;11:00:52.254;INFO;Robot Runtime;executing:    Initialize;
24/09/18;11:00:52.675;INFO;Controller;Activity ExecRobotTask ended. Return value: Done;
24/09/18;11:00:52.675;INFO;Controller;State = Ready;
24/09/18;11:00:52.698;INFO;Server;Command: ExecRobotTask (UnlatchRobGov,500000);
24/09/18;11:00:52.698;INFO;Controller;Executing asynchronous activity: ExecRobotTask;
24/09/18;11:00:52.698;INFO;Controller;Status = Executing: UnlatchRobGov;
24/09/18;11:00:52.698;INFO;Controller;State = Running;
24/09/18;11:00:53.780;INFO;Robot Runtime;executing:    UnlatchRobGov;
24/09/18;11:00:54.137;INFO;Controller;Activity ExecRobotTask ended. Return value: Done;
24/09/18;11:00:54.137;INFO;Controller;State = Ready;
24/09/18;11:00:54.158;INFO;Server;Command: ExecRobotTask (Home,500000);
24/09/18;11:00:54.158;INFO;Controller;Executing asynchronous activity: ExecRobotTask;
24/09/18;11:00:54.158;INFO;Controller;Status = Executing: Home;
24/09/18;11:00:54.159;INFO;Controller;State = Running;
24/09/18;11:00:55.380;INFO;Robot Runtime;executing:    Home;
24/09/18;11:00:55.871;INFO;Controller;Activity ExecRobotTask ended. Return value: Done;
24/09/18;11:00:55.871;INFO;Controller;State = Ready;
24/09/18;11:00:55.894;INFO;Server;Command: ExecRobotTask (Finish,500000);
24/09/18;11:00:55.894;INFO;Controller;Executing asynchronous activity: ExecRobotTask;
24/09/18;11:00:55.894;INFO;Controller;Status = Executing: Finish;
24/09/18;11:00:55.894;INFO;Controller;State = Running;
24/09/18;11:00:56.959;INFO;Robot Runtime;executing:    Finish;
24/09/18;11:01:55.981;INFO;Controller;Activity ExecRobotTask ended. Return value: Done;
24/09/18;11:01:55.981;INFO;Controller;State = Ready;
24/09/18;11:04:07.806;INFO;Server;Command: ExecRobotTask (Initialize,500000);
24/09/18;11:04:07.806;INFO;Controller;Executing asynchronous activity: ExecRobotTask;
24/09/18;11:04:07.806;INFO;Controller;Status = Executing: Initialize;
24/09/18;11:04:07.806;INFO;Controller;State = Running;
24/09/18;11:04:08.709;INFO;Robot Runtime;executing:    Initialize;
24/09/18;11:04:09.899;INFO;Controller;Activity ExecRobotTask ended. Return value: Done;
24/09/18;11:04:09.899;INFO;Controller;State = Ready;
24/09/18;11:04:09.917;INFO;Server;Command: ExecRobotTask (LatchRobGov,500000);
24/09/18;11:04:09.917;INFO;Controller;Executing asynchronous activity: ExecRobotTask;
24/09/18;11:04:09.917;INFO;Controller;Status = Executing: LatchRobGov;
24/09/18;11:04:09.918;INFO;Controller;State = Running;
24/09/18;11:04:11.106;INFO;Robot Runtime;executing:    LatchRobGov;
24/09/18;11:04:11.637;INFO;Controller;Activity ExecRobotTask ended. Return value: Done;
24/09/18;11:04:11.637;INFO;Controller;State = Ready;
24/09/18;11:04:11.653;INFO;Server;Command: ExecRobotTask (TraceSample,500000);
24/09/18;11:04:11.653;INFO;Controller;Executing asynchronous activity: ExecRobotTask;
24/09/18;11:04:11.653;INFO;Controller;Status = Executing: TraceSample;
24/09/18;11:04:11.653;INFO;Controller;State = Running;
24/09/18;11:04:12.720;INFO;Robot Runtime;executing:    TraceSample;
24/09/18;11:04:22.130;INFO;Controller;Activity ExecRobotTask ended. Return value: Done False/False/False;
24/09/18;11:04:22.130;INFO;Controller;State = Ready;
24/09/18;11:04:22.154;INFO;Server;Command: ExecRobotTask (CoolDown,500000);
24/09/18;11:04:22.154;INFO;Controller;Executing asynchronous activity: ExecRobotTask;
24/09/18;11:04:22.154;INFO;Controller;Status = Executing: CoolDown;
24/09/18;11:04:22.154;INFO;Controller;State = Running;
24/09/18;11:04:23.052;INFO;Robot Runtime;executing:    CoolDown;
24/09/18;11:06:02.468;INFO;Controller;Activity ExecRobotTask ended. Return value: Done;
24/09/18;11:06:02.468;INFO;Controller;State = Ready;
24/09/18;11:06:02.682;INFO;Server;Command: ExecRobotTask (Load,500000);
24/09/18;11:06:02.682;INFO;Controller;Executing asynchronous activity: ExecRobotTask;
24/09/18;11:06:02.682;INFO;Controller;Status = Executing: Load;
24/09/18;11:06:02.682;INFO;Controller;State = Running;
24/09/18;11:06:03.850;INFO;Robot Runtime;executing:    Load;
24/09/18;11:06:08.703;INFO;Robot Runtime;Fail to recognize plate 0 position in the dewar;
24/09/18;11:06:08.724;INFO;Robot Runtime;Fail to calculate Pin Position. 29;
24/09/18;11:06:09.135;INFO;Controller;Activity ExecRobotTask ended. Return value: ABORT: Fail to calculate Pin Position;
24/09/18;11:06:09.135;INFO;Controller;State = Ready;
24/09/18;11:06:27.227;INFO;Server;Command: ExecRobotTask (Recover,500000);
24/09/18;11:06:27.227;INFO;Controller;Executing asynchronous activity: ExecRobotTask;
24/09/18;11:06:27.227;INFO;Controller;Status = Executing: Recover;
24/09/18;11:06:27.227;INFO;Controller;State = Running;
24/09/18;11:06:28.423;INFO;Robot Runtime;executing:    Recover;
24/09/18;11:06:28.470;INFO;Robot Runtime;Near Location1 [Dewar] at distance of 50    ;
24/09/18;11:06:28.491;INFO;Robot Runtime;Near Location2 [Park] at distance of 261.22 ;
24/09/18;11:06:30.470;INFO;Robot Runtime;Done;
24/09/18;11:06:30.851;INFO;Controller;Activity ExecRobotTask ended. Return value: Done;
24/09/18;11:06:30.851;INFO;Controller;State = Ready;
24/09/18;11:06:39.202;INFO;Server;Command: ExecRobotTask (Initialize,500000);
24/09/18;11:06:39.203;INFO;Controller;Executing asynchronous activity: ExecRobotTask;
24/09/18;11:06:39.203;INFO;Controller;Status = Executing: Initialize;
24/09/18;11:06:39.203;INFO;Controller;State = Running;
24/09/18;11:06:40.417;INFO;Robot Runtime;executing:    Initialize;
24/09/18;11:06:40.790;INFO;Controller;Activity ExecRobotTask ended. Return value: Done;
24/09/18;11:06:40.790;INFO;Controller;State = Ready;
24/09/18;11:06:40.807;INFO;Server;Command: ExecRobotTask (UnlatchRobGov,500000);
24/09/18;11:06:40.807;INFO;Controller;Executing asynchronous activity: ExecRobotTask;
24/09/18;11:06:40.807;INFO;Controller;Status = Executing: UnlatchRobGov;
24/09/18;11:06:40.807;INFO;Controller;State = Running;
24/09/18;11:06:41.904;INFO;Robot Runtime;executing:    UnlatchRobGov;
24/09/18;11:06:42.264;INFO;Controller;Activity ExecRobotTask ended. Return value: Done;
24/09/18;11:06:42.264;INFO;Controller;State = Ready;
24/09/18;11:06:42.290;INFO;Server;Command: ExecRobotTask (Home,500000);
24/09/18;11:06:42.290;INFO;Controller;Executing asynchronous activity: ExecRobotTask;
24/09/18;11:06:42.290;INFO;Controller;Status = Executing: Home;
24/09/18;11:06:42.290;INFO;Controller;State = Running;
24/09/18;11:06:43.504;INFO;Robot Runtime;executing:    Home;
24/09/18;11:06:43.999;INFO;Controller;Activity ExecRobotTask ended. Return value: Done;
24/09/18;11:06:44.000;INFO;Controller;State = Ready;
24/09/18;11:06:44.017;INFO;Server;Command: ExecRobotTask (Finish,500000);
24/09/18;11:06:44.017;INFO;Controller;Executing asynchronous activity: ExecRobotTask;
24/09/18;11:06:44.017;INFO;Controller;Status = Executing: Finish;
24/09/18;11:06:44.017;INFO;Controller;State = Running;
24/09/18;11:06:45.100;INFO;Robot Runtime;executing:    Finish;
24/09/18;11:08:43.708;INFO;Controller;Activity ExecRobotTask ended. Return value: Done;
24/09/18;11:08:43.708;INFO;Controller;State = Ready;
24/09/18;11:10:27.994;INFO;Server;Command: ExecRobotTask (Initialize,500000);
24/09/18;11:10:27.995;INFO;Controller;Executing asynchronous activity: ExecRobotTask;
24/09/18;11:10:27.995;INFO;Controller;Status = Executing: Initialize;
24/09/18;11:10:27.995;INFO;Controller;State = Running;
24/09/18;11:10:28.940;INFO;Robot Runtime;executing:    Initialize;
24/09/18;11:10:30.124;INFO;Controller;Activity ExecRobotTask ended. Return value: Done;
24/09/18;11:10:30.124;INFO;Controller;State = Ready;
24/09/18;11:10:30.149;INFO;Server;Command: ExecRobotTask (LatchRobGov,500000);
24/09/18;11:10:30.149;INFO;Controller;Executing asynchronous activity: ExecRobotTask;
24/09/18;11:10:30.149;INFO;Controller;Status = Executing: LatchRobGov;
24/09/18;11:10:30.149;INFO;Controller;State = Running;
24/09/18;11:10:31.313;INFO;Robot Runtime;executing:    LatchRobGov;
24/09/18;11:10:31.854;INFO;Controller;Activity ExecRobotTask ended. Return value: Done;
24/09/18;11:10:31.854;INFO;Controller;State = Ready;
24/09/18;11:10:31.877;INFO;Server;Command: ExecRobotTask (TraceSample,500000);
24/09/18;11:10:31.877;INFO;Controller;Executing asynchronous activity: ExecRobotTask;
24/09/18;11:10:31.877;INFO;Controller;Status = Executing: TraceSample;
24/09/18;11:10:31.878;INFO;Controller;State = Running;
24/09/18;11:10:32.907;INFO;Robot Runtime;executing:    TraceSample;
24/09/18;11:10:34.098;INFO;Controller;Activity ExecRobotTask ended. Return value: Done False/False/False;
24/09/18;11:10:34.099;INFO;Controller;State = Ready;
24/09/18;11:10:34.123;INFO;Server;Command: ExecRobotTask (CoolDown,500000);
24/09/18;11:10:34.123;INFO;Controller;Executing asynchronous activity: ExecRobotTask;
24/09/18;11:10:34.123;INFO;Controller;Status = Executing: CoolDown;
24/09/18;11:10:34.123;INFO;Controller;State = Running;
24/09/18;11:10:35.085;INFO;Robot Runtime;executing:    CoolDown;
24/09/18;11:12:19.583;INFO;Controller;Activity ExecRobotTask ended. Return value: Done;
24/09/18;11:12:19.583;INFO;Controller;State = Ready;
24/09/18;11:12:19.800;INFO;Server;Command: ExecRobotTask (Load,500000);
24/09/18;11:12:19.800;INFO;Controller;Executing asynchronous activity: ExecRobotTask;
24/09/18;11:12:19.800;INFO;Controller;Status = Executing: Load;
24/09/18;11:12:19.800;INFO;Controller;State = Running;
24/09/18;11:12:20.942;INFO;Robot Runtime;executing:    Load;
24/09/18;11:13:38.183;WARNING;Robot Runtime;AUTORECOVER=====> Found false kick. Resume Robot Power;
24/09/18;11:13:43.162;WARNING;Robot Runtime;AUTORECOVER=====> Found false kick. Resume Robot Power;
24/09/18;11:13:50.182;WARNING;Robot Runtime;AUTORECOVER=====> Failed to enable Robot Power;
24/09/18;11:13:50.226;INFO;Controller;Activity ExecRobotTask ended. Return value: ;
24/09/18;11:13:50.226;INFO;Controller;State = Ready;
24/09/18;11:15:00.089;INFO;Server;Command: ExecRobotTask (Recover,500000);
24/09/18;11:15:00.090;INFO;Controller;Executing asynchronous activity: ExecRobotTask;
24/09/18;11:15:00.090;INFO;Controller;Status = Executing: Recover;
24/09/18;11:15:00.090;INFO;Controller;State = Running;
24/09/18;11:15:01.313;INFO;Robot Runtime;executing:    Recover;
24/09/18;11:15:02.194;INFO;Robot Runtime;Near Location1 [Dewar] at distance of 136.564;
24/09/18;11:15:02.215;INFO;Robot Runtime;Near Location2 [Park] at distance of 239.841;
24/09/18;11:15:27.426;INFO;Robot Runtime;Done;
24/09/18;11:15:27.790;INFO;Controller;Activity ExecRobotTask ended. Return value: Done;
24/09/18;11:15:27.791;INFO;Controller;State = Ready;
24/09/18;11:16:07.916;INFO;Server;Command: ExecRobotTask (Initialize,500000);
24/09/18;11:16:07.916;INFO;Controller;Executing asynchronous activity: ExecRobotTask;
24/09/18;11:16:07.916;INFO;Controller;Status = Executing: Initialize;
24/09/18;11:16:07.916;INFO;Controller;State = Running;
24/09/18;11:16:09.086;INFO;Robot Runtime;executing:    Initialize;
24/09/18;11:16:09.226;INFO;Controller;Activity ExecRobotTask ended. Return value: Done;
24/09/18;11:16:09.226;INFO;Controller;State = Ready;
24/09/18;11:16:09.250;INFO;Server;Command: ExecRobotTask (UnlatchRobGov,500000);
24/09/18;11:16:09.250;INFO;Controller;Executing asynchronous activity: ExecRobotTask;
24/09/18;11:16:09.250;INFO;Controller;Status = Executing: UnlatchRobGov;
24/09/18;11:16:09.250;INFO;Controller;State = Running;
24/09/18;11:16:10.391;INFO;Robot Runtime;executing:    UnlatchRobGov;
24/09/18;11:16:10.872;INFO;Controller;Activity ExecRobotTask ended. Return value: Done;
24/09/18;11:16:10.873;INFO;Controller;State = Ready;
24/09/18;11:16:10.900;INFO;Server;Command: ExecRobotTask (Home,500000);
24/09/18;11:16:10.900;INFO;Controller;Executing asynchronous activity: ExecRobotTask;
24/09/18;11:16:10.901;INFO;Controller;Status = Executing: Home;
24/09/18;11:16:10.901;INFO;Controller;State = Running;
24/09/18;11:16:12.069;INFO;Robot Runtime;executing:    Home;
24/09/18;11:16:12.603;INFO;Controller;Activity ExecRobotTask ended. Return value: Done;
24/09/18;11:16:12.604;INFO;Controller;State = Ready;
24/09/18;11:16:12.628;INFO;Server;Command: ExecRobotTask (Finish,500000);
24/09/18;11:16:12.628;INFO;Controller;Executing asynchronous activity: ExecRobotTask;
24/09/18;11:16:12.628;INFO;Controller;Status = Executing: Finish;
24/09/18;11:16:12.628;INFO;Controller;State = Running;
24/09/18;11:16:13.736;INFO;Robot Runtime;executing:    Finish;
24/09/18;11:18:15.571;INFO;Controller;Activity ExecRobotTask ended. Return value: Done;
24/09/18;11:18:15.571;INFO;Controller;State = Ready;
24/09/18;11:22:06.510;INFO;Server;Command: ExecRobotTask (Initialize,500000);
24/09/18;11:22:06.510;INFO;Controller;Executing asynchronous activity: ExecRobotTask;
24/09/18;11:22:06.511;INFO;Controller;Status = Executing: Initialize;
24/09/18;11:22:06.511;INFO;Controller;State = Running;
24/09/18;11:22:07.461;INFO;Robot Runtime;executing:    Initialize;
24/09/18;11:22:08.435;INFO;Controller;Activity ExecRobotTask ended. Return value: Done;
24/09/18;11:22:08.435;INFO;Controller;State = Ready;
24/09/18;11:22:08.463;INFO;Server;Command: ExecRobotTask (LatchRobGov,500000);
24/09/18;11:22:08.463;INFO;Controller;Executing asynchronous activity: ExecRobotTask;
24/09/18;11:22:08.463;INFO;Controller;Status = Executing: LatchRobGov;
24/09/18;11:22:08.463;INFO;Controller;State = Running;
24/09/18;11:22:09.593;INFO;Robot Runtime;executing:    LatchRobGov;
24/09/18;11:22:10.581;INFO;Controller;Activity ExecRobotTask ended. Return value: Done;
24/09/18;11:22:10.581;INFO;Controller;State = Ready;
24/09/18;11:22:10.604;INFO;Server;Command: ExecRobotTask (TraceSample,500000);
24/09/18;11:22:10.605;INFO;Controller;Executing asynchronous activity: ExecRobotTask;
24/09/18;11:22:10.605;INFO;Controller;Status = Executing: TraceSample;
24/09/18;11:22:10.605;INFO;Controller;State = Running;
24/09/18;11:22:11.677;INFO;Robot Runtime;executing:    TraceSample;
24/09/18;11:22:12.666;INFO;Controller;Activity ExecRobotTask ended. Return value: Done False/False/False;
24/09/18;11:22:12.666;INFO;Controller;State = Ready;
24/09/18;11:22:12.690;INFO;Server;Command: ExecRobotTask (CoolDown,500000);
24/09/18;11:22:12.690;INFO;Controller;Executing asynchronous activity: ExecRobotTask;
24/09/18;11:22:12.690;INFO;Controller;Status = Executing: CoolDown;
24/09/18;11:22:12.690;INFO;Controller;State = Running;
24/09/18;11:22:13.635;INFO;Robot Runtime;executing:    CoolDown;
24/09/18;11:23:54.309;INFO;Controller;Activity ExecRobotTask ended. Return value: Done;
24/09/18;11:23:54.309;INFO;Controller;State = Ready;
24/09/18;11:23:54.529;INFO;Server;Command: ExecRobotTask (Load,500000);
24/09/18;11:23:54.530;INFO;Controller;Executing asynchronous activity: ExecRobotTask;
24/09/18;11:23:54.530;INFO;Controller;Status = Executing: Load;
24/09/18;11:23:54.530;INFO;Controller;State = Running;
24/09/18;11:23:55.655;INFO;Robot Runtime;executing:    Load;
24/09/18;11:24:03.271;WARNING;Robot Runtime;AUTORECOVER=====> Found false kick. Resume Robot Power;
24/09/18;11:24:10.291;WARNING;Robot Runtime;AUTORECOVER=====> Failed to enable Robot Power;
24/09/18;11:24:10.337;INFO;Controller;Activity ExecRobotTask ended. Return value: ;
24/09/18;11:24:10.337;INFO;Controller;State = Ready;
24/09/18;11:24:40.905;INFO;Server;Command: ExecRobotTask (Initialize,500000);
24/09/18;11:24:40.905;INFO;Controller;Executing asynchronous activity: ExecRobotTask;
24/09/18;11:24:40.906;INFO;Controller;Status = Executing: Initialize;
24/09/18;11:24:40.906;INFO;Controller;State = Running;
24/09/18;11:24:42.007;INFO;Robot Runtime;executing:    Initialize;
24/09/18;11:24:43.258;INFO;Controller;Activity ExecRobotTask ended. Return value: Done;
24/09/18;11:24:43.258;INFO;Controller;State = Ready;
24/09/18;11:24:43.286;INFO;Server;Command: ExecRobotTask (UnlatchRobGov,500000);
24/09/18;11:24:43.286;INFO;Controller;Executing asynchronous activity: ExecRobotTask;
24/09/18;11:24:43.286;INFO;Controller;Status = Executing: UnlatchRobGov;
24/09/18;11:24:43.286;INFO;Controller;State = Running;
24/09/18;11:24:44.477;INFO;Robot Runtime;executing:    UnlatchRobGov;
24/09/18;11:24:45.241;INFO;Controller;Activity ExecRobotTask ended. Return value: Done;
24/09/18;11:24:45.241;INFO;Controller;State = Ready;
24/09/18;11:24:45.272;INFO;Server;Command: ExecRobotTask (Home,500000);
24/09/18;11:24:45.272;INFO;Controller;Executing asynchronous activity: ExecRobotTask;
24/09/18;11:24:45.272;INFO;Controller;Status = Executing: Home;
24/09/18;11:24:45.272;INFO;Controller;State = Running;
24/09/18;11:24:46.388;INFO;Robot Runtime;executing:    Home;
24/09/18;11:24:46.431;INFO;Robot Runtime;Unrecognized Location;
24/09/18;11:24:46.557;INFO;Controller;Activity ExecRobotTask ended. Return value: ABORT: Unrecognized Location;
24/09/18;11:24:46.557;INFO;Controller;State = Ready;
24/09/18;11:25:02.982;INFO;Server;Command: ExecRobotTask (Recover,500000);
24/09/18;11:25:02.982;INFO;Controller;Executing asynchronous activity: ExecRobotTask;
24/09/18;11:25:02.982;INFO;Controller;Status = Executing: Recover;
24/09/18;11:25:02.982;INFO;Controller;State = Running;
24/09/18;11:25:04.267;INFO;Robot Runtime;executing:    Recover;
24/09/18;11:25:04.312;INFO;Robot Runtime;Near Location1 [Dewar] at distance of 140.001;
24/09/18;11:25:04.334;INFO;Robot Runtime;Near Location2 [Park] at distance of 173.809;
24/09/18;11:25:09.991;INFO;Robot Runtime;Done;
24/09/18;11:25:10.145;INFO;Controller;Activity ExecRobotTask ended. Return value: Done;
24/09/18;11:25:10.145;INFO;Controller;State = Ready;
24/09/18;11:25:35.798;INFO;Server;Command: Abort;
24/09/18;11:25:35.799;INFO;Robot;Abort;
24/09/18;11:25:35.892;INFO;Server;Command: Restart;
24/09/18;11:25:35.893;INFO;Controller;State = Initializing;
24/09/18;11:25:35.918;INFO;Controller;Initialized log services - Startup: 18/09/18 10:09:59;
24/09/18;11:25:36.928;INFO;Epics Server;Exiting running thread;
24/09/18;11:25:36.931;INFO;Epics Server;Registered PV: SW:Version;
24/09/18;11:25:36.931;INFO;Epics Server;Registered PV: SW:Status;
24/09/18;11:25:36.931;INFO;Epics Server;Registered PV: SW:Uptime;
24/09/18;11:25:36.931;INFO;Epics Server;Registered PV: SW:LastTaskInfo;
24/09/18;11:25:36.931;INFO;Epics Server;Registered PV: SW:LocalGuiLockOut;
24/09/18;11:25:36.931;INFO;Epics Server;Registered PV: SW:AlarmList;
24/09/18;11:25:36.932;INFO;Epics Server;Registered PV: SW:RobotSpeed;
24/09/18;11:25:36.932;INFO;Epics Server;Registered PV: SW:LastTaskException;
24/09/18;11:25:36.932;INFO;Epics Server;Registered PV: SW:LastTaskOutput;
24/09/18;11:25:36.932;INFO;Epics Server;Registered PV: SW:RobotState;
24/09/18;11:25:36.932;INFO;Epics Server;Registered PV: SW:CartesianPositions;
24/09/18;11:25:36.932;INFO;Epics Server;Registered PV: SW:JointPositions;
24/09/18;11:25:36.932;INFO;Epics Server;Registered PV: SW:State;
24/09/18;11:25:36.932;INFO;Epics Server;Registered PV: SW:abort;
24/09/18;11:25:36.932;INFO;Epics Server;Registered PV: SW:restart;
24/09/18;11:25:36.932;INFO;Epics Server;Registered PV: SW:getTaskInfo;
24/09/18;11:25:36.932;INFO;Epics Server;Registered PV: SW:isTaskRunning;
24/09/18;11:25:36.932;INFO;Epics Server;Registered PV: SW:checkTaskResult;
24/09/18;11:25:36.932;INFO;Epics Server;Registered PV: SW:startTestTask;
24/09/18;11:25:36.932;INFO;Epics Server;Registered PV: SW:pauseRobot;
24/09/18;11:25:36.932;INFO;Epics Server;Registered PV: SW:resumeRobot;
24/09/18;11:25:36.932;INFO;Epics Server;Registered PV: SW:setRobotVariable;
24/09/18;11:25:36.933;INFO;Epics Server;Registered PV: SW:isSampleMounted;
24/09/18;11:25:36.933;INFO;Epics Server;Registered PV: SW:startRobotTask;
24/09/18;11:25:36.933;INFO;Epics Server;Registered PV: SW:getRobotVariable;
24/09/18;11:25:36.933;INFO;Epics Server;Registered PV: SW:getDistance;
24/09/18;11:25:36.933;INFO;Epics Server;Initializing: Channel Access Server in Java v1.1.1;
24/09/18;11:25:36.933;INFO;Epics Server;Started server: ready to accept requests;
24/09/18;11:25:37.611;INFO;Controller;Initializing Robot;
24/09/18;11:25:37.615;INFO;Robot;Setting reference frame to: world;
24/09/18;11:25:37.742;INFO;Controller;Initializing Bus Controller;
24/09/18;11:25:37.743;INFO;Anti-Collision;Active = true;
24/09/18;11:25:37.743;INFO;Controller;State = Starting;
24/09/18;11:25:37.744;INFO;Controller;Command: Reset;
24/09/18;11:25:37.744;INFO;Controller;Executing asynchronous script: ./script/Reset.py;
24/09/18;11:25:37.744;INFO;Controller;Status = Reseting;
24/09/18;11:25:37.744;INFO;Controller;State = Running;
24/09/18;11:25:37.924;INFO;Controller;Script host: localhost:60843;
24/09/18;11:25:37.924;INFO;Script;Starting initialization script;
24/09/18;11:25:37.927;INFO;Script;Do nothing;
24/09/18;11:25:37.927;INFO;Controller;Script ./script/Reset.py ended. Return value: ;
24/09/18;11:25:37.927;INFO;Controller;State = Ready;
24/09/18;11:26:36.003;INFO;Server;Command: ExecRobotTask (Initialize,500000);
24/09/18;11:26:36.003;INFO;Controller;Executing asynchronous activity: ExecRobotTask;
24/09/18;11:26:36.003;INFO;Controller;Status = Executing: Initialize;
24/09/18;11:26:36.003;INFO;Controller;State = Running;
24/09/18;11:26:37.130;INFO;Robot Runtime;executing:    Initialize;
24/09/18;11:26:37.646;INFO;Controller;Activity ExecRobotTask ended. Return value: Done;
24/09/18;11:26:37.646;INFO;Controller;State = Ready;
24/09/18;11:26:37.653;INFO;Server;Command: ExecRobotTask (UnlatchRobGov,500000);
24/09/18;11:26:37.653;INFO;Controller;Executing asynchronous activity: ExecRobotTask;
24/09/18;11:26:37.653;INFO;Controller;Status = Executing: UnlatchRobGov;
24/09/18;11:26:37.653;INFO;Controller;State = Running;
24/09/18;11:26:38.847;INFO;Robot Runtime;executing:    UnlatchRobGov;
24/09/18;11:26:39.373;INFO;Controller;Activity ExecRobotTask ended. Return value: Done;
24/09/18;11:26:39.373;INFO;Controller;State = Ready;
24/09/18;11:26:39.386;INFO;Server;Command: ExecRobotTask (Home,500000);
24/09/18;11:26:39.386;INFO;Controller;Executing asynchronous activity: ExecRobotTask;
24/09/18;11:26:39.386;INFO;Controller;Status = Executing: Home;
24/09/18;11:26:39.387;INFO;Controller;State = Running;
24/09/18;11:26:40.508;INFO;Robot Runtime;executing:    Home;
24/09/18;11:26:40.690;INFO;Controller;Activity ExecRobotTask ended. Return value: Done;
24/09/18;11:26:40.690;INFO;Controller;State = Ready;
24/09/18;11:26:40.697;INFO;Server;Command: ExecRobotTask (Finish,500000);
24/09/18;11:26:40.698;INFO;Controller;Executing asynchronous activity: ExecRobotTask;
24/09/18;11:26:40.698;INFO;Controller;Status = Executing: Finish;
24/09/18;11:26:40.698;INFO;Controller;State = Running;
24/09/18;11:26:41.875;INFO;Robot Runtime;executing:    Finish;
24/09/18;11:28:38.165;INFO;Controller;Activity ExecRobotTask ended. Return value: Done;
24/09/18;11:28:38.165;INFO;Controller;State = Ready;
24/09/18;11:31:55.082;INFO;Server;Command: ExecRobotTask (Initialize,500000);
24/09/18;11:31:55.082;INFO;Controller;Executing asynchronous activity: ExecRobotTask;
24/09/18;11:31:55.082;INFO;Controller;Status = Executing: Initialize;
24/09/18;11:31:55.082;INFO;Controller;State = Running;
24/09/18;11:31:56.043;INFO;Robot Runtime;executing:    Initialize;
24/09/18;11:31:56.974;INFO;Controller;Activity ExecRobotTask ended. Return value: Done;
24/09/18;11:31:56.974;INFO;Controller;State = Ready;
24/09/18;11:31:56.983;INFO;Server;Command: ExecRobotTask (LatchRobGov,500000);
24/09/18;11:31:56.983;INFO;Controller;Executing asynchronous activity: ExecRobotTask;
24/09/18;11:31:56.983;INFO;Controller;Status = Executing: LatchRobGov;
24/09/18;11:31:56.983;INFO;Controller;State = Running;
24/09/18;11:32:07.007;INFO;Robot;Abort;
24/09/18;11:32:07.099;INFO;Controller;Activity ExecRobotTask ended with exception: Timeout waiting busy;
24/09/18;11:32:07.100;WARNING;Activity;Exception: Robot timeout waiting busy
Stack trace:
org.embl.ctrl.Device$TimeoutWaitBusyException: Timeout waiting busy
	at org.embl.dev.staubli.StaubliRobot.executeTask(StaubliRobot.java:1162)
	at org.embl.dev.staubli.StaubliRobot.executeTask(StaubliRobot.java:1124)
	at org.embl.sw.Control.execRobotTask(Control.java:489)
	at org.embl.sw.Control$2.run(Control.java:380)
	at org.embl.task.ActivityManager.runTask(ActivityManager.java:104)
	at org.embl.task.ActivityManager.access$000(ActivityManager.java:22)
	at org.embl.task.ActivityManager$ActivityThread.run(ActivityManager.java:145)
;
24/09/18;11:32:07.100;INFO;Controller;State = Ready;
24/09/18;11:32:26.763;INFO;Server;Command: ExecRobotTask (Initialize,500000);
24/09/18;11:32:26.763;INFO;Controller;Executing asynchronous activity: ExecRobotTask;
24/09/18;11:32:26.764;INFO;Controller;Status = Executing: Initialize;
24/09/18;11:32:26.764;INFO;Controller;State = Running;
24/09/18;11:32:27.762;INFO;Robot Runtime;executing:    Initialize;
24/09/18;11:32:27.901;INFO;Controller;Activity ExecRobotTask ended. Return value: Done;
24/09/18;11:32:27.901;INFO;Controller;State = Ready;
24/09/18;11:32:27.912;INFO;Server;Command: ExecRobotTask (LatchRobGov,500000);
24/09/18;11:32:27.913;INFO;Controller;Executing asynchronous activity: ExecRobotTask;
24/09/18;11:32:27.913;INFO;Controller;Status = Executing: LatchRobGov;
24/09/18;11:32:27.913;INFO;Controller;State = Running;
24/09/18;11:32:29.141;INFO;Robot Runtime;executing:    LatchRobGov;
24/09/18;11:32:29.552;INFO;Controller;Activity ExecRobotTask ended. Return value: Done;
24/09/18;11:32:29.553;INFO;Controller;State = Ready;
24/09/18;11:32:29.570;INFO;Server;Command: ExecRobotTask (TraceSample,500000);
24/09/18;11:32:29.570;INFO;Controller;Executing asynchronous activity: ExecRobotTask;
24/09/18;11:32:29.570;INFO;Controller;Status = Executing: TraceSample;
24/09/18;11:32:29.570;INFO;Controller;State = Running;
24/09/18;11:32:30.662;INFO;Robot Runtime;executing:    TraceSample;
24/09/18;11:32:31.640;INFO;Controller;Activity ExecRobotTask ended. Return value: Done False/False/False;
24/09/18;11:32:31.640;INFO;Controller;State = Ready;
24/09/18;11:32:31.655;INFO;Server;Command: ExecRobotTask (CoolDown,500000);
24/09/18;11:32:31.655;INFO;Controller;Executing asynchronous activity: ExecRobotTask;
24/09/18;11:32:31.655;INFO;Controller;Status = Executing: CoolDown;
24/09/18;11:32:31.655;INFO;Controller;State = Running;
24/09/18;11:32:32.493;INFO;Robot Runtime;executing:    CoolDown;
24/09/18;11:34:15.002;INFO;Controller;Activity ExecRobotTask ended. Return value: Done;
24/09/18;11:34:15.003;INFO;Controller;State = Ready;
24/09/18;11:34:15.215;INFO;Server;Command: ExecRobotTask (Load,500000);
24/09/18;11:34:15.216;INFO;Controller;Executing asynchronous activity: ExecRobotTask;
24/09/18;11:34:15.216;INFO;Controller;Status = Executing: Load;
24/09/18;11:34:15.216;INFO;Controller;State = Running;
24/09/18;11:34:16.425;INFO;Robot Runtime;executing:    Load;
24/09/18;11:34:34.096;WARNING;Robot Runtime;AUTORECOVER=====> Found false kick. Resume Robot Power;
24/09/18;11:34:41.117;WARNING;Robot Runtime;AUTORECOVER=====> Failed to enable Robot Power;
24/09/18;11:34:41.162;INFO;Controller;Activity ExecRobotTask ended. Return value: ;
24/09/18;11:34:41.162;INFO;Controller;State = Ready;
24/09/18;11:35:57.299;INFO;Server;Command: ExecRobotTask (Recover,500000);
24/09/18;11:35:57.300;INFO;Controller;Executing asynchronous activity: ExecRobotTask;
24/09/18;11:35:57.300;INFO;Controller;Status = Executing: Recover;
24/09/18;11:35:57.300;INFO;Controller;State = Running;
24/09/18;11:35:58.494;INFO;Robot Runtime;executing:    Recover;
24/09/18;11:35:59.538;INFO;Robot Runtime;Failed to turn on robot power;
24/09/18;11:35:59.910;INFO;Controller;Activity ExecRobotTask ended. Return value: ABORT: Failed to turn on robot power;
24/09/18;11:35:59.910;INFO;Controller;State = Ready;
24/09/18;11:36:32.351;INFO;Server;Command: ExecRobotTask (Recover,500000);
24/09/18;11:36:32.352;INFO;Controller;Executing asynchronous activity: ExecRobotTask;
24/09/18;11:36:32.352;INFO;Controller;Status = Executing: Recover;
24/09/18;11:36:32.352;INFO;Controller;State = Running;
24/09/18;11:36:33.304;INFO;Robot Runtime;executing:    Recover;
24/09/18;11:36:34.121;INFO;Robot Runtime;Near Location1 [Dewar] at distance of 151.932;
24/09/18;11:36:34.143;INFO;Robot Runtime;Near Location2 [Park] at distance of 195.603;
24/09/18;11:36:34.166;INFO;Robot Runtime;Unrecognized Location;
24/09/18;11:36:34.188;INFO;Robot Runtime;ABORT: Unrecognized Location;
24/09/18;11:36:34.665;INFO;Controller;Activity ExecRobotTask ended. Return value: ABORT: Unrecognized Location;
24/09/18;11:36:34.666;INFO;Controller;State = Ready;
24/09/18;11:37:22.559;INFO;Server;Command: ExecRobotTask (Recover,500000);
24/09/18;11:37:22.559;INFO;Controller;Executing asynchronous activity: ExecRobotTask;
24/09/18;11:37:22.560;INFO;Controller;Status = Executing: Recover;
24/09/18;11:37:22.560;INFO;Controller;State = Running;
24/09/18;11:37:23.471;INFO;Robot Runtime;executing:    Recover;
24/09/18;11:37:23.516;INFO;Robot Runtime;Near Location1 [Dewar] at distance of 151.932;
24/09/18;11:37:23.538;INFO;Robot Runtime;Near Location2 [Park] at distance of 195.603;
24/09/18;11:37:23.561;INFO;Robot Runtime;Unrecognized Location;
24/09/18;11:37:23.582;INFO;Robot Runtime;ABORT: Unrecognized Location;
24/09/18;11:37:24.023;INFO;Controller;Activity ExecRobotTask ended. Return value: ABORT: Unrecognized Location;
24/09/18;11:37:24.023;INFO;Controller;State = Ready;
24/09/18;11:37:57.923;INFO;Server;Command: ExecRobotTask (Recover,500000);
24/09/18;11:37:57.923;INFO;Controller;Executing asynchronous activity: ExecRobotTask;
24/09/18;11:37:57.923;INFO;Controller;Status = Executing: Recover;
24/09/18;11:37:57.923;INFO;Controller;State = Running;
24/09/18;11:37:58.829;INFO;Robot Runtime;executing:    Recover;
24/09/18;11:37:58.876;INFO;Robot Runtime;Near Location1 [Dewar] at distance of 151.932;
24/09/18;11:37:58.897;INFO;Robot Runtime;Near Location2 [Park] at distance of 195.603;
24/09/18;11:37:58.921;INFO;Robot Runtime;Unrecognized Location;
24/09/18;11:37:58.942;INFO;Robot Runtime;ABORT: Unrecognized Location;
24/09/18;11:37:59.289;INFO;Controller;Activity ExecRobotTask ended. Return value: ABORT: Unrecognized Location;
24/09/18;11:37:59.290;INFO;Controller;State = Ready;
24/09/18;11:40:01.261;INFO;Server;Command: ExecRobotTask (Initialize,500000);
24/09/18;11:40:01.261;INFO;Controller;Executing asynchronous activity: ExecRobotTask;
24/09/18;11:40:01.261;INFO;Controller;Status = Executing: Initialize;
24/09/18;11:40:01.261;INFO;Controller;State = Running;
24/09/18;11:40:02.248;INFO;Robot Runtime;executing:    Initialize;
24/09/18;11:40:03.579;INFO;Controller;Activity ExecRobotTask ended. Return value: Done;
24/09/18;11:40:03.580;INFO;Controller;State = Ready;
24/09/18;11:40:03.596;INFO;Server;Command: ExecRobotTask (UnlatchRobGov,500000);
24/09/18;11:40:03.596;INFO;Controller;Executing asynchronous activity: ExecRobotTask;
24/09/18;11:40:03.596;INFO;Controller;Status = Executing: UnlatchRobGov;
24/09/18;11:40:03.596;INFO;Controller;State = Running;
24/09/18;11:40:04.767;INFO;Robot Runtime;executing:    UnlatchRobGov;
24/09/18;11:40:05.147;INFO;Controller;Activity ExecRobotTask ended. Return value: Done;
24/09/18;11:40:05.147;INFO;Controller;State = Ready;
24/09/18;11:40:05.160;INFO;Server;Command: ExecRobotTask (Home,500000);
24/09/18;11:40:05.160;INFO;Controller;Executing asynchronous activity: ExecRobotTask;
24/09/18;11:40:05.160;INFO;Controller;Status = Executing: Home;
24/09/18;11:40:05.161;INFO;Controller;State = Running;
24/09/18;11:40:06.209;INFO;Robot Runtime;executing:    Home;
24/09/18;11:40:06.789;INFO;Controller;Activity ExecRobotTask ended. Return value: Done;
24/09/18;11:40:06.789;INFO;Controller;State = Ready;
24/09/18;11:40:06.806;INFO;Server;Command: ExecRobotTask (Finish,500000);
24/09/18;11:40:06.806;INFO;Controller;Executing asynchronous activity: ExecRobotTask;
24/09/18;11:40:06.807;INFO;Controller;Status = Executing: Finish;
24/09/18;11:40:06.807;INFO;Controller;State = Running;
24/09/18;11:40:07.754;INFO;Robot Runtime;executing:    Finish;
24/09/18;11:42:39.908;INFO;Controller;Activity ExecRobotTask ended. Return value: Done;
24/09/18;11:42:39.908;INFO;Controller;State = Ready;
24/09/18;11:43:41.150;INFO;Server;Command: ExecRobotTask (Initialize,500000);
24/09/18;11:43:41.150;INFO;Controller;Executing asynchronous activity: ExecRobotTask;
24/09/18;11:43:41.151;INFO;Controller;Status = Executing: Initialize;
24/09/18;11:43:41.151;INFO;Controller;State = Running;
24/09/18;11:43:42.313;INFO;Robot Runtime;executing:    Initialize;
24/09/18;11:43:43.632;INFO;Controller;Activity ExecRobotTask ended. Return value: Done;
24/09/18;11:43:43.632;INFO;Controller;State = Ready;
24/09/18;11:43:43.656;INFO;Server;Command: ExecRobotTask (LatchRobGov,500000);
24/09/18;11:43:43.656;INFO;Controller;Executing asynchronous activity: ExecRobotTask;
24/09/18;11:43:43.656;INFO;Controller;Status = Executing: LatchRobGov;
24/09/18;11:43:43.656;INFO;Controller;State = Running;
24/09/18;11:43:44.736;INFO;Robot Runtime;executing:    LatchRobGov;
24/09/18;11:43:45.355;INFO;Controller;Activity ExecRobotTask ended. Return value: Done;
24/09/18;11:43:45.355;INFO;Controller;State = Ready;
24/09/18;11:43:45.361;INFO;Server;Command: ExecRobotTask (TraceSample,500000);
24/09/18;11:43:45.361;INFO;Controller;Executing asynchronous activity: ExecRobotTask;
24/09/18;11:43:45.362;INFO;Controller;Status = Executing: TraceSample;
24/09/18;11:43:45.362;INFO;Controller;State = Running;
24/09/18;11:43:46.579;INFO;Robot Runtime;executing:    TraceSample;
24/09/18;11:43:47.875;INFO;Controller;Activity ExecRobotTask ended. Return value: Done False/False/False;
24/09/18;11:43:47.875;INFO;Controller;State = Ready;
24/09/18;11:43:47.889;INFO;Server;Command: ExecRobotTask (CoolDown,500000);
24/09/18;11:43:47.889;INFO;Controller;Executing asynchronous activity: ExecRobotTask;
24/09/18;11:43:47.889;INFO;Controller;Status = Executing: CoolDown;
24/09/18;11:43:47.889;INFO;Controller;State = Running;
24/09/18;11:43:48.738;INFO;Robot Runtime;executing:    CoolDown;
24/09/18;11:45:29.342;INFO;Controller;Activity ExecRobotTask ended. Return value: Done;
24/09/18;11:45:29.342;INFO;Controller;State = Ready;
24/09/18;11:45:29.577;INFO;Server;Command: ExecRobotTask (Load,500000);
24/09/18;11:45:29.578;INFO;Controller;Executing asynchronous activity: ExecRobotTask;
24/09/18;11:45:29.578;INFO;Controller;Status = Executing: Load;
24/09/18;11:45:29.578;INFO;Controller;State = Running;
24/09/18;11:45:30.628;INFO;Robot Runtime;executing:    Load;
24/09/18;11:45:49.113;WARNING;Robot Runtime;AUTORECOVER=====> Found false kick. Resume Robot Power;
24/09/18;11:45:56.135;WARNING;Robot Runtime;AUTORECOVER=====> Failed to enable Robot Power;
24/09/18;11:45:56.181;INFO;Controller;Activity ExecRobotTask ended. Return value: ;
24/09/18;11:45:56.181;INFO;Controller;State = Ready;
24/09/18;11:46:33.163;INFO;Server;Command: ExecRobotTask (Recover,500000);
24/09/18;11:46:33.163;INFO;Controller;Executing asynchronous activity: ExecRobotTask;
24/09/18;11:46:33.163;INFO;Controller;Status = Executing: Recover;
24/09/18;11:46:33.163;INFO;Controller;State = Running;
24/09/18;11:46:34.554;INFO;Robot Runtime;executing:    Recover;
24/09/18;11:46:35.402;INFO;Robot Runtime;Near Location1 [Dewar] at distance of 151.925;
24/09/18;11:46:35.424;INFO;Robot Runtime;Near Location2 [Park] at distance of 195.603;
24/09/18;11:46:35.447;INFO;Robot Runtime;Unrecognized Location;
24/09/18;11:46:35.470;INFO;Robot Runtime;ABORT: Unrecognized Location;
24/09/18;11:46:35.927;INFO;Controller;Activity ExecRobotTask ended. Return value: ABORT: Unrecognized Location;
24/09/18;11:46:35.927;INFO;Controller;State = Ready;
24/09/18;11:48:31.516;INFO;Server;Command: ExecRobotTask (Initialize,500000);
24/09/18;11:48:31.516;INFO;Controller;Executing asynchronous activity: ExecRobotTask;
24/09/18;11:48:31.516;INFO;Controller;Status = Executing: Initialize;
24/09/18;11:48:31.517;INFO;Controller;State = Running;
24/09/18;11:48:32.471;INFO;Robot Runtime;executing:    Initialize;
24/09/18;11:48:33.686;INFO;Controller;Activity ExecRobotTask ended. Return value: Done;
24/09/18;11:48:33.687;INFO;Controller;State = Ready;
24/09/18;11:48:33.700;INFO;Server;Command: ExecRobotTask (LatchRobGov,500000);
24/09/18;11:48:33.701;INFO;Controller;Executing asynchronous activity: ExecRobotTask;
24/09/18;11:48:33.701;INFO;Controller;Status = Executing: LatchRobGov;
24/09/18;11:48:33.701;INFO;Controller;State = Running;
24/09/18;11:48:34.780;INFO;Robot Runtime;executing:    LatchRobGov;
24/09/18;11:48:35.159;INFO;Controller;Activity ExecRobotTask ended. Return value: Done;
24/09/18;11:48:35.160;INFO;Controller;State = Ready;
24/09/18;11:48:35.176;INFO;Server;Command: ExecRobotTask (TraceSample,500000);
24/09/18;11:48:35.176;INFO;Controller;Executing asynchronous activity: ExecRobotTask;
24/09/18;11:48:35.176;INFO;Controller;Status = Executing: TraceSample;
24/09/18;11:48:35.176;INFO;Controller;State = Running;
24/09/18;11:48:36.365;INFO;Robot Runtime;executing:    TraceSample;
24/09/18;11:48:40.242;INFO;Controller;Activity ExecRobotTask ended. Return value: Done False/False/False;
24/09/18;11:48:40.242;INFO;Controller;State = Ready;
24/09/18;11:48:40.250;INFO;Server;Command: ExecRobotTask (CoolDown,500000);
24/09/18;11:48:40.251;INFO;Controller;Executing asynchronous activity: ExecRobotTask;
24/09/18;11:48:40.251;INFO;Controller;Status = Executing: CoolDown;
24/09/18;11:48:40.251;INFO;Controller;State = Running;
24/09/18;11:48:41.112;INFO;Robot Runtime;executing:    CoolDown;
24/09/18;11:49:21.957;INFO;Controller;Activity ExecRobotTask ended. Return value: Done;
24/09/18;11:49:21.957;INFO;Controller;State = Ready;
24/09/18;11:49:22.165;INFO;Server;Command: ExecRobotTask (Load,500000);
24/09/18;11:49:22.165;INFO;Controller;Executing asynchronous activity: ExecRobotTask;
24/09/18;11:49:22.165;INFO;Controller;Status = Executing: Load;
24/09/18;11:49:22.165;INFO;Controller;State = Running;
24/09/18;11:49:23.266;INFO;Robot Runtime;executing:    Load;
24/09/18;11:49:47.823;WARNING;Robot Runtime;AUTORECOVER=====> Found false kick. Resume Robot Power;
24/09/18;11:49:54.844;WARNING;Robot Runtime;AUTORECOVER=====> Failed to enable Robot Power;
24/09/18;11:49:54.887;INFO;Controller;Activity ExecRobotTask ended. Return value: ;
24/09/18;11:49:54.887;INFO;Controller;State = Ready;
24/09/18;11:50:18.169;INFO;Server;Command: ExecRobotTask (Recover,500000);
24/09/18;11:50:18.170;INFO;Controller;Executing asynchronous activity: ExecRobotTask;
24/09/18;11:50:18.170;INFO;Controller;Status = Executing: Recover;
24/09/18;11:50:18.170;INFO;Controller;State = Running;
24/09/18;11:50:19.499;INFO;Robot Runtime;executing:    Recover;
24/09/18;11:50:20.342;INFO;Robot Runtime;Near Location1 [Dewar] at distance of 146.428;
24/09/18;11:50:20.365;INFO;Robot Runtime;Near Location2 [Park] at distance of 195.637;
24/09/18;11:50:32.148;INFO;Robot Runtime;Done;
24/09/18;11:50:32.636;INFO;Controller;Activity ExecRobotTask ended. Return value: Done;
24/09/18;11:50:32.636;INFO;Controller;State = Ready;
24/09/18;11:50:53.113;INFO;Server;Command: ExecRobotTask (Initialize,500000);
24/09/18;11:50:53.113;INFO;Controller;Executing asynchronous activity: ExecRobotTask;
24/09/18;11:50:53.113;INFO;Controller;Status = Executing: Initialize;
24/09/18;11:50:53.113;INFO;Controller;State = Running;
24/09/18;11:50:54.173;INFO;Robot Runtime;executing:    Initialize;
24/09/18;11:50:54.623;INFO;Controller;Activity ExecRobotTask ended. Return value: Done;
24/09/18;11:50:54.623;INFO;Controller;State = Ready;
24/09/18;11:50:54.633;INFO;Server;Command: ExecRobotTask (LatchRobGov,500000);
24/09/18;11:50:54.633;INFO;Controller;Executing asynchronous activity: ExecRobotTask;
24/09/18;11:50:54.633;INFO;Controller;Status = Executing: LatchRobGov;
24/09/18;11:50:54.633;INFO;Controller;State = Running;
24/09/18;11:50:55.886;INFO;Robot Runtime;executing:    LatchRobGov;
24/09/18;11:50:56.617;INFO;Controller;Activity ExecRobotTask ended. Return value: Done;
24/09/18;11:50:56.617;INFO;Controller;State = Ready;
24/09/18;11:50:56.637;INFO;Server;Command: ExecRobotTask (TraceSample,500000);
24/09/18;11:50:56.637;INFO;Controller;Executing asynchronous activity: ExecRobotTask;
24/09/18;11:50:56.638;INFO;Controller;Status = Executing: TraceSample;
24/09/18;11:50:56.638;INFO;Controller;State = Running;
24/09/18;11:50:57.718;INFO;Robot Runtime;executing:    TraceSample;
24/09/18;11:50:59.635;INFO;Controller;Activity ExecRobotTask ended. Return value: Done False/False/False;
24/09/18;11:50:59.636;INFO;Controller;State = Ready;
24/09/18;11:50:59.654;INFO;Server;Command: ExecRobotTask (CoolDown,500000);
24/09/18;11:50:59.654;INFO;Controller;Executing asynchronous activity: ExecRobotTask;
24/09/18;11:50:59.654;INFO;Controller;Status = Executing: CoolDown;
24/09/18;11:50:59.655;INFO;Controller;State = Running;
24/09/18;11:51:00.492;INFO;Robot Runtime;executing:    CoolDown;
24/09/18;11:51:29.027;INFO;Controller;Activity ExecRobotTask ended. Return value: Done;
24/09/18;11:51:29.028;INFO;Controller;State = Ready;
24/09/18;11:51:29.238;INFO;Server;Command: ExecRobotTask (Load,500000);
24/09/18;11:51:29.238;INFO;Controller;Executing asynchronous activity: ExecRobotTask;
24/09/18;11:51:29.238;INFO;Controller;Status = Executing: Load;
24/09/18;11:51:29.238;INFO;Controller;State = Running;
24/09/18;11:51:30.469;INFO;Robot Runtime;executing:    Load;
24/09/18;11:51:50.220;WARNING;Robot Runtime;AUTORECOVER=====> Found false kick. Resume Robot Power;
24/09/18;11:51:57.258;WARNING;Robot Runtime;AUTORECOVER=====> Failed to enable Robot Power;
24/09/18;11:51:57.297;INFO;Controller;Activity ExecRobotTask ended. Return value: ;
24/09/18;11:51:57.297;INFO;Controller;State = Ready;
24/09/18;11:52:12.743;INFO;Server;Command: ExecRobotTask (Recover,500000);
24/09/18;11:52:12.744;INFO;Controller;Executing asynchronous activity: ExecRobotTask;
24/09/18;11:52:12.744;INFO;Controller;Status = Executing: Recover;
24/09/18;11:52:12.744;INFO;Controller;State = Running;
24/09/18;11:52:13.931;INFO;Robot Runtime;executing:    Recover;
24/09/18;11:52:14.773;INFO;Robot Runtime;Near Location1 [Dewar] at distance of 149.22 ;
24/09/18;11:52:14.794;INFO;Robot Runtime;Near Location2 [Park] at distance of 195.597;
24/09/18;11:52:38.376;INFO;Robot Runtime;Done;
24/09/18;11:52:38.798;INFO;Controller;Activity ExecRobotTask ended. Return value: Done;
24/09/18;11:52:38.798;INFO;Controller;State = Ready;
24/09/18;11:52:58.564;INFO;Server;Command: ExecRobotTask (Initialize,500000);
24/09/18;11:52:58.564;INFO;Controller;Executing asynchronous activity: ExecRobotTask;
24/09/18;11:52:58.564;INFO;Controller;Status = Executing: Initialize;
24/09/18;11:52:58.564;INFO;Controller;State = Running;
24/09/18;11:52:59.728;INFO;Robot Runtime;executing:    Initialize;
24/09/18;11:53:00.099;INFO;Controller;Activity ExecRobotTask ended. Return value: Done;
24/09/18;11:53:00.100;INFO;Controller;State = Ready;
24/09/18;11:53:00.113;INFO;Server;Command: ExecRobotTask (LatchRobGov,500000);
24/09/18;11:53:00.113;INFO;Controller;Executing asynchronous activity: ExecRobotTask;
24/09/18;11:53:00.113;INFO;Controller;Status = Executing: LatchRobGov;
24/09/18;11:53:00.113;INFO;Controller;State = Running;
24/09/18;11:53:01.271;INFO;Robot Runtime;executing:    LatchRobGov;
24/09/18;11:53:01.827;INFO;Controller;Activity ExecRobotTask ended. Return value: Done;
24/09/18;11:53:01.827;INFO;Controller;State = Ready;
24/09/18;11:53:01.844;INFO;Server;Command: ExecRobotTask (TraceSample,500000);
24/09/18;11:53:01.844;INFO;Controller;Executing asynchronous activity: ExecRobotTask;
24/09/18;11:53:01.844;INFO;Controller;Status = Executing: TraceSample;
24/09/18;11:53:01.844;INFO;Controller;State = Running;
24/09/18;11:53:03.001;INFO;Robot Runtime;executing:    TraceSample;
24/09/18;11:53:04.858;INFO;Controller;Activity ExecRobotTask ended. Return value: Done False/False/False;
24/09/18;11:53:04.858;INFO;Controller;State = Ready;
24/09/18;11:53:04.873;INFO;Server;Command: ExecRobotTask (CoolDown,500000);
24/09/18;11:53:04.873;INFO;Controller;Executing asynchronous activity: ExecRobotTask;
24/09/18;11:53:04.874;INFO;Controller;Status = Executing: CoolDown;
24/09/18;11:53:04.874;INFO;Controller;State = Running;
24/09/18;11:53:05.712;INFO;Robot Runtime;executing:    CoolDown;
24/09/18;11:53:37.031;INFO;Controller;Activity ExecRobotTask ended. Return value: Done;
24/09/18;11:53:37.032;INFO;Controller;State = Ready;
24/09/18;11:53:37.246;INFO;Server;Command: ExecRobotTask (Load,500000);
24/09/18;11:53:37.247;INFO;Controller;Executing asynchronous activity: ExecRobotTask;
24/09/18;11:53:37.247;INFO;Controller;Status = Executing: Load;
24/09/18;11:53:37.247;INFO;Controller;State = Running;
24/09/18;11:53:38.383;INFO;Robot Runtime;executing:    Load;
24/09/18;11:53:59.062;WARNING;Robot Runtime;AUTORECOVER=====> Found false kick. Resume Robot Power;
24/09/18;11:54:06.087;WARNING;Robot Runtime;AUTORECOVER=====> Failed to enable Robot Power;
24/09/18;11:54:06.133;INFO;Controller;Activity ExecRobotTask ended. Return value: ;
24/09/18;11:54:06.133;INFO;Controller;State = Ready;
24/09/18;11:54:20.758;INFO;Server;Command: ExecRobotTask (Recover,500000);
24/09/18;11:54:20.758;INFO;Controller;Executing asynchronous activity: ExecRobotTask;
24/09/18;11:54:20.758;INFO;Controller;Status = Executing: Recover;
24/09/18;11:54:20.758;INFO;Controller;State = Running;
24/09/18;11:54:22.059;INFO;Robot Runtime;executing:    Recover;
24/09/18;11:54:22.894;INFO;Robot Runtime;Near Location1 [Dewar] at distance of 151.931;
24/09/18;11:54:22.916;INFO;Robot Runtime;Near Location2 [Park] at distance of 195.604;
24/09/18;11:54:22.938;INFO;Robot Runtime;Unrecognized Location;
24/09/18;11:54:22.961;INFO;Robot Runtime;ABORT: Unrecognized Location;
24/09/18;11:54:23.368;INFO;Controller;Activity ExecRobotTask ended. Return value: ABORT: Unrecognized Location;
24/09/18;11:54:23.368;INFO;Controller;State = Ready;
24/09/18;11:56:04.434;INFO;Server;Command: ExecRobotTask (Initialize,500000);
24/09/18;11:56:04.434;INFO;Controller;Executing asynchronous activity: ExecRobotTask;
24/09/18;11:56:04.434;INFO;Controller;Status = Executing: Initialize;
24/09/18;11:56:04.434;INFO;Controller;State = Running;
24/09/18;11:56:05.360;INFO;Robot Runtime;executing:    Initialize;
24/09/18;11:56:06.707;INFO;Controller;Activity ExecRobotTask ended. Return value: Done;
24/09/18;11:56:06.707;INFO;Controller;State = Ready;
24/09/18;11:56:06.724;INFO;Server;Command: ExecRobotTask (LatchRobGov,500000);
24/09/18;11:56:06.725;INFO;Controller;Executing asynchronous activity: ExecRobotTask;
24/09/18;11:56:06.725;INFO;Controller;Status = Executing: LatchRobGov;
24/09/18;11:56:06.725;INFO;Controller;State = Running;
24/09/18;11:56:07.795;INFO;Robot Runtime;executing:    LatchRobGov;
24/09/18;11:56:08.178;INFO;Controller;Activity ExecRobotTask ended. Return value: Done;
24/09/18;11:56:08.178;INFO;Controller;State = Ready;
24/09/18;11:56:08.193;INFO;Server;Command: ExecRobotTask (TraceSample,500000);
24/09/18;11:56:08.193;INFO;Controller;Executing asynchronous activity: ExecRobotTask;
24/09/18;11:56:08.193;INFO;Controller;Status = Executing: TraceSample;
24/09/18;11:56:08.193;INFO;Controller;State = Running;
24/09/18;11:56:09.342;INFO;Robot Runtime;executing:    TraceSample;
24/09/18;11:56:15.846;INFO;Controller;Activity ExecRobotTask ended. Return value: Done False/False/False;
24/09/18;11:56:15.846;INFO;Controller;State = Ready;
24/09/18;11:56:15.855;INFO;Server;Command: ExecRobotTask (CoolDown,500000);
24/09/18;11:56:15.855;INFO;Controller;Executing asynchronous activity: ExecRobotTask;
24/09/18;11:56:15.855;INFO;Controller;Status = Executing: CoolDown;
24/09/18;11:56:15.855;INFO;Controller;State = Running;
24/09/18;11:56:16.770;INFO;Robot Runtime;executing:    CoolDown;
24/09/18;11:56:55.789;INFO;Controller;Activity ExecRobotTask ended. Return value: Done;
24/09/18;11:56:55.789;INFO;Controller;State = Ready;
24/09/18;11:56:56.003;INFO;Server;Command: ExecRobotTask (Load,500000);
24/09/18;11:56:56.003;INFO;Controller;Executing asynchronous activity: ExecRobotTask;
24/09/18;11:56:56.003;INFO;Controller;Status = Executing: Load;
24/09/18;11:56:56.003;INFO;Controller;State = Running;
24/09/18;11:56:57.061;INFO;Robot Runtime;executing:    Load;
24/09/18;11:57:22.387;WARNING;Robot Runtime;AUTORECOVER=====> Found false kick. Resume Robot Power;
24/09/18;11:57:29.408;WARNING;Robot Runtime;AUTORECOVER=====> Failed to enable Robot Power;
24/09/18;11:57:29.450;INFO;Controller;Activity ExecRobotTask ended. Return value: ;
24/09/18;11:57:29.451;INFO;Controller;State = Ready;
24/09/18;11:57:47.733;INFO;Server;Command: ExecRobotTask (Recover,500000);
24/09/18;11:57:47.733;INFO;Controller;Executing asynchronous activity: ExecRobotTask;
24/09/18;11:57:47.733;INFO;Controller;Status = Executing: Recover;
24/09/18;11:57:47.734;INFO;Controller;State = Running;
24/09/18;11:57:49.065;INFO;Robot Runtime;executing:    Recover;
24/09/18;11:57:49.907;INFO;Robot Runtime;Near Location1 [Inspection] at distance of 184.798;
24/09/18;11:57:49.928;INFO;Robot Runtime;Near Location2 [Home] at distance of 229.102;
24/09/18;11:57:49.952;INFO;Robot Runtime;Unrecognized Location;
24/09/18;11:57:49.972;INFO;Robot Runtime;ABORT: Unrecognized Location;
24/09/18;11:57:50.451;INFO;Controller;Activity ExecRobotTask ended. Return value: ABORT: Unrecognized Location;
24/09/18;11:57:50.451;INFO;Controller;State = Ready;
24/09/18;11:59:48.647;INFO;Server;Command: ExecRobotTask (Initialize,500000);
24/09/18;11:59:48.647;INFO;Controller;Executing asynchronous activity: ExecRobotTask;
24/09/18;11:59:48.647;INFO;Controller;Status = Executing: Initialize;
24/09/18;11:59:48.647;INFO;Controller;State = Running;
24/09/18;11:59:49.558;INFO;Robot Runtime;executing:    Initialize;
24/09/18;11:59:50.904;INFO;Controller;Activity ExecRobotTask ended. Return value: Done;
24/09/18;11:59:50.904;INFO;Controller;State = Ready;
24/09/18;11:59:50.919;INFO;Server;Command: ExecRobotTask (UnlatchRobGov,500000);
24/09/18;11:59:50.919;INFO;Controller;Executing asynchronous activity: ExecRobotTask;
24/09/18;11:59:50.919;INFO;Controller;Status = Executing: UnlatchRobGov;
24/09/18;11:59:50.919;INFO;Controller;State = Running;
24/09/18;11:59:51.995;INFO;Robot Runtime;executing:    UnlatchRobGov;
24/09/18;11:59:52.618;INFO;Controller;Activity ExecRobotTask ended. Return value: Done;
24/09/18;11:59:52.618;INFO;Controller;State = Ready;
24/09/18;11:59:52.633;INFO;Server;Command: ExecRobotTask (Home,500000);
24/09/18;11:59:52.633;INFO;Controller;Executing asynchronous activity: ExecRobotTask;
24/09/18;11:59:52.634;INFO;Controller;Status = Executing: Home;
24/09/18;11:59:52.634;INFO;Controller;State = Running;
24/09/18;11:59:53.818;INFO;Robot Runtime;executing:    Home;
24/09/18;11:59:54.353;INFO;Controller;Activity ExecRobotTask ended. Return value: Done;
24/09/18;11:59:54.353;INFO;Controller;State = Ready;
24/09/18;11:59:54.367;INFO;Server;Command: ExecRobotTask (Finish,500000);
24/09/18;11:59:54.367;INFO;Controller;Executing asynchronous activity: ExecRobotTask;
24/09/18;11:59:54.367;INFO;Controller;Status = Executing: Finish;
24/09/18;11:59:54.367;INFO;Controller;State = Running;
24/09/18;11:59:55.470;INFO;Robot Runtime;executing:    Finish;
24/09/18;12:01:38.933;INFO;Controller;Activity ExecRobotTask ended. Return value: Done;
24/09/18;12:01:38.934;INFO;Controller;State = Ready;
24/09/18;12:02:53.165;INFO;Server;Command: ExecRobotTask (Initialize,500000);
24/09/18;12:02:53.165;INFO;Controller;Executing asynchronous activity: ExecRobotTask;
24/09/18;12:02:53.165;INFO;Controller;Status = Executing: Initialize;
24/09/18;12:02:53.165;INFO;Controller;State = Running;
24/09/18;12:02:54.108;INFO;Robot Runtime;executing:    Initialize;
24/09/18;12:02:55.417;INFO;Controller;Activity ExecRobotTask ended. Return value: Done;
24/09/18;12:02:55.418;INFO;Controller;State = Ready;
24/09/18;12:02:55.438;INFO;Server;Command: ExecRobotTask (CoolDown,500000);
24/09/18;12:02:55.438;INFO;Controller;Executing asynchronous activity: ExecRobotTask;
24/09/18;12:02:55.438;INFO;Controller;Status = Executing: CoolDown;
24/09/18;12:02:55.438;INFO;Controller;State = Running;
24/09/18;12:02:56.564;INFO;Robot Runtime;executing:    CoolDown;
24/09/18;12:04:39.788;INFO;Controller;Activity ExecRobotTask ended. Return value: Done;
24/09/18;12:04:39.788;INFO;Controller;State = Ready;
24/09/18;12:04:40.005;INFO;Server;Command: ExecRobotTask (Unmount,500000);
24/09/18;12:04:40.005;INFO;Controller;Executing asynchronous activity: ExecRobotTask;
24/09/18;12:04:40.005;INFO;Controller;Status = Executing: Unmount;
24/09/18;12:04:40.005;INFO;Controller;State = Running;
24/09/18;12:04:40.897;INFO;Robot Runtime;executing:    Unmount;
24/09/18;12:05:09.668;WARNING;Robot Runtime;AUTORECOVER=====> Found false kick. Resume Robot Power;
24/09/18;12:05:16.689;WARNING;Robot Runtime;AUTORECOVER=====> Failed to enable Robot Power;
24/09/18;12:05:16.731;INFO;Controller;Activity ExecRobotTask ended. Return value: ;
24/09/18;12:05:16.731;INFO;Controller;State = Ready;
24/09/18;12:06:05.537;INFO;Server;Command: ExecRobotTask (Recover,500000);
24/09/18;12:06:05.537;INFO;Controller;Executing asynchronous activity: ExecRobotTask;
24/09/18;12:06:05.537;INFO;Controller;Status = Executing: Recover;
24/09/18;12:06:05.537;INFO;Controller;State = Running;
24/09/18;12:06:06.555;INFO;Robot Runtime;executing:    Recover;
24/09/18;12:06:07.408;INFO;Robot Runtime;Near Location1 [Gonio] at distance of 0.79 ;
24/09/18;12:06:07.430;INFO;Robot Runtime;Near Location2 [Heater] at distance of 520.248;
24/09/18;12:06:29.322;INFO;Robot Runtime;Done;
24/09/18;12:06:29.816;INFO;Controller;Activity ExecRobotTask ended. Return value: Done;
24/09/18;12:06:29.817;INFO;Controller;State = Ready;
24/09/18;12:08:32.485;INFO;Server;Command: ExecRobotTask (Initialize,500000);
24/09/18;12:08:32.485;INFO;Controller;Executing asynchronous activity: ExecRobotTask;
24/09/18;12:08:32.485;INFO;Controller;Status = Executing: Initialize;
24/09/18;12:08:32.485;INFO;Controller;State = Running;
24/09/18;12:08:33.490;INFO;Robot Runtime;executing:    Initialize;
24/09/18;12:08:33.898;INFO;Controller;Activity ExecRobotTask ended. Return value: Done;
24/09/18;12:08:33.898;INFO;Controller;State = Ready;
24/09/18;12:08:33.917;INFO;Server;Command: ExecRobotTask (UnlatchRobGov,500000);
24/09/18;12:08:33.917;INFO;Controller;Executing asynchronous activity: ExecRobotTask;
24/09/18;12:08:33.917;INFO;Controller;Status = Executing: UnlatchRobGov;
24/09/18;12:08:33.917;INFO;Controller;State = Running;
24/09/18;12:08:35.125;INFO;Robot Runtime;executing:    UnlatchRobGov;
24/09/18;12:08:35.632;INFO;Controller;Activity ExecRobotTask ended. Return value: Done;
24/09/18;12:08:35.632;INFO;Controller;State = Ready;
24/09/18;12:08:35.653;INFO;Server;Command: ExecRobotTask (Home,500000);
24/09/18;12:08:35.653;INFO;Controller;Executing asynchronous activity: ExecRobotTask;
24/09/18;12:08:35.654;INFO;Controller;Status = Executing: Home;
24/09/18;12:08:35.654;INFO;Controller;State = Running;
24/09/18;12:08:36.591;INFO;Robot Runtime;executing:    Home;
24/09/18;12:08:37.091;INFO;Controller;Activity ExecRobotTask ended. Return value: Done;
24/09/18;12:08:37.091;INFO;Controller;State = Ready;
24/09/18;12:08:37.116;INFO;Server;Command: ExecRobotTask (Finish,500000);
24/09/18;12:08:37.116;INFO;Controller;Executing asynchronous activity: ExecRobotTask;
24/09/18;12:08:37.116;INFO;Controller;Status = Executing: Finish;
24/09/18;12:08:37.116;INFO;Controller;State = Running;
24/09/18;12:08:38.129;INFO;Robot Runtime;executing:    Finish;
24/09/18;12:10:21.176;INFO;Controller;Activity ExecRobotTask ended. Return value: Done;
24/09/18;12:10:21.177;INFO;Controller;State = Ready;
24/09/18;12:10:46.765;INFO;Server;Command: ExecRobotTask (Initialize,500000);
24/09/18;12:10:46.766;INFO;Controller;Executing asynchronous activity: ExecRobotTask;
24/09/18;12:10:46.766;INFO;Controller;Status = Executing: Initialize;
24/09/18;12:10:46.766;INFO;Controller;State = Running;
24/09/18;12:10:47.728;INFO;Robot Runtime;executing:    Initialize;
24/09/18;12:10:48.664;INFO;Controller;Activity ExecRobotTask ended. Return value: Done;
24/09/18;12:10:48.665;INFO;Controller;State = Ready;
24/09/18;12:10:48.687;INFO;Server;Command: ExecRobotTask (CoolDown,500000);
24/09/18;12:10:48.687;INFO;Controller;Executing asynchronous activity: ExecRobotTask;
24/09/18;12:10:48.687;INFO;Controller;Status = Executing: CoolDown;
24/09/18;12:10:48.687;INFO;Controller;State = Running;
24/09/18;12:10:58.709;INFO;Robot;Abort;
24/09/18;12:10:58.820;INFO;Controller;Activity ExecRobotTask ended with exception: Timeout waiting busy;
24/09/18;12:10:58.821;WARNING;Activity;Exception: Robot timeout waiting busy
Stack trace:
org.embl.ctrl.Device$TimeoutWaitBusyException: Timeout waiting busy
	at org.embl.dev.staubli.StaubliRobot.executeTask(StaubliRobot.java:1162)
	at org.embl.dev.staubli.StaubliRobot.executeTask(StaubliRobot.java:1124)
	at org.embl.sw.Control.execRobotTask(Control.java:489)
	at org.embl.sw.Control$2.run(Control.java:380)
	at org.embl.task.ActivityManager.runTask(ActivityManager.java:104)
	at org.embl.task.ActivityManager.access$000(ActivityManager.java:22)
	at org.embl.task.ActivityManager$ActivityThread.run(ActivityManager.java:145)
;
24/09/18;12:10:58.821;INFO;Controller;State = Ready;
24/09/18;12:11:21.408;INFO;Server;Command: ExecRobotTask (CoolDown,500000);
24/09/18;12:11:21.409;INFO;Controller;Executing asynchronous activity: ExecRobotTask;
24/09/18;12:11:21.409;INFO;Controller;Status = Executing: CoolDown;
24/09/18;12:11:21.409;INFO;Controller;State = Running;
24/09/18;12:11:22.491;INFO;Robot Runtime;executing:    CoolDown;
24/09/18;12:13:08.020;INFO;Controller;Activity ExecRobotTask ended. Return value: Done;
24/09/18;12:13:08.020;INFO;Controller;State = Ready;
24/09/18;12:13:08.226;INFO;Server;Command: ExecRobotTask (Unmount,500000);
24/09/18;12:13:08.227;INFO;Controller;Executing asynchronous activity: ExecRobotTask;
24/09/18;12:13:08.227;INFO;Controller;Status = Executing: Unmount;
24/09/18;12:13:08.227;INFO;Controller;State = Running;
24/09/18;12:13:09.125;INFO;Robot Runtime;executing:    Unmount;
24/09/18;12:13:25.016;WARNING;Robot Runtime;AUTORECOVER=====> Found false kick. Resume Robot Power;
24/09/18;12:13:32.037;WARNING;Robot Runtime;AUTORECOVER=====> Failed to enable Robot Power;
24/09/18;12:13:32.082;INFO;Controller;Activity ExecRobotTask ended. Return value: ;
24/09/18;12:13:32.082;INFO;Controller;State = Ready;
24/09/18;12:13:51.534;INFO;Server;Command: ExecRobotTask (Recover,500000);
24/09/18;12:13:51.534;INFO;Controller;Executing asynchronous activity: ExecRobotTask;
24/09/18;12:13:51.534;INFO;Controller;Status = Executing: Recover;
24/09/18;12:13:51.534;INFO;Controller;State = Running;
24/09/18;12:13:52.560;INFO;Robot Runtime;executing:    Recover;
24/09/18;12:13:53.408;INFO;Robot Runtime;Near Location1 [Gonio] at distance of 14.088;
24/09/18;12:13:53.430;INFO;Robot Runtime;Near Location2 [Heater] at distance of 509.795;
24/09/18;12:14:27.178;INFO;Robot Runtime;Done;
24/09/18;12:14:27.627;INFO;Controller;Activity ExecRobotTask ended. Return value: Done;
24/09/18;12:14:27.627;INFO;Controller;State = Ready;
24/09/18;13:52:06.973;INFO;Server;Command: ExecRobotTask (EnableTScreen,500000);
24/09/18;13:52:06.973;INFO;Controller;Executing asynchronous activity: ExecRobotTask;
24/09/18;13:52:06.973;INFO;Controller;Status = Executing: EnableTScreen;
24/09/18;13:52:06.973;INFO;Controller;State = Running;
24/09/18;13:52:08.032;INFO;Robot Runtime;executing:    EnableTScreen;
24/09/18;13:52:08.217;INFO;Controller;Activity ExecRobotTask ended. Return value: Done;
24/09/18;13:52:08.218;INFO;Controller;State = Ready;
