19/10/18;09:59:34.837;INFO;Server;Command: ExecRobotTask (Initialize,500000);
19/10/18;09:59:34.838;INFO;Controller;Executing asynchronous activity: ExecRobotTask;
19/10/18;09:59:34.838;INFO;Controller;Status = Executing: Initialize;
19/10/18;09:59:34.838;INFO;Controller;State = Running;
19/10/18;09:59:35.805;INFO;Robot Runtime;executing:    Initialize;
19/10/18;09:59:37.110;INFO;Controller;Activity ExecRobotTask ended. Return value: Done;
19/10/18;09:59:37.110;INFO;Controller;State = Ready;
19/10/18;09:59:37.127;INFO;Server;Command: ExecRobotTask (LatchRobGov,500000);
19/10/18;09:59:37.127;INFO;Controller;Executing asynchronous activity: ExecRobotTask;
19/10/18;09:59:37.127;INFO;Controller;Status = Executing: LatchRobGov;
19/10/18;09:59:37.128;INFO;Controller;State = Running;
19/10/18;09:59:38.519;INFO;Robot Runtime;executing:    LatchRobGov;
19/10/18;09:59:39.342;INFO;Controller;Activity ExecRobotTask ended. Return value: Done;
19/10/18;09:59:39.342;INFO;Controller;State = Ready;
19/10/18;09:59:39.349;INFO;Server;Command: ExecRobotTask (TraceSample,500000);
19/10/18;09:59:39.350;INFO;Controller;Executing asynchronous activity: ExecRobotTask;
19/10/18;09:59:39.350;INFO;Controller;Status = Executing: TraceSample;
19/10/18;09:59:39.350;INFO;Controller;State = Running;
19/10/18;09:59:40.262;INFO;Robot Runtime;executing:    TraceSample;
19/10/18;09:59:40.899;INFO;Controller;Activity ExecRobotTask ended. Return value: Done False/False/False;
19/10/18;09:59:40.899;INFO;Controller;State = Ready;
19/10/18;09:59:40.913;INFO;Server;Command: ExecRobotTask (CoolDown,500000);
19/10/18;09:59:40.913;INFO;Controller;Executing asynchronous activity: ExecRobotTask;
19/10/18;09:59:40.913;INFO;Controller;Status = Executing: CoolDown;
19/10/18;09:59:40.913;INFO;Controller;State = Running;
19/10/18;09:59:41.757;INFO;Robot Runtime;executing:    CoolDown;
19/10/18;10:01:17.255;INFO;Controller;Activity ExecRobotTask ended. Return value: Done;
19/10/18;10:01:17.255;INFO;Controller;State = Ready;
19/10/18;10:01:17.466;INFO;Server;Command: ExecRobotTask (Load,500000);
19/10/18;10:01:17.467;INFO;Controller;Executing asynchronous activity: ExecRobotTask;
19/10/18;10:01:17.467;INFO;Controller;Status = Executing: Load;
19/10/18;10:01:17.467;INFO;Controller;State = Running;
19/10/18;10:01:18.846;INFO;Robot Runtime;executing:    Load;
19/10/18;10:01:28.184;INFO;Controller;Activity ExecRobotTask ended. Return value: Done False/True/False;
19/10/18;10:01:28.184;INFO;Controller;State = Ready;
19/10/18;10:01:28.197;INFO;Server;Command: ExecRobotTask (Mount,500000);
19/10/18;10:01:28.197;INFO;Controller;Executing asynchronous activity: ExecRobotTask;
19/10/18;10:01:28.197;INFO;Controller;Status = Executing: Mount;
19/10/18;10:01:28.197;INFO;Controller;State = Running;
19/10/18;10:01:29.125;INFO;Robot Runtime;executing:    Mount;
19/10/18;10:01:37.402;INFO;Controller;Activity ExecRobotTask ended. Return value: Done True/False/False;
19/10/18;10:01:37.402;INFO;Controller;State = Ready;
19/10/18;10:01:37.419;INFO;Server;Command: ExecRobotTask (Park,500000);
19/10/18;10:01:37.419;INFO;Controller;Executing asynchronous activity: ExecRobotTask;
19/10/18;10:01:37.419;INFO;Controller;Status = Executing: Park;
19/10/18;10:01:37.419;INFO;Controller;State = Running;
19/10/18;10:01:38.262;INFO;Robot Runtime;executing:    Park;
19/10/18;10:01:41.468;INFO;Controller;Activity ExecRobotTask ended. Return value: Done;
19/10/18;10:01:41.468;INFO;Controller;State = Ready;
19/10/18;10:01:41.477;INFO;Server;Command: ExecRobotTask (UnlatchRobGov,500000);
19/10/18;10:01:41.477;INFO;Controller;Executing asynchronous activity: ExecRobotTask;
19/10/18;10:01:41.477;INFO;Controller;Status = Executing: UnlatchRobGov;
19/10/18;10:01:41.477;INFO;Controller;State = Running;
19/10/18;10:01:42.856;INFO;Robot Runtime;executing:    UnlatchRobGov;
19/10/18;10:01:43.381;INFO;Controller;Activity ExecRobotTask ended. Return value: Done;
19/10/18;10:01:43.381;INFO;Controller;State = Ready;
19/10/18;10:05:59.013;INFO;Server;Command: ExecRobotTask (Unmount,500000);
19/10/18;10:05:59.014;INFO;Controller;Executing asynchronous activity: ExecRobotTask;
19/10/18;10:05:59.014;INFO;Controller;Status = Executing: Unmount;
19/10/18;10:05:59.014;INFO;Controller;State = Running;
19/10/18;10:05:59.954;INFO;Robot Runtime;executing:    Unmount;
19/10/18;10:06:09.006;INFO;Controller;Activity ExecRobotTask ended. Return value: Done False/True/False;
19/10/18;10:06:09.006;INFO;Controller;State = Ready;
19/10/18;10:06:09.016;INFO;Server;Command: ExecRobotTask (Unload,500000);
19/10/18;10:06:09.016;INFO;Controller;Executing asynchronous activity: ExecRobotTask;
19/10/18;10:06:09.016;INFO;Controller;Status = Executing: Unload;
19/10/18;10:06:09.016;INFO;Controller;State = Running;
19/10/18;10:06:09.866;INFO;Robot Runtime;executing:    Unload;
19/10/18;10:06:14.318;INFO;Controller;Activity ExecRobotTask ended. Return value: Done False/False/False;
19/10/18;10:06:14.319;INFO;Controller;State = Ready;
19/10/18;10:06:14.745;INFO;Server;Command: ExecRobotTask (Load,500000);
19/10/18;10:06:14.746;INFO;Controller;Executing asynchronous activity: ExecRobotTask;
19/10/18;10:06:14.746;INFO;Controller;Status = Executing: Load;
19/10/18;10:06:14.746;INFO;Controller;State = Running;
19/10/18;10:06:16.124;INFO;Robot Runtime;executing:    Load;
19/10/18;10:06:23.018;INFO;Controller;Activity ExecRobotTask ended. Return value: Done False/True/False;
19/10/18;10:06:23.018;INFO;Controller;State = Ready;
19/10/18;10:06:23.034;INFO;Server;Command: ExecRobotTask (Mount,500000);
19/10/18;10:06:23.035;INFO;Controller;Executing asynchronous activity: ExecRobotTask;
19/10/18;10:06:23.035;INFO;Controller;Status = Executing: Mount;
19/10/18;10:06:23.035;INFO;Controller;State = Running;
19/10/18;10:06:23.968;INFO;Robot Runtime;executing:    Mount;
19/10/18;10:06:31.655;INFO;Controller;Activity ExecRobotTask ended. Return value: Done True/False/False;
19/10/18;10:06:31.655;INFO;Controller;State = Ready;
19/10/18;10:06:31.669;INFO;Server;Command: ExecRobotTask (Park,500000);
19/10/18;10:06:31.670;INFO;Controller;Executing asynchronous activity: ExecRobotTask;
19/10/18;10:06:31.670;INFO;Controller;Status = Executing: Park;
19/10/18;10:06:31.670;INFO;Controller;State = Running;
19/10/18;10:06:32.517;INFO;Robot Runtime;executing:    Park;
19/10/18;10:06:36.056;INFO;Controller;Activity ExecRobotTask ended. Return value: Done;
19/10/18;10:06:36.056;INFO;Controller;State = Ready;
19/10/18;10:06:36.075;INFO;Server;Command: ExecRobotTask (UnlatchRobGov,500000);
19/10/18;10:06:36.076;INFO;Controller;Executing asynchronous activity: ExecRobotTask;
19/10/18;10:06:36.076;INFO;Controller;Status = Executing: UnlatchRobGov;
19/10/18;10:06:36.076;INFO;Controller;State = Running;
19/10/18;10:06:37.460;INFO;Robot Runtime;executing:    UnlatchRobGov;
19/10/18;10:06:37.801;INFO;Controller;Activity ExecRobotTask ended. Return value: Done;
19/10/18;10:06:37.801;INFO;Controller;State = Ready;
19/10/18;10:10:19.406;INFO;Server;Command: ExecRobotTask (Unmount,500000);
19/10/18;10:10:19.406;INFO;Controller;Executing asynchronous activity: ExecRobotTask;
19/10/18;10:10:19.406;INFO;Controller;Status = Executing: Unmount;
19/10/18;10:10:19.406;INFO;Controller;State = Running;
19/10/18;10:10:20.344;INFO;Robot Runtime;executing:    Unmount;
19/10/18;10:10:30.484;INFO;Controller;Activity ExecRobotTask ended. Return value: Done False/True/False;
19/10/18;10:10:30.484;INFO;Controller;State = Ready;
19/10/18;10:10:30.498;INFO;Server;Command: ExecRobotTask (Unload,500000);
19/10/18;10:10:30.498;INFO;Controller;Executing asynchronous activity: ExecRobotTask;
19/10/18;10:10:30.498;INFO;Controller;Status = Executing: Unload;
19/10/18;10:10:30.498;INFO;Controller;State = Running;
19/10/18;10:10:31.343;INFO;Robot Runtime;executing:    Unload;
19/10/18;10:10:36.171;INFO;Controller;Activity ExecRobotTask ended. Return value: Done False/False/False;
19/10/18;10:10:36.171;INFO;Controller;State = Ready;
19/10/18;10:10:36.580;INFO;Server;Command: ExecRobotTask (Load,500000);
19/10/18;10:10:36.580;INFO;Controller;Executing asynchronous activity: ExecRobotTask;
19/10/18;10:10:36.580;INFO;Controller;Status = Executing: Load;
19/10/18;10:10:36.580;INFO;Controller;State = Running;
19/10/18;10:10:37.947;INFO;Robot Runtime;executing:    Load;
19/10/18;10:10:44.962;INFO;Controller;Activity ExecRobotTask ended. Return value: Done False/True/False;
19/10/18;10:10:44.963;INFO;Controller;State = Ready;
19/10/18;10:10:44.981;INFO;Server;Command: ExecRobotTask (Mount,500000);
19/10/18;10:10:44.981;INFO;Controller;Executing asynchronous activity: ExecRobotTask;
19/10/18;10:10:44.981;INFO;Controller;Status = Executing: Mount;
19/10/18;10:10:44.981;INFO;Controller;State = Running;
19/10/18;10:10:45.909;INFO;Robot Runtime;executing:    Mount;
19/10/18;10:10:52.619;INFO;Controller;Activity ExecRobotTask ended. Return value: Done True/False/False;
19/10/18;10:10:52.619;INFO;Controller;State = Ready;
19/10/18;10:10:52.633;INFO;Server;Command: ExecRobotTask (Park,500000);
19/10/18;10:10:52.633;INFO;Controller;Executing asynchronous activity: ExecRobotTask;
19/10/18;10:10:52.633;INFO;Controller;Status = Executing: Park;
19/10/18;10:10:52.633;INFO;Controller;State = Running;
19/10/18;10:10:53.477;INFO;Robot Runtime;executing:    Park;
19/10/18;10:10:57.021;INFO;Controller;Activity ExecRobotTask ended. Return value: Done;
19/10/18;10:10:57.021;INFO;Controller;State = Ready;
19/10/18;10:10:57.040;INFO;Server;Command: ExecRobotTask (UnlatchRobGov,500000);
19/10/18;10:10:57.041;INFO;Controller;Executing asynchronous activity: ExecRobotTask;
19/10/18;10:10:57.041;INFO;Controller;Status = Executing: UnlatchRobGov;
19/10/18;10:10:57.041;INFO;Controller;State = Running;
19/10/18;10:10:58.420;INFO;Robot Runtime;executing:    UnlatchRobGov;
19/10/18;10:10:58.770;INFO;Controller;Activity ExecRobotTask ended. Return value: Done;
19/10/18;10:10:58.770;INFO;Controller;State = Ready;
19/10/18;10:14:36.197;INFO;Server;Command: ExecRobotTask (Unmount,500000);
19/10/18;10:14:36.198;INFO;Controller;Executing asynchronous activity: ExecRobotTask;
19/10/18;10:14:36.198;INFO;Controller;Status = Executing: Unmount;
19/10/18;10:14:36.198;INFO;Controller;State = Running;
19/10/18;10:14:37.135;INFO;Robot Runtime;executing:    Unmount;
19/10/18;10:14:48.703;INFO;Controller;Activity ExecRobotTask ended. Return value: Done False/True/False;
19/10/18;10:14:48.703;INFO;Controller;State = Ready;
19/10/18;10:14:48.719;INFO;Server;Command: ExecRobotTask (Unload,500000);
19/10/18;10:14:48.720;INFO;Controller;Executing asynchronous activity: ExecRobotTask;
19/10/18;10:14:48.720;INFO;Controller;Status = Executing: Unload;
19/10/18;10:14:48.720;INFO;Controller;State = Running;
19/10/18;10:14:49.569;INFO;Robot Runtime;executing:    Unload;
19/10/18;10:14:54.240;INFO;Controller;Activity ExecRobotTask ended. Return value: Done False/False/False;
19/10/18;10:14:54.240;INFO;Controller;State = Ready;
19/10/18;10:14:54.658;INFO;Server;Command: ExecRobotTask (Load,500000);
19/10/18;10:14:54.658;INFO;Controller;Executing asynchronous activity: ExecRobotTask;
19/10/18;10:14:54.658;INFO;Controller;Status = Executing: Load;
19/10/18;10:14:54.658;INFO;Controller;State = Running;
19/10/18;10:14:56.032;INFO;Robot Runtime;executing:    Load;
19/10/18;10:15:03.037;INFO;Controller;Activity ExecRobotTask ended. Return value: Done False/True/False;
19/10/18;10:15:03.037;INFO;Controller;State = Ready;
19/10/18;10:15:03.055;INFO;Server;Command: ExecRobotTask (Mount,500000);
19/10/18;10:15:03.055;INFO;Controller;Executing asynchronous activity: ExecRobotTask;
19/10/18;10:15:03.055;INFO;Controller;Status = Executing: Mount;
19/10/18;10:15:03.055;INFO;Controller;State = Running;
19/10/18;10:15:03.984;INFO;Robot Runtime;executing:    Mount;
19/10/18;10:15:11.351;INFO;Controller;Activity ExecRobotTask ended. Return value: Done True/False/False;
19/10/18;10:15:11.351;INFO;Controller;State = Ready;
19/10/18;10:15:11.369;INFO;Server;Command: ExecRobotTask (Park,500000);
19/10/18;10:15:11.369;INFO;Controller;Executing asynchronous activity: ExecRobotTask;
19/10/18;10:15:11.369;INFO;Controller;Status = Executing: Park;
19/10/18;10:15:11.369;INFO;Controller;State = Running;
19/10/18;10:15:12.217;INFO;Robot Runtime;executing:    Park;
19/10/18;10:15:15.830;INFO;Controller;Activity ExecRobotTask ended. Return value: Done;
19/10/18;10:15:15.831;INFO;Controller;State = Ready;
19/10/18;10:15:15.848;INFO;Server;Command: ExecRobotTask (UnlatchRobGov,500000);
19/10/18;10:15:15.848;INFO;Controller;Executing asynchronous activity: ExecRobotTask;
19/10/18;10:15:15.848;INFO;Controller;Status = Executing: UnlatchRobGov;
19/10/18;10:15:15.848;INFO;Controller;State = Running;
19/10/18;10:15:17.225;INFO;Robot Runtime;executing:    UnlatchRobGov;
19/10/18;10:15:17.583;INFO;Controller;Activity ExecRobotTask ended. Return value: Done;
19/10/18;10:15:17.583;INFO;Controller;State = Ready;
19/10/18;10:21:38.683;INFO;Server;Command: ExecRobotTask (Unmount,500000);
19/10/18;10:21:38.683;INFO;Controller;Executing asynchronous activity: ExecRobotTask;
19/10/18;10:21:38.684;INFO;Controller;Status = Executing: Unmount;
19/10/18;10:21:38.684;INFO;Controller;State = Running;
19/10/18;10:21:39.616;INFO;Robot Runtime;executing:    Unmount;
19/10/18;10:21:50.074;INFO;Controller;Activity ExecRobotTask ended. Return value: Done False/True/False;
19/10/18;10:21:50.075;INFO;Controller;State = Ready;
19/10/18;10:21:50.099;INFO;Server;Command: ExecRobotTask (Unload,500000);
19/10/18;10:21:50.099;INFO;Controller;Executing asynchronous activity: ExecRobotTask;
19/10/18;10:21:50.099;INFO;Controller;Status = Executing: Unload;
19/10/18;10:21:50.099;INFO;Controller;State = Running;
19/10/18;10:21:50.946;INFO;Robot Runtime;executing:    Unload;
19/10/18;10:21:55.613;INFO;Controller;Activity ExecRobotTask ended. Return value: Done False/False/False;
19/10/18;10:21:55.613;INFO;Controller;State = Ready;
19/10/18;10:21:56.028;INFO;Server;Command: ExecRobotTask (Load,500000);
19/10/18;10:21:56.028;INFO;Controller;Executing asynchronous activity: ExecRobotTask;
19/10/18;10:21:56.028;INFO;Controller;Status = Executing: Load;
19/10/18;10:21:56.028;INFO;Controller;State = Running;
19/10/18;10:21:57.399;INFO;Robot Runtime;executing:    Load;
19/10/18;10:22:04.009;INFO;Controller;Activity ExecRobotTask ended. Return value: Done False/True/False;
19/10/18;10:22:04.009;INFO;Controller;State = Ready;
19/10/18;10:22:04.029;INFO;Server;Command: ExecRobotTask (Mount,500000);
19/10/18;10:22:04.029;INFO;Controller;Executing asynchronous activity: ExecRobotTask;
19/10/18;10:22:04.029;INFO;Controller;Status = Executing: Mount;
19/10/18;10:22:04.029;INFO;Controller;State = Running;
19/10/18;10:22:04.958;INFO;Robot Runtime;executing:    Mount;
19/10/18;10:22:12.710;INFO;Controller;Activity ExecRobotTask ended. Return value: Done True/False/False;
19/10/18;10:22:12.710;INFO;Controller;State = Ready;
19/10/18;10:22:12.731;INFO;Server;Command: ExecRobotTask (Park,500000);
19/10/18;10:22:12.731;INFO;Controller;Executing asynchronous activity: ExecRobotTask;
19/10/18;10:22:12.731;INFO;Controller;Status = Executing: Park;
19/10/18;10:22:12.731;INFO;Controller;State = Running;
19/10/18;10:22:13.579;INFO;Robot Runtime;executing:    Park;
19/10/18;10:22:17.188;INFO;Controller;Activity ExecRobotTask ended. Return value: Done;
19/10/18;10:22:17.189;INFO;Controller;State = Ready;
19/10/18;10:22:17.204;INFO;Server;Command: ExecRobotTask (UnlatchRobGov,500000);
19/10/18;10:22:17.204;INFO;Controller;Executing asynchronous activity: ExecRobotTask;
19/10/18;10:22:17.204;INFO;Controller;Status = Executing: UnlatchRobGov;
19/10/18;10:22:17.204;INFO;Controller;State = Running;
19/10/18;10:22:18.579;INFO;Robot Runtime;executing:    UnlatchRobGov;
19/10/18;10:22:18.934;INFO;Controller;Activity ExecRobotTask ended. Return value: Done;
19/10/18;10:22:18.934;INFO;Controller;State = Ready;
19/10/18;10:34:08.092;INFO;Server;Command: ExecRobotTask (Unmount,500000);
19/10/18;10:34:08.093;INFO;Controller;Executing asynchronous activity: ExecRobotTask;
19/10/18;10:34:08.093;INFO;Controller;Status = Executing: Unmount;
19/10/18;10:34:08.093;INFO;Controller;State = Running;
19/10/18;10:34:09.055;INFO;Robot Runtime;executing:    Unmount;
19/10/18;10:34:18.323;INFO;Controller;Activity ExecRobotTask ended. Return value: Done False/True/False;
19/10/18;10:34:18.323;INFO;Controller;State = Ready;
19/10/18;10:34:18.342;INFO;Server;Command: ExecRobotTask (Unload,500000);
19/10/18;10:34:18.342;INFO;Controller;Executing asynchronous activity: ExecRobotTask;
19/10/18;10:34:18.343;INFO;Controller;Status = Executing: Unload;
19/10/18;10:34:18.343;INFO;Controller;State = Running;
19/10/18;10:34:19.190;INFO;Robot Runtime;executing:    Unload;
19/10/18;10:34:23.853;INFO;Controller;Activity ExecRobotTask ended. Return value: Done False/False/False;
19/10/18;10:34:23.854;INFO;Controller;State = Ready;
19/10/18;10:34:24.272;INFO;Server;Command: ExecRobotTask (Load,500000);
19/10/18;10:34:24.272;INFO;Controller;Executing asynchronous activity: ExecRobotTask;
19/10/18;10:34:24.272;INFO;Controller;Status = Executing: Load;
19/10/18;10:34:24.272;INFO;Controller;State = Running;
19/10/18;10:34:25.623;INFO;Robot Runtime;executing:    Load;
19/10/18;10:34:32.646;INFO;Controller;Activity ExecRobotTask ended. Return value: Done False/True/False;
19/10/18;10:34:32.647;INFO;Controller;State = Ready;
19/10/18;10:34:32.670;INFO;Server;Command: ExecRobotTask (Mount,500000);
19/10/18;10:34:32.670;INFO;Controller;Executing asynchronous activity: ExecRobotTask;
19/10/18;10:34:32.671;INFO;Controller;Status = Executing: Mount;
19/10/18;10:34:32.671;INFO;Controller;State = Running;
19/10/18;10:34:33.619;INFO;Robot Runtime;executing:    Mount;
19/10/18;10:34:40.976;INFO;Controller;Activity ExecRobotTask ended. Return value: Done True/False/False;
19/10/18;10:34:40.976;INFO;Controller;State = Ready;
19/10/18;10:34:40.995;INFO;Server;Command: ExecRobotTask (Park,500000);
19/10/18;10:34:40.995;INFO;Controller;Executing asynchronous activity: ExecRobotTask;
19/10/18;10:34:40.995;INFO;Controller;Status = Executing: Park;
19/10/18;10:34:40.995;INFO;Controller;State = Running;
19/10/18;10:34:41.842;INFO;Robot Runtime;executing:    Park;
19/10/18;10:34:45.457;INFO;Controller;Activity ExecRobotTask ended. Return value: Done;
19/10/18;10:34:45.457;INFO;Controller;State = Ready;
19/10/18;10:34:45.482;INFO;Server;Command: ExecRobotTask (UnlatchRobGov,500000);
19/10/18;10:34:45.483;INFO;Controller;Executing asynchronous activity: ExecRobotTask;
19/10/18;10:34:45.483;INFO;Controller;Status = Executing: UnlatchRobGov;
19/10/18;10:34:45.483;INFO;Controller;State = Running;
19/10/18;10:34:46.846;INFO;Robot Runtime;executing:    UnlatchRobGov;
19/10/18;10:34:47.202;INFO;Controller;Activity ExecRobotTask ended. Return value: Done;
19/10/18;10:34:47.202;INFO;Controller;State = Ready;
19/10/18;10:42:44.059;INFO;Server;Command: ExecRobotTask (Unmount,500000);
19/10/18;10:42:44.060;INFO;Controller;Executing asynchronous activity: ExecRobotTask;
19/10/18;10:42:44.060;INFO;Controller;Status = Executing: Unmount;
19/10/18;10:42:44.060;INFO;Controller;State = Running;
19/10/18;10:42:45.020;INFO;Robot Runtime;executing:    Unmount;
19/10/18;10:42:54.257;INFO;Controller;Activity ExecRobotTask ended. Return value: Done False/True/False;
19/10/18;10:42:54.257;INFO;Controller;State = Ready;
19/10/18;10:42:54.276;INFO;Server;Command: ExecRobotTask (Unload,500000);
19/10/18;10:42:54.276;INFO;Controller;Executing asynchronous activity: ExecRobotTask;
19/10/18;10:42:54.276;INFO;Controller;Status = Executing: Unload;
19/10/18;10:42:54.276;INFO;Controller;State = Running;
19/10/18;10:42:55.126;INFO;Robot Runtime;executing:    Unload;
19/10/18;10:42:59.822;INFO;Controller;Activity ExecRobotTask ended. Return value: Done False/False/False;
19/10/18;10:42:59.822;INFO;Controller;State = Ready;
19/10/18;10:43:00.262;INFO;Server;Command: ExecRobotTask (Load,500000);
19/10/18;10:43:00.263;INFO;Controller;Executing asynchronous activity: ExecRobotTask;
19/10/18;10:43:00.263;INFO;Controller;Status = Executing: Load;
19/10/18;10:43:00.263;INFO;Controller;State = Running;
19/10/18;10:43:01.612;INFO;Robot Runtime;executing:    Load;
19/10/18;10:43:08.609;INFO;Controller;Activity ExecRobotTask ended. Return value: Done False/True/False;
19/10/18;10:43:08.609;INFO;Controller;State = Ready;
19/10/18;10:43:08.634;INFO;Server;Command: ExecRobotTask (Mount,500000);
19/10/18;10:43:08.635;INFO;Controller;Executing asynchronous activity: ExecRobotTask;
19/10/18;10:43:08.635;INFO;Controller;Status = Executing: Mount;
19/10/18;10:43:08.635;INFO;Controller;State = Running;
19/10/18;10:43:09.586;INFO;Robot Runtime;executing:    Mount;
19/10/18;10:43:16.921;INFO;Controller;Activity ExecRobotTask ended. Return value: Done True/False/False;
19/10/18;10:43:16.921;INFO;Controller;State = Ready;
19/10/18;10:43:16.944;INFO;Server;Command: ExecRobotTask (Park,500000);
19/10/18;10:43:16.944;INFO;Controller;Executing asynchronous activity: ExecRobotTask;
19/10/18;10:43:16.944;INFO;Controller;Status = Executing: Park;
19/10/18;10:43:16.945;INFO;Controller;State = Running;
19/10/18;10:43:17.788;INFO;Robot Runtime;executing:    Park;
19/10/18;10:43:21.161;INFO;Controller;Activity ExecRobotTask ended. Return value: Done;
19/10/18;10:43:21.161;INFO;Controller;State = Ready;
19/10/18;10:43:21.186;INFO;Server;Command: ExecRobotTask (UnlatchRobGov,500000);
19/10/18;10:43:21.186;INFO;Controller;Executing asynchronous activity: ExecRobotTask;
19/10/18;10:43:21.186;INFO;Controller;Status = Executing: UnlatchRobGov;
19/10/18;10:43:21.186;INFO;Controller;State = Running;
19/10/18;10:43:22.540;INFO;Robot Runtime;executing:    UnlatchRobGov;
19/10/18;10:43:22.906;INFO;Controller;Activity ExecRobotTask ended. Return value: Done;
19/10/18;10:43:22.906;INFO;Controller;State = Ready;
19/10/18;10:47:30.784;INFO;Server;Command: ExecRobotTask (Unmount,500000);
19/10/18;10:47:30.784;INFO;Controller;Executing asynchronous activity: ExecRobotTask;
19/10/18;10:47:30.784;INFO;Controller;Status = Executing: Unmount;
19/10/18;10:47:30.784;INFO;Controller;State = Running;
19/10/18;10:47:31.746;INFO;Robot Runtime;executing:    Unmount;
19/10/18;10:47:43.406;INFO;Controller;Activity ExecRobotTask ended. Return value: Done False/True/False;
19/10/18;10:47:43.407;INFO;Controller;State = Ready;
19/10/18;10:47:43.429;INFO;Server;Command: ExecRobotTask (Unload,500000);
19/10/18;10:47:43.429;INFO;Controller;Executing asynchronous activity: ExecRobotTask;
19/10/18;10:47:43.429;INFO;Controller;Status = Executing: Unload;
19/10/18;10:47:43.430;INFO;Controller;State = Running;
19/10/18;10:47:44.277;INFO;Robot Runtime;executing:    Unload;
19/10/18;10:47:48.935;INFO;Controller;Activity ExecRobotTask ended. Return value: Done False/False/False;
19/10/18;10:47:48.935;INFO;Controller;State = Ready;
19/10/18;10:47:49.399;INFO;Server;Command: ExecRobotTask (Load,500000);
19/10/18;10:47:49.399;INFO;Controller;Executing asynchronous activity: ExecRobotTask;
19/10/18;10:47:49.399;INFO;Controller;Status = Executing: Load;
19/10/18;10:47:49.399;INFO;Controller;State = Running;
19/10/18;10:47:50.743;INFO;Robot Runtime;executing:    Load;
19/10/18;10:47:57.741;INFO;Controller;Activity ExecRobotTask ended. Return value: Done False/True/False;
19/10/18;10:47:57.741;INFO;Controller;State = Ready;
19/10/18;10:47:57.761;INFO;Server;Command: ExecRobotTask (Mount,500000);
19/10/18;10:47:57.761;INFO;Controller;Executing asynchronous activity: ExecRobotTask;
19/10/18;10:47:57.762;INFO;Controller;Status = Executing: Mount;
19/10/18;10:47:57.762;INFO;Controller;State = Running;
19/10/18;10:47:58.715;INFO;Robot Runtime;executing:    Mount;
19/10/18;10:48:07.038;INFO;Controller;Activity ExecRobotTask ended. Return value: Done True/False/False;
19/10/18;10:48:07.038;INFO;Controller;State = Ready;
19/10/18;10:48:07.063;INFO;Server;Command: ExecRobotTask (Park,500000);
19/10/18;10:48:07.063;INFO;Controller;Executing asynchronous activity: ExecRobotTask;
19/10/18;10:48:07.063;INFO;Controller;Status = Executing: Park;
19/10/18;10:48:07.063;INFO;Controller;State = Running;
19/10/18;10:48:07.910;INFO;Robot Runtime;executing:    Park;
19/10/18;10:48:11.527;INFO;Controller;Activity ExecRobotTask ended. Return value: Done;
19/10/18;10:48:11.527;INFO;Controller;State = Ready;
19/10/18;10:48:11.552;INFO;Server;Command: ExecRobotTask (UnlatchRobGov,500000);
19/10/18;10:48:11.552;INFO;Controller;Executing asynchronous activity: ExecRobotTask;
19/10/18;10:48:11.552;INFO;Controller;Status = Executing: UnlatchRobGov;
19/10/18;10:48:11.552;INFO;Controller;State = Running;
19/10/18;10:48:12.912;INFO;Robot Runtime;executing:    UnlatchRobGov;
19/10/18;10:48:13.272;INFO;Controller;Activity ExecRobotTask ended. Return value: Done;
19/10/18;10:48:13.272;INFO;Controller;State = Ready;
19/10/18;10:51:33.355;INFO;Server;Command: ExecRobotTask (Unmount,500000);
19/10/18;10:51:33.356;INFO;Controller;Executing asynchronous activity: ExecRobotTask;
19/10/18;10:51:33.356;INFO;Controller;Status = Executing: Unmount;
19/10/18;10:51:33.356;INFO;Controller;State = Running;
19/10/18;10:51:34.309;INFO;Robot Runtime;executing:    Unmount;
19/10/18;10:51:44.679;INFO;Controller;Activity ExecRobotTask ended. Return value: Done False/True/False;
19/10/18;10:51:44.679;INFO;Controller;State = Ready;
19/10/18;10:51:44.703;INFO;Server;Command: ExecRobotTask (Unload,500000);
19/10/18;10:51:44.703;INFO;Controller;Executing asynchronous activity: ExecRobotTask;
19/10/18;10:51:44.703;INFO;Controller;Status = Executing: Unload;
19/10/18;10:51:44.703;INFO;Controller;State = Running;
19/10/18;10:51:45.554;INFO;Robot Runtime;executing:    Unload;
19/10/18;10:51:50.208;INFO;Controller;Activity ExecRobotTask ended. Return value: Done False/False/False;
19/10/18;10:51:50.209;INFO;Controller;State = Ready;
19/10/18;10:51:50.653;INFO;Server;Command: ExecRobotTask (Load,500000);
19/10/18;10:51:50.654;INFO;Controller;Executing asynchronous activity: ExecRobotTask;
19/10/18;10:51:50.654;INFO;Controller;Status = Executing: Load;
19/10/18;10:51:50.654;INFO;Controller;State = Running;
19/10/18;10:51:52.005;INFO;Robot Runtime;executing:    Load;
19/10/18;10:51:58.997;INFO;Controller;Activity ExecRobotTask ended. Return value: Done False/True/False;
19/10/18;10:51:58.997;INFO;Controller;State = Ready;
19/10/18;10:51:59.027;INFO;Server;Command: ExecRobotTask (Mount,500000);
19/10/18;10:51:59.027;INFO;Controller;Executing asynchronous activity: ExecRobotTask;
19/10/18;10:51:59.027;INFO;Controller;Status = Executing: Mount;
19/10/18;10:51:59.027;INFO;Controller;State = Running;
19/10/18;10:51:59.986;INFO;Robot Runtime;executing:    Mount;
19/10/18;10:52:07.303;INFO;Controller;Activity ExecRobotTask ended. Return value: Done True/False/False;
19/10/18;10:52:07.303;INFO;Controller;State = Ready;
19/10/18;10:52:07.329;INFO;Server;Command: ExecRobotTask (Park,500000);
19/10/18;10:52:07.330;INFO;Controller;Executing asynchronous activity: ExecRobotTask;
19/10/18;10:52:07.330;INFO;Controller;Status = Executing: Park;
19/10/18;10:52:07.330;INFO;Controller;State = Running;
19/10/18;10:52:08.173;INFO;Robot Runtime;executing:    Park;
19/10/18;10:52:11.795;INFO;Controller;Activity ExecRobotTask ended. Return value: Done;
19/10/18;10:52:11.795;INFO;Controller;State = Ready;
19/10/18;10:52:11.817;INFO;Server;Command: ExecRobotTask (UnlatchRobGov,500000);
19/10/18;10:52:11.817;INFO;Controller;Executing asynchronous activity: ExecRobotTask;
19/10/18;10:52:11.817;INFO;Controller;Status = Executing: UnlatchRobGov;
19/10/18;10:52:11.817;INFO;Controller;State = Running;
19/10/18;10:52:13.173;INFO;Robot Runtime;executing:    UnlatchRobGov;
19/10/18;10:52:13.532;INFO;Controller;Activity ExecRobotTask ended. Return value: Done;
19/10/18;10:52:13.532;INFO;Controller;State = Ready;
19/10/18;10:58:22.090;INFO;Server;Command: ExecRobotTask (Unmount,500000);
19/10/18;10:58:22.090;INFO;Controller;Executing asynchronous activity: ExecRobotTask;
19/10/18;10:58:22.090;INFO;Controller;Status = Executing: Unmount;
19/10/18;10:58:22.090;INFO;Controller;State = Running;
19/10/18;10:58:23.042;INFO;Robot Runtime;executing:    Unmount;
19/10/18;10:58:33.477;INFO;Controller;Activity ExecRobotTask ended. Return value: Done False/True/False;
19/10/18;10:58:33.477;INFO;Controller;State = Ready;
19/10/18;10:58:33.507;INFO;Server;Command: ExecRobotTask (Unload,500000);
19/10/18;10:58:33.507;INFO;Controller;Executing asynchronous activity: ExecRobotTask;
19/10/18;10:58:33.508;INFO;Controller;Status = Executing: Unload;
19/10/18;10:58:33.508;INFO;Controller;State = Running;
19/10/18;10:58:34.353;INFO;Robot Runtime;executing:    Unload;
19/10/18;10:58:38.853;INFO;Controller;Activity ExecRobotTask ended. Return value: Done False/False/False;
19/10/18;10:58:38.853;INFO;Controller;State = Ready;
19/10/18;10:58:39.281;INFO;Server;Command: ExecRobotTask (Load,500000);
19/10/18;10:58:39.281;INFO;Controller;Executing asynchronous activity: ExecRobotTask;
19/10/18;10:58:39.281;INFO;Controller;Status = Executing: Load;
19/10/18;10:58:39.281;INFO;Controller;State = Running;
19/10/18;10:58:40.634;INFO;Robot Runtime;executing:    Load;
19/10/18;10:58:47.533;INFO;Controller;Activity ExecRobotTask ended. Return value: Done False/True/False;
19/10/18;10:58:47.533;INFO;Controller;State = Ready;
19/10/18;10:58:47.566;INFO;Server;Command: ExecRobotTask (Mount,500000);
19/10/18;10:58:47.566;INFO;Controller;Executing asynchronous activity: ExecRobotTask;
19/10/18;10:58:47.566;INFO;Controller;Status = Executing: Mount;
19/10/18;10:58:47.566;INFO;Controller;State = Running;
19/10/18;10:58:48.514;INFO;Robot Runtime;executing:    Mount;
19/10/18;10:58:56.047;INFO;Controller;Activity ExecRobotTask ended. Return value: Done True/False/False;
19/10/18;10:58:56.048;INFO;Controller;State = Ready;
19/10/18;10:58:56.073;INFO;Server;Command: ExecRobotTask (Park,500000);
19/10/18;10:58:56.073;INFO;Controller;Executing asynchronous activity: ExecRobotTask;
19/10/18;10:58:56.073;INFO;Controller;Status = Executing: Park;
19/10/18;10:58:56.073;INFO;Controller;State = Running;
19/10/18;10:58:56.919;INFO;Robot Runtime;executing:    Park;
19/10/18;10:59:00.535;INFO;Controller;Activity ExecRobotTask ended. Return value: Done;
19/10/18;10:59:00.535;INFO;Controller;State = Ready;
19/10/18;10:59:00.563;INFO;Server;Command: ExecRobotTask (UnlatchRobGov,500000);
19/10/18;10:59:00.563;INFO;Controller;Executing asynchronous activity: ExecRobotTask;
19/10/18;10:59:00.563;INFO;Controller;Status = Executing: UnlatchRobGov;
19/10/18;10:59:00.563;INFO;Controller;State = Running;
19/10/18;10:59:01.918;INFO;Robot Runtime;executing:    UnlatchRobGov;
19/10/18;10:59:02.277;INFO;Controller;Activity ExecRobotTask ended. Return value: Done;
19/10/18;10:59:02.277;INFO;Controller;State = Ready;
19/10/18;11:03:52.292;INFO;Server;Command: ExecRobotTask (Unmount,500000);
19/10/18;11:03:52.293;INFO;Controller;Executing asynchronous activity: ExecRobotTask;
19/10/18;11:03:52.293;INFO;Controller;Status = Executing: Unmount;
19/10/18;11:03:52.293;INFO;Controller;State = Running;
19/10/18;11:03:53.250;INFO;Robot Runtime;executing:    Unmount;
19/10/18;11:04:02.498;INFO;Controller;Activity ExecRobotTask ended. Return value: Done False/True/False;
19/10/18;11:04:02.498;INFO;Controller;State = Ready;
19/10/18;11:04:02.527;INFO;Server;Command: ExecRobotTask (Unload,500000);
19/10/18;11:04:02.527;INFO;Controller;Executing asynchronous activity: ExecRobotTask;
19/10/18;11:04:02.527;INFO;Controller;Status = Executing: Unload;
19/10/18;11:04:02.527;INFO;Controller;State = Running;
19/10/18;11:04:03.378;INFO;Robot Runtime;executing:    Unload;
19/10/18;11:04:07.870;INFO;Controller;Activity ExecRobotTask ended. Return value: Done False/False/False;
19/10/18;11:04:07.870;INFO;Controller;State = Ready;
19/10/18;11:04:08.319;INFO;Server;Command: ExecRobotTask (Load,500000);
19/10/18;11:04:08.319;INFO;Controller;Executing asynchronous activity: ExecRobotTask;
19/10/18;11:04:08.319;INFO;Controller;Status = Executing: Load;
19/10/18;11:04:08.319;INFO;Controller;State = Running;
19/10/18;11:04:09.707;INFO;Robot Runtime;executing:    Load;
19/10/18;11:04:16.596;INFO;Controller;Activity ExecRobotTask ended. Return value: Done False/True/False;
19/10/18;11:04:16.597;INFO;Controller;State = Ready;
19/10/18;11:04:16.624;INFO;Server;Command: ExecRobotTask (Mount,500000);
19/10/18;11:04:16.624;INFO;Controller;Executing asynchronous activity: ExecRobotTask;
19/10/18;11:04:16.625;INFO;Controller;Status = Executing: Mount;
19/10/18;11:04:16.625;INFO;Controller;State = Running;
19/10/18;11:04:17.576;INFO;Robot Runtime;executing:    Mount;
19/10/18;11:04:24.673;INFO;Controller;Activity ExecRobotTask ended. Return value: Done True/False/False;
19/10/18;11:04:24.674;INFO;Controller;State = Ready;
19/10/18;11:04:24.706;INFO;Server;Command: ExecRobotTask (Park,500000);
19/10/18;11:04:24.707;INFO;Controller;Executing asynchronous activity: ExecRobotTask;
19/10/18;11:04:24.707;INFO;Controller;Status = Executing: Park;
19/10/18;11:04:24.707;INFO;Controller;State = Running;
19/10/18;11:04:25.557;INFO;Robot Runtime;executing:    Park;
19/10/18;11:04:29.168;INFO;Controller;Activity ExecRobotTask ended. Return value: Done;
19/10/18;11:04:29.168;INFO;Controller;State = Ready;
19/10/18;11:04:29.203;INFO;Server;Command: ExecRobotTask (UnlatchRobGov,500000);
19/10/18;11:04:29.203;INFO;Controller;Executing asynchronous activity: ExecRobotTask;
19/10/18;11:04:29.203;INFO;Controller;Status = Executing: UnlatchRobGov;
19/10/18;11:04:29.203;INFO;Controller;State = Running;
19/10/18;11:04:30.563;INFO;Robot Runtime;executing:    UnlatchRobGov;
19/10/18;11:04:30.915;INFO;Controller;Activity ExecRobotTask ended. Return value: Done;
19/10/18;11:04:30.915;INFO;Controller;State = Ready;
19/10/18;11:12:18.183;INFO;Server;Command: ExecRobotTask (Unmount,500000);
19/10/18;11:12:18.183;INFO;Controller;Executing asynchronous activity: ExecRobotTask;
19/10/18;11:12:18.183;INFO;Controller;Status = Executing: Unmount;
19/10/18;11:12:18.183;INFO;Controller;State = Running;
19/10/18;11:12:19.138;INFO;Robot Runtime;executing:    Unmount;
19/10/18;11:12:29.053;INFO;Controller;Activity ExecRobotTask ended. Return value: Done False/True/False;
19/10/18;11:12:29.053;INFO;Controller;State = Ready;
19/10/18;11:12:29.085;INFO;Server;Command: ExecRobotTask (Unload,500000);
19/10/18;11:12:29.085;INFO;Controller;Executing asynchronous activity: ExecRobotTask;
19/10/18;11:12:29.085;INFO;Controller;Status = Executing: Unload;
19/10/18;11:12:29.085;INFO;Controller;State = Running;
19/10/18;11:12:29.939;INFO;Robot Runtime;executing:    Unload;
19/10/18;11:12:34.447;INFO;Controller;Activity ExecRobotTask ended. Return value: Done False/False/False;
19/10/18;11:12:34.447;INFO;Controller;State = Ready;
19/10/18;11:12:34.879;INFO;Server;Command: ExecRobotTask (Load,500000);
19/10/18;11:12:34.880;INFO;Controller;Executing asynchronous activity: ExecRobotTask;
19/10/18;11:12:34.880;INFO;Controller;Status = Executing: Load;
19/10/18;11:12:34.880;INFO;Controller;State = Running;
19/10/18;11:12:36.235;INFO;Robot Runtime;executing:    Load;
19/10/18;11:12:43.217;INFO;Controller;Activity ExecRobotTask ended. Return value: Done False/True/False;
19/10/18;11:12:43.217;INFO;Controller;State = Ready;
19/10/18;11:12:43.249;INFO;Server;Command: ExecRobotTask (Mount,500000);
19/10/18;11:12:43.249;INFO;Controller;Executing asynchronous activity: ExecRobotTask;
19/10/18;11:12:43.249;INFO;Controller;Status = Executing: Mount;
19/10/18;11:12:43.249;INFO;Controller;State = Running;
19/10/18;11:12:44.204;INFO;Robot Runtime;executing:    Mount;
19/10/18;11:12:52.047;INFO;Controller;Activity ExecRobotTask ended. Return value: Done True/False/False;
19/10/18;11:12:52.047;INFO;Controller;State = Ready;
19/10/18;11:12:52.084;INFO;Server;Command: ExecRobotTask (Park,500000);
19/10/18;11:12:52.084;INFO;Controller;Executing asynchronous activity: ExecRobotTask;
19/10/18;11:12:52.084;INFO;Controller;Status = Executing: Park;
19/10/18;11:12:52.085;INFO;Controller;State = Running;
19/10/18;11:12:52.932;INFO;Robot Runtime;executing:    Park;
19/10/18;11:12:56.534;INFO;Controller;Activity ExecRobotTask ended. Return value: Done;
19/10/18;11:12:56.534;INFO;Controller;State = Ready;
19/10/18;11:12:56.570;INFO;Server;Command: ExecRobotTask (UnlatchRobGov,500000);
19/10/18;11:12:56.570;INFO;Controller;Executing asynchronous activity: ExecRobotTask;
19/10/18;11:12:56.570;INFO;Controller;Status = Executing: UnlatchRobGov;
19/10/18;11:12:56.570;INFO;Controller;State = Running;
19/10/18;11:12:57.924;INFO;Robot Runtime;executing:    UnlatchRobGov;
19/10/18;11:12:58.280;INFO;Controller;Activity ExecRobotTask ended. Return value: Done;
19/10/18;11:12:58.280;INFO;Controller;State = Ready;
19/10/18;11:19:37.368;INFO;Server;Command: ExecRobotTask (Unmount,500000);
19/10/18;11:19:37.368;INFO;Controller;Executing asynchronous activity: ExecRobotTask;
19/10/18;11:19:37.368;INFO;Controller;Status = Executing: Unmount;
19/10/18;11:19:37.368;INFO;Controller;State = Running;
19/10/18;11:19:38.325;INFO;Robot Runtime;executing:    Unmount;
19/10/18;11:19:48.763;INFO;Controller;Activity ExecRobotTask ended. Return value: Done False/True/False;
19/10/18;11:19:48.764;INFO;Controller;State = Ready;
19/10/18;11:19:48.795;INFO;Server;Command: ExecRobotTask (Unload,500000);
19/10/18;11:19:48.795;INFO;Controller;Executing asynchronous activity: ExecRobotTask;
19/10/18;11:19:48.795;INFO;Controller;Status = Executing: Unload;
19/10/18;11:19:48.795;INFO;Controller;State = Running;
19/10/18;11:19:49.644;INFO;Robot Runtime;executing:    Unload;
19/10/18;11:19:54.561;INFO;Controller;Activity ExecRobotTask ended. Return value: Done False/False/False;
19/10/18;11:19:54.561;INFO;Controller;State = Ready;
19/10/18;11:19:55.013;INFO;Server;Command: ExecRobotTask (Load,500000);
19/10/18;11:19:55.013;INFO;Controller;Executing asynchronous activity: ExecRobotTask;
19/10/18;11:19:55.013;INFO;Controller;Status = Executing: Load;
19/10/18;11:19:55.013;INFO;Controller;State = Running;
19/10/18;11:19:56.368;INFO;Robot Runtime;executing:    Load;
19/10/18;11:20:03.367;INFO;Controller;Activity ExecRobotTask ended. Return value: Done False/True/False;
19/10/18;11:20:03.367;INFO;Controller;State = Ready;
19/10/18;11:20:03.398;INFO;Server;Command: ExecRobotTask (Mount,500000);
19/10/18;11:20:03.398;INFO;Controller;Executing asynchronous activity: ExecRobotTask;
19/10/18;11:20:03.399;INFO;Controller;Status = Executing: Mount;
19/10/18;11:20:03.399;INFO;Controller;State = Running;
19/10/18;11:20:04.357;INFO;Robot Runtime;executing:    Mount;
19/10/18;11:20:12.425;INFO;Controller;Activity ExecRobotTask ended. Return value: Done True/False/False;
19/10/18;11:20:12.425;INFO;Controller;State = Ready;
19/10/18;11:20:12.456;INFO;Server;Command: ExecRobotTask (Park,500000);
19/10/18;11:20:12.456;INFO;Controller;Executing asynchronous activity: ExecRobotTask;
19/10/18;11:20:12.456;INFO;Controller;Status = Executing: Park;
19/10/18;11:20:12.456;INFO;Controller;State = Running;
19/10/18;11:20:13.306;INFO;Robot Runtime;executing:    Park;
19/10/18;11:20:16.918;INFO;Controller;Activity ExecRobotTask ended. Return value: Done;
19/10/18;11:20:16.918;INFO;Controller;State = Ready;
19/10/18;11:20:16.955;INFO;Server;Command: ExecRobotTask (UnlatchRobGov,500000);
19/10/18;11:20:16.955;INFO;Controller;Executing asynchronous activity: ExecRobotTask;
19/10/18;11:20:16.955;INFO;Controller;Status = Executing: UnlatchRobGov;
19/10/18;11:20:16.955;INFO;Controller;State = Running;
19/10/18;11:20:18.322;INFO;Robot Runtime;executing:    UnlatchRobGov;
19/10/18;11:20:18.664;INFO;Controller;Activity ExecRobotTask ended. Return value: Done;
19/10/18;11:20:18.664;INFO;Controller;State = Ready;
19/10/18;11:28:35.235;INFO;Server;Command: ExecRobotTask (Unmount,500000);
19/10/18;11:28:35.235;INFO;Controller;Executing asynchronous activity: ExecRobotTask;
19/10/18;11:28:35.235;INFO;Controller;Status = Executing: Unmount;
19/10/18;11:28:35.235;INFO;Controller;State = Running;
19/10/18;11:28:36.197;INFO;Robot Runtime;executing:    Unmount;
19/10/18;11:28:47.700;INFO;Controller;Activity ExecRobotTask ended. Return value: Done False/True/False;
19/10/18;11:28:47.700;INFO;Controller;State = Ready;
19/10/18;11:28:47.732;INFO;Server;Command: ExecRobotTask (Unload,500000);
19/10/18;11:28:47.733;INFO;Controller;Executing asynchronous activity: ExecRobotTask;
19/10/18;11:28:47.733;INFO;Controller;Status = Executing: Unload;
19/10/18;11:28:47.733;INFO;Controller;State = Running;
19/10/18;11:28:48.583;INFO;Robot Runtime;executing:    Unload;
19/10/18;11:28:53.245;INFO;Controller;Activity ExecRobotTask ended. Return value: Done False/False/False;
19/10/18;11:28:53.245;INFO;Controller;State = Ready;
19/10/18;11:28:53.707;INFO;Server;Command: ExecRobotTask (Load,500000);
19/10/18;11:28:53.707;INFO;Controller;Executing asynchronous activity: ExecRobotTask;
19/10/18;11:28:53.707;INFO;Controller;Status = Executing: Load;
19/10/18;11:28:53.707;INFO;Controller;State = Running;
19/10/18;11:28:55.050;INFO;Robot Runtime;executing:    Load;
19/10/18;11:29:02.072;INFO;Controller;Activity ExecRobotTask ended. Return value: Done False/True/False;
19/10/18;11:29:02.072;INFO;Controller;State = Ready;
19/10/18;11:29:02.111;INFO;Server;Command: ExecRobotTask (Mount,500000);
19/10/18;11:29:02.111;INFO;Controller;Executing asynchronous activity: ExecRobotTask;
19/10/18;11:29:02.111;INFO;Controller;Status = Executing: Mount;
19/10/18;11:29:02.111;INFO;Controller;State = Running;
19/10/18;11:29:03.066;INFO;Robot Runtime;executing:    Mount;
19/10/18;11:29:10.382;INFO;Controller;Activity ExecRobotTask ended. Return value: Done True/False/False;
19/10/18;11:29:10.382;INFO;Controller;State = Ready;
19/10/18;11:29:10.415;INFO;Server;Command: ExecRobotTask (Park,500000);
19/10/18;11:29:10.415;INFO;Controller;Executing asynchronous activity: ExecRobotTask;
19/10/18;11:29:10.415;INFO;Controller;Status = Executing: Park;
19/10/18;11:29:10.416;INFO;Controller;State = Running;
19/10/18;11:29:11.269;INFO;Robot Runtime;executing:    Park;
19/10/18;11:29:14.632;INFO;Controller;Activity ExecRobotTask ended. Return value: Done;
19/10/18;11:29:14.632;INFO;Controller;State = Ready;
19/10/18;11:29:14.672;INFO;Server;Command: ExecRobotTask (UnlatchRobGov,500000);
19/10/18;11:29:14.672;INFO;Controller;Executing asynchronous activity: ExecRobotTask;
19/10/18;11:29:14.672;INFO;Controller;Status = Executing: UnlatchRobGov;
19/10/18;11:29:14.672;INFO;Controller;State = Running;
19/10/18;11:29:16.028;INFO;Robot Runtime;executing:    UnlatchRobGov;
19/10/18;11:29:16.377;INFO;Controller;Activity ExecRobotTask ended. Return value: Done;
19/10/18;11:29:16.377;INFO;Controller;State = Ready;
19/10/18;11:36:42.978;INFO;Server;Command: ExecRobotTask (Unmount,500000);
19/10/18;11:36:42.978;INFO;Controller;Executing asynchronous activity: ExecRobotTask;
19/10/18;11:36:42.978;INFO;Controller;Status = Executing: Unmount;
19/10/18;11:36:42.978;INFO;Controller;State = Running;
19/10/18;11:36:43.893;INFO;Robot Runtime;executing:    Unmount;
19/10/18;11:36:52.842;INFO;Controller;Activity ExecRobotTask ended. Return value: Done False/True/False;
19/10/18;11:36:52.842;INFO;Controller;State = Ready;
19/10/18;11:36:52.879;INFO;Server;Command: ExecRobotTask (Unload,500000);
19/10/18;11:36:52.879;INFO;Controller;Executing asynchronous activity: ExecRobotTask;
19/10/18;11:36:52.879;INFO;Controller;Status = Executing: Unload;
19/10/18;11:36:52.879;INFO;Controller;State = Running;
19/10/18;11:36:53.770;INFO;Robot Runtime;executing:    Unload;
19/10/18;11:36:58.567;INFO;Controller;Activity ExecRobotTask ended. Return value: Done False/False/False;
19/10/18;11:36:58.567;INFO;Controller;State = Ready;
19/10/18;11:36:59.022;INFO;Server;Command: ExecRobotTask (Load,500000);
19/10/18;11:36:59.023;INFO;Controller;Executing asynchronous activity: ExecRobotTask;
19/10/18;11:36:59.023;INFO;Controller;Status = Executing: Load;
19/10/18;11:36:59.023;INFO;Controller;State = Running;
19/10/18;11:37:00.379;INFO;Robot Runtime;executing:    Load;
19/10/18;11:37:07.387;INFO;Controller;Activity ExecRobotTask ended. Return value: Done False/True/False;
19/10/18;11:37:07.387;INFO;Controller;State = Ready;
19/10/18;11:37:07.420;INFO;Server;Command: ExecRobotTask (Mount,500000);
19/10/18;11:37:07.420;INFO;Controller;Executing asynchronous activity: ExecRobotTask;
19/10/18;11:37:07.420;INFO;Controller;Status = Executing: Mount;
19/10/18;11:37:07.420;INFO;Controller;State = Running;
19/10/18;11:37:08.365;INFO;Robot Runtime;executing:    Mount;
19/10/18;11:37:15.988;INFO;Controller;Activity ExecRobotTask ended. Return value: Done True/False/False;
19/10/18;11:37:15.988;INFO;Controller;State = Ready;
19/10/18;11:37:16.026;INFO;Server;Command: ExecRobotTask (Park,500000);
19/10/18;11:37:16.027;INFO;Controller;Executing asynchronous activity: ExecRobotTask;
19/10/18;11:37:16.027;INFO;Controller;Status = Executing: Park;
19/10/18;11:37:16.027;INFO;Controller;State = Running;
19/10/18;11:37:16.876;INFO;Robot Runtime;executing:    Park;
19/10/18;11:37:20.392;INFO;Controller;Activity ExecRobotTask ended. Return value: Done;
19/10/18;11:37:20.392;INFO;Controller;State = Ready;
19/10/18;11:37:20.426;INFO;Server;Command: ExecRobotTask (UnlatchRobGov,500000);
19/10/18;11:37:20.427;INFO;Controller;Executing asynchronous activity: ExecRobotTask;
19/10/18;11:37:20.427;INFO;Controller;Status = Executing: UnlatchRobGov;
19/10/18;11:37:20.427;INFO;Controller;State = Running;
19/10/18;11:37:21.794;INFO;Robot Runtime;executing:    UnlatchRobGov;
19/10/18;11:37:22.136;INFO;Controller;Activity ExecRobotTask ended. Return value: Done;
19/10/18;11:37:22.136;INFO;Controller;State = Ready;
19/10/18;11:45:37.469;INFO;Server;Command: ExecRobotTask (Unmount,500000);
19/10/18;11:45:37.469;INFO;Controller;Executing asynchronous activity: ExecRobotTask;
19/10/18;11:45:37.470;INFO;Controller;Status = Executing: Unmount;
19/10/18;11:45:37.470;INFO;Controller;State = Running;
19/10/18;11:45:38.428;INFO;Robot Runtime;executing:    Unmount;
19/10/18;11:45:47.612;INFO;Controller;Activity ExecRobotTask ended. Return value: Done False/True/False;
19/10/18;11:45:47.612;INFO;Controller;State = Ready;
19/10/18;11:45:47.652;INFO;Server;Command: ExecRobotTask (Unload,500000);
19/10/18;11:45:47.652;INFO;Controller;Executing asynchronous activity: ExecRobotTask;
19/10/18;11:45:47.652;INFO;Controller;Status = Executing: Unload;
19/10/18;11:45:47.652;INFO;Controller;State = Running;
19/10/18;11:45:48.502;INFO;Robot Runtime;executing:    Unload;
19/10/18;11:45:52.964;INFO;Controller;Activity ExecRobotTask ended. Return value: Done False/False/False;
19/10/18;11:45:52.964;INFO;Controller;State = Ready;
19/10/18;11:45:53.402;INFO;Server;Command: ExecRobotTask (Load,500000);
19/10/18;11:45:53.402;INFO;Controller;Executing asynchronous activity: ExecRobotTask;
19/10/18;11:45:53.402;INFO;Controller;Status = Executing: Load;
19/10/18;11:45:53.402;INFO;Controller;State = Running;
19/10/18;11:45:54.767;INFO;Robot Runtime;executing:    Load;
19/10/18;11:46:01.682;INFO;Controller;Activity ExecRobotTask ended. Return value: Done False/True/False;
19/10/18;11:46:01.682;INFO;Controller;State = Ready;
19/10/18;11:46:01.723;INFO;Server;Command: ExecRobotTask (Mount,500000);
19/10/18;11:46:01.723;INFO;Controller;Executing asynchronous activity: ExecRobotTask;
19/10/18;11:46:01.723;INFO;Controller;Status = Executing: Mount;
19/10/18;11:46:01.723;INFO;Controller;State = Running;
19/10/18;11:46:02.674;INFO;Robot Runtime;executing:    Mount;
19/10/18;11:46:09.750;INFO;Controller;Activity ExecRobotTask ended. Return value: Done True/False/False;
19/10/18;11:46:09.750;INFO;Controller;State = Ready;
19/10/18;11:46:09.791;INFO;Server;Command: ExecRobotTask (Park,500000);
19/10/18;11:46:09.791;INFO;Controller;Executing asynchronous activity: ExecRobotTask;
19/10/18;11:46:09.791;INFO;Controller;Status = Executing: Park;
19/10/18;11:46:09.791;INFO;Controller;State = Running;
19/10/18;11:46:10.643;INFO;Robot Runtime;executing:    Park;
19/10/18;11:46:14.235;INFO;Controller;Activity ExecRobotTask ended. Return value: Done;
19/10/18;11:46:14.235;INFO;Controller;State = Ready;
19/10/18;11:46:14.275;INFO;Server;Command: ExecRobotTask (UnlatchRobGov,500000);
19/10/18;11:46:14.275;INFO;Controller;Executing asynchronous activity: ExecRobotTask;
19/10/18;11:46:14.275;INFO;Controller;Status = Executing: UnlatchRobGov;
19/10/18;11:46:14.275;INFO;Controller;State = Running;
19/10/18;11:46:15.640;INFO;Robot Runtime;executing:    UnlatchRobGov;
19/10/18;11:46:15.979;INFO;Controller;Activity ExecRobotTask ended. Return value: Done;
19/10/18;11:46:15.980;INFO;Controller;State = Ready;
19/10/18;11:58:06.587;INFO;Server;Command: ExecRobotTask (Unmount,500000);
19/10/18;11:58:06.588;INFO;Controller;Executing asynchronous activity: ExecRobotTask;
19/10/18;11:58:06.588;INFO;Controller;Status = Executing: Unmount;
19/10/18;11:58:06.588;INFO;Controller;State = Running;
19/10/18;11:58:07.541;INFO;Robot Runtime;executing:    Unmount;
19/10/18;11:58:17.995;INFO;Controller;Activity ExecRobotTask ended. Return value: Done False/True/False;
19/10/18;11:58:17.996;INFO;Controller;State = Ready;
19/10/18;11:58:18.037;INFO;Server;Command: ExecRobotTask (Unload,500000);
19/10/18;11:58:18.038;INFO;Controller;Executing asynchronous activity: ExecRobotTask;
19/10/18;11:58:18.038;INFO;Controller;Status = Executing: Unload;
19/10/18;11:58:18.038;INFO;Controller;State = Running;
19/10/18;11:58:18.888;INFO;Robot Runtime;executing:    Unload;
19/10/18;11:58:23.554;INFO;Controller;Activity ExecRobotTask ended. Return value: Done False/False/False;
19/10/18;11:58:23.554;INFO;Controller;State = Ready;
19/10/18;11:58:24.017;INFO;Server;Command: ExecRobotTask (Load,500000);
19/10/18;11:58:24.017;INFO;Controller;Executing asynchronous activity: ExecRobotTask;
19/10/18;11:58:24.017;INFO;Controller;Status = Executing: Load;
19/10/18;11:58:24.017;INFO;Controller;State = Running;
19/10/18;11:58:25.373;INFO;Robot Runtime;executing:    Load;
19/10/18;11:58:32.375;INFO;Controller;Activity ExecRobotTask ended. Return value: Done False/True/False;
19/10/18;11:58:32.375;INFO;Controller;State = Ready;
19/10/18;11:58:32.416;INFO;Server;Command: ExecRobotTask (Mount,500000);
19/10/18;11:58:32.417;INFO;Controller;Executing asynchronous activity: ExecRobotTask;
19/10/18;11:58:32.417;INFO;Controller;Status = Executing: Mount;
19/10/18;11:58:32.417;INFO;Controller;State = Running;
19/10/18;11:58:33.366;INFO;Robot Runtime;executing:    Mount;
19/10/18;11:58:41.680;INFO;Controller;Activity ExecRobotTask ended. Return value: Done True/False/False;
19/10/18;11:58:41.680;INFO;Controller;State = Ready;
19/10/18;11:58:41.721;INFO;Server;Command: ExecRobotTask (Park,500000);
19/10/18;11:58:41.721;INFO;Controller;Executing asynchronous activity: ExecRobotTask;
19/10/18;11:58:41.721;INFO;Controller;Status = Executing: Park;
19/10/18;11:58:41.721;INFO;Controller;State = Running;
19/10/18;11:58:42.565;INFO;Robot Runtime;executing:    Park;
19/10/18;11:58:46.158;INFO;Controller;Activity ExecRobotTask ended. Return value: Done;
19/10/18;11:58:46.159;INFO;Controller;State = Ready;
19/10/18;11:58:46.198;INFO;Server;Command: ExecRobotTask (UnlatchRobGov,500000);
19/10/18;11:58:46.198;INFO;Controller;Executing asynchronous activity: ExecRobotTask;
19/10/18;11:58:46.198;INFO;Controller;Status = Executing: UnlatchRobGov;
19/10/18;11:58:46.198;INFO;Controller;State = Running;
19/10/18;11:58:47.573;INFO;Robot Runtime;executing:    UnlatchRobGov;
19/10/18;11:58:47.745;INFO;Controller;Activity ExecRobotTask ended. Return value: Done;
19/10/18;11:58:47.745;INFO;Controller;State = Ready;
19/10/18;12:15:49.983;INFO;Server;Command: ExecRobotTask (Unmount,500000);
19/10/18;12:15:49.984;INFO;Controller;Executing asynchronous activity: ExecRobotTask;
19/10/18;12:15:49.984;INFO;Controller;Status = Executing: Unmount;
19/10/18;12:15:49.984;INFO;Controller;State = Running;
19/10/18;12:15:50.915;INFO;Robot Runtime;executing:    Unmount;
19/10/18;12:16:01.342;INFO;Controller;Activity ExecRobotTask ended. Return value: Done False/True/False;
19/10/18;12:16:01.342;INFO;Controller;State = Ready;
19/10/18;12:16:01.382;INFO;Server;Command: ExecRobotTask (Unload,500000);
19/10/18;12:16:01.382;INFO;Controller;Executing asynchronous activity: ExecRobotTask;
19/10/18;12:16:01.382;INFO;Controller;Status = Executing: Unload;
19/10/18;12:16:01.382;INFO;Controller;State = Running;
19/10/18;12:16:02.254;INFO;Robot Runtime;executing:    Unload;
19/10/18;12:16:07.119;INFO;Controller;Activity ExecRobotTask ended. Return value: Done False/False/False;
19/10/18;12:16:07.119;INFO;Controller;State = Ready;
19/10/18;12:16:07.577;INFO;Server;Command: ExecRobotTask (Load,500000);
19/10/18;12:16:07.578;INFO;Controller;Executing asynchronous activity: ExecRobotTask;
19/10/18;12:16:07.578;INFO;Controller;Status = Executing: Load;
19/10/18;12:16:07.578;INFO;Controller;State = Running;
19/10/18;12:16:08.933;INFO;Robot Runtime;executing:    Load;
19/10/18;12:16:15.895;INFO;Controller;Activity ExecRobotTask ended. Return value: Done False/True/False;
19/10/18;12:16:15.895;INFO;Controller;State = Ready;
19/10/18;12:16:15.938;INFO;Server;Command: ExecRobotTask (Mount,500000);
19/10/18;12:16:15.938;INFO;Controller;Executing asynchronous activity: ExecRobotTask;
19/10/18;12:16:15.938;INFO;Controller;Status = Executing: Mount;
19/10/18;12:16:15.938;INFO;Controller;State = Running;
19/10/18;12:16:16.886;INFO;Robot Runtime;executing:    Mount;
19/10/18;12:16:23.944;INFO;Controller;Activity ExecRobotTask ended. Return value: Done True/False/False;
19/10/18;12:16:23.944;INFO;Controller;State = Ready;
19/10/18;12:16:23.984;INFO;Server;Command: ExecRobotTask (Park,500000);
19/10/18;12:16:23.984;INFO;Controller;Executing asynchronous activity: ExecRobotTask;
19/10/18;12:16:23.984;INFO;Controller;Status = Executing: Park;
19/10/18;12:16:23.984;INFO;Controller;State = Running;
19/10/18;12:16:24.825;INFO;Robot Runtime;executing:    Park;
19/10/18;12:16:28.424;INFO;Controller;Activity ExecRobotTask ended. Return value: Done;
19/10/18;12:16:28.424;INFO;Controller;State = Ready;
19/10/18;12:16:28.469;INFO;Server;Command: ExecRobotTask (UnlatchRobGov,500000);
19/10/18;12:16:28.469;INFO;Controller;Executing asynchronous activity: ExecRobotTask;
19/10/18;12:16:28.469;INFO;Controller;Status = Executing: UnlatchRobGov;
19/10/18;12:16:28.469;INFO;Controller;State = Running;
19/10/18;12:16:29.832;INFO;Robot Runtime;executing:    UnlatchRobGov;
19/10/18;12:16:30.169;INFO;Controller;Activity ExecRobotTask ended. Return value: Done;
19/10/18;12:16:30.169;INFO;Controller;State = Ready;
19/10/18;12:21:51.057;INFO;Server;Command: ExecRobotTask (Unmount,500000);
19/10/18;12:21:51.058;INFO;Controller;Executing asynchronous activity: ExecRobotTask;
19/10/18;12:21:51.058;INFO;Controller;Status = Executing: Unmount;
19/10/18;12:21:51.058;INFO;Controller;State = Running;
19/10/18;12:21:52.014;INFO;Robot Runtime;executing:    Unmount;
19/10/18;12:22:02.632;INFO;Controller;Activity ExecRobotTask ended. Return value: Done False/True/False;
19/10/18;12:22:02.632;INFO;Controller;State = Ready;
19/10/18;12:22:02.674;INFO;Server;Command: ExecRobotTask (Unload,500000);
19/10/18;12:22:02.674;INFO;Controller;Executing asynchronous activity: ExecRobotTask;
19/10/18;12:22:02.674;INFO;Controller;Status = Executing: Unload;
19/10/18;12:22:02.674;INFO;Controller;State = Running;
19/10/18;12:22:03.524;INFO;Robot Runtime;executing:    Unload;
19/10/18;12:22:08.149;INFO;Controller;Activity ExecRobotTask ended. Return value: Done False/False/False;
19/10/18;12:22:08.149;INFO;Controller;State = Ready;
19/10/18;12:22:08.612;INFO;Server;Command: ExecRobotTask (Load,500000);
19/10/18;12:22:08.612;INFO;Controller;Executing asynchronous activity: ExecRobotTask;
19/10/18;12:22:08.612;INFO;Controller;Status = Executing: Load;
19/10/18;12:22:08.612;INFO;Controller;State = Running;
19/10/18;12:22:09.966;INFO;Robot Runtime;executing:    Load;
19/10/18;12:22:16.932;INFO;Controller;Activity ExecRobotTask ended. Return value: Done False/True/False;
19/10/18;12:22:16.933;INFO;Controller;State = Ready;
19/10/18;12:22:16.974;INFO;Server;Command: ExecRobotTask (Mount,500000);
19/10/18;12:22:16.974;INFO;Controller;Executing asynchronous activity: ExecRobotTask;
19/10/18;12:22:16.974;INFO;Controller;Status = Executing: Mount;
19/10/18;12:22:16.974;INFO;Controller;State = Running;
19/10/18;12:22:17.926;INFO;Robot Runtime;executing:    Mount;
19/10/18;12:22:26.229;INFO;Controller;Activity ExecRobotTask ended. Return value: Done True/False/False;
19/10/18;12:22:26.229;INFO;Controller;State = Ready;
19/10/18;12:22:26.275;INFO;Server;Command: ExecRobotTask (Park,500000);
19/10/18;12:22:26.275;INFO;Controller;Executing asynchronous activity: ExecRobotTask;
19/10/18;12:22:26.275;INFO;Controller;Status = Executing: Park;
19/10/18;12:22:26.275;INFO;Controller;State = Running;
19/10/18;12:22:27.123;INFO;Robot Runtime;executing:    Park;
19/10/18;12:22:30.711;INFO;Controller;Activity ExecRobotTask ended. Return value: Done;
19/10/18;12:22:30.711;INFO;Controller;State = Ready;
19/10/18;12:22:30.755;INFO;Server;Command: ExecRobotTask (UnlatchRobGov,500000);
19/10/18;12:22:30.755;INFO;Controller;Executing asynchronous activity: ExecRobotTask;
19/10/18;12:22:30.755;INFO;Controller;Status = Executing: UnlatchRobGov;
19/10/18;12:22:30.755;INFO;Controller;State = Running;
19/10/18;12:22:32.116;INFO;Robot Runtime;executing:    UnlatchRobGov;
19/10/18;12:22:32.285;INFO;Controller;Activity ExecRobotTask ended. Return value: Done;
19/10/18;12:22:32.285;INFO;Controller;State = Ready;
19/10/18;12:32:46.744;INFO;Server;Command: ExecRobotTask (Unmount,500000);
19/10/18;12:32:46.744;INFO;Controller;Executing asynchronous activity: ExecRobotTask;
19/10/18;12:32:46.744;INFO;Controller;Status = Executing: Unmount;
19/10/18;12:32:46.744;INFO;Controller;State = Running;
19/10/18;12:32:47.706;INFO;Robot Runtime;executing:    Unmount;
19/10/18;12:32:58.306;INFO;Controller;Activity ExecRobotTask ended. Return value: Done False/True/False;
19/10/18;12:32:58.306;INFO;Controller;State = Ready;
19/10/18;12:32:58.352;INFO;Server;Command: ExecRobotTask (Unload,500000);
19/10/18;12:32:58.353;INFO;Controller;Executing asynchronous activity: ExecRobotTask;
19/10/18;12:32:58.353;INFO;Controller;Status = Executing: Unload;
19/10/18;12:32:58.353;INFO;Controller;State = Running;
19/10/18;12:32:59.222;INFO;Robot Runtime;executing:    Unload;
19/10/18;12:33:04.092;INFO;Controller;Activity ExecRobotTask ended. Return value: Done False/False/False;
19/10/18;12:33:04.092;INFO;Controller;State = Ready;
19/10/18;12:33:04.591;INFO;Server;Command: ExecRobotTask (Load,500000);
19/10/18;12:33:04.591;INFO;Controller;Executing asynchronous activity: ExecRobotTask;
19/10/18;12:33:04.591;INFO;Controller;Status = Executing: Load;
19/10/18;12:33:04.592;INFO;Controller;State = Running;
19/10/18;12:33:05.938;INFO;Robot Runtime;executing:    Load;
19/10/18;12:33:12.884;INFO;Controller;Activity ExecRobotTask ended. Return value: Done False/True/False;
19/10/18;12:33:12.884;INFO;Controller;State = Ready;
19/10/18;12:33:12.933;INFO;Server;Command: ExecRobotTask (Mount,500000);
19/10/18;12:33:12.933;INFO;Controller;Executing asynchronous activity: ExecRobotTask;
19/10/18;12:33:12.933;INFO;Controller;Status = Executing: Mount;
19/10/18;12:33:12.934;INFO;Controller;State = Running;
19/10/18;12:33:13.881;INFO;Robot Runtime;executing:    Mount;
19/10/18;12:33:21.918;INFO;Controller;Activity ExecRobotTask ended. Return value: Done True/False/False;
19/10/18;12:33:21.918;INFO;Controller;State = Ready;
19/10/18;12:33:21.967;INFO;Server;Command: ExecRobotTask (Park,500000);
19/10/18;12:33:21.967;INFO;Controller;Executing asynchronous activity: ExecRobotTask;
19/10/18;12:33:21.967;INFO;Controller;Status = Executing: Park;
19/10/18;12:33:21.967;INFO;Controller;State = Running;
19/10/18;12:33:22.816;INFO;Robot Runtime;executing:    Park;
19/10/18;12:33:26.404;INFO;Controller;Activity ExecRobotTask ended. Return value: Done;
19/10/18;12:33:26.404;INFO;Controller;State = Ready;
19/10/18;12:33:26.448;INFO;Server;Command: ExecRobotTask (UnlatchRobGov,500000);
19/10/18;12:33:26.448;INFO;Controller;Executing asynchronous activity: ExecRobotTask;
19/10/18;12:33:26.448;INFO;Controller;Status = Executing: UnlatchRobGov;
19/10/18;12:33:26.448;INFO;Controller;State = Running;
19/10/18;12:33:27.804;INFO;Robot Runtime;executing:    UnlatchRobGov;
19/10/18;12:33:28.147;INFO;Controller;Activity ExecRobotTask ended. Return value: Done;
19/10/18;12:33:28.147;INFO;Controller;State = Ready;
19/10/18;12:38:35.353;INFO;Server;Command: ExecRobotTask (Unmount,500000);
19/10/18;12:38:35.353;INFO;Controller;Executing asynchronous activity: ExecRobotTask;
19/10/18;12:38:35.353;INFO;Controller;Status = Executing: Unmount;
19/10/18;12:38:35.353;INFO;Controller;State = Running;
19/10/18;12:38:36.312;INFO;Robot Runtime;executing:    Unmount;
19/10/18;12:38:46.858;INFO;Controller;Activity ExecRobotTask ended. Return value: Done False/True/False;
19/10/18;12:38:46.859;INFO;Controller;State = Ready;
19/10/18;12:38:46.907;INFO;Server;Command: ExecRobotTask (Unload,500000);
19/10/18;12:38:46.907;INFO;Controller;Executing asynchronous activity: ExecRobotTask;
19/10/18;12:38:46.908;INFO;Controller;Status = Executing: Unload;
19/10/18;12:38:46.908;INFO;Controller;State = Running;
19/10/18;12:38:47.779;INFO;Robot Runtime;executing:    Unload;
19/10/18;12:38:52.257;INFO;Controller;Activity ExecRobotTask ended. Return value: Done False/False/False;
19/10/18;12:38:52.258;INFO;Controller;State = Ready;
19/10/18;12:38:52.708;INFO;Server;Command: ExecRobotTask (Load,500000);
19/10/18;12:38:52.708;INFO;Controller;Executing asynchronous activity: ExecRobotTask;
19/10/18;12:38:52.709;INFO;Controller;Status = Executing: Load;
19/10/18;12:38:52.709;INFO;Controller;State = Running;
19/10/18;12:38:54.052;INFO;Robot Runtime;executing:    Load;
19/10/18;12:39:01.000;INFO;Controller;Activity ExecRobotTask ended. Return value: Done False/True/False;
19/10/18;12:39:01.001;INFO;Controller;State = Ready;
19/10/18;12:39:01.053;INFO;Server;Command: ExecRobotTask (Mount,500000);
19/10/18;12:39:01.054;INFO;Controller;Executing asynchronous activity: ExecRobotTask;
19/10/18;12:39:01.054;INFO;Controller;Status = Executing: Mount;
19/10/18;12:39:01.054;INFO;Controller;State = Running;
19/10/18;12:39:02.004;INFO;Robot Runtime;executing:    Mount;
19/10/18;12:39:10.042;INFO;Controller;Activity ExecRobotTask ended. Return value: Done True/False/False;
19/10/18;12:39:10.042;INFO;Controller;State = Ready;
19/10/18;12:39:10.094;INFO;Server;Command: ExecRobotTask (Park,500000);
19/10/18;12:39:10.095;INFO;Controller;Executing asynchronous activity: ExecRobotTask;
19/10/18;12:39:10.095;INFO;Controller;Status = Executing: Park;
19/10/18;12:39:10.095;INFO;Controller;State = Running;
19/10/18;12:39:10.944;INFO;Robot Runtime;executing:    Park;
19/10/18;12:39:14.535;INFO;Controller;Activity ExecRobotTask ended. Return value: Done;
19/10/18;12:39:14.535;INFO;Controller;State = Ready;
19/10/18;12:39:14.589;INFO;Server;Command: ExecRobotTask (UnlatchRobGov,500000);
19/10/18;12:39:14.589;INFO;Controller;Executing asynchronous activity: ExecRobotTask;
19/10/18;12:39:14.589;INFO;Controller;Status = Executing: UnlatchRobGov;
19/10/18;12:39:14.589;INFO;Controller;State = Running;
19/10/18;12:39:15.957;INFO;Robot Runtime;executing:    UnlatchRobGov;
19/10/18;12:39:16.119;INFO;Controller;Activity ExecRobotTask ended. Return value: Done;
19/10/18;12:39:16.119;INFO;Controller;State = Ready;
19/10/18;12:43:40.872;INFO;Server;Command: ExecRobotTask (Unmount,500000);
19/10/18;12:43:40.873;INFO;Controller;Executing asynchronous activity: ExecRobotTask;
19/10/18;12:43:40.873;INFO;Controller;Status = Executing: Unmount;
19/10/18;12:43:40.873;INFO;Controller;State = Running;
19/10/18;12:43:41.823;INFO;Robot Runtime;executing:    Unmount;
19/10/18;12:43:53.357;INFO;Controller;Activity ExecRobotTask ended. Return value: Done False/True/False;
19/10/18;12:43:53.358;INFO;Controller;State = Ready;
19/10/18;12:43:53.410;INFO;Server;Command: ExecRobotTask (Unload,500000);
19/10/18;12:43:53.410;INFO;Controller;Executing asynchronous activity: ExecRobotTask;
19/10/18;12:43:53.410;INFO;Controller;Status = Executing: Unload;
19/10/18;12:43:53.410;INFO;Controller;State = Running;
19/10/18;12:43:54.258;INFO;Robot Runtime;executing:    Unload;
19/10/18;12:43:58.892;INFO;Controller;Activity ExecRobotTask ended. Return value: Done False/False/False;
19/10/18;12:43:58.893;INFO;Controller;State = Ready;
19/10/18;12:43:59.394;INFO;Server;Command: ExecRobotTask (Load,500000);
19/10/18;12:43:59.394;INFO;Controller;Executing asynchronous activity: ExecRobotTask;
19/10/18;12:43:59.394;INFO;Controller;Status = Executing: Load;
19/10/18;12:43:59.394;INFO;Controller;State = Running;
19/10/18;12:44:00.738;INFO;Robot Runtime;executing:    Load;
19/10/18;12:44:07.718;INFO;Controller;Activity ExecRobotTask ended. Return value: Done False/True/True;
19/10/18;12:44:07.718;INFO;Controller;State = Ready;
19/10/18;12:44:07.764;INFO;Server;Command: ExecRobotTask (Unload,500000);
19/10/18;12:44:07.764;INFO;Controller;Executing asynchronous activity: ExecRobotTask;
19/10/18;12:44:07.764;INFO;Controller;Status = Executing: Unload;
19/10/18;12:44:07.765;INFO;Controller;State = Running;
19/10/18;12:44:08.697;INFO;Robot Runtime;executing:    Unload;
19/10/18;12:44:13.506;INFO;Controller;Activity ExecRobotTask ended. Return value: Done False/False/False;
19/10/18;12:44:13.506;INFO;Controller;State = Ready;
19/10/18;12:44:13.555;INFO;Server;Command: ExecRobotTask (Park,500000);
19/10/18;12:44:13.556;INFO;Controller;Executing asynchronous activity: ExecRobotTask;
19/10/18;12:44:13.556;INFO;Controller;Status = Executing: Park;
19/10/18;12:44:13.556;INFO;Controller;State = Running;
19/10/18;12:44:14.399;INFO;Robot Runtime;executing:    Park;
19/10/18;12:44:18.002;INFO;Controller;Activity ExecRobotTask ended. Return value: Done;
19/10/18;12:44:18.002;INFO;Controller;State = Ready;
19/10/18;12:44:53.757;INFO;Server;Command: ExecRobotTask (Initialize,500000);
19/10/18;12:44:53.757;INFO;Controller;Executing asynchronous activity: ExecRobotTask;
19/10/18;12:44:53.757;INFO;Controller;Status = Executing: Initialize;
19/10/18;12:44:53.757;INFO;Controller;State = Running;
19/10/18;12:44:55.077;INFO;Robot Runtime;executing:    Initialize;
19/10/18;12:44:55.507;INFO;Controller;Activity ExecRobotTask ended. Return value: Done;
19/10/18;12:44:55.507;INFO;Controller;State = Ready;
19/10/18;12:44:55.558;INFO;Server;Command: ExecRobotTask (LatchRobGov,500000);
19/10/18;12:44:55.558;INFO;Controller;Executing asynchronous activity: ExecRobotTask;
19/10/18;12:44:55.558;INFO;Controller;Status = Executing: LatchRobGov;
19/10/18;12:44:55.558;INFO;Controller;State = Running;
19/10/18;12:44:56.548;INFO;Robot Runtime;executing:    LatchRobGov;
19/10/18;12:44:56.970;INFO;Controller;Activity ExecRobotTask ended. Return value: Done;
19/10/18;12:44:56.970;INFO;Controller;State = Ready;
19/10/18;12:44:57.020;INFO;Server;Command: ExecRobotTask (TraceSample,500000);
19/10/18;12:44:57.020;INFO;Controller;Executing asynchronous activity: ExecRobotTask;
19/10/18;12:44:57.021;INFO;Controller;Status = Executing: TraceSample;
19/10/18;12:44:57.021;INFO;Controller;State = Running;
19/10/18;12:44:58.335;INFO;Robot Runtime;executing:    TraceSample;
19/10/18;12:45:00.984;INFO;Controller;Activity ExecRobotTask ended. Return value: Done False/False/False;
19/10/18;12:45:00.984;INFO;Controller;State = Ready;
19/10/18;12:45:01.036;INFO;Server;Command: ExecRobotTask (CoolDown,500000);
19/10/18;12:45:01.037;INFO;Controller;Executing asynchronous activity: ExecRobotTask;
19/10/18;12:45:01.037;INFO;Controller;Status = Executing: CoolDown;
19/10/18;12:45:01.037;INFO;Controller;State = Running;
19/10/18;12:45:01.884;INFO;Robot Runtime;executing:    CoolDown;
19/10/18;12:45:02.019;INFO;Controller;Activity ExecRobotTask ended. Return value: Done;
19/10/18;12:45:02.019;INFO;Controller;State = Ready;
19/10/18;12:45:02.263;INFO;Server;Command: ExecRobotTask (Load,500000);
19/10/18;12:45:02.263;INFO;Controller;Executing asynchronous activity: ExecRobotTask;
19/10/18;12:45:02.263;INFO;Controller;Status = Executing: Load;
19/10/18;12:45:02.263;INFO;Controller;State = Running;
19/10/18;12:45:03.260;INFO;Robot Runtime;executing:    Load;
19/10/18;12:45:11.823;INFO;Controller;Activity ExecRobotTask ended. Return value: Done False/True/False;
19/10/18;12:45:11.823;INFO;Controller;State = Ready;
19/10/18;12:45:11.879;INFO;Server;Command: ExecRobotTask (Mount,500000);
19/10/18;12:45:11.879;INFO;Controller;Executing asynchronous activity: ExecRobotTask;
19/10/18;12:45:11.879;INFO;Controller;Status = Executing: Mount;
19/10/18;12:45:11.879;INFO;Controller;State = Running;
19/10/18;12:45:13.184;INFO;Robot Runtime;executing:    Mount;
19/10/18;12:45:20.919;INFO;Controller;Activity ExecRobotTask ended. Return value: Done True/False/False;
19/10/18;12:45:20.919;INFO;Controller;State = Ready;
19/10/18;12:45:20.969;INFO;Server;Command: ExecRobotTask (Park,500000);
19/10/18;12:45:20.969;INFO;Controller;Executing asynchronous activity: ExecRobotTask;
19/10/18;12:45:20.970;INFO;Controller;Status = Executing: Park;
19/10/18;12:45:20.970;INFO;Controller;State = Running;
19/10/18;12:45:21.821;INFO;Robot Runtime;executing:    Park;
19/10/18;12:45:25.328;INFO;Controller;Activity ExecRobotTask ended. Return value: Done;
19/10/18;12:45:25.328;INFO;Controller;State = Ready;
19/10/18;12:45:25.381;INFO;Server;Command: ExecRobotTask (UnlatchRobGov,500000);
19/10/18;12:45:25.381;INFO;Controller;Executing asynchronous activity: ExecRobotTask;
19/10/18;12:45:25.381;INFO;Controller;Status = Executing: UnlatchRobGov;
19/10/18;12:45:25.381;INFO;Controller;State = Running;
19/10/18;12:45:26.375;INFO;Robot Runtime;executing:    UnlatchRobGov;
19/10/18;12:45:26.787;INFO;Controller;Activity ExecRobotTask ended. Return value: Done;
19/10/18;12:45:26.787;INFO;Controller;State = Ready;
19/10/18;12:50:34.497;INFO;Server;Command: ExecRobotTask (Unmount,500000);
19/10/18;12:50:34.498;INFO;Controller;Executing asynchronous activity: ExecRobotTask;
19/10/18;12:50:34.498;INFO;Controller;Status = Executing: Unmount;
19/10/18;12:50:34.498;INFO;Controller;State = Running;
19/10/18;12:50:35.813;INFO;Robot Runtime;executing:    Unmount;
19/10/18;12:50:45.168;INFO;Controller;Activity ExecRobotTask ended. Return value: Done False/True/False;
19/10/18;12:50:45.168;INFO;Controller;State = Ready;
19/10/18;12:50:45.216;INFO;Server;Command: ExecRobotTask (Unload,500000);
19/10/18;12:50:45.217;INFO;Controller;Executing asynchronous activity: ExecRobotTask;
19/10/18;12:50:45.217;INFO;Controller;Status = Executing: Unload;
19/10/18;12:50:45.217;INFO;Controller;State = Running;
19/10/18;12:50:46.075;INFO;Robot Runtime;executing:    Unload;
19/10/18;12:50:50.947;INFO;Controller;Activity ExecRobotTask ended. Return value: Done False/False/False;
19/10/18;12:50:50.947;INFO;Controller;State = Ready;
19/10/18;12:50:51.402;INFO;Server;Command: ExecRobotTask (Load,500000);
19/10/18;12:50:51.402;INFO;Controller;Executing asynchronous activity: ExecRobotTask;
19/10/18;12:50:51.402;INFO;Controller;Status = Executing: Load;
19/10/18;12:50:51.402;INFO;Controller;State = Running;
19/10/18;12:50:52.828;INFO;Robot Runtime;executing:    Load;
19/10/18;12:50:59.731;INFO;Controller;Activity ExecRobotTask ended. Return value: Done False/True/False;
19/10/18;12:50:59.731;INFO;Controller;State = Ready;
19/10/18;12:50:59.783;INFO;Server;Command: ExecRobotTask (Mount,500000);
19/10/18;12:50:59.784;INFO;Controller;Executing asynchronous activity: ExecRobotTask;
19/10/18;12:50:59.784;INFO;Controller;Status = Executing: Mount;
19/10/18;12:50:59.784;INFO;Controller;State = Running;
19/10/18;12:51:00.664;INFO;Robot Runtime;executing:    Mount;
19/10/18;12:51:07.780;INFO;Controller;Activity ExecRobotTask ended. Return value: Done True/False/False;
19/10/18;12:51:07.781;INFO;Controller;State = Ready;
19/10/18;12:51:07.837;INFO;Server;Command: ExecRobotTask (Park,500000);
19/10/18;12:51:07.837;INFO;Controller;Executing asynchronous activity: ExecRobotTask;
19/10/18;12:51:07.837;INFO;Controller;Status = Executing: Park;
19/10/18;12:51:07.837;INFO;Controller;State = Running;
19/10/18;12:51:08.677;INFO;Robot Runtime;executing:    Park;
19/10/18;12:51:12.263;INFO;Controller;Activity ExecRobotTask ended. Return value: Done;
19/10/18;12:51:12.263;INFO;Controller;State = Ready;
19/10/18;12:51:12.315;INFO;Server;Command: ExecRobotTask (UnlatchRobGov,500000);
19/10/18;12:51:12.315;INFO;Controller;Executing asynchronous activity: ExecRobotTask;
19/10/18;12:51:12.315;INFO;Controller;Status = Executing: UnlatchRobGov;
19/10/18;12:51:12.315;INFO;Controller;State = Running;
19/10/18;12:51:13.738;INFO;Robot Runtime;executing:    UnlatchRobGov;
19/10/18;12:51:14.255;INFO;Controller;Activity ExecRobotTask ended. Return value: Done;
19/10/18;12:51:14.255;INFO;Controller;State = Ready;
19/10/18;12:55:56.588;INFO;Server;Command: ExecRobotTask (Unmount,500000);
19/10/18;12:55:56.588;INFO;Controller;Executing asynchronous activity: ExecRobotTask;
19/10/18;12:55:56.588;INFO;Controller;Status = Executing: Unmount;
19/10/18;12:55:56.588;INFO;Controller;State = Running;
19/10/18;12:55:57.470;INFO;Robot Runtime;executing:    Unmount;
19/10/18;12:56:07.252;INFO;Controller;Activity ExecRobotTask ended. Return value: Done False/True/False;
19/10/18;12:56:07.252;INFO;Controller;State = Ready;
19/10/18;12:56:07.311;INFO;Server;Command: ExecRobotTask (Unload,500000);
19/10/18;12:56:07.311;INFO;Controller;Executing asynchronous activity: ExecRobotTask;
19/10/18;12:56:07.311;INFO;Controller;Status = Executing: Unload;
19/10/18;12:56:07.311;INFO;Controller;State = Running;
19/10/18;12:56:08.161;INFO;Robot Runtime;executing:    Unload;
19/10/18;12:56:12.813;INFO;Controller;Activity ExecRobotTask ended. Return value: Done False/False/False;
19/10/18;12:56:12.813;INFO;Controller;State = Ready;
19/10/18;12:56:13.295;INFO;Server;Command: ExecRobotTask (Load,500000);
19/10/18;12:56:13.295;INFO;Controller;Executing asynchronous activity: ExecRobotTask;
19/10/18;12:56:13.295;INFO;Controller;Status = Executing: Load;
19/10/18;12:56:13.295;INFO;Controller;State = Running;
19/10/18;12:56:14.717;INFO;Robot Runtime;executing:    Load;
19/10/18;12:56:21.649;INFO;Controller;Activity ExecRobotTask ended. Return value: Done False/True/False;
19/10/18;12:56:21.649;INFO;Controller;State = Ready;
19/10/18;12:56:21.703;INFO;Server;Command: ExecRobotTask (Mount,500000);
19/10/18;12:56:21.703;INFO;Controller;Executing asynchronous activity: ExecRobotTask;
19/10/18;12:56:21.703;INFO;Controller;Status = Executing: Mount;
19/10/18;12:56:21.703;INFO;Controller;State = Running;
19/10/18;12:56:22.585;INFO;Robot Runtime;executing:    Mount;
19/10/18;12:56:30.988;INFO;Controller;Activity ExecRobotTask ended. Return value: Done True/False/False;
19/10/18;12:56:30.988;INFO;Controller;State = Ready;
19/10/18;12:56:31.045;INFO;Server;Command: ExecRobotTask (Park,500000);
19/10/18;12:56:31.045;INFO;Controller;Executing asynchronous activity: ExecRobotTask;
19/10/18;12:56:31.045;INFO;Controller;Status = Executing: Park;
19/10/18;12:56:31.045;INFO;Controller;State = Running;
19/10/18;12:56:31.886;INFO;Robot Runtime;executing:    Park;
19/10/18;12:56:35.467;INFO;Controller;Activity ExecRobotTask ended. Return value: Done;
19/10/18;12:56:35.467;INFO;Controller;State = Ready;
19/10/18;12:56:35.527;INFO;Server;Command: ExecRobotTask (UnlatchRobGov,500000);
19/10/18;12:56:35.527;INFO;Controller;Executing asynchronous activity: ExecRobotTask;
19/10/18;12:56:35.527;INFO;Controller;Status = Executing: UnlatchRobGov;
19/10/18;12:56:35.527;INFO;Controller;State = Running;
19/10/18;12:56:36.961;INFO;Robot Runtime;executing:    UnlatchRobGov;
19/10/18;12:56:37.462;INFO;Controller;Activity ExecRobotTask ended. Return value: Done;
19/10/18;12:56:37.462;INFO;Controller;State = Ready;
19/10/18;13:05:08.516;INFO;Server;Command: ExecRobotTask (Unmount,500000);
19/10/18;13:05:08.516;INFO;Controller;Executing asynchronous activity: ExecRobotTask;
19/10/18;13:05:08.516;INFO;Controller;Status = Executing: Unmount;
19/10/18;13:05:08.516;INFO;Controller;State = Running;
19/10/18;13:05:09.452;INFO;Robot Runtime;executing:    Unmount;
19/10/18;13:05:18.777;INFO;Controller;Activity ExecRobotTask ended. Return value: Done False/True/False;
19/10/18;13:05:18.777;INFO;Controller;State = Ready;
19/10/18;13:05:18.833;INFO;Server;Command: ExecRobotTask (Unload,500000);
19/10/18;13:05:18.834;INFO;Controller;Executing asynchronous activity: ExecRobotTask;
19/10/18;13:05:18.834;INFO;Controller;Status = Executing: Unload;
19/10/18;13:05:18.834;INFO;Controller;State = Running;
19/10/18;13:05:19.682;INFO;Robot Runtime;executing:    Unload;
19/10/18;13:05:24.559;INFO;Controller;Activity ExecRobotTask ended. Return value: Done False/False/False;
19/10/18;13:05:24.559;INFO;Controller;State = Ready;
19/10/18;13:05:25.019;INFO;Server;Command: ExecRobotTask (Load,500000);
19/10/18;13:05:25.020;INFO;Controller;Executing asynchronous activity: ExecRobotTask;
19/10/18;13:05:25.020;INFO;Controller;Status = Executing: Load;
19/10/18;13:05:25.020;INFO;Controller;State = Running;
19/10/18;13:05:26.397;INFO;Robot Runtime;executing:    Load;
19/10/18;13:05:33.364;INFO;Controller;Activity ExecRobotTask ended. Return value: Done False/True/False;
19/10/18;13:05:33.364;INFO;Controller;State = Ready;
19/10/18;13:05:33.424;INFO;Server;Command: ExecRobotTask (Mount,500000);
19/10/18;13:05:33.425;INFO;Controller;Executing asynchronous activity: ExecRobotTask;
19/10/18;13:05:33.425;INFO;Controller;Status = Executing: Mount;
19/10/18;13:05:33.425;INFO;Controller;State = Running;
19/10/18;13:05:34.349;INFO;Robot Runtime;executing:    Mount;
19/10/18;13:05:41.425;INFO;Controller;Activity ExecRobotTask ended. Return value: Done True/False/False;
19/10/18;13:05:41.425;INFO;Controller;State = Ready;
19/10/18;13:05:41.484;INFO;Server;Command: ExecRobotTask (Park,500000);
19/10/18;13:05:41.484;INFO;Controller;Executing asynchronous activity: ExecRobotTask;
19/10/18;13:05:41.484;INFO;Controller;Status = Executing: Park;
19/10/18;13:05:41.484;INFO;Controller;State = Running;
19/10/18;13:05:42.327;INFO;Robot Runtime;executing:    Park;
19/10/18;13:05:45.909;INFO;Controller;Activity ExecRobotTask ended. Return value: Done;
19/10/18;13:05:45.909;INFO;Controller;State = Ready;
19/10/18;13:05:45.967;INFO;Server;Command: ExecRobotTask (UnlatchRobGov,500000);
19/10/18;13:05:45.967;INFO;Controller;Executing asynchronous activity: ExecRobotTask;
19/10/18;13:05:45.968;INFO;Controller;Status = Executing: UnlatchRobGov;
19/10/18;13:05:45.968;INFO;Controller;State = Running;
19/10/18;13:05:47.356;INFO;Robot Runtime;executing:    UnlatchRobGov;
19/10/18;13:05:47.497;INFO;Controller;Activity ExecRobotTask ended. Return value: Done;
19/10/18;13:05:47.498;INFO;Controller;State = Ready;
19/10/18;13:24:25.889;INFO;Server;Command: ExecRobotTask (Unmount,500000);
19/10/18;13:24:25.890;INFO;Controller;Executing asynchronous activity: ExecRobotTask;
19/10/18;13:24:25.890;INFO;Controller;Status = Executing: Unmount;
19/10/18;13:24:25.890;INFO;Controller;State = Running;
19/10/18;13:24:26.818;INFO;Robot Runtime;executing:    Unmount;
19/10/18;13:24:37.284;INFO;Controller;Activity ExecRobotTask ended. Return value: Done False/True/False;
19/10/18;13:24:37.284;INFO;Controller;State = Ready;
19/10/18;13:24:37.345;INFO;Server;Command: ExecRobotTask (Unload,500000);
19/10/18;13:24:37.345;INFO;Controller;Executing asynchronous activity: ExecRobotTask;
19/10/18;13:24:37.345;INFO;Controller;Status = Executing: Unload;
19/10/18;13:24:37.345;INFO;Controller;State = Running;
19/10/18;13:24:38.198;INFO;Robot Runtime;executing:    Unload;
19/10/18;13:24:42.823;INFO;Controller;Activity ExecRobotTask ended. Return value: Done False/False/False;
19/10/18;13:24:42.823;INFO;Controller;State = Ready;
19/10/18;13:24:42.968;INFO;Server;Command: ExecRobotTask (UnlatchRobGov,500000);
19/10/18;13:24:42.968;INFO;Controller;Executing asynchronous activity: ExecRobotTask;
19/10/18;13:24:42.968;INFO;Controller;Status = Executing: UnlatchRobGov;
19/10/18;13:24:42.968;INFO;Controller;State = Running;
19/10/18;13:24:44.339;INFO;Robot Runtime;executing:    UnlatchRobGov;
19/10/18;13:24:45.066;INFO;Controller;Activity ExecRobotTask ended. Return value: Done;
19/10/18;13:24:45.067;INFO;Controller;State = Ready;
19/10/18;13:24:45.128;INFO;Server;Command: ExecRobotTask (Finish,500000);
19/10/18;13:24:45.128;INFO;Controller;Executing asynchronous activity: ExecRobotTask;
19/10/18;13:24:45.128;INFO;Controller;Status = Executing: Finish;
19/10/18;13:24:45.128;INFO;Controller;State = Running;
19/10/18;13:24:46.080;INFO;Robot Runtime;executing:    Finish;
19/10/18;13:27:50.186;INFO;Controller;Activity ExecRobotTask ended. Return value: Done;
19/10/18;13:27:50.186;INFO;Controller;State = Ready;
