16/11/18;09:32:07.500;INFO;Server;Command: ExecRobotTask (Initialize,500000);
16/11/18;09:32:07.501;INFO;Controller;Executing asynchronous activity: ExecRobotTask;
16/11/18;09:32:07.501;INFO;Controller;Status = Executing: Initialize;
16/11/18;09:32:07.501;INFO;Controller;State = Running;
16/11/18;09:32:08.506;INFO;Robot Runtime;executing:    Initialize;
16/11/18;09:32:09.727;INFO;Controller;Activity ExecRobotTask ended. Return value: Done;
16/11/18;09:32:09.727;INFO;Controller;State = Ready;
16/11/18;09:32:09.762;INFO;Server;Command: ExecRobotTask (LatchRobGov,500000);
16/11/18;09:32:09.762;INFO;Controller;Executing asynchronous activity: ExecRobotTask;
16/11/18;09:32:09.763;INFO;Controller;Status = Executing: LatchRobGov;
16/11/18;09:32:09.763;INFO;Controller;State = Running;
16/11/18;09:32:10.970;INFO;Robot Runtime;executing:    LatchRobGov;
16/11/18;09:32:11.456;INFO;Controller;Activity ExecRobotTask ended. Return value: Done;
16/11/18;09:32:11.456;INFO;Controller;State = Ready;
16/11/18;09:32:11.468;INFO;Server;Command: ExecRobotTask (TraceSample,500000);
16/11/18;09:32:11.468;INFO;Controller;Executing asynchronous activity: ExecRobotTask;
16/11/18;09:32:11.468;INFO;Controller;Status = Executing: TraceSample;
16/11/18;09:32:11.468;INFO;Controller;State = Running;
16/11/18;09:32:12.546;INFO;Robot Runtime;executing:    TraceSample;
16/11/18;09:32:13.447;INFO;Controller;Activity ExecRobotTask ended. Return value: Done False/False/False;
16/11/18;09:32:13.447;INFO;Controller;State = Ready;
16/11/18;09:32:13.458;INFO;Server;Command: ExecRobotTask (CoolDown,500000);
16/11/18;09:32:13.458;INFO;Controller;Executing asynchronous activity: ExecRobotTask;
16/11/18;09:32:13.458;INFO;Controller;Status = Executing: CoolDown;
16/11/18;09:32:13.459;INFO;Controller;State = Running;
16/11/18;09:32:14.302;INFO;Robot Runtime;executing:    CoolDown;
16/11/18;09:33:51.480;INFO;Controller;Activity ExecRobotTask ended. Return value: Done;
16/11/18;09:33:51.480;INFO;Controller;State = Ready;
16/11/18;09:33:51.686;INFO;Server;Command: ExecRobotTask (Load,500000);
16/11/18;09:33:51.686;INFO;Controller;Executing asynchronous activity: ExecRobotTask;
16/11/18;09:33:51.686;INFO;Controller;Status = Executing: Load;
16/11/18;09:33:51.686;INFO;Controller;State = Running;
16/11/18;09:33:52.881;INFO;Robot Runtime;executing:    Load;
16/11/18;09:34:02.485;INFO;Controller;Activity ExecRobotTask ended. Return value: Done False/True/False;
16/11/18;09:34:02.485;INFO;Controller;State = Ready;
16/11/18;09:34:02.500;INFO;Server;Command: ExecRobotTask (Mount,500000);
16/11/18;09:34:02.500;INFO;Controller;Executing asynchronous activity: ExecRobotTask;
16/11/18;09:34:02.500;INFO;Controller;Status = Executing: Mount;
16/11/18;09:34:02.500;INFO;Controller;State = Running;
16/11/18;09:34:03.585;INFO;Robot Runtime;executing:    Mount;
16/11/18;09:34:11.550;INFO;Controller;Activity ExecRobotTask ended. Return value: Done True/False/False;
16/11/18;09:34:11.550;INFO;Controller;State = Ready;
16/11/18;09:34:11.565;INFO;Server;Command: ExecRobotTask (Park,500000);
16/11/18;09:34:11.565;INFO;Controller;Executing asynchronous activity: ExecRobotTask;
16/11/18;09:34:11.565;INFO;Controller;Status = Executing: Park;
16/11/18;09:34:11.565;INFO;Controller;State = Running;
16/11/18;09:34:12.416;INFO;Robot Runtime;executing:    Park;
16/11/18;09:34:16.045;INFO;Controller;Activity ExecRobotTask ended. Return value: Done;
16/11/18;09:34:16.046;INFO;Controller;State = Ready;
16/11/18;09:34:16.062;INFO;Server;Command: ExecRobotTask (UnlatchRobGov,500000);
16/11/18;09:34:16.062;INFO;Controller;Executing asynchronous activity: ExecRobotTask;
16/11/18;09:34:16.062;INFO;Controller;Status = Executing: UnlatchRobGov;
16/11/18;09:34:16.062;INFO;Controller;State = Running;
16/11/18;09:34:17.270;INFO;Robot Runtime;executing:    UnlatchRobGov;
16/11/18;09:34:17.766;INFO;Controller;Activity ExecRobotTask ended. Return value: Done;
16/11/18;09:34:17.766;INFO;Controller;State = Ready;
16/11/18;09:46:29.196;INFO;Server;Command: ExecRobotTask (Unmount,500000);
16/11/18;09:46:29.196;INFO;Controller;Executing asynchronous activity: ExecRobotTask;
16/11/18;09:46:29.196;INFO;Controller;Status = Executing: Unmount;
16/11/18;09:46:29.197;INFO;Controller;State = Running;
16/11/18;09:46:30.319;INFO;Robot Runtime;executing:    Unmount;
16/11/18;09:46:40.752;INFO;Controller;Activity ExecRobotTask ended. Return value: Done False/True/False;
16/11/18;09:46:40.752;INFO;Controller;State = Ready;
16/11/18;09:46:40.762;INFO;Server;Command: ExecRobotTask (Unload,500000);
16/11/18;09:46:40.762;INFO;Controller;Executing asynchronous activity: ExecRobotTask;
16/11/18;09:46:40.762;INFO;Controller;Status = Executing: Unload;
16/11/18;09:46:40.762;INFO;Controller;State = Running;
16/11/18;09:46:41.610;INFO;Robot Runtime;executing:    Unload;
16/11/18;09:46:46.290;INFO;Controller;Activity ExecRobotTask ended. Return value: Done False/False/False;
16/11/18;09:46:46.290;INFO;Controller;State = Ready;
16/11/18;09:46:46.739;INFO;Server;Command: ExecRobotTask (Load,500000);
16/11/18;09:46:46.739;INFO;Controller;Executing asynchronous activity: ExecRobotTask;
16/11/18;09:46:46.739;INFO;Controller;Status = Executing: Load;
16/11/18;09:46:46.739;INFO;Controller;State = Running;
16/11/18;09:46:47.972;INFO;Robot Runtime;executing:    Load;
16/11/18;09:46:54.891;INFO;Controller;Activity ExecRobotTask ended. Return value: Done False/True/False;
16/11/18;09:46:54.891;INFO;Controller;State = Ready;
16/11/18;09:46:54.910;INFO;Server;Command: ExecRobotTask (Mount,500000);
16/11/18;09:46:54.910;INFO;Controller;Executing asynchronous activity: ExecRobotTask;
16/11/18;09:46:54.910;INFO;Controller;Status = Executing: Mount;
16/11/18;09:46:54.910;INFO;Controller;State = Running;
16/11/18;09:46:55.979;INFO;Robot Runtime;executing:    Mount;
16/11/18;09:47:03.968;INFO;Controller;Activity ExecRobotTask ended. Return value: Done True/False/False;
16/11/18;09:47:03.969;INFO;Controller;State = Ready;
16/11/18;09:47:03.982;INFO;Server;Command: ExecRobotTask (Park,500000);
16/11/18;09:47:03.982;INFO;Controller;Executing asynchronous activity: ExecRobotTask;
16/11/18;09:47:03.982;INFO;Controller;Status = Executing: Park;
16/11/18;09:47:03.982;INFO;Controller;State = Running;
16/11/18;09:47:04.847;INFO;Robot Runtime;executing:    Park;
16/11/18;09:47:08.481;INFO;Controller;Activity ExecRobotTask ended. Return value: Done;
16/11/18;09:47:08.481;INFO;Controller;State = Ready;
16/11/18;09:47:08.500;INFO;Server;Command: ExecRobotTask (UnlatchRobGov,500000);
16/11/18;09:47:08.501;INFO;Controller;Executing asynchronous activity: ExecRobotTask;
16/11/18;09:47:08.501;INFO;Controller;Status = Executing: UnlatchRobGov;
16/11/18;09:47:08.501;INFO;Controller;State = Running;
16/11/18;09:47:09.734;INFO;Robot Runtime;executing:    UnlatchRobGov;
16/11/18;09:47:10.220;INFO;Controller;Activity ExecRobotTask ended. Return value: Done;
16/11/18;09:47:10.220;INFO;Controller;State = Ready;
16/11/18;10:00:21.245;INFO;Server;Command: ExecRobotTask (Unmount,500000);
16/11/18;10:00:21.245;INFO;Controller;Executing asynchronous activity: ExecRobotTask;
16/11/18;10:00:21.245;INFO;Controller;Status = Executing: Unmount;
16/11/18;10:00:21.245;INFO;Controller;State = Running;
16/11/18;10:00:22.316;INFO;Robot Runtime;executing:    Unmount;
16/11/18;10:00:32.881;INFO;Controller;Activity ExecRobotTask ended. Return value: Done False/True/False;
16/11/18;10:00:32.881;INFO;Controller;State = Ready;
16/11/18;10:00:32.898;INFO;Server;Command: ExecRobotTask (Unload,500000);
16/11/18;10:00:32.898;INFO;Controller;Executing asynchronous activity: ExecRobotTask;
16/11/18;10:00:32.898;INFO;Controller;Status = Executing: Unload;
16/11/18;10:00:32.898;INFO;Controller;State = Running;
16/11/18;10:00:33.750;INFO;Robot Runtime;executing:    Unload;
16/11/18;10:00:38.404;INFO;Controller;Activity ExecRobotTask ended. Return value: Done False/False/False;
16/11/18;10:00:38.404;INFO;Controller;State = Ready;
16/11/18;10:00:38.829;INFO;Server;Command: ExecRobotTask (Load,500000);
16/11/18;10:00:38.829;INFO;Controller;Executing asynchronous activity: ExecRobotTask;
16/11/18;10:00:38.829;INFO;Controller;Status = Executing: Load;
16/11/18;10:00:38.829;INFO;Controller;State = Running;
16/11/18;10:00:40.063;INFO;Robot Runtime;executing:    Load;
16/11/18;10:00:46.796;INFO;Controller;Activity ExecRobotTask ended. Return value: Done False/True/False;
16/11/18;10:00:46.796;INFO;Controller;State = Ready;
16/11/18;10:00:46.818;INFO;Server;Command: ExecRobotTask (Mount,500000);
16/11/18;10:00:46.818;INFO;Controller;Executing asynchronous activity: ExecRobotTask;
16/11/18;10:00:46.818;INFO;Controller;Status = Executing: Mount;
16/11/18;10:00:46.818;INFO;Controller;State = Running;
16/11/18;10:00:47.885;INFO;Robot Runtime;executing:    Mount;
16/11/18;10:00:55.045;INFO;Controller;Activity ExecRobotTask ended. Return value: Done True/False/False;
16/11/18;10:00:55.045;INFO;Controller;State = Ready;
16/11/18;10:00:55.062;INFO;Server;Command: ExecRobotTask (Park,500000);
16/11/18;10:00:55.062;INFO;Controller;Executing asynchronous activity: ExecRobotTask;
16/11/18;10:00:55.062;INFO;Controller;Status = Executing: Park;
16/11/18;10:00:55.062;INFO;Controller;State = Running;
16/11/18;10:00:55.912;INFO;Robot Runtime;executing:    Park;
16/11/18;10:00:59.515;INFO;Controller;Activity ExecRobotTask ended. Return value: Done;
16/11/18;10:00:59.516;INFO;Controller;State = Ready;
16/11/18;10:00:59.531;INFO;Server;Command: ExecRobotTask (UnlatchRobGov,500000);
16/11/18;10:00:59.531;INFO;Controller;Executing asynchronous activity: ExecRobotTask;
16/11/18;10:00:59.531;INFO;Controller;Status = Executing: UnlatchRobGov;
16/11/18;10:00:59.531;INFO;Controller;State = Running;
16/11/18;10:01:00.762;INFO;Robot Runtime;executing:    UnlatchRobGov;
16/11/18;10:01:01.256;INFO;Controller;Activity ExecRobotTask ended. Return value: Done;
16/11/18;10:01:01.256;INFO;Controller;State = Ready;
16/11/18;10:03:41.443;INFO;Server;Command: ExecRobotTask (Unmount,500000);
16/11/18;10:03:41.444;INFO;Controller;Executing asynchronous activity: ExecRobotTask;
16/11/18;10:03:41.444;INFO;Controller;Status = Executing: Unmount;
16/11/18;10:03:41.444;INFO;Controller;State = Running;
16/11/18;10:03:42.409;INFO;Robot Runtime;executing:    Unmount;
16/11/18;10:03:51.687;INFO;Controller;Activity ExecRobotTask ended. Return value: Done False/True/False;
16/11/18;10:03:51.687;INFO;Controller;State = Ready;
16/11/18;10:03:51.707;INFO;Server;Command: ExecRobotTask (Unload,500000);
16/11/18;10:03:51.707;INFO;Controller;Executing asynchronous activity: ExecRobotTask;
16/11/18;10:03:51.707;INFO;Controller;Status = Executing: Unload;
16/11/18;10:03:51.707;INFO;Controller;State = Running;
16/11/18;10:03:52.685;INFO;Robot Runtime;executing:    Unload;
16/11/18;10:03:57.473;INFO;Controller;Activity ExecRobotTask ended. Return value: Done False/False/False;
16/11/18;10:03:57.473;INFO;Controller;State = Ready;
16/11/18;10:03:57.924;INFO;Server;Command: ExecRobotTask (Load,500000);
16/11/18;10:03:57.924;INFO;Controller;Executing asynchronous activity: ExecRobotTask;
16/11/18;10:03:57.924;INFO;Controller;Status = Executing: Load;
16/11/18;10:03:57.924;INFO;Controller;State = Running;
16/11/18;10:03:59.142;INFO;Robot Runtime;executing:    Load;
16/11/18;10:04:06.003;INFO;Controller;Activity ExecRobotTask ended. Return value: Done False/True/False;
16/11/18;10:04:06.003;INFO;Controller;State = Ready;
16/11/18;10:04:06.026;INFO;Server;Command: ExecRobotTask (Mount,500000);
16/11/18;10:04:06.026;INFO;Controller;Executing asynchronous activity: ExecRobotTask;
16/11/18;10:04:06.026;INFO;Controller;Status = Executing: Mount;
16/11/18;10:04:06.026;INFO;Controller;State = Running;
16/11/18;10:04:07.100;INFO;Robot Runtime;executing:    Mount;
16/11/18;10:04:14.811;INFO;Controller;Activity ExecRobotTask ended. Return value: Done True/False/False;
16/11/18;10:04:14.811;INFO;Controller;State = Ready;
16/11/18;10:04:14.826;INFO;Server;Command: ExecRobotTask (Park,500000);
16/11/18;10:04:14.827;INFO;Controller;Executing asynchronous activity: ExecRobotTask;
16/11/18;10:04:14.827;INFO;Controller;Status = Executing: Park;
16/11/18;10:04:14.827;INFO;Controller;State = Running;
16/11/18;10:04:15.673;INFO;Robot Runtime;executing:    Park;
16/11/18;10:04:19.299;INFO;Controller;Activity ExecRobotTask ended. Return value: Done;
16/11/18;10:04:19.299;INFO;Controller;State = Ready;
16/11/18;10:04:19.317;INFO;Server;Command: ExecRobotTask (UnlatchRobGov,500000);
16/11/18;10:04:19.318;INFO;Controller;Executing asynchronous activity: ExecRobotTask;
16/11/18;10:04:19.318;INFO;Controller;Status = Executing: UnlatchRobGov;
16/11/18;10:04:19.318;INFO;Controller;State = Running;
16/11/18;10:04:20.550;INFO;Robot Runtime;executing:    UnlatchRobGov;
16/11/18;10:04:21.027;INFO;Controller;Activity ExecRobotTask ended. Return value: Done;
16/11/18;10:04:21.027;INFO;Controller;State = Ready;
16/11/18;10:09:22.513;INFO;Server;Command: ExecRobotTask (Unmount,500000);
16/11/18;10:09:22.514;INFO;Controller;Executing asynchronous activity: ExecRobotTask;
16/11/18;10:09:22.514;INFO;Controller;Status = Executing: Unmount;
16/11/18;10:09:22.514;INFO;Controller;State = Running;
16/11/18;10:09:23.597;INFO;Robot Runtime;executing:    Unmount;
16/11/18;10:09:32.751;INFO;Controller;Activity ExecRobotTask ended. Return value: Done False/True/False;
16/11/18;10:09:32.751;INFO;Controller;State = Ready;
16/11/18;10:09:32.767;INFO;Server;Command: ExecRobotTask (Unload,500000);
16/11/18;10:09:32.767;INFO;Controller;Executing asynchronous activity: ExecRobotTask;
16/11/18;10:09:32.768;INFO;Controller;Status = Executing: Unload;
16/11/18;10:09:32.768;INFO;Controller;State = Running;
16/11/18;10:09:33.615;INFO;Robot Runtime;executing:    Unload;
16/11/18;10:09:38.290;INFO;Controller;Activity ExecRobotTask ended. Return value: Done False/False/False;
16/11/18;10:09:38.290;INFO;Controller;State = Ready;
16/11/18;10:09:38.712;INFO;Server;Command: ExecRobotTask (Load,500000);
16/11/18;10:09:38.712;INFO;Controller;Executing asynchronous activity: ExecRobotTask;
16/11/18;10:09:38.712;INFO;Controller;Status = Executing: Load;
16/11/18;10:09:38.712;INFO;Controller;State = Running;
16/11/18;10:09:39.938;INFO;Robot Runtime;executing:    Load;
16/11/18;10:09:46.836;INFO;Controller;Activity ExecRobotTask ended. Return value: Done False/True/False;
16/11/18;10:09:46.836;INFO;Controller;State = Ready;
16/11/18;10:09:46.856;INFO;Server;Command: ExecRobotTask (Mount,500000);
16/11/18;10:09:46.856;INFO;Controller;Executing asynchronous activity: ExecRobotTask;
16/11/18;10:09:46.856;INFO;Controller;Status = Executing: Mount;
16/11/18;10:09:46.856;INFO;Controller;State = Running;
16/11/18;10:09:47.914;INFO;Robot Runtime;executing:    Mount;
16/11/18;10:09:55.871;INFO;Controller;Activity ExecRobotTask ended. Return value: Done True/False/False;
16/11/18;10:09:55.871;INFO;Controller;State = Ready;
16/11/18;10:09:55.895;INFO;Server;Command: ExecRobotTask (Park,500000);
16/11/18;10:09:55.895;INFO;Controller;Executing asynchronous activity: ExecRobotTask;
16/11/18;10:09:55.895;INFO;Controller;Status = Executing: Park;
16/11/18;10:09:55.895;INFO;Controller;State = Running;
16/11/18;10:09:56.742;INFO;Robot Runtime;executing:    Park;
16/11/18;10:10:00.360;INFO;Controller;Activity ExecRobotTask ended. Return value: Done;
16/11/18;10:10:00.360;INFO;Controller;State = Ready;
16/11/18;10:10:00.378;INFO;Server;Command: ExecRobotTask (UnlatchRobGov,500000);
16/11/18;10:10:00.378;INFO;Controller;Executing asynchronous activity: ExecRobotTask;
16/11/18;10:10:00.379;INFO;Controller;Status = Executing: UnlatchRobGov;
16/11/18;10:10:00.379;INFO;Controller;State = Running;
16/11/18;10:10:01.620;INFO;Robot Runtime;executing:    UnlatchRobGov;
16/11/18;10:10:02.098;INFO;Controller;Activity ExecRobotTask ended. Return value: Done;
16/11/18;10:10:02.098;INFO;Controller;State = Ready;
16/11/18;10:16:20.503;INFO;Server;Command: ExecRobotTask (Unmount,500000);
16/11/18;10:16:20.503;INFO;Controller;Executing asynchronous activity: ExecRobotTask;
16/11/18;10:16:20.503;INFO;Controller;Status = Executing: Unmount;
16/11/18;10:16:20.503;INFO;Controller;State = Running;
16/11/18;10:16:21.572;INFO;Robot Runtime;executing:    Unmount;
16/11/18;10:16:32.005;INFO;Controller;Activity ExecRobotTask ended. Return value: Done False/True/False;
16/11/18;10:16:32.005;INFO;Controller;State = Ready;
16/11/18;10:16:32.025;INFO;Server;Command: ExecRobotTask (Unload,500000);
16/11/18;10:16:32.025;INFO;Controller;Executing asynchronous activity: ExecRobotTask;
16/11/18;10:16:32.025;INFO;Controller;Status = Executing: Unload;
16/11/18;10:16:32.025;INFO;Controller;State = Running;
16/11/18;10:16:32.880;INFO;Robot Runtime;executing:    Unload;
16/11/18;10:16:37.545;INFO;Controller;Activity ExecRobotTask ended. Return value: Done False/False/False;
16/11/18;10:16:37.546;INFO;Controller;State = Ready;
16/11/18;10:16:38.038;INFO;Server;Command: ExecRobotTask (Load,500000);
16/11/18;10:16:38.038;INFO;Controller;Executing asynchronous activity: ExecRobotTask;
16/11/18;10:16:38.039;INFO;Controller;Status = Executing: Load;
16/11/18;10:16:38.039;INFO;Controller;State = Running;
16/11/18;10:16:39.273;INFO;Robot Runtime;executing:    Load;
16/11/18;10:16:45.941;INFO;Controller;Activity ExecRobotTask ended. Return value: Done False/True/True;
16/11/18;10:16:45.941;INFO;Controller;State = Ready;
16/11/18;10:16:45.961;INFO;Server;Command: ExecRobotTask (Unload,500000);
16/11/18;10:16:45.961;INFO;Controller;Executing asynchronous activity: ExecRobotTask;
16/11/18;10:16:45.961;INFO;Controller;Status = Executing: Unload;
16/11/18;10:16:45.961;INFO;Controller;State = Running;
16/11/18;10:16:46.998;INFO;Robot Runtime;executing:    Unload;
16/11/18;10:16:51.676;INFO;Controller;Activity ExecRobotTask ended. Return value: Done False/False/False;
16/11/18;10:16:51.676;INFO;Controller;State = Ready;
16/11/18;10:16:51.695;INFO;Server;Command: ExecRobotTask (Park,500000);
16/11/18;10:16:51.695;INFO;Controller;Executing asynchronous activity: ExecRobotTask;
16/11/18;10:16:51.695;INFO;Controller;Status = Executing: Park;
16/11/18;10:16:51.696;INFO;Controller;State = Running;
16/11/18;10:16:52.541;INFO;Robot Runtime;executing:    Park;
16/11/18;10:16:55.763;INFO;Controller;Activity ExecRobotTask ended. Return value: Done;
16/11/18;10:16:55.763;INFO;Controller;State = Ready;
16/11/18;10:17:14.969;INFO;Server;Command: ExecRobotTask (Initialize,500000);
16/11/18;10:17:14.970;INFO;Controller;Executing asynchronous activity: ExecRobotTask;
16/11/18;10:17:14.970;INFO;Controller;Status = Executing: Initialize;
16/11/18;10:17:14.970;INFO;Controller;State = Running;
16/11/18;10:17:15.827;INFO;Robot Runtime;executing:    Initialize;
16/11/18;10:17:16.290;INFO;Controller;Activity ExecRobotTask ended. Return value: Done;
16/11/18;10:17:16.290;INFO;Controller;State = Ready;
16/11/18;10:17:16.314;INFO;Server;Command: ExecRobotTask (LatchRobGov,500000);
16/11/18;10:17:16.314;INFO;Controller;Executing asynchronous activity: ExecRobotTask;
16/11/18;10:17:16.314;INFO;Controller;Status = Executing: LatchRobGov;
16/11/18;10:17:16.315;INFO;Controller;State = Running;
16/11/18;10:17:17.566;INFO;Robot Runtime;executing:    LatchRobGov;
16/11/18;10:17:18.019;INFO;Controller;Activity ExecRobotTask ended. Return value: Done;
16/11/18;10:17:18.019;INFO;Controller;State = Ready;
16/11/18;10:17:18.042;INFO;Server;Command: ExecRobotTask (TraceSample,500000);
16/11/18;10:17:18.042;INFO;Controller;Executing asynchronous activity: ExecRobotTask;
16/11/18;10:17:18.042;INFO;Controller;Status = Executing: TraceSample;
16/11/18;10:17:18.043;INFO;Controller;State = Running;
16/11/18;10:17:19.080;INFO;Robot Runtime;executing:    TraceSample;
16/11/18;10:17:21.363;INFO;Controller;Activity ExecRobotTask ended. Return value: Done False/False/False;
16/11/18;10:17:21.363;INFO;Controller;State = Ready;
16/11/18;10:17:21.385;INFO;Server;Command: ExecRobotTask (CoolDown,500000);
16/11/18;10:17:21.385;INFO;Controller;Executing asynchronous activity: ExecRobotTask;
16/11/18;10:17:21.385;INFO;Controller;Status = Executing: CoolDown;
16/11/18;10:17:21.385;INFO;Controller;State = Running;
16/11/18;10:17:22.231;INFO;Robot Runtime;executing:    CoolDown;
16/11/18;10:17:22.726;INFO;Controller;Activity ExecRobotTask ended. Return value: Done;
16/11/18;10:17:22.726;INFO;Controller;State = Ready;
16/11/18;10:17:22.937;INFO;Server;Command: ExecRobotTask (Load,500000);
16/11/18;10:17:22.937;INFO;Controller;Executing asynchronous activity: ExecRobotTask;
16/11/18;10:17:22.937;INFO;Controller;Status = Executing: Load;
16/11/18;10:17:22.937;INFO;Controller;State = Running;
16/11/18;10:17:24.206;INFO;Robot Runtime;executing:    Load;
16/11/18;10:17:33.023;INFO;Controller;Activity ExecRobotTask ended. Return value: Done False/True/False;
16/11/18;10:17:33.023;INFO;Controller;State = Ready;
16/11/18;10:17:33.046;INFO;Server;Command: ExecRobotTask (Mount,500000);
16/11/18;10:17:33.046;INFO;Controller;Executing asynchronous activity: ExecRobotTask;
16/11/18;10:17:33.046;INFO;Controller;Status = Executing: Mount;
16/11/18;10:17:33.046;INFO;Controller;State = Running;
16/11/18;10:17:34.107;INFO;Robot Runtime;executing:    Mount;
16/11/18;10:17:41.826;INFO;Controller;Activity ExecRobotTask ended. Return value: Done True/False/False;
16/11/18;10:17:41.826;INFO;Controller;State = Ready;
16/11/18;10:17:41.854;INFO;Server;Command: ExecRobotTask (Park,500000);
16/11/18;10:17:41.854;INFO;Controller;Executing asynchronous activity: ExecRobotTask;
16/11/18;10:17:41.854;INFO;Controller;Status = Executing: Park;
16/11/18;10:17:41.854;INFO;Controller;State = Running;
16/11/18;10:17:42.698;INFO;Robot Runtime;executing:    Park;
16/11/18;10:17:46.297;INFO;Controller;Activity ExecRobotTask ended. Return value: Done;
16/11/18;10:17:46.297;INFO;Controller;State = Ready;
16/11/18;10:17:46.323;INFO;Server;Command: ExecRobotTask (UnlatchRobGov,500000);
16/11/18;10:17:46.323;INFO;Controller;Executing asynchronous activity: ExecRobotTask;
16/11/18;10:17:46.323;INFO;Controller;Status = Executing: UnlatchRobGov;
16/11/18;10:17:46.323;INFO;Controller;State = Running;
16/11/18;10:17:47.579;INFO;Robot Runtime;executing:    UnlatchRobGov;
16/11/18;10:17:48.033;INFO;Controller;Activity ExecRobotTask ended. Return value: Done;
16/11/18;10:17:48.033;INFO;Controller;State = Ready;
16/11/18;10:20:54.642;INFO;Server;Command: ExecRobotTask (Unmount,500000);
16/11/18;10:20:54.642;INFO;Controller;Executing asynchronous activity: ExecRobotTask;
16/11/18;10:20:54.642;INFO;Controller;Status = Executing: Unmount;
16/11/18;10:20:54.642;INFO;Controller;State = Running;
16/11/18;10:20:55.708;INFO;Robot Runtime;executing:    Unmount;
16/11/18;10:21:05.011;INFO;Controller;Activity ExecRobotTask ended. Return value: Done False/True/False;
16/11/18;10:21:05.012;INFO;Controller;State = Ready;
16/11/18;10:21:05.035;INFO;Server;Command: ExecRobotTask (Unload,500000);
16/11/18;10:21:05.035;INFO;Controller;Executing asynchronous activity: ExecRobotTask;
16/11/18;10:21:05.035;INFO;Controller;Status = Executing: Unload;
16/11/18;10:21:05.035;INFO;Controller;State = Running;
16/11/18;10:21:05.893;INFO;Robot Runtime;executing:    Unload;
16/11/18;10:21:10.557;INFO;Controller;Activity ExecRobotTask ended. Return value: Done False/False/False;
16/11/18;10:21:10.557;INFO;Controller;State = Ready;
16/11/18;10:21:11.016;INFO;Server;Command: ExecRobotTask (Load,500000);
16/11/18;10:21:11.016;INFO;Controller;Executing asynchronous activity: ExecRobotTask;
16/11/18;10:21:11.016;INFO;Controller;Status = Executing: Load;
16/11/18;10:21:11.016;INFO;Controller;State = Running;
16/11/18;10:21:12.256;INFO;Robot Runtime;executing:    Load;
16/11/18;10:21:19.130;INFO;Controller;Activity ExecRobotTask ended. Return value: Done False/True/False;
16/11/18;10:21:19.130;INFO;Controller;State = Ready;
16/11/18;10:21:19.156;INFO;Server;Command: ExecRobotTask (Mount,500000);
16/11/18;10:21:19.156;INFO;Controller;Executing asynchronous activity: ExecRobotTask;
16/11/18;10:21:19.156;INFO;Controller;Status = Executing: Mount;
16/11/18;10:21:19.156;INFO;Controller;State = Running;
16/11/18;10:21:20.215;INFO;Robot Runtime;executing:    Mount;
16/11/18;10:21:28.194;INFO;Controller;Activity ExecRobotTask ended. Return value: Done True/False/False;
16/11/18;10:21:28.194;INFO;Controller;State = Ready;
16/11/18;10:21:28.221;INFO;Server;Command: ExecRobotTask (Park,500000);
16/11/18;10:21:28.221;INFO;Controller;Executing asynchronous activity: ExecRobotTask;
16/11/18;10:21:28.221;INFO;Controller;Status = Executing: Park;
16/11/18;10:21:28.222;INFO;Controller;State = Running;
16/11/18;10:21:29.066;INFO;Robot Runtime;executing:    Park;
16/11/18;10:21:32.438;INFO;Controller;Activity ExecRobotTask ended. Return value: Done;
16/11/18;10:21:32.439;INFO;Controller;State = Ready;
16/11/18;10:21:32.461;INFO;Server;Command: ExecRobotTask (UnlatchRobGov,500000);
16/11/18;10:21:32.461;INFO;Controller;Executing asynchronous activity: ExecRobotTask;
16/11/18;10:21:32.461;INFO;Controller;Status = Executing: UnlatchRobGov;
16/11/18;10:21:32.461;INFO;Controller;State = Running;
16/11/18;10:21:33.708;INFO;Robot Runtime;executing:    UnlatchRobGov;
16/11/18;10:21:34.175;INFO;Controller;Activity ExecRobotTask ended. Return value: Done;
16/11/18;10:21:34.175;INFO;Controller;State = Ready;
16/11/18;10:31:57.871;INFO;Server;Command: ExecRobotTask (Unmount,500000);
16/11/18;10:31:57.871;INFO;Controller;Executing asynchronous activity: ExecRobotTask;
16/11/18;10:31:57.871;INFO;Controller;Status = Executing: Unmount;
16/11/18;10:31:57.871;INFO;Controller;State = Running;
16/11/18;10:31:58.940;INFO;Robot Runtime;executing:    Unmount;
16/11/18;10:32:08.173;INFO;Controller;Activity ExecRobotTask ended. Return value: Done False/True/False;
16/11/18;10:32:08.173;INFO;Controller;State = Ready;
16/11/18;10:32:08.197;INFO;Server;Command: ExecRobotTask (Unload,500000);
16/11/18;10:32:08.197;INFO;Controller;Executing asynchronous activity: ExecRobotTask;
16/11/18;10:32:08.197;INFO;Controller;Status = Executing: Unload;
16/11/18;10:32:08.197;INFO;Controller;State = Running;
16/11/18;10:32:09.044;INFO;Robot Runtime;executing:    Unload;
16/11/18;10:32:13.722;INFO;Controller;Activity ExecRobotTask ended. Return value: Done False/False/False;
16/11/18;10:32:13.723;INFO;Controller;State = Ready;
16/11/18;10:32:14.185;INFO;Server;Command: ExecRobotTask (Load,500000);
16/11/18;10:32:14.185;INFO;Controller;Executing asynchronous activity: ExecRobotTask;
16/11/18;10:32:14.185;INFO;Controller;Status = Executing: Load;
16/11/18;10:32:14.185;INFO;Controller;State = Running;
16/11/18;10:32:15.425;INFO;Robot Runtime;executing:    Load;
16/11/18;10:32:22.237;INFO;Controller;Activity ExecRobotTask ended. Return value: Done False/True/False;
16/11/18;10:32:22.237;INFO;Controller;State = Ready;
16/11/18;10:32:22.267;INFO;Server;Command: ExecRobotTask (Mount,500000);
16/11/18;10:32:22.267;INFO;Controller;Executing asynchronous activity: ExecRobotTask;
16/11/18;10:32:22.267;INFO;Controller;Status = Executing: Mount;
16/11/18;10:32:22.267;INFO;Controller;State = Running;
16/11/18;10:32:23.326;INFO;Robot Runtime;executing:    Mount;
16/11/18;10:32:30.337;INFO;Controller;Activity ExecRobotTask ended. Return value: Done True/False/False;
16/11/18;10:32:30.337;INFO;Controller;State = Ready;
16/11/18;10:32:30.370;INFO;Server;Command: ExecRobotTask (Park,500000);
16/11/18;10:32:30.370;INFO;Controller;Executing asynchronous activity: ExecRobotTask;
16/11/18;10:32:30.370;INFO;Controller;Status = Executing: Park;
16/11/18;10:32:30.370;INFO;Controller;State = Running;
16/11/18;10:32:31.220;INFO;Robot Runtime;executing:    Park;
16/11/18;10:32:34.837;INFO;Controller;Activity ExecRobotTask ended. Return value: Done;
16/11/18;10:32:34.837;INFO;Controller;State = Ready;
16/11/18;10:32:34.863;INFO;Server;Command: ExecRobotTask (UnlatchRobGov,500000);
16/11/18;10:32:34.863;INFO;Controller;Executing asynchronous activity: ExecRobotTask;
16/11/18;10:32:34.864;INFO;Controller;Status = Executing: UnlatchRobGov;
16/11/18;10:32:34.864;INFO;Controller;State = Running;
16/11/18;10:32:36.105;INFO;Robot Runtime;executing:    UnlatchRobGov;
16/11/18;10:32:36.568;INFO;Controller;Activity ExecRobotTask ended. Return value: Done;
16/11/18;10:32:36.568;INFO;Controller;State = Ready;
16/11/18;10:41:14.281;INFO;Server;Command: ExecRobotTask (Unmount,500000);
16/11/18;10:41:14.281;INFO;Controller;Executing asynchronous activity: ExecRobotTask;
16/11/18;10:41:14.281;INFO;Controller;Status = Executing: Unmount;
16/11/18;10:41:14.281;INFO;Controller;State = Running;
16/11/18;10:41:15.340;INFO;Robot Runtime;executing:    Unmount;
16/11/18;10:41:25.753;INFO;Controller;Activity ExecRobotTask ended. Return value: Done False/True/False;
16/11/18;10:41:25.754;INFO;Controller;State = Ready;
16/11/18;10:41:25.785;INFO;Server;Command: ExecRobotTask (Unload,500000);
16/11/18;10:41:25.785;INFO;Controller;Executing asynchronous activity: ExecRobotTask;
16/11/18;10:41:25.785;INFO;Controller;Status = Executing: Unload;
16/11/18;10:41:25.785;INFO;Controller;State = Running;
16/11/18;10:41:26.636;INFO;Robot Runtime;executing:    Unload;
16/11/18;10:41:31.312;INFO;Controller;Activity ExecRobotTask ended. Return value: Done False/False/False;
16/11/18;10:41:31.312;INFO;Controller;State = Ready;
16/11/18;10:41:31.747;INFO;Server;Command: ExecRobotTask (Load,500000);
16/11/18;10:41:31.747;INFO;Controller;Executing asynchronous activity: ExecRobotTask;
16/11/18;10:41:31.747;INFO;Controller;Status = Executing: Load;
16/11/18;10:41:31.747;INFO;Controller;State = Running;
16/11/18;10:41:32.969;INFO;Robot Runtime;executing:    Load;
16/11/18;10:41:39.877;INFO;Controller;Activity ExecRobotTask ended. Return value: Done False/True/False;
16/11/18;10:41:39.877;INFO;Controller;State = Ready;
16/11/18;10:41:39.911;INFO;Server;Command: ExecRobotTask (Mount,500000);
16/11/18;10:41:39.912;INFO;Controller;Executing asynchronous activity: ExecRobotTask;
16/11/18;10:41:39.912;INFO;Controller;Status = Executing: Mount;
16/11/18;10:41:39.912;INFO;Controller;State = Running;
16/11/18;10:41:40.976;INFO;Robot Runtime;executing:    Mount;
16/11/18;10:41:48.450;INFO;Controller;Activity ExecRobotTask ended. Return value: Done True/False/False;
16/11/18;10:41:48.450;INFO;Controller;State = Ready;
16/11/18;10:41:48.482;INFO;Server;Command: ExecRobotTask (Park,500000);
16/11/18;10:41:48.482;INFO;Controller;Executing asynchronous activity: ExecRobotTask;
16/11/18;10:41:48.482;INFO;Controller;Status = Executing: Park;
16/11/18;10:41:48.483;INFO;Controller;State = Running;
16/11/18;10:41:49.338;INFO;Robot Runtime;executing:    Park;
16/11/18;10:41:52.936;INFO;Controller;Activity ExecRobotTask ended. Return value: Done;
16/11/18;10:41:52.936;INFO;Controller;State = Ready;
16/11/18;10:41:52.967;INFO;Server;Command: ExecRobotTask (UnlatchRobGov,500000);
16/11/18;10:41:52.967;INFO;Controller;Executing asynchronous activity: ExecRobotTask;
16/11/18;10:41:52.967;INFO;Controller;Status = Executing: UnlatchRobGov;
16/11/18;10:41:52.967;INFO;Controller;State = Running;
16/11/18;10:41:54.204;INFO;Robot Runtime;executing:    UnlatchRobGov;
16/11/18;10:41:54.671;INFO;Controller;Activity ExecRobotTask ended. Return value: Done;
16/11/18;10:41:54.671;INFO;Controller;State = Ready;
16/11/18;10:47:12.618;INFO;Server;Command: ExecRobotTask (Unmount,500000);
16/11/18;10:47:12.618;INFO;Controller;Executing asynchronous activity: ExecRobotTask;
16/11/18;10:47:12.618;INFO;Controller;Status = Executing: Unmount;
16/11/18;10:47:12.618;INFO;Controller;State = Running;
16/11/18;10:47:13.680;INFO;Robot Runtime;executing:    Unmount;
16/11/18;10:47:22.620;INFO;Controller;Activity ExecRobotTask ended. Return value: Done False/True/False;
16/11/18;10:47:22.620;INFO;Controller;State = Ready;
16/11/18;10:47:22.654;INFO;Server;Command: ExecRobotTask (Unload,500000);
16/11/18;10:47:22.654;INFO;Controller;Executing asynchronous activity: ExecRobotTask;
16/11/18;10:47:22.654;INFO;Controller;Status = Executing: Unload;
16/11/18;10:47:22.654;INFO;Controller;State = Running;
16/11/18;10:47:23.506;INFO;Robot Runtime;executing:    Unload;
16/11/18;10:47:28.339;INFO;Controller;Activity ExecRobotTask ended. Return value: Done False/False/False;
16/11/18;10:47:28.339;INFO;Controller;State = Ready;
16/11/18;10:47:28.798;INFO;Server;Command: ExecRobotTask (Load,500000);
16/11/18;10:47:28.798;INFO;Controller;Executing asynchronous activity: ExecRobotTask;
16/11/18;10:47:28.798;INFO;Controller;Status = Executing: Load;
16/11/18;10:47:28.799;INFO;Controller;State = Running;
16/11/18;10:47:30.025;INFO;Robot Runtime;executing:    Load;
16/11/18;10:47:36.750;INFO;Controller;Activity ExecRobotTask ended. Return value: Done False/True/False;
16/11/18;10:47:36.750;INFO;Controller;State = Ready;
16/11/18;10:47:36.785;INFO;Server;Command: ExecRobotTask (Mount,500000);
16/11/18;10:47:36.785;INFO;Controller;Executing asynchronous activity: ExecRobotTask;
16/11/18;10:47:36.785;INFO;Controller;Status = Executing: Mount;
16/11/18;10:47:36.785;INFO;Controller;State = Running;
16/11/18;10:47:37.847;INFO;Robot Runtime;executing:    Mount;
16/11/18;10:47:45.482;INFO;Controller;Activity ExecRobotTask ended. Return value: Done True/False/False;
16/11/18;10:47:45.482;INFO;Controller;State = Ready;
16/11/18;10:47:45.519;INFO;Server;Command: ExecRobotTask (Park,500000);
16/11/18;10:47:45.519;INFO;Controller;Executing asynchronous activity: ExecRobotTask;
16/11/18;10:47:45.519;INFO;Controller;Status = Executing: Park;
16/11/18;10:47:45.519;INFO;Controller;State = Running;
16/11/18;10:47:46.369;INFO;Robot Runtime;executing:    Park;
16/11/18;10:47:49.976;INFO;Controller;Activity ExecRobotTask ended. Return value: Done;
16/11/18;10:47:49.976;INFO;Controller;State = Ready;
16/11/18;10:47:50.006;INFO;Server;Command: ExecRobotTask (UnlatchRobGov,500000);
16/11/18;10:47:50.006;INFO;Controller;Executing asynchronous activity: ExecRobotTask;
16/11/18;10:47:50.006;INFO;Controller;Status = Executing: UnlatchRobGov;
16/11/18;10:47:50.006;INFO;Controller;State = Running;
16/11/18;10:47:51.245;INFO;Robot Runtime;executing:    UnlatchRobGov;
16/11/18;10:47:51.715;INFO;Controller;Activity ExecRobotTask ended. Return value: Done;
16/11/18;10:47:51.715;INFO;Controller;State = Ready;
16/11/18;10:52:39.591;INFO;Server;Command: ExecRobotTask (Unmount,500000);
16/11/18;10:52:39.591;INFO;Controller;Executing asynchronous activity: ExecRobotTask;
16/11/18;10:52:39.591;INFO;Controller;Status = Executing: Unmount;
16/11/18;10:52:39.591;INFO;Controller;State = Running;
16/11/18;10:52:40.657;INFO;Robot Runtime;executing:    Unmount;
16/11/18;10:52:50.031;INFO;Controller;Activity ExecRobotTask ended. Return value: Done False/True/False;
16/11/18;10:52:50.031;INFO;Controller;State = Ready;
16/11/18;10:52:50.066;INFO;Server;Command: ExecRobotTask (Unload,500000);
16/11/18;10:52:50.066;INFO;Controller;Executing asynchronous activity: ExecRobotTask;
16/11/18;10:52:50.066;INFO;Controller;Status = Executing: Unload;
16/11/18;10:52:50.066;INFO;Controller;State = Running;
16/11/18;10:52:50.918;INFO;Robot Runtime;executing:    Unload;
16/11/18;10:52:55.418;INFO;Controller;Activity ExecRobotTask ended. Return value: Done False/False/False;
16/11/18;10:52:55.418;INFO;Controller;State = Ready;
16/11/18;10:52:55.877;INFO;Server;Command: ExecRobotTask (Load,500000);
16/11/18;10:52:55.877;INFO;Controller;Executing asynchronous activity: ExecRobotTask;
16/11/18;10:52:55.877;INFO;Controller;Status = Executing: Load;
16/11/18;10:52:55.877;INFO;Controller;State = Running;
16/11/18;10:52:57.119;INFO;Robot Runtime;executing:    Load;
16/11/18;10:53:04.157;INFO;Controller;Activity ExecRobotTask ended. Return value: Done False/True/False;
16/11/18;10:53:04.158;INFO;Controller;State = Ready;
16/11/18;10:53:04.190;INFO;Server;Command: ExecRobotTask (Mount,500000);
16/11/18;10:53:04.191;INFO;Controller;Executing asynchronous activity: ExecRobotTask;
16/11/18;10:53:04.191;INFO;Controller;Status = Executing: Mount;
16/11/18;10:53:04.191;INFO;Controller;State = Running;
16/11/18;10:53:05.247;INFO;Robot Runtime;executing:    Mount;
16/11/18;10:53:12.709;INFO;Controller;Activity ExecRobotTask ended. Return value: Done True/False/False;
16/11/18;10:53:12.709;INFO;Controller;State = Ready;
16/11/18;10:53:12.745;INFO;Server;Command: ExecRobotTask (Park,500000);
16/11/18;10:53:12.745;INFO;Controller;Executing asynchronous activity: ExecRobotTask;
16/11/18;10:53:12.745;INFO;Controller;Status = Executing: Park;
16/11/18;10:53:12.745;INFO;Controller;State = Running;
16/11/18;10:53:13.593;INFO;Robot Runtime;executing:    Park;
16/11/18;10:53:17.196;INFO;Controller;Activity ExecRobotTask ended. Return value: Done;
16/11/18;10:53:17.196;INFO;Controller;State = Ready;
16/11/18;10:53:17.232;INFO;Server;Command: ExecRobotTask (UnlatchRobGov,500000);
16/11/18;10:53:17.232;INFO;Controller;Executing asynchronous activity: ExecRobotTask;
16/11/18;10:53:17.232;INFO;Controller;Status = Executing: UnlatchRobGov;
16/11/18;10:53:17.232;INFO;Controller;State = Running;
16/11/18;10:53:18.486;INFO;Robot Runtime;executing:    UnlatchRobGov;
16/11/18;10:53:18.931;INFO;Controller;Activity ExecRobotTask ended. Return value: Done;
16/11/18;10:53:18.931;INFO;Controller;State = Ready;
16/11/18;10:57:03.320;INFO;Server;Command: ExecRobotTask (Unmount,500000);
16/11/18;10:57:03.321;INFO;Controller;Executing asynchronous activity: ExecRobotTask;
16/11/18;10:57:03.321;INFO;Controller;Status = Executing: Unmount;
16/11/18;10:57:03.321;INFO;Controller;State = Running;
16/11/18;10:57:04.378;INFO;Robot Runtime;executing:    Unmount;
16/11/18;10:57:16.027;INFO;Controller;Activity ExecRobotTask ended. Return value: Done False/True/False;
16/11/18;10:57:16.027;INFO;Controller;State = Ready;
16/11/18;10:57:16.059;INFO;Server;Command: ExecRobotTask (Unload,500000);
16/11/18;10:57:16.059;INFO;Controller;Executing asynchronous activity: ExecRobotTask;
16/11/18;10:57:16.059;INFO;Controller;Status = Executing: Unload;
16/11/18;10:57:16.059;INFO;Controller;State = Running;
16/11/18;10:57:16.907;INFO;Robot Runtime;executing:    Unload;
16/11/18;10:57:21.422;INFO;Controller;Activity ExecRobotTask ended. Return value: Done False/False/False;
16/11/18;10:57:21.423;INFO;Controller;State = Ready;
16/11/18;10:57:21.855;INFO;Server;Command: ExecRobotTask (Load,500000);
16/11/18;10:57:21.855;INFO;Controller;Executing asynchronous activity: ExecRobotTask;
16/11/18;10:57:21.856;INFO;Controller;Status = Executing: Load;
16/11/18;10:57:21.856;INFO;Controller;State = Running;
16/11/18;10:57:23.105;INFO;Robot Runtime;executing:    Load;
16/11/18;10:57:30.171;INFO;Controller;Activity ExecRobotTask ended. Return value: Done False/True/False;
16/11/18;10:57:30.171;INFO;Controller;State = Ready;
16/11/18;10:57:30.203;INFO;Server;Command: ExecRobotTask (Mount,500000);
16/11/18;10:57:30.203;INFO;Controller;Executing asynchronous activity: ExecRobotTask;
16/11/18;10:57:30.203;INFO;Controller;Status = Executing: Mount;
16/11/18;10:57:30.203;INFO;Controller;State = Running;
16/11/18;10:57:31.258;INFO;Robot Runtime;executing:    Mount;
16/11/18;10:57:38.015;INFO;Controller;Activity ExecRobotTask ended. Return value: Done True/False/False;
16/11/18;10:57:38.015;INFO;Controller;State = Ready;
16/11/18;10:57:38.052;INFO;Server;Command: ExecRobotTask (Park,500000);
16/11/18;10:57:38.052;INFO;Controller;Executing asynchronous activity: ExecRobotTask;
16/11/18;10:57:38.052;INFO;Controller;Status = Executing: Park;
16/11/18;10:57:38.052;INFO;Controller;State = Running;
16/11/18;10:57:38.896;INFO;Robot Runtime;executing:    Park;
16/11/18;10:57:42.508;INFO;Controller;Activity ExecRobotTask ended. Return value: Done;
16/11/18;10:57:42.508;INFO;Controller;State = Ready;
16/11/18;10:57:42.545;INFO;Server;Command: ExecRobotTask (UnlatchRobGov,500000);
16/11/18;10:57:42.545;INFO;Controller;Executing asynchronous activity: ExecRobotTask;
16/11/18;10:57:42.545;INFO;Controller;Status = Executing: UnlatchRobGov;
16/11/18;10:57:42.545;INFO;Controller;State = Running;
16/11/18;10:57:43.767;INFO;Robot Runtime;executing:    UnlatchRobGov;
16/11/18;10:57:44.241;INFO;Controller;Activity ExecRobotTask ended. Return value: Done;
16/11/18;10:57:44.241;INFO;Controller;State = Ready;
16/11/18;11:05:55.177;INFO;Server;Command: ExecRobotTask (Unmount,500000);
16/11/18;11:05:55.178;INFO;Controller;Executing asynchronous activity: ExecRobotTask;
16/11/18;11:05:55.178;INFO;Controller;Status = Executing: Unmount;
16/11/18;11:05:55.178;INFO;Controller;State = Running;
16/11/18;11:05:56.142;INFO;Robot Runtime;executing:    Unmount;
16/11/18;11:06:05.956;INFO;Controller;Activity ExecRobotTask ended. Return value: Done False/True/False;
16/11/18;11:06:05.956;INFO;Controller;State = Ready;
16/11/18;11:06:05.996;INFO;Server;Command: ExecRobotTask (Unload,500000);
16/11/18;11:06:05.996;INFO;Controller;Executing asynchronous activity: ExecRobotTask;
16/11/18;11:06:05.996;INFO;Controller;Status = Executing: Unload;
16/11/18;11:06:05.996;INFO;Controller;State = Running;
16/11/18;11:06:06.955;INFO;Robot Runtime;executing:    Unload;
16/11/18;11:06:11.768;INFO;Controller;Activity ExecRobotTask ended. Return value: Done False/False/False;
16/11/18;11:06:11.768;INFO;Controller;State = Ready;
16/11/18;11:06:12.212;INFO;Server;Command: ExecRobotTask (Load,500000);
16/11/18;11:06:12.212;INFO;Controller;Executing asynchronous activity: ExecRobotTask;
16/11/18;11:06:12.213;INFO;Controller;Status = Executing: Load;
16/11/18;11:06:12.213;INFO;Controller;State = Running;
16/11/18;11:06:13.442;INFO;Robot Runtime;executing:    Load;
16/11/18;11:06:20.329;INFO;Controller;Activity ExecRobotTask ended. Return value: Done False/True/False;
16/11/18;11:06:20.330;INFO;Controller;State = Ready;
16/11/18;11:06:20.369;INFO;Server;Command: ExecRobotTask (Mount,500000);
16/11/18;11:06:20.369;INFO;Controller;Executing asynchronous activity: ExecRobotTask;
16/11/18;11:06:20.369;INFO;Controller;Status = Executing: Mount;
16/11/18;11:06:20.369;INFO;Controller;State = Running;
16/11/18;11:06:21.424;INFO;Robot Runtime;executing:    Mount;
16/11/18;11:06:29.125;INFO;Controller;Activity ExecRobotTask ended. Return value: Done True/False/False;
16/11/18;11:06:29.125;INFO;Controller;State = Ready;
16/11/18;11:06:29.160;INFO;Server;Command: ExecRobotTask (Park,500000);
16/11/18;11:06:29.160;INFO;Controller;Executing asynchronous activity: ExecRobotTask;
16/11/18;11:06:29.160;INFO;Controller;Status = Executing: Park;
16/11/18;11:06:29.161;INFO;Controller;State = Running;
16/11/18;11:06:30.005;INFO;Robot Runtime;executing:    Park;
16/11/18;11:06:33.361;INFO;Controller;Activity ExecRobotTask ended. Return value: Done;
16/11/18;11:06:33.361;INFO;Controller;State = Ready;
16/11/18;11:06:33.400;INFO;Server;Command: ExecRobotTask (UnlatchRobGov,500000);
16/11/18;11:06:33.400;INFO;Controller;Executing asynchronous activity: ExecRobotTask;
16/11/18;11:06:33.400;INFO;Controller;Status = Executing: UnlatchRobGov;
16/11/18;11:06:33.400;INFO;Controller;State = Running;
16/11/18;11:06:34.643;INFO;Robot Runtime;executing:    UnlatchRobGov;
16/11/18;11:06:35.094;INFO;Controller;Activity ExecRobotTask ended. Return value: Done;
16/11/18;11:06:35.094;INFO;Controller;State = Ready;
16/11/18;11:12:26.769;INFO;Server;Command: ExecRobotTask (Unmount,500000);
16/11/18;11:12:26.769;INFO;Controller;Executing asynchronous activity: ExecRobotTask;
16/11/18;11:12:26.769;INFO;Controller;Status = Executing: Unmount;
16/11/18;11:12:26.769;INFO;Controller;State = Running;
16/11/18;11:12:27.832;INFO;Robot Runtime;executing:    Unmount;
16/11/18;11:12:37.022;INFO;Controller;Activity ExecRobotTask ended. Return value: Done False/True/False;
16/11/18;11:12:37.022;INFO;Controller;State = Ready;
16/11/18;11:12:37.064;INFO;Server;Command: ExecRobotTask (Unload,500000);
16/11/18;11:12:37.064;INFO;Controller;Executing asynchronous activity: ExecRobotTask;
16/11/18;11:12:37.065;INFO;Controller;Status = Executing: Unload;
16/11/18;11:12:37.065;INFO;Controller;State = Running;
16/11/18;11:12:37.913;INFO;Robot Runtime;executing:    Unload;
16/11/18;11:12:42.728;INFO;Controller;Activity ExecRobotTask ended. Return value: Done False/False/False;
16/11/18;11:12:42.728;INFO;Controller;State = Ready;
16/11/18;11:12:43.172;INFO;Server;Command: ExecRobotTask (Load,500000);
16/11/18;11:12:43.172;INFO;Controller;Executing asynchronous activity: ExecRobotTask;
16/11/18;11:12:43.172;INFO;Controller;Status = Executing: Load;
16/11/18;11:12:43.172;INFO;Controller;State = Running;
16/11/18;11:12:44.399;INFO;Robot Runtime;executing:    Load;
16/11/18;11:12:51.282;INFO;Controller;Activity ExecRobotTask ended. Return value: Done False/True/False;
16/11/18;11:12:51.282;INFO;Controller;State = Ready;
16/11/18;11:12:51.318;INFO;Server;Command: ExecRobotTask (Mount,500000);
16/11/18;11:12:51.319;INFO;Controller;Executing asynchronous activity: ExecRobotTask;
16/11/18;11:12:51.319;INFO;Controller;Status = Executing: Mount;
16/11/18;11:12:51.319;INFO;Controller;State = Running;
16/11/18;11:12:52.376;INFO;Robot Runtime;executing:    Mount;
16/11/18;11:12:59.843;INFO;Controller;Activity ExecRobotTask ended. Return value: Done True/False/False;
16/11/18;11:12:59.843;INFO;Controller;State = Ready;
16/11/18;11:12:59.877;INFO;Server;Command: ExecRobotTask (Park,500000);
16/11/18;11:12:59.877;INFO;Controller;Executing asynchronous activity: ExecRobotTask;
16/11/18;11:12:59.877;INFO;Controller;Status = Executing: Park;
16/11/18;11:12:59.878;INFO;Controller;State = Running;
16/11/18;11:13:00.721;INFO;Robot Runtime;executing:    Park;
16/11/18;11:13:04.340;INFO;Controller;Activity ExecRobotTask ended. Return value: Done;
16/11/18;11:13:04.340;INFO;Controller;State = Ready;
16/11/18;11:13:04.384;INFO;Server;Command: ExecRobotTask (UnlatchRobGov,500000);
16/11/18;11:13:04.384;INFO;Controller;Executing asynchronous activity: ExecRobotTask;
16/11/18;11:13:04.384;INFO;Controller;Status = Executing: UnlatchRobGov;
16/11/18;11:13:04.384;INFO;Controller;State = Running;
16/11/18;11:13:05.636;INFO;Robot Runtime;executing:    UnlatchRobGov;
16/11/18;11:13:06.073;INFO;Controller;Activity ExecRobotTask ended. Return value: Done;
16/11/18;11:13:06.073;INFO;Controller;State = Ready;
16/11/18;11:16:11.340;INFO;Server;Command: ExecRobotTask (Unmount,500000);
16/11/18;11:16:11.341;INFO;Controller;Executing asynchronous activity: ExecRobotTask;
16/11/18;11:16:11.341;INFO;Controller;Status = Executing: Unmount;
16/11/18;11:16:11.341;INFO;Controller;State = Running;
16/11/18;11:16:12.401;INFO;Robot Runtime;executing:    Unmount;
16/11/18;11:16:24.046;INFO;Controller;Activity ExecRobotTask ended. Return value: Done False/True/False;
16/11/18;11:16:24.046;INFO;Controller;State = Ready;
16/11/18;11:16:24.090;INFO;Server;Command: ExecRobotTask (Unload,500000);
16/11/18;11:16:24.090;INFO;Controller;Executing asynchronous activity: ExecRobotTask;
16/11/18;11:16:24.090;INFO;Controller;Status = Executing: Unload;
16/11/18;11:16:24.090;INFO;Controller;State = Running;
16/11/18;11:16:24.947;INFO;Robot Runtime;executing:    Unload;
16/11/18;11:16:29.594;INFO;Controller;Activity ExecRobotTask ended. Return value: Done False/False/False;
16/11/18;11:16:29.594;INFO;Controller;State = Ready;
16/11/18;11:16:30.053;INFO;Server;Command: ExecRobotTask (Load,500000);
16/11/18;11:16:30.053;INFO;Controller;Executing asynchronous activity: ExecRobotTask;
16/11/18;11:16:30.053;INFO;Controller;Status = Executing: Load;
16/11/18;11:16:30.053;INFO;Controller;State = Running;
16/11/18;11:16:31.289;INFO;Robot Runtime;executing:    Load;
16/11/18;11:16:37.980;INFO;Controller;Activity ExecRobotTask ended. Return value: Done False/True/False;
16/11/18;11:16:37.980;INFO;Controller;State = Ready;
16/11/18;11:16:38.027;INFO;Server;Command: ExecRobotTask (Mount,500000);
16/11/18;11:16:38.027;INFO;Controller;Executing asynchronous activity: ExecRobotTask;
16/11/18;11:16:38.027;INFO;Controller;Status = Executing: Mount;
16/11/18;11:16:38.027;INFO;Controller;State = Running;
16/11/18;11:16:39.087;INFO;Robot Runtime;executing:    Mount;
16/11/18;11:16:46.257;INFO;Controller;Activity ExecRobotTask ended. Return value: Done True/False/False;
16/11/18;11:16:46.257;INFO;Controller;State = Ready;
16/11/18;11:16:46.294;INFO;Server;Command: ExecRobotTask (Park,500000);
16/11/18;11:16:46.294;INFO;Controller;Executing asynchronous activity: ExecRobotTask;
16/11/18;11:16:46.294;INFO;Controller;Status = Executing: Park;
16/11/18;11:16:46.294;INFO;Controller;State = Running;
16/11/18;11:16:47.143;INFO;Robot Runtime;executing:    Park;
16/11/18;11:16:50.746;INFO;Controller;Activity ExecRobotTask ended. Return value: Done;
16/11/18;11:16:50.746;INFO;Controller;State = Ready;
16/11/18;11:16:50.791;INFO;Server;Command: ExecRobotTask (UnlatchRobGov,500000);
16/11/18;11:16:50.791;INFO;Controller;Executing asynchronous activity: ExecRobotTask;
16/11/18;11:16:50.791;INFO;Controller;Status = Executing: UnlatchRobGov;
16/11/18;11:16:50.791;INFO;Controller;State = Running;
16/11/18;11:16:52.049;INFO;Robot Runtime;executing:    UnlatchRobGov;
16/11/18;11:16:52.480;INFO;Controller;Activity ExecRobotTask ended. Return value: Done;
16/11/18;11:16:52.480;INFO;Controller;State = Ready;
16/11/18;11:19:18.242;INFO;Server;Command: ExecRobotTask (Unmount,500000);
16/11/18;11:19:18.242;INFO;Controller;Executing asynchronous activity: ExecRobotTask;
16/11/18;11:19:18.242;INFO;Controller;Status = Executing: Unmount;
16/11/18;11:19:18.242;INFO;Controller;State = Running;
16/11/18;11:19:19.307;INFO;Robot Runtime;executing:    Unmount;
16/11/18;11:19:30.602;INFO;Controller;Activity ExecRobotTask ended. Return value: Done False/True/False;
16/11/18;11:19:30.602;INFO;Controller;State = Ready;
16/11/18;11:19:30.644;INFO;Server;Command: ExecRobotTask (Unload,500000);
16/11/18;11:19:30.644;INFO;Controller;Executing asynchronous activity: ExecRobotTask;
16/11/18;11:19:30.644;INFO;Controller;Status = Executing: Unload;
16/11/18;11:19:30.644;INFO;Controller;State = Running;
16/11/18;11:19:31.490;INFO;Robot Runtime;executing:    Unload;
16/11/18;11:19:35.904;INFO;Controller;Activity ExecRobotTask ended. Return value: Done False/False/False;
16/11/18;11:19:35.904;INFO;Controller;State = Ready;
16/11/18;11:19:36.396;INFO;Server;Command: ExecRobotTask (Load,500000);
16/11/18;11:19:36.396;INFO;Controller;Executing asynchronous activity: ExecRobotTask;
16/11/18;11:19:36.396;INFO;Controller;Status = Executing: Load;
16/11/18;11:19:36.397;INFO;Controller;State = Running;
16/11/18;11:19:37.628;INFO;Robot Runtime;executing:    Load;
16/11/18;11:19:44.228;INFO;Controller;Activity ExecRobotTask ended. Return value: Done False/True/False;
16/11/18;11:19:44.228;INFO;Controller;State = Ready;
16/11/18;11:19:44.269;INFO;Server;Command: ExecRobotTask (Mount,500000);
16/11/18;11:19:44.269;INFO;Controller;Executing asynchronous activity: ExecRobotTask;
16/11/18;11:19:44.269;INFO;Controller;Status = Executing: Mount;
16/11/18;11:19:44.270;INFO;Controller;State = Running;
16/11/18;11:19:45.327;INFO;Robot Runtime;executing:    Mount;
16/11/18;11:19:52.962;INFO;Controller;Activity ExecRobotTask ended. Return value: Done True/False/False;
16/11/18;11:19:52.962;INFO;Controller;State = Ready;
16/11/18;11:19:53.006;INFO;Server;Command: ExecRobotTask (Park,500000);
16/11/18;11:19:53.006;INFO;Controller;Executing asynchronous activity: ExecRobotTask;
16/11/18;11:19:53.006;INFO;Controller;Status = Executing: Park;
16/11/18;11:19:53.006;INFO;Controller;State = Running;
16/11/18;11:19:53.850;INFO;Robot Runtime;executing:    Park;
16/11/18;11:19:57.458;INFO;Controller;Activity ExecRobotTask ended. Return value: Done;
16/11/18;11:19:57.458;INFO;Controller;State = Ready;
16/11/18;11:19:57.502;INFO;Server;Command: ExecRobotTask (UnlatchRobGov,500000);
16/11/18;11:19:57.502;INFO;Controller;Executing asynchronous activity: ExecRobotTask;
16/11/18;11:19:57.502;INFO;Controller;Status = Executing: UnlatchRobGov;
16/11/18;11:19:57.502;INFO;Controller;State = Running;
16/11/18;11:19:58.744;INFO;Robot Runtime;executing:    UnlatchRobGov;
16/11/18;11:19:59.192;INFO;Controller;Activity ExecRobotTask ended. Return value: Done;
16/11/18;11:19:59.192;INFO;Controller;State = Ready;
16/11/18;11:22:21.255;INFO;Server;Command: ExecRobotTask (Unmount,500000);
16/11/18;11:22:21.255;INFO;Controller;Executing asynchronous activity: ExecRobotTask;
16/11/18;11:22:21.255;INFO;Controller;Status = Executing: Unmount;
16/11/18;11:22:21.255;INFO;Controller;State = Running;
16/11/18;11:22:22.349;INFO;Robot Runtime;executing:    Unmount;
16/11/18;11:22:31.626;INFO;Controller;Activity ExecRobotTask ended. Return value: Done False/True/False;
16/11/18;11:22:31.626;INFO;Controller;State = Ready;
16/11/18;11:22:31.675;INFO;Server;Command: ExecRobotTask (Unload,500000);
16/11/18;11:22:31.675;INFO;Controller;Executing asynchronous activity: ExecRobotTask;
16/11/18;11:22:31.675;INFO;Controller;Status = Executing: Unload;
16/11/18;11:22:31.675;INFO;Controller;State = Running;
16/11/18;11:22:32.523;INFO;Robot Runtime;executing:    Unload;
16/11/18;11:22:37.160;INFO;Controller;Activity ExecRobotTask ended. Return value: Done False/False/False;
16/11/18;11:22:37.160;INFO;Controller;State = Ready;
16/11/18;11:22:37.614;INFO;Server;Command: ExecRobotTask (Load,500000);
16/11/18;11:22:37.614;INFO;Controller;Executing asynchronous activity: ExecRobotTask;
16/11/18;11:22:37.614;INFO;Controller;Status = Executing: Load;
16/11/18;11:22:37.614;INFO;Controller;State = Running;
16/11/18;11:22:38.860;INFO;Robot Runtime;executing:    Load;
16/11/18;11:22:45.530;INFO;Controller;Activity ExecRobotTask ended. Return value: Done False/True/False;
16/11/18;11:22:45.531;INFO;Controller;State = Ready;
16/11/18;11:22:45.574;INFO;Server;Command: ExecRobotTask (Mount,500000);
16/11/18;11:22:45.575;INFO;Controller;Executing asynchronous activity: ExecRobotTask;
16/11/18;11:22:45.575;INFO;Controller;Status = Executing: Mount;
16/11/18;11:22:45.575;INFO;Controller;State = Running;
16/11/18;11:22:46.646;INFO;Robot Runtime;executing:    Mount;
16/11/18;11:22:54.078;INFO;Controller;Activity ExecRobotTask ended. Return value: Done True/False/False;
16/11/18;11:22:54.078;INFO;Controller;State = Ready;
16/11/18;11:22:54.121;INFO;Server;Command: ExecRobotTask (Park,500000);
16/11/18;11:22:54.121;INFO;Controller;Executing asynchronous activity: ExecRobotTask;
16/11/18;11:22:54.121;INFO;Controller;Status = Executing: Park;
16/11/18;11:22:54.121;INFO;Controller;State = Running;
16/11/18;11:22:54.970;INFO;Robot Runtime;executing:    Park;
16/11/18;11:22:58.496;INFO;Controller;Activity ExecRobotTask ended. Return value: Done;
16/11/18;11:22:58.496;INFO;Controller;State = Ready;
16/11/18;11:22:58.538;INFO;Server;Command: ExecRobotTask (UnlatchRobGov,500000);
16/11/18;11:22:58.538;INFO;Controller;Executing asynchronous activity: ExecRobotTask;
16/11/18;11:22:58.538;INFO;Controller;Status = Executing: UnlatchRobGov;
16/11/18;11:22:58.538;INFO;Controller;State = Running;
16/11/18;11:22:59.779;INFO;Robot Runtime;executing:    UnlatchRobGov;
16/11/18;11:23:00.232;INFO;Controller;Activity ExecRobotTask ended. Return value: Done;
16/11/18;11:23:00.232;INFO;Controller;State = Ready;
16/11/18;11:25:47.295;INFO;Server;Command: ExecRobotTask (Unmount,500000);
16/11/18;11:25:47.295;INFO;Controller;Executing asynchronous activity: ExecRobotTask;
16/11/18;11:25:47.295;INFO;Controller;Status = Executing: Unmount;
16/11/18;11:25:47.295;INFO;Controller;State = Running;
16/11/18;11:25:48.361;INFO;Robot Runtime;executing:    Unmount;
16/11/18;11:25:57.623;INFO;Controller;Activity ExecRobotTask ended. Return value: Done False/True/False;
16/11/18;11:25:57.624;INFO;Controller;State = Ready;
16/11/18;11:25:57.666;INFO;Server;Command: ExecRobotTask (Unload,500000);
16/11/18;11:25:57.667;INFO;Controller;Executing asynchronous activity: ExecRobotTask;
16/11/18;11:25:57.667;INFO;Controller;Status = Executing: Unload;
16/11/18;11:25:57.667;INFO;Controller;State = Running;
16/11/18;11:25:58.514;INFO;Robot Runtime;executing:    Unload;
16/11/18;11:26:03.170;INFO;Controller;Activity ExecRobotTask ended. Return value: Done False/False/False;
16/11/18;11:26:03.170;INFO;Controller;State = Ready;
16/11/18;11:26:03.612;INFO;Server;Command: ExecRobotTask (Load,500000);
16/11/18;11:26:03.612;INFO;Controller;Executing asynchronous activity: ExecRobotTask;
16/11/18;11:26:03.612;INFO;Controller;Status = Executing: Load;
16/11/18;11:26:03.612;INFO;Controller;State = Running;
16/11/18;11:26:04.837;INFO;Robot Runtime;executing:    Load;
16/11/18;11:26:11.542;INFO;Controller;Activity ExecRobotTask ended. Return value: Done False/True/False;
16/11/18;11:26:11.543;INFO;Controller;State = Ready;
16/11/18;11:26:11.589;INFO;Server;Command: ExecRobotTask (Mount,500000);
16/11/18;11:26:11.589;INFO;Controller;Executing asynchronous activity: ExecRobotTask;
16/11/18;11:26:11.589;INFO;Controller;Status = Executing: Mount;
16/11/18;11:26:11.589;INFO;Controller;State = Running;
16/11/18;11:26:12.650;INFO;Robot Runtime;executing:    Mount;
16/11/18;11:26:19.801;INFO;Controller;Activity ExecRobotTask ended. Return value: Done True/False/False;
16/11/18;11:26:19.801;INFO;Controller;State = Ready;
16/11/18;11:26:19.837;INFO;Server;Command: ExecRobotTask (Park,500000);
16/11/18;11:26:19.837;INFO;Controller;Executing asynchronous activity: ExecRobotTask;
16/11/18;11:26:19.837;INFO;Controller;Status = Executing: Park;
16/11/18;11:26:19.837;INFO;Controller;State = Running;
16/11/18;11:26:20.686;INFO;Robot Runtime;executing:    Park;
16/11/18;11:26:24.290;INFO;Controller;Activity ExecRobotTask ended. Return value: Done;
16/11/18;11:26:24.290;INFO;Controller;State = Ready;
16/11/18;11:26:24.333;INFO;Server;Command: ExecRobotTask (UnlatchRobGov,500000);
16/11/18;11:26:24.333;INFO;Controller;Executing asynchronous activity: ExecRobotTask;
16/11/18;11:26:24.333;INFO;Controller;Status = Executing: UnlatchRobGov;
16/11/18;11:26:24.333;INFO;Controller;State = Running;
16/11/18;11:26:25.587;INFO;Robot Runtime;executing:    UnlatchRobGov;
16/11/18;11:26:26.022;INFO;Controller;Activity ExecRobotTask ended. Return value: Done;
16/11/18;11:26:26.022;INFO;Controller;State = Ready;
16/11/18;11:36:43.183;INFO;Server;Command: ExecRobotTask (Unmount,500000);
16/11/18;11:36:43.184;INFO;Controller;Executing asynchronous activity: ExecRobotTask;
16/11/18;11:36:43.184;INFO;Controller;Status = Executing: Unmount;
16/11/18;11:36:43.184;INFO;Controller;State = Running;
16/11/18;11:36:44.115;INFO;Robot Runtime;executing:    Unmount;
16/11/18;11:36:55.730;INFO;Controller;Activity ExecRobotTask ended. Return value: Done False/True/False;
16/11/18;11:36:55.730;INFO;Controller;State = Ready;
16/11/18;11:36:55.775;INFO;Server;Command: ExecRobotTask (Unload,500000);
16/11/18;11:36:55.775;INFO;Controller;Executing asynchronous activity: ExecRobotTask;
16/11/18;11:36:55.775;INFO;Controller;Status = Executing: Unload;
16/11/18;11:36:55.775;INFO;Controller;State = Running;
16/11/18;11:36:56.750;INFO;Robot Runtime;executing:    Unload;
16/11/18;11:37:01.515;INFO;Controller;Activity ExecRobotTask ended. Return value: Done False/False/False;
16/11/18;11:37:01.515;INFO;Controller;State = Ready;
16/11/18;11:37:01.967;INFO;Server;Command: ExecRobotTask (Load,500000);
16/11/18;11:37:01.967;INFO;Controller;Executing asynchronous activity: ExecRobotTask;
16/11/18;11:37:01.968;INFO;Controller;Status = Executing: Load;
16/11/18;11:37:01.968;INFO;Controller;State = Running;
16/11/18;11:37:03.212;INFO;Robot Runtime;executing:    Load;
16/11/18;11:37:10.061;INFO;Controller;Activity ExecRobotTask ended. Return value: Done False/True/False;
16/11/18;11:37:10.062;INFO;Controller;State = Ready;
16/11/18;11:37:10.104;INFO;Server;Command: ExecRobotTask (Mount,500000);
16/11/18;11:37:10.105;INFO;Controller;Executing asynchronous activity: ExecRobotTask;
16/11/18;11:37:10.105;INFO;Controller;Status = Executing: Mount;
16/11/18;11:37:10.105;INFO;Controller;State = Running;
16/11/18;11:37:11.163;INFO;Robot Runtime;executing:    Mount;
16/11/18;11:37:19.358;INFO;Controller;Activity ExecRobotTask ended. Return value: Done True/False/False;
16/11/18;11:37:19.359;INFO;Controller;State = Ready;
16/11/18;11:37:19.405;INFO;Server;Command: ExecRobotTask (Park,500000);
16/11/18;11:37:19.405;INFO;Controller;Executing asynchronous activity: ExecRobotTask;
16/11/18;11:37:19.405;INFO;Controller;Status = Executing: Park;
16/11/18;11:37:19.405;INFO;Controller;State = Running;
16/11/18;11:37:20.253;INFO;Robot Runtime;executing:    Park;
16/11/18;11:37:23.432;INFO;Controller;Activity ExecRobotTask ended. Return value: Done;
16/11/18;11:37:23.433;INFO;Controller;State = Ready;
16/11/18;11:37:23.484;INFO;Server;Command: ExecRobotTask (UnlatchRobGov,500000);
16/11/18;11:37:23.484;INFO;Controller;Executing asynchronous activity: ExecRobotTask;
16/11/18;11:37:23.484;INFO;Controller;Status = Executing: UnlatchRobGov;
16/11/18;11:37:23.484;INFO;Controller;State = Running;
16/11/18;11:37:24.728;INFO;Robot Runtime;executing:    UnlatchRobGov;
16/11/18;11:37:25.085;INFO;Controller;Activity ExecRobotTask ended. Return value: Done;
16/11/18;11:37:25.085;INFO;Controller;State = Ready;
16/11/18;11:43:48.708;INFO;Server;Command: ExecRobotTask (Unmount,500000);
16/11/18;11:43:48.708;INFO;Controller;Executing asynchronous activity: ExecRobotTask;
16/11/18;11:43:48.708;INFO;Controller;Status = Executing: Unmount;
16/11/18;11:43:48.708;INFO;Controller;State = Running;
16/11/18;11:43:49.772;INFO;Robot Runtime;executing:    Unmount;
16/11/18;11:43:59.115;INFO;Controller;Activity ExecRobotTask ended. Return value: Done False/True/False;
16/11/18;11:43:59.115;INFO;Controller;State = Ready;
16/11/18;11:43:59.168;INFO;Server;Command: ExecRobotTask (Unload,500000);
16/11/18;11:43:59.168;INFO;Controller;Executing asynchronous activity: ExecRobotTask;
16/11/18;11:43:59.168;INFO;Controller;Status = Executing: Unload;
16/11/18;11:43:59.168;INFO;Controller;State = Running;
16/11/18;11:44:00.016;INFO;Robot Runtime;executing:    Unload;
16/11/18;11:44:04.667;INFO;Controller;Activity ExecRobotTask ended. Return value: Done False/False/False;
16/11/18;11:44:04.668;INFO;Controller;State = Ready;
16/11/18;11:44:05.133;INFO;Server;Command: ExecRobotTask (Load,500000);
16/11/18;11:44:05.133;INFO;Controller;Executing asynchronous activity: ExecRobotTask;
16/11/18;11:44:05.133;INFO;Controller;Status = Executing: Load;
16/11/18;11:44:05.133;INFO;Controller;State = Running;
16/11/18;11:44:06.400;INFO;Robot Runtime;executing:    Load;
16/11/18;11:44:13.223;INFO;Controller;Activity ExecRobotTask ended. Return value: Done False/True/False;
16/11/18;11:44:13.223;INFO;Controller;State = Ready;
16/11/18;11:44:13.269;INFO;Server;Command: ExecRobotTask (Mount,500000);
16/11/18;11:44:13.269;INFO;Controller;Executing asynchronous activity: ExecRobotTask;
16/11/18;11:44:13.269;INFO;Controller;Status = Executing: Mount;
16/11/18;11:44:13.269;INFO;Controller;State = Running;
16/11/18;11:44:14.329;INFO;Robot Runtime;executing:    Mount;
16/11/18;11:44:20.903;INFO;Controller;Activity ExecRobotTask ended. Return value: Done True/False/False;
16/11/18;11:44:20.903;INFO;Controller;State = Ready;
16/11/18;11:44:20.949;INFO;Server;Command: ExecRobotTask (Park,500000);
16/11/18;11:44:20.949;INFO;Controller;Executing asynchronous activity: ExecRobotTask;
16/11/18;11:44:20.949;INFO;Controller;Status = Executing: Park;
16/11/18;11:44:20.949;INFO;Controller;State = Running;
16/11/18;11:44:21.797;INFO;Robot Runtime;executing:    Park;
16/11/18;11:44:25.569;INFO;Controller;Activity ExecRobotTask ended. Return value: Done;
16/11/18;11:44:25.569;INFO;Controller;State = Ready;
16/11/18;11:44:25.616;INFO;Server;Command: ExecRobotTask (UnlatchRobGov,500000);
16/11/18;11:44:25.616;INFO;Controller;Executing asynchronous activity: ExecRobotTask;
16/11/18;11:44:25.616;INFO;Controller;Status = Executing: UnlatchRobGov;
16/11/18;11:44:25.616;INFO;Controller;State = Running;
16/11/18;11:44:26.839;INFO;Robot Runtime;executing:    UnlatchRobGov;
16/11/18;11:44:27.299;INFO;Controller;Activity ExecRobotTask ended. Return value: Done;
16/11/18;11:44:27.300;INFO;Controller;State = Ready;
16/11/18;11:49:58.135;INFO;Server;Command: ExecRobotTask (Unmount,500000);
16/11/18;11:49:58.135;INFO;Controller;Executing asynchronous activity: ExecRobotTask;
16/11/18;11:49:58.135;INFO;Controller;Status = Executing: Unmount;
16/11/18;11:49:58.135;INFO;Controller;State = Running;
16/11/18;11:49:59.203;INFO;Robot Runtime;executing:    Unmount;
16/11/18;11:50:09.765;INFO;Controller;Activity ExecRobotTask ended. Return value: Done False/True/False;
16/11/18;11:50:09.765;INFO;Controller;State = Ready;
16/11/18;11:50:09.811;INFO;Server;Command: ExecRobotTask (Unload,500000);
16/11/18;11:50:09.811;INFO;Controller;Executing asynchronous activity: ExecRobotTask;
16/11/18;11:50:09.811;INFO;Controller;Status = Executing: Unload;
16/11/18;11:50:09.811;INFO;Controller;State = Running;
16/11/18;11:50:10.663;INFO;Robot Runtime;executing:    Unload;
16/11/18;11:50:15.315;INFO;Controller;Activity ExecRobotTask ended. Return value: Done False/False/False;
16/11/18;11:50:15.315;INFO;Controller;State = Ready;
16/11/18;11:50:15.788;INFO;Server;Command: ExecRobotTask (Load,500000);
16/11/18;11:50:15.788;INFO;Controller;Executing asynchronous activity: ExecRobotTask;
16/11/18;11:50:15.789;INFO;Controller;Status = Executing: Load;
16/11/18;11:50:15.789;INFO;Controller;State = Running;
16/11/18;11:50:17.030;INFO;Robot Runtime;executing:    Load;
16/11/18;11:50:23.704;INFO;Controller;Activity ExecRobotTask ended. Return value: Done False/True/False;
16/11/18;11:50:23.704;INFO;Controller;State = Ready;
16/11/18;11:50:23.759;INFO;Server;Command: ExecRobotTask (Mount,500000);
16/11/18;11:50:23.759;INFO;Controller;Executing asynchronous activity: ExecRobotTask;
16/11/18;11:50:23.759;INFO;Controller;Status = Executing: Mount;
16/11/18;11:50:23.759;INFO;Controller;State = Running;
16/11/18;11:50:24.822;INFO;Robot Runtime;executing:    Mount;
16/11/18;11:50:32.950;INFO;Controller;Activity ExecRobotTask ended. Return value: Done True/False/False;
16/11/18;11:50:32.950;INFO;Controller;State = Ready;
16/11/18;11:50:33.000;INFO;Server;Command: ExecRobotTask (Park,500000);
16/11/18;11:50:33.000;INFO;Controller;Executing asynchronous activity: ExecRobotTask;
16/11/18;11:50:33.000;INFO;Controller;Status = Executing: Park;
16/11/18;11:50:33.000;INFO;Controller;State = Running;
16/11/18;11:50:33.849;INFO;Robot Runtime;executing:    Park;
16/11/18;11:50:37.436;INFO;Controller;Activity ExecRobotTask ended. Return value: Done;
16/11/18;11:50:37.436;INFO;Controller;State = Ready;
16/11/18;11:50:37.489;INFO;Server;Command: ExecRobotTask (UnlatchRobGov,500000);
16/11/18;11:50:37.489;INFO;Controller;Executing asynchronous activity: ExecRobotTask;
16/11/18;11:50:37.489;INFO;Controller;Status = Executing: UnlatchRobGov;
16/11/18;11:50:37.489;INFO;Controller;State = Running;
16/11/18;11:50:38.733;INFO;Robot Runtime;executing:    UnlatchRobGov;
16/11/18;11:50:39.173;INFO;Controller;Activity ExecRobotTask ended. Return value: Done;
16/11/18;11:50:39.173;INFO;Controller;State = Ready;
16/11/18;12:07:36.741;INFO;Server;Command: ExecRobotTask (Unmount,500000);
16/11/18;12:07:36.742;INFO;Controller;Executing asynchronous activity: ExecRobotTask;
16/11/18;12:07:36.742;INFO;Controller;Status = Executing: Unmount;
16/11/18;12:07:36.742;INFO;Controller;State = Running;
16/11/18;12:07:37.677;INFO;Robot Runtime;executing:    Unmount;
16/11/18;12:07:48.231;INFO;Controller;Activity ExecRobotTask ended. Return value: Done False/True/False;
16/11/18;12:07:48.231;INFO;Controller;State = Ready;
16/11/18;12:07:48.285;INFO;Server;Command: ExecRobotTask (Unload,500000);
16/11/18;12:07:48.285;INFO;Controller;Executing asynchronous activity: ExecRobotTask;
16/11/18;12:07:48.285;INFO;Controller;Status = Executing: Unload;
16/11/18;12:07:48.285;INFO;Controller;State = Running;
16/11/18;12:07:49.270;INFO;Robot Runtime;executing:    Unload;
16/11/18;12:07:54.052;INFO;Controller;Activity ExecRobotTask ended. Return value: Done False/False/False;
16/11/18;12:07:54.052;INFO;Controller;State = Ready;
16/11/18;12:07:54.540;INFO;Server;Command: ExecRobotTask (Load,500000);
16/11/18;12:07:54.540;INFO;Controller;Executing asynchronous activity: ExecRobotTask;
16/11/18;12:07:54.540;INFO;Controller;Status = Executing: Load;
16/11/18;12:07:54.541;INFO;Controller;State = Running;
16/11/18;12:07:55.787;INFO;Robot Runtime;executing:    Load;
16/11/18;12:08:02.433;INFO;Controller;Activity ExecRobotTask ended. Return value: Done False/True/False;
16/11/18;12:08:02.433;INFO;Controller;State = Ready;
16/11/18;12:08:02.485;INFO;Server;Command: ExecRobotTask (Mount,500000);
16/11/18;12:08:02.486;INFO;Controller;Executing asynchronous activity: ExecRobotTask;
16/11/18;12:08:02.486;INFO;Controller;Status = Executing: Mount;
16/11/18;12:08:02.486;INFO;Controller;State = Running;
16/11/18;12:08:03.546;INFO;Robot Runtime;executing:    Mount;
16/11/18;12:08:11.516;INFO;Controller;Activity ExecRobotTask ended. Return value: Done True/False/False;
16/11/18;12:08:11.516;INFO;Controller;State = Ready;
16/11/18;12:08:11.570;INFO;Server;Command: ExecRobotTask (Park,500000);
16/11/18;12:08:11.570;INFO;Controller;Executing asynchronous activity: ExecRobotTask;
16/11/18;12:08:11.570;INFO;Controller;Status = Executing: Park;
16/11/18;12:08:11.570;INFO;Controller;State = Running;
16/11/18;12:08:12.418;INFO;Robot Runtime;executing:    Park;
16/11/18;12:08:15.929;INFO;Controller;Activity ExecRobotTask ended. Return value: Done;
16/11/18;12:08:15.929;INFO;Controller;State = Ready;
16/11/18;12:08:15.981;INFO;Server;Command: ExecRobotTask (UnlatchRobGov,500000);
16/11/18;12:08:15.982;INFO;Controller;Executing asynchronous activity: ExecRobotTask;
16/11/18;12:08:15.982;INFO;Controller;Status = Executing: UnlatchRobGov;
16/11/18;12:08:15.982;INFO;Controller;State = Running;
16/11/18;12:08:17.229;INFO;Robot Runtime;executing:    UnlatchRobGov;
16/11/18;12:08:17.660;INFO;Controller;Activity ExecRobotTask ended. Return value: Done;
16/11/18;12:08:17.660;INFO;Controller;State = Ready;
16/11/18;12:22:34.863;INFO;Server;Command: ExecRobotTask (Unmount,500000);
16/11/18;12:22:34.864;INFO;Controller;Executing asynchronous activity: ExecRobotTask;
16/11/18;12:22:34.864;INFO;Controller;Status = Executing: Unmount;
16/11/18;12:22:34.864;INFO;Controller;State = Running;
16/11/18;12:22:35.933;INFO;Robot Runtime;executing:    Unmount;
16/11/18;12:22:45.325;INFO;Controller;Activity ExecRobotTask ended. Return value: Done False/True/False;
16/11/18;12:22:45.325;INFO;Controller;State = Ready;
16/11/18;12:22:45.378;INFO;Server;Command: ExecRobotTask (Unload,500000);
16/11/18;12:22:45.378;INFO;Controller;Executing asynchronous activity: ExecRobotTask;
16/11/18;12:22:45.378;INFO;Controller;Status = Executing: Unload;
16/11/18;12:22:45.378;INFO;Controller;State = Running;
16/11/18;12:22:46.231;INFO;Robot Runtime;executing:    Unload;
16/11/18;12:22:50.720;INFO;Controller;Activity ExecRobotTask ended. Return value: Done False/False/False;
16/11/18;12:22:50.720;INFO;Controller;State = Ready;
16/11/18;12:22:51.196;INFO;Server;Command: ExecRobotTask (Load,500000);
16/11/18;12:22:51.196;INFO;Controller;Executing asynchronous activity: ExecRobotTask;
16/11/18;12:22:51.196;INFO;Controller;Status = Executing: Load;
16/11/18;12:22:51.196;INFO;Controller;State = Running;
16/11/18;12:22:52.441;INFO;Robot Runtime;executing:    Load;
16/11/18;12:22:59.456;INFO;Controller;Activity ExecRobotTask ended. Return value: Done False/True/False;
16/11/18;12:22:59.456;INFO;Controller;State = Ready;
16/11/18;12:22:59.513;INFO;Server;Command: ExecRobotTask (Mount,500000);
16/11/18;12:22:59.513;INFO;Controller;Executing asynchronous activity: ExecRobotTask;
16/11/18;12:22:59.513;INFO;Controller;Status = Executing: Mount;
16/11/18;12:22:59.513;INFO;Controller;State = Running;
16/11/18;12:23:00.582;INFO;Robot Runtime;executing:    Mount;
16/11/18;12:23:08.791;INFO;Controller;Activity ExecRobotTask ended. Return value: Done True/False/False;
16/11/18;12:23:08.791;INFO;Controller;State = Ready;
16/11/18;12:23:08.842;INFO;Server;Command: ExecRobotTask (Park,500000);
16/11/18;12:23:08.842;INFO;Controller;Executing asynchronous activity: ExecRobotTask;
16/11/18;12:23:08.842;INFO;Controller;Status = Executing: Park;
16/11/18;12:23:08.842;INFO;Controller;State = Running;
16/11/18;12:23:09.693;INFO;Robot Runtime;executing:    Park;
16/11/18;12:23:13.298;INFO;Controller;Activity ExecRobotTask ended. Return value: Done;
16/11/18;12:23:13.298;INFO;Controller;State = Ready;
16/11/18;12:23:13.353;INFO;Server;Command: ExecRobotTask (UnlatchRobGov,500000);
16/11/18;12:23:13.353;INFO;Controller;Executing asynchronous activity: ExecRobotTask;
16/11/18;12:23:13.353;INFO;Controller;Status = Executing: UnlatchRobGov;
16/11/18;12:23:13.353;INFO;Controller;State = Running;
16/11/18;12:23:14.605;INFO;Robot Runtime;executing:    UnlatchRobGov;
16/11/18;12:23:15.031;INFO;Controller;Activity ExecRobotTask ended. Return value: Done;
16/11/18;12:23:15.031;INFO;Controller;State = Ready;
16/11/18;12:30:30.461;INFO;Server;Command: ExecRobotTask (Unmount,500000);
16/11/18;12:30:30.461;INFO;Controller;Executing asynchronous activity: ExecRobotTask;
16/11/18;12:30:30.461;INFO;Controller;Status = Executing: Unmount;
16/11/18;12:30:30.461;INFO;Controller;State = Running;
16/11/18;12:30:31.536;INFO;Robot Runtime;executing:    Unmount;
16/11/18;12:30:43.102;INFO;Controller;Activity ExecRobotTask ended. Return value: Done False/True/False;
16/11/18;12:30:43.102;INFO;Controller;State = Ready;
16/11/18;12:30:43.153;INFO;Server;Command: ExecRobotTask (Unload,500000);
16/11/18;12:30:43.153;INFO;Controller;Executing asynchronous activity: ExecRobotTask;
16/11/18;12:30:43.153;INFO;Controller;Status = Executing: Unload;
16/11/18;12:30:43.153;INFO;Controller;State = Running;
16/11/18;12:30:43.999;INFO;Robot Runtime;executing:    Unload;
16/11/18;12:30:48.463;INFO;Controller;Activity ExecRobotTask ended. Return value: Done False/False/False;
16/11/18;12:30:48.464;INFO;Controller;State = Ready;
16/11/18;12:30:48.918;INFO;Server;Command: ExecRobotTask (Load,500000);
16/11/18;12:30:48.919;INFO;Controller;Executing asynchronous activity: ExecRobotTask;
16/11/18;12:30:48.919;INFO;Controller;Status = Executing: Load;
16/11/18;12:30:48.919;INFO;Controller;State = Running;
16/11/18;12:30:50.157;INFO;Robot Runtime;executing:    Load;
16/11/18;12:30:57.156;INFO;Controller;Activity ExecRobotTask ended. Return value: Done False/True/False;
16/11/18;12:30:57.156;INFO;Controller;State = Ready;
16/11/18;12:30:57.216;INFO;Server;Command: ExecRobotTask (Mount,500000);
16/11/18;12:30:57.216;INFO;Controller;Executing asynchronous activity: ExecRobotTask;
16/11/18;12:30:57.216;INFO;Controller;Status = Executing: Mount;
16/11/18;12:30:57.217;INFO;Controller;State = Running;
16/11/18;12:30:58.267;INFO;Robot Runtime;executing:    Mount;
16/11/18;12:31:06.220;INFO;Controller;Activity ExecRobotTask ended. Return value: Done True/False/False;
16/11/18;12:31:06.221;INFO;Controller;State = Ready;
16/11/18;12:31:06.277;INFO;Server;Command: ExecRobotTask (Park,500000);
16/11/18;12:31:06.277;INFO;Controller;Executing asynchronous activity: ExecRobotTask;
16/11/18;12:31:06.277;INFO;Controller;Status = Executing: Park;
16/11/18;12:31:06.277;INFO;Controller;State = Running;
16/11/18;12:31:07.123;INFO;Robot Runtime;executing:    Park;
16/11/18;12:31:10.698;INFO;Controller;Activity ExecRobotTask ended. Return value: Done;
16/11/18;12:31:10.698;INFO;Controller;State = Ready;
16/11/18;12:31:10.725;INFO;Server;Command: ExecRobotTask (UnlatchRobGov,500000);
16/11/18;12:31:10.726;INFO;Controller;Executing asynchronous activity: ExecRobotTask;
16/11/18;12:31:10.726;INFO;Controller;Status = Executing: UnlatchRobGov;
16/11/18;12:31:10.726;INFO;Controller;State = Running;
16/11/18;12:31:11.968;INFO;Robot Runtime;executing:    UnlatchRobGov;
16/11/18;12:31:12.430;INFO;Controller;Activity ExecRobotTask ended. Return value: Done;
16/11/18;12:31:12.430;INFO;Controller;State = Ready;
16/11/18;12:35:45.977;INFO;Server;Command: ExecRobotTask (Unmount,500000);
16/11/18;12:35:45.978;INFO;Controller;Executing asynchronous activity: ExecRobotTask;
16/11/18;12:35:45.978;INFO;Controller;Status = Executing: Unmount;
16/11/18;12:35:45.978;INFO;Controller;State = Running;
16/11/18;12:35:46.934;INFO;Robot Runtime;executing:    Unmount;
16/11/18;12:35:55.878;INFO;Controller;Activity ExecRobotTask ended. Return value: Done False/True/False;
16/11/18;12:35:55.878;INFO;Controller;State = Ready;
16/11/18;12:35:55.938;INFO;Server;Command: ExecRobotTask (Unload,500000);
16/11/18;12:35:55.938;INFO;Controller;Executing asynchronous activity: ExecRobotTask;
16/11/18;12:35:55.938;INFO;Controller;Status = Executing: Unload;
16/11/18;12:35:55.938;INFO;Controller;State = Running;
16/11/18;12:35:56.895;INFO;Robot Runtime;executing:    Unload;
16/11/18;12:36:01.594;INFO;Controller;Activity ExecRobotTask ended. Return value: Done False/False/False;
16/11/18;12:36:01.594;INFO;Controller;State = Ready;
16/11/18;12:36:02.053;INFO;Server;Command: ExecRobotTask (Load,500000);
16/11/18;12:36:02.053;INFO;Controller;Executing asynchronous activity: ExecRobotTask;
16/11/18;12:36:02.053;INFO;Controller;Status = Executing: Load;
16/11/18;12:36:02.053;INFO;Controller;State = Running;
16/11/18;12:36:03.274;INFO;Robot Runtime;executing:    Load;
16/11/18;12:36:10.358;INFO;Controller;Activity ExecRobotTask ended. Return value: Done False/True/False;
16/11/18;12:36:10.358;INFO;Controller;State = Ready;
16/11/18;12:36:10.414;INFO;Server;Command: ExecRobotTask (Mount,500000);
16/11/18;12:36:10.414;INFO;Controller;Executing asynchronous activity: ExecRobotTask;
16/11/18;12:36:10.414;INFO;Controller;Status = Executing: Mount;
16/11/18;12:36:10.414;INFO;Controller;State = Running;
16/11/18;12:36:11.468;INFO;Robot Runtime;executing:    Mount;
16/11/18;12:36:18.036;INFO;Controller;Activity ExecRobotTask ended. Return value: Done True/False/False;
16/11/18;12:36:18.036;INFO;Controller;State = Ready;
16/11/18;12:36:18.092;INFO;Server;Command: ExecRobotTask (Park,500000);
16/11/18;12:36:18.092;INFO;Controller;Executing asynchronous activity: ExecRobotTask;
16/11/18;12:36:18.092;INFO;Controller;Status = Executing: Park;
16/11/18;12:36:18.092;INFO;Controller;State = Running;
16/11/18;12:36:18.939;INFO;Robot Runtime;executing:    Park;
16/11/18;12:36:22.446;INFO;Controller;Activity ExecRobotTask ended. Return value: Done;
16/11/18;12:36:22.446;INFO;Controller;State = Ready;
16/11/18;12:36:22.508;INFO;Server;Command: ExecRobotTask (UnlatchRobGov,500000);
16/11/18;12:36:22.508;INFO;Controller;Executing asynchronous activity: ExecRobotTask;
16/11/18;12:36:22.508;INFO;Controller;Status = Executing: UnlatchRobGov;
16/11/18;12:36:22.508;INFO;Controller;State = Running;
16/11/18;12:36:23.751;INFO;Robot Runtime;executing:    UnlatchRobGov;
16/11/18;12:36:24.181;INFO;Controller;Activity ExecRobotTask ended. Return value: Done;
16/11/18;12:36:24.181;INFO;Controller;State = Ready;
16/11/18;13:36:07.302;INFO;Server;Command: ExecRobotTask (Unmount,500000);
16/11/18;13:36:07.302;INFO;Controller;Executing asynchronous activity: ExecRobotTask;
16/11/18;13:36:07.302;INFO;Controller;Status = Executing: Unmount;
16/11/18;13:36:07.302;INFO;Controller;State = Running;
16/11/18;13:36:08.241;INFO;Robot Runtime;executing:    Unmount;
16/11/18;13:36:18.643;INFO;Controller;Activity ExecRobotTask ended. Return value: Done False/True/False;
16/11/18;13:36:18.643;INFO;Controller;State = Ready;
16/11/18;13:36:18.675;INFO;Server;Command: ExecRobotTask (Unload,500000);
16/11/18;13:36:18.675;INFO;Controller;Executing asynchronous activity: ExecRobotTask;
16/11/18;13:36:18.675;INFO;Controller;Status = Executing: Unload;
16/11/18;13:36:18.675;INFO;Controller;State = Running;
16/11/18;13:36:19.658;INFO;Robot Runtime;executing:    Unload;
16/11/18;13:36:24.446;INFO;Controller;Activity ExecRobotTask ended. Return value: Done False/False/False;
16/11/18;13:36:24.447;INFO;Controller;State = Ready;
16/11/18;13:36:24.863;INFO;Server;Command: ExecRobotTask (Load,500000);
16/11/18;13:36:24.863;INFO;Controller;Executing asynchronous activity: ExecRobotTask;
16/11/18;13:36:24.863;INFO;Controller;Status = Executing: Load;
16/11/18;13:36:24.863;INFO;Controller;State = Running;
16/11/18;13:36:26.107;INFO;Robot Runtime;executing:    Load;
16/11/18;13:36:32.810;INFO;Controller;Activity ExecRobotTask ended. Return value: Done False/True/False;
16/11/18;13:36:32.810;INFO;Controller;State = Ready;
16/11/18;13:36:32.819;INFO;Server;Command: ExecRobotTask (Mount,500000);
16/11/18;13:36:32.819;INFO;Controller;Executing asynchronous activity: ExecRobotTask;
16/11/18;13:36:32.819;INFO;Controller;Status = Executing: Mount;
16/11/18;13:36:32.819;INFO;Controller;State = Running;
16/11/18;13:36:33.880;INFO;Robot Runtime;executing:    Mount;
16/11/18;13:36:41.785;INFO;Controller;Activity ExecRobotTask ended. Return value: Done True/False/False;
16/11/18;13:36:41.785;INFO;Controller;State = Ready;
16/11/18;13:36:41.797;INFO;Server;Command: ExecRobotTask (Park,500000);
16/11/18;13:36:41.798;INFO;Controller;Executing asynchronous activity: ExecRobotTask;
16/11/18;13:36:41.798;INFO;Controller;Status = Executing: Park;
16/11/18;13:36:41.798;INFO;Controller;State = Running;
16/11/18;13:36:42.642;INFO;Robot Runtime;executing:    Park;
16/11/18;13:36:46.267;INFO;Controller;Activity ExecRobotTask ended. Return value: Done;
16/11/18;13:36:46.268;INFO;Controller;State = Ready;
16/11/18;13:36:46.285;INFO;Server;Command: ExecRobotTask (UnlatchRobGov,500000);
16/11/18;13:36:46.285;INFO;Controller;Executing asynchronous activity: ExecRobotTask;
16/11/18;13:36:46.285;INFO;Controller;Status = Executing: UnlatchRobGov;
16/11/18;13:36:46.285;INFO;Controller;State = Running;
16/11/18;13:36:47.520;INFO;Robot Runtime;executing:    UnlatchRobGov;
16/11/18;13:36:47.999;INFO;Controller;Activity ExecRobotTask ended. Return value: Done;
16/11/18;13:36:47.999;INFO;Controller;State = Ready;
16/11/18;13:40:27.037;INFO;Server;Command: ExecRobotTask (Unmount,500000);
16/11/18;13:40:27.037;INFO;Controller;Executing asynchronous activity: ExecRobotTask;
16/11/18;13:40:27.037;INFO;Controller;Status = Executing: Unmount;
16/11/18;13:40:27.037;INFO;Controller;State = Running;
16/11/18;13:40:28.099;INFO;Robot Runtime;executing:    Unmount;
16/11/18;13:40:39.693;INFO;Controller;Activity ExecRobotTask ended. Return value: Done False/True/False;
16/11/18;13:40:39.693;INFO;Controller;State = Ready;
16/11/18;13:40:39.711;INFO;Server;Command: ExecRobotTask (Unload,500000);
16/11/18;13:40:39.711;INFO;Controller;Executing asynchronous activity: ExecRobotTask;
16/11/18;13:40:39.711;INFO;Controller;Status = Executing: Unload;
16/11/18;13:40:39.711;INFO;Controller;State = Running;
16/11/18;13:40:40.561;INFO;Robot Runtime;executing:    Unload;
16/11/18;13:40:45.215;INFO;Controller;Activity ExecRobotTask ended. Return value: Done False/False/False;
16/11/18;13:40:45.215;INFO;Controller;State = Ready;
16/11/18;13:40:45.325;INFO;Server;Command: ExecRobotTask (UnlatchRobGov,500000);
16/11/18;13:40:45.325;INFO;Controller;Executing asynchronous activity: ExecRobotTask;
16/11/18;13:40:45.325;INFO;Controller;Status = Executing: UnlatchRobGov;
16/11/18;13:40:45.325;INFO;Controller;State = Running;
16/11/18;13:40:46.545;INFO;Robot Runtime;executing:    UnlatchRobGov;
16/11/18;13:40:47.449;INFO;Controller;Activity ExecRobotTask ended. Return value: Done;
16/11/18;13:40:47.449;INFO;Controller;State = Ready;
16/11/18;13:40:47.460;INFO;Server;Command: ExecRobotTask (Finish,500000);
16/11/18;13:40:47.460;INFO;Controller;Executing asynchronous activity: ExecRobotTask;
16/11/18;13:40:47.460;INFO;Controller;Status = Executing: Finish;
16/11/18;13:40:47.460;INFO;Controller;State = Running;
16/11/18;13:40:48.521;INFO;Robot Runtime;executing:    Finish;
16/11/18;13:43:16.454;INFO;Controller;Activity ExecRobotTask ended. Return value: Done;
16/11/18;13:43:16.454;INFO;Controller;State = Ready;
