03/05/18;11:22:55.317;INFO;Interface;Command: ExecRobotTask (checktoolconfig,-1);
03/05/18;11:22:55.317;INFO;Controller;Executing asynchronous activity: ExecRobotTask;
03/05/18;11:22:55.318;INFO;Controller;Status = Executing: checktoolconfig;
03/05/18;11:22:55.318;INFO;Controller;State = Running;
03/05/18;11:22:55.589;INFO;Robot Runtime;executing:    checktoolconfig;
03/05/18;11:22:55.631;INFO;Robot Runtime;Invalid Gripper: C014;
03/05/18;11:22:55.661;INFO;Robot Runtime;Invalid Gripper: C017;
03/05/18;11:22:55.681;INFO;Robot Runtime;Invalid Gripper: C019;
03/05/18;11:22:55.702;INFO;Robot Runtime;Valid Gripper: C015;
03/05/18;11:22:55.722;INFO;Robot Runtime;Current Tool: C015 (Valid);
03/05/18;11:22:56.079;INFO;Controller;Activity ExecRobotTask ended. Return value: Done;
03/05/18;11:22:56.079;INFO;Controller;State = Ready;
03/05/18;11:24:36.726;INFO;Interface;Command: ExecRobotTask (mt_dewarclaib,-1);
03/05/18;11:24:36.726;INFO;Controller;Executing asynchronous activity: ExecRobotTask;
03/05/18;11:24:36.726;INFO;Controller;Status = Executing: mt_dewarclaib;
03/05/18;11:24:36.727;INFO;Controller;State = Running;
03/05/18;11:24:36.777;INFO;Robot Runtime;executing:    mt_dewarclaib;
03/05/18;11:24:36.929;INFO;Controller;Activity ExecRobotTask ended. Return value: ;
03/05/18;11:24:36.930;INFO;Controller;State = Ready;
03/05/18;11:25:05.302;INFO;Interface;Command: ExecRobotTask (mt_dewarcalib,-1);
03/05/18;11:25:05.303;INFO;Controller;Executing asynchronous activity: ExecRobotTask;
03/05/18;11:25:05.303;INFO;Controller;Status = Executing: mt_dewarcalib;
03/05/18;11:25:05.303;INFO;Controller;State = Running;
03/05/18;11:25:06.452;INFO;Robot Runtime;executing:    mt_dewarcalib;
03/05/18;11:25:06.494;INFO;Robot Runtime;0;
03/05/18;11:31:27.753;INFO;Controller;Activity ExecRobotTask ended. Return value: ;
03/05/18;11:31:27.754;INFO;Controller;State = Ready;
03/05/18;11:33:21.700;INFO;Interface;Command: ExecRobotTask (mt_dewarcalib,-1);
03/05/18;11:33:21.700;INFO;Controller;Executing asynchronous activity: ExecRobotTask;
03/05/18;11:33:21.701;INFO;Controller;Status = Executing: mt_dewarcalib;
03/05/18;11:33:21.701;INFO;Controller;State = Running;
03/05/18;11:33:31.720;INFO;Robot;Abort;
03/05/18;11:33:31.808;INFO;Controller;Activity ExecRobotTask ended with exception: Timeout waiting busy;
03/05/18;11:33:31.808;WARNING;Activity;Exception: Robot timeout waiting busy
Stack trace:
org.embl.ctrl.Device$TimeoutWaitBusyException: Timeout waiting busy
	at org.embl.dev.staubli.StaubliRobot.executeTask(StaubliRobot.java:1162)
	at org.embl.dev.staubli.StaubliRobot.executeTask(StaubliRobot.java:1124)
	at org.embl.sw.Control.execRobotTask(Control.java:489)
	at org.embl.sw.Control$2.run(Control.java:380)
	at org.embl.task.ActivityManager.runTask(ActivityManager.java:104)
	at org.embl.task.ActivityManager.access$000(ActivityManager.java:22)
	at org.embl.task.ActivityManager$ActivityThread.run(ActivityManager.java:145)
;
03/05/18;11:33:51.934;INFO;Controller;State = Ready;
03/05/18;11:33:54.076;INFO;Interface;Command: Abort;
03/05/18;11:33:54.077;INFO;Robot;Abort;
03/05/18;11:33:56.203;INFO;Interface;Command: ExecRobotTask (mt_dewarcalib,-1);
03/05/18;11:33:56.204;INFO;Controller;Executing asynchronous activity: ExecRobotTask;
03/05/18;11:33:56.204;INFO;Controller;Status = Executing: mt_dewarcalib;
03/05/18;11:33:56.204;INFO;Controller;State = Running;
03/05/18;11:33:57.430;INFO;Robot Runtime;executing:    mt_dewarcalib;
03/05/18;11:33:57.473;INFO;Robot Runtime;0;
03/05/18;11:36:08.379;INFO;Robot Runtime;Puck A Center Adjustment: {0.016, -0.009,, ,,};
03/05/18;11:36:08.400;INFO;Robot Runtime;Puck B Center Adjustment: {0.008, -0.012,, ,,};
03/05/18;11:36:08.420;INFO;Robot Runtime;Puck C Center Adjustment: {-0.002, -0.014,, ,,};
03/05/18;11:36:08.442;INFO;Robot Runtime;Puck A Fx (Min~Max,Ref): -1.463 ~ 0.342, =>-0.831;
03/05/18;11:36:08.465;INFO;Robot Runtime;Puck A Fy (Min~Max,Ref): 1.121 ~ 1.333, =>1.385;
03/05/18;11:36:08.487;INFO;Robot Runtime;Puck B Fx (Min~Max,Ref): -0.791 ~ -0.59 , =>-0.831;
03/05/18;11:36:08.508;INFO;Robot Runtime;Puck B Fy (Min~Max,Ref): 0.873 ~ 1.487, =>1.385;
03/05/18;11:36:08.528;INFO;Robot Runtime;Puck C Fx (Min~Max,Ref): -1.451 ~ -0.271, =>-0.831;
03/05/18;11:36:08.551;INFO;Robot Runtime;Puck C Fy (Min~Max,Ref): 0.991 ~ 1.298, =>1.385;
03/05/18;11:41:08.128;INFO;Robot Runtime;Puck A Center Adjustment: {0.007, -0.041,, ,,};
03/05/18;11:41:08.149;INFO;Robot Runtime;Puck B Center Adjustment: {-0.015, -0.006,, ,,};
03/05/18;11:41:08.171;INFO;Robot Runtime;Puck C Center Adjustment: {0.013, -0.008,, ,,};
03/05/18;11:41:08.192;INFO;Robot Runtime;Puck A Fx (Min~Max,Ref): -1.593 ~ 0.401, =>-0.71 ;
03/05/18;11:41:08.213;INFO;Robot Runtime;Puck A Fy (Min~Max,Ref): -0.33  ~ 1.204, =>1.121;
03/05/18;11:41:08.235;INFO;Robot Runtime;Puck B Fx (Min~Max,Ref): -1.699 ~ -0.224, =>-0.71 ;
03/05/18;11:41:08.257;INFO;Robot Runtime;Puck B Fy (Min~Max,Ref): 0.625 ~ 1.416, =>1.121;
03/05/18;11:41:08.279;INFO;Robot Runtime;Puck C Fx (Min~Max,Ref): -1.522 ~ 0.543, =>-0.71 ;
03/05/18;11:41:08.301;INFO;Robot Runtime;Puck C Fy (Min~Max,Ref): 0.708 ~ 1.251, =>1.121;
03/05/18;11:46:10.627;INFO;Robot Runtime;Puck A Center Adjustment: {0.011, -0.005,, ,,};
03/05/18;11:46:10.648;INFO;Robot Runtime;Puck B Center Adjustment: {-0.005, -0.002,, ,,};
03/05/18;11:46:10.670;INFO;Robot Runtime;Puck C Center Adjustment: {0.004, -0.002,, ,,};
03/05/18;11:46:10.691;INFO;Robot Runtime;Puck A Fx (Min~Max,Ref): -1.333 ~ 0.602, =>-0.548;
03/05/18;11:46:10.712;INFO;Robot Runtime;Puck A Fy (Min~Max,Ref): 0.118 ~ 1.404, =>0.838;
03/05/18;11:46:10.735;INFO;Robot Runtime;Puck B Fx (Min~Max,Ref): -1.369 ~ 0.106, =>-0.548;
03/05/18;11:46:10.756;INFO;Robot Runtime;Puck B Fy (Min~Max,Ref): 0.472 ~ 1.145, =>0.838;
03/05/18;11:46:10.776;INFO;Robot Runtime;Puck C Fx (Min~Max,Ref): -1.392 ~ 0.425, =>-0.548;
03/05/18;11:46:10.799;INFO;Robot Runtime;Puck C Fy (Min~Max,Ref): 0.46  ~ 1.145, =>0.838;
03/05/18;11:51:54.382;INFO;Robot Runtime;Puck A Center Adjustment: {-0.013, -0.032,, ,,};
03/05/18;11:51:54.402;INFO;Robot Runtime;Puck B Center Adjustment: {-0.017, -0.014,, ,,};
03/05/18;11:51:54.423;INFO;Robot Runtime;Puck C Center Adjustment: {0.014, -0.021,, ,,};
03/05/18;11:51:54.444;INFO;Robot Runtime;Puck A Fx (Min~Max,Ref): -1.18  ~ 0    , =>-0.371;
03/05/18;11:51:54.465;INFO;Robot Runtime;Puck A Fy (Min~Max,Ref): -1.086 ~ 1.274, =>0.63 ;
03/05/18;11:51:54.487;INFO;Robot Runtime;Puck B Fx (Min~Max,Ref): -1.322 ~ 0.024, =>-0.371;
03/05/18;11:51:54.508;INFO;Robot Runtime;Puck B Fy (Min~Max,Ref): -0.212 ~ 0.991, =>0.63 ;
03/05/18;11:51:54.529;INFO;Robot Runtime;Puck C Fx (Min~Max,Ref): -0.932 ~ 0.649, =>-0.371;
03/05/18;11:51:54.553;INFO;Robot Runtime;Puck C Fy (Min~Max,Ref): 0.024 ~ 0.543, =>0.63 ;
03/05/18;11:56:59.377;INFO;Robot Runtime;Puck A Center Adjustment: {-0.009, -0.024,, ,,};
03/05/18;11:56:59.398;INFO;Robot Runtime;Puck B Center Adjustment: {-0.011, -0.008,, ,,};
03/05/18;11:56:59.419;INFO;Robot Runtime;Puck C Center Adjustment: {-0.006, -0.011,, ,,};
03/05/18;11:56:59.440;INFO;Robot Runtime;Puck A Fx (Min~Max,Ref): -1.156 ~ 0.354, =>-0.245;
03/05/18;11:56:59.463;INFO;Robot Runtime;Puck A Fy (Min~Max,Ref): -0.932 ~ 1.097, =>0.479;
03/05/18;11:56:59.484;INFO;Robot Runtime;Puck B Fx (Min~Max,Ref): -1.062 ~ 0.201, =>-0.245;
03/05/18;11:56:59.505;INFO;Robot Runtime;Puck B Fy (Min~Max,Ref): -0.189 ~ 0.885, =>0.479;
03/05/18;11:56:59.527;INFO;Robot Runtime;Puck C Fx (Min~Max,Ref): -0.814 ~ 0.13 , =>-0.245;
03/05/18;11:56:59.549;INFO;Robot Runtime;Puck C Fy (Min~Max,Ref): 0     ~ 0.578, =>0.479;
03/05/18;12:02:03.876;INFO;Robot Runtime;Puck A Center Adjustment: {-0.007, -0.015,, ,,};
03/05/18;12:02:03.897;INFO;Robot Runtime;Puck B Center Adjustment: {-0.006, -0.008,, ,,};
03/05/18;12:02:03.919;INFO;Robot Runtime;Puck C Center Adjustment: {0    , -0.007,, ,,};
03/05/18;12:02:03.939;INFO;Robot Runtime;Puck A Fx (Min~Max,Ref): -0.932 ~ 0.496, =>-0.106;
03/05/18;12:02:03.960;INFO;Robot Runtime;Puck A Fy (Min~Max,Ref): -0.743 ~ 0.991, =>0.368;
03/05/18;12:02:03.981;INFO;Robot Runtime;Puck B Fx (Min~Max,Ref): -0.696 ~ 0.271, =>-0.106;
03/05/18;12:02:04.002;INFO;Robot Runtime;Puck B Fy (Min~Max,Ref): -0.354 ~ 0.838, =>0.368;
03/05/18;12:02:04.024;INFO;Robot Runtime;Puck C Fx (Min~Max,Ref): -0.779 ~ 0.566, =>-0.106;
03/05/18;12:02:04.045;INFO;Robot Runtime;Puck C Fy (Min~Max,Ref): 0.035 ~ 0.472, =>0.368;
03/05/18;12:07:40.122;INFO;Robot Runtime;Puck A Center Adjustment: {0.001, -0.013,, ,,};
03/05/18;12:07:40.144;INFO;Robot Runtime;Puck B Center Adjustment: {0.006, -0.002,, ,,};
03/05/18;12:07:40.165;INFO;Robot Runtime;Puck C Center Adjustment: {0.005, -0.004,, ,,};
03/05/18;12:07:40.186;INFO;Robot Runtime;Puck A Fx (Min~Max,Ref): -0.755 ~ 0.791, =>0.002;
03/05/18;12:07:40.208;INFO;Robot Runtime;Puck A Fy (Min~Max,Ref): -0.897 ~ 0.885, =>0.212;
03/05/18;12:07:40.229;INFO;Robot Runtime;Puck B Fx (Min~Max,Ref): -0.413 ~ 0.602, =>0.002;
03/05/18;12:07:40.250;INFO;Robot Runtime;Puck B Fy (Min~Max,Ref): -0.33  ~ 0.673, =>0.212;
03/05/18;12:07:40.271;INFO;Robot Runtime;Puck C Fx (Min~Max,Ref): -0.413 ~ 0.59 , =>0.002;
03/05/18;12:07:40.292;INFO;Robot Runtime;Puck C Fy (Min~Max,Ref): 0.047 ~ 0.26 , =>0.212;
03/05/18;12:08:40.530;INFO;Controller;Activity ExecRobotTask ended. Return value: ;
03/05/18;12:08:40.530;INFO;Controller;State = Ready;
03/05/18;12:09:00.316;INFO;Interface;Command: ExecRobotTask (enableTscreen,-1);
03/05/18;12:09:00.317;INFO;Controller;Executing asynchronous activity: ExecRobotTask;
03/05/18;12:09:00.317;INFO;Controller;Status = Executing: enableTscreen;
03/05/18;12:09:00.317;INFO;Controller;State = Running;
03/05/18;12:09:01.312;INFO;Robot Runtime;executing:    enableTscreen;
03/05/18;12:09:01.609;INFO;Controller;Activity ExecRobotTask ended. Return value: Done;
03/05/18;12:09:01.610;INFO;Controller;State = Ready;
03/05/18;12:13:51.679;INFO;Interface;Command: ExecRobotTask (home,-1);
03/05/18;12:13:51.679;INFO;Controller;Executing asynchronous activity: ExecRobotTask;
03/05/18;12:13:51.679;INFO;Controller;Status = Executing: home;
03/05/18;12:13:51.679;INFO;Controller;State = Running;
03/05/18;12:13:52.666;INFO;Robot Runtime;executing:    home;
03/05/18;12:14:25.373;INFO;Controller;Activity ExecRobotTask ended. Return value: Done;
03/05/18;12:14:25.373;INFO;Controller;State = Ready;
03/05/18;12:34:05.021;INFO;Interface;Command: ExecRobotTask (initialize,-1);
03/05/18;12:34:05.021;INFO;Controller;Executing asynchronous activity: ExecRobotTask;
03/05/18;12:34:05.021;INFO;Controller;Status = Executing: initialize;
03/05/18;12:34:05.021;INFO;Controller;State = Running;
03/05/18;12:34:05.937;INFO;Robot Runtime;executing:    initialize;
03/05/18;12:34:07.271;INFO;Controller;Activity ExecRobotTask ended. Return value: Done;
03/05/18;12:34:07.272;INFO;Controller;State = Ready;
03/05/18;12:34:13.309;INFO;Interface;Command: ExecRobotTask (finish,-1);
03/05/18;12:34:13.309;INFO;Controller;Executing asynchronous activity: ExecRobotTask;
03/05/18;12:34:13.309;INFO;Controller;Status = Executing: finish;
03/05/18;12:34:13.309;INFO;Controller;State = Running;
03/05/18;12:34:14.207;INFO;Robot Runtime;executing:    finish;
03/05/18;12:36:05.680;INFO;Controller;Activity ExecRobotTask ended. Return value: Done;
03/05/18;12:36:05.681;INFO;Controller;State = Ready;
03/05/18;12:36:16.036;INFO;Interface;Command: ExecRobotTask (mt_dewarcalib,-1);
03/05/18;12:36:16.037;INFO;Controller;Executing asynchronous activity: ExecRobotTask;
03/05/18;12:36:16.037;INFO;Controller;Status = Executing: mt_dewarcalib;
03/05/18;12:36:16.037;INFO;Controller;State = Running;
03/05/18;12:36:17.276;INFO;Robot Runtime;executing:    mt_dewarcalib;
03/05/18;12:36:17.318;INFO;Robot Runtime;0;
03/05/18;12:38:17.129;WARNING;Robot Runtime;Close Tool TimeOut;
03/05/18;12:41:06.744;INFO;Controller;Activity ExecRobotTask ended. Return value: ;
03/05/18;12:41:06.745;INFO;Controller;State = Ready;
03/05/18;12:42:49.489;INFO;Interface;Command: ExecRobotTask (mt_dewarcalib,-1);
03/05/18;12:42:49.490;INFO;Controller;Executing asynchronous activity: ExecRobotTask;
03/05/18;12:42:49.490;INFO;Controller;Status = Executing: mt_dewarcalib;
03/05/18;12:42:49.490;INFO;Controller;State = Running;
03/05/18;12:42:50.690;INFO;Robot Runtime;executing:    mt_dewarcalib;
03/05/18;12:42:50.731;INFO;Robot Runtime;0;
03/05/18;12:43:07.617;INFO;Robot Runtime;Robot power is on manual;
03/05/18;12:44:10.672;INFO;Controller;Activity ExecRobotTask ended. Return value: ;
03/05/18;12:44:10.673;INFO;Controller;State = Ready;
03/05/18;12:44:53.752;INFO;Interface;Command: ExecRobotTask (mt_dewarcalib,-1);
03/05/18;12:44:53.753;INFO;Controller;Executing asynchronous activity: ExecRobotTask;
03/05/18;12:44:53.753;INFO;Controller;Status = Executing: mt_dewarcalib;
03/05/18;12:44:53.753;INFO;Controller;State = Running;
03/05/18;12:45:03.776;INFO;Robot;Abort;
03/05/18;12:45:03.864;INFO;Controller;Activity ExecRobotTask ended with exception: Timeout waiting busy;
03/05/18;12:45:03.864;WARNING;Activity;Exception: Robot timeout waiting busy
Stack trace:
org.embl.ctrl.Device$TimeoutWaitBusyException: Timeout waiting busy
	at org.embl.dev.staubli.StaubliRobot.executeTask(StaubliRobot.java:1162)
	at org.embl.dev.staubli.StaubliRobot.executeTask(StaubliRobot.java:1124)
	at org.embl.sw.Control.execRobotTask(Control.java:489)
	at org.embl.sw.Control$2.run(Control.java:380)
	at org.embl.task.ActivityManager.runTask(ActivityManager.java:104)
	at org.embl.task.ActivityManager.access$000(ActivityManager.java:22)
	at org.embl.task.ActivityManager$ActivityThread.run(ActivityManager.java:145)
;
03/05/18;12:45:19.511;INFO;Controller;State = Ready;
03/05/18;12:45:20.767;INFO;Interface;Command: Abort;
03/05/18;12:45:20.767;INFO;Robot;Abort;
03/05/18;12:45:23.541;INFO;Interface;Command: ExecRobotTask (mt_dewarcalib,-1);
03/05/18;12:45:23.541;INFO;Controller;Executing asynchronous activity: ExecRobotTask;
03/05/18;12:45:23.541;INFO;Controller;Status = Executing: mt_dewarcalib;
03/05/18;12:45:23.541;INFO;Controller;State = Running;
03/05/18;12:45:24.887;INFO;Robot Runtime;executing:    mt_dewarcalib;
03/05/18;12:45:24.929;INFO;Robot Runtime;0;
03/05/18;12:46:47.131;WARNING;Robot Runtime;Open Tool TimeOut;
03/05/18;12:47:35.413;INFO;Controller;Activity ExecRobotTask ended. Return value: ;
03/05/18;12:47:35.413;INFO;Controller;State = Ready;
03/05/18;12:48:21.656;INFO;Interface;Command: ExecRobotTask (finish,-1);
03/05/18;12:48:21.657;INFO;Controller;Executing asynchronous activity: ExecRobotTask;
03/05/18;12:48:21.657;INFO;Controller;Status = Executing: finish;
03/05/18;12:48:21.657;INFO;Controller;State = Running;
03/05/18;12:48:22.568;INFO;Robot Runtime;executing:    finish;
03/05/18;12:48:22.613;INFO;Robot Runtime;Unsupported Movement Dewar->Heater;
03/05/18;12:48:22.934;INFO;Controller;Activity ExecRobotTask ended. Return value: ABORT: Unsupported Movement Dewar->Heater;
03/05/18;12:48:22.935;INFO;Controller;State = Ready;
03/05/18;12:48:49.679;INFO;Interface;Command: ExecRobotTask (home,-1);
03/05/18;12:48:49.679;INFO;Controller;Executing asynchronous activity: ExecRobotTask;
03/05/18;12:48:49.680;INFO;Controller;Status = Executing: home;
03/05/18;12:48:49.680;INFO;Controller;State = Running;
03/05/18;12:48:50.592;INFO;Robot Runtime;executing:    home;
03/05/18;12:49:04.796;INFO;Controller;Activity ExecRobotTask ended. Return value: Done;
03/05/18;12:49:04.796;INFO;Controller;State = Ready;
03/05/18;12:49:10.367;INFO;Interface;Command: ExecRobotTask (finish,-1);
03/05/18;12:49:10.367;INFO;Controller;Executing asynchronous activity: ExecRobotTask;
03/05/18;12:49:10.367;INFO;Controller;Status = Executing: finish;
03/05/18;12:49:10.367;INFO;Controller;State = Running;
03/05/18;12:49:11.241;INFO;Robot Runtime;executing:    finish;
03/05/18;12:50:55.053;INFO;Controller;Activity ExecRobotTask ended. Return value: Done;
03/05/18;12:50:55.053;INFO;Controller;State = Ready;
03/05/18;12:51:09.802;INFO;Interface;Command: ExecRobotTask (mt_dewarcalib,-1);
03/05/18;12:51:09.803;INFO;Controller;Executing asynchronous activity: ExecRobotTask;
03/05/18;12:51:09.803;INFO;Controller;Status = Executing: mt_dewarcalib;
03/05/18;12:51:09.803;INFO;Controller;State = Running;
03/05/18;12:51:10.971;INFO;Robot Runtime;executing:    mt_dewarcalib;
03/05/18;12:51:11.014;INFO;Robot Runtime;0;
03/05/18;12:59:59.103;INFO;Robot Runtime;Puck A Center Adjustment: {0.042, 0.057,, ,,};
03/05/18;12:59:59.124;INFO;Robot Runtime;Puck B Center Adjustment: {0.119, 0.059,, ,,};
03/05/18;12:59:59.145;INFO;Robot Runtime;Puck C Center Adjustment: {0.098, 0.06 ,, ,,};
03/05/18;12:59:59.168;INFO;Robot Runtime;Puck A Fx (Min~Max,Ref): -0.625 ~ 2.112, =>0.038;
03/05/18;12:59:59.190;INFO;Robot Runtime;Puck A Fy (Min~Max,Ref): 0.673 ~ 2.573, =>0.67 ;
03/05/18;12:59:59.211;INFO;Robot Runtime;Puck B Fx (Min~Max,Ref): 0.507 ~ 3.54 , =>0.038;
03/05/18;12:59:59.232;INFO;Robot Runtime;Puck B Fy (Min~Max,Ref): 0.885 ~ 2.419, =>0.67 ;
03/05/18;12:59:59.253;INFO;Robot Runtime;Puck C Fx (Min~Max,Ref): -0.437 ~ 3.776, =>0.038;
03/05/18;12:59:59.274;INFO;Robot Runtime;Puck C Fy (Min~Max,Ref): 0.791 ~ 2.549, =>0.67 ;
03/05/18;13:00:15.782;INFO;Robot Runtime;Robot power is on manual;
03/05/18;13:01:49.849;INFO;Robot Runtime;Puck A Center Adjustment: {0.039, 0.028,, ,,};
03/05/18;13:01:49.871;INFO;Robot Runtime;Puck B Center Adjustment: {0.068, 0.023,, ,,};
03/05/18;13:01:49.894;INFO;Robot Runtime;Puck C Center Adjustment: {0.048, 0.03 ,, ,,};
03/05/18;13:01:49.915;INFO;Robot Runtime;Puck A Fx (Min~Max,Ref): -0.519 ~ 1.829, =>-0.002;
03/05/18;13:01:49.936;INFO;Robot Runtime;Puck A Fy (Min~Max,Ref): 0.673 ~ 1.499, =>0.611;
03/05/18;13:01:49.957;INFO;Robot Runtime;Puck B Fx (Min~Max,Ref): -0.012 ~ 2.266, =>-0.002;
03/05/18;13:01:49.978;INFO;Robot Runtime;Puck B Fy (Min~Max,Ref): 0.507 ~ 1.487, =>0.611;
03/05/18;13:01:50.000;INFO;Robot Runtime;Puck C Fx (Min~Max,Ref): 0.035 ~ 1.558, =>-0.002;
03/05/18;13:01:50.020;INFO;Robot Runtime;Puck C Fy (Min~Max,Ref): 0.743 ~ 1.487, =>0.611;
03/05/18;13:02:04.798;INFO;Robot Runtime;Robot power is on manual;
03/05/18;13:03:39.094;INFO;Robot Runtime;Puck A Center Adjustment: {0.019, 0.028,, ,,};
03/05/18;13:03:39.117;INFO;Robot Runtime;Puck B Center Adjustment: {0.026, 0.016,, ,,};
03/05/18;13:03:39.138;INFO;Robot Runtime;Puck C Center Adjustment: {0.018, 0.027,, ,,};
03/05/18;13:03:39.159;INFO;Robot Runtime;Puck A Fx (Min~Max,Ref): -0.543 ~ 1.156, =>-0.005;
03/05/18;13:03:39.180;INFO;Robot Runtime;Puck A Fy (Min~Max,Ref): 0.614 ~ 1.404, =>0.538;
03/05/18;13:03:39.201;INFO;Robot Runtime;Puck B Fx (Min~Max,Ref): -0.578 ~ 1.451, =>-0.005;
03/05/18;13:03:39.222;INFO;Robot Runtime;Puck B Fy (Min~Max,Ref): 0.425 ~ 1.192, =>0.538;
03/05/18;13:03:39.243;INFO;Robot Runtime;Puck C Fx (Min~Max,Ref): -0.448 ~ 1.027, =>-0.005;
03/05/18;13:03:39.264;INFO;Robot Runtime;Puck C Fy (Min~Max,Ref): 0.637 ~ 1.333, =>0.538;
03/05/18;13:03:51.030;INFO;Robot Runtime;Robot power is on manual;
03/05/18;13:08:39.097;INFO;Robot Runtime;Puck A Center Adjustment: {-0.006, 0.019,, ,,};
03/05/18;13:08:39.118;INFO;Robot Runtime;Puck B Center Adjustment: {0.019, 0.014,, ,,};
03/05/18;13:08:39.142;INFO;Robot Runtime;Puck C Center Adjustment: {0.007, 0.014,, ,,};
03/05/18;13:08:39.164;INFO;Robot Runtime;Puck A Fx (Min~Max,Ref): -0.779 ~ 0.566, =>0    ;
03/05/18;13:08:39.185;INFO;Robot Runtime;Puck A Fy (Min~Max,Ref): 0.106 ~ 1.416, =>0.444;
03/05/18;13:08:39.206;INFO;Robot Runtime;Puck B Fx (Min~Max,Ref): -0.625 ~ 1.251, =>0    ;
03/05/18;13:08:39.226;INFO;Robot Runtime;Puck B Fy (Min~Max,Ref): -0.024 ~ 1.381, =>0.444;
03/05/18;13:08:39.248;INFO;Robot Runtime;Puck C Fx (Min~Max,Ref): -0.826 ~ 1.05 , =>0    ;
03/05/18;13:08:39.269;INFO;Robot Runtime;Puck C Fy (Min~Max,Ref): 0.035 ~ 1.322, =>0.444;
03/05/18;13:09:01.439;INFO;Robot Runtime;Robot power is on manual;
03/05/18;13:13:49.356;INFO;Robot Runtime;Puck A Center Adjustment: {-0.004, 0.009,, ,,};
03/05/18;13:13:49.377;INFO;Robot Runtime;Puck B Center Adjustment: {0.004, 0.012,, ,,};
03/05/18;13:13:49.397;INFO;Robot Runtime;Puck C Center Adjustment: {0.005, 0.013,, ,,};
03/05/18;13:13:49.419;INFO;Robot Runtime;Puck A Fx (Min~Max,Ref): -0.72  ~ 0.649, =>0.033;
03/05/18;13:13:49.442;INFO;Robot Runtime;Puck A Fy (Min~Max,Ref): -0.295 ~ 1.145, =>0.274;
03/05/18;13:13:49.463;INFO;Robot Runtime;Puck B Fx (Min~Max,Ref): -0.614 ~ 0.826, =>0.033;
03/05/18;13:13:49.484;INFO;Robot Runtime;Puck B Fy (Min~Max,Ref): -0.189 ~ 1.121, =>0.274;
03/05/18;13:13:49.505;INFO;Robot Runtime;Puck C Fx (Min~Max,Ref): -0.743 ~ 0.979, =>0.033;
03/05/18;13:13:49.527;INFO;Robot Runtime;Puck C Fy (Min~Max,Ref): -0.106 ~ 1.086, =>0.274;
03/05/18;13:14:27.194;INFO;Robot Runtime;Robot power is on manual;
03/05/18;13:15:36.846;INFO;Robot Runtime;Puck A Center Adjustment: {0.063, 0.122,, ,,};
03/05/18;13:15:36.866;INFO;Robot Runtime;Puck B Center Adjustment: {0.11 , 0.111,, ,,};
03/05/18;13:15:36.888;INFO;Robot Runtime;Puck C Center Adjustment: {-0.012, 0.079,, ,,};
03/05/18;13:15:36.909;INFO;Robot Runtime;Puck A Fx (Min~Max,Ref): -0.319 ~ 2.525, =>0.054;
03/05/18;13:15:36.932;INFO;Robot Runtime;Puck A Fy (Min~Max,Ref): 2.183 ~ 2.242, =>0.182;
03/05/18;13:15:36.953;INFO;Robot Runtime;Puck B Fx (Min~Max,Ref): 0.059 ~ 3.717, =>0.054;
03/05/18;13:15:36.974;INFO;Robot Runtime;Puck B Fy (Min~Max,Ref): 0.956 ~ 3.092, =>0.182;
03/05/18;13:15:36.996;INFO;Robot Runtime;Puck C Fx (Min~Max,Ref): -0.448 ~ 0.153, =>0.054;
03/05/18;13:15:37.017;INFO;Robot Runtime;Puck C Fy (Min~Max,Ref): 0.791 ~ 2.207, =>0.182;
03/05/18;13:15:48.351;INFO;Robot Runtime;Robot power is on manual;
03/05/18;13:16:58.092;INFO;Robot Runtime;Puck A Center Adjustment: {0.013, 0.062,, ,,};
03/05/18;13:16:58.115;INFO;Robot Runtime;Puck B Center Adjustment: {0.05 , 0.071,, ,,};
03/05/18;13:16:58.135;INFO;Robot Runtime;Puck C Center Adjustment: {-0.014, 0.061,, ,,};
03/05/18;13:16:58.157;INFO;Robot Runtime;Puck A Fx (Min~Max,Ref): -0.378 ~ 0.968, =>0.078;
03/05/18;13:16:58.178;INFO;Robot Runtime;Puck A Fy (Min~Max,Ref): 0.897 ~ 1.404, =>0.118;
03/05/18;13:16:58.199;INFO;Robot Runtime;Puck B Fx (Min~Max,Ref): -0.201 ~ 2.03 , =>0.078;
03/05/18;13:16:58.220;INFO;Robot Runtime;Puck B Fy (Min~Max,Ref): 0.838 ~ 1.758, =>0.118;
03/05/18;13:16:58.241;INFO;Robot Runtime;Puck C Fx (Min~Max,Ref): -0.401 ~ 0.106, =>0.078;
03/05/18;13:16:58.263;INFO;Robot Runtime;Puck C Fy (Min~Max,Ref): 0.602 ~ 1.676, =>0.118;
03/05/18;13:17:20.345;INFO;Robot Runtime;Robot power is on manual;
03/05/18;13:18:54.596;INFO;Robot Runtime;Puck A Center Adjustment: {-0.022, 0.03 ,, ,,};
03/05/18;13:18:54.617;INFO;Robot Runtime;Puck B Center Adjustment: {0.021, 0.038,, ,,};
03/05/18;13:18:54.639;INFO;Robot Runtime;Puck C Center Adjustment: {0.013, 0.047,, ,,};
03/05/18;13:18:54.661;INFO;Robot Runtime;Puck A Fx (Min~Max,Ref): -1.416 ~ 0.909, =>0.113;
03/05/18;13:18:54.683;INFO;Robot Runtime;Puck A Fy (Min~Max,Ref): -0.059 ~ 1.156, =>0.057;
03/05/18;13:18:54.704;INFO;Robot Runtime;Puck B Fx (Min~Max,Ref): -0.378 ~ 1.298, =>0.113;
03/05/18;13:18:54.724;INFO;Robot Runtime;Puck B Fy (Min~Max,Ref): 0.33  ~ 1.062, =>0.057;
03/05/18;13:18:54.746;INFO;Robot Runtime;Puck C Fx (Min~Max,Ref): -0.496 ~ 1.145, =>0.113;
03/05/18;13:18:54.767;INFO;Robot Runtime;Puck C Fy (Min~Max,Ref): 0.271 ~ 1.416, =>0.057;
03/05/18;13:19:11.120;INFO;Robot Runtime;Robot power is on manual;
03/05/18;13:23:59.094;INFO;Robot Runtime;Puck A Center Adjustment: {0.013, 0.018,, ,,};
03/05/18;13:23:59.115;INFO;Robot Runtime;Puck B Center Adjustment: {0.009, 0.043,, ,,};
03/05/18;13:23:59.136;INFO;Robot Runtime;Puck C Center Adjustment: {0.021, 0.038,, ,,};
03/05/18;13:23:59.158;INFO;Robot Runtime;Puck A Fx (Min~Max,Ref): -0.814 ~ 1.605, =>0.172;
03/05/18;13:23:59.179;INFO;Robot Runtime;Puck A Fy (Min~Max,Ref): -0.779 ~ 1.357, =>-0.012;
03/05/18;13:23:59.200;INFO;Robot Runtime;Puck B Fx (Min~Max,Ref): -0.425 ~ 1.074, =>0.172;
03/05/18;13:23:59.221;INFO;Robot Runtime;Puck B Fy (Min~Max,Ref): 0     ~ 1.416, =>-0.012;
03/05/18;13:23:59.245;INFO;Robot Runtime;Puck C Fx (Min~Max,Ref): -0.413 ~ 1.451, =>0.172;
03/05/18;13:23:59.266;INFO;Robot Runtime;Puck C Fy (Min~Max,Ref): 0.118 ~ 1.109, =>-0.012;
03/05/18;13:24:16.571;INFO;Robot Runtime;Robot power is on manual;
03/05/18;13:29:04.586;INFO;Robot Runtime;Puck A Center Adjustment: {0.015, 0.016,, ,,};
03/05/18;13:29:04.608;INFO;Robot Runtime;Puck B Center Adjustment: {0.011, 0.027,, ,,};
03/05/18;13:29:04.628;INFO;Robot Runtime;Puck C Center Adjustment: {0.012, 0.028,, ,,};
03/05/18;13:29:04.649;INFO;Robot Runtime;Puck A Fx (Min~Max,Ref): -0.72  ~ 1.664, =>0.227;
03/05/18;13:29:04.670;INFO;Robot Runtime;Puck A Fy (Min~Max,Ref): -0.991 ~ 1.345, =>-0.09 ;
03/05/18;13:29:04.692;INFO;Robot Runtime;Puck B Fx (Min~Max,Ref): -0.413 ~ 1.227, =>0.227;
03/05/18;13:29:04.714;INFO;Robot Runtime;Puck B Fy (Min~Max,Ref): -0.189 ~ 0.92 , =>-0.09 ;
03/05/18;13:29:04.736;INFO;Robot Runtime;Puck C Fx (Min~Max,Ref): -0.401 ~ 1.263, =>0.227;
03/05/18;13:29:04.756;INFO;Robot Runtime;Puck C Fy (Min~Max,Ref): -0.024 ~ 0.791, =>-0.09 ;
03/05/18;13:29:21.797;INFO;Robot Runtime;Robot power is on manual;
03/05/18;13:34:09.836;INFO;Robot Runtime;Puck A Center Adjustment: {0.014, 0.004,, ,,};
03/05/18;13:34:09.857;INFO;Robot Runtime;Puck B Center Adjustment: {0.01 , 0.025,, ,,};
03/05/18;13:34:09.879;INFO;Robot Runtime;Puck C Center Adjustment: {0.012, 0.021,, ,,};
03/05/18;13:34:09.900;INFO;Robot Runtime;Puck A Fx (Min~Max,Ref): -0.566 ~ 1.546, =>0.26 ;
03/05/18;13:34:09.921;INFO;Robot Runtime;Puck A Fy (Min~Max,Ref): -1.086 ~ 0.991, =>-0.106;
03/05/18;13:34:09.944;INFO;Robot Runtime;Puck B Fx (Min~Max,Ref): -0.366 ~ 1.204, =>0.26 ;
03/05/18;13:34:09.965;INFO;Robot Runtime;Puck B Fy (Min~Max,Ref): -0.248 ~ 0.885, =>-0.106;
03/05/18;13:34:09.986;INFO;Robot Runtime;Puck C Fx (Min~Max,Ref): -0.401 ~ 1.322, =>0.26 ;
03/05/18;13:34:10.008;INFO;Robot Runtime;Puck C Fy (Min~Max,Ref): -0.142 ~ 0.637, =>-0.106;
03/05/18;14:06:10.996;INFO;Robot Runtime;Robot power is on manual;
03/05/18;14:10:58.824;INFO;Robot Runtime;Puck A Center Adjustment: {0.024, 0.005,, ,,};
03/05/18;14:10:58.844;INFO;Robot Runtime;Puck B Center Adjustment: {0.007, 0.028,, ,,};
03/05/18;14:10:58.866;INFO;Robot Runtime;Puck C Center Adjustment: {0.005, 0.023,, ,,};
03/05/18;14:10:58.887;INFO;Robot Runtime;Puck A Fx (Min~Max,Ref): -1.027 ~ 1.534, =>-0.153;
03/05/18;14:10:58.908;INFO;Robot Runtime;Puck A Fy (Min~Max,Ref): -0.59  ~ 1.735, =>0.493;
03/05/18;14:10:58.928;INFO;Robot Runtime;Puck B Fx (Min~Max,Ref): -0.814 ~ 0.732, =>-0.153;
03/05/18;14:10:58.949;INFO;Robot Runtime;Puck B Fy (Min~Max,Ref): 0.425 ~ 1.487, =>0.493;
03/05/18;14:10:58.974;INFO;Robot Runtime;Puck C Fx (Min~Max,Ref): -0.885 ~ 0.732, =>-0.153;
03/05/18;14:10:58.995;INFO;Robot Runtime;Puck C Fy (Min~Max,Ref): 0.448 ~ 1.298, =>0.493;
03/05/18;14:11:10.270;INFO;Robot Runtime;Robot power is on manual;
03/05/18;14:15:58.325;INFO;Robot Runtime;Puck A Center Adjustment: {0.002, -0.001,, ,,};
03/05/18;14:15:58.346;INFO;Robot Runtime;Puck B Center Adjustment: {0.004, 0.011,, ,,};
03/05/18;14:15:58.367;INFO;Robot Runtime;Puck C Center Adjustment: {0.001, 0.022,, ,,};
03/05/18;14:15:58.389;INFO;Robot Runtime;Puck A Fx (Min~Max,Ref): -1.239 ~ 0.873, =>-0.212;
03/05/18;14:15:58.410;INFO;Robot Runtime;Puck A Fy (Min~Max,Ref): -0.696 ~ 1.569, =>0.458;
03/05/18;14:15:58.433;INFO;Robot Runtime;Puck B Fx (Min~Max,Ref): -0.814 ~ 0.519, =>-0.212;
03/05/18;14:15:58.454;INFO;Robot Runtime;Puck B Fy (Min~Max,Ref): 0.035 ~ 1.239, =>0.458;
03/05/18;14:15:58.475;INFO;Robot Runtime;Puck C Fx (Min~Max,Ref): -0.897 ~ 0.519, =>-0.212;
03/05/18;14:15:58.496;INFO;Robot Runtime;Puck C Fy (Min~Max,Ref): 0.389 ~ 1.251, =>0.458;
03/05/18;14:23:51.382;INFO;Controller;Activity ExecRobotTask ended. Return value: ;
03/05/18;14:23:51.382;INFO;Controller;State = Ready;
03/05/18;14:25:06.521;INFO;Interface;Command: ExecRobotTask (enabletscreen,-1);
03/05/18;14:25:06.521;INFO;Controller;Executing asynchronous activity: ExecRobotTask;
03/05/18;14:25:06.521;INFO;Controller;Status = Executing: enabletscreen;
03/05/18;14:25:06.521;INFO;Controller;State = Running;
03/05/18;14:25:07.520;INFO;Robot Runtime;executing:    enabletscreen;
03/05/18;14:25:07.645;INFO;Controller;Activity ExecRobotTask ended. Return value: Done;
03/05/18;14:25:07.645;INFO;Controller;State = Ready;
03/05/18;14:32:19.166;INFO;Interface;Command: ExecRobotTask (initialize,-1);
03/05/18;14:32:19.166;INFO;Controller;Executing asynchronous activity: ExecRobotTask;
03/05/18;14:32:19.166;INFO;Controller;Status = Executing: initialize;
03/05/18;14:32:19.166;INFO;Controller;State = Running;
03/05/18;14:32:20.003;INFO;Robot Runtime;executing:    initialize;
03/05/18;14:32:21.391;INFO;Controller;Activity ExecRobotTask ended. Return value: Done;
03/05/18;14:32:21.391;INFO;Controller;State = Ready;
03/05/18;14:32:26.729;INFO;Interface;Command: ExecRobotTask (finish,-1);
03/05/18;14:32:26.729;INFO;Controller;Executing asynchronous activity: ExecRobotTask;
03/05/18;14:32:26.729;INFO;Controller;Status = Executing: finish;
03/05/18;14:32:26.729;INFO;Controller;State = Running;
03/05/18;14:32:27.565;INFO;Robot Runtime;executing:    finish;
03/05/18;14:34:17.370;INFO;Controller;Activity ExecRobotTask ended. Return value: Done;
03/05/18;14:34:17.370;INFO;Controller;State = Ready;
03/05/18;16:46:02.984;INFO;Interface;Command: ExecRobotTask (initialize,-1);
03/05/18;16:46:02.984;INFO;Controller;Executing asynchronous activity: ExecRobotTask;
03/05/18;16:46:02.984;INFO;Controller;Status = Executing: initialize;
03/05/18;16:46:02.984;INFO;Controller;State = Running;
03/05/18;16:46:03.962;INFO;Robot Runtime;executing:    initialize;
03/05/18;16:46:05.232;INFO;Controller;Activity ExecRobotTask ended. Return value: Done;
03/05/18;16:46:05.233;INFO;Controller;State = Ready;
03/05/18;16:46:27.923;INFO;Interface;Command: ExecRobotTask (finish,-1);
03/05/18;16:46:27.923;INFO;Controller;Executing asynchronous activity: ExecRobotTask;
03/05/18;16:46:27.923;INFO;Controller;Status = Executing: finish;
03/05/18;16:46:27.923;INFO;Controller;State = Running;
03/05/18;16:46:28.759;INFO;Robot Runtime;executing:    finish;
03/05/18;16:48:09.342;INFO;Controller;Activity ExecRobotTask ended. Return value: Done;
03/05/18;16:48:09.342;INFO;Controller;State = Ready;
03/05/18;16:48:41.733;INFO;Interface;Command: ExecRobotTask (mt_dewarcalib,-1);
03/05/18;16:48:41.733;INFO;Controller;Executing asynchronous activity: ExecRobotTask;
03/05/18;16:48:41.734;INFO;Controller;Status = Executing: mt_dewarcalib;
03/05/18;16:48:41.734;INFO;Controller;State = Running;
03/05/18;16:48:42.980;INFO;Robot Runtime;executing:    mt_dewarcalib;
03/05/18;16:48:43.023;INFO;Robot Runtime;0;
03/05/18;16:51:59.763;INFO;Robot Runtime;Puck A Center Adjustment: {0.095, -0.036,, ,,};
03/05/18;16:51:59.785;INFO;Robot Runtime;Puck B Center Adjustment: {0.039, -0.039,, ,,};
03/05/18;16:51:59.806;INFO;Robot Runtime;Puck C Center Adjustment: {-0.032, -0.053,, ,,};
03/05/18;16:51:59.827;INFO;Robot Runtime;Puck A Fx (Min~Max,Ref): 0     ~ 2.466, =>-0.354;
03/05/18;16:51:59.850;INFO;Robot Runtime;Puck A Fy (Min~Max,Ref): -0.519 ~ 0.673, =>0.673;
03/05/18;16:51:59.871;INFO;Robot Runtime;Puck B Fx (Min~Max,Ref): -0.543 ~ 1.145, =>-0.354;
03/05/18;16:51:59.892;INFO;Robot Runtime;Puck B Fy (Min~Max,Ref): -0.319 ~ 0.378, =>0.673;
03/05/18;16:51:59.914;INFO;Robot Runtime;Puck C Fx (Min~Max,Ref): -1.18  ~ -0.578, =>-0.354;
03/05/18;16:51:59.935;INFO;Robot Runtime;Puck C Fy (Min~Max,Ref): -1.074 ~ 0.637, =>0.673;
03/05/18;16:53:20.010;INFO;Robot Runtime;Puck A Center Adjustment: {0.012, -0.038,, ,,};
03/05/18;16:53:20.032;INFO;Robot Runtime;Puck B Center Adjustment: {0.028, -0.023,, ,,};
03/05/18;16:53:20.053;INFO;Robot Runtime;Puck C Center Adjustment: {-0.015, -0.021,, ,,};
03/05/18;16:53:20.074;INFO;Robot Runtime;Puck A Fx (Min~Max,Ref): -0.602 ~ 0.295, =>-0.347;
03/05/18;16:53:20.095;INFO;Robot Runtime;Puck A Fy (Min~Max,Ref): -0.649 ~ 0.779, =>0.694;
03/05/18;16:53:20.116;INFO;Robot Runtime;Puck B Fx (Min~Max,Ref): -0.366 ~ 0.614, =>-0.347;
03/05/18;16:53:20.139;INFO;Robot Runtime;Puck B Fy (Min~Max,Ref): 0.094 ~ 0.519, =>0.694;
03/05/18;16:53:20.161;INFO;Robot Runtime;Puck C Fx (Min~Max,Ref): -0.932 ~ -0.271, =>-0.347;
03/05/18;16:53:20.182;INFO;Robot Runtime;Puck C Fy (Min~Max,Ref): -0.484 ~ 1.156, =>0.694;
03/05/18;16:55:01.761;INFO;Robot Runtime;Puck A Center Adjustment: {-0.003, -0.049,, ,,};
03/05/18;16:55:01.782;INFO;Robot Runtime;Puck B Center Adjustment: {0.014, -0.004,, ,,};
03/05/18;16:55:01.804;INFO;Robot Runtime;Puck C Center Adjustment: {0.034, -0.019,, ,,};
03/05/18;16:55:01.824;INFO;Robot Runtime;Puck A Fx (Min~Max,Ref): -0.779 ~ 0.024, =>-0.328;
03/05/18;16:55:01.845;INFO;Robot Runtime;Puck A Fy (Min~Max,Ref): -1.322 ~ 1.003, =>0.666;
03/05/18;16:55:01.866;INFO;Robot Runtime;Puck B Fx (Min~Max,Ref): -0.354 ~ 0.165, =>-0.328;
03/05/18;16:55:01.887;INFO;Robot Runtime;Puck B Fy (Min~Max,Ref): 0.507 ~ 0.696, =>0.666;
03/05/18;16:55:01.909;INFO;Robot Runtime;Puck C Fx (Min~Max,Ref): -0.873 ~ 1.345, =>-0.328;
03/05/18;16:55:01.930;INFO;Robot Runtime;Puck C Fy (Min~Max,Ref): -0.496 ~ 1.192, =>0.666;
03/05/18;16:56:45.510;INFO;Robot Runtime;Puck A Center Adjustment: {-0.006, -0.021,, ,,};
03/05/18;16:56:45.531;INFO;Robot Runtime;Puck B Center Adjustment: {0.005, 0.002,, ,,};
03/05/18;16:56:45.552;INFO;Robot Runtime;Puck C Center Adjustment: {0.017, -0.005,, ,,};
03/05/18;16:56:45.573;INFO;Robot Runtime;Puck A Fx (Min~Max,Ref): -0.968 ~ 0.153, =>-0.307;
03/05/18;16:56:45.594;INFO;Robot Runtime;Puck A Fy (Min~Max,Ref): -0.732 ~ 1.345, =>0.649;
03/05/18;16:56:45.615;INFO;Robot Runtime;Puck B Fx (Min~Max,Ref): -0.496 ~ 0.035, =>-0.307;
03/05/18;16:56:45.636;INFO;Robot Runtime;Puck B Fy (Min~Max,Ref): 0.625 ~ 0.732, =>0.649;
03/05/18;16:56:45.657;INFO;Robot Runtime;Puck C Fx (Min~Max,Ref): -0.92  ~ 0.873, =>-0.307;
03/05/18;16:56:45.682;INFO;Robot Runtime;Puck C Fy (Min~Max,Ref): -0.165 ~ 1.31 , =>0.649;
03/05/18;16:58:54.505;INFO;Robot Runtime;Puck A Center Adjustment: {0.009, -0.001,, ,,};
03/05/18;16:58:54.526;INFO;Robot Runtime;Puck B Center Adjustment: {0.016, -0.017,, ,,};
03/05/18;16:58:54.548;INFO;Robot Runtime;Puck C Center Adjustment: {0.023, 0.002,, ,,};
03/05/18;16:58:54.569;INFO;Robot Runtime;Puck A Fx (Min~Max,Ref): -0.861 ~ 0.637, =>-0.255;
03/05/18;16:58:54.592;INFO;Robot Runtime;Puck A Fy (Min~Max,Ref): -0.189 ~ 1.44 , =>0.64 ;
03/05/18;16:58:54.613;INFO;Robot Runtime;Puck B Fx (Min~Max,Ref): -0.094 ~ 0.118, =>-0.255;
03/05/18;16:58:54.634;INFO;Robot Runtime;Puck B Fy (Min~Max,Ref): -0.13  ~ 0.838, =>0.64 ;
03/05/18;16:58:54.655;INFO;Robot Runtime;Puck C Fx (Min~Max,Ref): -0.224 ~ 0.472, =>-0.255;
03/05/18;16:58:54.676;INFO;Robot Runtime;Puck C Fy (Min~Max,Ref): 0.342 ~ 0.991, =>0.64 ;
03/05/18;17:03:55.016;INFO;Robot Runtime;Puck A Center Adjustment: {0.025, -0.013,, ,,};
03/05/18;17:03:55.036;INFO;Robot Runtime;Puck B Center Adjustment: {0    , -0.006,, ,,};
03/05/18;17:03:55.057;INFO;Robot Runtime;Puck C Center Adjustment: {-0.01 , 0.002,, ,,};
03/05/18;17:03:55.078;INFO;Robot Runtime;Puck A Fx (Min~Max,Ref): -0.743 ~ 1.192, =>-0.191;
03/05/18;17:03:55.099;INFO;Robot Runtime;Puck A Fy (Min~Max,Ref): -0.779 ~ 1.487, =>0.578;
03/05/18;17:03:55.121;INFO;Robot Runtime;Puck B Fx (Min~Max,Ref): -0.46  ~ 0.083, =>-0.191;
03/05/18;17:03:55.142;INFO;Robot Runtime;Puck B Fy (Min~Max,Ref): 0.035 ~ 0.92 , =>0.578;
03/05/18;17:03:55.163;INFO;Robot Runtime;Puck C Fx (Min~Max,Ref): -0.861 ~ 0.13 , =>-0.191;
03/05/18;17:03:55.184;INFO;Robot Runtime;Puck C Fy (Min~Max,Ref): 0.283 ~ 0.944, =>0.578;
03/05/18;17:08:54.515;INFO;Robot Runtime;Puck A Center Adjustment: {0.01 , -0.004,, ,,};
03/05/18;17:08:54.537;INFO;Robot Runtime;Puck B Center Adjustment: {0.001, -0.005,, ,,};
03/05/18;17:08:54.558;INFO;Robot Runtime;Puck C Center Adjustment: {0.002, -0.006,, ,,};
03/05/18;17:08:54.579;INFO;Robot Runtime;Puck A Fx (Min~Max,Ref): -0.802 ~ 0.979, =>-0.08 ;
03/05/18;17:08:54.601;INFO;Robot Runtime;Puck A Fy (Min~Max,Ref): -0.59  ~ 1.286, =>0.413;
03/05/18;17:08:54.622;INFO;Robot Runtime;Puck B Fx (Min~Max,Ref): -0.637 ~ 0.519, =>-0.08 ;
03/05/18;17:08:54.643;INFO;Robot Runtime;Puck B Fy (Min~Max,Ref): -0.142 ~ 0.802, =>0.413;
03/05/18;17:08:54.665;INFO;Robot Runtime;Puck C Fx (Min~Max,Ref): -0.661 ~ 0.555, =>-0.08 ;
03/05/18;17:08:54.686;INFO;Robot Runtime;Puck C Fy (Min~Max,Ref): 0.059 ~ 0.578, =>0.413;
03/05/18;17:11:17.256;INFO;Robot Runtime;Puck A Center Adjustment: {0.023, -0.045,, ,,};
03/05/18;17:11:17.276;INFO;Robot Runtime;Puck B Center Adjustment: {0.052, -0.048,, ,,};
03/05/18;17:11:17.298;INFO;Robot Runtime;Puck C Center Adjustment: {0.014, -0.032,, ,,};
03/05/18;17:11:17.319;INFO;Robot Runtime;Puck A Fx (Min~Max,Ref): -0.047 ~ 0.767, =>-0.021;
03/05/18;17:11:17.341;INFO;Robot Runtime;Puck A Fy (Min~Max,Ref): -1.298 ~ 0.33 , =>0.269;
03/05/18;17:11:17.364;INFO;Robot Runtime;Puck B Fx (Min~Max,Ref): 0.153 ~ 1.534, =>-0.021;
03/05/18;17:11:17.385;INFO;Robot Runtime;Puck B Fy (Min~Max,Ref): -1.133 ~ 0.071, =>0.269;
03/05/18;17:11:17.406;INFO;Robot Runtime;Puck C Fx (Min~Max,Ref): -0.802 ~ 1.227, =>-0.021;
03/05/18;17:11:17.427;INFO;Robot Runtime;Puck C Fy (Min~Max,Ref): -0.661 ~ 0.13 , =>0.269;
03/05/18;17:12:41.512;INFO;Robot Runtime;Puck A Center Adjustment: {0.014, -0.023,, ,,};
03/05/18;17:12:41.533;INFO;Robot Runtime;Puck B Center Adjustment: {0.018, -0.025,, ,,};
03/05/18;17:12:41.555;INFO;Robot Runtime;Puck C Center Adjustment: {-0.004, -0.015,, ,,};
03/05/18;17:12:41.576;INFO;Robot Runtime;Puck A Fx (Min~Max,Ref): 0     ~ 0.437, =>-0.009;
03/05/18;17:12:41.596;INFO;Robot Runtime;Puck A Fy (Min~Max,Ref): -0.637 ~ 0.295, =>0.21 ;
03/05/18;17:12:41.617;INFO;Robot Runtime;Puck B Fx (Min~Max,Ref): -0.378 ~ 0.968, =>-0.009;
03/05/18;17:12:41.638;INFO;Robot Runtime;Puck B Fy (Min~Max,Ref): -0.956 ~ 0.531, =>0.21 ;
03/05/18;17:12:41.660;INFO;Robot Runtime;Puck C Fx (Min~Max,Ref): -0.779 ~ 0.637, =>-0.009;
03/05/18;17:12:41.680;INFO;Robot Runtime;Puck C Fy (Min~Max,Ref): -0.437 ~ 0.354, =>0.21 ;
03/05/18;17:14:22.259;INFO;Robot Runtime;Puck A Center Adjustment: {-0.009, -0.067,, ,,};
03/05/18;17:14:22.280;INFO;Robot Runtime;Puck B Center Adjustment: {0.017, 0.006,, ,,};
03/05/18;17:14:22.301;INFO;Robot Runtime;Puck C Center Adjustment: {0.005, -0.025,, ,,};
03/05/18;17:14:22.324;INFO;Robot Runtime;Puck A Fx (Min~Max,Ref): -0.732 ~ 0.472, =>0.024;
03/05/18;17:14:22.346;INFO;Robot Runtime;Puck A Fy (Min~Max,Ref): -2.16  ~ 0.248, =>0.16 ;
03/05/18;17:14:22.367;INFO;Robot Runtime;Puck B Fx (Min~Max,Ref): -0.177 ~ 0.802, =>0.024;
03/05/18;17:14:22.388;INFO;Robot Runtime;Puck B Fy (Min~Max,Ref): -0.118 ~ 0.625, =>0.16 ;
03/05/18;17:14:22.409;INFO;Robot Runtime;Puck C Fx (Min~Max,Ref): -0.625 ~ 0.826, =>0.024;
03/05/18;17:14:22.430;INFO;Robot Runtime;Puck C Fy (Min~Max,Ref): -1.121 ~ 0.602, =>0.16 ;
03/05/18;17:16:07.008;INFO;Robot Runtime;Puck A Center Adjustment: {0.013, -0.032,, ,,};
03/05/18;17:16:07.029;INFO;Robot Runtime;Puck B Center Adjustment: {0.002, -0.002,, ,,};
03/05/18;17:16:07.052;INFO;Robot Runtime;Puck C Center Adjustment: {0.001, -0.015,, ,,};
03/05/18;17:16:07.074;INFO;Robot Runtime;Puck A Fx (Min~Max,Ref): -0.59  ~ 1.133, =>0.052;
03/05/18;17:16:07.095;INFO;Robot Runtime;Puck A Fy (Min~Max,Ref): -1.086 ~ 0.248, =>0.109;
03/05/18;17:16:07.116;INFO;Robot Runtime;Puck B Fx (Min~Max,Ref): -0.26  ~ 0.437, =>0.052;
03/05/18;17:16:07.137;INFO;Robot Runtime;Puck B Fy (Min~Max,Ref): -0.26  ~ 0.401, =>0.109;
03/05/18;17:16:07.159;INFO;Robot Runtime;Puck C Fx (Min~Max,Ref): -0.661 ~ 0.802, =>0.052;
03/05/18;17:16:07.180;INFO;Robot Runtime;Puck C Fy (Min~Max,Ref): -0.897 ~ 0.602, =>0.109;
03/05/18;17:21:05.997;INFO;Robot Runtime;Puck A Center Adjustment: {0.009, -0.01 ,, ,,};
03/05/18;17:21:06.018;INFO;Robot Runtime;Puck B Center Adjustment: {-0.012, -0.02 ,, ,,};
03/05/18;17:21:06.040;INFO;Robot Runtime;Puck C Center Adjustment: {0.004, -0.007,, ,,};
03/05/18;17:21:06.063;INFO;Robot Runtime;Puck A Fx (Min~Max,Ref): -0.59  ~ 1.18 , =>0.146;
03/05/18;17:21:06.085;INFO;Robot Runtime;Puck A Fy (Min~Max,Ref): -1.133 ~ 0.814, =>0.014;
03/05/18;17:21:06.105;INFO;Robot Runtime;Puck B Fx (Min~Max,Ref): -0.708 ~ 0.602, =>0.146;
03/05/18;17:21:06.126;INFO;Robot Runtime;Puck B Fy (Min~Max,Ref): -1.145 ~ 0.507, =>0.014;
03/05/18;17:21:06.147;INFO;Robot Runtime;Puck C Fx (Min~Max,Ref): -0.578 ~ 1.015, =>0.146;
03/05/18;17:21:06.168;INFO;Robot Runtime;Puck C Fy (Min~Max,Ref): -0.885 ~ 0.673, =>0.014;
03/05/18;17:26:10.248;INFO;Robot Runtime;Puck A Center Adjustment: {0.025, -0.006,, ,,};
03/05/18;17:26:10.269;INFO;Robot Runtime;Puck B Center Adjustment: {-0.001, -0.008,, ,,};
03/05/18;17:26:10.290;INFO;Robot Runtime;Puck C Center Adjustment: {0.003, 0.006,, ,,};
03/05/18;17:26:10.313;INFO;Robot Runtime;Puck A Fx (Min~Max,Ref): -0.448 ~ 1.77 , =>0.248;
03/05/18;17:26:10.335;INFO;Robot Runtime;Puck A Fy (Min~Max,Ref): -1.062 ~ 0.802, =>-0.028;
03/05/18;17:26:10.355;INFO;Robot Runtime;Puck B Fx (Min~Max,Ref): -0.543 ~ 0.991, =>0.248;
03/05/18;17:26:10.376;INFO;Robot Runtime;Puck B Fy (Min~Max,Ref): -0.873 ~ 0.555, =>-0.028;
03/05/18;17:26:10.397;INFO;Robot Runtime;Puck C Fx (Min~Max,Ref): -0.496 ~ 1.086, =>0.248;
03/05/18;17:26:10.419;INFO;Robot Runtime;Puck C Fy (Min~Max,Ref): -0.614 ~ 0.755, =>-0.028;
03/05/18;17:32:05.758;INFO;Robot Runtime;Puck A Center Adjustment: {0.019, 0.002,, ,,};
03/05/18;17:32:05.779;INFO;Robot Runtime;Puck B Center Adjustment: {0.002, -0.009,, ,,};
03/05/18;17:32:05.800;INFO;Robot Runtime;Puck C Center Adjustment: {0.004, -0.001,, ,,};
03/05/18;17:32:05.821;INFO;Robot Runtime;Puck A Fx (Min~Max,Ref): -0.413 ~ 1.664, =>0.302;
03/05/18;17:32:05.842;INFO;Robot Runtime;Puck A Fy (Min~Max,Ref): -0.696 ~ 0.708, =>-0.035;
03/05/18;17:32:05.863;INFO;Robot Runtime;Puck B Fx (Min~Max,Ref): -0.366 ~ 1.038, =>0.302;
03/05/18;17:32:05.884;INFO;Robot Runtime;Puck B Fy (Min~Max,Ref): -0.956 ~ 0.578, =>-0.035;
03/05/18;17:32:05.905;INFO;Robot Runtime;Puck C Fx (Min~Max,Ref): -0.437 ~ 1.18 , =>0.302;
03/05/18;17:32:05.928;INFO;Robot Runtime;Puck C Fy (Min~Max,Ref): -0.779 ~ 0.684, =>-0.035;
03/05/18;17:33:02.546;INFO;Controller;Activity ExecRobotTask ended. Return value: ;
03/05/18;17:33:02.546;INFO;Controller;State = Ready;
03/05/18;17:33:22.511;WARNING;Robot;Alarm active: Device is offline;
03/05/18;17:33:22.511;INFO;Controller;State = Communication Error;
03/05/18;17:34:08.669;INFO;Robot;Alarm inactive: Device is offline;
03/05/18;17:34:08.669;WARNING;Controller;Communication resumed, trying updating devices;
03/05/18;17:34:08.671;INFO;Controller;Finished device updating;
03/05/18;17:34:08.671;INFO;Controller;State = Ready;
03/05/18;17:34:27.843;INFO;Interface;Command: ExecRobotTask (Initialize,-1);
03/05/18;17:34:27.843;INFO;Controller;Executing asynchronous activity: ExecRobotTask;
03/05/18;17:34:27.843;INFO;Controller;Status = Executing: Initialize;
03/05/18;17:34:27.843;INFO;Controller;State = Running;
03/05/18;17:34:28.966;INFO;Robot Runtime;executing:    Initialize;
03/05/18;17:34:30.292;INFO;Controller;Activity ExecRobotTask ended. Return value: Done;
03/05/18;17:34:30.293;INFO;Controller;State = Ready;
03/05/18;17:34:34.083;INFO;Robot;Disabling Power;
03/05/18;17:34:47.847;INFO;Interface;Command: ExecRobotTask (finish,-1);
03/05/18;17:34:47.848;INFO;Controller;Executing asynchronous activity: ExecRobotTask;
03/05/18;17:34:47.848;INFO;Controller;Status = Executing: finish;
03/05/18;17:34:47.848;INFO;Controller;State = Running;
03/05/18;17:34:48.803;INFO;Robot Runtime;executing:    finish;
03/05/18;17:34:48.847;WARNING;Robot Runtime;AUTORECOVER=====> Found false kick. Resume Robot Power;
03/05/18;17:36:49.704;INFO;Controller;Activity ExecRobotTask ended. Return value: Done;
03/05/18;17:36:49.704;INFO;Controller;State = Ready;
03/05/18;20:00:59.813;INFO;Server;Command: Abort;
03/05/18;20:00:59.813;INFO;Robot;Abort;
03/05/18;20:00:59.913;INFO;Server;Command: Restart;
03/05/18;20:00:59.913;INFO;Controller;State = Initializing;
03/05/18;20:00:59.945;INFO;Controller;Initialized log services - Startup: 01/05/18 10:16:22;
03/05/18;20:01:00.952;INFO;Epics Server;Exiting running thread;
03/05/18;20:01:00.956;INFO;Epics Server;Registered PV: SW:Version;
03/05/18;20:01:00.956;INFO;Epics Server;Registered PV: SW:Status;
03/05/18;20:01:00.956;INFO;Epics Server;Registered PV: SW:Uptime;
03/05/18;20:01:00.956;INFO;Epics Server;Registered PV: SW:LastTaskInfo;
03/05/18;20:01:00.956;INFO;Epics Server;Registered PV: SW:AlarmList;
03/05/18;20:01:00.956;INFO;Epics Server;Registered PV: SW:LocalGuiLockOut;
03/05/18;20:01:00.956;INFO;Epics Server;Registered PV: SW:RobotSpeed;
03/05/18;20:01:00.956;INFO;Epics Server;Registered PV: SW:LastTaskException;
03/05/18;20:01:00.956;INFO;Epics Server;Registered PV: SW:LastTaskOutput;
03/05/18;20:01:00.957;INFO;Epics Server;Registered PV: SW:RobotState;
03/05/18;20:01:00.957;INFO;Epics Server;Registered PV: SW:CartesianPositions;
03/05/18;20:01:00.957;INFO;Epics Server;Registered PV: SW:JointPositions;
03/05/18;20:01:00.957;INFO;Epics Server;Registered PV: SW:State;
03/05/18;20:01:00.957;INFO;Epics Server;Registered PV: SW:abort;
03/05/18;20:01:00.957;INFO;Epics Server;Registered PV: SW:restart;
03/05/18;20:01:00.957;INFO;Epics Server;Registered PV: SW:getTaskInfo;
03/05/18;20:01:00.957;INFO;Epics Server;Registered PV: SW:isTaskRunning;
03/05/18;20:01:00.957;INFO;Epics Server;Registered PV: SW:checkTaskResult;
03/05/18;20:01:00.957;INFO;Epics Server;Registered PV: SW:startTestTask;
03/05/18;20:01:00.957;INFO;Epics Server;Registered PV: SW:pauseRobot;
03/05/18;20:01:00.957;INFO;Epics Server;Registered PV: SW:resumeRobot;
03/05/18;20:01:00.957;INFO;Epics Server;Registered PV: SW:setRobotVariable;
03/05/18;20:01:00.958;INFO;Epics Server;Registered PV: SW:isSampleMounted;
03/05/18;20:01:00.958;INFO;Epics Server;Registered PV: SW:startRobotTask;
03/05/18;20:01:00.958;INFO;Epics Server;Registered PV: SW:getRobotVariable;
03/05/18;20:01:00.958;INFO;Epics Server;Registered PV: SW:getDistance;
03/05/18;20:01:00.958;INFO;Epics Server;Initializing: Channel Access Server in Java v1.1.1;
03/05/18;20:01:00.958;INFO;Epics Server;Started server: ready to accept requests;
03/05/18;20:01:01.596;INFO;Controller;Initializing Robot;
03/05/18;20:01:01.601;INFO;Robot;Setting reference frame to: world;
03/05/18;20:01:01.727;INFO;Controller;Initializing Bus Controller;
03/05/18;20:01:01.727;INFO;Anti-Collision;Active = true;
03/05/18;20:01:01.727;INFO;Controller;State = Starting;
03/05/18;20:01:01.728;INFO;Controller;Command: Reset;
03/05/18;20:01:01.729;INFO;Controller;Executing asynchronous script: ./script/Reset.py;
03/05/18;20:01:01.729;INFO;Controller;Status = Reseting;
03/05/18;20:01:01.729;INFO;Controller;State = Running;
03/05/18;20:01:01.939;INFO;Controller;Script host: localhost:37280;
03/05/18;20:01:01.939;INFO;Script;Starting initialization script;
03/05/18;20:01:01.942;INFO;Script;Do nothing;
03/05/18;20:01:01.943;INFO;Controller;Script ./script/Reset.py ended. Return value: ;
03/05/18;20:01:01.943;INFO;Controller;State = Ready;
03/05/18;20:01:44.422;INFO;Server;Command: ExecRobotTask (ClosePorts,500000);
03/05/18;20:01:44.423;INFO;Controller;Executing asynchronous activity: ExecRobotTask;
03/05/18;20:01:44.423;INFO;Controller;Status = Executing: ClosePorts;
03/05/18;20:01:44.423;INFO;Controller;State = Running;
03/05/18;20:01:45.440;INFO;Robot Runtime;executing:    ClosePorts;
03/05/18;20:01:45.793;INFO;Controller;Activity ExecRobotTask ended. Return value: Done;
03/05/18;20:01:45.793;INFO;Controller;State = Ready;
