05/02/18;09:45:51.468;INFO;Server;Command: ExecRobotTask (Initialize,500000);
05/02/18;09:45:51.469;INFO;Controller;Executing asynchronous activity: ExecRobotTask;
05/02/18;09:45:51.469;INFO;Controller;Status = Executing: Initialize;
05/02/18;09:45:51.469;INFO;Controller;State = Running;
05/02/18;09:45:52.297;INFO;Robot Runtime;executing:    Initialize;
05/02/18;09:45:53.624;INFO;Controller;Activity ExecRobotTask ended. Return value: Done;
05/02/18;09:45:53.624;INFO;Controller;State = Ready;
05/02/18;09:45:53.658;INFO;Server;Command: ExecRobotTask (CoolDown,500000);
05/02/18;09:45:53.658;INFO;Controller;Executing asynchronous activity: ExecRobotTask;
05/02/18;09:45:53.658;INFO;Controller;Status = Executing: CoolDown;
05/02/18;09:45:53.658;INFO;Controller;State = Running;
05/02/18;09:45:54.426;INFO;Robot Runtime;executing:    CoolDown;
05/02/18;09:46:56.819;INFO;Controller;Activity ExecRobotTask ended. Return value: Done;
05/02/18;09:46:56.819;INFO;Controller;State = Ready;
05/02/18;09:48:03.171;INFO;Server;Command: ExecRobotTask (Initialize,500000);
05/02/18;09:48:03.171;INFO;Controller;Executing asynchronous activity: ExecRobotTask;
05/02/18;09:48:03.171;INFO;Controller;Status = Executing: Initialize;
05/02/18;09:48:03.171;INFO;Controller;State = Running;
05/02/18;09:48:03.935;INFO;Robot Runtime;executing:    Initialize;
05/02/18;09:48:04.344;INFO;Controller;Activity ExecRobotTask ended. Return value: Done;
05/02/18;09:48:04.344;INFO;Controller;State = Ready;
05/02/18;09:48:04.364;INFO;Server;Command: ExecRobotTask (LatchRobGov,500000);
05/02/18;09:48:04.364;INFO;Controller;Executing asynchronous activity: ExecRobotTask;
05/02/18;09:48:04.364;INFO;Controller;Status = Executing: LatchRobGov;
05/02/18;09:48:04.364;INFO;Controller;State = Running;
05/02/18;09:48:05.161;INFO;Robot Runtime;executing:    LatchRobGov;
05/02/18;09:48:05.710;INFO;Controller;Activity ExecRobotTask ended. Return value: Done;
05/02/18;09:48:05.710;INFO;Controller;State = Ready;
05/02/18;09:48:05.725;INFO;Server;Command: ExecRobotTask (TraceSample,500000);
05/02/18;09:48:05.725;INFO;Controller;Executing asynchronous activity: ExecRobotTask;
05/02/18;09:48:05.725;INFO;Controller;Status = Executing: TraceSample;
05/02/18;09:48:05.725;INFO;Controller;State = Running;
05/02/18;09:48:06.490;INFO;Robot Runtime;executing:    TraceSample;
05/02/18;09:48:09.122;INFO;Controller;Activity ExecRobotTask ended. Return value: Done False/False/False;
05/02/18;09:48:09.123;INFO;Controller;State = Ready;
05/02/18;09:48:09.135;INFO;Server;Command: ExecRobotTask (CoolDown,500000);
05/02/18;09:48:09.135;INFO;Controller;Executing asynchronous activity: ExecRobotTask;
05/02/18;09:48:09.136;INFO;Controller;Status = Executing: CoolDown;
05/02/18;09:48:09.136;INFO;Controller;State = Running;
05/02/18;09:48:09.878;INFO;Robot Runtime;executing:    CoolDown;
05/02/18;09:48:10.236;INFO;Controller;Activity ExecRobotTask ended. Return value: Done;
05/02/18;09:48:10.236;INFO;Controller;State = Ready;
05/02/18;09:48:10.448;INFO;Server;Command: ExecRobotTask (Load,500000);
05/02/18;09:48:10.448;INFO;Controller;Executing asynchronous activity: ExecRobotTask;
05/02/18;09:48:10.448;INFO;Controller;Status = Executing: Load;
05/02/18;09:48:10.448;INFO;Controller;State = Running;
05/02/18;09:48:11.513;INFO;Robot Runtime;executing:    Load;
05/02/18;09:48:19.814;INFO;Controller;Activity ExecRobotTask ended. Return value: Done False/True/False;
05/02/18;09:48:19.814;INFO;Controller;State = Ready;
05/02/18;09:48:19.825;INFO;Server;Command: ExecRobotTask (Mount,500000);
05/02/18;09:48:19.826;INFO;Controller;Executing asynchronous activity: ExecRobotTask;
05/02/18;09:48:19.826;INFO;Controller;Status = Executing: Mount;
05/02/18;09:48:19.826;INFO;Controller;State = Running;
05/02/18;09:48:20.677;INFO;Robot Runtime;executing:    Mount;
05/02/18;09:48:27.433;INFO;Controller;Activity ExecRobotTask ended. Return value: Done True/False/False;
05/02/18;09:48:27.434;INFO;Controller;State = Ready;
05/02/18;09:48:27.448;INFO;Server;Command: ExecRobotTask (Park,500000);
05/02/18;09:48:27.448;INFO;Controller;Executing asynchronous activity: ExecRobotTask;
05/02/18;09:48:27.448;INFO;Controller;Status = Executing: Park;
05/02/18;09:48:27.448;INFO;Controller;State = Running;
05/02/18;09:48:28.219;INFO;Robot Runtime;executing:    Park;
05/02/18;09:48:31.586;INFO;Controller;Activity ExecRobotTask ended. Return value: Done;
05/02/18;09:48:31.586;INFO;Controller;State = Ready;
05/02/18;09:48:31.600;INFO;Server;Command: ExecRobotTask (UnlatchRobGov,500000);
05/02/18;09:48:31.600;INFO;Controller;Executing asynchronous activity: ExecRobotTask;
05/02/18;09:48:31.600;INFO;Controller;Status = Executing: UnlatchRobGov;
05/02/18;09:48:31.600;INFO;Controller;State = Running;
05/02/18;09:48:32.392;INFO;Robot Runtime;executing:    UnlatchRobGov;
05/02/18;09:48:32.547;INFO;Controller;Activity ExecRobotTask ended. Return value: Done;
05/02/18;09:48:32.547;INFO;Controller;State = Ready;
05/02/18;09:50:52.328;INFO;Server;Command: ExecRobotTask (Initialize,500000);
05/02/18;09:50:52.328;INFO;Controller;Executing asynchronous activity: ExecRobotTask;
05/02/18;09:50:52.328;INFO;Controller;Status = Executing: Initialize;
05/02/18;09:50:52.328;INFO;Controller;State = Running;
05/02/18;09:50:53.086;INFO;Robot Runtime;executing:    Initialize;
05/02/18;09:50:53.347;INFO;Controller;Activity ExecRobotTask ended. Return value: Done;
05/02/18;09:50:53.348;INFO;Controller;State = Ready;
05/02/18;09:50:53.357;INFO;Server;Command: ExecRobotTask (CoolDown,500000);
05/02/18;09:50:53.357;INFO;Controller;Executing asynchronous activity: ExecRobotTask;
05/02/18;09:50:53.357;INFO;Controller;Status = Executing: CoolDown;
05/02/18;09:50:53.358;INFO;Controller;State = Running;
05/02/18;09:50:54.102;INFO;Robot Runtime;executing:    CoolDown;
05/02/18;09:50:54.622;INFO;Controller;Activity ExecRobotTask ended. Return value: Done;
05/02/18;09:50:54.622;INFO;Controller;State = Ready;
05/02/18;09:50:54.640;INFO;Server;Command: ExecRobotTask (LatchRobGov,500000);
05/02/18;09:50:54.640;INFO;Controller;Executing asynchronous activity: ExecRobotTask;
05/02/18;09:50:54.640;INFO;Controller;Status = Executing: LatchRobGov;
05/02/18;09:50:54.640;INFO;Controller;State = Running;
05/02/18;09:50:55.729;INFO;Robot Runtime;executing:    LatchRobGov;
05/02/18;09:51:00.479;INFO;Controller;Activity ExecRobotTask ended. Return value: Done;
05/02/18;09:51:00.480;INFO;Controller;State = Ready;
05/02/18;09:51:03.214;INFO;Server;Command: ExecRobotTask (TraceSample,500000);
05/02/18;09:51:03.214;INFO;Controller;Executing asynchronous activity: ExecRobotTask;
05/02/18;09:51:03.214;INFO;Controller;Status = Executing: TraceSample;
05/02/18;09:51:03.214;INFO;Controller;State = Running;
05/02/18;09:51:04.068;INFO;Robot Runtime;executing:    TraceSample;
05/02/18;09:51:06.587;INFO;Controller;Activity ExecRobotTask ended. Return value: Done True/False/False;
05/02/18;09:51:06.587;INFO;Controller;State = Ready;
05/02/18;09:51:06.598;INFO;Server;Command: ExecRobotTask (Unmount,500000);
05/02/18;09:51:06.599;INFO;Controller;Executing asynchronous activity: ExecRobotTask;
05/02/18;09:51:06.599;INFO;Controller;Status = Executing: Unmount;
05/02/18;09:51:06.599;INFO;Controller;State = Running;
05/02/18;09:51:07.345;INFO;Robot Runtime;executing:    Unmount;
05/02/18;09:51:15.289;INFO;Controller;Activity ExecRobotTask ended. Return value: Done False/True/False;
05/02/18;09:51:15.289;INFO;Controller;State = Ready;
05/02/18;09:51:15.308;INFO;Server;Command: ExecRobotTask (Unload,500000);
05/02/18;09:51:15.309;INFO;Controller;Executing asynchronous activity: ExecRobotTask;
05/02/18;09:51:15.309;INFO;Controller;Status = Executing: Unload;
05/02/18;09:51:15.309;INFO;Controller;State = Running;
05/02/18;09:51:16.105;INFO;Robot Runtime;executing:    Unload;
05/02/18;09:51:20.748;INFO;Controller;Activity ExecRobotTask ended. Return value: Done False/False/False;
05/02/18;09:51:20.748;INFO;Controller;State = Ready;
05/02/18;09:51:23.514;INFO;Server;Command: ExecRobotTask (Load,500000);
05/02/18;09:51:23.514;INFO;Controller;Executing asynchronous activity: ExecRobotTask;
05/02/18;09:51:23.514;INFO;Controller;Status = Executing: Load;
05/02/18;09:51:23.514;INFO;Controller;State = Running;
05/02/18;09:51:24.582;INFO;Robot Runtime;executing:    Load;
05/02/18;09:51:31.657;INFO;Controller;Activity ExecRobotTask ended. Return value: Done False/True/False;
05/02/18;09:51:31.657;INFO;Controller;State = Ready;
05/02/18;09:51:31.676;INFO;Server;Command: ExecRobotTask (Mount,500000);
05/02/18;09:51:31.677;INFO;Controller;Executing asynchronous activity: ExecRobotTask;
05/02/18;09:51:31.677;INFO;Controller;Status = Executing: Mount;
05/02/18;09:51:31.677;INFO;Controller;State = Running;
05/02/18;09:51:32.526;INFO;Robot Runtime;executing:    Mount;
05/02/18;09:51:39.879;INFO;Controller;Activity ExecRobotTask ended. Return value: Done True/False/False;
05/02/18;09:51:39.879;INFO;Controller;State = Ready;
05/02/18;09:51:39.891;INFO;Server;Command: ExecRobotTask (Park,500000);
05/02/18;09:51:39.892;INFO;Controller;Executing asynchronous activity: ExecRobotTask;
05/02/18;09:51:39.892;INFO;Controller;Status = Executing: Park;
05/02/18;09:51:39.892;INFO;Controller;State = Running;
05/02/18;09:51:40.640;INFO;Robot Runtime;executing:    Park;
05/02/18;09:51:44.041;INFO;Controller;Activity ExecRobotTask ended. Return value: Done;
05/02/18;09:51:44.042;INFO;Controller;State = Ready;
05/02/18;09:51:44.057;INFO;Server;Command: ExecRobotTask (UnlatchRobGov,500000);
05/02/18;09:51:44.057;INFO;Controller;Executing asynchronous activity: ExecRobotTask;
05/02/18;09:51:44.057;INFO;Controller;Status = Executing: UnlatchRobGov;
05/02/18;09:51:44.058;INFO;Controller;State = Running;
05/02/18;09:51:44.848;INFO;Robot Runtime;executing:    UnlatchRobGov;
05/02/18;09:51:45.003;INFO;Controller;Activity ExecRobotTask ended. Return value: Done;
05/02/18;09:51:45.003;INFO;Controller;State = Ready;
05/02/18;09:52:54.197;INFO;Server;Command: ExecRobotTask (Initialize,500000);
05/02/18;09:52:54.198;INFO;Controller;Executing asynchronous activity: ExecRobotTask;
05/02/18;09:52:54.198;INFO;Controller;Status = Executing: Initialize;
05/02/18;09:52:54.198;INFO;Controller;State = Running;
05/02/18;09:52:54.963;INFO;Robot Runtime;executing:    Initialize;
05/02/18;09:52:55.467;INFO;Controller;Activity ExecRobotTask ended. Return value: Done;
05/02/18;09:52:55.468;INFO;Controller;State = Ready;
05/02/18;09:52:55.482;INFO;Server;Command: ExecRobotTask (CoolDown,500000);
05/02/18;09:52:55.483;INFO;Controller;Executing asynchronous activity: ExecRobotTask;
05/02/18;09:52:55.483;INFO;Controller;Status = Executing: CoolDown;
05/02/18;09:52:55.483;INFO;Controller;State = Running;
05/02/18;09:52:56.222;INFO;Robot Runtime;executing:    CoolDown;
05/02/18;09:52:56.583;INFO;Controller;Activity ExecRobotTask ended. Return value: Done;
05/02/18;09:52:56.583;INFO;Controller;State = Ready;
05/02/18;09:52:56.596;INFO;Server;Command: ExecRobotTask (LatchRobGov,500000);
05/02/18;09:52:56.596;INFO;Controller;Executing asynchronous activity: ExecRobotTask;
05/02/18;09:52:56.596;INFO;Controller;Status = Executing: LatchRobGov;
05/02/18;09:52:56.596;INFO;Controller;State = Running;
05/02/18;09:52:57.681;INFO;Robot Runtime;executing:    LatchRobGov;
05/02/18;09:53:03.671;INFO;Controller;Activity ExecRobotTask ended. Return value: Done;
05/02/18;09:53:03.671;INFO;Controller;State = Ready;
05/02/18;09:53:06.410;INFO;Server;Command: ExecRobotTask (TraceSample,500000);
05/02/18;09:53:06.411;INFO;Controller;Executing asynchronous activity: ExecRobotTask;
05/02/18;09:53:06.411;INFO;Controller;Status = Executing: TraceSample;
05/02/18;09:53:06.411;INFO;Controller;State = Running;
05/02/18;09:53:07.262;INFO;Robot Runtime;executing:    TraceSample;
05/02/18;09:53:09.779;INFO;Controller;Activity ExecRobotTask ended. Return value: Done True/False/False;
05/02/18;09:53:09.779;INFO;Controller;State = Ready;
05/02/18;09:53:09.795;INFO;Server;Command: ExecRobotTask (Unmount,500000);
05/02/18;09:53:09.796;INFO;Controller;Executing asynchronous activity: ExecRobotTask;
05/02/18;09:53:09.796;INFO;Controller;Status = Executing: Unmount;
05/02/18;09:53:09.796;INFO;Controller;State = Running;
05/02/18;09:53:10.545;INFO;Robot Runtime;executing:    Unmount;
05/02/18;09:53:18.459;INFO;Controller;Activity ExecRobotTask ended. Return value: Done False/True/False;
05/02/18;09:53:18.460;INFO;Controller;State = Ready;
05/02/18;09:53:18.480;INFO;Server;Command: ExecRobotTask (Unload,500000);
05/02/18;09:53:18.480;INFO;Controller;Executing asynchronous activity: ExecRobotTask;
05/02/18;09:53:18.481;INFO;Controller;Status = Executing: Unload;
05/02/18;09:53:18.481;INFO;Controller;State = Running;
05/02/18;09:53:19.274;INFO;Robot Runtime;executing:    Unload;
05/02/18;09:53:23.761;INFO;Controller;Activity ExecRobotTask ended. Return value: Done False/False/False;
05/02/18;09:53:23.761;INFO;Controller;State = Ready;
05/02/18;09:53:26.520;INFO;Server;Command: ExecRobotTask (Load,500000);
05/02/18;09:53:26.520;INFO;Controller;Executing asynchronous activity: ExecRobotTask;
05/02/18;09:53:26.521;INFO;Controller;Status = Executing: Load;
05/02/18;09:53:26.521;INFO;Controller;State = Running;
05/02/18;09:53:27.587;INFO;Robot Runtime;executing:    Load;
05/02/18;09:53:34.572;INFO;Controller;Activity ExecRobotTask ended. Return value: Done False/True/False;
05/02/18;09:53:34.573;INFO;Controller;State = Ready;
05/02/18;09:53:34.595;INFO;Server;Command: ExecRobotTask (Mount,500000);
05/02/18;09:53:34.595;INFO;Controller;Executing asynchronous activity: ExecRobotTask;
05/02/18;09:53:34.596;INFO;Controller;Status = Executing: Mount;
05/02/18;09:53:34.596;INFO;Controller;State = Running;
05/02/18;09:53:35.454;INFO;Robot Runtime;executing:    Mount;
05/02/18;09:53:43.032;INFO;Controller;Activity ExecRobotTask ended. Return value: Done True/False/False;
05/02/18;09:53:43.033;INFO;Controller;State = Ready;
05/02/18;09:53:43.058;INFO;Server;Command: ExecRobotTask (Park,500000);
05/02/18;09:53:43.058;INFO;Controller;Executing asynchronous activity: ExecRobotTask;
05/02/18;09:53:43.058;INFO;Controller;Status = Executing: Park;
05/02/18;09:53:43.058;INFO;Controller;State = Running;
05/02/18;09:53:43.807;INFO;Robot Runtime;executing:    Park;
05/02/18;09:53:47.184;INFO;Controller;Activity ExecRobotTask ended. Return value: Done;
05/02/18;09:53:47.185;INFO;Controller;State = Ready;
05/02/18;09:53:47.208;INFO;Server;Command: ExecRobotTask (UnlatchRobGov,500000);
05/02/18;09:53:47.208;INFO;Controller;Executing asynchronous activity: ExecRobotTask;
05/02/18;09:53:47.208;INFO;Controller;Status = Executing: UnlatchRobGov;
05/02/18;09:53:47.208;INFO;Controller;State = Running;
05/02/18;09:53:48.002;INFO;Robot Runtime;executing:    UnlatchRobGov;
05/02/18;09:53:48.140;INFO;Controller;Activity ExecRobotTask ended. Return value: Done;
05/02/18;09:53:48.140;INFO;Controller;State = Ready;
05/02/18;09:56:56.548;INFO;Server;Command: ExecRobotTask (Initialize,500000);
05/02/18;09:56:56.548;INFO;Controller;Executing asynchronous activity: ExecRobotTask;
05/02/18;09:56:56.548;INFO;Controller;Status = Executing: Initialize;
05/02/18;09:56:56.548;INFO;Controller;State = Running;
05/02/18;09:56:57.312;INFO;Robot Runtime;executing:    Initialize;
05/02/18;09:56:57.539;INFO;Controller;Activity ExecRobotTask ended. Return value: Done;
05/02/18;09:56:57.539;INFO;Controller;State = Ready;
05/02/18;09:56:57.562;INFO;Server;Command: ExecRobotTask (CoolDown,500000);
05/02/18;09:56:57.562;INFO;Controller;Executing asynchronous activity: ExecRobotTask;
05/02/18;09:56:57.562;INFO;Controller;Status = Executing: CoolDown;
05/02/18;09:56:57.562;INFO;Controller;State = Running;
05/02/18;09:56:58.309;INFO;Robot Runtime;executing:    CoolDown;
05/02/18;09:56:58.816;INFO;Controller;Activity ExecRobotTask ended. Return value: Done;
05/02/18;09:56:58.817;INFO;Controller;State = Ready;
05/02/18;09:57:04.164;INFO;Server;Command: ExecRobotTask (TraceSample,500000);
05/02/18;09:57:04.164;INFO;Controller;Executing asynchronous activity: ExecRobotTask;
05/02/18;09:57:04.164;INFO;Controller;Status = Executing: TraceSample;
05/02/18;09:57:04.164;INFO;Controller;State = Running;
05/02/18;09:57:04.920;INFO;Robot Runtime;executing:    TraceSample;
05/02/18;09:57:07.189;INFO;Controller;Activity ExecRobotTask ended. Return value: Done True/False/False;
05/02/18;09:57:07.189;INFO;Controller;State = Ready;
05/02/18;09:57:07.197;INFO;Server;Command: ExecRobotTask (Unmount,500000);
05/02/18;09:57:07.197;INFO;Controller;Executing asynchronous activity: ExecRobotTask;
05/02/18;09:57:07.197;INFO;Controller;Status = Executing: Unmount;
05/02/18;09:57:07.197;INFO;Controller;State = Running;
05/02/18;09:57:07.945;INFO;Robot Runtime;executing:    Unmount;
05/02/18;09:57:41.620;INFO;Controller;Activity ExecRobotTask ended. Return value: Done False/True/False;
05/02/18;09:57:41.620;INFO;Controller;State = Ready;
05/02/18;09:57:41.628;INFO;Server;Command: ExecRobotTask (Unload,500000);
05/02/18;09:57:41.628;INFO;Controller;Executing asynchronous activity: ExecRobotTask;
05/02/18;09:57:41.628;INFO;Controller;Status = Executing: Unload;
05/02/18;09:57:41.628;INFO;Controller;State = Running;
05/02/18;09:57:42.671;INFO;Robot Runtime;executing:    Unload;
05/02/18;09:57:47.516;INFO;Controller;Activity ExecRobotTask ended. Return value: Done False/False/False;
05/02/18;09:57:47.516;INFO;Controller;State = Ready;
05/02/18;09:57:50.279;INFO;Server;Command: ExecRobotTask (Load,500000);
05/02/18;09:57:50.280;INFO;Controller;Executing asynchronous activity: ExecRobotTask;
05/02/18;09:57:50.280;INFO;Controller;Status = Executing: Load;
05/02/18;09:57:50.280;INFO;Controller;State = Running;
05/02/18;09:57:51.166;INFO;Robot Runtime;executing:    Load;
05/02/18;09:57:55.693;INFO;Controller;Activity ExecRobotTask ended. Return value: Done False/True/False;
05/02/18;09:57:55.693;INFO;Controller;State = Ready;
05/02/18;09:57:55.708;INFO;Server;Command: ExecRobotTask (Mount,500000);
05/02/18;09:57:55.708;INFO;Controller;Executing asynchronous activity: ExecRobotTask;
05/02/18;09:57:55.708;INFO;Controller;Status = Executing: Mount;
05/02/18;09:57:55.708;INFO;Controller;State = Running;
05/02/18;09:57:56.464;INFO;Robot Runtime;executing:    Mount;
05/02/18;09:58:03.413;INFO;Controller;Activity ExecRobotTask ended. Return value: Done True/False/False;
05/02/18;09:58:03.413;INFO;Controller;State = Ready;
05/02/18;09:58:03.437;INFO;Server;Command: ExecRobotTask (Park,500000);
05/02/18;09:58:03.437;INFO;Controller;Executing asynchronous activity: ExecRobotTask;
05/02/18;09:58:03.437;INFO;Controller;Status = Executing: Park;
05/02/18;09:58:03.437;INFO;Controller;State = Running;
05/02/18;09:58:04.186;INFO;Robot Runtime;executing:    Park;
05/02/18;09:58:07.567;INFO;Controller;Activity ExecRobotTask ended. Return value: Done;
05/02/18;09:58:07.567;INFO;Controller;State = Ready;
05/02/18;09:58:07.580;INFO;Server;Command: ExecRobotTask (UnlatchRobGov,500000);
05/02/18;09:58:07.581;INFO;Controller;Executing asynchronous activity: ExecRobotTask;
05/02/18;09:58:07.581;INFO;Controller;Status = Executing: UnlatchRobGov;
05/02/18;09:58:07.581;INFO;Controller;State = Running;
05/02/18;09:58:08.375;INFO;Robot Runtime;executing:    UnlatchRobGov;
05/02/18;09:58:08.523;INFO;Controller;Activity ExecRobotTask ended. Return value: Done;
05/02/18;09:58:08.523;INFO;Controller;State = Ready;
05/02/18;10:00:04.780;INFO;Server;Command: ExecRobotTask (Initialize,500000);
05/02/18;10:00:04.781;INFO;Controller;Executing asynchronous activity: ExecRobotTask;
05/02/18;10:00:04.781;INFO;Controller;Status = Executing: Initialize;
05/02/18;10:00:04.781;INFO;Controller;State = Running;
05/02/18;10:00:05.822;INFO;Robot Runtime;executing:    Initialize;
05/02/18;10:00:06.439;INFO;Controller;Activity ExecRobotTask ended. Return value: Done;
05/02/18;10:00:06.440;INFO;Controller;State = Ready;
05/02/18;10:00:06.449;INFO;Server;Command: ExecRobotTask (CoolDown,500000);
05/02/18;10:00:06.449;INFO;Controller;Executing asynchronous activity: ExecRobotTask;
05/02/18;10:00:06.449;INFO;Controller;Status = Executing: CoolDown;
05/02/18;10:00:06.449;INFO;Controller;State = Running;
05/02/18;10:00:07.195;INFO;Robot Runtime;executing:    CoolDown;
05/02/18;10:00:07.550;INFO;Controller;Activity ExecRobotTask ended. Return value: Done;
05/02/18;10:00:07.550;INFO;Controller;State = Ready;
05/02/18;10:00:12.714;INFO;Server;Command: ExecRobotTask (TraceSample,500000);
05/02/18;10:00:12.715;INFO;Controller;Executing asynchronous activity: ExecRobotTask;
05/02/18;10:00:12.715;INFO;Controller;Status = Executing: TraceSample;
05/02/18;10:00:12.715;INFO;Controller;State = Running;
05/02/18;10:00:13.471;INFO;Robot Runtime;executing:    TraceSample;
05/02/18;10:00:16.072;INFO;Controller;Activity ExecRobotTask ended. Return value: Done True/False/False;
05/02/18;10:00:16.073;INFO;Controller;State = Ready;
05/02/18;10:00:16.085;INFO;Server;Command: ExecRobotTask (Unmount,500000);
05/02/18;10:00:16.086;INFO;Controller;Executing asynchronous activity: ExecRobotTask;
05/02/18;10:00:16.086;INFO;Controller;Status = Executing: Unmount;
05/02/18;10:00:16.086;INFO;Controller;State = Running;
05/02/18;10:00:16.828;INFO;Robot Runtime;executing:    Unmount;
05/02/18;10:00:25.351;INFO;Controller;Activity ExecRobotTask ended. Return value: Done False/True/False;
05/02/18;10:00:25.351;INFO;Controller;State = Ready;
05/02/18;10:00:25.362;INFO;Server;Command: ExecRobotTask (Unload,500000);
05/02/18;10:00:25.363;INFO;Controller;Executing asynchronous activity: ExecRobotTask;
05/02/18;10:00:25.363;INFO;Controller;Status = Executing: Unload;
05/02/18;10:00:25.363;INFO;Controller;State = Running;
05/02/18;10:00:26.237;INFO;Robot Runtime;executing:    Unload;
05/02/18;10:00:30.985;INFO;Controller;Activity ExecRobotTask ended. Return value: Done False/False/False;
05/02/18;10:00:30.985;INFO;Controller;State = Ready;
05/02/18;10:00:33.748;INFO;Server;Command: ExecRobotTask (Load,500000);
05/02/18;10:00:33.748;INFO;Controller;Executing asynchronous activity: ExecRobotTask;
05/02/18;10:00:33.748;INFO;Controller;Status = Executing: Load;
05/02/18;10:00:33.748;INFO;Controller;State = Running;
05/02/18;10:00:34.803;INFO;Robot Runtime;executing:    Load;
05/02/18;10:00:41.452;INFO;Controller;Activity ExecRobotTask ended. Return value: Done False/True/False;
05/02/18;10:00:41.452;INFO;Controller;State = Ready;
05/02/18;10:00:41.464;INFO;Server;Command: ExecRobotTask (Mount,500000);
05/02/18;10:00:41.464;INFO;Controller;Executing asynchronous activity: ExecRobotTask;
05/02/18;10:00:41.464;INFO;Controller;Status = Executing: Mount;
05/02/18;10:00:41.464;INFO;Controller;State = Running;
05/02/18;10:00:42.232;INFO;Robot Runtime;executing:    Mount;
05/02/18;10:00:49.319;INFO;Controller;Activity ExecRobotTask ended. Return value: Done True/False/False;
05/02/18;10:00:49.319;INFO;Controller;State = Ready;
05/02/18;10:00:49.329;INFO;Server;Command: ExecRobotTask (Park,500000);
05/02/18;10:00:49.330;INFO;Controller;Executing asynchronous activity: ExecRobotTask;
05/02/18;10:00:49.330;INFO;Controller;Status = Executing: Park;
05/02/18;10:00:49.330;INFO;Controller;State = Running;
05/02/18;10:00:50.080;INFO;Robot Runtime;executing:    Park;
05/02/18;10:00:53.458;INFO;Controller;Activity ExecRobotTask ended. Return value: Done;
05/02/18;10:00:53.458;INFO;Controller;State = Ready;
05/02/18;10:00:53.475;INFO;Server;Command: ExecRobotTask (UnlatchRobGov,500000);
05/02/18;10:00:53.475;INFO;Controller;Executing asynchronous activity: ExecRobotTask;
05/02/18;10:00:53.475;INFO;Controller;Status = Executing: UnlatchRobGov;
05/02/18;10:00:53.475;INFO;Controller;State = Running;
05/02/18;10:00:54.270;INFO;Robot Runtime;executing:    UnlatchRobGov;
05/02/18;10:00:54.417;INFO;Controller;Activity ExecRobotTask ended. Return value: Done;
05/02/18;10:00:54.417;INFO;Controller;State = Ready;
05/02/18;10:01:15.573;INFO;Server;Command: ExecRobotTask (Initialize,500000);
05/02/18;10:01:15.573;INFO;Controller;Executing asynchronous activity: ExecRobotTask;
05/02/18;10:01:15.573;INFO;Controller;Status = Executing: Initialize;
05/02/18;10:01:15.573;INFO;Controller;State = Running;
05/02/18;10:01:16.432;INFO;Robot Runtime;executing:    Initialize;
05/02/18;10:01:16.955;INFO;Controller;Activity ExecRobotTask ended. Return value: Done;
05/02/18;10:01:16.955;INFO;Controller;State = Ready;
05/02/18;10:01:16.970;INFO;Server;Command: ExecRobotTask (CoolDown,500000);
05/02/18;10:01:16.970;INFO;Controller;Executing asynchronous activity: ExecRobotTask;
05/02/18;10:01:16.970;INFO;Controller;Status = Executing: CoolDown;
05/02/18;10:01:16.970;INFO;Controller;State = Running;
05/02/18;10:01:17.717;INFO;Robot Runtime;executing:    CoolDown;
05/02/18;10:01:18.071;INFO;Controller;Activity ExecRobotTask ended. Return value: Done;
05/02/18;10:01:18.071;INFO;Controller;State = Ready;
05/02/18;10:01:22.944;INFO;Server;Command: ExecRobotTask (TraceSample,500000);
05/02/18;10:01:22.944;INFO;Controller;Executing asynchronous activity: ExecRobotTask;
05/02/18;10:01:22.944;INFO;Controller;Status = Executing: TraceSample;
05/02/18;10:01:22.944;INFO;Controller;State = Running;
05/02/18;10:01:23.698;INFO;Robot Runtime;executing:    TraceSample;
05/02/18;10:01:25.973;INFO;Controller;Activity ExecRobotTask ended. Return value: Done True/False/False;
05/02/18;10:01:25.974;INFO;Controller;State = Ready;
05/02/18;10:01:25.995;INFO;Server;Command: ExecRobotTask (Unmount,500000);
05/02/18;10:01:25.995;INFO;Controller;Executing asynchronous activity: ExecRobotTask;
05/02/18;10:01:25.995;INFO;Controller;Status = Executing: Unmount;
05/02/18;10:01:25.996;INFO;Controller;State = Running;
05/02/18;10:01:26.745;INFO;Robot Runtime;executing:    Unmount;
05/02/18;10:01:35.859;INFO;Controller;Activity ExecRobotTask ended. Return value: Done False/True/False;
05/02/18;10:01:35.859;INFO;Controller;State = Ready;
05/02/18;10:01:35.873;INFO;Server;Command: ExecRobotTask (Unload,500000);
05/02/18;10:01:35.874;INFO;Controller;Executing asynchronous activity: ExecRobotTask;
05/02/18;10:01:35.874;INFO;Controller;Status = Executing: Unload;
05/02/18;10:01:35.874;INFO;Controller;State = Running;
05/02/18;10:01:36.934;INFO;Robot Runtime;executing:    Unload;
05/02/18;10:01:41.609;INFO;Controller;Activity ExecRobotTask ended. Return value: Done False/False/False;
05/02/18;10:01:41.609;INFO;Controller;State = Ready;
05/02/18;10:01:44.371;INFO;Server;Command: ExecRobotTask (Load,500000);
05/02/18;10:01:44.371;INFO;Controller;Executing asynchronous activity: ExecRobotTask;
05/02/18;10:01:44.371;INFO;Controller;Status = Executing: Load;
05/02/18;10:01:44.371;INFO;Controller;State = Running;
05/02/18;10:01:45.262;INFO;Robot Runtime;executing:    Load;
05/02/18;10:01:52.263;INFO;Controller;Activity ExecRobotTask ended. Return value: Done False/True/False;
05/02/18;10:01:52.263;INFO;Controller;State = Ready;
05/02/18;10:01:52.281;INFO;Server;Command: ExecRobotTask (Mount,500000);
05/02/18;10:01:52.281;INFO;Controller;Executing asynchronous activity: ExecRobotTask;
05/02/18;10:01:52.281;INFO;Controller;Status = Executing: Mount;
05/02/18;10:01:52.281;INFO;Controller;State = Running;
05/02/18;10:01:53.030;INFO;Robot Runtime;executing:    Mount;
05/02/18;10:02:00.478;INFO;Controller;Activity ExecRobotTask ended. Return value: Done True/False/False;
05/02/18;10:02:00.478;INFO;Controller;State = Ready;
05/02/18;10:02:00.495;INFO;Server;Command: ExecRobotTask (Park,500000);
05/02/18;10:02:00.495;INFO;Controller;Executing asynchronous activity: ExecRobotTask;
05/02/18;10:02:00.495;INFO;Controller;Status = Executing: Park;
05/02/18;10:02:00.495;INFO;Controller;State = Running;
05/02/18;10:02:01.244;INFO;Robot Runtime;executing:    Park;
05/02/18;10:02:04.623;INFO;Controller;Activity ExecRobotTask ended. Return value: Done;
05/02/18;10:02:04.624;INFO;Controller;State = Ready;
05/02/18;10:02:04.641;INFO;Server;Command: ExecRobotTask (UnlatchRobGov,500000);
05/02/18;10:02:04.641;INFO;Controller;Executing asynchronous activity: ExecRobotTask;
05/02/18;10:02:04.642;INFO;Controller;Status = Executing: UnlatchRobGov;
05/02/18;10:02:04.642;INFO;Controller;State = Running;
05/02/18;10:02:05.433;INFO;Robot Runtime;executing:    UnlatchRobGov;
05/02/18;10:02:05.583;INFO;Controller;Activity ExecRobotTask ended. Return value: Done;
05/02/18;10:02:05.583;INFO;Controller;State = Ready;
05/02/18;10:04:05.845;INFO;Server;Command: ExecRobotTask (Initialize,500000);
05/02/18;10:04:05.845;INFO;Controller;Executing asynchronous activity: ExecRobotTask;
05/02/18;10:04:05.845;INFO;Controller;Status = Executing: Initialize;
05/02/18;10:04:05.845;INFO;Controller;State = Running;
05/02/18;10:04:06.874;INFO;Robot Runtime;executing:    Initialize;
05/02/18;10:04:07.314;INFO;Controller;Activity ExecRobotTask ended. Return value: Done;
05/02/18;10:04:07.314;INFO;Controller;State = Ready;
05/02/18;10:04:07.332;INFO;Server;Command: ExecRobotTask (CoolDown,500000);
05/02/18;10:04:07.332;INFO;Controller;Executing asynchronous activity: ExecRobotTask;
05/02/18;10:04:07.332;INFO;Controller;Status = Executing: CoolDown;
05/02/18;10:04:07.332;INFO;Controller;State = Running;
05/02/18;10:04:08.078;INFO;Robot Runtime;executing:    CoolDown;
05/02/18;10:04:08.428;INFO;Controller;Activity ExecRobotTask ended. Return value: Done;
05/02/18;10:04:08.428;INFO;Controller;State = Ready;
05/02/18;10:04:13.405;INFO;Server;Command: ExecRobotTask (TraceSample,500000);
05/02/18;10:04:13.405;INFO;Controller;Executing asynchronous activity: ExecRobotTask;
05/02/18;10:04:13.405;INFO;Controller;Status = Executing: TraceSample;
05/02/18;10:04:13.405;INFO;Controller;State = Running;
05/02/18;10:04:14.158;INFO;Robot Runtime;executing:    TraceSample;
05/02/18;10:04:16.740;INFO;Controller;Activity ExecRobotTask ended. Return value: Done True/False/False;
05/02/18;10:04:16.740;INFO;Controller;State = Ready;
05/02/18;10:04:16.763;INFO;Server;Command: ExecRobotTask (Unmount,500000);
05/02/18;10:04:16.763;INFO;Controller;Executing asynchronous activity: ExecRobotTask;
05/02/18;10:04:16.763;INFO;Controller;Status = Executing: Unmount;
05/02/18;10:04:16.763;INFO;Controller;State = Running;
05/02/18;10:04:17.512;INFO;Robot Runtime;executing:    Unmount;
05/02/18;10:04:27.665;INFO;Controller;Activity ExecRobotTask ended. Return value: Done False/True/False;
05/02/18;10:04:27.665;INFO;Controller;State = Ready;
05/02/18;10:04:27.680;INFO;Server;Command: ExecRobotTask (Unload,500000);
05/02/18;10:04:27.680;INFO;Controller;Executing asynchronous activity: ExecRobotTask;
05/02/18;10:04:27.681;INFO;Controller;Status = Executing: Unload;
05/02/18;10:04:27.681;INFO;Controller;State = Running;
05/02/18;10:04:28.549;INFO;Robot Runtime;executing:    Unload;
05/02/18;10:04:33.369;INFO;Controller;Activity ExecRobotTask ended. Return value: Done False/False/False;
05/02/18;10:04:33.369;INFO;Controller;State = Ready;
05/02/18;10:04:36.139;INFO;Server;Command: ExecRobotTask (Load,500000);
05/02/18;10:04:36.139;INFO;Controller;Executing asynchronous activity: ExecRobotTask;
05/02/18;10:04:36.139;INFO;Controller;Status = Executing: Load;
05/02/18;10:04:36.139;INFO;Controller;State = Running;
05/02/18;10:04:37.202;INFO;Robot Runtime;executing:    Load;
05/02/18;10:04:43.837;INFO;Controller;Activity ExecRobotTask ended. Return value: Done False/True/False;
05/02/18;10:04:43.837;INFO;Controller;State = Ready;
05/02/18;10:04:43.860;INFO;Server;Command: ExecRobotTask (Mount,500000);
05/02/18;10:04:43.860;INFO;Controller;Executing asynchronous activity: ExecRobotTask;
05/02/18;10:04:43.860;INFO;Controller;Status = Executing: Mount;
05/02/18;10:04:43.860;INFO;Controller;State = Running;
05/02/18;10:04:44.625;INFO;Robot Runtime;executing:    Mount;
05/02/18;10:04:51.700;INFO;Controller;Activity ExecRobotTask ended. Return value: Done True/False/False;
05/02/18;10:04:51.701;INFO;Controller;State = Ready;
05/02/18;10:04:51.722;INFO;Server;Command: ExecRobotTask (Park,500000);
05/02/18;10:04:51.722;INFO;Controller;Executing asynchronous activity: ExecRobotTask;
05/02/18;10:04:51.722;INFO;Controller;Status = Executing: Park;
05/02/18;10:04:51.722;INFO;Controller;State = Running;
05/02/18;10:04:52.472;INFO;Robot Runtime;executing:    Park;
05/02/18;10:04:55.852;INFO;Controller;Activity ExecRobotTask ended. Return value: Done;
05/02/18;10:04:55.852;INFO;Controller;State = Ready;
05/02/18;10:04:55.871;INFO;Server;Command: ExecRobotTask (UnlatchRobGov,500000);
05/02/18;10:04:55.871;INFO;Controller;Executing asynchronous activity: ExecRobotTask;
05/02/18;10:04:55.871;INFO;Controller;Status = Executing: UnlatchRobGov;
05/02/18;10:04:55.871;INFO;Controller;State = Running;
05/02/18;10:04:56.663;INFO;Robot Runtime;executing:    UnlatchRobGov;
05/02/18;10:04:56.807;INFO;Controller;Activity ExecRobotTask ended. Return value: Done;
05/02/18;10:04:56.808;INFO;Controller;State = Ready;
05/02/18;10:07:17.516;INFO;Server;Command: ExecRobotTask (Initialize,500000);
05/02/18;10:07:17.516;INFO;Controller;Executing asynchronous activity: ExecRobotTask;
05/02/18;10:07:17.516;INFO;Controller;Status = Executing: Initialize;
05/02/18;10:07:17.516;INFO;Controller;State = Running;
05/02/18;10:07:18.380;INFO;Robot Runtime;executing:    Initialize;
05/02/18;10:07:18.842;INFO;Controller;Activity ExecRobotTask ended. Return value: Done;
05/02/18;10:07:18.842;INFO;Controller;State = Ready;
05/02/18;10:07:18.882;INFO;Server;Command: ExecRobotTask (CoolDown,500000);
05/02/18;10:07:18.883;INFO;Controller;Executing asynchronous activity: ExecRobotTask;
05/02/18;10:07:18.883;INFO;Controller;Status = Executing: CoolDown;
05/02/18;10:07:18.883;INFO;Controller;State = Running;
05/02/18;10:07:19.625;INFO;Robot Runtime;executing:    CoolDown;
05/02/18;10:07:19.794;INFO;Controller;Activity ExecRobotTask ended. Return value: Done;
05/02/18;10:07:19.794;INFO;Controller;State = Ready;
05/02/18;10:07:19.807;INFO;Server;Command: ExecRobotTask (TraceSample,500000);
05/02/18;10:07:19.807;INFO;Controller;Executing asynchronous activity: ExecRobotTask;
05/02/18;10:07:19.807;INFO;Controller;Status = Executing: TraceSample;
05/02/18;10:07:19.807;INFO;Controller;State = Running;
05/02/18;10:07:20.549;INFO;Robot Runtime;executing:    TraceSample;
05/02/18;10:07:23.097;INFO;Controller;Activity ExecRobotTask ended. Return value: Done True/False/False;
05/02/18;10:07:23.097;INFO;Controller;State = Ready;
05/02/18;10:07:25.825;INFO;Server;Command: ExecRobotTask (Unmount,500000);
05/02/18;10:07:25.825;INFO;Controller;Executing asynchronous activity: ExecRobotTask;
05/02/18;10:07:25.826;INFO;Controller;Status = Executing: Unmount;
05/02/18;10:07:25.826;INFO;Controller;State = Running;
05/02/18;10:07:26.590;INFO;Robot Runtime;executing:    Unmount;
05/02/18;10:07:35.091;INFO;Controller;Activity ExecRobotTask ended. Return value: Done False/True/False;
05/02/18;10:07:35.091;INFO;Controller;State = Ready;
05/02/18;10:07:35.099;INFO;Server;Command: ExecRobotTask (Unload,500000);
05/02/18;10:07:35.099;INFO;Controller;Executing asynchronous activity: ExecRobotTask;
05/02/18;10:07:35.099;INFO;Controller;Status = Executing: Unload;
05/02/18;10:07:35.100;INFO;Controller;State = Running;
05/02/18;10:07:36.155;INFO;Robot Runtime;executing:    Unload;
05/02/18;10:07:40.973;INFO;Controller;Activity ExecRobotTask ended. Return value: Done False/False/False;
05/02/18;10:07:40.974;INFO;Controller;State = Ready;
05/02/18;10:07:43.730;INFO;Server;Command: ExecRobotTask (Load,500000);
05/02/18;10:07:43.730;INFO;Controller;Executing asynchronous activity: ExecRobotTask;
05/02/18;10:07:43.730;INFO;Controller;Status = Executing: Load;
05/02/18;10:07:43.730;INFO;Controller;State = Running;
05/02/18;10:07:44.621;INFO;Robot Runtime;executing:    Load;
05/02/18;10:07:51.580;INFO;Controller;Activity ExecRobotTask ended. Return value: Done False/True/False;
05/02/18;10:07:51.581;INFO;Controller;State = Ready;
05/02/18;10:07:51.594;INFO;Server;Command: ExecRobotTask (Mount,500000);
05/02/18;10:07:51.594;INFO;Controller;Executing asynchronous activity: ExecRobotTask;
05/02/18;10:07:51.594;INFO;Controller;Status = Executing: Mount;
05/02/18;10:07:51.595;INFO;Controller;State = Running;
05/02/18;10:07:52.349;INFO;Robot Runtime;executing:    Mount;
05/02/18;10:08:00.012;INFO;Controller;Activity ExecRobotTask ended. Return value: Done True/False/False;
05/02/18;10:08:00.012;INFO;Controller;State = Ready;
05/02/18;10:08:00.026;INFO;Server;Command: ExecRobotTask (Park,500000);
05/02/18;10:08:00.026;INFO;Controller;Executing asynchronous activity: ExecRobotTask;
05/02/18;10:08:00.026;INFO;Controller;Status = Executing: Park;
05/02/18;10:08:00.026;INFO;Controller;State = Running;
05/02/18;10:08:00.776;INFO;Robot Runtime;executing:    Park;
05/02/18;10:08:04.148;INFO;Controller;Activity ExecRobotTask ended. Return value: Done;
05/02/18;10:08:04.148;INFO;Controller;State = Ready;
05/02/18;10:08:04.158;INFO;Server;Command: ExecRobotTask (UnlatchRobGov,500000);
05/02/18;10:08:04.159;INFO;Controller;Executing asynchronous activity: ExecRobotTask;
05/02/18;10:08:04.159;INFO;Controller;Status = Executing: UnlatchRobGov;
05/02/18;10:08:04.159;INFO;Controller;State = Running;
05/02/18;10:08:04.957;INFO;Robot Runtime;executing:    UnlatchRobGov;
05/02/18;10:08:05.105;INFO;Controller;Activity ExecRobotTask ended. Return value: Done;
05/02/18;10:08:05.105;INFO;Controller;State = Ready;
05/02/18;10:08:28.249;INFO;Server;Command: ExecRobotTask (Initialize,500000);
05/02/18;10:08:28.249;INFO;Controller;Executing asynchronous activity: ExecRobotTask;
05/02/18;10:08:28.249;INFO;Controller;Status = Executing: Initialize;
05/02/18;10:08:28.249;INFO;Controller;State = Running;
05/02/18;10:08:29.283;INFO;Robot Runtime;executing:    Initialize;
05/02/18;10:08:29.529;INFO;Controller;Activity ExecRobotTask ended. Return value: Done;
05/02/18;10:08:29.529;INFO;Controller;State = Ready;
05/02/18;10:08:29.539;INFO;Server;Command: ExecRobotTask (CoolDown,500000);
05/02/18;10:08:29.540;INFO;Controller;Executing asynchronous activity: ExecRobotTask;
05/02/18;10:08:29.540;INFO;Controller;Status = Executing: CoolDown;
05/02/18;10:08:29.540;INFO;Controller;State = Running;
05/02/18;10:08:30.289;INFO;Robot Runtime;executing:    CoolDown;
05/02/18;10:08:30.807;INFO;Controller;Activity ExecRobotTask ended. Return value: Done;
05/02/18;10:08:30.807;INFO;Controller;State = Ready;
05/02/18;10:08:30.821;INFO;Server;Command: ExecRobotTask (TraceSample,500000);
05/02/18;10:08:30.821;INFO;Controller;Executing asynchronous activity: ExecRobotTask;
05/02/18;10:08:30.821;INFO;Controller;Status = Executing: TraceSample;
05/02/18;10:08:30.821;INFO;Controller;State = Running;
05/02/18;10:08:31.568;INFO;Robot Runtime;executing:    TraceSample;
05/02/18;10:08:34.213;INFO;Controller;Activity ExecRobotTask ended. Return value: Done True/False/False;
05/02/18;10:08:34.213;INFO;Controller;State = Ready;
05/02/18;10:08:36.944;INFO;Server;Command: ExecRobotTask (Unmount,500000);
05/02/18;10:08:36.944;INFO;Controller;Executing asynchronous activity: ExecRobotTask;
05/02/18;10:08:36.944;INFO;Controller;Status = Executing: Unmount;
05/02/18;10:08:36.944;INFO;Controller;State = Running;
05/02/18;10:08:37.701;INFO;Robot Runtime;executing:    Unmount;
05/02/18;10:08:45.242;INFO;Controller;Activity ExecRobotTask ended. Return value: Done False/True/False;
05/02/18;10:08:45.242;INFO;Controller;State = Ready;
05/02/18;10:08:45.256;INFO;Server;Command: ExecRobotTask (Unload,500000);
05/02/18;10:08:45.256;INFO;Controller;Executing asynchronous activity: ExecRobotTask;
05/02/18;10:08:45.256;INFO;Controller;Status = Executing: Unload;
05/02/18;10:08:45.256;INFO;Controller;State = Running;
05/02/18;10:08:46.126;INFO;Robot Runtime;executing:    Unload;
05/02/18;10:08:50.874;INFO;Controller;Activity ExecRobotTask ended. Return value: Done False/False/False;
05/02/18;10:08:50.874;INFO;Controller;State = Ready;
05/02/18;10:08:53.663;INFO;Server;Command: ExecRobotTask (Load,500000);
05/02/18;10:08:53.663;INFO;Controller;Executing asynchronous activity: ExecRobotTask;
05/02/18;10:08:53.663;INFO;Controller;Status = Executing: Load;
05/02/18;10:08:53.664;INFO;Controller;State = Running;
05/02/18;10:08:54.722;INFO;Robot Runtime;executing:    Load;
05/02/18;10:09:01.755;INFO;Controller;Activity ExecRobotTask ended. Return value: Done False/True/False;
05/02/18;10:09:01.756;INFO;Controller;State = Ready;
05/02/18;10:09:01.774;INFO;Server;Command: ExecRobotTask (Mount,500000);
05/02/18;10:09:01.774;INFO;Controller;Executing asynchronous activity: ExecRobotTask;
05/02/18;10:09:01.774;INFO;Controller;Status = Executing: Mount;
05/02/18;10:09:01.774;INFO;Controller;State = Running;
05/02/18;10:09:02.539;INFO;Robot Runtime;executing:    Mount;
05/02/18;10:09:09.701;INFO;Controller;Activity ExecRobotTask ended. Return value: Done True/False/False;
05/02/18;10:09:09.701;INFO;Controller;State = Ready;
05/02/18;10:09:09.721;INFO;Server;Command: ExecRobotTask (Park,500000);
05/02/18;10:09:09.721;INFO;Controller;Executing asynchronous activity: ExecRobotTask;
05/02/18;10:09:09.721;INFO;Controller;Status = Executing: Park;
05/02/18;10:09:09.721;INFO;Controller;State = Running;
05/02/18;10:09:10.476;INFO;Robot Runtime;executing:    Park;
05/02/18;10:09:13.846;INFO;Controller;Activity ExecRobotTask ended. Return value: Done;
05/02/18;10:09:13.846;INFO;Controller;State = Ready;
05/02/18;10:09:13.861;INFO;Server;Command: ExecRobotTask (UnlatchRobGov,500000);
05/02/18;10:09:13.861;INFO;Controller;Executing asynchronous activity: ExecRobotTask;
05/02/18;10:09:13.861;INFO;Controller;Status = Executing: UnlatchRobGov;
05/02/18;10:09:13.861;INFO;Controller;State = Running;
05/02/18;10:09:14.658;INFO;Robot Runtime;executing:    UnlatchRobGov;
05/02/18;10:09:14.807;INFO;Controller;Activity ExecRobotTask ended. Return value: Done;
05/02/18;10:09:14.808;INFO;Controller;State = Ready;
05/02/18;10:09:40.956;INFO;Server;Command: ExecRobotTask (Initialize,500000);
05/02/18;10:09:40.956;INFO;Controller;Executing asynchronous activity: ExecRobotTask;
05/02/18;10:09:40.956;INFO;Controller;Status = Executing: Initialize;
05/02/18;10:09:40.956;INFO;Controller;State = Running;
05/02/18;10:09:41.813;INFO;Robot Runtime;executing:    Initialize;
05/02/18;10:09:42.082;INFO;Controller;Activity ExecRobotTask ended. Return value: Done;
05/02/18;10:09:42.083;INFO;Controller;State = Ready;
05/02/18;10:09:42.098;INFO;Server;Command: ExecRobotTask (CoolDown,500000);
05/02/18;10:09:42.098;INFO;Controller;Executing asynchronous activity: ExecRobotTask;
05/02/18;10:09:42.098;INFO;Controller;Status = Executing: CoolDown;
05/02/18;10:09:42.098;INFO;Controller;State = Running;
05/02/18;10:09:42.841;INFO;Robot Runtime;executing:    CoolDown;
05/02/18;10:09:43.358;INFO;Controller;Activity ExecRobotTask ended. Return value: Done;
05/02/18;10:09:43.358;INFO;Controller;State = Ready;
05/02/18;10:09:43.373;INFO;Server;Command: ExecRobotTask (TraceSample,500000);
05/02/18;10:09:43.373;INFO;Controller;Executing asynchronous activity: ExecRobotTask;
05/02/18;10:09:43.374;INFO;Controller;Status = Executing: TraceSample;
05/02/18;10:09:43.374;INFO;Controller;State = Running;
05/02/18;10:09:44.118;INFO;Robot Runtime;executing:    TraceSample;
05/02/18;10:09:46.750;INFO;Controller;Activity ExecRobotTask ended. Return value: Done True/False/False;
05/02/18;10:09:46.750;INFO;Controller;State = Ready;
05/02/18;10:09:49.491;INFO;Server;Command: ExecRobotTask (Unmount,500000);
05/02/18;10:09:49.491;INFO;Controller;Executing asynchronous activity: ExecRobotTask;
05/02/18;10:09:49.491;INFO;Controller;Status = Executing: Unmount;
05/02/18;10:09:49.491;INFO;Controller;State = Running;
05/02/18;10:09:50.248;INFO;Robot Runtime;executing:    Unmount;
05/02/18;10:10:00.143;INFO;Controller;Activity ExecRobotTask ended. Return value: Done False/True/False;
05/02/18;10:10:00.143;INFO;Controller;State = Ready;
05/02/18;10:10:00.159;INFO;Server;Command: ExecRobotTask (Unload,500000);
05/02/18;10:10:00.159;INFO;Controller;Executing asynchronous activity: ExecRobotTask;
05/02/18;10:10:00.159;INFO;Controller;Status = Executing: Unload;
05/02/18;10:10:00.159;INFO;Controller;State = Running;
05/02/18;10:10:01.210;INFO;Robot Runtime;executing:    Unload;
05/02/18;10:10:05.874;INFO;Controller;Activity ExecRobotTask ended. Return value: Done False/False/False;
05/02/18;10:10:05.874;INFO;Controller;State = Ready;
05/02/18;10:10:08.634;INFO;Server;Command: ExecRobotTask (Load,500000);
05/02/18;10:10:08.635;INFO;Controller;Executing asynchronous activity: ExecRobotTask;
05/02/18;10:10:08.635;INFO;Controller;Status = Executing: Load;
05/02/18;10:10:08.635;INFO;Controller;State = Running;
05/02/18;10:10:09.523;INFO;Robot Runtime;executing:    Load;
05/02/18;10:10:16.523;INFO;Controller;Activity ExecRobotTask ended. Return value: Done False/True/False;
05/02/18;10:10:16.523;INFO;Controller;State = Ready;
05/02/18;10:10:16.543;INFO;Server;Command: ExecRobotTask (Mount,500000);
05/02/18;10:10:16.543;INFO;Controller;Executing asynchronous activity: ExecRobotTask;
05/02/18;10:10:16.543;INFO;Controller;Status = Executing: Mount;
05/02/18;10:10:16.543;INFO;Controller;State = Running;
05/02/18;10:10:17.298;INFO;Robot Runtime;executing:    Mount;
05/02/18;10:10:25.212;INFO;Controller;Activity ExecRobotTask ended. Return value: Done True/False/False;
05/02/18;10:10:25.212;INFO;Controller;State = Ready;
05/02/18;10:10:25.233;INFO;Server;Command: ExecRobotTask (Park,500000);
05/02/18;10:10:25.233;INFO;Controller;Executing asynchronous activity: ExecRobotTask;
05/02/18;10:10:25.234;INFO;Controller;Status = Executing: Park;
05/02/18;10:10:25.234;INFO;Controller;State = Running;
05/02/18;10:10:25.984;INFO;Robot Runtime;executing:    Park;
05/02/18;10:10:29.358;INFO;Controller;Activity ExecRobotTask ended. Return value: Done;
05/02/18;10:10:29.358;INFO;Controller;State = Ready;
05/02/18;10:10:29.382;INFO;Server;Command: ExecRobotTask (UnlatchRobGov,500000);
05/02/18;10:10:29.382;INFO;Controller;Executing asynchronous activity: ExecRobotTask;
05/02/18;10:10:29.382;INFO;Controller;Status = Executing: UnlatchRobGov;
05/02/18;10:10:29.382;INFO;Controller;State = Running;
05/02/18;10:10:30.177;INFO;Robot Runtime;executing:    UnlatchRobGov;
05/02/18;10:10:30.313;INFO;Controller;Activity ExecRobotTask ended. Return value: Done;
05/02/18;10:10:30.314;INFO;Controller;State = Ready;
05/02/18;10:15:07.740;INFO;Server;Command: ExecRobotTask (Initialize,500000);
05/02/18;10:15:07.740;INFO;Controller;Executing asynchronous activity: ExecRobotTask;
05/02/18;10:15:07.740;INFO;Controller;Status = Executing: Initialize;
05/02/18;10:15:07.740;INFO;Controller;State = Running;
05/02/18;10:15:08.775;INFO;Robot Runtime;executing:    Initialize;
05/02/18;10:15:09.020;INFO;Controller;Activity ExecRobotTask ended. Return value: Done;
05/02/18;10:15:09.021;INFO;Controller;State = Ready;
05/02/18;10:15:09.052;INFO;Server;Command: ExecRobotTask (CoolDown,500000);
05/02/18;10:15:09.052;INFO;Controller;Executing asynchronous activity: ExecRobotTask;
05/02/18;10:15:09.052;INFO;Controller;Status = Executing: CoolDown;
05/02/18;10:15:09.052;INFO;Controller;State = Running;
05/02/18;10:15:09.803;INFO;Robot Runtime;executing:    CoolDown;
05/02/18;10:15:10.296;INFO;Controller;Activity ExecRobotTask ended. Return value: Done;
05/02/18;10:15:10.296;INFO;Controller;State = Ready;
05/02/18;10:15:10.312;INFO;Server;Command: ExecRobotTask (LatchRobGov,500000);
05/02/18;10:15:10.312;INFO;Controller;Executing asynchronous activity: ExecRobotTask;
05/02/18;10:15:10.313;INFO;Controller;Status = Executing: LatchRobGov;
05/02/18;10:15:10.313;INFO;Controller;State = Running;
05/02/18;10:15:11.202;INFO;Robot Runtime;executing:    LatchRobGov;
05/02/18;10:15:15.907;INFO;Controller;Activity ExecRobotTask ended. Return value: Done;
05/02/18;10:15:15.907;INFO;Controller;State = Ready;
05/02/18;10:15:18.688;INFO;Server;Command: ExecRobotTask (TraceSample,500000);
05/02/18;10:15:18.688;INFO;Controller;Executing asynchronous activity: ExecRobotTask;
05/02/18;10:15:18.688;INFO;Controller;Status = Executing: TraceSample;
05/02/18;10:15:18.688;INFO;Controller;State = Running;
05/02/18;10:15:19.441;INFO;Robot Runtime;executing:    TraceSample;
05/02/18;10:15:22.015;INFO;Controller;Activity ExecRobotTask ended. Return value: Done True/False/False;
05/02/18;10:15:22.015;INFO;Controller;State = Ready;
05/02/18;10:15:22.028;INFO;Server;Command: ExecRobotTask (Unmount,500000);
05/02/18;10:15:22.028;INFO;Controller;Executing asynchronous activity: ExecRobotTask;
05/02/18;10:15:22.029;INFO;Controller;Status = Executing: Unmount;
05/02/18;10:15:22.029;INFO;Controller;State = Running;
05/02/18;10:15:22.777;INFO;Robot Runtime;executing:    Unmount;
05/02/18;10:15:29.733;INFO;Controller;Activity ExecRobotTask ended. Return value: Done False/True/False;
05/02/18;10:15:29.733;INFO;Controller;State = Ready;
05/02/18;10:15:29.741;INFO;Server;Command: ExecRobotTask (Unload,500000);
05/02/18;10:15:29.742;INFO;Controller;Executing asynchronous activity: ExecRobotTask;
05/02/18;10:15:29.742;INFO;Controller;Status = Executing: Unload;
05/02/18;10:15:29.742;INFO;Controller;State = Running;
05/02/18;10:15:30.810;INFO;Robot Runtime;executing:    Unload;
05/02/18;10:15:35.455;INFO;Controller;Activity ExecRobotTask ended. Return value: Done False/False/False;
05/02/18;10:15:35.455;INFO;Controller;State = Ready;
05/02/18;10:15:38.213;INFO;Server;Command: ExecRobotTask (Load,500000);
05/02/18;10:15:38.214;INFO;Controller;Executing asynchronous activity: ExecRobotTask;
05/02/18;10:15:38.214;INFO;Controller;Status = Executing: Load;
05/02/18;10:15:38.214;INFO;Controller;State = Running;
05/02/18;10:15:39.106;INFO;Robot Runtime;executing:    Load;
05/02/18;10:15:46.085;INFO;Controller;Activity ExecRobotTask ended. Return value: Done False/True/False;
05/02/18;10:15:46.085;INFO;Controller;State = Ready;
05/02/18;10:15:46.099;INFO;Server;Command: ExecRobotTask (Mount,500000);
05/02/18;10:15:46.100;INFO;Controller;Executing asynchronous activity: ExecRobotTask;
05/02/18;10:15:46.100;INFO;Controller;Status = Executing: Mount;
05/02/18;10:15:46.100;INFO;Controller;State = Running;
05/02/18;10:15:46.851;INFO;Robot Runtime;executing:    Mount;
05/02/18;10:15:54.771;INFO;Controller;Activity ExecRobotTask ended. Return value: Done True/False/False;
05/02/18;10:15:54.771;INFO;Controller;State = Ready;
05/02/18;10:15:54.786;INFO;Server;Command: ExecRobotTask (Park,500000);
05/02/18;10:15:54.787;INFO;Controller;Executing asynchronous activity: ExecRobotTask;
05/02/18;10:15:54.787;INFO;Controller;Status = Executing: Park;
05/02/18;10:15:54.787;INFO;Controller;State = Running;
05/02/18;10:15:55.539;INFO;Robot Runtime;executing:    Park;
05/02/18;10:15:58.931;INFO;Controller;Activity ExecRobotTask ended. Return value: Done;
05/02/18;10:15:58.931;INFO;Controller;State = Ready;
05/02/18;10:15:58.949;INFO;Server;Command: ExecRobotTask (UnlatchRobGov,500000);
05/02/18;10:15:58.949;INFO;Controller;Executing asynchronous activity: ExecRobotTask;
05/02/18;10:15:58.949;INFO;Controller;Status = Executing: UnlatchRobGov;
05/02/18;10:15:58.949;INFO;Controller;State = Running;
05/02/18;10:15:59.747;INFO;Robot Runtime;executing:    UnlatchRobGov;
05/02/18;10:15:59.896;INFO;Controller;Activity ExecRobotTask ended. Return value: Done;
05/02/18;10:15:59.897;INFO;Controller;State = Ready;
05/02/18;10:16:44.115;INFO;Server;Command: ExecRobotTask (Initialize,500000);
05/02/18;10:16:44.115;INFO;Controller;Executing asynchronous activity: ExecRobotTask;
05/02/18;10:16:44.115;INFO;Controller;Status = Executing: Initialize;
05/02/18;10:16:44.115;INFO;Controller;State = Running;
05/02/18;10:16:44.945;INFO;Robot Runtime;executing:    Initialize;
05/02/18;10:16:45.409;INFO;Controller;Activity ExecRobotTask ended. Return value: Done;
05/02/18;10:16:45.409;INFO;Controller;State = Ready;
05/02/18;10:16:45.428;INFO;Server;Command: ExecRobotTask (CoolDown,500000);
05/02/18;10:16:45.428;INFO;Controller;Executing asynchronous activity: ExecRobotTask;
05/02/18;10:16:45.428;INFO;Controller;Status = Executing: CoolDown;
05/02/18;10:16:45.429;INFO;Controller;State = Running;
05/02/18;10:16:46.236;INFO;Robot Runtime;executing:    CoolDown;
05/02/18;10:16:46.374;INFO;Controller;Activity ExecRobotTask ended. Return value: Done;
05/02/18;10:16:46.374;INFO;Controller;State = Ready;
05/02/18;10:16:46.387;INFO;Server;Command: ExecRobotTask (LatchRobGov,500000);
05/02/18;10:16:46.387;INFO;Controller;Executing asynchronous activity: ExecRobotTask;
05/02/18;10:16:46.387;INFO;Controller;Status = Executing: LatchRobGov;
05/02/18;10:16:46.387;INFO;Controller;State = Running;
05/02/18;10:16:47.424;INFO;Robot Runtime;executing:    LatchRobGov;
05/02/18;10:16:52.655;INFO;Controller;Activity ExecRobotTask ended. Return value: Done;
05/02/18;10:16:52.656;INFO;Controller;State = Ready;
05/02/18;10:16:55.390;INFO;Server;Command: ExecRobotTask (TraceSample,500000);
05/02/18;10:16:55.391;INFO;Controller;Executing asynchronous activity: ExecRobotTask;
05/02/18;10:16:55.391;INFO;Controller;Status = Executing: TraceSample;
05/02/18;10:16:55.391;INFO;Controller;State = Running;
05/02/18;10:16:56.152;INFO;Robot Runtime;executing:    TraceSample;
05/02/18;10:16:58.763;INFO;Controller;Activity ExecRobotTask ended. Return value: Done True/False/False;
05/02/18;10:16:58.763;INFO;Controller;State = Ready;
05/02/18;10:16:58.777;INFO;Server;Command: ExecRobotTask (Unmount,500000);
05/02/18;10:16:58.777;INFO;Controller;Executing asynchronous activity: ExecRobotTask;
05/02/18;10:16:58.777;INFO;Controller;Status = Executing: Unmount;
05/02/18;10:16:58.777;INFO;Controller;State = Running;
05/02/18;10:16:59.526;INFO;Robot Runtime;executing:    Unmount;
05/02/18;10:17:07.079;INFO;Controller;Activity ExecRobotTask ended. Return value: Done False/True/False;
05/02/18;10:17:07.079;INFO;Controller;State = Ready;
05/02/18;10:17:07.090;INFO;Server;Command: ExecRobotTask (Unload,500000);
05/02/18;10:17:07.090;INFO;Controller;Executing asynchronous activity: ExecRobotTask;
05/02/18;10:17:07.090;INFO;Controller;Status = Executing: Unload;
05/02/18;10:17:07.090;INFO;Controller;State = Running;
05/02/18;10:17:07.951;INFO;Robot Runtime;executing:    Unload;
05/02/18;10:17:12.708;INFO;Controller;Activity ExecRobotTask ended. Return value: Done False/False/False;
05/02/18;10:17:12.708;INFO;Controller;State = Ready;
05/02/18;10:17:15.466;INFO;Server;Command: ExecRobotTask (Load,500000);
05/02/18;10:17:15.466;INFO;Controller;Executing asynchronous activity: ExecRobotTask;
05/02/18;10:17:15.466;INFO;Controller;Status = Executing: Load;
05/02/18;10:17:15.466;INFO;Controller;State = Running;
05/02/18;10:17:16.316;INFO;Robot Runtime;executing:    Load;
05/02/18;10:17:23.330;INFO;Controller;Activity ExecRobotTask ended. Return value: Done False/True/False;
05/02/18;10:17:23.330;INFO;Controller;State = Ready;
05/02/18;10:17:23.344;INFO;Server;Command: ExecRobotTask (Mount,500000);
05/02/18;10:17:23.344;INFO;Controller;Executing asynchronous activity: ExecRobotTask;
05/02/18;10:17:23.344;INFO;Controller;Status = Executing: Mount;
05/02/18;10:17:23.344;INFO;Controller;State = Running;
05/02/18;10:17:24.345;INFO;Robot Runtime;executing:    Mount;
05/02/18;10:17:32.030;INFO;Controller;Activity ExecRobotTask ended. Return value: Done True/False/False;
05/02/18;10:17:32.030;INFO;Controller;State = Ready;
05/02/18;10:17:32.046;INFO;Server;Command: ExecRobotTask (Park,500000);
05/02/18;10:17:32.046;INFO;Controller;Executing asynchronous activity: ExecRobotTask;
05/02/18;10:17:32.046;INFO;Controller;Status = Executing: Park;
05/02/18;10:17:32.046;INFO;Controller;State = Running;
05/02/18;10:17:32.803;INFO;Robot Runtime;executing:    Park;
05/02/18;10:17:36.177;INFO;Controller;Activity ExecRobotTask ended. Return value: Done;
05/02/18;10:17:36.177;INFO;Controller;State = Ready;
05/02/18;10:17:36.191;INFO;Server;Command: ExecRobotTask (UnlatchRobGov,500000);
05/02/18;10:17:36.192;INFO;Controller;Executing asynchronous activity: ExecRobotTask;
05/02/18;10:17:36.192;INFO;Controller;Status = Executing: UnlatchRobGov;
05/02/18;10:17:36.192;INFO;Controller;State = Running;
05/02/18;10:17:36.990;INFO;Robot Runtime;executing:    UnlatchRobGov;
05/02/18;10:17:37.139;INFO;Controller;Activity ExecRobotTask ended. Return value: Done;
05/02/18;10:17:37.139;INFO;Controller;State = Ready;
05/02/18;10:20:13.446;INFO;Server;Command: ExecRobotTask (Initialize,500000);
05/02/18;10:20:13.447;INFO;Controller;Executing asynchronous activity: ExecRobotTask;
05/02/18;10:20:13.447;INFO;Controller;Status = Executing: Initialize;
05/02/18;10:20:13.447;INFO;Controller;State = Running;
05/02/18;10:20:14.265;INFO;Robot Runtime;executing:    Initialize;
05/02/18;10:20:14.873;INFO;Controller;Activity ExecRobotTask ended. Return value: Done;
05/02/18;10:20:14.874;INFO;Controller;State = Ready;
05/02/18;10:20:14.887;INFO;Server;Command: ExecRobotTask (CoolDown,500000);
05/02/18;10:20:14.887;INFO;Controller;Executing asynchronous activity: ExecRobotTask;
05/02/18;10:20:14.887;INFO;Controller;Status = Executing: CoolDown;
05/02/18;10:20:14.888;INFO;Controller;State = Running;
05/02/18;10:20:15.633;INFO;Robot Runtime;executing:    CoolDown;
05/02/18;10:20:15.985;INFO;Controller;Activity ExecRobotTask ended. Return value: Done;
05/02/18;10:20:15.985;INFO;Controller;State = Ready;
05/02/18;10:20:16.002;INFO;Server;Command: ExecRobotTask (LatchRobGov,500000);
05/02/18;10:20:16.002;INFO;Controller;Executing asynchronous activity: ExecRobotTask;
05/02/18;10:20:16.002;INFO;Controller;Status = Executing: LatchRobGov;
05/02/18;10:20:16.002;INFO;Controller;State = Running;
05/02/18;10:20:16.857;INFO;Robot Runtime;executing:    LatchRobGov;
05/02/18;10:20:23.053;INFO;Controller;Activity ExecRobotTask ended. Return value: Done;
05/02/18;10:20:23.054;INFO;Controller;State = Ready;
05/02/18;10:20:25.814;INFO;Server;Command: ExecRobotTask (TraceSample,500000);
05/02/18;10:20:25.814;INFO;Controller;Executing asynchronous activity: ExecRobotTask;
05/02/18;10:20:25.814;INFO;Controller;Status = Executing: TraceSample;
05/02/18;10:20:25.814;INFO;Controller;State = Running;
05/02/18;10:20:26.809;INFO;Robot Runtime;executing:    TraceSample;
05/02/18;10:20:29.432;INFO;Controller;Activity ExecRobotTask ended. Return value: Done True/False/False;
05/02/18;10:20:29.432;INFO;Controller;State = Ready;
05/02/18;10:20:29.455;INFO;Server;Command: ExecRobotTask (Unmount,500000);
05/02/18;10:20:29.455;INFO;Controller;Executing asynchronous activity: ExecRobotTask;
05/02/18;10:20:29.455;INFO;Controller;Status = Executing: Unmount;
05/02/18;10:20:29.455;INFO;Controller;State = Running;
05/02/18;10:20:30.214;INFO;Robot Runtime;executing:    Unmount;
05/02/18;10:20:36.981;INFO;Controller;Activity ExecRobotTask ended. Return value: Done False/True/False;
05/02/18;10:20:36.982;INFO;Controller;State = Ready;
05/02/18;10:20:37.002;INFO;Server;Command: ExecRobotTask (Unload,500000);
05/02/18;10:20:37.002;INFO;Controller;Executing asynchronous activity: ExecRobotTask;
05/02/18;10:20:37.002;INFO;Controller;Status = Executing: Unload;
05/02/18;10:20:37.002;INFO;Controller;State = Running;
05/02/18;10:20:37.855;INFO;Robot Runtime;executing:    Unload;
05/02/18;10:20:42.610;INFO;Controller;Activity ExecRobotTask ended. Return value: Done False/False/False;
05/02/18;10:20:42.610;INFO;Controller;State = Ready;
05/02/18;10:20:42.641;INFO;Server;Command: ExecRobotTask (UnlatchRobGov,500000);
05/02/18;10:20:42.641;INFO;Controller;Executing asynchronous activity: ExecRobotTask;
05/02/18;10:20:42.642;INFO;Controller;Status = Executing: UnlatchRobGov;
05/02/18;10:20:42.642;INFO;Controller;State = Running;
05/02/18;10:20:43.409;INFO;Robot Runtime;executing:    UnlatchRobGov;
05/02/18;10:20:43.973;INFO;Controller;Activity ExecRobotTask ended. Return value: Done;
05/02/18;10:20:43.973;INFO;Controller;State = Ready;
05/02/18;10:20:43.989;INFO;Server;Command: ExecRobotTask (Finish,500000);
05/02/18;10:20:43.989;INFO;Controller;Executing asynchronous activity: ExecRobotTask;
05/02/18;10:20:43.989;INFO;Controller;Status = Executing: Finish;
05/02/18;10:20:43.989;INFO;Controller;State = Running;
05/02/18;10:20:44.829;INFO;Robot Runtime;executing:    Finish;
05/02/18;10:22:17.214;INFO;Controller;Activity ExecRobotTask ended. Return value: Done;
05/02/18;10:22:17.215;INFO;Controller;State = Ready;
