09/04/19;13:42:18.771;INFO;Server;Command: ExecRobotTask (OpenPortLid,500000);
09/04/19;13:42:18.772;INFO;Controller;Executing asynchronous activity: ExecRobotTask;
09/04/19;13:42:18.772;INFO;Controller;Status = Executing: OpenPortLid;
09/04/19;13:42:18.772;INFO;Controller;State = Running;
09/04/19;13:42:19.770;INFO;Robot Runtime;executing:    OpenPortLid;
09/04/19;13:42:20.630;INFO;Controller;Activity ExecRobotTask ended. Return value: Done;
09/04/19;13:42:20.630;INFO;Controller;State = Ready;
09/04/19;13:42:23.534;INFO;Server;Command: ExecRobotTask (ClosePorts,500000);
09/04/19;13:42:23.534;INFO;Controller;Executing asynchronous activity: ExecRobotTask;
09/04/19;13:42:23.534;INFO;Controller;Status = Executing: ClosePorts;
09/04/19;13:42:23.535;INFO;Controller;State = Running;
09/04/19;13:42:24.629;INFO;Robot Runtime;executing:    ClosePorts;
09/04/19;13:42:24.972;INFO;Controller;Activity ExecRobotTask ended. Return value: Done;
09/04/19;13:42:24.973;INFO;Controller;State = Ready;
09/04/19;13:42:27.632;INFO;Server;Command: ExecRobotTask (OpenPortLid,500000);
09/04/19;13:42:27.632;INFO;Controller;Executing asynchronous activity: ExecRobotTask;
09/04/19;13:42:27.632;INFO;Controller;Status = Executing: OpenPortLid;
09/04/19;13:42:27.633;INFO;Controller;State = Running;
09/04/19;13:42:28.481;INFO;Robot Runtime;executing:    OpenPortLid;
09/04/19;13:42:29.291;INFO;Controller;Activity ExecRobotTask ended. Return value: Done;
09/04/19;13:42:29.291;INFO;Controller;State = Ready;
09/04/19;13:42:35.135;INFO;Server;Command: ExecRobotTask (ClosePorts,500000);
09/04/19;13:42:35.136;INFO;Controller;Executing asynchronous activity: ExecRobotTask;
09/04/19;13:42:35.136;INFO;Controller;Status = Executing: ClosePorts;
09/04/19;13:42:35.136;INFO;Controller;State = Running;
09/04/19;13:42:35.965;INFO;Robot Runtime;executing:    ClosePorts;
09/04/19;13:42:36.333;INFO;Controller;Activity ExecRobotTask ended. Return value: Done;
09/04/19;13:42:36.333;INFO;Controller;State = Ready;
09/04/19;13:42:55.984;INFO;Server;Command: ExecRobotTask (OpenPortLid,500000);
09/04/19;13:42:55.984;INFO;Controller;Executing asynchronous activity: ExecRobotTask;
09/04/19;13:42:55.984;INFO;Controller;Status = Executing: OpenPortLid;
09/04/19;13:42:55.984;INFO;Controller;State = Running;
09/04/19;13:42:56.812;INFO;Robot Runtime;executing:    OpenPortLid;
09/04/19;13:42:57.683;INFO;Controller;Activity ExecRobotTask ended. Return value: Done;
09/04/19;13:42:57.684;INFO;Controller;State = Ready;
09/04/19;13:43:00.415;INFO;Server;Command: ExecRobotTask (ClosePorts,500000);
09/04/19;13:43:00.415;INFO;Controller;Executing asynchronous activity: ExecRobotTask;
09/04/19;13:43:00.415;INFO;Controller;Status = Executing: ClosePorts;
09/04/19;13:43:00.415;INFO;Controller;State = Running;
09/04/19;13:43:01.240;INFO;Robot Runtime;executing:    ClosePorts;
09/04/19;13:43:01.438;INFO;Controller;Activity ExecRobotTask ended. Return value: Done;
09/04/19;13:43:01.438;INFO;Controller;State = Ready;
09/04/19;13:48:32.204;INFO;Server;Command: ExecRobotTask (EnableTScreen,500000);
09/04/19;13:48:32.204;INFO;Controller;Executing asynchronous activity: ExecRobotTask;
09/04/19;13:48:32.204;INFO;Controller;Status = Executing: EnableTScreen;
09/04/19;13:48:32.205;INFO;Controller;State = Running;
09/04/19;13:48:33.092;INFO;Robot Runtime;executing:    EnableTScreen;
09/04/19;13:48:33.365;INFO;Controller;Activity ExecRobotTask ended. Return value: Done;
09/04/19;13:48:33.365;INFO;Controller;State = Ready;
09/04/19;16:27:41.230;INFO;Server;Command: ExecRobotTask (OpenPortLid,500000);
09/04/19;16:27:41.230;INFO;Controller;Executing asynchronous activity: ExecRobotTask;
09/04/19;16:27:41.230;INFO;Controller;Status = Executing: OpenPortLid;
09/04/19;16:27:41.230;INFO;Controller;State = Running;
09/04/19;16:27:42.631;INFO;Robot Runtime;executing:    OpenPortLid;
09/04/19;16:27:43.262;INFO;Controller;Activity ExecRobotTask ended. Return value: Done;
09/04/19;16:27:43.262;INFO;Controller;State = Ready;
09/04/19;16:27:50.925;INFO;Server;Command: ExecRobotTask (ClosePorts,500000);
09/04/19;16:27:50.925;INFO;Controller;Executing asynchronous activity: ExecRobotTask;
09/04/19;16:27:50.925;INFO;Controller;Status = Executing: ClosePorts;
09/04/19;16:27:50.925;INFO;Controller;State = Running;
09/04/19;16:27:51.780;INFO;Robot Runtime;executing:    ClosePorts;
09/04/19;16:27:52.112;INFO;Controller;Activity ExecRobotTask ended. Return value: Done;
09/04/19;16:27:52.112;INFO;Controller;State = Ready;
09/04/19;16:28:00.358;INFO;Server;Command: ExecRobotTask (OpenPortLid,500000);
09/04/19;16:28:00.358;INFO;Controller;Executing asynchronous activity: ExecRobotTask;
09/04/19;16:28:00.359;INFO;Controller;Status = Executing: OpenPortLid;
09/04/19;16:28:00.359;INFO;Controller;State = Running;
09/04/19;16:28:01.230;INFO;Robot Runtime;executing:    OpenPortLid;
09/04/19;16:28:01.996;INFO;Controller;Activity ExecRobotTask ended. Return value: Done;
09/04/19;16:28:01.996;INFO;Controller;State = Ready;
09/04/19;16:28:30.884;INFO;Server;Command: ExecRobotTask (ClosePorts,500000);
09/04/19;16:28:30.884;INFO;Controller;Executing asynchronous activity: ExecRobotTask;
09/04/19;16:28:30.884;INFO;Controller;Status = Executing: ClosePorts;
09/04/19;16:28:30.885;INFO;Controller;State = Running;
09/04/19;16:28:31.738;INFO;Robot Runtime;executing:    ClosePorts;
09/04/19;16:28:32.038;INFO;Controller;Activity ExecRobotTask ended. Return value: Done;
09/04/19;16:28:32.038;INFO;Controller;State = Ready;
09/04/19;16:29:50.398;INFO;Server;Command: ExecRobotTask (OpenPortLid,500000);
09/04/19;16:29:50.398;INFO;Controller;Executing asynchronous activity: ExecRobotTask;
09/04/19;16:29:50.398;INFO;Controller;Status = Executing: OpenPortLid;
09/04/19;16:29:50.398;INFO;Controller;State = Running;
09/04/19;16:29:51.229;INFO;Robot Runtime;executing:    OpenPortLid;
09/04/19;16:29:52.026;INFO;Controller;Activity ExecRobotTask ended. Return value: Done;
09/04/19;16:29:52.026;INFO;Controller;State = Ready;
09/04/19;16:29:56.002;INFO;Server;Command: ExecRobotTask (ClosePorts,500000);
09/04/19;16:29:56.003;INFO;Controller;Executing asynchronous activity: ExecRobotTask;
09/04/19;16:29:56.003;INFO;Controller;Status = Executing: ClosePorts;
09/04/19;16:29:56.003;INFO;Controller;State = Running;
09/04/19;16:29:56.886;INFO;Robot Runtime;executing:    ClosePorts;
09/04/19;16:29:57.063;INFO;Controller;Activity ExecRobotTask ended. Return value: Done;
09/04/19;16:29:57.063;INFO;Controller;State = Ready;
09/04/19;16:33:51.506;INFO;Server;Command: ExecRobotTask (ClosePorts,500000);
09/04/19;16:33:51.506;INFO;Controller;Executing asynchronous activity: ExecRobotTask;
09/04/19;16:33:51.506;INFO;Controller;Status = Executing: ClosePorts;
09/04/19;16:33:51.506;INFO;Controller;State = Running;
09/04/19;16:33:52.328;INFO;Robot Runtime;executing:    ClosePorts;
09/04/19;16:33:52.591;INFO;Controller;Activity ExecRobotTask ended. Return value: Done;
09/04/19;16:33:52.592;INFO;Controller;State = Ready;
09/04/19;16:33:54.643;INFO;Server;Command: ExecRobotTask (OpenPortLid,500000);
09/04/19;16:33:54.644;INFO;Controller;Executing asynchronous activity: ExecRobotTask;
09/04/19;16:33:54.644;INFO;Controller;Status = Executing: OpenPortLid;
09/04/19;16:33:54.644;INFO;Controller;State = Running;
09/04/19;16:33:55.519;INFO;Robot Runtime;executing:    OpenPortLid;
09/04/19;16:33:56.352;INFO;Controller;Activity ExecRobotTask ended. Return value: Done;
09/04/19;16:33:56.352;INFO;Controller;State = Ready;
09/04/19;16:34:00.665;INFO;Server;Command: ExecRobotTask (ClosePorts,500000);
09/04/19;16:34:00.665;INFO;Controller;Executing asynchronous activity: ExecRobotTask;
09/04/19;16:34:00.666;INFO;Controller;Status = Executing: ClosePorts;
09/04/19;16:34:00.666;INFO;Controller;State = Running;
09/04/19;16:34:01.490;INFO;Robot Runtime;executing:    ClosePorts;
09/04/19;16:34:01.659;INFO;Controller;Activity ExecRobotTask ended. Return value: Done;
09/04/19;16:34:01.659;INFO;Controller;State = Ready;
09/04/19;16:40:30.990;INFO;Server;Command: ExecRobotTask (EnableTScreen,500000);
09/04/19;16:40:30.990;INFO;Controller;Executing asynchronous activity: ExecRobotTask;
09/04/19;16:40:30.990;INFO;Controller;Status = Executing: EnableTScreen;
09/04/19;16:40:30.991;INFO;Controller;State = Running;
09/04/19;16:40:31.836;INFO;Robot Runtime;executing:    EnableTScreen;
09/04/19;16:40:32.054;INFO;Controller;Activity ExecRobotTask ended. Return value: Done;
09/04/19;16:40:32.054;INFO;Controller;State = Ready;
