31/05/19;09:15:29.704;WARNING;Robot;Alarm active: Device is offline;
31/05/19;09:15:29.705;INFO;Controller;State = Communication Error;
31/05/19;09:15:30.814;INFO;Robot;Alarm inactive: Device is offline;
31/05/19;09:15:30.815;WARNING;Controller;Communication resumed, trying updating devices;
31/05/19;09:15:30.815;INFO;Controller;Finished device updating;
31/05/19;09:15:30.815;INFO;Controller;State = Ready;
31/05/19;11:34:35.055;INFO;Server;Command: ExecRobotTask (OpenPortLid,500000);
31/05/19;11:34:35.055;INFO;Controller;Executing asynchronous activity: ExecRobotTask;
31/05/19;11:34:35.055;INFO;Controller;Status = Executing: OpenPortLid;
31/05/19;11:34:35.055;INFO;Controller;State = Running;
31/05/19;11:34:35.972;INFO;Robot Runtime;executing:    OpenPortLid;
31/05/19;11:34:36.605;INFO;Controller;Activity ExecRobotTask ended. Return value: Done;
31/05/19;11:34:36.605;INFO;Controller;State = Ready;
31/05/19;11:34:47.648;INFO;Server;Command: ExecRobotTask (ClosePorts,500000);
31/05/19;11:34:47.648;INFO;Controller;Executing asynchronous activity: ExecRobotTask;
31/05/19;11:34:47.648;INFO;Controller;Status = Executing: ClosePorts;
31/05/19;11:34:47.648;INFO;Controller;State = Running;
31/05/19;11:34:48.891;INFO;Robot Runtime;executing:    ClosePorts;
31/05/19;11:34:49.035;INFO;Controller;Activity ExecRobotTask ended. Return value: Done;
31/05/19;11:34:49.035;INFO;Controller;State = Ready;
31/05/19;11:35:37.463;INFO;Server;Command: ExecRobotTask (Initialize,500000);
31/05/19;11:35:37.463;INFO;Controller;Executing asynchronous activity: ExecRobotTask;
31/05/19;11:35:37.471;INFO;Controller;Status = Executing: Initialize;
31/05/19;11:35:37.471;INFO;Controller;State = Running;
31/05/19;11:35:38.392;INFO;Robot Runtime;executing:    Initialize;
31/05/19;11:35:39.538;INFO;Controller;Activity ExecRobotTask ended. Return value: Done;
31/05/19;11:35:39.538;INFO;Controller;State = Ready;
31/05/19;11:35:39.556;INFO;Server;Command: ExecRobotTask (LatchRobGov,500000);
31/05/19;11:35:39.556;INFO;Controller;Executing asynchronous activity: ExecRobotTask;
31/05/19;11:35:39.556;INFO;Controller;Status = Executing: LatchRobGov;
31/05/19;11:35:39.556;INFO;Controller;State = Running;
31/05/19;11:35:40.965;INFO;Robot Runtime;executing:    LatchRobGov;
31/05/19;11:35:41.802;INFO;Controller;Activity ExecRobotTask ended. Return value: Done;
31/05/19;11:35:41.802;INFO;Controller;State = Ready;
31/05/19;11:35:41.812;INFO;Server;Command: ExecRobotTask (TraceSample,500000);
31/05/19;11:35:41.812;INFO;Controller;Executing asynchronous activity: ExecRobotTask;
31/05/19;11:35:41.812;INFO;Controller;Status = Executing: TraceSample;
31/05/19;11:35:41.812;INFO;Controller;State = Running;
31/05/19;11:35:42.692;INFO;Robot Runtime;executing:    TraceSample;
31/05/19;11:35:43.103;WARNING;Robot Runtime;AUTORECOVER=====> Found false kick. Resume Robot Power;
31/05/19;11:35:43.372;INFO;Controller;Activity ExecRobotTask ended. Return value: Done False/False/False;
31/05/19;11:35:43.372;INFO;Controller;State = Ready;
31/05/19;11:35:43.388;INFO;Server;Command: ExecRobotTask (CoolDown,500000);
31/05/19;11:35:43.388;INFO;Controller;Executing asynchronous activity: ExecRobotTask;
31/05/19;11:35:43.388;INFO;Controller;Status = Executing: CoolDown;
31/05/19;11:35:43.388;INFO;Controller;State = Running;
31/05/19;11:35:44.218;INFO;Robot Runtime;executing:    CoolDown;
31/05/19;11:35:49.759;INFO;Robot Runtime;Failed (Time Out) to open Park Lid.;
31/05/19;11:35:50.263;INFO;Controller;Activity ExecRobotTask ended. Return value: ABORT: Open Park Lid Timeout;
31/05/19;11:35:50.264;INFO;Controller;State = Ready;
31/05/19;11:36:02.575;INFO;Server;Command: ExecRobotTask (Initialize,500000);
31/05/19;11:36:02.575;INFO;Controller;Executing asynchronous activity: ExecRobotTask;
31/05/19;11:36:02.575;INFO;Controller;Status = Executing: Initialize;
31/05/19;11:36:02.575;INFO;Controller;State = Running;
31/05/19;11:36:03.461;INFO;Robot Runtime;executing:    Initialize;
31/05/19;11:36:03.824;INFO;Controller;Activity ExecRobotTask ended. Return value: Done;
31/05/19;11:36:03.824;INFO;Controller;State = Ready;
31/05/19;11:36:03.837;INFO;Server;Command: ExecRobotTask (LatchRobGov,500000);
31/05/19;11:36:03.837;INFO;Controller;Executing asynchronous activity: ExecRobotTask;
31/05/19;11:36:03.837;INFO;Controller;Status = Executing: LatchRobGov;
31/05/19;11:36:03.837;INFO;Controller;State = Running;
31/05/19;11:36:05.181;INFO;Robot Runtime;executing:    LatchRobGov;
31/05/19;11:36:05.592;INFO;Controller;Activity ExecRobotTask ended. Return value: Done;
31/05/19;11:36:05.592;INFO;Controller;State = Ready;
31/05/19;11:36:05.606;INFO;Server;Command: ExecRobotTask (TraceSample,500000);
31/05/19;11:36:05.606;INFO;Controller;Executing asynchronous activity: ExecRobotTask;
31/05/19;11:36:05.606;INFO;Controller;Status = Executing: TraceSample;
31/05/19;11:36:05.606;INFO;Controller;State = Running;
31/05/19;11:36:06.498;INFO;Robot Runtime;executing:    TraceSample;
31/05/19;11:36:07.065;INFO;Controller;Activity ExecRobotTask ended. Return value: Done False/False/False;
31/05/19;11:36:07.065;INFO;Controller;State = Ready;
31/05/19;11:36:07.080;INFO;Server;Command: ExecRobotTask (CoolDown,500000);
31/05/19;11:36:07.081;INFO;Controller;Executing asynchronous activity: ExecRobotTask;
31/05/19;11:36:07.081;INFO;Controller;Status = Executing: CoolDown;
31/05/19;11:36:07.081;INFO;Controller;State = Running;
31/05/19;11:36:07.921;INFO;Robot Runtime;executing:    CoolDown;
31/05/19;11:36:12.970;INFO;Robot Runtime;Failed (Time Out) to open Park Lid.;
31/05/19;11:36:13.112;INFO;Controller;Activity ExecRobotTask ended. Return value: ABORT: Open Park Lid Timeout;
31/05/19;11:36:13.112;INFO;Controller;State = Ready;
31/05/19;11:36:17.649;INFO;Server;Command: ExecRobotTask (ClosePorts,500000);
31/05/19;11:36:17.649;INFO;Controller;Executing asynchronous activity: ExecRobotTask;
31/05/19;11:36:17.650;INFO;Controller;Status = Executing: ClosePorts;
31/05/19;11:36:17.650;INFO;Controller;State = Running;
31/05/19;11:36:18.481;INFO;Robot Runtime;executing:    ClosePorts;
31/05/19;11:36:19.026;INFO;Controller;Activity ExecRobotTask ended. Return value: Done;
31/05/19;11:36:19.026;INFO;Controller;State = Ready;
31/05/19;11:36:45.398;INFO;Server;Command: ExecRobotTask (Initialize,500000);
31/05/19;11:36:45.399;INFO;Controller;Executing asynchronous activity: ExecRobotTask;
31/05/19;11:36:45.399;INFO;Controller;Status = Executing: Initialize;
31/05/19;11:36:45.399;INFO;Controller;State = Running;
31/05/19;11:36:46.730;INFO;Robot Runtime;executing:    Initialize;
31/05/19;11:36:47.205;INFO;Controller;Activity ExecRobotTask ended. Return value: Done;
31/05/19;11:36:47.205;INFO;Controller;State = Ready;
31/05/19;11:36:47.224;INFO;Server;Command: ExecRobotTask (LatchRobGov,500000);
31/05/19;11:36:47.225;INFO;Controller;Executing asynchronous activity: ExecRobotTask;
31/05/19;11:36:47.225;INFO;Controller;Status = Executing: LatchRobGov;
31/05/19;11:36:47.225;INFO;Controller;State = Running;
31/05/19;11:36:48.177;INFO;Robot Runtime;executing:    LatchRobGov;
31/05/19;11:36:48.667;INFO;Controller;Activity ExecRobotTask ended. Return value: Done;
31/05/19;11:36:48.667;INFO;Controller;State = Ready;
31/05/19;11:36:48.681;INFO;Server;Command: ExecRobotTask (TraceSample,500000);
31/05/19;11:36:48.681;INFO;Controller;Executing asynchronous activity: ExecRobotTask;
31/05/19;11:36:48.681;INFO;Controller;Status = Executing: TraceSample;
31/05/19;11:36:48.681;INFO;Controller;State = Running;
31/05/19;11:36:49.977;INFO;Robot Runtime;executing:    TraceSample;
31/05/19;11:36:50.252;INFO;Controller;Activity ExecRobotTask ended. Return value: Done False/False/False;
31/05/19;11:36:50.252;INFO;Controller;State = Ready;
31/05/19;11:36:50.270;INFO;Server;Command: ExecRobotTask (CoolDown,500000);
31/05/19;11:36:50.270;INFO;Controller;Executing asynchronous activity: ExecRobotTask;
31/05/19;11:36:50.270;INFO;Controller;Status = Executing: CoolDown;
31/05/19;11:36:50.270;INFO;Controller;State = Running;
31/05/19;11:36:51.114;INFO;Robot Runtime;executing:    CoolDown;
31/05/19;11:36:56.157;INFO;Robot Runtime;Failed (Time Out) to open Park Lid.;
31/05/19;11:36:56.557;INFO;Controller;Activity ExecRobotTask ended. Return value: ABORT: Open Park Lid Timeout;
31/05/19;11:36:56.557;INFO;Controller;State = Ready;
31/05/19;11:37:01.089;INFO;Server;Command: ExecRobotTask (ClosePorts,500000);
31/05/19;11:37:01.089;INFO;Controller;Executing asynchronous activity: ExecRobotTask;
31/05/19;11:37:01.089;INFO;Controller;Status = Executing: ClosePorts;
31/05/19;11:37:01.089;INFO;Controller;State = Running;
31/05/19;11:37:01.925;INFO;Robot Runtime;executing:    ClosePorts;
31/05/19;11:37:02.057;INFO;Controller;Activity ExecRobotTask ended. Return value: Done;
31/05/19;11:37:02.057;INFO;Controller;State = Ready;
31/05/19;11:37:05.594;INFO;Server;Command: ExecRobotTask (ClosePorts,500000);
31/05/19;11:37:05.594;INFO;Controller;Executing asynchronous activity: ExecRobotTask;
31/05/19;11:37:05.594;INFO;Controller;Status = Executing: ClosePorts;
31/05/19;11:37:05.594;INFO;Controller;State = Running;
31/05/19;11:37:06.410;INFO;Robot Runtime;executing:    ClosePorts;
31/05/19;11:37:06.879;INFO;Controller;Activity ExecRobotTask ended. Return value: Done;
31/05/19;11:37:06.879;INFO;Controller;State = Ready;
31/05/19;11:38:06.416;INFO;Server;Command: Abort;
31/05/19;11:38:06.417;INFO;Robot;Abort;
31/05/19;11:38:06.511;INFO;Server;Command: Restart;
31/05/19;11:38:06.511;INFO;Controller;State = Initializing;
31/05/19;11:38:06.537;INFO;Controller;Initialized log services - Startup: 21/05/19 16:20:29;
31/05/19;11:38:07.545;INFO;Epics Server;Exiting running thread;
31/05/19;11:38:07.548;INFO;Epics Server;Registered PV: SW:Version;
31/05/19;11:38:07.548;INFO;Epics Server;Registered PV: SW:Status;
31/05/19;11:38:07.548;INFO;Epics Server;Registered PV: SW:Uptime;
31/05/19;11:38:07.548;INFO;Epics Server;Registered PV: SW:LastTaskInfo;
31/05/19;11:38:07.548;INFO;Epics Server;Registered PV: SW:AlarmList;
31/05/19;11:38:07.548;INFO;Epics Server;Registered PV: SW:LocalGuiLockOut;
31/05/19;11:38:07.548;INFO;Epics Server;Registered PV: SW:RobotSpeed;
31/05/19;11:38:07.548;INFO;Epics Server;Registered PV: SW:LastTaskException;
31/05/19;11:38:07.548;INFO;Epics Server;Registered PV: SW:LastTaskOutput;
31/05/19;11:38:07.548;INFO;Epics Server;Registered PV: SW:RobotState;
31/05/19;11:38:07.549;INFO;Epics Server;Registered PV: SW:CartesianPositions;
31/05/19;11:38:07.549;INFO;Epics Server;Registered PV: SW:JointPositions;
31/05/19;11:38:07.549;INFO;Epics Server;Registered PV: SW:State;
31/05/19;11:38:07.549;INFO;Epics Server;Registered PV: SW:abort;
31/05/19;11:38:07.549;INFO;Epics Server;Registered PV: SW:restart;
31/05/19;11:38:07.549;INFO;Epics Server;Registered PV: SW:getTaskInfo;
31/05/19;11:38:07.549;INFO;Epics Server;Registered PV: SW:isTaskRunning;
31/05/19;11:38:07.549;INFO;Epics Server;Registered PV: SW:checkTaskResult;
31/05/19;11:38:07.549;INFO;Epics Server;Registered PV: SW:startTestTask;
31/05/19;11:38:07.549;INFO;Epics Server;Registered PV: SW:pauseRobot;
31/05/19;11:38:07.549;INFO;Epics Server;Registered PV: SW:resumeRobot;
31/05/19;11:38:07.549;INFO;Epics Server;Registered PV: SW:setRobotVariable;
31/05/19;11:38:07.549;INFO;Epics Server;Registered PV: SW:isSampleMounted;
31/05/19;11:38:07.549;INFO;Epics Server;Registered PV: SW:startRobotTask;
31/05/19;11:38:07.549;INFO;Epics Server;Registered PV: SW:getRobotVariable;
31/05/19;11:38:07.549;INFO;Epics Server;Registered PV: SW:getDistance;
31/05/19;11:38:07.549;INFO;Epics Server;Initializing: Channel Access Server in Java v1.1.1;
31/05/19;11:38:07.550;INFO;Epics Server;Started server: ready to accept requests;
31/05/19;11:38:08.190;INFO;Controller;Initializing Robot;
31/05/19;11:38:08.195;INFO;Robot;Setting reference frame to: world;
31/05/19;11:38:08.319;INFO;Controller;Initializing Bus Controller;
31/05/19;11:38:08.319;INFO;Anti-Collision;Active = true;
31/05/19;11:38:08.319;INFO;Controller;State = Starting;
31/05/19;11:38:08.320;INFO;Controller;Command: Reset;
31/05/19;11:38:08.321;INFO;Controller;Executing asynchronous script: ./script/Reset.py;
31/05/19;11:38:08.321;INFO;Controller;Status = Reseting;
31/05/19;11:38:08.321;INFO;Controller;State = Running;
31/05/19;11:38:08.479;INFO;Controller;Script host: localhost:42865;
31/05/19;11:38:08.479;INFO;Script;Starting initialization script;
31/05/19;11:38:08.481;INFO;Script;Do nothing;
31/05/19;11:38:08.481;INFO;Controller;Script ./script/Reset.py ended. Return value: ;
31/05/19;11:38:08.482;INFO;Controller;State = Ready;
31/05/19;11:38:17.280;INFO;Server;Command: ExecRobotTask (Initialize,500000);
31/05/19;11:38:17.281;INFO;Controller;Executing asynchronous activity: ExecRobotTask;
31/05/19;11:38:17.281;INFO;Controller;Status = Executing: Initialize;
31/05/19;11:38:17.281;INFO;Controller;State = Running;
31/05/19;11:38:18.203;INFO;Robot Runtime;executing:    Initialize;
31/05/19;11:38:18.631;INFO;Controller;Activity ExecRobotTask ended. Return value: Done;
31/05/19;11:38:18.631;INFO;Controller;State = Ready;
31/05/19;11:38:18.647;INFO;Server;Command: ExecRobotTask (LatchRobGov,500000);
31/05/19;11:38:18.648;INFO;Controller;Executing asynchronous activity: ExecRobotTask;
31/05/19;11:38:18.648;INFO;Controller;Status = Executing: LatchRobGov;
31/05/19;11:38:18.648;INFO;Controller;State = Running;
31/05/19;11:38:19.995;INFO;Robot Runtime;executing:    LatchRobGov;
31/05/19;11:38:20.362;INFO;Controller;Activity ExecRobotTask ended. Return value: Done;
31/05/19;11:38:20.362;INFO;Controller;State = Ready;
31/05/19;11:38:20.382;INFO;Server;Command: ExecRobotTask (TraceSample,500000);
31/05/19;11:38:20.382;INFO;Controller;Executing asynchronous activity: ExecRobotTask;
31/05/19;11:38:20.382;INFO;Controller;Status = Executing: TraceSample;
31/05/19;11:38:20.382;INFO;Controller;State = Running;
31/05/19;11:38:21.293;INFO;Robot Runtime;executing:    TraceSample;
31/05/19;11:38:21.820;INFO;Controller;Activity ExecRobotTask ended. Return value: Done False/False/False;
31/05/19;11:38:21.820;INFO;Controller;State = Ready;
31/05/19;11:38:21.837;INFO;Server;Command: ExecRobotTask (CoolDown,500000);
31/05/19;11:38:21.837;INFO;Controller;Executing asynchronous activity: ExecRobotTask;
31/05/19;11:38:21.837;INFO;Controller;Status = Executing: CoolDown;
31/05/19;11:38:21.838;INFO;Controller;State = Running;
31/05/19;11:38:22.677;INFO;Robot Runtime;executing:    CoolDown;
31/05/19;11:38:27.723;INFO;Robot Runtime;Failed (Time Out) to open Park Lid.;
31/05/19;11:38:28.188;INFO;Controller;Activity ExecRobotTask ended. Return value: ABORT: Open Park Lid Timeout;
31/05/19;11:38:28.188;INFO;Controller;State = Ready;
31/05/19;11:38:33.723;INFO;Server;Command: ExecRobotTask (ClosePorts,500000);
31/05/19;11:38:33.723;INFO;Controller;Executing asynchronous activity: ExecRobotTask;
31/05/19;11:38:33.723;INFO;Controller;Status = Executing: ClosePorts;
31/05/19;11:38:33.723;INFO;Controller;State = Running;
31/05/19;11:38:34.548;INFO;Robot Runtime;executing:    ClosePorts;
31/05/19;11:38:35.064;INFO;Controller;Activity ExecRobotTask ended. Return value: Done;
31/05/19;11:38:35.064;INFO;Controller;State = Ready;
31/05/19;11:39:09.902;INFO;Server;Command: ExecRobotTask (Initialize,500000);
31/05/19;11:39:09.903;INFO;Controller;Executing asynchronous activity: ExecRobotTask;
31/05/19;11:39:09.903;INFO;Controller;Status = Executing: Initialize;
31/05/19;11:39:09.903;INFO;Controller;State = Running;
31/05/19;11:39:11.229;INFO;Robot Runtime;executing:    Initialize;
31/05/19;11:39:11.356;INFO;Controller;Activity ExecRobotTask ended. Return value: Done;
31/05/19;11:39:11.356;INFO;Controller;State = Ready;
31/05/19;11:39:11.377;INFO;Server;Command: ExecRobotTask (LatchRobGov,500000);
31/05/19;11:39:11.377;INFO;Controller;Executing asynchronous activity: ExecRobotTask;
31/05/19;11:39:11.377;INFO;Controller;Status = Executing: LatchRobGov;
31/05/19;11:39:11.377;INFO;Controller;State = Running;
31/05/19;11:39:12.317;INFO;Robot Runtime;executing:    LatchRobGov;
31/05/19;11:39:12.723;INFO;Controller;Activity ExecRobotTask ended. Return value: Done;
31/05/19;11:39:12.723;INFO;Controller;State = Ready;
31/05/19;11:39:12.740;INFO;Server;Command: ExecRobotTask (TraceSample,500000);
31/05/19;11:39:12.740;INFO;Controller;Executing asynchronous activity: ExecRobotTask;
31/05/19;11:39:12.740;INFO;Controller;Status = Executing: TraceSample;
31/05/19;11:39:12.740;INFO;Controller;State = Running;
31/05/19;11:39:14.076;INFO;Robot Runtime;executing:    TraceSample;
31/05/19;11:39:14.307;INFO;Controller;Activity ExecRobotTask ended. Return value: Done False/False/False;
31/05/19;11:39:14.307;INFO;Controller;State = Ready;
31/05/19;11:39:14.332;INFO;Server;Command: ExecRobotTask (CoolDown,500000);
31/05/19;11:39:14.332;INFO;Controller;Executing asynchronous activity: ExecRobotTask;
31/05/19;11:39:14.332;INFO;Controller;Status = Executing: CoolDown;
31/05/19;11:39:14.332;INFO;Controller;State = Running;
31/05/19;11:39:15.185;INFO;Robot Runtime;executing:    CoolDown;
31/05/19;11:42:36.014;INFO;Server;Command: Abort;
31/05/19;11:42:36.014;INFO;Robot;Abort;
31/05/19;11:42:36.014;INFO;Controller;Activity ExecRobotTask was stopped;
31/05/19;11:42:36.015;INFO;Controller;State = Ready;
31/05/19;11:42:36.108;INFO;Server;Command: Restart;
31/05/19;11:42:36.108;INFO;Controller;State = Initializing;
31/05/19;11:42:36.134;INFO;Controller;Initialized log services - Startup: 21/05/19 16:20:29;
31/05/19;11:42:37.140;INFO;Epics Server;Exiting running thread;
31/05/19;11:42:37.143;INFO;Epics Server;Registered PV: SW:Version;
31/05/19;11:42:37.143;INFO;Epics Server;Registered PV: SW:Status;
31/05/19;11:42:37.143;INFO;Epics Server;Registered PV: SW:Uptime;
31/05/19;11:42:37.143;INFO;Epics Server;Registered PV: SW:LastTaskInfo;
31/05/19;11:42:37.143;INFO;Epics Server;Registered PV: SW:AlarmList;
31/05/19;11:42:37.143;INFO;Epics Server;Registered PV: SW:LocalGuiLockOut;
31/05/19;11:42:37.143;INFO;Epics Server;Registered PV: SW:RobotSpeed;
31/05/19;11:42:37.143;INFO;Epics Server;Registered PV: SW:LastTaskException;
31/05/19;11:42:37.144;INFO;Epics Server;Registered PV: SW:LastTaskOutput;
31/05/19;11:42:37.144;INFO;Epics Server;Registered PV: SW:RobotState;
31/05/19;11:42:37.144;INFO;Epics Server;Registered PV: SW:CartesianPositions;
31/05/19;11:42:37.144;INFO;Epics Server;Registered PV: SW:JointPositions;
31/05/19;11:42:37.144;INFO;Epics Server;Registered PV: SW:State;
31/05/19;11:42:37.144;INFO;Epics Server;Registered PV: SW:abort;
31/05/19;11:42:37.144;INFO;Epics Server;Registered PV: SW:restart;
31/05/19;11:42:37.144;INFO;Epics Server;Registered PV: SW:getTaskInfo;
31/05/19;11:42:37.144;INFO;Epics Server;Registered PV: SW:isTaskRunning;
31/05/19;11:42:37.144;INFO;Epics Server;Registered PV: SW:checkTaskResult;
31/05/19;11:42:37.144;INFO;Epics Server;Registered PV: SW:startTestTask;
31/05/19;11:42:37.144;INFO;Epics Server;Registered PV: SW:pauseRobot;
31/05/19;11:42:37.144;INFO;Epics Server;Registered PV: SW:resumeRobot;
31/05/19;11:42:37.144;INFO;Epics Server;Registered PV: SW:setRobotVariable;
31/05/19;11:42:37.144;INFO;Epics Server;Registered PV: SW:isSampleMounted;
31/05/19;11:42:37.144;INFO;Epics Server;Registered PV: SW:startRobotTask;
31/05/19;11:42:37.144;INFO;Epics Server;Registered PV: SW:getRobotVariable;
31/05/19;11:42:37.144;INFO;Epics Server;Registered PV: SW:getDistance;
31/05/19;11:42:37.144;INFO;Epics Server;Initializing: Channel Access Server in Java v1.1.1;
31/05/19;11:42:37.145;INFO;Epics Server;Started server: ready to accept requests;
31/05/19;11:42:37.756;INFO;Controller;Initializing Robot;
31/05/19;11:42:37.758;INFO;Robot;Setting reference frame to: world;
31/05/19;11:42:37.875;INFO;Controller;Initializing Bus Controller;
31/05/19;11:42:37.876;INFO;Anti-Collision;Active = true;
31/05/19;11:42:37.876;INFO;Controller;State = Starting;
31/05/19;11:42:37.876;INFO;Controller;Command: Reset;
31/05/19;11:42:37.877;INFO;Controller;Executing asynchronous script: ./script/Reset.py;
31/05/19;11:42:37.877;INFO;Controller;Status = Reseting;
31/05/19;11:42:37.877;INFO;Controller;State = Running;
31/05/19;11:42:38.058;INFO;Controller;Script host: localhost:36065;
31/05/19;11:42:38.058;INFO;Script;Starting initialization script;
31/05/19;11:42:38.060;INFO;Script;Do nothing;
31/05/19;11:42:38.061;INFO;Controller;Script ./script/Reset.py ended. Return value: ;
31/05/19;11:42:38.061;INFO;Controller;State = Ready;
31/05/19;11:42:49.153;INFO;Server;Command: ExecRobotTask (ClosePorts,500000);
31/05/19;11:42:49.153;INFO;Controller;Executing asynchronous activity: ExecRobotTask;
31/05/19;11:42:49.153;INFO;Controller;Status = Executing: ClosePorts;
31/05/19;11:42:49.153;INFO;Controller;State = Running;
31/05/19;11:42:49.988;INFO;Robot Runtime;executing:    ClosePorts;
31/05/19;11:42:50.509;INFO;Controller;Activity ExecRobotTask ended. Return value: Done;
31/05/19;11:42:50.509;INFO;Controller;State = Ready;
31/05/19;11:43:12.837;INFO;Server;Command: ExecRobotTask (Initialize,500000);
31/05/19;11:43:12.838;INFO;Controller;Executing asynchronous activity: ExecRobotTask;
31/05/19;11:43:12.838;INFO;Controller;Status = Executing: Initialize;
31/05/19;11:43:12.838;INFO;Controller;State = Running;
31/05/19;11:43:13.721;INFO;Robot Runtime;executing:    Initialize;
31/05/19;11:43:14.174;INFO;Controller;Activity ExecRobotTask ended. Return value: Done;
31/05/19;11:43:14.174;INFO;Controller;State = Ready;
31/05/19;11:43:14.189;INFO;Server;Command: ExecRobotTask (LatchRobGov,500000);
31/05/19;11:43:14.189;INFO;Controller;Executing asynchronous activity: ExecRobotTask;
31/05/19;11:43:14.189;INFO;Controller;Status = Executing: LatchRobGov;
31/05/19;11:43:14.189;INFO;Controller;State = Running;
31/05/19;11:43:15.546;INFO;Robot Runtime;executing:    LatchRobGov;
31/05/19;11:43:15.919;INFO;Controller;Activity ExecRobotTask ended. Return value: Done;
31/05/19;11:43:15.919;INFO;Controller;State = Ready;
31/05/19;11:43:15.935;INFO;Server;Command: ExecRobotTask (TraceSample,500000);
31/05/19;11:43:15.935;INFO;Controller;Executing asynchronous activity: ExecRobotTask;
31/05/19;11:43:15.935;INFO;Controller;Status = Executing: TraceSample;
31/05/19;11:43:15.935;INFO;Controller;State = Running;
31/05/19;11:43:16.847;INFO;Robot Runtime;executing:    TraceSample;
31/05/19;11:43:17.372;INFO;Controller;Activity ExecRobotTask ended. Return value: Done False/False/False;
31/05/19;11:43:17.372;INFO;Controller;State = Ready;
31/05/19;11:43:17.387;INFO;Server;Command: ExecRobotTask (CoolDown,500000);
31/05/19;11:43:17.388;INFO;Controller;Executing asynchronous activity: ExecRobotTask;
31/05/19;11:43:17.388;INFO;Controller;Status = Executing: CoolDown;
31/05/19;11:43:17.388;INFO;Controller;State = Running;
31/05/19;11:43:18.230;INFO;Robot Runtime;executing:    CoolDown;
31/05/19;11:44:45.604;INFO;Controller;Activity ExecRobotTask ended. Return value: Done;
31/05/19;11:44:45.604;INFO;Controller;State = Ready;
31/05/19;11:44:45.817;INFO;Server;Command: ExecRobotTask (Load,500000);
31/05/19;11:44:45.817;INFO;Controller;Executing asynchronous activity: ExecRobotTask;
31/05/19;11:44:45.817;INFO;Controller;Status = Executing: Load;
31/05/19;11:44:45.817;INFO;Controller;State = Running;
31/05/19;11:44:47.151;INFO;Robot Runtime;executing:    Load;
31/05/19;11:44:55.896;INFO;Controller;Activity ExecRobotTask ended. Return value: Done False/True/False;
31/05/19;11:44:55.896;INFO;Controller;State = Ready;
31/05/19;11:44:55.911;INFO;Server;Command: ExecRobotTask (Mount,500000);
31/05/19;11:44:55.912;INFO;Controller;Executing asynchronous activity: ExecRobotTask;
31/05/19;11:44:55.912;INFO;Controller;Status = Executing: Mount;
31/05/19;11:44:55.912;INFO;Controller;State = Running;
31/05/19;11:44:56.840;INFO;Robot Runtime;executing:    Mount;
31/05/19;11:44:57.109;WARNING;Robot Runtime;AUTORECOVER=====> Found false kick. Resume Robot Power;
31/05/19;11:45:05.661;INFO;Controller;Activity ExecRobotTask ended. Return value: Done True/False/False;
31/05/19;11:45:05.661;INFO;Controller;State = Ready;
31/05/19;11:45:05.677;INFO;Server;Command: ExecRobotTask (Park,500000);
31/05/19;11:45:05.677;INFO;Controller;Executing asynchronous activity: ExecRobotTask;
31/05/19;11:45:05.677;INFO;Controller;Status = Executing: Park;
31/05/19;11:45:05.677;INFO;Controller;State = Running;
31/05/19;11:45:06.565;INFO;Robot Runtime;executing:    Park;
31/05/19;11:45:09.600;INFO;Controller;Activity ExecRobotTask ended. Return value: Done;
31/05/19;11:45:09.601;INFO;Controller;State = Ready;
31/05/19;11:45:09.619;INFO;Server;Command: ExecRobotTask (UnlatchRobGov,500000);
31/05/19;11:45:09.619;INFO;Controller;Executing asynchronous activity: ExecRobotTask;
31/05/19;11:45:09.619;INFO;Controller;Status = Executing: UnlatchRobGov;
31/05/19;11:45:09.620;INFO;Controller;State = Running;
31/05/19;11:45:10.948;INFO;Robot Runtime;executing:    UnlatchRobGov;
31/05/19;11:45:11.118;INFO;Controller;Activity ExecRobotTask ended. Return value: Done;
31/05/19;11:45:11.119;INFO;Controller;State = Ready;
31/05/19;13:50:35.823;INFO;Server;Command: ExecRobotTask (Unmount,500000);
31/05/19;13:50:35.824;INFO;Controller;Executing asynchronous activity: ExecRobotTask;
31/05/19;13:50:35.824;INFO;Controller;Status = Executing: Unmount;
31/05/19;13:50:35.824;INFO;Controller;State = Running;
31/05/19;13:50:36.725;INFO;Robot Runtime;executing:    Unmount;
31/05/19;13:50:47.739;INFO;Controller;Activity ExecRobotTask ended. Return value: Done False/True/False;
31/05/19;13:50:47.739;INFO;Controller;State = Ready;
31/05/19;13:50:47.749;INFO;Server;Command: ExecRobotTask (Unload,500000);
31/05/19;13:50:47.750;INFO;Controller;Executing asynchronous activity: ExecRobotTask;
31/05/19;13:50:47.750;INFO;Controller;Status = Executing: Unload;
31/05/19;13:50:47.750;INFO;Controller;State = Running;
31/05/19;13:50:48.629;INFO;Robot Runtime;executing:    Unload;
31/05/19;13:50:53.201;INFO;Controller;Activity ExecRobotTask ended. Return value: Done False/False/False;
31/05/19;13:50:53.202;INFO;Controller;State = Ready;
31/05/19;13:50:53.298;INFO;Server;Command: ExecRobotTask (Initialize,500000);
31/05/19;13:50:53.298;INFO;Controller;Executing asynchronous activity: ExecRobotTask;
31/05/19;13:50:53.298;INFO;Controller;Status = Executing: Initialize;
31/05/19;13:50:53.298;INFO;Controller;State = Running;
31/05/19;13:50:54.575;INFO;Robot Runtime;executing:    Initialize;
31/05/19;13:50:54.963;INFO;Controller;Activity ExecRobotTask ended. Return value: Done;
31/05/19;13:50:54.963;INFO;Controller;State = Ready;
31/05/19;13:50:54.978;INFO;Server;Command: ExecRobotTask (Park,500000);
31/05/19;13:50:54.979;INFO;Controller;Executing asynchronous activity: ExecRobotTask;
31/05/19;13:50:54.979;INFO;Controller;Status = Executing: Park;
31/05/19;13:50:54.979;INFO;Controller;State = Running;
31/05/19;13:50:55.823;INFO;Robot Runtime;executing:    Park;
31/05/19;13:50:59.042;INFO;Controller;Activity ExecRobotTask ended. Return value: Done;
31/05/19;13:50:59.042;INFO;Controller;State = Ready;
31/05/19;13:58:21.616;INFO;Server;Command: ExecRobotTask (Initialize,500000);
31/05/19;13:58:21.616;INFO;Controller;Executing asynchronous activity: ExecRobotTask;
31/05/19;13:58:21.616;INFO;Controller;Status = Executing: Initialize;
31/05/19;13:58:21.616;INFO;Controller;State = Running;
31/05/19;13:58:22.531;INFO;Robot Runtime;executing:    Initialize;
31/05/19;13:58:23.468;INFO;Controller;Activity ExecRobotTask ended. Return value: Done;
31/05/19;13:58:23.468;INFO;Controller;State = Ready;
31/05/19;13:58:23.489;INFO;Server;Command: ExecRobotTask (LatchRobGov,500000);
31/05/19;13:58:23.489;INFO;Controller;Executing asynchronous activity: ExecRobotTask;
31/05/19;13:58:23.489;INFO;Controller;Status = Executing: LatchRobGov;
31/05/19;13:58:23.489;INFO;Controller;State = Running;
31/05/19;13:58:33.513;INFO;Robot;Abort;
31/05/19;13:58:33.610;INFO;Controller;Activity ExecRobotTask ended with exception: Timeout waiting busy;
31/05/19;13:58:33.611;WARNING;Activity;Exception: Robot timeout waiting busy
Stack trace:
org.embl.ctrl.Device$TimeoutWaitBusyException: Timeout waiting busy
	at org.embl.dev.staubli.StaubliRobot.executeTask(StaubliRobot.java:1162)
	at org.embl.dev.staubli.StaubliRobot.executeTask(StaubliRobot.java:1124)
	at org.embl.sw.Control.execRobotTask(Control.java:489)
	at org.embl.sw.Control$2.run(Control.java:380)
	at org.embl.task.ActivityManager.runTask(ActivityManager.java:104)
	at org.embl.task.ActivityManager.access$000(ActivityManager.java:22)
	at org.embl.task.ActivityManager$ActivityThread.run(ActivityManager.java:145)
;
31/05/19;13:58:33.611;INFO;Controller;State = Ready;
31/05/19;13:58:49.917;INFO;Server;Command: ExecRobotTask (Initialize,500000);
31/05/19;13:58:49.918;INFO;Controller;Executing asynchronous activity: ExecRobotTask;
31/05/19;13:58:49.918;INFO;Controller;Status = Executing: Initialize;
31/05/19;13:58:49.918;INFO;Controller;State = Running;
31/05/19;13:58:50.746;INFO;Robot Runtime;executing:    Initialize;
31/05/19;13:58:50.896;INFO;Controller;Activity ExecRobotTask ended. Return value: Done;
31/05/19;13:58:50.896;INFO;Controller;State = Ready;
31/05/19;13:58:50.909;INFO;Server;Command: ExecRobotTask (LatchRobGov,500000);
31/05/19;13:58:50.909;INFO;Controller;Executing asynchronous activity: ExecRobotTask;
31/05/19;13:58:50.909;INFO;Controller;Status = Executing: LatchRobGov;
31/05/19;13:58:50.909;INFO;Controller;State = Running;
31/05/19;13:58:51.826;INFO;Robot Runtime;executing:    LatchRobGov;
31/05/19;13:58:52.628;INFO;Controller;Activity ExecRobotTask ended. Return value: Done;
31/05/19;13:58:52.628;INFO;Controller;State = Ready;
31/05/19;13:58:52.640;INFO;Server;Command: ExecRobotTask (TraceSample,500000);
31/05/19;13:58:52.640;INFO;Controller;Executing asynchronous activity: ExecRobotTask;
31/05/19;13:58:52.640;INFO;Controller;Status = Executing: TraceSample;
31/05/19;13:58:52.640;INFO;Controller;State = Running;
31/05/19;13:58:53.926;INFO;Robot Runtime;executing:    TraceSample;
31/05/19;13:58:56.424;INFO;Controller;Activity ExecRobotTask ended. Return value: Done False/False/False;
31/05/19;13:58:56.424;INFO;Controller;State = Ready;
31/05/19;13:58:56.442;INFO;Server;Command: ExecRobotTask (CoolDown,500000);
31/05/19;13:58:56.443;INFO;Controller;Executing asynchronous activity: ExecRobotTask;
31/05/19;13:58:56.443;INFO;Controller;Status = Executing: CoolDown;
31/05/19;13:58:56.443;INFO;Controller;State = Running;
31/05/19;13:58:57.321;INFO;Robot Runtime;executing:    CoolDown;
31/05/19;13:58:57.467;INFO;Controller;Activity ExecRobotTask ended. Return value: Done;
31/05/19;13:58:57.467;INFO;Controller;State = Ready;
31/05/19;13:58:57.679;INFO;Server;Command: ExecRobotTask (Load,500000);
31/05/19;13:58:57.680;INFO;Controller;Executing asynchronous activity: ExecRobotTask;
31/05/19;13:58:57.680;INFO;Controller;Status = Executing: Load;
31/05/19;13:58:57.680;INFO;Controller;State = Running;
31/05/19;13:58:59.027;INFO;Robot Runtime;executing:    Load;
31/05/19;13:59:06.998;INFO;Controller;Activity ExecRobotTask ended. Return value: Done False/True/False;
31/05/19;13:59:06.998;INFO;Controller;State = Ready;
31/05/19;13:59:07.019;INFO;Server;Command: ExecRobotTask (Mount,500000);
31/05/19;13:59:07.019;INFO;Controller;Executing asynchronous activity: ExecRobotTask;
31/05/19;13:59:07.020;INFO;Controller;Status = Executing: Mount;
31/05/19;13:59:07.020;INFO;Controller;State = Running;
31/05/19;13:59:07.915;INFO;Robot Runtime;executing:    Mount;
31/05/19;13:59:15.248;INFO;Controller;Activity ExecRobotTask ended. Return value: Done True/False/False;
31/05/19;13:59:15.248;INFO;Controller;State = Ready;
31/05/19;13:59:15.273;INFO;Server;Command: ExecRobotTask (Park,500000);
31/05/19;13:59:15.273;INFO;Controller;Executing asynchronous activity: ExecRobotTask;
31/05/19;13:59:15.273;INFO;Controller;Status = Executing: Park;
31/05/19;13:59:15.273;INFO;Controller;State = Running;
31/05/19;13:59:16.110;INFO;Robot Runtime;executing:    Park;
31/05/19;13:59:19.351;INFO;Controller;Activity ExecRobotTask ended. Return value: Done;
31/05/19;13:59:19.351;INFO;Controller;State = Ready;
31/05/19;13:59:19.366;INFO;Server;Command: ExecRobotTask (UnlatchRobGov,500000);
31/05/19;13:59:19.366;INFO;Controller;Executing asynchronous activity: ExecRobotTask;
31/05/19;13:59:19.366;INFO;Controller;Status = Executing: UnlatchRobGov;
31/05/19;13:59:19.366;INFO;Controller;State = Running;
31/05/19;13:59:20.736;INFO;Robot Runtime;executing:    UnlatchRobGov;
31/05/19;13:59:21.121;INFO;Controller;Activity ExecRobotTask ended. Return value: Done;
31/05/19;13:59:21.121;INFO;Controller;State = Ready;
31/05/19;14:11:38.562;INFO;Server;Command: ExecRobotTask (Unmount,500000);
31/05/19;14:11:38.562;INFO;Controller;Executing asynchronous activity: ExecRobotTask;
31/05/19;14:11:38.572;INFO;Controller;Status = Executing: Unmount;
31/05/19;14:11:38.572;INFO;Controller;State = Running;
31/05/19;14:11:39.455;INFO;Robot Runtime;executing:    Unmount;
31/05/19;14:11:49.376;INFO;Controller;Activity ExecRobotTask ended. Return value: Done False/True/False;
31/05/19;14:11:49.376;INFO;Controller;State = Ready;
31/05/19;14:11:49.392;INFO;Server;Command: ExecRobotTask (Unload,500000);
31/05/19;14:11:49.392;INFO;Controller;Executing asynchronous activity: ExecRobotTask;
31/05/19;14:11:49.392;INFO;Controller;Status = Executing: Unload;
31/05/19;14:11:49.392;INFO;Controller;State = Running;
31/05/19;14:11:50.230;INFO;Robot Runtime;executing:    Unload;
31/05/19;14:11:54.810;INFO;Controller;Activity ExecRobotTask ended. Return value: Done False/False/False;
31/05/19;14:11:54.810;INFO;Controller;State = Ready;
31/05/19;14:11:56.377;INFO;Server;Command: ExecRobotTask (Load,500000);
31/05/19;14:11:56.377;INFO;Controller;Executing asynchronous activity: ExecRobotTask;
31/05/19;14:11:56.377;INFO;Controller;Status = Executing: Load;
31/05/19;14:11:56.378;INFO;Controller;State = Running;
31/05/19;14:11:57.719;INFO;Robot Runtime;executing:    Load;
31/05/19;14:12:04.103;INFO;Controller;Activity ExecRobotTask ended. Return value: Done False/True/False;
31/05/19;14:12:04.103;INFO;Controller;State = Ready;
31/05/19;14:12:04.134;INFO;Server;Command: ExecRobotTask (Mount,500000);
31/05/19;14:12:04.134;INFO;Controller;Executing asynchronous activity: ExecRobotTask;
31/05/19;14:12:04.134;INFO;Controller;Status = Executing: Mount;
31/05/19;14:12:04.134;INFO;Controller;State = Running;
31/05/19;14:12:05.020;INFO;Robot Runtime;executing:    Mount;
31/05/19;14:12:11.599;INFO;Controller;Activity ExecRobotTask ended. Return value: Done True/False/False;
31/05/19;14:12:11.599;INFO;Controller;State = Ready;
31/05/19;14:12:11.616;INFO;Server;Command: ExecRobotTask (Park,500000);
31/05/19;14:12:11.616;INFO;Controller;Executing asynchronous activity: ExecRobotTask;
31/05/19;14:12:11.616;INFO;Controller;Status = Executing: Park;
31/05/19;14:12:11.616;INFO;Controller;State = Running;
31/05/19;14:12:12.450;INFO;Robot Runtime;executing:    Park;
31/05/19;14:12:15.951;INFO;Controller;Activity ExecRobotTask ended. Return value: Done;
31/05/19;14:12:15.951;INFO;Controller;State = Ready;
31/05/19;14:12:15.968;INFO;Server;Command: ExecRobotTask (UnlatchRobGov,500000);
31/05/19;14:12:15.968;INFO;Controller;Executing asynchronous activity: ExecRobotTask;
31/05/19;14:12:15.968;INFO;Controller;Status = Executing: UnlatchRobGov;
31/05/19;14:12:15.968;INFO;Controller;State = Running;
31/05/19;14:12:17.339;INFO;Robot Runtime;executing:    UnlatchRobGov;
31/05/19;14:12:17.728;INFO;Controller;Activity ExecRobotTask ended. Return value: Done;
31/05/19;14:12:17.729;INFO;Controller;State = Ready;
31/05/19;14:35:24.356;INFO;Server;Command: ExecRobotTask (Unmount,500000);
31/05/19;14:35:24.356;INFO;Controller;Executing asynchronous activity: ExecRobotTask;
31/05/19;14:35:24.356;INFO;Controller;Status = Executing: Unmount;
31/05/19;14:35:24.356;INFO;Controller;State = Running;
31/05/19;14:35:25.246;INFO;Robot Runtime;executing:    Unmount;
31/05/19;14:35:34.082;INFO;Controller;Activity ExecRobotTask ended. Return value: Done False/True/False;
31/05/19;14:35:34.082;INFO;Controller;State = Ready;
31/05/19;14:35:34.102;INFO;Server;Command: ExecRobotTask (Unload,500000);
31/05/19;14:35:34.102;INFO;Controller;Executing asynchronous activity: ExecRobotTask;
31/05/19;14:35:34.102;INFO;Controller;Status = Executing: Unload;
31/05/19;14:35:34.102;INFO;Controller;State = Running;
31/05/19;14:35:34.977;INFO;Robot Runtime;executing:    Unload;
31/05/19;14:35:39.540;INFO;Controller;Activity ExecRobotTask ended. Return value: Done False/False/False;
31/05/19;14:35:39.540;INFO;Controller;State = Ready;
31/05/19;14:35:41.103;INFO;Server;Command: ExecRobotTask (Load,500000);
31/05/19;14:35:41.103;INFO;Controller;Executing asynchronous activity: ExecRobotTask;
31/05/19;14:35:41.103;INFO;Controller;Status = Executing: Load;
31/05/19;14:35:41.103;INFO;Controller;State = Running;
31/05/19;14:35:42.427;INFO;Robot Runtime;executing:    Load;
31/05/19;14:35:48.572;INFO;Controller;Activity ExecRobotTask ended. Return value: Done False/True/False;
31/05/19;14:35:48.572;INFO;Controller;State = Ready;
31/05/19;14:35:48.597;INFO;Server;Command: ExecRobotTask (Mount,500000);
31/05/19;14:35:48.597;INFO;Controller;Executing asynchronous activity: ExecRobotTask;
31/05/19;14:35:48.597;INFO;Controller;Status = Executing: Mount;
31/05/19;14:35:48.597;INFO;Controller;State = Running;
31/05/19;14:35:49.509;INFO;Robot Runtime;executing:    Mount;
31/05/19;14:35:54.903;INFO;Controller;Activity ExecRobotTask ended. Return value: Done True/False/False;
31/05/19;14:35:54.903;INFO;Controller;State = Ready;
31/05/19;14:35:54.927;INFO;Server;Command: ExecRobotTask (Park,500000);
31/05/19;14:35:54.927;INFO;Controller;Executing asynchronous activity: ExecRobotTask;
31/05/19;14:35:54.927;INFO;Controller;Status = Executing: Park;
31/05/19;14:35:54.928;INFO;Controller;State = Running;
31/05/19;14:35:55.761;INFO;Robot Runtime;executing:    Park;
31/05/19;14:35:59.164;INFO;Controller;Activity ExecRobotTask ended. Return value: Done;
31/05/19;14:35:59.164;INFO;Controller;State = Ready;
31/05/19;14:35:59.191;INFO;Server;Command: ExecRobotTask (UnlatchRobGov,500000);
31/05/19;14:35:59.191;INFO;Controller;Executing asynchronous activity: ExecRobotTask;
31/05/19;14:35:59.191;INFO;Controller;Status = Executing: UnlatchRobGov;
31/05/19;14:35:59.191;INFO;Controller;State = Running;
31/05/19;14:36:00.514;INFO;Robot Runtime;executing:    UnlatchRobGov;
31/05/19;14:36:00.936;INFO;Controller;Activity ExecRobotTask ended. Return value: Done;
31/05/19;14:36:00.936;INFO;Controller;State = Ready;
31/05/19;14:36:16.110;INFO;Server;Command: ExecRobotTask (Unmount,500000);
31/05/19;14:36:16.110;INFO;Controller;Executing asynchronous activity: ExecRobotTask;
31/05/19;14:36:16.110;INFO;Controller;Status = Executing: Unmount;
31/05/19;14:36:16.110;INFO;Controller;State = Running;
31/05/19;14:36:17.044;INFO;Robot Runtime;executing:    Unmount;
31/05/19;14:36:27.847;INFO;Controller;Activity ExecRobotTask ended. Return value: Done False/True/False;
31/05/19;14:36:27.847;INFO;Controller;State = Ready;
31/05/19;14:36:27.868;INFO;Server;Command: ExecRobotTask (Unload,500000);
31/05/19;14:36:27.868;INFO;Controller;Executing asynchronous activity: ExecRobotTask;
31/05/19;14:36:27.868;INFO;Controller;Status = Executing: Unload;
31/05/19;14:36:27.869;INFO;Controller;State = Running;
31/05/19;14:36:28.708;INFO;Robot Runtime;executing:    Unload;
31/05/19;14:36:33.025;INFO;Controller;Activity ExecRobotTask ended. Return value: Done False/False/False;
31/05/19;14:36:33.025;INFO;Controller;State = Ready;
31/05/19;14:36:34.618;INFO;Server;Command: ExecRobotTask (Load,500000);
31/05/19;14:36:34.618;INFO;Controller;Executing asynchronous activity: ExecRobotTask;
31/05/19;14:36:34.618;INFO;Controller;Status = Executing: Load;
31/05/19;14:36:34.618;INFO;Controller;State = Running;
31/05/19;14:36:35.930;INFO;Robot Runtime;executing:    Load;
31/05/19;14:36:42.246;INFO;Controller;Activity ExecRobotTask ended. Return value: Done False/True/False;
31/05/19;14:36:42.246;INFO;Controller;State = Ready;
31/05/19;14:36:42.275;INFO;Server;Command: ExecRobotTask (Mount,500000);
31/05/19;14:36:42.275;INFO;Controller;Executing asynchronous activity: ExecRobotTask;
31/05/19;14:36:42.275;INFO;Controller;Status = Executing: Mount;
31/05/19;14:36:42.275;INFO;Controller;State = Running;
31/05/19;14:36:43.197;INFO;Robot Runtime;executing:    Mount;
31/05/19;14:36:50.240;INFO;Controller;Activity ExecRobotTask ended. Return value: Done True/False/False;
31/05/19;14:36:50.240;INFO;Controller;State = Ready;
31/05/19;14:36:50.260;INFO;Server;Command: ExecRobotTask (Park,500000);
31/05/19;14:36:50.260;INFO;Controller;Executing asynchronous activity: ExecRobotTask;
31/05/19;14:36:50.261;INFO;Controller;Status = Executing: Park;
31/05/19;14:36:50.261;INFO;Controller;State = Running;
31/05/19;14:36:51.097;INFO;Robot Runtime;executing:    Park;
31/05/19;14:36:54.321;INFO;Controller;Activity ExecRobotTask ended. Return value: Done;
31/05/19;14:36:54.321;INFO;Controller;State = Ready;
31/05/19;14:36:54.349;INFO;Server;Command: ExecRobotTask (UnlatchRobGov,500000);
31/05/19;14:36:54.349;INFO;Controller;Executing asynchronous activity: ExecRobotTask;
31/05/19;14:36:54.349;INFO;Controller;Status = Executing: UnlatchRobGov;
31/05/19;14:36:54.349;INFO;Controller;State = Running;
31/05/19;14:36:55.676;INFO;Robot Runtime;executing:    UnlatchRobGov;
31/05/19;14:36:56.094;INFO;Controller;Activity ExecRobotTask ended. Return value: Done;
31/05/19;14:36:56.094;INFO;Controller;State = Ready;
31/05/19;14:48:31.076;INFO;Server;Command: ExecRobotTask (Unmount,500000);
31/05/19;14:48:31.077;INFO;Controller;Executing asynchronous activity: ExecRobotTask;
31/05/19;14:48:31.077;INFO;Controller;Status = Executing: Unmount;
31/05/19;14:48:31.077;INFO;Controller;State = Running;
31/05/19;14:48:32.014;INFO;Robot Runtime;executing:    Unmount;
31/05/19;14:48:41.917;INFO;Controller;Activity ExecRobotTask ended. Return value: Done False/True/False;
31/05/19;14:48:41.917;INFO;Controller;State = Ready;
31/05/19;14:48:41.954;INFO;Server;Command: ExecRobotTask (Unload,500000);
31/05/19;14:48:41.954;INFO;Controller;Executing asynchronous activity: ExecRobotTask;
31/05/19;14:48:41.954;INFO;Controller;Status = Executing: Unload;
31/05/19;14:48:41.954;INFO;Controller;State = Running;
31/05/19;14:48:42.787;INFO;Robot Runtime;executing:    Unload;
31/05/19;14:48:47.357;INFO;Controller;Activity ExecRobotTask ended. Return value: Done False/False/False;
31/05/19;14:48:47.357;INFO;Controller;State = Ready;
31/05/19;14:48:48.985;INFO;Server;Command: ExecRobotTask (Load,500000);
31/05/19;14:48:48.985;INFO;Controller;Executing asynchronous activity: ExecRobotTask;
31/05/19;14:48:48.985;INFO;Controller;Status = Executing: Load;
31/05/19;14:48:48.985;INFO;Controller;State = Running;
31/05/19;14:48:50.323;INFO;Robot Runtime;executing:    Load;
31/05/19;14:48:56.240;INFO;Controller;Activity ExecRobotTask ended. Return value: Done False/True/False;
31/05/19;14:48:56.240;INFO;Controller;State = Ready;
31/05/19;14:48:56.268;INFO;Server;Command: ExecRobotTask (Mount,500000);
31/05/19;14:48:56.269;INFO;Controller;Executing asynchronous activity: ExecRobotTask;
31/05/19;14:48:56.269;INFO;Controller;Status = Executing: Mount;
31/05/19;14:48:56.269;INFO;Controller;State = Running;
31/05/19;14:48:57.187;INFO;Robot Runtime;executing:    Mount;
31/05/19;14:49:03.155;INFO;Controller;Activity ExecRobotTask ended. Return value: Done True/False/False;
31/05/19;14:49:03.155;INFO;Controller;State = Ready;
31/05/19;14:49:03.177;INFO;Server;Command: ExecRobotTask (Park,500000);
31/05/19;14:49:03.177;INFO;Controller;Executing asynchronous activity: ExecRobotTask;
31/05/19;14:49:03.177;INFO;Controller;Status = Executing: Park;
31/05/19;14:49:03.177;INFO;Controller;State = Running;
31/05/19;14:49:04.010;INFO;Robot Runtime;executing:    Park;
31/05/19;14:49:07.254;INFO;Controller;Activity ExecRobotTask ended. Return value: Done;
31/05/19;14:49:07.254;INFO;Controller;State = Ready;
31/05/19;14:49:07.292;INFO;Server;Command: ExecRobotTask (UnlatchRobGov,500000);
31/05/19;14:49:07.292;INFO;Controller;Executing asynchronous activity: ExecRobotTask;
31/05/19;14:49:07.292;INFO;Controller;Status = Executing: UnlatchRobGov;
31/05/19;14:49:07.292;INFO;Controller;State = Running;
31/05/19;14:49:08.619;INFO;Robot Runtime;executing:    UnlatchRobGov;
31/05/19;14:49:09.022;INFO;Controller;Activity ExecRobotTask ended. Return value: Done;
31/05/19;14:49:09.022;INFO;Controller;State = Ready;
31/05/19;17:06:51.419;INFO;Server;Command: ExecRobotTask (Unmount,500000);
31/05/19;17:06:51.419;INFO;Controller;Executing asynchronous activity: ExecRobotTask;
31/05/19;17:06:51.419;INFO;Controller;Status = Executing: Unmount;
31/05/19;17:06:51.419;INFO;Controller;State = Running;
31/05/19;17:06:52.364;INFO;Robot Runtime;executing:    Unmount;
31/05/19;17:06:59.963;INFO;Controller;Activity ExecRobotTask ended. Return value: Done False/True/False;
31/05/19;17:06:59.963;INFO;Controller;State = Ready;
31/05/19;17:06:59.991;INFO;Server;Command: ExecRobotTask (Unload,500000);
31/05/19;17:06:59.991;INFO;Controller;Executing asynchronous activity: ExecRobotTask;
31/05/19;17:06:59.991;INFO;Controller;Status = Executing: Unload;
31/05/19;17:06:59.991;INFO;Controller;State = Running;
31/05/19;17:07:00.851;INFO;Robot Runtime;executing:    Unload;
31/05/19;17:07:05.405;INFO;Controller;Activity ExecRobotTask ended. Return value: Done False/False/False;
31/05/19;17:07:05.405;INFO;Controller;State = Ready;
31/05/19;17:07:07.097;INFO;Server;Command: ExecRobotTask (Load,500000);
31/05/19;17:07:07.097;INFO;Controller;Executing asynchronous activity: ExecRobotTask;
31/05/19;17:07:07.097;INFO;Controller;Status = Executing: Load;
31/05/19;17:07:07.097;INFO;Controller;State = Running;
31/05/19;17:07:08.422;INFO;Robot Runtime;executing:    Load;
31/05/19;17:07:14.709;INFO;Controller;Activity ExecRobotTask ended. Return value: Done False/True/False;
31/05/19;17:07:14.710;INFO;Controller;State = Ready;
31/05/19;17:07:14.733;INFO;Server;Command: ExecRobotTask (Mount,500000);
31/05/19;17:07:14.733;INFO;Controller;Executing asynchronous activity: ExecRobotTask;
31/05/19;17:07:14.733;INFO;Controller;Status = Executing: Mount;
31/05/19;17:07:14.734;INFO;Controller;State = Running;
31/05/19;17:07:15.652;INFO;Robot Runtime;executing:    Mount;
31/05/19;17:07:22.732;INFO;Controller;Activity ExecRobotTask ended. Return value: Done True/False/False;
31/05/19;17:07:22.732;INFO;Controller;State = Ready;
31/05/19;17:07:22.762;INFO;Server;Command: ExecRobotTask (Park,500000);
31/05/19;17:07:22.762;INFO;Controller;Executing asynchronous activity: ExecRobotTask;
31/05/19;17:07:22.762;INFO;Controller;Status = Executing: Park;
31/05/19;17:07:22.762;INFO;Controller;State = Running;
31/05/19;17:07:23.594;INFO;Robot Runtime;executing:    Park;
31/05/19;17:07:27.084;INFO;Controller;Activity ExecRobotTask ended. Return value: Done;
31/05/19;17:07:27.084;INFO;Controller;State = Ready;
31/05/19;17:07:27.111;INFO;Server;Command: ExecRobotTask (UnlatchRobGov,500000);
31/05/19;17:07:27.111;INFO;Controller;Executing asynchronous activity: ExecRobotTask;
31/05/19;17:07:27.111;INFO;Controller;Status = Executing: UnlatchRobGov;
31/05/19;17:07:27.111;INFO;Controller;State = Running;
31/05/19;17:07:28.441;INFO;Robot Runtime;executing:    UnlatchRobGov;
31/05/19;17:07:28.861;INFO;Controller;Activity ExecRobotTask ended. Return value: Done;
31/05/19;17:07:28.861;INFO;Controller;State = Ready;
31/05/19;17:10:13.444;INFO;Server;Command: ExecRobotTask (Unmount,500000);
31/05/19;17:10:13.444;INFO;Controller;Executing asynchronous activity: ExecRobotTask;
31/05/19;17:10:13.444;INFO;Controller;Status = Executing: Unmount;
31/05/19;17:10:13.444;INFO;Controller;State = Running;
31/05/19;17:10:14.381;INFO;Robot Runtime;executing:    Unmount;
31/05/19;17:10:23.360;INFO;Controller;Activity ExecRobotTask ended. Return value: Done False/True/False;
31/05/19;17:10:23.360;INFO;Controller;State = Ready;
31/05/19;17:10:23.385;INFO;Server;Command: ExecRobotTask (Unload,500000);
31/05/19;17:10:23.385;INFO;Controller;Executing asynchronous activity: ExecRobotTask;
31/05/19;17:10:23.386;INFO;Controller;Status = Executing: Unload;
31/05/19;17:10:23.386;INFO;Controller;State = Running;
31/05/19;17:10:24.225;INFO;Robot Runtime;executing:    Unload;
31/05/19;17:10:28.792;INFO;Controller;Activity ExecRobotTask ended. Return value: Done False/False/False;
31/05/19;17:10:28.792;INFO;Controller;State = Ready;
31/05/19;17:10:28.901;INFO;Server;Command: ExecRobotTask (Initialize,500000);
31/05/19;17:10:28.901;INFO;Controller;Executing asynchronous activity: ExecRobotTask;
31/05/19;17:10:28.901;INFO;Controller;Status = Executing: Initialize;
31/05/19;17:10:28.901;INFO;Controller;State = Running;
31/05/19;17:10:30.203;INFO;Robot Runtime;executing:    Initialize;
31/05/19;17:10:30.386;INFO;Controller;Activity ExecRobotTask ended. Return value: Done;
31/05/19;17:10:30.386;INFO;Controller;State = Ready;
31/05/19;17:10:30.411;INFO;Server;Command: ExecRobotTask (Park,500000);
31/05/19;17:10:30.411;INFO;Controller;Executing asynchronous activity: ExecRobotTask;
31/05/19;17:10:30.411;INFO;Controller;Status = Executing: Park;
31/05/19;17:10:30.411;INFO;Controller;State = Running;
31/05/19;17:10:31.311;INFO;Robot Runtime;executing:    Park;
31/05/19;17:10:34.502;INFO;Controller;Activity ExecRobotTask ended. Return value: Done;
31/05/19;17:10:34.502;INFO;Controller;State = Ready;
31/05/19;17:34:29.688;INFO;Server;Command: ExecRobotTask (Initialize,500000);
31/05/19;17:34:29.688;INFO;Controller;Executing asynchronous activity: ExecRobotTask;
31/05/19;17:34:29.688;INFO;Controller;Status = Executing: Initialize;
31/05/19;17:34:29.688;INFO;Controller;State = Running;
31/05/19;17:34:30.569;INFO;Robot Runtime;executing:    Initialize;
31/05/19;17:34:31.863;INFO;Controller;Activity ExecRobotTask ended. Return value: Done;
31/05/19;17:34:31.863;INFO;Controller;State = Ready;
31/05/19;17:34:31.899;INFO;Server;Command: ExecRobotTask (LatchRobGov,500000);
31/05/19;17:34:31.899;INFO;Controller;Executing asynchronous activity: ExecRobotTask;
31/05/19;17:34:31.899;INFO;Controller;Status = Executing: LatchRobGov;
31/05/19;17:34:31.899;INFO;Controller;State = Running;
31/05/19;17:34:33.275;INFO;Robot Runtime;executing:    LatchRobGov;
31/05/19;17:34:34.405;INFO;Controller;Activity ExecRobotTask ended. Return value: Done;
31/05/19;17:34:34.405;INFO;Controller;State = Ready;
31/05/19;17:34:34.438;INFO;Server;Command: ExecRobotTask (TraceSample,500000);
31/05/19;17:34:34.438;INFO;Controller;Executing asynchronous activity: ExecRobotTask;
31/05/19;17:34:34.438;INFO;Controller;Status = Executing: TraceSample;
31/05/19;17:34:34.438;INFO;Controller;State = Running;
31/05/19;17:34:35.313;INFO;Robot Runtime;executing:    TraceSample;
31/05/19;17:34:37.723;INFO;Controller;Activity ExecRobotTask ended. Return value: Done False/False/False;
31/05/19;17:34:37.723;INFO;Controller;State = Ready;
31/05/19;17:34:37.756;INFO;Server;Command: ExecRobotTask (CoolDown,500000);
31/05/19;17:34:37.757;INFO;Controller;Executing asynchronous activity: ExecRobotTask;
31/05/19;17:34:37.757;INFO;Controller;Status = Executing: CoolDown;
31/05/19;17:34:37.757;INFO;Controller;State = Running;
31/05/19;17:34:38.607;INFO;Robot Runtime;executing:    CoolDown;
31/05/19;17:34:38.760;INFO;Controller;Activity ExecRobotTask ended. Return value: Done;
31/05/19;17:34:38.760;INFO;Controller;State = Ready;
31/05/19;17:34:38.991;INFO;Server;Command: ExecRobotTask (Load,500000);
31/05/19;17:34:38.991;INFO;Controller;Executing asynchronous activity: ExecRobotTask;
31/05/19;17:34:38.991;INFO;Controller;Status = Executing: Load;
31/05/19;17:34:38.991;INFO;Controller;State = Running;
31/05/19;17:34:40.352;INFO;Robot Runtime;executing:    Load;
31/05/19;17:34:48.608;INFO;Controller;Activity ExecRobotTask ended. Return value: Done False/True/False;
31/05/19;17:34:48.609;INFO;Controller;State = Ready;
31/05/19;17:34:48.634;INFO;Server;Command: ExecRobotTask (Mount,500000);
31/05/19;17:34:48.634;INFO;Controller;Executing asynchronous activity: ExecRobotTask;
31/05/19;17:34:48.634;INFO;Controller;Status = Executing: Mount;
31/05/19;17:34:48.635;INFO;Controller;State = Running;
31/05/19;17:34:49.523;INFO;Robot Runtime;executing:    Mount;
31/05/19;17:34:55.109;INFO;Controller;Activity ExecRobotTask ended. Return value: Done True/False/False;
31/05/19;17:34:55.109;INFO;Controller;State = Ready;
31/05/19;17:34:55.148;INFO;Server;Command: ExecRobotTask (Park,500000);
31/05/19;17:34:55.148;INFO;Controller;Executing asynchronous activity: ExecRobotTask;
31/05/19;17:34:55.148;INFO;Controller;Status = Executing: Park;
31/05/19;17:34:55.148;INFO;Controller;State = Running;
31/05/19;17:34:55.981;INFO;Robot Runtime;executing:    Park;
31/05/19;17:34:59.200;INFO;Controller;Activity ExecRobotTask ended. Return value: Done;
31/05/19;17:34:59.200;INFO;Controller;State = Ready;
31/05/19;17:34:59.234;INFO;Server;Command: ExecRobotTask (UnlatchRobGov,500000);
31/05/19;17:34:59.235;INFO;Controller;Executing asynchronous activity: ExecRobotTask;
31/05/19;17:34:59.235;INFO;Controller;Status = Executing: UnlatchRobGov;
31/05/19;17:34:59.235;INFO;Controller;State = Running;
31/05/19;17:35:00.592;INFO;Robot Runtime;executing:    UnlatchRobGov;
31/05/19;17:35:00.969;INFO;Controller;Activity ExecRobotTask ended. Return value: Done;
31/05/19;17:35:00.969;INFO;Controller;State = Ready;
31/05/19;18:11:19.299;INFO;Server;Command: ExecRobotTask (Unmount,500000);
31/05/19;18:11:19.299;INFO;Controller;Executing asynchronous activity: ExecRobotTask;
31/05/19;18:11:19.299;INFO;Controller;Status = Executing: Unmount;
31/05/19;18:11:19.299;INFO;Controller;State = Running;
31/05/19;18:11:20.192;INFO;Robot Runtime;executing:    Unmount;
31/05/19;18:11:28.888;INFO;Controller;Activity ExecRobotTask ended. Return value: Done False/True/False;
31/05/19;18:11:28.888;INFO;Controller;State = Ready;
31/05/19;18:11:28.923;INFO;Server;Command: ExecRobotTask (Unload,500000);
31/05/19;18:11:28.924;INFO;Controller;Executing asynchronous activity: ExecRobotTask;
31/05/19;18:11:28.924;INFO;Controller;Status = Executing: Unload;
31/05/19;18:11:28.924;INFO;Controller;State = Running;
31/05/19;18:11:29.797;INFO;Robot Runtime;executing:    Unload;
31/05/19;18:11:34.347;INFO;Controller;Activity ExecRobotTask ended. Return value: Done False/False/False;
31/05/19;18:11:34.347;INFO;Controller;State = Ready;
31/05/19;18:11:35.940;INFO;Server;Command: ExecRobotTask (Load,500000);
31/05/19;18:11:35.940;INFO;Controller;Executing asynchronous activity: ExecRobotTask;
31/05/19;18:11:35.940;INFO;Controller;Status = Executing: Load;
31/05/19;18:11:35.940;INFO;Controller;State = Running;
31/05/19;18:11:37.256;INFO;Robot Runtime;executing:    Load;
31/05/19;18:11:43.654;INFO;Controller;Activity ExecRobotTask ended. Return value: Done False/True/False;
31/05/19;18:11:43.655;INFO;Controller;State = Ready;
31/05/19;18:11:43.685;INFO;Server;Command: ExecRobotTask (Mount,500000);
31/05/19;18:11:43.685;INFO;Controller;Executing asynchronous activity: ExecRobotTask;
31/05/19;18:11:43.685;INFO;Controller;Status = Executing: Mount;
31/05/19;18:11:43.685;INFO;Controller;State = Running;
31/05/19;18:11:44.597;INFO;Robot Runtime;executing:    Mount;
31/05/19;18:11:50.651;INFO;Controller;Activity ExecRobotTask ended. Return value: Done True/False/False;
31/05/19;18:11:50.651;INFO;Controller;State = Ready;
31/05/19;18:11:50.687;INFO;Server;Command: ExecRobotTask (Park,500000);
31/05/19;18:11:50.687;INFO;Controller;Executing asynchronous activity: ExecRobotTask;
31/05/19;18:11:50.687;INFO;Controller;Status = Executing: Park;
31/05/19;18:11:50.688;INFO;Controller;State = Running;
31/05/19;18:11:51.518;INFO;Robot Runtime;executing:    Park;
31/05/19;18:11:54.734;INFO;Controller;Activity ExecRobotTask ended. Return value: Done;
31/05/19;18:11:54.736;INFO;Controller;State = Ready;
31/05/19;18:11:54.768;INFO;Server;Command: ExecRobotTask (UnlatchRobGov,500000);
31/05/19;18:11:54.769;INFO;Controller;Executing asynchronous activity: ExecRobotTask;
31/05/19;18:11:54.769;INFO;Controller;Status = Executing: UnlatchRobGov;
31/05/19;18:11:54.769;INFO;Controller;State = Running;
31/05/19;18:11:56.085;INFO;Robot Runtime;executing:    UnlatchRobGov;
31/05/19;18:11:56.502;INFO;Controller;Activity ExecRobotTask ended. Return value: Done;
31/05/19;18:11:56.502;INFO;Controller;State = Ready;
31/05/19;18:13:04.099;INFO;Server;Command: ExecRobotTask (Unmount,500000);
31/05/19;18:13:04.099;INFO;Controller;Executing asynchronous activity: ExecRobotTask;
31/05/19;18:13:04.099;INFO;Controller;Status = Executing: Unmount;
31/05/19;18:13:04.099;INFO;Controller;State = Running;
31/05/19;18:13:05.034;INFO;Robot Runtime;executing:    Unmount;
31/05/19;18:13:16.143;INFO;Controller;Activity ExecRobotTask ended. Return value: Done False/True/False;
31/05/19;18:13:16.143;INFO;Controller;State = Ready;
31/05/19;18:13:16.174;INFO;Server;Command: ExecRobotTask (Unload,500000);
31/05/19;18:13:16.174;INFO;Controller;Executing asynchronous activity: ExecRobotTask;
31/05/19;18:13:16.174;INFO;Controller;Status = Executing: Unload;
31/05/19;18:13:16.174;INFO;Controller;State = Running;
31/05/19;18:13:17.011;INFO;Robot Runtime;executing:    Unload;
31/05/19;18:13:21.586;INFO;Controller;Activity ExecRobotTask ended. Return value: Done False/False/False;
31/05/19;18:13:21.586;INFO;Controller;State = Ready;
31/05/19;18:13:23.162;INFO;Server;Command: ExecRobotTask (Load,500000);
31/05/19;18:13:23.162;INFO;Controller;Executing asynchronous activity: ExecRobotTask;
31/05/19;18:13:23.163;INFO;Controller;Status = Executing: Load;
31/05/19;18:13:23.163;INFO;Controller;State = Running;
31/05/19;18:13:24.480;INFO;Robot Runtime;executing:    Load;
31/05/19;18:13:30.620;INFO;Controller;Activity ExecRobotTask ended. Return value: Done False/True/False;
31/05/19;18:13:30.620;INFO;Controller;State = Ready;
31/05/19;18:13:30.652;INFO;Server;Command: ExecRobotTask (Mount,500000);
31/05/19;18:13:30.652;INFO;Controller;Executing asynchronous activity: ExecRobotTask;
31/05/19;18:13:30.652;INFO;Controller;Status = Executing: Mount;
31/05/19;18:13:30.652;INFO;Controller;State = Running;
31/05/19;18:13:31.565;INFO;Robot Runtime;executing:    Mount;
31/05/19;18:13:37.988;INFO;Controller;Activity ExecRobotTask ended. Return value: Done True/False/False;
31/05/19;18:13:37.988;INFO;Controller;State = Ready;
31/05/19;18:13:38.026;INFO;Server;Command: ExecRobotTask (Park,500000);
31/05/19;18:13:38.026;INFO;Controller;Executing asynchronous activity: ExecRobotTask;
31/05/19;18:13:38.026;INFO;Controller;Status = Executing: Park;
31/05/19;18:13:38.026;INFO;Controller;State = Running;
31/05/19;18:13:38.858;INFO;Robot Runtime;executing:    Park;
31/05/19;18:13:42.265;INFO;Controller;Activity ExecRobotTask ended. Return value: Done;
31/05/19;18:13:42.265;INFO;Controller;State = Ready;
31/05/19;18:13:42.297;INFO;Server;Command: ExecRobotTask (UnlatchRobGov,500000);
31/05/19;18:13:42.297;INFO;Controller;Executing asynchronous activity: ExecRobotTask;
31/05/19;18:13:42.297;INFO;Controller;Status = Executing: UnlatchRobGov;
31/05/19;18:13:42.297;INFO;Controller;State = Running;
31/05/19;18:13:43.612;INFO;Robot Runtime;executing:    UnlatchRobGov;
31/05/19;18:13:44.037;INFO;Controller;Activity ExecRobotTask ended. Return value: Done;
31/05/19;18:13:44.037;INFO;Controller;State = Ready;
31/05/19;18:13:59.360;INFO;Server;Command: ExecRobotTask (Unmount,500000);
31/05/19;18:13:59.360;INFO;Controller;Executing asynchronous activity: ExecRobotTask;
31/05/19;18:13:59.360;INFO;Controller;Status = Executing: Unmount;
31/05/19;18:13:59.360;INFO;Controller;State = Running;
31/05/19;18:14:00.282;INFO;Robot Runtime;executing:    Unmount;
31/05/19;18:14:09.928;INFO;Controller;Activity ExecRobotTask ended. Return value: Done False/True/False;
31/05/19;18:14:09.929;INFO;Controller;State = Ready;
31/05/19;18:14:09.959;INFO;Server;Command: ExecRobotTask (Unload,500000);
31/05/19;18:14:09.959;INFO;Controller;Executing asynchronous activity: ExecRobotTask;
31/05/19;18:14:09.959;INFO;Controller;Status = Executing: Unload;
31/05/19;18:14:09.959;INFO;Controller;State = Running;
31/05/19;18:14:10.795;INFO;Robot Runtime;executing:    Unload;
31/05/19;18:14:15.301;INFO;Controller;Activity ExecRobotTask ended. Return value: Done False/False/False;
31/05/19;18:14:15.301;INFO;Controller;State = Ready;
31/05/19;18:14:16.885;INFO;Server;Command: ExecRobotTask (Load,500000);
31/05/19;18:14:16.885;INFO;Controller;Executing asynchronous activity: ExecRobotTask;
31/05/19;18:14:16.885;INFO;Controller;Status = Executing: Load;
31/05/19;18:14:16.886;INFO;Controller;State = Running;
31/05/19;18:14:18.187;INFO;Robot Runtime;executing:    Load;
31/05/19;18:14:24.360;INFO;Controller;Activity ExecRobotTask ended. Return value: Done False/True/False;
31/05/19;18:14:24.360;INFO;Controller;State = Ready;
31/05/19;18:14:24.391;INFO;Server;Command: ExecRobotTask (Mount,500000);
31/05/19;18:14:24.392;INFO;Controller;Executing asynchronous activity: ExecRobotTask;
31/05/19;18:14:24.392;INFO;Controller;Status = Executing: Mount;
31/05/19;18:14:24.392;INFO;Controller;State = Running;
31/05/19;18:14:25.311;INFO;Robot Runtime;executing:    Mount;
31/05/19;18:14:31.380;INFO;Controller;Activity ExecRobotTask ended. Return value: Done True/False/False;
31/05/19;18:14:31.380;INFO;Controller;State = Ready;
31/05/19;18:14:31.416;INFO;Server;Command: ExecRobotTask (Park,500000);
31/05/19;18:14:31.416;INFO;Controller;Executing asynchronous activity: ExecRobotTask;
31/05/19;18:14:31.416;INFO;Controller;Status = Executing: Park;
31/05/19;18:14:31.416;INFO;Controller;State = Running;
31/05/19;18:14:32.249;INFO;Robot Runtime;executing:    Park;
31/05/19;18:14:35.483;INFO;Controller;Activity ExecRobotTask ended. Return value: Done;
31/05/19;18:14:35.483;INFO;Controller;State = Ready;
31/05/19;18:14:35.525;INFO;Server;Command: ExecRobotTask (UnlatchRobGov,500000);
31/05/19;18:14:35.525;INFO;Controller;Executing asynchronous activity: ExecRobotTask;
31/05/19;18:14:35.525;INFO;Controller;Status = Executing: UnlatchRobGov;
31/05/19;18:14:35.526;INFO;Controller;State = Running;
31/05/19;18:14:36.852;INFO;Robot Runtime;executing:    UnlatchRobGov;
31/05/19;18:14:37.250;INFO;Controller;Activity ExecRobotTask ended. Return value: Done;
31/05/19;18:14:37.250;INFO;Controller;State = Ready;
31/05/19;18:14:58.438;INFO;Server;Command: ExecRobotTask (Unmount,500000);
31/05/19;18:14:58.438;INFO;Controller;Executing asynchronous activity: ExecRobotTask;
31/05/19;18:14:58.438;INFO;Controller;Status = Executing: Unmount;
31/05/19;18:14:58.438;INFO;Controller;State = Running;
31/05/19;18:14:59.373;INFO;Robot Runtime;executing:    Unmount;
31/05/19;18:15:09.385;INFO;Controller;Activity ExecRobotTask ended. Return value: Done False/True/False;
31/05/19;18:15:09.385;INFO;Controller;State = Ready;
31/05/19;18:15:09.427;INFO;Server;Command: ExecRobotTask (Unload,500000);
31/05/19;18:15:09.428;INFO;Controller;Executing asynchronous activity: ExecRobotTask;
31/05/19;18:15:09.428;INFO;Controller;Status = Executing: Unload;
31/05/19;18:15:09.428;INFO;Controller;State = Running;
31/05/19;18:15:10.261;INFO;Robot Runtime;executing:    Unload;
31/05/19;18:15:14.838;INFO;Controller;Activity ExecRobotTask ended. Return value: Done False/False/False;
31/05/19;18:15:14.838;INFO;Controller;State = Ready;
31/05/19;18:15:16.444;INFO;Server;Command: ExecRobotTask (Load,500000);
31/05/19;18:15:16.444;INFO;Controller;Executing asynchronous activity: ExecRobotTask;
31/05/19;18:15:16.444;INFO;Controller;Status = Executing: Load;
31/05/19;18:15:16.444;INFO;Controller;State = Running;
31/05/19;18:15:17.757;INFO;Robot Runtime;executing:    Load;
31/05/19;18:15:23.897;INFO;Controller;Activity ExecRobotTask ended. Return value: Done False/True/False;
31/05/19;18:15:23.898;INFO;Controller;State = Ready;
31/05/19;18:15:23.933;INFO;Server;Command: ExecRobotTask (Mount,500000);
31/05/19;18:15:23.933;INFO;Controller;Executing asynchronous activity: ExecRobotTask;
31/05/19;18:15:23.933;INFO;Controller;Status = Executing: Mount;
31/05/19;18:15:23.933;INFO;Controller;State = Running;
31/05/19;18:15:24.839;INFO;Robot Runtime;executing:    Mount;
31/05/19;18:15:30.412;INFO;Controller;Activity ExecRobotTask ended. Return value: Done True/False/False;
31/05/19;18:15:30.412;INFO;Controller;State = Ready;
31/05/19;18:15:30.451;INFO;Server;Command: ExecRobotTask (Park,500000);
31/05/19;18:15:30.451;INFO;Controller;Executing asynchronous activity: ExecRobotTask;
31/05/19;18:15:30.451;INFO;Controller;Status = Executing: Park;
31/05/19;18:15:30.451;INFO;Controller;State = Running;
31/05/19;18:15:31.285;INFO;Robot Runtime;executing:    Park;
31/05/19;18:15:34.773;INFO;Controller;Activity ExecRobotTask ended. Return value: Done;
31/05/19;18:15:34.773;INFO;Controller;State = Ready;
31/05/19;18:15:34.815;INFO;Server;Command: ExecRobotTask (UnlatchRobGov,500000);
31/05/19;18:15:34.816;INFO;Controller;Executing asynchronous activity: ExecRobotTask;
31/05/19;18:15:34.816;INFO;Controller;Status = Executing: UnlatchRobGov;
31/05/19;18:15:34.816;INFO;Controller;State = Running;
31/05/19;18:15:36.148;INFO;Robot Runtime;executing:    UnlatchRobGov;
31/05/19;18:15:36.550;INFO;Controller;Activity ExecRobotTask ended. Return value: Done;
31/05/19;18:15:36.550;INFO;Controller;State = Ready;
31/05/19;18:16:02.698;INFO;Server;Command: ExecRobotTask (Unmount,500000);
31/05/19;18:16:02.699;INFO;Controller;Executing asynchronous activity: ExecRobotTask;
31/05/19;18:16:02.699;INFO;Controller;Status = Executing: Unmount;
31/05/19;18:16:02.699;INFO;Controller;State = Running;
31/05/19;18:16:03.628;INFO;Robot Runtime;executing:    Unmount;
31/05/19;18:16:12.470;INFO;Controller;Activity ExecRobotTask ended. Return value: Done False/True/False;
31/05/19;18:16:12.470;INFO;Controller;State = Ready;
31/05/19;18:16:12.508;INFO;Server;Command: ExecRobotTask (Unload,500000);
31/05/19;18:16:12.509;INFO;Controller;Executing asynchronous activity: ExecRobotTask;
31/05/19;18:16:12.509;INFO;Controller;Status = Executing: Unload;
31/05/19;18:16:12.509;INFO;Controller;State = Running;
31/05/19;18:16:13.344;INFO;Robot Runtime;executing:    Unload;
31/05/19;18:16:17.912;INFO;Controller;Activity ExecRobotTask ended. Return value: Done False/False/False;
31/05/19;18:16:17.912;INFO;Controller;State = Ready;
31/05/19;18:16:19.520;INFO;Server;Command: ExecRobotTask (Load,500000);
31/05/19;18:16:19.520;INFO;Controller;Executing asynchronous activity: ExecRobotTask;
31/05/19;18:16:19.520;INFO;Controller;Status = Executing: Load;
31/05/19;18:16:19.520;INFO;Controller;State = Running;
31/05/19;18:16:20.833;INFO;Robot Runtime;executing:    Load;
31/05/19;18:16:26.786;INFO;Controller;Activity ExecRobotTask ended. Return value: Done False/True/False;
31/05/19;18:16:26.786;INFO;Controller;State = Ready;
31/05/19;18:16:26.826;INFO;Server;Command: ExecRobotTask (Mount,500000);
31/05/19;18:16:26.826;INFO;Controller;Executing asynchronous activity: ExecRobotTask;
31/05/19;18:16:26.827;INFO;Controller;Status = Executing: Mount;
31/05/19;18:16:26.827;INFO;Controller;State = Running;
31/05/19;18:16:27.746;INFO;Robot Runtime;executing:    Mount;
31/05/19;18:16:34.812;INFO;Controller;Activity ExecRobotTask ended. Return value: Done True/False/False;
31/05/19;18:16:34.812;INFO;Controller;State = Ready;
31/05/19;18:16:34.856;INFO;Server;Command: ExecRobotTask (Park,500000);
31/05/19;18:16:34.856;INFO;Controller;Executing asynchronous activity: ExecRobotTask;
31/05/19;18:16:34.856;INFO;Controller;Status = Executing: Park;
31/05/19;18:16:34.856;INFO;Controller;State = Running;
31/05/19;18:16:35.691;INFO;Robot Runtime;executing:    Park;
31/05/19;18:16:39.072;INFO;Controller;Activity ExecRobotTask ended. Return value: Done;
31/05/19;18:16:39.072;INFO;Controller;State = Ready;
31/05/19;18:16:39.119;INFO;Server;Command: ExecRobotTask (UnlatchRobGov,500000);
31/05/19;18:16:39.119;INFO;Controller;Executing asynchronous activity: ExecRobotTask;
31/05/19;18:16:39.119;INFO;Controller;Status = Executing: UnlatchRobGov;
31/05/19;18:16:39.119;INFO;Controller;State = Running;
31/05/19;18:16:40.448;INFO;Robot Runtime;executing:    UnlatchRobGov;
31/05/19;18:16:40.838;INFO;Controller;Activity ExecRobotTask ended. Return value: Done;
31/05/19;18:16:40.838;INFO;Controller;State = Ready;
31/05/19;18:34:59.891;INFO;Server;Command: ExecRobotTask (Unmount,500000);
31/05/19;18:34:59.892;INFO;Controller;Executing asynchronous activity: ExecRobotTask;
31/05/19;18:34:59.898;INFO;Controller;Status = Executing: Unmount;
31/05/19;18:34:59.898;INFO;Controller;State = Running;
31/05/19;18:35:00.821;INFO;Robot Runtime;executing:    Unmount;
31/05/19;18:35:09.427;INFO;Controller;Activity ExecRobotTask ended. Return value: Done False/True/False;
31/05/19;18:35:09.427;INFO;Controller;State = Ready;
31/05/19;18:35:09.469;INFO;Server;Command: ExecRobotTask (Unload,500000);
31/05/19;18:35:09.469;INFO;Controller;Executing asynchronous activity: ExecRobotTask;
31/05/19;18:35:09.469;INFO;Controller;Status = Executing: Unload;
31/05/19;18:35:09.469;INFO;Controller;State = Running;
31/05/19;18:35:10.313;INFO;Robot Runtime;executing:    Unload;
31/05/19;18:35:14.861;INFO;Controller;Activity ExecRobotTask ended. Return value: Done False/False/False;
31/05/19;18:35:14.861;INFO;Controller;State = Ready;
31/05/19;18:35:14.978;INFO;Server;Command: ExecRobotTask (Initialize,500000);
31/05/19;18:35:14.978;INFO;Controller;Executing asynchronous activity: ExecRobotTask;
31/05/19;18:35:14.979;INFO;Controller;Status = Executing: Initialize;
31/05/19;18:35:14.979;INFO;Controller;State = Running;
31/05/19;18:35:16.281;INFO;Robot Runtime;executing:    Initialize;
31/05/19;18:35:16.452;INFO;Controller;Activity ExecRobotTask ended. Return value: Done;
31/05/19;18:35:16.453;INFO;Controller;State = Ready;
31/05/19;18:35:16.495;INFO;Server;Command: ExecRobotTask (Park,500000);
31/05/19;18:35:16.495;INFO;Controller;Executing asynchronous activity: ExecRobotTask;
31/05/19;18:35:16.495;INFO;Controller;Status = Executing: Park;
31/05/19;18:35:16.495;INFO;Controller;State = Running;
31/05/19;18:35:17.382;INFO;Robot Runtime;executing:    Park;
31/05/19;18:35:20.721;INFO;Controller;Activity ExecRobotTask ended. Return value: Done;
31/05/19;18:35:20.721;INFO;Controller;State = Ready;
31/05/19;18:56:08.612;INFO;Server;Command: ExecRobotTask (Initialize,500000);
31/05/19;18:56:08.612;INFO;Controller;Executing asynchronous activity: ExecRobotTask;
31/05/19;18:56:08.612;INFO;Controller;Status = Executing: Initialize;
31/05/19;18:56:08.612;INFO;Controller;State = Running;
31/05/19;18:56:09.484;INFO;Robot Runtime;executing:    Initialize;
31/05/19;18:56:10.689;INFO;Controller;Activity ExecRobotTask ended. Return value: Done;
31/05/19;18:56:10.689;INFO;Controller;State = Ready;
31/05/19;18:56:10.736;INFO;Server;Command: ExecRobotTask (LatchRobGov,500000);
31/05/19;18:56:10.736;INFO;Controller;Executing asynchronous activity: ExecRobotTask;
31/05/19;18:56:10.736;INFO;Controller;Status = Executing: LatchRobGov;
31/05/19;18:56:10.736;INFO;Controller;State = Running;
31/05/19;18:56:11.682;INFO;Robot Runtime;executing:    LatchRobGov;
31/05/19;18:56:12.676;INFO;Controller;Activity ExecRobotTask ended. Return value: Done;
31/05/19;18:56:12.676;INFO;Controller;State = Ready;
31/05/19;18:56:12.716;INFO;Server;Command: ExecRobotTask (TraceSample,500000);
31/05/19;18:56:12.716;INFO;Controller;Executing asynchronous activity: ExecRobotTask;
31/05/19;18:56:12.716;INFO;Controller;Status = Executing: TraceSample;
31/05/19;18:56:12.716;INFO;Controller;State = Running;
31/05/19;18:56:13.989;INFO;Robot Runtime;executing:    TraceSample;
31/05/19;18:56:16.288;INFO;Controller;Activity ExecRobotTask ended. Return value: Done False/False/False;
31/05/19;18:56:16.288;INFO;Controller;State = Ready;
31/05/19;18:56:16.336;INFO;Server;Command: ExecRobotTask (CoolDown,500000);
31/05/19;18:56:16.336;INFO;Controller;Executing asynchronous activity: ExecRobotTask;
31/05/19;18:56:16.336;INFO;Controller;Status = Executing: CoolDown;
31/05/19;18:56:16.336;INFO;Controller;State = Running;
31/05/19;18:56:17.204;INFO;Robot Runtime;executing:    CoolDown;
31/05/19;18:56:17.753;INFO;Controller;Activity ExecRobotTask ended. Return value: Done;
31/05/19;18:56:17.753;INFO;Controller;State = Ready;
31/05/19;18:56:17.989;INFO;Server;Command: ExecRobotTask (Load,500000);
31/05/19;18:56:17.990;INFO;Controller;Executing asynchronous activity: ExecRobotTask;
31/05/19;18:56:17.990;INFO;Controller;Status = Executing: Load;
31/05/19;18:56:17.990;INFO;Controller;State = Running;
31/05/19;18:56:19.346;INFO;Robot Runtime;executing:    Load;
31/05/19;18:56:27.187;INFO;Controller;Activity ExecRobotTask ended. Return value: Done False/True/False;
31/05/19;18:56:27.187;INFO;Controller;State = Ready;
31/05/19;18:56:27.225;INFO;Server;Command: ExecRobotTask (Mount,500000);
31/05/19;18:56:27.225;INFO;Controller;Executing asynchronous activity: ExecRobotTask;
31/05/19;18:56:27.225;INFO;Controller;Status = Executing: Mount;
31/05/19;18:56:27.225;INFO;Controller;State = Running;
31/05/19;18:56:28.104;INFO;Robot Runtime;executing:    Mount;
31/05/19;18:56:35.371;INFO;Controller;Activity ExecRobotTask ended. Return value: Done True/False/False;
31/05/19;18:56:35.371;INFO;Controller;State = Ready;
31/05/19;18:56:35.420;INFO;Server;Command: ExecRobotTask (Park,500000);
31/05/19;18:56:35.421;INFO;Controller;Executing asynchronous activity: ExecRobotTask;
31/05/19;18:56:35.421;INFO;Controller;Status = Executing: Park;
31/05/19;18:56:35.421;INFO;Controller;State = Running;
31/05/19;18:56:36.249;INFO;Robot Runtime;executing:    Park;
31/05/19;18:56:39.467;INFO;Controller;Activity ExecRobotTask ended. Return value: Done;
31/05/19;18:56:39.469;INFO;Controller;State = Ready;
31/05/19;18:56:39.514;INFO;Server;Command: ExecRobotTask (UnlatchRobGov,500000);
31/05/19;18:56:39.514;INFO;Controller;Executing asynchronous activity: ExecRobotTask;
31/05/19;18:56:39.514;INFO;Controller;Status = Executing: UnlatchRobGov;
31/05/19;18:56:39.514;INFO;Controller;State = Running;
31/05/19;18:56:40.876;INFO;Robot Runtime;executing:    UnlatchRobGov;
31/05/19;18:56:41.239;INFO;Controller;Activity ExecRobotTask ended. Return value: Done;
31/05/19;18:56:41.239;INFO;Controller;State = Ready;
31/05/19;18:57:22.959;INFO;Server;Command: ExecRobotTask (Unmount,500000);
31/05/19;18:57:22.960;INFO;Controller;Executing asynchronous activity: ExecRobotTask;
31/05/19;18:57:22.960;INFO;Controller;Status = Executing: Unmount;
31/05/19;18:57:22.960;INFO;Controller;State = Running;
31/05/19;18:57:23.852;INFO;Robot Runtime;executing:    Unmount;
31/05/19;18:58:04.086;INFO;Controller;Activity ExecRobotTask ended. Return value: Done False/True/False;
31/05/19;18:58:04.087;INFO;Controller;State = Ready;
31/05/19;18:58:04.135;INFO;Server;Command: ExecRobotTask (Unload,500000);
31/05/19;18:58:04.136;INFO;Controller;Executing asynchronous activity: ExecRobotTask;
31/05/19;18:58:04.136;INFO;Controller;Status = Executing: Unload;
31/05/19;18:58:04.136;INFO;Controller;State = Running;
31/05/19;18:58:04.975;INFO;Robot Runtime;executing:    Unload;
31/05/19;18:58:09.532;INFO;Controller;Activity ExecRobotTask ended. Return value: Done False/False/False;
31/05/19;18:58:09.532;INFO;Controller;State = Ready;
31/05/19;18:58:11.118;INFO;Server;Command: ExecRobotTask (Load,500000);
31/05/19;18:58:11.118;INFO;Controller;Executing asynchronous activity: ExecRobotTask;
31/05/19;18:58:11.118;INFO;Controller;Status = Executing: Load;
31/05/19;18:58:11.118;INFO;Controller;State = Running;
31/05/19;18:58:12.480;INFO;Robot Runtime;executing:    Load;
31/05/19;18:58:16.112;INFO;Controller;Activity ExecRobotTask ended. Return value: Done False/True/False;
31/05/19;18:58:16.112;INFO;Controller;State = Ready;
31/05/19;18:58:16.158;INFO;Server;Command: ExecRobotTask (Mount,500000);
31/05/19;18:58:16.159;INFO;Controller;Executing asynchronous activity: ExecRobotTask;
31/05/19;18:58:16.159;INFO;Controller;Status = Executing: Mount;
31/05/19;18:58:16.159;INFO;Controller;State = Running;
31/05/19;18:58:17.044;INFO;Robot Runtime;executing:    Mount;
31/05/19;18:58:22.324;INFO;Controller;Activity ExecRobotTask ended. Return value: Done True/False/False;
31/05/19;18:58:22.324;INFO;Controller;State = Ready;
31/05/19;18:58:22.368;INFO;Server;Command: ExecRobotTask (Park,500000);
31/05/19;18:58:22.369;INFO;Controller;Executing asynchronous activity: ExecRobotTask;
31/05/19;18:58:22.369;INFO;Controller;Status = Executing: Park;
31/05/19;18:58:22.369;INFO;Controller;State = Running;
31/05/19;18:58:23.201;INFO;Robot Runtime;executing:    Park;
31/05/19;18:58:26.567;INFO;Controller;Activity ExecRobotTask ended. Return value: Done;
31/05/19;18:58:26.567;INFO;Controller;State = Ready;
31/05/19;18:58:26.610;INFO;Server;Command: ExecRobotTask (UnlatchRobGov,500000);
31/05/19;18:58:26.610;INFO;Controller;Executing asynchronous activity: ExecRobotTask;
31/05/19;18:58:26.610;INFO;Controller;Status = Executing: UnlatchRobGov;
31/05/19;18:58:26.610;INFO;Controller;State = Running;
31/05/19;18:58:27.976;INFO;Robot Runtime;executing:    UnlatchRobGov;
31/05/19;18:58:28.344;INFO;Controller;Activity ExecRobotTask ended. Return value: Done;
31/05/19;18:58:28.344;INFO;Controller;State = Ready;
31/05/19;19:25:18.752;INFO;Server;Command: ExecRobotTask (TurnOffAutoFill,500000);
31/05/19;19:25:18.752;INFO;Controller;Executing asynchronous activity: ExecRobotTask;
31/05/19;19:25:18.752;INFO;Controller;Status = Executing: TurnOffAutoFill;
31/05/19;19:25:18.752;INFO;Controller;State = Running;
31/05/19;19:25:19.641;INFO;Robot Runtime;executing:    TurnOffAutoFill;
31/05/19;19:25:20.174;INFO;Controller;Activity ExecRobotTask ended. Return value: Done;
31/05/19;19:25:20.175;INFO;Controller;State = Ready;
31/05/19;19:27:36.022;INFO;Server;Command: ExecRobotTask (Initialize,500000);
31/05/19;19:27:36.022;INFO;Controller;Executing asynchronous activity: ExecRobotTask;
31/05/19;19:27:36.023;INFO;Controller;Status = Executing: Initialize;
31/05/19;19:27:36.023;INFO;Controller;State = Running;
31/05/19;19:27:37.005;INFO;Robot Runtime;executing:    Initialize;
31/05/19;19:27:38.279;INFO;Controller;Activity ExecRobotTask ended. Return value: Done;
31/05/19;19:27:38.279;INFO;Controller;State = Ready;
31/05/19;19:27:38.492;INFO;Server;Command: ExecRobotTask (Unmount,500000);
31/05/19;19:27:38.492;INFO;Controller;Executing asynchronous activity: ExecRobotTask;
31/05/19;19:27:38.492;INFO;Controller;Status = Executing: Unmount;
31/05/19;19:27:38.492;INFO;Controller;State = Running;
31/05/19;19:27:39.798;INFO;Robot Runtime;executing:    Unmount;
31/05/19;19:27:49.756;INFO;Controller;Activity ExecRobotTask ended. Return value: Done False/True/False;
31/05/19;19:27:49.756;INFO;Controller;State = Ready;
31/05/19;19:27:49.768;INFO;Server;Command: ExecRobotTask (Unload,500000);
31/05/19;19:27:49.768;INFO;Controller;Executing asynchronous activity: ExecRobotTask;
31/05/19;19:27:49.768;INFO;Controller;Status = Executing: Unload;
31/05/19;19:27:49.768;INFO;Controller;State = Running;
31/05/19;19:27:50.640;INFO;Robot Runtime;executing:    Unload;
31/05/19;19:27:55.195;INFO;Controller;Activity ExecRobotTask ended. Return value: Done False/False/False;
31/05/19;19:27:55.195;INFO;Controller;State = Ready;
31/05/19;19:27:55.303;INFO;Server;Command: ExecRobotTask (UnlatchRobGov,500000);
31/05/19;19:27:55.304;INFO;Controller;Executing asynchronous activity: ExecRobotTask;
31/05/19;19:27:55.304;INFO;Controller;Status = Executing: UnlatchRobGov;
31/05/19;19:27:55.304;INFO;Controller;State = Running;
31/05/19;19:27:56.239;INFO;Robot Runtime;executing:    UnlatchRobGov;
31/05/19;19:27:57.181;INFO;Controller;Activity ExecRobotTask ended. Return value: Done;
31/05/19;19:27:57.181;INFO;Controller;State = Ready;
31/05/19;19:27:57.194;INFO;Server;Command: ExecRobotTask (Finish,500000);
31/05/19;19:27:57.194;INFO;Controller;Executing asynchronous activity: ExecRobotTask;
31/05/19;19:27:57.194;INFO;Controller;Status = Executing: Finish;
31/05/19;19:27:57.194;INFO;Controller;State = Running;
31/05/19;19:27:58.469;INFO;Robot Runtime;executing:    Finish;
31/05/19;19:30:34.459;INFO;Controller;Activity ExecRobotTask ended. Return value: Done;
31/05/19;19:30:34.459;INFO;Controller;State = Ready;
31/05/19;19:47:40.876;WARNING;Robot;Alarm active: Device is offline;
31/05/19;19:47:40.876;INFO;Controller;State = Communication Error;
31/05/19;19:47:43.981;INFO;Robot;Alarm inactive: Device is offline;
31/05/19;19:47:43.981;WARNING;Controller;Communication resumed, trying updating devices;
31/05/19;19:47:43.981;INFO;Controller;Finished device updating;
31/05/19;19:47:43.981;INFO;Controller;State = Ready;
