08/02/19;08:58:45.514;INFO;Server;Command: ExecRobotTask (OpenPortLid,500000);
08/02/19;08:58:45.515;INFO;Controller;Executing asynchronous activity: ExecRobotTask;
08/02/19;08:58:45.515;INFO;Controller;Status = Executing: OpenPortLid;
08/02/19;08:58:45.515;INFO;Controller;State = Running;
08/02/19;08:58:46.347;INFO;Robot Runtime;executing:    OpenPortLid;
08/02/19;08:58:47.034;INFO;Controller;Activity ExecRobotTask ended. Return value: Done;
08/02/19;08:58:47.034;INFO;Controller;State = Ready;
08/02/19;09:07:37.969;INFO;Server;Command: ExecRobotTask (ClosePorts,500000);
08/02/19;09:07:37.969;INFO;Controller;Executing asynchronous activity: ExecRobotTask;
08/02/19;09:07:37.969;INFO;Controller;Status = Executing: ClosePorts;
08/02/19;09:07:37.969;INFO;Controller;State = Running;
08/02/19;09:07:38.803;INFO;Robot Runtime;executing:    ClosePorts;
08/02/19;09:07:38.926;INFO;Controller;Activity ExecRobotTask ended. Return value: Done;
08/02/19;09:07:38.926;INFO;Controller;State = Ready;
08/02/19;09:14:25.185;INFO;Server;Command: ExecRobotTask (Initialize,500000);
08/02/19;09:14:25.185;INFO;Controller;Executing asynchronous activity: ExecRobotTask;
08/02/19;09:14:25.185;INFO;Controller;Status = Executing: Initialize;
08/02/19;09:14:25.186;INFO;Controller;State = Running;
08/02/19;09:14:26.133;INFO;Robot Runtime;executing:    Initialize;
08/02/19;09:14:27.429;INFO;Controller;Activity ExecRobotTask ended. Return value: Done;
08/02/19;09:14:27.429;INFO;Controller;State = Ready;
08/02/19;09:14:27.449;INFO;Server;Command: ExecRobotTask (LatchRobGov,500000);
08/02/19;09:14:27.449;INFO;Controller;Executing asynchronous activity: ExecRobotTask;
08/02/19;09:14:27.449;INFO;Controller;Status = Executing: LatchRobGov;
08/02/19;09:14:27.449;INFO;Controller;State = Running;
08/02/19;09:14:28.772;INFO;Robot Runtime;executing:    LatchRobGov;
08/02/19;09:14:29.645;INFO;Controller;Activity ExecRobotTask ended. Return value: Done;
08/02/19;09:14:29.645;INFO;Controller;State = Ready;
08/02/19;09:14:29.653;INFO;Server;Command: ExecRobotTask (TraceSample,500000);
08/02/19;09:14:29.653;INFO;Controller;Executing asynchronous activity: ExecRobotTask;
08/02/19;09:14:29.653;INFO;Controller;Status = Executing: TraceSample;
08/02/19;09:14:29.653;INFO;Controller;State = Running;
08/02/19;09:14:30.617;INFO;Robot Runtime;executing:    TraceSample;
08/02/19;09:14:31.602;INFO;Controller;Activity ExecRobotTask ended. Return value: Done False/False/False;
08/02/19;09:14:31.603;INFO;Controller;State = Ready;
08/02/19;09:14:31.612;INFO;Server;Command: ExecRobotTask (CoolDown,500000);
08/02/19;09:14:31.612;INFO;Controller;Executing asynchronous activity: ExecRobotTask;
08/02/19;09:14:31.613;INFO;Controller;Status = Executing: CoolDown;
08/02/19;09:14:31.613;INFO;Controller;State = Running;
08/02/19;09:14:32.446;INFO;Robot Runtime;executing:    CoolDown;
08/02/19;09:16:06.680;INFO;Controller;Activity ExecRobotTask ended. Return value: Done;
08/02/19;09:16:06.680;INFO;Controller;State = Ready;
08/02/19;09:16:06.887;INFO;Server;Command: ExecRobotTask (Load,500000);
08/02/19;09:16:06.888;INFO;Controller;Executing asynchronous activity: ExecRobotTask;
08/02/19;09:16:06.888;INFO;Controller;Status = Executing: Load;
08/02/19;09:16:06.888;INFO;Controller;State = Running;
08/02/19;09:16:08.213;INFO;Robot Runtime;executing:    Load;
08/02/19;09:16:17.598;INFO;Controller;Activity ExecRobotTask ended. Return value: Done False/True/False;
08/02/19;09:16:17.599;INFO;Controller;State = Ready;
08/02/19;09:16:17.609;INFO;Server;Command: ExecRobotTask (Mount,500000);
08/02/19;09:16:17.609;INFO;Controller;Executing asynchronous activity: ExecRobotTask;
08/02/19;09:16:17.609;INFO;Controller;Status = Executing: Mount;
08/02/19;09:16:17.609;INFO;Controller;State = Running;
08/02/19;09:16:18.580;INFO;Robot Runtime;executing:    Mount;
08/02/19;09:16:26.085;INFO;Controller;Activity ExecRobotTask ended. Return value: Done True/False/False;
08/02/19;09:16:26.085;INFO;Controller;State = Ready;
08/02/19;09:16:26.100;INFO;Server;Command: ExecRobotTask (Park,500000);
08/02/19;09:16:26.101;INFO;Controller;Executing asynchronous activity: ExecRobotTask;
08/02/19;09:16:26.101;INFO;Controller;Status = Executing: Park;
08/02/19;09:16:26.101;INFO;Controller;State = Running;
08/02/19;09:16:26.943;INFO;Robot Runtime;executing:    Park;
08/02/19;09:16:30.544;INFO;Controller;Activity ExecRobotTask ended. Return value: Done;
08/02/19;09:16:30.544;INFO;Controller;State = Ready;
08/02/19;09:16:30.560;INFO;Server;Command: ExecRobotTask (UnlatchRobGov,500000);
08/02/19;09:16:30.560;INFO;Controller;Executing asynchronous activity: ExecRobotTask;
08/02/19;09:16:30.560;INFO;Controller;Status = Executing: UnlatchRobGov;
08/02/19;09:16:30.560;INFO;Controller;State = Running;
08/02/19;09:16:31.879;INFO;Robot Runtime;executing:    UnlatchRobGov;
08/02/19;09:16:32.279;INFO;Controller;Activity ExecRobotTask ended. Return value: Done;
08/02/19;09:16:32.279;INFO;Controller;State = Ready;
08/02/19;09:23:24.819;INFO;Server;Command: ExecRobotTask (Unmount,500000);
08/02/19;09:23:24.819;INFO;Controller;Executing asynchronous activity: ExecRobotTask;
08/02/19;09:23:24.819;INFO;Controller;Status = Executing: Unmount;
08/02/19;09:23:24.820;INFO;Controller;State = Running;
08/02/19;09:23:25.794;INFO;Robot Runtime;executing:    Unmount;
08/02/19;09:23:37.141;INFO;Controller;Activity ExecRobotTask ended. Return value: Done False/True/False;
08/02/19;09:23:37.141;INFO;Controller;State = Ready;
08/02/19;09:23:37.155;INFO;Server;Command: ExecRobotTask (Unload,500000);
08/02/19;09:23:37.155;INFO;Controller;Executing asynchronous activity: ExecRobotTask;
08/02/19;09:23:37.155;INFO;Controller;Status = Executing: Unload;
08/02/19;09:23:37.155;INFO;Controller;State = Running;
08/02/19;09:23:38.005;INFO;Robot Runtime;executing:    Unload;
08/02/19;09:23:42.646;INFO;Controller;Activity ExecRobotTask ended. Return value: Done False/False/False;
08/02/19;09:23:42.647;INFO;Controller;State = Ready;
08/02/19;09:23:43.064;INFO;Server;Command: ExecRobotTask (Load,500000);
08/02/19;09:23:43.065;INFO;Controller;Executing asynchronous activity: ExecRobotTask;
08/02/19;09:23:43.065;INFO;Controller;Status = Executing: Load;
08/02/19;09:23:43.065;INFO;Controller;State = Running;
08/02/19;09:23:44.380;INFO;Robot Runtime;executing:    Load;
08/02/19;09:23:51.156;INFO;Controller;Activity ExecRobotTask ended. Return value: Done False/True/False;
08/02/19;09:23:51.156;INFO;Controller;State = Ready;
08/02/19;09:23:51.171;INFO;Server;Command: ExecRobotTask (Mount,500000);
08/02/19;09:23:51.171;INFO;Controller;Executing asynchronous activity: ExecRobotTask;
08/02/19;09:23:51.171;INFO;Controller;Status = Executing: Mount;
08/02/19;09:23:51.172;INFO;Controller;State = Running;
08/02/19;09:23:52.142;INFO;Robot Runtime;executing:    Mount;
08/02/19;09:23:59.921;INFO;Controller;Activity ExecRobotTask ended. Return value: Done True/False/False;
08/02/19;09:23:59.921;INFO;Controller;State = Ready;
08/02/19;09:23:59.937;INFO;Server;Command: ExecRobotTask (Park,500000);
08/02/19;09:23:59.937;INFO;Controller;Executing asynchronous activity: ExecRobotTask;
08/02/19;09:23:59.937;INFO;Controller;Status = Executing: Park;
08/02/19;09:23:59.937;INFO;Controller;State = Running;
08/02/19;09:24:00.775;INFO;Robot Runtime;executing:    Park;
08/02/19;09:24:04.137;INFO;Controller;Activity ExecRobotTask ended. Return value: Done;
08/02/19;09:24:04.137;INFO;Controller;State = Ready;
08/02/19;09:24:04.151;INFO;Server;Command: ExecRobotTask (UnlatchRobGov,500000);
08/02/19;09:24:04.151;INFO;Controller;Executing asynchronous activity: ExecRobotTask;
08/02/19;09:24:04.152;INFO;Controller;Status = Executing: UnlatchRobGov;
08/02/19;09:24:04.152;INFO;Controller;State = Running;
08/02/19;09:24:05.472;INFO;Robot Runtime;executing:    UnlatchRobGov;
08/02/19;09:24:05.870;INFO;Controller;Activity ExecRobotTask ended. Return value: Done;
08/02/19;09:24:05.871;INFO;Controller;State = Ready;
08/02/19;09:38:21.826;INFO;Server;Command: ExecRobotTask (Unmount,500000);
08/02/19;09:38:21.826;INFO;Controller;Executing asynchronous activity: ExecRobotTask;
08/02/19;09:38:21.826;INFO;Controller;Status = Executing: Unmount;
08/02/19;09:38:21.827;INFO;Controller;State = Running;
08/02/19;09:38:22.806;INFO;Robot Runtime;executing:    Unmount;
08/02/19;09:38:35.310;INFO;Controller;Activity ExecRobotTask ended. Return value: Done False/True/False;
08/02/19;09:38:35.310;INFO;Controller;State = Ready;
08/02/19;09:38:35.326;INFO;Server;Command: ExecRobotTask (Unload,500000);
08/02/19;09:38:35.326;INFO;Controller;Executing asynchronous activity: ExecRobotTask;
08/02/19;09:38:35.327;INFO;Controller;Status = Executing: Unload;
08/02/19;09:38:35.327;INFO;Controller;State = Running;
08/02/19;09:38:36.162;INFO;Robot Runtime;executing:    Unload;
08/02/19;09:38:40.809;INFO;Controller;Activity ExecRobotTask ended. Return value: Done False/False/False;
08/02/19;09:38:40.809;INFO;Controller;State = Ready;
08/02/19;09:38:41.244;INFO;Server;Command: ExecRobotTask (Load,500000);
08/02/19;09:38:41.245;INFO;Controller;Executing asynchronous activity: ExecRobotTask;
08/02/19;09:38:41.245;INFO;Controller;Status = Executing: Load;
08/02/19;09:38:41.245;INFO;Controller;State = Running;
08/02/19;09:38:42.577;INFO;Robot Runtime;executing:    Load;
08/02/19;09:38:49.304;INFO;Controller;Activity ExecRobotTask ended. Return value: Done False/True/False;
08/02/19;09:38:49.304;INFO;Controller;State = Ready;
08/02/19;09:38:49.317;INFO;Server;Command: ExecRobotTask (Mount,500000);
08/02/19;09:38:49.317;INFO;Controller;Executing asynchronous activity: ExecRobotTask;
08/02/19;09:38:49.317;INFO;Controller;Status = Executing: Mount;
08/02/19;09:38:49.317;INFO;Controller;State = Running;
08/02/19;09:38:50.279;INFO;Robot Runtime;executing:    Mount;
08/02/19;09:38:57.156;INFO;Controller;Activity ExecRobotTask ended. Return value: Done True/False/False;
08/02/19;09:38:57.156;INFO;Controller;State = Ready;
08/02/19;09:38:57.170;INFO;Server;Command: ExecRobotTask (Park,500000);
08/02/19;09:38:57.170;INFO;Controller;Executing asynchronous activity: ExecRobotTask;
08/02/19;09:38:57.170;INFO;Controller;Status = Executing: Park;
08/02/19;09:38:57.170;INFO;Controller;State = Running;
08/02/19;09:38:58.011;INFO;Robot Runtime;executing:    Park;
08/02/19;09:39:01.523;INFO;Controller;Activity ExecRobotTask ended. Return value: Done;
08/02/19;09:39:01.523;INFO;Controller;State = Ready;
08/02/19;09:39:01.537;INFO;Server;Command: ExecRobotTask (UnlatchRobGov,500000);
08/02/19;09:39:01.538;INFO;Controller;Executing asynchronous activity: ExecRobotTask;
08/02/19;09:39:01.538;INFO;Controller;Status = Executing: UnlatchRobGov;
08/02/19;09:39:01.538;INFO;Controller;State = Running;
08/02/19;09:39:02.870;INFO;Robot Runtime;executing:    UnlatchRobGov;
08/02/19;09:39:03.257;INFO;Controller;Activity ExecRobotTask ended. Return value: Done;
08/02/19;09:39:03.257;INFO;Controller;State = Ready;
08/02/19;09:48:24.403;INFO;Server;Command: ExecRobotTask (Unmount,500000);
08/02/19;09:48:24.403;INFO;Controller;Executing asynchronous activity: ExecRobotTask;
08/02/19;09:48:24.403;INFO;Controller;Status = Executing: Unmount;
08/02/19;09:48:24.403;INFO;Controller;State = Running;
08/02/19;09:48:25.310;INFO;Robot Runtime;executing:    Unmount;
08/02/19;09:48:35.338;INFO;Controller;Activity ExecRobotTask ended. Return value: Done False/True/False;
08/02/19;09:48:35.338;INFO;Controller;State = Ready;
08/02/19;09:48:35.353;INFO;Server;Command: ExecRobotTask (Unload,500000);
08/02/19;09:48:35.353;INFO;Controller;Executing asynchronous activity: ExecRobotTask;
08/02/19;09:48:35.353;INFO;Controller;Status = Executing: Unload;
08/02/19;09:48:35.353;INFO;Controller;State = Running;
08/02/19;09:48:36.193;INFO;Robot Runtime;executing:    Unload;
08/02/19;09:48:40.832;INFO;Controller;Activity ExecRobotTask ended. Return value: Done False/False/False;
08/02/19;09:48:40.832;INFO;Controller;State = Ready;
08/02/19;09:48:41.257;INFO;Server;Command: ExecRobotTask (Load,500000);
08/02/19;09:48:41.257;INFO;Controller;Executing asynchronous activity: ExecRobotTask;
08/02/19;09:48:41.258;INFO;Controller;Status = Executing: Load;
08/02/19;09:48:41.258;INFO;Controller;State = Running;
08/02/19;09:48:42.623;INFO;Robot Runtime;executing:    Load;
08/02/19;09:48:49.363;INFO;Controller;Activity ExecRobotTask ended. Return value: Done False/True/False;
08/02/19;09:48:49.363;INFO;Controller;State = Ready;
08/02/19;09:48:49.377;INFO;Server;Command: ExecRobotTask (Mount,500000);
08/02/19;09:48:49.377;INFO;Controller;Executing asynchronous activity: ExecRobotTask;
08/02/19;09:48:49.377;INFO;Controller;Status = Executing: Mount;
08/02/19;09:48:49.378;INFO;Controller;State = Running;
08/02/19;09:48:50.294;INFO;Robot Runtime;executing:    Mount;
08/02/19;09:48:58.067;INFO;Controller;Activity ExecRobotTask ended. Return value: Done True/False/False;
08/02/19;09:48:58.067;INFO;Controller;State = Ready;
08/02/19;09:48:58.087;INFO;Server;Command: ExecRobotTask (Park,500000);
08/02/19;09:48:58.087;INFO;Controller;Executing asynchronous activity: ExecRobotTask;
08/02/19;09:48:58.087;INFO;Controller;Status = Executing: Park;
08/02/19;09:48:58.088;INFO;Controller;State = Running;
08/02/19;09:48:58.926;INFO;Robot Runtime;executing:    Park;
08/02/19;09:49:02.532;INFO;Controller;Activity ExecRobotTask ended. Return value: Done;
08/02/19;09:49:02.532;INFO;Controller;State = Ready;
08/02/19;09:49:02.557;INFO;Server;Command: ExecRobotTask (UnlatchRobGov,500000);
08/02/19;09:49:02.557;INFO;Controller;Executing asynchronous activity: ExecRobotTask;
08/02/19;09:49:02.558;INFO;Controller;Status = Executing: UnlatchRobGov;
08/02/19;09:49:02.558;INFO;Controller;State = Running;
08/02/19;09:49:03.929;INFO;Robot Runtime;executing:    UnlatchRobGov;
08/02/19;09:49:04.267;INFO;Controller;Activity ExecRobotTask ended. Return value: Done;
08/02/19;09:49:04.267;INFO;Controller;State = Ready;
08/02/19;09:50:05.834;INFO;Server;Command: ExecRobotTask (Unmount,500000);
08/02/19;09:50:05.834;INFO;Controller;Executing asynchronous activity: ExecRobotTask;
08/02/19;09:50:05.834;INFO;Controller;Status = Executing: Unmount;
08/02/19;09:50:05.835;INFO;Controller;State = Running;
08/02/19;09:50:06.761;INFO;Robot Runtime;executing:    Unmount;
08/02/19;09:50:17.810;INFO;Controller;Activity ExecRobotTask ended. Return value: Done False/True/False;
08/02/19;09:50:17.810;INFO;Controller;State = Ready;
08/02/19;09:50:17.822;INFO;Server;Command: ExecRobotTask (Unload,500000);
08/02/19;09:50:17.822;INFO;Controller;Executing asynchronous activity: ExecRobotTask;
08/02/19;09:50:17.822;INFO;Controller;Status = Executing: Unload;
08/02/19;09:50:17.822;INFO;Controller;State = Running;
08/02/19;09:50:18.665;INFO;Robot Runtime;executing:    Unload;
08/02/19;09:50:23.225;INFO;Controller;Activity ExecRobotTask ended. Return value: Done False/False/False;
08/02/19;09:50:23.225;INFO;Controller;State = Ready;
08/02/19;09:50:23.343;INFO;Server;Command: ExecRobotTask (Initialize,500000);
08/02/19;09:50:23.343;INFO;Controller;Executing asynchronous activity: ExecRobotTask;
08/02/19;09:50:23.343;INFO;Controller;Status = Executing: Initialize;
08/02/19;09:50:23.343;INFO;Controller;State = Running;
08/02/19;09:50:24.678;INFO;Robot Runtime;executing:    Initialize;
08/02/19;09:50:25.196;INFO;Controller;Activity ExecRobotTask ended. Return value: Done;
08/02/19;09:50:25.196;INFO;Controller;State = Ready;
08/02/19;09:50:25.211;INFO;Server;Command: ExecRobotTask (Park,500000);
08/02/19;09:50:25.211;INFO;Controller;Executing asynchronous activity: ExecRobotTask;
08/02/19;09:50:25.211;INFO;Controller;Status = Executing: Park;
08/02/19;09:50:25.211;INFO;Controller;State = Running;
08/02/19;09:50:26.103;INFO;Robot Runtime;executing:    Park;
08/02/19;09:50:29.655;INFO;Controller;Activity ExecRobotTask ended. Return value: Done;
08/02/19;09:50:29.655;INFO;Controller;State = Ready;
08/02/19;09:55:46.364;INFO;Server;Command: ExecRobotTask (Initialize,500000);
08/02/19;09:55:46.365;INFO;Controller;Executing asynchronous activity: ExecRobotTask;
08/02/19;09:55:46.365;INFO;Controller;Status = Executing: Initialize;
08/02/19;09:55:46.365;INFO;Controller;State = Running;
08/02/19;09:55:47.196;INFO;Robot Runtime;executing:    Initialize;
08/02/19;09:55:47.685;INFO;Controller;Activity ExecRobotTask ended. Return value: Done;
08/02/19;09:55:47.685;INFO;Controller;State = Ready;
08/02/19;09:55:47.719;INFO;Server;Command: ExecRobotTask (LatchRobGov,500000);
08/02/19;09:55:47.719;INFO;Controller;Executing asynchronous activity: ExecRobotTask;
08/02/19;09:55:47.719;INFO;Controller;Status = Executing: LatchRobGov;
08/02/19;09:55:47.720;INFO;Controller;State = Running;
08/02/19;09:55:49.111;INFO;Robot Runtime;executing:    LatchRobGov;
08/02/19;09:55:50.165;INFO;Controller;Activity ExecRobotTask ended. Return value: Done;
08/02/19;09:55:50.166;INFO;Controller;State = Ready;
08/02/19;09:55:50.175;INFO;Server;Command: ExecRobotTask (TraceSample,500000);
08/02/19;09:55:50.175;INFO;Controller;Executing asynchronous activity: ExecRobotTask;
08/02/19;09:55:50.176;INFO;Controller;Status = Executing: TraceSample;
08/02/19;09:55:50.176;INFO;Controller;State = Running;
08/02/19;09:55:51.086;INFO;Robot Runtime;executing:    TraceSample;
08/02/19;09:55:53.644;INFO;Controller;Activity ExecRobotTask ended. Return value: Done False/False/False;
08/02/19;09:55:53.645;INFO;Controller;State = Ready;
08/02/19;09:55:53.657;INFO;Server;Command: ExecRobotTask (CoolDown,500000);
08/02/19;09:55:53.657;INFO;Controller;Executing asynchronous activity: ExecRobotTask;
08/02/19;09:55:53.657;INFO;Controller;Status = Executing: CoolDown;
08/02/19;09:55:53.657;INFO;Controller;State = Running;
08/02/19;09:55:54.494;INFO;Robot Runtime;executing:    CoolDown;
08/02/19;09:55:54.834;INFO;Controller;Activity ExecRobotTask ended. Return value: Done;
08/02/19;09:55:54.834;INFO;Controller;State = Ready;
08/02/19;09:55:55.036;INFO;Server;Command: ExecRobotTask (Load,500000);
08/02/19;09:55:55.037;INFO;Controller;Executing asynchronous activity: ExecRobotTask;
08/02/19;09:55:55.037;INFO;Controller;Status = Executing: Load;
08/02/19;09:55:55.037;INFO;Controller;State = Running;
08/02/19;09:55:56.408;INFO;Robot Runtime;executing:    Load;
08/02/19;09:56:05.102;INFO;Controller;Activity ExecRobotTask ended. Return value: Done False/True/False;
08/02/19;09:56:05.102;INFO;Controller;State = Ready;
08/02/19;09:56:05.119;INFO;Server;Command: ExecRobotTask (Mount,500000);
08/02/19;09:56:05.119;INFO;Controller;Executing asynchronous activity: ExecRobotTask;
08/02/19;09:56:05.119;INFO;Controller;Status = Executing: Mount;
08/02/19;09:56:05.120;INFO;Controller;State = Running;
08/02/19;09:56:06.035;INFO;Robot Runtime;executing:    Mount;
08/02/19;09:56:13.831;INFO;Controller;Activity ExecRobotTask ended. Return value: Done True/False/False;
08/02/19;09:56:13.831;INFO;Controller;State = Ready;
08/02/19;09:56:13.850;INFO;Server;Command: ExecRobotTask (Park,500000);
08/02/19;09:56:13.850;INFO;Controller;Executing asynchronous activity: ExecRobotTask;
08/02/19;09:56:13.850;INFO;Controller;Status = Executing: Park;
08/02/19;09:56:13.850;INFO;Controller;State = Running;
08/02/19;09:56:14.690;INFO;Robot Runtime;executing:    Park;
08/02/19;09:56:17.892;INFO;Controller;Activity ExecRobotTask ended. Return value: Done;
08/02/19;09:56:17.892;INFO;Controller;State = Ready;
08/02/19;09:56:17.912;INFO;Server;Command: ExecRobotTask (UnlatchRobGov,500000);
08/02/19;09:56:17.912;INFO;Controller;Executing asynchronous activity: ExecRobotTask;
08/02/19;09:56:17.912;INFO;Controller;Status = Executing: UnlatchRobGov;
08/02/19;09:56:17.912;INFO;Controller;State = Running;
08/02/19;09:56:19.282;INFO;Robot Runtime;executing:    UnlatchRobGov;
08/02/19;09:56:19.790;INFO;Controller;Activity ExecRobotTask ended. Return value: Done;
08/02/19;09:56:19.790;INFO;Controller;State = Ready;
08/02/19;10:15:15.927;INFO;Server;Command: ExecRobotTask (Unmount,500000);
08/02/19;10:15:15.927;INFO;Controller;Executing asynchronous activity: ExecRobotTask;
08/02/19;10:15:15.927;INFO;Controller;Status = Executing: Unmount;
08/02/19;10:15:15.927;INFO;Controller;State = Running;
08/02/19;10:15:16.855;INFO;Robot Runtime;executing:    Unmount;
08/02/19;10:15:49.135;INFO;Controller;Activity ExecRobotTask ended. Return value: Done False/True/False;
08/02/19;10:15:49.135;INFO;Controller;State = Ready;
08/02/19;10:15:49.147;INFO;Server;Command: ExecRobotTask (Unload,500000);
08/02/19;10:15:49.148;INFO;Controller;Executing asynchronous activity: ExecRobotTask;
08/02/19;10:15:49.148;INFO;Controller;Status = Executing: Unload;
08/02/19;10:15:49.148;INFO;Controller;State = Running;
08/02/19;10:15:50.011;INFO;Robot Runtime;executing:    Unload;
08/02/19;10:15:54.570;INFO;Controller;Activity ExecRobotTask ended. Return value: Done False/False/False;
08/02/19;10:15:54.570;INFO;Controller;State = Ready;
08/02/19;10:15:55.005;INFO;Server;Command: ExecRobotTask (Load,500000);
08/02/19;10:15:55.005;INFO;Controller;Executing asynchronous activity: ExecRobotTask;
08/02/19;10:15:55.005;INFO;Controller;Status = Executing: Load;
08/02/19;10:15:55.005;INFO;Controller;State = Running;
08/02/19;10:15:56.343;INFO;Robot Runtime;executing:    Load;
08/02/19;10:16:03.074;INFO;Controller;Activity ExecRobotTask ended. Return value: Done False/True/False;
08/02/19;10:16:03.074;INFO;Controller;State = Ready;
08/02/19;10:16:03.089;INFO;Server;Command: ExecRobotTask (Mount,500000);
08/02/19;10:16:03.089;INFO;Controller;Executing asynchronous activity: ExecRobotTask;
08/02/19;10:16:03.089;INFO;Controller;Status = Executing: Mount;
08/02/19;10:16:03.089;INFO;Controller;State = Running;
08/02/19;10:16:04.031;INFO;Robot Runtime;executing:    Mount;
08/02/19;10:16:12.053;INFO;Controller;Activity ExecRobotTask ended. Return value: Done True/False/False;
08/02/19;10:16:12.053;INFO;Controller;State = Ready;
08/02/19;10:16:12.066;INFO;Server;Command: ExecRobotTask (Park,500000);
08/02/19;10:16:12.067;INFO;Controller;Executing asynchronous activity: ExecRobotTask;
08/02/19;10:16:12.067;INFO;Controller;Status = Executing: Park;
08/02/19;10:16:12.067;INFO;Controller;State = Running;
08/02/19;10:16:12.906;INFO;Robot Runtime;executing:    Park;
08/02/19;10:16:16.121;INFO;Controller;Activity ExecRobotTask ended. Return value: Done;
08/02/19;10:16:16.122;INFO;Controller;State = Ready;
08/02/19;10:16:16.137;INFO;Server;Command: ExecRobotTask (UnlatchRobGov,500000);
08/02/19;10:16:16.137;INFO;Controller;Executing asynchronous activity: ExecRobotTask;
08/02/19;10:16:16.138;INFO;Controller;Status = Executing: UnlatchRobGov;
08/02/19;10:16:16.138;INFO;Controller;State = Running;
08/02/19;10:16:17.488;INFO;Robot Runtime;executing:    UnlatchRobGov;
08/02/19;10:16:17.617;INFO;Controller;Activity ExecRobotTask ended. Return value: Done;
08/02/19;10:16:17.617;INFO;Controller;State = Ready;
08/02/19;10:30:12.438;INFO;Server;Command: ExecRobotTask (Unmount,500000);
08/02/19;10:30:12.438;INFO;Controller;Executing asynchronous activity: ExecRobotTask;
08/02/19;10:30:12.439;INFO;Controller;Status = Executing: Unmount;
08/02/19;10:30:12.439;INFO;Controller;State = Running;
08/02/19;10:30:13.388;INFO;Robot Runtime;executing:    Unmount;
08/02/19;10:30:46.086;INFO;Controller;Activity ExecRobotTask ended. Return value: Done False/True/False;
08/02/19;10:30:46.086;INFO;Controller;State = Ready;
08/02/19;10:30:46.111;INFO;Server;Command: ExecRobotTask (Unload,500000);
08/02/19;10:30:46.111;INFO;Controller;Executing asynchronous activity: ExecRobotTask;
08/02/19;10:30:46.111;INFO;Controller;Status = Executing: Unload;
08/02/19;10:30:46.111;INFO;Controller;State = Running;
08/02/19;10:30:46.955;INFO;Robot Runtime;executing:    Unload;
08/02/19;10:30:51.580;INFO;Controller;Activity ExecRobotTask ended. Return value: Done False/False/False;
08/02/19;10:30:51.580;INFO;Controller;State = Ready;
08/02/19;10:30:51.670;INFO;Server;Command: ExecRobotTask (Initialize,500000);
08/02/19;10:30:51.670;INFO;Controller;Executing asynchronous activity: ExecRobotTask;
08/02/19;10:30:51.671;INFO;Controller;Status = Executing: Initialize;
08/02/19;10:30:51.671;INFO;Controller;State = Running;
08/02/19;10:30:52.999;INFO;Robot Runtime;executing:    Initialize;
08/02/19;10:30:53.144;INFO;Controller;Activity ExecRobotTask ended. Return value: Done;
08/02/19;10:30:53.144;INFO;Controller;State = Ready;
08/02/19;10:30:53.153;INFO;Server;Command: ExecRobotTask (Park,500000);
08/02/19;10:30:53.153;INFO;Controller;Executing asynchronous activity: ExecRobotTask;
08/02/19;10:30:53.153;INFO;Controller;Status = Executing: Park;
08/02/19;10:30:53.153;INFO;Controller;State = Running;
08/02/19;10:30:54.068;INFO;Robot Runtime;executing:    Park;
08/02/19;10:30:57.555;INFO;Controller;Activity ExecRobotTask ended. Return value: Done;
08/02/19;10:30:57.555;INFO;Controller;State = Ready;
08/02/19;10:42:33.927;INFO;Server;Command: ExecRobotTask (Initialize,500000);
08/02/19;10:42:33.927;INFO;Controller;Executing asynchronous activity: ExecRobotTask;
08/02/19;10:42:33.927;INFO;Controller;Status = Executing: Initialize;
08/02/19;10:42:33.927;INFO;Controller;State = Running;
08/02/19;10:42:34.798;INFO;Robot Runtime;executing:    Initialize;
08/02/19;10:42:36.183;INFO;Controller;Activity ExecRobotTask ended. Return value: Done;
08/02/19;10:42:36.183;INFO;Controller;State = Ready;
08/02/19;10:42:36.197;INFO;Server;Command: ExecRobotTask (LatchRobGov,500000);
08/02/19;10:42:36.197;INFO;Controller;Executing asynchronous activity: ExecRobotTask;
08/02/19;10:42:36.197;INFO;Controller;Status = Executing: LatchRobGov;
08/02/19;10:42:36.197;INFO;Controller;State = Running;
08/02/19;10:42:37.564;INFO;Robot Runtime;executing:    LatchRobGov;
08/02/19;10:42:38.680;INFO;Controller;Activity ExecRobotTask ended. Return value: Done;
08/02/19;10:42:38.681;INFO;Controller;State = Ready;
08/02/19;10:42:38.700;INFO;Server;Command: ExecRobotTask (TraceSample,500000);
08/02/19;10:42:38.700;INFO;Controller;Executing asynchronous activity: ExecRobotTask;
08/02/19;10:42:38.700;INFO;Controller;Status = Executing: TraceSample;
08/02/19;10:42:38.700;INFO;Controller;State = Running;
08/02/19;10:42:39.634;INFO;Robot Runtime;executing:    TraceSample;
08/02/19;10:42:42.186;INFO;Controller;Activity ExecRobotTask ended. Return value: Done False/False/False;
08/02/19;10:42:42.186;INFO;Controller;State = Ready;
08/02/19;10:42:42.207;INFO;Server;Command: ExecRobotTask (CoolDown,500000);
08/02/19;10:42:42.207;INFO;Controller;Executing asynchronous activity: ExecRobotTask;
08/02/19;10:42:42.207;INFO;Controller;Status = Executing: CoolDown;
08/02/19;10:42:42.207;INFO;Controller;State = Running;
08/02/19;10:42:43.045;INFO;Robot Runtime;executing:    CoolDown;
08/02/19;10:42:43.215;INFO;Controller;Activity ExecRobotTask ended. Return value: Done;
08/02/19;10:42:43.215;INFO;Controller;State = Ready;
08/02/19;10:42:43.417;INFO;Server;Command: ExecRobotTask (Load,500000);
08/02/19;10:42:43.417;INFO;Controller;Executing asynchronous activity: ExecRobotTask;
08/02/19;10:42:43.417;INFO;Controller;Status = Executing: Load;
08/02/19;10:42:43.417;INFO;Controller;State = Running;
08/02/19;10:42:44.759;INFO;Robot Runtime;executing:    Load;
08/02/19;10:42:53.249;INFO;Controller;Activity ExecRobotTask ended. Return value: Done False/True/False;
08/02/19;10:42:53.249;INFO;Controller;State = Ready;
08/02/19;10:42:53.264;INFO;Server;Command: ExecRobotTask (Mount,500000);
08/02/19;10:42:53.264;INFO;Controller;Executing asynchronous activity: ExecRobotTask;
08/02/19;10:42:53.264;INFO;Controller;Status = Executing: Mount;
08/02/19;10:42:53.264;INFO;Controller;State = Running;
08/02/19;10:42:54.205;INFO;Robot Runtime;executing:    Mount;
08/02/19;10:43:01.827;INFO;Controller;Activity ExecRobotTask ended. Return value: Done True/False/False;
08/02/19;10:43:01.827;INFO;Controller;State = Ready;
08/02/19;10:43:01.843;INFO;Server;Command: ExecRobotTask (Park,500000);
08/02/19;10:43:01.843;INFO;Controller;Executing asynchronous activity: ExecRobotTask;
08/02/19;10:43:01.843;INFO;Controller;Status = Executing: Park;
08/02/19;10:43:01.843;INFO;Controller;State = Running;
08/02/19;10:43:02.687;INFO;Robot Runtime;executing:    Park;
08/02/19;10:43:05.916;INFO;Controller;Activity ExecRobotTask ended. Return value: Done;
08/02/19;10:43:05.916;INFO;Controller;State = Ready;
08/02/19;10:43:05.938;INFO;Server;Command: ExecRobotTask (UnlatchRobGov,500000);
08/02/19;10:43:05.938;INFO;Controller;Executing asynchronous activity: ExecRobotTask;
08/02/19;10:43:05.939;INFO;Controller;Status = Executing: UnlatchRobGov;
08/02/19;10:43:05.939;INFO;Controller;State = Running;
08/02/19;10:43:07.290;INFO;Robot Runtime;executing:    UnlatchRobGov;
08/02/19;10:43:07.423;INFO;Controller;Activity ExecRobotTask ended. Return value: Done;
08/02/19;10:43:07.423;INFO;Controller;State = Ready;
08/02/19;11:04:32.334;INFO;Server;Command: ExecRobotTask (Unmount,500000);
08/02/19;11:04:32.334;INFO;Controller;Executing asynchronous activity: ExecRobotTask;
08/02/19;11:04:32.335;INFO;Controller;Status = Executing: Unmount;
08/02/19;11:04:32.335;INFO;Controller;State = Running;
08/02/19;11:04:33.284;INFO;Robot Runtime;executing:    Unmount;
08/02/19;11:04:44.620;INFO;Controller;Activity ExecRobotTask ended. Return value: Done False/True/False;
08/02/19;11:04:44.620;INFO;Controller;State = Ready;
08/02/19;11:04:44.637;INFO;Server;Command: ExecRobotTask (Unload,500000);
08/02/19;11:04:44.637;INFO;Controller;Executing asynchronous activity: ExecRobotTask;
08/02/19;11:04:44.638;INFO;Controller;Status = Executing: Unload;
08/02/19;11:04:44.638;INFO;Controller;State = Running;
08/02/19;11:04:45.487;INFO;Robot Runtime;executing:    Unload;
08/02/19;11:04:50.178;INFO;Controller;Activity ExecRobotTask ended. Return value: Done False/False/False;
08/02/19;11:04:50.178;INFO;Controller;State = Ready;
08/02/19;11:04:50.406;INFO;Server;Command: ExecRobotTask (Initialize,500000);
08/02/19;11:04:50.406;INFO;Controller;Executing asynchronous activity: ExecRobotTask;
08/02/19;11:04:50.406;INFO;Controller;Status = Executing: Initialize;
08/02/19;11:04:50.406;INFO;Controller;State = Running;
08/02/19;11:04:51.717;INFO;Robot Runtime;executing:    Initialize;
08/02/19;11:04:52.171;INFO;Controller;Activity ExecRobotTask ended. Return value: Done;
08/02/19;11:04:52.171;INFO;Controller;State = Ready;
08/02/19;11:04:52.192;INFO;Server;Command: ExecRobotTask (Park,500000);
08/02/19;11:04:52.192;INFO;Controller;Executing asynchronous activity: ExecRobotTask;
08/02/19;11:04:52.192;INFO;Controller;Status = Executing: Park;
08/02/19;11:04:52.192;INFO;Controller;State = Running;
08/02/19;11:04:53.098;INFO;Robot Runtime;executing:    Park;
08/02/19;11:04:56.691;INFO;Controller;Activity ExecRobotTask ended. Return value: Done;
08/02/19;11:04:56.691;INFO;Controller;State = Ready;
08/02/19;11:05:05.102;INFO;Server;Command: ExecRobotTask (Load,500000);
08/02/19;11:05:05.102;INFO;Controller;Executing asynchronous activity: ExecRobotTask;
08/02/19;11:05:05.102;INFO;Controller;Status = Executing: Load;
08/02/19;11:05:05.102;INFO;Controller;State = Running;
08/02/19;11:05:06.431;INFO;Robot Runtime;executing:    Load;
08/02/19;11:05:15.265;INFO;Controller;Activity ExecRobotTask ended. Return value: Done False/True/False;
08/02/19;11:05:15.265;INFO;Controller;State = Ready;
08/02/19;11:05:15.289;INFO;Server;Command: ExecRobotTask (Mount,500000);
08/02/19;11:05:15.290;INFO;Controller;Executing asynchronous activity: ExecRobotTask;
08/02/19;11:05:15.290;INFO;Controller;Status = Executing: Mount;
08/02/19;11:05:15.290;INFO;Controller;State = Running;
08/02/19;11:05:16.219;INFO;Robot Runtime;executing:    Mount;
08/02/19;11:05:24.246;INFO;Controller;Activity ExecRobotTask ended. Return value: Done True/False/False;
08/02/19;11:05:24.246;INFO;Controller;State = Ready;
08/02/19;11:05:24.265;INFO;Server;Command: ExecRobotTask (Park,500000);
08/02/19;11:05:24.266;INFO;Controller;Executing asynchronous activity: ExecRobotTask;
08/02/19;11:05:24.266;INFO;Controller;Status = Executing: Park;
08/02/19;11:05:24.266;INFO;Controller;State = Running;
08/02/19;11:05:25.111;INFO;Robot Runtime;executing:    Park;
08/02/19;11:05:28.755;INFO;Controller;Activity ExecRobotTask ended. Return value: Done;
08/02/19;11:05:28.755;INFO;Controller;State = Ready;
08/02/19;11:05:28.779;INFO;Server;Command: ExecRobotTask (UnlatchRobGov,500000);
08/02/19;11:05:28.779;INFO;Controller;Executing asynchronous activity: ExecRobotTask;
08/02/19;11:05:28.779;INFO;Controller;Status = Executing: UnlatchRobGov;
08/02/19;11:05:28.779;INFO;Controller;State = Running;
08/02/19;11:05:30.119;INFO;Robot Runtime;executing:    UnlatchRobGov;
08/02/19;11:05:30.503;INFO;Controller;Activity ExecRobotTask ended. Return value: Done;
08/02/19;11:05:30.503;INFO;Controller;State = Ready;
08/02/19;11:21:30.272;INFO;Server;Command: ExecRobotTask (Unmount,500000);
08/02/19;11:21:30.272;INFO;Controller;Executing asynchronous activity: ExecRobotTask;
08/02/19;11:21:30.272;INFO;Controller;Status = Executing: Unmount;
08/02/19;11:21:30.273;INFO;Controller;State = Running;
08/02/19;11:21:31.207;INFO;Robot Runtime;executing:    Unmount;
08/02/19;11:21:41.326;INFO;Controller;Activity ExecRobotTask ended. Return value: Done False/True/False;
08/02/19;11:21:41.326;INFO;Controller;State = Ready;
08/02/19;11:21:41.349;INFO;Server;Command: ExecRobotTask (Unload,500000);
08/02/19;11:21:41.349;INFO;Controller;Executing asynchronous activity: ExecRobotTask;
08/02/19;11:21:41.349;INFO;Controller;Status = Executing: Unload;
08/02/19;11:21:41.349;INFO;Controller;State = Running;
08/02/19;11:21:42.195;INFO;Robot Runtime;executing:    Unload;
08/02/19;11:21:46.638;INFO;Controller;Activity ExecRobotTask ended. Return value: Done False/False/False;
08/02/19;11:21:46.638;INFO;Controller;State = Ready;
08/02/19;11:21:47.104;INFO;Server;Command: ExecRobotTask (Load,500000);
08/02/19;11:21:47.104;INFO;Controller;Executing asynchronous activity: ExecRobotTask;
08/02/19;11:21:47.104;INFO;Controller;Status = Executing: Load;
08/02/19;11:21:47.104;INFO;Controller;State = Running;
08/02/19;11:21:48.435;INFO;Robot Runtime;executing:    Load;
08/02/19;11:21:55.222;INFO;Controller;Activity ExecRobotTask ended. Return value: Done False/True/False;
08/02/19;11:21:55.222;INFO;Controller;State = Ready;
08/02/19;11:21:55.242;INFO;Server;Command: ExecRobotTask (Mount,500000);
08/02/19;11:21:55.242;INFO;Controller;Executing asynchronous activity: ExecRobotTask;
08/02/19;11:21:55.242;INFO;Controller;Status = Executing: Mount;
08/02/19;11:21:55.242;INFO;Controller;State = Running;
08/02/19;11:21:56.179;INFO;Robot Runtime;executing:    Mount;
08/02/19;11:22:03.077;INFO;Controller;Activity ExecRobotTask ended. Return value: Done True/False/False;
08/02/19;11:22:03.077;INFO;Controller;State = Ready;
08/02/19;11:22:03.100;INFO;Server;Command: ExecRobotTask (Park,500000);
08/02/19;11:22:03.101;INFO;Controller;Executing asynchronous activity: ExecRobotTask;
08/02/19;11:22:03.101;INFO;Controller;Status = Executing: Park;
08/02/19;11:22:03.101;INFO;Controller;State = Running;
08/02/19;11:22:03.959;INFO;Robot Runtime;executing:    Park;
08/02/19;11:22:07.346;INFO;Controller;Activity ExecRobotTask ended. Return value: Done;
08/02/19;11:22:07.346;INFO;Controller;State = Ready;
08/02/19;11:22:07.373;INFO;Server;Command: ExecRobotTask (UnlatchRobGov,500000);
08/02/19;11:22:07.373;INFO;Controller;Executing asynchronous activity: ExecRobotTask;
08/02/19;11:22:07.373;INFO;Controller;Status = Executing: UnlatchRobGov;
08/02/19;11:22:07.373;INFO;Controller;State = Running;
08/02/19;11:22:08.727;INFO;Robot Runtime;executing:    UnlatchRobGov;
08/02/19;11:22:09.097;INFO;Controller;Activity ExecRobotTask ended. Return value: Done;
08/02/19;11:22:09.097;INFO;Controller;State = Ready;
08/02/19;11:34:13.193;INFO;Server;Command: ExecRobotTask (Unmount,500000);
08/02/19;11:34:13.193;INFO;Controller;Executing asynchronous activity: ExecRobotTask;
08/02/19;11:34:13.193;INFO;Controller;Status = Executing: Unmount;
08/02/19;11:34:13.193;INFO;Controller;State = Running;
08/02/19;11:34:14.134;INFO;Robot Runtime;executing:    Unmount;
08/02/19;11:34:24.313;INFO;Controller;Activity ExecRobotTask ended. Return value: Done False/True/False;
08/02/19;11:34:24.313;INFO;Controller;State = Ready;
08/02/19;11:34:24.333;INFO;Server;Command: ExecRobotTask (Unload,500000);
08/02/19;11:34:24.333;INFO;Controller;Executing asynchronous activity: ExecRobotTask;
08/02/19;11:34:24.333;INFO;Controller;Status = Executing: Unload;
08/02/19;11:34:24.333;INFO;Controller;State = Running;
08/02/19;11:34:25.184;INFO;Robot Runtime;executing:    Unload;
08/02/19;11:34:29.629;INFO;Controller;Activity ExecRobotTask ended. Return value: Done False/False/False;
08/02/19;11:34:29.629;INFO;Controller;State = Ready;
08/02/19;11:34:30.054;INFO;Server;Command: ExecRobotTask (Load,500000);
08/02/19;11:34:30.055;INFO;Controller;Executing asynchronous activity: ExecRobotTask;
08/02/19;11:34:30.055;INFO;Controller;Status = Executing: Load;
08/02/19;11:34:30.055;INFO;Controller;State = Running;
08/02/19;11:34:31.411;INFO;Robot Runtime;executing:    Load;
08/02/19;11:34:38.256;INFO;Controller;Activity ExecRobotTask ended. Return value: Done False/True/False;
08/02/19;11:34:38.256;INFO;Controller;State = Ready;
08/02/19;11:34:38.283;INFO;Server;Command: ExecRobotTask (Mount,500000);
08/02/19;11:34:38.283;INFO;Controller;Executing asynchronous activity: ExecRobotTask;
08/02/19;11:34:38.283;INFO;Controller;Status = Executing: Mount;
08/02/19;11:34:38.283;INFO;Controller;State = Running;
08/02/19;11:34:39.219;INFO;Robot Runtime;executing:    Mount;
08/02/19;11:34:46.351;INFO;Controller;Activity ExecRobotTask ended. Return value: Done True/False/False;
08/02/19;11:34:46.351;INFO;Controller;State = Ready;
08/02/19;11:34:46.379;INFO;Server;Command: ExecRobotTask (Park,500000);
08/02/19;11:34:46.380;INFO;Controller;Executing asynchronous activity: ExecRobotTask;
08/02/19;11:34:46.380;INFO;Controller;Status = Executing: Park;
08/02/19;11:34:46.380;INFO;Controller;State = Running;
08/02/19;11:34:47.224;INFO;Robot Runtime;executing:    Park;
08/02/19;11:34:50.630;INFO;Controller;Activity ExecRobotTask ended. Return value: Done;
08/02/19;11:34:50.630;INFO;Controller;State = Ready;
08/02/19;11:34:50.653;INFO;Server;Command: ExecRobotTask (UnlatchRobGov,500000);
08/02/19;11:34:50.653;INFO;Controller;Executing asynchronous activity: ExecRobotTask;
08/02/19;11:34:50.653;INFO;Controller;Status = Executing: UnlatchRobGov;
08/02/19;11:34:50.653;INFO;Controller;State = Running;
08/02/19;11:34:52.001;INFO;Robot Runtime;executing:    UnlatchRobGov;
08/02/19;11:34:52.387;INFO;Controller;Activity ExecRobotTask ended. Return value: Done;
08/02/19;11:34:52.387;INFO;Controller;State = Ready;
08/02/19;11:40:02.791;INFO;Server;Command: ExecRobotTask (Unmount,500000);
08/02/19;11:40:02.792;INFO;Controller;Executing asynchronous activity: ExecRobotTask;
08/02/19;11:40:02.792;INFO;Controller;Status = Executing: Unmount;
08/02/19;11:40:02.792;INFO;Controller;State = Running;
08/02/19;11:40:03.738;INFO;Robot Runtime;executing:    Unmount;
08/02/19;11:40:13.983;INFO;Controller;Activity ExecRobotTask ended. Return value: Done False/True/False;
08/02/19;11:40:13.984;INFO;Controller;State = Ready;
08/02/19;11:40:14.006;INFO;Server;Command: ExecRobotTask (Unload,500000);
08/02/19;11:40:14.006;INFO;Controller;Executing asynchronous activity: ExecRobotTask;
08/02/19;11:40:14.006;INFO;Controller;Status = Executing: Unload;
08/02/19;11:40:14.006;INFO;Controller;State = Running;
08/02/19;11:40:14.850;INFO;Robot Runtime;executing:    Unload;
08/02/19;11:40:19.138;INFO;Controller;Activity ExecRobotTask ended. Return value: Done True/False/False;
08/02/19;11:40:19.138;INFO;Controller;State = Ready;
08/02/19;11:40:19.403;INFO;Server;Command: ExecRobotTask (Initialize,500000);
08/02/19;11:40:19.403;INFO;Controller;Executing asynchronous activity: ExecRobotTask;
08/02/19;11:40:19.403;INFO;Controller;Status = Executing: Initialize;
08/02/19;11:40:19.403;INFO;Controller;State = Running;
08/02/19;11:40:20.743;INFO;Robot Runtime;executing:    Initialize;
08/02/19;11:40:21.292;INFO;Controller;Activity ExecRobotTask ended. Return value: Done;
08/02/19;11:40:21.292;INFO;Controller;State = Ready;
08/02/19;11:40:21.322;INFO;Server;Command: ExecRobotTask (Park,500000);
08/02/19;11:40:21.322;INFO;Controller;Executing asynchronous activity: ExecRobotTask;
08/02/19;11:40:21.322;INFO;Controller;Status = Executing: Park;
08/02/19;11:40:21.322;INFO;Controller;State = Running;
08/02/19;11:40:22.232;INFO;Robot Runtime;executing:    Park;
08/02/19;11:40:25.395;INFO;Controller;Activity ExecRobotTask ended. Return value: Done;
08/02/19;11:40:25.395;INFO;Controller;State = Ready;
08/02/19;11:40:33.504;INFO;Server;Command: ExecRobotTask (Load,500000);
08/02/19;11:40:33.505;INFO;Controller;Executing asynchronous activity: ExecRobotTask;
08/02/19;11:40:33.505;INFO;Controller;Status = Executing: Load;
08/02/19;11:40:33.505;INFO;Controller;State = Running;
08/02/19;11:40:34.842;INFO;Robot Runtime;executing:    Load;
08/02/19;11:40:44.057;INFO;Controller;Activity ExecRobotTask ended. Return value: Done False/True/False;
08/02/19;11:40:44.057;INFO;Controller;State = Ready;
08/02/19;11:40:44.089;INFO;Server;Command: ExecRobotTask (Mount,500000);
08/02/19;11:40:44.089;INFO;Controller;Executing asynchronous activity: ExecRobotTask;
08/02/19;11:40:44.089;INFO;Controller;Status = Executing: Mount;
08/02/19;11:40:44.089;INFO;Controller;State = Running;
08/02/19;11:40:45.022;INFO;Robot Runtime;executing:    Mount;
08/02/19;11:40:53.134;INFO;Controller;Activity ExecRobotTask ended. Return value: Done True/False/False;
08/02/19;11:40:53.134;INFO;Controller;State = Ready;
08/02/19;11:40:53.163;INFO;Server;Command: ExecRobotTask (Park,500000);
08/02/19;11:40:53.163;INFO;Controller;Executing asynchronous activity: ExecRobotTask;
08/02/19;11:40:53.163;INFO;Controller;Status = Executing: Park;
08/02/19;11:40:53.163;INFO;Controller;State = Running;
08/02/19;11:40:54.005;INFO;Robot Runtime;executing:    Park;
08/02/19;11:40:57.387;INFO;Controller;Activity ExecRobotTask ended. Return value: Done;
08/02/19;11:40:57.387;INFO;Controller;State = Ready;
08/02/19;11:40:57.419;INFO;Server;Command: ExecRobotTask (UnlatchRobGov,500000);
08/02/19;11:40:57.419;INFO;Controller;Executing asynchronous activity: ExecRobotTask;
08/02/19;11:40:57.419;INFO;Controller;Status = Executing: UnlatchRobGov;
08/02/19;11:40:57.419;INFO;Controller;State = Running;
08/02/19;11:40:58.766;INFO;Robot Runtime;executing:    UnlatchRobGov;
08/02/19;11:40:59.139;INFO;Controller;Activity ExecRobotTask ended. Return value: Done;
08/02/19;11:40:59.139;INFO;Controller;State = Ready;
08/02/19;11:51:37.763;INFO;Server;Command: ExecRobotTask (Unmount,500000);
08/02/19;11:51:37.763;INFO;Controller;Executing asynchronous activity: ExecRobotTask;
08/02/19;11:51:37.763;INFO;Controller;Status = Executing: Unmount;
08/02/19;11:51:37.763;INFO;Controller;State = Running;
08/02/19;11:51:38.674;INFO;Robot Runtime;executing:    Unmount;
08/02/19;11:51:51.062;INFO;Controller;Activity ExecRobotTask ended. Return value: Done False/True/False;
08/02/19;11:51:51.062;INFO;Controller;State = Ready;
08/02/19;11:51:51.091;INFO;Server;Command: ExecRobotTask (Unload,500000);
08/02/19;11:51:51.091;INFO;Controller;Executing asynchronous activity: ExecRobotTask;
08/02/19;11:51:51.091;INFO;Controller;Status = Executing: Unload;
08/02/19;11:51:51.091;INFO;Controller;State = Running;
08/02/19;11:51:51.937;INFO;Robot Runtime;executing:    Unload;
08/02/19;11:51:56.215;INFO;Controller;Activity ExecRobotTask ended. Return value: Done False/False/False;
08/02/19;11:51:56.216;INFO;Controller;State = Ready;
08/02/19;11:51:56.717;INFO;Server;Command: ExecRobotTask (Load,500000);
08/02/19;11:51:56.718;INFO;Controller;Executing asynchronous activity: ExecRobotTask;
08/02/19;11:51:56.718;INFO;Controller;Status = Executing: Load;
08/02/19;11:51:56.718;INFO;Controller;State = Running;
08/02/19;11:51:58.067;INFO;Robot Runtime;executing:    Load;
08/02/19;11:52:04.554;INFO;Controller;Activity ExecRobotTask ended. Return value: Done False/True/True;
08/02/19;11:52:04.554;INFO;Controller;State = Ready;
08/02/19;11:52:04.585;INFO;Server;Command: ExecRobotTask (Unload,500000);
08/02/19;11:52:04.585;INFO;Controller;Executing asynchronous activity: ExecRobotTask;
08/02/19;11:52:04.585;INFO;Controller;Status = Executing: Unload;
08/02/19;11:52:04.586;INFO;Controller;State = Running;
08/02/19;11:52:05.505;INFO;Robot Runtime;executing:    Unload;
08/02/19;11:52:10.032;INFO;Controller;Activity ExecRobotTask ended. Return value: Done False/False/False;
08/02/19;11:52:10.032;INFO;Controller;State = Ready;
08/02/19;11:52:10.059;INFO;Server;Command: ExecRobotTask (Park,500000);
08/02/19;11:52:10.059;INFO;Controller;Executing asynchronous activity: ExecRobotTask;
08/02/19;11:52:10.059;INFO;Controller;Status = Executing: Park;
08/02/19;11:52:10.059;INFO;Controller;State = Running;
08/02/19;11:52:10.898;INFO;Robot Runtime;executing:    Park;
08/02/19;11:52:14.125;INFO;Controller;Activity ExecRobotTask ended. Return value: Done;
08/02/19;11:52:14.125;INFO;Controller;State = Ready;
08/02/19;11:52:32.337;INFO;Server;Command: ExecRobotTask (Initialize,500000);
08/02/19;11:52:32.338;INFO;Controller;Executing asynchronous activity: ExecRobotTask;
08/02/19;11:52:32.338;INFO;Controller;Status = Executing: Initialize;
08/02/19;11:52:32.338;INFO;Controller;State = Running;
08/02/19;11:52:33.677;INFO;Robot Runtime;executing:    Initialize;
08/02/19;11:52:33.811;INFO;Controller;Activity ExecRobotTask ended. Return value: Done;
08/02/19;11:52:33.811;INFO;Controller;State = Ready;
08/02/19;11:52:33.839;INFO;Server;Command: ExecRobotTask (LatchRobGov,500000);
08/02/19;11:52:33.839;INFO;Controller;Executing asynchronous activity: ExecRobotTask;
08/02/19;11:52:33.839;INFO;Controller;Status = Executing: LatchRobGov;
08/02/19;11:52:33.839;INFO;Controller;State = Running;
08/02/19;11:52:35.269;INFO;Robot Runtime;executing:    LatchRobGov;
08/02/19;11:52:35.736;INFO;Controller;Activity ExecRobotTask ended. Return value: Done;
08/02/19;11:52:35.736;INFO;Controller;State = Ready;
08/02/19;11:52:35.767;INFO;Server;Command: ExecRobotTask (TraceSample,500000);
08/02/19;11:52:35.767;INFO;Controller;Executing asynchronous activity: ExecRobotTask;
08/02/19;11:52:35.767;INFO;Controller;Status = Executing: TraceSample;
08/02/19;11:52:35.767;INFO;Controller;State = Running;
08/02/19;11:52:36.633;INFO;Robot Runtime;executing:    TraceSample;
08/02/19;11:52:39.241;INFO;Controller;Activity ExecRobotTask ended. Return value: Done False/False/False;
08/02/19;11:52:39.241;INFO;Controller;State = Ready;
08/02/19;11:52:39.266;INFO;Server;Command: ExecRobotTask (CoolDown,500000);
08/02/19;11:52:39.266;INFO;Controller;Executing asynchronous activity: ExecRobotTask;
08/02/19;11:52:39.266;INFO;Controller;Status = Executing: CoolDown;
08/02/19;11:52:39.266;INFO;Controller;State = Running;
08/02/19;11:52:40.108;INFO;Robot Runtime;executing:    CoolDown;
08/02/19;11:52:40.269;INFO;Controller;Activity ExecRobotTask ended. Return value: Done;
08/02/19;11:52:40.269;INFO;Controller;State = Ready;
08/02/19;11:52:40.496;INFO;Server;Command: ExecRobotTask (Load,500000);
08/02/19;11:52:40.496;INFO;Controller;Executing asynchronous activity: ExecRobotTask;
08/02/19;11:52:40.496;INFO;Controller;Status = Executing: Load;
08/02/19;11:52:40.496;INFO;Controller;State = Running;
08/02/19;11:52:41.894;INFO;Robot Runtime;executing:    Load;
08/02/19;11:52:50.318;INFO;Controller;Activity ExecRobotTask ended. Return value: Done False/True/True;
08/02/19;11:52:50.318;INFO;Controller;State = Ready;
08/02/19;11:52:50.351;INFO;Server;Command: ExecRobotTask (Unload,500000);
08/02/19;11:52:50.351;INFO;Controller;Executing asynchronous activity: ExecRobotTask;
08/02/19;11:52:50.351;INFO;Controller;Status = Executing: Unload;
08/02/19;11:52:50.351;INFO;Controller;State = Running;
08/02/19;11:52:51.225;INFO;Robot Runtime;executing:    Unload;
08/02/19;11:52:55.467;INFO;Controller;Activity ExecRobotTask ended. Return value: Done False/False/False;
08/02/19;11:52:55.467;INFO;Controller;State = Ready;
08/02/19;11:52:55.495;INFO;Server;Command: ExecRobotTask (Park,500000);
08/02/19;11:52:55.495;INFO;Controller;Executing asynchronous activity: ExecRobotTask;
08/02/19;11:52:55.495;INFO;Controller;Status = Executing: Park;
08/02/19;11:52:55.495;INFO;Controller;State = Running;
08/02/19;11:52:56.333;INFO;Robot Runtime;executing:    Park;
08/02/19;11:52:59.891;INFO;Controller;Activity ExecRobotTask ended. Return value: Done;
08/02/19;11:52:59.891;INFO;Controller;State = Ready;
08/02/19;11:53:05.625;INFO;Server;Command: ExecRobotTask (Initialize,500000);
08/02/19;11:53:05.625;INFO;Controller;Executing asynchronous activity: ExecRobotTask;
08/02/19;11:53:05.625;INFO;Controller;Status = Executing: Initialize;
08/02/19;11:53:05.625;INFO;Controller;State = Running;
08/02/19;11:53:07.001;INFO;Robot Runtime;executing:    Initialize;
08/02/19;11:53:07.529;INFO;Controller;Activity ExecRobotTask ended. Return value: Done;
08/02/19;11:53:07.529;INFO;Controller;State = Ready;
08/02/19;11:53:07.564;INFO;Server;Command: ExecRobotTask (LatchRobGov,500000);
08/02/19;11:53:07.564;INFO;Controller;Executing asynchronous activity: ExecRobotTask;
08/02/19;11:53:07.564;INFO;Controller;Status = Executing: LatchRobGov;
08/02/19;11:53:07.564;INFO;Controller;State = Running;
08/02/19;11:53:08.977;INFO;Robot Runtime;executing:    LatchRobGov;
08/02/19;11:53:09.125;INFO;Controller;Activity ExecRobotTask ended. Return value: Done;
08/02/19;11:53:09.125;INFO;Controller;State = Ready;
08/02/19;11:53:09.158;INFO;Server;Command: ExecRobotTask (TraceSample,500000);
08/02/19;11:53:09.158;INFO;Controller;Executing asynchronous activity: ExecRobotTask;
08/02/19;11:53:09.158;INFO;Controller;Status = Executing: TraceSample;
08/02/19;11:53:09.158;INFO;Controller;State = Running;
08/02/19;11:53:10.025;INFO;Robot Runtime;executing:    TraceSample;
08/02/19;11:53:12.536;INFO;Controller;Activity ExecRobotTask ended. Return value: Done False/False/False;
08/02/19;11:53:12.536;INFO;Controller;State = Ready;
08/02/19;11:53:12.568;INFO;Server;Command: ExecRobotTask (CoolDown,500000);
08/02/19;11:53:12.568;INFO;Controller;Executing asynchronous activity: ExecRobotTask;
08/02/19;11:53:12.568;INFO;Controller;Status = Executing: CoolDown;
08/02/19;11:53:12.568;INFO;Controller;State = Running;
08/02/19;11:53:13.402;INFO;Robot Runtime;executing:    CoolDown;
08/02/19;11:53:13.566;INFO;Controller;Activity ExecRobotTask ended. Return value: Done;
08/02/19;11:53:13.566;INFO;Controller;State = Ready;
08/02/19;11:53:13.784;INFO;Server;Command: ExecRobotTask (Load,500000);
08/02/19;11:53:13.785;INFO;Controller;Executing asynchronous activity: ExecRobotTask;
08/02/19;11:53:13.785;INFO;Controller;Status = Executing: Load;
08/02/19;11:53:13.785;INFO;Controller;State = Running;
08/02/19;11:53:15.174;INFO;Robot Runtime;executing:    Load;
08/02/19;11:53:23.608;INFO;Controller;Activity ExecRobotTask ended. Return value: Done False/True/False;
08/02/19;11:53:23.609;INFO;Controller;State = Ready;
08/02/19;11:53:23.646;INFO;Server;Command: ExecRobotTask (Mount,500000);
08/02/19;11:53:23.646;INFO;Controller;Executing asynchronous activity: ExecRobotTask;
08/02/19;11:53:23.646;INFO;Controller;Status = Executing: Mount;
08/02/19;11:53:23.646;INFO;Controller;State = Running;
08/02/19;11:53:24.519;INFO;Robot Runtime;executing:    Mount;
08/02/19;11:53:31.937;INFO;Controller;Activity ExecRobotTask ended. Return value: Done True/False/False;
08/02/19;11:53:31.937;INFO;Controller;State = Ready;
08/02/19;11:53:31.973;INFO;Server;Command: ExecRobotTask (Park,500000);
08/02/19;11:53:31.973;INFO;Controller;Executing asynchronous activity: ExecRobotTask;
08/02/19;11:53:31.973;INFO;Controller;Status = Executing: Park;
08/02/19;11:53:31.973;INFO;Controller;State = Running;
08/02/19;11:53:32.822;INFO;Robot Runtime;executing:    Park;
08/02/19;11:53:36.452;INFO;Controller;Activity ExecRobotTask ended. Return value: Done;
08/02/19;11:53:36.452;INFO;Controller;State = Ready;
08/02/19;11:53:36.487;INFO;Server;Command: ExecRobotTask (UnlatchRobGov,500000);
08/02/19;11:53:36.488;INFO;Controller;Executing asynchronous activity: ExecRobotTask;
08/02/19;11:53:36.488;INFO;Controller;Status = Executing: UnlatchRobGov;
08/02/19;11:53:36.488;INFO;Controller;State = Running;
08/02/19;11:53:37.893;INFO;Robot Runtime;executing:    UnlatchRobGov;
08/02/19;11:53:38.049;INFO;Controller;Activity ExecRobotTask ended. Return value: Done;
08/02/19;11:53:38.049;INFO;Controller;State = Ready;
08/02/19;12:03:27.660;INFO;Server;Command: ExecRobotTask (Unmount,500000);
08/02/19;12:03:27.660;INFO;Controller;Executing asynchronous activity: ExecRobotTask;
08/02/19;12:03:27.660;INFO;Controller;Status = Executing: Unmount;
08/02/19;12:03:27.660;INFO;Controller;State = Running;
08/02/19;12:03:28.536;INFO;Robot Runtime;executing:    Unmount;
08/02/19;12:03:39.443;INFO;Controller;Activity ExecRobotTask ended. Return value: Done False/True/False;
08/02/19;12:03:39.444;INFO;Controller;State = Ready;
08/02/19;12:03:39.477;INFO;Server;Command: ExecRobotTask (Unload,500000);
08/02/19;12:03:39.478;INFO;Controller;Executing asynchronous activity: ExecRobotTask;
08/02/19;12:03:39.478;INFO;Controller;Status = Executing: Unload;
08/02/19;12:03:39.478;INFO;Controller;State = Running;
08/02/19;12:03:40.333;INFO;Robot Runtime;executing:    Unload;
08/02/19;12:03:44.598;INFO;Controller;Activity ExecRobotTask ended. Return value: Done False/False/False;
08/02/19;12:03:44.598;INFO;Controller;State = Ready;
08/02/19;12:03:45.042;INFO;Server;Command: ExecRobotTask (Load,500000);
08/02/19;12:03:45.042;INFO;Controller;Executing asynchronous activity: ExecRobotTask;
08/02/19;12:03:45.042;INFO;Controller;Status = Executing: Load;
08/02/19;12:03:45.042;INFO;Controller;State = Running;
08/02/19;12:03:46.452;INFO;Robot Runtime;executing:    Load;
08/02/19;12:03:52.950;INFO;Controller;Activity ExecRobotTask ended. Return value: Done False/True/False;
08/02/19;12:03:52.950;INFO;Controller;State = Ready;
08/02/19;12:03:52.987;INFO;Server;Command: ExecRobotTask (Mount,500000);
08/02/19;12:03:52.987;INFO;Controller;Executing asynchronous activity: ExecRobotTask;
08/02/19;12:03:52.987;INFO;Controller;Status = Executing: Mount;
08/02/19;12:03:52.987;INFO;Controller;State = Running;
08/02/19;12:03:53.863;INFO;Robot Runtime;executing:    Mount;
08/02/19;12:04:00.946;INFO;Controller;Activity ExecRobotTask ended. Return value: Done True/False/False;
08/02/19;12:04:00.946;INFO;Controller;State = Ready;
08/02/19;12:04:00.980;INFO;Server;Command: ExecRobotTask (Park,500000);
08/02/19;12:04:00.981;INFO;Controller;Executing asynchronous activity: ExecRobotTask;
08/02/19;12:04:00.981;INFO;Controller;Status = Executing: Park;
08/02/19;12:04:00.981;INFO;Controller;State = Running;
08/02/19;12:04:01.826;INFO;Robot Runtime;executing:    Park;
08/02/19;12:04:05.450;INFO;Controller;Activity ExecRobotTask ended. Return value: Done;
08/02/19;12:04:05.450;INFO;Controller;State = Ready;
08/02/19;12:04:05.487;INFO;Server;Command: ExecRobotTask (UnlatchRobGov,500000);
08/02/19;12:04:05.487;INFO;Controller;Executing asynchronous activity: ExecRobotTask;
08/02/19;12:04:05.487;INFO;Controller;Status = Executing: UnlatchRobGov;
08/02/19;12:04:05.487;INFO;Controller;State = Running;
08/02/19;12:04:06.910;INFO;Robot Runtime;executing:    UnlatchRobGov;
08/02/19;12:04:07.047;INFO;Controller;Activity ExecRobotTask ended. Return value: Done;
08/02/19;12:04:07.047;INFO;Controller;State = Ready;
08/02/19;12:13:16.030;INFO;Server;Command: ExecRobotTask (Unmount,500000);
08/02/19;12:13:16.030;INFO;Controller;Executing asynchronous activity: ExecRobotTask;
08/02/19;12:13:16.030;INFO;Controller;Status = Executing: Unmount;
08/02/19;12:13:16.030;INFO;Controller;State = Running;
08/02/19;12:13:16.935;INFO;Robot Runtime;executing:    Unmount;
08/02/19;12:13:29.405;INFO;Controller;Activity ExecRobotTask ended. Return value: Done False/True/False;
08/02/19;12:13:29.406;INFO;Controller;State = Ready;
08/02/19;12:13:29.445;INFO;Server;Command: ExecRobotTask (Unload,500000);
08/02/19;12:13:29.445;INFO;Controller;Executing asynchronous activity: ExecRobotTask;
08/02/19;12:13:29.445;INFO;Controller;Status = Executing: Unload;
08/02/19;12:13:29.445;INFO;Controller;State = Running;
08/02/19;12:13:30.286;INFO;Robot Runtime;executing:    Unload;
08/02/19;12:13:34.949;INFO;Controller;Activity ExecRobotTask ended. Return value: Done False/False/False;
08/02/19;12:13:34.949;INFO;Controller;State = Ready;
08/02/19;12:13:35.398;INFO;Server;Command: ExecRobotTask (Load,500000);
08/02/19;12:13:35.398;INFO;Controller;Executing asynchronous activity: ExecRobotTask;
08/02/19;12:13:35.398;INFO;Controller;Status = Executing: Load;
08/02/19;12:13:35.398;INFO;Controller;State = Running;
08/02/19;12:13:36.740;INFO;Robot Runtime;executing:    Load;
08/02/19;12:13:43.561;INFO;Controller;Activity ExecRobotTask ended. Return value: Done False/True/False;
08/02/19;12:13:43.561;INFO;Controller;State = Ready;
08/02/19;12:13:43.597;INFO;Server;Command: ExecRobotTask (Mount,500000);
08/02/19;12:13:43.597;INFO;Controller;Executing asynchronous activity: ExecRobotTask;
08/02/19;12:13:43.597;INFO;Controller;Status = Executing: Mount;
08/02/19;12:13:43.597;INFO;Controller;State = Running;
08/02/19;12:13:44.514;INFO;Robot Runtime;executing:    Mount;
08/02/19;12:13:52.640;INFO;Controller;Activity ExecRobotTask ended. Return value: Done True/False/False;
08/02/19;12:13:52.640;INFO;Controller;State = Ready;
08/02/19;12:13:52.677;INFO;Server;Command: ExecRobotTask (Park,500000);
08/02/19;12:13:52.677;INFO;Controller;Executing asynchronous activity: ExecRobotTask;
08/02/19;12:13:52.677;INFO;Controller;Status = Executing: Park;
08/02/19;12:13:52.677;INFO;Controller;State = Running;
08/02/19;12:13:53.516;INFO;Robot Runtime;executing:    Park;
08/02/19;12:13:56.912;INFO;Controller;Activity ExecRobotTask ended. Return value: Done;
08/02/19;12:13:56.912;INFO;Controller;State = Ready;
08/02/19;12:13:56.954;INFO;Server;Command: ExecRobotTask (UnlatchRobGov,500000);
08/02/19;12:13:56.954;INFO;Controller;Executing asynchronous activity: ExecRobotTask;
08/02/19;12:13:56.954;INFO;Controller;Status = Executing: UnlatchRobGov;
08/02/19;12:13:56.954;INFO;Controller;State = Running;
08/02/19;12:13:58.317;INFO;Robot Runtime;executing:    UnlatchRobGov;
08/02/19;12:13:58.666;INFO;Controller;Activity ExecRobotTask ended. Return value: Done;
08/02/19;12:13:58.666;INFO;Controller;State = Ready;
08/02/19;12:22:35.744;INFO;Server;Command: ExecRobotTask (Unmount,500000);
08/02/19;12:22:35.744;INFO;Controller;Executing asynchronous activity: ExecRobotTask;
08/02/19;12:22:35.744;INFO;Controller;Status = Executing: Unmount;
08/02/19;12:22:35.744;INFO;Controller;State = Running;
08/02/19;12:22:36.670;INFO;Robot Runtime;executing:    Unmount;
08/02/19;12:22:46.852;INFO;Controller;Activity ExecRobotTask ended. Return value: Done False/True/False;
08/02/19;12:22:46.852;INFO;Controller;State = Ready;
08/02/19;12:22:46.887;INFO;Server;Command: ExecRobotTask (Unload,500000);
08/02/19;12:22:46.887;INFO;Controller;Executing asynchronous activity: ExecRobotTask;
08/02/19;12:22:46.887;INFO;Controller;Status = Executing: Unload;
08/02/19;12:22:46.887;INFO;Controller;State = Running;
08/02/19;12:22:47.728;INFO;Robot Runtime;executing:    Unload;
08/02/19;12:22:51.987;INFO;Controller;Activity ExecRobotTask ended. Return value: Done False/False/False;
08/02/19;12:22:51.987;INFO;Controller;State = Ready;
08/02/19;12:22:52.477;INFO;Server;Command: ExecRobotTask (Load,500000);
08/02/19;12:22:52.477;INFO;Controller;Executing asynchronous activity: ExecRobotTask;
08/02/19;12:22:52.477;INFO;Controller;Status = Executing: Load;
08/02/19;12:22:52.477;INFO;Controller;State = Running;
08/02/19;12:22:53.830;INFO;Robot Runtime;executing:    Load;
08/02/19;12:23:00.494;INFO;Controller;Activity ExecRobotTask ended. Return value: Done False/True/False;
08/02/19;12:23:00.495;INFO;Controller;State = Ready;
08/02/19;12:23:00.530;INFO;Server;Command: ExecRobotTask (Mount,500000);
08/02/19;12:23:00.530;INFO;Controller;Executing asynchronous activity: ExecRobotTask;
08/02/19;12:23:00.530;INFO;Controller;Status = Executing: Mount;
08/02/19;12:23:00.530;INFO;Controller;State = Running;
08/02/19;12:23:01.438;INFO;Robot Runtime;executing:    Mount;
08/02/19;12:23:08.580;INFO;Controller;Activity ExecRobotTask ended. Return value: Done True/False/False;
08/02/19;12:23:08.580;INFO;Controller;State = Ready;
08/02/19;12:23:08.618;INFO;Server;Command: ExecRobotTask (Park,500000);
08/02/19;12:23:08.618;INFO;Controller;Executing asynchronous activity: ExecRobotTask;
08/02/19;12:23:08.618;INFO;Controller;Status = Executing: Park;
08/02/19;12:23:08.618;INFO;Controller;State = Running;
08/02/19;12:23:09.458;INFO;Robot Runtime;executing:    Park;
08/02/19;12:23:12.837;INFO;Controller;Activity ExecRobotTask ended. Return value: Done;
08/02/19;12:23:12.837;INFO;Controller;State = Ready;
08/02/19;12:23:12.875;INFO;Server;Command: ExecRobotTask (UnlatchRobGov,500000);
08/02/19;12:23:12.875;INFO;Controller;Executing asynchronous activity: ExecRobotTask;
08/02/19;12:23:12.875;INFO;Controller;Status = Executing: UnlatchRobGov;
08/02/19;12:23:12.875;INFO;Controller;State = Running;
08/02/19;12:23:14.247;INFO;Robot Runtime;executing:    UnlatchRobGov;
08/02/19;12:23:14.589;INFO;Controller;Activity ExecRobotTask ended. Return value: Done;
08/02/19;12:23:14.589;INFO;Controller;State = Ready;
08/02/19;12:25:58.123;INFO;Server;Command: ExecRobotTask (Unmount,500000);
08/02/19;12:25:58.124;INFO;Controller;Executing asynchronous activity: ExecRobotTask;
08/02/19;12:25:58.124;INFO;Controller;Status = Executing: Unmount;
08/02/19;12:25:58.124;INFO;Controller;State = Running;
08/02/19;12:25:59.042;INFO;Robot Runtime;executing:    Unmount;
08/02/19;12:26:09.186;INFO;Controller;Activity ExecRobotTask ended. Return value: Done False/True/False;
08/02/19;12:26:09.187;INFO;Controller;State = Ready;
08/02/19;12:26:09.222;INFO;Server;Command: ExecRobotTask (Unload,500000);
08/02/19;12:26:09.223;INFO;Controller;Executing asynchronous activity: ExecRobotTask;
08/02/19;12:26:09.223;INFO;Controller;Status = Executing: Unload;
08/02/19;12:26:09.223;INFO;Controller;State = Running;
08/02/19;12:26:10.074;INFO;Robot Runtime;executing:    Unload;
08/02/19;12:26:14.755;INFO;Controller;Activity ExecRobotTask ended. Return value: Done False/False/False;
08/02/19;12:26:14.755;INFO;Controller;State = Ready;
08/02/19;12:26:15.048;INFO;Server;Command: ExecRobotTask (Initialize,500000);
08/02/19;12:26:15.048;INFO;Controller;Executing asynchronous activity: ExecRobotTask;
08/02/19;12:26:15.048;INFO;Controller;Status = Executing: Initialize;
08/02/19;12:26:15.048;INFO;Controller;State = Running;
08/02/19;12:26:16.380;INFO;Robot Runtime;executing:    Initialize;
08/02/19;12:26:16.739;INFO;Controller;Activity ExecRobotTask ended. Return value: Done;
08/02/19;12:26:16.740;INFO;Controller;State = Ready;
08/02/19;12:26:16.781;INFO;Server;Command: ExecRobotTask (Park,500000);
08/02/19;12:26:16.782;INFO;Controller;Executing asynchronous activity: ExecRobotTask;
08/02/19;12:26:16.782;INFO;Controller;Status = Executing: Park;
08/02/19;12:26:16.782;INFO;Controller;State = Running;
08/02/19;12:26:17.666;INFO;Robot Runtime;executing:    Park;
08/02/19;12:26:20.850;INFO;Controller;Activity ExecRobotTask ended. Return value: Done;
08/02/19;12:26:20.851;INFO;Controller;State = Ready;
08/02/19;12:26:28.977;INFO;Server;Command: ExecRobotTask (Load,500000);
08/02/19;12:26:28.977;INFO;Controller;Executing asynchronous activity: ExecRobotTask;
08/02/19;12:26:28.978;INFO;Controller;Status = Executing: Load;
08/02/19;12:26:28.978;INFO;Controller;State = Running;
08/02/19;12:26:30.324;INFO;Robot Runtime;executing:    Load;
08/02/19;12:26:39.530;INFO;Controller;Activity ExecRobotTask ended. Return value: Done False/True/False;
08/02/19;12:26:39.530;INFO;Controller;State = Ready;
08/02/19;12:26:39.571;INFO;Server;Command: ExecRobotTask (Mount,500000);
08/02/19;12:26:39.572;INFO;Controller;Executing asynchronous activity: ExecRobotTask;
08/02/19;12:26:39.572;INFO;Controller;Status = Executing: Mount;
08/02/19;12:26:39.572;INFO;Controller;State = Running;
08/02/19;12:26:40.485;INFO;Robot Runtime;executing:    Mount;
08/02/19;12:26:47.876;INFO;Controller;Activity ExecRobotTask ended. Return value: Done True/False/False;
08/02/19;12:26:47.876;INFO;Controller;State = Ready;
08/02/19;12:26:47.921;INFO;Server;Command: ExecRobotTask (Park,500000);
08/02/19;12:26:47.921;INFO;Controller;Executing asynchronous activity: ExecRobotTask;
08/02/19;12:26:47.921;INFO;Controller;Status = Executing: Park;
08/02/19;12:26:47.921;INFO;Controller;State = Running;
08/02/19;12:26:48.763;INFO;Robot Runtime;executing:    Park;
08/02/19;12:26:52.381;INFO;Controller;Activity ExecRobotTask ended. Return value: Done;
08/02/19;12:26:52.381;INFO;Controller;State = Ready;
08/02/19;12:26:52.421;INFO;Server;Command: ExecRobotTask (UnlatchRobGov,500000);
08/02/19;12:26:52.421;INFO;Controller;Executing asynchronous activity: ExecRobotTask;
08/02/19;12:26:52.421;INFO;Controller;Status = Executing: UnlatchRobGov;
08/02/19;12:26:52.421;INFO;Controller;State = Running;
08/02/19;12:26:53.786;INFO;Robot Runtime;executing:    UnlatchRobGov;
08/02/19;12:26:54.130;INFO;Controller;Activity ExecRobotTask ended. Return value: Done;
08/02/19;12:26:54.130;INFO;Controller;State = Ready;
08/02/19;12:39:43.223;INFO;Server;Command: ExecRobotTask (Unmount,500000);
08/02/19;12:39:43.223;INFO;Controller;Executing asynchronous activity: ExecRobotTask;
08/02/19;12:39:43.223;INFO;Controller;Status = Executing: Unmount;
08/02/19;12:39:43.224;INFO;Controller;State = Running;
08/02/19;12:39:44.145;INFO;Robot Runtime;executing:    Unmount;
08/02/19;12:39:54.273;INFO;Controller;Activity ExecRobotTask ended. Return value: Done False/True/False;
08/02/19;12:39:54.273;INFO;Controller;State = Ready;
08/02/19;12:39:54.309;INFO;Server;Command: ExecRobotTask (Unload,500000);
08/02/19;12:39:54.309;INFO;Controller;Executing asynchronous activity: ExecRobotTask;
08/02/19;12:39:54.309;INFO;Controller;Status = Executing: Unload;
08/02/19;12:39:54.309;INFO;Controller;State = Running;
08/02/19;12:39:55.161;INFO;Robot Runtime;executing:    Unload;
08/02/19;12:39:59.422;INFO;Controller;Activity ExecRobotTask ended. Return value: Done False/False/False;
08/02/19;12:39:59.422;INFO;Controller;State = Ready;
08/02/19;12:39:59.888;INFO;Server;Command: ExecRobotTask (Load,500000);
08/02/19;12:39:59.888;INFO;Controller;Executing asynchronous activity: ExecRobotTask;
08/02/19;12:39:59.888;INFO;Controller;Status = Executing: Load;
08/02/19;12:39:59.888;INFO;Controller;State = Running;
08/02/19;12:40:01.251;INFO;Robot Runtime;executing:    Load;
08/02/19;12:40:07.936;INFO;Controller;Activity ExecRobotTask ended. Return value: Done False/True/True;
08/02/19;12:40:07.936;INFO;Controller;State = Ready;
08/02/19;12:40:07.977;INFO;Server;Command: ExecRobotTask (Unload,500000);
08/02/19;12:40:07.978;INFO;Controller;Executing asynchronous activity: ExecRobotTask;
08/02/19;12:40:07.978;INFO;Controller;Status = Executing: Unload;
08/02/19;12:40:07.978;INFO;Controller;State = Running;
08/02/19;12:40:08.900;INFO;Robot Runtime;executing:    Unload;
08/02/19;12:40:13.510;INFO;Controller;Activity ExecRobotTask ended. Return value: Done False/False/False;
08/02/19;12:40:13.510;INFO;Controller;State = Ready;
08/02/19;12:40:13.547;INFO;Server;Command: ExecRobotTask (Park,500000);
08/02/19;12:40:13.547;INFO;Controller;Executing asynchronous activity: ExecRobotTask;
08/02/19;12:40:13.547;INFO;Controller;Status = Executing: Park;
08/02/19;12:40:13.547;INFO;Controller;State = Running;
08/02/19;12:40:14.389;INFO;Robot Runtime;executing:    Park;
08/02/19;12:40:17.607;INFO;Controller;Activity ExecRobotTask ended. Return value: Done;
08/02/19;12:40:17.608;INFO;Controller;State = Ready;
08/02/19;12:40:24.336;INFO;Server;Command: ExecRobotTask (Initialize,500000);
08/02/19;12:40:24.336;INFO;Controller;Executing asynchronous activity: ExecRobotTask;
08/02/19;12:40:24.336;INFO;Controller;Status = Executing: Initialize;
08/02/19;12:40:24.336;INFO;Controller;State = Running;
08/02/19;12:40:25.669;INFO;Robot Runtime;executing:    Initialize;
08/02/19;12:40:26.132;INFO;Controller;Activity ExecRobotTask ended. Return value: Done;
08/02/19;12:40:26.132;INFO;Controller;State = Ready;
08/02/19;12:40:26.175;INFO;Server;Command: ExecRobotTask (LatchRobGov,500000);
08/02/19;12:40:26.175;INFO;Controller;Executing asynchronous activity: ExecRobotTask;
08/02/19;12:40:26.175;INFO;Controller;Status = Executing: LatchRobGov;
08/02/19;12:40:26.176;INFO;Controller;State = Running;
08/02/19;12:40:27.138;INFO;Robot Runtime;executing:    LatchRobGov;
08/02/19;12:40:27.591;INFO;Controller;Activity ExecRobotTask ended. Return value: Done;
08/02/19;12:40:27.591;INFO;Controller;State = Ready;
08/02/19;12:40:27.641;INFO;Server;Command: ExecRobotTask (TraceSample,500000);
08/02/19;12:40:27.642;INFO;Controller;Executing asynchronous activity: ExecRobotTask;
08/02/19;12:40:27.642;INFO;Controller;Status = Executing: TraceSample;
08/02/19;12:40:27.642;INFO;Controller;State = Running;
08/02/19;12:40:28.951;INFO;Robot Runtime;executing:    TraceSample;
08/02/19;12:40:31.222;INFO;Controller;Activity ExecRobotTask ended. Return value: Done False/False/False;
08/02/19;12:40:31.222;INFO;Controller;State = Ready;
08/02/19;12:40:31.266;INFO;Server;Command: ExecRobotTask (CoolDown,500000);
08/02/19;12:40:31.266;INFO;Controller;Executing asynchronous activity: ExecRobotTask;
08/02/19;12:40:31.266;INFO;Controller;Status = Executing: CoolDown;
08/02/19;12:40:31.266;INFO;Controller;State = Running;
08/02/19;12:40:32.106;INFO;Robot Runtime;executing:    CoolDown;
08/02/19;12:40:32.581;INFO;Controller;Activity ExecRobotTask ended. Return value: Done;
08/02/19;12:40:32.582;INFO;Controller;State = Ready;
08/02/19;12:40:32.824;INFO;Server;Command: ExecRobotTask (Load,500000);
08/02/19;12:40:32.824;INFO;Controller;Executing asynchronous activity: ExecRobotTask;
08/02/19;12:40:32.824;INFO;Controller;Status = Executing: Load;
08/02/19;12:40:32.824;INFO;Controller;State = Running;
08/02/19;12:40:34.211;INFO;Robot Runtime;executing:    Load;
08/02/19;12:40:42.455;INFO;Controller;Activity ExecRobotTask ended. Return value: Done False/True/False;
08/02/19;12:40:42.455;INFO;Controller;State = Ready;
08/02/19;12:40:42.495;INFO;Server;Command: ExecRobotTask (Mount,500000);
08/02/19;12:40:42.496;INFO;Controller;Executing asynchronous activity: ExecRobotTask;
08/02/19;12:40:42.496;INFO;Controller;Status = Executing: Mount;
08/02/19;12:40:42.496;INFO;Controller;State = Running;
08/02/19;12:40:43.368;INFO;Robot Runtime;executing:    Mount;
08/02/19;12:40:51.499;INFO;Controller;Activity ExecRobotTask ended. Return value: Done True/False/False;
08/02/19;12:40:51.499;INFO;Controller;State = Ready;
08/02/19;12:40:51.542;INFO;Server;Command: ExecRobotTask (Park,500000);
08/02/19;12:40:51.542;INFO;Controller;Executing asynchronous activity: ExecRobotTask;
08/02/19;12:40:51.542;INFO;Controller;Status = Executing: Park;
08/02/19;12:40:51.542;INFO;Controller;State = Running;
08/02/19;12:40:52.383;INFO;Robot Runtime;executing:    Park;
08/02/19;12:40:55.598;INFO;Controller;Activity ExecRobotTask ended. Return value: Done;
08/02/19;12:40:55.598;INFO;Controller;State = Ready;
08/02/19;12:40:55.644;INFO;Server;Command: ExecRobotTask (UnlatchRobGov,500000);
08/02/19;12:40:55.644;INFO;Controller;Executing asynchronous activity: ExecRobotTask;
08/02/19;12:40:55.644;INFO;Controller;Status = Executing: UnlatchRobGov;
08/02/19;12:40:55.644;INFO;Controller;State = Running;
08/02/19;12:40:57.058;INFO;Robot Runtime;executing:    UnlatchRobGov;
08/02/19;12:40:57.524;INFO;Controller;Activity ExecRobotTask ended. Return value: Done;
08/02/19;12:40:57.524;INFO;Controller;State = Ready;
08/02/19;12:48:28.499;INFO;Server;Command: ExecRobotTask (Unmount,500000);
08/02/19;12:48:28.499;INFO;Controller;Executing asynchronous activity: ExecRobotTask;
08/02/19;12:48:28.499;INFO;Controller;Status = Executing: Unmount;
08/02/19;12:48:28.499;INFO;Controller;State = Running;
08/02/19;12:48:29.415;INFO;Robot Runtime;executing:    Unmount;
08/02/19;12:48:38.067;INFO;Controller;Activity ExecRobotTask ended. Return value: Done False/True/False;
08/02/19;12:48:38.067;INFO;Controller;State = Ready;
08/02/19;12:48:38.111;INFO;Server;Command: ExecRobotTask (Unload,500000);
08/02/19;12:48:38.111;INFO;Controller;Executing asynchronous activity: ExecRobotTask;
08/02/19;12:48:38.111;INFO;Controller;Status = Executing: Unload;
08/02/19;12:48:38.111;INFO;Controller;State = Running;
08/02/19;12:48:38.973;INFO;Robot Runtime;executing:    Unload;
08/02/19;12:48:43.214;INFO;Controller;Activity ExecRobotTask ended. Return value: Done False/False/False;
08/02/19;12:48:43.214;INFO;Controller;State = Ready;
08/02/19;12:48:43.694;INFO;Server;Command: ExecRobotTask (Load,500000);
08/02/19;12:48:43.694;INFO;Controller;Executing asynchronous activity: ExecRobotTask;
08/02/19;12:48:43.694;INFO;Controller;Status = Executing: Load;
08/02/19;12:48:43.694;INFO;Controller;State = Running;
08/02/19;12:48:45.057;INFO;Robot Runtime;executing:    Load;
08/02/19;12:48:51.744;INFO;Controller;Activity ExecRobotTask ended. Return value: Done False/True/False;
08/02/19;12:48:51.744;INFO;Controller;State = Ready;
08/02/19;12:48:51.786;INFO;Server;Command: ExecRobotTask (Mount,500000);
08/02/19;12:48:51.787;INFO;Controller;Executing asynchronous activity: ExecRobotTask;
08/02/19;12:48:51.787;INFO;Controller;Status = Executing: Mount;
08/02/19;12:48:51.787;INFO;Controller;State = Running;
08/02/19;12:48:52.700;INFO;Robot Runtime;executing:    Mount;
08/02/19;12:49:00.792;INFO;Controller;Activity ExecRobotTask ended. Return value: Done True/False/False;
08/02/19;12:49:00.792;INFO;Controller;State = Ready;
08/02/19;12:49:00.837;INFO;Server;Command: ExecRobotTask (Park,500000);
08/02/19;12:49:00.838;INFO;Controller;Executing asynchronous activity: ExecRobotTask;
08/02/19;12:49:00.838;INFO;Controller;Status = Executing: Park;
08/02/19;12:49:00.838;INFO;Controller;State = Running;
08/02/19;12:49:01.680;INFO;Robot Runtime;executing:    Park;
08/02/19;12:49:05.050;INFO;Controller;Activity ExecRobotTask ended. Return value: Done;
08/02/19;12:49:05.050;INFO;Controller;State = Ready;
08/02/19;12:49:05.094;INFO;Server;Command: ExecRobotTask (UnlatchRobGov,500000);
08/02/19;12:49:05.094;INFO;Controller;Executing asynchronous activity: ExecRobotTask;
08/02/19;12:49:05.094;INFO;Controller;Status = Executing: UnlatchRobGov;
08/02/19;12:49:05.094;INFO;Controller;State = Running;
08/02/19;12:49:06.464;INFO;Robot Runtime;executing:    UnlatchRobGov;
08/02/19;12:49:06.807;INFO;Controller;Activity ExecRobotTask ended. Return value: Done;
08/02/19;12:49:06.807;INFO;Controller;State = Ready;
08/02/19;12:56:51.568;INFO;Server;Command: ExecRobotTask (Unmount,500000);
08/02/19;12:56:51.568;INFO;Controller;Executing asynchronous activity: ExecRobotTask;
08/02/19;12:56:51.568;INFO;Controller;Status = Executing: Unmount;
08/02/19;12:56:51.569;INFO;Controller;State = Running;
08/02/19;12:56:52.515;INFO;Robot Runtime;executing:    Unmount;
08/02/19;12:57:05.021;INFO;Controller;Activity ExecRobotTask ended. Return value: Done False/True/False;
08/02/19;12:57:05.022;INFO;Controller;State = Ready;
08/02/19;12:57:05.064;INFO;Server;Command: ExecRobotTask (Unload,500000);
08/02/19;12:57:05.064;INFO;Controller;Executing asynchronous activity: ExecRobotTask;
08/02/19;12:57:05.064;INFO;Controller;Status = Executing: Unload;
08/02/19;12:57:05.064;INFO;Controller;State = Running;
08/02/19;12:57:05.907;INFO;Robot Runtime;executing:    Unload;
08/02/19;12:57:10.328;INFO;Controller;Activity ExecRobotTask ended. Return value: Done False/False/False;
08/02/19;12:57:10.328;INFO;Controller;State = Ready;
08/02/19;12:57:10.823;INFO;Server;Command: ExecRobotTask (Load,500000);
08/02/19;12:57:10.823;INFO;Controller;Executing asynchronous activity: ExecRobotTask;
08/02/19;12:57:10.823;INFO;Controller;Status = Executing: Load;
08/02/19;12:57:10.823;INFO;Controller;State = Running;
08/02/19;12:57:12.173;INFO;Robot Runtime;executing:    Load;
08/02/19;12:57:18.906;INFO;Controller;Activity ExecRobotTask ended. Return value: Done False/True/False;
08/02/19;12:57:18.907;INFO;Controller;State = Ready;
08/02/19;12:57:18.955;INFO;Server;Command: ExecRobotTask (Mount,500000);
08/02/19;12:57:18.955;INFO;Controller;Executing asynchronous activity: ExecRobotTask;
08/02/19;12:57:18.955;INFO;Controller;Status = Executing: Mount;
08/02/19;12:57:18.955;INFO;Controller;State = Running;
08/02/19;12:57:19.874;INFO;Robot Runtime;executing:    Mount;
08/02/19;12:57:26.753;INFO;Controller;Activity ExecRobotTask ended. Return value: Done True/False/False;
08/02/19;12:57:26.753;INFO;Controller;State = Ready;
08/02/19;12:57:26.796;INFO;Server;Command: ExecRobotTask (Park,500000);
08/02/19;12:57:26.796;INFO;Controller;Executing asynchronous activity: ExecRobotTask;
08/02/19;12:57:26.796;INFO;Controller;Status = Executing: Park;
08/02/19;12:57:26.796;INFO;Controller;State = Running;
08/02/19;12:57:27.636;INFO;Robot Runtime;executing:    Park;
08/02/19;12:57:30.844;INFO;Controller;Activity ExecRobotTask ended. Return value: Done;
08/02/19;12:57:30.844;INFO;Controller;State = Ready;
08/02/19;12:57:30.894;INFO;Server;Command: ExecRobotTask (UnlatchRobGov,500000);
08/02/19;12:57:30.894;INFO;Controller;Executing asynchronous activity: ExecRobotTask;
08/02/19;12:57:30.894;INFO;Controller;Status = Executing: UnlatchRobGov;
08/02/19;12:57:30.894;INFO;Controller;State = Running;
08/02/19;12:57:32.269;INFO;Robot Runtime;executing:    UnlatchRobGov;
08/02/19;12:57:32.767;INFO;Controller;Activity ExecRobotTask ended. Return value: Done;
08/02/19;12:57:32.767;INFO;Controller;State = Ready;
08/02/19;13:04:19.470;INFO;Server;Command: ExecRobotTask (Unmount,500000);
08/02/19;13:04:19.471;INFO;Controller;Executing asynchronous activity: ExecRobotTask;
08/02/19;13:04:19.471;INFO;Controller;Status = Executing: Unmount;
08/02/19;13:04:19.471;INFO;Controller;State = Running;
08/02/19;13:04:20.394;INFO;Robot Runtime;executing:    Unmount;
08/02/19;13:04:31.867;INFO;Controller;Activity ExecRobotTask ended. Return value: Done False/True/False;
08/02/19;13:04:31.867;INFO;Controller;State = Ready;
08/02/19;13:04:31.925;INFO;Server;Command: ExecRobotTask (Unload,500000);
08/02/19;13:04:31.925;INFO;Controller;Executing asynchronous activity: ExecRobotTask;
08/02/19;13:04:31.925;INFO;Controller;Status = Executing: Unload;
08/02/19;13:04:31.925;INFO;Controller;State = Running;
08/02/19;13:04:32.766;INFO;Robot Runtime;executing:    Unload;
08/02/19;13:04:37.401;INFO;Controller;Activity ExecRobotTask ended. Return value: Done False/False/False;
08/02/19;13:04:37.401;INFO;Controller;State = Ready;
08/02/19;13:04:37.855;INFO;Server;Command: ExecRobotTask (Load,500000);
08/02/19;13:04:37.855;INFO;Controller;Executing asynchronous activity: ExecRobotTask;
08/02/19;13:04:37.855;INFO;Controller;Status = Executing: Load;
08/02/19;13:04:37.855;INFO;Controller;State = Running;
08/02/19;13:04:39.205;INFO;Robot Runtime;executing:    Load;
08/02/19;13:04:45.985;INFO;Controller;Activity ExecRobotTask ended. Return value: Done False/True/False;
08/02/19;13:04:45.985;INFO;Controller;State = Ready;
08/02/19;13:04:46.040;INFO;Server;Command: ExecRobotTask (Mount,500000);
08/02/19;13:04:46.040;INFO;Controller;Executing asynchronous activity: ExecRobotTask;
08/02/19;13:04:46.040;INFO;Controller;Status = Executing: Mount;
08/02/19;13:04:46.040;INFO;Controller;State = Running;
08/02/19;13:04:46.956;INFO;Robot Runtime;executing:    Mount;
08/02/19;13:04:54.033;INFO;Controller;Activity ExecRobotTask ended. Return value: Done True/False/False;
08/02/19;13:04:54.034;INFO;Controller;State = Ready;
08/02/19;13:04:54.084;INFO;Server;Command: ExecRobotTask (Park,500000);
08/02/19;13:04:54.085;INFO;Controller;Executing asynchronous activity: ExecRobotTask;
08/02/19;13:04:54.085;INFO;Controller;Status = Executing: Park;
08/02/19;13:04:54.085;INFO;Controller;State = Running;
08/02/19;13:04:54.926;INFO;Robot Runtime;executing:    Park;
08/02/19;13:04:58.114;INFO;Controller;Activity ExecRobotTask ended. Return value: Done;
08/02/19;13:04:58.115;INFO;Controller;State = Ready;
08/02/19;13:04:58.162;INFO;Server;Command: ExecRobotTask (UnlatchRobGov,500000);
08/02/19;13:04:58.162;INFO;Controller;Executing asynchronous activity: ExecRobotTask;
08/02/19;13:04:58.162;INFO;Controller;Status = Executing: UnlatchRobGov;
08/02/19;13:04:58.162;INFO;Controller;State = Running;
08/02/19;13:04:59.525;INFO;Robot Runtime;executing:    UnlatchRobGov;
08/02/19;13:05:00.035;INFO;Controller;Activity ExecRobotTask ended. Return value: Done;
08/02/19;13:05:00.035;INFO;Controller;State = Ready;
08/02/19;13:13:51.298;INFO;Server;Command: ExecRobotTask (Unmount,500000);
08/02/19;13:13:51.299;INFO;Controller;Executing asynchronous activity: ExecRobotTask;
08/02/19;13:13:51.299;INFO;Controller;Status = Executing: Unmount;
08/02/19;13:13:51.299;INFO;Controller;State = Running;
08/02/19;13:13:52.218;INFO;Robot Runtime;executing:    Unmount;
08/02/19;13:14:01.890;INFO;Controller;Activity ExecRobotTask ended. Return value: Done False/True/False;
08/02/19;13:14:01.890;INFO;Controller;State = Ready;
08/02/19;13:14:01.935;INFO;Server;Command: ExecRobotTask (Unload,500000);
08/02/19;13:14:01.935;INFO;Controller;Executing asynchronous activity: ExecRobotTask;
08/02/19;13:14:01.935;INFO;Controller;Status = Executing: Unload;
08/02/19;13:14:01.935;INFO;Controller;State = Running;
08/02/19;13:14:02.805;INFO;Robot Runtime;executing:    Unload;
08/02/19;13:14:07.454;INFO;Controller;Activity ExecRobotTask ended. Return value: Done False/False/False;
08/02/19;13:14:07.454;INFO;Controller;State = Ready;
08/02/19;13:14:07.933;INFO;Server;Command: ExecRobotTask (Load,500000);
08/02/19;13:14:07.933;INFO;Controller;Executing asynchronous activity: ExecRobotTask;
08/02/19;13:14:07.933;INFO;Controller;Status = Executing: Load;
08/02/19;13:14:07.933;INFO;Controller;State = Running;
08/02/19;13:14:09.297;INFO;Robot Runtime;executing:    Load;
08/02/19;13:14:16.049;INFO;Controller;Activity ExecRobotTask ended. Return value: Done False/True/False;
08/02/19;13:14:16.049;INFO;Controller;State = Ready;
08/02/19;13:14:16.103;INFO;Server;Command: ExecRobotTask (Mount,500000);
08/02/19;13:14:16.103;INFO;Controller;Executing asynchronous activity: ExecRobotTask;
08/02/19;13:14:16.103;INFO;Controller;Status = Executing: Mount;
08/02/19;13:14:16.103;INFO;Controller;State = Running;
08/02/19;13:14:17.016;INFO;Robot Runtime;executing:    Mount;
08/02/19;13:14:24.384;INFO;Controller;Activity ExecRobotTask ended. Return value: Done True/False/False;
08/02/19;13:14:24.385;INFO;Controller;State = Ready;
08/02/19;13:14:24.435;INFO;Server;Command: ExecRobotTask (Park,500000);
08/02/19;13:14:24.435;INFO;Controller;Executing asynchronous activity: ExecRobotTask;
08/02/19;13:14:24.435;INFO;Controller;Status = Executing: Park;
08/02/19;13:14:24.435;INFO;Controller;State = Running;
08/02/19;13:14:25.279;INFO;Robot Runtime;executing:    Park;
08/02/19;13:14:28.888;INFO;Controller;Activity ExecRobotTask ended. Return value: Done;
08/02/19;13:14:28.888;INFO;Controller;State = Ready;
08/02/19;13:14:28.940;INFO;Server;Command: ExecRobotTask (UnlatchRobGov,500000);
08/02/19;13:14:28.940;INFO;Controller;Executing asynchronous activity: ExecRobotTask;
08/02/19;13:14:28.940;INFO;Controller;Status = Executing: UnlatchRobGov;
08/02/19;13:14:28.940;INFO;Controller;State = Running;
08/02/19;13:14:30.303;INFO;Robot Runtime;executing:    UnlatchRobGov;
08/02/19;13:14:30.475;INFO;Controller;Activity ExecRobotTask ended. Return value: Done;
08/02/19;13:14:30.475;INFO;Controller;State = Ready;
08/02/19;13:22:33.924;INFO;Server;Command: ExecRobotTask (Unmount,500000);
08/02/19;13:22:33.924;INFO;Controller;Executing asynchronous activity: ExecRobotTask;
08/02/19;13:22:33.924;INFO;Controller;Status = Executing: Unmount;
08/02/19;13:22:33.924;INFO;Controller;State = Running;
08/02/19;13:22:34.850;INFO;Robot Runtime;executing:    Unmount;
08/02/19;13:22:45.497;INFO;Controller;Activity ExecRobotTask ended. Return value: Done False/True/False;
08/02/19;13:22:45.497;INFO;Controller;State = Ready;
08/02/19;13:22:45.552;INFO;Server;Command: ExecRobotTask (Unload,500000);
08/02/19;13:22:45.553;INFO;Controller;Executing asynchronous activity: ExecRobotTask;
08/02/19;13:22:45.553;INFO;Controller;Status = Executing: Unload;
08/02/19;13:22:45.553;INFO;Controller;State = Running;
08/02/19;13:22:46.398;INFO;Robot Runtime;executing:    Unload;
08/02/19;13:22:50.973;INFO;Controller;Activity ExecRobotTask ended. Return value: Done False/False/False;
08/02/19;13:22:50.973;INFO;Controller;State = Ready;
08/02/19;13:22:51.465;INFO;Server;Command: ExecRobotTask (Load,500000);
08/02/19;13:22:51.465;INFO;Controller;Executing asynchronous activity: ExecRobotTask;
08/02/19;13:22:51.465;INFO;Controller;Status = Executing: Load;
08/02/19;13:22:51.465;INFO;Controller;State = Running;
08/02/19;13:22:52.811;INFO;Robot Runtime;executing:    Load;
08/02/19;13:22:59.579;INFO;Controller;Activity ExecRobotTask ended. Return value: Done False/True/False;
08/02/19;13:22:59.579;INFO;Controller;State = Ready;
08/02/19;13:22:59.630;INFO;Server;Command: ExecRobotTask (Mount,500000);
08/02/19;13:22:59.630;INFO;Controller;Executing asynchronous activity: ExecRobotTask;
08/02/19;13:22:59.630;INFO;Controller;Status = Executing: Mount;
08/02/19;13:22:59.630;INFO;Controller;State = Running;
08/02/19;13:23:00.549;INFO;Robot Runtime;executing:    Mount;
08/02/19;13:23:07.431;INFO;Controller;Activity ExecRobotTask ended. Return value: Done True/False/False;
08/02/19;13:23:07.431;INFO;Controller;State = Ready;
08/02/19;13:23:07.483;INFO;Server;Command: ExecRobotTask (Park,500000);
08/02/19;13:23:07.483;INFO;Controller;Executing asynchronous activity: ExecRobotTask;
08/02/19;13:23:07.483;INFO;Controller;Status = Executing: Park;
08/02/19;13:23:07.483;INFO;Controller;State = Running;
08/02/19;13:23:08.324;INFO;Robot Runtime;executing:    Park;
08/02/19;13:23:11.930;INFO;Controller;Activity ExecRobotTask ended. Return value: Done;
08/02/19;13:23:11.930;INFO;Controller;State = Ready;
08/02/19;13:23:11.983;INFO;Server;Command: ExecRobotTask (UnlatchRobGov,500000);
08/02/19;13:23:11.984;INFO;Controller;Executing asynchronous activity: ExecRobotTask;
08/02/19;13:23:11.984;INFO;Controller;Status = Executing: UnlatchRobGov;
08/02/19;13:23:11.984;INFO;Controller;State = Running;
08/02/19;13:23:13.360;INFO;Robot Runtime;executing:    UnlatchRobGov;
08/02/19;13:23:13.522;INFO;Controller;Activity ExecRobotTask ended. Return value: Done;
08/02/19;13:23:13.523;INFO;Controller;State = Ready;
08/02/19;13:28:31.371;INFO;Server;Command: ExecRobotTask (Unmount,500000);
08/02/19;13:28:31.371;INFO;Controller;Executing asynchronous activity: ExecRobotTask;
08/02/19;13:28:31.371;INFO;Controller;Status = Executing: Unmount;
08/02/19;13:28:31.371;INFO;Controller;State = Running;
08/02/19;13:28:32.314;INFO;Robot Runtime;executing:    Unmount;
08/02/19;13:28:42.381;INFO;Controller;Activity ExecRobotTask ended. Return value: Done False/True/False;
08/02/19;13:28:42.381;INFO;Controller;State = Ready;
08/02/19;13:28:42.436;INFO;Server;Command: ExecRobotTask (Unload,500000);
08/02/19;13:28:42.436;INFO;Controller;Executing asynchronous activity: ExecRobotTask;
08/02/19;13:28:42.436;INFO;Controller;Status = Executing: Unload;
08/02/19;13:28:42.436;INFO;Controller;State = Running;
08/02/19;13:28:43.284;INFO;Robot Runtime;executing:    Unload;
08/02/19;13:28:47.516;INFO;Controller;Activity ExecRobotTask ended. Return value: Done False/False/False;
08/02/19;13:28:47.516;INFO;Controller;State = Ready;
08/02/19;13:28:47.993;INFO;Server;Command: ExecRobotTask (Load,500000);
08/02/19;13:28:47.993;INFO;Controller;Executing asynchronous activity: ExecRobotTask;
08/02/19;13:28:47.994;INFO;Controller;Status = Executing: Load;
08/02/19;13:28:47.994;INFO;Controller;State = Running;
08/02/19;13:28:49.362;INFO;Robot Runtime;executing:    Load;
08/02/19;13:28:55.862;INFO;Controller;Activity ExecRobotTask ended. Return value: Done False/True/False;
08/02/19;13:28:55.862;INFO;Controller;State = Ready;
08/02/19;13:28:55.921;INFO;Server;Command: ExecRobotTask (Mount,500000);
08/02/19;13:28:55.921;INFO;Controller;Executing asynchronous activity: ExecRobotTask;
08/02/19;13:28:55.921;INFO;Controller;Status = Executing: Mount;
08/02/19;13:28:55.921;INFO;Controller;State = Running;
08/02/19;13:28:56.837;INFO;Robot Runtime;executing:    Mount;
08/02/19;13:29:04.114;INFO;Controller;Activity ExecRobotTask ended. Return value: Done True/False/False;
08/02/19;13:29:04.114;INFO;Controller;State = Ready;
08/02/19;13:29:04.170;INFO;Server;Command: ExecRobotTask (Park,500000);
08/02/19;13:29:04.170;INFO;Controller;Executing asynchronous activity: ExecRobotTask;
08/02/19;13:29:04.170;INFO;Controller;Status = Executing: Park;
08/02/19;13:29:04.170;INFO;Controller;State = Running;
08/02/19;13:29:05.015;INFO;Robot Runtime;executing:    Park;
08/02/19;13:29:08.627;INFO;Controller;Activity ExecRobotTask ended. Return value: Done;
08/02/19;13:29:08.627;INFO;Controller;State = Ready;
08/02/19;13:29:08.680;INFO;Server;Command: ExecRobotTask (UnlatchRobGov,500000);
08/02/19;13:29:08.680;INFO;Controller;Executing asynchronous activity: ExecRobotTask;
08/02/19;13:29:08.680;INFO;Controller;Status = Executing: UnlatchRobGov;
08/02/19;13:29:08.680;INFO;Controller;State = Running;
08/02/19;13:29:10.049;INFO;Robot Runtime;executing:    UnlatchRobGov;
08/02/19;13:29:10.221;INFO;Controller;Activity ExecRobotTask ended. Return value: Done;
08/02/19;13:29:10.221;INFO;Controller;State = Ready;
08/02/19;13:37:59.695;INFO;Server;Command: ExecRobotTask (Unmount,500000);
08/02/19;13:37:59.696;INFO;Controller;Executing asynchronous activity: ExecRobotTask;
08/02/19;13:37:59.696;INFO;Controller;Status = Executing: Unmount;
08/02/19;13:37:59.696;INFO;Controller;State = Running;
08/02/19;13:38:00.618;INFO;Robot Runtime;executing:    Unmount;
08/02/19;13:38:11.882;INFO;Controller;Activity ExecRobotTask ended. Return value: Done False/True/False;
08/02/19;13:38:11.882;INFO;Controller;State = Ready;
08/02/19;13:38:11.945;INFO;Server;Command: ExecRobotTask (Unload,500000);
08/02/19;13:38:11.945;INFO;Controller;Executing asynchronous activity: ExecRobotTask;
08/02/19;13:38:11.945;INFO;Controller;Status = Executing: Unload;
08/02/19;13:38:11.945;INFO;Controller;State = Running;
08/02/19;13:38:12.796;INFO;Robot Runtime;executing:    Unload;
08/02/19;13:38:17.446;INFO;Controller;Activity ExecRobotTask ended. Return value: Done False/False/False;
08/02/19;13:38:17.447;INFO;Controller;State = Ready;
08/02/19;13:38:17.895;INFO;Server;Command: ExecRobotTask (Load,500000);
08/02/19;13:38:17.895;INFO;Controller;Executing asynchronous activity: ExecRobotTask;
08/02/19;13:38:17.895;INFO;Controller;Status = Executing: Load;
08/02/19;13:38:17.895;INFO;Controller;State = Running;
08/02/19;13:38:19.247;INFO;Robot Runtime;executing:    Load;
08/02/19;13:38:26.041;INFO;Controller;Activity ExecRobotTask ended. Return value: Done False/True/False;
08/02/19;13:38:26.041;INFO;Controller;State = Ready;
08/02/19;13:38:26.099;INFO;Server;Command: ExecRobotTask (Mount,500000);
08/02/19;13:38:26.099;INFO;Controller;Executing asynchronous activity: ExecRobotTask;
08/02/19;13:38:26.099;INFO;Controller;Status = Executing: Mount;
08/02/19;13:38:26.100;INFO;Controller;State = Running;
08/02/19;13:38:27.010;INFO;Robot Runtime;executing:    Mount;
08/02/19;13:38:35.102;INFO;Controller;Activity ExecRobotTask ended. Return value: Done True/False/False;
08/02/19;13:38:35.102;INFO;Controller;State = Ready;
08/02/19;13:38:35.153;INFO;Server;Command: ExecRobotTask (Park,500000);
08/02/19;13:38:35.153;INFO;Controller;Executing asynchronous activity: ExecRobotTask;
08/02/19;13:38:35.153;INFO;Controller;Status = Executing: Park;
08/02/19;13:38:35.153;INFO;Controller;State = Running;
08/02/19;13:38:35.999;INFO;Robot Runtime;executing:    Park;
08/02/19;13:38:39.610;INFO;Controller;Activity ExecRobotTask ended. Return value: Done;
08/02/19;13:38:39.610;INFO;Controller;State = Ready;
08/02/19;13:38:39.662;INFO;Server;Command: ExecRobotTask (UnlatchRobGov,500000);
08/02/19;13:38:39.662;INFO;Controller;Executing asynchronous activity: ExecRobotTask;
08/02/19;13:38:39.662;INFO;Controller;Status = Executing: UnlatchRobGov;
08/02/19;13:38:39.662;INFO;Controller;State = Running;
08/02/19;13:38:41.031;INFO;Robot Runtime;executing:    UnlatchRobGov;
08/02/19;13:38:41.203;INFO;Controller;Activity ExecRobotTask ended. Return value: Done;
08/02/19;13:38:41.203;INFO;Controller;State = Ready;
08/02/19;14:10:10.595;INFO;Server;Command: ExecRobotTask (Unmount,500000);
08/02/19;14:10:10.596;INFO;Controller;Executing asynchronous activity: ExecRobotTask;
08/02/19;14:10:10.596;INFO;Controller;Status = Executing: Unmount;
08/02/19;14:10:10.596;INFO;Controller;State = Running;
08/02/19;14:10:11.522;INFO;Robot Runtime;executing:    Unmount;
08/02/19;14:10:22.304;INFO;Controller;Activity ExecRobotTask ended. Return value: Done False/True/False;
08/02/19;14:10:22.304;INFO;Controller;State = Ready;
08/02/19;14:10:22.359;INFO;Server;Command: ExecRobotTask (Unload,500000);
08/02/19;14:10:22.359;INFO;Controller;Executing asynchronous activity: ExecRobotTask;
08/02/19;14:10:22.359;INFO;Controller;Status = Executing: Unload;
08/02/19;14:10:22.359;INFO;Controller;State = Running;
08/02/19;14:10:23.233;INFO;Robot Runtime;executing:    Unload;
08/02/19;14:10:27.857;INFO;Controller;Activity ExecRobotTask ended. Return value: Done False/False/False;
08/02/19;14:10:27.857;INFO;Controller;State = Ready;
08/02/19;14:10:28.001;INFO;Server;Command: ExecRobotTask (UnlatchRobGov,500000);
08/02/19;14:10:28.001;INFO;Controller;Executing asynchronous activity: ExecRobotTask;
08/02/19;14:10:28.001;INFO;Controller;Status = Executing: UnlatchRobGov;
08/02/19;14:10:28.001;INFO;Controller;State = Running;
08/02/19;14:10:28.842;INFO;Robot Runtime;executing:    UnlatchRobGov;
08/02/19;14:10:29.295;INFO;Controller;Activity ExecRobotTask ended. Return value: Done;
08/02/19;14:10:29.296;INFO;Controller;State = Ready;
08/02/19;14:10:29.356;INFO;Server;Command: ExecRobotTask (Finish,500000);
08/02/19;14:10:29.356;INFO;Controller;Executing asynchronous activity: ExecRobotTask;
08/02/19;14:10:29.356;INFO;Controller;Status = Executing: Finish;
08/02/19;14:10:29.356;INFO;Controller;State = Running;
08/02/19;14:10:30.716;INFO;Robot Runtime;executing:    Finish;
08/02/19;14:13:13.629;INFO;Controller;Activity ExecRobotTask ended. Return value: Done;
08/02/19;14:13:13.629;INFO;Controller;State = Ready;
08/02/19;14:47:59.061;WARNING;Robot;Alarm active: Device is offline;
08/02/19;14:47:59.062;INFO;Controller;State = Communication Error;
08/02/19;14:48:00.161;INFO;Robot;Alarm inactive: Device is offline;
08/02/19;14:48:00.161;WARNING;Controller;Communication resumed, trying updating devices;
08/02/19;14:48:00.162;INFO;Controller;Finished device updating;
08/02/19;14:48:00.162;INFO;Controller;State = Ready;
08/02/19;18:55:02.061;WARNING;Robot;Alarm active: Device is offline;
08/02/19;18:55:02.061;INFO;Controller;State = Communication Error;
08/02/19;18:55:09.166;INFO;Robot;Alarm inactive: Device is offline;
08/02/19;18:55:09.166;WARNING;Controller;Communication resumed, trying updating devices;
08/02/19;18:55:09.166;INFO;Controller;Finished device updating;
08/02/19;18:55:09.166;INFO;Controller;State = Ready;
