18/03/19;12:39:47.170;INFO;Server;Command: ExecRobotTask (TurnOnAutoFill,500000);
18/03/19;12:39:47.171;INFO;Controller;Executing asynchronous activity: ExecRobotTask;
18/03/19;12:39:47.171;INFO;Controller;Status = Executing: TurnOnAutoFill;
18/03/19;12:39:47.171;INFO;Controller;State = Running;
18/03/19;12:39:48.093;INFO;Robot Runtime;executing:    TurnOnAutoFill;
18/03/19;12:39:48.751;INFO;Controller;Activity ExecRobotTask ended. Return value: Done;
18/03/19;12:39:48.752;INFO;Controller;State = Ready;
18/03/19;12:40:24.899;INFO;Server;Command: ExecRobotTask (TurnOnAutoFill,500000);
18/03/19;12:40:24.899;INFO;Controller;Executing asynchronous activity: ExecRobotTask;
18/03/19;12:40:24.899;INFO;Controller;Status = Executing: TurnOnAutoFill;
18/03/19;12:40:24.900;INFO;Controller;State = Running;
18/03/19;12:40:25.739;INFO;Robot Runtime;executing:    TurnOnAutoFill;
18/03/19;12:40:25.974;INFO;Controller;Activity ExecRobotTask ended. Return value: Done;
18/03/19;12:40:25.974;INFO;Controller;State = Ready;
18/03/19;12:41:28.047;INFO;Server;Command: ExecRobotTask (TurnOnAutoFill,500000);
18/03/19;12:41:28.047;INFO;Controller;Executing asynchronous activity: ExecRobotTask;
18/03/19;12:41:28.047;INFO;Controller;Status = Executing: TurnOnAutoFill;
18/03/19;12:41:28.047;INFO;Controller;State = Running;
18/03/19;12:41:28.887;INFO;Robot Runtime;executing:    TurnOnAutoFill;
18/03/19;12:41:29.051;INFO;Controller;Activity ExecRobotTask ended. Return value: Done;
18/03/19;12:41:29.051;INFO;Controller;State = Ready;
18/03/19;12:47:43.119;WARNING;Robot;Alarm active: Device is offline;
18/03/19;12:47:43.119;INFO;Controller;State = Communication Error;
18/03/19;12:47:46.224;INFO;Robot;Alarm inactive: Device is offline;
18/03/19;12:47:46.224;WARNING;Controller;Communication resumed, trying updating devices;
18/03/19;12:47:46.225;INFO;Controller;Finished device updating;
18/03/19;12:47:46.225;INFO;Controller;State = Ready;
18/03/19;14:03:34.643;INFO;Server;Command: ExecRobotTask (EnableTScreen,500000);
18/03/19;14:03:34.643;INFO;Controller;Executing asynchronous activity: ExecRobotTask;
18/03/19;14:03:34.643;INFO;Controller;Status = Executing: EnableTScreen;
18/03/19;14:03:34.643;INFO;Controller;State = Running;
18/03/19;14:03:35.989;INFO;Robot Runtime;executing:    EnableTScreen;
18/03/19;14:03:36.209;INFO;Controller;Activity ExecRobotTask ended. Return value: Done;
18/03/19;14:03:36.209;INFO;Controller;State = Ready;
