12/09/19;17:09:16.735;INFO;Server;Command: ExecRobotTask (Initialize,500000);
12/09/19;17:09:16.735;INFO;Controller;Executing asynchronous activity: ExecRobotTask;
12/09/19;17:09:16.736;INFO;Controller;Status = Executing: Initialize;
12/09/19;17:09:16.736;INFO;Controller;State = Running;
12/09/19;17:09:17.696;INFO;Robot Runtime;executing:    Initialize;
12/09/19;17:09:18.741;INFO;Robot Runtime;Failed to turn on robot power;
12/09/19;17:09:18.967;INFO;Controller;Activity ExecRobotTask ended. Return value: ABORT: Failed to turn on robot power;
12/09/19;17:09:18.968;INFO;Controller;State = Ready;
12/09/19;17:53:44.518;INFO;Server;Command: ExecRobotTask (EnableTScreen,500000);
12/09/19;17:53:44.518;INFO;Controller;Executing asynchronous activity: ExecRobotTask;
12/09/19;17:53:44.518;INFO;Controller;Status = Executing: EnableTScreen;
12/09/19;17:53:44.518;INFO;Controller;State = Running;
12/09/19;17:53:45.753;INFO;Robot Runtime;executing:    EnableTScreen;
12/09/19;17:53:45.911;INFO;Controller;Activity ExecRobotTask ended. Return value: Done;
12/09/19;17:53:45.911;INFO;Controller;State = Ready;
12/09/19;18:00:18.770;INFO;Server;Command: Abort;
12/09/19;18:00:18.770;INFO;Robot;Abort;
12/09/19;18:00:18.870;INFO;Server;Command: Restart;
12/09/19;18:00:18.870;INFO;Controller;State = Initializing;
12/09/19;18:00:18.895;INFO;Controller;Initialized log services - Startup: 10/09/19 13:24:59;
12/09/19;18:00:19.901;INFO;Epics Server;Exiting running thread;
12/09/19;18:00:19.904;INFO;Epics Server;Registered PV: SW:Version;
12/09/19;18:00:19.904;INFO;Epics Server;Registered PV: SW:Status;
12/09/19;18:00:19.905;INFO;Epics Server;Registered PV: SW:Uptime;
12/09/19;18:00:19.905;INFO;Epics Server;Registered PV: SW:LastTaskInfo;
12/09/19;18:00:19.905;INFO;Epics Server;Registered PV: SW:AlarmList;
12/09/19;18:00:19.905;INFO;Epics Server;Registered PV: SW:LocalGuiLockOut;
12/09/19;18:00:19.905;INFO;Epics Server;Registered PV: SW:RobotSpeed;
12/09/19;18:00:19.905;INFO;Epics Server;Registered PV: SW:LastTaskException;
12/09/19;18:00:19.905;INFO;Epics Server;Registered PV: SW:LastTaskOutput;
12/09/19;18:00:19.905;INFO;Epics Server;Registered PV: SW:RobotState;
12/09/19;18:00:19.905;INFO;Epics Server;Registered PV: SW:CartesianPositions;
12/09/19;18:00:19.905;INFO;Epics Server;Registered PV: SW:JointPositions;
12/09/19;18:00:19.905;INFO;Epics Server;Registered PV: SW:State;
12/09/19;18:00:19.905;INFO;Epics Server;Registered PV: SW:abort;
12/09/19;18:00:19.905;INFO;Epics Server;Registered PV: SW:restart;
12/09/19;18:00:19.906;INFO;Epics Server;Registered PV: SW:getTaskInfo;
12/09/19;18:00:19.906;INFO;Epics Server;Registered PV: SW:isTaskRunning;
12/09/19;18:00:19.906;INFO;Epics Server;Registered PV: SW:checkTaskResult;
12/09/19;18:00:19.906;INFO;Epics Server;Registered PV: SW:startTestTask;
12/09/19;18:00:19.906;INFO;Epics Server;Registered PV: SW:pauseRobot;
12/09/19;18:00:19.906;INFO;Epics Server;Registered PV: SW:resumeRobot;
12/09/19;18:00:19.906;INFO;Epics Server;Registered PV: SW:setRobotVariable;
12/09/19;18:00:19.906;INFO;Epics Server;Registered PV: SW:isSampleMounted;
12/09/19;18:00:19.906;INFO;Epics Server;Registered PV: SW:startRobotTask;
12/09/19;18:00:19.906;INFO;Epics Server;Registered PV: SW:getRobotVariable;
12/09/19;18:00:19.906;INFO;Epics Server;Registered PV: SW:getDistance;
12/09/19;18:00:19.906;INFO;Epics Server;Initializing: Channel Access Server in Java v1.1.1;
12/09/19;18:00:19.907;INFO;Epics Server;Started server: ready to accept requests;
12/09/19;18:00:20.537;INFO;Controller;Initializing Robot;
12/09/19;18:00:20.542;INFO;Robot;Setting reference frame to: world;
12/09/19;18:00:20.670;INFO;Controller;Initializing Bus Controller;
12/09/19;18:00:20.670;INFO;Anti-Collision;Active = true;
12/09/19;18:00:20.670;INFO;Controller;State = Starting;
12/09/19;18:00:20.671;INFO;Controller;Command: Reset;
12/09/19;18:00:20.671;INFO;Controller;Executing asynchronous script: ./script/Reset.py;
12/09/19;18:00:20.671;INFO;Controller;Status = Reseting;
12/09/19;18:00:20.671;INFO;Controller;State = Running;
12/09/19;18:00:20.840;INFO;Controller;Script host: localhost:53179;
12/09/19;18:00:20.840;INFO;Script;Starting initialization script;
12/09/19;18:00:20.842;INFO;Script;Do nothing;
12/09/19;18:00:20.843;INFO;Controller;Script ./script/Reset.py ended. Return value: ;
12/09/19;18:00:20.843;INFO;Controller;State = Ready;
12/09/19;18:12:48.667;INFO;Server;Command: ExecRobotTask (OpenPortLid,500000);
12/09/19;18:12:48.667;INFO;Controller;Executing asynchronous activity: ExecRobotTask;
12/09/19;18:12:48.673;INFO;Controller;Status = Executing: OpenPortLid;
12/09/19;18:12:48.673;INFO;Controller;State = Running;
12/09/19;18:12:49.560;INFO;Robot Runtime;executing:    OpenPortLid;
12/09/19;18:12:50.248;INFO;Controller;Activity ExecRobotTask ended. Return value: Done;
12/09/19;18:12:50.248;INFO;Controller;State = Ready;
12/09/19;18:12:59.790;INFO;Server;Command: ExecRobotTask (ClosePorts,500000);
12/09/19;18:12:59.791;INFO;Controller;Executing asynchronous activity: ExecRobotTask;
12/09/19;18:12:59.791;INFO;Controller;Status = Executing: ClosePorts;
12/09/19;18:12:59.791;INFO;Controller;State = Running;
12/09/19;18:13:00.678;INFO;Robot Runtime;executing:    ClosePorts;
12/09/19;18:13:00.994;INFO;Controller;Activity ExecRobotTask ended. Return value: Done;
12/09/19;18:13:00.994;INFO;Controller;State = Ready;
12/09/19;18:14:46.235;INFO;Server;Command: ExecRobotTask (Initialize,500000);
12/09/19;18:14:46.235;INFO;Controller;Executing asynchronous activity: ExecRobotTask;
12/09/19;18:14:46.235;INFO;Controller;Status = Executing: Initialize;
12/09/19;18:14:46.235;INFO;Controller;State = Running;
12/09/19;18:14:47.492;INFO;Robot Runtime;executing:    Initialize;
12/09/19;18:14:48.763;INFO;Controller;Activity ExecRobotTask ended. Return value: Done;
12/09/19;18:14:48.763;INFO;Controller;State = Ready;
12/09/19;18:14:48.784;INFO;Server;Command: ExecRobotTask (Park,500000);
12/09/19;18:14:48.784;INFO;Controller;Executing asynchronous activity: ExecRobotTask;
12/09/19;18:14:48.785;INFO;Controller;Status = Executing: Park;
12/09/19;18:14:48.785;INFO;Controller;State = Running;
12/09/19;18:14:49.692;INFO;Robot Runtime;executing:    Park;
12/09/19;18:14:54.943;INFO;Controller;Activity ExecRobotTask ended. Return value: Done;
12/09/19;18:14:54.944;INFO;Controller;State = Ready;
12/09/19;18:15:09.027;INFO;Server;Command: ExecRobotTask (CoolDown,500000);
12/09/19;18:15:09.028;INFO;Controller;Executing asynchronous activity: ExecRobotTask;
12/09/19;18:15:09.028;INFO;Controller;Status = Executing: CoolDown;
12/09/19;18:15:09.028;INFO;Controller;State = Running;
12/09/19;18:15:09.883;INFO;Robot Runtime;executing:    CoolDown;
12/09/19;18:16:09.410;INFO;Controller;Activity ExecRobotTask ended. Return value: Done;
12/09/19;18:16:09.410;INFO;Controller;State = Ready;
12/09/19;18:16:09.623;INFO;Server;Command: ExecRobotTask (Unmount,500000);
12/09/19;18:16:09.624;INFO;Controller;Executing asynchronous activity: ExecRobotTask;
12/09/19;18:16:09.624;INFO;Controller;Status = Executing: Unmount;
12/09/19;18:16:09.624;INFO;Controller;State = Running;
12/09/19;18:16:10.478;INFO;Robot Runtime;executing:    Unmount;
12/09/19;18:16:23.265;INFO;Controller;Activity ExecRobotTask ended. Return value: Done False/False/False;
12/09/19;18:16:23.265;INFO;Controller;State = Ready;
12/09/19;18:16:23.282;INFO;Server;Command: ExecRobotTask (ClosePorts,500000);
12/09/19;18:16:23.282;INFO;Controller;Executing asynchronous activity: ExecRobotTask;
12/09/19;18:16:23.282;INFO;Controller;Status = Executing: ClosePorts;
12/09/19;18:16:23.282;INFO;Controller;State = Running;
12/09/19;18:16:24.547;INFO;Robot Runtime;executing:    ClosePorts;
12/09/19;18:16:24.925;INFO;Controller;Activity ExecRobotTask ended. Return value: Done;
12/09/19;18:16:24.926;INFO;Controller;State = Ready;
12/09/19;18:17:12.835;INFO;Server;Command: Abort;
12/09/19;18:17:12.835;INFO;Robot;Abort;
12/09/19;18:17:12.929;INFO;Server;Command: Restart;
12/09/19;18:17:12.929;INFO;Controller;State = Initializing;
12/09/19;18:17:12.954;INFO;Controller;Initialized log services - Startup: 10/09/19 13:24:59;
12/09/19;18:17:13.962;INFO;Epics Server;Exiting running thread;
12/09/19;18:17:13.965;INFO;Epics Server;Registered PV: SW:Version;
12/09/19;18:17:13.965;INFO;Epics Server;Registered PV: SW:Status;
12/09/19;18:17:13.965;INFO;Epics Server;Registered PV: SW:Uptime;
12/09/19;18:17:13.965;INFO;Epics Server;Registered PV: SW:LastTaskInfo;
12/09/19;18:17:13.965;INFO;Epics Server;Registered PV: SW:AlarmList;
12/09/19;18:17:13.965;INFO;Epics Server;Registered PV: SW:LocalGuiLockOut;
12/09/19;18:17:13.965;INFO;Epics Server;Registered PV: SW:RobotSpeed;
12/09/19;18:17:13.965;INFO;Epics Server;Registered PV: SW:LastTaskException;
12/09/19;18:17:13.965;INFO;Epics Server;Registered PV: SW:LastTaskOutput;
12/09/19;18:17:13.965;INFO;Epics Server;Registered PV: SW:RobotState;
12/09/19;18:17:13.965;INFO;Epics Server;Registered PV: SW:CartesianPositions;
12/09/19;18:17:13.965;INFO;Epics Server;Registered PV: SW:JointPositions;
12/09/19;18:17:13.965;INFO;Epics Server;Registered PV: SW:State;
12/09/19;18:17:13.966;INFO;Epics Server;Registered PV: SW:abort;
12/09/19;18:17:13.966;INFO;Epics Server;Registered PV: SW:restart;
12/09/19;18:17:13.966;INFO;Epics Server;Registered PV: SW:getTaskInfo;
12/09/19;18:17:13.966;INFO;Epics Server;Registered PV: SW:isTaskRunning;
12/09/19;18:17:13.966;INFO;Epics Server;Registered PV: SW:checkTaskResult;
12/09/19;18:17:13.966;INFO;Epics Server;Registered PV: SW:startTestTask;
12/09/19;18:17:13.966;INFO;Epics Server;Registered PV: SW:pauseRobot;
12/09/19;18:17:13.966;INFO;Epics Server;Registered PV: SW:resumeRobot;
12/09/19;18:17:13.966;INFO;Epics Server;Registered PV: SW:setRobotVariable;
12/09/19;18:17:13.966;INFO;Epics Server;Registered PV: SW:isSampleMounted;
12/09/19;18:17:13.966;INFO;Epics Server;Registered PV: SW:startRobotTask;
12/09/19;18:17:13.966;INFO;Epics Server;Registered PV: SW:getRobotVariable;
12/09/19;18:17:13.966;INFO;Epics Server;Registered PV: SW:getDistance;
12/09/19;18:17:13.966;INFO;Epics Server;Initializing: Channel Access Server in Java v1.1.1;
12/09/19;18:17:13.967;INFO;Epics Server;Started server: ready to accept requests;
12/09/19;18:17:14.581;INFO;Controller;Initializing Robot;
12/09/19;18:17:14.584;INFO;Robot;Setting reference frame to: world;
12/09/19;18:17:14.708;INFO;Controller;Initializing Bus Controller;
12/09/19;18:17:14.708;INFO;Anti-Collision;Active = true;
12/09/19;18:17:14.708;INFO;Controller;State = Starting;
12/09/19;18:17:14.709;INFO;Controller;Command: Reset;
12/09/19;18:17:14.709;INFO;Controller;Executing asynchronous script: ./script/Reset.py;
12/09/19;18:17:14.709;INFO;Controller;Status = Reseting;
12/09/19;18:17:14.709;INFO;Controller;State = Running;
12/09/19;18:17:14.917;INFO;Controller;Script host: localhost:43271;
12/09/19;18:17:14.917;INFO;Script;Starting initialization script;
12/09/19;18:17:14.919;INFO;Script;Do nothing;
12/09/19;18:17:14.920;INFO;Controller;Script ./script/Reset.py ended. Return value: ;
12/09/19;18:17:14.920;INFO;Controller;State = Ready;
12/09/19;18:17:20.936;INFO;Server;Command: ExecRobotTask (Recover,500000);
12/09/19;18:17:20.936;INFO;Controller;Executing asynchronous activity: ExecRobotTask;
12/09/19;18:17:20.936;INFO;Controller;Status = Executing: Recover;
12/09/19;18:17:20.936;INFO;Controller;State = Running;
12/09/19;18:17:22.087;INFO;Robot Runtime;executing:    Recover;
12/09/19;18:17:23.094;INFO;Robot Runtime;Done;
12/09/19;18:17:23.223;INFO;Controller;Activity ExecRobotTask ended. Return value: Done;
12/09/19;18:17:23.224;INFO;Controller;State = Ready;
12/09/19;18:17:35.607;INFO;Server;Command: ExecRobotTask (Initialize,500000);
12/09/19;18:17:35.607;INFO;Controller;Executing asynchronous activity: ExecRobotTask;
12/09/19;18:17:35.607;INFO;Controller;Status = Executing: Initialize;
12/09/19;18:17:35.607;INFO;Controller;State = Running;
12/09/19;18:17:36.862;INFO;Robot Runtime;executing:    Initialize;
12/09/19;18:17:37.229;INFO;Controller;Activity ExecRobotTask ended. Return value: Done;
12/09/19;18:17:37.229;INFO;Controller;State = Ready;
12/09/19;18:17:37.245;INFO;Server;Command: ExecRobotTask (UnlatchRobGov,500000);
12/09/19;18:17:37.245;INFO;Controller;Executing asynchronous activity: ExecRobotTask;
12/09/19;18:17:37.246;INFO;Controller;Status = Executing: UnlatchRobGov;
12/09/19;18:17:37.246;INFO;Controller;State = Running;
12/09/19;18:17:38.250;INFO;Robot Runtime;executing:    UnlatchRobGov;
12/09/19;18:17:38.699;INFO;Controller;Activity ExecRobotTask ended. Return value: Done;
12/09/19;18:17:38.699;INFO;Controller;State = Ready;
12/09/19;18:17:38.710;INFO;Server;Command: ExecRobotTask (Home,500000);
12/09/19;18:17:38.710;INFO;Controller;Executing asynchronous activity: ExecRobotTask;
12/09/19;18:17:38.710;INFO;Controller;Status = Executing: Home;
12/09/19;18:17:38.710;INFO;Controller;State = Running;
12/09/19;18:17:39.948;INFO;Robot Runtime;executing:    Home;
12/09/19;18:17:40.445;INFO;Controller;Activity ExecRobotTask ended. Return value: Done;
12/09/19;18:17:40.445;INFO;Controller;State = Ready;
12/09/19;18:17:40.459;INFO;Server;Command: ExecRobotTask (Finish,500000);
12/09/19;18:17:40.459;INFO;Controller;Executing asynchronous activity: ExecRobotTask;
12/09/19;18:17:40.459;INFO;Controller;Status = Executing: Finish;
12/09/19;18:17:40.459;INFO;Controller;State = Running;
12/09/19;18:17:41.445;INFO;Robot Runtime;executing:    Finish;
12/09/19;18:19:46.134;INFO;Controller;Activity ExecRobotTask ended. Return value: Done;
12/09/19;18:19:46.134;INFO;Controller;State = Ready;
12/09/19;18:20:15.131;INFO;Server;Command: ExecRobotTask (Initialize,500000);
12/09/19;18:20:15.131;INFO;Controller;Executing asynchronous activity: ExecRobotTask;
12/09/19;18:20:15.131;INFO;Controller;Status = Executing: Initialize;
12/09/19;18:20:15.131;INFO;Controller;State = Running;
12/09/19;18:20:16.060;INFO;Robot Runtime;executing:    Initialize;
12/09/19;18:20:17.368;INFO;Controller;Activity ExecRobotTask ended. Return value: Done;
12/09/19;18:20:17.368;INFO;Controller;State = Ready;
12/09/19;18:20:17.389;INFO;Server;Command: ExecRobotTask (LatchRobGov,500000);
12/09/19;18:20:17.389;INFO;Controller;Executing asynchronous activity: ExecRobotTask;
12/09/19;18:20:17.389;INFO;Controller;Status = Executing: LatchRobGov;
12/09/19;18:20:17.389;INFO;Controller;State = Running;
12/09/19;18:20:18.653;INFO;Robot Runtime;executing:    LatchRobGov;
12/09/19;18:20:19.370;INFO;Controller;Activity ExecRobotTask ended. Return value: Done;
12/09/19;18:20:19.370;INFO;Controller;State = Ready;
12/09/19;18:20:19.384;INFO;Server;Command: ExecRobotTask (TraceSample,500000);
12/09/19;18:20:19.384;INFO;Controller;Executing asynchronous activity: ExecRobotTask;
12/09/19;18:20:19.384;INFO;Controller;Status = Executing: TraceSample;
12/09/19;18:20:19.384;INFO;Controller;State = Running;
12/09/19;18:20:20.361;INFO;Robot Runtime;executing:    TraceSample;
12/09/19;18:20:21.199;INFO;Controller;Activity ExecRobotTask ended. Return value: Done False/False/False;
12/09/19;18:20:21.199;INFO;Controller;State = Ready;
12/09/19;18:20:21.216;INFO;Server;Command: ExecRobotTask (CoolDown,500000);
12/09/19;18:20:21.216;INFO;Controller;Executing asynchronous activity: ExecRobotTask;
12/09/19;18:20:21.216;INFO;Controller;Status = Executing: CoolDown;
12/09/19;18:20:21.216;INFO;Controller;State = Running;
12/09/19;18:20:22.050;INFO;Robot Runtime;executing:    CoolDown;
12/09/19;18:21:41.369;INFO;Controller;Activity ExecRobotTask ended. Return value: Done;
12/09/19;18:21:41.369;INFO;Controller;State = Ready;
12/09/19;18:21:41.581;INFO;Server;Command: ExecRobotTask (Load,500000);
12/09/19;18:21:41.582;INFO;Controller;Executing asynchronous activity: ExecRobotTask;
12/09/19;18:21:41.582;INFO;Controller;Status = Executing: Load;
12/09/19;18:21:41.582;INFO;Controller;State = Running;
12/09/19;18:21:42.825;INFO;Robot Runtime;executing:    Load;
12/09/19;18:21:54.884;INFO;Controller;Activity ExecRobotTask ended. Return value: Done False/True/False;
12/09/19;18:21:54.884;INFO;Controller;State = Ready;
12/09/19;18:21:54.913;INFO;Server;Command: ExecRobotTask (Mount,500000);
12/09/19;18:21:54.913;INFO;Controller;Executing asynchronous activity: ExecRobotTask;
12/09/19;18:21:54.913;INFO;Controller;Status = Executing: Mount;
12/09/19;18:21:54.913;INFO;Controller;State = Running;
12/09/19;18:21:55.915;INFO;Robot Runtime;executing:    Mount;
12/09/19;18:22:04.839;INFO;Controller;Activity ExecRobotTask ended. Return value: Done True/False/False;
12/09/19;18:22:04.839;INFO;Controller;State = Ready;
12/09/19;18:22:04.859;INFO;Server;Command: ExecRobotTask (Park,500000);
12/09/19;18:22:04.859;INFO;Controller;Executing asynchronous activity: ExecRobotTask;
12/09/19;18:22:04.859;INFO;Controller;Status = Executing: Park;
12/09/19;18:22:04.859;INFO;Controller;State = Running;
12/09/19;18:22:05.694;INFO;Robot Runtime;executing:    Park;
12/09/19;18:22:11.181;INFO;Controller;Activity ExecRobotTask ended. Return value: Done;
12/09/19;18:22:11.181;INFO;Controller;State = Ready;
12/09/19;18:22:11.196;INFO;Server;Command: ExecRobotTask (UnlatchRobGov,500000);
12/09/19;18:22:11.196;INFO;Controller;Executing asynchronous activity: ExecRobotTask;
12/09/19;18:22:11.196;INFO;Controller;Status = Executing: UnlatchRobGov;
12/09/19;18:22:11.196;INFO;Controller;State = Running;
12/09/19;18:22:12.453;INFO;Robot Runtime;executing:    UnlatchRobGov;
12/09/19;18:22:12.931;INFO;Controller;Activity ExecRobotTask ended. Return value: Done;
12/09/19;18:22:12.931;INFO;Controller;State = Ready;
12/09/19;18:22:42.005;INFO;Server;Command: ExecRobotTask (Unmount,500000);
12/09/19;18:22:42.005;INFO;Controller;Executing asynchronous activity: ExecRobotTask;
12/09/19;18:22:42.005;INFO;Controller;Status = Executing: Unmount;
12/09/19;18:22:42.005;INFO;Controller;State = Running;
12/09/19;18:22:42.997;INFO;Robot Runtime;executing:    Unmount;
12/09/19;18:22:56.182;INFO;Controller;Activity ExecRobotTask ended. Return value: Done False/True/False;
12/09/19;18:22:56.182;INFO;Controller;State = Ready;
12/09/19;18:22:56.200;INFO;Server;Command: ExecRobotTask (Unload,500000);
12/09/19;18:22:56.201;INFO;Controller;Executing asynchronous activity: ExecRobotTask;
12/09/19;18:22:56.201;INFO;Controller;Status = Executing: Unload;
12/09/19;18:22:56.201;INFO;Controller;State = Running;
12/09/19;18:22:57.030;INFO;Robot Runtime;executing:    Unload;
12/09/19;18:23:04.228;INFO;Controller;Activity ExecRobotTask ended. Return value: Done False/False/False;
12/09/19;18:23:04.229;INFO;Controller;State = Ready;
12/09/19;18:23:05.823;INFO;Server;Command: ExecRobotTask (Load,500000);
12/09/19;18:23:05.823;INFO;Controller;Executing asynchronous activity: ExecRobotTask;
12/09/19;18:23:05.823;INFO;Controller;Status = Executing: Load;
12/09/19;18:23:05.823;INFO;Controller;State = Running;
12/09/19;18:23:07.085;INFO;Robot Runtime;executing:    Load;
12/09/19;18:23:15.590;INFO;Controller;Activity ExecRobotTask ended. Return value: Done False/True/False;
12/09/19;18:23:15.590;INFO;Controller;State = Ready;
12/09/19;18:23:15.613;INFO;Server;Command: ExecRobotTask (Mount,500000);
12/09/19;18:23:15.613;INFO;Controller;Executing asynchronous activity: ExecRobotTask;
12/09/19;18:23:15.613;INFO;Controller;Status = Executing: Mount;
12/09/19;18:23:15.613;INFO;Controller;State = Running;
12/09/19;18:23:16.606;INFO;Robot Runtime;executing:    Mount;
12/09/19;18:23:25.743;INFO;Controller;Activity ExecRobotTask ended. Return value: Done True/False/False;
12/09/19;18:23:25.743;INFO;Controller;State = Ready;
12/09/19;18:23:25.765;INFO;Server;Command: ExecRobotTask (Park,500000);
12/09/19;18:23:25.766;INFO;Controller;Executing asynchronous activity: ExecRobotTask;
12/09/19;18:23:25.766;INFO;Controller;Status = Executing: Park;
12/09/19;18:23:25.766;INFO;Controller;State = Running;
12/09/19;18:23:26.594;INFO;Robot Runtime;executing:    Park;
12/09/19;18:23:32.166;INFO;Controller;Activity ExecRobotTask ended. Return value: Done;
12/09/19;18:23:32.166;INFO;Controller;State = Ready;
12/09/19;18:23:32.179;INFO;Server;Command: ExecRobotTask (UnlatchRobGov,500000);
12/09/19;18:23:32.179;INFO;Controller;Executing asynchronous activity: ExecRobotTask;
12/09/19;18:23:32.179;INFO;Controller;Status = Executing: UnlatchRobGov;
12/09/19;18:23:32.179;INFO;Controller;State = Running;
12/09/19;18:23:33.443;INFO;Robot Runtime;executing:    UnlatchRobGov;
12/09/19;18:23:33.919;INFO;Controller;Activity ExecRobotTask ended. Return value: Done;
12/09/19;18:23:33.919;INFO;Controller;State = Ready;
12/09/19;18:24:02.421;INFO;Server;Command: ExecRobotTask (Unmount,500000);
12/09/19;18:24:02.421;INFO;Controller;Executing asynchronous activity: ExecRobotTask;
12/09/19;18:24:02.429;INFO;Controller;Status = Executing: Unmount;
12/09/19;18:24:02.429;INFO;Controller;State = Running;
12/09/19;18:24:03.411;INFO;Robot Runtime;executing:    Unmount;
12/09/19;18:24:17.875;INFO;Controller;Activity ExecRobotTask ended. Return value: Done False/True/False;
12/09/19;18:24:17.875;INFO;Controller;State = Ready;
12/09/19;18:24:17.895;INFO;Server;Command: ExecRobotTask (Unload,500000);
12/09/19;18:24:17.895;INFO;Controller;Executing asynchronous activity: ExecRobotTask;
12/09/19;18:24:17.895;INFO;Controller;Status = Executing: Unload;
12/09/19;18:24:17.895;INFO;Controller;State = Running;
12/09/19;18:24:18.734;INFO;Robot Runtime;executing:    Unload;
12/09/19;18:24:25.956;INFO;Controller;Activity ExecRobotTask ended. Return value: Done False/False/False;
12/09/19;18:24:25.956;INFO;Controller;State = Ready;
12/09/19;18:24:27.570;INFO;Server;Command: ExecRobotTask (Load,500000);
12/09/19;18:24:27.570;INFO;Controller;Executing asynchronous activity: ExecRobotTask;
12/09/19;18:24:27.570;INFO;Controller;Status = Executing: Load;
12/09/19;18:24:27.570;INFO;Controller;State = Running;
12/09/19;18:24:28.828;INFO;Robot Runtime;executing:    Load;
12/09/19;18:24:37.358;INFO;Controller;Activity ExecRobotTask ended. Return value: Done False/True/False;
12/09/19;18:24:37.358;INFO;Controller;State = Ready;
12/09/19;18:24:37.383;INFO;Server;Command: ExecRobotTask (Mount,500000);
12/09/19;18:24:37.384;INFO;Controller;Executing asynchronous activity: ExecRobotTask;
12/09/19;18:24:37.384;INFO;Controller;Status = Executing: Mount;
12/09/19;18:24:37.384;INFO;Controller;State = Running;
12/09/19;18:24:38.365;INFO;Robot Runtime;executing:    Mount;
12/09/19;18:24:46.997;INFO;Controller;Activity ExecRobotTask ended. Return value: Done True/False/False;
12/09/19;18:24:46.997;INFO;Controller;State = Ready;
12/09/19;18:24:47.017;INFO;Server;Command: ExecRobotTask (Park,500000);
12/09/19;18:24:47.017;INFO;Controller;Executing asynchronous activity: ExecRobotTask;
12/09/19;18:24:47.017;INFO;Controller;Status = Executing: Park;
12/09/19;18:24:47.017;INFO;Controller;State = Running;
12/09/19;18:24:47.845;INFO;Robot Runtime;executing:    Park;
12/09/19;18:24:53.411;INFO;Controller;Activity ExecRobotTask ended. Return value: Done;
12/09/19;18:24:53.411;INFO;Controller;State = Ready;
12/09/19;18:24:53.431;INFO;Server;Command: ExecRobotTask (UnlatchRobGov,500000);
12/09/19;18:24:53.431;INFO;Controller;Executing asynchronous activity: ExecRobotTask;
12/09/19;18:24:53.431;INFO;Controller;Status = Executing: UnlatchRobGov;
12/09/19;18:24:53.431;INFO;Controller;State = Running;
12/09/19;18:24:54.705;INFO;Robot Runtime;executing:    UnlatchRobGov;
12/09/19;18:24:55.166;INFO;Controller;Activity ExecRobotTask ended. Return value: Done;
12/09/19;18:24:55.166;INFO;Controller;State = Ready;
12/09/19;18:25:16.060;INFO;Server;Command: ExecRobotTask (Unmount,500000);
12/09/19;18:25:16.061;INFO;Controller;Executing asynchronous activity: ExecRobotTask;
12/09/19;18:25:16.061;INFO;Controller;Status = Executing: Unmount;
12/09/19;18:25:16.061;INFO;Controller;State = Running;
12/09/19;18:25:17.051;INFO;Robot Runtime;executing:    Unmount;
12/09/19;18:25:31.504;INFO;Controller;Activity ExecRobotTask ended. Return value: Done False/True/False;
12/09/19;18:25:31.504;INFO;Controller;State = Ready;
12/09/19;18:25:31.525;INFO;Server;Command: ExecRobotTask (Unload,500000);
12/09/19;18:25:31.525;INFO;Controller;Executing asynchronous activity: ExecRobotTask;
12/09/19;18:25:31.525;INFO;Controller;Status = Executing: Unload;
12/09/19;18:25:31.525;INFO;Controller;State = Running;
12/09/19;18:25:32.355;INFO;Robot Runtime;executing:    Unload;
12/09/19;18:25:39.544;INFO;Controller;Activity ExecRobotTask ended. Return value: Done False/False/False;
12/09/19;18:25:39.545;INFO;Controller;State = Ready;
12/09/19;18:25:39.660;INFO;Server;Command: ExecRobotTask (UnlatchRobGov,500000);
12/09/19;18:25:39.660;INFO;Controller;Executing asynchronous activity: ExecRobotTask;
12/09/19;18:25:39.660;INFO;Controller;Status = Executing: UnlatchRobGov;
12/09/19;18:25:39.661;INFO;Controller;State = Running;
12/09/19;18:25:40.919;INFO;Robot Runtime;executing:    UnlatchRobGov;
12/09/19;18:25:41.124;INFO;Controller;Activity ExecRobotTask ended. Return value: Done;
12/09/19;18:25:41.125;INFO;Controller;State = Ready;
12/09/19;18:25:41.146;INFO;Server;Command: ExecRobotTask (Finish,500000);
12/09/19;18:25:41.146;INFO;Controller;Executing asynchronous activity: ExecRobotTask;
12/09/19;18:25:41.146;INFO;Controller;Status = Executing: Finish;
12/09/19;18:25:41.146;INFO;Controller;State = Running;
12/09/19;18:25:42.132;INFO;Robot Runtime;executing:    Finish;
12/09/19;18:28:08.964;INFO;Controller;Activity ExecRobotTask ended. Return value: Done;
12/09/19;18:28:08.964;INFO;Controller;State = Ready;
12/09/19;22:23:37.708;WARNING;Robot;Alarm active: Device is offline;
12/09/19;22:23:37.708;INFO;Controller;State = Communication Error;
12/09/19;22:23:44.813;INFO;Robot;Alarm inactive: Device is offline;
12/09/19;22:23:44.814;WARNING;Controller;Communication resumed, trying updating devices;
12/09/19;22:23:44.814;INFO;Controller;Finished device updating;
12/09/19;22:23:44.814;INFO;Controller;State = Ready;
