28/06/19;08:40:15.522;INFO;Server;Command: ExecRobotTask (Initialize,500000);
28/06/19;08:40:15.522;INFO;Controller;Executing asynchronous activity: ExecRobotTask;
28/06/19;08:40:15.523;INFO;Controller;Status = Executing: Initialize;
28/06/19;08:40:15.523;INFO;Controller;State = Running;
28/06/19;08:40:16.460;INFO;Robot Runtime;executing:    Initialize;
28/06/19;08:40:17.421;INFO;Controller;Activity ExecRobotTask ended. Return value: Done;
28/06/19;08:40:17.421;INFO;Controller;State = Ready;
28/06/19;08:40:17.444;INFO;Server;Command: ExecRobotTask (LatchRobGov,500000);
28/06/19;08:40:17.444;INFO;Controller;Executing asynchronous activity: ExecRobotTask;
28/06/19;08:40:17.444;INFO;Controller;Status = Executing: LatchRobGov;
28/06/19;08:40:17.444;INFO;Controller;State = Running;
28/06/19;08:40:18.713;INFO;Robot Runtime;executing:    LatchRobGov;
28/06/19;08:40:19.174;INFO;Controller;Activity ExecRobotTask ended. Return value: Done;
28/06/19;08:40:19.174;INFO;Controller;State = Ready;
28/06/19;08:40:19.184;INFO;Server;Command: ExecRobotTask (TraceSample,500000);
28/06/19;08:40:19.184;INFO;Controller;Executing asynchronous activity: ExecRobotTask;
28/06/19;08:40:19.184;INFO;Controller;Status = Executing: TraceSample;
28/06/19;08:40:19.184;INFO;Controller;State = Running;
28/06/19;08:40:20.178;INFO;Robot Runtime;executing:    TraceSample;
28/06/19;08:40:21.067;INFO;Controller;Activity ExecRobotTask ended. Return value: Done False/False/False;
28/06/19;08:40:21.067;INFO;Controller;State = Ready;
28/06/19;08:40:21.077;INFO;Server;Command: ExecRobotTask (CoolDown,500000);
28/06/19;08:40:21.077;INFO;Controller;Executing asynchronous activity: ExecRobotTask;
28/06/19;08:40:21.077;INFO;Controller;Status = Executing: CoolDown;
28/06/19;08:40:21.077;INFO;Controller;State = Running;
28/06/19;08:40:21.918;INFO;Robot Runtime;executing:    CoolDown;
28/06/19;08:41:54.316;INFO;Controller;Activity ExecRobotTask ended. Return value: Done;
28/06/19;08:41:54.316;INFO;Controller;State = Ready;
28/06/19;08:41:54.523;INFO;Server;Command: ExecRobotTask (Load,500000);
28/06/19;08:41:54.523;INFO;Controller;Executing asynchronous activity: ExecRobotTask;
28/06/19;08:41:54.524;INFO;Controller;Status = Executing: Load;
28/06/19;08:41:54.524;INFO;Controller;State = Running;
28/06/19;08:41:55.785;INFO;Robot Runtime;executing:    Load;
28/06/19;08:42:04.836;INFO;Controller;Activity ExecRobotTask ended. Return value: Done False/True/False;
28/06/19;08:42:04.836;INFO;Controller;State = Ready;
28/06/19;08:42:04.855;INFO;Server;Command: ExecRobotTask (Mount,500000);
28/06/19;08:42:04.855;INFO;Controller;Executing asynchronous activity: ExecRobotTask;
28/06/19;08:42:04.855;INFO;Controller;Status = Executing: Mount;
28/06/19;08:42:04.855;INFO;Controller;State = Running;
28/06/19;08:42:05.839;INFO;Robot Runtime;executing:    Mount;
28/06/19;08:42:11.986;INFO;Controller;Activity ExecRobotTask ended. Return value: Done True/False/False;
28/06/19;08:42:11.987;INFO;Controller;State = Ready;
28/06/19;08:42:12.004;INFO;Server;Command: ExecRobotTask (Park,500000);
28/06/19;08:42:12.004;INFO;Controller;Executing asynchronous activity: ExecRobotTask;
28/06/19;08:42:12.004;INFO;Controller;Status = Executing: Park;
28/06/19;08:42:12.004;INFO;Controller;State = Running;
28/06/19;08:42:12.835;INFO;Robot Runtime;executing:    Park;
28/06/19;08:42:15.864;INFO;Controller;Activity ExecRobotTask ended. Return value: Done;
28/06/19;08:42:15.864;INFO;Controller;State = Ready;
28/06/19;08:42:15.884;INFO;Server;Command: ExecRobotTask (UnlatchRobGov,500000);
28/06/19;08:42:15.884;INFO;Controller;Executing asynchronous activity: ExecRobotTask;
28/06/19;08:42:15.884;INFO;Controller;Status = Executing: UnlatchRobGov;
28/06/19;08:42:15.884;INFO;Controller;State = Running;
28/06/19;08:42:17.148;INFO;Robot Runtime;executing:    UnlatchRobGov;
28/06/19;08:42:17.527;INFO;Controller;Activity ExecRobotTask ended. Return value: Done;
28/06/19;08:42:17.527;INFO;Controller;State = Ready;
28/06/19;08:43:23.637;INFO;Server;Command: ExecRobotTask (Unmount,500000);
28/06/19;08:43:23.637;INFO;Controller;Executing asynchronous activity: ExecRobotTask;
28/06/19;08:43:23.637;INFO;Controller;Status = Executing: Unmount;
28/06/19;08:43:23.637;INFO;Controller;State = Running;
28/06/19;08:43:24.635;INFO;Robot Runtime;executing:    Unmount;
28/06/19;08:43:34.361;INFO;Controller;Activity ExecRobotTask ended. Return value: Done False/True/False;
28/06/19;08:43:34.361;INFO;Controller;State = Ready;
28/06/19;08:43:34.374;INFO;Server;Command: ExecRobotTask (Unload,500000);
28/06/19;08:43:34.374;INFO;Controller;Executing asynchronous activity: ExecRobotTask;
28/06/19;08:43:34.374;INFO;Controller;Status = Executing: Unload;
28/06/19;08:43:34.374;INFO;Controller;State = Running;
28/06/19;08:43:35.210;INFO;Robot Runtime;executing:    Unload;
28/06/19;08:43:39.721;INFO;Controller;Activity ExecRobotTask ended. Return value: Done False/False/False;
28/06/19;08:43:39.721;INFO;Controller;State = Ready;
28/06/19;08:43:39.820;INFO;Server;Command: ExecRobotTask (Initialize,500000);
28/06/19;08:43:39.820;INFO;Controller;Executing asynchronous activity: ExecRobotTask;
28/06/19;08:43:39.820;INFO;Controller;Status = Executing: Initialize;
28/06/19;08:43:39.820;INFO;Controller;State = Running;
28/06/19;08:43:41.056;INFO;Robot Runtime;executing:    Initialize;
28/06/19;08:43:41.455;INFO;Controller;Activity ExecRobotTask ended. Return value: Done;
28/06/19;08:43:41.455;INFO;Controller;State = Ready;
28/06/19;08:43:41.468;INFO;Server;Command: ExecRobotTask (Park,500000);
28/06/19;08:43:41.469;INFO;Controller;Executing asynchronous activity: ExecRobotTask;
28/06/19;08:43:41.469;INFO;Controller;Status = Executing: Park;
28/06/19;08:43:41.469;INFO;Controller;State = Running;
28/06/19;08:43:42.443;INFO;Robot Runtime;executing:    Park;
28/06/19;08:43:45.759;INFO;Controller;Activity ExecRobotTask ended. Return value: Done;
28/06/19;08:43:45.759;INFO;Controller;State = Ready;
28/06/19;08:48:27.937;INFO;Server;Command: ExecRobotTask (Load,500000);
28/06/19;08:48:27.937;INFO;Controller;Executing asynchronous activity: ExecRobotTask;
28/06/19;08:48:27.937;INFO;Controller;Status = Executing: Load;
28/06/19;08:48:27.937;INFO;Controller;State = Running;
28/06/19;08:48:28.919;INFO;Robot Runtime;executing:    Load;
28/06/19;08:48:30.957;WARNING;Robot Runtime;AUTORECOVER=====> Found false kick. Resume Robot Power;
28/06/19;08:48:40.965;INFO;Controller;Activity ExecRobotTask ended. Return value: Done False/True/False;
28/06/19;08:48:40.965;INFO;Controller;State = Ready;
28/06/19;08:48:40.976;INFO;Server;Command: ExecRobotTask (Mount,500000);
28/06/19;08:48:40.977;INFO;Controller;Executing asynchronous activity: ExecRobotTask;
28/06/19;08:48:40.977;INFO;Controller;Status = Executing: Mount;
28/06/19;08:48:40.977;INFO;Controller;State = Running;
28/06/19;08:48:42.206;INFO;Robot Runtime;executing:    Mount;
28/06/19;08:48:50.651;INFO;Controller;Activity ExecRobotTask ended. Return value: Done True/False/False;
28/06/19;08:48:50.651;INFO;Controller;State = Ready;
28/06/19;08:48:50.673;INFO;Server;Command: ExecRobotTask (Park,500000);
28/06/19;08:48:50.673;INFO;Controller;Executing asynchronous activity: ExecRobotTask;
28/06/19;08:48:50.673;INFO;Controller;Status = Executing: Park;
28/06/19;08:48:50.673;INFO;Controller;State = Running;
28/06/19;08:48:51.593;INFO;Robot Runtime;executing:    Park;
28/06/19;08:48:54.946;INFO;Controller;Activity ExecRobotTask ended. Return value: Done;
28/06/19;08:48:54.947;INFO;Controller;State = Ready;
28/06/19;08:48:54.963;INFO;Server;Command: ExecRobotTask (UnlatchRobGov,500000);
28/06/19;08:48:54.963;INFO;Controller;Executing asynchronous activity: ExecRobotTask;
28/06/19;08:48:54.964;INFO;Controller;Status = Executing: UnlatchRobGov;
28/06/19;08:48:54.964;INFO;Controller;State = Running;
28/06/19;08:48:55.899;INFO;Robot Runtime;executing:    UnlatchRobGov;
28/06/19;08:48:56.400;INFO;Controller;Activity ExecRobotTask ended. Return value: Done;
28/06/19;08:48:56.400;INFO;Controller;State = Ready;
28/06/19;09:19:48.802;INFO;Server;Command: Abort;
28/06/19;09:19:48.802;INFO;Robot;Abort;
28/06/19;09:19:48.896;INFO;Server;Command: Restart;
28/06/19;09:19:48.896;INFO;Controller;State = Initializing;
28/06/19;09:19:48.992;INFO;Controller;Initialized log services - Startup: 05/06/19 22:31:05;
28/06/19;09:19:49.997;INFO;Epics Server;Exiting running thread;
28/06/19;09:19:50.001;INFO;Epics Server;Registered PV: SW:Version;
28/06/19;09:19:50.001;INFO;Epics Server;Registered PV: SW:Status;
28/06/19;09:19:50.001;INFO;Epics Server;Registered PV: SW:Uptime;
28/06/19;09:19:50.001;INFO;Epics Server;Registered PV: SW:LastTaskInfo;
28/06/19;09:19:50.001;INFO;Epics Server;Registered PV: SW:AlarmList;
28/06/19;09:19:50.001;INFO;Epics Server;Registered PV: SW:LocalGuiLockOut;
28/06/19;09:19:50.001;INFO;Epics Server;Registered PV: SW:RobotSpeed;
28/06/19;09:19:50.001;INFO;Epics Server;Registered PV: SW:LastTaskException;
28/06/19;09:19:50.001;INFO;Epics Server;Registered PV: SW:LastTaskOutput;
28/06/19;09:19:50.001;INFO;Epics Server;Registered PV: SW:RobotState;
28/06/19;09:19:50.001;INFO;Epics Server;Registered PV: SW:JointPositions;
28/06/19;09:19:50.001;INFO;Epics Server;Registered PV: SW:CartesianPositions;
28/06/19;09:19:50.001;INFO;Epics Server;Registered PV: SW:State;
28/06/19;09:19:50.001;INFO;Epics Server;Registered PV: SW:abort;
28/06/19;09:19:50.001;INFO;Epics Server;Registered PV: SW:restart;
28/06/19;09:19:50.001;INFO;Epics Server;Registered PV: SW:getTaskInfo;
28/06/19;09:19:50.001;INFO;Epics Server;Registered PV: SW:isTaskRunning;
28/06/19;09:19:50.001;INFO;Epics Server;Registered PV: SW:checkTaskResult;
28/06/19;09:19:50.001;INFO;Epics Server;Registered PV: SW:startTestTask;
28/06/19;09:19:50.001;INFO;Epics Server;Registered PV: SW:pauseRobot;
28/06/19;09:19:50.002;INFO;Epics Server;Registered PV: SW:resumeRobot;
28/06/19;09:19:50.002;INFO;Epics Server;Registered PV: SW:setRobotVariable;
28/06/19;09:19:50.002;INFO;Epics Server;Registered PV: SW:isSampleMounted;
28/06/19;09:19:50.002;INFO;Epics Server;Registered PV: SW:startRobotTask;
28/06/19;09:19:50.002;INFO;Epics Server;Registered PV: SW:getRobotVariable;
28/06/19;09:19:50.002;INFO;Epics Server;Registered PV: SW:getDistance;
28/06/19;09:19:50.002;INFO;Epics Server;Initializing: Channel Access Server in Java v1.1.1;
28/06/19;09:19:50.002;INFO;Epics Server;Started server: ready to accept requests;
28/06/19;09:19:50.587;INFO;Controller;Initializing Robot;
28/06/19;09:19:50.590;INFO;Robot;Setting reference frame to: world;
28/06/19;09:19:50.698;INFO;Controller;Initializing Bus Controller;
28/06/19;09:19:50.698;INFO;Anti-Collision;Active = true;
28/06/19;09:19:50.698;INFO;Controller;State = Starting;
28/06/19;09:19:50.699;INFO;Controller;Command: Reset;
28/06/19;09:19:50.699;INFO;Controller;Executing asynchronous script: ./script/Reset.py;
28/06/19;09:19:50.699;INFO;Controller;Status = Reseting;
28/06/19;09:19:50.699;INFO;Controller;State = Running;
28/06/19;09:19:50.857;INFO;Controller;Script host: localhost:58008;
28/06/19;09:19:50.857;INFO;Script;Starting initialization script;
28/06/19;09:19:50.859;INFO;Script;Do nothing;
28/06/19;09:19:50.859;INFO;Controller;Script ./script/Reset.py ended. Return value: ;
28/06/19;09:19:50.860;INFO;Controller;State = Ready;
28/06/19;09:25:11.543;INFO;Server;Command: Abort;
28/06/19;09:25:11.543;INFO;Robot;Abort;
28/06/19;09:25:11.632;INFO;Server;Command: Restart;
28/06/19;09:25:11.632;INFO;Controller;State = Initializing;
28/06/19;09:25:11.674;INFO;Controller;Initialized log services - Startup: 05/06/19 22:31:05;
28/06/19;09:25:12.680;INFO;Epics Server;Exiting running thread;
28/06/19;09:25:12.682;INFO;Epics Server;Registered PV: SW:Version;
28/06/19;09:25:12.682;INFO;Epics Server;Registered PV: SW:Status;
28/06/19;09:25:12.682;INFO;Epics Server;Registered PV: SW:Uptime;
28/06/19;09:25:12.683;INFO;Epics Server;Registered PV: SW:LastTaskInfo;
28/06/19;09:25:12.683;INFO;Epics Server;Registered PV: SW:AlarmList;
28/06/19;09:25:12.683;INFO;Epics Server;Registered PV: SW:LocalGuiLockOut;
28/06/19;09:25:12.683;INFO;Epics Server;Registered PV: SW:RobotSpeed;
28/06/19;09:25:12.683;INFO;Epics Server;Registered PV: SW:LastTaskException;
28/06/19;09:25:12.683;INFO;Epics Server;Registered PV: SW:LastTaskOutput;
28/06/19;09:25:12.683;INFO;Epics Server;Registered PV: SW:RobotState;
28/06/19;09:25:12.683;INFO;Epics Server;Registered PV: SW:JointPositions;
28/06/19;09:25:12.683;INFO;Epics Server;Registered PV: SW:CartesianPositions;
28/06/19;09:25:12.683;INFO;Epics Server;Registered PV: SW:State;
28/06/19;09:25:12.683;INFO;Epics Server;Registered PV: SW:abort;
28/06/19;09:25:12.683;INFO;Epics Server;Registered PV: SW:restart;
28/06/19;09:25:12.683;INFO;Epics Server;Registered PV: SW:getTaskInfo;
28/06/19;09:25:12.683;INFO;Epics Server;Registered PV: SW:isTaskRunning;
28/06/19;09:25:12.683;INFO;Epics Server;Registered PV: SW:checkTaskResult;
28/06/19;09:25:12.683;INFO;Epics Server;Registered PV: SW:startTestTask;
28/06/19;09:25:12.683;INFO;Epics Server;Registered PV: SW:pauseRobot;
28/06/19;09:25:12.683;INFO;Epics Server;Registered PV: SW:resumeRobot;
28/06/19;09:25:12.683;INFO;Epics Server;Registered PV: SW:setRobotVariable;
28/06/19;09:25:12.683;INFO;Epics Server;Registered PV: SW:isSampleMounted;
28/06/19;09:25:12.683;INFO;Epics Server;Registered PV: SW:startRobotTask;
28/06/19;09:25:12.683;INFO;Epics Server;Registered PV: SW:getRobotVariable;
28/06/19;09:25:12.683;INFO;Epics Server;Registered PV: SW:getDistance;
28/06/19;09:25:12.683;INFO;Epics Server;Initializing: Channel Access Server in Java v1.1.1;
28/06/19;09:25:12.684;INFO;Epics Server;Started server: ready to accept requests;
28/06/19;09:25:13.298;INFO;Controller;Initializing Robot;
28/06/19;09:25:13.300;INFO;Robot;Setting reference frame to: world;
28/06/19;09:25:13.409;INFO;Controller;Initializing Bus Controller;
28/06/19;09:25:13.409;INFO;Anti-Collision;Active = true;
28/06/19;09:25:13.410;INFO;Controller;State = Starting;
28/06/19;09:25:13.410;INFO;Controller;Command: Reset;
28/06/19;09:25:13.410;INFO;Controller;Executing asynchronous script: ./script/Reset.py;
28/06/19;09:25:13.411;INFO;Controller;Status = Reseting;
28/06/19;09:25:13.411;INFO;Controller;State = Running;
28/06/19;09:25:13.567;INFO;Controller;Script host: localhost:34915;
28/06/19;09:25:13.567;INFO;Script;Starting initialization script;
28/06/19;09:25:13.570;INFO;Script;Do nothing;
28/06/19;09:25:13.570;INFO;Controller;Script ./script/Reset.py ended. Return value: ;
28/06/19;09:25:13.570;INFO;Controller;State = Ready;
28/06/19;09:25:41.097;INFO;Server;Command: ExecRobotTask (Load,500000);
28/06/19;09:25:41.097;INFO;Controller;Executing asynchronous activity: ExecRobotTask;
28/06/19;09:25:41.097;INFO;Controller;Status = Executing: Load;
28/06/19;09:25:41.097;INFO;Controller;State = Running;
28/06/19;09:25:42.419;INFO;Robot Runtime;executing:    Load;
28/06/19;09:25:44.448;WARNING;Robot Runtime;AUTORECOVER=====> Found false kick. Resume Robot Power;
28/06/19;09:25:53.982;INFO;Controller;Activity ExecRobotTask ended. Return value: Done False/True/False;
28/06/19;09:25:53.982;INFO;Controller;State = Ready;
28/06/19;09:25:53.996;INFO;Server;Command: ExecRobotTask (Mount,500000);
28/06/19;09:25:53.996;INFO;Controller;Executing asynchronous activity: ExecRobotTask;
28/06/19;09:25:53.996;INFO;Controller;Status = Executing: Mount;
28/06/19;09:25:53.997;INFO;Controller;State = Running;
28/06/19;09:25:54.935;INFO;Robot Runtime;executing:    Mount;
28/06/19;09:26:00.908;INFO;Controller;Activity ExecRobotTask ended. Return value: Done True/False/False;
28/06/19;09:26:00.908;INFO;Controller;State = Ready;
28/06/19;09:26:00.929;INFO;Server;Command: ExecRobotTask (Park,500000);
28/06/19;09:26:00.929;INFO;Controller;Executing asynchronous activity: ExecRobotTask;
28/06/19;09:26:00.929;INFO;Controller;Status = Executing: Park;
28/06/19;09:26:00.929;INFO;Controller;State = Running;
28/06/19;09:26:01.761;INFO;Robot Runtime;executing:    Park;
28/06/19;09:26:05.135;INFO;Controller;Activity ExecRobotTask ended. Return value: Done;
28/06/19;09:26:05.135;INFO;Controller;State = Ready;
28/06/19;09:26:05.148;INFO;Server;Command: ExecRobotTask (UnlatchRobGov,500000);
28/06/19;09:26:05.148;INFO;Controller;Executing asynchronous activity: ExecRobotTask;
28/06/19;09:26:05.148;INFO;Controller;Status = Executing: UnlatchRobGov;
28/06/19;09:26:05.149;INFO;Controller;State = Running;
28/06/19;09:26:06.477;INFO;Robot Runtime;executing:    UnlatchRobGov;
28/06/19;09:26:06.888;INFO;Controller;Activity ExecRobotTask ended. Return value: Done;
28/06/19;09:26:06.888;INFO;Controller;State = Ready;
28/06/19;09:32:12.065;INFO;Server;Command: ExecRobotTask (Unmount,500000);
28/06/19;09:32:12.065;INFO;Controller;Executing asynchronous activity: ExecRobotTask;
28/06/19;09:32:12.065;INFO;Controller;Status = Executing: Unmount;
28/06/19;09:32:12.065;INFO;Controller;State = Running;
28/06/19;09:32:13.014;INFO;Robot Runtime;executing:    Unmount;
28/06/19;09:32:20.843;INFO;Controller;Activity ExecRobotTask ended. Return value: Done False/True/False;
28/06/19;09:32:20.843;INFO;Controller;State = Ready;
28/06/19;09:32:20.867;INFO;Server;Command: ExecRobotTask (Unload,500000);
28/06/19;09:32:20.867;INFO;Controller;Executing asynchronous activity: ExecRobotTask;
28/06/19;09:32:20.867;INFO;Controller;Status = Executing: Unload;
28/06/19;09:32:20.867;INFO;Controller;State = Running;
28/06/19;09:32:21.700;INFO;Robot Runtime;executing:    Unload;
28/06/19;09:32:26.223;INFO;Controller;Activity ExecRobotTask ended. Return value: Done False/False/False;
28/06/19;09:32:26.223;INFO;Controller;State = Ready;
28/06/19;09:32:27.796;INFO;Server;Command: ExecRobotTask (Load,500000);
28/06/19;09:32:27.796;INFO;Controller;Executing asynchronous activity: ExecRobotTask;
28/06/19;09:32:27.796;INFO;Controller;Status = Executing: Load;
28/06/19;09:32:27.796;INFO;Controller;State = Running;
28/06/19;09:32:29.129;INFO;Robot Runtime;executing:    Load;
28/06/19;09:32:35.366;INFO;Controller;Activity ExecRobotTask ended. Return value: Done False/True/False;
28/06/19;09:32:35.366;INFO;Controller;State = Ready;
28/06/19;09:32:35.378;INFO;Server;Command: ExecRobotTask (Mount,500000);
28/06/19;09:32:35.378;INFO;Controller;Executing asynchronous activity: ExecRobotTask;
28/06/19;09:32:35.378;INFO;Controller;Status = Executing: Mount;
28/06/19;09:32:35.378;INFO;Controller;State = Running;
28/06/19;09:32:36.299;INFO;Robot Runtime;executing:    Mount;
28/06/19;09:32:42.600;INFO;Controller;Activity ExecRobotTask ended. Return value: Done True/False/False;
28/06/19;09:32:42.600;INFO;Controller;State = Ready;
28/06/19;09:32:42.615;INFO;Server;Command: ExecRobotTask (Park,500000);
28/06/19;09:32:42.615;INFO;Controller;Executing asynchronous activity: ExecRobotTask;
28/06/19;09:32:42.615;INFO;Controller;Status = Executing: Park;
28/06/19;09:32:42.615;INFO;Controller;State = Running;
28/06/19;09:32:43.456;INFO;Robot Runtime;executing:    Park;
28/06/19;09:32:46.807;INFO;Controller;Activity ExecRobotTask ended. Return value: Done;
28/06/19;09:32:46.808;INFO;Controller;State = Ready;
28/06/19;09:32:46.823;INFO;Server;Command: ExecRobotTask (UnlatchRobGov,500000);
28/06/19;09:32:46.823;INFO;Controller;Executing asynchronous activity: ExecRobotTask;
28/06/19;09:32:46.823;INFO;Controller;Status = Executing: UnlatchRobGov;
28/06/19;09:32:46.823;INFO;Controller;State = Running;
28/06/19;09:32:48.161;INFO;Robot Runtime;executing:    UnlatchRobGov;
28/06/19;09:32:48.558;INFO;Controller;Activity ExecRobotTask ended. Return value: Done;
28/06/19;09:32:48.558;INFO;Controller;State = Ready;
28/06/19;09:38:19.543;INFO;Server;Command: ExecRobotTask (Unmount,500000);
28/06/19;09:38:19.543;INFO;Controller;Executing asynchronous activity: ExecRobotTask;
28/06/19;09:38:19.543;INFO;Controller;Status = Executing: Unmount;
28/06/19;09:38:19.543;INFO;Controller;State = Running;
28/06/19;09:38:20.466;INFO;Robot Runtime;executing:    Unmount;
28/06/19;09:38:30.385;INFO;Controller;Activity ExecRobotTask ended. Return value: Done False/True/False;
28/06/19;09:38:30.385;INFO;Controller;State = Ready;
28/06/19;09:38:30.396;INFO;Server;Command: ExecRobotTask (Unload,500000);
28/06/19;09:38:30.396;INFO;Controller;Executing asynchronous activity: ExecRobotTask;
28/06/19;09:38:30.396;INFO;Controller;Status = Executing: Unload;
28/06/19;09:38:30.396;INFO;Controller;State = Running;
28/06/19;09:38:31.232;INFO;Robot Runtime;executing:    Unload;
28/06/19;09:38:35.743;INFO;Controller;Activity ExecRobotTask ended. Return value: Done False/False/False;
28/06/19;09:38:35.744;INFO;Controller;State = Ready;
28/06/19;09:38:35.837;INFO;Server;Command: ExecRobotTask (Initialize,500000);
28/06/19;09:38:35.837;INFO;Controller;Executing asynchronous activity: ExecRobotTask;
28/06/19;09:38:35.838;INFO;Controller;Status = Executing: Initialize;
28/06/19;09:38:35.838;INFO;Controller;State = Running;
28/06/19;09:38:37.152;INFO;Robot Runtime;executing:    Initialize;
28/06/19;09:38:37.322;INFO;Controller;Activity ExecRobotTask ended. Return value: Done;
28/06/19;09:38:37.322;INFO;Controller;State = Ready;
28/06/19;09:38:37.333;INFO;Server;Command: ExecRobotTask (Park,500000);
28/06/19;09:38:37.333;INFO;Controller;Executing asynchronous activity: ExecRobotTask;
28/06/19;09:38:37.333;INFO;Controller;Status = Executing: Park;
28/06/19;09:38:37.333;INFO;Controller;State = Running;
28/06/19;09:38:38.214;INFO;Robot Runtime;executing:    Park;
28/06/19;09:38:41.369;INFO;Controller;Activity ExecRobotTask ended. Return value: Done;
28/06/19;09:38:41.369;INFO;Controller;State = Ready;
28/06/19;09:47:08.077;INFO;Server;Command: ExecRobotTask (Initialize,500000);
28/06/19;09:47:08.078;INFO;Controller;Executing asynchronous activity: ExecRobotTask;
28/06/19;09:47:08.078;INFO;Controller;Status = Executing: Initialize;
28/06/19;09:47:08.078;INFO;Controller;State = Running;
28/06/19;09:47:08.988;INFO;Robot Runtime;executing:    Initialize;
28/06/19;09:47:10.411;INFO;Controller;Activity ExecRobotTask ended. Return value: Done;
28/06/19;09:47:10.411;INFO;Controller;State = Ready;
28/06/19;09:47:10.663;INFO;Server;Command: ExecRobotTask (Load,500000);
28/06/19;09:47:10.663;INFO;Controller;Executing asynchronous activity: ExecRobotTask;
28/06/19;09:47:10.663;INFO;Controller;Status = Executing: Load;
28/06/19;09:47:10.663;INFO;Controller;State = Running;
28/06/19;09:47:11.938;INFO;Robot Runtime;executing:    Load;
28/06/19;09:47:20.902;INFO;Controller;Activity ExecRobotTask ended. Return value: Done False/True/False;
28/06/19;09:47:20.903;INFO;Controller;State = Ready;
28/06/19;09:47:20.910;INFO;Server;Command: ExecRobotTask (Mount,500000);
28/06/19;09:47:20.911;INFO;Controller;Executing asynchronous activity: ExecRobotTask;
28/06/19;09:47:20.911;INFO;Controller;Status = Executing: Mount;
28/06/19;09:47:20.911;INFO;Controller;State = Running;
28/06/19;09:47:21.889;INFO;Robot Runtime;executing:    Mount;
28/06/19;09:47:30.561;INFO;Controller;Activity ExecRobotTask ended. Return value: Done True/False/False;
28/06/19;09:47:30.561;INFO;Controller;State = Ready;
28/06/19;09:47:30.570;INFO;Server;Command: ExecRobotTask (Park,500000);
28/06/19;09:47:30.570;INFO;Controller;Executing asynchronous activity: ExecRobotTask;
28/06/19;09:47:30.570;INFO;Controller;Status = Executing: Park;
28/06/19;09:47:30.571;INFO;Controller;State = Running;
28/06/19;09:47:31.400;INFO;Robot Runtime;executing:    Park;
28/06/19;09:47:34.848;INFO;Controller;Activity ExecRobotTask ended. Return value: Done;
28/06/19;09:47:34.848;INFO;Controller;State = Ready;
28/06/19;09:47:34.862;INFO;Server;Command: ExecRobotTask (UnlatchRobGov,500000);
28/06/19;09:47:34.863;INFO;Controller;Executing asynchronous activity: ExecRobotTask;
28/06/19;09:47:34.863;INFO;Controller;Status = Executing: UnlatchRobGov;
28/06/19;09:47:34.863;INFO;Controller;State = Running;
28/06/19;09:47:36.127;INFO;Robot Runtime;executing:    UnlatchRobGov;
28/06/19;09:47:36.592;INFO;Controller;Activity ExecRobotTask ended. Return value: Done;
28/06/19;09:47:36.592;INFO;Controller;State = Ready;
28/06/19;10:32:37.658;INFO;Server;Command: ExecRobotTask (Initialize,500000);
28/06/19;10:32:37.658;INFO;Controller;Executing asynchronous activity: ExecRobotTask;
28/06/19;10:32:37.659;INFO;Controller;Status = Executing: Initialize;
28/06/19;10:32:37.659;INFO;Controller;State = Running;
28/06/19;10:32:38.613;INFO;Robot Runtime;executing:    Initialize;
28/06/19;10:32:40.125;INFO;Controller;Activity ExecRobotTask ended. Return value: Done;
28/06/19;10:32:40.125;INFO;Controller;State = Ready;
28/06/19;10:32:40.344;INFO;Server;Command: ExecRobotTask (Unmount,500000);
28/06/19;10:32:40.345;INFO;Controller;Executing asynchronous activity: ExecRobotTask;
28/06/19;10:32:40.345;INFO;Controller;Status = Executing: Unmount;
28/06/19;10:32:40.345;INFO;Controller;State = Running;
28/06/19;10:32:41.279;INFO;Robot Runtime;executing:    Unmount;
28/06/19;10:32:51.363;INFO;Controller;Activity ExecRobotTask ended. Return value: Done False/True/False;
28/06/19;10:32:51.363;INFO;Controller;State = Ready;
28/06/19;10:32:51.380;INFO;Server;Command: ExecRobotTask (Unload,500000);
28/06/19;10:32:51.380;INFO;Controller;Executing asynchronous activity: ExecRobotTask;
28/06/19;10:32:51.380;INFO;Controller;Status = Executing: Unload;
28/06/19;10:32:51.380;INFO;Controller;State = Running;
28/06/19;10:32:52.630;INFO;Robot Runtime;executing:    Unload;
28/06/19;10:32:57.265;INFO;Controller;Activity ExecRobotTask ended. Return value: Done False/False/False;
28/06/19;10:32:57.265;INFO;Controller;State = Ready;
28/06/19;10:32:58.818;INFO;Server;Command: ExecRobotTask (Load,500000);
28/06/19;10:32:58.819;INFO;Controller;Executing asynchronous activity: ExecRobotTask;
28/06/19;10:32:58.819;INFO;Controller;Status = Executing: Load;
28/06/19;10:32:58.819;INFO;Controller;State = Running;
28/06/19;10:32:59.841;INFO;Robot Runtime;executing:    Load;
28/06/19;10:33:06.141;INFO;Controller;Activity ExecRobotTask ended. Return value: Done False/True/False;
28/06/19;10:33:06.141;INFO;Controller;State = Ready;
28/06/19;10:33:06.155;INFO;Server;Command: ExecRobotTask (Mount,500000);
28/06/19;10:33:06.155;INFO;Controller;Executing asynchronous activity: ExecRobotTask;
28/06/19;10:33:06.155;INFO;Controller;Status = Executing: Mount;
28/06/19;10:33:06.155;INFO;Controller;State = Running;
28/06/19;10:33:07.389;INFO;Robot Runtime;executing:    Mount;
28/06/19;10:33:13.067;INFO;Controller;Activity ExecRobotTask ended. Return value: Done True/False/False;
28/06/19;10:33:13.067;INFO;Controller;State = Ready;
28/06/19;10:33:13.078;INFO;Server;Command: ExecRobotTask (Park,500000);
28/06/19;10:33:13.078;INFO;Controller;Executing asynchronous activity: ExecRobotTask;
28/06/19;10:33:13.078;INFO;Controller;Status = Executing: Park;
28/06/19;10:33:13.078;INFO;Controller;State = Running;
28/06/19;10:33:13.922;INFO;Robot Runtime;executing:    Park;
28/06/19;10:33:17.363;INFO;Controller;Activity ExecRobotTask ended. Return value: Done;
28/06/19;10:33:17.363;INFO;Controller;State = Ready;
28/06/19;10:33:17.381;INFO;Server;Command: ExecRobotTask (UnlatchRobGov,500000);
28/06/19;10:33:17.382;INFO;Controller;Executing asynchronous activity: ExecRobotTask;
28/06/19;10:33:17.382;INFO;Controller;Status = Executing: UnlatchRobGov;
28/06/19;10:33:17.382;INFO;Controller;State = Running;
28/06/19;10:33:18.412;INFO;Robot Runtime;executing:    UnlatchRobGov;
28/06/19;10:33:18.829;INFO;Controller;Activity ExecRobotTask ended. Return value: Done;
28/06/19;10:33:18.829;INFO;Controller;State = Ready;
28/06/19;10:38:49.134;INFO;Server;Command: ExecRobotTask (Unmount,500000);
28/06/19;10:38:49.134;INFO;Controller;Executing asynchronous activity: ExecRobotTask;
28/06/19;10:38:49.134;INFO;Controller;Status = Executing: Unmount;
28/06/19;10:38:49.134;INFO;Controller;State = Running;
28/06/19;10:38:50.349;INFO;Robot Runtime;executing:    Unmount;
28/06/19;10:38:58.735;INFO;Controller;Activity ExecRobotTask ended. Return value: Done False/True/False;
28/06/19;10:38:58.735;INFO;Controller;State = Ready;
28/06/19;10:38:58.792;INFO;Server;Command: ExecRobotTask (Unload,500000);
28/06/19;10:38:58.792;INFO;Controller;Executing asynchronous activity: ExecRobotTask;
28/06/19;10:38:58.792;INFO;Controller;Status = Executing: Unload;
28/06/19;10:38:58.792;INFO;Controller;State = Running;
28/06/19;10:38:59.644;INFO;Robot Runtime;executing:    Unload;
28/06/19;10:39:04.024;INFO;Controller;Activity ExecRobotTask ended. Return value: Done False/False/False;
28/06/19;10:39:04.024;INFO;Controller;State = Ready;
28/06/19;10:39:05.615;INFO;Server;Command: ExecRobotTask (Load,500000);
28/06/19;10:39:05.615;INFO;Controller;Executing asynchronous activity: ExecRobotTask;
28/06/19;10:39:05.615;INFO;Controller;Status = Executing: Load;
28/06/19;10:39:05.615;INFO;Controller;State = Running;
28/06/19;10:39:06.990;INFO;Robot Runtime;executing:    Load;
28/06/19;10:39:13.192;INFO;Controller;Activity ExecRobotTask ended. Return value: Done False/True/False;
28/06/19;10:39:13.192;INFO;Controller;State = Ready;
28/06/19;10:39:13.205;INFO;Server;Command: ExecRobotTask (Mount,500000);
28/06/19;10:39:13.205;INFO;Controller;Executing asynchronous activity: ExecRobotTask;
28/06/19;10:39:13.205;INFO;Controller;Status = Executing: Mount;
28/06/19;10:39:13.205;INFO;Controller;State = Running;
28/06/19;10:39:14.073;INFO;Robot Runtime;executing:    Mount;
28/06/19;10:39:20.587;INFO;Controller;Activity ExecRobotTask ended. Return value: Done True/False/False;
28/06/19;10:39:20.588;INFO;Controller;State = Ready;
28/06/19;10:39:20.602;INFO;Server;Command: ExecRobotTask (Park,500000);
28/06/19;10:39:20.602;INFO;Controller;Executing asynchronous activity: ExecRobotTask;
28/06/19;10:39:20.602;INFO;Controller;Status = Executing: Park;
28/06/19;10:39:20.602;INFO;Controller;State = Running;
28/06/19;10:39:21.433;INFO;Robot Runtime;executing:    Park;
28/06/19;10:39:24.880;INFO;Controller;Activity ExecRobotTask ended. Return value: Done;
28/06/19;10:39:24.880;INFO;Controller;State = Ready;
28/06/19;10:39:24.889;INFO;Server;Command: ExecRobotTask (UnlatchRobGov,500000);
28/06/19;10:39:24.890;INFO;Controller;Executing asynchronous activity: ExecRobotTask;
28/06/19;10:39:24.890;INFO;Controller;Status = Executing: UnlatchRobGov;
28/06/19;10:39:24.890;INFO;Controller;State = Running;
28/06/19;10:39:26.261;INFO;Robot Runtime;executing:    UnlatchRobGov;
28/06/19;10:39:26.635;INFO;Controller;Activity ExecRobotTask ended. Return value: Done;
28/06/19;10:39:26.635;INFO;Controller;State = Ready;
28/06/19;11:03:29.260;INFO;Server;Command: ExecRobotTask (Unmount,500000);
28/06/19;11:03:29.260;INFO;Controller;Executing asynchronous activity: ExecRobotTask;
28/06/19;11:03:29.260;INFO;Controller;Status = Executing: Unmount;
28/06/19;11:03:29.261;INFO;Controller;State = Running;
28/06/19;11:03:30.185;INFO;Robot Runtime;executing:    Unmount;
28/06/19;11:03:40.289;INFO;Controller;Activity ExecRobotTask ended. Return value: Done False/True/False;
28/06/19;11:03:40.290;INFO;Controller;State = Ready;
28/06/19;11:03:40.332;INFO;Server;Command: ExecRobotTask (Unload,500000);
28/06/19;11:03:40.332;INFO;Controller;Executing asynchronous activity: ExecRobotTask;
28/06/19;11:03:40.332;INFO;Controller;Status = Executing: Unload;
28/06/19;11:03:40.332;INFO;Controller;State = Running;
28/06/19;11:03:41.163;INFO;Robot Runtime;executing:    Unload;
28/06/19;11:03:45.674;INFO;Controller;Activity ExecRobotTask ended. Return value: Done False/False/False;
28/06/19;11:03:45.674;INFO;Controller;State = Ready;
28/06/19;11:03:47.264;INFO;Server;Command: ExecRobotTask (Load,500000);
28/06/19;11:03:47.264;INFO;Controller;Executing asynchronous activity: ExecRobotTask;
28/06/19;11:03:47.264;INFO;Controller;Status = Executing: Load;
28/06/19;11:03:47.264;INFO;Controller;State = Running;
28/06/19;11:03:48.583;INFO;Robot Runtime;executing:    Load;
28/06/19;11:03:54.842;INFO;Controller;Activity ExecRobotTask ended. Return value: Done False/True/False;
28/06/19;11:03:54.842;INFO;Controller;State = Ready;
28/06/19;11:03:54.851;INFO;Server;Command: ExecRobotTask (Mount,500000);
28/06/19;11:03:54.851;INFO;Controller;Executing asynchronous activity: ExecRobotTask;
28/06/19;11:03:54.851;INFO;Controller;Status = Executing: Mount;
28/06/19;11:03:54.851;INFO;Controller;State = Running;
28/06/19;11:03:55.769;INFO;Robot Runtime;executing:    Mount;
28/06/19;11:04:02.264;INFO;Controller;Activity ExecRobotTask ended. Return value: Done True/False/False;
28/06/19;11:04:02.264;INFO;Controller;State = Ready;
28/06/19;11:04:02.274;INFO;Server;Command: ExecRobotTask (Park,500000);
28/06/19;11:04:02.274;INFO;Controller;Executing asynchronous activity: ExecRobotTask;
28/06/19;11:04:02.274;INFO;Controller;Status = Executing: Park;
28/06/19;11:04:02.274;INFO;Controller;State = Running;
28/06/19;11:04:03.105;INFO;Robot Runtime;executing:    Park;
28/06/19;11:04:06.300;INFO;Controller;Activity ExecRobotTask ended. Return value: Done;
28/06/19;11:04:06.300;INFO;Controller;State = Ready;
28/06/19;11:04:06.309;INFO;Server;Command: ExecRobotTask (UnlatchRobGov,500000);
28/06/19;11:04:06.309;INFO;Controller;Executing asynchronous activity: ExecRobotTask;
28/06/19;11:04:06.309;INFO;Controller;Status = Executing: UnlatchRobGov;
28/06/19;11:04:06.309;INFO;Controller;State = Running;
28/06/19;11:04:07.648;INFO;Robot Runtime;executing:    UnlatchRobGov;
28/06/19;11:04:08.043;INFO;Controller;Activity ExecRobotTask ended. Return value: Done;
28/06/19;11:04:08.044;INFO;Controller;State = Ready;
28/06/19;11:05:36.214;INFO;Server;Command: ExecRobotTask (Unmount,500000);
28/06/19;11:05:36.215;INFO;Controller;Executing asynchronous activity: ExecRobotTask;
28/06/19;11:05:36.215;INFO;Controller;Status = Executing: Unmount;
28/06/19;11:05:36.215;INFO;Controller;State = Running;
28/06/19;11:05:37.131;INFO;Robot Runtime;executing:    Unmount;
28/06/19;11:05:45.413;INFO;Controller;Activity ExecRobotTask ended. Return value: Done False/True/False;
28/06/19;11:05:45.413;INFO;Controller;State = Ready;
28/06/19;11:05:45.427;INFO;Server;Command: ExecRobotTask (Unload,500000);
28/06/19;11:05:45.427;INFO;Controller;Executing asynchronous activity: ExecRobotTask;
28/06/19;11:05:45.427;INFO;Controller;Status = Executing: Unload;
28/06/19;11:05:45.427;INFO;Controller;State = Running;
28/06/19;11:05:46.262;INFO;Robot Runtime;executing:    Unload;
28/06/19;11:05:50.799;INFO;Controller;Activity ExecRobotTask ended. Return value: Done False/False/False;
28/06/19;11:05:50.799;INFO;Controller;State = Ready;
28/06/19;11:05:52.336;INFO;Server;Command: ExecRobotTask (Load,500000);
28/06/19;11:05:52.336;INFO;Controller;Executing asynchronous activity: ExecRobotTask;
28/06/19;11:05:52.336;INFO;Controller;Status = Executing: Load;
28/06/19;11:05:52.336;INFO;Controller;State = Running;
28/06/19;11:05:53.679;INFO;Robot Runtime;executing:    Load;
28/06/19;11:06:00.031;INFO;Controller;Activity ExecRobotTask ended. Return value: Done False/True/False;
28/06/19;11:06:00.031;INFO;Controller;State = Ready;
28/06/19;11:06:00.048;INFO;Server;Command: ExecRobotTask (Mount,500000);
28/06/19;11:06:00.048;INFO;Controller;Executing asynchronous activity: ExecRobotTask;
28/06/19;11:06:00.048;INFO;Controller;Status = Executing: Mount;
28/06/19;11:06:00.048;INFO;Controller;State = Running;
28/06/19;11:06:00.967;INFO;Robot Runtime;executing:    Mount;
28/06/19;11:06:06.283;INFO;Controller;Activity ExecRobotTask ended. Return value: Done True/False/False;
28/06/19;11:06:06.283;INFO;Controller;State = Ready;
28/06/19;11:06:06.301;INFO;Server;Command: ExecRobotTask (Park,500000);
28/06/19;11:06:06.301;INFO;Controller;Executing asynchronous activity: ExecRobotTask;
28/06/19;11:06:06.301;INFO;Controller;Status = Executing: Park;
28/06/19;11:06:06.301;INFO;Controller;State = Running;
28/06/19;11:06:07.133;INFO;Robot Runtime;executing:    Park;
28/06/19;11:06:10.507;INFO;Controller;Activity ExecRobotTask ended. Return value: Done;
28/06/19;11:06:10.507;INFO;Controller;State = Ready;
28/06/19;11:06:10.527;INFO;Server;Command: ExecRobotTask (UnlatchRobGov,500000);
28/06/19;11:06:10.527;INFO;Controller;Executing asynchronous activity: ExecRobotTask;
28/06/19;11:06:10.527;INFO;Controller;Status = Executing: UnlatchRobGov;
28/06/19;11:06:10.527;INFO;Controller;State = Running;
28/06/19;11:06:11.870;INFO;Robot Runtime;executing:    UnlatchRobGov;
28/06/19;11:06:12.260;INFO;Controller;Activity ExecRobotTask ended. Return value: Done;
28/06/19;11:06:12.260;INFO;Controller;State = Ready;
28/06/19;11:06:43.639;INFO;Server;Command: ExecRobotTask (Unmount,500000);
28/06/19;11:06:43.639;INFO;Controller;Executing asynchronous activity: ExecRobotTask;
28/06/19;11:06:43.639;INFO;Controller;Status = Executing: Unmount;
28/06/19;11:06:43.639;INFO;Controller;State = Running;
28/06/19;11:06:44.558;INFO;Robot Runtime;executing:    Unmount;
28/06/19;11:06:54.626;INFO;Controller;Activity ExecRobotTask ended. Return value: Done False/True/False;
28/06/19;11:06:54.626;INFO;Controller;State = Ready;
28/06/19;11:06:54.643;INFO;Server;Command: ExecRobotTask (Unload,500000);
28/06/19;11:06:54.643;INFO;Controller;Executing asynchronous activity: ExecRobotTask;
28/06/19;11:06:54.643;INFO;Controller;Status = Executing: Unload;
28/06/19;11:06:54.643;INFO;Controller;State = Running;
28/06/19;11:06:55.480;INFO;Robot Runtime;executing:    Unload;
28/06/19;11:06:59.993;INFO;Controller;Activity ExecRobotTask ended. Return value: Done False/False/False;
28/06/19;11:06:59.993;INFO;Controller;State = Ready;
28/06/19;11:07:00.099;INFO;Server;Command: ExecRobotTask (UnlatchRobGov,500000);
28/06/19;11:07:00.099;INFO;Controller;Executing asynchronous activity: ExecRobotTask;
28/06/19;11:07:00.099;INFO;Controller;Status = Executing: UnlatchRobGov;
28/06/19;11:07:00.099;INFO;Controller;State = Running;
28/06/19;11:07:01.448;INFO;Robot Runtime;executing:    UnlatchRobGov;
28/06/19;11:07:01.990;INFO;Controller;Activity ExecRobotTask ended. Return value: Done;
28/06/19;11:07:01.990;INFO;Controller;State = Ready;
28/06/19;11:07:02.002;INFO;Server;Command: ExecRobotTask (Finish,500000);
28/06/19;11:07:02.002;INFO;Controller;Executing asynchronous activity: ExecRobotTask;
28/06/19;11:07:02.002;INFO;Controller;Status = Executing: Finish;
28/06/19;11:07:02.003;INFO;Controller;State = Running;
28/06/19;11:07:02.934;INFO;Robot Runtime;executing:    Finish;
28/06/19;11:09:45.767;INFO;Controller;Activity ExecRobotTask ended. Return value: Done;
28/06/19;11:09:45.767;INFO;Controller;State = Ready;
28/06/19;11:09:56.148;INFO;Server;Command: ExecRobotTask (Initialize,500000);
28/06/19;11:09:56.148;INFO;Controller;Executing asynchronous activity: ExecRobotTask;
28/06/19;11:09:56.148;INFO;Controller;Status = Executing: Initialize;
28/06/19;11:09:56.148;INFO;Controller;State = Running;
28/06/19;11:09:57.076;INFO;Robot Runtime;executing:    Initialize;
28/06/19;11:09:58.322;INFO;Controller;Activity ExecRobotTask ended. Return value: Done;
28/06/19;11:09:58.322;INFO;Controller;State = Ready;
28/06/19;11:09:58.337;INFO;Server;Command: ExecRobotTask (LatchRobGov,500000);
28/06/19;11:09:58.338;INFO;Controller;Executing asynchronous activity: ExecRobotTask;
28/06/19;11:09:58.338;INFO;Controller;Status = Executing: LatchRobGov;
28/06/19;11:09:58.338;INFO;Controller;State = Running;
28/06/19;11:09:59.637;INFO;Robot Runtime;executing:    LatchRobGov;
28/06/19;11:10:00.322;INFO;Controller;Activity ExecRobotTask ended. Return value: Done;
28/06/19;11:10:00.322;INFO;Controller;State = Ready;
28/06/19;11:10:00.337;INFO;Server;Command: ExecRobotTask (TraceSample,500000);
28/06/19;11:10:00.337;INFO;Controller;Executing asynchronous activity: ExecRobotTask;
28/06/19;11:10:00.337;INFO;Controller;Status = Executing: TraceSample;
28/06/19;11:10:00.337;INFO;Controller;State = Running;
28/06/19;11:10:01.285;INFO;Robot Runtime;executing:    TraceSample;
28/06/19;11:10:01.881;INFO;Controller;Activity ExecRobotTask ended. Return value: Done False/False/False;
28/06/19;11:10:01.881;INFO;Controller;State = Ready;
28/06/19;11:10:01.904;INFO;Server;Command: ExecRobotTask (CoolDown,500000);
28/06/19;11:10:01.904;INFO;Controller;Executing asynchronous activity: ExecRobotTask;
28/06/19;11:10:01.904;INFO;Controller;Status = Executing: CoolDown;
28/06/19;11:10:01.904;INFO;Controller;State = Running;
28/06/19;11:10:02.747;INFO;Robot Runtime;executing:    CoolDown;
28/06/19;11:11:34.011;INFO;Controller;Activity ExecRobotTask ended. Return value: Done;
28/06/19;11:11:34.011;INFO;Controller;State = Ready;
28/06/19;11:11:34.214;INFO;Server;Command: ExecRobotTask (Load,500000);
28/06/19;11:11:34.214;INFO;Controller;Executing asynchronous activity: ExecRobotTask;
28/06/19;11:11:34.214;INFO;Controller;Status = Executing: Load;
28/06/19;11:11:34.214;INFO;Controller;State = Running;
28/06/19;11:11:35.486;INFO;Robot Runtime;executing:    Load;
28/06/19;11:11:44.495;INFO;Controller;Activity ExecRobotTask ended. Return value: Done False/True/False;
28/06/19;11:11:44.495;INFO;Controller;State = Ready;
28/06/19;11:11:44.508;INFO;Server;Command: ExecRobotTask (Mount,500000);
28/06/19;11:11:44.508;INFO;Controller;Executing asynchronous activity: ExecRobotTask;
28/06/19;11:11:44.508;INFO;Controller;Status = Executing: Mount;
28/06/19;11:11:44.508;INFO;Controller;State = Running;
28/06/19;11:11:45.485;INFO;Robot Runtime;executing:    Mount;
28/06/19;11:11:51.121;INFO;Controller;Activity ExecRobotTask ended. Return value: Done True/False/False;
28/06/19;11:11:51.121;INFO;Controller;State = Ready;
28/06/19;11:11:51.137;INFO;Server;Command: ExecRobotTask (Park,500000);
28/06/19;11:11:51.138;INFO;Controller;Executing asynchronous activity: ExecRobotTask;
28/06/19;11:11:51.138;INFO;Controller;Status = Executing: Park;
28/06/19;11:11:51.138;INFO;Controller;State = Running;
28/06/19;11:11:51.967;INFO;Robot Runtime;executing:    Park;
28/06/19;11:11:55.401;INFO;Controller;Activity ExecRobotTask ended. Return value: Done;
28/06/19;11:11:55.401;INFO;Controller;State = Ready;
28/06/19;11:11:55.419;INFO;Server;Command: ExecRobotTask (UnlatchRobGov,500000);
28/06/19;11:11:55.419;INFO;Controller;Executing asynchronous activity: ExecRobotTask;
28/06/19;11:11:55.419;INFO;Controller;Status = Executing: UnlatchRobGov;
28/06/19;11:11:55.419;INFO;Controller;State = Running;
28/06/19;11:11:56.712;INFO;Robot Runtime;executing:    UnlatchRobGov;
28/06/19;11:11:57.152;INFO;Controller;Activity ExecRobotTask ended. Return value: Done;
28/06/19;11:11:57.152;INFO;Controller;State = Ready;
28/06/19;11:12:33.805;INFO;Server;Command: ExecRobotTask (Unmount,500000);
28/06/19;11:12:33.805;INFO;Controller;Executing asynchronous activity: ExecRobotTask;
28/06/19;11:12:33.805;INFO;Controller;Status = Executing: Unmount;
28/06/19;11:12:33.805;INFO;Controller;State = Running;
28/06/19;11:12:34.782;INFO;Robot Runtime;executing:    Unmount;
28/06/19;11:12:43.398;INFO;Controller;Activity ExecRobotTask ended. Return value: Done False/True/False;
28/06/19;11:12:43.398;INFO;Controller;State = Ready;
28/06/19;11:12:43.409;INFO;Server;Command: ExecRobotTask (Unload,500000);
28/06/19;11:12:43.409;INFO;Controller;Executing asynchronous activity: ExecRobotTask;
28/06/19;11:12:43.409;INFO;Controller;Status = Executing: Unload;
28/06/19;11:12:43.409;INFO;Controller;State = Running;
28/06/19;11:12:44.245;INFO;Robot Runtime;executing:    Unload;
28/06/19;11:12:48.932;INFO;Controller;Activity ExecRobotTask ended. Return value: Done False/False/False;
28/06/19;11:12:48.932;INFO;Controller;State = Ready;
28/06/19;11:12:49.040;INFO;Server;Command: ExecRobotTask (Initialize,500000);
28/06/19;11:12:49.041;INFO;Controller;Executing asynchronous activity: ExecRobotTask;
28/06/19;11:12:49.041;INFO;Controller;Status = Executing: Initialize;
28/06/19;11:12:49.041;INFO;Controller;State = Running;
28/06/19;11:12:50.279;INFO;Robot Runtime;executing:    Initialize;
28/06/19;11:12:50.668;INFO;Controller;Activity ExecRobotTask ended. Return value: Done;
28/06/19;11:12:50.668;INFO;Controller;State = Ready;
28/06/19;11:12:50.683;INFO;Server;Command: ExecRobotTask (Park,500000);
28/06/19;11:12:50.683;INFO;Controller;Executing asynchronous activity: ExecRobotTask;
28/06/19;11:12:50.683;INFO;Controller;Status = Executing: Park;
28/06/19;11:12:50.683;INFO;Controller;State = Running;
28/06/19;11:12:51.638;INFO;Robot Runtime;executing:    Park;
28/06/19;11:12:54.795;INFO;Controller;Activity ExecRobotTask ended. Return value: Done;
28/06/19;11:12:54.795;INFO;Controller;State = Ready;
28/06/19;11:13:11.147;INFO;Server;Command: ExecRobotTask (Initialize,500000);
28/06/19;11:13:11.147;INFO;Controller;Executing asynchronous activity: ExecRobotTask;
28/06/19;11:13:11.147;INFO;Controller;Status = Executing: Initialize;
28/06/19;11:13:11.147;INFO;Controller;State = Running;
28/06/19;11:13:11.962;INFO;Robot Runtime;executing:    Initialize;
28/06/19;11:13:12.490;INFO;Controller;Activity ExecRobotTask ended. Return value: Done;
28/06/19;11:13:12.490;INFO;Controller;State = Ready;
28/06/19;11:13:12.711;INFO;Server;Command: ExecRobotTask (Load,500000);
28/06/19;11:13:12.711;INFO;Controller;Executing asynchronous activity: ExecRobotTask;
28/06/19;11:13:12.711;INFO;Controller;Status = Executing: Load;
28/06/19;11:13:12.711;INFO;Controller;State = Running;
28/06/19;11:13:13.989;INFO;Robot Runtime;executing:    Load;
28/06/19;11:13:22.996;INFO;Controller;Activity ExecRobotTask ended. Return value: Done False/True/False;
28/06/19;11:13:22.996;INFO;Controller;State = Ready;
28/06/19;11:13:23.015;INFO;Server;Command: ExecRobotTask (Mount,500000);
28/06/19;11:13:23.015;INFO;Controller;Executing asynchronous activity: ExecRobotTask;
28/06/19;11:13:23.015;INFO;Controller;Status = Executing: Mount;
28/06/19;11:13:23.015;INFO;Controller;State = Running;
28/06/19;11:13:23.993;INFO;Robot Runtime;executing:    Mount;
28/06/19;11:13:31.421;INFO;Controller;Activity ExecRobotTask ended. Return value: Done True/False/False;
28/06/19;11:13:31.421;INFO;Controller;State = Ready;
28/06/19;11:13:31.438;INFO;Server;Command: ExecRobotTask (Park,500000);
28/06/19;11:13:31.438;INFO;Controller;Executing asynchronous activity: ExecRobotTask;
28/06/19;11:13:31.438;INFO;Controller;Status = Executing: Park;
28/06/19;11:13:31.438;INFO;Controller;State = Running;
28/06/19;11:13:32.270;INFO;Robot Runtime;executing:    Park;
28/06/19;11:13:35.289;INFO;Controller;Activity ExecRobotTask ended. Return value: Done;
28/06/19;11:13:35.290;INFO;Controller;State = Ready;
28/06/19;11:13:35.300;INFO;Server;Command: ExecRobotTask (UnlatchRobGov,500000);
28/06/19;11:13:35.300;INFO;Controller;Executing asynchronous activity: ExecRobotTask;
28/06/19;11:13:35.300;INFO;Controller;Status = Executing: UnlatchRobGov;
28/06/19;11:13:35.300;INFO;Controller;State = Running;
28/06/19;11:13:36.592;INFO;Robot Runtime;executing:    UnlatchRobGov;
28/06/19;11:13:36.952;INFO;Controller;Activity ExecRobotTask ended. Return value: Done;
28/06/19;11:13:36.952;INFO;Controller;State = Ready;
28/06/19;11:14:57.514;INFO;Server;Command: ExecRobotTask (Unmount,500000);
28/06/19;11:14:57.515;INFO;Controller;Executing asynchronous activity: ExecRobotTask;
28/06/19;11:14:57.515;INFO;Controller;Status = Executing: Unmount;
28/06/19;11:14:57.515;INFO;Controller;State = Running;
28/06/19;11:14:58.497;INFO;Robot Runtime;executing:    Unmount;
28/06/19;11:15:08.548;INFO;Controller;Activity ExecRobotTask ended. Return value: Done False/True/False;
28/06/19;11:15:08.548;INFO;Controller;State = Ready;
28/06/19;11:15:08.569;INFO;Server;Command: ExecRobotTask (Unload,500000);
28/06/19;11:15:08.569;INFO;Controller;Executing asynchronous activity: ExecRobotTask;
28/06/19;11:15:08.569;INFO;Controller;Status = Executing: Unload;
28/06/19;11:15:08.569;INFO;Controller;State = Running;
28/06/19;11:15:09.396;INFO;Robot Runtime;executing:    Unload;
28/06/19;11:15:13.908;INFO;Controller;Activity ExecRobotTask ended. Return value: Done False/False/False;
28/06/19;11:15:13.908;INFO;Controller;State = Ready;
28/06/19;11:15:15.458;INFO;Server;Command: ExecRobotTask (Load,500000);
28/06/19;11:15:15.459;INFO;Controller;Executing asynchronous activity: ExecRobotTask;
28/06/19;11:15:15.459;INFO;Controller;Status = Executing: Load;
28/06/19;11:15:15.459;INFO;Controller;State = Running;
28/06/19;11:15:16.730;INFO;Robot Runtime;executing:    Load;
28/06/19;11:15:23.080;INFO;Controller;Activity ExecRobotTask ended. Return value: Done False/True/False;
28/06/19;11:15:23.080;INFO;Controller;State = Ready;
28/06/19;11:15:23.104;INFO;Server;Command: ExecRobotTask (Mount,500000);
28/06/19;11:15:23.104;INFO;Controller;Executing asynchronous activity: ExecRobotTask;
28/06/19;11:15:23.104;INFO;Controller;Status = Executing: Mount;
28/06/19;11:15:23.104;INFO;Controller;State = Running;
28/06/19;11:15:24.074;INFO;Robot Runtime;executing:    Mount;
28/06/19;11:15:29.810;INFO;Controller;Activity ExecRobotTask ended. Return value: Done True/False/False;
28/06/19;11:15:29.810;INFO;Controller;State = Ready;
28/06/19;11:15:29.837;INFO;Server;Command: ExecRobotTask (Park,500000);
28/06/19;11:15:29.837;INFO;Controller;Executing asynchronous activity: ExecRobotTask;
28/06/19;11:15:29.837;INFO;Controller;Status = Executing: Park;
28/06/19;11:15:29.837;INFO;Controller;State = Running;
28/06/19;11:15:30.670;INFO;Robot Runtime;executing:    Park;
28/06/19;11:15:34.026;INFO;Controller;Activity ExecRobotTask ended. Return value: Done;
28/06/19;11:15:34.026;INFO;Controller;State = Ready;
28/06/19;11:15:34.047;INFO;Server;Command: ExecRobotTask (UnlatchRobGov,500000);
28/06/19;11:15:34.048;INFO;Controller;Executing asynchronous activity: ExecRobotTask;
28/06/19;11:15:34.048;INFO;Controller;Status = Executing: UnlatchRobGov;
28/06/19;11:15:34.048;INFO;Controller;State = Running;
28/06/19;11:15:35.351;INFO;Robot Runtime;executing:    UnlatchRobGov;
28/06/19;11:15:35.767;INFO;Controller;Activity ExecRobotTask ended. Return value: Done;
28/06/19;11:15:35.768;INFO;Controller;State = Ready;
28/06/19;11:16:07.074;INFO;Server;Command: ExecRobotTask (Unmount,500000);
28/06/19;11:16:07.074;INFO;Controller;Executing asynchronous activity: ExecRobotTask;
28/06/19;11:16:07.074;INFO;Controller;Status = Executing: Unmount;
28/06/19;11:16:07.075;INFO;Controller;State = Running;
28/06/19;11:16:08.042;INFO;Robot Runtime;executing:    Unmount;
28/06/19;11:16:18.816;INFO;Controller;Activity ExecRobotTask ended. Return value: Done False/True/False;
28/06/19;11:16:18.816;INFO;Controller;State = Ready;
28/06/19;11:16:18.844;INFO;Server;Command: ExecRobotTask (Unload,500000);
28/06/19;11:16:18.844;INFO;Controller;Executing asynchronous activity: ExecRobotTask;
28/06/19;11:16:18.844;INFO;Controller;Status = Executing: Unload;
28/06/19;11:16:18.844;INFO;Controller;State = Running;
28/06/19;11:16:19.680;INFO;Robot Runtime;executing:    Unload;
28/06/19;11:16:23.935;INFO;Controller;Activity ExecRobotTask ended. Return value: Done False/False/False;
28/06/19;11:16:23.935;INFO;Controller;State = Ready;
28/06/19;11:16:24.030;INFO;Server;Command: ExecRobotTask (Initialize,500000);
28/06/19;11:16:24.031;INFO;Controller;Executing asynchronous activity: ExecRobotTask;
28/06/19;11:16:24.031;INFO;Controller;Status = Executing: Initialize;
28/06/19;11:16:24.031;INFO;Controller;State = Running;
28/06/19;11:16:25.301;INFO;Robot Runtime;executing:    Initialize;
28/06/19;11:16:25.832;INFO;Controller;Activity ExecRobotTask ended. Return value: Done;
28/06/19;11:16:25.832;INFO;Controller;State = Ready;
28/06/19;11:16:25.851;INFO;Server;Command: ExecRobotTask (Park,500000);
28/06/19;11:16:25.851;INFO;Controller;Executing asynchronous activity: ExecRobotTask;
28/06/19;11:16:25.851;INFO;Controller;Status = Executing: Park;
28/06/19;11:16:25.852;INFO;Controller;State = Running;
28/06/19;11:16:26.782;INFO;Robot Runtime;executing:    Park;
28/06/19;11:16:30.132;INFO;Controller;Activity ExecRobotTask ended. Return value: Done;
28/06/19;11:16:30.132;INFO;Controller;State = Ready;
28/06/19;11:17:22.966;INFO;Server;Command: ExecRobotTask (Initialize,500000);
28/06/19;11:17:22.966;INFO;Controller;Executing asynchronous activity: ExecRobotTask;
28/06/19;11:17:22.966;INFO;Controller;Status = Executing: Initialize;
28/06/19;11:17:22.966;INFO;Controller;State = Running;
28/06/19;11:17:23.785;INFO;Robot Runtime;executing:    Initialize;
28/06/19;11:17:24.286;INFO;Controller;Activity ExecRobotTask ended. Return value: Done;
28/06/19;11:17:24.287;INFO;Controller;State = Ready;
28/06/19;11:17:24.517;INFO;Server;Command: ExecRobotTask (Load,500000);
28/06/19;11:17:24.517;INFO;Controller;Executing asynchronous activity: ExecRobotTask;
28/06/19;11:17:24.517;INFO;Controller;Status = Executing: Load;
28/06/19;11:17:24.517;INFO;Controller;State = Running;
28/06/19;11:17:25.797;INFO;Robot Runtime;executing:    Load;
28/06/19;11:17:34.777;INFO;Controller;Activity ExecRobotTask ended. Return value: Done False/True/False;
28/06/19;11:17:34.778;INFO;Controller;State = Ready;
28/06/19;11:17:34.807;INFO;Server;Command: ExecRobotTask (Mount,500000);
28/06/19;11:17:34.808;INFO;Controller;Executing asynchronous activity: ExecRobotTask;
28/06/19;11:17:34.808;INFO;Controller;Status = Executing: Mount;
28/06/19;11:17:34.808;INFO;Controller;State = Running;
28/06/19;11:17:35.756;INFO;Robot Runtime;executing:    Mount;
28/06/19;11:17:44.453;INFO;Controller;Activity ExecRobotTask ended. Return value: Done True/False/False;
28/06/19;11:17:44.453;INFO;Controller;State = Ready;
28/06/19;11:17:44.467;INFO;Server;Command: ExecRobotTask (Park,500000);
28/06/19;11:17:44.467;INFO;Controller;Executing asynchronous activity: ExecRobotTask;
28/06/19;11:17:44.467;INFO;Controller;Status = Executing: Park;
28/06/19;11:17:44.467;INFO;Controller;State = Running;
28/06/19;11:17:45.297;INFO;Robot Runtime;executing:    Park;
28/06/19;11:17:48.320;INFO;Controller;Activity ExecRobotTask ended. Return value: Done;
28/06/19;11:17:48.320;INFO;Controller;State = Ready;
28/06/19;11:17:48.343;INFO;Server;Command: ExecRobotTask (UnlatchRobGov,500000);
28/06/19;11:17:48.343;INFO;Controller;Executing asynchronous activity: ExecRobotTask;
28/06/19;11:17:48.343;INFO;Controller;Status = Executing: UnlatchRobGov;
28/06/19;11:17:48.343;INFO;Controller;State = Running;
28/06/19;11:17:49.650;INFO;Robot Runtime;executing:    UnlatchRobGov;
28/06/19;11:17:49.815;INFO;Controller;Activity ExecRobotTask ended. Return value: Done;
28/06/19;11:17:49.815;INFO;Controller;State = Ready;
28/06/19;11:27:39.587;INFO;Server;Command: ExecRobotTask (Unmount,500000);
28/06/19;11:27:39.587;INFO;Controller;Executing asynchronous activity: ExecRobotTask;
28/06/19;11:27:39.587;INFO;Controller;Status = Executing: Unmount;
28/06/19;11:27:39.587;INFO;Controller;State = Running;
28/06/19;11:27:40.541;INFO;Robot Runtime;executing:    Unmount;
28/06/19;11:27:50.322;INFO;Controller;Activity ExecRobotTask ended. Return value: Done False/True/False;
28/06/19;11:27:50.322;INFO;Controller;State = Ready;
28/06/19;11:27:50.359;INFO;Server;Command: ExecRobotTask (Unload,500000);
28/06/19;11:27:50.359;INFO;Controller;Executing asynchronous activity: ExecRobotTask;
28/06/19;11:27:50.359;INFO;Controller;Status = Executing: Unload;
28/06/19;11:27:50.359;INFO;Controller;State = Running;
28/06/19;11:27:51.193;INFO;Robot Runtime;executing:    Unload;
28/06/19;11:27:55.690;INFO;Controller;Activity ExecRobotTask ended. Return value: Done False/False/False;
28/06/19;11:27:55.690;INFO;Controller;State = Ready;
28/06/19;11:27:55.809;INFO;Server;Command: ExecRobotTask (UnlatchRobGov,500000);
28/06/19;11:27:55.809;INFO;Controller;Executing asynchronous activity: ExecRobotTask;
28/06/19;11:27:55.809;INFO;Controller;Status = Executing: UnlatchRobGov;
28/06/19;11:27:55.809;INFO;Controller;State = Running;
28/06/19;11:27:57.095;INFO;Robot Runtime;executing:    UnlatchRobGov;
28/06/19;11:27:57.682;INFO;Controller;Activity ExecRobotTask ended. Return value: Done;
28/06/19;11:27:57.682;INFO;Controller;State = Ready;
28/06/19;11:27:57.714;INFO;Server;Command: ExecRobotTask (Finish,500000);
28/06/19;11:27:57.714;INFO;Controller;Executing asynchronous activity: ExecRobotTask;
28/06/19;11:27:57.714;INFO;Controller;Status = Executing: Finish;
28/06/19;11:27:57.714;INFO;Controller;State = Running;
28/06/19;11:27:58.700;INFO;Robot Runtime;executing:    Finish;
28/06/19;11:30:37.076;INFO;Controller;Activity ExecRobotTask ended. Return value: Done;
28/06/19;11:30:37.076;INFO;Controller;State = Ready;
28/06/19;11:38:18.068;INFO;Server;Command: ExecRobotTask (Initialize,500000);
28/06/19;11:38:18.068;INFO;Controller;Executing asynchronous activity: ExecRobotTask;
28/06/19;11:38:18.068;INFO;Controller;Status = Executing: Initialize;
28/06/19;11:38:18.068;INFO;Controller;State = Running;
28/06/19;11:38:19.060;INFO;Robot Runtime;executing:    Initialize;
28/06/19;11:38:20.345;INFO;Controller;Activity ExecRobotTask ended. Return value: Done;
28/06/19;11:38:20.345;INFO;Controller;State = Ready;
28/06/19;11:38:20.372;INFO;Server;Command: ExecRobotTask (LatchRobGov,500000);
28/06/19;11:38:20.372;INFO;Controller;Executing asynchronous activity: ExecRobotTask;
28/06/19;11:38:20.373;INFO;Controller;Status = Executing: LatchRobGov;
28/06/19;11:38:20.373;INFO;Controller;State = Running;
28/06/19;11:38:21.583;INFO;Robot Runtime;executing:    LatchRobGov;
28/06/19;11:38:22.333;INFO;Controller;Activity ExecRobotTask ended. Return value: Done;
28/06/19;11:38:22.333;INFO;Controller;State = Ready;
28/06/19;11:38:22.359;INFO;Server;Command: ExecRobotTask (TraceSample,500000);
28/06/19;11:38:22.360;INFO;Controller;Executing asynchronous activity: ExecRobotTask;
28/06/19;11:38:22.360;INFO;Controller;Status = Executing: TraceSample;
28/06/19;11:38:22.360;INFO;Controller;State = Running;
28/06/19;11:38:23.390;INFO;Robot Runtime;executing:    TraceSample;
28/06/19;11:38:24.309;INFO;Controller;Activity ExecRobotTask ended. Return value: Done False/False/False;
28/06/19;11:38:24.309;INFO;Controller;State = Ready;
28/06/19;11:38:24.338;INFO;Server;Command: ExecRobotTask (CoolDown,500000);
28/06/19;11:38:24.338;INFO;Controller;Executing asynchronous activity: ExecRobotTask;
28/06/19;11:38:24.338;INFO;Controller;Status = Executing: CoolDown;
28/06/19;11:38:24.338;INFO;Controller;State = Running;
28/06/19;11:38:25.183;INFO;Robot Runtime;executing:    CoolDown;
28/06/19;11:39:55.564;INFO;Controller;Activity ExecRobotTask ended. Return value: Done;
28/06/19;11:39:55.564;INFO;Controller;State = Ready;
28/06/19;11:39:55.790;INFO;Server;Command: ExecRobotTask (Load,500000);
28/06/19;11:39:55.790;INFO;Controller;Executing asynchronous activity: ExecRobotTask;
28/06/19;11:39:55.790;INFO;Controller;Status = Executing: Load;
28/06/19;11:39:55.790;INFO;Controller;State = Running;
28/06/19;11:39:56.994;INFO;Robot Runtime;executing:    Load;
28/06/19;11:40:00.309;WARNING;Robot Runtime;AUTORECOVER=====> Found false kick. Resume Robot Power;
28/06/19;11:40:09.100;INFO;Controller;Activity ExecRobotTask ended. Return value: Done False/True/False;
28/06/19;11:40:09.100;INFO;Controller;State = Ready;
28/06/19;11:40:09.126;INFO;Server;Command: ExecRobotTask (Mount,500000);
28/06/19;11:40:09.127;INFO;Controller;Executing asynchronous activity: ExecRobotTask;
28/06/19;11:40:09.127;INFO;Controller;Status = Executing: Mount;
28/06/19;11:40:09.127;INFO;Controller;State = Running;
28/06/19;11:40:10.223;INFO;Robot Runtime;executing:    Mount;
28/06/19;11:40:15.403;INFO;Controller;Activity ExecRobotTask ended. Return value: Done True/False/False;
28/06/19;11:40:15.404;INFO;Controller;State = Ready;
28/06/19;11:40:15.432;INFO;Server;Command: ExecRobotTask (Park,500000);
28/06/19;11:40:15.432;INFO;Controller;Executing asynchronous activity: ExecRobotTask;
28/06/19;11:40:15.433;INFO;Controller;Status = Executing: Park;
28/06/19;11:40:15.433;INFO;Controller;State = Running;
28/06/19;11:40:16.266;INFO;Robot Runtime;executing:    Park;
28/06/19;11:40:19.223;INFO;Controller;Activity ExecRobotTask ended. Return value: Done;
28/06/19;11:40:19.223;INFO;Controller;State = Ready;
28/06/19;11:40:19.251;INFO;Server;Command: ExecRobotTask (UnlatchRobGov,500000);
28/06/19;11:40:19.252;INFO;Controller;Executing asynchronous activity: ExecRobotTask;
28/06/19;11:40:19.252;INFO;Controller;Status = Executing: UnlatchRobGov;
28/06/19;11:40:19.252;INFO;Controller;State = Running;
28/06/19;11:40:20.413;INFO;Robot Runtime;executing:    UnlatchRobGov;
28/06/19;11:40:20.889;INFO;Controller;Activity ExecRobotTask ended. Return value: Done;
28/06/19;11:40:20.889;INFO;Controller;State = Ready;
28/06/19;11:44:17.854;INFO;Server;Command: ExecRobotTask (Initialize,500000);
28/06/19;11:44:17.854;INFO;Controller;Executing asynchronous activity: ExecRobotTask;
28/06/19;11:44:17.854;INFO;Controller;Status = Executing: Initialize;
28/06/19;11:44:17.854;INFO;Controller;State = Running;
28/06/19;11:44:18.833;INFO;Robot Runtime;executing:    Initialize;
28/06/19;11:44:20.407;INFO;Controller;Activity ExecRobotTask ended. Return value: Done;
28/06/19;11:44:20.408;INFO;Controller;State = Ready;
28/06/19;11:44:20.635;INFO;Server;Command: ExecRobotTask (Unmount,500000);
28/06/19;11:44:20.636;INFO;Controller;Executing asynchronous activity: ExecRobotTask;
28/06/19;11:44:20.636;INFO;Controller;Status = Executing: Unmount;
28/06/19;11:44:20.636;INFO;Controller;State = Running;
28/06/19;11:44:21.605;INFO;Robot Runtime;executing:    Unmount;
28/06/19;11:44:32.018;INFO;Controller;Activity ExecRobotTask ended. Return value: Done False/True/False;
28/06/19;11:44:32.019;INFO;Controller;State = Ready;
28/06/19;11:44:32.044;INFO;Server;Command: ExecRobotTask (Unload,500000);
28/06/19;11:44:32.045;INFO;Controller;Executing asynchronous activity: ExecRobotTask;
28/06/19;11:44:32.045;INFO;Controller;Status = Executing: Unload;
28/06/19;11:44:32.045;INFO;Controller;State = Running;
28/06/19;11:44:33.164;INFO;Robot Runtime;executing:    Unload;
28/06/19;11:44:37.453;INFO;Controller;Activity ExecRobotTask ended. Return value: Done False/False/False;
28/06/19;11:44:37.453;INFO;Controller;State = Ready;
28/06/19;11:44:37.938;INFO;Server;Command: ExecRobotTask (Load,500000);
28/06/19;11:44:37.938;INFO;Controller;Executing asynchronous activity: ExecRobotTask;
28/06/19;11:44:37.938;INFO;Controller;Status = Executing: Load;
28/06/19;11:44:37.938;INFO;Controller;State = Running;
28/06/19;11:44:39.055;INFO;Robot Runtime;executing:    Load;
28/06/19;11:44:45.166;INFO;Controller;Activity ExecRobotTask ended. Return value: Done False/True/False;
28/06/19;11:44:45.166;INFO;Controller;State = Ready;
28/06/19;11:44:45.207;INFO;Server;Command: ExecRobotTask (Mount,500000);
28/06/19;11:44:45.207;INFO;Controller;Executing asynchronous activity: ExecRobotTask;
28/06/19;11:44:45.207;INFO;Controller;Status = Executing: Mount;
28/06/19;11:44:45.207;INFO;Controller;State = Running;
28/06/19;11:44:46.339;INFO;Robot Runtime;executing:    Mount;
28/06/19;11:44:52.653;INFO;Controller;Activity ExecRobotTask ended. Return value: Done True/False/False;
28/06/19;11:44:52.653;INFO;Controller;State = Ready;
28/06/19;11:44:52.689;INFO;Server;Command: ExecRobotTask (Park,500000);
28/06/19;11:44:52.689;INFO;Controller;Executing asynchronous activity: ExecRobotTask;
28/06/19;11:44:52.689;INFO;Controller;Status = Executing: Park;
28/06/19;11:44:52.689;INFO;Controller;State = Running;
28/06/19;11:44:53.545;INFO;Robot Runtime;executing:    Park;
28/06/19;11:44:56.731;INFO;Controller;Activity ExecRobotTask ended. Return value: Done;
28/06/19;11:44:56.731;INFO;Controller;State = Ready;
28/06/19;11:44:56.758;INFO;Server;Command: ExecRobotTask (UnlatchRobGov,500000);
28/06/19;11:44:56.758;INFO;Controller;Executing asynchronous activity: ExecRobotTask;
28/06/19;11:44:56.758;INFO;Controller;Status = Executing: UnlatchRobGov;
28/06/19;11:44:56.758;INFO;Controller;State = Running;
28/06/19;11:44:57.855;INFO;Robot Runtime;executing:    UnlatchRobGov;
28/06/19;11:44:58.216;INFO;Controller;Activity ExecRobotTask ended. Return value: Done;
28/06/19;11:44:58.216;INFO;Controller;State = Ready;
28/06/19;11:45:46.125;INFO;Server;Command: ExecRobotTask (Unmount,500000);
28/06/19;11:45:46.125;INFO;Controller;Executing asynchronous activity: ExecRobotTask;
28/06/19;11:45:46.133;INFO;Controller;Status = Executing: Unmount;
28/06/19;11:45:46.133;INFO;Controller;State = Running;
28/06/19;11:45:47.244;INFO;Robot Runtime;executing:    Unmount;
28/06/19;11:45:58.770;INFO;Controller;Activity ExecRobotTask ended. Return value: Done False/True/False;
28/06/19;11:45:58.771;INFO;Controller;State = Ready;
28/06/19;11:45:58.807;INFO;Server;Command: ExecRobotTask (Unload,500000);
28/06/19;11:45:58.807;INFO;Controller;Executing asynchronous activity: ExecRobotTask;
28/06/19;11:45:58.808;INFO;Controller;Status = Executing: Unload;
28/06/19;11:45:58.808;INFO;Controller;State = Running;
28/06/19;11:45:59.662;INFO;Robot Runtime;executing:    Unload;
28/06/19;11:46:03.930;INFO;Controller;Activity ExecRobotTask ended. Return value: Done False/False/False;
28/06/19;11:46:03.930;INFO;Controller;State = Ready;
28/06/19;11:46:04.425;INFO;Server;Command: ExecRobotTask (Load,500000);
28/06/19;11:46:04.425;INFO;Controller;Executing asynchronous activity: ExecRobotTask;
28/06/19;11:46:04.425;INFO;Controller;Status = Executing: Load;
28/06/19;11:46:04.425;INFO;Controller;State = Running;
28/06/19;11:46:05.503;INFO;Robot Runtime;executing:    Load;
28/06/19;11:46:11.642;INFO;Controller;Activity ExecRobotTask ended. Return value: Done False/True/False;
28/06/19;11:46:11.642;INFO;Controller;State = Ready;
28/06/19;11:46:11.677;INFO;Server;Command: ExecRobotTask (Mount,500000);
28/06/19;11:46:11.678;INFO;Controller;Executing asynchronous activity: ExecRobotTask;
28/06/19;11:46:11.678;INFO;Controller;Status = Executing: Mount;
28/06/19;11:46:11.678;INFO;Controller;State = Running;
28/06/19;11:46:12.815;INFO;Robot Runtime;executing:    Mount;
28/06/19;11:46:18.351;INFO;Controller;Activity ExecRobotTask ended. Return value: Done True/False/False;
28/06/19;11:46:18.351;INFO;Controller;State = Ready;
28/06/19;11:46:18.380;INFO;Server;Command: ExecRobotTask (Park,500000);
28/06/19;11:46:18.381;INFO;Controller;Executing asynchronous activity: ExecRobotTask;
28/06/19;11:46:18.381;INFO;Controller;Status = Executing: Park;
28/06/19;11:46:18.381;INFO;Controller;State = Running;
28/06/19;11:46:19.225;INFO;Robot Runtime;executing:    Park;
28/06/19;11:46:22.423;INFO;Controller;Activity ExecRobotTask ended. Return value: Done;
28/06/19;11:46:22.423;INFO;Controller;State = Ready;
28/06/19;11:46:22.462;INFO;Server;Command: ExecRobotTask (UnlatchRobGov,500000);
28/06/19;11:46:22.462;INFO;Controller;Executing asynchronous activity: ExecRobotTask;
28/06/19;11:46:22.462;INFO;Controller;Status = Executing: UnlatchRobGov;
28/06/19;11:46:22.462;INFO;Controller;State = Running;
28/06/19;11:46:23.584;INFO;Robot Runtime;executing:    UnlatchRobGov;
28/06/19;11:46:23.741;INFO;Controller;Activity ExecRobotTask ended. Return value: Done;
28/06/19;11:46:23.742;INFO;Controller;State = Ready;
28/06/19;11:46:48.184;INFO;Server;Command: ExecRobotTask (Unmount,500000);
28/06/19;11:46:48.184;INFO;Controller;Executing asynchronous activity: ExecRobotTask;
28/06/19;11:46:48.184;INFO;Controller;Status = Executing: Unmount;
28/06/19;11:46:48.184;INFO;Controller;State = Running;
28/06/19;11:46:49.304;INFO;Robot Runtime;executing:    Unmount;
28/06/19;11:46:58.242;INFO;Controller;Activity ExecRobotTask ended. Return value: Done False/True/False;
28/06/19;11:46:58.242;INFO;Controller;State = Ready;
28/06/19;11:46:58.273;INFO;Server;Command: ExecRobotTask (Unload,500000);
28/06/19;11:46:58.273;INFO;Controller;Executing asynchronous activity: ExecRobotTask;
28/06/19;11:46:58.273;INFO;Controller;Status = Executing: Unload;
28/06/19;11:46:58.273;INFO;Controller;State = Running;
28/06/19;11:46:59.120;INFO;Robot Runtime;executing:    Unload;
28/06/19;11:47:03.383;INFO;Controller;Activity ExecRobotTask ended. Return value: Done False/False/False;
28/06/19;11:47:03.383;INFO;Controller;State = Ready;
28/06/19;11:47:03.897;INFO;Server;Command: ExecRobotTask (Load,500000);
28/06/19;11:47:03.897;INFO;Controller;Executing asynchronous activity: ExecRobotTask;
28/06/19;11:47:03.897;INFO;Controller;Status = Executing: Load;
28/06/19;11:47:03.897;INFO;Controller;State = Running;
28/06/19;11:47:05.022;INFO;Robot Runtime;executing:    Load;
28/06/19;11:47:11.086;INFO;Controller;Activity ExecRobotTask ended. Return value: Done False/True/False;
28/06/19;11:47:11.086;INFO;Controller;State = Ready;
28/06/19;11:47:11.116;INFO;Server;Command: ExecRobotTask (Mount,500000);
28/06/19;11:47:11.117;INFO;Controller;Executing asynchronous activity: ExecRobotTask;
28/06/19;11:47:11.117;INFO;Controller;Status = Executing: Mount;
28/06/19;11:47:11.117;INFO;Controller;State = Running;
28/06/19;11:47:12.234;INFO;Robot Runtime;executing:    Mount;
28/06/19;11:47:17.635;INFO;Controller;Activity ExecRobotTask ended. Return value: Done True/False/False;
28/06/19;11:47:17.635;INFO;Controller;State = Ready;
28/06/19;11:47:17.675;INFO;Server;Command: ExecRobotTask (Park,500000);
28/06/19;11:47:17.675;INFO;Controller;Executing asynchronous activity: ExecRobotTask;
28/06/19;11:47:17.675;INFO;Controller;Status = Executing: Park;
28/06/19;11:47:17.675;INFO;Controller;State = Running;
28/06/19;11:47:18.512;INFO;Robot Runtime;executing:    Park;
28/06/19;11:47:21.865;INFO;Controller;Activity ExecRobotTask ended. Return value: Done;
28/06/19;11:47:21.865;INFO;Controller;State = Ready;
28/06/19;11:47:21.897;INFO;Server;Command: ExecRobotTask (UnlatchRobGov,500000);
28/06/19;11:47:21.898;INFO;Controller;Executing asynchronous activity: ExecRobotTask;
28/06/19;11:47:21.898;INFO;Controller;Status = Executing: UnlatchRobGov;
28/06/19;11:47:21.898;INFO;Controller;State = Running;
28/06/19;11:47:23.026;INFO;Robot Runtime;executing:    UnlatchRobGov;
28/06/19;11:47:23.187;INFO;Controller;Activity ExecRobotTask ended. Return value: Done;
28/06/19;11:47:23.188;INFO;Controller;State = Ready;
28/06/19;11:50:51.298;INFO;Server;Command: ExecRobotTask (Unmount,500000);
28/06/19;11:50:51.298;INFO;Controller;Executing asynchronous activity: ExecRobotTask;
28/06/19;11:50:51.298;INFO;Controller;Status = Executing: Unmount;
28/06/19;11:50:51.299;INFO;Controller;State = Running;
28/06/19;11:50:52.396;INFO;Robot Runtime;executing:    Unmount;
28/06/19;11:51:01.827;INFO;Controller;Activity ExecRobotTask ended. Return value: Done False/True/False;
28/06/19;11:51:01.827;INFO;Controller;State = Ready;
28/06/19;11:51:01.861;INFO;Server;Command: ExecRobotTask (Unload,500000);
28/06/19;11:51:01.861;INFO;Controller;Executing asynchronous activity: ExecRobotTask;
28/06/19;11:51:01.862;INFO;Controller;Status = Executing: Unload;
28/06/19;11:51:01.862;INFO;Controller;State = Running;
28/06/19;11:51:02.713;INFO;Robot Runtime;executing:    Unload;
28/06/19;11:51:06.840;INFO;Controller;Activity ExecRobotTask ended. Return value: Done False/False/False;
28/06/19;11:51:06.840;INFO;Controller;State = Ready;
28/06/19;11:51:08.413;INFO;Server;Command: ExecRobotTask (Load,500000);
28/06/19;11:51:08.413;INFO;Controller;Executing asynchronous activity: ExecRobotTask;
28/06/19;11:51:08.413;INFO;Controller;Status = Executing: Load;
28/06/19;11:51:08.414;INFO;Controller;State = Running;
28/06/19;11:51:09.531;INFO;Robot Runtime;executing:    Load;
28/06/19;11:51:15.471;INFO;Controller;Activity ExecRobotTask ended. Return value: Done False/True/False;
28/06/19;11:51:15.471;INFO;Controller;State = Ready;
28/06/19;11:51:15.509;INFO;Server;Command: ExecRobotTask (Mount,500000);
28/06/19;11:51:15.509;INFO;Controller;Executing asynchronous activity: ExecRobotTask;
28/06/19;11:51:15.509;INFO;Controller;Status = Executing: Mount;
28/06/19;11:51:15.509;INFO;Controller;State = Running;
28/06/19;11:51:16.608;INFO;Robot Runtime;executing:    Mount;
28/06/19;11:51:23.469;INFO;Controller;Activity ExecRobotTask ended. Return value: Done True/False/False;
28/06/19;11:51:23.469;INFO;Controller;State = Ready;
28/06/19;11:51:23.505;INFO;Server;Command: ExecRobotTask (Park,500000);
28/06/19;11:51:23.505;INFO;Controller;Executing asynchronous activity: ExecRobotTask;
28/06/19;11:51:23.505;INFO;Controller;Status = Executing: Park;
28/06/19;11:51:23.505;INFO;Controller;State = Running;
28/06/19;11:51:24.337;INFO;Robot Runtime;executing:    Park;
28/06/19;11:51:27.542;INFO;Controller;Activity ExecRobotTask ended. Return value: Done;
28/06/19;11:51:27.542;INFO;Controller;State = Ready;
28/06/19;11:51:27.581;INFO;Server;Command: ExecRobotTask (UnlatchRobGov,500000);
28/06/19;11:51:27.581;INFO;Controller;Executing asynchronous activity: ExecRobotTask;
28/06/19;11:51:27.581;INFO;Controller;Status = Executing: UnlatchRobGov;
28/06/19;11:51:27.581;INFO;Controller;State = Running;
28/06/19;11:51:28.717;INFO;Robot Runtime;executing:    UnlatchRobGov;
28/06/19;11:51:28.871;INFO;Controller;Activity ExecRobotTask ended. Return value: Done;
28/06/19;11:51:28.871;INFO;Controller;State = Ready;
28/06/19;11:52:46.855;INFO;Server;Command: ExecRobotTask (Unmount,500000);
28/06/19;11:52:46.855;INFO;Controller;Executing asynchronous activity: ExecRobotTask;
28/06/19;11:52:46.855;INFO;Controller;Status = Executing: Unmount;
28/06/19;11:52:46.855;INFO;Controller;State = Running;
28/06/19;11:52:47.954;INFO;Robot Runtime;executing:    Unmount;
28/06/19;11:52:55.915;INFO;Controller;Activity ExecRobotTask ended. Return value: Done False/True/False;
28/06/19;11:52:55.915;INFO;Controller;State = Ready;
28/06/19;11:52:55.955;INFO;Server;Command: ExecRobotTask (Unload,500000);
28/06/19;11:52:55.955;INFO;Controller;Executing asynchronous activity: ExecRobotTask;
28/06/19;11:52:55.955;INFO;Controller;Status = Executing: Unload;
28/06/19;11:52:55.955;INFO;Controller;State = Running;
28/06/19;11:52:56.826;INFO;Robot Runtime;executing:    Unload;
28/06/19;11:53:01.320;INFO;Controller;Activity ExecRobotTask ended. Return value: Done False/False/False;
28/06/19;11:53:01.320;INFO;Controller;State = Ready;
28/06/19;11:53:02.949;INFO;Server;Command: ExecRobotTask (Load,500000);
28/06/19;11:53:02.949;INFO;Controller;Executing asynchronous activity: ExecRobotTask;
28/06/19;11:53:02.949;INFO;Controller;Status = Executing: Load;
28/06/19;11:53:02.949;INFO;Controller;State = Running;
28/06/19;11:53:04.074;INFO;Robot Runtime;executing:    Load;
28/06/19;11:53:09.840;INFO;Controller;Activity ExecRobotTask ended. Return value: Done False/True/False;
28/06/19;11:53:09.840;INFO;Controller;State = Ready;
28/06/19;11:53:09.886;INFO;Server;Command: ExecRobotTask (Mount,500000);
28/06/19;11:53:09.886;INFO;Controller;Executing asynchronous activity: ExecRobotTask;
28/06/19;11:53:09.886;INFO;Controller;Status = Executing: Mount;
28/06/19;11:53:09.886;INFO;Controller;State = Running;
28/06/19;11:53:10.990;INFO;Robot Runtime;executing:    Mount;
28/06/19;11:53:17.987;INFO;Controller;Activity ExecRobotTask ended. Return value: Done True/False/False;
28/06/19;11:53:17.987;INFO;Controller;State = Ready;
28/06/19;11:53:18.032;INFO;Server;Command: ExecRobotTask (Park,500000);
28/06/19;11:53:18.032;INFO;Controller;Executing asynchronous activity: ExecRobotTask;
28/06/19;11:53:18.032;INFO;Controller;Status = Executing: Park;
28/06/19;11:53:18.032;INFO;Controller;State = Running;
28/06/19;11:53:18.873;INFO;Robot Runtime;executing:    Park;
28/06/19;11:53:22.310;INFO;Controller;Activity ExecRobotTask ended. Return value: Done;
28/06/19;11:53:22.310;INFO;Controller;State = Ready;
28/06/19;11:53:22.351;INFO;Server;Command: ExecRobotTask (UnlatchRobGov,500000);
28/06/19;11:53:22.351;INFO;Controller;Executing asynchronous activity: ExecRobotTask;
28/06/19;11:53:22.351;INFO;Controller;Status = Executing: UnlatchRobGov;
28/06/19;11:53:22.351;INFO;Controller;State = Running;
28/06/19;11:53:23.477;INFO;Robot Runtime;executing:    UnlatchRobGov;
28/06/19;11:53:23.630;INFO;Controller;Activity ExecRobotTask ended. Return value: Done;
28/06/19;11:53:23.631;INFO;Controller;State = Ready;
28/06/19;11:54:43.031;INFO;Server;Command: ExecRobotTask (Unmount,500000);
28/06/19;11:54:43.031;INFO;Controller;Executing asynchronous activity: ExecRobotTask;
28/06/19;11:54:43.032;INFO;Controller;Status = Executing: Unmount;
28/06/19;11:54:43.032;INFO;Controller;State = Running;
28/06/19;11:54:44.144;INFO;Robot Runtime;executing:    Unmount;
28/06/19;11:54:53.096;INFO;Controller;Activity ExecRobotTask ended. Return value: Done False/True/False;
28/06/19;11:54:53.096;INFO;Controller;State = Ready;
28/06/19;11:54:53.137;INFO;Server;Command: ExecRobotTask (Unload,500000);
28/06/19;11:54:53.137;INFO;Controller;Executing asynchronous activity: ExecRobotTask;
28/06/19;11:54:53.137;INFO;Controller;Status = Executing: Unload;
28/06/19;11:54:53.137;INFO;Controller;State = Running;
28/06/19;11:54:53.991;INFO;Robot Runtime;executing:    Unload;
28/06/19;11:54:58.253;INFO;Controller;Activity ExecRobotTask ended. Return value: Done False/False/False;
28/06/19;11:54:58.253;INFO;Controller;State = Ready;
28/06/19;11:54:59.834;INFO;Server;Command: ExecRobotTask (Load,500000);
28/06/19;11:54:59.835;INFO;Controller;Executing asynchronous activity: ExecRobotTask;
28/06/19;11:54:59.835;INFO;Controller;Status = Executing: Load;
28/06/19;11:54:59.835;INFO;Controller;State = Running;
28/06/19;11:55:00.948;INFO;Robot Runtime;executing:    Load;
28/06/19;11:55:06.984;INFO;Controller;Activity ExecRobotTask ended. Return value: Done False/True/False;
28/06/19;11:55:06.984;INFO;Controller;State = Ready;
28/06/19;11:55:07.030;INFO;Server;Command: ExecRobotTask (Mount,500000);
28/06/19;11:55:07.030;INFO;Controller;Executing asynchronous activity: ExecRobotTask;
28/06/19;11:55:07.030;INFO;Controller;Status = Executing: Mount;
28/06/19;11:55:07.030;INFO;Controller;State = Running;
28/06/19;11:55:08.142;INFO;Robot Runtime;executing:    Mount;
28/06/19;11:55:13.510;INFO;Controller;Activity ExecRobotTask ended. Return value: Done True/False/False;
28/06/19;11:55:13.510;INFO;Controller;State = Ready;
28/06/19;11:55:13.554;INFO;Server;Command: ExecRobotTask (Park,500000);
28/06/19;11:55:13.554;INFO;Controller;Executing asynchronous activity: ExecRobotTask;
28/06/19;11:55:13.554;INFO;Controller;Status = Executing: Park;
28/06/19;11:55:13.554;INFO;Controller;State = Running;
28/06/19;11:55:14.393;INFO;Robot Runtime;executing:    Park;
28/06/19;11:55:17.739;INFO;Controller;Activity ExecRobotTask ended. Return value: Done;
28/06/19;11:55:17.739;INFO;Controller;State = Ready;
28/06/19;11:55:17.776;INFO;Server;Command: ExecRobotTask (UnlatchRobGov,500000);
28/06/19;11:55:17.776;INFO;Controller;Executing asynchronous activity: ExecRobotTask;
28/06/19;11:55:17.777;INFO;Controller;Status = Executing: UnlatchRobGov;
28/06/19;11:55:17.777;INFO;Controller;State = Running;
28/06/19;11:55:18.907;INFO;Robot Runtime;executing:    UnlatchRobGov;
28/06/19;11:55:19.061;INFO;Controller;Activity ExecRobotTask ended. Return value: Done;
28/06/19;11:55:19.061;INFO;Controller;State = Ready;
28/06/19;11:57:41.715;INFO;Server;Command: ExecRobotTask (Unmount,500000);
28/06/19;11:57:41.715;INFO;Controller;Executing asynchronous activity: ExecRobotTask;
28/06/19;11:57:41.715;INFO;Controller;Status = Executing: Unmount;
28/06/19;11:57:41.715;INFO;Controller;State = Running;
28/06/19;11:57:42.848;INFO;Robot Runtime;executing:    Unmount;
28/06/19;11:57:51.488;INFO;Controller;Activity ExecRobotTask ended. Return value: Done False/True/False;
28/06/19;11:57:51.488;INFO;Controller;State = Ready;
28/06/19;11:57:51.527;INFO;Server;Command: ExecRobotTask (Unload,500000);
28/06/19;11:57:51.527;INFO;Controller;Executing asynchronous activity: ExecRobotTask;
28/06/19;11:57:51.527;INFO;Controller;Status = Executing: Unload;
28/06/19;11:57:51.528;INFO;Controller;State = Running;
28/06/19;11:57:52.379;INFO;Robot Runtime;executing:    Unload;
28/06/19;11:57:56.464;INFO;Controller;Activity ExecRobotTask ended. Return value: Done False/False/False;
28/06/19;11:57:56.464;INFO;Controller;State = Ready;
28/06/19;11:57:56.604;INFO;Server;Command: ExecRobotTask (UnlatchRobGov,500000);
28/06/19;11:57:56.604;INFO;Controller;Executing asynchronous activity: ExecRobotTask;
28/06/19;11:57:56.604;INFO;Controller;Status = Executing: UnlatchRobGov;
28/06/19;11:57:56.604;INFO;Controller;State = Running;
28/06/19;11:57:57.723;INFO;Robot Runtime;executing:    UnlatchRobGov;
28/06/19;11:57:58.211;INFO;Controller;Activity ExecRobotTask ended. Return value: Done;
28/06/19;11:57:58.211;INFO;Controller;State = Ready;
28/06/19;11:57:58.254;INFO;Server;Command: ExecRobotTask (Finish,500000);
28/06/19;11:57:58.254;INFO;Controller;Executing asynchronous activity: ExecRobotTask;
28/06/19;11:57:58.254;INFO;Controller;Status = Executing: Finish;
28/06/19;11:57:58.254;INFO;Controller;State = Running;
28/06/19;11:57:59.362;INFO;Robot Runtime;executing:    Finish;
28/06/19;12:00:38.814;INFO;Controller;Activity ExecRobotTask ended. Return value: Done;
28/06/19;12:00:38.814;INFO;Controller;State = Ready;
28/06/19;13:30:30.410;WARNING;Robot;Alarm active: Device is offline;
28/06/19;13:30:30.411;INFO;Controller;State = Communication Error;
28/06/19;13:30:32.515;INFO;Robot;Alarm inactive: Device is offline;
28/06/19;13:30:32.515;WARNING;Controller;Communication resumed, trying updating devices;
28/06/19;13:30:32.515;INFO;Controller;Finished device updating;
28/06/19;13:30:32.515;INFO;Controller;State = Ready;
28/06/19;14:05:08.411;WARNING;Robot;Alarm active: Device is offline;
28/06/19;14:05:08.411;INFO;Controller;State = Communication Error;
28/06/19;14:05:11.514;INFO;Robot;Alarm inactive: Device is offline;
28/06/19;14:05:11.515;WARNING;Controller;Communication resumed, trying updating devices;
28/06/19;14:05:11.515;INFO;Controller;Finished device updating;
28/06/19;14:05:11.515;INFO;Controller;State = Ready;
28/06/19;17:01:48.036;INFO;Server;Command: ExecRobotTask (Initialize,500000);
28/06/19;17:01:48.036;INFO;Controller;Executing asynchronous activity: ExecRobotTask;
28/06/19;17:01:48.036;INFO;Controller;Status = Executing: Initialize;
28/06/19;17:01:48.036;INFO;Controller;State = Running;
28/06/19;17:01:48.988;INFO;Robot Runtime;executing:    Initialize;
28/06/19;17:01:50.124;INFO;Controller;Activity ExecRobotTask ended. Return value: Done;
28/06/19;17:01:50.124;INFO;Controller;State = Ready;
28/06/19;17:01:50.170;INFO;Server;Command: ExecRobotTask (LatchRobGov,500000);
28/06/19;17:01:50.170;INFO;Controller;Executing asynchronous activity: ExecRobotTask;
28/06/19;17:01:50.170;INFO;Controller;Status = Executing: LatchRobGov;
28/06/19;17:01:50.170;INFO;Controller;State = Running;
28/06/19;17:01:51.216;INFO;Robot Runtime;executing:    LatchRobGov;
28/06/19;17:01:52.090;INFO;Controller;Activity ExecRobotTask ended. Return value: Done;
28/06/19;17:01:52.090;INFO;Controller;State = Ready;
28/06/19;17:01:52.141;INFO;Server;Command: ExecRobotTask (TraceSample,500000);
28/06/19;17:01:52.142;INFO;Controller;Executing asynchronous activity: ExecRobotTask;
28/06/19;17:01:52.142;INFO;Controller;Status = Executing: TraceSample;
28/06/19;17:01:52.142;INFO;Controller;State = Running;
28/06/19;17:01:53.260;INFO;Robot Runtime;executing:    TraceSample;
28/06/19;17:01:54.086;INFO;Controller;Activity ExecRobotTask ended. Return value: Done False/False/False;
28/06/19;17:01:54.086;INFO;Controller;State = Ready;
28/06/19;17:01:54.124;INFO;Server;Command: ExecRobotTask (CoolDown,500000);
28/06/19;17:01:54.124;INFO;Controller;Executing asynchronous activity: ExecRobotTask;
28/06/19;17:01:54.124;INFO;Controller;Status = Executing: CoolDown;
28/06/19;17:01:54.124;INFO;Controller;State = Running;
28/06/19;17:01:55.061;INFO;Robot Runtime;executing:    CoolDown;
28/06/19;17:03:28.104;INFO;Controller;Activity ExecRobotTask ended. Return value: Done;
28/06/19;17:03:28.104;INFO;Controller;State = Ready;
28/06/19;17:03:28.345;INFO;Server;Command: ExecRobotTask (Load,500000);
28/06/19;17:03:28.345;INFO;Controller;Executing asynchronous activity: ExecRobotTask;
28/06/19;17:03:28.345;INFO;Controller;Status = Executing: Load;
28/06/19;17:03:28.345;INFO;Controller;State = Running;
28/06/19;17:03:29.645;INFO;Robot Runtime;executing:    Load;
28/06/19;17:03:38.516;INFO;Controller;Activity ExecRobotTask ended. Return value: Done False/True/False;
28/06/19;17:03:38.516;INFO;Controller;State = Ready;
28/06/19;17:03:38.557;INFO;Server;Command: ExecRobotTask (Mount,500000);
28/06/19;17:03:38.557;INFO;Controller;Executing asynchronous activity: ExecRobotTask;
28/06/19;17:03:38.557;INFO;Controller;Status = Executing: Mount;
28/06/19;17:03:38.557;INFO;Controller;State = Running;
28/06/19;17:03:39.515;INFO;Robot Runtime;executing:    Mount;
28/06/19;17:03:45.405;INFO;Controller;Activity ExecRobotTask ended. Return value: Done True/False/False;
28/06/19;17:03:45.405;INFO;Controller;State = Ready;
28/06/19;17:03:45.448;INFO;Server;Command: ExecRobotTask (Park,500000);
28/06/19;17:03:45.448;INFO;Controller;Executing asynchronous activity: ExecRobotTask;
28/06/19;17:03:45.448;INFO;Controller;Status = Executing: Park;
28/06/19;17:03:45.448;INFO;Controller;State = Running;
28/06/19;17:03:46.280;INFO;Robot Runtime;executing:    Park;
28/06/19;17:03:49.683;INFO;Controller;Activity ExecRobotTask ended. Return value: Done;
28/06/19;17:03:49.683;INFO;Controller;State = Ready;
28/06/19;17:03:49.726;INFO;Server;Command: ExecRobotTask (UnlatchRobGov,500000);
28/06/19;17:03:49.727;INFO;Controller;Executing asynchronous activity: ExecRobotTask;
28/06/19;17:03:49.727;INFO;Controller;Status = Executing: UnlatchRobGov;
28/06/19;17:03:49.727;INFO;Controller;State = Running;
28/06/19;17:03:51.030;INFO;Robot Runtime;executing:    UnlatchRobGov;
28/06/19;17:03:51.426;INFO;Controller;Activity ExecRobotTask ended. Return value: Done;
28/06/19;17:03:51.426;INFO;Controller;State = Ready;
28/06/19;17:04:49.055;INFO;Server;Command: ExecRobotTask (Unmount,500000);
28/06/19;17:04:49.055;INFO;Controller;Executing asynchronous activity: ExecRobotTask;
28/06/19;17:04:49.055;INFO;Controller;Status = Executing: Unmount;
28/06/19;17:04:49.055;INFO;Controller;State = Running;
28/06/19;17:04:50.017;INFO;Robot Runtime;executing:    Unmount;
28/06/19;17:04:59.067;INFO;Controller;Activity ExecRobotTask ended. Return value: Done False/True/False;
28/06/19;17:04:59.067;INFO;Controller;State = Ready;
28/06/19;17:04:59.114;INFO;Server;Command: ExecRobotTask (Unload,500000);
28/06/19;17:04:59.115;INFO;Controller;Executing asynchronous activity: ExecRobotTask;
28/06/19;17:04:59.115;INFO;Controller;Status = Executing: Unload;
28/06/19;17:04:59.115;INFO;Controller;State = Running;
28/06/19;17:04:59.951;INFO;Robot Runtime;executing:    Unload;
28/06/19;17:05:04.340;INFO;Controller;Activity ExecRobotTask ended. Return value: Done False/False/False;
28/06/19;17:05:04.340;INFO;Controller;State = Ready;
28/06/19;17:05:05.982;INFO;Server;Command: ExecRobotTask (Load,500000);
28/06/19;17:05:05.982;INFO;Controller;Executing asynchronous activity: ExecRobotTask;
28/06/19;17:05:05.982;INFO;Controller;Status = Executing: Load;
28/06/19;17:05:05.983;INFO;Controller;State = Running;
28/06/19;17:05:07.291;INFO;Robot Runtime;executing:    Load;
28/06/19;17:05:13.098;INFO;Controller;Activity ExecRobotTask ended. Return value: Done False/True/False;
28/06/19;17:05:13.098;INFO;Controller;State = Ready;
28/06/19;17:05:13.141;INFO;Server;Command: ExecRobotTask (Mount,500000);
28/06/19;17:05:13.141;INFO;Controller;Executing asynchronous activity: ExecRobotTask;
28/06/19;17:05:13.141;INFO;Controller;Status = Executing: Mount;
28/06/19;17:05:13.141;INFO;Controller;State = Running;
28/06/19;17:05:14.092;INFO;Robot Runtime;executing:    Mount;
28/06/19;17:05:19.425;INFO;Controller;Activity ExecRobotTask ended. Return value: Done True/False/False;
28/06/19;17:05:19.425;INFO;Controller;State = Ready;
28/06/19;17:05:19.479;INFO;Server;Command: ExecRobotTask (Park,500000);
28/06/19;17:05:19.479;INFO;Controller;Executing asynchronous activity: ExecRobotTask;
28/06/19;17:05:19.479;INFO;Controller;Status = Executing: Park;
28/06/19;17:05:19.479;INFO;Controller;State = Running;
28/06/19;17:05:20.314;INFO;Robot Runtime;executing:    Park;
28/06/19;17:05:23.322;INFO;Controller;Activity ExecRobotTask ended. Return value: Done;
28/06/19;17:05:23.322;INFO;Controller;State = Ready;
28/06/19;17:05:23.372;INFO;Server;Command: ExecRobotTask (UnlatchRobGov,500000);
28/06/19;17:05:23.372;INFO;Controller;Executing asynchronous activity: ExecRobotTask;
28/06/19;17:05:23.372;INFO;Controller;Status = Executing: UnlatchRobGov;
28/06/19;17:05:23.372;INFO;Controller;State = Running;
28/06/19;17:05:24.686;INFO;Robot Runtime;executing:    UnlatchRobGov;
28/06/19;17:05:24.821;INFO;Controller;Activity ExecRobotTask ended. Return value: Done;
28/06/19;17:05:24.821;INFO;Controller;State = Ready;
28/06/19;17:07:39.364;INFO;Server;Command: ExecRobotTask (Unmount,500000);
28/06/19;17:07:39.364;INFO;Controller;Executing asynchronous activity: ExecRobotTask;
28/06/19;17:07:39.364;INFO;Controller;Status = Executing: Unmount;
28/06/19;17:07:39.364;INFO;Controller;State = Running;
28/06/19;17:07:40.329;INFO;Robot Runtime;executing:    Unmount;
28/06/19;17:07:49.645;INFO;Controller;Activity ExecRobotTask ended. Return value: Done False/True/False;
28/06/19;17:07:49.645;INFO;Controller;State = Ready;
28/06/19;17:07:49.693;INFO;Server;Command: ExecRobotTask (Unload,500000);
28/06/19;17:07:49.694;INFO;Controller;Executing asynchronous activity: ExecRobotTask;
28/06/19;17:07:49.694;INFO;Controller;Status = Executing: Unload;
28/06/19;17:07:49.694;INFO;Controller;State = Running;
28/06/19;17:07:50.531;INFO;Robot Runtime;executing:    Unload;
28/06/19;17:07:55.005;INFO;Controller;Activity ExecRobotTask ended. Return value: Done False/False/False;
28/06/19;17:07:55.005;INFO;Controller;State = Ready;
28/06/19;17:07:56.636;INFO;Server;Command: ExecRobotTask (Load,500000);
28/06/19;17:07:56.636;INFO;Controller;Executing asynchronous activity: ExecRobotTask;
28/06/19;17:07:56.636;INFO;Controller;Status = Executing: Load;
28/06/19;17:07:56.636;INFO;Controller;State = Running;
28/06/19;17:07:57.954;INFO;Robot Runtime;executing:    Load;
28/06/19;17:08:04.128;INFO;Controller;Activity ExecRobotTask ended. Return value: Done False/True/False;
28/06/19;17:08:04.128;INFO;Controller;State = Ready;
28/06/19;17:08:04.178;INFO;Server;Command: ExecRobotTask (Mount,500000);
28/06/19;17:08:04.178;INFO;Controller;Executing asynchronous activity: ExecRobotTask;
28/06/19;17:08:04.178;INFO;Controller;Status = Executing: Mount;
28/06/19;17:08:04.178;INFO;Controller;State = Running;
28/06/19;17:08:05.117;INFO;Robot Runtime;executing:    Mount;
28/06/19;17:08:10.752;INFO;Controller;Activity ExecRobotTask ended. Return value: Done True/False/False;
28/06/19;17:08:10.752;INFO;Controller;State = Ready;
28/06/19;17:08:10.800;INFO;Server;Command: ExecRobotTask (Park,500000);
28/06/19;17:08:10.801;INFO;Controller;Executing asynchronous activity: ExecRobotTask;
28/06/19;17:08:10.801;INFO;Controller;Status = Executing: Park;
28/06/19;17:08:10.801;INFO;Controller;State = Running;
28/06/19;17:08:11.632;INFO;Robot Runtime;executing:    Park;
28/06/19;17:08:14.625;INFO;Controller;Activity ExecRobotTask ended. Return value: Done;
28/06/19;17:08:14.625;INFO;Controller;State = Ready;
28/06/19;17:08:14.673;INFO;Server;Command: ExecRobotTask (UnlatchRobGov,500000);
28/06/19;17:08:14.673;INFO;Controller;Executing asynchronous activity: ExecRobotTask;
28/06/19;17:08:14.673;INFO;Controller;Status = Executing: UnlatchRobGov;
28/06/19;17:08:14.673;INFO;Controller;State = Running;
28/06/19;17:08:16.000;INFO;Robot Runtime;executing:    UnlatchRobGov;
28/06/19;17:08:16.535;INFO;Controller;Activity ExecRobotTask ended. Return value: Done;
28/06/19;17:08:16.535;INFO;Controller;State = Ready;
28/06/19;17:09:04.119;INFO;Server;Command: ExecRobotTask (Unmount,500000);
28/06/19;17:09:04.120;INFO;Controller;Executing asynchronous activity: ExecRobotTask;
28/06/19;17:09:04.120;INFO;Controller;Status = Executing: Unmount;
28/06/19;17:09:04.120;INFO;Controller;State = Running;
28/06/19;17:09:05.061;INFO;Robot Runtime;executing:    Unmount;
28/06/19;17:09:15.047;INFO;Controller;Activity ExecRobotTask ended. Return value: Done False/True/False;
28/06/19;17:09:15.047;INFO;Controller;State = Ready;
28/06/19;17:09:15.083;INFO;Server;Command: ExecRobotTask (Unload,500000);
28/06/19;17:09:15.083;INFO;Controller;Executing asynchronous activity: ExecRobotTask;
28/06/19;17:09:15.083;INFO;Controller;Status = Executing: Unload;
28/06/19;17:09:15.083;INFO;Controller;State = Running;
28/06/19;17:09:15.919;INFO;Robot Runtime;executing:    Unload;
28/06/19;17:09:20.328;INFO;Controller;Activity ExecRobotTask ended. Return value: Done False/False/False;
28/06/19;17:09:20.328;INFO;Controller;State = Ready;
28/06/19;17:09:21.940;INFO;Server;Command: ExecRobotTask (Load,500000);
28/06/19;17:09:21.940;INFO;Controller;Executing asynchronous activity: ExecRobotTask;
28/06/19;17:09:21.940;INFO;Controller;Status = Executing: Load;
28/06/19;17:09:21.940;INFO;Controller;State = Running;
28/06/19;17:09:23.242;INFO;Robot Runtime;executing:    Load;
28/06/19;17:09:29.230;INFO;Controller;Activity ExecRobotTask ended. Return value: Done False/True/False;
28/06/19;17:09:29.230;INFO;Controller;State = Ready;
28/06/19;17:09:29.284;INFO;Server;Command: ExecRobotTask (Mount,500000);
28/06/19;17:09:29.284;INFO;Controller;Executing asynchronous activity: ExecRobotTask;
28/06/19;17:09:29.284;INFO;Controller;Status = Executing: Mount;
28/06/19;17:09:29.284;INFO;Controller;State = Running;
28/06/19;17:09:30.219;INFO;Robot Runtime;executing:    Mount;
28/06/19;17:09:35.861;INFO;Controller;Activity ExecRobotTask ended. Return value: Done True/False/False;
28/06/19;17:09:35.861;INFO;Controller;State = Ready;
28/06/19;17:09:35.911;INFO;Server;Command: ExecRobotTask (Park,500000);
28/06/19;17:09:35.911;INFO;Controller;Executing asynchronous activity: ExecRobotTask;
28/06/19;17:09:35.911;INFO;Controller;Status = Executing: Park;
28/06/19;17:09:35.911;INFO;Controller;State = Running;
28/06/19;17:09:36.747;INFO;Robot Runtime;executing:    Park;
28/06/19;17:09:40.167;INFO;Controller;Activity ExecRobotTask ended. Return value: Done;
28/06/19;17:09:40.167;INFO;Controller;State = Ready;
28/06/19;17:09:40.222;INFO;Server;Command: ExecRobotTask (UnlatchRobGov,500000);
28/06/19;17:09:40.223;INFO;Controller;Executing asynchronous activity: ExecRobotTask;
28/06/19;17:09:40.223;INFO;Controller;Status = Executing: UnlatchRobGov;
28/06/19;17:09:40.223;INFO;Controller;State = Running;
28/06/19;17:09:41.545;INFO;Robot Runtime;executing:    UnlatchRobGov;
28/06/19;17:09:41.910;INFO;Controller;Activity ExecRobotTask ended. Return value: Done;
28/06/19;17:09:41.910;INFO;Controller;State = Ready;
28/06/19;17:10:44.558;INFO;Server;Command: ExecRobotTask (Unmount,500000);
28/06/19;17:10:44.559;INFO;Controller;Executing asynchronous activity: ExecRobotTask;
28/06/19;17:10:44.559;INFO;Controller;Status = Executing: Unmount;
28/06/19;17:10:44.559;INFO;Controller;State = Running;
28/06/19;17:10:45.504;INFO;Robot Runtime;executing:    Unmount;
28/06/19;17:10:54.570;INFO;Controller;Activity ExecRobotTask ended. Return value: Done False/True/False;
28/06/19;17:10:54.570;INFO;Controller;State = Ready;
28/06/19;17:10:54.617;INFO;Server;Command: ExecRobotTask (Unload,500000);
28/06/19;17:10:54.617;INFO;Controller;Executing asynchronous activity: ExecRobotTask;
28/06/19;17:10:54.617;INFO;Controller;Status = Executing: Unload;
28/06/19;17:10:54.617;INFO;Controller;State = Running;
28/06/19;17:10:55.476;INFO;Robot Runtime;executing:    Unload;
28/06/19;17:10:59.932;INFO;Controller;Activity ExecRobotTask ended. Return value: Done False/False/False;
28/06/19;17:10:59.932;INFO;Controller;State = Ready;
28/06/19;17:11:00.076;INFO;Server;Command: ExecRobotTask (UnlatchRobGov,500000);
28/06/19;17:11:00.076;INFO;Controller;Executing asynchronous activity: ExecRobotTask;
28/06/19;17:11:00.076;INFO;Controller;Status = Executing: UnlatchRobGov;
28/06/19;17:11:00.077;INFO;Controller;State = Running;
28/06/19;17:11:01.378;INFO;Robot Runtime;executing:    UnlatchRobGov;
28/06/19;17:11:01.928;INFO;Controller;Activity ExecRobotTask ended. Return value: Done;
28/06/19;17:11:01.928;INFO;Controller;State = Ready;
28/06/19;17:11:01.977;INFO;Server;Command: ExecRobotTask (Finish,500000);
28/06/19;17:11:01.977;INFO;Controller;Executing asynchronous activity: ExecRobotTask;
28/06/19;17:11:01.977;INFO;Controller;Status = Executing: Finish;
28/06/19;17:11:01.977;INFO;Controller;State = Running;
28/06/19;17:11:02.938;INFO;Robot Runtime;executing:    Finish;
28/06/19;17:13:42.426;INFO;Controller;Activity ExecRobotTask ended. Return value: Done;
28/06/19;17:13:42.426;INFO;Controller;State = Ready;
28/06/19;23:41:01.410;WARNING;Robot;Alarm active: Device is offline;
28/06/19;23:41:01.411;INFO;Controller;State = Communication Error;
28/06/19;23:41:03.515;INFO;Robot;Alarm inactive: Device is offline;
28/06/19;23:41:03.516;WARNING;Controller;Communication resumed, trying updating devices;
28/06/19;23:41:03.516;INFO;Controller;Finished device updating;
28/06/19;23:41:03.516;INFO;Controller;State = Ready;
