28/09/20;10:50:18.298;INFO;Server;Command: ExecRobotTask (Initialize,500000);
28/09/20;10:50:18.299;INFO;Controller;Executing asynchronous activity: ExecRobotTask;
28/09/20;10:50:18.299;INFO;Controller;Status = Executing: Initialize;
28/09/20;10:50:18.299;INFO;Controller;State = Running;
28/09/20;10:50:19.255;INFO;Robot Runtime;executing:    Initialize;
28/09/20;10:50:20.605;INFO;Controller;Activity ExecRobotTask ended. Return value: Done;
28/09/20;10:50:20.606;INFO;Controller;State = Ready;
28/09/20;10:50:20.615;INFO;Server;Command: ExecRobotTask (Home,500000);
28/09/20;10:50:20.616;INFO;Controller;Executing asynchronous activity: ExecRobotTask;
28/09/20;10:50:20.616;INFO;Controller;Status = Executing: Home;
28/09/20;10:50:20.616;INFO;Controller;State = Running;
28/09/20;10:50:21.490;INFO;Robot Runtime;executing:    Home;
28/09/20;10:50:21.660;INFO;Controller;Activity ExecRobotTask ended. Return value: Done;
28/09/20;10:50:21.660;INFO;Controller;State = Ready;
28/09/20;10:50:21.675;INFO;Server;Command: ExecRobotTask (Park,500000);
28/09/20;10:50:21.675;INFO;Controller;Executing asynchronous activity: ExecRobotTask;
28/09/20;10:50:21.675;INFO;Controller;Status = Executing: Park;
28/09/20;10:50:21.675;INFO;Controller;State = Running;
28/09/20;10:50:22.771;INFO;Robot Runtime;executing:    Park;
28/09/20;10:50:26.180;INFO;Controller;Activity ExecRobotTask ended. Return value: Done;
28/09/20;10:50:26.180;INFO;Controller;State = Ready;
28/09/20;10:52:06.630;INFO;Server;Command: ExecRobotTask (Initialize,500000);
28/09/20;10:52:06.630;INFO;Controller;Executing asynchronous activity: ExecRobotTask;
28/09/20;10:52:06.631;INFO;Controller;Status = Executing: Initialize;
28/09/20;10:52:06.631;INFO;Controller;State = Running;
28/09/20;10:52:07.487;INFO;Robot Runtime;executing:    Initialize;
28/09/20;10:52:07.859;INFO;Controller;Activity ExecRobotTask ended. Return value: Done;
28/09/20;10:52:07.859;INFO;Controller;State = Ready;
28/09/20;10:52:08.071;INFO;Server;Command: ExecRobotTask (Load,500000);
28/09/20;10:52:08.072;INFO;Controller;Executing asynchronous activity: ExecRobotTask;
28/09/20;10:52:08.072;INFO;Controller;Status = Executing: Load;
28/09/20;10:52:08.072;INFO;Controller;State = Running;
28/09/20;10:52:09.072;INFO;Robot Runtime;executing:    Load;
28/09/20;10:52:18.241;INFO;Controller;Activity ExecRobotTask ended. Return value: Done False/True/False;
28/09/20;10:52:18.241;INFO;Controller;State = Ready;
28/09/20;10:52:18.259;INFO;Server;Command: ExecRobotTask (Mount,500000);
28/09/20;10:52:18.259;INFO;Controller;Executing asynchronous activity: ExecRobotTask;
28/09/20;10:52:18.260;INFO;Controller;Status = Executing: Mount;
28/09/20;10:52:18.260;INFO;Controller;State = Running;
28/09/20;10:52:19.243;INFO;Robot Runtime;executing:    Mount;
28/09/20;10:52:23.328;INFO;Controller;Activity ExecRobotTask ended. Return value: Done True/False/False;
28/09/20;10:52:23.328;INFO;Controller;State = Ready;
28/09/20;10:52:23.349;INFO;Server;Command: ExecRobotTask (Park,500000);
28/09/20;10:52:23.349;INFO;Controller;Executing asynchronous activity: ExecRobotTask;
28/09/20;10:52:23.349;INFO;Controller;Status = Executing: Park;
28/09/20;10:52:23.350;INFO;Controller;State = Running;
28/09/20;10:52:24.236;INFO;Robot Runtime;executing:    Park;
28/09/20;10:52:25.964;INFO;Controller;Activity ExecRobotTask ended. Return value: Done;
28/09/20;10:52:25.964;INFO;Controller;State = Ready;
28/09/20;10:52:25.975;INFO;Server;Command: ExecRobotTask (UnlatchRobGov,500000);
28/09/20;10:52:25.975;INFO;Controller;Executing asynchronous activity: ExecRobotTask;
28/09/20;10:52:25.975;INFO;Controller;Status = Executing: UnlatchRobGov;
28/09/20;10:52:25.976;INFO;Controller;State = Running;
28/09/20;10:52:27.119;INFO;Robot Runtime;executing:    UnlatchRobGov;
28/09/20;10:52:27.628;INFO;Controller;Activity ExecRobotTask ended. Return value: Done;
28/09/20;10:52:27.628;INFO;Controller;State = Ready;
28/09/20;11:07:17.507;INFO;Server;Command: ExecRobotTask (Unmount,500000);
28/09/20;11:07:17.508;INFO;Controller;Executing asynchronous activity: ExecRobotTask;
28/09/20;11:07:17.508;INFO;Controller;Status = Executing: Unmount;
28/09/20;11:07:17.508;INFO;Controller;State = Running;
28/09/20;11:07:18.396;INFO;Robot Runtime;executing:    Unmount;
28/09/20;11:08:05.721;INFO;Controller;Activity ExecRobotTask ended. Return value: Done False/True/False;
28/09/20;11:08:05.722;INFO;Controller;State = Ready;
28/09/20;11:08:05.740;INFO;Server;Command: ExecRobotTask (Unload,500000);
28/09/20;11:08:05.740;INFO;Controller;Executing asynchronous activity: ExecRobotTask;
28/09/20;11:08:05.741;INFO;Controller;Status = Executing: Unload;
28/09/20;11:08:05.741;INFO;Controller;State = Running;
28/09/20;11:08:06.710;INFO;Robot Runtime;executing:    Unload;
28/09/20;11:08:10.656;INFO;Controller;Activity ExecRobotTask ended. Return value: Done False/False/False;
28/09/20;11:08:10.656;INFO;Controller;State = Ready;
28/09/20;11:08:12.418;INFO;Server;Command: ExecRobotTask (Load,500000);
28/09/20;11:08:12.418;INFO;Controller;Executing asynchronous activity: ExecRobotTask;
28/09/20;11:08:12.419;INFO;Controller;Status = Executing: Load;
28/09/20;11:08:12.419;INFO;Controller;State = Running;
28/09/20;11:08:13.423;INFO;Robot Runtime;executing:    Load;
28/09/20;11:08:17.332;INFO;Controller;Activity ExecRobotTask ended. Return value: Done False/True/False;
28/09/20;11:08:17.333;INFO;Controller;State = Ready;
28/09/20;11:08:17.354;INFO;Server;Command: ExecRobotTask (Mount,500000);
28/09/20;11:08:17.354;INFO;Controller;Executing asynchronous activity: ExecRobotTask;
28/09/20;11:08:17.354;INFO;Controller;Status = Executing: Mount;
28/09/20;11:08:17.354;INFO;Controller;State = Running;
28/09/20;11:08:18.466;INFO;Robot Runtime;executing:    Mount;
28/09/20;11:08:22.519;INFO;Controller;Activity ExecRobotTask ended. Return value: Done True/False/False;
28/09/20;11:08:22.519;INFO;Controller;State = Ready;
28/09/20;11:08:22.544;INFO;Server;Command: ExecRobotTask (Park,500000);
28/09/20;11:08:22.544;INFO;Controller;Executing asynchronous activity: ExecRobotTask;
28/09/20;11:08:22.544;INFO;Controller;Status = Executing: Park;
28/09/20;11:08:22.545;INFO;Controller;State = Running;
28/09/20;11:08:23.516;INFO;Robot Runtime;executing:    Park;
28/09/20;11:08:25.573;INFO;Controller;Activity ExecRobotTask ended. Return value: Done;
28/09/20;11:08:25.574;INFO;Controller;State = Ready;
28/09/20;11:08:25.594;INFO;Server;Command: ExecRobotTask (UnlatchRobGov,500000);
28/09/20;11:08:25.594;INFO;Controller;Executing asynchronous activity: ExecRobotTask;
28/09/20;11:08:25.594;INFO;Controller;Status = Executing: UnlatchRobGov;
28/09/20;11:08:25.594;INFO;Controller;State = Running;
28/09/20;11:08:26.505;INFO;Robot Runtime;executing:    UnlatchRobGov;
28/09/20;11:08:27.047;INFO;Controller;Activity ExecRobotTask ended. Return value: Done;
28/09/20;11:08:27.047;INFO;Controller;State = Ready;
28/09/20;11:09:26.745;INFO;Server;Command: ExecRobotTask (Unmount,500000);
28/09/20;11:09:26.745;INFO;Controller;Executing asynchronous activity: ExecRobotTask;
28/09/20;11:09:26.746;INFO;Controller;Status = Executing: Unmount;
28/09/20;11:09:26.746;INFO;Controller;State = Running;
28/09/20;11:09:27.736;INFO;Robot Runtime;executing:    Unmount;
28/09/20;11:09:34.950;INFO;Controller;Activity ExecRobotTask ended. Return value: Done False/True/False;
28/09/20;11:09:34.951;INFO;Controller;State = Ready;
28/09/20;11:09:34.972;INFO;Server;Command: ExecRobotTask (Unload,500000);
28/09/20;11:09:34.973;INFO;Controller;Executing asynchronous activity: ExecRobotTask;
28/09/20;11:09:34.973;INFO;Controller;Status = Executing: Unload;
28/09/20;11:09:34.973;INFO;Controller;State = Running;
28/09/20;11:09:35.844;INFO;Robot Runtime;executing:    Unload;
28/09/20;11:09:39.769;INFO;Controller;Activity ExecRobotTask ended. Return value: Done False/False/False;
28/09/20;11:09:39.769;INFO;Controller;State = Ready;
28/09/20;11:09:41.341;INFO;Server;Command: ExecRobotTask (Load,500000);
28/09/20;11:09:41.341;INFO;Controller;Executing asynchronous activity: ExecRobotTask;
28/09/20;11:09:41.341;INFO;Controller;Status = Executing: Load;
28/09/20;11:09:41.342;INFO;Controller;State = Running;
28/09/20;11:09:42.472;INFO;Robot Runtime;executing:    Load;
28/09/20;11:09:48.316;INFO;Controller;Activity ExecRobotTask ended. Return value: Done False/True/False;
28/09/20;11:09:48.316;INFO;Controller;State = Ready;
28/09/20;11:09:48.330;INFO;Server;Command: ExecRobotTask (Mount,500000);
28/09/20;11:09:48.330;INFO;Controller;Executing asynchronous activity: ExecRobotTask;
28/09/20;11:09:48.330;INFO;Controller;Status = Executing: Mount;
28/09/20;11:09:48.330;INFO;Controller;State = Running;
28/09/20;11:09:49.357;INFO;Robot Runtime;executing:    Mount;
28/09/20;11:09:53.424;INFO;Controller;Activity ExecRobotTask ended. Return value: Done True/False/False;
28/09/20;11:09:53.424;INFO;Controller;State = Ready;
28/09/20;11:09:53.445;INFO;Server;Command: ExecRobotTask (Park,500000);
28/09/20;11:09:53.446;INFO;Controller;Executing asynchronous activity: ExecRobotTask;
28/09/20;11:09:53.446;INFO;Controller;Status = Executing: Park;
28/09/20;11:09:53.446;INFO;Controller;State = Running;
28/09/20;11:09:54.390;INFO;Robot Runtime;executing:    Park;
28/09/20;11:09:56.474;INFO;Controller;Activity ExecRobotTask ended. Return value: Done;
28/09/20;11:09:56.474;INFO;Controller;State = Ready;
28/09/20;11:09:56.496;INFO;Server;Command: ExecRobotTask (UnlatchRobGov,500000);
28/09/20;11:09:56.496;INFO;Controller;Executing asynchronous activity: ExecRobotTask;
28/09/20;11:09:56.496;INFO;Controller;Status = Executing: UnlatchRobGov;
28/09/20;11:09:56.496;INFO;Controller;State = Running;
28/09/20;11:09:57.414;INFO;Robot Runtime;executing:    UnlatchRobGov;
28/09/20;11:09:57.954;INFO;Controller;Activity ExecRobotTask ended. Return value: Done;
28/09/20;11:09:57.954;INFO;Controller;State = Ready;
28/09/20;11:10:41.992;INFO;Server;Command: ExecRobotTask (Unmount,500000);
28/09/20;11:10:41.992;INFO;Controller;Executing asynchronous activity: ExecRobotTask;
28/09/20;11:10:41.992;INFO;Controller;Status = Executing: Unmount;
28/09/20;11:10:41.992;INFO;Controller;State = Running;
28/09/20;11:10:43.098;INFO;Robot Runtime;executing:    Unmount;
28/09/20;11:10:53.767;INFO;Controller;Activity ExecRobotTask ended. Return value: Done False/True/False;
28/09/20;11:10:53.768;INFO;Controller;State = Ready;
28/09/20;11:10:53.790;INFO;Server;Command: ExecRobotTask (Unload,500000);
28/09/20;11:10:53.791;INFO;Controller;Executing asynchronous activity: ExecRobotTask;
28/09/20;11:10:53.791;INFO;Controller;Status = Executing: Unload;
28/09/20;11:10:53.791;INFO;Controller;State = Running;
28/09/20;11:10:54.698;INFO;Robot Runtime;executing:    Unload;
28/09/20;11:10:58.684;INFO;Controller;Activity ExecRobotTask ended. Return value: Done False/False/False;
28/09/20;11:10:58.684;INFO;Controller;State = Ready;
28/09/20;11:11:00.330;INFO;Server;Command: ExecRobotTask (Load,500000);
28/09/20;11:11:00.330;INFO;Controller;Executing asynchronous activity: ExecRobotTask;
28/09/20;11:11:00.330;INFO;Controller;Status = Executing: Load;
28/09/20;11:11:00.331;INFO;Controller;State = Running;
28/09/20;11:11:01.399;INFO;Robot Runtime;executing:    Load;
28/09/20;11:11:07.638;INFO;Controller;Activity ExecRobotTask ended. Return value: Done False/True/False;
28/09/20;11:11:07.638;INFO;Controller;State = Ready;
28/09/20;11:11:07.661;INFO;Server;Command: ExecRobotTask (Mount,500000);
28/09/20;11:11:07.661;INFO;Controller;Executing asynchronous activity: ExecRobotTask;
28/09/20;11:11:07.661;INFO;Controller;Status = Executing: Mount;
28/09/20;11:11:07.661;INFO;Controller;State = Running;
28/09/20;11:11:08.602;INFO;Robot Runtime;executing:    Mount;
28/09/20;11:11:12.815;INFO;Controller;Activity ExecRobotTask ended. Return value: Done True/False/False;
28/09/20;11:11:12.816;INFO;Controller;State = Ready;
28/09/20;11:11:12.840;INFO;Server;Command: ExecRobotTask (Park,500000);
28/09/20;11:11:12.840;INFO;Controller;Executing asynchronous activity: ExecRobotTask;
28/09/20;11:11:12.840;INFO;Controller;Status = Executing: Park;
28/09/20;11:11:12.840;INFO;Controller;State = Running;
28/09/20;11:11:13.934;INFO;Robot Runtime;executing:    Park;
28/09/20;11:11:15.883;INFO;Controller;Activity ExecRobotTask ended. Return value: Done;
28/09/20;11:11:15.883;INFO;Controller;State = Ready;
28/09/20;11:11:15.902;INFO;Server;Command: ExecRobotTask (UnlatchRobGov,500000);
28/09/20;11:11:15.902;INFO;Controller;Executing asynchronous activity: ExecRobotTask;
28/09/20;11:11:15.902;INFO;Controller;Status = Executing: UnlatchRobGov;
28/09/20;11:11:15.902;INFO;Controller;State = Running;
28/09/20;11:11:16.828;INFO;Robot Runtime;executing:    UnlatchRobGov;
28/09/20;11:11:17.370;INFO;Controller;Activity ExecRobotTask ended. Return value: Done;
28/09/20;11:11:17.370;INFO;Controller;State = Ready;
28/09/20;11:11:49.437;INFO;Server;Command: ExecRobotTask (Unmount,500000);
28/09/20;11:11:49.437;INFO;Controller;Executing asynchronous activity: ExecRobotTask;
28/09/20;11:11:49.437;INFO;Controller;Status = Executing: Unmount;
28/09/20;11:11:49.437;INFO;Controller;State = Running;
28/09/20;11:11:50.465;INFO;Robot Runtime;executing:    Unmount;
28/09/20;11:12:01.310;INFO;Controller;Activity ExecRobotTask ended. Return value: Done False/True/False;
28/09/20;11:12:01.310;INFO;Controller;State = Ready;
28/09/20;11:12:01.329;INFO;Server;Command: ExecRobotTask (Unload,500000);
28/09/20;11:12:01.329;INFO;Controller;Executing asynchronous activity: ExecRobotTask;
28/09/20;11:12:01.329;INFO;Controller;Status = Executing: Unload;
28/09/20;11:12:01.329;INFO;Controller;State = Running;
28/09/20;11:12:02.201;INFO;Robot Runtime;executing:    Unload;
28/09/20;11:12:05.808;INFO;Controller;Activity ExecRobotTask ended. Return value: Done False/False/False;
28/09/20;11:12:05.808;INFO;Controller;State = Ready;
28/09/20;11:12:07.380;INFO;Server;Command: ExecRobotTask (Load,500000);
28/09/20;11:12:07.380;INFO;Controller;Executing asynchronous activity: ExecRobotTask;
28/09/20;11:12:07.381;INFO;Controller;Status = Executing: Load;
28/09/20;11:12:07.381;INFO;Controller;State = Running;
28/09/20;11:12:08.572;INFO;Robot Runtime;executing:    Load;
28/09/20;11:12:14.687;INFO;Controller;Activity ExecRobotTask ended. Return value: Done False/True/False;
28/09/20;11:12:14.688;INFO;Controller;State = Ready;
28/09/20;11:12:14.702;INFO;Server;Command: ExecRobotTask (Mount,500000);
28/09/20;11:12:14.702;INFO;Controller;Executing asynchronous activity: ExecRobotTask;
28/09/20;11:12:14.703;INFO;Controller;Status = Executing: Mount;
28/09/20;11:12:14.703;INFO;Controller;State = Running;
28/09/20;11:12:15.763;INFO;Robot Runtime;executing:    Mount;
28/09/20;11:12:19.694;INFO;Controller;Activity ExecRobotTask ended. Return value: Done True/False/False;
28/09/20;11:12:19.694;INFO;Controller;State = Ready;
28/09/20;11:12:19.757;INFO;Server;Command: ExecRobotTask (Park,500000);
28/09/20;11:12:19.757;INFO;Controller;Executing asynchronous activity: ExecRobotTask;
28/09/20;11:12:19.758;INFO;Controller;Status = Executing: Park;
28/09/20;11:12:19.758;INFO;Controller;State = Running;
28/09/20;11:12:20.623;INFO;Robot Runtime;executing:    Park;
28/09/20;11:12:22.642;INFO;Controller;Activity ExecRobotTask ended. Return value: Done;
28/09/20;11:12:22.642;INFO;Controller;State = Ready;
28/09/20;11:12:22.662;INFO;Server;Command: ExecRobotTask (UnlatchRobGov,500000);
28/09/20;11:12:22.662;INFO;Controller;Executing asynchronous activity: ExecRobotTask;
28/09/20;11:12:22.662;INFO;Controller;Status = Executing: UnlatchRobGov;
28/09/20;11:12:22.662;INFO;Controller;State = Running;
28/09/20;11:12:23.578;INFO;Robot Runtime;executing:    UnlatchRobGov;
28/09/20;11:12:23.711;INFO;Controller;Activity ExecRobotTask ended. Return value: Done;
28/09/20;11:12:23.711;INFO;Controller;State = Ready;
28/09/20;11:12:44.942;INFO;Server;Command: ExecRobotTask (Unmount,500000);
28/09/20;11:12:44.943;INFO;Controller;Executing asynchronous activity: ExecRobotTask;
28/09/20;11:12:44.943;INFO;Controller;Status = Executing: Unmount;
28/09/20;11:12:44.943;INFO;Controller;State = Running;
28/09/20;11:12:46.132;INFO;Robot Runtime;executing:    Unmount;
28/09/20;11:12:56.489;INFO;Controller;Activity ExecRobotTask ended. Return value: Done False/True/False;
28/09/20;11:12:56.489;INFO;Controller;State = Ready;
28/09/20;11:12:56.512;INFO;Server;Command: ExecRobotTask (Unload,500000);
28/09/20;11:12:56.513;INFO;Controller;Executing asynchronous activity: ExecRobotTask;
28/09/20;11:12:56.513;INFO;Controller;Status = Executing: Unload;
28/09/20;11:12:56.513;INFO;Controller;State = Running;
28/09/20;11:12:57.387;INFO;Robot Runtime;executing:    Unload;
28/09/20;11:13:01.325;INFO;Controller;Activity ExecRobotTask ended. Return value: Done False/False/False;
28/09/20;11:13:01.325;INFO;Controller;State = Ready;
28/09/20;11:13:02.922;INFO;Server;Command: ExecRobotTask (Load,500000);
28/09/20;11:13:02.922;INFO;Controller;Executing asynchronous activity: ExecRobotTask;
28/09/20;11:13:02.922;INFO;Controller;Status = Executing: Load;
28/09/20;11:13:02.922;INFO;Controller;State = Running;
28/09/20;11:13:03.991;INFO;Robot Runtime;executing:    Load;
28/09/20;11:13:09.870;INFO;Controller;Activity ExecRobotTask ended. Return value: Done False/True/False;
28/09/20;11:13:09.870;INFO;Controller;State = Ready;
28/09/20;11:13:09.886;INFO;Server;Command: ExecRobotTask (Mount,500000);
28/09/20;11:13:09.886;INFO;Controller;Executing asynchronous activity: ExecRobotTask;
28/09/20;11:13:09.886;INFO;Controller;Status = Executing: Mount;
28/09/20;11:13:09.886;INFO;Controller;State = Running;
28/09/20;11:13:11.060;INFO;Robot Runtime;executing:    Mount;
28/09/20;11:13:15.224;INFO;Controller;Activity ExecRobotTask ended. Return value: Done True/False/False;
28/09/20;11:13:15.224;INFO;Controller;State = Ready;
28/09/20;11:13:15.259;INFO;Server;Command: ExecRobotTask (Park,500000);
28/09/20;11:13:15.259;INFO;Controller;Executing asynchronous activity: ExecRobotTask;
28/09/20;11:13:15.259;INFO;Controller;Status = Executing: Park;
28/09/20;11:13:15.259;INFO;Controller;State = Running;
28/09/20;11:13:16.133;INFO;Robot Runtime;executing:    Park;
28/09/20;11:13:18.266;INFO;Controller;Activity ExecRobotTask ended. Return value: Done;
28/09/20;11:13:18.266;INFO;Controller;State = Ready;
28/09/20;11:13:18.290;INFO;Server;Command: ExecRobotTask (UnlatchRobGov,500000);
28/09/20;11:13:18.290;INFO;Controller;Executing asynchronous activity: ExecRobotTask;
28/09/20;11:13:18.290;INFO;Controller;Status = Executing: UnlatchRobGov;
28/09/20;11:13:18.290;INFO;Controller;State = Running;
28/09/20;11:13:19.206;INFO;Robot Runtime;executing:    UnlatchRobGov;
28/09/20;11:13:19.748;INFO;Controller;Activity ExecRobotTask ended. Return value: Done;
28/09/20;11:13:19.748;INFO;Controller;State = Ready;
28/09/20;11:13:50.415;INFO;Server;Command: ExecRobotTask (Unmount,500000);
28/09/20;11:13:50.415;INFO;Controller;Executing asynchronous activity: ExecRobotTask;
28/09/20;11:13:50.415;INFO;Controller;Status = Executing: Unmount;
28/09/20;11:13:50.415;INFO;Controller;State = Running;
28/09/20;11:13:51.446;INFO;Robot Runtime;executing:    Unmount;
28/09/20;11:14:02.219;INFO;Controller;Activity ExecRobotTask ended. Return value: Done False/True/False;
28/09/20;11:14:02.219;INFO;Controller;State = Ready;
28/09/20;11:14:02.237;INFO;Server;Command: ExecRobotTask (Unload,500000);
28/09/20;11:14:02.237;INFO;Controller;Executing asynchronous activity: ExecRobotTask;
28/09/20;11:14:02.237;INFO;Controller;Status = Executing: Unload;
28/09/20;11:14:02.237;INFO;Controller;State = Running;
28/09/20;11:14:03.108;INFO;Robot Runtime;executing:    Unload;
28/09/20;11:14:07.142;INFO;Controller;Activity ExecRobotTask ended. Return value: Done False/False/False;
28/09/20;11:14:07.142;INFO;Controller;State = Ready;
28/09/20;11:14:08.757;INFO;Server;Command: ExecRobotTask (Load,500000);
28/09/20;11:14:08.757;INFO;Controller;Executing asynchronous activity: ExecRobotTask;
28/09/20;11:14:08.757;INFO;Controller;Status = Executing: Load;
28/09/20;11:14:08.757;INFO;Controller;State = Running;
28/09/20;11:14:09.932;INFO;Robot Runtime;executing:    Load;
28/09/20;11:14:16.132;INFO;Controller;Activity ExecRobotTask ended. Return value: Done False/True/False;
28/09/20;11:14:16.132;INFO;Controller;State = Ready;
28/09/20;11:14:16.148;INFO;Server;Command: ExecRobotTask (Mount,500000);
28/09/20;11:14:16.148;INFO;Controller;Executing asynchronous activity: ExecRobotTask;
28/09/20;11:14:16.148;INFO;Controller;Status = Executing: Mount;
28/09/20;11:14:16.149;INFO;Controller;State = Running;
28/09/20;11:14:17.212;INFO;Robot Runtime;executing:    Mount;
28/09/20;11:14:21.322;INFO;Controller;Activity ExecRobotTask ended. Return value: Done True/False/False;
28/09/20;11:14:21.322;INFO;Controller;State = Ready;
28/09/20;11:14:21.348;INFO;Server;Command: ExecRobotTask (Park,500000);
28/09/20;11:14:21.348;INFO;Controller;Executing asynchronous activity: ExecRobotTask;
28/09/20;11:14:21.348;INFO;Controller;Status = Executing: Park;
28/09/20;11:14:21.349;INFO;Controller;State = Running;
28/09/20;11:14:22.211;INFO;Robot Runtime;executing:    Park;
28/09/20;11:14:23.942;INFO;Controller;Activity ExecRobotTask ended. Return value: Done;
28/09/20;11:14:23.942;INFO;Controller;State = Ready;
28/09/20;11:14:23.968;INFO;Server;Command: ExecRobotTask (UnlatchRobGov,500000);
28/09/20;11:14:23.968;INFO;Controller;Executing asynchronous activity: ExecRobotTask;
28/09/20;11:14:23.968;INFO;Controller;Status = Executing: UnlatchRobGov;
28/09/20;11:14:23.968;INFO;Controller;State = Running;
28/09/20;11:14:24.889;INFO;Robot Runtime;executing:    UnlatchRobGov;
28/09/20;11:14:25.344;INFO;Controller;Activity ExecRobotTask ended. Return value: Done;
28/09/20;11:14:25.344;INFO;Controller;State = Ready;
28/09/20;11:14:42.533;INFO;Server;Command: ExecRobotTask (Unmount,500000);
28/09/20;11:14:42.534;INFO;Controller;Executing asynchronous activity: ExecRobotTask;
28/09/20;11:14:42.534;INFO;Controller;Status = Executing: Unmount;
28/09/20;11:14:42.534;INFO;Controller;State = Running;
28/09/20;11:14:43.682;INFO;Robot Runtime;executing:    Unmount;
28/09/20;11:14:53.923;INFO;Controller;Activity ExecRobotTask ended. Return value: Done False/True/False;
28/09/20;11:14:53.923;INFO;Controller;State = Ready;
28/09/20;11:14:53.935;INFO;Server;Command: ExecRobotTask (Unload,500000);
28/09/20;11:14:53.935;INFO;Controller;Executing asynchronous activity: ExecRobotTask;
28/09/20;11:14:53.936;INFO;Controller;Status = Executing: Unload;
28/09/20;11:14:53.936;INFO;Controller;State = Running;
28/09/20;11:14:54.823;INFO;Robot Runtime;executing:    Unload;
28/09/20;11:14:58.426;INFO;Controller;Activity ExecRobotTask ended. Return value: Done False/False/False;
28/09/20;11:14:58.427;INFO;Controller;State = Ready;
28/09/20;11:15:00.216;INFO;Server;Command: ExecRobotTask (Load,500000);
28/09/20;11:15:00.216;INFO;Controller;Executing asynchronous activity: ExecRobotTask;
28/09/20;11:15:00.216;INFO;Controller;Status = Executing: Load;
28/09/20;11:15:00.216;INFO;Controller;State = Running;
28/09/20;11:15:01.275;INFO;Robot Runtime;executing:    Load;
28/09/20;11:15:07.564;INFO;Controller;Activity ExecRobotTask ended. Return value: Done False/True/True;
28/09/20;11:15:07.564;INFO;Controller;State = Ready;
28/09/20;11:15:07.593;INFO;Server;Command: ExecRobotTask (Home,500000);
28/09/20;11:15:07.593;INFO;Controller;Executing asynchronous activity: ExecRobotTask;
28/09/20;11:15:07.593;INFO;Controller;Status = Executing: Home;
28/09/20;11:15:07.593;INFO;Controller;State = Running;
28/09/20;11:15:08.476;INFO;Robot Runtime;executing:    Home;
28/09/20;11:15:09.819;INFO;Controller;Activity ExecRobotTask ended. Return value: Done;
28/09/20;11:15:09.819;INFO;Controller;State = Ready;
28/09/20;11:15:09.839;INFO;Server;Command: ExecRobotTask (Unload,500000);
28/09/20;11:15:09.839;INFO;Controller;Executing asynchronous activity: ExecRobotTask;
28/09/20;11:15:09.839;INFO;Controller;Status = Executing: Unload;
28/09/20;11:15:09.839;INFO;Controller;State = Running;
28/09/20;11:15:11.004;INFO;Robot Runtime;executing:    Unload;
28/09/20;11:15:15.520;INFO;Controller;Activity ExecRobotTask ended. Return value: Done False/False/False;
28/09/20;11:15:15.520;INFO;Controller;State = Ready;
28/09/20;11:15:15.544;INFO;Server;Command: ExecRobotTask (Home,500000);
28/09/20;11:15:15.545;INFO;Controller;Executing asynchronous activity: ExecRobotTask;
28/09/20;11:15:15.545;INFO;Controller;Status = Executing: Home;
28/09/20;11:15:15.545;INFO;Controller;State = Running;
28/09/20;11:15:16.418;INFO;Robot Runtime;executing:    Home;
28/09/20;11:15:17.520;INFO;Controller;Activity ExecRobotTask ended. Return value: Done;
28/09/20;11:15:17.520;INFO;Controller;State = Ready;
28/09/20;11:15:17.538;INFO;Server;Command: ExecRobotTask (Park,500000);
28/09/20;11:15:17.538;INFO;Controller;Executing asynchronous activity: ExecRobotTask;
28/09/20;11:15:17.538;INFO;Controller;Status = Executing: Park;
28/09/20;11:15:17.538;INFO;Controller;State = Running;
28/09/20;11:15:18.398;INFO;Robot Runtime;executing:    Park;
28/09/20;11:15:21.163;INFO;Controller;Activity ExecRobotTask ended. Return value: Done;
28/09/20;11:15:21.164;INFO;Controller;State = Ready;
28/09/20;11:16:47.091;INFO;Server;Command: ExecRobotTask (Initialize,500000);
28/09/20;11:16:47.091;INFO;Controller;Executing asynchronous activity: ExecRobotTask;
28/09/20;11:16:47.100;INFO;Controller;Status = Executing: Initialize;
28/09/20;11:16:47.100;INFO;Controller;State = Running;
28/09/20;11:16:47.983;INFO;Robot Runtime;executing:    Initialize;
28/09/20;11:16:48.414;INFO;Controller;Activity ExecRobotTask ended. Return value: Done;
28/09/20;11:16:48.415;INFO;Controller;State = Ready;
28/09/20;11:16:48.636;INFO;Server;Command: ExecRobotTask (Load,500000);
28/09/20;11:16:48.636;INFO;Controller;Executing asynchronous activity: ExecRobotTask;
28/09/20;11:16:48.636;INFO;Controller;Status = Executing: Load;
28/09/20;11:16:48.637;INFO;Controller;State = Running;
28/09/20;11:16:49.685;INFO;Robot Runtime;executing:    Load;
28/09/20;11:16:58.961;INFO;Controller;Activity ExecRobotTask ended. Return value: Done False/True/False;
28/09/20;11:16:58.962;INFO;Controller;State = Ready;
28/09/20;11:16:58.986;INFO;Server;Command: ExecRobotTask (Mount,500000);
28/09/20;11:16:58.987;INFO;Controller;Executing asynchronous activity: ExecRobotTask;
28/09/20;11:16:58.987;INFO;Controller;Status = Executing: Mount;
28/09/20;11:16:58.987;INFO;Controller;State = Running;
28/09/20;11:17:00.161;INFO;Robot Runtime;executing:    Mount;
28/09/20;11:17:04.397;INFO;Controller;Activity ExecRobotTask ended. Return value: Done True/False/False;
28/09/20;11:17:04.397;INFO;Controller;State = Ready;
28/09/20;11:17:04.429;INFO;Server;Command: ExecRobotTask (Park,500000);
28/09/20;11:17:04.429;INFO;Controller;Executing asynchronous activity: ExecRobotTask;
28/09/20;11:17:04.429;INFO;Controller;Status = Executing: Park;
28/09/20;11:17:04.430;INFO;Controller;State = Running;
28/09/20;11:17:05.303;INFO;Robot Runtime;executing:    Park;
28/09/20;11:17:07.430;INFO;Controller;Activity ExecRobotTask ended. Return value: Done;
28/09/20;11:17:07.430;INFO;Controller;State = Ready;
28/09/20;11:17:07.456;INFO;Server;Command: ExecRobotTask (UnlatchRobGov,500000);
28/09/20;11:17:07.456;INFO;Controller;Executing asynchronous activity: ExecRobotTask;
28/09/20;11:17:07.456;INFO;Controller;Status = Executing: UnlatchRobGov;
28/09/20;11:17:07.456;INFO;Controller;State = Running;
28/09/20;11:17:08.370;INFO;Robot Runtime;executing:    UnlatchRobGov;
28/09/20;11:17:08.909;INFO;Controller;Activity ExecRobotTask ended. Return value: Done;
28/09/20;11:17:08.909;INFO;Controller;State = Ready;
28/09/20;14:31:50.115;INFO;Server;Command: ExecRobotTask (Initialize,500000);
28/09/20;14:31:50.116;INFO;Controller;Executing asynchronous activity: ExecRobotTask;
28/09/20;14:31:50.116;INFO;Controller;Status = Executing: Initialize;
28/09/20;14:31:50.116;INFO;Controller;State = Running;
28/09/20;14:31:51.150;INFO;Robot Runtime;executing:    Initialize;
28/09/20;14:31:51.194;INFO;Robot Runtime;Robot power is on manual;
28/09/20;14:31:51.472;INFO;Controller;Activity ExecRobotTask ended. Return value: ABORT: Robot power is on manual;
28/09/20;14:31:51.472;INFO;Controller;State = Ready;
28/09/20;14:32:25.824;INFO;Server;Command: ExecRobotTask (Initialize,500000);
28/09/20;14:32:25.824;INFO;Controller;Executing asynchronous activity: ExecRobotTask;
28/09/20;14:32:25.824;INFO;Controller;Status = Executing: Initialize;
28/09/20;14:32:25.824;INFO;Controller;State = Running;
28/09/20;14:32:26.720;INFO;Robot Runtime;executing:    Initialize;
28/09/20;14:32:27.678;INFO;Controller;Activity ExecRobotTask ended. Return value: Done;
28/09/20;14:32:27.678;INFO;Controller;State = Ready;
28/09/20;14:32:27.896;INFO;Server;Command: ExecRobotTask (Unmount,500000);
28/09/20;14:32:27.896;INFO;Controller;Executing asynchronous activity: ExecRobotTask;
28/09/20;14:32:27.896;INFO;Controller;Status = Executing: Unmount;
28/09/20;14:32:27.896;INFO;Controller;State = Running;
28/09/20;14:32:29.053;INFO;Robot Runtime;executing:    Unmount;
28/09/20;14:32:36.429;INFO;Controller;Activity ExecRobotTask ended. Return value: Done False/True/False;
28/09/20;14:32:36.429;INFO;Controller;State = Ready;
28/09/20;14:32:36.448;INFO;Server;Command: ExecRobotTask (Unload,500000);
28/09/20;14:32:36.449;INFO;Controller;Executing asynchronous activity: ExecRobotTask;
28/09/20;14:32:36.449;INFO;Controller;Status = Executing: Unload;
28/09/20;14:32:36.449;INFO;Controller;State = Running;
28/09/20;14:32:37.355;INFO;Robot Runtime;executing:    Unload;
28/09/20;14:32:40.927;INFO;Controller;Activity ExecRobotTask ended. Return value: Done False/False/False;
28/09/20;14:32:40.927;INFO;Controller;State = Ready;
28/09/20;14:32:42.535;INFO;Server;Command: ExecRobotTask (Load,500000);
28/09/20;14:32:42.535;INFO;Controller;Executing asynchronous activity: ExecRobotTask;
28/09/20;14:32:42.535;INFO;Controller;Status = Executing: Load;
28/09/20;14:32:42.535;INFO;Controller;State = Running;
28/09/20;14:32:43.563;INFO;Robot Runtime;executing:    Load;
28/09/20;14:32:49.793;INFO;Controller;Activity ExecRobotTask ended. Return value: Done False/True/False;
28/09/20;14:32:49.793;INFO;Controller;State = Ready;
28/09/20;14:32:49.814;INFO;Server;Command: ExecRobotTask (Mount,500000);
28/09/20;14:32:49.814;INFO;Controller;Executing asynchronous activity: ExecRobotTask;
28/09/20;14:32:49.814;INFO;Controller;Status = Executing: Mount;
28/09/20;14:32:49.815;INFO;Controller;State = Running;
28/09/20;14:32:50.734;INFO;Robot Runtime;executing:    Mount;
28/09/20;14:32:54.956;INFO;Controller;Activity ExecRobotTask ended. Return value: Done True/False/False;
28/09/20;14:32:54.956;INFO;Controller;State = Ready;
28/09/20;14:32:54.987;INFO;Server;Command: ExecRobotTask (Park,500000);
28/09/20;14:32:54.987;INFO;Controller;Executing asynchronous activity: ExecRobotTask;
28/09/20;14:32:54.987;INFO;Controller;Status = Executing: Park;
28/09/20;14:32:54.987;INFO;Controller;State = Running;
28/09/20;14:32:56.103;INFO;Robot Runtime;executing:    Park;
28/09/20;14:32:57.857;INFO;Controller;Activity ExecRobotTask ended. Return value: Done;
28/09/20;14:32:57.857;INFO;Controller;State = Ready;
28/09/20;14:32:57.881;INFO;Server;Command: ExecRobotTask (UnlatchRobGov,500000);
28/09/20;14:32:57.881;INFO;Controller;Executing asynchronous activity: ExecRobotTask;
28/09/20;14:32:57.881;INFO;Controller;Status = Executing: UnlatchRobGov;
28/09/20;14:32:57.881;INFO;Controller;State = Running;
28/09/20;14:32:58.808;INFO;Robot Runtime;executing:    UnlatchRobGov;
28/09/20;14:32:59.258;INFO;Controller;Activity ExecRobotTask ended. Return value: Done;
28/09/20;14:32:59.258;INFO;Controller;State = Ready;
28/09/20;14:33:32.571;INFO;Server;Command: ExecRobotTask (Unmount,500000);
28/09/20;14:33:32.571;INFO;Controller;Executing asynchronous activity: ExecRobotTask;
28/09/20;14:33:32.571;INFO;Controller;Status = Executing: Unmount;
28/09/20;14:33:32.571;INFO;Controller;State = Running;
28/09/20;14:33:33.599;INFO;Robot Runtime;executing:    Unmount;
28/09/20;14:33:44.129;INFO;Controller;Activity ExecRobotTask ended. Return value: Done False/True/False;
28/09/20;14:33:44.130;INFO;Controller;State = Ready;
28/09/20;14:33:44.156;INFO;Server;Command: ExecRobotTask (Unload,500000);
28/09/20;14:33:44.157;INFO;Controller;Executing asynchronous activity: ExecRobotTask;
28/09/20;14:33:44.157;INFO;Controller;Status = Executing: Unload;
28/09/20;14:33:44.157;INFO;Controller;State = Running;
28/09/20;14:33:45.072;INFO;Robot Runtime;executing:    Unload;
28/09/20;14:33:49.032;INFO;Controller;Activity ExecRobotTask ended. Return value: Done False/False/False;
28/09/20;14:33:49.032;INFO;Controller;State = Ready;
28/09/20;14:33:50.581;INFO;Server;Command: ExecRobotTask (Load,500000);
28/09/20;14:33:50.581;INFO;Controller;Executing asynchronous activity: ExecRobotTask;
28/09/20;14:33:50.581;INFO;Controller;Status = Executing: Load;
28/09/20;14:33:50.582;INFO;Controller;State = Running;
28/09/20;14:33:51.748;INFO;Robot Runtime;executing:    Load;
28/09/20;14:33:57.986;INFO;Controller;Activity ExecRobotTask ended. Return value: Done False/True/False;
28/09/20;14:33:57.986;INFO;Controller;State = Ready;
28/09/20;14:33:58.006;INFO;Server;Command: ExecRobotTask (Mount,500000);
28/09/20;14:33:58.006;INFO;Controller;Executing asynchronous activity: ExecRobotTask;
28/09/20;14:33:58.007;INFO;Controller;Status = Executing: Mount;
28/09/20;14:33:58.007;INFO;Controller;State = Running;
28/09/20;14:33:59.050;INFO;Robot Runtime;executing:    Mount;
28/09/20;14:34:03.163;INFO;Controller;Activity ExecRobotTask ended. Return value: Done True/False/False;
28/09/20;14:34:03.163;INFO;Controller;State = Ready;
28/09/20;14:34:03.187;INFO;Server;Command: ExecRobotTask (Park,500000);
28/09/20;14:34:03.187;INFO;Controller;Executing asynchronous activity: ExecRobotTask;
28/09/20;14:34:03.187;INFO;Controller;Status = Executing: Park;
28/09/20;14:34:03.188;INFO;Controller;State = Running;
28/09/20;14:34:04.099;INFO;Robot Runtime;executing:    Park;
28/09/20;14:34:06.211;INFO;Controller;Activity ExecRobotTask ended. Return value: Done;
28/09/20;14:34:06.211;INFO;Controller;State = Ready;
28/09/20;14:34:06.239;INFO;Server;Command: ExecRobotTask (UnlatchRobGov,500000);
28/09/20;14:34:06.240;INFO;Controller;Executing asynchronous activity: ExecRobotTask;
28/09/20;14:34:06.240;INFO;Controller;Status = Executing: UnlatchRobGov;
28/09/20;14:34:06.240;INFO;Controller;State = Running;
28/09/20;14:34:07.155;INFO;Robot Runtime;executing:    UnlatchRobGov;
28/09/20;14:34:07.694;INFO;Controller;Activity ExecRobotTask ended. Return value: Done;
28/09/20;14:34:07.694;INFO;Controller;State = Ready;
28/09/20;14:34:22.475;INFO;Server;Command: ExecRobotTask (Unmount,500000);
28/09/20;14:34:22.476;INFO;Controller;Executing asynchronous activity: ExecRobotTask;
28/09/20;14:34:22.476;INFO;Controller;Status = Executing: Unmount;
28/09/20;14:34:22.476;INFO;Controller;State = Running;
28/09/20;14:34:23.612;INFO;Robot Runtime;executing:    Unmount;
28/09/20;14:34:34.459;INFO;Controller;Activity ExecRobotTask ended. Return value: Done False/True/False;
28/09/20;14:34:34.459;INFO;Controller;State = Ready;
28/09/20;14:34:34.482;INFO;Server;Command: ExecRobotTask (Unload,500000);
28/09/20;14:34:34.482;INFO;Controller;Executing asynchronous activity: ExecRobotTask;
28/09/20;14:34:34.482;INFO;Controller;Status = Executing: Unload;
28/09/20;14:34:34.482;INFO;Controller;State = Running;
28/09/20;14:34:35.369;INFO;Robot Runtime;executing:    Unload;
28/09/20;14:34:39.364;INFO;Controller;Activity ExecRobotTask ended. Return value: Done False/False/False;
28/09/20;14:34:39.364;INFO;Controller;State = Ready;
28/09/20;14:34:40.955;INFO;Server;Command: ExecRobotTask (Load,500000);
28/09/20;14:34:40.955;INFO;Controller;Executing asynchronous activity: ExecRobotTask;
28/09/20;14:34:40.955;INFO;Controller;Status = Executing: Load;
28/09/20;14:34:40.955;INFO;Controller;State = Running;
28/09/20;14:34:42.039;INFO;Robot Runtime;executing:    Load;
28/09/20;14:34:48.305;INFO;Controller;Activity ExecRobotTask ended. Return value: Done False/True/False;
28/09/20;14:34:48.305;INFO;Controller;State = Ready;
28/09/20;14:34:48.331;INFO;Server;Command: ExecRobotTask (Mount,500000);
28/09/20;14:34:48.331;INFO;Controller;Executing asynchronous activity: ExecRobotTask;
28/09/20;14:34:48.331;INFO;Controller;Status = Executing: Mount;
28/09/20;14:34:48.331;INFO;Controller;State = Running;
28/09/20;14:34:49.483;INFO;Robot Runtime;executing:    Mount;
28/09/20;14:34:53.734;INFO;Controller;Activity ExecRobotTask ended. Return value: Done True/False/False;
28/09/20;14:34:53.734;INFO;Controller;State = Ready;
28/09/20;14:34:53.765;INFO;Server;Command: ExecRobotTask (Park,500000);
28/09/20;14:34:53.766;INFO;Controller;Executing asynchronous activity: ExecRobotTask;
28/09/20;14:34:53.766;INFO;Controller;Status = Executing: Park;
28/09/20;14:34:53.766;INFO;Controller;State = Running;
28/09/20;14:34:54.638;INFO;Robot Runtime;executing:    Park;
28/09/20;14:34:56.760;INFO;Controller;Activity ExecRobotTask ended. Return value: Done;
28/09/20;14:34:56.760;INFO;Controller;State = Ready;
28/09/20;14:34:56.787;INFO;Server;Command: ExecRobotTask (UnlatchRobGov,500000);
28/09/20;14:34:56.788;INFO;Controller;Executing asynchronous activity: ExecRobotTask;
28/09/20;14:34:56.788;INFO;Controller;Status = Executing: UnlatchRobGov;
28/09/20;14:34:56.788;INFO;Controller;State = Running;
28/09/20;14:34:57.692;INFO;Robot Runtime;executing:    UnlatchRobGov;
28/09/20;14:34:58.232;INFO;Controller;Activity ExecRobotTask ended. Return value: Done;
28/09/20;14:34:58.232;INFO;Controller;State = Ready;
28/09/20;14:35:51.672;INFO;Server;Command: ExecRobotTask (Unmount,500000);
28/09/20;14:35:51.673;INFO;Controller;Executing asynchronous activity: ExecRobotTask;
28/09/20;14:35:51.673;INFO;Controller;Status = Executing: Unmount;
28/09/20;14:35:51.673;INFO;Controller;State = Running;
28/09/20;14:35:52.725;INFO;Robot Runtime;executing:    Unmount;
28/09/20;14:36:03.142;INFO;Controller;Activity ExecRobotTask ended. Return value: Done False/True/False;
28/09/20;14:36:03.142;INFO;Controller;State = Ready;
28/09/20;14:36:03.168;INFO;Server;Command: ExecRobotTask (Unload,500000);
28/09/20;14:36:03.169;INFO;Controller;Executing asynchronous activity: ExecRobotTask;
28/09/20;14:36:03.169;INFO;Controller;Status = Executing: Unload;
28/09/20;14:36:03.169;INFO;Controller;State = Running;
28/09/20;14:36:04.040;INFO;Robot Runtime;executing:    Unload;
28/09/20;14:36:07.984;INFO;Controller;Activity ExecRobotTask ended. Return value: Done False/False/False;
28/09/20;14:36:07.984;INFO;Controller;State = Ready;
28/09/20;14:36:09.550;INFO;Server;Command: ExecRobotTask (Load,500000);
28/09/20;14:36:09.550;INFO;Controller;Executing asynchronous activity: ExecRobotTask;
28/09/20;14:36:09.550;INFO;Controller;Status = Executing: Load;
28/09/20;14:36:09.550;INFO;Controller;State = Running;
28/09/20;14:36:10.712;INFO;Robot Runtime;executing:    Load;
28/09/20;14:36:16.945;INFO;Controller;Activity ExecRobotTask ended. Return value: Done False/True/False;
28/09/20;14:36:16.945;INFO;Controller;State = Ready;
28/09/20;14:36:16.977;INFO;Server;Command: ExecRobotTask (Mount,500000);
28/09/20;14:36:16.977;INFO;Controller;Executing asynchronous activity: ExecRobotTask;
28/09/20;14:36:16.977;INFO;Controller;Status = Executing: Mount;
28/09/20;14:36:16.977;INFO;Controller;State = Running;
28/09/20;14:36:18.056;INFO;Robot Runtime;executing:    Mount;
28/09/20;14:36:21.969;INFO;Controller;Activity ExecRobotTask ended. Return value: Done True/False/False;
28/09/20;14:36:21.970;INFO;Controller;State = Ready;
28/09/20;14:36:22.017;INFO;Server;Command: ExecRobotTask (Park,500000);
28/09/20;14:36:22.017;INFO;Controller;Executing asynchronous activity: ExecRobotTask;
28/09/20;14:36:22.018;INFO;Controller;Status = Executing: Park;
28/09/20;14:36:22.018;INFO;Controller;State = Running;
28/09/20;14:36:22.877;INFO;Robot Runtime;executing:    Park;
28/09/20;14:36:24.919;INFO;Controller;Activity ExecRobotTask ended. Return value: Done;
28/09/20;14:36:24.920;INFO;Controller;State = Ready;
28/09/20;14:36:24.949;INFO;Server;Command: ExecRobotTask (UnlatchRobGov,500000);
28/09/20;14:36:24.949;INFO;Controller;Executing asynchronous activity: ExecRobotTask;
28/09/20;14:36:24.949;INFO;Controller;Status = Executing: UnlatchRobGov;
28/09/20;14:36:24.949;INFO;Controller;State = Running;
28/09/20;14:36:25.866;INFO;Robot Runtime;executing:    UnlatchRobGov;
28/09/20;14:36:26.403;INFO;Controller;Activity ExecRobotTask ended. Return value: Done;
28/09/20;14:36:26.403;INFO;Controller;State = Ready;
28/09/20;14:37:39.690;INFO;Server;Command: ExecRobotTask (Unmount,500000);
28/09/20;14:37:39.690;INFO;Controller;Executing asynchronous activity: ExecRobotTask;
28/09/20;14:37:39.690;INFO;Controller;Status = Executing: Unmount;
28/09/20;14:37:39.690;INFO;Controller;State = Running;
28/09/20;14:37:40.827;INFO;Robot Runtime;executing:    Unmount;
28/09/20;14:37:51.762;INFO;Controller;Activity ExecRobotTask ended. Return value: Done False/True/False;
28/09/20;14:37:51.763;INFO;Controller;State = Ready;
28/09/20;14:37:51.796;INFO;Server;Command: ExecRobotTask (Unload,500000);
28/09/20;14:37:51.796;INFO;Controller;Executing asynchronous activity: ExecRobotTask;
28/09/20;14:37:51.796;INFO;Controller;Status = Executing: Unload;
28/09/20;14:37:51.796;INFO;Controller;State = Running;
28/09/20;14:37:52.676;INFO;Robot Runtime;executing:    Unload;
28/09/20;14:37:56.267;INFO;Controller;Activity ExecRobotTask ended. Return value: Done False/False/False;
28/09/20;14:37:56.267;INFO;Controller;State = Ready;
28/09/20;14:37:57.957;INFO;Server;Command: ExecRobotTask (Load,500000);
28/09/20;14:37:57.957;INFO;Controller;Executing asynchronous activity: ExecRobotTask;
28/09/20;14:37:57.957;INFO;Controller;Status = Executing: Load;
28/09/20;14:37:57.957;INFO;Controller;State = Running;
28/09/20;14:37:59.035;INFO;Robot Runtime;executing:    Load;
28/09/20;14:38:04.958;INFO;Controller;Activity ExecRobotTask ended. Return value: Done False/True/False;
28/09/20;14:38:04.958;INFO;Controller;State = Ready;
28/09/20;14:38:04.987;INFO;Server;Command: ExecRobotTask (Mount,500000);
28/09/20;14:38:04.988;INFO;Controller;Executing asynchronous activity: ExecRobotTask;
28/09/20;14:38:04.988;INFO;Controller;Status = Executing: Mount;
28/09/20;14:38:04.988;INFO;Controller;State = Running;
28/09/20;14:38:06.138;INFO;Robot Runtime;executing:    Mount;
28/09/20;14:38:10.324;INFO;Controller;Activity ExecRobotTask ended. Return value: Done True/False/False;
28/09/20;14:38:10.324;INFO;Controller;State = Ready;
28/09/20;14:38:10.373;INFO;Server;Command: ExecRobotTask (Park,500000);
28/09/20;14:38:10.373;INFO;Controller;Executing asynchronous activity: ExecRobotTask;
28/09/20;14:38:10.374;INFO;Controller;Status = Executing: Park;
28/09/20;14:38:10.374;INFO;Controller;State = Running;
28/09/20;14:38:11.246;INFO;Robot Runtime;executing:    Park;
28/09/20;14:38:13.362;INFO;Controller;Activity ExecRobotTask ended. Return value: Done;
28/09/20;14:38:13.362;INFO;Controller;State = Ready;
28/09/20;14:38:13.390;INFO;Server;Command: ExecRobotTask (UnlatchRobGov,500000);
28/09/20;14:38:13.391;INFO;Controller;Executing asynchronous activity: ExecRobotTask;
28/09/20;14:38:13.391;INFO;Controller;Status = Executing: UnlatchRobGov;
28/09/20;14:38:13.391;INFO;Controller;State = Running;
28/09/20;14:38:14.302;INFO;Robot Runtime;executing:    UnlatchRobGov;
28/09/20;14:38:14.839;INFO;Controller;Activity ExecRobotTask ended. Return value: Done;
28/09/20;14:38:14.840;INFO;Controller;State = Ready;
28/09/20;14:39:16.149;INFO;Server;Command: ExecRobotTask (Unmount,500000);
28/09/20;14:39:16.149;INFO;Controller;Executing asynchronous activity: ExecRobotTask;
28/09/20;14:39:16.150;INFO;Controller;Status = Executing: Unmount;
28/09/20;14:39:16.150;INFO;Controller;State = Running;
28/09/20;14:39:17.201;INFO;Robot Runtime;executing:    Unmount;
28/09/20;14:39:27.670;INFO;Controller;Activity ExecRobotTask ended. Return value: Done False/True/False;
28/09/20;14:39:27.670;INFO;Controller;State = Ready;
28/09/20;14:39:27.695;INFO;Server;Command: ExecRobotTask (Unload,500000);
28/09/20;14:39:27.695;INFO;Controller;Executing asynchronous activity: ExecRobotTask;
28/09/20;14:39:27.695;INFO;Controller;Status = Executing: Unload;
28/09/20;14:39:27.695;INFO;Controller;State = Running;
28/09/20;14:39:28.566;INFO;Robot Runtime;executing:    Unload;
28/09/20;14:39:32.598;INFO;Controller;Activity ExecRobotTask ended. Return value: Done False/False/False;
28/09/20;14:39:32.598;INFO;Controller;State = Ready;
28/09/20;14:39:34.437;INFO;Server;Command: ExecRobotTask (Load,500000);
28/09/20;14:39:34.437;INFO;Controller;Executing asynchronous activity: ExecRobotTask;
28/09/20;14:39:34.437;INFO;Controller;Status = Executing: Load;
28/09/20;14:39:34.437;INFO;Controller;State = Running;
28/09/20;14:39:35.603;INFO;Robot Runtime;executing:    Load;
28/09/20;14:39:41.810;INFO;Controller;Activity ExecRobotTask ended. Return value: Done False/True/False;
28/09/20;14:39:41.811;INFO;Controller;State = Ready;
28/09/20;14:39:41.837;INFO;Server;Command: ExecRobotTask (Mount,500000);
28/09/20;14:39:41.837;INFO;Controller;Executing asynchronous activity: ExecRobotTask;
28/09/20;14:39:41.837;INFO;Controller;Status = Executing: Mount;
28/09/20;14:39:41.837;INFO;Controller;State = Running;
28/09/20;14:39:42.918;INFO;Robot Runtime;executing:    Mount;
28/09/20;14:39:46.994;INFO;Controller;Activity ExecRobotTask ended. Return value: Done True/False/False;
28/09/20;14:39:46.994;INFO;Controller;State = Ready;
28/09/20;14:39:47.033;INFO;Server;Command: ExecRobotTask (Park,500000);
28/09/20;14:39:47.034;INFO;Controller;Executing asynchronous activity: ExecRobotTask;
28/09/20;14:39:47.034;INFO;Controller;Status = Executing: Park;
28/09/20;14:39:47.034;INFO;Controller;State = Running;
28/09/20;14:39:47.901;INFO;Robot Runtime;executing:    Park;
28/09/20;14:39:50.025;INFO;Controller;Activity ExecRobotTask ended. Return value: Done;
28/09/20;14:39:50.025;INFO;Controller;State = Ready;
28/09/20;14:39:50.051;INFO;Server;Command: ExecRobotTask (UnlatchRobGov,500000);
28/09/20;14:39:50.051;INFO;Controller;Executing asynchronous activity: ExecRobotTask;
28/09/20;14:39:50.051;INFO;Controller;Status = Executing: UnlatchRobGov;
28/09/20;14:39:50.051;INFO;Controller;State = Running;
28/09/20;14:39:50.965;INFO;Robot Runtime;executing:    UnlatchRobGov;
28/09/20;14:39:51.499;INFO;Controller;Activity ExecRobotTask ended. Return value: Done;
28/09/20;14:39:51.499;INFO;Controller;State = Ready;
28/09/20;14:40:18.984;INFO;Server;Command: ExecRobotTask (Unmount,500000);
28/09/20;14:40:18.985;INFO;Controller;Executing asynchronous activity: ExecRobotTask;
28/09/20;14:40:18.985;INFO;Controller;Status = Executing: Unmount;
28/09/20;14:40:18.985;INFO;Controller;State = Running;
28/09/20;14:40:20.118;INFO;Robot Runtime;executing:    Unmount;
28/09/20;14:40:31.239;INFO;Controller;Activity ExecRobotTask ended. Return value: Done False/True/False;
28/09/20;14:40:31.239;INFO;Controller;State = Ready;
28/09/20;14:40:31.272;INFO;Server;Command: ExecRobotTask (Unload,500000);
28/09/20;14:40:31.272;INFO;Controller;Executing asynchronous activity: ExecRobotTask;
28/09/20;14:40:31.272;INFO;Controller;Status = Executing: Unload;
28/09/20;14:40:31.272;INFO;Controller;State = Running;
28/09/20;14:40:32.152;INFO;Robot Runtime;executing:    Unload;
28/09/20;14:40:36.152;INFO;Controller;Activity ExecRobotTask ended. Return value: Done False/False/False;
28/09/20;14:40:36.152;INFO;Controller;State = Ready;
28/09/20;14:40:37.766;INFO;Server;Command: ExecRobotTask (Load,500000);
28/09/20;14:40:37.767;INFO;Controller;Executing asynchronous activity: ExecRobotTask;
28/09/20;14:40:37.767;INFO;Controller;Status = Executing: Load;
28/09/20;14:40:37.767;INFO;Controller;State = Running;
28/09/20;14:40:38.849;INFO;Robot Runtime;executing:    Load;
28/09/20;14:40:44.684;INFO;Controller;Activity ExecRobotTask ended. Return value: Done False/True/True;
28/09/20;14:40:44.685;INFO;Controller;State = Ready;
28/09/20;14:40:44.717;INFO;Server;Command: ExecRobotTask (Home,500000);
28/09/20;14:40:44.717;INFO;Controller;Executing asynchronous activity: ExecRobotTask;
28/09/20;14:40:44.717;INFO;Controller;Status = Executing: Home;
28/09/20;14:40:44.717;INFO;Controller;State = Running;
28/09/20;14:40:45.600;INFO;Robot Runtime;executing:    Home;
28/09/20;14:40:46.862;INFO;Controller;Activity ExecRobotTask ended. Return value: Done;
28/09/20;14:40:46.862;INFO;Controller;State = Ready;
28/09/20;14:40:46.893;INFO;Server;Command: ExecRobotTask (Unload,500000);
28/09/20;14:40:46.894;INFO;Controller;Executing asynchronous activity: ExecRobotTask;
28/09/20;14:40:46.894;INFO;Controller;Status = Executing: Unload;
28/09/20;14:40:46.894;INFO;Controller;State = Running;
28/09/20;14:40:48.042;INFO;Robot Runtime;executing:    Unload;
28/09/20;14:40:52.566;INFO;Controller;Activity ExecRobotTask ended. Return value: Done False/False/False;
28/09/20;14:40:52.566;INFO;Controller;State = Ready;
28/09/20;14:40:52.600;INFO;Server;Command: ExecRobotTask (Home,500000);
28/09/20;14:40:52.600;INFO;Controller;Executing asynchronous activity: ExecRobotTask;
28/09/20;14:40:52.600;INFO;Controller;Status = Executing: Home;
28/09/20;14:40:52.600;INFO;Controller;State = Running;
28/09/20;14:40:53.473;INFO;Robot Runtime;executing:    Home;
28/09/20;14:40:54.571;INFO;Controller;Activity ExecRobotTask ended. Return value: Done;
28/09/20;14:40:54.571;INFO;Controller;State = Ready;
28/09/20;14:40:54.603;INFO;Server;Command: ExecRobotTask (Park,500000);
28/09/20;14:40:54.603;INFO;Controller;Executing asynchronous activity: ExecRobotTask;
28/09/20;14:40:54.603;INFO;Controller;Status = Executing: Park;
28/09/20;14:40:54.603;INFO;Controller;State = Running;
28/09/20;14:40:55.462;INFO;Robot Runtime;executing:    Park;
28/09/20;14:40:58.631;INFO;Controller;Activity ExecRobotTask ended. Return value: Done;
28/09/20;14:40:58.631;INFO;Controller;State = Ready;
28/09/20;14:41:06.650;INFO;Server;Command: ExecRobotTask (Initialize,500000);
28/09/20;14:41:06.650;INFO;Controller;Executing asynchronous activity: ExecRobotTask;
28/09/20;14:41:06.650;INFO;Controller;Status = Executing: Initialize;
28/09/20;14:41:06.650;INFO;Controller;State = Running;
28/09/20;14:41:07.536;INFO;Robot Runtime;executing:    Initialize;
28/09/20;14:41:08.068;INFO;Controller;Activity ExecRobotTask ended. Return value: Done;
28/09/20;14:41:08.069;INFO;Controller;State = Ready;
28/09/20;14:41:08.290;INFO;Server;Command: ExecRobotTask (Load,500000);
28/09/20;14:41:08.290;INFO;Controller;Executing asynchronous activity: ExecRobotTask;
28/09/20;14:41:08.290;INFO;Controller;Status = Executing: Load;
28/09/20;14:41:08.291;INFO;Controller;State = Running;
28/09/20;14:41:09.371;INFO;Robot Runtime;executing:    Load;
28/09/20;14:41:18.444;INFO;Controller;Activity ExecRobotTask ended. Return value: Done False/True/False;
28/09/20;14:41:18.444;INFO;Controller;State = Ready;
28/09/20;14:41:18.472;INFO;Server;Command: ExecRobotTask (Mount,500000);
28/09/20;14:41:18.472;INFO;Controller;Executing asynchronous activity: ExecRobotTask;
28/09/20;14:41:18.472;INFO;Controller;Status = Executing: Mount;
28/09/20;14:41:18.472;INFO;Controller;State = Running;
28/09/20;14:41:19.629;INFO;Robot Runtime;executing:    Mount;
28/09/20;14:41:23.793;INFO;Controller;Activity ExecRobotTask ended. Return value: Done True/False/False;
28/09/20;14:41:23.793;INFO;Controller;State = Ready;
28/09/20;14:41:23.831;INFO;Server;Command: ExecRobotTask (Park,500000);
28/09/20;14:41:23.831;INFO;Controller;Executing asynchronous activity: ExecRobotTask;
28/09/20;14:41:23.831;INFO;Controller;Status = Executing: Park;
28/09/20;14:41:23.831;INFO;Controller;State = Running;
28/09/20;14:41:24.704;INFO;Robot Runtime;executing:    Park;
28/09/20;14:41:26.830;INFO;Controller;Activity ExecRobotTask ended. Return value: Done;
28/09/20;14:41:26.830;INFO;Controller;State = Ready;
28/09/20;14:41:26.858;INFO;Server;Command: ExecRobotTask (UnlatchRobGov,500000);
28/09/20;14:41:26.858;INFO;Controller;Executing asynchronous activity: ExecRobotTask;
28/09/20;14:41:26.858;INFO;Controller;Status = Executing: UnlatchRobGov;
28/09/20;14:41:26.858;INFO;Controller;State = Running;
28/09/20;14:41:27.783;INFO;Robot Runtime;executing:    UnlatchRobGov;
28/09/20;14:41:28.307;INFO;Controller;Activity ExecRobotTask ended. Return value: Done;
28/09/20;14:41:28.307;INFO;Controller;State = Ready;
28/09/20;14:41:44.322;INFO;Server;Command: ExecRobotTask (Unmount,500000);
28/09/20;14:41:44.322;INFO;Controller;Executing asynchronous activity: ExecRobotTask;
28/09/20;14:41:44.322;INFO;Controller;Status = Executing: Unmount;
28/09/20;14:41:44.322;INFO;Controller;State = Running;
28/09/20;14:41:45.377;INFO;Robot Runtime;executing:    Unmount;
28/09/20;14:41:56.253;INFO;Controller;Activity ExecRobotTask ended. Return value: Done False/True/False;
28/09/20;14:41:56.253;INFO;Controller;State = Ready;
28/09/20;14:41:56.283;INFO;Server;Command: ExecRobotTask (Unload,500000);
28/09/20;14:41:56.283;INFO;Controller;Executing asynchronous activity: ExecRobotTask;
28/09/20;14:41:56.283;INFO;Controller;Status = Executing: Unload;
28/09/20;14:41:56.283;INFO;Controller;State = Running;
28/09/20;14:41:57.152;INFO;Robot Runtime;executing:    Unload;
28/09/20;14:42:01.160;INFO;Controller;Activity ExecRobotTask ended. Return value: Done False/False/False;
28/09/20;14:42:01.160;INFO;Controller;State = Ready;
28/09/20;14:42:01.284;INFO;Server;Command: ExecRobotTask (UnlatchRobGov,500000);
28/09/20;14:42:01.284;INFO;Controller;Executing asynchronous activity: ExecRobotTask;
28/09/20;14:42:01.285;INFO;Controller;Status = Executing: UnlatchRobGov;
28/09/20;14:42:01.285;INFO;Controller;State = Running;
28/09/20;14:42:02.146;INFO;Robot Runtime;executing:    UnlatchRobGov;
28/09/20;14:42:02.635;INFO;Controller;Activity ExecRobotTask ended. Return value: Done;
28/09/20;14:42:02.635;INFO;Controller;State = Ready;
28/09/20;14:42:02.665;INFO;Server;Command: ExecRobotTask (Home,500000);
28/09/20;14:42:02.665;INFO;Controller;Executing asynchronous activity: ExecRobotTask;
28/09/20;14:42:02.665;INFO;Controller;Status = Executing: Home;
28/09/20;14:42:02.665;INFO;Controller;State = Running;
28/09/20;14:42:03.805;INFO;Robot Runtime;executing:    Home;
28/09/20;14:42:04.917;INFO;Controller;Activity ExecRobotTask ended. Return value: Done;
28/09/20;14:42:04.917;INFO;Controller;State = Ready;
28/09/20;14:42:04.947;INFO;Server;Command: ExecRobotTask (Finish,500000);
28/09/20;14:42:04.947;INFO;Controller;Executing asynchronous activity: ExecRobotTask;
28/09/20;14:42:04.948;INFO;Controller;Status = Executing: Finish;
28/09/20;14:42:04.948;INFO;Controller;State = Running;
28/09/20;14:42:05.844;INFO;Robot Runtime;executing:    Finish;
28/09/20;14:44:25.904;INFO;Controller;Activity ExecRobotTask ended. Return value: Done;
28/09/20;14:44:25.905;INFO;Controller;State = Ready;
28/09/20;15:50:52.360;WARNING;Robot Runtime;update thread is down, Error Code: 125;
28/09/20;15:50:56.555;WARNING;Robot;Alarm active: Device is offline;
28/09/20;15:50:56.555;INFO;Controller;State = Communication Error;
28/09/20;15:55:00.686;INFO;Robot;Alarm inactive: Device is offline;
28/09/20;15:55:00.686;WARNING;Controller;Communication resumed, trying updating devices;
28/09/20;15:55:00.688;INFO;Controller;Finished device updating;
28/09/20;15:55:00.688;INFO;Controller;State = Ready;
28/09/20;15:55:17.839;INFO;Robot;Enabling Power;
28/09/20;15:56:51.591;INFO;Server;Command: ExecRobotTask (Initialize,500000);
28/09/20;15:56:51.592;INFO;Controller;Executing asynchronous activity: ExecRobotTask;
28/09/20;15:56:51.592;INFO;Controller;Status = Executing: Initialize;
28/09/20;15:56:51.592;INFO;Controller;State = Running;
28/09/20;15:56:52.858;INFO;Robot Runtime;executing:    Initialize;
28/09/20;15:56:53.902;INFO;Robot Runtime;Failed to turn on robot power;
28/09/20;15:56:54.062;INFO;Controller;Activity ExecRobotTask ended. Return value: ABORT: Failed to turn on robot power;
28/09/20;15:56:54.062;INFO;Controller;State = Ready;
28/09/20;15:56:54.595;INFO;Server;Command: ExecRobotTask (Initialize,500000);
28/09/20;15:56:54.596;INFO;Controller;Executing asynchronous activity: ExecRobotTask;
28/09/20;15:56:54.596;INFO;Controller;Status = Executing: Initialize;
28/09/20;15:56:54.596;INFO;Controller;State = Running;
28/09/20;15:56:55.535;INFO;Robot Runtime;executing:    Initialize;
28/09/20;15:56:56.579;INFO;Robot Runtime;Failed to turn on robot power;
28/09/20;15:56:56.879;INFO;Controller;Activity ExecRobotTask ended. Return value: ABORT: Failed to turn on robot power;
28/09/20;15:56:56.879;INFO;Controller;State = Ready;
28/09/20;15:56:57.403;INFO;Server;Command: ExecRobotTask (Initialize,500000);
28/09/20;15:56:57.403;INFO;Controller;Executing asynchronous activity: ExecRobotTask;
28/09/20;15:56:57.403;INFO;Controller;Status = Executing: Initialize;
28/09/20;15:56:57.403;INFO;Controller;State = Running;
28/09/20;15:56:58.300;INFO;Robot Runtime;executing:    Initialize;
28/09/20;15:56:59.344;INFO;Robot Runtime;Failed to turn on robot power;
28/09/20;15:56:59.701;INFO;Controller;Activity ExecRobotTask ended. Return value: ABORT: Failed to turn on robot power;
28/09/20;15:56:59.701;INFO;Controller;State = Ready;
28/09/20;15:57:00.229;INFO;Server;Command: ExecRobotTask (Initialize,500000);
28/09/20;15:57:00.229;INFO;Controller;Executing asynchronous activity: ExecRobotTask;
28/09/20;15:57:00.229;INFO;Controller;Status = Executing: Initialize;
28/09/20;15:57:00.229;INFO;Controller;State = Running;
28/09/20;15:57:01.119;INFO;Robot Runtime;executing:    Initialize;
28/09/20;15:57:02.163;INFO;Robot Runtime;Failed to turn on robot power;
28/09/20;15:57:02.511;INFO;Controller;Activity ExecRobotTask ended. Return value: ABORT: Failed to turn on robot power;
28/09/20;15:57:02.512;INFO;Controller;State = Ready;
28/09/20;15:57:03.036;INFO;Server;Command: ExecRobotTask (Initialize,500000);
28/09/20;15:57:03.036;INFO;Controller;Executing asynchronous activity: ExecRobotTask;
28/09/20;15:57:03.036;INFO;Controller;Status = Executing: Initialize;
28/09/20;15:57:03.036;INFO;Controller;State = Running;
28/09/20;15:57:03.926;INFO;Robot Runtime;executing:    Initialize;
28/09/20;15:57:04.970;INFO;Robot Runtime;Failed to turn on robot power;
28/09/20;15:57:05.318;INFO;Controller;Activity ExecRobotTask ended. Return value: ABORT: Failed to turn on robot power;
28/09/20;15:57:05.318;INFO;Controller;State = Ready;
28/09/20;15:57:05.841;INFO;Server;Command: ExecRobotTask (Initialize,500000);
28/09/20;15:57:05.841;INFO;Controller;Executing asynchronous activity: ExecRobotTask;
28/09/20;15:57:05.841;INFO;Controller;Status = Executing: Initialize;
28/09/20;15:57:05.841;INFO;Controller;State = Running;
28/09/20;15:57:06.726;INFO;Robot Runtime;executing:    Initialize;
28/09/20;15:57:07.772;INFO;Robot Runtime;Failed to turn on robot power;
28/09/20;15:57:08.124;INFO;Controller;Activity ExecRobotTask ended. Return value: ABORT: Failed to turn on robot power;
28/09/20;15:57:08.125;INFO;Controller;State = Ready;
28/09/20;15:57:14.655;INFO;Server;Command: ExecRobotTask (Initialize,500000);
28/09/20;15:57:14.655;INFO;Controller;Executing asynchronous activity: ExecRobotTask;
28/09/20;15:57:14.655;INFO;Controller;Status = Executing: Initialize;
28/09/20;15:57:14.656;INFO;Controller;State = Running;
28/09/20;15:57:15.494;INFO;Robot Runtime;executing:    Initialize;
28/09/20;15:57:16.539;INFO;Robot Runtime;Failed to turn on robot power;
28/09/20;15:57:16.836;INFO;Controller;Activity ExecRobotTask ended. Return value: ABORT: Failed to turn on robot power;
28/09/20;15:57:16.836;INFO;Controller;State = Ready;
28/09/20;15:57:22.867;INFO;Server;Command: ExecRobotTask (CloseGripper,500000);
28/09/20;15:57:22.867;INFO;Controller;Executing asynchronous activity: ExecRobotTask;
28/09/20;15:57:22.867;INFO;Controller;Status = Executing: CloseGripper;
28/09/20;15:57:22.867;INFO;Controller;State = Running;
28/09/20;15:57:23.786;INFO;Robot Runtime;executing:    CloseGripper;
28/09/20;15:57:24.004;INFO;Controller;Activity ExecRobotTask ended. Return value: Done;
28/09/20;15:57:24.004;INFO;Controller;State = Ready;
28/09/20;15:57:25.531;INFO;Server;Command: ExecRobotTask (OpenGripper,500000);
28/09/20;15:57:25.532;INFO;Controller;Executing asynchronous activity: ExecRobotTask;
28/09/20;15:57:25.532;INFO;Controller;Status = Executing: OpenGripper;
28/09/20;15:57:25.532;INFO;Controller;State = Running;
28/09/20;15:57:26.398;INFO;Robot Runtime;executing:    OpenGripper;
28/09/20;15:57:26.791;INFO;Controller;Activity ExecRobotTask ended. Return value: Done;
28/09/20;15:57:26.791;INFO;Controller;State = Ready;
