25/09/20;10:55:11.888;INFO;Controller;Instantiation;
25/09/20;10:55:11.912;INFO;Controller;State = Initializing;
25/09/20;10:55:12.072;WARNING;Interface;Access level set to Admin;
25/09/20;10:55:12.254;INFO;Controller;Initialized log services - Startup: 25/09/20 10:55:11;
25/09/20;10:55:12.261;INFO;Controller;Initializing controller for SW version: 1.1.0 - JLib 1.7.2;
25/09/20;10:55:12.550;INFO;Epics Server;Registered PV: SW:Version;
25/09/20;10:55:12.550;INFO;Epics Server;Registered PV: SW:Status;
25/09/20;10:55:12.551;INFO;Epics Server;Registered PV: SW:Uptime;
25/09/20;10:55:12.570;INFO;Epics Server;Registered PV: SW:LastTaskInfo;
25/09/20;10:55:12.570;INFO;Epics Server;Registered PV: SW:AlarmList;
25/09/20;10:55:12.571;INFO;Epics Server;Registered PV: SW:LocalGuiLockOut;
25/09/20;10:55:12.571;INFO;Epics Server;Registered PV: SW:RobotSpeed;
25/09/20;10:55:12.572;INFO;Epics Server;Registered PV: SW:LastTaskException;
25/09/20;10:55:12.572;INFO;Epics Server;Registered PV: SW:LastTaskOutput;
25/09/20;10:55:12.573;INFO;Epics Server;Registered PV: SW:RobotState;
25/09/20;10:55:12.573;INFO;Epics Server;Registered PV: SW:CartesianPositions;
25/09/20;10:55:12.574;INFO;Epics Server;Registered PV: SW:JointPositions;
25/09/20;10:55:12.574;INFO;Epics Server;Registered PV: SW:State;
25/09/20;10:55:12.576;INFO;Epics Server;Registered PV: SW:abort;
25/09/20;10:55:12.577;INFO;Epics Server;Registered PV: SW:restart;
25/09/20;10:55:12.577;INFO;Epics Server;Registered PV: SW:getTaskInfo;
25/09/20;10:55:12.577;INFO;Epics Server;Registered PV: SW:isTaskRunning;
25/09/20;10:55:12.577;INFO;Epics Server;Registered PV: SW:checkTaskResult;
25/09/20;10:55:12.578;INFO;Epics Server;Registered PV: SW:startTestTask;
25/09/20;10:55:12.578;INFO;Epics Server;Registered PV: SW:pauseRobot;
25/09/20;10:55:12.578;INFO;Epics Server;Registered PV: SW:resumeRobot;
25/09/20;10:55:12.579;INFO;Epics Server;Registered PV: SW:setRobotVariable;
25/09/20;10:55:12.579;INFO;Epics Server;Registered PV: SW:isSampleMounted;
25/09/20;10:55:12.579;INFO;Epics Server;Registered PV: SW:startRobotTask;
25/09/20;10:55:12.580;INFO;Epics Server;Registered PV: SW:getRobotVariable;
25/09/20;10:55:12.580;INFO;Epics Server;Registered PV: SW:getDistance;
25/09/20;10:55:12.580;INFO;Epics Server;Initializing: Channel Access Server in Java v1.1.1;
25/09/20;10:55:12.582;INFO;Epics Server;Started server: ready to accept requests;
25/09/20;10:55:13.283;INFO;Controller;Initializing Robot;
25/09/20;10:55:13.303;INFO;Robot;Setting reference frame to: world;
25/09/20;10:55:13.549;INFO;Controller;Initializing Bus Controller;
25/09/20;10:55:13.550;INFO;Anti-Collision;Active = true;
25/09/20;10:55:13.551;INFO;Controller;State = Starting;
25/09/20;10:55:13.555;INFO;Controller;Command: Reset;
25/09/20;10:55:14.018;INFO;Controller;Executing asynchronous script: ./script/Reset.py;
25/09/20;10:55:14.018;INFO;Controller;Status = Reseting;
25/09/20;10:55:14.018;INFO;Controller;State = Running;
25/09/20;10:55:15.086;INFO;Controller;Script host: localhost:51464;
25/09/20;10:55:15.087;INFO;Script;Starting initialization script;
25/09/20;10:55:15.090;INFO;Script;Do nothing;
25/09/20;10:55:15.091;INFO;Controller;Script ./script/Reset.py ended. Return value: ;
25/09/20;10:55:15.091;INFO;Controller;State = Ready;
25/09/20;10:55:50.036;INFO;Server;Command: ExecRobotTask (ClosePorts,500000);
25/09/20;10:55:50.037;INFO;Controller;Executing asynchronous activity: ExecRobotTask;
25/09/20;10:55:50.038;INFO;Controller;Status = Executing: ClosePorts;
25/09/20;10:55:50.038;INFO;Controller;State = Running;
25/09/20;10:55:51.248;INFO;Robot Runtime;executing:    ClosePorts;
25/09/20;10:55:51.612;INFO;Controller;Activity ExecRobotTask ended. Return value: Done;
25/09/20;10:55:51.612;INFO;Controller;State = Ready;
25/09/20;10:55:59.583;INFO;Server;Command: ExecRobotTask (OpenPortLid,500000);
25/09/20;10:55:59.584;INFO;Controller;Executing asynchronous activity: ExecRobotTask;
25/09/20;10:55:59.584;INFO;Controller;Status = Executing: OpenPortLid;
25/09/20;10:55:59.584;INFO;Controller;State = Running;
25/09/20;10:56:00.516;INFO;Robot Runtime;executing:    OpenPortLid;
25/09/20;10:56:00.859;INFO;Controller;Activity ExecRobotTask ended. Return value: Done;
25/09/20;10:56:00.860;INFO;Controller;State = Ready;
25/09/20;10:56:34.375;INFO;Server;Command: ExecRobotTask (ClosePorts,500000);
25/09/20;10:56:34.375;INFO;Controller;Executing asynchronous activity: ExecRobotTask;
25/09/20;10:56:34.376;INFO;Controller;Status = Executing: ClosePorts;
25/09/20;10:56:34.376;INFO;Controller;State = Running;
25/09/20;10:56:35.220;INFO;Robot Runtime;executing:    ClosePorts;
25/09/20;10:56:35.462;INFO;Controller;Activity ExecRobotTask ended. Return value: Done;
25/09/20;10:56:35.463;INFO;Controller;State = Ready;
25/09/20;10:56:48.656;INFO;Server;Command: ExecRobotTask (EnableTScreen,500000);
25/09/20;10:56:48.656;INFO;Controller;Executing asynchronous activity: ExecRobotTask;
25/09/20;10:56:48.657;INFO;Controller;Status = Executing: EnableTScreen;
25/09/20;10:56:48.657;INFO;Controller;State = Running;
25/09/20;10:56:49.562;INFO;Robot Runtime;executing:    EnableTScreen;
25/09/20;10:56:49.862;INFO;Controller;Activity ExecRobotTask ended. Return value: Done;
25/09/20;10:56:49.862;INFO;Controller;State = Ready;
25/09/20;11:49:16.713;INFO;Server;Command: ExecRobotTask (OpenPortLid,500000);
25/09/20;11:49:16.714;INFO;Controller;Executing asynchronous activity: ExecRobotTask;
25/09/20;11:49:16.714;INFO;Controller;Status = Executing: OpenPortLid;
25/09/20;11:49:16.714;INFO;Controller;State = Running;
25/09/20;11:49:17.549;INFO;Robot Runtime;executing:    OpenPortLid;
25/09/20;11:49:17.742;INFO;Controller;Activity ExecRobotTask ended. Return value: Done;
25/09/20;11:49:17.743;INFO;Controller;State = Ready;
25/09/20;11:49:40.298;INFO;Server;Command: ExecRobotTask (ClosePorts,500000);
25/09/20;11:49:40.299;INFO;Controller;Executing asynchronous activity: ExecRobotTask;
25/09/20;11:49:40.299;INFO;Controller;Status = Executing: ClosePorts;
25/09/20;11:49:40.299;INFO;Controller;State = Running;
25/09/20;11:49:41.138;INFO;Robot Runtime;executing:    ClosePorts;
25/09/20;11:49:41.472;INFO;Controller;Activity ExecRobotTask ended. Return value: Done;
25/09/20;11:49:41.473;INFO;Controller;State = Ready;
25/09/20;11:50:01.521;INFO;Server;Command: ExecRobotTask (EnableTScreen,500000);
25/09/20;11:50:01.522;INFO;Controller;Executing asynchronous activity: ExecRobotTask;
25/09/20;11:50:01.522;INFO;Controller;Status = Executing: EnableTScreen;
25/09/20;11:50:01.523;INFO;Controller;State = Running;
25/09/20;11:50:02.411;INFO;Robot Runtime;executing:    EnableTScreen;
25/09/20;11:50:02.593;INFO;Controller;Activity ExecRobotTask ended. Return value: Done;
25/09/20;11:50:02.594;INFO;Controller;State = Ready;
25/09/20;15:42:02.853;INFO;Server;Command: ExecRobotTask (Initialize,500000);
25/09/20;15:42:02.854;INFO;Controller;Executing asynchronous activity: ExecRobotTask;
25/09/20;15:42:02.854;INFO;Controller;Status = Executing: Initialize;
25/09/20;15:42:02.855;INFO;Controller;State = Running;
25/09/20;15:42:03.791;INFO;Robot Runtime;executing:    Initialize;
25/09/20;15:42:04.717;INFO;Controller;Activity ExecRobotTask ended. Return value: Done;
25/09/20;15:42:04.717;INFO;Controller;State = Ready;
25/09/20;15:42:04.729;INFO;Server;Command: ExecRobotTask (Home,500000);
25/09/20;15:42:04.729;INFO;Controller;Executing asynchronous activity: ExecRobotTask;
25/09/20;15:42:04.730;INFO;Controller;Status = Executing: Home;
25/09/20;15:42:04.730;INFO;Controller;State = Running;
25/09/20;15:42:05.596;INFO;Robot Runtime;executing:    Home;
25/09/20;15:42:06.102;INFO;Controller;Activity ExecRobotTask ended. Return value: Done;
25/09/20;15:42:06.103;INFO;Controller;State = Ready;
25/09/20;15:42:06.111;INFO;Server;Command: ExecRobotTask (Park,500000);
25/09/20;15:42:06.111;INFO;Controller;Executing asynchronous activity: ExecRobotTask;
25/09/20;15:42:06.111;INFO;Controller;Status = Executing: Park;
25/09/20;15:42:06.112;INFO;Controller;State = Running;
25/09/20;15:42:06.965;INFO;Robot Runtime;executing:    Park;
25/09/20;15:42:07.546;INFO;Robot Runtime;Gripper has not been open yet;
25/09/20;15:42:07.669;INFO;Controller;Activity ExecRobotTask ended. Return value: ABORT: Gripper not Open for park;
25/09/20;15:42:07.670;INFO;Controller;State = Ready;
25/09/20;15:43:14.322;INFO;Server;Command: ExecRobotTask (OpenParkLid,500000);
25/09/20;15:43:14.323;INFO;Controller;Executing asynchronous activity: ExecRobotTask;
25/09/20;15:43:14.323;INFO;Controller;Status = Executing: OpenParkLid;
25/09/20;15:43:14.323;INFO;Controller;State = Running;
25/09/20;15:43:15.465;INFO;Robot Runtime;executing:    OpenParkLid;
25/09/20;15:43:15.624;INFO;Controller;Activity ExecRobotTask ended. Return value: Done;
25/09/20;15:43:15.625;INFO;Controller;State = Ready;
25/09/20;15:43:48.801;INFO;Server;Command: ExecRobotTask (ClosePorts,500000);
25/09/20;15:43:48.802;INFO;Controller;Executing asynchronous activity: ExecRobotTask;
25/09/20;15:43:48.802;INFO;Controller;Status = Executing: ClosePorts;
25/09/20;15:43:48.802;INFO;Controller;State = Running;
25/09/20;15:43:49.731;INFO;Robot Runtime;executing:    ClosePorts;
25/09/20;15:43:50.108;INFO;Controller;Activity ExecRobotTask ended. Return value: Done;
25/09/20;15:43:50.109;INFO;Controller;State = Ready;
25/09/20;15:44:00.814;INFO;Server;Command: ExecRobotTask (Initialize,500000);
25/09/20;15:44:00.815;INFO;Controller;Executing asynchronous activity: ExecRobotTask;
25/09/20;15:44:00.815;INFO;Controller;Status = Executing: Initialize;
25/09/20;15:44:00.815;INFO;Controller;State = Running;
25/09/20;15:44:01.663;INFO;Robot Runtime;executing:    Initialize;
25/09/20;15:44:01.834;INFO;Controller;Activity ExecRobotTask ended. Return value: Done;
25/09/20;15:44:01.834;INFO;Controller;State = Ready;
25/09/20;15:44:01.850;INFO;Server;Command: ExecRobotTask (Home,500000);
25/09/20;15:44:01.851;INFO;Controller;Executing asynchronous activity: ExecRobotTask;
25/09/20;15:44:01.851;INFO;Controller;Status = Executing: Home;
25/09/20;15:44:01.851;INFO;Controller;State = Running;
25/09/20;15:44:02.717;INFO;Robot Runtime;executing:    Home;
25/09/20;15:44:03.218;INFO;Controller;Activity ExecRobotTask ended. Return value: Done;
25/09/20;15:44:03.218;INFO;Controller;State = Ready;
25/09/20;15:44:03.233;INFO;Server;Command: ExecRobotTask (Park,500000);
25/09/20;15:44:03.233;INFO;Controller;Executing asynchronous activity: ExecRobotTask;
25/09/20;15:44:03.233;INFO;Controller;Status = Executing: Park;
25/09/20;15:44:03.233;INFO;Controller;State = Running;
25/09/20;15:44:04.085;INFO;Robot Runtime;executing:    Park;
25/09/20;15:44:04.792;INFO;Robot Runtime;Gripper has not been open yet;
25/09/20;15:44:05.197;INFO;Controller;Activity ExecRobotTask ended. Return value: ABORT: Gripper not Open for park;
25/09/20;15:44:05.198;INFO;Controller;State = Ready;
25/09/20;15:44:10.730;INFO;Server;Command: ExecRobotTask (Initialize,500000);
25/09/20;15:44:10.730;INFO;Controller;Executing asynchronous activity: ExecRobotTask;
25/09/20;15:44:10.730;INFO;Controller;Status = Executing: Initialize;
25/09/20;15:44:10.731;INFO;Controller;State = Running;
25/09/20;15:44:11.577;INFO;Robot Runtime;executing:    Initialize;
25/09/20;15:44:11.719;INFO;Controller;Activity ExecRobotTask ended. Return value: Done;
25/09/20;15:44:11.719;INFO;Controller;State = Ready;
25/09/20;15:44:11.735;INFO;Server;Command: ExecRobotTask (Home,500000);
25/09/20;15:44:11.736;INFO;Controller;Executing asynchronous activity: ExecRobotTask;
25/09/20;15:44:11.736;INFO;Controller;Status = Executing: Home;
25/09/20;15:44:11.736;INFO;Controller;State = Running;
25/09/20;15:44:12.587;INFO;Robot Runtime;executing:    Home;
25/09/20;15:44:13.098;INFO;Controller;Activity ExecRobotTask ended. Return value: Done;
25/09/20;15:44:13.098;INFO;Controller;State = Ready;
25/09/20;15:44:13.107;INFO;Server;Command: ExecRobotTask (Park,500000);
25/09/20;15:44:13.108;INFO;Controller;Executing asynchronous activity: ExecRobotTask;
25/09/20;15:44:13.108;INFO;Controller;Status = Executing: Park;
25/09/20;15:44:13.108;INFO;Controller;State = Running;
25/09/20;15:44:13.963;INFO;Robot Runtime;executing:    Park;
25/09/20;15:44:14.006;INFO;Robot Runtime;Gripper has not been open yet;
25/09/20;15:44:14.153;INFO;Controller;Activity ExecRobotTask ended. Return value: ABORT: Gripper not Open for park;
25/09/20;15:44:14.153;INFO;Controller;State = Ready;
25/09/20;15:44:24.189;INFO;Server;Command: ExecRobotTask (CloseGripper,500000);
25/09/20;15:44:24.190;INFO;Controller;Executing asynchronous activity: ExecRobotTask;
25/09/20;15:44:24.190;INFO;Controller;Status = Executing: CloseGripper;
25/09/20;15:44:24.190;INFO;Controller;State = Running;
25/09/20;15:44:25.112;INFO;Robot Runtime;executing:    CloseGripper;
25/09/20;15:44:25.521;INFO;Controller;Activity ExecRobotTask ended. Return value: Done;
25/09/20;15:44:25.522;INFO;Controller;State = Ready;
25/09/20;15:44:27.048;INFO;Server;Command: ExecRobotTask (OpenGripper,500000);
25/09/20;15:44:27.048;INFO;Controller;Executing asynchronous activity: ExecRobotTask;
25/09/20;15:44:27.048;INFO;Controller;Status = Executing: OpenGripper;
25/09/20;15:44:27.048;INFO;Controller;State = Running;
25/09/20;15:44:27.927;INFO;Robot Runtime;executing:    OpenGripper;
25/09/20;15:44:28.482;INFO;Controller;Activity ExecRobotTask ended. Return value: Done;
25/09/20;15:44:28.482;INFO;Controller;State = Ready;
25/09/20;15:44:33.513;INFO;Server;Command: ExecRobotTask (Initialize,500000);
25/09/20;15:44:33.513;INFO;Controller;Executing asynchronous activity: ExecRobotTask;
25/09/20;15:44:33.513;INFO;Controller;Status = Executing: Initialize;
25/09/20;15:44:33.514;INFO;Controller;State = Running;
25/09/20;15:44:34.427;INFO;Robot Runtime;executing:    Initialize;
25/09/20;15:44:34.938;INFO;Controller;Activity ExecRobotTask ended. Return value: Done;
25/09/20;15:44:34.938;INFO;Controller;State = Ready;
25/09/20;15:44:34.949;INFO;Server;Command: ExecRobotTask (Home,500000);
25/09/20;15:44:34.950;INFO;Controller;Executing asynchronous activity: ExecRobotTask;
25/09/20;15:44:34.950;INFO;Controller;Status = Executing: Home;
25/09/20;15:44:34.950;INFO;Controller;State = Running;
25/09/20;15:44:35.803;INFO;Robot Runtime;executing:    Home;
25/09/20;15:44:35.990;INFO;Controller;Activity ExecRobotTask ended. Return value: Done;
25/09/20;15:44:35.990;INFO;Controller;State = Ready;
25/09/20;15:44:36.005;INFO;Server;Command: ExecRobotTask (Park,500000);
25/09/20;15:44:36.006;INFO;Controller;Executing asynchronous activity: ExecRobotTask;
25/09/20;15:44:36.006;INFO;Controller;Status = Executing: Park;
25/09/20;15:44:36.006;INFO;Controller;State = Running;
25/09/20;15:44:36.860;INFO;Robot Runtime;executing:    Park;
25/09/20;15:44:41.529;INFO;Controller;Activity ExecRobotTask ended. Return value: Done;
25/09/20;15:44:41.529;INFO;Controller;State = Ready;
25/09/20;15:48:22.282;INFO;Server;Command: ExecRobotTask (Initialize,500000);
25/09/20;15:48:22.283;INFO;Controller;Executing asynchronous activity: ExecRobotTask;
25/09/20;15:48:22.290;INFO;Controller;Status = Executing: Initialize;
25/09/20;15:48:22.290;INFO;Controller;State = Running;
25/09/20;15:48:23.137;INFO;Robot Runtime;executing:    Initialize;
25/09/20;15:48:23.528;INFO;Controller;Activity ExecRobotTask ended. Return value: Done;
25/09/20;15:48:23.529;INFO;Controller;State = Ready;
25/09/20;15:48:23.736;INFO;Server;Command: ExecRobotTask (Load,500000);
25/09/20;15:48:23.736;INFO;Controller;Executing asynchronous activity: ExecRobotTask;
25/09/20;15:48:23.736;INFO;Controller;Status = Executing: Load;
25/09/20;15:48:23.736;INFO;Controller;State = Running;
25/09/20;15:48:24.916;INFO;Robot Runtime;executing:    Load;
25/09/20;15:48:38.492;INFO;Controller;Activity ExecRobotTask ended. Return value: Done False/True/False;
25/09/20;15:48:38.492;INFO;Controller;State = Ready;
25/09/20;15:48:38.503;INFO;Server;Command: ExecRobotTask (Mount,500000);
25/09/20;15:48:38.503;INFO;Controller;Executing asynchronous activity: ExecRobotTask;
25/09/20;15:48:38.503;INFO;Controller;Status = Executing: Mount;
25/09/20;15:48:38.504;INFO;Controller;State = Running;
25/09/20;15:48:39.500;INFO;Robot Runtime;executing:    Mount;
25/09/20;15:48:46.760;INFO;Controller;Activity ExecRobotTask ended. Return value: Done True/False/False;
25/09/20;15:48:46.760;INFO;Controller;State = Ready;
25/09/20;15:48:46.771;INFO;Server;Command: ExecRobotTask (Park,500000);
25/09/20;15:48:46.772;INFO;Controller;Executing asynchronous activity: ExecRobotTask;
25/09/20;15:48:46.772;INFO;Controller;Status = Executing: Park;
25/09/20;15:48:46.772;INFO;Controller;State = Running;
25/09/20;15:48:47.669;INFO;Robot Runtime;executing:    Park;
25/09/20;15:48:51.093;INFO;Controller;Activity ExecRobotTask ended. Return value: Done;
25/09/20;15:48:51.093;INFO;Controller;State = Ready;
25/09/20;15:48:51.108;INFO;Server;Command: ExecRobotTask (UnlatchRobGov,500000);
25/09/20;15:48:51.109;INFO;Controller;Executing asynchronous activity: ExecRobotTask;
25/09/20;15:48:51.109;INFO;Controller;Status = Executing: UnlatchRobGov;
25/09/20;15:48:51.109;INFO;Controller;State = Running;
25/09/20;15:48:52.013;INFO;Robot Runtime;executing:    UnlatchRobGov;
25/09/20;15:48:52.148;INFO;Controller;Activity ExecRobotTask ended. Return value: Done;
25/09/20;15:48:52.148;INFO;Controller;State = Ready;
25/09/20;15:55:04.352;INFO;Server;Command: ExecRobotTask (Unmount,500000);
25/09/20;15:55:04.352;INFO;Controller;Executing asynchronous activity: ExecRobotTask;
25/09/20;15:55:04.353;INFO;Controller;Status = Executing: Unmount;
25/09/20;15:55:04.353;INFO;Controller;State = Running;
25/09/20;15:55:05.221;INFO;Robot Runtime;executing:    Unmount;
25/09/20;15:55:18.129;INFO;Controller;Activity ExecRobotTask ended. Return value: Done False/True/False;
25/09/20;15:55:18.129;INFO;Controller;State = Ready;
25/09/20;15:55:18.147;INFO;Server;Command: ExecRobotTask (Unload,500000);
25/09/20;15:55:18.148;INFO;Controller;Executing asynchronous activity: ExecRobotTask;
25/09/20;15:55:18.148;INFO;Controller;Status = Executing: Unload;
25/09/20;15:55:18.148;INFO;Controller;State = Running;
25/09/20;15:55:19.289;INFO;Robot Runtime;executing:    Unload;
25/09/20;15:55:25.914;INFO;Controller;Activity ExecRobotTask ended. Return value: Done False/False/False;
25/09/20;15:55:25.914;INFO;Controller;State = Ready;
25/09/20;15:55:27.476;INFO;Server;Command: ExecRobotTask (Load,500000);
25/09/20;15:55:27.476;INFO;Controller;Executing asynchronous activity: ExecRobotTask;
25/09/20;15:55:27.476;INFO;Controller;Status = Executing: Load;
25/09/20;15:55:27.476;INFO;Controller;State = Running;
25/09/20;15:55:28.506;INFO;Robot Runtime;executing:    Load;
25/09/20;15:55:37.687;INFO;Controller;Activity ExecRobotTask ended. Return value: Done False/True/False;
25/09/20;15:55:37.687;INFO;Controller;State = Ready;
25/09/20;15:55:37.698;INFO;Server;Command: ExecRobotTask (Mount,500000);
25/09/20;15:55:37.698;INFO;Controller;Executing asynchronous activity: ExecRobotTask;
25/09/20;15:55:37.699;INFO;Controller;Status = Executing: Mount;
25/09/20;15:55:37.699;INFO;Controller;State = Running;
25/09/20;15:55:38.609;INFO;Robot Runtime;executing:    Mount;
25/09/20;15:55:45.529;INFO;Controller;Activity ExecRobotTask ended. Return value: Done True/False/False;
25/09/20;15:55:45.530;INFO;Controller;State = Ready;
25/09/20;15:55:45.550;INFO;Server;Command: ExecRobotTask (Park,500000);
25/09/20;15:55:45.550;INFO;Controller;Executing asynchronous activity: ExecRobotTask;
25/09/20;15:55:45.551;INFO;Controller;Status = Executing: Park;
25/09/20;15:55:45.551;INFO;Controller;State = Running;
25/09/20;15:55:46.680;INFO;Robot Runtime;executing:    Park;
25/09/20;15:55:49.886;INFO;Controller;Activity ExecRobotTask ended. Return value: Done;
25/09/20;15:55:49.886;INFO;Controller;State = Ready;
25/09/20;15:55:49.905;INFO;Server;Command: ExecRobotTask (UnlatchRobGov,500000);
25/09/20;15:55:49.906;INFO;Controller;Executing asynchronous activity: ExecRobotTask;
25/09/20;15:55:49.906;INFO;Controller;Status = Executing: UnlatchRobGov;
25/09/20;15:55:49.906;INFO;Controller;State = Running;
25/09/20;15:55:50.815;INFO;Robot Runtime;executing:    UnlatchRobGov;
25/09/20;15:55:51.278;INFO;Controller;Activity ExecRobotTask ended. Return value: Done;
25/09/20;15:55:51.278;INFO;Controller;State = Ready;
25/09/20;15:57:34.005;INFO;Server;Command: ExecRobotTask (Unmount,500000);
25/09/20;15:57:34.006;INFO;Controller;Executing asynchronous activity: ExecRobotTask;
25/09/20;15:57:34.006;INFO;Controller;Status = Executing: Unmount;
25/09/20;15:57:34.006;INFO;Controller;State = Running;
25/09/20;15:57:35.006;INFO;Robot Runtime;executing:    Unmount;
25/09/20;15:57:47.786;INFO;Controller;Activity ExecRobotTask ended. Return value: Done False/True/False;
25/09/20;15:57:47.787;INFO;Controller;State = Ready;
25/09/20;15:57:47.802;INFO;Server;Command: ExecRobotTask (Unload,500000);
25/09/20;15:57:47.803;INFO;Controller;Executing asynchronous activity: ExecRobotTask;
25/09/20;15:57:47.803;INFO;Controller;Status = Executing: Unload;
25/09/20;15:57:47.803;INFO;Controller;State = Running;
25/09/20;15:57:48.666;INFO;Robot Runtime;executing:    Unload;
25/09/20;15:57:55.149;INFO;Controller;Activity ExecRobotTask ended. Return value: Done False/False/False;
25/09/20;15:57:55.149;INFO;Controller;State = Ready;
25/09/20;15:57:56.687;INFO;Server;Command: ExecRobotTask (Load,500000);
25/09/20;15:57:56.687;INFO;Controller;Executing asynchronous activity: ExecRobotTask;
25/09/20;15:57:56.688;INFO;Controller;Status = Executing: Load;
25/09/20;15:57:56.688;INFO;Controller;State = Running;
25/09/20;15:57:57.885;INFO;Robot Runtime;executing:    Load;
25/09/20;15:58:06.925;INFO;Controller;Activity ExecRobotTask ended. Return value: Done False/True/False;
25/09/20;15:58:06.925;INFO;Controller;State = Ready;
25/09/20;15:58:06.939;INFO;Server;Command: ExecRobotTask (Mount,500000);
25/09/20;15:58:06.939;INFO;Controller;Executing asynchronous activity: ExecRobotTask;
25/09/20;15:58:06.939;INFO;Controller;Status = Executing: Mount;
25/09/20;15:58:06.940;INFO;Controller;State = Running;
25/09/20;15:58:07.965;INFO;Robot Runtime;executing:    Mount;
25/09/20;15:58:13.676;INFO;Controller;Activity ExecRobotTask ended. Return value: Done True/False/False;
25/09/20;15:58:13.677;INFO;Controller;State = Ready;
25/09/20;15:58:13.689;INFO;Server;Command: ExecRobotTask (Park,500000);
25/09/20;15:58:13.689;INFO;Controller;Executing asynchronous activity: ExecRobotTask;
25/09/20;15:58:13.689;INFO;Controller;Status = Executing: Park;
25/09/20;15:58:13.689;INFO;Controller;State = Running;
25/09/20;15:58:14.546;INFO;Robot Runtime;executing:    Park;
25/09/20;15:58:16.289;INFO;Controller;Activity ExecRobotTask ended. Return value: Done;
25/09/20;15:58:16.290;INFO;Controller;State = Ready;
25/09/20;15:58:16.306;INFO;Server;Command: ExecRobotTask (UnlatchRobGov,500000);
25/09/20;15:58:16.306;INFO;Controller;Executing asynchronous activity: ExecRobotTask;
25/09/20;15:58:16.306;INFO;Controller;Status = Executing: UnlatchRobGov;
25/09/20;15:58:16.306;INFO;Controller;State = Running;
25/09/20;15:58:17.210;INFO;Robot Runtime;executing:    UnlatchRobGov;
25/09/20;15:58:17.678;INFO;Controller;Activity ExecRobotTask ended. Return value: Done;
25/09/20;15:58:17.678;INFO;Controller;State = Ready;
25/09/20;15:58:34.315;INFO;Server;Command: ExecRobotTask (Unmount,500000);
25/09/20;15:58:34.316;INFO;Controller;Executing asynchronous activity: ExecRobotTask;
25/09/20;15:58:34.316;INFO;Controller;Status = Executing: Unmount;
25/09/20;15:58:34.316;INFO;Controller;State = Running;
25/09/20;15:58:35.480;INFO;Robot Runtime;executing:    Unmount;
25/09/20;15:58:45.777;INFO;Controller;Activity ExecRobotTask ended. Return value: Done False/True/False;
25/09/20;15:58:45.778;INFO;Controller;State = Ready;
25/09/20;15:58:45.794;INFO;Server;Command: ExecRobotTask (Unload,500000);
25/09/20;15:58:45.794;INFO;Controller;Executing asynchronous activity: ExecRobotTask;
25/09/20;15:58:45.794;INFO;Controller;Status = Executing: Unload;
25/09/20;15:58:45.794;INFO;Controller;State = Running;
25/09/20;15:58:46.666;INFO;Robot Runtime;executing:    Unload;
25/09/20;15:58:50.591;INFO;Controller;Activity ExecRobotTask ended. Return value: Done False/False/False;
25/09/20;15:58:50.591;INFO;Controller;State = Ready;
25/09/20;15:58:52.354;INFO;Server;Command: ExecRobotTask (Load,500000);
25/09/20;15:58:52.354;INFO;Controller;Executing asynchronous activity: ExecRobotTask;
25/09/20;15:58:52.354;INFO;Controller;Status = Executing: Load;
25/09/20;15:58:52.354;INFO;Controller;State = Running;
25/09/20;15:58:53.386;INFO;Robot Runtime;executing:    Load;
25/09/20;15:58:59.537;INFO;Controller;Activity ExecRobotTask ended. Return value: Done False/True/False;
25/09/20;15:58:59.538;INFO;Controller;State = Ready;
25/09/20;15:58:59.557;INFO;Server;Command: ExecRobotTask (Mount,500000);
25/09/20;15:58:59.557;INFO;Controller;Executing asynchronous activity: ExecRobotTask;
25/09/20;15:58:59.557;INFO;Controller;Status = Executing: Mount;
25/09/20;15:58:59.557;INFO;Controller;State = Running;
25/09/20;15:59:00.749;INFO;Robot Runtime;executing:    Mount;
25/09/20;15:59:04.962;INFO;Controller;Activity ExecRobotTask ended. Return value: Done True/False/False;
25/09/20;15:59:04.962;INFO;Controller;State = Ready;
25/09/20;15:59:04.975;INFO;Server;Command: ExecRobotTask (Park,500000);
25/09/20;15:59:04.975;INFO;Controller;Executing asynchronous activity: ExecRobotTask;
25/09/20;15:59:04.976;INFO;Controller;Status = Executing: Park;
25/09/20;15:59:04.976;INFO;Controller;State = Running;
25/09/20;15:59:05.844;INFO;Robot Runtime;executing:    Park;
25/09/20;15:59:07.576;INFO;Controller;Activity ExecRobotTask ended. Return value: Done;
25/09/20;15:59:07.576;INFO;Controller;State = Ready;
25/09/20;15:59:07.596;INFO;Server;Command: ExecRobotTask (UnlatchRobGov,500000);
25/09/20;15:59:07.596;INFO;Controller;Executing asynchronous activity: ExecRobotTask;
25/09/20;15:59:07.596;INFO;Controller;Status = Executing: UnlatchRobGov;
25/09/20;15:59:07.596;INFO;Controller;State = Running;
25/09/20;15:59:08.507;INFO;Robot Runtime;executing:    UnlatchRobGov;
25/09/20;15:59:08.968;INFO;Controller;Activity ExecRobotTask ended. Return value: Done;
25/09/20;15:59:08.968;INFO;Controller;State = Ready;
25/09/20;16:02:48.620;INFO;Server;Command: ExecRobotTask (Unmount,500000);
25/09/20;16:02:48.620;INFO;Controller;Executing asynchronous activity: ExecRobotTask;
25/09/20;16:02:48.621;INFO;Controller;Status = Executing: Unmount;
25/09/20;16:02:48.621;INFO;Controller;State = Running;
25/09/20;16:02:49.620;INFO;Robot Runtime;executing:    Unmount;
25/09/20;16:03:00.629;INFO;Controller;Activity ExecRobotTask ended. Return value: Done False/True/False;
25/09/20;16:03:00.630;INFO;Controller;State = Ready;
25/09/20;16:03:00.643;INFO;Server;Command: ExecRobotTask (Unload,500000);
25/09/20;16:03:00.643;INFO;Controller;Executing asynchronous activity: ExecRobotTask;
25/09/20;16:03:00.643;INFO;Controller;Status = Executing: Unload;
25/09/20;16:03:00.643;INFO;Controller;State = Running;
25/09/20;16:03:01.505;INFO;Robot Runtime;executing:    Unload;
25/09/20;16:03:05.542;INFO;Controller;Activity ExecRobotTask ended. Return value: Done False/False/False;
25/09/20;16:03:05.542;INFO;Controller;State = Ready;
25/09/20;16:03:07.339;INFO;Server;Command: ExecRobotTask (Load,500000);
25/09/20;16:03:07.339;INFO;Controller;Executing asynchronous activity: ExecRobotTask;
25/09/20;16:03:07.340;INFO;Controller;Status = Executing: Load;
25/09/20;16:03:07.340;INFO;Controller;State = Running;
25/09/20;16:03:08.544;INFO;Robot Runtime;executing:    Load;
25/09/20;16:03:14.756;INFO;Controller;Activity ExecRobotTask ended. Return value: Done False/True/False;
25/09/20;16:03:14.756;INFO;Controller;State = Ready;
25/09/20;16:03:14.774;INFO;Server;Command: ExecRobotTask (Mount,500000);
25/09/20;16:03:14.775;INFO;Controller;Executing asynchronous activity: ExecRobotTask;
25/09/20;16:03:14.775;INFO;Controller;Status = Executing: Mount;
25/09/20;16:03:14.775;INFO;Controller;State = Running;
25/09/20;16:03:15.803;INFO;Robot Runtime;executing:    Mount;
25/09/20;16:03:19.775;INFO;Controller;Activity ExecRobotTask ended. Return value: Done True/False/False;
25/09/20;16:03:19.775;INFO;Controller;State = Ready;
25/09/20;16:03:19.797;INFO;Server;Command: ExecRobotTask (Park,500000);
25/09/20;16:03:19.797;INFO;Controller;Executing asynchronous activity: ExecRobotTask;
25/09/20;16:03:19.797;INFO;Controller;Status = Executing: Park;
25/09/20;16:03:19.797;INFO;Controller;State = Running;
25/09/20;16:03:20.654;INFO;Robot Runtime;executing:    Park;
25/09/20;16:03:22.727;INFO;Controller;Activity ExecRobotTask ended. Return value: Done;
25/09/20;16:03:22.727;INFO;Controller;State = Ready;
25/09/20;16:03:22.742;INFO;Server;Command: ExecRobotTask (UnlatchRobGov,500000);
25/09/20;16:03:22.742;INFO;Controller;Executing asynchronous activity: ExecRobotTask;
25/09/20;16:03:22.742;INFO;Controller;Status = Executing: UnlatchRobGov;
25/09/20;16:03:22.743;INFO;Controller;State = Running;
25/09/20;16:03:23.658;INFO;Robot Runtime;executing:    UnlatchRobGov;
25/09/20;16:03:23.787;INFO;Controller;Activity ExecRobotTask ended. Return value: Done;
25/09/20;16:03:23.788;INFO;Controller;State = Ready;
25/09/20;16:03:56.021;INFO;Server;Command: ExecRobotTask (Unmount,500000);
25/09/20;16:03:56.022;INFO;Controller;Executing asynchronous activity: ExecRobotTask;
25/09/20;16:03:56.022;INFO;Controller;Status = Executing: Unmount;
25/09/20;16:03:56.022;INFO;Controller;State = Running;
25/09/20;16:03:57.200;INFO;Robot Runtime;executing:    Unmount;
25/09/20;16:04:08.891;INFO;Controller;Activity ExecRobotTask ended. Return value: Done False/True/False;
25/09/20;16:04:08.891;INFO;Controller;State = Ready;
25/09/20;16:04:08.906;INFO;Server;Command: ExecRobotTask (Unload,500000);
25/09/20;16:04:08.907;INFO;Controller;Executing asynchronous activity: ExecRobotTask;
25/09/20;16:04:08.907;INFO;Controller;Status = Executing: Unload;
25/09/20;16:04:08.907;INFO;Controller;State = Running;
25/09/20;16:04:09.781;INFO;Robot Runtime;executing:    Unload;
25/09/20;16:04:13.390;INFO;Controller;Activity ExecRobotTask ended. Return value: Done False/False/False;
25/09/20;16:04:13.390;INFO;Controller;State = Ready;
25/09/20;16:04:14.944;INFO;Server;Command: ExecRobotTask (Load,500000);
25/09/20;16:04:14.945;INFO;Controller;Executing asynchronous activity: ExecRobotTask;
25/09/20;16:04:14.955;INFO;Controller;Status = Executing: Load;
25/09/20;16:04:14.955;INFO;Controller;State = Running;
25/09/20;16:04:15.975;INFO;Robot Runtime;executing:    Load;
25/09/20;16:04:22.233;INFO;Controller;Activity ExecRobotTask ended. Return value: Done False/True/False;
25/09/20;16:04:22.233;INFO;Controller;State = Ready;
25/09/20;16:04:22.255;INFO;Server;Command: ExecRobotTask (Mount,500000);
25/09/20;16:04:22.256;INFO;Controller;Executing asynchronous activity: ExecRobotTask;
25/09/20;16:04:22.256;INFO;Controller;Status = Executing: Mount;
25/09/20;16:04:22.256;INFO;Controller;State = Running;
25/09/20;16:04:23.439;INFO;Robot Runtime;executing:    Mount;
25/09/20;16:04:27.676;INFO;Controller;Activity ExecRobotTask ended. Return value: Done True/False/False;
25/09/20;16:04:27.676;INFO;Controller;State = Ready;
25/09/20;16:04:27.692;INFO;Server;Command: ExecRobotTask (Park,500000);
25/09/20;16:04:27.692;INFO;Controller;Executing asynchronous activity: ExecRobotTask;
25/09/20;16:04:27.692;INFO;Controller;Status = Executing: Park;
25/09/20;16:04:27.692;INFO;Controller;State = Running;
25/09/20;16:04:28.558;INFO;Robot Runtime;executing:    Park;
25/09/20;16:04:30.293;INFO;Controller;Activity ExecRobotTask ended. Return value: Done;
25/09/20;16:04:30.293;INFO;Controller;State = Ready;
25/09/20;16:04:30.315;INFO;Server;Command: ExecRobotTask (UnlatchRobGov,500000);
25/09/20;16:04:30.315;INFO;Controller;Executing asynchronous activity: ExecRobotTask;
25/09/20;16:04:30.315;INFO;Controller;Status = Executing: UnlatchRobGov;
25/09/20;16:04:30.316;INFO;Controller;State = Running;
25/09/20;16:04:31.223;INFO;Robot Runtime;executing:    UnlatchRobGov;
25/09/20;16:04:31.686;INFO;Controller;Activity ExecRobotTask ended. Return value: Done;
25/09/20;16:04:31.686;INFO;Controller;State = Ready;
25/09/20;16:04:56.652;INFO;Server;Command: ExecRobotTask (Unmount,500000);
25/09/20;16:04:56.652;INFO;Controller;Executing asynchronous activity: ExecRobotTask;
25/09/20;16:04:56.652;INFO;Controller;Status = Executing: Unmount;
25/09/20;16:04:56.653;INFO;Controller;State = Running;
25/09/20;16:04:57.642;INFO;Robot Runtime;executing:    Unmount;
25/09/20;16:05:08.532;INFO;Controller;Activity ExecRobotTask ended. Return value: Done False/True/False;
25/09/20;16:05:08.532;INFO;Controller;State = Ready;
25/09/20;16:05:08.554;INFO;Server;Command: ExecRobotTask (Unload,500000);
25/09/20;16:05:08.554;INFO;Controller;Executing asynchronous activity: ExecRobotTask;
25/09/20;16:05:08.554;INFO;Controller;Status = Executing: Unload;
25/09/20;16:05:08.554;INFO;Controller;State = Running;
25/09/20;16:05:09.417;INFO;Robot Runtime;executing:    Unload;
25/09/20;16:05:13.024;INFO;Controller;Activity ExecRobotTask ended. Return value: Done False/False/False;
25/09/20;16:05:13.024;INFO;Controller;State = Ready;
25/09/20;16:05:14.598;INFO;Server;Command: ExecRobotTask (Load,500000);
25/09/20;16:05:14.598;INFO;Controller;Executing asynchronous activity: ExecRobotTask;
25/09/20;16:05:14.598;INFO;Controller;Status = Executing: Load;
25/09/20;16:05:14.598;INFO;Controller;State = Running;
25/09/20;16:05:15.797;INFO;Robot Runtime;executing:    Load;
25/09/20;16:05:21.721;INFO;Controller;Activity ExecRobotTask ended. Return value: Done False/True/False;
25/09/20;16:05:21.721;INFO;Controller;State = Ready;
25/09/20;16:05:21.748;INFO;Server;Command: ExecRobotTask (Mount,500000);
25/09/20;16:05:21.748;INFO;Controller;Executing asynchronous activity: ExecRobotTask;
25/09/20;16:05:21.748;INFO;Controller;Status = Executing: Mount;
25/09/20;16:05:21.748;INFO;Controller;State = Running;
25/09/20;16:05:22.784;INFO;Robot Runtime;executing:    Mount;
25/09/20;16:05:27.046;INFO;Controller;Activity ExecRobotTask ended. Return value: Done True/False/False;
25/09/20;16:05:27.047;INFO;Controller;State = Ready;
25/09/20;16:05:27.069;INFO;Server;Command: ExecRobotTask (Park,500000);
25/09/20;16:05:27.069;INFO;Controller;Executing asynchronous activity: ExecRobotTask;
25/09/20;16:05:27.069;INFO;Controller;Status = Executing: Park;
25/09/20;16:05:27.069;INFO;Controller;State = Running;
25/09/20;16:05:27.925;INFO;Robot Runtime;executing:    Park;
25/09/20;16:05:29.664;INFO;Controller;Activity ExecRobotTask ended. Return value: Done;
25/09/20;16:05:29.665;INFO;Controller;State = Ready;
25/09/20;16:05:29.681;INFO;Server;Command: ExecRobotTask (UnlatchRobGov,500000);
25/09/20;16:05:29.681;INFO;Controller;Executing asynchronous activity: ExecRobotTask;
25/09/20;16:05:29.681;INFO;Controller;Status = Executing: UnlatchRobGov;
25/09/20;16:05:29.681;INFO;Controller;State = Running;
25/09/20;16:05:30.583;INFO;Robot Runtime;executing:    UnlatchRobGov;
25/09/20;16:05:31.052;INFO;Controller;Activity ExecRobotTask ended. Return value: Done;
25/09/20;16:05:31.052;INFO;Controller;State = Ready;
25/09/20;16:07:54.391;INFO;Server;Command: ExecRobotTask (Unmount,500000);
25/09/20;16:07:54.391;INFO;Controller;Executing asynchronous activity: ExecRobotTask;
25/09/20;16:07:54.391;INFO;Controller;Status = Executing: Unmount;
25/09/20;16:07:54.391;INFO;Controller;State = Running;
25/09/20;16:07:55.563;INFO;Robot Runtime;executing:    Unmount;
25/09/20;16:08:06.035;INFO;Controller;Activity ExecRobotTask ended. Return value: Done False/True/False;
25/09/20;16:08:06.035;INFO;Controller;State = Ready;
25/09/20;16:08:06.058;INFO;Server;Command: ExecRobotTask (Unload,500000);
25/09/20;16:08:06.058;INFO;Controller;Executing asynchronous activity: ExecRobotTask;
25/09/20;16:08:06.058;INFO;Controller;Status = Executing: Unload;
25/09/20;16:08:06.058;INFO;Controller;State = Running;
25/09/20;16:08:06.928;INFO;Robot Runtime;executing:    Unload;
25/09/20;16:08:10.521;INFO;Controller;Activity ExecRobotTask ended. Return value: Done False/False/False;
25/09/20;16:08:10.522;INFO;Controller;State = Ready;
25/09/20;16:08:12.206;INFO;Server;Command: ExecRobotTask (Load,500000);
25/09/20;16:08:12.207;INFO;Controller;Executing asynchronous activity: ExecRobotTask;
25/09/20;16:08:12.207;INFO;Controller;Status = Executing: Load;
25/09/20;16:08:12.207;INFO;Controller;State = Running;
25/09/20;16:08:13.234;INFO;Robot Runtime;executing:    Load;
25/09/20;16:08:19.387;INFO;Controller;Activity ExecRobotTask ended. Return value: Done False/True/False;
25/09/20;16:08:19.387;INFO;Controller;State = Ready;
25/09/20;16:08:19.408;INFO;Server;Command: ExecRobotTask (Mount,500000);
25/09/20;16:08:19.408;INFO;Controller;Executing asynchronous activity: ExecRobotTask;
25/09/20;16:08:19.408;INFO;Controller;Status = Executing: Mount;
25/09/20;16:08:19.408;INFO;Controller;State = Running;
25/09/20;16:08:20.597;INFO;Robot Runtime;executing:    Mount;
25/09/20;16:08:24.817;INFO;Controller;Activity ExecRobotTask ended. Return value: Done True/False/False;
25/09/20;16:08:24.817;INFO;Controller;State = Ready;
25/09/20;16:08:24.842;INFO;Server;Command: ExecRobotTask (Park,500000);
25/09/20;16:08:24.842;INFO;Controller;Executing asynchronous activity: ExecRobotTask;
25/09/20;16:08:24.842;INFO;Controller;Status = Executing: Park;
25/09/20;16:08:24.843;INFO;Controller;State = Running;
25/09/20;16:08:25.709;INFO;Robot Runtime;executing:    Park;
25/09/20;16:08:27.433;INFO;Controller;Activity ExecRobotTask ended. Return value: Done;
25/09/20;16:08:27.433;INFO;Controller;State = Ready;
25/09/20;16:08:27.455;INFO;Server;Command: ExecRobotTask (UnlatchRobGov,500000);
25/09/20;16:08:27.455;INFO;Controller;Executing asynchronous activity: ExecRobotTask;
25/09/20;16:08:27.455;INFO;Controller;Status = Executing: UnlatchRobGov;
25/09/20;16:08:27.455;INFO;Controller;State = Running;
25/09/20;16:08:28.354;INFO;Robot Runtime;executing:    UnlatchRobGov;
25/09/20;16:08:28.822;INFO;Controller;Activity ExecRobotTask ended. Return value: Done;
25/09/20;16:08:28.822;INFO;Controller;State = Ready;
25/09/20;16:08:42.418;INFO;Server;Command: ExecRobotTask (Unmount,500000);
25/09/20;16:08:42.418;INFO;Controller;Executing asynchronous activity: ExecRobotTask;
25/09/20;16:08:42.419;INFO;Controller;Status = Executing: Unmount;
25/09/20;16:08:42.419;INFO;Controller;State = Running;
25/09/20;16:08:43.424;INFO;Robot Runtime;executing:    Unmount;
25/09/20;16:08:55.369;INFO;Controller;Activity ExecRobotTask ended. Return value: Done False/True/False;
25/09/20;16:08:55.370;INFO;Controller;State = Ready;
25/09/20;16:08:55.387;INFO;Server;Command: ExecRobotTask (Unload,500000);
25/09/20;16:08:55.388;INFO;Controller;Executing asynchronous activity: ExecRobotTask;
25/09/20;16:08:55.388;INFO;Controller;Status = Executing: Unload;
25/09/20;16:08:55.388;INFO;Controller;State = Running;
25/09/20;16:08:56.254;INFO;Robot Runtime;executing:    Unload;
25/09/20;16:09:00.272;INFO;Controller;Activity ExecRobotTask ended. Return value: Done False/False/False;
25/09/20;16:09:00.273;INFO;Controller;State = Ready;
25/09/20;16:09:01.827;INFO;Server;Command: ExecRobotTask (Load,500000);
25/09/20;16:09:01.827;INFO;Controller;Executing asynchronous activity: ExecRobotTask;
25/09/20;16:09:01.827;INFO;Controller;Status = Executing: Load;
25/09/20;16:09:01.828;INFO;Controller;State = Running;
25/09/20;16:09:03.044;INFO;Robot Runtime;executing:    Load;
25/09/20;16:09:09.257;INFO;Controller;Activity ExecRobotTask ended. Return value: Done False/True/False;
25/09/20;16:09:09.257;INFO;Controller;State = Ready;
25/09/20;16:09:09.275;INFO;Server;Command: ExecRobotTask (Mount,500000);
25/09/20;16:09:09.275;INFO;Controller;Executing asynchronous activity: ExecRobotTask;
25/09/20;16:09:09.275;INFO;Controller;Status = Executing: Mount;
25/09/20;16:09:09.276;INFO;Controller;State = Running;
25/09/20;16:09:10.313;INFO;Robot Runtime;executing:    Mount;
25/09/20;16:09:14.434;INFO;Controller;Activity ExecRobotTask ended. Return value: Done True/False/False;
25/09/20;16:09:14.434;INFO;Controller;State = Ready;
25/09/20;16:09:14.471;INFO;Server;Command: ExecRobotTask (Park,500000);
25/09/20;16:09:14.471;INFO;Controller;Executing asynchronous activity: ExecRobotTask;
25/09/20;16:09:14.471;INFO;Controller;Status = Executing: Park;
25/09/20;16:09:14.471;INFO;Controller;State = Running;
25/09/20;16:09:15.336;INFO;Robot Runtime;executing:    Park;
25/09/20;16:09:17.057;INFO;Controller;Activity ExecRobotTask ended. Return value: Done;
25/09/20;16:09:17.058;INFO;Controller;State = Ready;
25/09/20;16:09:17.079;INFO;Server;Command: ExecRobotTask (UnlatchRobGov,500000);
25/09/20;16:09:17.079;INFO;Controller;Executing asynchronous activity: ExecRobotTask;
25/09/20;16:09:17.080;INFO;Controller;Status = Executing: UnlatchRobGov;
25/09/20;16:09:17.080;INFO;Controller;State = Running;
25/09/20;16:09:17.994;INFO;Robot Runtime;executing:    UnlatchRobGov;
25/09/20;16:09:18.459;INFO;Controller;Activity ExecRobotTask ended. Return value: Done;
25/09/20;16:09:18.459;INFO;Controller;State = Ready;
25/09/20;16:09:33.449;INFO;Server;Command: ExecRobotTask (Unmount,500000);
25/09/20;16:09:33.449;INFO;Controller;Executing asynchronous activity: ExecRobotTask;
25/09/20;16:09:33.449;INFO;Controller;Status = Executing: Unmount;
25/09/20;16:09:33.449;INFO;Controller;State = Running;
25/09/20;16:09:34.631;INFO;Robot Runtime;executing:    Unmount;
25/09/20;16:09:45.527;INFO;Controller;Activity ExecRobotTask ended. Return value: Done False/True/False;
25/09/20;16:09:45.527;INFO;Controller;State = Ready;
25/09/20;16:09:45.561;INFO;Server;Command: ExecRobotTask (Unload,500000);
25/09/20;16:09:45.561;INFO;Controller;Executing asynchronous activity: ExecRobotTask;
25/09/20;16:09:45.561;INFO;Controller;Status = Executing: Unload;
25/09/20;16:09:45.561;INFO;Controller;State = Running;
25/09/20;16:09:46.432;INFO;Robot Runtime;executing:    Unload;
25/09/20;16:09:50.021;INFO;Controller;Activity ExecRobotTask ended. Return value: Done False/False/False;
25/09/20;16:09:50.021;INFO;Controller;State = Ready;
25/09/20;16:09:51.569;INFO;Server;Command: ExecRobotTask (Load,500000);
25/09/20;16:09:51.569;INFO;Controller;Executing asynchronous activity: ExecRobotTask;
25/09/20;16:09:51.569;INFO;Controller;Status = Executing: Load;
25/09/20;16:09:51.569;INFO;Controller;State = Running;
25/09/20;16:09:52.607;INFO;Robot Runtime;executing:    Load;
25/09/20;16:09:58.888;INFO;Controller;Activity ExecRobotTask ended. Return value: Done False/True/False;
25/09/20;16:09:58.888;INFO;Controller;State = Ready;
25/09/20;16:09:58.911;INFO;Server;Command: ExecRobotTask (Mount,500000);
25/09/20;16:09:58.912;INFO;Controller;Executing asynchronous activity: ExecRobotTask;
25/09/20;16:09:58.912;INFO;Controller;Status = Executing: Mount;
25/09/20;16:09:58.912;INFO;Controller;State = Running;
25/09/20;16:10:00.093;INFO;Robot Runtime;executing:    Mount;
25/09/20;16:10:04.332;INFO;Controller;Activity ExecRobotTask ended. Return value: Done True/False/False;
25/09/20;16:10:04.332;INFO;Controller;State = Ready;
25/09/20;16:10:04.359;INFO;Server;Command: ExecRobotTask (Park,500000);
25/09/20;16:10:04.359;INFO;Controller;Executing asynchronous activity: ExecRobotTask;
25/09/20;16:10:04.359;INFO;Controller;Status = Executing: Park;
25/09/20;16:10:04.359;INFO;Controller;State = Running;
25/09/20;16:10:05.238;INFO;Robot Runtime;executing:    Park;
25/09/20;16:10:07.376;INFO;Controller;Activity ExecRobotTask ended. Return value: Done;
25/09/20;16:10:07.376;INFO;Controller;State = Ready;
25/09/20;16:10:07.402;INFO;Server;Command: ExecRobotTask (UnlatchRobGov,500000);
25/09/20;16:10:07.402;INFO;Controller;Executing asynchronous activity: ExecRobotTask;
25/09/20;16:10:07.402;INFO;Controller;Status = Executing: UnlatchRobGov;
25/09/20;16:10:07.402;INFO;Controller;State = Running;
25/09/20;16:10:08.307;INFO;Robot Runtime;executing:    UnlatchRobGov;
25/09/20;16:10:08.845;INFO;Controller;Activity ExecRobotTask ended. Return value: Done;
25/09/20;16:10:08.845;INFO;Controller;State = Ready;
25/09/20;16:11:39.511;INFO;Server;Command: ExecRobotTask (Unmount,500000);
25/09/20;16:11:39.512;INFO;Controller;Executing asynchronous activity: ExecRobotTask;
25/09/20;16:11:39.512;INFO;Controller;Status = Executing: Unmount;
25/09/20;16:11:39.512;INFO;Controller;State = Running;
25/09/20;16:11:40.518;INFO;Robot Runtime;executing:    Unmount;
25/09/20;16:11:51.554;INFO;Controller;Activity ExecRobotTask ended. Return value: Done False/True/False;
25/09/20;16:11:51.555;INFO;Controller;State = Ready;
25/09/20;16:11:51.582;INFO;Server;Command: ExecRobotTask (Unload,500000);
25/09/20;16:11:51.583;INFO;Controller;Executing asynchronous activity: ExecRobotTask;
25/09/20;16:11:51.583;INFO;Controller;Status = Executing: Unload;
25/09/20;16:11:51.583;INFO;Controller;State = Running;
25/09/20;16:11:52.446;INFO;Robot Runtime;executing:    Unload;
25/09/20;16:11:56.451;INFO;Controller;Activity ExecRobotTask ended. Return value: Done False/False/False;
25/09/20;16:11:56.451;INFO;Controller;State = Ready;
25/09/20;16:11:58.228;INFO;Server;Command: ExecRobotTask (Load,500000);
25/09/20;16:11:58.228;INFO;Controller;Executing asynchronous activity: ExecRobotTask;
25/09/20;16:11:58.228;INFO;Controller;Status = Executing: Load;
25/09/20;16:11:58.228;INFO;Controller;State = Running;
25/09/20;16:11:59.431;INFO;Robot Runtime;executing:    Load;
25/09/20;16:12:05.670;INFO;Controller;Activity ExecRobotTask ended. Return value: Done False/True/False;
25/09/20;16:12:05.671;INFO;Controller;State = Ready;
25/09/20;16:12:05.699;INFO;Server;Command: ExecRobotTask (Mount,500000);
25/09/20;16:12:05.699;INFO;Controller;Executing asynchronous activity: ExecRobotTask;
25/09/20;16:12:05.699;INFO;Controller;Status = Executing: Mount;
25/09/20;16:12:05.699;INFO;Controller;State = Running;
25/09/20;16:12:06.722;INFO;Robot Runtime;executing:    Mount;
25/09/20;16:12:10.844;INFO;Controller;Activity ExecRobotTask ended. Return value: Done True/False/False;
25/09/20;16:12:10.845;INFO;Controller;State = Ready;
25/09/20;16:12:10.870;INFO;Server;Command: ExecRobotTask (Park,500000);
25/09/20;16:12:10.870;INFO;Controller;Executing asynchronous activity: ExecRobotTask;
25/09/20;16:12:10.870;INFO;Controller;Status = Executing: Park;
25/09/20;16:12:10.870;INFO;Controller;State = Running;
25/09/20;16:12:11.730;INFO;Robot Runtime;executing:    Park;
25/09/20;16:12:13.842;INFO;Controller;Activity ExecRobotTask ended. Return value: Done;
25/09/20;16:12:13.842;INFO;Controller;State = Ready;
25/09/20;16:12:13.866;INFO;Server;Command: ExecRobotTask (UnlatchRobGov,500000);
25/09/20;16:12:13.866;INFO;Controller;Executing asynchronous activity: ExecRobotTask;
25/09/20;16:12:13.866;INFO;Controller;Status = Executing: UnlatchRobGov;
25/09/20;16:12:13.867;INFO;Controller;State = Running;
25/09/20;16:12:14.825;INFO;Robot Runtime;executing:    UnlatchRobGov;
25/09/20;16:12:15.319;INFO;Controller;Activity ExecRobotTask ended. Return value: Done;
25/09/20;16:12:15.319;INFO;Controller;State = Ready;
25/09/20;16:14:51.242;INFO;Server;Command: ExecRobotTask (Unmount,500000);
25/09/20;16:14:51.242;INFO;Controller;Executing asynchronous activity: ExecRobotTask;
25/09/20;16:14:51.243;INFO;Controller;Status = Executing: Unmount;
25/09/20;16:14:51.243;INFO;Controller;State = Running;
25/09/20;16:14:52.392;INFO;Robot Runtime;executing:    Unmount;
25/09/20;16:15:02.969;INFO;Controller;Activity ExecRobotTask ended. Return value: Done False/True/False;
25/09/20;16:15:02.969;INFO;Controller;State = Ready;
25/09/20;16:15:02.994;INFO;Server;Command: ExecRobotTask (Unload,500000);
25/09/20;16:15:02.995;INFO;Controller;Executing asynchronous activity: ExecRobotTask;
25/09/20;16:15:02.995;INFO;Controller;Status = Executing: Unload;
25/09/20;16:15:02.995;INFO;Controller;State = Running;
25/09/20;16:15:03.867;INFO;Robot Runtime;executing:    Unload;
25/09/20;16:15:07.627;INFO;Controller;Activity ExecRobotTask ended. Return value: Done False/False/False;
25/09/20;16:15:07.628;INFO;Controller;State = Ready;
25/09/20;16:15:09.344;INFO;Server;Command: ExecRobotTask (Load,500000);
25/09/20;16:15:09.345;INFO;Controller;Executing asynchronous activity: ExecRobotTask;
25/09/20;16:15:09.345;INFO;Controller;Status = Executing: Load;
25/09/20;16:15:09.345;INFO;Controller;State = Running;
25/09/20;16:15:10.399;INFO;Robot Runtime;executing:    Load;
25/09/20;16:15:16.587;INFO;Controller;Activity ExecRobotTask ended. Return value: Done False/True/False;
25/09/20;16:15:16.587;INFO;Controller;State = Ready;
25/09/20;16:15:16.613;INFO;Server;Command: ExecRobotTask (Mount,500000);
25/09/20;16:15:16.613;INFO;Controller;Executing asynchronous activity: ExecRobotTask;
25/09/20;16:15:16.613;INFO;Controller;Status = Executing: Mount;
25/09/20;16:15:16.613;INFO;Controller;State = Running;
25/09/20;16:15:17.582;INFO;Robot Runtime;executing:    Mount;
25/09/20;16:15:21.768;INFO;Controller;Activity ExecRobotTask ended. Return value: Done True/False/False;
25/09/20;16:15:21.769;INFO;Controller;State = Ready;
25/09/20;16:15:21.815;INFO;Server;Command: ExecRobotTask (Park,500000);
25/09/20;16:15:21.815;INFO;Controller;Executing asynchronous activity: ExecRobotTask;
25/09/20;16:15:21.815;INFO;Controller;Status = Executing: Park;
25/09/20;16:15:21.815;INFO;Controller;State = Running;
25/09/20;16:15:22.932;INFO;Robot Runtime;executing:    Park;
25/09/20;16:15:24.669;INFO;Controller;Activity ExecRobotTask ended. Return value: Done;
25/09/20;16:15:24.670;INFO;Controller;State = Ready;
25/09/20;16:15:24.689;INFO;Server;Command: ExecRobotTask (UnlatchRobGov,500000);
25/09/20;16:15:24.689;INFO;Controller;Executing asynchronous activity: ExecRobotTask;
25/09/20;16:15:24.689;INFO;Controller;Status = Executing: UnlatchRobGov;
25/09/20;16:15:24.689;INFO;Controller;State = Running;
25/09/20;16:15:25.615;INFO;Robot Runtime;executing:    UnlatchRobGov;
25/09/20;16:15:26.065;INFO;Controller;Activity ExecRobotTask ended. Return value: Done;
25/09/20;16:15:26.065;INFO;Controller;State = Ready;
25/09/20;16:15:45.908;INFO;Server;Command: ExecRobotTask (Unmount,500000);
25/09/20;16:15:45.908;INFO;Controller;Executing asynchronous activity: ExecRobotTask;
25/09/20;16:15:45.909;INFO;Controller;Status = Executing: Unmount;
25/09/20;16:15:45.909;INFO;Controller;State = Running;
25/09/20;16:15:46.898;INFO;Robot Runtime;executing:    Unmount;
25/09/20;16:15:58.143;INFO;Controller;Activity ExecRobotTask ended. Return value: Done False/True/False;
25/09/20;16:15:58.143;INFO;Controller;State = Ready;
25/09/20;16:15:58.169;INFO;Server;Command: ExecRobotTask (Unload,500000);
25/09/20;16:15:58.169;INFO;Controller;Executing asynchronous activity: ExecRobotTask;
25/09/20;16:15:58.169;INFO;Controller;Status = Executing: Unload;
25/09/20;16:15:58.169;INFO;Controller;State = Running;
25/09/20;16:15:59.038;INFO;Robot Runtime;executing:    Unload;
25/09/20;16:16:02.806;INFO;Controller;Activity ExecRobotTask ended. Return value: Done False/False/False;
25/09/20;16:16:02.806;INFO;Controller;State = Ready;
25/09/20;16:16:04.385;INFO;Server;Command: ExecRobotTask (Load,500000);
25/09/20;16:16:04.386;INFO;Controller;Executing asynchronous activity: ExecRobotTask;
25/09/20;16:16:04.386;INFO;Controller;Status = Executing: Load;
25/09/20;16:16:04.386;INFO;Controller;State = Running;
25/09/20;16:16:05.359;INFO;Robot Runtime;executing:    Load;
25/09/20;16:16:11.499;INFO;Controller;Activity ExecRobotTask ended. Return value: Done False/True/False;
25/09/20;16:16:11.499;INFO;Controller;State = Ready;
25/09/20;16:16:11.521;INFO;Server;Command: ExecRobotTask (Mount,500000);
25/09/20;16:16:11.522;INFO;Controller;Executing asynchronous activity: ExecRobotTask;
25/09/20;16:16:11.522;INFO;Controller;Status = Executing: Mount;
25/09/20;16:16:11.522;INFO;Controller;State = Running;
25/09/20;16:16:12.671;INFO;Robot Runtime;executing:    Mount;
25/09/20;16:16:16.932;INFO;Controller;Activity ExecRobotTask ended. Return value: Done True/False/False;
25/09/20;16:16:16.932;INFO;Controller;State = Ready;
25/09/20;16:16:16.956;INFO;Server;Command: ExecRobotTask (Park,500000);
25/09/20;16:16:16.956;INFO;Controller;Executing asynchronous activity: ExecRobotTask;
25/09/20;16:16:16.956;INFO;Controller;Status = Executing: Park;
25/09/20;16:16:16.956;INFO;Controller;State = Running;
25/09/20;16:16:17.939;INFO;Robot Runtime;executing:    Park;
25/09/20;16:16:19.989;INFO;Controller;Activity ExecRobotTask ended. Return value: Done;
25/09/20;16:16:19.989;INFO;Controller;State = Ready;
25/09/20;16:16:20.016;INFO;Server;Command: ExecRobotTask (UnlatchRobGov,500000);
25/09/20;16:16:20.016;INFO;Controller;Executing asynchronous activity: ExecRobotTask;
25/09/20;16:16:20.016;INFO;Controller;Status = Executing: UnlatchRobGov;
25/09/20;16:16:20.016;INFO;Controller;State = Running;
25/09/20;16:16:20.926;INFO;Robot Runtime;executing:    UnlatchRobGov;
25/09/20;16:16:21.459;INFO;Controller;Activity ExecRobotTask ended. Return value: Done;
25/09/20;16:16:21.459;INFO;Controller;State = Ready;
25/09/20;16:26:26.267;INFO;Server;Command: ExecRobotTask (Unmount,500000);
25/09/20;16:26:26.267;INFO;Controller;Executing asynchronous activity: ExecRobotTask;
25/09/20;16:26:26.268;INFO;Controller;Status = Executing: Unmount;
25/09/20;16:26:26.268;INFO;Controller;State = Running;
25/09/20;16:26:27.216;INFO;Robot Runtime;executing:    Unmount;
25/09/20;16:26:37.844;INFO;Controller;Activity ExecRobotTask ended. Return value: Done False/True/False;
25/09/20;16:26:37.845;INFO;Controller;State = Ready;
25/09/20;16:26:37.873;INFO;Server;Command: ExecRobotTask (Unload,500000);
25/09/20;16:26:37.874;INFO;Controller;Executing asynchronous activity: ExecRobotTask;
25/09/20;16:26:37.874;INFO;Controller;Status = Executing: Unload;
25/09/20;16:26:37.874;INFO;Controller;State = Running;
25/09/20;16:26:38.748;INFO;Robot Runtime;executing:    Unload;
25/09/20;16:26:42.339;INFO;Controller;Activity ExecRobotTask ended. Return value: Done False/False/False;
25/09/20;16:26:42.339;INFO;Controller;State = Ready;
25/09/20;16:26:43.952;INFO;Server;Command: ExecRobotTask (Load,500000);
25/09/20;16:26:43.952;INFO;Controller;Executing asynchronous activity: ExecRobotTask;
25/09/20;16:26:43.961;INFO;Controller;Status = Executing: Load;
25/09/20;16:26:43.961;INFO;Controller;State = Running;
25/09/20;16:26:45.140;INFO;Robot Runtime;executing:    Load;
25/09/20;16:26:51.462;INFO;Controller;Activity ExecRobotTask ended. Return value: Done False/True/False;
25/09/20;16:26:51.462;INFO;Controller;State = Ready;
25/09/20;16:26:51.489;INFO;Server;Command: ExecRobotTask (Mount,500000);
25/09/20;16:26:51.489;INFO;Controller;Executing asynchronous activity: ExecRobotTask;
25/09/20;16:26:51.489;INFO;Controller;Status = Executing: Mount;
25/09/20;16:26:51.489;INFO;Controller;State = Running;
25/09/20;16:26:52.500;INFO;Robot Runtime;executing:    Mount;
25/09/20;16:26:56.645;INFO;Controller;Activity ExecRobotTask ended. Return value: Done True/False/False;
25/09/20;16:26:56.645;INFO;Controller;State = Ready;
25/09/20;16:26:56.671;INFO;Server;Command: ExecRobotTask (Park,500000);
25/09/20;16:26:56.671;INFO;Controller;Executing asynchronous activity: ExecRobotTask;
25/09/20;16:26:56.672;INFO;Controller;Status = Executing: Park;
25/09/20;16:26:56.672;INFO;Controller;State = Running;
25/09/20;16:26:57.592;INFO;Robot Runtime;executing:    Park;
25/09/20;16:26:59.695;INFO;Controller;Activity ExecRobotTask ended. Return value: Done;
25/09/20;16:26:59.695;INFO;Controller;State = Ready;
25/09/20;16:26:59.725;INFO;Server;Command: ExecRobotTask (UnlatchRobGov,500000);
25/09/20;16:26:59.725;INFO;Controller;Executing asynchronous activity: ExecRobotTask;
25/09/20;16:26:59.725;INFO;Controller;Status = Executing: UnlatchRobGov;
25/09/20;16:26:59.725;INFO;Controller;State = Running;
25/09/20;16:27:00.641;INFO;Robot Runtime;executing:    UnlatchRobGov;
25/09/20;16:27:01.182;INFO;Controller;Activity ExecRobotTask ended. Return value: Done;
25/09/20;16:27:01.182;INFO;Controller;State = Ready;
25/09/20;16:39:38.736;INFO;Server;Command: ExecRobotTask (Unmount,500000);
25/09/20;16:39:38.737;INFO;Controller;Executing asynchronous activity: ExecRobotTask;
25/09/20;16:39:38.744;INFO;Controller;Status = Executing: Unmount;
25/09/20;16:39:38.744;INFO;Controller;State = Running;
25/09/20;16:39:39.906;INFO;Robot Runtime;executing:    Unmount;
25/09/20;16:39:51.476;INFO;Controller;Activity ExecRobotTask ended. Return value: Done False/True/False;
25/09/20;16:39:51.477;INFO;Controller;State = Ready;
25/09/20;16:39:51.498;INFO;Server;Command: ExecRobotTask (Unload,500000);
25/09/20;16:39:51.498;INFO;Controller;Executing asynchronous activity: ExecRobotTask;
25/09/20;16:39:51.498;INFO;Controller;Status = Executing: Unload;
25/09/20;16:39:51.499;INFO;Controller;State = Running;
25/09/20;16:39:52.395;INFO;Robot Runtime;executing:    Unload;
25/09/20;16:39:55.978;INFO;Controller;Activity ExecRobotTask ended. Return value: Done False/False/False;
25/09/20;16:39:55.978;INFO;Controller;State = Ready;
25/09/20;16:39:57.641;INFO;Server;Command: ExecRobotTask (Load,500000);
25/09/20;16:39:57.641;INFO;Controller;Executing asynchronous activity: ExecRobotTask;
25/09/20;16:39:57.642;INFO;Controller;Status = Executing: Load;
25/09/20;16:39:57.642;INFO;Controller;State = Running;
25/09/20;16:39:58.649;INFO;Robot Runtime;executing:    Load;
25/09/20;16:40:04.852;INFO;Controller;Activity ExecRobotTask ended. Return value: Done False/True/False;
25/09/20;16:40:04.852;INFO;Controller;State = Ready;
25/09/20;16:40:04.874;INFO;Server;Command: ExecRobotTask (Mount,500000);
25/09/20;16:40:04.875;INFO;Controller;Executing asynchronous activity: ExecRobotTask;
25/09/20;16:40:04.875;INFO;Controller;Status = Executing: Mount;
25/09/20;16:40:04.875;INFO;Controller;State = Running;
25/09/20;16:40:05.794;INFO;Robot Runtime;executing:    Mount;
25/09/20;16:40:09.600;INFO;Controller;Activity ExecRobotTask ended. Return value: Done True/False/False;
25/09/20;16:40:09.600;INFO;Controller;State = Ready;
25/09/20;16:40:09.636;INFO;Server;Command: ExecRobotTask (Park,500000);
25/09/20;16:40:09.637;INFO;Controller;Executing asynchronous activity: ExecRobotTask;
25/09/20;16:40:09.637;INFO;Controller;Status = Executing: Park;
25/09/20;16:40:09.637;INFO;Controller;State = Running;
25/09/20;16:40:10.777;INFO;Robot Runtime;executing:    Park;
25/09/20;16:40:12.844;INFO;Controller;Activity ExecRobotTask ended. Return value: Done;
25/09/20;16:40:12.844;INFO;Controller;State = Ready;
25/09/20;16:40:12.872;INFO;Server;Command: ExecRobotTask (UnlatchRobGov,500000);
25/09/20;16:40:12.873;INFO;Controller;Executing asynchronous activity: ExecRobotTask;
25/09/20;16:40:12.873;INFO;Controller;Status = Executing: UnlatchRobGov;
25/09/20;16:40:12.873;INFO;Controller;State = Running;
25/09/20;16:40:13.804;INFO;Robot Runtime;executing:    UnlatchRobGov;
25/09/20;16:40:14.321;INFO;Controller;Activity ExecRobotTask ended. Return value: Done;
25/09/20;16:40:14.321;INFO;Controller;State = Ready;
25/09/20;16:40:25.428;INFO;Server;Command: ExecRobotTask (Unmount,500000);
25/09/20;16:40:25.428;INFO;Controller;Executing asynchronous activity: ExecRobotTask;
25/09/20;16:40:25.428;INFO;Controller;Status = Executing: Unmount;
25/09/20;16:40:25.429;INFO;Controller;State = Running;
25/09/20;16:40:26.421;INFO;Robot Runtime;executing:    Unmount;
25/09/20;16:40:37.086;INFO;Controller;Activity ExecRobotTask ended. Return value: Done False/True/False;
25/09/20;16:40:37.086;INFO;Controller;State = Ready;
25/09/20;16:40:37.109;INFO;Server;Command: ExecRobotTask (Unload,500000);
25/09/20;16:40:37.109;INFO;Controller;Executing asynchronous activity: ExecRobotTask;
25/09/20;16:40:37.109;INFO;Controller;Status = Executing: Unload;
25/09/20;16:40:37.109;INFO;Controller;State = Running;
25/09/20;16:40:37.977;INFO;Robot Runtime;executing:    Unload;
25/09/20;16:40:41.983;INFO;Controller;Activity ExecRobotTask ended. Return value: Done False/False/False;
25/09/20;16:40:41.983;INFO;Controller;State = Ready;
25/09/20;16:40:43.559;INFO;Server;Command: ExecRobotTask (Load,500000);
25/09/20;16:40:43.559;INFO;Controller;Executing asynchronous activity: ExecRobotTask;
25/09/20;16:40:43.559;INFO;Controller;Status = Executing: Load;
25/09/20;16:40:43.560;INFO;Controller;State = Running;
25/09/20;16:40:44.755;INFO;Robot Runtime;executing:    Load;
25/09/20;16:40:50.969;INFO;Controller;Activity ExecRobotTask ended. Return value: Done False/True/False;
25/09/20;16:40:50.969;INFO;Controller;State = Ready;
25/09/20;16:40:50.999;INFO;Server;Command: ExecRobotTask (Mount,500000);
25/09/20;16:40:50.999;INFO;Controller;Executing asynchronous activity: ExecRobotTask;
25/09/20;16:40:50.999;INFO;Controller;Status = Executing: Mount;
25/09/20;16:40:50.999;INFO;Controller;State = Running;
25/09/20;16:40:52.025;INFO;Robot Runtime;executing:    Mount;
25/09/20;16:40:56.143;INFO;Controller;Activity ExecRobotTask ended. Return value: Done True/False/False;
25/09/20;16:40:56.143;INFO;Controller;State = Ready;
25/09/20;16:40:56.183;INFO;Server;Command: ExecRobotTask (Park,500000);
25/09/20;16:40:56.183;INFO;Controller;Executing asynchronous activity: ExecRobotTask;
25/09/20;16:40:56.183;INFO;Controller;Status = Executing: Park;
25/09/20;16:40:56.183;INFO;Controller;State = Running;
25/09/20;16:40:57.039;INFO;Robot Runtime;executing:    Park;
25/09/20;16:40:59.160;INFO;Controller;Activity ExecRobotTask ended. Return value: Done;
25/09/20;16:40:59.160;INFO;Controller;State = Ready;
25/09/20;16:40:59.191;INFO;Server;Command: ExecRobotTask (UnlatchRobGov,500000);
25/09/20;16:40:59.191;INFO;Controller;Executing asynchronous activity: ExecRobotTask;
25/09/20;16:40:59.191;INFO;Controller;Status = Executing: UnlatchRobGov;
25/09/20;16:40:59.192;INFO;Controller;State = Running;
25/09/20;16:41:00.096;INFO;Robot Runtime;executing:    UnlatchRobGov;
25/09/20;16:41:00.639;INFO;Controller;Activity ExecRobotTask ended. Return value: Done;
25/09/20;16:41:00.639;INFO;Controller;State = Ready;
25/09/20;16:41:11.016;INFO;Server;Command: ExecRobotTask (Unmount,500000);
25/09/20;16:41:11.016;INFO;Controller;Executing asynchronous activity: ExecRobotTask;
25/09/20;16:41:11.016;INFO;Controller;Status = Executing: Unmount;
25/09/20;16:41:11.016;INFO;Controller;State = Running;
25/09/20;16:41:12.193;INFO;Robot Runtime;executing:    Unmount;
25/09/20;16:41:22.951;INFO;Controller;Activity ExecRobotTask ended. Return value: Done False/True/False;
25/09/20;16:41:22.951;INFO;Controller;State = Ready;
25/09/20;16:41:22.982;INFO;Server;Command: ExecRobotTask (Unload,500000);
25/09/20;16:41:22.982;INFO;Controller;Executing asynchronous activity: ExecRobotTask;
25/09/20;16:41:22.982;INFO;Controller;Status = Executing: Unload;
25/09/20;16:41:22.982;INFO;Controller;State = Running;
25/09/20;16:41:23.867;INFO;Robot Runtime;executing:    Unload;
25/09/20;16:41:27.601;INFO;Controller;Activity ExecRobotTask ended. Return value: Done False/False/False;
25/09/20;16:41:27.601;INFO;Controller;State = Ready;
25/09/20;16:41:29.333;INFO;Server;Command: ExecRobotTask (Load,500000);
25/09/20;16:41:29.333;INFO;Controller;Executing asynchronous activity: ExecRobotTask;
25/09/20;16:41:29.333;INFO;Controller;Status = Executing: Load;
25/09/20;16:41:29.333;INFO;Controller;State = Running;
25/09/20;16:41:30.373;INFO;Robot Runtime;executing:    Load;
25/09/20;16:41:36.552;INFO;Controller;Activity ExecRobotTask ended. Return value: Done False/True/False;
25/09/20;16:41:36.552;INFO;Controller;State = Ready;
25/09/20;16:41:36.581;INFO;Server;Command: ExecRobotTask (Mount,500000);
25/09/20;16:41:36.582;INFO;Controller;Executing asynchronous activity: ExecRobotTask;
25/09/20;16:41:36.582;INFO;Controller;Status = Executing: Mount;
25/09/20;16:41:36.582;INFO;Controller;State = Running;
25/09/20;16:41:37.784;INFO;Robot Runtime;executing:    Mount;
25/09/20;16:41:41.981;INFO;Controller;Activity ExecRobotTask ended. Return value: Done True/False/False;
25/09/20;16:41:41.981;INFO;Controller;State = Ready;
25/09/20;16:41:42.026;INFO;Server;Command: ExecRobotTask (Park,500000);
25/09/20;16:41:42.027;INFO;Controller;Executing asynchronous activity: ExecRobotTask;
25/09/20;16:41:42.027;INFO;Controller;Status = Executing: Park;
25/09/20;16:41:42.027;INFO;Controller;State = Running;
25/09/20;16:41:42.904;INFO;Robot Runtime;executing:    Park;
25/09/20;16:41:45.003;INFO;Controller;Activity ExecRobotTask ended. Return value: Done;
25/09/20;16:41:45.004;INFO;Controller;State = Ready;
25/09/20;16:41:45.028;INFO;Server;Command: ExecRobotTask (UnlatchRobGov,500000);
25/09/20;16:41:45.029;INFO;Controller;Executing asynchronous activity: ExecRobotTask;
25/09/20;16:41:45.029;INFO;Controller;Status = Executing: UnlatchRobGov;
25/09/20;16:41:45.029;INFO;Controller;State = Running;
25/09/20;16:41:45.938;INFO;Robot Runtime;executing:    UnlatchRobGov;
25/09/20;16:41:46.473;INFO;Controller;Activity ExecRobotTask ended. Return value: Done;
25/09/20;16:41:46.474;INFO;Controller;State = Ready;
25/09/20;16:41:57.676;INFO;Server;Command: ExecRobotTask (Unmount,500000);
25/09/20;16:41:57.676;INFO;Controller;Executing asynchronous activity: ExecRobotTask;
25/09/20;16:41:57.676;INFO;Controller;Status = Executing: Unmount;
25/09/20;16:41:57.676;INFO;Controller;State = Running;
25/09/20;16:41:58.648;INFO;Robot Runtime;executing:    Unmount;
25/09/20;16:42:09.446;INFO;Controller;Activity ExecRobotTask ended. Return value: Done False/True/False;
25/09/20;16:42:09.446;INFO;Controller;State = Ready;
25/09/20;16:42:09.473;INFO;Server;Command: ExecRobotTask (Unload,500000);
25/09/20;16:42:09.473;INFO;Controller;Executing asynchronous activity: ExecRobotTask;
25/09/20;16:42:09.474;INFO;Controller;Status = Executing: Unload;
25/09/20;16:42:09.474;INFO;Controller;State = Running;
25/09/20;16:42:10.335;INFO;Robot Runtime;executing:    Unload;
25/09/20;16:42:13.938;INFO;Controller;Activity ExecRobotTask ended. Return value: Done False/False/False;
25/09/20;16:42:13.938;INFO;Controller;State = Ready;
25/09/20;16:42:15.512;INFO;Server;Command: ExecRobotTask (Load,500000);
25/09/20;16:42:15.512;INFO;Controller;Executing asynchronous activity: ExecRobotTask;
25/09/20;16:42:15.512;INFO;Controller;Status = Executing: Load;
25/09/20;16:42:15.513;INFO;Controller;State = Running;
25/09/20;16:42:16.721;INFO;Robot Runtime;executing:    Load;
25/09/20;16:42:23.019;INFO;Controller;Activity ExecRobotTask ended. Return value: Done False/True/True;
25/09/20;16:42:23.019;INFO;Controller;State = Ready;
25/09/20;16:42:23.045;INFO;Server;Command: ExecRobotTask (Home,500000);
25/09/20;16:42:23.046;INFO;Controller;Executing asynchronous activity: ExecRobotTask;
25/09/20;16:42:23.046;INFO;Controller;Status = Executing: Home;
25/09/20;16:42:23.046;INFO;Controller;State = Running;
25/09/20;16:42:23.981;INFO;Robot Runtime;executing:    Home;
25/09/20;16:42:25.291;INFO;Controller;Activity ExecRobotTask ended. Return value: Done;
25/09/20;16:42:25.292;INFO;Controller;State = Ready;
25/09/20;16:42:25.325;INFO;Server;Command: ExecRobotTask (Unload,500000);
25/09/20;16:42:25.325;INFO;Controller;Executing asynchronous activity: ExecRobotTask;
25/09/20;16:42:25.325;INFO;Controller;Status = Executing: Unload;
25/09/20;16:42:25.325;INFO;Controller;State = Running;
25/09/20;16:42:26.230;INFO;Robot Runtime;executing:    Unload;
25/09/20;16:42:30.709;INFO;Controller;Activity ExecRobotTask ended. Return value: Done False/False/False;
25/09/20;16:42:30.709;INFO;Controller;State = Ready;
25/09/20;16:42:30.737;INFO;Server;Command: ExecRobotTask (Home,500000);
25/09/20;16:42:30.737;INFO;Controller;Executing asynchronous activity: ExecRobotTask;
25/09/20;16:42:30.737;INFO;Controller;Status = Executing: Home;
25/09/20;16:42:30.737;INFO;Controller;State = Running;
25/09/20;16:42:31.690;INFO;Robot Runtime;executing:    Home;
25/09/20;16:42:32.558;INFO;Controller;Activity ExecRobotTask ended. Return value: Done;
25/09/20;16:42:32.558;INFO;Controller;State = Ready;
25/09/20;16:42:32.583;INFO;Server;Command: ExecRobotTask (Park,500000);
25/09/20;16:42:32.583;INFO;Controller;Executing asynchronous activity: ExecRobotTask;
25/09/20;16:42:32.584;INFO;Controller;Status = Executing: Park;
25/09/20;16:42:32.584;INFO;Controller;State = Running;
25/09/20;16:42:33.439;INFO;Robot Runtime;executing:    Park;
25/09/20;16:42:36.537;INFO;Controller;Activity ExecRobotTask ended. Return value: Done;
25/09/20;16:42:36.537;INFO;Controller;State = Ready;
25/09/20;16:47:55.251;INFO;Server;Command: ExecRobotTask (Initialize,500000);
25/09/20;16:47:55.252;INFO;Controller;Executing asynchronous activity: ExecRobotTask;
25/09/20;16:47:55.252;INFO;Controller;Status = Executing: Initialize;
25/09/20;16:47:55.252;INFO;Controller;State = Running;
25/09/20;16:47:56.130;INFO;Robot Runtime;executing:    Initialize;
25/09/20;16:47:56.486;INFO;Controller;Activity ExecRobotTask ended. Return value: Done;
25/09/20;16:47:56.486;INFO;Controller;State = Ready;
25/09/20;16:47:56.714;INFO;Server;Command: ExecRobotTask (Load,500000);
25/09/20;16:47:56.714;INFO;Controller;Executing asynchronous activity: ExecRobotTask;
25/09/20;16:47:56.714;INFO;Controller;Status = Executing: Load;
25/09/20;16:47:56.714;INFO;Controller;State = Running;
25/09/20;16:47:57.885;INFO;Robot Runtime;executing:    Load;
25/09/20;16:48:07.313;INFO;Controller;Activity ExecRobotTask ended. Return value: Done False/True/False;
25/09/20;16:48:07.314;INFO;Controller;State = Ready;
25/09/20;16:48:07.349;INFO;Server;Command: ExecRobotTask (Mount,500000);
25/09/20;16:48:07.350;INFO;Controller;Executing asynchronous activity: ExecRobotTask;
25/09/20;16:48:07.350;INFO;Controller;Status = Executing: Mount;
25/09/20;16:48:07.350;INFO;Controller;State = Running;
25/09/20;16:48:08.404;INFO;Robot Runtime;executing:    Mount;
25/09/20;16:48:12.485;INFO;Controller;Activity ExecRobotTask ended. Return value: Done True/False/False;
25/09/20;16:48:12.486;INFO;Controller;State = Ready;
25/09/20;16:48:12.517;INFO;Server;Command: ExecRobotTask (Park,500000);
25/09/20;16:48:12.517;INFO;Controller;Executing asynchronous activity: ExecRobotTask;
25/09/20;16:48:12.517;INFO;Controller;Status = Executing: Park;
25/09/20;16:48:12.517;INFO;Controller;State = Running;
25/09/20;16:48:13.386;INFO;Robot Runtime;executing:    Park;
25/09/20;16:48:15.523;INFO;Controller;Activity ExecRobotTask ended. Return value: Done;
25/09/20;16:48:15.524;INFO;Controller;State = Ready;
25/09/20;16:48:15.558;INFO;Server;Command: ExecRobotTask (UnlatchRobGov,500000);
25/09/20;16:48:15.558;INFO;Controller;Executing asynchronous activity: ExecRobotTask;
25/09/20;16:48:15.558;INFO;Controller;Status = Executing: UnlatchRobGov;
25/09/20;16:48:15.558;INFO;Controller;State = Running;
25/09/20;16:48:16.464;INFO;Robot Runtime;executing:    UnlatchRobGov;
25/09/20;16:48:16.995;INFO;Controller;Activity ExecRobotTask ended. Return value: Done;
25/09/20;16:48:16.996;INFO;Controller;State = Ready;
25/09/20;16:48:26.689;INFO;Server;Command: ExecRobotTask (Unmount,500000);
25/09/20;16:48:26.689;INFO;Controller;Executing asynchronous activity: ExecRobotTask;
25/09/20;16:48:26.689;INFO;Controller;Status = Executing: Unmount;
25/09/20;16:48:26.689;INFO;Controller;State = Running;
25/09/20;16:48:27.846;INFO;Robot Runtime;executing:    Unmount;
25/09/20;16:48:38.031;INFO;Controller;Activity ExecRobotTask ended. Return value: Done False/True/False;
25/09/20;16:48:38.032;INFO;Controller;State = Ready;
25/09/20;16:48:38.061;INFO;Server;Command: ExecRobotTask (Unload,500000);
25/09/20;16:48:38.062;INFO;Controller;Executing asynchronous activity: ExecRobotTask;
25/09/20;16:48:38.062;INFO;Controller;Status = Executing: Unload;
25/09/20;16:48:38.062;INFO;Controller;State = Running;
25/09/20;16:48:38.953;INFO;Robot Runtime;executing:    Unload;
25/09/20;16:48:42.935;INFO;Controller;Activity ExecRobotTask ended. Return value: Done False/False/False;
25/09/20;16:48:42.935;INFO;Controller;State = Ready;
25/09/20;16:48:44.496;INFO;Server;Command: ExecRobotTask (Load,500000);
25/09/20;16:48:44.497;INFO;Controller;Executing asynchronous activity: ExecRobotTask;
25/09/20;16:48:44.497;INFO;Controller;Status = Executing: Load;
25/09/20;16:48:44.497;INFO;Controller;State = Running;
25/09/20;16:48:45.532;INFO;Robot Runtime;executing:    Load;
25/09/20;16:48:51.636;INFO;Controller;Activity ExecRobotTask ended. Return value: Done False/True/False;
25/09/20;16:48:51.636;INFO;Controller;State = Ready;
25/09/20;16:48:51.664;INFO;Server;Command: ExecRobotTask (Mount,500000);
25/09/20;16:48:51.665;INFO;Controller;Executing asynchronous activity: ExecRobotTask;
25/09/20;16:48:51.665;INFO;Controller;Status = Executing: Mount;
25/09/20;16:48:51.665;INFO;Controller;State = Running;
25/09/20;16:48:52.855;INFO;Robot Runtime;executing:    Mount;
25/09/20;16:48:57.074;INFO;Controller;Activity ExecRobotTask ended. Return value: Done True/False/False;
25/09/20;16:48:57.074;INFO;Controller;State = Ready;
25/09/20;16:48:57.106;INFO;Server;Command: ExecRobotTask (Park,500000);
25/09/20;16:48:57.107;INFO;Controller;Executing asynchronous activity: ExecRobotTask;
25/09/20;16:48:57.107;INFO;Controller;Status = Executing: Park;
25/09/20;16:48:57.107;INFO;Controller;State = Running;
25/09/20;16:48:57.993;INFO;Robot Runtime;executing:    Park;
25/09/20;16:49:00.113;INFO;Controller;Activity ExecRobotTask ended. Return value: Done;
25/09/20;16:49:00.114;INFO;Controller;State = Ready;
25/09/20;16:49:00.148;INFO;Server;Command: ExecRobotTask (UnlatchRobGov,500000);
25/09/20;16:49:00.148;INFO;Controller;Executing asynchronous activity: ExecRobotTask;
25/09/20;16:49:00.148;INFO;Controller;Status = Executing: UnlatchRobGov;
25/09/20;16:49:00.148;INFO;Controller;State = Running;
25/09/20;16:49:01.060;INFO;Robot Runtime;executing:    UnlatchRobGov;
25/09/20;16:49:01.593;INFO;Controller;Activity ExecRobotTask ended. Return value: Done;
25/09/20;16:49:01.593;INFO;Controller;State = Ready;
25/09/20;16:52:56.013;INFO;Server;Command: ExecRobotTask (Unmount,500000);
25/09/20;16:52:56.014;INFO;Controller;Executing asynchronous activity: ExecRobotTask;
25/09/20;16:52:56.014;INFO;Controller;Status = Executing: Unmount;
25/09/20;16:52:56.014;INFO;Controller;State = Running;
25/09/20;16:52:57.055;INFO;Robot Runtime;executing:    Unmount;
25/09/20;16:53:08.389;INFO;Controller;Activity ExecRobotTask ended. Return value: Done False/True/False;
25/09/20;16:53:08.389;INFO;Controller;State = Ready;
25/09/20;16:53:08.423;INFO;Server;Command: ExecRobotTask (Unload,500000);
25/09/20;16:53:08.424;INFO;Controller;Executing asynchronous activity: ExecRobotTask;
25/09/20;16:53:08.424;INFO;Controller;Status = Executing: Unload;
25/09/20;16:53:08.424;INFO;Controller;State = Running;
25/09/20;16:53:09.296;INFO;Robot Runtime;executing:    Unload;
25/09/20;16:53:12.867;INFO;Controller;Activity ExecRobotTask ended. Return value: Done False/False/False;
25/09/20;16:53:12.867;INFO;Controller;State = Ready;
25/09/20;16:53:14.454;INFO;Server;Command: ExecRobotTask (Load,500000);
25/09/20;16:53:14.454;INFO;Controller;Executing asynchronous activity: ExecRobotTask;
25/09/20;16:53:14.454;INFO;Controller;Status = Executing: Load;
25/09/20;16:53:14.454;INFO;Controller;State = Running;
25/09/20;16:53:15.651;INFO;Robot Runtime;executing:    Load;
25/09/20;16:53:21.760;INFO;Controller;Activity ExecRobotTask ended. Return value: Done False/True/False;
25/09/20;16:53:21.760;INFO;Controller;State = Ready;
25/09/20;16:53:21.791;INFO;Server;Command: ExecRobotTask (Mount,500000);
25/09/20;16:53:21.791;INFO;Controller;Executing asynchronous activity: ExecRobotTask;
25/09/20;16:53:21.791;INFO;Controller;Status = Executing: Mount;
25/09/20;16:53:21.792;INFO;Controller;State = Running;
25/09/20;16:53:22.828;INFO;Robot Runtime;executing:    Mount;
25/09/20;16:53:26.935;INFO;Controller;Activity ExecRobotTask ended. Return value: Done True/False/False;
25/09/20;16:53:26.935;INFO;Controller;State = Ready;
25/09/20;16:53:26.970;INFO;Server;Command: ExecRobotTask (Park,500000);
25/09/20;16:53:26.970;INFO;Controller;Executing asynchronous activity: ExecRobotTask;
25/09/20;16:53:26.970;INFO;Controller;Status = Executing: Park;
25/09/20;16:53:26.971;INFO;Controller;State = Running;
25/09/20;16:53:27.836;INFO;Robot Runtime;executing:    Park;
25/09/20;16:53:29.558;INFO;Controller;Activity ExecRobotTask ended. Return value: Done;
25/09/20;16:53:29.558;INFO;Controller;State = Ready;
25/09/20;16:53:29.588;INFO;Server;Command: ExecRobotTask (UnlatchRobGov,500000);
25/09/20;16:53:29.588;INFO;Controller;Executing asynchronous activity: ExecRobotTask;
25/09/20;16:53:29.589;INFO;Controller;Status = Executing: UnlatchRobGov;
25/09/20;16:53:29.589;INFO;Controller;State = Running;
25/09/20;16:53:30.508;INFO;Robot Runtime;executing:    UnlatchRobGov;
25/09/20;16:53:30.957;INFO;Controller;Activity ExecRobotTask ended. Return value: Done;
25/09/20;16:53:30.957;INFO;Controller;State = Ready;
25/09/20;16:58:06.745;INFO;Server;Command: ExecRobotTask (Unmount,500000);
25/09/20;16:58:06.746;INFO;Controller;Executing asynchronous activity: ExecRobotTask;
25/09/20;16:58:06.746;INFO;Controller;Status = Executing: Unmount;
25/09/20;16:58:06.746;INFO;Controller;State = Running;
25/09/20;16:58:07.914;INFO;Robot Runtime;executing:    Unmount;
25/09/20;16:58:18.522;INFO;Controller;Activity ExecRobotTask ended. Return value: Done False/True/False;
25/09/20;16:58:18.522;INFO;Controller;State = Ready;
25/09/20;16:58:18.554;INFO;Server;Command: ExecRobotTask (Unload,500000);
25/09/20;16:58:18.554;INFO;Controller;Executing asynchronous activity: ExecRobotTask;
25/09/20;16:58:18.554;INFO;Controller;Status = Executing: Unload;
25/09/20;16:58:18.554;INFO;Controller;State = Running;
25/09/20;16:58:19.426;INFO;Robot Runtime;executing:    Unload;
25/09/20;16:58:23.340;INFO;Controller;Activity ExecRobotTask ended. Return value: Done False/False/False;
25/09/20;16:58:23.340;INFO;Controller;State = Ready;
25/09/20;16:58:24.933;INFO;Server;Command: ExecRobotTask (Load,500000);
25/09/20;16:58:24.933;INFO;Controller;Executing asynchronous activity: ExecRobotTask;
25/09/20;16:58:24.934;INFO;Controller;Status = Executing: Load;
25/09/20;16:58:24.934;INFO;Controller;State = Running;
25/09/20;16:58:25.981;INFO;Robot Runtime;executing:    Load;
25/09/20;16:58:31.859;INFO;Controller;Activity ExecRobotTask ended. Return value: Done False/True/False;
25/09/20;16:58:31.859;INFO;Controller;State = Ready;
25/09/20;16:58:31.873;INFO;Server;Command: ExecRobotTask (Mount,500000);
25/09/20;16:58:31.873;INFO;Controller;Executing asynchronous activity: ExecRobotTask;
25/09/20;16:58:31.873;INFO;Controller;Status = Executing: Mount;
25/09/20;16:58:31.873;INFO;Controller;State = Running;
25/09/20;16:58:33.061;INFO;Robot Runtime;executing:    Mount;
25/09/20;16:58:37.211;INFO;Controller;Activity ExecRobotTask ended. Return value: Done True/False/False;
25/09/20;16:58:37.217;INFO;Controller;State = Ready;
25/09/20;16:58:37.231;INFO;Server;Command: ExecRobotTask (Park,500000);
25/09/20;16:58:37.231;INFO;Controller;Executing asynchronous activity: ExecRobotTask;
25/09/20;16:58:37.231;INFO;Controller;Status = Executing: Park;
25/09/20;16:58:37.231;INFO;Controller;State = Running;
25/09/20;16:58:38.097;INFO;Robot Runtime;executing:    Park;
25/09/20;16:58:40.232;INFO;Controller;Activity ExecRobotTask ended. Return value: Done;
25/09/20;16:58:40.232;INFO;Controller;State = Ready;
25/09/20;16:58:40.248;INFO;Server;Command: ExecRobotTask (UnlatchRobGov,500000);
25/09/20;16:58:40.249;INFO;Controller;Executing asynchronous activity: ExecRobotTask;
25/09/20;16:58:40.249;INFO;Controller;Status = Executing: UnlatchRobGov;
25/09/20;16:58:40.249;INFO;Controller;State = Running;
25/09/20;16:58:41.156;INFO;Robot Runtime;executing:    UnlatchRobGov;
25/09/20;16:58:41.292;INFO;Controller;Activity ExecRobotTask ended. Return value: Done;
25/09/20;16:58:41.292;INFO;Controller;State = Ready;
25/09/20;17:00:34.106;INFO;Server;Command: ExecRobotTask (Unmount,500000);
25/09/20;17:00:34.106;INFO;Controller;Executing asynchronous activity: ExecRobotTask;
25/09/20;17:00:34.106;INFO;Controller;Status = Executing: Unmount;
25/09/20;17:00:34.106;INFO;Controller;State = Running;
25/09/20;17:00:35.116;INFO;Robot Runtime;executing:    Unmount;
25/09/20;17:00:45.746;INFO;Controller;Activity ExecRobotTask ended. Return value: Done False/True/False;
25/09/20;17:00:45.747;INFO;Controller;State = Ready;
25/09/20;17:00:45.761;INFO;Server;Command: ExecRobotTask (Unload,500000);
25/09/20;17:00:45.762;INFO;Controller;Executing asynchronous activity: ExecRobotTask;
25/09/20;17:00:45.762;INFO;Controller;Status = Executing: Unload;
25/09/20;17:00:45.762;INFO;Controller;State = Running;
25/09/20;17:00:46.625;INFO;Robot Runtime;executing:    Unload;
25/09/20;17:00:50.400;INFO;Controller;Activity ExecRobotTask ended. Return value: Done False/False/False;
25/09/20;17:00:50.400;INFO;Controller;State = Ready;
25/09/20;17:00:51.989;INFO;Server;Command: ExecRobotTask (Load,500000);
25/09/20;17:00:51.989;INFO;Controller;Executing asynchronous activity: ExecRobotTask;
25/09/20;17:00:51.990;INFO;Controller;Status = Executing: Load;
25/09/20;17:00:51.990;INFO;Controller;State = Running;
25/09/20;17:00:53.174;INFO;Robot Runtime;executing:    Load;
25/09/20;17:00:59.337;INFO;Controller;Activity ExecRobotTask ended. Return value: Done False/True/False;
25/09/20;17:00:59.338;INFO;Controller;State = Ready;
25/09/20;17:00:59.349;INFO;Server;Command: ExecRobotTask (Mount,500000);
25/09/20;17:00:59.349;INFO;Controller;Executing asynchronous activity: ExecRobotTask;
25/09/20;17:00:59.349;INFO;Controller;Status = Executing: Mount;
25/09/20;17:00:59.349;INFO;Controller;State = Running;
25/09/20;17:01:00.396;INFO;Robot Runtime;executing:    Mount;
25/09/20;17:01:04.517;INFO;Controller;Activity ExecRobotTask ended. Return value: Done True/False/False;
25/09/20;17:01:04.517;INFO;Controller;State = Ready;
25/09/20;17:01:04.535;INFO;Server;Command: ExecRobotTask (Park,500000);
25/09/20;17:01:04.535;INFO;Controller;Executing asynchronous activity: ExecRobotTask;
25/09/20;17:01:04.535;INFO;Controller;Status = Executing: Park;
25/09/20;17:01:04.535;INFO;Controller;State = Running;
25/09/20;17:01:05.396;INFO;Robot Runtime;executing:    Park;
25/09/20;17:01:07.128;INFO;Controller;Activity ExecRobotTask ended. Return value: Done;
25/09/20;17:01:07.128;INFO;Controller;State = Ready;
25/09/20;17:01:07.136;INFO;Server;Command: ExecRobotTask (UnlatchRobGov,500000);
25/09/20;17:01:07.136;INFO;Controller;Executing asynchronous activity: ExecRobotTask;
25/09/20;17:01:07.136;INFO;Controller;Status = Executing: UnlatchRobGov;
25/09/20;17:01:07.136;INFO;Controller;State = Running;
25/09/20;17:01:08.046;INFO;Robot Runtime;executing:    UnlatchRobGov;
25/09/20;17:01:08.523;INFO;Controller;Activity ExecRobotTask ended. Return value: Done;
25/09/20;17:01:08.523;INFO;Controller;State = Ready;
25/09/20;17:01:19.960;INFO;Server;Command: ExecRobotTask (Unmount,500000);
25/09/20;17:01:19.960;INFO;Controller;Executing asynchronous activity: ExecRobotTask;
25/09/20;17:01:19.960;INFO;Controller;Status = Executing: Unmount;
25/09/20;17:01:19.960;INFO;Controller;State = Running;
25/09/20;17:01:21.122;INFO;Robot Runtime;executing:    Unmount;
25/09/20;17:01:31.786;INFO;Controller;Activity ExecRobotTask ended. Return value: Done False/True/False;
25/09/20;17:01:31.786;INFO;Controller;State = Ready;
25/09/20;17:01:31.803;INFO;Server;Command: ExecRobotTask (Unload,500000);
25/09/20;17:01:31.803;INFO;Controller;Executing asynchronous activity: ExecRobotTask;
25/09/20;17:01:31.803;INFO;Controller;Status = Executing: Unload;
25/09/20;17:01:31.803;INFO;Controller;State = Running;
25/09/20;17:01:32.672;INFO;Robot Runtime;executing:    Unload;
25/09/20;17:01:36.702;INFO;Controller;Activity ExecRobotTask ended. Return value: Done False/False/False;
25/09/20;17:01:36.702;INFO;Controller;State = Ready;
25/09/20;17:01:38.337;INFO;Server;Command: ExecRobotTask (Load,500000);
25/09/20;17:01:38.337;INFO;Controller;Executing asynchronous activity: ExecRobotTask;
25/09/20;17:01:38.337;INFO;Controller;Status = Executing: Load;
25/09/20;17:01:38.337;INFO;Controller;State = Running;
25/09/20;17:01:39.378;INFO;Robot Runtime;executing:    Load;
25/09/20;17:01:45.248;INFO;Controller;Activity ExecRobotTask ended. Return value: Done False/True/False;
25/09/20;17:01:45.249;INFO;Controller;State = Ready;
25/09/20;17:01:45.258;INFO;Server;Command: ExecRobotTask (Mount,500000);
25/09/20;17:01:45.259;INFO;Controller;Executing asynchronous activity: ExecRobotTask;
25/09/20;17:01:45.259;INFO;Controller;Status = Executing: Mount;
25/09/20;17:01:45.259;INFO;Controller;State = Running;
25/09/20;17:01:46.442;INFO;Robot Runtime;executing:    Mount;
25/09/20;17:01:50.596;INFO;Controller;Activity ExecRobotTask ended. Return value: Done True/False/False;
25/09/20;17:01:50.596;INFO;Controller;State = Ready;
25/09/20;17:01:50.621;INFO;Server;Command: ExecRobotTask (Park,500000);
25/09/20;17:01:50.621;INFO;Controller;Executing asynchronous activity: ExecRobotTask;
25/09/20;17:01:50.621;INFO;Controller;Status = Executing: Park;
25/09/20;17:01:50.621;INFO;Controller;State = Running;
25/09/20;17:01:51.487;INFO;Robot Runtime;executing:    Park;
25/09/20;17:01:53.215;INFO;Controller;Activity ExecRobotTask ended. Return value: Done;
25/09/20;17:01:53.215;INFO;Controller;State = Ready;
25/09/20;17:01:53.224;INFO;Server;Command: ExecRobotTask (UnlatchRobGov,500000);
25/09/20;17:01:53.224;INFO;Controller;Executing asynchronous activity: ExecRobotTask;
25/09/20;17:01:53.224;INFO;Controller;Status = Executing: UnlatchRobGov;
25/09/20;17:01:53.224;INFO;Controller;State = Running;
25/09/20;17:01:54.130;INFO;Robot Runtime;executing:    UnlatchRobGov;
25/09/20;17:01:54.605;INFO;Controller;Activity ExecRobotTask ended. Return value: Done;
25/09/20;17:01:54.605;INFO;Controller;State = Ready;
25/09/20;17:02:05.990;INFO;Server;Command: ExecRobotTask (Unmount,500000);
25/09/20;17:02:05.991;INFO;Controller;Executing asynchronous activity: ExecRobotTask;
25/09/20;17:02:05.991;INFO;Controller;Status = Executing: Unmount;
25/09/20;17:02:05.991;INFO;Controller;State = Running;
25/09/20;17:02:07.008;INFO;Robot Runtime;executing:    Unmount;
25/09/20;17:02:17.490;INFO;Controller;Activity ExecRobotTask ended. Return value: Done False/True/False;
25/09/20;17:02:17.490;INFO;Controller;State = Ready;
25/09/20;17:02:17.500;INFO;Server;Command: ExecRobotTask (Unload,500000);
25/09/20;17:02:17.500;INFO;Controller;Executing asynchronous activity: ExecRobotTask;
25/09/20;17:02:17.500;INFO;Controller;Status = Executing: Unload;
25/09/20;17:02:17.501;INFO;Controller;State = Running;
25/09/20;17:02:18.370;INFO;Robot Runtime;executing:    Unload;
25/09/20;17:02:22.313;INFO;Controller;Activity ExecRobotTask ended. Return value: Done False/False/False;
25/09/20;17:02:22.313;INFO;Controller;State = Ready;
25/09/20;17:02:23.895;INFO;Server;Command: ExecRobotTask (Load,500000);
25/09/20;17:02:23.895;INFO;Controller;Executing asynchronous activity: ExecRobotTask;
25/09/20;17:02:23.895;INFO;Controller;Status = Executing: Load;
25/09/20;17:02:23.895;INFO;Controller;State = Running;
25/09/20;17:02:25.089;INFO;Robot Runtime;executing:    Load;
25/09/20;17:02:31.277;INFO;Controller;Activity ExecRobotTask ended. Return value: Done False/True/False;
25/09/20;17:02:31.277;INFO;Controller;State = Ready;
25/09/20;17:02:31.287;INFO;Server;Command: ExecRobotTask (Mount,500000);
25/09/20;17:02:31.288;INFO;Controller;Executing asynchronous activity: ExecRobotTask;
25/09/20;17:02:31.288;INFO;Controller;Status = Executing: Mount;
25/09/20;17:02:31.288;INFO;Controller;State = Running;
25/09/20;17:02:32.333;INFO;Robot Runtime;executing:    Mount;
25/09/20;17:02:36.476;INFO;Controller;Activity ExecRobotTask ended. Return value: Done True/False/False;
25/09/20;17:02:36.476;INFO;Controller;State = Ready;
25/09/20;17:02:36.500;INFO;Server;Command: ExecRobotTask (Park,500000);
25/09/20;17:02:36.500;INFO;Controller;Executing asynchronous activity: ExecRobotTask;
25/09/20;17:02:36.500;INFO;Controller;Status = Executing: Park;
25/09/20;17:02:36.500;INFO;Controller;State = Running;
25/09/20;17:02:37.369;INFO;Robot Runtime;executing:    Park;
25/09/20;17:02:39.511;INFO;Controller;Activity ExecRobotTask ended. Return value: Done;
25/09/20;17:02:39.512;INFO;Controller;State = Ready;
25/09/20;17:02:39.522;INFO;Server;Command: ExecRobotTask (UnlatchRobGov,500000);
25/09/20;17:02:39.522;INFO;Controller;Executing asynchronous activity: ExecRobotTask;
25/09/20;17:02:39.522;INFO;Controller;Status = Executing: UnlatchRobGov;
25/09/20;17:02:39.522;INFO;Controller;State = Running;
25/09/20;17:02:40.431;INFO;Robot Runtime;executing:    UnlatchRobGov;
25/09/20;17:02:40.571;INFO;Controller;Activity ExecRobotTask ended. Return value: Done;
25/09/20;17:02:40.571;INFO;Controller;State = Ready;
25/09/20;17:04:03.425;INFO;Server;Command: ExecRobotTask (Unmount,500000);
25/09/20;17:04:03.425;INFO;Controller;Executing asynchronous activity: ExecRobotTask;
25/09/20;17:04:03.425;INFO;Controller;Status = Executing: Unmount;
25/09/20;17:04:03.425;INFO;Controller;State = Running;
25/09/20;17:04:04.596;INFO;Robot Runtime;executing:    Unmount;
25/09/20;17:04:15.599;INFO;Controller;Activity ExecRobotTask ended. Return value: Done False/True/False;
25/09/20;17:04:15.599;INFO;Controller;State = Ready;
25/09/20;17:04:15.615;INFO;Server;Command: ExecRobotTask (Unload,500000);
25/09/20;17:04:15.615;INFO;Controller;Executing asynchronous activity: ExecRobotTask;
25/09/20;17:04:15.615;INFO;Controller;Status = Executing: Unload;
25/09/20;17:04:15.615;INFO;Controller;State = Running;
25/09/20;17:04:16.490;INFO;Robot Runtime;executing:    Unload;
25/09/20;17:04:20.105;INFO;Controller;Activity ExecRobotTask ended. Return value: Done False/False/False;
25/09/20;17:04:20.105;INFO;Controller;State = Ready;
25/09/20;17:04:20.211;INFO;Server;Command: ExecRobotTask (UnlatchRobGov,500000);
25/09/20;17:04:20.211;INFO;Controller;Executing asynchronous activity: ExecRobotTask;
25/09/20;17:04:20.211;INFO;Controller;Status = Executing: UnlatchRobGov;
25/09/20;17:04:20.211;INFO;Controller;State = Running;
25/09/20;17:04:21.080;INFO;Robot Runtime;executing:    UnlatchRobGov;
25/09/20;17:04:21.501;INFO;Controller;Activity ExecRobotTask ended. Return value: Done;
25/09/20;17:04:21.501;INFO;Controller;State = Ready;
25/09/20;17:04:21.526;INFO;Server;Command: ExecRobotTask (Home,500000);
25/09/20;17:04:21.527;INFO;Controller;Executing asynchronous activity: ExecRobotTask;
25/09/20;17:04:21.527;INFO;Controller;Status = Executing: Home;
25/09/20;17:04:21.527;INFO;Controller;State = Running;
25/09/20;17:04:22.553;INFO;Robot Runtime;executing:    Home;
25/09/20;17:04:23.762;INFO;Controller;Activity ExecRobotTask ended. Return value: Done;
25/09/20;17:04:23.762;INFO;Controller;State = Ready;
25/09/20;17:04:23.771;INFO;Server;Command: ExecRobotTask (Finish,500000);
25/09/20;17:04:23.772;INFO;Controller;Executing asynchronous activity: ExecRobotTask;
25/09/20;17:04:23.772;INFO;Controller;Status = Executing: Finish;
25/09/20;17:04:23.772;INFO;Controller;State = Running;
25/09/20;17:04:24.669;INFO;Robot Runtime;executing:    Finish;
25/09/20;17:06:41.243;INFO;Controller;Activity ExecRobotTask ended. Return value: Done;
25/09/20;17:06:41.244;INFO;Controller;State = Ready;
