16/04/20;13:23:08.991;INFO;Server;Command: ExecRobotTask (Initialize,500000);
16/04/20;13:23:08.992;INFO;Controller;Executing asynchronous activity: ExecRobotTask;
16/04/20;13:23:08.992;INFO;Controller;Status = Executing: Initialize;
16/04/20;13:23:08.992;INFO;Controller;State = Running;
16/04/20;13:23:09.946;INFO;Robot Runtime;executing:    Initialize;
16/04/20;13:23:11.137;INFO;Controller;Activity ExecRobotTask ended. Return value: Done;
16/04/20;13:23:11.137;INFO;Controller;State = Ready;
16/04/20;13:23:11.167;INFO;Server;Command: ExecRobotTask (Home,500000);
16/04/20;13:23:11.167;INFO;Controller;Executing asynchronous activity: ExecRobotTask;
16/04/20;13:23:11.167;INFO;Controller;Status = Executing: Home;
16/04/20;13:23:11.167;INFO;Controller;State = Running;
16/04/20;13:23:12.009;INFO;Robot Runtime;executing:    Home;
16/04/20;13:23:12.171;INFO;Controller;Activity ExecRobotTask ended. Return value: Done;
16/04/20;13:23:12.171;INFO;Controller;State = Ready;
16/04/20;13:23:12.204;INFO;Server;Command: ExecRobotTask (Park,500000);
16/04/20;13:23:12.204;INFO;Controller;Executing asynchronous activity: ExecRobotTask;
16/04/20;13:23:12.204;INFO;Controller;Status = Executing: Park;
16/04/20;13:23:12.204;INFO;Controller;State = Running;
16/04/20;13:23:13.034;INFO;Robot Runtime;executing:    Park;
16/04/20;13:23:16.029;INFO;Controller;Activity ExecRobotTask ended. Return value: Done;
16/04/20;13:23:16.029;INFO;Controller;State = Ready;
16/04/20;13:30:07.506;INFO;Server;Command: ExecRobotTask (Initialize,500000);
16/04/20;13:30:07.507;INFO;Controller;Executing asynchronous activity: ExecRobotTask;
16/04/20;13:30:07.507;INFO;Controller;Status = Executing: Initialize;
16/04/20;13:30:07.507;INFO;Controller;State = Running;
16/04/20;13:30:08.344;INFO;Robot Runtime;executing:    Initialize;
16/04/20;13:30:08.695;INFO;Controller;Activity ExecRobotTask ended. Return value: Done;
16/04/20;13:30:08.695;INFO;Controller;State = Ready;
16/04/20;13:30:08.926;INFO;Server;Command: ExecRobotTask (Load,500000);
16/04/20;13:30:08.926;INFO;Controller;Executing asynchronous activity: ExecRobotTask;
16/04/20;13:30:08.926;INFO;Controller;Status = Executing: Load;
16/04/20;13:30:08.926;INFO;Controller;State = Running;
16/04/20;13:30:09.894;INFO;Robot Runtime;executing:    Load;
16/04/20;13:30:19.156;INFO;Controller;Activity ExecRobotTask ended. Return value: Done False/True/False;
16/04/20;13:30:19.156;INFO;Controller;State = Ready;
16/04/20;13:30:19.189;INFO;Server;Command: ExecRobotTask (Mount,500000);
16/04/20;13:30:19.189;INFO;Controller;Executing asynchronous activity: ExecRobotTask;
16/04/20;13:30:19.189;INFO;Controller;Status = Executing: Mount;
16/04/20;13:30:19.189;INFO;Controller;State = Running;
16/04/20;13:30:20.054;INFO;Robot Runtime;executing:    Mount;
16/04/20;13:30:24.372;INFO;Controller;Activity ExecRobotTask ended. Return value: Done True/False/False;
16/04/20;13:30:24.373;INFO;Controller;State = Ready;
16/04/20;13:30:24.414;INFO;Server;Command: ExecRobotTask (Park,500000);
16/04/20;13:30:24.415;INFO;Controller;Executing asynchronous activity: ExecRobotTask;
16/04/20;13:30:24.415;INFO;Controller;Status = Executing: Park;
16/04/20;13:30:24.415;INFO;Controller;State = Running;
16/04/20;13:30:25.246;INFO;Robot Runtime;executing:    Park;
16/04/20;13:30:26.993;INFO;Controller;Activity ExecRobotTask ended. Return value: Done;
16/04/20;13:30:26.994;INFO;Controller;State = Ready;
16/04/20;13:30:27.025;INFO;Server;Command: ExecRobotTask (UnlatchRobGov,500000);
16/04/20;13:30:27.026;INFO;Controller;Executing asynchronous activity: ExecRobotTask;
16/04/20;13:30:27.026;INFO;Controller;Status = Executing: UnlatchRobGov;
16/04/20;13:30:27.026;INFO;Controller;State = Running;
16/04/20;13:30:28.192;INFO;Robot Runtime;executing:    UnlatchRobGov;
16/04/20;13:30:28.669;INFO;Controller;Activity ExecRobotTask ended. Return value: Done;
16/04/20;13:30:28.670;INFO;Controller;State = Ready;
16/04/20;13:31:21.189;INFO;Server;Command: ExecRobotTask (Unmount,500000);
16/04/20;13:31:21.190;INFO;Controller;Executing asynchronous activity: ExecRobotTask;
16/04/20;13:31:21.190;INFO;Controller;Status = Executing: Unmount;
16/04/20;13:31:21.190;INFO;Controller;State = Running;
16/04/20;13:31:22.110;INFO;Robot Runtime;executing:    Unmount;
16/04/20;13:31:30.870;INFO;Controller;Activity ExecRobotTask ended. Return value: Done False/True/False;
16/04/20;13:31:30.870;INFO;Controller;State = Ready;
16/04/20;13:31:30.897;INFO;Server;Command: ExecRobotTask (Unload,500000);
16/04/20;13:31:30.897;INFO;Controller;Executing asynchronous activity: ExecRobotTask;
16/04/20;13:31:30.897;INFO;Controller;Status = Executing: Unload;
16/04/20;13:31:30.898;INFO;Controller;State = Running;
16/04/20;13:31:31.737;INFO;Robot Runtime;executing:    Unload;
16/04/20;13:31:35.747;INFO;Controller;Activity ExecRobotTask ended. Return value: Done False/False/False;
16/04/20;13:31:35.747;INFO;Controller;State = Ready;
16/04/20;13:31:37.398;INFO;Server;Command: ExecRobotTask (Load,500000);
16/04/20;13:31:37.398;INFO;Controller;Executing asynchronous activity: ExecRobotTask;
16/04/20;13:31:37.398;INFO;Controller;Status = Executing: Load;
16/04/20;13:31:37.398;INFO;Controller;State = Running;
16/04/20;13:31:38.361;INFO;Robot Runtime;executing:    Load;
16/04/20;13:31:44.558;INFO;Controller;Activity ExecRobotTask ended. Return value: Done False/True/False;
16/04/20;13:31:44.558;INFO;Controller;State = Ready;
16/04/20;13:31:44.588;INFO;Server;Command: ExecRobotTask (Mount,500000);
16/04/20;13:31:44.588;INFO;Controller;Executing asynchronous activity: ExecRobotTask;
16/04/20;13:31:44.589;INFO;Controller;Status = Executing: Mount;
16/04/20;13:31:44.589;INFO;Controller;State = Running;
16/04/20;13:31:45.741;INFO;Robot Runtime;executing:    Mount;
16/04/20;13:31:50.059;INFO;Controller;Activity ExecRobotTask ended. Return value: Done True/False/False;
16/04/20;13:31:50.059;INFO;Controller;State = Ready;
16/04/20;13:31:50.098;INFO;Server;Command: ExecRobotTask (Park,500000);
16/04/20;13:31:50.099;INFO;Controller;Executing asynchronous activity: ExecRobotTask;
16/04/20;13:31:50.099;INFO;Controller;Status = Executing: Park;
16/04/20;13:31:50.099;INFO;Controller;State = Running;
16/04/20;13:31:51.001;INFO;Robot Runtime;executing:    Park;
16/04/20;13:31:53.124;INFO;Controller;Activity ExecRobotTask ended. Return value: Done;
16/04/20;13:31:53.125;INFO;Controller;State = Ready;
16/04/20;13:31:53.155;INFO;Server;Command: ExecRobotTask (UnlatchRobGov,500000);
16/04/20;13:31:53.155;INFO;Controller;Executing asynchronous activity: ExecRobotTask;
16/04/20;13:31:53.155;INFO;Controller;Status = Executing: UnlatchRobGov;
16/04/20;13:31:53.155;INFO;Controller;State = Running;
16/04/20;13:31:54.040;INFO;Robot Runtime;executing:    UnlatchRobGov;
16/04/20;13:31:54.593;INFO;Controller;Activity ExecRobotTask ended. Return value: Done;
16/04/20;13:31:54.593;INFO;Controller;State = Ready;
16/04/20;13:41:49.872;INFO;Server;Command: ExecRobotTask (Unmount,500000);
16/04/20;13:41:49.872;INFO;Controller;Executing asynchronous activity: ExecRobotTask;
16/04/20;13:41:49.872;INFO;Controller;Status = Executing: Unmount;
16/04/20;13:41:49.873;INFO;Controller;State = Running;
16/04/20;13:41:50.720;INFO;Robot Runtime;executing:    Unmount;
16/04/20;13:41:59.955;INFO;Controller;Activity ExecRobotTask ended. Return value: Done False/True/False;
16/04/20;13:41:59.956;INFO;Controller;State = Ready;
16/04/20;13:41:59.985;INFO;Server;Command: ExecRobotTask (Unload,500000);
16/04/20;13:41:59.986;INFO;Controller;Executing asynchronous activity: ExecRobotTask;
16/04/20;13:41:59.986;INFO;Controller;Status = Executing: Unload;
16/04/20;13:41:59.986;INFO;Controller;State = Running;
16/04/20;13:42:00.826;INFO;Robot Runtime;executing:    Unload;
16/04/20;13:42:04.663;INFO;Controller;Activity ExecRobotTask ended. Return value: Done False/False/False;
16/04/20;13:42:04.663;INFO;Controller;State = Ready;
16/04/20;13:42:06.284;INFO;Server;Command: ExecRobotTask (Load,500000);
16/04/20;13:42:06.284;INFO;Controller;Executing asynchronous activity: ExecRobotTask;
16/04/20;13:42:06.284;INFO;Controller;Status = Executing: Load;
16/04/20;13:42:06.284;INFO;Controller;State = Running;
16/04/20;13:42:07.272;INFO;Robot Runtime;executing:    Load;
16/04/20;13:42:13.488;INFO;Controller;Activity ExecRobotTask ended. Return value: Done False/True/False;
16/04/20;13:42:13.488;INFO;Controller;State = Ready;
16/04/20;13:42:13.524;INFO;Server;Command: ExecRobotTask (Mount,500000);
16/04/20;13:42:13.525;INFO;Controller;Executing asynchronous activity: ExecRobotTask;
16/04/20;13:42:13.525;INFO;Controller;Status = Executing: Mount;
16/04/20;13:42:13.525;INFO;Controller;State = Running;
16/04/20;13:42:14.640;INFO;Robot Runtime;executing:    Mount;
16/04/20;13:42:18.743;INFO;Controller;Activity ExecRobotTask ended. Return value: Done True/False/False;
16/04/20;13:42:18.744;INFO;Controller;State = Ready;
16/04/20;13:42:18.787;INFO;Server;Command: ExecRobotTask (Park,500000);
16/04/20;13:42:18.787;INFO;Controller;Executing asynchronous activity: ExecRobotTask;
16/04/20;13:42:18.787;INFO;Controller;Status = Executing: Park;
16/04/20;13:42:18.787;INFO;Controller;State = Running;
16/04/20;13:42:19.690;INFO;Robot Runtime;executing:    Park;
16/04/20;13:42:21.831;INFO;Controller;Activity ExecRobotTask ended. Return value: Done;
16/04/20;13:42:21.831;INFO;Controller;State = Ready;
16/04/20;13:42:21.865;INFO;Server;Command: ExecRobotTask (UnlatchRobGov,500000);
16/04/20;13:42:21.866;INFO;Controller;Executing asynchronous activity: ExecRobotTask;
16/04/20;13:42:21.866;INFO;Controller;Status = Executing: UnlatchRobGov;
16/04/20;13:42:21.866;INFO;Controller;State = Running;
16/04/20;13:42:22.760;INFO;Robot Runtime;executing:    UnlatchRobGov;
16/04/20;13:42:23.309;INFO;Controller;Activity ExecRobotTask ended. Return value: Done;
16/04/20;13:42:23.310;INFO;Controller;State = Ready;
16/04/20;13:54:58.043;INFO;Server;Command: ExecRobotTask (Unmount,500000);
16/04/20;13:54:58.044;INFO;Controller;Executing asynchronous activity: ExecRobotTask;
16/04/20;13:54:58.044;INFO;Controller;Status = Executing: Unmount;
16/04/20;13:54:58.044;INFO;Controller;State = Running;
16/04/20;13:54:58.916;INFO;Robot Runtime;executing:    Unmount;
16/04/20;13:55:08.167;INFO;Controller;Activity ExecRobotTask ended. Return value: Done False/True/False;
16/04/20;13:55:08.168;INFO;Controller;State = Ready;
16/04/20;13:55:08.194;INFO;Server;Command: ExecRobotTask (Unload,500000);
16/04/20;13:55:08.195;INFO;Controller;Executing asynchronous activity: ExecRobotTask;
16/04/20;13:55:08.195;INFO;Controller;Status = Executing: Unload;
16/04/20;13:55:08.195;INFO;Controller;State = Running;
16/04/20;13:55:09.036;INFO;Robot Runtime;executing:    Unload;
16/04/20;13:55:12.883;INFO;Controller;Activity ExecRobotTask ended. Return value: Done False/False/False;
16/04/20;13:55:12.883;INFO;Controller;State = Ready;
16/04/20;13:55:14.458;INFO;Server;Command: ExecRobotTask (Load,500000);
16/04/20;13:55:14.459;INFO;Controller;Executing asynchronous activity: ExecRobotTask;
16/04/20;13:55:14.459;INFO;Controller;Status = Executing: Load;
16/04/20;13:55:14.459;INFO;Controller;State = Running;
16/04/20;13:55:15.459;INFO;Robot Runtime;executing:    Load;
16/04/20;13:55:21.728;INFO;Controller;Activity ExecRobotTask ended. Return value: Done False/True/False;
16/04/20;13:55:21.728;INFO;Controller;State = Ready;
16/04/20;13:55:21.744;INFO;Server;Command: ExecRobotTask (Mount,500000);
16/04/20;13:55:21.745;INFO;Controller;Executing asynchronous activity: ExecRobotTask;
16/04/20;13:55:21.745;INFO;Controller;Status = Executing: Mount;
16/04/20;13:55:21.745;INFO;Controller;State = Running;
16/04/20;13:55:22.850;INFO;Robot Runtime;executing:    Mount;
16/04/20;13:55:26.806;INFO;Controller;Activity ExecRobotTask ended. Return value: Done True/False/False;
16/04/20;13:55:26.806;INFO;Controller;State = Ready;
16/04/20;13:55:26.819;INFO;Server;Command: ExecRobotTask (Park,500000);
16/04/20;13:55:26.819;INFO;Controller;Executing asynchronous activity: ExecRobotTask;
16/04/20;13:55:26.819;INFO;Controller;Status = Executing: Park;
16/04/20;13:55:26.819;INFO;Controller;State = Running;
16/04/20;13:55:27.703;INFO;Robot Runtime;executing:    Park;
16/04/20;13:55:29.792;INFO;Controller;Activity ExecRobotTask ended. Return value: Done;
16/04/20;13:55:29.793;INFO;Controller;State = Ready;
16/04/20;13:55:29.806;INFO;Server;Command: ExecRobotTask (UnlatchRobGov,500000);
16/04/20;13:55:29.807;INFO;Controller;Executing asynchronous activity: ExecRobotTask;
16/04/20;13:55:29.807;INFO;Controller;Status = Executing: UnlatchRobGov;
16/04/20;13:55:29.807;INFO;Controller;State = Running;
16/04/20;13:55:30.710;INFO;Robot Runtime;executing:    UnlatchRobGov;
16/04/20;13:55:30.846;INFO;Controller;Activity ExecRobotTask ended. Return value: Done;
16/04/20;13:55:30.846;INFO;Controller;State = Ready;
16/04/20;14:02:58.508;INFO;Server;Command: ExecRobotTask (Unmount,500000);
16/04/20;14:02:58.508;INFO;Controller;Executing asynchronous activity: ExecRobotTask;
16/04/20;14:02:58.508;INFO;Controller;Status = Executing: Unmount;
16/04/20;14:02:58.509;INFO;Controller;State = Running;
16/04/20;14:02:59.356;INFO;Robot Runtime;executing:    Unmount;
16/04/20;14:03:08.371;INFO;Controller;Activity ExecRobotTask ended. Return value: Done False/True/False;
16/04/20;14:03:08.371;INFO;Controller;State = Ready;
16/04/20;14:03:08.397;INFO;Server;Command: ExecRobotTask (Unload,500000);
16/04/20;14:03:08.397;INFO;Controller;Executing asynchronous activity: ExecRobotTask;
16/04/20;14:03:08.397;INFO;Controller;Status = Executing: Unload;
16/04/20;14:03:08.397;INFO;Controller;State = Running;
16/04/20;14:03:09.237;INFO;Robot Runtime;executing:    Unload;
16/04/20;14:03:13.079;INFO;Controller;Activity ExecRobotTask ended. Return value: Done False/False/False;
16/04/20;14:03:13.079;INFO;Controller;State = Ready;
16/04/20;14:03:14.632;INFO;Server;Command: ExecRobotTask (Load,500000);
16/04/20;14:03:14.632;INFO;Controller;Executing asynchronous activity: ExecRobotTask;
16/04/20;14:03:14.633;INFO;Controller;Status = Executing: Load;
16/04/20;14:03:14.633;INFO;Controller;State = Running;
16/04/20;14:03:15.631;INFO;Robot Runtime;executing:    Load;
16/04/20;14:03:21.912;INFO;Controller;Activity ExecRobotTask ended. Return value: Done False/True/False;
16/04/20;14:03:21.913;INFO;Controller;State = Ready;
16/04/20;14:03:21.924;INFO;Server;Command: ExecRobotTask (Mount,500000);
16/04/20;14:03:21.924;INFO;Controller;Executing asynchronous activity: ExecRobotTask;
16/04/20;14:03:21.924;INFO;Controller;Status = Executing: Mount;
16/04/20;14:03:21.924;INFO;Controller;State = Running;
16/04/20;14:03:23.039;INFO;Robot Runtime;executing:    Mount;
16/04/20;14:03:27.160;INFO;Controller;Activity ExecRobotTask ended. Return value: Done True/False/False;
16/04/20;14:03:27.160;INFO;Controller;State = Ready;
16/04/20;14:03:27.174;INFO;Server;Command: ExecRobotTask (Park,500000);
16/04/20;14:03:27.174;INFO;Controller;Executing asynchronous activity: ExecRobotTask;
16/04/20;14:03:27.174;INFO;Controller;Status = Executing: Park;
16/04/20;14:03:27.175;INFO;Controller;State = Running;
16/04/20;14:03:28.091;INFO;Robot Runtime;executing:    Park;
16/04/20;14:03:30.225;INFO;Controller;Activity ExecRobotTask ended. Return value: Done;
16/04/20;14:03:30.225;INFO;Controller;State = Ready;
16/04/20;14:03:30.239;INFO;Server;Command: ExecRobotTask (UnlatchRobGov,500000);
16/04/20;14:03:30.239;INFO;Controller;Executing asynchronous activity: ExecRobotTask;
16/04/20;14:03:30.239;INFO;Controller;Status = Executing: UnlatchRobGov;
16/04/20;14:03:30.239;INFO;Controller;State = Running;
16/04/20;14:03:31.124;INFO;Robot Runtime;executing:    UnlatchRobGov;
16/04/20;14:03:31.268;INFO;Controller;Activity ExecRobotTask ended. Return value: Done;
16/04/20;14:03:31.268;INFO;Controller;State = Ready;
16/04/20;14:07:44.473;INFO;Server;Command: ExecRobotTask (Unmount,500000);
16/04/20;14:07:44.473;INFO;Controller;Executing asynchronous activity: ExecRobotTask;
16/04/20;14:07:44.473;INFO;Controller;Status = Executing: Unmount;
16/04/20;14:07:44.473;INFO;Controller;State = Running;
16/04/20;14:07:45.323;INFO;Robot Runtime;executing:    Unmount;
16/04/20;14:07:54.612;INFO;Controller;Activity ExecRobotTask ended. Return value: Done False/True/False;
16/04/20;14:07:54.613;INFO;Controller;State = Ready;
16/04/20;14:07:54.628;INFO;Server;Command: ExecRobotTask (Unload,500000);
16/04/20;14:07:54.628;INFO;Controller;Executing asynchronous activity: ExecRobotTask;
16/04/20;14:07:54.628;INFO;Controller;Status = Executing: Unload;
16/04/20;14:07:54.628;INFO;Controller;State = Running;
16/04/20;14:07:55.470;INFO;Robot Runtime;executing:    Unload;
16/04/20;14:07:59.305;INFO;Controller;Activity ExecRobotTask ended. Return value: Done False/False/False;
16/04/20;14:07:59.305;INFO;Controller;State = Ready;
16/04/20;14:08:00.894;INFO;Server;Command: ExecRobotTask (Load,500000);
16/04/20;14:08:00.894;INFO;Controller;Executing asynchronous activity: ExecRobotTask;
16/04/20;14:08:00.894;INFO;Controller;Status = Executing: Load;
16/04/20;14:08:00.894;INFO;Controller;State = Running;
16/04/20;14:08:01.886;INFO;Robot Runtime;executing:    Load;
16/04/20;14:08:08.133;INFO;Controller;Activity ExecRobotTask ended. Return value: Done False/True/False;
16/04/20;14:08:08.134;INFO;Controller;State = Ready;
16/04/20;14:08:08.147;INFO;Server;Command: ExecRobotTask (Mount,500000);
16/04/20;14:08:08.147;INFO;Controller;Executing asynchronous activity: ExecRobotTask;
16/04/20;14:08:08.148;INFO;Controller;Status = Executing: Mount;
16/04/20;14:08:08.148;INFO;Controller;State = Running;
16/04/20;14:08:09.254;INFO;Robot Runtime;executing:    Mount;
16/04/20;14:08:13.383;INFO;Controller;Activity ExecRobotTask ended. Return value: Done True/False/False;
16/04/20;14:08:13.383;INFO;Controller;State = Ready;
16/04/20;14:08:13.406;INFO;Server;Command: ExecRobotTask (Park,500000);
16/04/20;14:08:13.406;INFO;Controller;Executing asynchronous activity: ExecRobotTask;
16/04/20;14:08:13.406;INFO;Controller;Status = Executing: Park;
16/04/20;14:08:13.406;INFO;Controller;State = Running;
16/04/20;14:08:14.315;INFO;Robot Runtime;executing:    Park;
16/04/20;14:08:16.455;INFO;Controller;Activity ExecRobotTask ended. Return value: Done;
16/04/20;14:08:16.456;INFO;Controller;State = Ready;
16/04/20;14:08:16.473;INFO;Server;Command: ExecRobotTask (UnlatchRobGov,500000);
16/04/20;14:08:16.473;INFO;Controller;Executing asynchronous activity: ExecRobotTask;
16/04/20;14:08:16.474;INFO;Controller;Status = Executing: UnlatchRobGov;
16/04/20;14:08:16.474;INFO;Controller;State = Running;
16/04/20;14:08:17.354;INFO;Robot Runtime;executing:    UnlatchRobGov;
16/04/20;14:08:17.503;INFO;Controller;Activity ExecRobotTask ended. Return value: Done;
16/04/20;14:08:17.503;INFO;Controller;State = Ready;
16/04/20;14:11:09.248;INFO;Server;Command: ExecRobotTask (Unmount,500000);
16/04/20;14:11:09.249;INFO;Controller;Executing asynchronous activity: ExecRobotTask;
16/04/20;14:11:09.249;INFO;Controller;Status = Executing: Unmount;
16/04/20;14:11:09.249;INFO;Controller;State = Running;
16/04/20;14:11:10.095;INFO;Robot Runtime;executing:    Unmount;
16/04/20;14:11:19.330;INFO;Controller;Activity ExecRobotTask ended. Return value: Done False/True/False;
16/04/20;14:11:19.331;INFO;Controller;State = Ready;
16/04/20;14:11:19.346;INFO;Server;Command: ExecRobotTask (Unload,500000);
16/04/20;14:11:19.347;INFO;Controller;Executing asynchronous activity: ExecRobotTask;
16/04/20;14:11:19.347;INFO;Controller;Status = Executing: Unload;
16/04/20;14:11:19.347;INFO;Controller;State = Running;
16/04/20;14:11:20.190;INFO;Robot Runtime;executing:    Unload;
16/04/20;14:11:24.037;INFO;Controller;Activity ExecRobotTask ended. Return value: Done False/False/False;
16/04/20;14:11:24.037;INFO;Controller;State = Ready;
16/04/20;14:11:25.601;INFO;Server;Command: ExecRobotTask (Load,500000);
16/04/20;14:11:25.601;INFO;Controller;Executing asynchronous activity: ExecRobotTask;
16/04/20;14:11:25.601;INFO;Controller;Status = Executing: Load;
16/04/20;14:11:25.601;INFO;Controller;State = Running;
16/04/20;14:11:26.607;INFO;Robot Runtime;executing:    Load;
16/04/20;14:11:32.851;INFO;Controller;Activity ExecRobotTask ended. Return value: Done False/True/False;
16/04/20;14:11:32.851;INFO;Controller;State = Ready;
16/04/20;14:11:32.867;INFO;Server;Command: ExecRobotTask (Mount,500000);
16/04/20;14:11:32.867;INFO;Controller;Executing asynchronous activity: ExecRobotTask;
16/04/20;14:11:32.867;INFO;Controller;Status = Executing: Mount;
16/04/20;14:11:32.867;INFO;Controller;State = Running;
16/04/20;14:11:33.979;INFO;Robot Runtime;executing:    Mount;
16/04/20;14:11:38.104;INFO;Controller;Activity ExecRobotTask ended. Return value: Done True/False/False;
16/04/20;14:11:38.104;INFO;Controller;State = Ready;
16/04/20;14:11:38.120;INFO;Server;Command: ExecRobotTask (Park,500000);
16/04/20;14:11:38.120;INFO;Controller;Executing asynchronous activity: ExecRobotTask;
16/04/20;14:11:38.120;INFO;Controller;Status = Executing: Park;
16/04/20;14:11:38.120;INFO;Controller;State = Running;
16/04/20;14:11:39.027;INFO;Robot Runtime;executing:    Park;
16/04/20;14:11:41.170;INFO;Controller;Activity ExecRobotTask ended. Return value: Done;
16/04/20;14:11:41.170;INFO;Controller;State = Ready;
16/04/20;14:11:41.192;INFO;Server;Command: ExecRobotTask (UnlatchRobGov,500000);
16/04/20;14:11:41.192;INFO;Controller;Executing asynchronous activity: ExecRobotTask;
16/04/20;14:11:41.193;INFO;Controller;Status = Executing: UnlatchRobGov;
16/04/20;14:11:41.193;INFO;Controller;State = Running;
16/04/20;14:11:42.075;INFO;Robot Runtime;executing:    UnlatchRobGov;
16/04/20;14:11:42.217;INFO;Controller;Activity ExecRobotTask ended. Return value: Done;
16/04/20;14:11:42.217;INFO;Controller;State = Ready;
16/04/20;14:14:27.250;INFO;Server;Command: ExecRobotTask (Unmount,500000);
16/04/20;14:14:27.250;INFO;Controller;Executing asynchronous activity: ExecRobotTask;
16/04/20;14:14:27.250;INFO;Controller;Status = Executing: Unmount;
16/04/20;14:14:27.251;INFO;Controller;State = Running;
16/04/20;14:14:28.097;INFO;Robot Runtime;executing:    Unmount;
16/04/20;14:14:37.157;INFO;Controller;Activity ExecRobotTask ended. Return value: Done False/True/False;
16/04/20;14:14:37.157;INFO;Controller;State = Ready;
16/04/20;14:14:37.170;INFO;Server;Command: ExecRobotTask (Unload,500000);
16/04/20;14:14:37.170;INFO;Controller;Executing asynchronous activity: ExecRobotTask;
16/04/20;14:14:37.170;INFO;Controller;Status = Executing: Unload;
16/04/20;14:14:37.170;INFO;Controller;State = Running;
16/04/20;14:14:38.015;INFO;Robot Runtime;executing:    Unload;
16/04/20;14:14:41.867;INFO;Controller;Activity ExecRobotTask ended. Return value: Done False/False/False;
16/04/20;14:14:41.867;INFO;Controller;State = Ready;
16/04/20;14:14:43.478;INFO;Server;Command: ExecRobotTask (Load,500000);
16/04/20;14:14:43.478;INFO;Controller;Executing asynchronous activity: ExecRobotTask;
16/04/20;14:14:43.478;INFO;Controller;Status = Executing: Load;
16/04/20;14:14:43.478;INFO;Controller;State = Running;
16/04/20;14:14:44.463;INFO;Robot Runtime;executing:    Load;
16/04/20;14:14:50.702;INFO;Controller;Activity ExecRobotTask ended. Return value: Done False/True/False;
16/04/20;14:14:50.702;INFO;Controller;State = Ready;
16/04/20;14:14:50.726;INFO;Server;Command: ExecRobotTask (Mount,500000);
16/04/20;14:14:50.726;INFO;Controller;Executing asynchronous activity: ExecRobotTask;
16/04/20;14:14:50.726;INFO;Controller;Status = Executing: Mount;
16/04/20;14:14:50.726;INFO;Controller;State = Running;
16/04/20;14:14:51.834;INFO;Robot Runtime;executing:    Mount;
16/04/20;14:14:55.786;INFO;Controller;Activity ExecRobotTask ended. Return value: Done True/False/False;
16/04/20;14:14:55.786;INFO;Controller;State = Ready;
16/04/20;14:14:55.817;INFO;Server;Command: ExecRobotTask (Park,500000);
16/04/20;14:14:55.817;INFO;Controller;Executing asynchronous activity: ExecRobotTask;
16/04/20;14:14:55.817;INFO;Controller;Status = Executing: Park;
16/04/20;14:14:55.817;INFO;Controller;State = Running;
16/04/20;14:14:56.724;INFO;Robot Runtime;executing:    Park;
16/04/20;14:14:58.769;INFO;Controller;Activity ExecRobotTask ended. Return value: Done;
16/04/20;14:14:58.769;INFO;Controller;State = Ready;
16/04/20;14:14:58.789;INFO;Server;Command: ExecRobotTask (UnlatchRobGov,500000);
16/04/20;14:14:58.789;INFO;Controller;Executing asynchronous activity: ExecRobotTask;
16/04/20;14:14:58.789;INFO;Controller;Status = Executing: UnlatchRobGov;
16/04/20;14:14:58.789;INFO;Controller;State = Running;
16/04/20;14:14:59.678;INFO;Robot Runtime;executing:    UnlatchRobGov;
16/04/20;14:14:59.818;INFO;Controller;Activity ExecRobotTask ended. Return value: Done;
16/04/20;14:14:59.819;INFO;Controller;State = Ready;
16/04/20;14:17:14.886;INFO;Server;Command: ExecRobotTask (Unmount,500000);
16/04/20;14:17:14.887;INFO;Controller;Executing asynchronous activity: ExecRobotTask;
16/04/20;14:17:14.887;INFO;Controller;Status = Executing: Unmount;
16/04/20;14:17:14.887;INFO;Controller;State = Running;
16/04/20;14:17:15.732;INFO;Robot Runtime;executing:    Unmount;
16/04/20;14:17:24.971;INFO;Controller;Activity ExecRobotTask ended. Return value: Done False/True/False;
16/04/20;14:17:24.971;INFO;Controller;State = Ready;
16/04/20;14:17:24.997;INFO;Server;Command: ExecRobotTask (Unload,500000);
16/04/20;14:17:24.997;INFO;Controller;Executing asynchronous activity: ExecRobotTask;
16/04/20;14:17:24.997;INFO;Controller;Status = Executing: Unload;
16/04/20;14:17:24.997;INFO;Controller;State = Running;
16/04/20;14:17:25.841;INFO;Robot Runtime;executing:    Unload;
16/04/20;14:17:29.669;INFO;Controller;Activity ExecRobotTask ended. Return value: Done False/False/False;
16/04/20;14:17:29.669;INFO;Controller;State = Ready;
16/04/20;14:17:31.302;INFO;Server;Command: ExecRobotTask (Load,500000);
16/04/20;14:17:31.302;INFO;Controller;Executing asynchronous activity: ExecRobotTask;
16/04/20;14:17:31.303;INFO;Controller;Status = Executing: Load;
16/04/20;14:17:31.303;INFO;Controller;State = Running;
16/04/20;14:17:32.296;INFO;Robot Runtime;executing:    Load;
16/04/20;14:17:38.487;INFO;Controller;Activity ExecRobotTask ended. Return value: Done False/True/False;
16/04/20;14:17:38.487;INFO;Controller;State = Ready;
16/04/20;14:17:38.508;INFO;Server;Command: ExecRobotTask (Mount,500000);
16/04/20;14:17:38.508;INFO;Controller;Executing asynchronous activity: ExecRobotTask;
16/04/20;14:17:38.508;INFO;Controller;Status = Executing: Mount;
16/04/20;14:17:38.508;INFO;Controller;State = Running;
16/04/20;14:17:39.616;INFO;Robot Runtime;executing:    Mount;
16/04/20;14:17:43.559;INFO;Controller;Activity ExecRobotTask ended. Return value: Done True/False/False;
16/04/20;14:17:43.559;INFO;Controller;State = Ready;
16/04/20;14:17:43.589;INFO;Server;Command: ExecRobotTask (Park,500000);
16/04/20;14:17:43.590;INFO;Controller;Executing asynchronous activity: ExecRobotTask;
16/04/20;14:17:43.590;INFO;Controller;Status = Executing: Park;
16/04/20;14:17:43.590;INFO;Controller;State = Running;
16/04/20;14:17:44.510;INFO;Robot Runtime;executing:    Park;
16/04/20;14:17:46.538;INFO;Controller;Activity ExecRobotTask ended. Return value: Done;
16/04/20;14:17:46.538;INFO;Controller;State = Ready;
16/04/20;14:17:46.562;INFO;Server;Command: ExecRobotTask (UnlatchRobGov,500000);
16/04/20;14:17:46.563;INFO;Controller;Executing asynchronous activity: ExecRobotTask;
16/04/20;14:17:46.563;INFO;Controller;Status = Executing: UnlatchRobGov;
16/04/20;14:17:46.563;INFO;Controller;State = Running;
16/04/20;14:17:47.445;INFO;Robot Runtime;executing:    UnlatchRobGov;
16/04/20;14:17:47.587;INFO;Controller;Activity ExecRobotTask ended. Return value: Done;
16/04/20;14:17:47.587;INFO;Controller;State = Ready;
16/04/20;14:21:10.673;INFO;Server;Command: ExecRobotTask (Unmount,500000);
16/04/20;14:21:10.673;INFO;Controller;Executing asynchronous activity: ExecRobotTask;
16/04/20;14:21:10.673;INFO;Controller;Status = Executing: Unmount;
16/04/20;14:21:10.674;INFO;Controller;State = Running;
16/04/20;14:21:11.512;INFO;Robot Runtime;executing:    Unmount;
16/04/20;14:21:20.946;INFO;Controller;Activity ExecRobotTask ended. Return value: Done False/True/False;
16/04/20;14:21:20.946;INFO;Controller;State = Ready;
16/04/20;14:21:20.969;INFO;Server;Command: ExecRobotTask (Unload,500000);
16/04/20;14:21:20.969;INFO;Controller;Executing asynchronous activity: ExecRobotTask;
16/04/20;14:21:20.969;INFO;Controller;Status = Executing: Unload;
16/04/20;14:21:20.969;INFO;Controller;State = Running;
16/04/20;14:21:21.811;INFO;Robot Runtime;executing:    Unload;
16/04/20;14:21:25.646;INFO;Controller;Activity ExecRobotTask ended. Return value: Done False/False/False;
16/04/20;14:21:25.646;INFO;Controller;State = Ready;
16/04/20;14:21:27.297;INFO;Server;Command: ExecRobotTask (Load,500000);
16/04/20;14:21:27.297;INFO;Controller;Executing asynchronous activity: ExecRobotTask;
16/04/20;14:21:27.297;INFO;Controller;Status = Executing: Load;
16/04/20;14:21:27.297;INFO;Controller;State = Running;
16/04/20;14:21:28.282;INFO;Robot Runtime;executing:    Load;
16/04/20;14:21:34.466;INFO;Controller;Activity ExecRobotTask ended. Return value: Done False/True/False;
16/04/20;14:21:34.466;INFO;Controller;State = Ready;
16/04/20;14:21:34.486;INFO;Server;Command: ExecRobotTask (Mount,500000);
16/04/20;14:21:34.486;INFO;Controller;Executing asynchronous activity: ExecRobotTask;
16/04/20;14:21:34.486;INFO;Controller;Status = Executing: Mount;
16/04/20;14:21:34.486;INFO;Controller;State = Running;
16/04/20;14:21:35.593;INFO;Robot Runtime;executing:    Mount;
16/04/20;14:21:39.717;INFO;Controller;Activity ExecRobotTask ended. Return value: Done True/False/False;
16/04/20;14:21:39.717;INFO;Controller;State = Ready;
16/04/20;14:21:39.753;INFO;Server;Command: ExecRobotTask (Park,500000);
16/04/20;14:21:39.754;INFO;Controller;Executing asynchronous activity: ExecRobotTask;
16/04/20;14:21:39.754;INFO;Controller;Status = Executing: Park;
16/04/20;14:21:39.754;INFO;Controller;State = Running;
16/04/20;14:21:40.657;INFO;Robot Runtime;executing:    Park;
16/04/20;14:21:42.784;INFO;Controller;Activity ExecRobotTask ended. Return value: Done;
16/04/20;14:21:42.784;INFO;Controller;State = Ready;
16/04/20;14:21:42.812;INFO;Server;Command: ExecRobotTask (UnlatchRobGov,500000);
16/04/20;14:21:42.812;INFO;Controller;Executing asynchronous activity: ExecRobotTask;
16/04/20;14:21:42.812;INFO;Controller;Status = Executing: UnlatchRobGov;
16/04/20;14:21:42.812;INFO;Controller;State = Running;
16/04/20;14:21:43.694;INFO;Robot Runtime;executing:    UnlatchRobGov;
16/04/20;14:21:43.831;INFO;Controller;Activity ExecRobotTask ended. Return value: Done;
16/04/20;14:21:43.831;INFO;Controller;State = Ready;
16/04/20;14:22:02.765;INFO;Server;Command: ExecRobotTask (Unmount,500000);
16/04/20;14:22:02.765;INFO;Controller;Executing asynchronous activity: ExecRobotTask;
16/04/20;14:22:02.765;INFO;Controller;Status = Executing: Unmount;
16/04/20;14:22:02.765;INFO;Controller;State = Running;
16/04/20;14:22:03.615;INFO;Robot Runtime;executing:    Unmount;
16/04/20;14:22:12.903;INFO;Controller;Activity ExecRobotTask ended. Return value: Done False/True/False;
16/04/20;14:22:12.903;INFO;Controller;State = Ready;
16/04/20;14:22:12.928;INFO;Server;Command: ExecRobotTask (Unload,500000);
16/04/20;14:22:12.928;INFO;Controller;Executing asynchronous activity: ExecRobotTask;
16/04/20;14:22:12.928;INFO;Controller;Status = Executing: Unload;
16/04/20;14:22:12.928;INFO;Controller;State = Running;
16/04/20;14:22:13.767;INFO;Robot Runtime;executing:    Unload;
16/04/20;14:22:17.605;INFO;Controller;Activity ExecRobotTask ended. Return value: Done False/False/False;
16/04/20;14:22:17.605;INFO;Controller;State = Ready;
16/04/20;14:22:19.191;INFO;Server;Command: ExecRobotTask (Load,500000);
16/04/20;14:22:19.192;INFO;Controller;Executing asynchronous activity: ExecRobotTask;
16/04/20;14:22:19.192;INFO;Controller;Status = Executing: Load;
16/04/20;14:22:19.192;INFO;Controller;State = Running;
16/04/20;14:22:20.213;INFO;Robot Runtime;executing:    Load;
16/04/20;14:22:26.467;INFO;Controller;Activity ExecRobotTask ended. Return value: Done False/True/True;
16/04/20;14:22:26.467;INFO;Controller;State = Ready;
16/04/20;14:22:26.493;INFO;Server;Command: ExecRobotTask (Home,500000);
16/04/20;14:22:26.494;INFO;Controller;Executing asynchronous activity: ExecRobotTask;
16/04/20;14:22:26.494;INFO;Controller;Status = Executing: Home;
16/04/20;14:22:26.494;INFO;Controller;State = Running;
16/04/20;14:22:27.593;INFO;Robot Runtime;executing:    Home;
16/04/20;14:22:29.021;INFO;Controller;Activity ExecRobotTask ended. Return value: Done;
16/04/20;14:22:29.022;INFO;Controller;State = Ready;
16/04/20;14:22:29.048;INFO;Server;Command: ExecRobotTask (Unload,500000);
16/04/20;14:22:29.048;INFO;Controller;Executing asynchronous activity: ExecRobotTask;
16/04/20;14:22:29.048;INFO;Controller;Status = Executing: Unload;
16/04/20;14:22:29.048;INFO;Controller;State = Running;
16/04/20;14:22:29.955;INFO;Robot Runtime;executing:    Unload;
16/04/20;14:22:34.534;INFO;Controller;Activity ExecRobotTask ended. Return value: Done False/False/False;
16/04/20;14:22:34.534;INFO;Controller;State = Ready;
16/04/20;14:22:34.564;INFO;Server;Command: ExecRobotTask (Home,500000);
16/04/20;14:22:34.564;INFO;Controller;Executing asynchronous activity: ExecRobotTask;
16/04/20;14:22:34.564;INFO;Controller;Status = Executing: Home;
16/04/20;14:22:34.564;INFO;Controller;State = Running;
16/04/20;14:22:35.393;INFO;Robot Runtime;executing:    Home;
16/04/20;14:22:36.533;INFO;Controller;Activity ExecRobotTask ended. Return value: Done;
16/04/20;14:22:36.533;INFO;Controller;State = Ready;
16/04/20;14:22:36.557;INFO;Server;Command: ExecRobotTask (Park,500000);
16/04/20;14:22:36.557;INFO;Controller;Executing asynchronous activity: ExecRobotTask;
16/04/20;14:22:36.557;INFO;Controller;Status = Executing: Park;
16/04/20;14:22:36.557;INFO;Controller;State = Running;
16/04/20;14:22:37.386;INFO;Robot Runtime;executing:    Park;
16/04/20;14:22:40.645;INFO;Controller;Activity ExecRobotTask ended. Return value: Done;
16/04/20;14:22:40.645;INFO;Controller;State = Ready;
16/04/20;14:22:53.017;INFO;Server;Command: ExecRobotTask (Initialize,500000);
16/04/20;14:22:53.018;INFO;Controller;Executing asynchronous activity: ExecRobotTask;
16/04/20;14:22:53.018;INFO;Controller;Status = Executing: Initialize;
16/04/20;14:22:53.018;INFO;Controller;State = Running;
16/04/20;14:22:53.870;INFO;Robot Runtime;executing:    Initialize;
16/04/20;14:22:54.241;INFO;Controller;Activity ExecRobotTask ended. Return value: Done;
16/04/20;14:22:54.241;INFO;Controller;State = Ready;
16/04/20;14:22:54.465;INFO;Server;Command: ExecRobotTask (Load,500000);
16/04/20;14:22:54.465;INFO;Controller;Executing asynchronous activity: ExecRobotTask;
16/04/20;14:22:54.465;INFO;Controller;Status = Executing: Load;
16/04/20;14:22:54.465;INFO;Controller;State = Running;
16/04/20;14:22:55.462;INFO;Robot Runtime;executing:    Load;
16/04/20;14:23:04.693;INFO;Controller;Activity ExecRobotTask ended. Return value: Done False/True/False;
16/04/20;14:23:04.693;INFO;Controller;State = Ready;
16/04/20;14:23:04.722;INFO;Server;Command: ExecRobotTask (Mount,500000);
16/04/20;14:23:04.723;INFO;Controller;Executing asynchronous activity: ExecRobotTask;
16/04/20;14:23:04.723;INFO;Controller;Status = Executing: Mount;
16/04/20;14:23:04.723;INFO;Controller;State = Running;
16/04/20;14:23:05.836;INFO;Robot Runtime;executing:    Mount;
16/04/20;14:23:10.190;INFO;Controller;Activity ExecRobotTask ended. Return value: Done True/False/False;
16/04/20;14:23:10.190;INFO;Controller;State = Ready;
16/04/20;14:23:10.223;INFO;Server;Command: ExecRobotTask (Park,500000);
16/04/20;14:23:10.223;INFO;Controller;Executing asynchronous activity: ExecRobotTask;
16/04/20;14:23:10.223;INFO;Controller;Status = Executing: Park;
16/04/20;14:23:10.223;INFO;Controller;State = Running;
16/04/20;14:23:11.122;INFO;Robot Runtime;executing:    Park;
16/04/20;14:23:13.252;INFO;Controller;Activity ExecRobotTask ended. Return value: Done;
16/04/20;14:23:13.252;INFO;Controller;State = Ready;
16/04/20;14:23:13.283;INFO;Server;Command: ExecRobotTask (UnlatchRobGov,500000);
16/04/20;14:23:13.284;INFO;Controller;Executing asynchronous activity: ExecRobotTask;
16/04/20;14:23:13.284;INFO;Controller;Status = Executing: UnlatchRobGov;
16/04/20;14:23:13.284;INFO;Controller;State = Running;
16/04/20;14:23:14.171;INFO;Robot Runtime;executing:    UnlatchRobGov;
16/04/20;14:23:14.717;INFO;Controller;Activity ExecRobotTask ended. Return value: Done;
16/04/20;14:23:14.717;INFO;Controller;State = Ready;
16/04/20;14:26:08.347;INFO;Server;Command: ExecRobotTask (Unmount,500000);
16/04/20;14:26:08.347;INFO;Controller;Executing asynchronous activity: ExecRobotTask;
16/04/20;14:26:08.348;INFO;Controller;Status = Executing: Unmount;
16/04/20;14:26:08.348;INFO;Controller;State = Running;
16/04/20;14:26:09.239;INFO;Robot Runtime;executing:    Unmount;
16/04/20;14:26:18.459;INFO;Controller;Activity ExecRobotTask ended. Return value: Done False/True/False;
16/04/20;14:26:18.459;INFO;Controller;State = Ready;
16/04/20;14:26:18.486;INFO;Server;Command: ExecRobotTask (Unload,500000);
16/04/20;14:26:18.486;INFO;Controller;Executing asynchronous activity: ExecRobotTask;
16/04/20;14:26:18.486;INFO;Controller;Status = Executing: Unload;
16/04/20;14:26:18.486;INFO;Controller;State = Running;
16/04/20;14:26:19.325;INFO;Robot Runtime;executing:    Unload;
16/04/20;14:26:23.165;INFO;Controller;Activity ExecRobotTask ended. Return value: Done False/False/False;
16/04/20;14:26:23.165;INFO;Controller;State = Ready;
16/04/20;14:26:24.804;INFO;Server;Command: ExecRobotTask (Load,500000);
16/04/20;14:26:24.804;INFO;Controller;Executing asynchronous activity: ExecRobotTask;
16/04/20;14:26:24.804;INFO;Controller;Status = Executing: Load;
16/04/20;14:26:24.805;INFO;Controller;State = Running;
16/04/20;14:26:25.808;INFO;Robot Runtime;executing:    Load;
16/04/20;14:26:31.998;INFO;Controller;Activity ExecRobotTask ended. Return value: Done False/True/False;
16/04/20;14:26:31.999;INFO;Controller;State = Ready;
16/04/20;14:26:32.024;INFO;Server;Command: ExecRobotTask (Mount,500000);
16/04/20;14:26:32.024;INFO;Controller;Executing asynchronous activity: ExecRobotTask;
16/04/20;14:26:32.024;INFO;Controller;Status = Executing: Mount;
16/04/20;14:26:32.024;INFO;Controller;State = Running;
16/04/20;14:26:33.104;INFO;Robot Runtime;executing:    Mount;
16/04/20;14:26:37.076;INFO;Controller;Activity ExecRobotTask ended. Return value: Done True/False/False;
16/04/20;14:26:37.076;INFO;Controller;State = Ready;
16/04/20;14:26:37.113;INFO;Server;Command: ExecRobotTask (Park,500000);
16/04/20;14:26:37.114;INFO;Controller;Executing asynchronous activity: ExecRobotTask;
16/04/20;14:26:37.114;INFO;Controller;Status = Executing: Park;
16/04/20;14:26:37.114;INFO;Controller;State = Running;
16/04/20;14:26:38.029;INFO;Robot Runtime;executing:    Park;
16/04/20;14:26:40.051;INFO;Controller;Activity ExecRobotTask ended. Return value: Done;
16/04/20;14:26:40.051;INFO;Controller;State = Ready;
16/04/20;14:26:40.084;INFO;Server;Command: ExecRobotTask (UnlatchRobGov,500000);
16/04/20;14:26:40.084;INFO;Controller;Executing asynchronous activity: ExecRobotTask;
16/04/20;14:26:40.084;INFO;Controller;Status = Executing: UnlatchRobGov;
16/04/20;14:26:40.084;INFO;Controller;State = Running;
16/04/20;14:26:40.991;INFO;Robot Runtime;executing:    UnlatchRobGov;
16/04/20;14:26:41.528;INFO;Controller;Activity ExecRobotTask ended. Return value: Done;
16/04/20;14:26:41.528;INFO;Controller;State = Ready;
16/04/20;14:41:25.995;INFO;Server;Command: ExecRobotTask (Unmount,500000);
16/04/20;14:41:25.996;INFO;Controller;Executing asynchronous activity: ExecRobotTask;
16/04/20;14:41:25.996;INFO;Controller;Status = Executing: Unmount;
16/04/20;14:41:25.996;INFO;Controller;State = Running;
16/04/20;14:41:26.847;INFO;Robot Runtime;executing:    Unmount;
16/04/20;14:41:35.828;INFO;Controller;Activity ExecRobotTask ended. Return value: Done False/True/False;
16/04/20;14:41:35.828;INFO;Controller;State = Ready;
16/04/20;14:41:35.871;INFO;Server;Command: ExecRobotTask (Unload,500000);
16/04/20;14:41:35.871;INFO;Controller;Executing asynchronous activity: ExecRobotTask;
16/04/20;14:41:35.872;INFO;Controller;Status = Executing: Unload;
16/04/20;14:41:35.872;INFO;Controller;State = Running;
16/04/20;14:41:36.714;INFO;Robot Runtime;executing:    Unload;
16/04/20;14:41:40.706;INFO;Controller;Activity ExecRobotTask ended. Return value: Done False/False/False;
16/04/20;14:41:40.707;INFO;Controller;State = Ready;
16/04/20;14:41:42.305;INFO;Server;Command: ExecRobotTask (Load,500000);
16/04/20;14:41:42.305;INFO;Controller;Executing asynchronous activity: ExecRobotTask;
16/04/20;14:41:42.305;INFO;Controller;Status = Executing: Load;
16/04/20;14:41:42.305;INFO;Controller;State = Running;
16/04/20;14:41:43.289;INFO;Robot Runtime;executing:    Load;
16/04/20;14:41:49.525;INFO;Controller;Activity ExecRobotTask ended. Return value: Done False/True/False;
16/04/20;14:41:49.525;INFO;Controller;State = Ready;
16/04/20;14:41:49.553;INFO;Server;Command: ExecRobotTask (Mount,500000);
16/04/20;14:41:49.553;INFO;Controller;Executing asynchronous activity: ExecRobotTask;
16/04/20;14:41:49.553;INFO;Controller;Status = Executing: Mount;
16/04/20;14:41:49.553;INFO;Controller;State = Running;
16/04/20;14:41:50.667;INFO;Robot Runtime;executing:    Mount;
16/04/20;14:41:55.042;INFO;Controller;Activity ExecRobotTask ended. Return value: Done True/False/False;
16/04/20;14:41:55.043;INFO;Controller;State = Ready;
16/04/20;14:41:55.074;INFO;Server;Command: ExecRobotTask (Park,500000);
16/04/20;14:41:55.074;INFO;Controller;Executing asynchronous activity: ExecRobotTask;
16/04/20;14:41:55.074;INFO;Controller;Status = Executing: Park;
16/04/20;14:41:55.074;INFO;Controller;State = Running;
16/04/20;14:41:55.981;INFO;Robot Runtime;executing:    Park;
16/04/20;14:41:58.109;INFO;Controller;Activity ExecRobotTask ended. Return value: Done;
16/04/20;14:41:58.109;INFO;Controller;State = Ready;
16/04/20;14:41:58.138;INFO;Server;Command: ExecRobotTask (UnlatchRobGov,500000);
16/04/20;14:41:58.138;INFO;Controller;Executing asynchronous activity: ExecRobotTask;
16/04/20;14:41:58.139;INFO;Controller;Status = Executing: UnlatchRobGov;
16/04/20;14:41:58.139;INFO;Controller;State = Running;
16/04/20;14:41:59.016;INFO;Robot Runtime;executing:    UnlatchRobGov;
16/04/20;14:41:59.152;INFO;Controller;Activity ExecRobotTask ended. Return value: Done;
16/04/20;14:41:59.153;INFO;Controller;State = Ready;
16/04/20;14:46:09.110;INFO;Server;Command: ExecRobotTask (Unmount,500000);
16/04/20;14:46:09.110;INFO;Controller;Executing asynchronous activity: ExecRobotTask;
16/04/20;14:46:09.110;INFO;Controller;Status = Executing: Unmount;
16/04/20;14:46:09.110;INFO;Controller;State = Running;
16/04/20;14:46:09.957;INFO;Robot Runtime;executing:    Unmount;
16/04/20;14:46:19.200;INFO;Controller;Activity ExecRobotTask ended. Return value: Done False/True/False;
16/04/20;14:46:19.200;INFO;Controller;State = Ready;
16/04/20;14:46:19.232;INFO;Server;Command: ExecRobotTask (Unload,500000);
16/04/20;14:46:19.232;INFO;Controller;Executing asynchronous activity: ExecRobotTask;
16/04/20;14:46:19.232;INFO;Controller;Status = Executing: Unload;
16/04/20;14:46:19.232;INFO;Controller;State = Running;
16/04/20;14:46:20.077;INFO;Robot Runtime;executing:    Unload;
16/04/20;14:46:23.908;INFO;Controller;Activity ExecRobotTask ended. Return value: Done False/False/False;
16/04/20;14:46:23.908;INFO;Controller;State = Ready;
16/04/20;14:46:25.569;INFO;Server;Command: ExecRobotTask (Load,500000);
16/04/20;14:46:25.569;INFO;Controller;Executing asynchronous activity: ExecRobotTask;
16/04/20;14:46:25.569;INFO;Controller;Status = Executing: Load;
16/04/20;14:46:25.569;INFO;Controller;State = Running;
16/04/20;14:46:26.560;INFO;Robot Runtime;executing:    Load;
16/04/20;14:46:32.737;INFO;Controller;Activity ExecRobotTask ended. Return value: Done False/True/False;
16/04/20;14:46:32.737;INFO;Controller;State = Ready;
16/04/20;14:46:32.774;INFO;Server;Command: ExecRobotTask (Mount,500000);
16/04/20;14:46:32.774;INFO;Controller;Executing asynchronous activity: ExecRobotTask;
16/04/20;14:46:32.774;INFO;Controller;Status = Executing: Mount;
16/04/20;14:46:32.774;INFO;Controller;State = Running;
16/04/20;14:46:33.886;INFO;Robot Runtime;executing:    Mount;
16/04/20;14:46:37.824;INFO;Controller;Activity ExecRobotTask ended. Return value: Done True/False/False;
16/04/20;14:46:37.825;INFO;Controller;State = Ready;
16/04/20;14:46:37.866;INFO;Server;Command: ExecRobotTask (Park,500000);
16/04/20;14:46:37.866;INFO;Controller;Executing asynchronous activity: ExecRobotTask;
16/04/20;14:46:37.866;INFO;Controller;Status = Executing: Park;
16/04/20;14:46:37.866;INFO;Controller;State = Running;
16/04/20;14:46:38.772;INFO;Robot Runtime;executing:    Park;
16/04/20;14:46:40.815;INFO;Controller;Activity ExecRobotTask ended. Return value: Done;
16/04/20;14:46:40.815;INFO;Controller;State = Ready;
16/04/20;14:46:40.848;INFO;Server;Command: ExecRobotTask (UnlatchRobGov,500000);
16/04/20;14:46:40.848;INFO;Controller;Executing asynchronous activity: ExecRobotTask;
16/04/20;14:46:40.848;INFO;Controller;Status = Executing: UnlatchRobGov;
16/04/20;14:46:40.849;INFO;Controller;State = Running;
16/04/20;14:46:41.733;INFO;Robot Runtime;executing:    UnlatchRobGov;
16/04/20;14:46:42.282;INFO;Controller;Activity ExecRobotTask ended. Return value: Done;
16/04/20;14:46:42.282;INFO;Controller;State = Ready;
16/04/20;14:57:06.425;INFO;Server;Command: ExecRobotTask (Unmount,500000);
16/04/20;14:57:06.426;INFO;Controller;Executing asynchronous activity: ExecRobotTask;
16/04/20;14:57:06.426;INFO;Controller;Status = Executing: Unmount;
16/04/20;14:57:06.426;INFO;Controller;State = Running;
16/04/20;14:57:07.316;INFO;Robot Runtime;executing:    Unmount;
16/04/20;14:57:16.546;INFO;Controller;Activity ExecRobotTask ended. Return value: Done False/True/False;
16/04/20;14:57:16.546;INFO;Controller;State = Ready;
16/04/20;14:57:16.581;INFO;Server;Command: ExecRobotTask (Unload,500000);
16/04/20;14:57:16.581;INFO;Controller;Executing asynchronous activity: ExecRobotTask;
16/04/20;14:57:16.581;INFO;Controller;Status = Executing: Unload;
16/04/20;14:57:16.581;INFO;Controller;State = Running;
16/04/20;14:57:17.419;INFO;Robot Runtime;executing:    Unload;
16/04/20;14:57:21.242;INFO;Controller;Activity ExecRobotTask ended. Return value: Done False/False/False;
16/04/20;14:57:21.242;INFO;Controller;State = Ready;
16/04/20;14:57:22.874;INFO;Server;Command: ExecRobotTask (Load,500000);
16/04/20;14:57:22.874;INFO;Controller;Executing asynchronous activity: ExecRobotTask;
16/04/20;14:57:22.875;INFO;Controller;Status = Executing: Load;
16/04/20;14:57:22.875;INFO;Controller;State = Running;
16/04/20;14:57:23.887;INFO;Robot Runtime;executing:    Load;
16/04/20;14:57:30.053;INFO;Controller;Activity ExecRobotTask ended. Return value: Done False/True/False;
16/04/20;14:57:30.053;INFO;Controller;State = Ready;
16/04/20;14:57:30.088;INFO;Server;Command: ExecRobotTask (Mount,500000);
16/04/20;14:57:30.088;INFO;Controller;Executing asynchronous activity: ExecRobotTask;
16/04/20;14:57:30.088;INFO;Controller;Status = Executing: Mount;
16/04/20;14:57:30.088;INFO;Controller;State = Running;
16/04/20;14:57:31.173;INFO;Robot Runtime;executing:    Mount;
16/04/20;14:57:35.128;INFO;Controller;Activity ExecRobotTask ended. Return value: Done True/False/False;
16/04/20;14:57:35.128;INFO;Controller;State = Ready;
16/04/20;14:57:35.169;INFO;Server;Command: ExecRobotTask (Park,500000);
16/04/20;14:57:35.169;INFO;Controller;Executing asynchronous activity: ExecRobotTask;
16/04/20;14:57:35.169;INFO;Controller;Status = Executing: Park;
16/04/20;14:57:35.169;INFO;Controller;State = Running;
16/04/20;14:57:36.080;INFO;Robot Runtime;executing:    Park;
16/04/20;14:57:38.115;INFO;Controller;Activity ExecRobotTask ended. Return value: Done;
16/04/20;14:57:38.115;INFO;Controller;State = Ready;
16/04/20;14:57:38.146;INFO;Server;Command: ExecRobotTask (UnlatchRobGov,500000);
16/04/20;14:57:38.146;INFO;Controller;Executing asynchronous activity: ExecRobotTask;
16/04/20;14:57:38.146;INFO;Controller;Status = Executing: UnlatchRobGov;
16/04/20;14:57:38.146;INFO;Controller;State = Running;
16/04/20;14:57:39.056;INFO;Robot Runtime;executing:    UnlatchRobGov;
16/04/20;14:57:39.585;INFO;Controller;Activity ExecRobotTask ended. Return value: Done;
16/04/20;14:57:39.585;INFO;Controller;State = Ready;
16/04/20;15:06:20.457;INFO;Server;Command: ExecRobotTask (Unmount,500000);
16/04/20;15:06:20.457;INFO;Controller;Executing asynchronous activity: ExecRobotTask;
16/04/20;15:06:20.457;INFO;Controller;Status = Executing: Unmount;
16/04/20;15:06:20.457;INFO;Controller;State = Running;
16/04/20;15:06:21.306;INFO;Robot Runtime;executing:    Unmount;
16/04/20;15:06:30.112;INFO;Controller;Activity ExecRobotTask ended. Return value: Done False/True/False;
16/04/20;15:06:30.113;INFO;Controller;State = Ready;
16/04/20;15:06:30.146;INFO;Server;Command: ExecRobotTask (Unload,500000);
16/04/20;15:06:30.146;INFO;Controller;Executing asynchronous activity: ExecRobotTask;
16/04/20;15:06:30.146;INFO;Controller;Status = Executing: Unload;
16/04/20;15:06:30.146;INFO;Controller;State = Running;
16/04/20;15:06:30.986;INFO;Robot Runtime;executing:    Unload;
16/04/20;15:06:34.987;INFO;Controller;Activity ExecRobotTask ended. Return value: Done False/False/False;
16/04/20;15:06:34.987;INFO;Controller;State = Ready;
16/04/20;15:06:36.585;INFO;Server;Command: ExecRobotTask (Load,500000);
16/04/20;15:06:36.585;INFO;Controller;Executing asynchronous activity: ExecRobotTask;
16/04/20;15:06:36.585;INFO;Controller;Status = Executing: Load;
16/04/20;15:06:36.585;INFO;Controller;State = Running;
16/04/20;15:06:37.580;INFO;Robot Runtime;executing:    Load;
16/04/20;15:06:43.803;INFO;Controller;Activity ExecRobotTask ended. Return value: Done False/True/False;
16/04/20;15:06:43.804;INFO;Controller;State = Ready;
16/04/20;15:06:43.838;INFO;Server;Command: ExecRobotTask (Mount,500000);
16/04/20;15:06:43.838;INFO;Controller;Executing asynchronous activity: ExecRobotTask;
16/04/20;15:06:43.839;INFO;Controller;Status = Executing: Mount;
16/04/20;15:06:43.839;INFO;Controller;State = Running;
16/04/20;15:06:44.946;INFO;Robot Runtime;executing:    Mount;
16/04/20;15:06:49.053;INFO;Controller;Activity ExecRobotTask ended. Return value: Done True/False/False;
16/04/20;15:06:49.053;INFO;Controller;State = Ready;
16/04/20;15:06:49.091;INFO;Server;Command: ExecRobotTask (Park,500000);
16/04/20;15:06:49.092;INFO;Controller;Executing asynchronous activity: ExecRobotTask;
16/04/20;15:06:49.092;INFO;Controller;Status = Executing: Park;
16/04/20;15:06:49.092;INFO;Controller;State = Running;
16/04/20;15:06:50.004;INFO;Robot Runtime;executing:    Park;
16/04/20;15:06:52.130;INFO;Controller;Activity ExecRobotTask ended. Return value: Done;
16/04/20;15:06:52.130;INFO;Controller;State = Ready;
16/04/20;15:06:52.163;INFO;Server;Command: ExecRobotTask (UnlatchRobGov,500000);
16/04/20;15:06:52.163;INFO;Controller;Executing asynchronous activity: ExecRobotTask;
16/04/20;15:06:52.163;INFO;Controller;Status = Executing: UnlatchRobGov;
16/04/20;15:06:52.163;INFO;Controller;State = Running;
16/04/20;15:06:53.047;INFO;Robot Runtime;executing:    UnlatchRobGov;
16/04/20;15:06:53.182;INFO;Controller;Activity ExecRobotTask ended. Return value: Done;
16/04/20;15:06:53.182;INFO;Controller;State = Ready;
16/04/20;15:09:07.444;INFO;Server;Command: ExecRobotTask (Unmount,500000);
16/04/20;15:09:07.444;INFO;Controller;Executing asynchronous activity: ExecRobotTask;
16/04/20;15:09:07.444;INFO;Controller;Status = Executing: Unmount;
16/04/20;15:09:07.444;INFO;Controller;State = Running;
16/04/20;15:09:08.301;INFO;Robot Runtime;executing:    Unmount;
16/04/20;15:09:17.951;INFO;Controller;Activity ExecRobotTask ended. Return value: Done False/True/False;
16/04/20;15:09:17.951;INFO;Controller;State = Ready;
16/04/20;15:09:17.988;INFO;Server;Command: ExecRobotTask (Unload,500000);
16/04/20;15:09:17.989;INFO;Controller;Executing asynchronous activity: ExecRobotTask;
16/04/20;15:09:17.989;INFO;Controller;Status = Executing: Unload;
16/04/20;15:09:17.989;INFO;Controller;State = Running;
16/04/20;15:09:18.826;INFO;Robot Runtime;executing:    Unload;
16/04/20;15:09:22.491;INFO;Controller;Activity ExecRobotTask ended. Return value: Done False/False/False;
16/04/20;15:09:22.491;INFO;Controller;State = Ready;
16/04/20;15:09:24.182;INFO;Server;Command: ExecRobotTask (Load,500000);
16/04/20;15:09:24.182;INFO;Controller;Executing asynchronous activity: ExecRobotTask;
16/04/20;15:09:24.182;INFO;Controller;Status = Executing: Load;
16/04/20;15:09:24.182;INFO;Controller;State = Running;
16/04/20;15:09:25.171;INFO;Robot Runtime;executing:    Load;
16/04/20;15:09:31.048;INFO;Controller;Activity ExecRobotTask ended. Return value: Done False/True/False;
16/04/20;15:09:31.048;INFO;Controller;State = Ready;
16/04/20;15:09:31.083;INFO;Server;Command: ExecRobotTask (Mount,500000);
16/04/20;15:09:31.084;INFO;Controller;Executing asynchronous activity: ExecRobotTask;
16/04/20;15:09:31.084;INFO;Controller;Status = Executing: Mount;
16/04/20;15:09:31.084;INFO;Controller;State = Running;
16/04/20;15:09:32.180;INFO;Robot Runtime;executing:    Mount;
16/04/20;15:09:36.493;INFO;Controller;Activity ExecRobotTask ended. Return value: Done True/False/False;
16/04/20;15:09:36.493;INFO;Controller;State = Ready;
16/04/20;15:09:36.535;INFO;Server;Command: ExecRobotTask (Park,500000);
16/04/20;15:09:36.535;INFO;Controller;Executing asynchronous activity: ExecRobotTask;
16/04/20;15:09:36.536;INFO;Controller;Status = Executing: Park;
16/04/20;15:09:36.536;INFO;Controller;State = Running;
16/04/20;15:09:37.448;INFO;Robot Runtime;executing:    Park;
16/04/20;15:09:39.559;INFO;Controller;Activity ExecRobotTask ended. Return value: Done;
16/04/20;15:09:39.559;INFO;Controller;State = Ready;
16/04/20;15:09:39.594;INFO;Server;Command: ExecRobotTask (UnlatchRobGov,500000);
16/04/20;15:09:39.595;INFO;Controller;Executing asynchronous activity: ExecRobotTask;
16/04/20;15:09:39.595;INFO;Controller;Status = Executing: UnlatchRobGov;
16/04/20;15:09:39.595;INFO;Controller;State = Running;
16/04/20;15:09:40.476;INFO;Robot Runtime;executing:    UnlatchRobGov;
16/04/20;15:09:41.023;INFO;Controller;Activity ExecRobotTask ended. Return value: Done;
16/04/20;15:09:41.023;INFO;Controller;State = Ready;
16/04/20;15:11:00.253;INFO;Server;Command: ExecRobotTask (Unmount,500000);
16/04/20;15:11:00.254;INFO;Controller;Executing asynchronous activity: ExecRobotTask;
16/04/20;15:11:00.254;INFO;Controller;Status = Executing: Unmount;
16/04/20;15:11:00.254;INFO;Controller;State = Running;
16/04/20;15:11:01.107;INFO;Robot Runtime;executing:    Unmount;
16/04/20;15:11:10.339;INFO;Controller;Activity ExecRobotTask ended. Return value: Done False/True/False;
16/04/20;15:11:10.340;INFO;Controller;State = Ready;
16/04/20;15:11:10.375;INFO;Server;Command: ExecRobotTask (Unload,500000);
16/04/20;15:11:10.375;INFO;Controller;Executing asynchronous activity: ExecRobotTask;
16/04/20;15:11:10.375;INFO;Controller;Status = Executing: Unload;
16/04/20;15:11:10.375;INFO;Controller;State = Running;
16/04/20;15:11:11.217;INFO;Robot Runtime;executing:    Unload;
16/04/20;15:11:15.056;INFO;Controller;Activity ExecRobotTask ended. Return value: Done False/False/False;
16/04/20;15:11:15.057;INFO;Controller;State = Ready;
16/04/20;15:11:16.661;INFO;Server;Command: ExecRobotTask (Load,500000);
16/04/20;15:11:16.661;INFO;Controller;Executing asynchronous activity: ExecRobotTask;
16/04/20;15:11:16.662;INFO;Controller;Status = Executing: Load;
16/04/20;15:11:16.662;INFO;Controller;State = Running;
16/04/20;15:11:17.673;INFO;Robot Runtime;executing:    Load;
16/04/20;15:11:23.882;INFO;Controller;Activity ExecRobotTask ended. Return value: Done False/True/False;
16/04/20;15:11:23.882;INFO;Controller;State = Ready;
16/04/20;15:11:23.925;INFO;Server;Command: ExecRobotTask (Mount,500000);
16/04/20;15:11:23.925;INFO;Controller;Executing asynchronous activity: ExecRobotTask;
16/04/20;15:11:23.925;INFO;Controller;Status = Executing: Mount;
16/04/20;15:11:23.925;INFO;Controller;State = Running;
16/04/20;15:11:25.034;INFO;Robot Runtime;executing:    Mount;
16/04/20;15:11:28.971;INFO;Controller;Activity ExecRobotTask ended. Return value: Done True/False/False;
16/04/20;15:11:28.971;INFO;Controller;State = Ready;
16/04/20;15:11:29.014;INFO;Server;Command: ExecRobotTask (Park,500000);
16/04/20;15:11:29.014;INFO;Controller;Executing asynchronous activity: ExecRobotTask;
16/04/20;15:11:29.014;INFO;Controller;Status = Executing: Park;
16/04/20;15:11:29.014;INFO;Controller;State = Running;
16/04/20;15:11:29.920;INFO;Robot Runtime;executing:    Park;
16/04/20;15:11:31.947;INFO;Controller;Activity ExecRobotTask ended. Return value: Done;
16/04/20;15:11:31.947;INFO;Controller;State = Ready;
16/04/20;15:11:31.990;INFO;Server;Command: ExecRobotTask (UnlatchRobGov,500000);
16/04/20;15:11:31.990;INFO;Controller;Executing asynchronous activity: ExecRobotTask;
16/04/20;15:11:31.990;INFO;Controller;Status = Executing: UnlatchRobGov;
16/04/20;15:11:31.990;INFO;Controller;State = Running;
16/04/20;15:11:32.871;INFO;Robot Runtime;executing:    UnlatchRobGov;
16/04/20;15:11:33.408;INFO;Controller;Activity ExecRobotTask ended. Return value: Done;
16/04/20;15:11:33.408;INFO;Controller;State = Ready;
16/04/20;15:13:50.096;INFO;Server;Command: ExecRobotTask (Unmount,500000);
16/04/20;15:13:50.096;INFO;Controller;Executing asynchronous activity: ExecRobotTask;
16/04/20;15:13:50.096;INFO;Controller;Status = Executing: Unmount;
16/04/20;15:13:50.097;INFO;Controller;State = Running;
16/04/20;15:13:50.944;INFO;Robot Runtime;executing:    Unmount;
16/04/20;15:14:00.139;INFO;Controller;Activity ExecRobotTask ended. Return value: Done False/True/False;
16/04/20;15:14:00.139;INFO;Controller;State = Ready;
16/04/20;15:14:00.176;INFO;Server;Command: ExecRobotTask (Unload,500000);
16/04/20;15:14:00.177;INFO;Controller;Executing asynchronous activity: ExecRobotTask;
16/04/20;15:14:00.177;INFO;Controller;Status = Executing: Unload;
16/04/20;15:14:00.177;INFO;Controller;State = Running;
16/04/20;15:14:01.017;INFO;Robot Runtime;executing:    Unload;
16/04/20;15:14:04.849;INFO;Controller;Activity ExecRobotTask ended. Return value: Done False/False/False;
16/04/20;15:14:04.849;INFO;Controller;State = Ready;
16/04/20;15:14:06.459;INFO;Server;Command: ExecRobotTask (Load,500000);
16/04/20;15:14:06.460;INFO;Controller;Executing asynchronous activity: ExecRobotTask;
16/04/20;15:14:06.460;INFO;Controller;Status = Executing: Load;
16/04/20;15:14:06.460;INFO;Controller;State = Running;
16/04/20;15:14:07.472;INFO;Robot Runtime;executing:    Load;
16/04/20;15:14:13.693;INFO;Controller;Activity ExecRobotTask ended. Return value: Done False/True/False;
16/04/20;15:14:13.693;INFO;Controller;State = Ready;
16/04/20;15:14:13.738;INFO;Server;Command: ExecRobotTask (Mount,500000);
16/04/20;15:14:13.738;INFO;Controller;Executing asynchronous activity: ExecRobotTask;
16/04/20;15:14:13.738;INFO;Controller;Status = Executing: Mount;
16/04/20;15:14:13.739;INFO;Controller;State = Running;
16/04/20;15:14:14.848;INFO;Robot Runtime;executing:    Mount;
16/04/20;15:14:18.779;INFO;Controller;Activity ExecRobotTask ended. Return value: Done True/False/False;
16/04/20;15:14:18.779;INFO;Controller;State = Ready;
16/04/20;15:14:18.830;INFO;Server;Command: ExecRobotTask (Park,500000);
16/04/20;15:14:18.830;INFO;Controller;Executing asynchronous activity: ExecRobotTask;
16/04/20;15:14:18.831;INFO;Controller;Status = Executing: Park;
16/04/20;15:14:18.831;INFO;Controller;State = Running;
16/04/20;15:14:19.734;INFO;Robot Runtime;executing:    Park;
16/04/20;15:14:21.762;INFO;Controller;Activity ExecRobotTask ended. Return value: Done;
16/04/20;15:14:21.762;INFO;Controller;State = Ready;
16/04/20;15:14:21.807;INFO;Server;Command: ExecRobotTask (UnlatchRobGov,500000);
16/04/20;15:14:21.807;INFO;Controller;Executing asynchronous activity: ExecRobotTask;
16/04/20;15:14:21.808;INFO;Controller;Status = Executing: UnlatchRobGov;
16/04/20;15:14:21.808;INFO;Controller;State = Running;
16/04/20;15:14:22.690;INFO;Robot Runtime;executing:    UnlatchRobGov;
16/04/20;15:14:23.230;INFO;Controller;Activity ExecRobotTask ended. Return value: Done;
16/04/20;15:14:23.231;INFO;Controller;State = Ready;
16/04/20;15:17:03.168;INFO;Server;Command: ExecRobotTask (Unmount,500000);
16/04/20;15:17:03.168;INFO;Controller;Executing asynchronous activity: ExecRobotTask;
16/04/20;15:17:03.168;INFO;Controller;Status = Executing: Unmount;
16/04/20;15:17:03.168;INFO;Controller;State = Running;
16/04/20;15:17:04.015;INFO;Robot Runtime;executing:    Unmount;
16/04/20;15:17:13.315;INFO;Controller;Activity ExecRobotTask ended. Return value: Done False/True/False;
16/04/20;15:17:13.315;INFO;Controller;State = Ready;
16/04/20;15:17:13.354;INFO;Server;Command: ExecRobotTask (Unload,500000);
16/04/20;15:17:13.355;INFO;Controller;Executing asynchronous activity: ExecRobotTask;
16/04/20;15:17:13.355;INFO;Controller;Status = Executing: Unload;
16/04/20;15:17:13.355;INFO;Controller;State = Running;
16/04/20;15:17:14.194;INFO;Robot Runtime;executing:    Unload;
16/04/20;15:17:18.011;INFO;Controller;Activity ExecRobotTask ended. Return value: Done False/False/False;
16/04/20;15:17:18.011;INFO;Controller;State = Ready;
16/04/20;15:17:19.604;INFO;Server;Command: ExecRobotTask (Load,500000);
16/04/20;15:17:19.604;INFO;Controller;Executing asynchronous activity: ExecRobotTask;
16/04/20;15:17:19.605;INFO;Controller;Status = Executing: Load;
16/04/20;15:17:19.605;INFO;Controller;State = Running;
16/04/20;15:17:20.600;INFO;Robot Runtime;executing:    Load;
16/04/20;15:17:26.833;INFO;Controller;Activity ExecRobotTask ended. Return value: Done False/True/False;
16/04/20;15:17:26.833;INFO;Controller;State = Ready;
16/04/20;15:17:26.877;INFO;Server;Command: ExecRobotTask (Mount,500000);
16/04/20;15:17:26.877;INFO;Controller;Executing asynchronous activity: ExecRobotTask;
16/04/20;15:17:26.877;INFO;Controller;Status = Executing: Mount;
16/04/20;15:17:26.877;INFO;Controller;State = Running;
16/04/20;15:17:27.979;INFO;Robot Runtime;executing:    Mount;
16/04/20;15:17:32.096;INFO;Controller;Activity ExecRobotTask ended. Return value: Done True/False/False;
16/04/20;15:17:32.096;INFO;Controller;State = Ready;
16/04/20;15:17:32.137;INFO;Server;Command: ExecRobotTask (Park,500000);
16/04/20;15:17:32.138;INFO;Controller;Executing asynchronous activity: ExecRobotTask;
16/04/20;15:17:32.138;INFO;Controller;Status = Executing: Park;
16/04/20;15:17:32.138;INFO;Controller;State = Running;
16/04/20;15:17:33.048;INFO;Robot Runtime;executing:    Park;
16/04/20;15:17:35.173;INFO;Controller;Activity ExecRobotTask ended. Return value: Done;
16/04/20;15:17:35.173;INFO;Controller;State = Ready;
16/04/20;15:17:35.214;INFO;Server;Command: ExecRobotTask (UnlatchRobGov,500000);
16/04/20;15:17:35.214;INFO;Controller;Executing asynchronous activity: ExecRobotTask;
16/04/20;15:17:35.214;INFO;Controller;Status = Executing: UnlatchRobGov;
16/04/20;15:17:35.214;INFO;Controller;State = Running;
16/04/20;15:17:36.096;INFO;Robot Runtime;executing:    UnlatchRobGov;
16/04/20;15:17:36.639;INFO;Controller;Activity ExecRobotTask ended. Return value: Done;
16/04/20;15:17:36.640;INFO;Controller;State = Ready;
16/04/20;15:20:00.911;INFO;Server;Command: ExecRobotTask (Unmount,500000);
16/04/20;15:20:00.911;INFO;Controller;Executing asynchronous activity: ExecRobotTask;
16/04/20;15:20:00.911;INFO;Controller;Status = Executing: Unmount;
16/04/20;15:20:00.911;INFO;Controller;State = Running;
16/04/20;15:20:01.783;INFO;Robot Runtime;executing:    Unmount;
16/04/20;15:20:11.056;INFO;Controller;Activity ExecRobotTask ended. Return value: Done False/True/False;
16/04/20;15:20:11.056;INFO;Controller;State = Ready;
16/04/20;15:20:11.104;INFO;Server;Command: ExecRobotTask (Unload,500000);
16/04/20;15:20:11.104;INFO;Controller;Executing asynchronous activity: ExecRobotTask;
16/04/20;15:20:11.105;INFO;Controller;Status = Executing: Unload;
16/04/20;15:20:11.105;INFO;Controller;State = Running;
16/04/20;15:20:11.939;INFO;Robot Runtime;executing:    Unload;
16/04/20;15:20:15.766;INFO;Controller;Activity ExecRobotTask ended. Return value: Done False/False/False;
16/04/20;15:20:15.766;INFO;Controller;State = Ready;
16/04/20;15:20:17.453;INFO;Server;Command: ExecRobotTask (Load,500000);
16/04/20;15:20:17.453;INFO;Controller;Executing asynchronous activity: ExecRobotTask;
16/04/20;15:20:17.453;INFO;Controller;Status = Executing: Load;
16/04/20;15:20:17.453;INFO;Controller;State = Running;
16/04/20;15:20:18.447;INFO;Robot Runtime;executing:    Load;
16/04/20;15:20:24.589;INFO;Controller;Activity ExecRobotTask ended. Return value: Done False/True/False;
16/04/20;15:20:24.589;INFO;Controller;State = Ready;
16/04/20;15:20:24.635;INFO;Server;Command: ExecRobotTask (Mount,500000);
16/04/20;15:20:24.635;INFO;Controller;Executing asynchronous activity: ExecRobotTask;
16/04/20;15:20:24.635;INFO;Controller;Status = Executing: Mount;
16/04/20;15:20:24.635;INFO;Controller;State = Running;
16/04/20;15:20:25.748;INFO;Robot Runtime;executing:    Mount;
16/04/20;15:20:29.839;INFO;Controller;Activity ExecRobotTask ended. Return value: Done True/False/False;
16/04/20;15:20:29.839;INFO;Controller;State = Ready;
16/04/20;15:20:29.896;INFO;Server;Command: ExecRobotTask (Park,500000);
16/04/20;15:20:29.896;INFO;Controller;Executing asynchronous activity: ExecRobotTask;
16/04/20;15:20:29.896;INFO;Controller;Status = Executing: Park;
16/04/20;15:20:29.896;INFO;Controller;State = Running;
16/04/20;15:20:30.804;INFO;Robot Runtime;executing:    Park;
16/04/20;15:20:32.915;INFO;Controller;Activity ExecRobotTask ended. Return value: Done;
16/04/20;15:20:32.915;INFO;Controller;State = Ready;
16/04/20;15:20:32.963;INFO;Server;Command: ExecRobotTask (UnlatchRobGov,500000);
16/04/20;15:20:32.963;INFO;Controller;Executing asynchronous activity: ExecRobotTask;
16/04/20;15:20:32.963;INFO;Controller;Status = Executing: UnlatchRobGov;
16/04/20;15:20:32.963;INFO;Controller;State = Running;
16/04/20;15:20:33.843;INFO;Robot Runtime;executing:    UnlatchRobGov;
16/04/20;15:20:34.375;INFO;Controller;Activity ExecRobotTask ended. Return value: Done;
16/04/20;15:20:34.375;INFO;Controller;State = Ready;
16/04/20;15:22:52.785;INFO;Server;Command: ExecRobotTask (Unmount,500000);
16/04/20;15:22:52.785;INFO;Controller;Executing asynchronous activity: ExecRobotTask;
16/04/20;15:22:52.785;INFO;Controller;Status = Executing: Unmount;
16/04/20;15:22:52.785;INFO;Controller;State = Running;
16/04/20;15:22:53.631;INFO;Robot Runtime;executing:    Unmount;
16/04/20;15:23:03.156;INFO;Controller;Activity ExecRobotTask ended. Return value: Done False/True/False;
16/04/20;15:23:03.156;INFO;Controller;State = Ready;
16/04/20;15:23:03.197;INFO;Server;Command: ExecRobotTask (Unload,500000);
16/04/20;15:23:03.198;INFO;Controller;Executing asynchronous activity: ExecRobotTask;
16/04/20;15:23:03.198;INFO;Controller;Status = Executing: Unload;
16/04/20;15:23:03.198;INFO;Controller;State = Running;
16/04/20;15:23:04.039;INFO;Robot Runtime;executing:    Unload;
16/04/20;15:23:07.702;INFO;Controller;Activity ExecRobotTask ended. Return value: Done False/False/False;
16/04/20;15:23:07.702;INFO;Controller;State = Ready;
16/04/20;15:23:09.324;INFO;Server;Command: ExecRobotTask (Load,500000);
16/04/20;15:23:09.324;INFO;Controller;Executing asynchronous activity: ExecRobotTask;
16/04/20;15:23:09.324;INFO;Controller;Status = Executing: Load;
16/04/20;15:23:09.324;INFO;Controller;State = Running;
16/04/20;15:23:10.326;INFO;Robot Runtime;executing:    Load;
16/04/20;15:23:16.421;INFO;Controller;Activity ExecRobotTask ended. Return value: Done False/True/False;
16/04/20;15:23:16.421;INFO;Controller;State = Ready;
16/04/20;15:23:16.472;INFO;Server;Command: ExecRobotTask (Mount,500000);
16/04/20;15:23:16.473;INFO;Controller;Executing asynchronous activity: ExecRobotTask;
16/04/20;15:23:16.473;INFO;Controller;Status = Executing: Mount;
16/04/20;15:23:16.473;INFO;Controller;State = Running;
16/04/20;15:23:17.572;INFO;Robot Runtime;executing:    Mount;
16/04/20;15:23:21.481;INFO;Controller;Activity ExecRobotTask ended. Return value: Done True/False/False;
16/04/20;15:23:21.481;INFO;Controller;State = Ready;
16/04/20;15:23:21.527;INFO;Server;Command: ExecRobotTask (Park,500000);
16/04/20;15:23:21.528;INFO;Controller;Executing asynchronous activity: ExecRobotTask;
16/04/20;15:23:21.528;INFO;Controller;Status = Executing: Park;
16/04/20;15:23:21.528;INFO;Controller;State = Running;
16/04/20;15:23:22.439;INFO;Robot Runtime;executing:    Park;
16/04/20;15:23:24.470;INFO;Controller;Activity ExecRobotTask ended. Return value: Done;
16/04/20;15:23:24.470;INFO;Controller;State = Ready;
16/04/20;15:23:24.518;INFO;Server;Command: ExecRobotTask (UnlatchRobGov,500000);
16/04/20;15:23:24.518;INFO;Controller;Executing asynchronous activity: ExecRobotTask;
16/04/20;15:23:24.518;INFO;Controller;Status = Executing: UnlatchRobGov;
16/04/20;15:23:24.518;INFO;Controller;State = Running;
16/04/20;15:23:25.407;INFO;Robot Runtime;executing:    UnlatchRobGov;
16/04/20;15:23:25.941;INFO;Controller;Activity ExecRobotTask ended. Return value: Done;
16/04/20;15:23:25.942;INFO;Controller;State = Ready;
16/04/20;15:26:02.297;INFO;Server;Command: ExecRobotTask (Unmount,500000);
16/04/20;15:26:02.297;INFO;Controller;Executing asynchronous activity: ExecRobotTask;
16/04/20;15:26:02.297;INFO;Controller;Status = Executing: Unmount;
16/04/20;15:26:02.297;INFO;Controller;State = Running;
16/04/20;15:26:03.169;INFO;Robot Runtime;executing:    Unmount;
16/04/20;15:26:12.121;INFO;Controller;Activity ExecRobotTask ended. Return value: Done False/True/False;
16/04/20;15:26:12.122;INFO;Controller;State = Ready;
16/04/20;15:26:12.171;INFO;Server;Command: ExecRobotTask (Unload,500000);
16/04/20;15:26:12.172;INFO;Controller;Executing asynchronous activity: ExecRobotTask;
16/04/20;15:26:12.172;INFO;Controller;Status = Executing: Unload;
16/04/20;15:26:12.172;INFO;Controller;State = Running;
16/04/20;15:26:13.030;INFO;Robot Runtime;executing:    Unload;
16/04/20;15:26:16.659;INFO;Controller;Activity ExecRobotTask ended. Return value: Done False/False/False;
16/04/20;15:26:16.659;INFO;Controller;State = Ready;
16/04/20;15:26:16.823;INFO;Server;Command: ExecRobotTask (UnlatchRobGov,500000);
16/04/20;15:26:16.823;INFO;Controller;Executing asynchronous activity: ExecRobotTask;
16/04/20;15:26:16.823;INFO;Controller;Status = Executing: UnlatchRobGov;
16/04/20;15:26:16.823;INFO;Controller;State = Running;
16/04/20;15:26:17.653;INFO;Robot Runtime;executing:    UnlatchRobGov;
16/04/20;15:26:17.867;INFO;Controller;Activity ExecRobotTask ended. Return value: Done;
16/04/20;15:26:17.867;INFO;Controller;State = Ready;
16/04/20;15:26:17.915;INFO;Server;Command: ExecRobotTask (Home,500000);
16/04/20;15:26:17.915;INFO;Controller;Executing asynchronous activity: ExecRobotTask;
16/04/20;15:26:17.915;INFO;Controller;Status = Executing: Home;
16/04/20;15:26:17.915;INFO;Controller;State = Running;
16/04/20;15:26:18.759;INFO;Robot Runtime;executing:    Home;
16/04/20;15:26:19.604;INFO;Controller;Activity ExecRobotTask ended. Return value: Done;
16/04/20;15:26:19.604;INFO;Controller;State = Ready;
16/04/20;15:26:19.651;INFO;Server;Command: ExecRobotTask (Finish,500000);
16/04/20;15:26:19.651;INFO;Controller;Executing asynchronous activity: ExecRobotTask;
16/04/20;15:26:19.651;INFO;Controller;Status = Executing: Finish;
16/04/20;15:26:19.651;INFO;Controller;State = Running;
16/04/20;15:26:20.639;INFO;Robot Runtime;executing:    Finish;
16/04/20;15:28:28.800;INFO;Controller;Activity ExecRobotTask ended. Return value: Done;
16/04/20;15:28:28.801;INFO;Controller;State = Ready;
