06/10/20;13:32:34.900;WARNING;Robot Runtime;update thread is down, Error Code: 125;
06/10/20;13:32:39.554;WARNING;Robot;Alarm active: Device is offline;
06/10/20;13:32:39.555;INFO;Controller;State = Communication Error;
06/10/20;13:38:32.685;INFO;Robot;Alarm inactive: Device is offline;
06/10/20;13:38:32.685;WARNING;Controller;Communication resumed, trying updating devices;
06/10/20;13:38:32.686;INFO;Controller;Finished device updating;
06/10/20;13:38:32.686;INFO;Controller;State = Ready;
06/10/20;14:18:35.769;INFO;Server;Command: ExecRobotTask (Initialize,500000);
06/10/20;14:18:35.769;INFO;Controller;Executing asynchronous activity: ExecRobotTask;
06/10/20;14:18:35.769;INFO;Controller;Status = Executing: Initialize;
06/10/20;14:18:35.769;INFO;Controller;State = Running;
06/10/20;14:18:36.910;INFO;Robot Runtime;executing:    Initialize;
06/10/20;14:18:38.146;INFO;Controller;Activity ExecRobotTask ended. Return value: Done;
06/10/20;14:18:38.146;INFO;Controller;State = Ready;
06/10/20;14:18:38.168;INFO;Server;Command: ExecRobotTask (TraceSample,500000);
06/10/20;14:18:38.168;INFO;Controller;Executing asynchronous activity: ExecRobotTask;
06/10/20;14:18:38.168;INFO;Controller;Status = Executing: TraceSample;
06/10/20;14:18:38.168;INFO;Controller;State = Running;
06/10/20;14:18:39.115;INFO;Robot Runtime;executing:    TraceSample;
06/10/20;14:18:45.505;INFO;Controller;Activity ExecRobotTask ended. Return value: Done True/False/False;
06/10/20;14:18:45.506;INFO;Controller;State = Ready;
06/10/20;14:19:00.394;INFO;Server;Command: ExecRobotTask (Initialize,500000);
06/10/20;14:19:00.394;INFO;Controller;Executing asynchronous activity: ExecRobotTask;
06/10/20;14:19:00.394;INFO;Controller;Status = Executing: Initialize;
06/10/20;14:19:00.394;INFO;Controller;State = Running;
06/10/20;14:19:01.243;INFO;Robot Runtime;executing:    Initialize;
06/10/20;14:19:01.747;INFO;Controller;Activity ExecRobotTask ended. Return value: Done;
06/10/20;14:19:01.747;INFO;Controller;State = Ready;
06/10/20;14:19:01.755;INFO;Server;Command: ExecRobotTask (TraceSample,500000);
06/10/20;14:19:01.755;INFO;Controller;Executing asynchronous activity: ExecRobotTask;
06/10/20;14:19:01.755;INFO;Controller;Status = Executing: TraceSample;
06/10/20;14:19:01.756;INFO;Controller;State = Running;
06/10/20;14:19:02.598;INFO;Robot Runtime;executing:    TraceSample;
06/10/20;14:19:03.199;INFO;Controller;Activity ExecRobotTask ended. Return value: Done False/False/False;
06/10/20;14:19:03.199;INFO;Controller;State = Ready;
06/10/20;14:19:03.207;INFO;Server;Command: ExecRobotTask (LoadSpecial,500000);
06/10/20;14:19:03.208;INFO;Controller;Executing asynchronous activity: ExecRobotTask;
06/10/20;14:19:03.208;INFO;Controller;Status = Executing: LoadSpecial;
06/10/20;14:19:03.208;INFO;Controller;State = Running;
06/10/20;14:19:04.141;INFO;Robot Runtime;executing:    LoadSpecial;
06/10/20;14:19:30.260;INFO;Controller;Activity ExecRobotTask ended. Return value: Done False/True/False;
06/10/20;14:19:30.260;INFO;Controller;State = Ready;
06/10/20;14:19:30.272;INFO;Server;Command: ExecRobotTask (MountSpecial,500000);
06/10/20;14:19:30.272;INFO;Controller;Executing asynchronous activity: ExecRobotTask;
06/10/20;14:19:30.272;INFO;Controller;Status = Executing: MountSpecial;
06/10/20;14:19:30.272;INFO;Controller;State = Running;
06/10/20;14:19:31.149;INFO;Robot Runtime;executing:    MountSpecial;
06/10/20;14:19:49.515;INFO;Controller;Activity ExecRobotTask ended. Return value: Done True/False/False;
06/10/20;14:19:49.515;INFO;Controller;State = Ready;
06/10/20;14:19:49.524;INFO;Server;Command: ExecRobotTask (UnlatchRobGov,500000);
06/10/20;14:19:49.525;INFO;Controller;Executing asynchronous activity: ExecRobotTask;
06/10/20;14:19:49.525;INFO;Controller;Status = Executing: UnlatchRobGov;
06/10/20;14:19:49.525;INFO;Controller;State = Running;
06/10/20;14:19:50.693;INFO;Robot Runtime;executing:    UnlatchRobGov;
06/10/20;14:19:50.845;INFO;Controller;Activity ExecRobotTask ended. Return value: Done;
06/10/20;14:19:50.845;INFO;Controller;State = Ready;
06/10/20;14:20:32.078;INFO;Server;Command: ExecRobotTask (Initialize,500000);
06/10/20;14:20:32.078;INFO;Controller;Executing asynchronous activity: ExecRobotTask;
06/10/20;14:20:32.078;INFO;Controller;Status = Executing: Initialize;
06/10/20;14:20:32.078;INFO;Controller;State = Running;
06/10/20;14:20:33.029;INFO;Robot Runtime;executing:    Initialize;
06/10/20;14:20:33.506;INFO;Controller;Activity ExecRobotTask ended. Return value: Done;
06/10/20;14:20:33.506;INFO;Controller;State = Ready;
06/10/20;14:20:33.522;INFO;Server;Command: ExecRobotTask (UnmountSpecial,500000);
06/10/20;14:20:33.522;INFO;Controller;Executing asynchronous activity: ExecRobotTask;
06/10/20;14:20:33.522;INFO;Controller;Status = Executing: UnmountSpecial;
06/10/20;14:20:33.522;INFO;Controller;State = Running;
06/10/20;14:20:34.467;INFO;Robot Runtime;executing:    UnmountSpecial;
06/10/20;14:20:45.804;INFO;Controller;Activity ExecRobotTask ended. Return value: Done False/True/False;
06/10/20;14:20:45.804;INFO;Controller;State = Ready;
06/10/20;14:20:45.818;INFO;Server;Command: ExecRobotTask (UnloadSpecial,500000);
06/10/20;14:20:45.819;INFO;Controller;Executing asynchronous activity: ExecRobotTask;
06/10/20;14:20:45.819;INFO;Controller;Status = Executing: UnloadSpecial;
06/10/20;14:20:45.819;INFO;Controller;State = Running;
06/10/20;14:20:46.675;INFO;Robot Runtime;executing:    UnloadSpecial;
06/10/20;14:20:55.299;INFO;Controller;Activity ExecRobotTask ended. Return value: Done False/False/False;
06/10/20;14:20:55.299;INFO;Controller;State = Ready;
06/10/20;14:20:55.311;INFO;Server;Command: ExecRobotTask (UnlatchRobgov,500000);
06/10/20;14:20:55.311;INFO;Controller;Executing asynchronous activity: ExecRobotTask;
06/10/20;14:20:55.311;INFO;Controller;Status = Executing: UnlatchRobgov;
06/10/20;14:20:55.312;INFO;Controller;State = Running;
06/10/20;14:20:56.175;INFO;Robot Runtime;executing:    UnlatchRobgov;
06/10/20;14:20:56.755;INFO;Controller;Activity ExecRobotTask ended. Return value: Done;
06/10/20;14:20:56.755;INFO;Controller;State = Ready;
06/10/20;14:20:56.766;INFO;Server;Command: ExecRobotTask (Home,500000);
06/10/20;14:20:56.766;INFO;Controller;Executing asynchronous activity: ExecRobotTask;
06/10/20;14:20:56.766;INFO;Controller;Status = Executing: Home;
06/10/20;14:20:56.766;INFO;Controller;State = Running;
06/10/20;14:20:57.630;INFO;Robot Runtime;executing:    Home;
06/10/20;14:20:59.238;INFO;Controller;Activity ExecRobotTask ended. Return value: Done;
06/10/20;14:20:59.238;INFO;Controller;State = Ready;
06/10/20;14:25:43.877;INFO;Server;Command: ExecRobotTask (EnableTScreen,500000);
06/10/20;14:25:43.878;INFO;Controller;Executing asynchronous activity: ExecRobotTask;
06/10/20;14:25:43.878;INFO;Controller;Status = Executing: EnableTScreen;
06/10/20;14:25:43.878;INFO;Controller;State = Running;
06/10/20;14:25:44.806;INFO;Robot Runtime;executing:    EnableTScreen;
06/10/20;14:25:44.984;INFO;Controller;Activity ExecRobotTask ended. Return value: Done;
06/10/20;14:25:44.984;INFO;Controller;State = Ready;
06/10/20;14:25:45.523;INFO;Server;Command: ExecRobotTask (EnableTScreen,500000);
06/10/20;14:25:45.523;INFO;Controller;Executing asynchronous activity: ExecRobotTask;
06/10/20;14:25:45.523;INFO;Controller;Status = Executing: EnableTScreen;
06/10/20;14:25:45.523;INFO;Controller;State = Running;
06/10/20;14:25:46.380;INFO;Robot Runtime;executing:    EnableTScreen;
06/10/20;14:25:46.685;INFO;Controller;Activity ExecRobotTask ended. Return value: Done;
06/10/20;14:25:46.685;INFO;Controller;State = Ready;
06/10/20;15:25:15.481;INFO;Server;Command: ExecRobotTask (Initialize,500000);
06/10/20;15:25:15.481;INFO;Controller;Executing asynchronous activity: ExecRobotTask;
06/10/20;15:25:15.481;INFO;Controller;Status = Executing: Initialize;
06/10/20;15:25:15.481;INFO;Controller;State = Running;
06/10/20;15:25:16.359;INFO;Robot Runtime;executing:    Initialize;
06/10/20;15:25:17.582;INFO;Controller;Activity ExecRobotTask ended. Return value: Done;
06/10/20;15:25:17.582;INFO;Controller;State = Ready;
06/10/20;15:25:17.601;INFO;Server;Command: ExecRobotTask (UnmountSpecial,500000);
06/10/20;15:25:17.602;INFO;Controller;Executing asynchronous activity: ExecRobotTask;
06/10/20;15:25:17.602;INFO;Controller;Status = Executing: UnmountSpecial;
06/10/20;15:25:17.602;INFO;Controller;State = Running;
06/10/20;15:25:18.535;INFO;Robot Runtime;executing:    UnmountSpecial;
06/10/20;15:25:23.475;INFO;Controller;Activity ExecRobotTask ended. Return value: Done False/False/False;
06/10/20;15:25:23.475;INFO;Controller;State = Ready;
06/10/20;15:25:23.485;INFO;Server;Command: ExecRobotTask (ClosePorts,500000);
06/10/20;15:25:23.485;INFO;Controller;Executing asynchronous activity: ExecRobotTask;
06/10/20;15:25:23.486;INFO;Controller;Status = Executing: ClosePorts;
06/10/20;15:25:23.486;INFO;Controller;State = Running;
06/10/20;15:25:24.633;INFO;Robot Runtime;executing:    ClosePorts;
06/10/20;15:25:24.808;INFO;Controller;Activity ExecRobotTask ended. Return value: Done;
06/10/20;15:25:24.808;INFO;Controller;State = Ready;
06/10/20;15:25:53.521;INFO;Server;Command: ExecRobotTask (OpenGripper,500000);
06/10/20;15:25:53.521;INFO;Controller;Executing asynchronous activity: ExecRobotTask;
06/10/20;15:25:53.521;INFO;Controller;Status = Executing: OpenGripper;
06/10/20;15:25:53.521;INFO;Controller;State = Running;
06/10/20;15:25:54.468;INFO;Robot Runtime;executing:    OpenGripper;
06/10/20;15:25:54.918;INFO;Controller;Activity ExecRobotTask ended. Return value: Done;
06/10/20;15:25:54.918;INFO;Controller;State = Ready;
06/10/20;15:26:07.382;INFO;Server;Command: ExecRobotTask (Initialize,500000);
06/10/20;15:26:07.382;INFO;Controller;Executing asynchronous activity: ExecRobotTask;
06/10/20;15:26:07.382;INFO;Controller;Status = Executing: Initialize;
06/10/20;15:26:07.382;INFO;Controller;State = Running;
06/10/20;15:26:08.346;INFO;Robot Runtime;executing:    Initialize;
06/10/20;15:26:08.747;INFO;Controller;Activity ExecRobotTask ended. Return value: Done;
06/10/20;15:26:08.747;INFO;Controller;State = Ready;
06/10/20;15:26:08.757;INFO;Server;Command: ExecRobotTask (TraceSample,500000);
06/10/20;15:26:08.757;INFO;Controller;Executing asynchronous activity: ExecRobotTask;
06/10/20;15:26:08.757;INFO;Controller;Status = Executing: TraceSample;
06/10/20;15:26:08.757;INFO;Controller;State = Running;
06/10/20;15:26:09.654;INFO;Robot Runtime;executing:    TraceSample;
06/10/20;15:26:10.215;INFO;Controller;Activity ExecRobotTask ended. Return value: Done False/False/False;
06/10/20;15:26:10.215;INFO;Controller;State = Ready;
06/10/20;15:26:10.223;INFO;Server;Command: ExecRobotTask (LoadSpecial,500000);
06/10/20;15:26:10.223;INFO;Controller;Executing asynchronous activity: ExecRobotTask;
06/10/20;15:26:10.223;INFO;Controller;Status = Executing: LoadSpecial;
06/10/20;15:26:10.224;INFO;Controller;State = Running;
06/10/20;15:26:11.140;INFO;Robot Runtime;executing:    LoadSpecial;
06/10/20;15:26:11.968;WARNING;Robot Runtime;AUTORECOVER=====> Found false kick. Resume Robot Power;
06/10/20;15:26:17.685;INFO;Controller;Activity ExecRobotTask ended. Return value: Done False/True/False;
06/10/20;15:26:17.685;INFO;Controller;State = Ready;
06/10/20;15:26:17.725;INFO;Server;Command: ExecRobotTask (MountSpecial,500000);
06/10/20;15:26:17.725;INFO;Controller;Executing asynchronous activity: ExecRobotTask;
06/10/20;15:26:17.725;INFO;Controller;Status = Executing: MountSpecial;
06/10/20;15:26:17.725;INFO;Controller;State = Running;
06/10/20;15:26:18.862;INFO;Robot Runtime;executing:    MountSpecial;
06/10/20;15:26:23.230;INFO;Controller;Activity ExecRobotTask ended. Return value: Done True/False/False;
06/10/20;15:26:23.230;INFO;Controller;State = Ready;
06/10/20;15:26:23.244;INFO;Server;Command: ExecRobotTask (UnlatchRobGov,500000);
06/10/20;15:26:23.244;INFO;Controller;Executing asynchronous activity: ExecRobotTask;
06/10/20;15:26:23.244;INFO;Controller;Status = Executing: UnlatchRobGov;
06/10/20;15:26:23.244;INFO;Controller;State = Running;
06/10/20;15:26:24.207;INFO;Robot Runtime;executing:    UnlatchRobGov;
06/10/20;15:26:24.631;INFO;Controller;Activity ExecRobotTask ended. Return value: Done;
06/10/20;15:26:24.632;INFO;Controller;State = Ready;
06/10/20;15:26:36.014;INFO;Server;Command: ExecRobotTask (Initialize,500000);
06/10/20;15:26:36.014;INFO;Controller;Executing asynchronous activity: ExecRobotTask;
06/10/20;15:26:36.014;INFO;Controller;Status = Executing: Initialize;
06/10/20;15:26:36.014;INFO;Controller;State = Running;
06/10/20;15:26:36.923;INFO;Robot Runtime;executing:    Initialize;
06/10/20;15:26:37.401;INFO;Controller;Activity ExecRobotTask ended. Return value: Done;
06/10/20;15:26:37.402;INFO;Controller;State = Ready;
06/10/20;15:26:37.410;INFO;Server;Command: ExecRobotTask (UnmountSpecial,500000);
06/10/20;15:26:37.410;INFO;Controller;Executing asynchronous activity: ExecRobotTask;
06/10/20;15:26:37.411;INFO;Controller;Status = Executing: UnmountSpecial;
06/10/20;15:26:37.411;INFO;Controller;State = Running;
06/10/20;15:26:38.356;INFO;Robot Runtime;executing:    UnmountSpecial;
06/10/20;15:26:59.025;INFO;Controller;Activity ExecRobotTask ended. Return value: Done False/True/False;
06/10/20;15:26:59.025;INFO;Controller;State = Ready;
06/10/20;15:26:59.035;INFO;Server;Command: ExecRobotTask (UnloadSpecial,500000);
06/10/20;15:26:59.035;INFO;Controller;Executing asynchronous activity: ExecRobotTask;
06/10/20;15:26:59.035;INFO;Controller;Status = Executing: UnloadSpecial;
06/10/20;15:26:59.035;INFO;Controller;State = Running;
06/10/20;15:26:59.899;INFO;Robot Runtime;executing:    UnloadSpecial;
06/10/20;15:27:02.883;INFO;Controller;Activity ExecRobotTask ended. Return value: Done False/False/False;
06/10/20;15:27:02.883;INFO;Controller;State = Ready;
06/10/20;15:27:02.898;INFO;Server;Command: ExecRobotTask (UnlatchRobgov,500000);
06/10/20;15:27:02.898;INFO;Controller;Executing asynchronous activity: ExecRobotTask;
06/10/20;15:27:02.898;INFO;Controller;Status = Executing: UnlatchRobgov;
06/10/20;15:27:02.898;INFO;Controller;State = Running;
06/10/20;15:27:03.782;INFO;Robot Runtime;executing:    UnlatchRobgov;
06/10/20;15:27:03.941;INFO;Controller;Activity ExecRobotTask ended. Return value: Done;
06/10/20;15:27:03.941;INFO;Controller;State = Ready;
06/10/20;15:27:03.957;INFO;Server;Command: ExecRobotTask (Home,500000);
06/10/20;15:27:03.957;INFO;Controller;Executing asynchronous activity: ExecRobotTask;
06/10/20;15:27:03.957;INFO;Controller;Status = Executing: Home;
06/10/20;15:27:03.957;INFO;Controller;State = Running;
06/10/20;15:27:05.075;INFO;Robot Runtime;executing:    Home;
06/10/20;15:27:05.879;INFO;Controller;Activity ExecRobotTask ended. Return value: Done;
06/10/20;15:27:05.879;INFO;Controller;State = Ready;
06/10/20;15:27:17.612;INFO;Server;Command: ExecRobotTask (Initialize,500000);
06/10/20;15:27:17.630;INFO;Controller;Executing asynchronous activity: ExecRobotTask;
06/10/20;15:27:17.630;INFO;Controller;Status = Executing: Initialize;
06/10/20;15:27:17.630;INFO;Controller;State = Running;
06/10/20;15:27:18.486;INFO;Robot Runtime;executing:    Initialize;
06/10/20;15:27:18.868;INFO;Controller;Activity ExecRobotTask ended. Return value: Done;
06/10/20;15:27:18.868;INFO;Controller;State = Ready;
06/10/20;15:27:18.884;INFO;Server;Command: ExecRobotTask (TraceSample,500000);
06/10/20;15:27:18.884;INFO;Controller;Executing asynchronous activity: ExecRobotTask;
06/10/20;15:27:18.884;INFO;Controller;Status = Executing: TraceSample;
06/10/20;15:27:18.884;INFO;Controller;State = Running;
06/10/20;15:27:19.744;INFO;Robot Runtime;executing:    TraceSample;
06/10/20;15:27:20.614;INFO;Controller;Activity ExecRobotTask ended. Return value: Done False/False/False;
06/10/20;15:27:20.614;INFO;Controller;State = Ready;
06/10/20;15:27:20.630;INFO;Server;Command: ExecRobotTask (LoadSpecial,500000);
06/10/20;15:27:20.630;INFO;Controller;Executing asynchronous activity: ExecRobotTask;
06/10/20;15:27:20.630;INFO;Controller;Status = Executing: LoadSpecial;
06/10/20;15:27:20.630;INFO;Controller;State = Running;
06/10/20;15:27:21.597;INFO;Robot Runtime;executing:    LoadSpecial;
06/10/20;15:27:22.401;WARNING;Robot Runtime;AUTORECOVER=====> Found false kick. Resume Robot Power;
06/10/20;15:27:28.329;INFO;Controller;Activity ExecRobotTask ended. Return value: Done False/True/False;
06/10/20;15:27:28.329;INFO;Controller;State = Ready;
06/10/20;15:27:28.344;INFO;Server;Command: ExecRobotTask (MountSpecial,500000);
06/10/20;15:27:28.344;INFO;Controller;Executing asynchronous activity: ExecRobotTask;
06/10/20;15:27:28.344;INFO;Controller;Status = Executing: MountSpecial;
06/10/20;15:27:28.344;INFO;Controller;State = Running;
06/10/20;15:27:29.264;INFO;Robot Runtime;executing:    MountSpecial;
06/10/20;15:27:34.012;INFO;Controller;Activity ExecRobotTask ended. Return value: Done True/False/False;
06/10/20;15:27:34.012;INFO;Controller;State = Ready;
06/10/20;15:27:34.030;INFO;Server;Command: ExecRobotTask (UnlatchRobGov,500000);
06/10/20;15:27:34.030;INFO;Controller;Executing asynchronous activity: ExecRobotTask;
06/10/20;15:27:34.030;INFO;Controller;Status = Executing: UnlatchRobGov;
06/10/20;15:27:34.030;INFO;Controller;State = Running;
06/10/20;15:27:34.954;INFO;Robot Runtime;executing:    UnlatchRobGov;
06/10/20;15:27:35.498;INFO;Controller;Activity ExecRobotTask ended. Return value: Done;
06/10/20;15:27:35.498;INFO;Controller;State = Ready;
06/10/20;15:29:42.558;INFO;Server;Command: ExecRobotTask (Initialize,500000);
06/10/20;15:29:42.558;INFO;Controller;Executing asynchronous activity: ExecRobotTask;
06/10/20;15:29:42.558;INFO;Controller;Status = Executing: Initialize;
06/10/20;15:29:42.558;INFO;Controller;State = Running;
06/10/20;15:29:43.709;INFO;Robot Runtime;executing:    Initialize;
06/10/20;15:29:44.093;INFO;Controller;Activity ExecRobotTask ended. Return value: Done;
06/10/20;15:29:44.093;INFO;Controller;State = Ready;
06/10/20;15:29:44.110;INFO;Server;Command: ExecRobotTask (UnmountSpecial,500000);
06/10/20;15:29:44.110;INFO;Controller;Executing asynchronous activity: ExecRobotTask;
06/10/20;15:29:44.110;INFO;Controller;Status = Executing: UnmountSpecial;
06/10/20;15:29:44.110;INFO;Controller;State = Running;
06/10/20;15:29:45.016;INFO;Robot Runtime;executing:    UnmountSpecial;
06/10/20;15:30:11.403;INFO;Controller;Activity ExecRobotTask ended. Return value: Done False/True/False;
06/10/20;15:30:11.403;INFO;Controller;State = Ready;
06/10/20;15:30:11.417;INFO;Server;Command: ExecRobotTask (UnloadSpecial,500000);
06/10/20;15:30:11.417;INFO;Controller;Executing asynchronous activity: ExecRobotTask;
06/10/20;15:30:11.417;INFO;Controller;Status = Executing: UnloadSpecial;
06/10/20;15:30:11.417;INFO;Controller;State = Running;
06/10/20;15:30:12.391;INFO;Robot Runtime;executing:    UnloadSpecial;
06/10/20;15:30:17.297;INFO;Controller;Activity ExecRobotTask ended. Return value: Done False/False/False;
06/10/20;15:30:17.297;INFO;Controller;State = Ready;
06/10/20;15:30:17.315;INFO;Server;Command: ExecRobotTask (UnlatchRobgov,500000);
06/10/20;15:30:17.315;INFO;Controller;Executing asynchronous activity: ExecRobotTask;
06/10/20;15:30:17.315;INFO;Controller;Status = Executing: UnlatchRobgov;
06/10/20;15:30:17.316;INFO;Controller;State = Running;
06/10/20;15:30:18.231;INFO;Robot Runtime;executing:    UnlatchRobgov;
06/10/20;15:30:18.769;INFO;Controller;Activity ExecRobotTask ended. Return value: Done;
06/10/20;15:30:18.769;INFO;Controller;State = Ready;
06/10/20;15:30:18.786;INFO;Server;Command: ExecRobotTask (Home,500000);
06/10/20;15:30:18.786;INFO;Controller;Executing asynchronous activity: ExecRobotTask;
06/10/20;15:30:18.786;INFO;Controller;Status = Executing: Home;
06/10/20;15:30:18.786;INFO;Controller;State = Running;
06/10/20;15:30:19.659;INFO;Robot Runtime;executing:    Home;
06/10/20;15:30:20.747;INFO;Controller;Activity ExecRobotTask ended. Return value: Done;
06/10/20;15:30:20.747;INFO;Controller;State = Ready;
06/10/20;15:34:22.730;INFO;Server;Command: ExecRobotTask (Initialize,500000);
06/10/20;15:34:22.731;INFO;Controller;Executing asynchronous activity: ExecRobotTask;
06/10/20;15:34:22.731;INFO;Controller;Status = Executing: Initialize;
06/10/20;15:34:22.731;INFO;Controller;State = Running;
06/10/20;15:34:23.586;INFO;Robot Runtime;executing:    Initialize;
06/10/20;15:34:24.021;INFO;Controller;Activity ExecRobotTask ended. Return value: Done;
06/10/20;15:34:24.021;INFO;Controller;State = Ready;
06/10/20;15:34:24.039;INFO;Server;Command: ExecRobotTask (TraceSample,500000);
06/10/20;15:34:24.039;INFO;Controller;Executing asynchronous activity: ExecRobotTask;
06/10/20;15:34:24.040;INFO;Controller;Status = Executing: TraceSample;
06/10/20;15:34:24.040;INFO;Controller;State = Running;
06/10/20;15:34:24.939;INFO;Robot Runtime;executing:    TraceSample;
06/10/20;15:34:25.759;INFO;Controller;Activity ExecRobotTask ended. Return value: Done False/False/False;
06/10/20;15:34:25.759;INFO;Controller;State = Ready;
06/10/20;15:34:25.777;INFO;Server;Command: ExecRobotTask (LoadSpecial,500000);
06/10/20;15:34:25.777;INFO;Controller;Executing asynchronous activity: ExecRobotTask;
06/10/20;15:34:25.777;INFO;Controller;Status = Executing: LoadSpecial;
06/10/20;15:34:25.777;INFO;Controller;State = Running;
06/10/20;15:34:26.920;INFO;Robot Runtime;executing:    LoadSpecial;
06/10/20;15:34:29.953;INFO;Controller;Activity ExecRobotTask ended. Return value: Done False/True/False;
06/10/20;15:34:29.954;INFO;Controller;State = Ready;
06/10/20;15:34:29.970;INFO;Server;Command: ExecRobotTask (MountSpecial,500000);
06/10/20;15:34:29.970;INFO;Controller;Executing asynchronous activity: ExecRobotTask;
06/10/20;15:34:29.970;INFO;Controller;Status = Executing: MountSpecial;
06/10/20;15:34:29.970;INFO;Controller;State = Running;
06/10/20;15:34:30.952;INFO;Robot Runtime;executing:    MountSpecial;
06/10/20;15:34:35.740;INFO;Controller;Activity ExecRobotTask ended. Return value: Done True/False/False;
06/10/20;15:34:35.740;INFO;Controller;State = Ready;
06/10/20;15:34:35.758;INFO;Server;Command: ExecRobotTask (UnlatchRobGov,500000);
06/10/20;15:34:35.758;INFO;Controller;Executing asynchronous activity: ExecRobotTask;
06/10/20;15:34:35.758;INFO;Controller;Status = Executing: UnlatchRobGov;
06/10/20;15:34:35.758;INFO;Controller;State = Running;
06/10/20;15:34:36.757;INFO;Robot Runtime;executing:    UnlatchRobGov;
06/10/20;15:34:37.221;INFO;Controller;Activity ExecRobotTask ended. Return value: Done;
06/10/20;15:34:37.221;INFO;Controller;State = Ready;
06/10/20;15:34:50.263;INFO;Server;Command: ExecRobotTask (Initialize,500000);
06/10/20;15:34:50.264;INFO;Controller;Executing asynchronous activity: ExecRobotTask;
06/10/20;15:34:50.264;INFO;Controller;Status = Executing: Initialize;
06/10/20;15:34:50.264;INFO;Controller;State = Running;
06/10/20;15:34:51.403;INFO;Robot Runtime;executing:    Initialize;
06/10/20;15:34:51.789;INFO;Controller;Activity ExecRobotTask ended. Return value: Done;
06/10/20;15:34:51.790;INFO;Controller;State = Ready;
06/10/20;15:34:51.809;INFO;Server;Command: ExecRobotTask (UnmountSpecial,500000);
06/10/20;15:34:51.809;INFO;Controller;Executing asynchronous activity: ExecRobotTask;
06/10/20;15:34:51.809;INFO;Controller;Status = Executing: UnmountSpecial;
06/10/20;15:34:51.809;INFO;Controller;State = Running;
06/10/20;15:34:52.802;INFO;Robot Runtime;executing:    UnmountSpecial;
06/10/20;15:35:11.668;INFO;Controller;Activity ExecRobotTask ended. Return value: Done False/True/False;
06/10/20;15:35:11.668;INFO;Controller;State = Ready;
06/10/20;15:35:11.684;INFO;Server;Command: ExecRobotTask (UnloadSpecial,500000);
06/10/20;15:35:11.685;INFO;Controller;Executing asynchronous activity: ExecRobotTask;
06/10/20;15:35:11.685;INFO;Controller;Status = Executing: UnloadSpecial;
06/10/20;15:35:11.685;INFO;Controller;State = Running;
06/10/20;15:35:12.568;INFO;Robot Runtime;executing:    UnloadSpecial;
06/10/20;15:35:15.476;INFO;Controller;Activity ExecRobotTask ended. Return value: Done False/False/False;
06/10/20;15:35:15.476;INFO;Controller;State = Ready;
06/10/20;15:35:15.490;INFO;Server;Command: ExecRobotTask (UnlatchRobgov,500000);
06/10/20;15:35:15.490;INFO;Controller;Executing asynchronous activity: ExecRobotTask;
06/10/20;15:35:15.490;INFO;Controller;Status = Executing: UnlatchRobgov;
06/10/20;15:35:15.490;INFO;Controller;State = Running;
06/10/20;15:35:16.479;INFO;Robot Runtime;executing:    UnlatchRobgov;
06/10/20;15:35:16.959;INFO;Controller;Activity ExecRobotTask ended. Return value: Done;
06/10/20;15:35:16.960;INFO;Controller;State = Ready;
06/10/20;15:35:16.973;INFO;Server;Command: ExecRobotTask (Home,500000);
06/10/20;15:35:16.973;INFO;Controller;Executing asynchronous activity: ExecRobotTask;
06/10/20;15:35:16.974;INFO;Controller;Status = Executing: Home;
06/10/20;15:35:16.974;INFO;Controller;State = Running;
06/10/20;15:35:18.105;INFO;Robot Runtime;executing:    Home;
06/10/20;15:35:18.959;INFO;Controller;Activity ExecRobotTask ended. Return value: Done;
06/10/20;15:35:18.959;INFO;Controller;State = Ready;
06/10/20;15:36:12.473;INFO;Server;Command: ExecRobotTask (Initialize,500000);
06/10/20;15:36:12.473;INFO;Controller;Executing asynchronous activity: ExecRobotTask;
06/10/20;15:36:12.473;INFO;Controller;Status = Executing: Initialize;
06/10/20;15:36:12.473;INFO;Controller;State = Running;
06/10/20;15:36:13.454;INFO;Robot Runtime;executing:    Initialize;
06/10/20;15:36:13.876;INFO;Controller;Activity ExecRobotTask ended. Return value: Done;
06/10/20;15:36:13.876;INFO;Controller;State = Ready;
06/10/20;15:36:13.906;INFO;Server;Command: ExecRobotTask (TraceSample,500000);
06/10/20;15:36:13.907;INFO;Controller;Executing asynchronous activity: ExecRobotTask;
06/10/20;15:36:13.907;INFO;Controller;Status = Executing: TraceSample;
06/10/20;15:36:13.907;INFO;Controller;State = Running;
06/10/20;15:36:14.766;INFO;Robot Runtime;executing:    TraceSample;
06/10/20;15:36:15.606;INFO;Controller;Activity ExecRobotTask ended. Return value: Done False/False/False;
06/10/20;15:36:15.606;INFO;Controller;State = Ready;
06/10/20;15:36:15.625;INFO;Server;Command: ExecRobotTask (LoadSpecial,500000);
06/10/20;15:36:15.626;INFO;Controller;Executing asynchronous activity: ExecRobotTask;
06/10/20;15:36:15.626;INFO;Controller;Status = Executing: LoadSpecial;
06/10/20;15:36:15.626;INFO;Controller;State = Running;
06/10/20;15:36:16.503;INFO;Robot Runtime;executing:    LoadSpecial;
06/10/20;15:36:19.690;INFO;Controller;Activity ExecRobotTask ended. Return value: Done False/True/False;
06/10/20;15:36:19.691;INFO;Controller;State = Ready;
06/10/20;15:36:19.711;INFO;Server;Command: ExecRobotTask (MountSpecial,500000);
06/10/20;15:36:19.711;INFO;Controller;Executing asynchronous activity: ExecRobotTask;
06/10/20;15:36:19.711;INFO;Controller;Status = Executing: MountSpecial;
06/10/20;15:36:19.711;INFO;Controller;State = Running;
06/10/20;15:36:20.685;INFO;Robot Runtime;executing:    MountSpecial;
06/10/20;15:36:25.319;INFO;Controller;Activity ExecRobotTask ended. Return value: Done True/False/False;
06/10/20;15:36:25.319;INFO;Controller;State = Ready;
06/10/20;15:36:25.342;INFO;Server;Command: ExecRobotTask (UnlatchRobGov,500000);
06/10/20;15:36:25.342;INFO;Controller;Executing asynchronous activity: ExecRobotTask;
06/10/20;15:36:25.342;INFO;Controller;Status = Executing: UnlatchRobGov;
06/10/20;15:36:25.342;INFO;Controller;State = Running;
06/10/20;15:36:26.513;INFO;Robot Runtime;executing:    UnlatchRobGov;
06/10/20;15:36:26.657;INFO;Controller;Activity ExecRobotTask ended. Return value: Done;
06/10/20;15:36:26.657;INFO;Controller;State = Ready;
06/10/20;15:36:48.468;INFO;Server;Command: ExecRobotTask (Initialize,500000);
06/10/20;15:36:48.469;INFO;Controller;Executing asynchronous activity: ExecRobotTask;
06/10/20;15:36:48.469;INFO;Controller;Status = Executing: Initialize;
06/10/20;15:36:48.469;INFO;Controller;State = Running;
06/10/20;15:36:49.454;INFO;Robot Runtime;executing:    Initialize;
06/10/20;15:36:49.605;INFO;Controller;Activity ExecRobotTask ended. Return value: Done;
06/10/20;15:36:49.605;INFO;Controller;State = Ready;
06/10/20;15:36:49.612;INFO;Server;Command: ExecRobotTask (UnmountSpecial,500000);
06/10/20;15:36:49.613;INFO;Controller;Executing asynchronous activity: ExecRobotTask;
06/10/20;15:36:49.613;INFO;Controller;Status = Executing: UnmountSpecial;
06/10/20;15:36:49.613;INFO;Controller;State = Running;
06/10/20;15:36:50.586;INFO;Robot Runtime;executing:    UnmountSpecial;
06/10/20;15:36:54.992;INFO;Controller;Activity ExecRobotTask ended. Return value: Done False/True/False;
06/10/20;15:36:54.992;INFO;Controller;State = Ready;
06/10/20;15:36:55.007;INFO;Server;Command: ExecRobotTask (UnloadSpecial,500000);
06/10/20;15:36:55.007;INFO;Controller;Executing asynchronous activity: ExecRobotTask;
06/10/20;15:36:55.008;INFO;Controller;Status = Executing: UnloadSpecial;
06/10/20;15:36:55.008;INFO;Controller;State = Running;
06/10/20;15:36:55.897;INFO;Robot Runtime;executing:    UnloadSpecial;
06/10/20;15:36:58.738;INFO;Controller;Activity ExecRobotTask ended. Return value: Done False/False/False;
06/10/20;15:36:58.738;INFO;Controller;State = Ready;
06/10/20;15:36:58.755;INFO;Server;Command: ExecRobotTask (UnlatchRobgov,500000);
06/10/20;15:36:58.755;INFO;Controller;Executing asynchronous activity: ExecRobotTask;
06/10/20;15:36:58.755;INFO;Controller;Status = Executing: UnlatchRobgov;
06/10/20;15:36:58.755;INFO;Controller;State = Running;
06/10/20;15:36:59.917;INFO;Robot Runtime;executing:    UnlatchRobgov;
06/10/20;15:37:00.481;INFO;Controller;Activity ExecRobotTask ended. Return value: Done;
06/10/20;15:37:00.481;INFO;Controller;State = Ready;
06/10/20;15:37:00.499;INFO;Server;Command: ExecRobotTask (Home,500000);
06/10/20;15:37:00.499;INFO;Controller;Executing asynchronous activity: ExecRobotTask;
06/10/20;15:37:00.499;INFO;Controller;Status = Executing: Home;
06/10/20;15:37:00.499;INFO;Controller;State = Running;
06/10/20;15:37:01.469;INFO;Robot Runtime;executing:    Home;
06/10/20;15:37:02.219;INFO;Controller;Activity ExecRobotTask ended. Return value: Done;
06/10/20;15:37:02.219;INFO;Controller;State = Ready;
06/10/20;15:37:14.207;INFO;Server;Command: ExecRobotTask (Initialize,500000);
06/10/20;15:37:14.208;INFO;Controller;Executing asynchronous activity: ExecRobotTask;
06/10/20;15:37:14.208;INFO;Controller;Status = Executing: Initialize;
06/10/20;15:37:14.208;INFO;Controller;State = Running;
06/10/20;15:37:15.177;INFO;Robot Runtime;executing:    Initialize;
06/10/20;15:37:15.523;INFO;Controller;Activity ExecRobotTask ended. Return value: Done;
06/10/20;15:37:15.524;INFO;Controller;State = Ready;
06/10/20;15:37:15.542;INFO;Server;Command: ExecRobotTask (TraceSample,500000);
06/10/20;15:37:15.542;INFO;Controller;Executing asynchronous activity: ExecRobotTask;
06/10/20;15:37:15.542;INFO;Controller;Status = Executing: TraceSample;
06/10/20;15:37:15.542;INFO;Controller;State = Running;
06/10/20;15:37:16.402;INFO;Robot Runtime;executing:    TraceSample;
06/10/20;15:37:17.251;INFO;Controller;Activity ExecRobotTask ended. Return value: Done False/False/False;
06/10/20;15:37:17.251;INFO;Controller;State = Ready;
06/10/20;15:37:17.271;INFO;Server;Command: ExecRobotTask (LoadSpecial,500000);
06/10/20;15:37:17.271;INFO;Controller;Executing asynchronous activity: ExecRobotTask;
06/10/20;15:37:17.271;INFO;Controller;Status = Executing: LoadSpecial;
06/10/20;15:37:17.271;INFO;Controller;State = Running;
06/10/20;15:37:18.154;INFO;Robot Runtime;executing:    LoadSpecial;
06/10/20;15:37:18.990;WARNING;Robot Runtime;AUTORECOVER=====> Found false kick. Resume Robot Power;
06/10/20;15:37:24.913;INFO;Controller;Activity ExecRobotTask ended. Return value: Done False/True/False;
06/10/20;15:37:24.913;INFO;Controller;State = Ready;
06/10/20;15:37:24.928;INFO;Server;Command: ExecRobotTask (MountSpecial,500000);
06/10/20;15:37:24.928;INFO;Controller;Executing asynchronous activity: ExecRobotTask;
06/10/20;15:37:24.928;INFO;Controller;Status = Executing: MountSpecial;
06/10/20;15:37:24.928;INFO;Controller;State = Running;
06/10/20;15:37:26.051;INFO;Robot Runtime;executing:    MountSpecial;
06/10/20;15:37:30.622;INFO;Controller;Activity ExecRobotTask ended. Return value: Done True/False/False;
06/10/20;15:37:30.623;INFO;Controller;State = Ready;
06/10/20;15:37:30.640;INFO;Server;Command: ExecRobotTask (UnlatchRobGov,500000);
06/10/20;15:37:30.640;INFO;Controller;Executing asynchronous activity: ExecRobotTask;
06/10/20;15:37:30.640;INFO;Controller;Status = Executing: UnlatchRobGov;
06/10/20;15:37:30.640;INFO;Controller;State = Running;
06/10/20;15:37:31.620;INFO;Robot Runtime;executing:    UnlatchRobGov;
06/10/20;15:37:32.109;INFO;Controller;Activity ExecRobotTask ended. Return value: Done;
06/10/20;15:37:32.110;INFO;Controller;State = Ready;
06/10/20;15:39:05.326;INFO;Server;Command: ExecRobotTask (Initialize,500000);
06/10/20;15:39:05.327;INFO;Controller;Executing asynchronous activity: ExecRobotTask;
06/10/20;15:39:05.327;INFO;Controller;Status = Executing: Initialize;
06/10/20;15:39:05.327;INFO;Controller;State = Running;
06/10/20;15:39:06.310;INFO;Robot Runtime;executing:    Initialize;
06/10/20;15:39:06.453;INFO;Controller;Activity ExecRobotTask ended. Return value: Done;
06/10/20;15:39:06.454;INFO;Controller;State = Ready;
06/10/20;15:39:06.468;INFO;Server;Command: ExecRobotTask (UnmountSpecial,500000);
06/10/20;15:39:06.469;INFO;Controller;Executing asynchronous activity: ExecRobotTask;
06/10/20;15:39:06.469;INFO;Controller;Status = Executing: UnmountSpecial;
06/10/20;15:39:06.469;INFO;Controller;State = Running;
06/10/20;15:39:07.608;INFO;Robot Runtime;executing:    UnmountSpecial;
06/10/20;15:39:12.351;INFO;Controller;Activity ExecRobotTask ended. Return value: Done False/True/False;
06/10/20;15:39:12.351;INFO;Controller;State = Ready;
06/10/20;15:39:12.376;INFO;Server;Command: ExecRobotTask (UnloadSpecial,500000);
06/10/20;15:39:12.377;INFO;Controller;Executing asynchronous activity: ExecRobotTask;
06/10/20;15:39:12.377;INFO;Controller;Status = Executing: UnloadSpecial;
06/10/20;15:39:12.377;INFO;Controller;State = Running;
06/10/20;15:39:13.283;INFO;Robot Runtime;executing:    UnloadSpecial;
06/10/20;15:39:16.225;INFO;Controller;Activity ExecRobotTask ended. Return value: Done False/False/False;
06/10/20;15:39:16.225;INFO;Controller;State = Ready;
06/10/20;15:39:16.248;INFO;Server;Command: ExecRobotTask (UnlatchRobgov,500000);
06/10/20;15:39:16.248;INFO;Controller;Executing asynchronous activity: ExecRobotTask;
06/10/20;15:39:16.248;INFO;Controller;Status = Executing: UnlatchRobgov;
06/10/20;15:39:16.249;INFO;Controller;State = Running;
06/10/20;15:39:17.236;INFO;Robot Runtime;executing:    UnlatchRobgov;
06/10/20;15:39:17.717;INFO;Controller;Activity ExecRobotTask ended. Return value: Done;
06/10/20;15:39:17.717;INFO;Controller;State = Ready;
06/10/20;15:39:17.737;INFO;Server;Command: ExecRobotTask (Home,500000);
06/10/20;15:39:17.737;INFO;Controller;Executing asynchronous activity: ExecRobotTask;
06/10/20;15:39:17.737;INFO;Controller;Status = Executing: Home;
06/10/20;15:39:17.737;INFO;Controller;State = Running;
06/10/20;15:39:18.698;INFO;Robot Runtime;executing:    Home;
06/10/20;15:39:19.471;INFO;Controller;Activity ExecRobotTask ended. Return value: Done;
06/10/20;15:39:19.472;INFO;Controller;State = Ready;
06/10/20;15:39:51.747;INFO;Server;Command: ExecRobotTask (Initialize,500000);
06/10/20;15:39:51.747;INFO;Controller;Executing asynchronous activity: ExecRobotTask;
06/10/20;15:39:51.747;INFO;Controller;Status = Executing: Initialize;
06/10/20;15:39:51.747;INFO;Controller;State = Running;
06/10/20;15:39:52.884;INFO;Robot Runtime;executing:    Initialize;
06/10/20;15:39:53.334;INFO;Controller;Activity ExecRobotTask ended. Return value: Done;
06/10/20;15:39:53.334;INFO;Controller;State = Ready;
06/10/20;15:39:53.351;INFO;Server;Command: ExecRobotTask (TraceSample,500000);
06/10/20;15:39:53.351;INFO;Controller;Executing asynchronous activity: ExecRobotTask;
06/10/20;15:39:53.351;INFO;Controller;Status = Executing: TraceSample;
06/10/20;15:39:53.351;INFO;Controller;State = Running;
06/10/20;15:39:54.212;INFO;Robot Runtime;executing:    TraceSample;
06/10/20;15:39:55.833;INFO;Controller;Activity ExecRobotTask ended. Return value: Done False/False/False;
06/10/20;15:39:55.833;INFO;Controller;State = Ready;
06/10/20;15:39:55.852;INFO;Server;Command: ExecRobotTask (LoadSpecial,500000);
06/10/20;15:39:55.853;INFO;Controller;Executing asynchronous activity: ExecRobotTask;
06/10/20;15:39:55.853;INFO;Controller;Status = Executing: LoadSpecial;
06/10/20;15:39:55.853;INFO;Controller;State = Running;
06/10/20;15:39:56.744;INFO;Robot Runtime;executing:    LoadSpecial;
06/10/20;15:40:06.636;INFO;Controller;Activity ExecRobotTask ended. Return value: Done False/True/False;
06/10/20;15:40:06.636;INFO;Controller;State = Ready;
06/10/20;15:40:06.652;INFO;Server;Command: ExecRobotTask (MountSpecial,500000);
06/10/20;15:40:06.652;INFO;Controller;Executing asynchronous activity: ExecRobotTask;
06/10/20;15:40:06.652;INFO;Controller;Status = Executing: MountSpecial;
06/10/20;15:40:06.652;INFO;Controller;State = Running;
06/10/20;15:40:07.613;INFO;Robot Runtime;executing:    MountSpecial;
06/10/20;15:40:16.481;INFO;Controller;Activity ExecRobotTask ended. Return value: Done True/False/False;
06/10/20;15:40:16.481;INFO;Controller;State = Ready;
06/10/20;15:40:16.502;INFO;Server;Command: ExecRobotTask (UnlatchRobGov,500000);
06/10/20;15:40:16.503;INFO;Controller;Executing asynchronous activity: ExecRobotTask;
06/10/20;15:40:16.503;INFO;Controller;Status = Executing: UnlatchRobGov;
06/10/20;15:40:16.503;INFO;Controller;State = Running;
06/10/20;15:40:17.497;INFO;Robot Runtime;executing:    UnlatchRobGov;
06/10/20;15:40:17.880;INFO;Controller;Activity ExecRobotTask ended. Return value: Done;
06/10/20;15:40:17.880;INFO;Controller;State = Ready;
06/10/20;15:40:50.746;INFO;Server;Command: ExecRobotTask (Initialize,500000);
06/10/20;15:40:50.746;INFO;Controller;Executing asynchronous activity: ExecRobotTask;
06/10/20;15:40:50.746;INFO;Controller;Status = Executing: Initialize;
06/10/20;15:40:50.747;INFO;Controller;State = Running;
06/10/20;15:40:51.878;INFO;Robot Runtime;executing:    Initialize;
06/10/20;15:40:52.308;INFO;Controller;Activity ExecRobotTask ended. Return value: Done;
06/10/20;15:40:52.308;INFO;Controller;State = Ready;
06/10/20;15:40:52.327;INFO;Server;Command: ExecRobotTask (UnmountSpecial,500000);
06/10/20;15:40:52.328;INFO;Controller;Executing asynchronous activity: ExecRobotTask;
06/10/20;15:40:52.328;INFO;Controller;Status = Executing: UnmountSpecial;
06/10/20;15:40:52.328;INFO;Controller;State = Running;
06/10/20;15:40:53.296;INFO;Robot Runtime;executing:    UnmountSpecial;
06/10/20;15:41:01.124;INFO;Controller;Activity ExecRobotTask ended. Return value: Done False/True/False;
06/10/20;15:41:01.124;INFO;Controller;State = Ready;
06/10/20;15:41:01.141;INFO;Server;Command: ExecRobotTask (UnloadSpecial,500000);
06/10/20;15:41:01.141;INFO;Controller;Executing asynchronous activity: ExecRobotTask;
06/10/20;15:41:01.141;INFO;Controller;Status = Executing: UnloadSpecial;
06/10/20;15:41:01.142;INFO;Controller;State = Running;
06/10/20;15:41:02.027;INFO;Robot Runtime;executing:    UnloadSpecial;
06/10/20;15:41:06.939;INFO;Controller;Activity ExecRobotTask ended. Return value: Done False/False/False;
06/10/20;15:41:06.939;INFO;Controller;State = Ready;
06/10/20;15:41:06.959;INFO;Server;Command: ExecRobotTask (UnlatchRobgov,500000);
06/10/20;15:41:06.959;INFO;Controller;Executing asynchronous activity: ExecRobotTask;
06/10/20;15:41:06.959;INFO;Controller;Status = Executing: UnlatchRobgov;
06/10/20;15:41:06.959;INFO;Controller;State = Running;
06/10/20;15:41:07.951;INFO;Robot Runtime;executing:    UnlatchRobgov;
06/10/20;15:41:08.423;INFO;Controller;Activity ExecRobotTask ended. Return value: Done;
06/10/20;15:41:08.423;INFO;Controller;State = Ready;
06/10/20;15:41:08.449;INFO;Server;Command: ExecRobotTask (Home,500000);
06/10/20;15:41:08.449;INFO;Controller;Executing asynchronous activity: ExecRobotTask;
06/10/20;15:41:08.449;INFO;Controller;Status = Executing: Home;
06/10/20;15:41:08.449;INFO;Controller;State = Running;
06/10/20;15:41:09.579;INFO;Robot Runtime;executing:    Home;
06/10/20;15:41:10.675;INFO;Controller;Activity ExecRobotTask ended. Return value: Done;
06/10/20;15:41:10.676;INFO;Controller;State = Ready;
06/10/20;15:41:34.672;INFO;Server;Command: ExecRobotTask (Initialize,500000);
06/10/20;15:41:34.673;INFO;Controller;Executing asynchronous activity: ExecRobotTask;
06/10/20;15:41:34.673;INFO;Controller;Status = Executing: Initialize;
06/10/20;15:41:34.673;INFO;Controller;State = Running;
06/10/20;15:41:35.646;INFO;Robot Runtime;executing:    Initialize;
06/10/20;15:41:35.998;INFO;Controller;Activity ExecRobotTask ended. Return value: Done;
06/10/20;15:41:35.998;INFO;Controller;State = Ready;
06/10/20;15:41:36.021;INFO;Server;Command: ExecRobotTask (TraceSample,500000);
06/10/20;15:41:36.021;INFO;Controller;Executing asynchronous activity: ExecRobotTask;
06/10/20;15:41:36.021;INFO;Controller;Status = Executing: TraceSample;
06/10/20;15:41:36.021;INFO;Controller;State = Running;
06/10/20;15:41:36.874;INFO;Robot Runtime;executing:    TraceSample;
06/10/20;15:41:38.507;INFO;Controller;Activity ExecRobotTask ended. Return value: Done False/False/False;
06/10/20;15:41:38.507;INFO;Controller;State = Ready;
06/10/20;15:41:38.526;INFO;Server;Command: ExecRobotTask (LoadSpecial,500000);
06/10/20;15:41:38.526;INFO;Controller;Executing asynchronous activity: ExecRobotTask;
06/10/20;15:41:38.526;INFO;Controller;Status = Executing: LoadSpecial;
06/10/20;15:41:38.526;INFO;Controller;State = Running;
06/10/20;15:41:39.420;INFO;Robot Runtime;executing:    LoadSpecial;
06/10/20;15:41:49.289;INFO;Controller;Activity ExecRobotTask ended. Return value: Done False/True/False;
06/10/20;15:41:49.289;INFO;Controller;State = Ready;
06/10/20;15:41:49.308;INFO;Server;Command: ExecRobotTask (MountSpecial,500000);
06/10/20;15:41:49.309;INFO;Controller;Executing asynchronous activity: ExecRobotTask;
06/10/20;15:41:49.309;INFO;Controller;Status = Executing: MountSpecial;
06/10/20;15:41:49.309;INFO;Controller;State = Running;
06/10/20;15:41:50.278;INFO;Robot Runtime;executing:    MountSpecial;
06/10/20;15:41:59.030;INFO;Controller;Activity ExecRobotTask ended. Return value: Done True/False/False;
06/10/20;15:41:59.030;INFO;Controller;State = Ready;
06/10/20;15:41:59.057;INFO;Server;Command: ExecRobotTask (UnlatchRobGov,500000);
06/10/20;15:41:59.057;INFO;Controller;Executing asynchronous activity: ExecRobotTask;
06/10/20;15:41:59.057;INFO;Controller;Status = Executing: UnlatchRobGov;
06/10/20;15:41:59.057;INFO;Controller;State = Running;
06/10/20;15:42:00.242;INFO;Robot Runtime;executing:    UnlatchRobGov;
06/10/20;15:42:00.368;INFO;Controller;Activity ExecRobotTask ended. Return value: Done;
06/10/20;15:42:00.368;INFO;Controller;State = Ready;
06/10/20;15:42:43.195;INFO;Server;Command: ExecRobotTask (Initialize,500000);
06/10/20;15:42:43.195;INFO;Controller;Executing asynchronous activity: ExecRobotTask;
06/10/20;15:42:43.195;INFO;Controller;Status = Executing: Initialize;
06/10/20;15:42:43.196;INFO;Controller;State = Running;
06/10/20;15:42:44.153;INFO;Robot Runtime;executing:    Initialize;
06/10/20;15:42:44.639;INFO;Controller;Activity ExecRobotTask ended. Return value: Done;
06/10/20;15:42:44.639;INFO;Controller;State = Ready;
06/10/20;15:42:44.668;INFO;Server;Command: ExecRobotTask (UnmountSpecial,500000);
06/10/20;15:42:44.668;INFO;Controller;Executing asynchronous activity: ExecRobotTask;
06/10/20;15:42:44.668;INFO;Controller;Status = Executing: UnmountSpecial;
06/10/20;15:42:44.668;INFO;Controller;State = Running;
06/10/20;15:42:45.650;INFO;Robot Runtime;executing:    UnmountSpecial;
06/10/20;15:42:50.527;INFO;Controller;Activity ExecRobotTask ended. Return value: Done False/True/False;
06/10/20;15:42:50.527;INFO;Controller;State = Ready;
06/10/20;15:42:50.544;INFO;Server;Command: ExecRobotTask (UnloadSpecial,500000);
06/10/20;15:42:50.544;INFO;Controller;Executing asynchronous activity: ExecRobotTask;
06/10/20;15:42:50.545;INFO;Controller;Status = Executing: UnloadSpecial;
06/10/20;15:42:50.545;INFO;Controller;State = Running;
06/10/20;15:42:51.424;INFO;Robot Runtime;executing:    UnloadSpecial;
06/10/20;15:42:54.353;INFO;Controller;Activity ExecRobotTask ended. Return value: Done False/False/False;
06/10/20;15:42:54.353;INFO;Controller;State = Ready;
06/10/20;15:42:54.379;INFO;Server;Command: ExecRobotTask (UnlatchRobgov,500000);
06/10/20;15:42:54.380;INFO;Controller;Executing asynchronous activity: ExecRobotTask;
06/10/20;15:42:54.380;INFO;Controller;Status = Executing: UnlatchRobgov;
06/10/20;15:42:54.380;INFO;Controller;State = Running;
06/10/20;15:42:55.566;INFO;Robot Runtime;executing:    UnlatchRobgov;
06/10/20;15:42:56.099;INFO;Controller;Activity ExecRobotTask ended. Return value: Done;
06/10/20;15:42:56.100;INFO;Controller;State = Ready;
06/10/20;15:42:56.119;INFO;Server;Command: ExecRobotTask (Home,500000);
06/10/20;15:42:56.119;INFO;Controller;Executing asynchronous activity: ExecRobotTask;
06/10/20;15:42:56.119;INFO;Controller;Status = Executing: Home;
06/10/20;15:42:56.119;INFO;Controller;State = Running;
06/10/20;15:42:57.059;INFO;Robot Runtime;executing:    Home;
06/10/20;15:42:57.832;INFO;Controller;Activity ExecRobotTask ended. Return value: Done;
06/10/20;15:42:57.832;INFO;Controller;State = Ready;
06/10/20;15:43:32.468;INFO;Server;Command: ExecRobotTask (Initialize,500000);
06/10/20;15:43:32.468;INFO;Controller;Executing asynchronous activity: ExecRobotTask;
06/10/20;15:43:32.468;INFO;Controller;Status = Executing: Initialize;
06/10/20;15:43:32.469;INFO;Controller;State = Running;
06/10/20;15:43:33.435;INFO;Robot Runtime;executing:    Initialize;
06/10/20;15:43:33.809;INFO;Controller;Activity ExecRobotTask ended. Return value: Done;
06/10/20;15:43:33.809;INFO;Controller;State = Ready;
06/10/20;15:43:33.830;INFO;Server;Command: ExecRobotTask (TraceSample,500000);
06/10/20;15:43:33.830;INFO;Controller;Executing asynchronous activity: ExecRobotTask;
06/10/20;15:43:33.830;INFO;Controller;Status = Executing: TraceSample;
06/10/20;15:43:33.830;INFO;Controller;State = Running;
06/10/20;15:43:34.674;INFO;Robot Runtime;executing:    TraceSample;
06/10/20;15:43:35.528;INFO;Controller;Activity ExecRobotTask ended. Return value: Done False/False/False;
06/10/20;15:43:35.528;INFO;Controller;State = Ready;
06/10/20;15:43:35.548;INFO;Server;Command: ExecRobotTask (LoadSpecial,500000);
06/10/20;15:43:35.548;INFO;Controller;Executing asynchronous activity: ExecRobotTask;
06/10/20;15:43:35.548;INFO;Controller;Status = Executing: LoadSpecial;
06/10/20;15:43:35.548;INFO;Controller;State = Running;
06/10/20;15:43:36.427;INFO;Robot Runtime;executing:    LoadSpecial;
06/10/20;15:43:39.862;INFO;Controller;Activity ExecRobotTask ended. Return value: Done False/True/False;
06/10/20;15:43:39.862;INFO;Controller;State = Ready;
06/10/20;15:43:39.885;INFO;Server;Command: ExecRobotTask (MountSpecial,500000);
06/10/20;15:43:39.885;INFO;Controller;Executing asynchronous activity: ExecRobotTask;
06/10/20;15:43:39.885;INFO;Controller;Status = Executing: MountSpecial;
06/10/20;15:43:39.885;INFO;Controller;State = Running;
06/10/20;15:43:41.045;INFO;Robot Runtime;executing:    MountSpecial;
06/10/20;15:43:45.764;INFO;Controller;Activity ExecRobotTask ended. Return value: Done True/False/False;
06/10/20;15:43:45.764;INFO;Controller;State = Ready;
06/10/20;15:43:45.790;INFO;Server;Command: ExecRobotTask (UnlatchRobGov,500000);
06/10/20;15:43:45.790;INFO;Controller;Executing asynchronous activity: ExecRobotTask;
06/10/20;15:43:45.790;INFO;Controller;Status = Executing: UnlatchRobGov;
06/10/20;15:43:45.790;INFO;Controller;State = Running;
06/10/20;15:43:46.757;INFO;Robot Runtime;executing:    UnlatchRobGov;
06/10/20;15:43:47.234;INFO;Controller;Activity ExecRobotTask ended. Return value: Done;
06/10/20;15:43:47.234;INFO;Controller;State = Ready;
06/10/20;15:44:13.043;INFO;Server;Command: ExecRobotTask (Initialize,500000);
06/10/20;15:44:13.043;INFO;Controller;Executing asynchronous activity: ExecRobotTask;
06/10/20;15:44:13.043;INFO;Controller;Status = Executing: Initialize;
06/10/20;15:44:13.043;INFO;Controller;State = Running;
06/10/20;15:44:14.007;INFO;Robot Runtime;executing:    Initialize;
06/10/20;15:44:14.144;INFO;Controller;Activity ExecRobotTask ended. Return value: Done;
06/10/20;15:44:14.144;INFO;Controller;State = Ready;
06/10/20;15:44:14.162;INFO;Server;Command: ExecRobotTask (UnmountSpecial,500000);
06/10/20;15:44:14.163;INFO;Controller;Executing asynchronous activity: ExecRobotTask;
06/10/20;15:44:14.163;INFO;Controller;Status = Executing: UnmountSpecial;
06/10/20;15:44:14.163;INFO;Controller;State = Running;
06/10/20;15:44:15.334;INFO;Robot Runtime;executing:    UnmountSpecial;
06/10/20;15:44:20.215;INFO;Controller;Activity ExecRobotTask ended. Return value: Done False/True/False;
06/10/20;15:44:20.216;INFO;Controller;State = Ready;
06/10/20;15:44:20.241;INFO;Server;Command: ExecRobotTask (UnloadSpecial,500000);
06/10/20;15:44:20.241;INFO;Controller;Executing asynchronous activity: ExecRobotTask;
06/10/20;15:44:20.241;INFO;Controller;Status = Executing: UnloadSpecial;
06/10/20;15:44:20.241;INFO;Controller;State = Running;
06/10/20;15:44:21.146;INFO;Robot Runtime;executing:    UnloadSpecial;
06/10/20;15:44:23.880;INFO;Controller;Activity ExecRobotTask ended. Return value: Done False/False/False;
06/10/20;15:44:23.880;INFO;Controller;State = Ready;
06/10/20;15:44:23.904;INFO;Server;Command: ExecRobotTask (UnlatchRobgov,500000);
06/10/20;15:44:23.904;INFO;Controller;Executing asynchronous activity: ExecRobotTask;
06/10/20;15:44:23.904;INFO;Controller;Status = Executing: UnlatchRobgov;
06/10/20;15:44:23.904;INFO;Controller;State = Running;
06/10/20;15:44:24.851;INFO;Robot Runtime;executing:    UnlatchRobgov;
06/10/20;15:44:25.097;INFO;Controller;Activity ExecRobotTask ended. Return value: Done;
06/10/20;15:44:25.097;INFO;Controller;State = Ready;
06/10/20;15:44:25.122;INFO;Server;Command: ExecRobotTask (Home,500000);
06/10/20;15:44:25.122;INFO;Controller;Executing asynchronous activity: ExecRobotTask;
06/10/20;15:44:25.122;INFO;Controller;Status = Executing: Home;
06/10/20;15:44:25.122;INFO;Controller;State = Running;
06/10/20;15:44:26.066;INFO;Robot Runtime;executing:    Home;
06/10/20;15:44:26.580;INFO;Controller;Activity ExecRobotTask ended. Return value: Done;
06/10/20;15:44:26.580;INFO;Controller;State = Ready;
06/10/20;15:44:37.827;INFO;Server;Command: ExecRobotTask (Initialize,500000);
06/10/20;15:44:37.827;INFO;Controller;Executing asynchronous activity: ExecRobotTask;
06/10/20;15:44:37.827;INFO;Controller;Status = Executing: Initialize;
06/10/20;15:44:37.827;INFO;Controller;State = Running;
06/10/20;15:44:38.977;INFO;Robot Runtime;executing:    Initialize;
06/10/20;15:44:39.147;INFO;Controller;Activity ExecRobotTask ended. Return value: Done;
06/10/20;15:44:39.148;INFO;Controller;State = Ready;
06/10/20;15:44:39.170;INFO;Server;Command: ExecRobotTask (TraceSample,500000);
06/10/20;15:44:39.170;INFO;Controller;Executing asynchronous activity: ExecRobotTask;
06/10/20;15:44:39.171;INFO;Controller;Status = Executing: TraceSample;
06/10/20;15:44:39.171;INFO;Controller;State = Running;
06/10/20;15:44:40.034;INFO;Robot Runtime;executing:    TraceSample;
06/10/20;15:44:40.625;INFO;Controller;Activity ExecRobotTask ended. Return value: Done False/False/False;
06/10/20;15:44:40.625;INFO;Controller;State = Ready;
06/10/20;15:44:40.645;INFO;Server;Command: ExecRobotTask (LoadSpecial,500000);
06/10/20;15:44:40.645;INFO;Controller;Executing asynchronous activity: ExecRobotTask;
06/10/20;15:44:40.645;INFO;Controller;Status = Executing: LoadSpecial;
06/10/20;15:44:40.645;INFO;Controller;State = Running;
06/10/20;15:44:41.529;INFO;Robot Runtime;executing:    LoadSpecial;
06/10/20;15:44:44.877;INFO;Controller;Activity ExecRobotTask ended. Return value: Done False/True/False;
06/10/20;15:44:44.877;INFO;Controller;State = Ready;
06/10/20;15:44:44.907;INFO;Server;Command: ExecRobotTask (MountSpecial,500000);
06/10/20;15:44:44.908;INFO;Controller;Executing asynchronous activity: ExecRobotTask;
06/10/20;15:44:44.908;INFO;Controller;Status = Executing: MountSpecial;
06/10/20;15:44:44.908;INFO;Controller;State = Running;
06/10/20;15:44:45.833;INFO;Robot Runtime;executing:    MountSpecial;
06/10/20;15:44:50.489;INFO;Controller;Activity ExecRobotTask ended. Return value: Done True/False/False;
06/10/20;15:44:50.489;INFO;Controller;State = Ready;
06/10/20;15:44:50.511;INFO;Server;Command: ExecRobotTask (UnlatchRobGov,500000);
06/10/20;15:44:50.511;INFO;Controller;Executing asynchronous activity: ExecRobotTask;
06/10/20;15:44:50.511;INFO;Controller;Status = Executing: UnlatchRobGov;
06/10/20;15:44:50.511;INFO;Controller;State = Running;
06/10/20;15:44:51.491;INFO;Robot Runtime;executing:    UnlatchRobGov;
06/10/20;15:44:51.960;INFO;Controller;Activity ExecRobotTask ended. Return value: Done;
06/10/20;15:44:51.960;INFO;Controller;State = Ready;
06/10/20;15:45:08.122;INFO;Server;Command: ExecRobotTask (Initialize,500000);
06/10/20;15:45:08.123;INFO;Controller;Executing asynchronous activity: ExecRobotTask;
06/10/20;15:45:08.123;INFO;Controller;Status = Executing: Initialize;
06/10/20;15:45:08.123;INFO;Controller;State = Running;
06/10/20;15:45:09.273;INFO;Robot Runtime;executing:    Initialize;
06/10/20;15:45:09.694;INFO;Controller;Activity ExecRobotTask ended. Return value: Done;
06/10/20;15:45:09.694;INFO;Controller;State = Ready;
06/10/20;15:45:09.721;INFO;Server;Command: ExecRobotTask (UnmountSpecial,500000);
06/10/20;15:45:09.721;INFO;Controller;Executing asynchronous activity: ExecRobotTask;
06/10/20;15:45:09.721;INFO;Controller;Status = Executing: UnmountSpecial;
06/10/20;15:45:09.721;INFO;Controller;State = Running;
06/10/20;15:45:10.682;INFO;Robot Runtime;executing:    UnmountSpecial;
06/10/20;15:45:27.832;INFO;Controller;Activity ExecRobotTask ended. Return value: Done False/True/False;
06/10/20;15:45:27.832;INFO;Controller;State = Ready;
06/10/20;15:45:27.860;INFO;Server;Command: ExecRobotTask (UnloadSpecial,500000);
06/10/20;15:45:27.860;INFO;Controller;Executing asynchronous activity: ExecRobotTask;
06/10/20;15:45:27.860;INFO;Controller;Status = Executing: UnloadSpecial;
06/10/20;15:45:27.860;INFO;Controller;State = Running;
06/10/20;15:45:28.736;INFO;Robot Runtime;executing:    UnloadSpecial;
06/10/20;15:45:31.897;INFO;Controller;Activity ExecRobotTask ended. Return value: Done False/False/False;
06/10/20;15:45:31.898;INFO;Controller;State = Ready;
06/10/20;15:45:31.926;INFO;Server;Command: ExecRobotTask (UnlatchRobgov,500000);
06/10/20;15:45:31.926;INFO;Controller;Executing asynchronous activity: ExecRobotTask;
06/10/20;15:45:31.926;INFO;Controller;Status = Executing: UnlatchRobgov;
06/10/20;15:45:31.926;INFO;Controller;State = Running;
06/10/20;15:45:32.907;INFO;Robot Runtime;executing:    UnlatchRobgov;
06/10/20;15:45:33.365;INFO;Controller;Activity ExecRobotTask ended. Return value: Done;
06/10/20;15:45:33.365;INFO;Controller;State = Ready;
06/10/20;15:45:33.393;INFO;Server;Command: ExecRobotTask (Home,500000);
06/10/20;15:45:33.393;INFO;Controller;Executing asynchronous activity: ExecRobotTask;
06/10/20;15:45:33.393;INFO;Controller;Status = Executing: Home;
06/10/20;15:45:33.393;INFO;Controller;State = Running;
06/10/20;15:45:34.541;INFO;Robot Runtime;executing:    Home;
06/10/20;15:45:35.356;INFO;Controller;Activity ExecRobotTask ended. Return value: Done;
06/10/20;15:45:35.356;INFO;Controller;State = Ready;
06/10/20;15:45:54.235;INFO;Server;Command: ExecRobotTask (Initialize,500000);
06/10/20;15:45:54.235;INFO;Controller;Executing asynchronous activity: ExecRobotTask;
06/10/20;15:45:54.236;INFO;Controller;Status = Executing: Initialize;
06/10/20;15:45:54.236;INFO;Controller;State = Running;
06/10/20;15:45:55.181;INFO;Robot Runtime;executing:    Initialize;
06/10/20;15:45:55.531;INFO;Controller;Activity ExecRobotTask ended. Return value: Done;
06/10/20;15:45:55.531;INFO;Controller;State = Ready;
06/10/20;15:45:55.562;INFO;Server;Command: ExecRobotTask (TraceSample,500000);
06/10/20;15:45:55.562;INFO;Controller;Executing asynchronous activity: ExecRobotTask;
06/10/20;15:45:55.562;INFO;Controller;Status = Executing: TraceSample;
06/10/20;15:45:55.562;INFO;Controller;State = Running;
06/10/20;15:45:56.412;INFO;Robot Runtime;executing:    TraceSample;
06/10/20;15:45:57.251;INFO;Controller;Activity ExecRobotTask ended. Return value: Done False/False/False;
06/10/20;15:45:57.251;INFO;Controller;State = Ready;
06/10/20;15:45:57.276;INFO;Server;Command: ExecRobotTask (LoadSpecial,500000);
06/10/20;15:45:57.277;INFO;Controller;Executing asynchronous activity: ExecRobotTask;
06/10/20;15:45:57.277;INFO;Controller;Status = Executing: LoadSpecial;
06/10/20;15:45:57.277;INFO;Controller;State = Running;
06/10/20;15:45:58.167;INFO;Robot Runtime;executing:    LoadSpecial;
06/10/20;15:46:01.580;INFO;Controller;Activity ExecRobotTask ended. Return value: Done False/True/False;
06/10/20;15:46:01.580;INFO;Controller;State = Ready;
06/10/20;15:46:01.601;INFO;Server;Command: ExecRobotTask (MountSpecial,500000);
06/10/20;15:46:01.602;INFO;Controller;Executing asynchronous activity: ExecRobotTask;
06/10/20;15:46:01.602;INFO;Controller;Status = Executing: MountSpecial;
06/10/20;15:46:01.602;INFO;Controller;State = Running;
06/10/20;15:46:02.561;INFO;Robot Runtime;executing:    MountSpecial;
06/10/20;15:46:07.202;INFO;Controller;Activity ExecRobotTask ended. Return value: Done True/False/False;
06/10/20;15:46:07.202;INFO;Controller;State = Ready;
06/10/20;15:46:07.227;INFO;Server;Command: ExecRobotTask (UnlatchRobGov,500000);
06/10/20;15:46:07.228;INFO;Controller;Executing asynchronous activity: ExecRobotTask;
06/10/20;15:46:07.228;INFO;Controller;Status = Executing: UnlatchRobGov;
06/10/20;15:46:07.228;INFO;Controller;State = Running;
06/10/20;15:46:08.411;INFO;Robot Runtime;executing:    UnlatchRobGov;
06/10/20;15:46:08.943;INFO;Controller;Activity ExecRobotTask ended. Return value: Done;
06/10/20;15:46:08.943;INFO;Controller;State = Ready;
06/10/20;15:46:24.788;INFO;Server;Command: ExecRobotTask (Initialize,500000);
06/10/20;15:46:24.789;INFO;Controller;Executing asynchronous activity: ExecRobotTask;
06/10/20;15:46:24.789;INFO;Controller;Status = Executing: Initialize;
06/10/20;15:46:24.789;INFO;Controller;State = Running;
06/10/20;15:46:25.755;INFO;Robot Runtime;executing:    Initialize;
06/10/20;15:46:26.169;INFO;Controller;Activity ExecRobotTask ended. Return value: Done;
06/10/20;15:46:26.169;INFO;Controller;State = Ready;
06/10/20;15:46:26.194;INFO;Server;Command: ExecRobotTask (UnmountSpecial,500000);
06/10/20;15:46:26.194;INFO;Controller;Executing asynchronous activity: ExecRobotTask;
06/10/20;15:46:26.194;INFO;Controller;Status = Executing: UnmountSpecial;
06/10/20;15:46:26.194;INFO;Controller;State = Running;
06/10/20;15:46:27.158;INFO;Robot Runtime;executing:    UnmountSpecial;
06/10/20;15:46:31.632;INFO;Controller;Activity ExecRobotTask ended. Return value: Done False/True/False;
06/10/20;15:46:31.632;INFO;Controller;State = Ready;
06/10/20;15:46:31.662;INFO;Server;Command: ExecRobotTask (UnloadSpecial,500000);
06/10/20;15:46:31.662;INFO;Controller;Executing asynchronous activity: ExecRobotTask;
06/10/20;15:46:31.662;INFO;Controller;Status = Executing: UnloadSpecial;
06/10/20;15:46:31.662;INFO;Controller;State = Running;
06/10/20;15:46:32.542;INFO;Robot Runtime;executing:    UnloadSpecial;
06/10/20;15:46:35.624;INFO;Controller;Activity ExecRobotTask ended. Return value: Done False/False/False;
06/10/20;15:46:35.624;INFO;Controller;State = Ready;
06/10/20;15:46:35.651;INFO;Server;Command: ExecRobotTask (UnlatchRobgov,500000);
06/10/20;15:46:35.651;INFO;Controller;Executing asynchronous activity: ExecRobotTask;
06/10/20;15:46:35.651;INFO;Controller;Status = Executing: UnlatchRobgov;
06/10/20;15:46:35.651;INFO;Controller;State = Running;
06/10/20;15:46:36.832;INFO;Robot Runtime;executing:    UnlatchRobgov;
06/10/20;15:46:37.365;INFO;Controller;Activity ExecRobotTask ended. Return value: Done;
06/10/20;15:46:37.366;INFO;Controller;State = Ready;
06/10/20;15:46:37.398;INFO;Server;Command: ExecRobotTask (Home,500000);
06/10/20;15:46:37.398;INFO;Controller;Executing asynchronous activity: ExecRobotTask;
06/10/20;15:46:37.398;INFO;Controller;Status = Executing: Home;
06/10/20;15:46:37.398;INFO;Controller;State = Running;
06/10/20;15:46:38.328;INFO;Robot Runtime;executing:    Home;
06/10/20;15:46:39.087;INFO;Controller;Activity ExecRobotTask ended. Return value: Done;
06/10/20;15:46:39.088;INFO;Controller;State = Ready;
06/10/20;15:46:53.448;INFO;Server;Command: ExecRobotTask (Initialize,500000);
06/10/20;15:46:53.448;INFO;Controller;Executing asynchronous activity: ExecRobotTask;
06/10/20;15:46:53.448;INFO;Controller;Status = Executing: Initialize;
06/10/20;15:46:53.448;INFO;Controller;State = Running;
06/10/20;15:46:54.440;INFO;Robot Runtime;executing:    Initialize;
06/10/20;15:46:54.843;INFO;Controller;Activity ExecRobotTask ended. Return value: Done;
06/10/20;15:46:54.843;INFO;Controller;State = Ready;
06/10/20;15:46:54.869;INFO;Server;Command: ExecRobotTask (TraceSample,500000);
06/10/20;15:46:54.870;INFO;Controller;Executing asynchronous activity: ExecRobotTask;
06/10/20;15:46:54.893;INFO;Controller;Status = Executing: TraceSample;
06/10/20;15:46:54.893;INFO;Controller;State = Running;
06/10/20;15:46:55.738;INFO;Robot Runtime;executing:    TraceSample;
06/10/20;15:46:56.557;INFO;Controller;Activity ExecRobotTask ended. Return value: Done False/False/False;
06/10/20;15:46:56.557;INFO;Controller;State = Ready;
06/10/20;15:46:56.580;INFO;Server;Command: ExecRobotTask (LoadSpecial,500000);
06/10/20;15:46:56.580;INFO;Controller;Executing asynchronous activity: ExecRobotTask;
06/10/20;15:46:56.580;INFO;Controller;Status = Executing: LoadSpecial;
06/10/20;15:46:56.580;INFO;Controller;State = Running;
06/10/20;15:46:57.464;INFO;Robot Runtime;executing:    LoadSpecial;
06/10/20;15:47:00.898;INFO;Controller;Activity ExecRobotTask ended. Return value: Done False/True/False;
06/10/20;15:47:00.898;INFO;Controller;State = Ready;
06/10/20;15:47:00.923;INFO;Server;Command: ExecRobotTask (MountSpecial,500000);
06/10/20;15:47:00.923;INFO;Controller;Executing asynchronous activity: ExecRobotTask;
06/10/20;15:47:00.923;INFO;Controller;Status = Executing: MountSpecial;
06/10/20;15:47:00.923;INFO;Controller;State = Running;
06/10/20;15:47:02.099;INFO;Robot Runtime;executing:    MountSpecial;
06/10/20;15:47:06.786;INFO;Controller;Activity ExecRobotTask ended. Return value: Done True/False/False;
06/10/20;15:47:06.786;INFO;Controller;State = Ready;
06/10/20;15:47:06.815;INFO;Server;Command: ExecRobotTask (UnlatchRobGov,500000);
06/10/20;15:47:06.815;INFO;Controller;Executing asynchronous activity: ExecRobotTask;
06/10/20;15:47:06.816;INFO;Controller;Status = Executing: UnlatchRobGov;
06/10/20;15:47:06.816;INFO;Controller;State = Running;
06/10/20;15:47:07.763;INFO;Robot Runtime;executing:    UnlatchRobGov;
06/10/20;15:47:08.253;INFO;Controller;Activity ExecRobotTask ended. Return value: Done;
06/10/20;15:47:08.254;INFO;Controller;State = Ready;
06/10/20;15:47:33.411;INFO;Server;Command: ExecRobotTask (Initialize,500000);
06/10/20;15:47:33.411;INFO;Controller;Executing asynchronous activity: ExecRobotTask;
06/10/20;15:47:33.411;INFO;Controller;Status = Executing: Initialize;
06/10/20;15:47:33.411;INFO;Controller;State = Running;
06/10/20;15:47:34.364;INFO;Robot Runtime;executing:    Initialize;
06/10/20;15:47:34.492;INFO;Controller;Activity ExecRobotTask ended. Return value: Done;
06/10/20;15:47:34.492;INFO;Controller;State = Ready;
06/10/20;15:47:34.525;INFO;Server;Command: ExecRobotTask (UnmountSpecial,500000);
06/10/20;15:47:34.525;INFO;Controller;Executing asynchronous activity: ExecRobotTask;
06/10/20;15:47:34.526;INFO;Controller;Status = Executing: UnmountSpecial;
06/10/20;15:47:34.526;INFO;Controller;State = Running;
06/10/20;15:47:35.709;INFO;Robot Runtime;executing:    UnmountSpecial;
06/10/20;15:47:40.552;INFO;Controller;Activity ExecRobotTask ended. Return value: Done False/True/False;
06/10/20;15:47:40.552;INFO;Controller;State = Ready;
06/10/20;15:47:40.584;INFO;Server;Command: ExecRobotTask (UnloadSpecial,500000);
06/10/20;15:47:40.584;INFO;Controller;Executing asynchronous activity: ExecRobotTask;
06/10/20;15:47:40.584;INFO;Controller;Status = Executing: UnloadSpecial;
06/10/20;15:47:40.584;INFO;Controller;State = Running;
06/10/20;15:47:41.476;INFO;Robot Runtime;executing:    UnloadSpecial;
06/10/20;15:47:44.380;INFO;Controller;Activity ExecRobotTask ended. Return value: Done False/False/False;
06/10/20;15:47:44.380;INFO;Controller;State = Ready;
06/10/20;15:47:44.412;INFO;Server;Command: ExecRobotTask (UnlatchRobgov,500000);
06/10/20;15:47:44.412;INFO;Controller;Executing asynchronous activity: ExecRobotTask;
06/10/20;15:47:44.412;INFO;Controller;Status = Executing: UnlatchRobgov;
06/10/20;15:47:44.412;INFO;Controller;State = Running;
06/10/20;15:47:45.356;INFO;Robot Runtime;executing:    UnlatchRobgov;
06/10/20;15:47:45.845;INFO;Controller;Activity ExecRobotTask ended. Return value: Done;
06/10/20;15:47:45.846;INFO;Controller;State = Ready;
06/10/20;15:47:45.875;INFO;Server;Command: ExecRobotTask (Home,500000);
06/10/20;15:47:45.875;INFO;Controller;Executing asynchronous activity: ExecRobotTask;
06/10/20;15:47:45.875;INFO;Controller;Status = Executing: Home;
06/10/20;15:47:45.875;INFO;Controller;State = Running;
06/10/20;15:47:46.819;INFO;Robot Runtime;executing:    Home;
06/10/20;15:47:47.569;INFO;Controller;Activity ExecRobotTask ended. Return value: Done;
06/10/20;15:47:47.569;INFO;Controller;State = Ready;
06/10/20;15:48:05.643;INFO;Server;Command: ExecRobotTask (Initialize,500000);
06/10/20;15:48:05.643;INFO;Controller;Executing asynchronous activity: ExecRobotTask;
06/10/20;15:48:05.643;INFO;Controller;Status = Executing: Initialize;
06/10/20;15:48:05.644;INFO;Controller;State = Running;
06/10/20;15:48:06.815;INFO;Robot Runtime;executing:    Initialize;
06/10/20;15:48:07.268;INFO;Controller;Activity ExecRobotTask ended. Return value: Done;
06/10/20;15:48:07.268;INFO;Controller;State = Ready;
06/10/20;15:48:07.302;INFO;Server;Command: ExecRobotTask (TraceSample,500000);
06/10/20;15:48:07.302;INFO;Controller;Executing asynchronous activity: ExecRobotTask;
06/10/20;15:48:07.302;INFO;Controller;Status = Executing: TraceSample;
06/10/20;15:48:07.302;INFO;Controller;State = Running;
06/10/20;15:48:08.156;INFO;Robot Runtime;executing:    TraceSample;
06/10/20;15:48:08.986;INFO;Controller;Activity ExecRobotTask ended. Return value: Done False/False/False;
06/10/20;15:48:08.987;INFO;Controller;State = Ready;
06/10/20;15:48:09.020;INFO;Server;Command: ExecRobotTask (LoadSpecial,500000);
06/10/20;15:48:09.020;INFO;Controller;Executing asynchronous activity: ExecRobotTask;
06/10/20;15:48:09.020;INFO;Controller;Status = Executing: LoadSpecial;
06/10/20;15:48:09.020;INFO;Controller;State = Running;
06/10/20;15:48:09.910;INFO;Robot Runtime;executing:    LoadSpecial;
06/10/20;15:48:12.898;INFO;Controller;Activity ExecRobotTask ended. Return value: Done False/True/False;
06/10/20;15:48:12.898;INFO;Controller;State = Ready;
06/10/20;15:48:12.925;INFO;Server;Command: ExecRobotTask (MountSpecial,500000);
06/10/20;15:48:12.926;INFO;Controller;Executing asynchronous activity: ExecRobotTask;
06/10/20;15:48:12.926;INFO;Controller;Status = Executing: MountSpecial;
06/10/20;15:48:12.926;INFO;Controller;State = Running;
06/10/20;15:48:13.846;INFO;Robot Runtime;executing:    MountSpecial;
06/10/20;15:48:18.443;INFO;Controller;Activity ExecRobotTask ended. Return value: Done True/False/False;
06/10/20;15:48:18.443;INFO;Controller;State = Ready;
06/10/20;15:48:18.474;INFO;Server;Command: ExecRobotTask (UnlatchRobGov,500000);
06/10/20;15:48:18.474;INFO;Controller;Executing asynchronous activity: ExecRobotTask;
06/10/20;15:48:18.474;INFO;Controller;Status = Executing: UnlatchRobGov;
06/10/20;15:48:18.474;INFO;Controller;State = Running;
06/10/20;15:48:19.463;INFO;Robot Runtime;executing:    UnlatchRobGov;
06/10/20;15:48:19.916;INFO;Controller;Activity ExecRobotTask ended. Return value: Done;
06/10/20;15:48:19.916;INFO;Controller;State = Ready;
06/10/20;15:48:48.992;INFO;Server;Command: ExecRobotTask (Initialize,500000);
06/10/20;15:48:48.992;INFO;Controller;Executing asynchronous activity: ExecRobotTask;
06/10/20;15:48:48.992;INFO;Controller;Status = Executing: Initialize;
06/10/20;15:48:48.992;INFO;Controller;State = Running;
06/10/20;15:48:50.158;INFO;Robot Runtime;executing:    Initialize;
06/10/20;15:48:50.650;INFO;Controller;Activity ExecRobotTask ended. Return value: Done;
06/10/20;15:48:50.650;INFO;Controller;State = Ready;
06/10/20;15:48:50.681;INFO;Server;Command: ExecRobotTask (UnmountSpecial,500000);
06/10/20;15:48:50.682;INFO;Controller;Executing asynchronous activity: ExecRobotTask;
06/10/20;15:48:50.682;INFO;Controller;Status = Executing: UnmountSpecial;
06/10/20;15:48:50.682;INFO;Controller;State = Running;
06/10/20;15:48:51.622;INFO;Robot Runtime;executing:    UnmountSpecial;
06/10/20;15:48:56.085;INFO;Controller;Activity ExecRobotTask ended. Return value: Done False/True/False;
06/10/20;15:48:56.086;INFO;Controller;State = Ready;
06/10/20;15:48:56.118;INFO;Server;Command: ExecRobotTask (UnloadSpecial,500000);
06/10/20;15:48:56.118;INFO;Controller;Executing asynchronous activity: ExecRobotTask;
06/10/20;15:48:56.118;INFO;Controller;Status = Executing: UnloadSpecial;
06/10/20;15:48:56.118;INFO;Controller;State = Running;
06/10/20;15:48:56.994;INFO;Robot Runtime;executing:    UnloadSpecial;
06/10/20;15:49:00.057;INFO;Controller;Activity ExecRobotTask ended. Return value: Done False/False/False;
06/10/20;15:49:00.057;INFO;Controller;State = Ready;
06/10/20;15:49:00.091;INFO;Server;Command: ExecRobotTask (UnlatchRobgov,500000);
06/10/20;15:49:00.091;INFO;Controller;Executing asynchronous activity: ExecRobotTask;
06/10/20;15:49:00.091;INFO;Controller;Status = Executing: UnlatchRobgov;
06/10/20;15:49:00.091;INFO;Controller;State = Running;
06/10/20;15:49:01.080;INFO;Robot Runtime;executing:    UnlatchRobgov;
06/10/20;15:49:01.529;INFO;Controller;Activity ExecRobotTask ended. Return value: Done;
06/10/20;15:49:01.530;INFO;Controller;State = Ready;
06/10/20;15:49:01.554;INFO;Server;Command: ExecRobotTask (Home,500000);
06/10/20;15:49:01.554;INFO;Controller;Executing asynchronous activity: ExecRobotTask;
06/10/20;15:49:01.554;INFO;Controller;Status = Executing: Home;
06/10/20;15:49:01.554;INFO;Controller;State = Running;
06/10/20;15:49:02.708;INFO;Robot Runtime;executing:    Home;
06/10/20;15:49:03.529;INFO;Controller;Activity ExecRobotTask ended. Return value: Done;
06/10/20;15:49:03.529;INFO;Controller;State = Ready;
06/10/20;15:49:38.408;INFO;Server;Command: ExecRobotTask (Initialize,500000);
06/10/20;15:49:38.408;INFO;Controller;Executing asynchronous activity: ExecRobotTask;
06/10/20;15:49:38.408;INFO;Controller;Status = Executing: Initialize;
06/10/20;15:49:38.408;INFO;Controller;State = Running;
06/10/20;15:49:39.337;INFO;Robot Runtime;executing:    Initialize;
06/10/20;15:49:39.801;INFO;Controller;Activity ExecRobotTask ended. Return value: Done;
06/10/20;15:49:39.802;INFO;Controller;State = Ready;
06/10/20;15:49:39.832;INFO;Server;Command: ExecRobotTask (TraceSample,500000);
06/10/20;15:49:39.833;INFO;Controller;Executing asynchronous activity: ExecRobotTask;
06/10/20;15:49:39.833;INFO;Controller;Status = Executing: TraceSample;
06/10/20;15:49:39.833;INFO;Controller;State = Running;
06/10/20;15:49:40.676;INFO;Robot Runtime;executing:    TraceSample;
06/10/20;15:49:41.521;INFO;Controller;Activity ExecRobotTask ended. Return value: Done False/False/False;
06/10/20;15:49:41.521;INFO;Controller;State = Ready;
06/10/20;15:49:41.553;INFO;Server;Command: ExecRobotTask (LoadSpecial,500000);
06/10/20;15:49:41.553;INFO;Controller;Executing asynchronous activity: ExecRobotTask;
06/10/20;15:49:41.553;INFO;Controller;Status = Executing: LoadSpecial;
06/10/20;15:49:41.553;INFO;Controller;State = Running;
06/10/20;15:49:42.440;INFO;Robot Runtime;executing:    LoadSpecial;
06/10/20;15:49:45.447;INFO;Controller;Activity ExecRobotTask ended. Return value: Done False/True/False;
06/10/20;15:49:45.447;INFO;Controller;State = Ready;
06/10/20;15:49:45.478;INFO;Server;Command: ExecRobotTask (MountSpecial,500000);
06/10/20;15:49:45.478;INFO;Controller;Executing asynchronous activity: ExecRobotTask;
06/10/20;15:49:45.478;INFO;Controller;Status = Executing: MountSpecial;
06/10/20;15:49:45.478;INFO;Controller;State = Running;
06/10/20;15:49:46.439;INFO;Robot Runtime;executing:    MountSpecial;
06/10/20;15:49:50.836;INFO;Controller;Activity ExecRobotTask ended. Return value: Done True/False/False;
06/10/20;15:49:50.836;INFO;Controller;State = Ready;
06/10/20;15:49:50.871;INFO;Server;Command: ExecRobotTask (UnlatchRobGov,500000);
06/10/20;15:49:50.872;INFO;Controller;Executing asynchronous activity: ExecRobotTask;
06/10/20;15:49:50.872;INFO;Controller;Status = Executing: UnlatchRobGov;
06/10/20;15:49:50.872;INFO;Controller;State = Running;
06/10/20;15:49:52.068;INFO;Robot Runtime;executing:    UnlatchRobGov;
06/10/20;15:49:52.499;INFO;Controller;Activity ExecRobotTask ended. Return value: Done;
06/10/20;15:49:52.499;INFO;Controller;State = Ready;
06/10/20;15:50:17.727;INFO;Server;Command: ExecRobotTask (Initialize,500000);
06/10/20;15:50:17.727;INFO;Controller;Executing asynchronous activity: ExecRobotTask;
06/10/20;15:50:17.728;INFO;Controller;Status = Executing: Initialize;
06/10/20;15:50:17.728;INFO;Controller;State = Running;
06/10/20;15:50:18.655;INFO;Robot Runtime;executing:    Initialize;
06/10/20;15:50:19.093;INFO;Controller;Activity ExecRobotTask ended. Return value: Done;
06/10/20;15:50:19.093;INFO;Controller;State = Ready;
06/10/20;15:50:19.123;INFO;Server;Command: ExecRobotTask (UnmountSpecial,500000);
06/10/20;15:50:19.123;INFO;Controller;Executing asynchronous activity: ExecRobotTask;
06/10/20;15:50:19.123;INFO;Controller;Status = Executing: UnmountSpecial;
06/10/20;15:50:19.123;INFO;Controller;State = Running;
06/10/20;15:50:20.104;INFO;Robot Runtime;executing:    UnmountSpecial;
06/10/20;15:50:24.978;INFO;Controller;Activity ExecRobotTask ended. Return value: Done False/True/False;
06/10/20;15:50:24.978;INFO;Controller;State = Ready;
06/10/20;15:50:25.011;INFO;Server;Command: ExecRobotTask (UnloadSpecial,500000);
06/10/20;15:50:25.011;INFO;Controller;Executing asynchronous activity: ExecRobotTask;
06/10/20;15:50:25.012;INFO;Controller;Status = Executing: UnloadSpecial;
06/10/20;15:50:25.012;INFO;Controller;State = Running;
06/10/20;15:50:25.886;INFO;Robot Runtime;executing:    UnloadSpecial;
06/10/20;15:50:28.788;INFO;Controller;Activity ExecRobotTask ended. Return value: Done False/False/False;
06/10/20;15:50:28.789;INFO;Controller;State = Ready;
06/10/20;15:50:28.822;INFO;Server;Command: ExecRobotTask (UnlatchRobgov,500000);
06/10/20;15:50:28.823;INFO;Controller;Executing asynchronous activity: ExecRobotTask;
06/10/20;15:50:28.823;INFO;Controller;Status = Executing: UnlatchRobgov;
06/10/20;15:50:28.823;INFO;Controller;State = Running;
06/10/20;15:50:30.009;INFO;Robot Runtime;executing:    UnlatchRobgov;
06/10/20;15:50:30.527;INFO;Controller;Activity ExecRobotTask ended. Return value: Done;
06/10/20;15:50:30.527;INFO;Controller;State = Ready;
06/10/20;15:50:30.555;INFO;Server;Command: ExecRobotTask (Home,500000);
06/10/20;15:50:30.555;INFO;Controller;Executing asynchronous activity: ExecRobotTask;
06/10/20;15:50:30.555;INFO;Controller;Status = Executing: Home;
06/10/20;15:50:30.555;INFO;Controller;State = Running;
06/10/20;15:50:31.475;INFO;Robot Runtime;executing:    Home;
06/10/20;15:50:32.250;INFO;Controller;Activity ExecRobotTask ended. Return value: Done;
06/10/20;15:50:32.250;INFO;Controller;State = Ready;
06/10/20;15:50:41.360;INFO;Server;Command: ExecRobotTask (Initialize,500000);
06/10/20;15:50:41.361;INFO;Controller;Executing asynchronous activity: ExecRobotTask;
06/10/20;15:50:41.361;INFO;Controller;Status = Executing: Initialize;
06/10/20;15:50:41.361;INFO;Controller;State = Running;
06/10/20;15:50:42.323;INFO;Robot Runtime;executing:    Initialize;
06/10/20;15:50:42.854;INFO;Controller;Activity ExecRobotTask ended. Return value: Done;
06/10/20;15:50:42.855;INFO;Controller;State = Ready;
06/10/20;15:50:42.881;INFO;Server;Command: ExecRobotTask (TraceSample,500000);
06/10/20;15:50:42.882;INFO;Controller;Executing asynchronous activity: ExecRobotTask;
06/10/20;15:50:42.882;INFO;Controller;Status = Executing: TraceSample;
06/10/20;15:50:42.882;INFO;Controller;State = Running;
06/10/20;15:50:43.724;INFO;Robot Runtime;executing:    TraceSample;
06/10/20;15:50:44.571;INFO;Controller;Activity ExecRobotTask ended. Return value: Done False/False/False;
06/10/20;15:50:44.571;INFO;Controller;State = Ready;
06/10/20;15:50:44.608;INFO;Server;Command: ExecRobotTask (LoadSpecial,500000);
06/10/20;15:50:44.608;INFO;Controller;Executing asynchronous activity: ExecRobotTask;
06/10/20;15:50:44.608;INFO;Controller;Status = Executing: LoadSpecial;
06/10/20;15:50:44.608;INFO;Controller;State = Running;
06/10/20;15:50:45.485;INFO;Robot Runtime;executing:    LoadSpecial;
06/10/20;15:50:48.650;INFO;Controller;Activity ExecRobotTask ended. Return value: Done False/True/False;
06/10/20;15:50:48.651;INFO;Controller;State = Ready;
06/10/20;15:50:48.686;INFO;Server;Command: ExecRobotTask (MountSpecial,500000);
06/10/20;15:50:48.687;INFO;Controller;Executing asynchronous activity: ExecRobotTask;
06/10/20;15:50:48.687;INFO;Controller;Status = Executing: MountSpecial;
06/10/20;15:50:48.687;INFO;Controller;State = Running;
06/10/20;15:50:49.860;INFO;Robot Runtime;executing:    MountSpecial;
06/10/20;15:50:54.531;INFO;Controller;Activity ExecRobotTask ended. Return value: Done True/False/False;
06/10/20;15:50:54.531;INFO;Controller;State = Ready;
06/10/20;15:50:54.561;INFO;Server;Command: ExecRobotTask (UnlatchRobGov,500000);
06/10/20;15:50:54.561;INFO;Controller;Executing asynchronous activity: ExecRobotTask;
06/10/20;15:50:54.561;INFO;Controller;Status = Executing: UnlatchRobGov;
06/10/20;15:50:54.561;INFO;Controller;State = Running;
06/10/20;15:50:55.515;INFO;Robot Runtime;executing:    UnlatchRobGov;
06/10/20;15:50:55.995;INFO;Controller;Activity ExecRobotTask ended. Return value: Done;
06/10/20;15:50:55.995;INFO;Controller;State = Ready;
06/10/20;15:51:13.261;INFO;Server;Command: ExecRobotTask (Initialize,500000);
06/10/20;15:51:13.261;INFO;Controller;Executing asynchronous activity: ExecRobotTask;
06/10/20;15:51:13.261;INFO;Controller;Status = Executing: Initialize;
06/10/20;15:51:13.261;INFO;Controller;State = Running;
06/10/20;15:51:14.231;INFO;Robot Runtime;executing:    Initialize;
06/10/20;15:51:14.705;INFO;Controller;Activity ExecRobotTask ended. Return value: Done;
06/10/20;15:51:14.705;INFO;Controller;State = Ready;
06/10/20;15:51:14.736;INFO;Server;Command: ExecRobotTask (UnmountSpecial,500000);
06/10/20;15:51:14.737;INFO;Controller;Executing asynchronous activity: ExecRobotTask;
06/10/20;15:51:14.737;INFO;Controller;Status = Executing: UnmountSpecial;
06/10/20;15:51:14.737;INFO;Controller;State = Running;
06/10/20;15:51:15.907;INFO;Robot Runtime;executing:    UnmountSpecial;
06/10/20;15:51:20.606;INFO;Controller;Activity ExecRobotTask ended. Return value: Done False/True/False;
06/10/20;15:51:20.606;INFO;Controller;State = Ready;
06/10/20;15:51:20.634;INFO;Server;Command: ExecRobotTask (UnloadSpecial,500000);
06/10/20;15:51:20.634;INFO;Controller;Executing asynchronous activity: ExecRobotTask;
06/10/20;15:51:20.635;INFO;Controller;Status = Executing: UnloadSpecial;
06/10/20;15:51:20.635;INFO;Controller;State = Running;
06/10/20;15:51:21.519;INFO;Robot Runtime;executing:    UnloadSpecial;
06/10/20;15:51:24.416;INFO;Controller;Activity ExecRobotTask ended. Return value: Done False/False/False;
06/10/20;15:51:24.416;INFO;Controller;State = Ready;
06/10/20;15:51:24.449;INFO;Server;Command: ExecRobotTask (UnlatchRobgov,500000);
06/10/20;15:51:24.449;INFO;Controller;Executing asynchronous activity: ExecRobotTask;
06/10/20;15:51:24.449;INFO;Controller;Status = Executing: UnlatchRobgov;
06/10/20;15:51:24.449;INFO;Controller;State = Running;
06/10/20;15:51:25.405;INFO;Robot Runtime;executing:    UnlatchRobgov;
06/10/20;15:51:25.893;INFO;Controller;Activity ExecRobotTask ended. Return value: Done;
06/10/20;15:51:25.894;INFO;Controller;State = Ready;
06/10/20;15:51:25.928;INFO;Server;Command: ExecRobotTask (Home,500000);
06/10/20;15:51:25.929;INFO;Controller;Executing asynchronous activity: ExecRobotTask;
06/10/20;15:51:25.929;INFO;Controller;Status = Executing: Home;
06/10/20;15:51:25.929;INFO;Controller;State = Running;
06/10/20;15:51:26.888;INFO;Robot Runtime;executing:    Home;
06/10/20;15:51:27.633;INFO;Controller;Activity ExecRobotTask ended. Return value: Done;
06/10/20;15:51:27.633;INFO;Controller;State = Ready;
06/10/20;15:51:35.384;INFO;Server;Command: ExecRobotTask (Initialize,500000);
06/10/20;15:51:35.385;INFO;Controller;Executing asynchronous activity: ExecRobotTask;
06/10/20;15:51:35.385;INFO;Controller;Status = Executing: Initialize;
06/10/20;15:51:35.385;INFO;Controller;State = Running;
06/10/20;15:51:36.586;INFO;Robot Runtime;executing:    Initialize;
06/10/20;15:51:37.016;INFO;Controller;Activity ExecRobotTask ended. Return value: Done;
06/10/20;15:51:37.016;INFO;Controller;State = Ready;
06/10/20;15:51:37.051;INFO;Server;Command: ExecRobotTask (TraceSample,500000);
06/10/20;15:51:37.051;INFO;Controller;Executing asynchronous activity: ExecRobotTask;
06/10/20;15:51:37.051;INFO;Controller;Status = Executing: TraceSample;
06/10/20;15:51:37.051;INFO;Controller;State = Running;
06/10/20;15:51:37.913;INFO;Robot Runtime;executing:    TraceSample;
06/10/20;15:51:38.746;INFO;Controller;Activity ExecRobotTask ended. Return value: Done False/False/False;
06/10/20;15:51:38.746;INFO;Controller;State = Ready;
06/10/20;15:51:38.778;INFO;Server;Command: ExecRobotTask (LoadSpecial,500000);
06/10/20;15:51:38.778;INFO;Controller;Executing asynchronous activity: ExecRobotTask;
06/10/20;15:51:38.779;INFO;Controller;Status = Executing: LoadSpecial;
06/10/20;15:51:38.779;INFO;Controller;State = Running;
06/10/20;15:51:39.671;INFO;Robot Runtime;executing:    LoadSpecial;
06/10/20;15:51:42.678;INFO;Controller;Activity ExecRobotTask ended. Return value: Done False/True/False;
06/10/20;15:51:42.678;INFO;Controller;State = Ready;
06/10/20;15:51:42.716;INFO;Server;Command: ExecRobotTask (MountSpecial,500000);
06/10/20;15:51:42.716;INFO;Controller;Executing asynchronous activity: ExecRobotTask;
06/10/20;15:51:42.716;INFO;Controller;Status = Executing: MountSpecial;
06/10/20;15:51:42.716;INFO;Controller;State = Running;
06/10/20;15:51:43.650;INFO;Robot Runtime;executing:    MountSpecial;
06/10/20;15:51:48.068;INFO;Controller;Activity ExecRobotTask ended. Return value: Done True/False/False;
06/10/20;15:51:48.068;INFO;Controller;State = Ready;
06/10/20;15:51:48.104;INFO;Server;Command: ExecRobotTask (UnlatchRobGov,500000);
06/10/20;15:51:48.104;INFO;Controller;Executing asynchronous activity: ExecRobotTask;
06/10/20;15:51:48.104;INFO;Controller;Status = Executing: UnlatchRobGov;
06/10/20;15:51:48.104;INFO;Controller;State = Running;
06/10/20;15:51:49.125;INFO;Robot Runtime;executing:    UnlatchRobGov;
06/10/20;15:51:49.470;INFO;Controller;Activity ExecRobotTask ended. Return value: Done;
06/10/20;15:51:49.470;INFO;Controller;State = Ready;
06/10/20;15:52:10.372;INFO;Server;Command: ExecRobotTask (Initialize,500000);
06/10/20;15:52:10.373;INFO;Controller;Executing asynchronous activity: ExecRobotTask;
06/10/20;15:52:10.373;INFO;Controller;Status = Executing: Initialize;
06/10/20;15:52:10.373;INFO;Controller;State = Running;
06/10/20;15:52:11.524;INFO;Robot Runtime;executing:    Initialize;
06/10/20;15:52:11.883;INFO;Controller;Activity ExecRobotTask ended. Return value: Done;
06/10/20;15:52:11.883;INFO;Controller;State = Ready;
06/10/20;15:52:11.918;INFO;Server;Command: ExecRobotTask (UnmountSpecial,500000);
06/10/20;15:52:11.918;INFO;Controller;Executing asynchronous activity: ExecRobotTask;
06/10/20;15:52:11.918;INFO;Controller;Status = Executing: UnmountSpecial;
06/10/20;15:52:11.918;INFO;Controller;State = Running;
06/10/20;15:52:12.859;INFO;Robot Runtime;executing:    UnmountSpecial;
06/10/20;15:52:17.512;INFO;Controller;Activity ExecRobotTask ended. Return value: Done False/True/False;
06/10/20;15:52:17.512;INFO;Controller;State = Ready;
06/10/20;15:52:17.548;INFO;Server;Command: ExecRobotTask (UnloadSpecial,500000);
06/10/20;15:52:17.549;INFO;Controller;Executing asynchronous activity: ExecRobotTask;
06/10/20;15:52:17.549;INFO;Controller;Status = Executing: UnloadSpecial;
06/10/20;15:52:17.549;INFO;Controller;State = Running;
06/10/20;15:52:18.422;INFO;Robot Runtime;executing:    UnloadSpecial;
06/10/20;15:52:21.322;INFO;Controller;Activity ExecRobotTask ended. Return value: Done False/False/False;
06/10/20;15:52:21.322;INFO;Controller;State = Ready;
06/10/20;15:52:21.357;INFO;Server;Command: ExecRobotTask (UnlatchRobgov,500000);
06/10/20;15:52:21.357;INFO;Controller;Executing asynchronous activity: ExecRobotTask;
06/10/20;15:52:21.357;INFO;Controller;Status = Executing: UnlatchRobgov;
06/10/20;15:52:21.357;INFO;Controller;State = Running;
06/10/20;15:52:22.367;INFO;Robot Runtime;executing:    UnlatchRobgov;
06/10/20;15:52:22.637;INFO;Controller;Activity ExecRobotTask ended. Return value: Done;
06/10/20;15:52:22.637;INFO;Controller;State = Ready;
06/10/20;15:52:22.675;INFO;Server;Command: ExecRobotTask (Home,500000);
06/10/20;15:52:22.675;INFO;Controller;Executing asynchronous activity: ExecRobotTask;
06/10/20;15:52:22.675;INFO;Controller;Status = Executing: Home;
06/10/20;15:52:22.675;INFO;Controller;State = Running;
06/10/20;15:52:23.791;INFO;Robot Runtime;executing:    Home;
06/10/20;15:52:24.543;INFO;Controller;Activity ExecRobotTask ended. Return value: Done;
06/10/20;15:52:24.543;INFO;Controller;State = Ready;
