23/04/20;14:27:46.211;INFO;Server;Command: ExecRobotTask (Initialize,500000);
23/04/20;14:27:46.212;INFO;Controller;Executing asynchronous activity: ExecRobotTask;
23/04/20;14:27:46.212;INFO;Controller;Status = Executing: Initialize;
23/04/20;14:27:46.212;INFO;Controller;State = Running;
23/04/20;14:27:47.125;INFO;Robot Runtime;executing:    Initialize;
23/04/20;14:27:48.357;INFO;Controller;Activity ExecRobotTask ended. Return value: Done;
23/04/20;14:27:48.357;INFO;Controller;State = Ready;
23/04/20;14:27:48.376;INFO;Server;Command: ExecRobotTask (Home,500000);
23/04/20;14:27:48.376;INFO;Controller;Executing asynchronous activity: ExecRobotTask;
23/04/20;14:27:48.376;INFO;Controller;Status = Executing: Home;
23/04/20;14:27:48.376;INFO;Controller;State = Running;
23/04/20;14:27:49.213;INFO;Robot Runtime;executing:    Home;
23/04/20;14:27:49.808;INFO;Controller;Activity ExecRobotTask ended. Return value: Done;
23/04/20;14:27:49.809;INFO;Controller;State = Ready;
23/04/20;14:27:49.819;INFO;Server;Command: ExecRobotTask (Park,500000);
23/04/20;14:27:49.819;INFO;Controller;Executing asynchronous activity: ExecRobotTask;
23/04/20;14:27:49.820;INFO;Controller;Status = Executing: Park;
23/04/20;14:27:49.820;INFO;Controller;State = Running;
23/04/20;14:27:50.650;INFO;Robot Runtime;executing:    Park;
23/04/20;14:27:53.864;INFO;Controller;Activity ExecRobotTask ended. Return value: Done;
23/04/20;14:27:53.864;INFO;Controller;State = Ready;
23/04/20;14:31:15.209;INFO;Server;Command: ExecRobotTask (Initialize,500000);
23/04/20;14:31:15.210;INFO;Controller;Executing asynchronous activity: ExecRobotTask;
23/04/20;14:31:15.210;INFO;Controller;Status = Executing: Initialize;
23/04/20;14:31:15.210;INFO;Controller;State = Running;
23/04/20;14:31:16.038;INFO;Robot Runtime;executing:    Initialize;
23/04/20;14:31:16.193;INFO;Controller;Activity ExecRobotTask ended. Return value: Done;
23/04/20;14:31:16.193;INFO;Controller;State = Ready;
23/04/20;14:31:16.401;INFO;Server;Command: ExecRobotTask (Load,500000);
23/04/20;14:31:16.401;INFO;Controller;Executing asynchronous activity: ExecRobotTask;
23/04/20;14:31:16.401;INFO;Controller;Status = Executing: Load;
23/04/20;14:31:16.401;INFO;Controller;State = Running;
23/04/20;14:31:17.445;INFO;Robot Runtime;executing:    Load;
23/04/20;14:31:26.672;INFO;Controller;Activity ExecRobotTask ended. Return value: Done False/True/True;
23/04/20;14:31:26.672;INFO;Controller;State = Ready;
23/04/20;14:31:26.685;INFO;Server;Command: ExecRobotTask (Home,500000);
23/04/20;14:31:26.685;INFO;Controller;Executing asynchronous activity: ExecRobotTask;
23/04/20;14:31:26.685;INFO;Controller;Status = Executing: Home;
23/04/20;14:31:26.685;INFO;Controller;State = Running;
23/04/20;14:31:27.529;INFO;Robot Runtime;executing:    Home;
23/04/20;14:31:28.906;INFO;Controller;Activity ExecRobotTask ended. Return value: Done;
23/04/20;14:31:28.906;INFO;Controller;State = Ready;
23/04/20;14:31:28.918;INFO;Server;Command: ExecRobotTask (Unload,500000);
23/04/20;14:31:28.918;INFO;Controller;Executing asynchronous activity: ExecRobotTask;
23/04/20;14:31:28.918;INFO;Controller;Status = Executing: Unload;
23/04/20;14:31:28.918;INFO;Controller;State = Running;
23/04/20;14:31:30.011;INFO;Robot Runtime;executing:    Unload;
23/04/20;14:31:34.614;INFO;Controller;Activity ExecRobotTask ended. Return value: Done False/False/False;
23/04/20;14:31:34.614;INFO;Controller;State = Ready;
23/04/20;14:31:34.623;INFO;Server;Command: ExecRobotTask (Home,500000);
23/04/20;14:31:34.623;INFO;Controller;Executing asynchronous activity: ExecRobotTask;
23/04/20;14:31:34.623;INFO;Controller;Status = Executing: Home;
23/04/20;14:31:34.623;INFO;Controller;State = Running;
23/04/20;14:31:35.524;INFO;Robot Runtime;executing:    Home;
23/04/20;14:31:36.597;INFO;Controller;Activity ExecRobotTask ended. Return value: Done;
23/04/20;14:31:36.597;INFO;Controller;State = Ready;
23/04/20;14:31:36.605;INFO;Server;Command: ExecRobotTask (Park,500000);
23/04/20;14:31:36.606;INFO;Controller;Executing asynchronous activity: ExecRobotTask;
23/04/20;14:31:36.606;INFO;Controller;Status = Executing: Park;
23/04/20;14:31:36.606;INFO;Controller;State = Running;
23/04/20;14:31:37.436;INFO;Robot Runtime;executing:    Park;
23/04/20;14:31:40.658;INFO;Controller;Activity ExecRobotTask ended. Return value: Done;
23/04/20;14:31:40.658;INFO;Controller;State = Ready;
23/04/20;14:31:51.989;INFO;Server;Command: ExecRobotTask (Initialize,500000);
23/04/20;14:31:51.989;INFO;Controller;Executing asynchronous activity: ExecRobotTask;
23/04/20;14:31:51.989;INFO;Controller;Status = Executing: Initialize;
23/04/20;14:31:51.989;INFO;Controller;State = Running;
23/04/20;14:31:52.841;INFO;Robot Runtime;executing:    Initialize;
23/04/20;14:31:53.346;INFO;Controller;Activity ExecRobotTask ended. Return value: Done;
23/04/20;14:31:53.346;INFO;Controller;State = Ready;
23/04/20;14:31:53.559;INFO;Server;Command: ExecRobotTask (Load,500000);
23/04/20;14:31:53.559;INFO;Controller;Executing asynchronous activity: ExecRobotTask;
23/04/20;14:31:53.559;INFO;Controller;Status = Executing: Load;
23/04/20;14:31:53.559;INFO;Controller;State = Running;
23/04/20;14:31:54.619;INFO;Robot Runtime;executing:    Load;
23/04/20;14:32:03.664;INFO;Controller;Activity ExecRobotTask ended. Return value: Done False/True/False;
23/04/20;14:32:03.664;INFO;Controller;State = Ready;
23/04/20;14:32:03.681;INFO;Server;Command: ExecRobotTask (Mount,500000);
23/04/20;14:32:03.682;INFO;Controller;Executing asynchronous activity: ExecRobotTask;
23/04/20;14:32:03.682;INFO;Controller;Status = Executing: Mount;
23/04/20;14:32:03.682;INFO;Controller;State = Running;
23/04/20;14:32:04.797;INFO;Robot Runtime;executing:    Mount;
23/04/20;14:32:09.100;INFO;Controller;Activity ExecRobotTask ended. Return value: Done True/False/False;
23/04/20;14:32:09.101;INFO;Controller;State = Ready;
23/04/20;14:32:09.108;INFO;Server;Command: ExecRobotTask (Park,500000);
23/04/20;14:32:09.108;INFO;Controller;Executing asynchronous activity: ExecRobotTask;
23/04/20;14:32:09.108;INFO;Controller;Status = Executing: Park;
23/04/20;14:32:09.108;INFO;Controller;State = Running;
23/04/20;14:32:09.971;INFO;Robot Runtime;executing:    Park;
23/04/20;14:32:11.711;INFO;Controller;Activity ExecRobotTask ended. Return value: Done;
23/04/20;14:32:11.711;INFO;Controller;State = Ready;
23/04/20;14:32:11.726;INFO;Server;Command: ExecRobotTask (UnlatchRobGov,500000);
23/04/20;14:32:11.726;INFO;Controller;Executing asynchronous activity: ExecRobotTask;
23/04/20;14:32:11.726;INFO;Controller;Status = Executing: UnlatchRobGov;
23/04/20;14:32:11.726;INFO;Controller;State = Running;
23/04/20;14:32:12.615;INFO;Robot Runtime;executing:    UnlatchRobGov;
23/04/20;14:32:13.093;INFO;Controller;Activity ExecRobotTask ended. Return value: Done;
23/04/20;14:32:13.093;INFO;Controller;State = Ready;
23/04/20;14:41:49.565;INFO;Server;Command: ExecRobotTask (Unmount,500000);
23/04/20;14:41:49.565;INFO;Controller;Executing asynchronous activity: ExecRobotTask;
23/04/20;14:41:49.565;INFO;Controller;Status = Executing: Unmount;
23/04/20;14:41:49.565;INFO;Controller;State = Running;
23/04/20;14:41:50.414;INFO;Robot Runtime;executing:    Unmount;
23/04/20;14:41:59.753;INFO;Controller;Activity ExecRobotTask ended. Return value: Done False/True/False;
23/04/20;14:41:59.754;INFO;Controller;State = Ready;
23/04/20;14:41:59.768;INFO;Server;Command: ExecRobotTask (Unload,500000);
23/04/20;14:41:59.768;INFO;Controller;Executing asynchronous activity: ExecRobotTask;
23/04/20;14:41:59.768;INFO;Controller;Status = Executing: Unload;
23/04/20;14:41:59.768;INFO;Controller;State = Running;
23/04/20;14:42:00.608;INFO;Robot Runtime;executing:    Unload;
23/04/20;14:42:04.389;INFO;Controller;Activity ExecRobotTask ended. Return value: Done False/False/False;
23/04/20;14:42:04.389;INFO;Controller;State = Ready;
23/04/20;14:42:05.950;INFO;Server;Command: ExecRobotTask (Load,500000);
23/04/20;14:42:05.950;INFO;Controller;Executing asynchronous activity: ExecRobotTask;
23/04/20;14:42:05.950;INFO;Controller;Status = Executing: Load;
23/04/20;14:42:05.950;INFO;Controller;State = Running;
23/04/20;14:42:07.004;INFO;Robot Runtime;executing:    Load;
23/04/20;14:42:13.102;INFO;Controller;Activity ExecRobotTask ended. Return value: Done False/True/False;
23/04/20;14:42:13.102;INFO;Controller;State = Ready;
23/04/20;14:42:13.120;INFO;Server;Command: ExecRobotTask (Mount,500000);
23/04/20;14:42:13.120;INFO;Controller;Executing asynchronous activity: ExecRobotTask;
23/04/20;14:42:13.121;INFO;Controller;Status = Executing: Mount;
23/04/20;14:42:13.121;INFO;Controller;State = Running;
23/04/20;14:42:14.241;INFO;Robot Runtime;executing:    Mount;
23/04/20;14:42:18.119;INFO;Controller;Activity ExecRobotTask ended. Return value: Done True/False/False;
23/04/20;14:42:18.119;INFO;Controller;State = Ready;
23/04/20;14:42:18.149;INFO;Server;Command: ExecRobotTask (Park,500000);
23/04/20;14:42:18.150;INFO;Controller;Executing asynchronous activity: ExecRobotTask;
23/04/20;14:42:18.150;INFO;Controller;Status = Executing: Park;
23/04/20;14:42:18.150;INFO;Controller;State = Running;
23/04/20;14:42:19.024;INFO;Robot Runtime;executing:    Park;
23/04/20;14:42:21.063;INFO;Controller;Activity ExecRobotTask ended. Return value: Done;
23/04/20;14:42:21.063;INFO;Controller;State = Ready;
23/04/20;14:42:21.079;INFO;Server;Command: ExecRobotTask (UnlatchRobGov,500000);
23/04/20;14:42:21.079;INFO;Controller;Executing asynchronous activity: ExecRobotTask;
23/04/20;14:42:21.079;INFO;Controller;Status = Executing: UnlatchRobGov;
23/04/20;14:42:21.079;INFO;Controller;State = Running;
23/04/20;14:42:21.965;INFO;Robot Runtime;executing:    UnlatchRobGov;
23/04/20;14:42:22.106;INFO;Controller;Activity ExecRobotTask ended. Return value: Done;
23/04/20;14:42:22.107;INFO;Controller;State = Ready;
23/04/20;14:45:51.154;INFO;Server;Command: ExecRobotTask (Unmount,500000);
23/04/20;14:45:51.154;INFO;Controller;Executing asynchronous activity: ExecRobotTask;
23/04/20;14:45:51.154;INFO;Controller;Status = Executing: Unmount;
23/04/20;14:45:51.154;INFO;Controller;State = Running;
23/04/20;14:45:52.003;INFO;Robot Runtime;executing:    Unmount;
23/04/20;14:46:00.931;INFO;Controller;Activity ExecRobotTask ended. Return value: Done False/True/False;
23/04/20;14:46:00.931;INFO;Controller;State = Ready;
23/04/20;14:46:00.952;INFO;Server;Command: ExecRobotTask (Unload,500000);
23/04/20;14:46:00.953;INFO;Controller;Executing asynchronous activity: ExecRobotTask;
23/04/20;14:46:00.953;INFO;Controller;Status = Executing: Unload;
23/04/20;14:46:00.953;INFO;Controller;State = Running;
23/04/20;14:46:01.794;INFO;Robot Runtime;executing:    Unload;
23/04/20;14:46:05.737;INFO;Controller;Activity ExecRobotTask ended. Return value: Done False/False/False;
23/04/20;14:46:05.737;INFO;Controller;State = Ready;
23/04/20;14:46:07.306;INFO;Server;Command: ExecRobotTask (Load,500000);
23/04/20;14:46:07.306;INFO;Controller;Executing asynchronous activity: ExecRobotTask;
23/04/20;14:46:07.306;INFO;Controller;Status = Executing: Load;
23/04/20;14:46:07.306;INFO;Controller;State = Running;
23/04/20;14:46:08.363;INFO;Robot Runtime;executing:    Load;
23/04/20;14:46:14.285;INFO;Controller;Activity ExecRobotTask ended. Return value: Done False/True/False;
23/04/20;14:46:14.285;INFO;Controller;State = Ready;
23/04/20;14:46:14.306;INFO;Server;Command: ExecRobotTask (Mount,500000);
23/04/20;14:46:14.307;INFO;Controller;Executing asynchronous activity: ExecRobotTask;
23/04/20;14:46:14.307;INFO;Controller;Status = Executing: Mount;
23/04/20;14:46:14.307;INFO;Controller;State = Running;
23/04/20;14:46:15.417;INFO;Robot Runtime;executing:    Mount;
23/04/20;14:46:19.629;INFO;Controller;Activity ExecRobotTask ended. Return value: Done True/False/False;
23/04/20;14:46:19.629;INFO;Controller;State = Ready;
23/04/20;14:46:19.651;INFO;Server;Command: ExecRobotTask (Park,500000);
23/04/20;14:46:19.652;INFO;Controller;Executing asynchronous activity: ExecRobotTask;
23/04/20;14:46:19.652;INFO;Controller;Status = Executing: Park;
23/04/20;14:46:19.652;INFO;Controller;State = Running;
23/04/20;14:46:20.521;INFO;Robot Runtime;executing:    Park;
23/04/20;14:46:22.653;INFO;Controller;Activity ExecRobotTask ended. Return value: Done;
23/04/20;14:46:22.653;INFO;Controller;State = Ready;
23/04/20;14:46:22.676;INFO;Server;Command: ExecRobotTask (UnlatchRobGov,500000);
23/04/20;14:46:22.676;INFO;Controller;Executing asynchronous activity: ExecRobotTask;
23/04/20;14:46:22.676;INFO;Controller;Status = Executing: UnlatchRobGov;
23/04/20;14:46:22.676;INFO;Controller;State = Running;
23/04/20;14:46:23.563;INFO;Robot Runtime;executing:    UnlatchRobGov;
23/04/20;14:46:23.695;INFO;Controller;Activity ExecRobotTask ended. Return value: Done;
23/04/20;14:46:23.695;INFO;Controller;State = Ready;
23/04/20;14:49:52.902;INFO;Server;Command: ExecRobotTask (Unmount,500000);
23/04/20;14:49:52.902;INFO;Controller;Executing asynchronous activity: ExecRobotTask;
23/04/20;14:49:52.913;INFO;Controller;Status = Executing: Unmount;
23/04/20;14:49:52.913;INFO;Controller;State = Running;
23/04/20;14:49:53.750;INFO;Robot Runtime;executing:    Unmount;
23/04/20;14:50:03.145;INFO;Controller;Activity ExecRobotTask ended. Return value: Done False/True/False;
23/04/20;14:50:03.145;INFO;Controller;State = Ready;
23/04/20;14:50:03.165;INFO;Server;Command: ExecRobotTask (Unload,500000);
23/04/20;14:50:03.166;INFO;Controller;Executing asynchronous activity: ExecRobotTask;
23/04/20;14:50:03.166;INFO;Controller;Status = Executing: Unload;
23/04/20;14:50:03.166;INFO;Controller;State = Running;
23/04/20;14:50:04.005;INFO;Robot Runtime;executing:    Unload;
23/04/20;14:50:07.791;INFO;Controller;Activity ExecRobotTask ended. Return value: Done False/False/False;
23/04/20;14:50:07.791;INFO;Controller;State = Ready;
23/04/20;14:50:09.438;INFO;Server;Command: ExecRobotTask (Load,500000);
23/04/20;14:50:09.438;INFO;Controller;Executing asynchronous activity: ExecRobotTask;
23/04/20;14:50:09.438;INFO;Controller;Status = Executing: Load;
23/04/20;14:50:09.438;INFO;Controller;State = Running;
23/04/20;14:50:10.485;INFO;Robot Runtime;executing:    Load;
23/04/20;14:50:16.754;INFO;Controller;Activity ExecRobotTask ended. Return value: Done False/True/False;
23/04/20;14:50:16.754;INFO;Controller;State = Ready;
23/04/20;14:50:16.773;INFO;Server;Command: ExecRobotTask (Mount,500000);
23/04/20;14:50:16.773;INFO;Controller;Executing asynchronous activity: ExecRobotTask;
23/04/20;14:50:16.773;INFO;Controller;Status = Executing: Mount;
23/04/20;14:50:16.773;INFO;Controller;State = Running;
23/04/20;14:50:17.888;INFO;Robot Runtime;executing:    Mount;
23/04/20;14:50:22.169;INFO;Controller;Activity ExecRobotTask ended. Return value: Done True/False/False;
23/04/20;14:50:22.169;INFO;Controller;State = Ready;
23/04/20;14:50:22.188;INFO;Server;Command: ExecRobotTask (Park,500000);
23/04/20;14:50:22.188;INFO;Controller;Executing asynchronous activity: ExecRobotTask;
23/04/20;14:50:22.189;INFO;Controller;Status = Executing: Park;
23/04/20;14:50:22.189;INFO;Controller;State = Running;
23/04/20;14:50:23.058;INFO;Robot Runtime;executing:    Park;
23/04/20;14:50:25.198;INFO;Controller;Activity ExecRobotTask ended. Return value: Done;
23/04/20;14:50:25.198;INFO;Controller;State = Ready;
23/04/20;14:50:25.215;INFO;Server;Command: ExecRobotTask (UnlatchRobGov,500000);
23/04/20;14:50:25.216;INFO;Controller;Executing asynchronous activity: ExecRobotTask;
23/04/20;14:50:25.216;INFO;Controller;Status = Executing: UnlatchRobGov;
23/04/20;14:50:25.216;INFO;Controller;State = Running;
23/04/20;14:50:26.103;INFO;Robot Runtime;executing:    UnlatchRobGov;
23/04/20;14:50:26.240;INFO;Controller;Activity ExecRobotTask ended. Return value: Done;
23/04/20;14:50:26.240;INFO;Controller;State = Ready;
23/04/20;14:53:50.412;INFO;Server;Command: ExecRobotTask (Unmount,500000);
23/04/20;14:53:50.412;INFO;Controller;Executing asynchronous activity: ExecRobotTask;
23/04/20;14:53:50.412;INFO;Controller;Status = Executing: Unmount;
23/04/20;14:53:50.412;INFO;Controller;State = Running;
23/04/20;14:53:51.259;INFO;Robot Runtime;executing:    Unmount;
23/04/20;14:54:00.970;INFO;Controller;Activity ExecRobotTask ended. Return value: Done False/True/False;
23/04/20;14:54:00.971;INFO;Controller;State = Ready;
23/04/20;14:54:00.989;INFO;Server;Command: ExecRobotTask (Unload,500000);
23/04/20;14:54:00.990;INFO;Controller;Executing asynchronous activity: ExecRobotTask;
23/04/20;14:54:00.990;INFO;Controller;Status = Executing: Unload;
23/04/20;14:54:00.990;INFO;Controller;State = Running;
23/04/20;14:54:01.832;INFO;Robot Runtime;executing:    Unload;
23/04/20;14:54:05.635;INFO;Controller;Activity ExecRobotTask ended. Return value: Done False/False/False;
23/04/20;14:54:05.636;INFO;Controller;State = Ready;
23/04/20;14:54:05.759;INFO;Server;Command: ExecRobotTask (UnlatchRobGov,500000);
23/04/20;14:54:05.759;INFO;Controller;Executing asynchronous activity: ExecRobotTask;
23/04/20;14:54:05.759;INFO;Controller;Status = Executing: UnlatchRobGov;
23/04/20;14:54:05.759;INFO;Controller;State = Running;
23/04/20;14:54:06.592;INFO;Robot Runtime;executing:    UnlatchRobGov;
23/04/20;14:54:07.083;INFO;Controller;Activity ExecRobotTask ended. Return value: Done;
23/04/20;14:54:07.083;INFO;Controller;State = Ready;
23/04/20;14:54:07.115;INFO;Server;Command: ExecRobotTask (Home,500000);
23/04/20;14:54:07.115;INFO;Controller;Executing asynchronous activity: ExecRobotTask;
23/04/20;14:54:07.115;INFO;Controller;Status = Executing: Home;
23/04/20;14:54:07.115;INFO;Controller;State = Running;
23/04/20;14:54:08.138;INFO;Robot Runtime;executing:    Home;
23/04/20;14:54:09.336;INFO;Controller;Activity ExecRobotTask ended. Return value: Done;
23/04/20;14:54:09.336;INFO;Controller;State = Ready;
23/04/20;14:54:09.362;INFO;Server;Command: ExecRobotTask (Finish,500000);
23/04/20;14:54:09.362;INFO;Controller;Executing asynchronous activity: ExecRobotTask;
23/04/20;14:54:09.362;INFO;Controller;Status = Executing: Finish;
23/04/20;14:54:09.362;INFO;Controller;State = Running;
23/04/20;14:54:10.468;INFO;Robot Runtime;executing:    Finish;
23/04/20;14:56:18.793;INFO;Controller;Activity ExecRobotTask ended. Return value: Done;
23/04/20;14:56:18.793;INFO;Controller;State = Ready;
23/04/20;14:59:27.207;INFO;Server;Command: ExecRobotTask (Initialize,500000);
23/04/20;14:59:27.208;INFO;Controller;Executing asynchronous activity: ExecRobotTask;
23/04/20;14:59:27.208;INFO;Controller;Status = Executing: Initialize;
23/04/20;14:59:27.208;INFO;Controller;State = Running;
23/04/20;14:59:28.088;INFO;Robot Runtime;executing:    Initialize;
23/04/20;14:59:29.434;INFO;Controller;Activity ExecRobotTask ended. Return value: Done;
23/04/20;14:59:29.434;INFO;Controller;State = Ready;
23/04/20;14:59:29.452;INFO;Server;Command: ExecRobotTask (LatchRobGov,500000);
23/04/20;14:59:29.453;INFO;Controller;Executing asynchronous activity: ExecRobotTask;
23/04/20;14:59:29.453;INFO;Controller;Status = Executing: LatchRobGov;
23/04/20;14:59:29.453;INFO;Controller;State = Running;
23/04/20;14:59:30.517;INFO;Robot Runtime;executing:    LatchRobGov;
23/04/20;14:59:30.916;INFO;Controller;Activity ExecRobotTask ended. Return value: Done;
23/04/20;14:59:30.917;INFO;Controller;State = Ready;
23/04/20;14:59:30.938;INFO;Server;Command: ExecRobotTask (TraceSample,500000);
23/04/20;14:59:30.938;INFO;Controller;Executing asynchronous activity: ExecRobotTask;
23/04/20;14:59:30.938;INFO;Controller;Status = Executing: TraceSample;
23/04/20;14:59:30.938;INFO;Controller;State = Running;
23/04/20;14:59:31.791;INFO;Robot Runtime;executing:    TraceSample;
23/04/20;14:59:32.642;INFO;Controller;Activity ExecRobotTask ended. Return value: Done False/False/False;
23/04/20;14:59:32.642;INFO;Controller;State = Ready;
23/04/20;14:59:32.667;INFO;Server;Command: ExecRobotTask (CoolDown,500000);
23/04/20;14:59:32.667;INFO;Controller;Executing asynchronous activity: ExecRobotTask;
23/04/20;14:59:32.667;INFO;Controller;Status = Executing: CoolDown;
23/04/20;14:59:32.667;INFO;Controller;State = Running;
23/04/20;14:59:33.503;INFO;Robot Runtime;executing:    CoolDown;
23/04/20;15:00:49.653;INFO;Controller;Activity ExecRobotTask ended. Return value: Done;
23/04/20;15:00:49.653;INFO;Controller;State = Ready;
23/04/20;15:00:49.869;INFO;Server;Command: ExecRobotTask (Load,500000);
23/04/20;15:00:49.870;INFO;Controller;Executing asynchronous activity: ExecRobotTask;
23/04/20;15:00:49.870;INFO;Controller;Status = Executing: Load;
23/04/20;15:00:49.870;INFO;Controller;State = Running;
23/04/20;15:00:51.000;INFO;Robot Runtime;executing:    Load;
23/04/20;15:00:59.854;INFO;Controller;Activity ExecRobotTask ended. Return value: Done False/True/False;
23/04/20;15:00:59.854;INFO;Controller;State = Ready;
23/04/20;15:00:59.881;INFO;Server;Command: ExecRobotTask (Mount,500000);
23/04/20;15:00:59.881;INFO;Controller;Executing asynchronous activity: ExecRobotTask;
23/04/20;15:00:59.881;INFO;Controller;Status = Executing: Mount;
23/04/20;15:00:59.881;INFO;Controller;State = Running;
23/04/20;15:01:00.952;INFO;Robot Runtime;executing:    Mount;
23/04/20;15:01:05.210;INFO;Controller;Activity ExecRobotTask ended. Return value: Done True/False/False;
23/04/20;15:01:05.211;INFO;Controller;State = Ready;
23/04/20;15:01:05.230;INFO;Server;Command: ExecRobotTask (Park,500000);
23/04/20;15:01:05.231;INFO;Controller;Executing asynchronous activity: ExecRobotTask;
23/04/20;15:01:05.231;INFO;Controller;Status = Executing: Park;
23/04/20;15:01:05.231;INFO;Controller;State = Running;
23/04/20;15:01:06.068;INFO;Robot Runtime;executing:    Park;
23/04/20;15:01:07.820;INFO;Controller;Activity ExecRobotTask ended. Return value: Done;
23/04/20;15:01:07.820;INFO;Controller;State = Ready;
23/04/20;15:01:07.848;INFO;Server;Command: ExecRobotTask (UnlatchRobGov,500000);
23/04/20;15:01:07.848;INFO;Controller;Executing asynchronous activity: ExecRobotTask;
23/04/20;15:01:07.848;INFO;Controller;Status = Executing: UnlatchRobGov;
23/04/20;15:01:07.848;INFO;Controller;State = Running;
23/04/20;15:01:08.735;INFO;Robot Runtime;executing:    UnlatchRobGov;
23/04/20;15:01:09.195;INFO;Controller;Activity ExecRobotTask ended. Return value: Done;
23/04/20;15:01:09.195;INFO;Controller;State = Ready;
23/04/20;15:04:37.214;INFO;Server;Command: ExecRobotTask (Unmount,500000);
23/04/20;15:04:37.214;INFO;Controller;Executing asynchronous activity: ExecRobotTask;
23/04/20;15:04:37.214;INFO;Controller;Status = Executing: Unmount;
23/04/20;15:04:37.215;INFO;Controller;State = Running;
23/04/20;15:04:38.062;INFO;Robot Runtime;executing:    Unmount;
23/04/20;15:04:47.412;INFO;Controller;Activity ExecRobotTask ended. Return value: Done False/True/False;
23/04/20;15:04:47.413;INFO;Controller;State = Ready;
23/04/20;15:04:47.433;INFO;Server;Command: ExecRobotTask (Unload,500000);
23/04/20;15:04:47.434;INFO;Controller;Executing asynchronous activity: ExecRobotTask;
23/04/20;15:04:47.434;INFO;Controller;Status = Executing: Unload;
23/04/20;15:04:47.434;INFO;Controller;State = Running;
23/04/20;15:04:48.275;INFO;Robot Runtime;executing:    Unload;
23/04/20;15:04:51.888;INFO;Controller;Activity ExecRobotTask ended. Return value: Done False/False/False;
23/04/20;15:04:51.888;INFO;Controller;State = Ready;
23/04/20;15:04:53.747;INFO;Server;Command: ExecRobotTask (Load,500000);
23/04/20;15:04:53.747;INFO;Controller;Executing asynchronous activity: ExecRobotTask;
23/04/20;15:04:53.748;INFO;Controller;Status = Executing: Load;
23/04/20;15:04:53.748;INFO;Controller;State = Running;
23/04/20;15:04:54.889;INFO;Robot Runtime;executing:    Load;
23/04/20;15:05:00.999;INFO;Controller;Activity ExecRobotTask ended. Return value: Done False/True/False;
23/04/20;15:05:00.999;INFO;Controller;State = Ready;
23/04/20;15:05:01.025;INFO;Server;Command: ExecRobotTask (Mount,500000);
23/04/20;15:05:01.025;INFO;Controller;Executing asynchronous activity: ExecRobotTask;
23/04/20;15:05:01.025;INFO;Controller;Status = Executing: Mount;
23/04/20;15:05:01.025;INFO;Controller;State = Running;
23/04/20;15:05:02.071;INFO;Robot Runtime;executing:    Mount;
23/04/20;15:05:06.019;INFO;Controller;Activity ExecRobotTask ended. Return value: Done True/False/False;
23/04/20;15:05:06.019;INFO;Controller;State = Ready;
23/04/20;15:05:06.051;INFO;Server;Command: ExecRobotTask (Park,500000);
23/04/20;15:05:06.052;INFO;Controller;Executing asynchronous activity: ExecRobotTask;
23/04/20;15:05:06.052;INFO;Controller;Status = Executing: Park;
23/04/20;15:05:06.052;INFO;Controller;State = Running;
23/04/20;15:05:06.889;INFO;Robot Runtime;executing:    Park;
23/04/20;15:05:08.953;INFO;Controller;Activity ExecRobotTask ended. Return value: Done;
23/04/20;15:05:08.953;INFO;Controller;State = Ready;
23/04/20;15:05:08.975;INFO;Server;Command: ExecRobotTask (UnlatchRobGov,500000);
23/04/20;15:05:08.975;INFO;Controller;Executing asynchronous activity: ExecRobotTask;
23/04/20;15:05:08.975;INFO;Controller;Status = Executing: UnlatchRobGov;
23/04/20;15:05:08.975;INFO;Controller;State = Running;
23/04/20;15:05:09.861;INFO;Robot Runtime;executing:    UnlatchRobGov;
23/04/20;15:05:09.997;INFO;Controller;Activity ExecRobotTask ended. Return value: Done;
23/04/20;15:05:09.997;INFO;Controller;State = Ready;
23/04/20;15:08:39.927;INFO;Server;Command: ExecRobotTask (Unmount,500000);
23/04/20;15:08:39.928;INFO;Controller;Executing asynchronous activity: ExecRobotTask;
23/04/20;15:08:39.928;INFO;Controller;Status = Executing: Unmount;
23/04/20;15:08:39.928;INFO;Controller;State = Running;
23/04/20;15:08:40.768;INFO;Robot Runtime;executing:    Unmount;
23/04/20;15:08:50.240;INFO;Controller;Activity ExecRobotTask ended. Return value: Done False/True/False;
23/04/20;15:08:50.241;INFO;Controller;State = Ready;
23/04/20;15:08:50.264;INFO;Server;Command: ExecRobotTask (Unload,500000);
23/04/20;15:08:50.265;INFO;Controller;Executing asynchronous activity: ExecRobotTask;
23/04/20;15:08:50.265;INFO;Controller;Status = Executing: Unload;
23/04/20;15:08:50.265;INFO;Controller;State = Running;
23/04/20;15:08:51.106;INFO;Robot Runtime;executing:    Unload;
23/04/20;15:08:54.709;INFO;Controller;Activity ExecRobotTask ended. Return value: Done False/False/False;
23/04/20;15:08:54.709;INFO;Controller;State = Ready;
23/04/20;15:08:56.341;INFO;Server;Command: ExecRobotTask (Load,500000);
23/04/20;15:08:56.341;INFO;Controller;Executing asynchronous activity: ExecRobotTask;
23/04/20;15:08:56.341;INFO;Controller;Status = Executing: Load;
23/04/20;15:08:56.341;INFO;Controller;State = Running;
23/04/20;15:08:57.498;INFO;Robot Runtime;executing:    Load;
23/04/20;15:09:03.617;INFO;Controller;Activity ExecRobotTask ended. Return value: Done False/True/True;
23/04/20;15:09:03.617;INFO;Controller;State = Ready;
23/04/20;15:09:03.646;INFO;Server;Command: ExecRobotTask (Home,500000);
23/04/20;15:09:03.646;INFO;Controller;Executing asynchronous activity: ExecRobotTask;
23/04/20;15:09:03.646;INFO;Controller;Status = Executing: Home;
23/04/20;15:09:03.646;INFO;Controller;State = Running;
23/04/20;15:09:04.676;INFO;Robot Runtime;executing:    Home;
23/04/20;15:09:05.708;INFO;Controller;Activity ExecRobotTask ended. Return value: Done;
23/04/20;15:09:05.709;INFO;Controller;State = Ready;
23/04/20;15:09:05.736;INFO;Server;Command: ExecRobotTask (Unload,500000);
23/04/20;15:09:05.737;INFO;Controller;Executing asynchronous activity: ExecRobotTask;
23/04/20;15:09:05.737;INFO;Controller;Status = Executing: Unload;
23/04/20;15:09:05.737;INFO;Controller;State = Running;
23/04/20;15:09:06.598;INFO;Robot Runtime;executing:    Unload;
23/04/20;15:09:10.898;INFO;Controller;Activity ExecRobotTask ended. Return value: Done False/False/False;
23/04/20;15:09:10.898;INFO;Controller;State = Ready;
23/04/20;15:09:10.928;INFO;Server;Command: ExecRobotTask (Home,500000);
23/04/20;15:09:10.928;INFO;Controller;Executing asynchronous activity: ExecRobotTask;
23/04/20;15:09:10.929;INFO;Controller;Status = Executing: Home;
23/04/20;15:09:10.929;INFO;Controller;State = Running;
23/04/20;15:09:11.759;INFO;Robot Runtime;executing:    Home;
23/04/20;15:09:12.623;INFO;Controller;Activity ExecRobotTask ended. Return value: Done;
23/04/20;15:09:12.623;INFO;Controller;State = Ready;
23/04/20;15:09:12.656;INFO;Server;Command: ExecRobotTask (Park,500000);
23/04/20;15:09:12.656;INFO;Controller;Executing asynchronous activity: ExecRobotTask;
23/04/20;15:09:12.656;INFO;Controller;Status = Executing: Park;
23/04/20;15:09:12.656;INFO;Controller;State = Running;
23/04/20;15:09:13.489;INFO;Robot Runtime;executing:    Park;
23/04/20;15:09:16.599;INFO;Controller;Activity ExecRobotTask ended. Return value: Done;
23/04/20;15:09:16.599;INFO;Controller;State = Ready;
23/04/20;15:09:18.061;INFO;Server;Command: ExecRobotTask (Load,500000);
23/04/20;15:09:18.061;INFO;Controller;Executing asynchronous activity: ExecRobotTask;
23/04/20;15:09:18.061;INFO;Controller;Status = Executing: Load;
23/04/20;15:09:18.061;INFO;Controller;State = Running;
23/04/20;15:09:18.907;INFO;Robot Runtime;executing:    Load;
23/04/20;15:09:28.156;INFO;Controller;Activity ExecRobotTask ended. Return value: Done False/True/False;
23/04/20;15:09:28.157;INFO;Controller;State = Ready;
23/04/20;15:09:28.190;INFO;Server;Command: ExecRobotTask (Mount,500000);
23/04/20;15:09:28.190;INFO;Controller;Executing asynchronous activity: ExecRobotTask;
23/04/20;15:09:28.190;INFO;Controller;Status = Executing: Mount;
23/04/20;15:09:28.190;INFO;Controller;State = Running;
23/04/20;15:09:29.053;INFO;Robot Runtime;executing:    Mount;
23/04/20;15:09:32.888;INFO;Controller;Activity ExecRobotTask ended. Return value: Done True/False/False;
23/04/20;15:09:32.888;INFO;Controller;State = Ready;
23/04/20;15:09:32.918;INFO;Server;Command: ExecRobotTask (Park,500000);
23/04/20;15:09:32.918;INFO;Controller;Executing asynchronous activity: ExecRobotTask;
23/04/20;15:09:32.918;INFO;Controller;Status = Executing: Park;
23/04/20;15:09:32.918;INFO;Controller;State = Running;
23/04/20;15:09:33.748;INFO;Robot Runtime;executing:    Park;
23/04/20;15:09:35.829;INFO;Controller;Activity ExecRobotTask ended. Return value: Done;
23/04/20;15:09:35.829;INFO;Controller;State = Ready;
23/04/20;15:09:35.861;INFO;Server;Command: ExecRobotTask (UnlatchRobGov,500000);
23/04/20;15:09:35.861;INFO;Controller;Executing asynchronous activity: ExecRobotTask;
23/04/20;15:09:35.861;INFO;Controller;Status = Executing: UnlatchRobGov;
23/04/20;15:09:35.862;INFO;Controller;State = Running;
23/04/20;15:09:36.726;INFO;Robot Runtime;executing:    UnlatchRobGov;
23/04/20;15:09:36.863;INFO;Controller;Activity ExecRobotTask ended. Return value: Done;
23/04/20;15:09:36.864;INFO;Controller;State = Ready;
23/04/20;15:13:07.729;INFO;Server;Command: ExecRobotTask (Unmount,500000);
23/04/20;15:13:07.730;INFO;Controller;Executing asynchronous activity: ExecRobotTask;
23/04/20;15:13:07.730;INFO;Controller;Status = Executing: Unmount;
23/04/20;15:13:07.730;INFO;Controller;State = Running;
23/04/20;15:13:08.576;INFO;Robot Runtime;executing:    Unmount;
23/04/20;15:13:17.748;INFO;Controller;Activity ExecRobotTask ended. Return value: Done False/True/False;
23/04/20;15:13:17.749;INFO;Controller;State = Ready;
23/04/20;15:13:17.781;INFO;Server;Command: ExecRobotTask (Unload,500000);
23/04/20;15:13:17.781;INFO;Controller;Executing asynchronous activity: ExecRobotTask;
23/04/20;15:13:17.781;INFO;Controller;Status = Executing: Unload;
23/04/20;15:13:17.781;INFO;Controller;State = Running;
23/04/20;15:13:18.890;INFO;Robot Runtime;executing:    Unload;
23/04/20;15:13:22.682;INFO;Controller;Activity ExecRobotTask ended. Return value: Done False/False/False;
23/04/20;15:13:22.682;INFO;Controller;State = Ready;
23/04/20;15:13:24.301;INFO;Server;Command: ExecRobotTask (Load,500000);
23/04/20;15:13:24.301;INFO;Controller;Executing asynchronous activity: ExecRobotTask;
23/04/20;15:13:24.301;INFO;Controller;Status = Executing: Load;
23/04/20;15:13:24.301;INFO;Controller;State = Running;
23/04/20;15:13:25.357;INFO;Robot Runtime;executing:    Load;
23/04/20;15:13:31.648;INFO;Controller;Activity ExecRobotTask ended. Return value: Done False/True/False;
23/04/20;15:13:31.648;INFO;Controller;State = Ready;
23/04/20;15:13:31.682;INFO;Server;Command: ExecRobotTask (Mount,500000);
23/04/20;15:13:31.682;INFO;Controller;Executing asynchronous activity: ExecRobotTask;
23/04/20;15:13:31.682;INFO;Controller;Status = Executing: Mount;
23/04/20;15:13:31.682;INFO;Controller;State = Running;
23/04/20;15:13:32.551;INFO;Robot Runtime;executing:    Mount;
23/04/20;15:13:36.383;INFO;Controller;Activity ExecRobotTask ended. Return value: Done True/False/False;
23/04/20;15:13:36.384;INFO;Controller;State = Ready;
23/04/20;15:13:36.421;INFO;Server;Command: ExecRobotTask (Park,500000);
23/04/20;15:13:36.421;INFO;Controller;Executing asynchronous activity: ExecRobotTask;
23/04/20;15:13:36.421;INFO;Controller;Status = Executing: Park;
23/04/20;15:13:36.421;INFO;Controller;State = Running;
23/04/20;15:13:37.259;INFO;Robot Runtime;executing:    Park;
23/04/20;15:13:39.316;INFO;Controller;Activity ExecRobotTask ended. Return value: Done;
23/04/20;15:13:39.316;INFO;Controller;State = Ready;
23/04/20;15:13:39.346;INFO;Server;Command: ExecRobotTask (UnlatchRobGov,500000);
23/04/20;15:13:39.346;INFO;Controller;Executing asynchronous activity: ExecRobotTask;
23/04/20;15:13:39.346;INFO;Controller;Status = Executing: UnlatchRobGov;
23/04/20;15:13:39.346;INFO;Controller;State = Running;
23/04/20;15:13:40.495;INFO;Robot Runtime;executing:    UnlatchRobGov;
23/04/20;15:13:40.641;INFO;Controller;Activity ExecRobotTask ended. Return value: Done;
23/04/20;15:13:40.641;INFO;Controller;State = Ready;
23/04/20;15:17:11.037;INFO;Server;Command: ExecRobotTask (Unmount,500000);
23/04/20;15:17:11.038;INFO;Controller;Executing asynchronous activity: ExecRobotTask;
23/04/20;15:17:11.038;INFO;Controller;Status = Executing: Unmount;
23/04/20;15:17:11.038;INFO;Controller;State = Running;
23/04/20;15:17:11.894;INFO;Robot Runtime;executing:    Unmount;
23/04/20;15:17:21.153;INFO;Controller;Activity ExecRobotTask ended. Return value: Done False/True/False;
23/04/20;15:17:21.153;INFO;Controller;State = Ready;
23/04/20;15:17:21.189;INFO;Server;Command: ExecRobotTask (Unload,500000);
23/04/20;15:17:21.189;INFO;Controller;Executing asynchronous activity: ExecRobotTask;
23/04/20;15:17:21.189;INFO;Controller;Status = Executing: Unload;
23/04/20;15:17:21.189;INFO;Controller;State = Running;
23/04/20;15:17:22.028;INFO;Robot Runtime;executing:    Unload;
23/04/20;15:17:25.966;INFO;Controller;Activity ExecRobotTask ended. Return value: Done False/False/False;
23/04/20;15:17:25.966;INFO;Controller;State = Ready;
23/04/20;15:17:27.563;INFO;Server;Command: ExecRobotTask (Load,500000);
23/04/20;15:17:27.563;INFO;Controller;Executing asynchronous activity: ExecRobotTask;
23/04/20;15:17:27.563;INFO;Controller;Status = Executing: Load;
23/04/20;15:17:27.563;INFO;Controller;State = Running;
23/04/20;15:17:28.610;INFO;Robot Runtime;executing:    Load;
23/04/20;15:17:34.895;INFO;Controller;Activity ExecRobotTask ended. Return value: Done False/True/False;
23/04/20;15:17:34.895;INFO;Controller;State = Ready;
23/04/20;15:17:34.925;INFO;Server;Command: ExecRobotTask (Mount,500000);
23/04/20;15:17:34.925;INFO;Controller;Executing asynchronous activity: ExecRobotTask;
23/04/20;15:17:34.925;INFO;Controller;Status = Executing: Mount;
23/04/20;15:17:34.925;INFO;Controller;State = Running;
23/04/20;15:17:36.062;INFO;Robot Runtime;executing:    Mount;
23/04/20;15:17:40.320;INFO;Controller;Activity ExecRobotTask ended. Return value: Done True/False/False;
23/04/20;15:17:40.320;INFO;Controller;State = Ready;
23/04/20;15:17:40.354;INFO;Server;Command: ExecRobotTask (Park,500000);
23/04/20;15:17:40.354;INFO;Controller;Executing asynchronous activity: ExecRobotTask;
23/04/20;15:17:40.354;INFO;Controller;Status = Executing: Park;
23/04/20;15:17:40.354;INFO;Controller;State = Running;
23/04/20;15:17:41.208;INFO;Robot Runtime;executing:    Park;
23/04/20;15:17:43.338;INFO;Controller;Activity ExecRobotTask ended. Return value: Done;
23/04/20;15:17:43.339;INFO;Controller;State = Ready;
23/04/20;15:17:43.373;INFO;Server;Command: ExecRobotTask (UnlatchRobGov,500000);
23/04/20;15:17:43.373;INFO;Controller;Executing asynchronous activity: ExecRobotTask;
23/04/20;15:17:43.373;INFO;Controller;Status = Executing: UnlatchRobGov;
23/04/20;15:17:43.373;INFO;Controller;State = Running;
23/04/20;15:17:44.251;INFO;Robot Runtime;executing:    UnlatchRobGov;
23/04/20;15:17:44.791;INFO;Controller;Activity ExecRobotTask ended. Return value: Done;
23/04/20;15:17:44.791;INFO;Controller;State = Ready;
23/04/20;15:21:15.108;INFO;Server;Command: ExecRobotTask (Unmount,500000);
23/04/20;15:21:15.109;INFO;Controller;Executing asynchronous activity: ExecRobotTask;
23/04/20;15:21:15.109;INFO;Controller;Status = Executing: Unmount;
23/04/20;15:21:15.109;INFO;Controller;State = Running;
23/04/20;15:21:15.954;INFO;Robot Runtime;executing:    Unmount;
23/04/20;15:21:25.114;INFO;Controller;Activity ExecRobotTask ended. Return value: Done False/True/False;
23/04/20;15:21:25.114;INFO;Controller;State = Ready;
23/04/20;15:21:25.153;INFO;Server;Command: ExecRobotTask (Unload,500000);
23/04/20;15:21:25.154;INFO;Controller;Executing asynchronous activity: ExecRobotTask;
23/04/20;15:21:25.154;INFO;Controller;Status = Executing: Unload;
23/04/20;15:21:25.154;INFO;Controller;State = Running;
23/04/20;15:21:25.990;INFO;Robot Runtime;executing:    Unload;
23/04/20;15:21:29.592;INFO;Controller;Activity ExecRobotTask ended. Return value: Done False/False/False;
23/04/20;15:21:29.592;INFO;Controller;State = Ready;
23/04/20;15:21:31.177;INFO;Server;Command: ExecRobotTask (Load,500000);
23/04/20;15:21:31.177;INFO;Controller;Executing asynchronous activity: ExecRobotTask;
23/04/20;15:21:31.177;INFO;Controller;Status = Executing: Load;
23/04/20;15:21:31.177;INFO;Controller;State = Running;
23/04/20;15:21:32.232;INFO;Robot Runtime;executing:    Load;
23/04/20;15:21:38.482;INFO;Controller;Activity ExecRobotTask ended. Return value: Done False/True/False;
23/04/20;15:21:38.482;INFO;Controller;State = Ready;
23/04/20;15:21:38.515;INFO;Server;Command: ExecRobotTask (Mount,500000);
23/04/20;15:21:38.515;INFO;Controller;Executing asynchronous activity: ExecRobotTask;
23/04/20;15:21:38.515;INFO;Controller;Status = Executing: Mount;
23/04/20;15:21:38.515;INFO;Controller;State = Running;
23/04/20;15:21:39.665;INFO;Robot Runtime;executing:    Mount;
23/04/20;15:21:43.909;INFO;Controller;Activity ExecRobotTask ended. Return value: Done True/False/False;
23/04/20;15:21:43.909;INFO;Controller;State = Ready;
23/04/20;15:21:43.947;INFO;Server;Command: ExecRobotTask (Park,500000);
23/04/20;15:21:43.947;INFO;Controller;Executing asynchronous activity: ExecRobotTask;
23/04/20;15:21:43.947;INFO;Controller;Status = Executing: Park;
23/04/20;15:21:43.947;INFO;Controller;State = Running;
23/04/20;15:21:44.785;INFO;Robot Runtime;executing:    Park;
23/04/20;15:21:46.516;INFO;Controller;Activity ExecRobotTask ended. Return value: Done;
23/04/20;15:21:46.516;INFO;Controller;State = Ready;
23/04/20;15:21:46.550;INFO;Server;Command: ExecRobotTask (UnlatchRobGov,500000);
23/04/20;15:21:46.551;INFO;Controller;Executing asynchronous activity: ExecRobotTask;
23/04/20;15:21:46.551;INFO;Controller;Status = Executing: UnlatchRobGov;
23/04/20;15:21:46.551;INFO;Controller;State = Running;
23/04/20;15:21:47.437;INFO;Robot Runtime;executing:    UnlatchRobGov;
23/04/20;15:21:47.891;INFO;Controller;Activity ExecRobotTask ended. Return value: Done;
23/04/20;15:21:47.891;INFO;Controller;State = Ready;
23/04/20;15:25:21.869;INFO;Server;Command: ExecRobotTask (Unmount,500000);
23/04/20;15:25:21.869;INFO;Controller;Executing asynchronous activity: ExecRobotTask;
23/04/20;15:25:21.869;INFO;Controller;Status = Executing: Unmount;
23/04/20;15:25:21.869;INFO;Controller;State = Running;
23/04/20;15:25:22.712;INFO;Robot Runtime;executing:    Unmount;
23/04/20;15:25:31.897;INFO;Controller;Activity ExecRobotTask ended. Return value: Done False/True/False;
23/04/20;15:25:31.898;INFO;Controller;State = Ready;
23/04/20;15:25:31.932;INFO;Server;Command: ExecRobotTask (Unload,500000);
23/04/20;15:25:31.932;INFO;Controller;Executing asynchronous activity: ExecRobotTask;
23/04/20;15:25:31.932;INFO;Controller;Status = Executing: Unload;
23/04/20;15:25:31.932;INFO;Controller;State = Running;
23/04/20;15:25:32.770;INFO;Robot Runtime;executing:    Unload;
23/04/20;15:25:36.378;INFO;Controller;Activity ExecRobotTask ended. Return value: Done False/False/False;
23/04/20;15:25:36.378;INFO;Controller;State = Ready;
23/04/20;15:25:38.040;INFO;Server;Command: ExecRobotTask (Load,500000);
23/04/20;15:25:38.040;INFO;Controller;Executing asynchronous activity: ExecRobotTask;
23/04/20;15:25:38.040;INFO;Controller;Status = Executing: Load;
23/04/20;15:25:38.040;INFO;Controller;State = Running;
23/04/20;15:25:39.115;INFO;Robot Runtime;executing:    Load;
23/04/20;15:25:45.259;INFO;Controller;Activity ExecRobotTask ended. Return value: Done False/True/False;
23/04/20;15:25:45.259;INFO;Controller;State = Ready;
23/04/20;15:25:45.292;INFO;Server;Command: ExecRobotTask (Mount,500000);
23/04/20;15:25:45.293;INFO;Controller;Executing asynchronous activity: ExecRobotTask;
23/04/20;15:25:45.293;INFO;Controller;Status = Executing: Mount;
23/04/20;15:25:45.293;INFO;Controller;State = Running;
23/04/20;15:25:46.420;INFO;Robot Runtime;executing:    Mount;
23/04/20;15:25:50.675;INFO;Controller;Activity ExecRobotTask ended. Return value: Done True/False/False;
23/04/20;15:25:50.675;INFO;Controller;State = Ready;
23/04/20;15:25:50.725;INFO;Server;Command: ExecRobotTask (Park,500000);
23/04/20;15:25:50.725;INFO;Controller;Executing asynchronous activity: ExecRobotTask;
23/04/20;15:25:50.725;INFO;Controller;Status = Executing: Park;
23/04/20;15:25:50.725;INFO;Controller;State = Running;
23/04/20;15:25:51.566;INFO;Robot Runtime;executing:    Park;
23/04/20;15:25:53.697;INFO;Controller;Activity ExecRobotTask ended. Return value: Done;
23/04/20;15:25:53.697;INFO;Controller;State = Ready;
23/04/20;15:25:53.737;INFO;Server;Command: ExecRobotTask (UnlatchRobGov,500000);
23/04/20;15:25:53.738;INFO;Controller;Executing asynchronous activity: ExecRobotTask;
23/04/20;15:25:53.738;INFO;Controller;Status = Executing: UnlatchRobGov;
23/04/20;15:25:53.738;INFO;Controller;State = Running;
23/04/20;15:25:54.624;INFO;Robot Runtime;executing:    UnlatchRobGov;
23/04/20;15:25:55.155;INFO;Controller;Activity ExecRobotTask ended. Return value: Done;
23/04/20;15:25:55.155;INFO;Controller;State = Ready;
23/04/20;15:29:21.853;INFO;Server;Command: ExecRobotTask (Unmount,500000);
23/04/20;15:29:21.853;INFO;Controller;Executing asynchronous activity: ExecRobotTask;
23/04/20;15:29:21.854;INFO;Controller;Status = Executing: Unmount;
23/04/20;15:29:21.854;INFO;Controller;State = Running;
23/04/20;15:29:22.700;INFO;Robot Runtime;executing:    Unmount;
23/04/20;15:29:32.148;INFO;Controller;Activity ExecRobotTask ended. Return value: Done False/True/False;
23/04/20;15:29:32.148;INFO;Controller;State = Ready;
23/04/20;15:29:32.185;INFO;Server;Command: ExecRobotTask (Unload,500000);
23/04/20;15:29:32.186;INFO;Controller;Executing asynchronous activity: ExecRobotTask;
23/04/20;15:29:32.186;INFO;Controller;Status = Executing: Unload;
23/04/20;15:29:32.186;INFO;Controller;State = Running;
23/04/20;15:29:33.026;INFO;Robot Runtime;executing:    Unload;
23/04/20;15:29:36.989;INFO;Controller;Activity ExecRobotTask ended. Return value: Done False/False/False;
23/04/20;15:29:36.990;INFO;Controller;State = Ready;
23/04/20;15:29:38.572;INFO;Server;Command: ExecRobotTask (Load,500000);
23/04/20;15:29:38.572;INFO;Controller;Executing asynchronous activity: ExecRobotTask;
23/04/20;15:29:38.572;INFO;Controller;Status = Executing: Load;
23/04/20;15:29:38.572;INFO;Controller;State = Running;
23/04/20;15:29:39.664;INFO;Robot Runtime;executing:    Load;
23/04/20;15:29:45.913;INFO;Controller;Activity ExecRobotTask ended. Return value: Done False/True/False;
23/04/20;15:29:45.913;INFO;Controller;State = Ready;
23/04/20;15:29:45.949;INFO;Server;Command: ExecRobotTask (Mount,500000);
23/04/20;15:29:45.950;INFO;Controller;Executing asynchronous activity: ExecRobotTask;
23/04/20;15:29:45.950;INFO;Controller;Status = Executing: Mount;
23/04/20;15:29:45.950;INFO;Controller;State = Running;
23/04/20;15:29:47.046;INFO;Robot Runtime;executing:    Mount;
23/04/20;15:29:51.347;INFO;Controller;Activity ExecRobotTask ended. Return value: Done True/False/False;
23/04/20;15:29:51.347;INFO;Controller;State = Ready;
23/04/20;15:29:51.389;INFO;Server;Command: ExecRobotTask (Park,500000);
23/04/20;15:29:51.389;INFO;Controller;Executing asynchronous activity: ExecRobotTask;
23/04/20;15:29:51.389;INFO;Controller;Status = Executing: Park;
23/04/20;15:29:51.389;INFO;Controller;State = Running;
23/04/20;15:29:52.229;INFO;Robot Runtime;executing:    Park;
23/04/20;15:29:54.361;INFO;Controller;Activity ExecRobotTask ended. Return value: Done;
23/04/20;15:29:54.361;INFO;Controller;State = Ready;
23/04/20;15:29:54.397;INFO;Server;Command: ExecRobotTask (UnlatchRobGov,500000);
23/04/20;15:29:54.397;INFO;Controller;Executing asynchronous activity: ExecRobotTask;
23/04/20;15:29:54.397;INFO;Controller;Status = Executing: UnlatchRobGov;
23/04/20;15:29:54.397;INFO;Controller;State = Running;
23/04/20;15:29:55.291;INFO;Robot Runtime;executing:    UnlatchRobGov;
23/04/20;15:29:55.825;INFO;Controller;Activity ExecRobotTask ended. Return value: Done;
23/04/20;15:29:55.825;INFO;Controller;State = Ready;
23/04/20;15:33:25.508;INFO;Server;Command: ExecRobotTask (Unmount,500000);
23/04/20;15:33:25.508;INFO;Controller;Executing asynchronous activity: ExecRobotTask;
23/04/20;15:33:25.508;INFO;Controller;Status = Executing: Unmount;
23/04/20;15:33:25.508;INFO;Controller;State = Running;
23/04/20;15:33:26.379;INFO;Robot Runtime;executing:    Unmount;
23/04/20;15:33:35.912;INFO;Controller;Activity ExecRobotTask ended. Return value: Done False/True/False;
23/04/20;15:33:35.912;INFO;Controller;State = Ready;
23/04/20;15:33:35.951;INFO;Server;Command: ExecRobotTask (Unload,500000);
23/04/20;15:33:35.951;INFO;Controller;Executing asynchronous activity: ExecRobotTask;
23/04/20;15:33:35.952;INFO;Controller;Status = Executing: Unload;
23/04/20;15:33:35.952;INFO;Controller;State = Running;
23/04/20;15:33:36.790;INFO;Robot Runtime;executing:    Unload;
23/04/20;15:33:40.391;INFO;Controller;Activity ExecRobotTask ended. Return value: Done False/False/False;
23/04/20;15:33:40.391;INFO;Controller;State = Ready;
23/04/20;15:33:42.042;INFO;Server;Command: ExecRobotTask (Load,500000);
23/04/20;15:33:42.042;INFO;Controller;Executing asynchronous activity: ExecRobotTask;
23/04/20;15:33:42.042;INFO;Controller;Status = Executing: Load;
23/04/20;15:33:42.042;INFO;Controller;State = Running;
23/04/20;15:33:43.136;INFO;Robot Runtime;executing:    Load;
23/04/20;15:33:49.292;INFO;Controller;Activity ExecRobotTask ended. Return value: Done False/True/False;
23/04/20;15:33:49.293;INFO;Controller;State = Ready;
23/04/20;15:33:49.331;INFO;Server;Command: ExecRobotTask (Mount,500000);
23/04/20;15:33:49.332;INFO;Controller;Executing asynchronous activity: ExecRobotTask;
23/04/20;15:33:49.332;INFO;Controller;Status = Executing: Mount;
23/04/20;15:33:49.332;INFO;Controller;State = Running;
23/04/20;15:33:50.424;INFO;Robot Runtime;executing:    Mount;
23/04/20;15:33:54.327;INFO;Controller;Activity ExecRobotTask ended. Return value: Done True/False/False;
23/04/20;15:33:54.327;INFO;Controller;State = Ready;
23/04/20;15:33:54.368;INFO;Server;Command: ExecRobotTask (Park,500000);
23/04/20;15:33:54.368;INFO;Controller;Executing asynchronous activity: ExecRobotTask;
23/04/20;15:33:54.368;INFO;Controller;Status = Executing: Park;
23/04/20;15:33:54.369;INFO;Controller;State = Running;
23/04/20;15:33:55.210;INFO;Robot Runtime;executing:    Park;
23/04/20;15:33:57.270;INFO;Controller;Activity ExecRobotTask ended. Return value: Done;
23/04/20;15:33:57.270;INFO;Controller;State = Ready;
23/04/20;15:33:57.312;INFO;Server;Command: ExecRobotTask (UnlatchRobGov,500000);
23/04/20;15:33:57.312;INFO;Controller;Executing asynchronous activity: ExecRobotTask;
23/04/20;15:33:57.312;INFO;Controller;Status = Executing: UnlatchRobGov;
23/04/20;15:33:57.312;INFO;Controller;State = Running;
23/04/20;15:33:58.190;INFO;Robot Runtime;executing:    UnlatchRobGov;
23/04/20;15:33:58.725;INFO;Controller;Activity ExecRobotTask ended. Return value: Done;
23/04/20;15:33:58.725;INFO;Controller;State = Ready;
23/04/20;15:37:31.114;INFO;Server;Command: ExecRobotTask (Unmount,500000);
23/04/20;15:37:31.114;INFO;Controller;Executing asynchronous activity: ExecRobotTask;
23/04/20;15:37:31.114;INFO;Controller;Status = Executing: Unmount;
23/04/20;15:37:31.114;INFO;Controller;State = Running;
23/04/20;15:37:31.962;INFO;Robot Runtime;executing:    Unmount;
23/04/20;15:37:41.204;INFO;Controller;Activity ExecRobotTask ended. Return value: Done False/True/False;
23/04/20;15:37:41.204;INFO;Controller;State = Ready;
23/04/20;15:37:41.248;INFO;Server;Command: ExecRobotTask (Unload,500000);
23/04/20;15:37:41.248;INFO;Controller;Executing asynchronous activity: ExecRobotTask;
23/04/20;15:37:41.248;INFO;Controller;Status = Executing: Unload;
23/04/20;15:37:41.248;INFO;Controller;State = Running;
23/04/20;15:37:42.087;INFO;Robot Runtime;executing:    Unload;
23/04/20;15:37:45.859;INFO;Controller;Activity ExecRobotTask ended. Return value: Done False/False/False;
23/04/20;15:37:45.859;INFO;Controller;State = Ready;
23/04/20;15:37:47.456;INFO;Server;Command: ExecRobotTask (Load,500000);
23/04/20;15:37:47.456;INFO;Controller;Executing asynchronous activity: ExecRobotTask;
23/04/20;15:37:47.456;INFO;Controller;Status = Executing: Load;
23/04/20;15:37:47.456;INFO;Controller;State = Running;
23/04/20;15:37:48.548;INFO;Robot Runtime;executing:    Load;
23/04/20;15:37:54.817;INFO;Controller;Activity ExecRobotTask ended. Return value: Done False/True/False;
23/04/20;15:37:54.817;INFO;Controller;State = Ready;
23/04/20;15:37:54.859;INFO;Server;Command: ExecRobotTask (Mount,500000);
23/04/20;15:37:54.859;INFO;Controller;Executing asynchronous activity: ExecRobotTask;
23/04/20;15:37:54.859;INFO;Controller;Status = Executing: Mount;
23/04/20;15:37:54.859;INFO;Controller;State = Running;
23/04/20;15:37:55.953;INFO;Robot Runtime;executing:    Mount;
23/04/20;15:37:59.838;INFO;Controller;Activity ExecRobotTask ended. Return value: Done True/False/False;
23/04/20;15:37:59.839;INFO;Controller;State = Ready;
23/04/20;15:37:59.884;INFO;Server;Command: ExecRobotTask (Park,500000);
23/04/20;15:37:59.884;INFO;Controller;Executing asynchronous activity: ExecRobotTask;
23/04/20;15:37:59.884;INFO;Controller;Status = Executing: Park;
23/04/20;15:37:59.884;INFO;Controller;State = Running;
23/04/20;15:38:00.730;INFO;Robot Runtime;executing:    Park;
23/04/20;15:38:02.775;INFO;Controller;Activity ExecRobotTask ended. Return value: Done;
23/04/20;15:38:02.775;INFO;Controller;State = Ready;
23/04/20;15:38:02.822;INFO;Server;Command: ExecRobotTask (UnlatchRobGov,500000);
23/04/20;15:38:02.822;INFO;Controller;Executing asynchronous activity: ExecRobotTask;
23/04/20;15:38:02.822;INFO;Controller;Status = Executing: UnlatchRobGov;
23/04/20;15:38:02.822;INFO;Controller;State = Running;
23/04/20;15:38:03.708;INFO;Robot Runtime;executing:    UnlatchRobGov;
23/04/20;15:38:04.235;INFO;Controller;Activity ExecRobotTask ended. Return value: Done;
23/04/20;15:38:04.235;INFO;Controller;State = Ready;
23/04/20;15:41:33.848;INFO;Server;Command: ExecRobotTask (Unmount,500000);
23/04/20;15:41:33.848;INFO;Controller;Executing asynchronous activity: ExecRobotTask;
23/04/20;15:41:33.848;INFO;Controller;Status = Executing: Unmount;
23/04/20;15:41:33.848;INFO;Controller;State = Running;
23/04/20;15:41:34.690;INFO;Robot Runtime;executing:    Unmount;
23/04/20;15:41:44.198;INFO;Controller;Activity ExecRobotTask ended. Return value: Done False/True/False;
23/04/20;15:41:44.199;INFO;Controller;State = Ready;
23/04/20;15:41:44.246;INFO;Server;Command: ExecRobotTask (Unload,500000);
23/04/20;15:41:44.246;INFO;Controller;Executing asynchronous activity: ExecRobotTask;
23/04/20;15:41:44.246;INFO;Controller;Status = Executing: Unload;
23/04/20;15:41:44.246;INFO;Controller;State = Running;
23/04/20;15:41:45.086;INFO;Robot Runtime;executing:    Unload;
23/04/20;15:41:49.091;INFO;Controller;Activity ExecRobotTask ended. Return value: Done False/False/False;
23/04/20;15:41:49.091;INFO;Controller;State = Ready;
23/04/20;15:41:50.717;INFO;Server;Command: ExecRobotTask (Load,500000);
23/04/20;15:41:50.717;INFO;Controller;Executing asynchronous activity: ExecRobotTask;
23/04/20;15:41:50.717;INFO;Controller;Status = Executing: Load;
23/04/20;15:41:50.717;INFO;Controller;State = Running;
23/04/20;15:41:51.815;INFO;Robot Runtime;executing:    Load;
23/04/20;15:41:58.056;INFO;Controller;Activity ExecRobotTask ended. Return value: Done False/True/False;
23/04/20;15:41:58.057;INFO;Controller;State = Ready;
23/04/20;15:41:58.160;INFO;Server;Command: ExecRobotTask (Mount,500000);
23/04/20;15:41:58.160;INFO;Controller;Executing asynchronous activity: ExecRobotTask;
23/04/20;15:41:58.160;INFO;Controller;Status = Executing: Mount;
23/04/20;15:41:58.160;INFO;Controller;State = Running;
23/04/20;15:41:59.260;INFO;Robot Runtime;executing:    Mount;
23/04/20;15:42:03.481;INFO;Controller;Activity ExecRobotTask ended. Return value: Done True/False/False;
23/04/20;15:42:03.482;INFO;Controller;State = Ready;
23/04/20;15:42:03.532;INFO;Server;Command: ExecRobotTask (Park,500000);
23/04/20;15:42:03.532;INFO;Controller;Executing asynchronous activity: ExecRobotTask;
23/04/20;15:42:03.532;INFO;Controller;Status = Executing: Park;
23/04/20;15:42:03.532;INFO;Controller;State = Running;
23/04/20;15:42:04.375;INFO;Robot Runtime;executing:    Park;
23/04/20;15:42:06.509;INFO;Controller;Activity ExecRobotTask ended. Return value: Done;
23/04/20;15:42:06.509;INFO;Controller;State = Ready;
23/04/20;15:42:06.550;INFO;Server;Command: ExecRobotTask (UnlatchRobGov,500000);
23/04/20;15:42:06.551;INFO;Controller;Executing asynchronous activity: ExecRobotTask;
23/04/20;15:42:06.551;INFO;Controller;Status = Executing: UnlatchRobGov;
23/04/20;15:42:06.551;INFO;Controller;State = Running;
23/04/20;15:42:07.436;INFO;Robot Runtime;executing:    UnlatchRobGov;
23/04/20;15:42:07.968;INFO;Controller;Activity ExecRobotTask ended. Return value: Done;
23/04/20;15:42:07.968;INFO;Controller;State = Ready;
23/04/20;15:45:39.025;INFO;Server;Command: ExecRobotTask (Unmount,500000);
23/04/20;15:45:39.025;INFO;Controller;Executing asynchronous activity: ExecRobotTask;
23/04/20;15:45:39.036;INFO;Controller;Status = Executing: Unmount;
23/04/20;15:45:39.036;INFO;Controller;State = Running;
23/04/20;15:45:39.867;INFO;Robot Runtime;executing:    Unmount;
23/04/20;15:45:49.533;INFO;Controller;Activity ExecRobotTask ended. Return value: Done False/True/False;
23/04/20;15:45:49.534;INFO;Controller;State = Ready;
23/04/20;15:45:49.574;INFO;Server;Command: ExecRobotTask (Unload,500000);
23/04/20;15:45:49.574;INFO;Controller;Executing asynchronous activity: ExecRobotTask;
23/04/20;15:45:49.574;INFO;Controller;Status = Executing: Unload;
23/04/20;15:45:49.574;INFO;Controller;State = Running;
23/04/20;15:45:50.410;INFO;Robot Runtime;executing:    Unload;
23/04/20;15:45:54.176;INFO;Controller;Activity ExecRobotTask ended. Return value: Done False/False/False;
23/04/20;15:45:54.176;INFO;Controller;State = Ready;
23/04/20;15:45:54.316;INFO;Server;Command: ExecRobotTask (UnlatchRobGov,500000);
23/04/20;15:45:54.316;INFO;Controller;Executing asynchronous activity: ExecRobotTask;
23/04/20;15:45:54.316;INFO;Controller;Status = Executing: UnlatchRobGov;
23/04/20;15:45:54.316;INFO;Controller;State = Running;
23/04/20;15:45:55.147;INFO;Robot Runtime;executing:    UnlatchRobGov;
23/04/20;15:45:55.626;INFO;Controller;Activity ExecRobotTask ended. Return value: Done;
23/04/20;15:45:55.626;INFO;Controller;State = Ready;
23/04/20;15:45:55.673;INFO;Server;Command: ExecRobotTask (Home,500000);
23/04/20;15:45:55.673;INFO;Controller;Executing asynchronous activity: ExecRobotTask;
23/04/20;15:45:55.673;INFO;Controller;Status = Executing: Home;
23/04/20;15:45:55.673;INFO;Controller;State = Running;
23/04/20;15:45:56.751;INFO;Robot Runtime;executing:    Home;
23/04/20;15:45:57.889;INFO;Controller;Activity ExecRobotTask ended. Return value: Done;
23/04/20;15:45:57.889;INFO;Controller;State = Ready;
23/04/20;15:45:57.932;INFO;Server;Command: ExecRobotTask (Finish,500000);
23/04/20;15:45:57.932;INFO;Controller;Executing asynchronous activity: ExecRobotTask;
23/04/20;15:45:57.932;INFO;Controller;Status = Executing: Finish;
23/04/20;15:45:57.932;INFO;Controller;State = Running;
23/04/20;15:45:59.036;INFO;Robot Runtime;executing:    Finish;
23/04/20;15:48:07.390;INFO;Controller;Activity ExecRobotTask ended. Return value: Done;
23/04/20;15:48:07.390;INFO;Controller;State = Ready;
23/04/20;16:30:50.425;INFO;Server;Command: ExecRobotTask (Initialize,500000);
23/04/20;16:30:50.425;INFO;Controller;Executing asynchronous activity: ExecRobotTask;
23/04/20;16:30:50.425;INFO;Controller;Status = Executing: Initialize;
23/04/20;16:30:50.425;INFO;Controller;State = Running;
23/04/20;16:30:51.343;INFO;Robot Runtime;executing:    Initialize;
23/04/20;16:30:52.680;INFO;Controller;Activity ExecRobotTask ended. Return value: Done;
23/04/20;16:30:52.680;INFO;Controller;State = Ready;
23/04/20;16:30:52.705;INFO;Server;Command: ExecRobotTask (Home,500000);
23/04/20;16:30:52.705;INFO;Controller;Executing asynchronous activity: ExecRobotTask;
23/04/20;16:30:52.705;INFO;Controller;Status = Executing: Home;
23/04/20;16:30:52.705;INFO;Controller;State = Running;
23/04/20;16:30:53.543;INFO;Robot Runtime;executing:    Home;
23/04/20;16:30:53.713;INFO;Controller;Activity ExecRobotTask ended. Return value: Done;
23/04/20;16:30:53.713;INFO;Controller;State = Ready;
23/04/20;16:30:53.720;INFO;Server;Command: ExecRobotTask (Park,500000);
23/04/20;16:30:53.720;INFO;Controller;Executing asynchronous activity: ExecRobotTask;
23/04/20;16:30:53.720;INFO;Controller;Status = Executing: Park;
23/04/20;16:30:53.720;INFO;Controller;State = Running;
23/04/20;16:30:54.552;INFO;Robot Runtime;executing:    Park;
23/04/20;16:30:57.957;INFO;Controller;Activity ExecRobotTask ended. Return value: Done;
23/04/20;16:30:57.957;INFO;Controller;State = Ready;
23/04/20;16:32:25.516;INFO;Server;Command: ExecRobotTask (Initialize,500000);
23/04/20;16:32:25.517;INFO;Controller;Executing asynchronous activity: ExecRobotTask;
23/04/20;16:32:25.517;INFO;Controller;Status = Executing: Initialize;
23/04/20;16:32:25.517;INFO;Controller;State = Running;
23/04/20;16:32:26.346;INFO;Robot Runtime;executing:    Initialize;
23/04/20;16:32:26.853;INFO;Controller;Activity ExecRobotTask ended. Return value: Done;
23/04/20;16:32:26.853;INFO;Controller;State = Ready;
23/04/20;16:32:27.103;INFO;Server;Command: ExecRobotTask (Load,500000);
23/04/20;16:32:27.103;INFO;Controller;Executing asynchronous activity: ExecRobotTask;
23/04/20;16:32:27.103;INFO;Controller;Status = Executing: Load;
23/04/20;16:32:27.103;INFO;Controller;State = Running;
23/04/20;16:32:28.171;INFO;Robot Runtime;executing:    Load;
23/04/20;16:32:37.402;INFO;Controller;Activity ExecRobotTask ended. Return value: Done False/True/False;
23/04/20;16:32:37.402;INFO;Controller;State = Ready;
23/04/20;16:32:37.416;INFO;Server;Command: ExecRobotTask (Mount,500000);
23/04/20;16:32:37.416;INFO;Controller;Executing asynchronous activity: ExecRobotTask;
23/04/20;16:32:37.416;INFO;Controller;Status = Executing: Mount;
23/04/20;16:32:37.416;INFO;Controller;State = Running;
23/04/20;16:32:38.285;INFO;Robot Runtime;executing:    Mount;
23/04/20;16:32:42.323;INFO;Controller;Activity ExecRobotTask ended. Return value: Done True/False/False;
23/04/20;16:32:42.323;INFO;Controller;State = Ready;
23/04/20;16:32:42.335;INFO;Server;Command: ExecRobotTask (Park,500000);
23/04/20;16:32:42.335;INFO;Controller;Executing asynchronous activity: ExecRobotTask;
23/04/20;16:32:42.336;INFO;Controller;Status = Executing: Park;
23/04/20;16:32:42.336;INFO;Controller;State = Running;
23/04/20;16:32:43.163;INFO;Robot Runtime;executing:    Park;
23/04/20;16:32:44.925;INFO;Controller;Activity ExecRobotTask ended. Return value: Done;
23/04/20;16:32:44.925;INFO;Controller;State = Ready;
23/04/20;16:32:44.940;INFO;Server;Command: ExecRobotTask (UnlatchRobGov,500000);
23/04/20;16:32:44.940;INFO;Controller;Executing asynchronous activity: ExecRobotTask;
23/04/20;16:32:44.940;INFO;Controller;Status = Executing: UnlatchRobGov;
23/04/20;16:32:44.940;INFO;Controller;State = Running;
23/04/20;16:32:46.059;INFO;Robot Runtime;executing:    UnlatchRobGov;
23/04/20;16:32:46.587;INFO;Controller;Activity ExecRobotTask ended. Return value: Done;
23/04/20;16:32:46.587;INFO;Controller;State = Ready;
23/04/20;16:36:13.263;INFO;Server;Command: ExecRobotTask (Unmount,500000);
23/04/20;16:36:13.263;INFO;Controller;Executing asynchronous activity: ExecRobotTask;
23/04/20;16:36:13.264;INFO;Controller;Status = Executing: Unmount;
23/04/20;16:36:13.264;INFO;Controller;State = Running;
23/04/20;16:36:14.144;INFO;Robot Runtime;executing:    Unmount;
23/04/20;16:36:23.417;INFO;Controller;Activity ExecRobotTask ended. Return value: Done False/True/False;
23/04/20;16:36:23.418;INFO;Controller;State = Ready;
23/04/20;16:36:23.446;INFO;Server;Command: ExecRobotTask (Unload,500000);
23/04/20;16:36:23.446;INFO;Controller;Executing asynchronous activity: ExecRobotTask;
23/04/20;16:36:23.446;INFO;Controller;Status = Executing: Unload;
23/04/20;16:36:23.446;INFO;Controller;State = Running;
23/04/20;16:36:24.286;INFO;Robot Runtime;executing:    Unload;
23/04/20;16:36:28.071;INFO;Controller;Activity ExecRobotTask ended. Return value: Done False/False/False;
23/04/20;16:36:28.071;INFO;Controller;State = Ready;
23/04/20;16:36:29.643;INFO;Server;Command: ExecRobotTask (Load,500000);
23/04/20;16:36:29.643;INFO;Controller;Executing asynchronous activity: ExecRobotTask;
23/04/20;16:36:29.643;INFO;Controller;Status = Executing: Load;
23/04/20;16:36:29.643;INFO;Controller;State = Running;
23/04/20;16:36:30.719;INFO;Robot Runtime;executing:    Load;
23/04/20;16:36:36.789;INFO;Controller;Activity ExecRobotTask ended. Return value: Done False/True/False;
23/04/20;16:36:36.789;INFO;Controller;State = Ready;
23/04/20;16:36:36.802;INFO;Server;Command: ExecRobotTask (Mount,500000);
23/04/20;16:36:36.802;INFO;Controller;Executing asynchronous activity: ExecRobotTask;
23/04/20;16:36:36.802;INFO;Controller;Status = Executing: Mount;
23/04/20;16:36:36.802;INFO;Controller;State = Running;
23/04/20;16:36:37.899;INFO;Robot Runtime;executing:    Mount;
23/04/20;16:36:42.229;INFO;Controller;Activity ExecRobotTask ended. Return value: Done True/False/False;
23/04/20;16:36:42.229;INFO;Controller;State = Ready;
23/04/20;16:36:42.256;INFO;Server;Command: ExecRobotTask (Park,500000);
23/04/20;16:36:42.256;INFO;Controller;Executing asynchronous activity: ExecRobotTask;
23/04/20;16:36:42.256;INFO;Controller;Status = Executing: Park;
23/04/20;16:36:42.256;INFO;Controller;State = Running;
23/04/20;16:36:43.120;INFO;Robot Runtime;executing:    Park;
23/04/20;16:36:45.255;INFO;Controller;Activity ExecRobotTask ended. Return value: Done;
23/04/20;16:36:45.255;INFO;Controller;State = Ready;
23/04/20;16:36:45.275;INFO;Server;Command: ExecRobotTask (UnlatchRobGov,500000);
23/04/20;16:36:45.275;INFO;Controller;Executing asynchronous activity: ExecRobotTask;
23/04/20;16:36:45.275;INFO;Controller;Status = Executing: UnlatchRobGov;
23/04/20;16:36:45.275;INFO;Controller;State = Running;
23/04/20;16:36:46.161;INFO;Robot Runtime;executing:    UnlatchRobGov;
23/04/20;16:36:46.299;INFO;Controller;Activity ExecRobotTask ended. Return value: Done;
23/04/20;16:36:46.299;INFO;Controller;State = Ready;
23/04/20;16:40:17.693;INFO;Server;Command: ExecRobotTask (Unmount,500000);
23/04/20;16:40:17.693;INFO;Controller;Executing asynchronous activity: ExecRobotTask;
23/04/20;16:40:17.693;INFO;Controller;Status = Executing: Unmount;
23/04/20;16:40:17.693;INFO;Controller;State = Running;
23/04/20;16:40:18.542;INFO;Robot Runtime;executing:    Unmount;
23/04/20;16:40:27.977;INFO;Controller;Activity ExecRobotTask ended. Return value: Done False/True/False;
23/04/20;16:40:27.977;INFO;Controller;State = Ready;
23/04/20;16:40:27.988;INFO;Server;Command: ExecRobotTask (Unload,500000);
23/04/20;16:40:27.989;INFO;Controller;Executing asynchronous activity: ExecRobotTask;
23/04/20;16:40:27.989;INFO;Controller;Status = Executing: Unload;
23/04/20;16:40:27.989;INFO;Controller;State = Running;
23/04/20;16:40:28.828;INFO;Robot Runtime;executing:    Unload;
23/04/20;16:40:32.876;INFO;Controller;Activity ExecRobotTask ended. Return value: Done False/False/False;
23/04/20;16:40:32.876;INFO;Controller;State = Ready;
23/04/20;16:40:34.465;INFO;Server;Command: ExecRobotTask (Load,500000);
23/04/20;16:40:34.466;INFO;Controller;Executing asynchronous activity: ExecRobotTask;
23/04/20;16:40:34.466;INFO;Controller;Status = Executing: Load;
23/04/20;16:40:34.466;INFO;Controller;State = Running;
23/04/20;16:40:35.549;INFO;Robot Runtime;executing:    Load;
23/04/20;16:40:41.413;INFO;Controller;Activity ExecRobotTask ended. Return value: Done False/True/True;
23/04/20;16:40:41.413;INFO;Controller;State = Ready;
23/04/20;16:40:41.429;INFO;Server;Command: ExecRobotTask (Home,500000);
23/04/20;16:40:41.430;INFO;Controller;Executing asynchronous activity: ExecRobotTask;
23/04/20;16:40:41.430;INFO;Controller;Status = Executing: Home;
23/04/20;16:40:41.430;INFO;Controller;State = Running;
23/04/20;16:40:42.512;INFO;Robot Runtime;executing:    Home;
23/04/20;16:40:43.846;INFO;Controller;Activity ExecRobotTask ended. Return value: Done;
23/04/20;16:40:43.846;INFO;Controller;State = Ready;
23/04/20;16:40:43.863;INFO;Server;Command: ExecRobotTask (Unload,500000);
23/04/20;16:40:43.863;INFO;Controller;Executing asynchronous activity: ExecRobotTask;
23/04/20;16:40:43.863;INFO;Controller;Status = Executing: Unload;
23/04/20;16:40:43.863;INFO;Controller;State = Running;
23/04/20;16:40:44.748;INFO;Robot Runtime;executing:    Unload;
23/04/20;16:40:49.276;INFO;Controller;Activity ExecRobotTask ended. Return value: Done False/False/False;
23/04/20;16:40:49.276;INFO;Controller;State = Ready;
23/04/20;16:40:49.290;INFO;Server;Command: ExecRobotTask (Home,500000);
23/04/20;16:40:49.290;INFO;Controller;Executing asynchronous activity: ExecRobotTask;
23/04/20;16:40:49.290;INFO;Controller;Status = Executing: Home;
23/04/20;16:40:49.290;INFO;Controller;State = Running;
23/04/20;16:40:50.125;INFO;Robot Runtime;executing:    Home;
23/04/20;16:40:51.257;INFO;Controller;Activity ExecRobotTask ended. Return value: Done;
23/04/20;16:40:51.258;INFO;Controller;State = Ready;
23/04/20;16:40:51.276;INFO;Server;Command: ExecRobotTask (Park,500000);
23/04/20;16:40:51.276;INFO;Controller;Executing asynchronous activity: ExecRobotTask;
23/04/20;16:40:51.276;INFO;Controller;Status = Executing: Park;
23/04/20;16:40:51.276;INFO;Controller;State = Running;
23/04/20;16:40:52.112;INFO;Robot Runtime;executing:    Park;
23/04/20;16:40:55.061;INFO;Controller;Activity ExecRobotTask ended. Return value: Done;
23/04/20;16:40:55.061;INFO;Controller;State = Ready;
23/04/20;16:40:56.542;INFO;Server;Command: ExecRobotTask (Load,500000);
23/04/20;16:40:56.542;INFO;Controller;Executing asynchronous activity: ExecRobotTask;
23/04/20;16:40:56.542;INFO;Controller;Status = Executing: Load;
23/04/20;16:40:56.543;INFO;Controller;State = Running;
23/04/20;16:40:57.384;INFO;Robot Runtime;executing:    Load;
23/04/20;16:41:06.439;INFO;Controller;Activity ExecRobotTask ended. Return value: Done False/True/True;
23/04/20;16:41:06.439;INFO;Controller;State = Ready;
23/04/20;16:41:06.455;INFO;Server;Command: ExecRobotTask (Home,500000);
23/04/20;16:41:06.455;INFO;Controller;Executing asynchronous activity: ExecRobotTask;
23/04/20;16:41:06.455;INFO;Controller;Status = Executing: Home;
23/04/20;16:41:06.455;INFO;Controller;State = Running;
23/04/20;16:41:07.309;INFO;Robot Runtime;executing:    Home;
23/04/20;16:41:08.591;INFO;Controller;Activity ExecRobotTask ended. Return value: Done;
23/04/20;16:41:08.591;INFO;Controller;State = Ready;
23/04/20;16:41:08.608;INFO;Server;Command: ExecRobotTask (Unload,500000);
23/04/20;16:41:08.609;INFO;Controller;Executing asynchronous activity: ExecRobotTask;
23/04/20;16:41:08.609;INFO;Controller;Status = Executing: Unload;
23/04/20;16:41:08.609;INFO;Controller;State = Running;
23/04/20;16:41:09.443;INFO;Robot Runtime;executing:    Unload;
23/04/20;16:41:14.002;INFO;Controller;Activity ExecRobotTask ended. Return value: Done False/False/False;
23/04/20;16:41:14.002;INFO;Controller;State = Ready;
23/04/20;16:41:14.026;INFO;Server;Command: ExecRobotTask (Home,500000);
23/04/20;16:41:14.026;INFO;Controller;Executing asynchronous activity: ExecRobotTask;
23/04/20;16:41:14.026;INFO;Controller;Status = Executing: Home;
23/04/20;16:41:14.026;INFO;Controller;State = Running;
23/04/20;16:41:14.859;INFO;Robot Runtime;executing:    Home;
23/04/20;16:41:15.976;INFO;Controller;Activity ExecRobotTask ended. Return value: Done;
23/04/20;16:41:15.976;INFO;Controller;State = Ready;
23/04/20;16:41:15.994;INFO;Server;Command: ExecRobotTask (Park,500000);
23/04/20;16:41:15.994;INFO;Controller;Executing asynchronous activity: ExecRobotTask;
23/04/20;16:41:15.995;INFO;Controller;Status = Executing: Park;
23/04/20;16:41:15.995;INFO;Controller;State = Running;
23/04/20;16:41:16.828;INFO;Robot Runtime;executing:    Park;
23/04/20;16:41:19.781;INFO;Controller;Activity ExecRobotTask ended. Return value: Done;
23/04/20;16:41:19.781;INFO;Controller;State = Ready;
23/04/20;16:41:58.134;INFO;Server;Command: ExecRobotTask (Initialize,500000);
23/04/20;16:41:58.134;INFO;Controller;Executing asynchronous activity: ExecRobotTask;
23/04/20;16:41:58.134;INFO;Controller;Status = Executing: Initialize;
23/04/20;16:41:58.134;INFO;Controller;State = Running;
23/04/20;16:41:58.986;INFO;Robot Runtime;executing:    Initialize;
23/04/20;16:41:59.429;INFO;Controller;Activity ExecRobotTask ended. Return value: Done;
23/04/20;16:41:59.429;INFO;Controller;State = Ready;
23/04/20;16:41:59.450;INFO;Server;Command: ExecRobotTask (UnlatchRobGov,500000);
23/04/20;16:41:59.450;INFO;Controller;Executing asynchronous activity: ExecRobotTask;
23/04/20;16:41:59.450;INFO;Controller;Status = Executing: UnlatchRobGov;
23/04/20;16:41:59.450;INFO;Controller;State = Running;
23/04/20;16:42:00.308;INFO;Robot Runtime;executing:    UnlatchRobGov;
23/04/20;16:42:00.878;INFO;Controller;Activity ExecRobotTask ended. Return value: Done;
23/04/20;16:42:00.878;INFO;Controller;State = Ready;
23/04/20;16:42:00.894;INFO;Server;Command: ExecRobotTask (Home,500000);
23/04/20;16:42:00.894;INFO;Controller;Executing asynchronous activity: ExecRobotTask;
23/04/20;16:42:00.894;INFO;Controller;Status = Executing: Home;
23/04/20;16:42:00.894;INFO;Controller;State = Running;
23/04/20;16:42:01.728;INFO;Robot Runtime;executing:    Home;
23/04/20;16:42:03.903;INFO;Controller;Activity ExecRobotTask ended. Return value: Done;
23/04/20;16:42:03.903;INFO;Controller;State = Ready;
23/04/20;16:42:03.928;INFO;Server;Command: ExecRobotTask (Finish,500000);
23/04/20;16:42:03.929;INFO;Controller;Executing asynchronous activity: ExecRobotTask;
23/04/20;16:42:03.929;INFO;Controller;Status = Executing: Finish;
23/04/20;16:42:03.929;INFO;Controller;State = Running;
23/04/20;16:42:04.995;INFO;Robot Runtime;executing:    Finish;
23/04/20;16:44:14.679;INFO;Controller;Activity ExecRobotTask ended. Return value: Done;
23/04/20;16:44:14.680;INFO;Controller;State = Ready;
