22/04/20;14:33:37.666;INFO;Server;Command: ExecRobotTask (Initialize,500000);
22/04/20;14:33:37.667;INFO;Controller;Executing asynchronous activity: ExecRobotTask;
22/04/20;14:33:37.667;INFO;Controller;Status = Executing: Initialize;
22/04/20;14:33:37.667;INFO;Controller;State = Running;
22/04/20;14:33:38.584;INFO;Robot Runtime;executing:    Initialize;
22/04/20;14:33:39.499;INFO;Controller;Activity ExecRobotTask ended. Return value: Done;
22/04/20;14:33:39.499;INFO;Controller;State = Ready;
22/04/20;14:33:39.538;INFO;Server;Command: ExecRobotTask (Home,500000);
22/04/20;14:33:39.539;INFO;Controller;Executing asynchronous activity: ExecRobotTask;
22/04/20;14:33:39.539;INFO;Controller;Status = Executing: Home;
22/04/20;14:33:39.539;INFO;Controller;State = Running;
22/04/20;14:33:40.397;INFO;Robot Runtime;executing:    Home;
22/04/20;14:33:40.706;INFO;Controller;Activity ExecRobotTask ended. Return value: Done;
22/04/20;14:33:40.706;INFO;Controller;State = Ready;
22/04/20;14:33:40.718;INFO;Server;Command: ExecRobotTask (Park,500000);
22/04/20;14:33:40.718;INFO;Controller;Executing asynchronous activity: ExecRobotTask;
22/04/20;14:33:40.718;INFO;Controller;Status = Executing: Park;
22/04/20;14:33:40.718;INFO;Controller;State = Running;
22/04/20;14:33:41.547;INFO;Robot Runtime;executing:    Park;
22/04/20;14:33:44.936;INFO;Controller;Activity ExecRobotTask ended. Return value: Done;
22/04/20;14:33:44.936;INFO;Controller;State = Ready;
22/04/20;14:35:24.376;INFO;Server;Command: ExecRobotTask (Initialize,500000);
22/04/20;14:35:24.376;INFO;Controller;Executing asynchronous activity: ExecRobotTask;
22/04/20;14:35:24.376;INFO;Controller;Status = Executing: Initialize;
22/04/20;14:35:24.376;INFO;Controller;State = Running;
22/04/20;14:35:25.200;INFO;Robot Runtime;executing:    Initialize;
22/04/20;14:35:25.728;INFO;Controller;Activity ExecRobotTask ended. Return value: Done;
22/04/20;14:35:25.728;INFO;Controller;State = Ready;
22/04/20;14:35:25.933;INFO;Server;Command: ExecRobotTask (Load,500000);
22/04/20;14:35:25.933;INFO;Controller;Executing asynchronous activity: ExecRobotTask;
22/04/20;14:35:25.933;INFO;Controller;Status = Executing: Load;
22/04/20;14:35:25.933;INFO;Controller;State = Running;
22/04/20;14:35:26.983;INFO;Robot Runtime;executing:    Load;
22/04/20;14:35:36.282;INFO;Controller;Activity ExecRobotTask ended. Return value: Done False/True/False;
22/04/20;14:35:36.282;INFO;Controller;State = Ready;
22/04/20;14:35:36.297;INFO;Server;Command: ExecRobotTask (Mount,500000);
22/04/20;14:35:36.297;INFO;Controller;Executing asynchronous activity: ExecRobotTask;
22/04/20;14:35:36.297;INFO;Controller;Status = Executing: Mount;
22/04/20;14:35:36.297;INFO;Controller;State = Running;
22/04/20;14:35:37.392;INFO;Robot Runtime;executing:    Mount;
22/04/20;14:35:41.731;INFO;Controller;Activity ExecRobotTask ended. Return value: Done True/False/False;
22/04/20;14:35:41.732;INFO;Controller;State = Ready;
22/04/20;14:35:41.753;INFO;Server;Command: ExecRobotTask (Park,500000);
22/04/20;14:35:41.754;INFO;Controller;Executing asynchronous activity: ExecRobotTask;
22/04/20;14:35:41.754;INFO;Controller;Status = Executing: Park;
22/04/20;14:35:41.754;INFO;Controller;State = Running;
22/04/20;14:35:42.598;INFO;Robot Runtime;executing:    Park;
22/04/20;14:35:44.345;INFO;Controller;Activity ExecRobotTask ended. Return value: Done;
22/04/20;14:35:44.345;INFO;Controller;State = Ready;
22/04/20;14:35:44.362;INFO;Server;Command: ExecRobotTask (UnlatchRobGov,500000);
22/04/20;14:35:44.362;INFO;Controller;Executing asynchronous activity: ExecRobotTask;
22/04/20;14:35:44.363;INFO;Controller;Status = Executing: UnlatchRobGov;
22/04/20;14:35:44.363;INFO;Controller;State = Running;
22/04/20;14:35:45.294;INFO;Robot Runtime;executing:    UnlatchRobGov;
22/04/20;14:35:45.723;INFO;Controller;Activity ExecRobotTask ended. Return value: Done;
22/04/20;14:35:45.723;INFO;Controller;State = Ready;
22/04/20;15:01:43.807;INFO;Server;Command: ExecRobotTask (Unmount,500000);
22/04/20;15:01:43.807;INFO;Controller;Executing asynchronous activity: ExecRobotTask;
22/04/20;15:01:43.807;INFO;Controller;Status = Executing: Unmount;
22/04/20;15:01:43.807;INFO;Controller;State = Running;
22/04/20;15:01:44.654;INFO;Robot Runtime;executing:    Unmount;
22/04/20;15:01:51.690;INFO;Controller;Activity ExecRobotTask ended. Return value: Done False/True/False;
22/04/20;15:01:51.690;INFO;Controller;State = Ready;
22/04/20;15:01:51.705;INFO;Server;Command: ExecRobotTask (Unload,500000);
22/04/20;15:01:51.705;INFO;Controller;Executing asynchronous activity: ExecRobotTask;
22/04/20;15:01:51.705;INFO;Controller;Status = Executing: Unload;
22/04/20;15:01:51.705;INFO;Controller;State = Running;
22/04/20;15:01:52.542;INFO;Robot Runtime;executing:    Unload;
22/04/20;15:01:56.152;INFO;Controller;Activity ExecRobotTask ended. Return value: Done False/False/False;
22/04/20;15:01:56.152;INFO;Controller;State = Ready;
22/04/20;15:01:57.738;INFO;Server;Command: ExecRobotTask (Load,500000);
22/04/20;15:01:57.738;INFO;Controller;Executing asynchronous activity: ExecRobotTask;
22/04/20;15:01:57.738;INFO;Controller;Status = Executing: Load;
22/04/20;15:01:57.738;INFO;Controller;State = Running;
22/04/20;15:01:58.784;INFO;Robot Runtime;executing:    Load;
22/04/20;15:02:04.615;INFO;Controller;Activity ExecRobotTask ended. Return value: Done False/True/False;
22/04/20;15:02:04.615;INFO;Controller;State = Ready;
22/04/20;15:02:04.625;INFO;Server;Command: ExecRobotTask (Mount,500000);
22/04/20;15:02:04.625;INFO;Controller;Executing asynchronous activity: ExecRobotTask;
22/04/20;15:02:04.625;INFO;Controller;Status = Executing: Mount;
22/04/20;15:02:04.625;INFO;Controller;State = Running;
22/04/20;15:02:05.717;INFO;Robot Runtime;executing:    Mount;
22/04/20;15:02:09.958;INFO;Controller;Activity ExecRobotTask ended. Return value: Done True/False/False;
22/04/20;15:02:09.958;INFO;Controller;State = Ready;
22/04/20;15:02:09.976;INFO;Server;Command: ExecRobotTask (Park,500000);
22/04/20;15:02:09.976;INFO;Controller;Executing asynchronous activity: ExecRobotTask;
22/04/20;15:02:09.976;INFO;Controller;Status = Executing: Park;
22/04/20;15:02:09.976;INFO;Controller;State = Running;
22/04/20;15:02:10.868;INFO;Robot Runtime;executing:    Park;
22/04/20;15:02:12.989;INFO;Controller;Activity ExecRobotTask ended. Return value: Done;
22/04/20;15:02:12.990;INFO;Controller;State = Ready;
22/04/20;15:02:13.004;INFO;Server;Command: ExecRobotTask (UnlatchRobGov,500000);
22/04/20;15:02:13.004;INFO;Controller;Executing asynchronous activity: ExecRobotTask;
22/04/20;15:02:13.004;INFO;Controller;Status = Executing: UnlatchRobGov;
22/04/20;15:02:13.004;INFO;Controller;State = Running;
22/04/20;15:02:13.893;INFO;Robot Runtime;executing:    UnlatchRobGov;
22/04/20;15:02:14.033;INFO;Controller;Activity ExecRobotTask ended. Return value: Done;
22/04/20;15:02:14.033;INFO;Controller;State = Ready;
22/04/20;15:04:33.323;INFO;Server;Command: ExecRobotTask (Unmount,500000);
22/04/20;15:04:33.323;INFO;Controller;Executing asynchronous activity: ExecRobotTask;
22/04/20;15:04:33.323;INFO;Controller;Status = Executing: Unmount;
22/04/20;15:04:33.323;INFO;Controller;State = Running;
22/04/20;15:04:34.195;INFO;Robot Runtime;executing:    Unmount;
22/04/20;15:04:41.504;INFO;Controller;Activity ExecRobotTask ended. Return value: Done False/True/False;
22/04/20;15:04:41.504;INFO;Controller;State = Ready;
22/04/20;15:04:41.518;INFO;Server;Command: ExecRobotTask (Unload,500000);
22/04/20;15:04:41.518;INFO;Controller;Executing asynchronous activity: ExecRobotTask;
22/04/20;15:04:41.518;INFO;Controller;Status = Executing: Unload;
22/04/20;15:04:41.518;INFO;Controller;State = Running;
22/04/20;15:04:42.357;INFO;Robot Runtime;executing:    Unload;
22/04/20;15:04:46.142;INFO;Controller;Activity ExecRobotTask ended. Return value: Done False/False/False;
22/04/20;15:04:46.142;INFO;Controller;State = Ready;
22/04/20;15:04:47.713;INFO;Server;Command: ExecRobotTask (Load,500000);
22/04/20;15:04:47.713;INFO;Controller;Executing asynchronous activity: ExecRobotTask;
22/04/20;15:04:47.714;INFO;Controller;Status = Executing: Load;
22/04/20;15:04:47.714;INFO;Controller;State = Running;
22/04/20;15:04:48.771;INFO;Robot Runtime;executing:    Load;
22/04/20;15:04:54.857;INFO;Controller;Activity ExecRobotTask ended. Return value: Done False/True/False;
22/04/20;15:04:54.857;INFO;Controller;State = Ready;
22/04/20;15:04:54.874;INFO;Server;Command: ExecRobotTask (Mount,500000);
22/04/20;15:04:54.874;INFO;Controller;Executing asynchronous activity: ExecRobotTask;
22/04/20;15:04:54.874;INFO;Controller;Status = Executing: Mount;
22/04/20;15:04:54.875;INFO;Controller;State = Running;
22/04/20;15:04:55.977;INFO;Robot Runtime;executing:    Mount;
22/04/20;15:05:00.276;INFO;Controller;Activity ExecRobotTask ended. Return value: Done True/False/False;
22/04/20;15:05:00.276;INFO;Controller;State = Ready;
22/04/20;15:05:00.294;INFO;Server;Command: ExecRobotTask (Park,500000);
22/04/20;15:05:00.294;INFO;Controller;Executing asynchronous activity: ExecRobotTask;
22/04/20;15:05:00.294;INFO;Controller;Status = Executing: Park;
22/04/20;15:05:00.294;INFO;Controller;State = Running;
22/04/20;15:05:01.173;INFO;Robot Runtime;executing:    Park;
22/04/20;15:05:03.308;INFO;Controller;Activity ExecRobotTask ended. Return value: Done;
22/04/20;15:05:03.308;INFO;Controller;State = Ready;
22/04/20;15:05:03.327;INFO;Server;Command: ExecRobotTask (UnlatchRobGov,500000);
22/04/20;15:05:03.327;INFO;Controller;Executing asynchronous activity: ExecRobotTask;
22/04/20;15:05:03.327;INFO;Controller;Status = Executing: UnlatchRobGov;
22/04/20;15:05:03.327;INFO;Controller;State = Running;
22/04/20;15:05:04.212;INFO;Robot Runtime;executing:    UnlatchRobGov;
22/04/20;15:05:04.346;INFO;Controller;Activity ExecRobotTask ended. Return value: Done;
22/04/20;15:05:04.346;INFO;Controller;State = Ready;
22/04/20;15:09:41.703;INFO;Server;Command: ExecRobotTask (Unmount,500000);
22/04/20;15:09:41.704;INFO;Controller;Executing asynchronous activity: ExecRobotTask;
22/04/20;15:09:41.704;INFO;Controller;Status = Executing: Unmount;
22/04/20;15:09:41.704;INFO;Controller;State = Running;
22/04/20;15:09:42.550;INFO;Robot Runtime;executing:    Unmount;
22/04/20;15:09:49.780;INFO;Controller;Activity ExecRobotTask ended. Return value: Done False/True/False;
22/04/20;15:09:49.781;INFO;Controller;State = Ready;
22/04/20;15:09:49.802;INFO;Server;Command: ExecRobotTask (Unload,500000);
22/04/20;15:09:49.803;INFO;Controller;Executing asynchronous activity: ExecRobotTask;
22/04/20;15:09:49.803;INFO;Controller;Status = Executing: Unload;
22/04/20;15:09:49.803;INFO;Controller;State = Running;
22/04/20;15:09:50.643;INFO;Robot Runtime;executing:    Unload;
22/04/20;15:09:54.274;INFO;Controller;Activity ExecRobotTask ended. Return value: Done False/False/False;
22/04/20;15:09:54.274;INFO;Controller;State = Ready;
22/04/20;15:09:55.865;INFO;Server;Command: ExecRobotTask (Load,500000);
22/04/20;15:09:55.865;INFO;Controller;Executing asynchronous activity: ExecRobotTask;
22/04/20;15:09:55.865;INFO;Controller;Status = Executing: Load;
22/04/20;15:09:55.865;INFO;Controller;State = Running;
22/04/20;15:09:56.923;INFO;Robot Runtime;executing:    Load;
22/04/20;15:10:03.170;INFO;Controller;Activity ExecRobotTask ended. Return value: Done False/True/False;
22/04/20;15:10:03.170;INFO;Controller;State = Ready;
22/04/20;15:10:03.191;INFO;Server;Command: ExecRobotTask (Mount,500000);
22/04/20;15:10:03.191;INFO;Controller;Executing asynchronous activity: ExecRobotTask;
22/04/20;15:10:03.191;INFO;Controller;Status = Executing: Mount;
22/04/20;15:10:03.191;INFO;Controller;State = Running;
22/04/20;15:10:04.317;INFO;Robot Runtime;executing:    Mount;
22/04/20;15:10:08.624;INFO;Controller;Activity ExecRobotTask ended. Return value: Done True/False/False;
22/04/20;15:10:08.625;INFO;Controller;State = Ready;
22/04/20;15:10:08.640;INFO;Server;Command: ExecRobotTask (Park,500000);
22/04/20;15:10:08.640;INFO;Controller;Executing asynchronous activity: ExecRobotTask;
22/04/20;15:10:08.640;INFO;Controller;Status = Executing: Park;
22/04/20;15:10:08.640;INFO;Controller;State = Running;
22/04/20;15:10:09.504;INFO;Robot Runtime;executing:    Park;
22/04/20;15:10:11.241;INFO;Controller;Activity ExecRobotTask ended. Return value: Done;
22/04/20;15:10:11.241;INFO;Controller;State = Ready;
22/04/20;15:10:11.256;INFO;Server;Command: ExecRobotTask (UnlatchRobGov,500000);
22/04/20;15:10:11.256;INFO;Controller;Executing asynchronous activity: ExecRobotTask;
22/04/20;15:10:11.256;INFO;Controller;Status = Executing: UnlatchRobGov;
22/04/20;15:10:11.256;INFO;Controller;State = Running;
22/04/20;15:10:12.138;INFO;Robot Runtime;executing:    UnlatchRobGov;
22/04/20;15:10:12.613;INFO;Controller;Activity ExecRobotTask ended. Return value: Done;
22/04/20;15:10:12.613;INFO;Controller;State = Ready;
22/04/20;15:12:13.590;INFO;Server;Command: ExecRobotTask (Unmount,500000);
22/04/20;15:12:13.590;INFO;Controller;Executing asynchronous activity: ExecRobotTask;
22/04/20;15:12:13.590;INFO;Controller;Status = Executing: Unmount;
22/04/20;15:12:13.590;INFO;Controller;State = Running;
22/04/20;15:12:14.460;INFO;Robot Runtime;executing:    Unmount;
22/04/20;15:12:21.667;INFO;Controller;Activity ExecRobotTask ended. Return value: Done False/True/False;
22/04/20;15:12:21.668;INFO;Controller;State = Ready;
22/04/20;15:12:21.686;INFO;Server;Command: ExecRobotTask (Unload,500000);
22/04/20;15:12:21.687;INFO;Controller;Executing asynchronous activity: ExecRobotTask;
22/04/20;15:12:21.687;INFO;Controller;Status = Executing: Unload;
22/04/20;15:12:21.687;INFO;Controller;State = Running;
22/04/20;15:12:22.528;INFO;Robot Runtime;executing:    Unload;
22/04/20;15:12:26.317;INFO;Controller;Activity ExecRobotTask ended. Return value: Done False/False/False;
22/04/20;15:12:26.318;INFO;Controller;State = Ready;
22/04/20;15:12:27.887;INFO;Server;Command: ExecRobotTask (Load,500000);
22/04/20;15:12:27.888;INFO;Controller;Executing asynchronous activity: ExecRobotTask;
22/04/20;15:12:27.888;INFO;Controller;Status = Executing: Load;
22/04/20;15:12:27.888;INFO;Controller;State = Running;
22/04/20;15:12:28.942;INFO;Robot Runtime;executing:    Load;
22/04/20;15:12:35.012;INFO;Controller;Activity ExecRobotTask ended. Return value: Done False/True/False;
22/04/20;15:12:35.013;INFO;Controller;State = Ready;
22/04/20;15:12:35.036;INFO;Server;Command: ExecRobotTask (Mount,500000);
22/04/20;15:12:35.036;INFO;Controller;Executing asynchronous activity: ExecRobotTask;
22/04/20;15:12:35.036;INFO;Controller;Status = Executing: Mount;
22/04/20;15:12:35.036;INFO;Controller;State = Running;
22/04/20;15:12:36.156;INFO;Robot Runtime;executing:    Mount;
22/04/20;15:12:40.051;INFO;Controller;Activity ExecRobotTask ended. Return value: Done True/False/False;
22/04/20;15:12:40.051;INFO;Controller;State = Ready;
22/04/20;15:12:40.074;INFO;Server;Command: ExecRobotTask (Park,500000);
22/04/20;15:12:40.074;INFO;Controller;Executing asynchronous activity: ExecRobotTask;
22/04/20;15:12:40.074;INFO;Controller;Status = Executing: Park;
22/04/20;15:12:40.074;INFO;Controller;State = Running;
22/04/20;15:12:40.936;INFO;Robot Runtime;executing:    Park;
22/04/20;15:12:42.996;INFO;Controller;Activity ExecRobotTask ended. Return value: Done;
22/04/20;15:12:42.996;INFO;Controller;State = Ready;
22/04/20;15:12:43.022;INFO;Server;Command: ExecRobotTask (UnlatchRobGov,500000);
22/04/20;15:12:43.022;INFO;Controller;Executing asynchronous activity: ExecRobotTask;
22/04/20;15:12:43.022;INFO;Controller;Status = Executing: UnlatchRobGov;
22/04/20;15:12:43.022;INFO;Controller;State = Running;
22/04/20;15:12:43.914;INFO;Robot Runtime;executing:    UnlatchRobGov;
22/04/20;15:12:44.458;INFO;Controller;Activity ExecRobotTask ended. Return value: Done;
22/04/20;15:12:44.458;INFO;Controller;State = Ready;
22/04/20;15:17:42.196;INFO;Server;Command: ExecRobotTask (Unmount,500000);
22/04/20;15:17:42.196;INFO;Controller;Executing asynchronous activity: ExecRobotTask;
22/04/20;15:17:42.196;INFO;Controller;Status = Executing: Unmount;
22/04/20;15:17:42.196;INFO;Controller;State = Running;
22/04/20;15:17:43.043;INFO;Robot Runtime;executing:    Unmount;
22/04/20;15:17:50.289;INFO;Controller;Activity ExecRobotTask ended. Return value: Done False/True/False;
22/04/20;15:17:50.289;INFO;Controller;State = Ready;
22/04/20;15:17:50.316;INFO;Server;Command: ExecRobotTask (Unload,500000);
22/04/20;15:17:50.316;INFO;Controller;Executing asynchronous activity: ExecRobotTask;
22/04/20;15:17:50.316;INFO;Controller;Status = Executing: Unload;
22/04/20;15:17:50.316;INFO;Controller;State = Running;
22/04/20;15:17:51.156;INFO;Robot Runtime;executing:    Unload;
22/04/20;15:17:54.947;INFO;Controller;Activity ExecRobotTask ended. Return value: Done False/False/False;
22/04/20;15:17:54.947;INFO;Controller;State = Ready;
22/04/20;15:17:56.542;INFO;Server;Command: ExecRobotTask (Load,500000);
22/04/20;15:17:56.542;INFO;Controller;Executing asynchronous activity: ExecRobotTask;
22/04/20;15:17:56.542;INFO;Controller;Status = Executing: Load;
22/04/20;15:17:56.542;INFO;Controller;State = Running;
22/04/20;15:17:57.593;INFO;Robot Runtime;executing:    Load;
22/04/20;15:18:03.663;INFO;Controller;Activity ExecRobotTask ended. Return value: Done False/True/False;
22/04/20;15:18:03.663;INFO;Controller;State = Ready;
22/04/20;15:18:03.690;INFO;Server;Command: ExecRobotTask (Mount,500000);
22/04/20;15:18:03.690;INFO;Controller;Executing asynchronous activity: ExecRobotTask;
22/04/20;15:18:03.690;INFO;Controller;Status = Executing: Mount;
22/04/20;15:18:03.690;INFO;Controller;State = Running;
22/04/20;15:18:04.809;INFO;Robot Runtime;executing:    Mount;
22/04/20;15:18:09.089;INFO;Controller;Activity ExecRobotTask ended. Return value: Done True/False/False;
22/04/20;15:18:09.089;INFO;Controller;State = Ready;
22/04/20;15:18:09.109;INFO;Server;Command: ExecRobotTask (Park,500000);
22/04/20;15:18:09.109;INFO;Controller;Executing asynchronous activity: ExecRobotTask;
22/04/20;15:18:09.109;INFO;Controller;Status = Executing: Park;
22/04/20;15:18:09.109;INFO;Controller;State = Running;
22/04/20;15:18:09.979;INFO;Robot Runtime;executing:    Park;
22/04/20;15:18:11.703;INFO;Controller;Activity ExecRobotTask ended. Return value: Done;
22/04/20;15:18:11.703;INFO;Controller;State = Ready;
22/04/20;15:18:11.728;INFO;Server;Command: ExecRobotTask (UnlatchRobGov,500000);
22/04/20;15:18:11.728;INFO;Controller;Executing asynchronous activity: ExecRobotTask;
22/04/20;15:18:11.728;INFO;Controller;Status = Executing: UnlatchRobGov;
22/04/20;15:18:11.728;INFO;Controller;State = Running;
22/04/20;15:18:12.609;INFO;Robot Runtime;executing:    UnlatchRobGov;
22/04/20;15:18:13.069;INFO;Controller;Activity ExecRobotTask ended. Return value: Done;
22/04/20;15:18:13.070;INFO;Controller;State = Ready;
22/04/20;15:20:14.094;INFO;Server;Command: ExecRobotTask (Unmount,500000);
22/04/20;15:20:14.094;INFO;Controller;Executing asynchronous activity: ExecRobotTask;
22/04/20;15:20:14.094;INFO;Controller;Status = Executing: Unmount;
22/04/20;15:20:14.094;INFO;Controller;State = Running;
22/04/20;15:20:14.943;INFO;Robot Runtime;executing:    Unmount;
22/04/20;15:20:22.267;INFO;Controller;Activity ExecRobotTask ended. Return value: Done False/True/False;
22/04/20;15:20:22.267;INFO;Controller;State = Ready;
22/04/20;15:20:22.287;INFO;Server;Command: ExecRobotTask (Unload,500000);
22/04/20;15:20:22.287;INFO;Controller;Executing asynchronous activity: ExecRobotTask;
22/04/20;15:20:22.287;INFO;Controller;Status = Executing: Unload;
22/04/20;15:20:22.287;INFO;Controller;State = Running;
22/04/20;15:20:23.123;INFO;Robot Runtime;executing:    Unload;
22/04/20;15:20:26.898;INFO;Controller;Activity ExecRobotTask ended. Return value: Done False/False/False;
22/04/20;15:20:26.898;INFO;Controller;State = Ready;
22/04/20;15:20:28.539;INFO;Server;Command: ExecRobotTask (Load,500000);
22/04/20;15:20:28.539;INFO;Controller;Executing asynchronous activity: ExecRobotTask;
22/04/20;15:20:28.539;INFO;Controller;Status = Executing: Load;
22/04/20;15:20:28.539;INFO;Controller;State = Running;
22/04/20;15:20:29.597;INFO;Robot Runtime;executing:    Load;
22/04/20;15:20:35.824;INFO;Controller;Activity ExecRobotTask ended. Return value: Done False/True/False;
22/04/20;15:20:35.825;INFO;Controller;State = Ready;
22/04/20;15:20:35.853;INFO;Server;Command: ExecRobotTask (Mount,500000);
22/04/20;15:20:35.854;INFO;Controller;Executing asynchronous activity: ExecRobotTask;
22/04/20;15:20:35.854;INFO;Controller;Status = Executing: Mount;
22/04/20;15:20:35.854;INFO;Controller;State = Running;
22/04/20;15:20:36.972;INFO;Robot Runtime;executing:    Mount;
22/04/20;15:20:41.263;INFO;Controller;Activity ExecRobotTask ended. Return value: Done True/False/False;
22/04/20;15:20:41.263;INFO;Controller;State = Ready;
22/04/20;15:20:41.292;INFO;Server;Command: ExecRobotTask (Park,500000);
22/04/20;15:20:41.292;INFO;Controller;Executing asynchronous activity: ExecRobotTask;
22/04/20;15:20:41.292;INFO;Controller;Status = Executing: Park;
22/04/20;15:20:41.292;INFO;Controller;State = Running;
22/04/20;15:20:42.163;INFO;Robot Runtime;executing:    Park;
22/04/20;15:20:44.289;INFO;Controller;Activity ExecRobotTask ended. Return value: Done;
22/04/20;15:20:44.289;INFO;Controller;State = Ready;
22/04/20;15:20:44.310;INFO;Server;Command: ExecRobotTask (UnlatchRobGov,500000);
22/04/20;15:20:44.310;INFO;Controller;Executing asynchronous activity: ExecRobotTask;
22/04/20;15:20:44.310;INFO;Controller;Status = Executing: UnlatchRobGov;
22/04/20;15:20:44.310;INFO;Controller;State = Running;
22/04/20;15:20:45.198;INFO;Robot Runtime;executing:    UnlatchRobGov;
22/04/20;15:20:45.333;INFO;Controller;Activity ExecRobotTask ended. Return value: Done;
22/04/20;15:20:45.333;INFO;Controller;State = Ready;
22/04/20;15:24:44.413;INFO;Server;Command: ExecRobotTask (Unmount,500000);
22/04/20;15:24:44.413;INFO;Controller;Executing asynchronous activity: ExecRobotTask;
22/04/20;15:24:44.413;INFO;Controller;Status = Executing: Unmount;
22/04/20;15:24:44.413;INFO;Controller;State = Running;
22/04/20;15:24:45.259;INFO;Robot Runtime;executing:    Unmount;
22/04/20;15:24:52.534;INFO;Controller;Activity ExecRobotTask ended. Return value: Done False/True/False;
22/04/20;15:24:52.534;INFO;Controller;State = Ready;
22/04/20;15:24:52.558;INFO;Server;Command: ExecRobotTask (Unload,500000);
22/04/20;15:24:52.558;INFO;Controller;Executing asynchronous activity: ExecRobotTask;
22/04/20;15:24:52.558;INFO;Controller;Status = Executing: Unload;
22/04/20;15:24:52.558;INFO;Controller;State = Running;
22/04/20;15:24:53.398;INFO;Robot Runtime;executing:    Unload;
22/04/20;15:24:57.025;INFO;Controller;Activity ExecRobotTask ended. Return value: Done False/False/False;
22/04/20;15:24:57.025;INFO;Controller;State = Ready;
22/04/20;15:24:57.131;INFO;Server;Command: ExecRobotTask (Initialize,500000);
22/04/20;15:24:57.131;INFO;Controller;Executing asynchronous activity: ExecRobotTask;
22/04/20;15:24:57.131;INFO;Controller;Status = Executing: Initialize;
22/04/20;15:24:57.131;INFO;Controller;State = Running;
22/04/20;15:24:58.169;INFO;Robot Runtime;executing:    Initialize;
22/04/20;15:24:58.666;INFO;Controller;Activity ExecRobotTask ended. Return value: Done;
22/04/20;15:24:58.667;INFO;Controller;State = Ready;
22/04/20;15:24:58.689;INFO;Server;Command: ExecRobotTask (Home,500000);
22/04/20;15:24:58.689;INFO;Controller;Executing asynchronous activity: ExecRobotTask;
22/04/20;15:24:58.689;INFO;Controller;Status = Executing: Home;
22/04/20;15:24:58.689;INFO;Controller;State = Running;
22/04/20;15:24:59.781;INFO;Robot Runtime;executing:    Home;
22/04/20;15:25:00.932;INFO;Controller;Activity ExecRobotTask ended. Return value: Done;
22/04/20;15:25:00.933;INFO;Controller;State = Ready;
22/04/20;15:25:00.960;INFO;Server;Command: ExecRobotTask (Park,500000);
22/04/20;15:25:00.960;INFO;Controller;Executing asynchronous activity: ExecRobotTask;
22/04/20;15:25:00.961;INFO;Controller;Status = Executing: Park;
22/04/20;15:25:00.961;INFO;Controller;State = Running;
22/04/20;15:25:01.828;INFO;Robot Runtime;executing:    Park;
22/04/20;15:25:05.002;INFO;Controller;Activity ExecRobotTask ended. Return value: Done;
22/04/20;15:25:05.002;INFO;Controller;State = Ready;
22/04/20;15:33:26.523;INFO;Server;Command: ExecRobotTask (Initialize,500000);
22/04/20;15:33:26.523;INFO;Controller;Executing asynchronous activity: ExecRobotTask;
22/04/20;15:33:26.523;INFO;Controller;Status = Executing: Initialize;
22/04/20;15:33:26.523;INFO;Controller;State = Running;
22/04/20;15:33:27.446;INFO;Robot Runtime;executing:    Initialize;
22/04/20;15:33:28.382;INFO;Controller;Activity ExecRobotTask ended. Return value: Done;
22/04/20;15:33:28.382;INFO;Controller;State = Ready;
22/04/20;15:33:28.618;INFO;Server;Command: ExecRobotTask (Load,500000);
22/04/20;15:33:28.619;INFO;Controller;Executing asynchronous activity: ExecRobotTask;
22/04/20;15:33:28.619;INFO;Controller;Status = Executing: Load;
22/04/20;15:33:28.619;INFO;Controller;State = Running;
22/04/20;15:33:29.496;INFO;Robot Runtime;executing:    Load;
22/04/20;15:33:38.762;INFO;Controller;Activity ExecRobotTask ended. Return value: Done False/True/False;
22/04/20;15:33:38.762;INFO;Controller;State = Ready;
22/04/20;15:33:38.794;INFO;Server;Command: ExecRobotTask (Mount,500000);
22/04/20;15:33:38.794;INFO;Controller;Executing asynchronous activity: ExecRobotTask;
22/04/20;15:33:38.794;INFO;Controller;Status = Executing: Mount;
22/04/20;15:33:38.794;INFO;Controller;State = Running;
22/04/20;15:33:39.829;INFO;Robot Runtime;executing:    Mount;
22/04/20;15:33:43.848;INFO;Controller;Activity ExecRobotTask ended. Return value: Done True/False/False;
22/04/20;15:33:43.849;INFO;Controller;State = Ready;
22/04/20;15:33:43.882;INFO;Server;Command: ExecRobotTask (Park,500000);
22/04/20;15:33:43.882;INFO;Controller;Executing asynchronous activity: ExecRobotTask;
22/04/20;15:33:43.882;INFO;Controller;Status = Executing: Park;
22/04/20;15:33:43.882;INFO;Controller;State = Running;
22/04/20;15:33:44.720;INFO;Robot Runtime;executing:    Park;
22/04/20;15:33:46.817;INFO;Controller;Activity ExecRobotTask ended. Return value: Done;
22/04/20;15:33:46.817;INFO;Controller;State = Ready;
22/04/20;15:33:46.848;INFO;Server;Command: ExecRobotTask (UnlatchRobGov,500000);
22/04/20;15:33:46.848;INFO;Controller;Executing asynchronous activity: ExecRobotTask;
22/04/20;15:33:46.848;INFO;Controller;Status = Executing: UnlatchRobGov;
22/04/20;15:33:46.848;INFO;Controller;State = Running;
22/04/20;15:33:47.982;INFO;Robot Runtime;executing:    UnlatchRobGov;
22/04/20;15:33:48.154;INFO;Controller;Activity ExecRobotTask ended. Return value: Done;
22/04/20;15:33:48.154;INFO;Controller;State = Ready;
22/04/20;16:12:02.852;INFO;Server;Command: ExecRobotTask (Unmount,500000);
22/04/20;16:12:02.852;INFO;Controller;Executing asynchronous activity: ExecRobotTask;
22/04/20;16:12:02.852;INFO;Controller;Status = Executing: Unmount;
22/04/20;16:12:02.852;INFO;Controller;State = Running;
22/04/20;16:12:03.761;INFO;Robot Runtime;executing:    Unmount;
22/04/20;16:12:10.721;INFO;Controller;Activity ExecRobotTask ended. Return value: Done False/True/False;
22/04/20;16:12:10.721;INFO;Controller;State = Ready;
22/04/20;16:12:10.744;INFO;Server;Command: ExecRobotTask (Unload,500000);
22/04/20;16:12:10.744;INFO;Controller;Executing asynchronous activity: ExecRobotTask;
22/04/20;16:12:10.745;INFO;Controller;Status = Executing: Unload;
22/04/20;16:12:10.745;INFO;Controller;State = Running;
22/04/20;16:12:11.588;INFO;Robot Runtime;executing:    Unload;
22/04/20;16:12:15.188;INFO;Controller;Activity ExecRobotTask ended. Return value: Done False/False/False;
22/04/20;16:12:15.188;INFO;Controller;State = Ready;
22/04/20;16:12:16.809;INFO;Server;Command: ExecRobotTask (Load,500000);
22/04/20;16:12:16.809;INFO;Controller;Executing asynchronous activity: ExecRobotTask;
22/04/20;16:12:16.819;INFO;Controller;Status = Executing: Load;
22/04/20;16:12:16.819;INFO;Controller;State = Running;
22/04/20;16:12:17.689;INFO;Robot Runtime;executing:    Load;
22/04/20;16:12:23.932;INFO;Controller;Activity ExecRobotTask ended. Return value: Done False/True/False;
22/04/20;16:12:23.932;INFO;Controller;State = Ready;
22/04/20;16:12:23.962;INFO;Server;Command: ExecRobotTask (Mount,500000);
22/04/20;16:12:23.962;INFO;Controller;Executing asynchronous activity: ExecRobotTask;
22/04/20;16:12:23.962;INFO;Controller;Status = Executing: Mount;
22/04/20;16:12:23.962;INFO;Controller;State = Running;
22/04/20;16:12:25.000;INFO;Robot Runtime;executing:    Mount;
22/04/20;16:12:29.181;INFO;Controller;Activity ExecRobotTask ended. Return value: Done True/False/False;
22/04/20;16:12:29.181;INFO;Controller;State = Ready;
22/04/20;16:12:29.227;INFO;Server;Command: ExecRobotTask (Park,500000);
22/04/20;16:12:29.227;INFO;Controller;Executing asynchronous activity: ExecRobotTask;
22/04/20;16:12:29.227;INFO;Controller;Status = Executing: Park;
22/04/20;16:12:29.227;INFO;Controller;State = Running;
22/04/20;16:12:30.274;INFO;Robot Runtime;executing:    Park;
22/04/20;16:12:32.266;INFO;Controller;Activity ExecRobotTask ended. Return value: Done;
22/04/20;16:12:32.266;INFO;Controller;State = Ready;
22/04/20;16:12:32.290;INFO;Server;Command: ExecRobotTask (UnlatchRobGov,500000);
22/04/20;16:12:32.290;INFO;Controller;Executing asynchronous activity: ExecRobotTask;
22/04/20;16:12:32.291;INFO;Controller;Status = Executing: UnlatchRobGov;
22/04/20;16:12:32.291;INFO;Controller;State = Running;
22/04/20;16:12:33.235;INFO;Robot Runtime;executing:    UnlatchRobGov;
22/04/20;16:12:33.739;INFO;Controller;Activity ExecRobotTask ended. Return value: Done;
22/04/20;16:12:33.739;INFO;Controller;State = Ready;
22/04/20;16:39:20.933;INFO;Server;Command: ExecRobotTask (Unmount,500000);
22/04/20;16:39:20.933;INFO;Controller;Executing asynchronous activity: ExecRobotTask;
22/04/20;16:39:20.933;INFO;Controller;Status = Executing: Unmount;
22/04/20;16:39:20.933;INFO;Controller;State = Running;
22/04/20;16:39:21.815;INFO;Robot Runtime;executing:    Unmount;
22/04/20;16:39:28.689;INFO;Controller;Activity ExecRobotTask ended. Return value: Done False/True/False;
22/04/20;16:39:28.690;INFO;Controller;State = Ready;
22/04/20;16:39:28.719;INFO;Server;Command: ExecRobotTask (Unload,500000);
22/04/20;16:39:28.719;INFO;Controller;Executing asynchronous activity: ExecRobotTask;
22/04/20;16:39:28.719;INFO;Controller;Status = Executing: Unload;
22/04/20;16:39:28.719;INFO;Controller;State = Running;
22/04/20;16:39:29.583;INFO;Robot Runtime;executing:    Unload;
22/04/20;16:39:33.154;INFO;Controller;Activity ExecRobotTask ended. Return value: Done False/False/False;
22/04/20;16:39:33.154;INFO;Controller;State = Ready;
22/04/20;16:39:34.752;INFO;Server;Command: ExecRobotTask (Load,500000);
22/04/20;16:39:34.752;INFO;Controller;Executing asynchronous activity: ExecRobotTask;
22/04/20;16:39:34.752;INFO;Controller;Status = Executing: Load;
22/04/20;16:39:34.752;INFO;Controller;State = Running;
22/04/20;16:39:35.810;INFO;Robot Runtime;executing:    Load;
22/04/20;16:39:41.914;INFO;Controller;Activity ExecRobotTask ended. Return value: Done False/True/False;
22/04/20;16:39:41.915;INFO;Controller;State = Ready;
22/04/20;16:39:41.947;INFO;Server;Command: ExecRobotTask (Mount,500000);
22/04/20;16:39:41.947;INFO;Controller;Executing asynchronous activity: ExecRobotTask;
22/04/20;16:39:41.947;INFO;Controller;Status = Executing: Mount;
22/04/20;16:39:41.948;INFO;Controller;State = Running;
22/04/20;16:39:43.030;INFO;Robot Runtime;executing:    Mount;
22/04/20;16:39:46.993;INFO;Controller;Activity ExecRobotTask ended. Return value: Done True/False/False;
22/04/20;16:39:46.993;INFO;Controller;State = Ready;
22/04/20;16:39:47.038;INFO;Server;Command: ExecRobotTask (Park,500000);
22/04/20;16:39:47.038;INFO;Controller;Executing asynchronous activity: ExecRobotTask;
22/04/20;16:39:47.039;INFO;Controller;Status = Executing: Park;
22/04/20;16:39:47.039;INFO;Controller;State = Running;
22/04/20;16:39:47.912;INFO;Robot Runtime;executing:    Park;
22/04/20;16:39:49.971;INFO;Controller;Activity ExecRobotTask ended. Return value: Done;
22/04/20;16:39:49.971;INFO;Controller;State = Ready;
22/04/20;16:39:50.000;INFO;Server;Command: ExecRobotTask (UnlatchRobGov,500000);
22/04/20;16:39:50.000;INFO;Controller;Executing asynchronous activity: ExecRobotTask;
22/04/20;16:39:50.000;INFO;Controller;Status = Executing: UnlatchRobGov;
22/04/20;16:39:50.000;INFO;Controller;State = Running;
22/04/20;16:39:50.911;INFO;Robot Runtime;executing:    UnlatchRobGov;
22/04/20;16:39:51.448;INFO;Controller;Activity ExecRobotTask ended. Return value: Done;
22/04/20;16:39:51.449;INFO;Controller;State = Ready;
22/04/20;16:52:58.495;INFO;Server;Command: ExecRobotTask (Unmount,500000);
22/04/20;16:52:58.495;INFO;Controller;Executing asynchronous activity: ExecRobotTask;
22/04/20;16:52:58.495;INFO;Controller;Status = Executing: Unmount;
22/04/20;16:52:58.495;INFO;Controller;State = Running;
22/04/20;16:52:59.347;INFO;Robot Runtime;executing:    Unmount;
22/04/20;16:53:06.583;INFO;Controller;Activity ExecRobotTask ended. Return value: Done False/True/False;
22/04/20;16:53:06.583;INFO;Controller;State = Ready;
22/04/20;16:53:06.617;INFO;Server;Command: ExecRobotTask (Unload,500000);
22/04/20;16:53:06.617;INFO;Controller;Executing asynchronous activity: ExecRobotTask;
22/04/20;16:53:06.617;INFO;Controller;Status = Executing: Unload;
22/04/20;16:53:06.618;INFO;Controller;State = Running;
22/04/20;16:53:07.467;INFO;Robot Runtime;executing:    Unload;
22/04/20;16:53:11.300;INFO;Controller;Activity ExecRobotTask ended. Return value: Done False/False/False;
22/04/20;16:53:11.300;INFO;Controller;State = Ready;
22/04/20;16:53:12.886;INFO;Server;Command: ExecRobotTask (Load,500000);
22/04/20;16:53:12.886;INFO;Controller;Executing asynchronous activity: ExecRobotTask;
22/04/20;16:53:12.886;INFO;Controller;Status = Executing: Load;
22/04/20;16:53:12.886;INFO;Controller;State = Running;
22/04/20;16:53:13.925;INFO;Robot Runtime;executing:    Load;
22/04/20;16:53:20.144;INFO;Controller;Activity ExecRobotTask ended. Return value: Done False/True/False;
22/04/20;16:53:20.144;INFO;Controller;State = Ready;
22/04/20;16:53:20.177;INFO;Server;Command: ExecRobotTask (Mount,500000);
22/04/20;16:53:20.177;INFO;Controller;Executing asynchronous activity: ExecRobotTask;
22/04/20;16:53:20.177;INFO;Controller;Status = Executing: Mount;
22/04/20;16:53:20.177;INFO;Controller;State = Running;
22/04/20;16:53:21.290;INFO;Robot Runtime;executing:    Mount;
22/04/20;16:53:25.392;INFO;Controller;Activity ExecRobotTask ended. Return value: Done True/False/False;
22/04/20;16:53:25.393;INFO;Controller;State = Ready;
22/04/20;16:53:25.435;INFO;Server;Command: ExecRobotTask (Park,500000);
22/04/20;16:53:25.435;INFO;Controller;Executing asynchronous activity: ExecRobotTask;
22/04/20;16:53:25.435;INFO;Controller;Status = Executing: Park;
22/04/20;16:53:25.435;INFO;Controller;State = Running;
22/04/20;16:53:26.307;INFO;Robot Runtime;executing:    Park;
22/04/20;16:53:28.040;INFO;Controller;Activity ExecRobotTask ended. Return value: Done;
22/04/20;16:53:28.040;INFO;Controller;State = Ready;
22/04/20;16:53:28.069;INFO;Server;Command: ExecRobotTask (UnlatchRobGov,500000);
22/04/20;16:53:28.069;INFO;Controller;Executing asynchronous activity: ExecRobotTask;
22/04/20;16:53:28.069;INFO;Controller;Status = Executing: UnlatchRobGov;
22/04/20;16:53:28.069;INFO;Controller;State = Running;
22/04/20;16:53:28.960;INFO;Robot Runtime;executing:    UnlatchRobGov;
22/04/20;16:53:29.430;INFO;Controller;Activity ExecRobotTask ended. Return value: Done;
22/04/20;16:53:29.430;INFO;Controller;State = Ready;
22/04/20;16:55:37.674;INFO;Server;Command: ExecRobotTask (Unmount,500000);
22/04/20;16:55:37.674;INFO;Controller;Executing asynchronous activity: ExecRobotTask;
22/04/20;16:55:37.674;INFO;Controller;Status = Executing: Unmount;
22/04/20;16:55:37.674;INFO;Controller;State = Running;
22/04/20;16:55:38.523;INFO;Robot Runtime;executing:    Unmount;
22/04/20;16:55:45.719;INFO;Controller;Activity ExecRobotTask ended. Return value: Done False/True/False;
22/04/20;16:55:45.719;INFO;Controller;State = Ready;
22/04/20;16:55:45.756;INFO;Server;Command: ExecRobotTask (Unload,500000);
22/04/20;16:55:45.756;INFO;Controller;Executing asynchronous activity: ExecRobotTask;
22/04/20;16:55:45.756;INFO;Controller;Status = Executing: Unload;
22/04/20;16:55:45.756;INFO;Controller;State = Running;
22/04/20;16:55:46.596;INFO;Robot Runtime;executing:    Unload;
22/04/20;16:55:50.428;INFO;Controller;Activity ExecRobotTask ended. Return value: Done False/False/False;
22/04/20;16:55:50.428;INFO;Controller;State = Ready;
22/04/20;16:55:52.036;INFO;Server;Command: ExecRobotTask (Load,500000);
22/04/20;16:55:52.036;INFO;Controller;Executing asynchronous activity: ExecRobotTask;
22/04/20;16:55:52.036;INFO;Controller;Status = Executing: Load;
22/04/20;16:55:52.036;INFO;Controller;State = Running;
22/04/20;16:55:53.096;INFO;Robot Runtime;executing:    Load;
22/04/20;16:55:59.276;INFO;Controller;Activity ExecRobotTask ended. Return value: Done False/True/False;
22/04/20;16:55:59.276;INFO;Controller;State = Ready;
22/04/20;16:55:59.310;INFO;Server;Command: ExecRobotTask (Mount,500000);
22/04/20;16:55:59.310;INFO;Controller;Executing asynchronous activity: ExecRobotTask;
22/04/20;16:55:59.310;INFO;Controller;Status = Executing: Mount;
22/04/20;16:55:59.310;INFO;Controller;State = Running;
22/04/20;16:56:00.433;INFO;Robot Runtime;executing:    Mount;
22/04/20;16:56:04.534;INFO;Controller;Activity ExecRobotTask ended. Return value: Done True/False/False;
22/04/20;16:56:04.534;INFO;Controller;State = Ready;
22/04/20;16:56:04.580;INFO;Server;Command: ExecRobotTask (Park,500000);
22/04/20;16:56:04.580;INFO;Controller;Executing asynchronous activity: ExecRobotTask;
22/04/20;16:56:04.580;INFO;Controller;Status = Executing: Park;
22/04/20;16:56:04.580;INFO;Controller;State = Running;
22/04/20;16:56:05.446;INFO;Robot Runtime;executing:    Park;
22/04/20;16:56:07.589;INFO;Controller;Activity ExecRobotTask ended. Return value: Done;
22/04/20;16:56:07.589;INFO;Controller;State = Ready;
22/04/20;16:56:07.628;INFO;Server;Command: ExecRobotTask (UnlatchRobGov,500000);
22/04/20;16:56:07.628;INFO;Controller;Executing asynchronous activity: ExecRobotTask;
22/04/20;16:56:07.628;INFO;Controller;Status = Executing: UnlatchRobGov;
22/04/20;16:56:07.628;INFO;Controller;State = Running;
22/04/20;16:56:08.521;INFO;Robot Runtime;executing:    UnlatchRobGov;
22/04/20;16:56:09.066;INFO;Controller;Activity ExecRobotTask ended. Return value: Done;
22/04/20;16:56:09.066;INFO;Controller;State = Ready;
22/04/20;17:04:31.956;INFO;Server;Command: ExecRobotTask (Unmount,500000);
22/04/20;17:04:31.956;INFO;Controller;Executing asynchronous activity: ExecRobotTask;
22/04/20;17:04:31.956;INFO;Controller;Status = Executing: Unmount;
22/04/20;17:04:31.956;INFO;Controller;State = Running;
22/04/20;17:04:32.825;INFO;Robot Runtime;executing:    Unmount;
22/04/20;17:04:39.658;INFO;Controller;Activity ExecRobotTask ended. Return value: Done False/True/False;
22/04/20;17:04:39.658;INFO;Controller;State = Ready;
22/04/20;17:04:39.693;INFO;Server;Command: ExecRobotTask (Unload,500000);
22/04/20;17:04:39.693;INFO;Controller;Executing asynchronous activity: ExecRobotTask;
22/04/20;17:04:39.693;INFO;Controller;Status = Executing: Unload;
22/04/20;17:04:39.693;INFO;Controller;State = Running;
22/04/20;17:04:40.531;INFO;Robot Runtime;executing:    Unload;
22/04/20;17:04:44.528;INFO;Controller;Activity ExecRobotTask ended. Return value: Done False/False/False;
22/04/20;17:04:44.528;INFO;Controller;State = Ready;
22/04/20;17:04:46.152;INFO;Server;Command: ExecRobotTask (Load,500000);
22/04/20;17:04:46.152;INFO;Controller;Executing asynchronous activity: ExecRobotTask;
22/04/20;17:04:46.152;INFO;Controller;Status = Executing: Load;
22/04/20;17:04:46.152;INFO;Controller;State = Running;
22/04/20;17:04:47.197;INFO;Robot Runtime;executing:    Load;
22/04/20;17:04:53.376;INFO;Controller;Activity ExecRobotTask ended. Return value: Done False/True/False;
22/04/20;17:04:53.377;INFO;Controller;State = Ready;
22/04/20;17:04:53.416;INFO;Server;Command: ExecRobotTask (Mount,500000);
22/04/20;17:04:53.416;INFO;Controller;Executing asynchronous activity: ExecRobotTask;
22/04/20;17:04:53.416;INFO;Controller;Status = Executing: Mount;
22/04/20;17:04:53.417;INFO;Controller;State = Running;
22/04/20;17:04:54.494;INFO;Robot Runtime;executing:    Mount;
22/04/20;17:04:58.466;INFO;Controller;Activity ExecRobotTask ended. Return value: Done True/False/False;
22/04/20;17:04:58.466;INFO;Controller;State = Ready;
22/04/20;17:04:58.504;INFO;Server;Command: ExecRobotTask (Park,500000);
22/04/20;17:04:58.504;INFO;Controller;Executing asynchronous activity: ExecRobotTask;
22/04/20;17:04:58.504;INFO;Controller;Status = Executing: Park;
22/04/20;17:04:58.504;INFO;Controller;State = Running;
22/04/20;17:04:59.398;INFO;Robot Runtime;executing:    Park;
22/04/20;17:05:01.461;INFO;Controller;Activity ExecRobotTask ended. Return value: Done;
22/04/20;17:05:01.461;INFO;Controller;State = Ready;
22/04/20;17:05:01.498;INFO;Server;Command: ExecRobotTask (UnlatchRobGov,500000);
22/04/20;17:05:01.498;INFO;Controller;Executing asynchronous activity: ExecRobotTask;
22/04/20;17:05:01.498;INFO;Controller;Status = Executing: UnlatchRobGov;
22/04/20;17:05:01.498;INFO;Controller;State = Running;
22/04/20;17:05:02.389;INFO;Robot Runtime;executing:    UnlatchRobGov;
22/04/20;17:05:02.931;INFO;Controller;Activity ExecRobotTask ended. Return value: Done;
22/04/20;17:05:02.931;INFO;Controller;State = Ready;
22/04/20;17:26:47.780;INFO;Server;Command: ExecRobotTask (Unmount,500000);
22/04/20;17:26:47.781;INFO;Controller;Executing asynchronous activity: ExecRobotTask;
22/04/20;17:26:47.781;INFO;Controller;Status = Executing: Unmount;
22/04/20;17:26:47.781;INFO;Controller;State = Running;
22/04/20;17:26:48.630;INFO;Robot Runtime;executing:    Unmount;
22/04/20;17:26:56.028;INFO;Controller;Activity ExecRobotTask ended. Return value: Done False/True/False;
22/04/20;17:26:56.028;INFO;Controller;State = Ready;
22/04/20;17:26:56.062;INFO;Server;Command: ExecRobotTask (Unload,500000);
22/04/20;17:26:56.063;INFO;Controller;Executing asynchronous activity: ExecRobotTask;
22/04/20;17:26:56.063;INFO;Controller;Status = Executing: Unload;
22/04/20;17:26:56.063;INFO;Controller;State = Running;
22/04/20;17:26:56.906;INFO;Robot Runtime;executing:    Unload;
22/04/20;17:27:00.559;INFO;Controller;Activity ExecRobotTask ended. Return value: Done False/False/False;
22/04/20;17:27:00.559;INFO;Controller;State = Ready;
22/04/20;17:27:02.190;INFO;Server;Command: ExecRobotTask (Load,500000);
22/04/20;17:27:02.190;INFO;Controller;Executing asynchronous activity: ExecRobotTask;
22/04/20;17:27:02.190;INFO;Controller;Status = Executing: Load;
22/04/20;17:27:02.190;INFO;Controller;State = Running;
22/04/20;17:27:03.226;INFO;Robot Runtime;executing:    Load;
22/04/20;17:27:09.553;INFO;Controller;Activity ExecRobotTask ended. Return value: Done False/True/False;
22/04/20;17:27:09.554;INFO;Controller;State = Ready;
22/04/20;17:27:09.591;INFO;Server;Command: ExecRobotTask (Mount,500000);
22/04/20;17:27:09.591;INFO;Controller;Executing asynchronous activity: ExecRobotTask;
22/04/20;17:27:09.591;INFO;Controller;Status = Executing: Mount;
22/04/20;17:27:09.591;INFO;Controller;State = Running;
22/04/20;17:27:10.707;INFO;Robot Runtime;executing:    Mount;
22/04/20;17:27:15.050;INFO;Controller;Activity ExecRobotTask ended. Return value: Done True/False/False;
22/04/20;17:27:15.050;INFO;Controller;State = Ready;
22/04/20;17:27:15.085;INFO;Server;Command: ExecRobotTask (Park,500000);
22/04/20;17:27:15.085;INFO;Controller;Executing asynchronous activity: ExecRobotTask;
22/04/20;17:27:15.085;INFO;Controller;Status = Executing: Park;
22/04/20;17:27:15.085;INFO;Controller;State = Running;
22/04/20;17:27:15.954;INFO;Robot Runtime;executing:    Park;
22/04/20;17:27:17.710;INFO;Controller;Activity ExecRobotTask ended. Return value: Done;
22/04/20;17:27:17.710;INFO;Controller;State = Ready;
22/04/20;17:27:17.751;INFO;Server;Command: ExecRobotTask (UnlatchRobGov,500000);
22/04/20;17:27:17.751;INFO;Controller;Executing asynchronous activity: ExecRobotTask;
22/04/20;17:27:17.752;INFO;Controller;Status = Executing: UnlatchRobGov;
22/04/20;17:27:17.752;INFO;Controller;State = Running;
22/04/20;17:27:18.637;INFO;Robot Runtime;executing:    UnlatchRobGov;
22/04/20;17:27:19.103;INFO;Controller;Activity ExecRobotTask ended. Return value: Done;
22/04/20;17:27:19.103;INFO;Controller;State = Ready;
22/04/20;17:58:03.582;INFO;Server;Command: ExecRobotTask (Unmount,500000);
22/04/20;17:58:03.583;INFO;Controller;Executing asynchronous activity: ExecRobotTask;
22/04/20;17:58:03.583;INFO;Controller;Status = Executing: Unmount;
22/04/20;17:58:03.583;INFO;Controller;State = Running;
22/04/20;17:58:04.483;INFO;Robot Runtime;executing:    Unmount;
22/04/20;17:58:11.775;INFO;Controller;Activity ExecRobotTask ended. Return value: Done False/True/False;
22/04/20;17:58:11.775;INFO;Controller;State = Ready;
22/04/20;17:58:11.811;INFO;Server;Command: ExecRobotTask (Unload,500000);
22/04/20;17:58:11.811;INFO;Controller;Executing asynchronous activity: ExecRobotTask;
22/04/20;17:58:11.811;INFO;Controller;Status = Executing: Unload;
22/04/20;17:58:11.811;INFO;Controller;State = Running;
22/04/20;17:58:12.655;INFO;Robot Runtime;executing:    Unload;
22/04/20;17:58:16.481;INFO;Controller;Activity ExecRobotTask ended. Return value: Done False/False/False;
22/04/20;17:58:16.481;INFO;Controller;State = Ready;
22/04/20;17:58:18.085;INFO;Server;Command: ExecRobotTask (Load,500000);
22/04/20;17:58:18.085;INFO;Controller;Executing asynchronous activity: ExecRobotTask;
22/04/20;17:58:18.085;INFO;Controller;Status = Executing: Load;
22/04/20;17:58:18.085;INFO;Controller;State = Running;
22/04/20;17:58:19.152;INFO;Robot Runtime;executing:    Load;
22/04/20;17:58:25.329;INFO;Controller;Activity ExecRobotTask ended. Return value: Done False/True/False;
22/04/20;17:58:25.329;INFO;Controller;State = Ready;
22/04/20;17:58:25.367;INFO;Server;Command: ExecRobotTask (Mount,500000);
22/04/20;17:58:25.367;INFO;Controller;Executing asynchronous activity: ExecRobotTask;
22/04/20;17:58:25.367;INFO;Controller;Status = Executing: Mount;
22/04/20;17:58:25.367;INFO;Controller;State = Running;
22/04/20;17:58:26.458;INFO;Robot Runtime;executing:    Mount;
22/04/20;17:58:30.603;INFO;Controller;Activity ExecRobotTask ended. Return value: Done True/False/False;
22/04/20;17:58:30.603;INFO;Controller;State = Ready;
22/04/20;17:58:30.654;INFO;Server;Command: ExecRobotTask (Park,500000);
22/04/20;17:58:30.654;INFO;Controller;Executing asynchronous activity: ExecRobotTask;
22/04/20;17:58:30.654;INFO;Controller;Status = Executing: Park;
22/04/20;17:58:30.654;INFO;Controller;State = Running;
22/04/20;17:58:31.542;INFO;Robot Runtime;executing:    Park;
22/04/20;17:58:33.662;INFO;Controller;Activity ExecRobotTask ended. Return value: Done;
22/04/20;17:58:33.662;INFO;Controller;State = Ready;
22/04/20;17:58:33.699;INFO;Server;Command: ExecRobotTask (UnlatchRobGov,500000);
22/04/20;17:58:33.699;INFO;Controller;Executing asynchronous activity: ExecRobotTask;
22/04/20;17:58:33.699;INFO;Controller;Status = Executing: UnlatchRobGov;
22/04/20;17:58:33.699;INFO;Controller;State = Running;
22/04/20;17:58:34.585;INFO;Robot Runtime;executing:    UnlatchRobGov;
22/04/20;17:58:35.132;INFO;Controller;Activity ExecRobotTask ended. Return value: Done;
22/04/20;17:58:35.136;INFO;Controller;State = Ready;
22/04/20;18:03:50.254;INFO;Server;Command: ExecRobotTask (Unmount,500000);
22/04/20;18:03:50.255;INFO;Controller;Executing asynchronous activity: ExecRobotTask;
22/04/20;18:03:50.255;INFO;Controller;Status = Executing: Unmount;
22/04/20;18:03:50.255;INFO;Controller;State = Running;
22/04/20;18:03:51.154;INFO;Robot Runtime;executing:    Unmount;
22/04/20;18:03:58.532;INFO;Controller;Activity ExecRobotTask ended. Return value: Done False/True/False;
22/04/20;18:03:58.532;INFO;Controller;State = Ready;
22/04/20;18:03:58.567;INFO;Server;Command: ExecRobotTask (Unload,500000);
22/04/20;18:03:58.567;INFO;Controller;Executing asynchronous activity: ExecRobotTask;
22/04/20;18:03:58.568;INFO;Controller;Status = Executing: Unload;
22/04/20;18:03:58.568;INFO;Controller;State = Running;
22/04/20;18:03:59.412;INFO;Robot Runtime;executing:    Unload;
22/04/20;18:04:03.238;INFO;Controller;Activity ExecRobotTask ended. Return value: Done False/False/False;
22/04/20;18:04:03.239;INFO;Controller;State = Ready;
22/04/20;18:04:04.882;INFO;Server;Command: ExecRobotTask (Load,500000);
22/04/20;18:04:04.883;INFO;Controller;Executing asynchronous activity: ExecRobotTask;
22/04/20;18:04:04.883;INFO;Controller;Status = Executing: Load;
22/04/20;18:04:04.883;INFO;Controller;State = Running;
22/04/20;18:04:05.940;INFO;Robot Runtime;executing:    Load;
22/04/20;18:04:12.111;INFO;Controller;Activity ExecRobotTask ended. Return value: Done False/True/False;
22/04/20;18:04:12.111;INFO;Controller;State = Ready;
22/04/20;18:04:12.149;INFO;Server;Command: ExecRobotTask (Mount,500000);
22/04/20;18:04:12.149;INFO;Controller;Executing asynchronous activity: ExecRobotTask;
22/04/20;18:04:12.149;INFO;Controller;Status = Executing: Mount;
22/04/20;18:04:12.149;INFO;Controller;State = Running;
22/04/20;18:04:13.243;INFO;Robot Runtime;executing:    Mount;
22/04/20;18:04:17.201;INFO;Controller;Activity ExecRobotTask ended. Return value: Done True/False/False;
22/04/20;18:04:17.201;INFO;Controller;State = Ready;
22/04/20;18:04:17.249;INFO;Server;Command: ExecRobotTask (Park,500000);
22/04/20;18:04:17.249;INFO;Controller;Executing asynchronous activity: ExecRobotTask;
22/04/20;18:04:17.249;INFO;Controller;Status = Executing: Park;
22/04/20;18:04:17.249;INFO;Controller;State = Running;
22/04/20;18:04:18.141;INFO;Robot Runtime;executing:    Park;
22/04/20;18:04:20.180;INFO;Controller;Activity ExecRobotTask ended. Return value: Done;
22/04/20;18:04:20.180;INFO;Controller;State = Ready;
22/04/20;18:04:20.220;INFO;Server;Command: ExecRobotTask (UnlatchRobGov,500000);
22/04/20;18:04:20.220;INFO;Controller;Executing asynchronous activity: ExecRobotTask;
22/04/20;18:04:20.221;INFO;Controller;Status = Executing: UnlatchRobGov;
22/04/20;18:04:20.221;INFO;Controller;State = Running;
22/04/20;18:04:21.109;INFO;Robot Runtime;executing:    UnlatchRobGov;
22/04/20;18:04:21.649;INFO;Controller;Activity ExecRobotTask ended. Return value: Done;
22/04/20;18:04:21.649;INFO;Controller;State = Ready;
22/04/20;18:11:33.570;INFO;Server;Command: ExecRobotTask (Unmount,500000);
22/04/20;18:11:33.570;INFO;Controller;Executing asynchronous activity: ExecRobotTask;
22/04/20;18:11:33.570;INFO;Controller;Status = Executing: Unmount;
22/04/20;18:11:33.570;INFO;Controller;State = Running;
22/04/20;18:11:34.445;INFO;Robot Runtime;executing:    Unmount;
22/04/20;18:11:41.613;INFO;Controller;Activity ExecRobotTask ended. Return value: Done False/True/False;
22/04/20;18:11:41.613;INFO;Controller;State = Ready;
22/04/20;18:11:41.658;INFO;Server;Command: ExecRobotTask (Unload,500000);
22/04/20;18:11:41.658;INFO;Controller;Executing asynchronous activity: ExecRobotTask;
22/04/20;18:11:41.658;INFO;Controller;Status = Executing: Unload;
22/04/20;18:11:41.658;INFO;Controller;State = Running;
22/04/20;18:11:42.499;INFO;Robot Runtime;executing:    Unload;
22/04/20;18:11:46.318;INFO;Controller;Activity ExecRobotTask ended. Return value: Done False/False/False;
22/04/20;18:11:46.318;INFO;Controller;State = Ready;
22/04/20;18:11:47.941;INFO;Server;Command: ExecRobotTask (Load,500000);
22/04/20;18:11:47.941;INFO;Controller;Executing asynchronous activity: ExecRobotTask;
22/04/20;18:11:47.941;INFO;Controller;Status = Executing: Load;
22/04/20;18:11:47.941;INFO;Controller;State = Running;
22/04/20;18:11:48.986;INFO;Robot Runtime;executing:    Load;
22/04/20;18:11:55.151;INFO;Controller;Activity ExecRobotTask ended. Return value: Done False/True/False;
22/04/20;18:11:55.151;INFO;Controller;State = Ready;
22/04/20;18:11:55.194;INFO;Server;Command: ExecRobotTask (Mount,500000);
22/04/20;18:11:55.194;INFO;Controller;Executing asynchronous activity: ExecRobotTask;
22/04/20;18:11:55.195;INFO;Controller;Status = Executing: Mount;
22/04/20;18:11:55.195;INFO;Controller;State = Running;
22/04/20;18:11:56.325;INFO;Robot Runtime;executing:    Mount;
22/04/20;18:12:00.679;INFO;Controller;Activity ExecRobotTask ended. Return value: Done True/False/False;
22/04/20;18:12:00.679;INFO;Controller;State = Ready;
22/04/20;18:12:00.729;INFO;Server;Command: ExecRobotTask (Park,500000);
22/04/20;18:12:00.729;INFO;Controller;Executing asynchronous activity: ExecRobotTask;
22/04/20;18:12:00.730;INFO;Controller;Status = Executing: Park;
22/04/20;18:12:00.730;INFO;Controller;State = Running;
22/04/20;18:12:01.602;INFO;Robot Runtime;executing:    Park;
22/04/20;18:12:03.753;INFO;Controller;Activity ExecRobotTask ended. Return value: Done;
22/04/20;18:12:03.753;INFO;Controller;State = Ready;
22/04/20;18:12:03.798;INFO;Server;Command: ExecRobotTask (UnlatchRobGov,500000);
22/04/20;18:12:03.798;INFO;Controller;Executing asynchronous activity: ExecRobotTask;
22/04/20;18:12:03.798;INFO;Controller;Status = Executing: UnlatchRobGov;
22/04/20;18:12:03.798;INFO;Controller;State = Running;
22/04/20;18:12:04.675;INFO;Robot Runtime;executing:    UnlatchRobGov;
22/04/20;18:12:05.221;INFO;Controller;Activity ExecRobotTask ended. Return value: Done;
22/04/20;18:12:05.221;INFO;Controller;State = Ready;
22/04/20;18:17:18.010;INFO;Server;Command: ExecRobotTask (Unmount,500000);
22/04/20;18:17:18.011;INFO;Controller;Executing asynchronous activity: ExecRobotTask;
22/04/20;18:17:18.011;INFO;Controller;Status = Executing: Unmount;
22/04/20;18:17:18.011;INFO;Controller;State = Running;
22/04/20;18:17:18.861;INFO;Robot Runtime;executing:    Unmount;
22/04/20;18:17:25.920;INFO;Controller;Activity ExecRobotTask ended. Return value: Done False/True/False;
22/04/20;18:17:25.920;INFO;Controller;State = Ready;
22/04/20;18:17:25.964;INFO;Server;Command: ExecRobotTask (Unload,500000);
22/04/20;18:17:25.964;INFO;Controller;Executing asynchronous activity: ExecRobotTask;
22/04/20;18:17:25.964;INFO;Controller;Status = Executing: Unload;
22/04/20;18:17:25.965;INFO;Controller;State = Running;
22/04/20;18:17:26.805;INFO;Robot Runtime;executing:    Unload;
22/04/20;18:17:30.374;INFO;Controller;Activity ExecRobotTask ended. Return value: Done False/False/False;
22/04/20;18:17:30.374;INFO;Controller;State = Ready;
22/04/20;18:17:30.506;INFO;Server;Command: ExecRobotTask (UnlatchRobGov,500000);
22/04/20;18:17:30.506;INFO;Controller;Executing asynchronous activity: ExecRobotTask;
22/04/20;18:17:30.506;INFO;Controller;Status = Executing: UnlatchRobGov;
22/04/20;18:17:30.506;INFO;Controller;State = Running;
22/04/20;18:17:31.344;INFO;Robot Runtime;executing:    UnlatchRobGov;
22/04/20;18:17:31.749;INFO;Controller;Activity ExecRobotTask ended. Return value: Done;
22/04/20;18:17:31.749;INFO;Controller;State = Ready;
22/04/20;18:17:31.795;INFO;Server;Command: ExecRobotTask (Home,500000);
22/04/20;18:17:31.795;INFO;Controller;Executing asynchronous activity: ExecRobotTask;
22/04/20;18:17:31.795;INFO;Controller;Status = Executing: Home;
22/04/20;18:17:31.795;INFO;Controller;State = Running;
22/04/20;18:17:32.808;INFO;Robot Runtime;executing:    Home;
22/04/20;18:17:34.026;INFO;Controller;Activity ExecRobotTask ended. Return value: Done;
22/04/20;18:17:34.027;INFO;Controller;State = Ready;
22/04/20;18:17:34.066;INFO;Server;Command: ExecRobotTask (Finish,500000);
22/04/20;18:17:34.066;INFO;Controller;Executing asynchronous activity: ExecRobotTask;
22/04/20;18:17:34.066;INFO;Controller;Status = Executing: Finish;
22/04/20;18:17:34.066;INFO;Controller;State = Running;
22/04/20;18:17:35.185;INFO;Robot Runtime;executing:    Finish;
22/04/20;18:19:43.617;INFO;Controller;Activity ExecRobotTask ended. Return value: Done;
22/04/20;18:19:43.618;INFO;Controller;State = Ready;
22/04/20;21:52:59.730;WARNING;Robot;Alarm active: Device is offline;
22/04/20;21:52:59.731;INFO;Controller;State = Communication Error;
22/04/20;21:53:07.835;INFO;Robot;Alarm inactive: Device is offline;
22/04/20;21:53:07.835;WARNING;Controller;Communication resumed, trying updating devices;
22/04/20;21:53:07.835;INFO;Controller;Finished device updating;
22/04/20;21:53:07.835;INFO;Controller;State = Ready;
