01/10/20;13:50:51.162;INFO;Server;Command: ExecRobotTask (EnableTScreen,500000);
01/10/20;13:50:51.164;INFO;Controller;Executing asynchronous activity: ExecRobotTask;
01/10/20;13:50:51.164;INFO;Controller;Status = Executing: EnableTScreen;
01/10/20;13:50:51.164;INFO;Controller;State = Running;
01/10/20;13:50:52.041;INFO;Robot Runtime;executing:    EnableTScreen;
01/10/20;13:50:52.249;INFO;Controller;Activity ExecRobotTask ended. Return value: Done;
01/10/20;13:50:52.249;INFO;Controller;State = Ready;
01/10/20;13:51:01.312;INFO;Server;Command: ExecRobotTask (EnableTScreen,500000);
01/10/20;13:51:01.312;INFO;Controller;Executing asynchronous activity: ExecRobotTask;
01/10/20;13:51:01.313;INFO;Controller;Status = Executing: EnableTScreen;
01/10/20;13:51:01.313;INFO;Controller;State = Running;
01/10/20;13:51:02.200;INFO;Robot Runtime;executing:    EnableTScreen;
01/10/20;13:51:02.388;INFO;Controller;Activity ExecRobotTask ended. Return value: Done;
01/10/20;13:51:02.388;INFO;Controller;State = Ready;
01/10/20;13:51:02.914;INFO;Server;Command: ExecRobotTask (EnableTScreen,500000);
01/10/20;13:51:02.914;INFO;Controller;Executing asynchronous activity: ExecRobotTask;
01/10/20;13:51:02.914;INFO;Controller;Status = Executing: EnableTScreen;
01/10/20;13:51:02.914;INFO;Controller;State = Running;
01/10/20;13:51:03.754;INFO;Robot Runtime;executing:    EnableTScreen;
01/10/20;13:51:04.081;INFO;Controller;Activity ExecRobotTask ended. Return value: Done;
01/10/20;13:51:04.082;INFO;Controller;State = Ready;
