26/03/20;11:16:40.662;INFO;Server;Command: ExecRobotTask (TurnOffAutoFill,500000);
26/03/20;11:16:40.663;INFO;Controller;Executing asynchronous activity: ExecRobotTask;
26/03/20;11:16:40.663;INFO;Controller;Status = Executing: TurnOffAutoFill;
26/03/20;11:16:40.663;INFO;Controller;State = Running;
26/03/20;11:16:41.592;INFO;Robot Runtime;executing:    TurnOffAutoFill;
26/03/20;11:16:42.317;INFO;Controller;Activity ExecRobotTask ended. Return value: Done;
26/03/20;11:16:42.317;INFO;Controller;State = Ready;
26/03/20;11:16:42.345;INFO;Server;Command: ExecRobotTask (EnableTScreen,500000);
26/03/20;11:16:42.345;INFO;Controller;Executing asynchronous activity: ExecRobotTask;
26/03/20;11:16:42.345;INFO;Controller;Status = Executing: EnableTScreen;
26/03/20;11:16:42.345;INFO;Controller;State = Running;
26/03/20;11:16:43.258;INFO;Robot Runtime;executing:    EnableTScreen;
26/03/20;11:16:43.583;INFO;Controller;Activity ExecRobotTask ended. Return value: Done;
26/03/20;11:16:43.584;INFO;Controller;State = Ready;
26/03/20;11:17:07.783;INFO;Server;Command: ExecRobotTask (TurnOnAutoFill,500000);
26/03/20;11:17:07.783;INFO;Controller;Executing asynchronous activity: ExecRobotTask;
26/03/20;11:17:07.783;INFO;Controller;Status = Executing: TurnOnAutoFill;
26/03/20;11:17:07.783;INFO;Controller;State = Running;
26/03/20;11:17:08.644;INFO;Robot Runtime;executing:    TurnOnAutoFill;
26/03/20;11:17:09.268;INFO;Controller;Activity ExecRobotTask ended. Return value: Done;
26/03/20;11:17:09.268;INFO;Controller;State = Ready;
26/03/20;11:17:09.277;INFO;Server;Command: ExecRobotTask (EnableTScreen,500000);
26/03/20;11:17:09.277;INFO;Controller;Executing asynchronous activity: ExecRobotTask;
26/03/20;11:17:09.277;INFO;Controller;Status = Executing: EnableTScreen;
26/03/20;11:17:09.277;INFO;Controller;State = Running;
26/03/20;11:17:10.127;INFO;Robot Runtime;executing:    EnableTScreen;
26/03/20;11:17:10.479;INFO;Controller;Activity ExecRobotTask ended. Return value: Done;
26/03/20;11:17:10.479;INFO;Controller;State = Ready;
26/03/20;12:44:30.428;INFO;Server;Command: ExecRobotTask (ClosePorts,500000);
26/03/20;12:44:30.428;INFO;Controller;Executing asynchronous activity: ExecRobotTask;
26/03/20;12:44:30.428;INFO;Controller;Status = Executing: ClosePorts;
26/03/20;12:44:30.428;INFO;Controller;State = Running;
26/03/20;12:44:31.632;INFO;Robot Runtime;executing:    ClosePorts;
26/03/20;12:44:31.821;INFO;Controller;Activity ExecRobotTask ended. Return value: Done;
26/03/20;12:44:31.821;INFO;Controller;State = Ready;
26/03/20;12:44:31.862;INFO;Server;Command: ExecRobotTask (EnableTScreen,500000);
26/03/20;12:44:31.862;INFO;Controller;Executing asynchronous activity: ExecRobotTask;
26/03/20;12:44:31.862;INFO;Controller;Status = Executing: EnableTScreen;
26/03/20;12:44:31.862;INFO;Controller;State = Running;
26/03/20;12:44:32.724;INFO;Robot Runtime;executing:    EnableTScreen;
26/03/20;12:44:33.039;INFO;Controller;Activity ExecRobotTask ended. Return value: Done;
26/03/20;12:44:33.039;INFO;Controller;State = Ready;
26/03/20;12:44:35.566;INFO;Server;Command: ExecRobotTask (OpenPortLid,500000);
26/03/20;12:44:35.566;INFO;Controller;Executing asynchronous activity: ExecRobotTask;
26/03/20;12:44:35.572;INFO;Controller;Status = Executing: OpenPortLid;
26/03/20;12:44:35.572;INFO;Controller;State = Running;
26/03/20;12:44:36.469;INFO;Robot Runtime;executing:    OpenPortLid;
26/03/20;12:44:36.611;INFO;Controller;Activity ExecRobotTask ended. Return value: Done;
26/03/20;12:44:36.611;INFO;Controller;State = Ready;
26/03/20;12:44:36.620;INFO;Server;Command: ExecRobotTask (EnableTScreen,500000);
26/03/20;12:44:36.620;INFO;Controller;Executing asynchronous activity: ExecRobotTask;
26/03/20;12:44:36.620;INFO;Controller;Status = Executing: EnableTScreen;
26/03/20;12:44:36.620;INFO;Controller;State = Running;
26/03/20;12:44:37.479;INFO;Robot Runtime;executing:    EnableTScreen;
26/03/20;12:44:37.828;INFO;Controller;Activity ExecRobotTask ended. Return value: Done;
26/03/20;12:44:37.828;INFO;Controller;State = Ready;
26/03/20;12:47:39.560;INFO;Server;Command: ExecRobotTask (ClosePorts,500000);
26/03/20;12:47:39.560;INFO;Controller;Executing asynchronous activity: ExecRobotTask;
26/03/20;12:47:39.560;INFO;Controller;Status = Executing: ClosePorts;
26/03/20;12:47:39.561;INFO;Controller;State = Running;
26/03/20;12:47:40.415;INFO;Robot Runtime;executing:    ClosePorts;
26/03/20;12:47:40.753;INFO;Controller;Activity ExecRobotTask ended. Return value: Done;
26/03/20;12:47:40.753;INFO;Controller;State = Ready;
26/03/20;12:47:40.771;INFO;Server;Command: ExecRobotTask (EnableTScreen,500000);
26/03/20;12:47:40.771;INFO;Controller;Executing asynchronous activity: ExecRobotTask;
26/03/20;12:47:40.771;INFO;Controller;Status = Executing: EnableTScreen;
26/03/20;12:47:40.771;INFO;Controller;State = Running;
26/03/20;12:47:41.626;INFO;Robot Runtime;executing:    EnableTScreen;
26/03/20;12:47:41.974;INFO;Controller;Activity ExecRobotTask ended. Return value: Done;
26/03/20;12:47:41.974;INFO;Controller;State = Ready;
26/03/20;12:54:03.540;INFO;Server;Command: ExecRobotTask (Initialize,500000);
26/03/20;12:54:03.541;INFO;Controller;Executing asynchronous activity: ExecRobotTask;
26/03/20;12:54:03.541;INFO;Controller;Status = Executing: Initialize;
26/03/20;12:54:03.541;INFO;Controller;State = Running;
26/03/20;12:54:04.509;INFO;Robot Runtime;executing:    Initialize;
26/03/20;12:54:05.550;INFO;Controller;Activity ExecRobotTask ended. Return value: Done;
26/03/20;12:54:05.550;INFO;Controller;State = Ready;
26/03/20;12:54:05.574;INFO;Server;Command: ExecRobotTask (Home,500000);
26/03/20;12:54:05.574;INFO;Controller;Executing asynchronous activity: ExecRobotTask;
26/03/20;12:54:05.574;INFO;Controller;Status = Executing: Home;
26/03/20;12:54:05.574;INFO;Controller;State = Running;
26/03/20;12:54:06.437;INFO;Robot Runtime;executing:    Home;
26/03/20;12:54:06.941;INFO;Controller;Activity ExecRobotTask ended. Return value: Done;
26/03/20;12:54:06.941;INFO;Controller;State = Ready;
26/03/20;12:54:06.957;INFO;Server;Command: ExecRobotTask (Park,500000);
26/03/20;12:54:06.957;INFO;Controller;Executing asynchronous activity: ExecRobotTask;
26/03/20;12:54:06.957;INFO;Controller;Status = Executing: Park;
26/03/20;12:54:06.957;INFO;Controller;State = Running;
26/03/20;12:54:07.803;INFO;Robot Runtime;executing:    Park;
26/03/20;12:54:11.290;INFO;Controller;Activity ExecRobotTask ended. Return value: Done;
26/03/20;12:54:11.290;INFO;Controller;State = Ready;
26/03/20;12:58:49.252;INFO;Server;Command: ExecRobotTask (Initialize,500000);
26/03/20;12:58:49.252;INFO;Controller;Executing asynchronous activity: ExecRobotTask;
26/03/20;12:58:49.252;INFO;Controller;Status = Executing: Initialize;
26/03/20;12:58:49.252;INFO;Controller;State = Running;
26/03/20;12:58:50.095;INFO;Robot Runtime;executing:    Initialize;
26/03/20;12:58:50.599;INFO;Controller;Activity ExecRobotTask ended. Return value: Done;
26/03/20;12:58:50.599;INFO;Controller;State = Ready;
26/03/20;12:58:50.836;INFO;Server;Command: ExecRobotTask (Load,500000);
26/03/20;12:58:50.836;INFO;Controller;Executing asynchronous activity: ExecRobotTask;
26/03/20;12:58:50.836;INFO;Controller;Status = Executing: Load;
26/03/20;12:58:50.836;INFO;Controller;State = Running;
26/03/20;12:58:52.120;INFO;Robot Runtime;executing:    Load;
26/03/20;12:59:01.259;INFO;Controller;Activity ExecRobotTask ended. Return value: Done False/True/True;
26/03/20;12:59:01.259;INFO;Controller;State = Ready;
26/03/20;12:59:01.278;INFO;Server;Command: ExecRobotTask (Home,500000);
26/03/20;12:59:01.279;INFO;Controller;Executing asynchronous activity: ExecRobotTask;
26/03/20;12:59:01.279;INFO;Controller;Status = Executing: Home;
26/03/20;12:59:01.279;INFO;Controller;State = Running;
26/03/20;12:59:02.152;INFO;Robot Runtime;executing:    Home;
26/03/20;12:59:03.510;INFO;Controller;Activity ExecRobotTask ended. Return value: Done;
26/03/20;12:59:03.510;INFO;Controller;State = Ready;
26/03/20;12:59:03.526;INFO;Server;Command: ExecRobotTask (Unload,500000);
26/03/20;12:59:03.527;INFO;Controller;Executing asynchronous activity: ExecRobotTask;
26/03/20;12:59:03.527;INFO;Controller;Status = Executing: Unload;
26/03/20;12:59:03.527;INFO;Controller;State = Running;
26/03/20;12:59:04.403;INFO;Robot Runtime;executing:    Unload;
26/03/20;12:59:08.948;INFO;Controller;Activity ExecRobotTask ended. Return value: Done False/False/False;
26/03/20;12:59:08.948;INFO;Controller;State = Ready;
26/03/20;12:59:08.959;INFO;Server;Command: ExecRobotTask (Home,500000);
26/03/20;12:59:08.959;INFO;Controller;Executing asynchronous activity: ExecRobotTask;
26/03/20;12:59:08.959;INFO;Controller;Status = Executing: Home;
26/03/20;12:59:08.959;INFO;Controller;State = Running;
26/03/20;12:59:09.803;INFO;Robot Runtime;executing:    Home;
26/03/20;12:59:10.940;INFO;Controller;Activity ExecRobotTask ended. Return value: Done;
26/03/20;12:59:10.940;INFO;Controller;State = Ready;
26/03/20;12:59:10.954;INFO;Server;Command: ExecRobotTask (Park,500000);
26/03/20;12:59:10.955;INFO;Controller;Executing asynchronous activity: ExecRobotTask;
26/03/20;12:59:10.955;INFO;Controller;Status = Executing: Park;
26/03/20;12:59:10.955;INFO;Controller;State = Running;
26/03/20;12:59:11.850;INFO;Robot Runtime;executing:    Park;
26/03/20;12:59:15.028;INFO;Controller;Activity ExecRobotTask ended. Return value: Done;
26/03/20;12:59:15.029;INFO;Controller;State = Ready;
26/03/20;12:59:16.793;INFO;Server;Command: ExecRobotTask (Initialize,500000);
26/03/20;12:59:16.793;INFO;Controller;Executing asynchronous activity: ExecRobotTask;
26/03/20;12:59:16.793;INFO;Controller;Status = Executing: Initialize;
26/03/20;12:59:16.793;INFO;Controller;State = Running;
26/03/20;12:59:17.657;INFO;Robot Runtime;executing:    Initialize;
26/03/20;12:59:18.001;INFO;Controller;Activity ExecRobotTask ended. Return value: Done;
26/03/20;12:59:18.001;INFO;Controller;State = Ready;
26/03/20;12:59:18.211;INFO;Server;Command: ExecRobotTask (Load,500000);
26/03/20;12:59:18.211;INFO;Controller;Executing asynchronous activity: ExecRobotTask;
26/03/20;12:59:18.211;INFO;Controller;Status = Executing: Load;
26/03/20;12:59:18.211;INFO;Controller;State = Running;
26/03/20;12:59:19.497;INFO;Robot Runtime;executing:    Load;
26/03/20;12:59:28.894;INFO;Controller;Activity ExecRobotTask ended. Return value: Done False/True/False;
26/03/20;12:59:28.894;INFO;Controller;State = Ready;
26/03/20;12:59:28.915;INFO;Server;Command: ExecRobotTask (Mount,500000);
26/03/20;12:59:28.915;INFO;Controller;Executing asynchronous activity: ExecRobotTask;
26/03/20;12:59:28.915;INFO;Controller;Status = Executing: Mount;
26/03/20;12:59:28.915;INFO;Controller;State = Running;
26/03/20;12:59:29.847;INFO;Robot Runtime;executing:    Mount;
26/03/20;12:59:34.073;INFO;Controller;Activity ExecRobotTask ended. Return value: Done True/False/False;
26/03/20;12:59:34.073;INFO;Controller;State = Ready;
26/03/20;12:59:34.116;INFO;Server;Command: ExecRobotTask (Park,500000);
26/03/20;12:59:34.116;INFO;Controller;Executing asynchronous activity: ExecRobotTask;
26/03/20;12:59:34.116;INFO;Controller;Status = Executing: Park;
26/03/20;12:59:34.116;INFO;Controller;State = Running;
26/03/20;12:59:34.969;INFO;Robot Runtime;executing:    Park;
26/03/20;12:59:37.109;INFO;Controller;Activity ExecRobotTask ended. Return value: Done;
26/03/20;12:59:37.109;INFO;Controller;State = Ready;
26/03/20;12:59:37.124;INFO;Server;Command: ExecRobotTask (UnlatchRobGov,500000);
26/03/20;12:59:37.124;INFO;Controller;Executing asynchronous activity: ExecRobotTask;
26/03/20;12:59:37.124;INFO;Controller;Status = Executing: UnlatchRobGov;
26/03/20;12:59:37.124;INFO;Controller;State = Running;
26/03/20;12:59:38.024;INFO;Robot Runtime;executing:    UnlatchRobGov;
26/03/20;12:59:38.163;INFO;Controller;Activity ExecRobotTask ended. Return value: Done;
26/03/20;12:59:38.163;INFO;Controller;State = Ready;
26/03/20;13:05:23.021;INFO;Server;Command: ExecRobotTask (Unmount,500000);
26/03/20;13:05:23.021;INFO;Controller;Executing asynchronous activity: ExecRobotTask;
26/03/20;13:05:23.021;INFO;Controller;Status = Executing: Unmount;
26/03/20;13:05:23.021;INFO;Controller;State = Running;
26/03/20;13:05:23.885;INFO;Robot Runtime;executing:    Unmount;
26/03/20;13:05:33.061;INFO;Controller;Activity ExecRobotTask ended. Return value: Done False/True/False;
26/03/20;13:05:33.061;INFO;Controller;State = Ready;
26/03/20;13:05:33.075;INFO;Server;Command: ExecRobotTask (Unload,500000);
26/03/20;13:05:33.075;INFO;Controller;Executing asynchronous activity: ExecRobotTask;
26/03/20;13:05:33.075;INFO;Controller;Status = Executing: Unload;
26/03/20;13:05:33.075;INFO;Controller;State = Running;
26/03/20;13:05:33.931;INFO;Robot Runtime;executing:    Unload;
26/03/20;13:05:37.739;INFO;Controller;Activity ExecRobotTask ended. Return value: Done False/False/False;
26/03/20;13:05:37.739;INFO;Controller;State = Ready;
26/03/20;13:05:39.305;INFO;Server;Command: ExecRobotTask (Load,500000);
26/03/20;13:05:39.305;INFO;Controller;Executing asynchronous activity: ExecRobotTask;
26/03/20;13:05:39.306;INFO;Controller;Status = Executing: Load;
26/03/20;13:05:39.306;INFO;Controller;State = Running;
26/03/20;13:05:40.599;INFO;Robot Runtime;executing:    Load;
26/03/20;13:05:46.760;INFO;Controller;Activity ExecRobotTask ended. Return value: Done False/True/False;
26/03/20;13:05:46.760;INFO;Controller;State = Ready;
26/03/20;13:05:46.782;INFO;Server;Command: ExecRobotTask (Mount,500000);
26/03/20;13:05:46.783;INFO;Controller;Executing asynchronous activity: ExecRobotTask;
26/03/20;13:05:46.783;INFO;Controller;Status = Executing: Mount;
26/03/20;13:05:46.783;INFO;Controller;State = Running;
26/03/20;13:05:47.711;INFO;Robot Runtime;executing:    Mount;
26/03/20;13:05:51.950;INFO;Controller;Activity ExecRobotTask ended. Return value: Done True/False/False;
26/03/20;13:05:51.950;INFO;Controller;State = Ready;
26/03/20;13:05:51.974;INFO;Server;Command: ExecRobotTask (Park,500000);
26/03/20;13:05:51.974;INFO;Controller;Executing asynchronous activity: ExecRobotTask;
26/03/20;13:05:51.974;INFO;Controller;Status = Executing: Park;
26/03/20;13:05:51.974;INFO;Controller;State = Running;
26/03/20;13:05:52.817;INFO;Robot Runtime;executing:    Park;
26/03/20;13:05:54.559;INFO;Controller;Activity ExecRobotTask ended. Return value: Done;
26/03/20;13:05:54.559;INFO;Controller;State = Ready;
26/03/20;13:05:54.579;INFO;Server;Command: ExecRobotTask (UnlatchRobGov,500000);
26/03/20;13:05:54.579;INFO;Controller;Executing asynchronous activity: ExecRobotTask;
26/03/20;13:05:54.579;INFO;Controller;Status = Executing: UnlatchRobGov;
26/03/20;13:05:54.579;INFO;Controller;State = Running;
26/03/20;13:05:55.475;INFO;Robot Runtime;executing:    UnlatchRobGov;
26/03/20;13:05:55.945;INFO;Controller;Activity ExecRobotTask ended. Return value: Done;
26/03/20;13:05:55.945;INFO;Controller;State = Ready;
26/03/20;13:08:27.022;INFO;Server;Command: ExecRobotTask (Unmount,500000);
26/03/20;13:08:27.022;INFO;Controller;Executing asynchronous activity: ExecRobotTask;
26/03/20;13:08:27.023;INFO;Controller;Status = Executing: Unmount;
26/03/20;13:08:27.023;INFO;Controller;State = Running;
26/03/20;13:08:27.882;INFO;Robot Runtime;executing:    Unmount;
26/03/20;13:08:36.727;INFO;Controller;Activity ExecRobotTask ended. Return value: Done False/True/False;
26/03/20;13:08:36.727;INFO;Controller;State = Ready;
26/03/20;13:08:36.753;INFO;Server;Command: ExecRobotTask (Unload,500000);
26/03/20;13:08:36.753;INFO;Controller;Executing asynchronous activity: ExecRobotTask;
26/03/20;13:08:36.753;INFO;Controller;Status = Executing: Unload;
26/03/20;13:08:36.753;INFO;Controller;State = Running;
26/03/20;13:08:37.606;INFO;Robot Runtime;executing:    Unload;
26/03/20;13:08:41.568;INFO;Controller;Activity ExecRobotTask ended. Return value: Done False/False/False;
26/03/20;13:08:41.568;INFO;Controller;State = Ready;
26/03/20;13:08:43.194;INFO;Server;Command: ExecRobotTask (Load,500000);
26/03/20;13:08:43.194;INFO;Controller;Executing asynchronous activity: ExecRobotTask;
26/03/20;13:08:43.194;INFO;Controller;Status = Executing: Load;
26/03/20;13:08:43.194;INFO;Controller;State = Running;
26/03/20;13:08:44.499;INFO;Robot Runtime;executing:    Load;
26/03/20;13:08:50.442;INFO;Controller;Activity ExecRobotTask ended. Return value: Done False/True/False;
26/03/20;13:08:50.442;INFO;Controller;State = Ready;
26/03/20;13:08:50.456;INFO;Server;Command: ExecRobotTask (Mount,500000);
26/03/20;13:08:50.456;INFO;Controller;Executing asynchronous activity: ExecRobotTask;
26/03/20;13:08:50.457;INFO;Controller;Status = Executing: Mount;
26/03/20;13:08:50.457;INFO;Controller;State = Running;
26/03/20;13:08:51.365;INFO;Robot Runtime;executing:    Mount;
26/03/20;13:08:55.551;INFO;Controller;Activity ExecRobotTask ended. Return value: Done True/False/False;
26/03/20;13:08:55.551;INFO;Controller;State = Ready;
26/03/20;13:08:55.574;INFO;Server;Command: ExecRobotTask (Park,500000);
26/03/20;13:08:55.574;INFO;Controller;Executing asynchronous activity: ExecRobotTask;
26/03/20;13:08:55.574;INFO;Controller;Status = Executing: Park;
26/03/20;13:08:55.574;INFO;Controller;State = Running;
26/03/20;13:08:56.427;INFO;Robot Runtime;executing:    Park;
26/03/20;13:08:58.179;INFO;Controller;Activity ExecRobotTask ended. Return value: Done;
26/03/20;13:08:58.179;INFO;Controller;State = Ready;
26/03/20;13:08:58.204;INFO;Server;Command: ExecRobotTask (UnlatchRobGov,500000);
26/03/20;13:08:58.204;INFO;Controller;Executing asynchronous activity: ExecRobotTask;
26/03/20;13:08:58.204;INFO;Controller;Status = Executing: UnlatchRobGov;
26/03/20;13:08:58.204;INFO;Controller;State = Running;
26/03/20;13:08:59.102;INFO;Robot Runtime;executing:    UnlatchRobGov;
26/03/20;13:08:59.565;INFO;Controller;Activity ExecRobotTask ended. Return value: Done;
26/03/20;13:08:59.565;INFO;Controller;State = Ready;
26/03/20;13:12:04.306;INFO;Server;Command: ExecRobotTask (Unmount,500000);
26/03/20;13:12:04.306;INFO;Controller;Executing asynchronous activity: ExecRobotTask;
26/03/20;13:12:04.306;INFO;Controller;Status = Executing: Unmount;
26/03/20;13:12:04.306;INFO;Controller;State = Running;
26/03/20;13:12:05.172;INFO;Robot Runtime;executing:    Unmount;
26/03/20;13:12:13.975;INFO;Controller;Activity ExecRobotTask ended. Return value: Done False/True/False;
26/03/20;13:12:13.975;INFO;Controller;State = Ready;
26/03/20;13:12:13.998;INFO;Server;Command: ExecRobotTask (Unload,500000);
26/03/20;13:12:13.998;INFO;Controller;Executing asynchronous activity: ExecRobotTask;
26/03/20;13:12:13.998;INFO;Controller;Status = Executing: Unload;
26/03/20;13:12:13.998;INFO;Controller;State = Running;
26/03/20;13:12:14.852;INFO;Robot Runtime;executing:    Unload;
26/03/20;13:12:18.491;INFO;Controller;Activity ExecRobotTask ended. Return value: Done False/False/False;
26/03/20;13:12:18.491;INFO;Controller;State = Ready;
26/03/20;13:12:20.064;INFO;Server;Command: ExecRobotTask (Load,500000);
26/03/20;13:12:20.064;INFO;Controller;Executing asynchronous activity: ExecRobotTask;
26/03/20;13:12:20.064;INFO;Controller;Status = Executing: Load;
26/03/20;13:12:20.064;INFO;Controller;State = Running;
26/03/20;13:12:21.373;INFO;Robot Runtime;executing:    Load;
26/03/20;13:12:27.668;INFO;Controller;Activity ExecRobotTask ended. Return value: Done False/True/False;
26/03/20;13:12:27.668;INFO;Controller;State = Ready;
26/03/20;13:12:27.687;INFO;Server;Command: ExecRobotTask (Mount,500000);
26/03/20;13:12:27.687;INFO;Controller;Executing asynchronous activity: ExecRobotTask;
26/03/20;13:12:27.687;INFO;Controller;Status = Executing: Mount;
26/03/20;13:12:27.687;INFO;Controller;State = Running;
26/03/20;13:12:28.593;INFO;Robot Runtime;executing:    Mount;
26/03/20;13:12:32.441;INFO;Controller;Activity ExecRobotTask ended. Return value: Done True/False/False;
26/03/20;13:12:32.441;INFO;Controller;State = Ready;
26/03/20;13:12:32.467;INFO;Server;Command: ExecRobotTask (Park,500000);
26/03/20;13:12:32.467;INFO;Controller;Executing asynchronous activity: ExecRobotTask;
26/03/20;13:12:32.467;INFO;Controller;Status = Executing: Park;
26/03/20;13:12:32.467;INFO;Controller;State = Running;
26/03/20;13:12:33.313;INFO;Robot Runtime;executing:    Park;
26/03/20;13:12:35.397;INFO;Controller;Activity ExecRobotTask ended. Return value: Done;
26/03/20;13:12:35.397;INFO;Controller;State = Ready;
26/03/20;13:12:35.421;INFO;Server;Command: ExecRobotTask (UnlatchRobGov,500000);
26/03/20;13:12:35.421;INFO;Controller;Executing asynchronous activity: ExecRobotTask;
26/03/20;13:12:35.421;INFO;Controller;Status = Executing: UnlatchRobGov;
26/03/20;13:12:35.421;INFO;Controller;State = Running;
26/03/20;13:12:36.316;INFO;Robot Runtime;executing:    UnlatchRobGov;
26/03/20;13:12:36.450;INFO;Controller;Activity ExecRobotTask ended. Return value: Done;
26/03/20;13:12:36.450;INFO;Controller;State = Ready;
26/03/20;13:16:02.340;INFO;Server;Command: ExecRobotTask (Unmount,500000);
26/03/20;13:16:02.340;INFO;Controller;Executing asynchronous activity: ExecRobotTask;
26/03/20;13:16:02.340;INFO;Controller;Status = Executing: Unmount;
26/03/20;13:16:02.340;INFO;Controller;State = Running;
26/03/20;13:16:03.200;INFO;Robot Runtime;executing:    Unmount;
26/03/20;13:16:12.536;INFO;Controller;Activity ExecRobotTask ended. Return value: Done False/True/False;
26/03/20;13:16:12.536;INFO;Controller;State = Ready;
26/03/20;13:16:12.560;INFO;Server;Command: ExecRobotTask (Unload,500000);
26/03/20;13:16:12.560;INFO;Controller;Executing asynchronous activity: ExecRobotTask;
26/03/20;13:16:12.560;INFO;Controller;Status = Executing: Unload;
26/03/20;13:16:12.560;INFO;Controller;State = Running;
26/03/20;13:16:13.413;INFO;Robot Runtime;executing:    Unload;
26/03/20;13:16:17.046;INFO;Controller;Activity ExecRobotTask ended. Return value: Done False/False/False;
26/03/20;13:16:17.046;INFO;Controller;State = Ready;
26/03/20;13:16:18.611;INFO;Server;Command: ExecRobotTask (Load,500000);
26/03/20;13:16:18.611;INFO;Controller;Executing asynchronous activity: ExecRobotTask;
26/03/20;13:16:18.620;INFO;Controller;Status = Executing: Load;
26/03/20;13:16:18.620;INFO;Controller;State = Running;
26/03/20;13:16:19.927;INFO;Robot Runtime;executing:    Load;
26/03/20;13:16:25.845;INFO;Controller;Activity ExecRobotTask ended. Return value: Done False/True/False;
26/03/20;13:16:25.846;INFO;Controller;State = Ready;
26/03/20;13:16:25.866;INFO;Server;Command: ExecRobotTask (Mount,500000);
26/03/20;13:16:25.866;INFO;Controller;Executing asynchronous activity: ExecRobotTask;
26/03/20;13:16:25.866;INFO;Controller;Status = Executing: Mount;
26/03/20;13:16:25.866;INFO;Controller;State = Running;
26/03/20;13:16:26.778;INFO;Robot Runtime;executing:    Mount;
26/03/20;13:16:30.938;INFO;Controller;Activity ExecRobotTask ended. Return value: Done True/False/False;
26/03/20;13:16:30.938;INFO;Controller;State = Ready;
26/03/20;13:16:30.961;INFO;Server;Command: ExecRobotTask (Park,500000);
26/03/20;13:16:30.961;INFO;Controller;Executing asynchronous activity: ExecRobotTask;
26/03/20;13:16:30.961;INFO;Controller;Status = Executing: Park;
26/03/20;13:16:30.962;INFO;Controller;State = Running;
26/03/20;13:16:31.812;INFO;Robot Runtime;executing:    Park;
26/03/20;13:16:33.555;INFO;Controller;Activity ExecRobotTask ended. Return value: Done;
26/03/20;13:16:33.555;INFO;Controller;State = Ready;
26/03/20;13:16:33.581;INFO;Server;Command: ExecRobotTask (UnlatchRobGov,500000);
26/03/20;13:16:33.581;INFO;Controller;Executing asynchronous activity: ExecRobotTask;
26/03/20;13:16:33.581;INFO;Controller;Status = Executing: UnlatchRobGov;
26/03/20;13:16:33.581;INFO;Controller;State = Running;
26/03/20;13:16:34.478;INFO;Robot Runtime;executing:    UnlatchRobGov;
26/03/20;13:16:34.947;INFO;Controller;Activity ExecRobotTask ended. Return value: Done;
26/03/20;13:16:34.947;INFO;Controller;State = Ready;
26/03/20;13:18:37.863;INFO;Server;Command: ExecRobotTask (Unmount,500000);
26/03/20;13:18:37.863;INFO;Controller;Executing asynchronous activity: ExecRobotTask;
26/03/20;13:18:37.864;INFO;Controller;Status = Executing: Unmount;
26/03/20;13:18:37.864;INFO;Controller;State = Running;
26/03/20;13:18:38.729;INFO;Robot Runtime;executing:    Unmount;
26/03/20;13:18:47.523;INFO;Controller;Activity ExecRobotTask ended. Return value: Done False/True/False;
26/03/20;13:18:47.524;INFO;Controller;State = Ready;
26/03/20;13:18:47.545;INFO;Server;Command: ExecRobotTask (Unload,500000);
26/03/20;13:18:47.545;INFO;Controller;Executing asynchronous activity: ExecRobotTask;
26/03/20;13:18:47.545;INFO;Controller;Status = Executing: Unload;
26/03/20;13:18:47.545;INFO;Controller;State = Running;
26/03/20;13:18:48.398;INFO;Robot Runtime;executing:    Unload;
26/03/20;13:18:51.958;INFO;Controller;Activity ExecRobotTask ended. Return value: Done False/False/False;
26/03/20;13:18:51.959;INFO;Controller;State = Ready;
26/03/20;13:18:53.531;INFO;Server;Command: ExecRobotTask (Load,500000);
26/03/20;13:18:53.531;INFO;Controller;Executing asynchronous activity: ExecRobotTask;
26/03/20;13:18:53.532;INFO;Controller;Status = Executing: Load;
26/03/20;13:18:53.532;INFO;Controller;State = Running;
26/03/20;13:18:54.823;INFO;Robot Runtime;executing:    Load;
26/03/20;13:19:00.899;INFO;Controller;Activity ExecRobotTask ended. Return value: Done False/True/False;
26/03/20;13:19:00.900;INFO;Controller;State = Ready;
26/03/20;13:19:00.923;INFO;Server;Command: ExecRobotTask (Mount,500000);
26/03/20;13:19:00.923;INFO;Controller;Executing asynchronous activity: ExecRobotTask;
26/03/20;13:19:00.923;INFO;Controller;Status = Executing: Mount;
26/03/20;13:19:00.923;INFO;Controller;State = Running;
26/03/20;13:19:01.831;INFO;Robot Runtime;executing:    Mount;
26/03/20;13:19:06.100;INFO;Controller;Activity ExecRobotTask ended. Return value: Done True/False/False;
26/03/20;13:19:06.100;INFO;Controller;State = Ready;
26/03/20;13:19:06.138;INFO;Server;Command: ExecRobotTask (Park,500000);
26/03/20;13:19:06.138;INFO;Controller;Executing asynchronous activity: ExecRobotTask;
26/03/20;13:19:06.138;INFO;Controller;Status = Executing: Park;
26/03/20;13:19:06.138;INFO;Controller;State = Running;
26/03/20;13:19:06.983;INFO;Robot Runtime;executing:    Park;
26/03/20;13:19:08.717;INFO;Controller;Activity ExecRobotTask ended. Return value: Done;
26/03/20;13:19:08.717;INFO;Controller;State = Ready;
26/03/20;13:19:08.750;INFO;Server;Command: ExecRobotTask (UnlatchRobGov,500000);
26/03/20;13:19:08.750;INFO;Controller;Executing asynchronous activity: ExecRobotTask;
26/03/20;13:19:08.750;INFO;Controller;Status = Executing: UnlatchRobGov;
26/03/20;13:19:08.750;INFO;Controller;State = Running;
26/03/20;13:19:09.650;INFO;Robot Runtime;executing:    UnlatchRobGov;
26/03/20;13:19:10.106;INFO;Controller;Activity ExecRobotTask ended. Return value: Done;
26/03/20;13:19:10.107;INFO;Controller;State = Ready;
26/03/20;13:23:18.525;INFO;Server;Command: ExecRobotTask (Unmount,500000);
26/03/20;13:23:18.526;INFO;Controller;Executing asynchronous activity: ExecRobotTask;
26/03/20;13:23:18.526;INFO;Controller;Status = Executing: Unmount;
26/03/20;13:23:18.526;INFO;Controller;State = Running;
26/03/20;13:23:19.383;INFO;Robot Runtime;executing:    Unmount;
26/03/20;13:23:28.514;INFO;Controller;Activity ExecRobotTask ended. Return value: Done False/True/False;
26/03/20;13:23:28.514;INFO;Controller;State = Ready;
26/03/20;13:23:28.547;INFO;Server;Command: ExecRobotTask (Unload,500000);
26/03/20;13:23:28.547;INFO;Controller;Executing asynchronous activity: ExecRobotTask;
26/03/20;13:23:28.547;INFO;Controller;Status = Executing: Unload;
26/03/20;13:23:28.547;INFO;Controller;State = Running;
26/03/20;13:23:29.423;INFO;Robot Runtime;executing:    Unload;
26/03/20;13:23:33.011;INFO;Controller;Activity ExecRobotTask ended. Return value: Done False/False/False;
26/03/20;13:23:33.011;INFO;Controller;State = Ready;
26/03/20;13:23:34.608;INFO;Server;Command: ExecRobotTask (Load,500000);
26/03/20;13:23:34.608;INFO;Controller;Executing asynchronous activity: ExecRobotTask;
26/03/20;13:23:34.608;INFO;Controller;Status = Executing: Load;
26/03/20;13:23:34.608;INFO;Controller;State = Running;
26/03/20;13:23:35.921;INFO;Robot Runtime;executing:    Load;
26/03/20;13:23:42.189;INFO;Controller;Activity ExecRobotTask ended. Return value: Done False/True/False;
26/03/20;13:23:42.189;INFO;Controller;State = Ready;
26/03/20;13:23:42.216;INFO;Server;Command: ExecRobotTask (Mount,500000);
26/03/20;13:23:42.216;INFO;Controller;Executing asynchronous activity: ExecRobotTask;
26/03/20;13:23:42.216;INFO;Controller;Status = Executing: Mount;
26/03/20;13:23:42.216;INFO;Controller;State = Running;
26/03/20;13:23:43.123;INFO;Robot Runtime;executing:    Mount;
26/03/20;13:23:47.358;INFO;Controller;Activity ExecRobotTask ended. Return value: Done True/False/False;
26/03/20;13:23:47.358;INFO;Controller;State = Ready;
26/03/20;13:23:47.401;INFO;Server;Command: ExecRobotTask (Park,500000);
26/03/20;13:23:47.401;INFO;Controller;Executing asynchronous activity: ExecRobotTask;
26/03/20;13:23:47.401;INFO;Controller;Status = Executing: Park;
26/03/20;13:23:47.401;INFO;Controller;State = Running;
26/03/20;13:23:48.253;INFO;Robot Runtime;executing:    Park;
26/03/20;13:23:50.398;INFO;Controller;Activity ExecRobotTask ended. Return value: Done;
26/03/20;13:23:50.398;INFO;Controller;State = Ready;
26/03/20;13:23:50.424;INFO;Server;Command: ExecRobotTask (UnlatchRobGov,500000);
26/03/20;13:23:50.424;INFO;Controller;Executing asynchronous activity: ExecRobotTask;
26/03/20;13:23:50.424;INFO;Controller;Status = Executing: UnlatchRobGov;
26/03/20;13:23:50.424;INFO;Controller;State = Running;
26/03/20;13:23:51.324;INFO;Robot Runtime;executing:    UnlatchRobGov;
26/03/20;13:23:51.866;INFO;Controller;Activity ExecRobotTask ended. Return value: Done;
26/03/20;13:23:51.866;INFO;Controller;State = Ready;
26/03/20;13:30:39.624;INFO;Server;Command: ExecRobotTask (Unmount,500000);
26/03/20;13:30:39.624;INFO;Controller;Executing asynchronous activity: ExecRobotTask;
26/03/20;13:30:39.624;INFO;Controller;Status = Executing: Unmount;
26/03/20;13:30:39.624;INFO;Controller;State = Running;
26/03/20;13:30:40.535;INFO;Robot Runtime;executing:    Unmount;
26/03/20;13:30:49.264;INFO;Controller;Activity ExecRobotTask ended. Return value: Done False/True/False;
26/03/20;13:30:49.264;INFO;Controller;State = Ready;
26/03/20;13:30:49.296;INFO;Server;Command: ExecRobotTask (Unload,500000);
26/03/20;13:30:49.296;INFO;Controller;Executing asynchronous activity: ExecRobotTask;
26/03/20;13:30:49.296;INFO;Controller;Status = Executing: Unload;
26/03/20;13:30:49.296;INFO;Controller;State = Running;
26/03/20;13:30:50.147;INFO;Robot Runtime;executing:    Unload;
26/03/20;13:30:54.110;INFO;Controller;Activity ExecRobotTask ended. Return value: Done False/False/False;
26/03/20;13:30:54.110;INFO;Controller;State = Ready;
26/03/20;13:30:54.230;INFO;Server;Command: ExecRobotTask (UnlatchRobGov,500000);
26/03/20;13:30:54.230;INFO;Controller;Executing asynchronous activity: ExecRobotTask;
26/03/20;13:30:54.230;INFO;Controller;Status = Executing: UnlatchRobGov;
26/03/20;13:30:54.230;INFO;Controller;State = Running;
26/03/20;13:30:55.072;INFO;Robot Runtime;executing:    UnlatchRobGov;
26/03/20;13:30:55.570;INFO;Controller;Activity ExecRobotTask ended. Return value: Done;
26/03/20;13:30:55.570;INFO;Controller;State = Ready;
26/03/20;13:30:55.600;INFO;Server;Command: ExecRobotTask (Home,500000);
26/03/20;13:30:55.600;INFO;Controller;Executing asynchronous activity: ExecRobotTask;
26/03/20;13:30:55.601;INFO;Controller;Status = Executing: Home;
26/03/20;13:30:55.601;INFO;Controller;State = Running;
26/03/20;13:30:56.463;INFO;Robot Runtime;executing:    Home;
26/03/20;13:30:57.561;INFO;Controller;Activity ExecRobotTask ended. Return value: Done;
26/03/20;13:30:57.561;INFO;Controller;State = Ready;
26/03/20;13:30:57.588;INFO;Server;Command: ExecRobotTask (Finish,500000);
26/03/20;13:30:57.588;INFO;Controller;Executing asynchronous activity: ExecRobotTask;
26/03/20;13:30:57.588;INFO;Controller;Status = Executing: Finish;
26/03/20;13:30:57.588;INFO;Controller;State = Running;
26/03/20;13:30:58.838;INFO;Robot Runtime;executing:    Finish;
26/03/20;13:32:58.179;INFO;Controller;Activity ExecRobotTask ended. Return value: Done;
26/03/20;13:32:58.179;INFO;Controller;State = Ready;
26/03/20;13:35:11.318;INFO;Server;Command: ExecRobotTask (OpenPortLid,500000);
26/03/20;13:35:11.318;INFO;Controller;Executing asynchronous activity: ExecRobotTask;
26/03/20;13:35:11.318;INFO;Controller;Status = Executing: OpenPortLid;
26/03/20;13:35:11.318;INFO;Controller;State = Running;
26/03/20;13:35:12.203;INFO;Robot Runtime;executing:    OpenPortLid;
26/03/20;13:35:12.342;INFO;Controller;Activity ExecRobotTask ended. Return value: Done;
26/03/20;13:35:12.342;INFO;Controller;State = Ready;
26/03/20;13:35:12.375;INFO;Server;Command: ExecRobotTask (EnableTScreen,500000);
26/03/20;13:35:12.375;INFO;Controller;Executing asynchronous activity: ExecRobotTask;
26/03/20;13:35:12.375;INFO;Controller;Status = Executing: EnableTScreen;
26/03/20;13:35:12.375;INFO;Controller;State = Running;
26/03/20;13:35:13.265;INFO;Robot Runtime;executing:    EnableTScreen;
26/03/20;13:35:13.583;INFO;Controller;Activity ExecRobotTask ended. Return value: Done;
26/03/20;13:35:13.583;INFO;Controller;State = Ready;
26/03/20;13:36:31.716;INFO;Server;Command: ExecRobotTask (ClosePorts,500000);
26/03/20;13:36:31.716;INFO;Controller;Executing asynchronous activity: ExecRobotTask;
26/03/20;13:36:31.716;INFO;Controller;Status = Executing: ClosePorts;
26/03/20;13:36:31.716;INFO;Controller;State = Running;
26/03/20;13:36:32.622;INFO;Robot Runtime;executing:    ClosePorts;
26/03/20;13:36:32.837;INFO;Controller;Activity ExecRobotTask ended. Return value: Done;
26/03/20;13:36:32.837;INFO;Controller;State = Ready;
26/03/20;13:36:32.865;INFO;Server;Command: ExecRobotTask (EnableTScreen,500000);
26/03/20;13:36:32.866;INFO;Controller;Executing asynchronous activity: ExecRobotTask;
26/03/20;13:36:32.866;INFO;Controller;Status = Executing: EnableTScreen;
26/03/20;13:36:32.866;INFO;Controller;State = Running;
26/03/20;13:36:33.695;INFO;Robot Runtime;executing:    EnableTScreen;
26/03/20;13:36:34.027;INFO;Controller;Activity ExecRobotTask ended. Return value: Done;
26/03/20;13:36:34.027;INFO;Controller;State = Ready;
26/03/20;15:49:34.504;INFO;Server;Command: ExecRobotTask (Initialize,500000);
26/03/20;15:49:34.504;INFO;Controller;Executing asynchronous activity: ExecRobotTask;
26/03/20;15:49:34.504;INFO;Controller;Status = Executing: Initialize;
26/03/20;15:49:34.504;INFO;Controller;State = Running;
26/03/20;15:49:35.353;INFO;Robot Runtime;executing:    Initialize;
26/03/20;15:49:36.713;INFO;Controller;Activity ExecRobotTask ended. Return value: Done;
26/03/20;15:49:36.713;INFO;Controller;State = Ready;
26/03/20;15:49:36.725;INFO;Server;Command: ExecRobotTask (Home,500000);
26/03/20;15:49:36.726;INFO;Controller;Executing asynchronous activity: ExecRobotTask;
26/03/20;15:49:36.726;INFO;Controller;Status = Executing: Home;
26/03/20;15:49:36.726;INFO;Controller;State = Running;
26/03/20;15:49:37.591;INFO;Robot Runtime;executing:    Home;
26/03/20;15:49:37.765;INFO;Controller;Activity ExecRobotTask ended. Return value: Done;
26/03/20;15:49:37.765;INFO;Controller;State = Ready;
26/03/20;15:49:37.773;INFO;Server;Command: ExecRobotTask (Park,500000);
26/03/20;15:49:37.773;INFO;Controller;Executing asynchronous activity: ExecRobotTask;
26/03/20;15:49:37.773;INFO;Controller;Status = Executing: Park;
26/03/20;15:49:37.773;INFO;Controller;State = Running;
26/03/20;15:49:38.619;INFO;Robot Runtime;executing:    Park;
26/03/20;15:49:41.591;INFO;Controller;Activity ExecRobotTask ended. Return value: Done;
26/03/20;15:49:41.591;INFO;Controller;State = Ready;
26/03/20;15:53:00.976;INFO;Server;Command: ExecRobotTask (Initialize,500000);
26/03/20;15:53:00.976;INFO;Controller;Executing asynchronous activity: ExecRobotTask;
26/03/20;15:53:00.976;INFO;Controller;Status = Executing: Initialize;
26/03/20;15:53:00.976;INFO;Controller;State = Running;
26/03/20;15:53:01.815;INFO;Robot Runtime;executing:    Initialize;
26/03/20;15:53:02.256;INFO;Controller;Activity ExecRobotTask ended. Return value: Done;
26/03/20;15:53:02.256;INFO;Controller;State = Ready;
26/03/20;15:53:02.461;INFO;Server;Command: ExecRobotTask (Load,500000);
26/03/20;15:53:02.461;INFO;Controller;Executing asynchronous activity: ExecRobotTask;
26/03/20;15:53:02.461;INFO;Controller;Status = Executing: Load;
26/03/20;15:53:02.461;INFO;Controller;State = Running;
26/03/20;15:53:03.795;INFO;Robot Runtime;executing:    Load;
26/03/20;15:53:12.886;INFO;Controller;Activity ExecRobotTask ended. Return value: Done False/True/True;
26/03/20;15:53:12.887;INFO;Controller;State = Ready;
26/03/20;15:53:12.899;INFO;Server;Command: ExecRobotTask (Home,500000);
26/03/20;15:53:12.899;INFO;Controller;Executing asynchronous activity: ExecRobotTask;
26/03/20;15:53:12.899;INFO;Controller;Status = Executing: Home;
26/03/20;15:53:12.900;INFO;Controller;State = Running;
26/03/20;15:53:13.781;INFO;Robot Runtime;executing:    Home;
26/03/20;15:53:15.147;INFO;Controller;Activity ExecRobotTask ended. Return value: Done;
26/03/20;15:53:15.147;INFO;Controller;State = Ready;
26/03/20;15:53:15.156;INFO;Server;Command: ExecRobotTask (Unload,500000);
26/03/20;15:53:15.156;INFO;Controller;Executing asynchronous activity: ExecRobotTask;
26/03/20;15:53:15.156;INFO;Controller;Status = Executing: Unload;
26/03/20;15:53:15.156;INFO;Controller;State = Running;
26/03/20;15:53:16.031;INFO;Robot Runtime;executing:    Unload;
26/03/20;15:53:20.590;INFO;Controller;Activity ExecRobotTask ended. Return value: Done False/False/False;
26/03/20;15:53:20.590;INFO;Controller;State = Ready;
26/03/20;15:53:20.601;INFO;Server;Command: ExecRobotTask (Home,500000);
26/03/20;15:53:20.601;INFO;Controller;Executing asynchronous activity: ExecRobotTask;
26/03/20;15:53:20.601;INFO;Controller;Status = Executing: Home;
26/03/20;15:53:20.601;INFO;Controller;State = Running;
26/03/20;15:53:21.455;INFO;Robot Runtime;executing:    Home;
26/03/20;15:53:22.583;INFO;Controller;Activity ExecRobotTask ended. Return value: Done;
26/03/20;15:53:22.583;INFO;Controller;State = Ready;
26/03/20;15:53:22.592;INFO;Server;Command: ExecRobotTask (Park,500000);
26/03/20;15:53:22.592;INFO;Controller;Executing asynchronous activity: ExecRobotTask;
26/03/20;15:53:22.592;INFO;Controller;Status = Executing: Park;
26/03/20;15:53:22.592;INFO;Controller;State = Running;
26/03/20;15:53:23.443;INFO;Robot Runtime;executing:    Park;
26/03/20;15:53:26.680;INFO;Controller;Activity ExecRobotTask ended. Return value: Done;
26/03/20;15:53:26.680;INFO;Controller;State = Ready;
26/03/20;15:54:09.029;INFO;Server;Command: ExecRobotTask (Initialize,500000);
26/03/20;15:54:09.029;INFO;Controller;Executing asynchronous activity: ExecRobotTask;
26/03/20;15:54:09.029;INFO;Controller;Status = Executing: Initialize;
26/03/20;15:54:09.029;INFO;Controller;State = Running;
26/03/20;15:54:09.896;INFO;Robot Runtime;executing:    Initialize;
26/03/20;15:54:10.334;INFO;Controller;Activity ExecRobotTask ended. Return value: Done;
26/03/20;15:54:10.334;INFO;Controller;State = Ready;
26/03/20;15:54:10.548;INFO;Server;Command: ExecRobotTask (Load,500000);
26/03/20;15:54:10.548;INFO;Controller;Executing asynchronous activity: ExecRobotTask;
26/03/20;15:54:10.548;INFO;Controller;Status = Executing: Load;
26/03/20;15:54:10.548;INFO;Controller;State = Running;
26/03/20;15:54:11.859;INFO;Robot Runtime;executing:    Load;
26/03/20;15:54:20.978;INFO;Controller;Activity ExecRobotTask ended. Return value: Done False/True/False;
26/03/20;15:54:20.978;INFO;Controller;State = Ready;
26/03/20;15:54:20.986;INFO;Server;Command: ExecRobotTask (Mount,500000);
26/03/20;15:54:20.986;INFO;Controller;Executing asynchronous activity: ExecRobotTask;
26/03/20;15:54:20.986;INFO;Controller;Status = Executing: Mount;
26/03/20;15:54:20.986;INFO;Controller;State = Running;
26/03/20;15:54:21.906;INFO;Robot Runtime;executing:    Mount;
26/03/20;15:54:26.172;INFO;Controller;Activity ExecRobotTask ended. Return value: Done True/False/False;
26/03/20;15:54:26.172;INFO;Controller;State = Ready;
26/03/20;15:54:26.193;INFO;Server;Command: ExecRobotTask (Park,500000);
26/03/20;15:54:26.193;INFO;Controller;Executing asynchronous activity: ExecRobotTask;
26/03/20;15:54:26.193;INFO;Controller;Status = Executing: Park;
26/03/20;15:54:26.194;INFO;Controller;State = Running;
26/03/20;15:54:27.047;INFO;Robot Runtime;executing:    Park;
26/03/20;15:54:28.788;INFO;Controller;Activity ExecRobotTask ended. Return value: Done;
26/03/20;15:54:28.788;INFO;Controller;State = Ready;
26/03/20;15:54:28.806;INFO;Server;Command: ExecRobotTask (UnlatchRobGov,500000);
26/03/20;15:54:28.806;INFO;Controller;Executing asynchronous activity: ExecRobotTask;
26/03/20;15:54:28.806;INFO;Controller;Status = Executing: UnlatchRobGov;
26/03/20;15:54:28.806;INFO;Controller;State = Running;
26/03/20;15:54:29.699;INFO;Robot Runtime;executing:    UnlatchRobGov;
26/03/20;15:54:30.173;INFO;Controller;Activity ExecRobotTask ended. Return value: Done;
26/03/20;15:54:30.173;INFO;Controller;State = Ready;
26/03/20;16:27:33.007;INFO;Server;Command: ExecRobotTask (Unmount,500000);
26/03/20;16:27:33.008;INFO;Controller;Executing asynchronous activity: ExecRobotTask;
26/03/20;16:27:33.008;INFO;Controller;Status = Executing: Unmount;
26/03/20;16:27:33.008;INFO;Controller;State = Running;
26/03/20;16:27:33.924;INFO;Robot Runtime;executing:    Unmount;
26/03/20;16:27:47.748;INFO;Controller;Activity ExecRobotTask ended. Return value: Done False/True/False;
26/03/20;16:27:47.748;INFO;Controller;State = Ready;
26/03/20;16:27:47.765;INFO;Server;Command: ExecRobotTask (Unload,500000);
26/03/20;16:27:47.765;INFO;Controller;Executing asynchronous activity: ExecRobotTask;
26/03/20;16:27:47.765;INFO;Controller;Status = Executing: Unload;
26/03/20;16:27:47.765;INFO;Controller;State = Running;
26/03/20;16:27:48.622;INFO;Robot Runtime;executing:    Unload;
26/03/20;16:27:52.255;INFO;Controller;Activity ExecRobotTask ended. Return value: Done False/False/False;
26/03/20;16:27:52.255;INFO;Controller;State = Ready;
26/03/20;16:27:52.381;INFO;Server;Command: ExecRobotTask (UnlatchRobGov,500000);
26/03/20;16:27:52.382;INFO;Controller;Executing asynchronous activity: ExecRobotTask;
26/03/20;16:27:52.382;INFO;Controller;Status = Executing: UnlatchRobGov;
26/03/20;16:27:52.382;INFO;Controller;State = Running;
26/03/20;16:27:53.227;INFO;Robot Runtime;executing:    UnlatchRobGov;
26/03/20;16:27:53.635;INFO;Controller;Activity ExecRobotTask ended. Return value: Done;
26/03/20;16:27:53.635;INFO;Controller;State = Ready;
26/03/20;16:27:53.652;INFO;Server;Command: ExecRobotTask (Home,500000);
26/03/20;16:27:53.652;INFO;Controller;Executing asynchronous activity: ExecRobotTask;
26/03/20;16:27:53.652;INFO;Controller;Status = Executing: Home;
26/03/20;16:27:53.652;INFO;Controller;State = Running;
26/03/20;16:27:54.508;INFO;Robot Runtime;executing:    Home;
26/03/20;16:27:55.628;INFO;Controller;Activity ExecRobotTask ended. Return value: Done;
26/03/20;16:27:55.628;INFO;Controller;State = Ready;
26/03/20;16:27:55.642;INFO;Server;Command: ExecRobotTask (Finish,500000);
26/03/20;16:27:55.642;INFO;Controller;Executing asynchronous activity: ExecRobotTask;
26/03/20;16:27:55.642;INFO;Controller;Status = Executing: Finish;
26/03/20;16:27:55.642;INFO;Controller;State = Running;
26/03/20;16:27:56.910;INFO;Robot Runtime;executing:    Finish;
26/03/20;16:29:54.669;INFO;Controller;Activity ExecRobotTask ended. Return value: Done;
26/03/20;16:29:54.669;INFO;Controller;State = Ready;
26/03/20;19:11:47.671;INFO;Server;Command: ExecRobotTask (Initialize,500000);
26/03/20;19:11:47.671;INFO;Controller;Executing asynchronous activity: ExecRobotTask;
26/03/20;19:11:47.671;INFO;Controller;Status = Executing: Initialize;
26/03/20;19:11:47.671;INFO;Controller;State = Running;
26/03/20;19:11:48.580;INFO;Robot Runtime;executing:    Initialize;
26/03/20;19:11:49.892;INFO;Controller;Activity ExecRobotTask ended. Return value: Done;
26/03/20;19:11:49.892;INFO;Controller;State = Ready;
26/03/20;19:11:49.933;INFO;Server;Command: ExecRobotTask (CoolDown,500000);
26/03/20;19:11:49.933;INFO;Controller;Executing asynchronous activity: ExecRobotTask;
26/03/20;19:11:49.933;INFO;Controller;Status = Executing: CoolDown;
26/03/20;19:11:49.934;INFO;Controller;State = Running;
26/03/20;19:11:50.780;INFO;Robot Runtime;executing:    CoolDown;
26/03/20;19:13:08.088;INFO;Controller;Activity ExecRobotTask ended. Return value: Done;
26/03/20;19:13:08.088;INFO;Controller;State = Ready;
26/03/20;19:14:07.311;INFO;Server;Command: ExecRobotTask (Initialize,500000);
26/03/20;19:14:07.311;INFO;Controller;Executing asynchronous activity: ExecRobotTask;
26/03/20;19:14:07.311;INFO;Controller;Status = Executing: Initialize;
26/03/20;19:14:07.311;INFO;Controller;State = Running;
26/03/20;19:14:08.150;INFO;Robot Runtime;executing:    Initialize;
26/03/20;19:14:08.283;INFO;Controller;Activity ExecRobotTask ended. Return value: Done;
26/03/20;19:14:08.283;INFO;Controller;State = Ready;
26/03/20;19:14:08.492;INFO;Server;Command: ExecRobotTask (Load,500000);
26/03/20;19:14:08.492;INFO;Controller;Executing asynchronous activity: ExecRobotTask;
26/03/20;19:14:08.492;INFO;Controller;Status = Executing: Load;
26/03/20;19:14:08.492;INFO;Controller;State = Running;
26/03/20;19:14:09.382;INFO;Robot Runtime;executing:    Load;
26/03/20;19:14:18.515;INFO;Controller;Activity ExecRobotTask ended. Return value: Done False/True/False;
26/03/20;19:14:18.515;INFO;Controller;State = Ready;
26/03/20;19:14:18.523;INFO;Server;Command: ExecRobotTask (Mount,500000);
26/03/20;19:14:18.523;INFO;Controller;Executing asynchronous activity: ExecRobotTask;
26/03/20;19:14:18.523;INFO;Controller;Status = Executing: Mount;
26/03/20;19:14:18.523;INFO;Controller;State = Running;
26/03/20;19:14:19.401;INFO;Robot Runtime;executing:    Mount;
26/03/20;19:14:23.273;INFO;Controller;Activity ExecRobotTask ended. Return value: Done True/False/False;
26/03/20;19:14:23.273;INFO;Controller;State = Ready;
26/03/20;19:14:23.289;INFO;Server;Command: ExecRobotTask (Park,500000);
26/03/20;19:14:23.289;INFO;Controller;Executing asynchronous activity: ExecRobotTask;
26/03/20;19:14:23.289;INFO;Controller;Status = Executing: Park;
26/03/20;19:14:23.289;INFO;Controller;State = Running;
26/03/20;19:14:24.535;INFO;Robot Runtime;executing:    Park;
26/03/20;19:14:26.528;INFO;Controller;Activity ExecRobotTask ended. Return value: Done;
26/03/20;19:14:26.528;INFO;Controller;State = Ready;
26/03/20;19:14:26.538;INFO;Server;Command: ExecRobotTask (UnlatchRobGov,500000);
26/03/20;19:14:26.538;INFO;Controller;Executing asynchronous activity: ExecRobotTask;
26/03/20;19:14:26.538;INFO;Controller;Status = Executing: UnlatchRobGov;
26/03/20;19:14:26.538;INFO;Controller;State = Running;
26/03/20;19:14:27.496;INFO;Robot Runtime;executing:    UnlatchRobGov;
26/03/20;19:14:28.008;INFO;Controller;Activity ExecRobotTask ended. Return value: Done;
26/03/20;19:14:28.008;INFO;Controller;State = Ready;
26/03/20;19:31:54.242;INFO;Server;Command: ExecRobotTask (Unmount,500000);
26/03/20;19:31:54.243;INFO;Controller;Executing asynchronous activity: ExecRobotTask;
26/03/20;19:31:54.243;INFO;Controller;Status = Executing: Unmount;
26/03/20;19:31:54.243;INFO;Controller;State = Running;
26/03/20;19:31:55.105;INFO;Robot Runtime;executing:    Unmount;
26/03/20;19:32:04.457;INFO;Controller;Activity ExecRobotTask ended. Return value: Done False/True/False;
26/03/20;19:32:04.457;INFO;Controller;State = Ready;
26/03/20;19:32:04.477;INFO;Server;Command: ExecRobotTask (Unload,500000);
26/03/20;19:32:04.477;INFO;Controller;Executing asynchronous activity: ExecRobotTask;
26/03/20;19:32:04.477;INFO;Controller;Status = Executing: Unload;
26/03/20;19:32:04.478;INFO;Controller;State = Running;
26/03/20;19:32:05.332;INFO;Robot Runtime;executing:    Unload;
26/03/20;19:32:09.127;INFO;Controller;Activity ExecRobotTask ended. Return value: Done False/False/False;
26/03/20;19:32:09.127;INFO;Controller;State = Ready;
26/03/20;19:32:09.236;INFO;Server;Command: ExecRobotTask (UnlatchRobGov,500000);
26/03/20;19:32:09.236;INFO;Controller;Executing asynchronous activity: ExecRobotTask;
26/03/20;19:32:09.236;INFO;Controller;Status = Executing: UnlatchRobGov;
26/03/20;19:32:09.236;INFO;Controller;State = Running;
26/03/20;19:32:10.081;INFO;Robot Runtime;executing:    UnlatchRobGov;
26/03/20;19:32:10.585;INFO;Controller;Activity ExecRobotTask ended. Return value: Done;
26/03/20;19:32:10.586;INFO;Controller;State = Ready;
26/03/20;19:32:10.597;INFO;Server;Command: ExecRobotTask (Home,500000);
26/03/20;19:32:10.597;INFO;Controller;Executing asynchronous activity: ExecRobotTask;
26/03/20;19:32:10.597;INFO;Controller;Status = Executing: Home;
26/03/20;19:32:10.597;INFO;Controller;State = Running;
26/03/20;19:32:11.457;INFO;Robot Runtime;executing:    Home;
26/03/20;19:32:12.577;INFO;Controller;Activity ExecRobotTask ended. Return value: Done;
26/03/20;19:32:12.577;INFO;Controller;State = Ready;
26/03/20;19:32:12.587;INFO;Server;Command: ExecRobotTask (Finish,500000);
26/03/20;19:32:12.587;INFO;Controller;Executing asynchronous activity: ExecRobotTask;
26/03/20;19:32:12.587;INFO;Controller;Status = Executing: Finish;
26/03/20;19:32:12.587;INFO;Controller;State = Running;
26/03/20;19:32:13.845;INFO;Robot Runtime;executing:    Finish;
26/03/20;19:34:11.901;INFO;Controller;Activity ExecRobotTask ended. Return value: Done;
26/03/20;19:34:11.901;INFO;Controller;State = Ready;
