07/08/20;08:55:54.403;INFO;Server;Command: ExecRobotTask (Initialize,500000);
07/08/20;08:55:54.404;INFO;Controller;Executing asynchronous activity: ExecRobotTask;
07/08/20;08:55:54.404;INFO;Controller;Status = Executing: Initialize;
07/08/20;08:55:54.404;INFO;Controller;State = Running;
07/08/20;08:55:55.386;INFO;Robot Runtime;executing:    Initialize;
07/08/20;08:55:56.649;INFO;Controller;Activity ExecRobotTask ended. Return value: Done;
07/08/20;08:55:56.650;INFO;Controller;State = Ready;
07/08/20;08:55:56.679;INFO;Server;Command: ExecRobotTask (Home,500000);
07/08/20;08:55:56.679;INFO;Controller;Executing asynchronous activity: ExecRobotTask;
07/08/20;08:55:56.679;INFO;Controller;Status = Executing: Home;
07/08/20;08:55:56.679;INFO;Controller;State = Running;
07/08/20;08:55:57.554;INFO;Robot Runtime;executing:    Home;
07/08/20;08:55:58.132;INFO;Controller;Activity ExecRobotTask ended. Return value: Done;
07/08/20;08:55:58.132;INFO;Controller;State = Ready;
07/08/20;08:55:58.143;INFO;Server;Command: ExecRobotTask (Park,500000);
07/08/20;08:55:58.143;INFO;Controller;Executing asynchronous activity: ExecRobotTask;
07/08/20;08:55:58.143;INFO;Controller;Status = Executing: Park;
07/08/20;08:55:58.143;INFO;Controller;State = Running;
07/08/20;08:55:59.035;INFO;Robot Runtime;executing:    Park;
07/08/20;08:56:02.236;INFO;Controller;Activity ExecRobotTask ended. Return value: Done;
07/08/20;08:56:02.236;INFO;Controller;State = Ready;
07/08/20;08:57:04.030;INFO;Server;Command: ExecRobotTask (Initialize,500000);
07/08/20;08:57:04.030;INFO;Controller;Executing asynchronous activity: ExecRobotTask;
07/08/20;08:57:04.030;INFO;Controller;Status = Executing: Initialize;
07/08/20;08:57:04.030;INFO;Controller;State = Running;
07/08/20;08:57:04.893;INFO;Robot Runtime;executing:    Initialize;
07/08/20;08:57:05.310;INFO;Controller;Activity ExecRobotTask ended. Return value: Done;
07/08/20;08:57:05.310;INFO;Controller;State = Ready;
07/08/20;08:57:05.319;INFO;Server;Command: ExecRobotTask (Home,500000);
07/08/20;08:57:05.319;INFO;Controller;Executing asynchronous activity: ExecRobotTask;
07/08/20;08:57:05.319;INFO;Controller;Status = Executing: Home;
07/08/20;08:57:05.319;INFO;Controller;State = Running;
07/08/20;08:57:06.183;INFO;Robot Runtime;executing:    Home;
07/08/20;08:57:08.353;INFO;Controller;Activity ExecRobotTask ended. Return value: Done;
07/08/20;08:57:08.354;INFO;Controller;State = Ready;
07/08/20;08:57:08.364;INFO;Server;Command: ExecRobotTask (Park,500000);
07/08/20;08:57:08.364;INFO;Controller;Executing asynchronous activity: ExecRobotTask;
07/08/20;08:57:08.364;INFO;Controller;Status = Executing: Park;
07/08/20;08:57:08.364;INFO;Controller;State = Running;
07/08/20;08:57:09.229;INFO;Robot Runtime;executing:    Park;
07/08/20;08:57:11.924;INFO;Controller;Activity ExecRobotTask ended. Return value: Done;
07/08/20;08:57:11.924;INFO;Controller;State = Ready;
07/08/20;08:57:45.923;INFO;Server;Command: ExecRobotTask (Unmount,500000);
07/08/20;08:57:45.923;INFO;Controller;Executing asynchronous activity: ExecRobotTask;
07/08/20;08:57:45.923;INFO;Controller;Status = Executing: Unmount;
07/08/20;08:57:45.923;INFO;Controller;State = Running;
07/08/20;08:57:46.849;INFO;Robot Runtime;executing:    Unmount;
07/08/20;08:57:53.594;INFO;Controller;Activity ExecRobotTask ended. Return value: Done False/False/False;
07/08/20;08:57:53.594;INFO;Controller;State = Ready;
07/08/20;08:57:53.612;INFO;Server;Command: ExecRobotTask (TraceSample,500000);
07/08/20;08:57:53.612;INFO;Controller;Executing asynchronous activity: ExecRobotTask;
07/08/20;08:57:53.613;INFO;Controller;Status = Executing: TraceSample;
07/08/20;08:57:53.613;INFO;Controller;State = Running;
07/08/20;08:57:54.821;INFO;Robot Runtime;executing:    TraceSample;
07/08/20;08:57:55.645;INFO;Controller;Activity ExecRobotTask ended. Return value: Done False/False/False;
07/08/20;08:57:55.645;INFO;Controller;State = Ready;
07/08/20;08:57:55.659;INFO;Server;Command: ExecRobotTask (ClosePorts,500000);
07/08/20;08:57:55.659;INFO;Controller;Executing asynchronous activity: ExecRobotTask;
07/08/20;08:57:55.659;INFO;Controller;Status = Executing: ClosePorts;
07/08/20;08:57:55.659;INFO;Controller;State = Running;
07/08/20;08:57:56.545;INFO;Robot Runtime;executing:    ClosePorts;
07/08/20;08:57:57.046;INFO;Controller;Activity ExecRobotTask ended. Return value: Done;
07/08/20;08:57:57.046;INFO;Controller;State = Ready;
07/08/20;08:58:08.168;INFO;Server;Command: ExecRobotTask (Initialize,500000);
07/08/20;08:58:08.168;INFO;Controller;Executing asynchronous activity: ExecRobotTask;
07/08/20;08:58:08.168;INFO;Controller;Status = Executing: Initialize;
07/08/20;08:58:08.168;INFO;Controller;State = Running;
07/08/20;08:58:09.106;INFO;Robot Runtime;executing:    Initialize;
07/08/20;08:58:09.512;INFO;Controller;Activity ExecRobotTask ended. Return value: Done;
07/08/20;08:58:09.512;INFO;Controller;State = Ready;
07/08/20;08:58:09.521;INFO;Server;Command: ExecRobotTask (UnlatchRobGov,500000);
07/08/20;08:58:09.521;INFO;Controller;Executing asynchronous activity: ExecRobotTask;
07/08/20;08:58:09.522;INFO;Controller;Status = Executing: UnlatchRobGov;
07/08/20;08:58:09.522;INFO;Controller;State = Running;
07/08/20;08:58:10.455;INFO;Robot Runtime;executing:    UnlatchRobGov;
07/08/20;08:58:11.006;INFO;Controller;Activity ExecRobotTask ended. Return value: Done;
07/08/20;08:58:11.006;INFO;Controller;State = Ready;
07/08/20;08:58:11.024;INFO;Server;Command: ExecRobotTask (Home,500000);
07/08/20;08:58:11.024;INFO;Controller;Executing asynchronous activity: ExecRobotTask;
07/08/20;08:58:11.024;INFO;Controller;Status = Executing: Home;
07/08/20;08:58:11.025;INFO;Controller;State = Running;
07/08/20;08:58:11.903;INFO;Robot Runtime;executing:    Home;
07/08/20;08:58:12.743;INFO;Controller;Activity ExecRobotTask ended. Return value: Done;
07/08/20;08:58:12.743;INFO;Controller;State = Ready;
07/08/20;08:58:12.754;INFO;Server;Command: ExecRobotTask (Finish,500000);
07/08/20;08:58:12.754;INFO;Controller;Executing asynchronous activity: ExecRobotTask;
07/08/20;08:58:12.754;INFO;Controller;Status = Executing: Finish;
07/08/20;08:58:12.755;INFO;Controller;State = Running;
07/08/20;08:58:13.968;INFO;Robot Runtime;executing:    Finish;
07/08/20;09:00:20.267;INFO;Controller;Activity ExecRobotTask ended. Return value: Done;
07/08/20;09:00:20.267;INFO;Controller;State = Ready;
07/08/20;09:01:07.554;INFO;Server;Command: ExecRobotTask (Initialize,500000);
07/08/20;09:01:07.554;INFO;Controller;Executing asynchronous activity: ExecRobotTask;
07/08/20;09:01:07.554;INFO;Controller;Status = Executing: Initialize;
07/08/20;09:01:07.554;INFO;Controller;State = Running;
07/08/20;09:01:08.450;INFO;Robot Runtime;executing:    Initialize;
07/08/20;09:01:09.723;INFO;Controller;Activity ExecRobotTask ended. Return value: Done;
07/08/20;09:01:09.723;INFO;Controller;State = Ready;
07/08/20;09:01:09.743;INFO;Server;Command: ExecRobotTask (LatchRobGov,500000);
07/08/20;09:01:09.743;INFO;Controller;Executing asynchronous activity: ExecRobotTask;
07/08/20;09:01:09.743;INFO;Controller;Status = Executing: LatchRobGov;
07/08/20;09:01:09.743;INFO;Controller;State = Running;
07/08/20;09:01:10.736;INFO;Robot Runtime;executing:    LatchRobGov;
07/08/20;09:01:11.222;INFO;Controller;Activity ExecRobotTask ended. Return value: Done;
07/08/20;09:01:11.222;INFO;Controller;State = Ready;
07/08/20;09:01:11.242;INFO;Server;Command: ExecRobotTask (TraceSample,500000);
07/08/20;09:01:11.242;INFO;Controller;Executing asynchronous activity: ExecRobotTask;
07/08/20;09:01:11.242;INFO;Controller;Status = Executing: TraceSample;
07/08/20;09:01:11.242;INFO;Controller;State = Running;
07/08/20;09:01:12.453;INFO;Robot Runtime;executing:    TraceSample;
07/08/20;09:01:13.267;INFO;Controller;Activity ExecRobotTask ended. Return value: Done False/False/False;
07/08/20;09:01:13.267;INFO;Controller;State = Ready;
07/08/20;09:01:13.325;INFO;Server;Command: ExecRobotTask (CoolDown,500000);
07/08/20;09:01:13.325;INFO;Controller;Executing asynchronous activity: ExecRobotTask;
07/08/20;09:01:13.325;INFO;Controller;Status = Executing: CoolDown;
07/08/20;09:01:13.325;INFO;Controller;State = Running;
07/08/20;09:01:14.236;INFO;Robot Runtime;executing:    CoolDown;
07/08/20;09:02:34.012;INFO;Controller;Activity ExecRobotTask ended. Return value: Done;
07/08/20;09:02:34.012;INFO;Controller;State = Ready;
07/08/20;09:02:34.225;INFO;Server;Command: ExecRobotTask (Load,500000);
07/08/20;09:02:34.225;INFO;Controller;Executing asynchronous activity: ExecRobotTask;
07/08/20;09:02:34.225;INFO;Controller;Status = Executing: Load;
07/08/20;09:02:34.225;INFO;Controller;State = Running;
07/08/20;09:02:35.237;INFO;Robot Runtime;executing:    Load;
07/08/20;09:02:44.478;INFO;Controller;Activity ExecRobotTask ended. Return value: Done False/True/True;
07/08/20;09:02:44.478;INFO;Controller;State = Ready;
07/08/20;09:02:44.499;INFO;Server;Command: ExecRobotTask (Home,500000);
07/08/20;09:02:44.499;INFO;Controller;Executing asynchronous activity: ExecRobotTask;
07/08/20;09:02:44.499;INFO;Controller;Status = Executing: Home;
07/08/20;09:02:44.499;INFO;Controller;State = Running;
07/08/20;09:02:45.382;INFO;Robot Runtime;executing:    Home;
07/08/20;09:02:46.740;INFO;Controller;Activity ExecRobotTask ended. Return value: Done;
07/08/20;09:02:46.741;INFO;Controller;State = Ready;
07/08/20;09:02:46.759;INFO;Server;Command: ExecRobotTask (Unload,500000);
07/08/20;09:02:46.759;INFO;Controller;Executing asynchronous activity: ExecRobotTask;
07/08/20;09:02:46.759;INFO;Controller;Status = Executing: Unload;
07/08/20;09:02:46.759;INFO;Controller;State = Running;
07/08/20;09:02:47.993;INFO;Robot Runtime;executing:    Unload;
07/08/20;09:02:52.465;INFO;Controller;Activity ExecRobotTask ended. Return value: Done False/False/False;
07/08/20;09:02:52.465;INFO;Controller;State = Ready;
07/08/20;09:02:52.479;INFO;Server;Command: ExecRobotTask (Home,500000);
07/08/20;09:02:52.479;INFO;Controller;Executing asynchronous activity: ExecRobotTask;
07/08/20;09:02:52.479;INFO;Controller;Status = Executing: Home;
07/08/20;09:02:52.479;INFO;Controller;State = Running;
07/08/20;09:02:53.402;INFO;Robot Runtime;executing:    Home;
07/08/20;09:02:54.480;INFO;Controller;Activity ExecRobotTask ended. Return value: Done;
07/08/20;09:02:54.480;INFO;Controller;State = Ready;
07/08/20;09:02:54.495;INFO;Server;Command: ExecRobotTask (Park,500000);
07/08/20;09:02:54.495;INFO;Controller;Executing asynchronous activity: ExecRobotTask;
07/08/20;09:02:54.496;INFO;Controller;Status = Executing: Park;
07/08/20;09:02:54.496;INFO;Controller;State = Running;
07/08/20;09:02:55.370;INFO;Robot Runtime;executing:    Park;
07/08/20;09:02:58.572;INFO;Controller;Activity ExecRobotTask ended. Return value: Done;
07/08/20;09:02:58.572;INFO;Controller;State = Ready;
07/08/20;09:03:32.459;INFO;Server;Command: ExecRobotTask (Initialize,500000);
07/08/20;09:03:32.459;INFO;Controller;Executing asynchronous activity: ExecRobotTask;
07/08/20;09:03:32.459;INFO;Controller;Status = Executing: Initialize;
07/08/20;09:03:32.459;INFO;Controller;State = Running;
07/08/20;09:03:33.346;INFO;Robot Runtime;executing:    Initialize;
07/08/20;09:03:33.760;INFO;Controller;Activity ExecRobotTask ended. Return value: Done;
07/08/20;09:03:33.760;INFO;Controller;State = Ready;
07/08/20;09:03:33.973;INFO;Server;Command: ExecRobotTask (Load,500000);
07/08/20;09:03:33.973;INFO;Controller;Executing asynchronous activity: ExecRobotTask;
07/08/20;09:03:33.974;INFO;Controller;Status = Executing: Load;
07/08/20;09:03:33.974;INFO;Controller;State = Running;
07/08/20;09:03:34.954;INFO;Robot Runtime;executing:    Load;
07/08/20;09:03:44.074;INFO;Controller;Activity ExecRobotTask ended. Return value: Done False/True/False;
07/08/20;09:03:44.074;INFO;Controller;State = Ready;
07/08/20;09:03:44.092;INFO;Server;Command: ExecRobotTask (Mount,500000);
07/08/20;09:03:44.092;INFO;Controller;Executing asynchronous activity: ExecRobotTask;
07/08/20;09:03:44.093;INFO;Controller;Status = Executing: Mount;
07/08/20;09:03:44.093;INFO;Controller;State = Running;
07/08/20;09:03:45.312;INFO;Robot Runtime;executing:    Mount;
07/08/20;09:03:49.522;INFO;Controller;Activity ExecRobotTask ended. Return value: Done True/False/False;
07/08/20;09:03:49.522;INFO;Controller;State = Ready;
07/08/20;09:03:49.547;INFO;Server;Command: ExecRobotTask (Park,500000);
07/08/20;09:03:49.547;INFO;Controller;Executing asynchronous activity: ExecRobotTask;
07/08/20;09:03:49.547;INFO;Controller;Status = Executing: Park;
07/08/20;09:03:49.547;INFO;Controller;State = Running;
07/08/20;09:03:50.456;INFO;Robot Runtime;executing:    Park;
07/08/20;09:03:52.566;INFO;Controller;Activity ExecRobotTask ended. Return value: Done;
07/08/20;09:03:52.566;INFO;Controller;State = Ready;
07/08/20;09:03:52.587;INFO;Server;Command: ExecRobotTask (UnlatchRobGov,500000);
07/08/20;09:03:52.588;INFO;Controller;Executing asynchronous activity: ExecRobotTask;
07/08/20;09:03:52.588;INFO;Controller;Status = Executing: UnlatchRobGov;
07/08/20;09:03:52.588;INFO;Controller;State = Running;
07/08/20;09:03:53.506;INFO;Robot Runtime;executing:    UnlatchRobGov;
07/08/20;09:03:53.637;INFO;Controller;Activity ExecRobotTask ended. Return value: Done;
07/08/20;09:03:53.637;INFO;Controller;State = Ready;
07/08/20;09:13:44.450;INFO;Server;Command: ExecRobotTask (Unmount,500000);
07/08/20;09:13:44.450;INFO;Controller;Executing asynchronous activity: ExecRobotTask;
07/08/20;09:13:44.450;INFO;Controller;Status = Executing: Unmount;
07/08/20;09:13:44.450;INFO;Controller;State = Running;
07/08/20;09:13:45.414;INFO;Robot Runtime;executing:    Unmount;
07/08/20;09:13:54.576;INFO;Controller;Activity ExecRobotTask ended. Return value: Done False/True/False;
07/08/20;09:13:54.576;INFO;Controller;State = Ready;
07/08/20;09:13:54.598;INFO;Server;Command: ExecRobotTask (Unload,500000);
07/08/20;09:13:54.598;INFO;Controller;Executing asynchronous activity: ExecRobotTask;
07/08/20;09:13:54.598;INFO;Controller;Status = Executing: Unload;
07/08/20;09:13:54.599;INFO;Controller;State = Running;
07/08/20;09:13:55.475;INFO;Robot Runtime;executing:    Unload;
07/08/20;09:13:59.412;INFO;Controller;Activity ExecRobotTask ended. Return value: Done False/False/False;
07/08/20;09:13:59.412;INFO;Controller;State = Ready;
07/08/20;09:14:01.017;INFO;Server;Command: ExecRobotTask (Load,500000);
07/08/20;09:14:01.017;INFO;Controller;Executing asynchronous activity: ExecRobotTask;
07/08/20;09:14:01.017;INFO;Controller;Status = Executing: Load;
07/08/20;09:14:01.017;INFO;Controller;State = Running;
07/08/20;09:14:02.250;INFO;Robot Runtime;executing:    Load;
07/08/20;09:14:08.406;INFO;Controller;Activity ExecRobotTask ended. Return value: Done False/True/False;
07/08/20;09:14:08.406;INFO;Controller;State = Ready;
07/08/20;09:14:08.429;INFO;Server;Command: ExecRobotTask (Mount,500000);
07/08/20;09:14:08.429;INFO;Controller;Executing asynchronous activity: ExecRobotTask;
07/08/20;09:14:08.429;INFO;Controller;Status = Executing: Mount;
07/08/20;09:14:08.429;INFO;Controller;State = Running;
07/08/20;09:14:09.449;INFO;Robot Runtime;executing:    Mount;
07/08/20;09:14:13.595;INFO;Controller;Activity ExecRobotTask ended. Return value: Done True/False/False;
07/08/20;09:14:13.595;INFO;Controller;State = Ready;
07/08/20;09:14:13.613;INFO;Server;Command: ExecRobotTask (Park,500000);
07/08/20;09:14:13.613;INFO;Controller;Executing asynchronous activity: ExecRobotTask;
07/08/20;09:14:13.613;INFO;Controller;Status = Executing: Park;
07/08/20;09:14:13.614;INFO;Controller;State = Running;
07/08/20;09:14:14.487;INFO;Robot Runtime;executing:    Park;
07/08/20;09:14:16.219;INFO;Controller;Activity ExecRobotTask ended. Return value: Done;
07/08/20;09:14:16.219;INFO;Controller;State = Ready;
07/08/20;09:14:16.244;INFO;Server;Command: ExecRobotTask (UnlatchRobGov,500000);
07/08/20;09:14:16.244;INFO;Controller;Executing asynchronous activity: ExecRobotTask;
07/08/20;09:14:16.244;INFO;Controller;Status = Executing: UnlatchRobGov;
07/08/20;09:14:16.244;INFO;Controller;State = Running;
07/08/20;09:14:17.166;INFO;Robot Runtime;executing:    UnlatchRobGov;
07/08/20;09:14:17.621;INFO;Controller;Activity ExecRobotTask ended. Return value: Done;
07/08/20;09:14:17.621;INFO;Controller;State = Ready;
07/08/20;09:41:50.446;INFO;Server;Command: ExecRobotTask (Unmount,500000);
07/08/20;09:41:50.446;INFO;Controller;Executing asynchronous activity: ExecRobotTask;
07/08/20;09:41:50.446;INFO;Controller;Status = Executing: Unmount;
07/08/20;09:41:50.446;INFO;Controller;State = Running;
07/08/20;09:41:51.387;INFO;Robot Runtime;executing:    Unmount;
07/08/20;09:41:58.331;INFO;Controller;Activity ExecRobotTask ended. Return value: Done False/True/False;
07/08/20;09:41:58.331;INFO;Controller;State = Ready;
07/08/20;09:41:58.354;INFO;Server;Command: ExecRobotTask (Unload,500000);
07/08/20;09:41:58.354;INFO;Controller;Executing asynchronous activity: ExecRobotTask;
07/08/20;09:41:58.354;INFO;Controller;Status = Executing: Unload;
07/08/20;09:41:58.354;INFO;Controller;State = Running;
07/08/20;09:41:59.230;INFO;Robot Runtime;executing:    Unload;
07/08/20;09:42:03.175;INFO;Controller;Activity ExecRobotTask ended. Return value: Done False/False/False;
07/08/20;09:42:03.175;INFO;Controller;State = Ready;
07/08/20;09:42:04.760;INFO;Server;Command: ExecRobotTask (Load,500000);
07/08/20;09:42:04.760;INFO;Controller;Executing asynchronous activity: ExecRobotTask;
07/08/20;09:42:04.760;INFO;Controller;Status = Executing: Load;
07/08/20;09:42:04.760;INFO;Controller;State = Running;
07/08/20;09:42:05.976;INFO;Robot Runtime;executing:    Load;
07/08/20;09:42:12.165;INFO;Controller;Activity ExecRobotTask ended. Return value: Done False/True/False;
07/08/20;09:42:12.165;INFO;Controller;State = Ready;
07/08/20;09:42:12.194;INFO;Server;Command: ExecRobotTask (Mount,500000);
07/08/20;09:42:12.194;INFO;Controller;Executing asynchronous activity: ExecRobotTask;
07/08/20;09:42:12.194;INFO;Controller;Status = Executing: Mount;
07/08/20;09:42:12.194;INFO;Controller;State = Running;
07/08/20;09:42:13.168;INFO;Robot Runtime;executing:    Mount;
07/08/20;09:42:17.349;INFO;Controller;Activity ExecRobotTask ended. Return value: Done True/False/False;
07/08/20;09:42:17.349;INFO;Controller;State = Ready;
07/08/20;09:42:17.374;INFO;Server;Command: ExecRobotTask (Park,500000);
07/08/20;09:42:17.374;INFO;Controller;Executing asynchronous activity: ExecRobotTask;
07/08/20;09:42:17.374;INFO;Controller;Status = Executing: Park;
07/08/20;09:42:17.374;INFO;Controller;State = Running;
07/08/20;09:42:18.297;INFO;Robot Runtime;executing:    Park;
07/08/20;09:42:20.399;INFO;Controller;Activity ExecRobotTask ended. Return value: Done;
07/08/20;09:42:20.399;INFO;Controller;State = Ready;
07/08/20;09:42:20.421;INFO;Server;Command: ExecRobotTask (UnlatchRobGov,500000);
07/08/20;09:42:20.421;INFO;Controller;Executing asynchronous activity: ExecRobotTask;
07/08/20;09:42:20.421;INFO;Controller;Status = Executing: UnlatchRobGov;
07/08/20;09:42:20.421;INFO;Controller;State = Running;
07/08/20;09:42:21.342;INFO;Robot Runtime;executing:    UnlatchRobGov;
07/08/20;09:42:21.470;INFO;Controller;Activity ExecRobotTask ended. Return value: Done;
07/08/20;09:42:21.471;INFO;Controller;State = Ready;
07/08/20;09:44:12.016;INFO;Server;Command: ExecRobotTask (Unmount,500000);
07/08/20;09:44:12.016;INFO;Controller;Executing asynchronous activity: ExecRobotTask;
07/08/20;09:44:12.016;INFO;Controller;Status = Executing: Unmount;
07/08/20;09:44:12.016;INFO;Controller;State = Running;
07/08/20;09:44:13.208;INFO;Robot Runtime;executing:    Unmount;
07/08/20;09:44:20.406;INFO;Controller;Activity ExecRobotTask ended. Return value: Done False/True/False;
07/08/20;09:44:20.406;INFO;Controller;State = Ready;
07/08/20;09:44:20.428;INFO;Server;Command: ExecRobotTask (Unload,500000);
07/08/20;09:44:20.428;INFO;Controller;Executing asynchronous activity: ExecRobotTask;
07/08/20;09:44:20.428;INFO;Controller;Status = Executing: Unload;
07/08/20;09:44:20.428;INFO;Controller;State = Running;
07/08/20;09:44:21.305;INFO;Robot Runtime;executing:    Unload;
07/08/20;09:44:25.075;INFO;Controller;Activity ExecRobotTask ended. Return value: Done False/False/False;
07/08/20;09:44:25.075;INFO;Controller;State = Ready;
07/08/20;09:44:26.698;INFO;Server;Command: ExecRobotTask (Load,500000);
07/08/20;09:44:26.699;INFO;Controller;Executing asynchronous activity: ExecRobotTask;
07/08/20;09:44:26.699;INFO;Controller;Status = Executing: Load;
07/08/20;09:44:26.699;INFO;Controller;State = Running;
07/08/20;09:44:27.705;INFO;Robot Runtime;executing:    Load;
07/08/20;09:44:33.580;INFO;Controller;Activity ExecRobotTask ended. Return value: Done False/True/False;
07/08/20;09:44:33.580;INFO;Controller;State = Ready;
07/08/20;09:44:33.606;INFO;Server;Command: ExecRobotTask (Mount,500000);
07/08/20;09:44:33.606;INFO;Controller;Executing asynchronous activity: ExecRobotTask;
07/08/20;09:44:33.606;INFO;Controller;Status = Executing: Mount;
07/08/20;09:44:33.606;INFO;Controller;State = Running;
07/08/20;09:44:34.591;INFO;Robot Runtime;executing:    Mount;
07/08/20;09:44:38.514;INFO;Controller;Activity ExecRobotTask ended. Return value: Done True/False/False;
07/08/20;09:44:38.514;INFO;Controller;State = Ready;
07/08/20;09:44:38.539;INFO;Server;Command: ExecRobotTask (Park,500000);
07/08/20;09:44:38.539;INFO;Controller;Executing asynchronous activity: ExecRobotTask;
07/08/20;09:44:38.539;INFO;Controller;Status = Executing: Park;
07/08/20;09:44:38.539;INFO;Controller;State = Running;
07/08/20;09:44:39.675;INFO;Robot Runtime;executing:    Park;
07/08/20;09:44:41.752;INFO;Controller;Activity ExecRobotTask ended. Return value: Done;
07/08/20;09:44:41.752;INFO;Controller;State = Ready;
07/08/20;09:44:41.773;INFO;Server;Command: ExecRobotTask (UnlatchRobGov,500000);
07/08/20;09:44:41.773;INFO;Controller;Executing asynchronous activity: ExecRobotTask;
07/08/20;09:44:41.773;INFO;Controller;Status = Executing: UnlatchRobGov;
07/08/20;09:44:41.773;INFO;Controller;State = Running;
07/08/20;09:44:42.688;INFO;Robot Runtime;executing:    UnlatchRobGov;
07/08/20;09:44:42.816;INFO;Controller;Activity ExecRobotTask ended. Return value: Done;
07/08/20;09:44:42.816;INFO;Controller;State = Ready;
07/08/20;09:48:38.065;INFO;Server;Command: ExecRobotTask (Unmount,500000);
07/08/20;09:48:38.065;INFO;Controller;Executing asynchronous activity: ExecRobotTask;
07/08/20;09:48:38.065;INFO;Controller;Status = Executing: Unmount;
07/08/20;09:48:38.065;INFO;Controller;State = Running;
07/08/20;09:48:39.050;INFO;Robot Runtime;executing:    Unmount;
07/08/20;09:48:46.391;INFO;Controller;Activity ExecRobotTask ended. Return value: Done False/True/False;
07/08/20;09:48:46.391;INFO;Controller;State = Ready;
07/08/20;09:48:46.414;INFO;Server;Command: ExecRobotTask (Unload,500000);
07/08/20;09:48:46.414;INFO;Controller;Executing asynchronous activity: ExecRobotTask;
07/08/20;09:48:46.414;INFO;Controller;Status = Executing: Unload;
07/08/20;09:48:46.414;INFO;Controller;State = Running;
07/08/20;09:48:47.293;INFO;Robot Runtime;executing:    Unload;
07/08/20;09:48:50.897;INFO;Controller;Activity ExecRobotTask ended. Return value: Done False/False/False;
07/08/20;09:48:50.897;INFO;Controller;State = Ready;
07/08/20;09:48:52.485;INFO;Server;Command: ExecRobotTask (Load,500000);
07/08/20;09:48:52.485;INFO;Controller;Executing asynchronous activity: ExecRobotTask;
07/08/20;09:48:52.485;INFO;Controller;Status = Executing: Load;
07/08/20;09:48:52.485;INFO;Controller;State = Running;
07/08/20;09:48:53.759;INFO;Robot Runtime;executing:    Load;
07/08/20;09:48:59.807;INFO;Controller;Activity ExecRobotTask ended. Return value: Done False/True/False;
07/08/20;09:48:59.807;INFO;Controller;State = Ready;
07/08/20;09:48:59.831;INFO;Server;Command: ExecRobotTask (Mount,500000);
07/08/20;09:48:59.831;INFO;Controller;Executing asynchronous activity: ExecRobotTask;
07/08/20;09:48:59.831;INFO;Controller;Status = Executing: Mount;
07/08/20;09:48:59.831;INFO;Controller;State = Running;
07/08/20;09:49:00.826;INFO;Robot Runtime;executing:    Mount;
07/08/20;09:49:04.989;INFO;Controller;Activity ExecRobotTask ended. Return value: Done True/False/False;
07/08/20;09:49:04.989;INFO;Controller;State = Ready;
07/08/20;09:49:05.020;INFO;Server;Command: ExecRobotTask (Park,500000);
07/08/20;09:49:05.020;INFO;Controller;Executing asynchronous activity: ExecRobotTask;
07/08/20;09:49:05.020;INFO;Controller;Status = Executing: Park;
07/08/20;09:49:05.020;INFO;Controller;State = Running;
07/08/20;09:49:05.895;INFO;Robot Runtime;executing:    Park;
07/08/20;09:49:08.023;INFO;Controller;Activity ExecRobotTask ended. Return value: Done;
07/08/20;09:49:08.024;INFO;Controller;State = Ready;
07/08/20;09:49:08.052;INFO;Server;Command: ExecRobotTask (UnlatchRobGov,500000);
07/08/20;09:49:08.053;INFO;Controller;Executing asynchronous activity: ExecRobotTask;
07/08/20;09:49:08.053;INFO;Controller;Status = Executing: UnlatchRobGov;
07/08/20;09:49:08.053;INFO;Controller;State = Running;
07/08/20;09:49:08.969;INFO;Robot Runtime;executing:    UnlatchRobGov;
07/08/20;09:49:09.510;INFO;Controller;Activity ExecRobotTask ended. Return value: Done;
07/08/20;09:49:09.510;INFO;Controller;State = Ready;
07/08/20;09:54:38.813;INFO;Server;Command: ExecRobotTask (Unmount,500000);
07/08/20;09:54:38.814;INFO;Controller;Executing asynchronous activity: ExecRobotTask;
07/08/20;09:54:38.814;INFO;Controller;Status = Executing: Unmount;
07/08/20;09:54:38.814;INFO;Controller;State = Running;
07/08/20;09:54:40.053;INFO;Robot Runtime;executing:    Unmount;
07/08/20;09:54:47.389;INFO;Controller;Activity ExecRobotTask ended. Return value: Done False/True/False;
07/08/20;09:54:47.389;INFO;Controller;State = Ready;
07/08/20;09:54:47.417;INFO;Server;Command: ExecRobotTask (Unload,500000);
07/08/20;09:54:47.417;INFO;Controller;Executing asynchronous activity: ExecRobotTask;
07/08/20;09:54:47.417;INFO;Controller;Status = Executing: Unload;
07/08/20;09:54:47.417;INFO;Controller;State = Running;
07/08/20;09:54:48.295;INFO;Robot Runtime;executing:    Unload;
07/08/20;09:54:52.053;INFO;Controller;Activity ExecRobotTask ended. Return value: Done False/False/False;
07/08/20;09:54:52.053;INFO;Controller;State = Ready;
07/08/20;09:54:53.630;INFO;Server;Command: ExecRobotTask (Load,500000);
07/08/20;09:54:53.630;INFO;Controller;Executing asynchronous activity: ExecRobotTask;
07/08/20;09:54:53.630;INFO;Controller;Status = Executing: Load;
07/08/20;09:54:53.630;INFO;Controller;State = Running;
07/08/20;09:54:54.620;INFO;Robot Runtime;executing:    Load;
07/08/20;09:55:00.787;INFO;Controller;Activity ExecRobotTask ended. Return value: Done False/True/False;
07/08/20;09:55:00.787;INFO;Controller;State = Ready;
07/08/20;09:55:00.857;INFO;Server;Command: ExecRobotTask (Mount,500000);
07/08/20;09:55:00.857;INFO;Controller;Executing asynchronous activity: ExecRobotTask;
07/08/20;09:55:00.857;INFO;Controller;Status = Executing: Mount;
07/08/20;09:55:00.857;INFO;Controller;State = Running;
07/08/20;09:55:02.119;INFO;Robot Runtime;executing:    Mount;
07/08/20;09:55:06.246;INFO;Controller;Activity ExecRobotTask ended. Return value: Done True/False/False;
07/08/20;09:55:06.246;INFO;Controller;State = Ready;
07/08/20;09:55:06.277;INFO;Server;Command: ExecRobotTask (Park,500000);
07/08/20;09:55:06.277;INFO;Controller;Executing asynchronous activity: ExecRobotTask;
07/08/20;09:55:06.277;INFO;Controller;Status = Executing: Park;
07/08/20;09:55:06.277;INFO;Controller;State = Running;
07/08/20;09:55:07.146;INFO;Robot Runtime;executing:    Park;
07/08/20;09:55:08.881;INFO;Controller;Activity ExecRobotTask ended. Return value: Done;
07/08/20;09:55:08.881;INFO;Controller;State = Ready;
07/08/20;09:55:08.901;INFO;Server;Command: ExecRobotTask (UnlatchRobGov,500000);
07/08/20;09:55:08.901;INFO;Controller;Executing asynchronous activity: ExecRobotTask;
07/08/20;09:55:08.901;INFO;Controller;Status = Executing: UnlatchRobGov;
07/08/20;09:55:08.901;INFO;Controller;State = Running;
07/08/20;09:55:09.843;INFO;Robot Runtime;executing:    UnlatchRobGov;
07/08/20;09:55:10.143;INFO;Controller;Activity ExecRobotTask ended. Return value: Done;
07/08/20;09:55:10.143;INFO;Controller;State = Ready;
07/08/20;09:57:30.313;INFO;Server;Command: ExecRobotTask (Initialize,500000);
07/08/20;09:57:30.314;INFO;Controller;Executing asynchronous activity: ExecRobotTask;
07/08/20;09:57:30.321;INFO;Controller;Status = Executing: Initialize;
07/08/20;09:57:30.322;INFO;Controller;State = Running;
07/08/20;09:57:31.299;INFO;Robot Runtime;executing:    Initialize;
07/08/20;09:57:32.220;INFO;Controller;Activity ExecRobotTask ended. Return value: Done;
07/08/20;09:57:32.220;INFO;Controller;State = Ready;
07/08/20;09:57:34.158;INFO;Server;Command: ExecRobotTask (Unmount,500000);
07/08/20;09:57:34.158;INFO;Controller;Executing asynchronous activity: ExecRobotTask;
07/08/20;09:57:34.158;INFO;Controller;Status = Executing: Unmount;
07/08/20;09:57:34.158;INFO;Controller;State = Running;
07/08/20;09:57:35.385;INFO;Robot Runtime;executing:    Unmount;
07/08/20;09:57:42.656;INFO;Controller;Activity ExecRobotTask ended. Return value: Done False/True/False;
07/08/20;09:57:42.657;INFO;Controller;State = Ready;
07/08/20;09:57:42.688;INFO;Server;Command: ExecRobotTask (Unload,500000);
07/08/20;09:57:42.689;INFO;Controller;Executing asynchronous activity: ExecRobotTask;
07/08/20;09:57:42.689;INFO;Controller;Status = Executing: Unload;
07/08/20;09:57:42.689;INFO;Controller;State = Running;
07/08/20;09:57:43.595;INFO;Robot Runtime;executing:    Unload;
07/08/20;09:57:47.380;INFO;Controller;Activity ExecRobotTask ended. Return value: Done False/False/False;
07/08/20;09:57:47.380;INFO;Controller;State = Ready;
07/08/20;09:57:48.991;INFO;Server;Command: ExecRobotTask (Load,500000);
07/08/20;09:57:48.991;INFO;Controller;Executing asynchronous activity: ExecRobotTask;
07/08/20;09:57:48.991;INFO;Controller;Status = Executing: Load;
07/08/20;09:57:48.991;INFO;Controller;State = Running;
07/08/20;09:57:49.999;INFO;Robot Runtime;executing:    Load;
07/08/20;09:57:56.237;INFO;Controller;Activity ExecRobotTask ended. Return value: Done False/True/False;
07/08/20;09:57:56.237;INFO;Controller;State = Ready;
07/08/20;09:57:56.270;INFO;Server;Command: ExecRobotTask (Mount,500000);
07/08/20;09:57:56.270;INFO;Controller;Executing asynchronous activity: ExecRobotTask;
07/08/20;09:57:56.270;INFO;Controller;Status = Executing: Mount;
07/08/20;09:57:56.270;INFO;Controller;State = Running;
07/08/20;09:57:57.504;INFO;Robot Runtime;executing:    Mount;
07/08/20;09:58:01.790;INFO;Controller;Activity ExecRobotTask ended. Return value: Done True/False/False;
07/08/20;09:58:01.790;INFO;Controller;State = Ready;
07/08/20;09:58:01.863;INFO;Server;Command: ExecRobotTask (Park,500000);
07/08/20;09:58:01.863;INFO;Controller;Executing asynchronous activity: ExecRobotTask;
07/08/20;09:58:01.864;INFO;Controller;Status = Executing: Park;
07/08/20;09:58:01.864;INFO;Controller;State = Running;
07/08/20;09:58:02.743;INFO;Robot Runtime;executing:    Park;
07/08/20;09:58:04.894;INFO;Controller;Activity ExecRobotTask ended. Return value: Done;
07/08/20;09:58:04.894;INFO;Controller;State = Ready;
07/08/20;09:58:04.917;INFO;Server;Command: ExecRobotTask (UnlatchRobGov,500000);
07/08/20;09:58:04.917;INFO;Controller;Executing asynchronous activity: ExecRobotTask;
07/08/20;09:58:04.917;INFO;Controller;Status = Executing: UnlatchRobGov;
07/08/20;09:58:04.917;INFO;Controller;State = Running;
07/08/20;09:58:05.851;INFO;Robot Runtime;executing:    UnlatchRobGov;
07/08/20;09:58:06.392;INFO;Controller;Activity ExecRobotTask ended. Return value: Done;
07/08/20;09:58:06.392;INFO;Controller;State = Ready;
07/08/20;10:06:07.994;INFO;Server;Command: ExecRobotTask (Unmount,500000);
07/08/20;10:06:07.995;INFO;Controller;Executing asynchronous activity: ExecRobotTask;
07/08/20;10:06:07.995;INFO;Controller;Status = Executing: Unmount;
07/08/20;10:06:07.995;INFO;Controller;State = Running;
07/08/20;10:06:08.961;INFO;Robot Runtime;executing:    Unmount;
07/08/20;10:07:51.719;INFO;Robot Runtime;SE Time Out during unmount;
07/08/20;10:07:52.124;INFO;Controller;Activity ExecRobotTask ended. Return value: ABORT: SE Time Out;
07/08/20;10:07:52.124;INFO;Controller;State = Ready;
07/08/20;10:08:51.564;INFO;Server;Command: Abort;
07/08/20;10:08:51.564;INFO;Robot;Abort;
07/08/20;10:08:51.663;INFO;Server;Command: Restart;
07/08/20;10:08:51.664;INFO;Controller;State = Initializing;
07/08/20;10:08:51.688;INFO;Controller;Initialized log services - Startup: 27/07/20 09:12:03;
07/08/20;10:08:52.694;INFO;Epics Server;Exiting running thread;
07/08/20;10:08:52.697;INFO;Epics Server;Registered PV: SW:Version;
07/08/20;10:08:52.697;INFO;Epics Server;Registered PV: SW:Status;
07/08/20;10:08:52.697;INFO;Epics Server;Registered PV: SW:Uptime;
07/08/20;10:08:52.698;INFO;Epics Server;Registered PV: SW:LastTaskInfo;
07/08/20;10:08:52.698;INFO;Epics Server;Registered PV: SW:AlarmList;
07/08/20;10:08:52.698;INFO;Epics Server;Registered PV: SW:LocalGuiLockOut;
07/08/20;10:08:52.698;INFO;Epics Server;Registered PV: SW:RobotSpeed;
07/08/20;10:08:52.698;INFO;Epics Server;Registered PV: SW:LastTaskException;
07/08/20;10:08:52.698;INFO;Epics Server;Registered PV: SW:LastTaskOutput;
07/08/20;10:08:52.698;INFO;Epics Server;Registered PV: SW:RobotState;
07/08/20;10:08:52.698;INFO;Epics Server;Registered PV: SW:CartesianPositions;
07/08/20;10:08:52.698;INFO;Epics Server;Registered PV: SW:JointPositions;
07/08/20;10:08:52.698;INFO;Epics Server;Registered PV: SW:State;
07/08/20;10:08:52.698;INFO;Epics Server;Registered PV: SW:abort;
07/08/20;10:08:52.698;INFO;Epics Server;Registered PV: SW:restart;
07/08/20;10:08:52.698;INFO;Epics Server;Registered PV: SW:getTaskInfo;
07/08/20;10:08:52.698;INFO;Epics Server;Registered PV: SW:isTaskRunning;
07/08/20;10:08:52.698;INFO;Epics Server;Registered PV: SW:checkTaskResult;
07/08/20;10:08:52.698;INFO;Epics Server;Registered PV: SW:startTestTask;
07/08/20;10:08:52.698;INFO;Epics Server;Registered PV: SW:pauseRobot;
07/08/20;10:08:52.698;INFO;Epics Server;Registered PV: SW:resumeRobot;
07/08/20;10:08:52.698;INFO;Epics Server;Registered PV: SW:setRobotVariable;
07/08/20;10:08:52.698;INFO;Epics Server;Registered PV: SW:isSampleMounted;
07/08/20;10:08:52.699;INFO;Epics Server;Registered PV: SW:startRobotTask;
07/08/20;10:08:52.699;INFO;Epics Server;Registered PV: SW:getRobotVariable;
07/08/20;10:08:52.699;INFO;Epics Server;Registered PV: SW:getDistance;
07/08/20;10:08:52.699;INFO;Epics Server;Initializing: Channel Access Server in Java v1.1.1;
07/08/20;10:08:52.699;INFO;Epics Server;Started server: ready to accept requests;
07/08/20;10:08:53.296;INFO;Controller;Initializing Robot;
07/08/20;10:08:53.301;INFO;Robot;Setting reference frame to: world;
07/08/20;10:08:53.417;INFO;Controller;Initializing Bus Controller;
07/08/20;10:08:53.418;INFO;Anti-Collision;Active = true;
07/08/20;10:08:53.418;INFO;Controller;State = Starting;
07/08/20;10:08:53.419;INFO;Controller;Command: Reset;
07/08/20;10:08:53.419;INFO;Controller;Executing asynchronous script: ./script/Reset.py;
07/08/20;10:08:53.419;INFO;Controller;Status = Reseting;
07/08/20;10:08:53.419;INFO;Controller;State = Running;
07/08/20;10:08:53.601;INFO;Controller;Script host: localhost:56314;
07/08/20;10:08:53.601;INFO;Script;Starting initialization script;
07/08/20;10:08:53.604;INFO;Script;Do nothing;
07/08/20;10:08:53.605;INFO;Controller;Script ./script/Reset.py ended. Return value: ;
07/08/20;10:08:53.605;INFO;Controller;State = Ready;
07/08/20;10:08:59.719;INFO;Server;Command: ExecRobotTask (Recover,500000);
07/08/20;10:08:59.719;INFO;Controller;Executing asynchronous activity: ExecRobotTask;
07/08/20;10:08:59.719;INFO;Controller;Status = Executing: Recover;
07/08/20;10:08:59.719;INFO;Controller;State = Running;
07/08/20;10:09:01.071;INFO;Robot Runtime;executing:    Recover;
07/08/20;10:09:01.972;INFO;Robot Runtime;Done;
07/08/20;10:09:02.483;INFO;Controller;Activity ExecRobotTask ended. Return value: Done;
07/08/20;10:09:02.483;INFO;Controller;State = Ready;
07/08/20;10:09:27.465;INFO;Server;Command: ExecRobotTask (Initialize,500000);
07/08/20;10:09:27.466;INFO;Controller;Executing asynchronous activity: ExecRobotTask;
07/08/20;10:09:27.466;INFO;Controller;Status = Executing: Initialize;
07/08/20;10:09:27.466;INFO;Controller;State = Running;
07/08/20;10:09:28.465;INFO;Robot Runtime;executing:    Initialize;
07/08/20;10:09:28.882;INFO;Controller;Activity ExecRobotTask ended. Return value: Done;
07/08/20;10:09:28.882;INFO;Controller;State = Ready;
07/08/20;10:09:28.919;INFO;Server;Command: ExecRobotTask (UnlatchRobGov,500000);
07/08/20;10:09:28.919;INFO;Controller;Executing asynchronous activity: ExecRobotTask;
07/08/20;10:09:28.919;INFO;Controller;Status = Executing: UnlatchRobGov;
07/08/20;10:09:28.919;INFO;Controller;State = Running;
07/08/20;10:09:29.844;INFO;Robot Runtime;executing:    UnlatchRobGov;
07/08/20;10:09:30.383;INFO;Controller;Activity ExecRobotTask ended. Return value: Done;
07/08/20;10:09:30.383;INFO;Controller;State = Ready;
07/08/20;10:09:30.415;INFO;Server;Command: ExecRobotTask (Home,500000);
07/08/20;10:09:30.415;INFO;Controller;Executing asynchronous activity: ExecRobotTask;
07/08/20;10:09:30.415;INFO;Controller;Status = Executing: Home;
07/08/20;10:09:30.415;INFO;Controller;State = Running;
07/08/20;10:09:31.314;INFO;Robot Runtime;executing:    Home;
07/08/20;10:09:31.880;INFO;Controller;Activity ExecRobotTask ended. Return value: Done;
07/08/20;10:09:31.880;INFO;Controller;State = Ready;
07/08/20;10:09:31.911;INFO;Server;Command: ExecRobotTask (Finish,500000);
07/08/20;10:09:31.911;INFO;Controller;Executing asynchronous activity: ExecRobotTask;
07/08/20;10:09:31.911;INFO;Controller;Status = Executing: Finish;
07/08/20;10:09:31.911;INFO;Controller;State = Running;
07/08/20;10:09:33.124;INFO;Robot Runtime;executing:    Finish;
07/08/20;10:11:34.404;INFO;Controller;Activity ExecRobotTask ended. Return value: Done;
07/08/20;10:11:34.404;INFO;Controller;State = Ready;
07/08/20;10:21:21.322;INFO;Server;Command: ExecRobotTask (Initialize,500000);
07/08/20;10:21:21.322;INFO;Controller;Executing asynchronous activity: ExecRobotTask;
07/08/20;10:21:21.322;INFO;Controller;Status = Executing: Initialize;
07/08/20;10:21:21.322;INFO;Controller;State = Running;
07/08/20;10:21:22.229;INFO;Robot Runtime;executing:    Initialize;
07/08/20;10:21:23.615;INFO;Controller;Activity ExecRobotTask ended. Return value: Done;
07/08/20;10:21:23.615;INFO;Controller;State = Ready;
07/08/20;10:21:23.629;INFO;Server;Command: ExecRobotTask (Home,500000);
07/08/20;10:21:23.629;INFO;Controller;Executing asynchronous activity: ExecRobotTask;
07/08/20;10:21:23.629;INFO;Controller;Status = Executing: Home;
07/08/20;10:21:23.629;INFO;Controller;State = Running;
07/08/20;10:21:24.562;INFO;Robot Runtime;executing:    Home;
07/08/20;10:21:25.123;INFO;Controller;Activity ExecRobotTask ended. Return value: Done;
07/08/20;10:21:25.123;INFO;Controller;State = Ready;
07/08/20;10:21:25.132;INFO;Server;Command: ExecRobotTask (Park,500000);
07/08/20;10:21:25.132;INFO;Controller;Executing asynchronous activity: ExecRobotTask;
07/08/20;10:21:25.132;INFO;Controller;Status = Executing: Park;
07/08/20;10:21:25.132;INFO;Controller;State = Running;
07/08/20;10:21:26.001;INFO;Robot Runtime;executing:    Park;
07/08/20;10:21:29.260;INFO;Controller;Activity ExecRobotTask ended. Return value: Done;
07/08/20;10:21:29.260;INFO;Controller;State = Ready;
07/08/20;10:22:51.917;INFO;Server;Command: ExecRobotTask (Unmount,500000);
07/08/20;10:22:51.917;INFO;Controller;Executing asynchronous activity: ExecRobotTask;
07/08/20;10:22:51.917;INFO;Controller;Status = Executing: Unmount;
07/08/20;10:22:51.917;INFO;Controller;State = Running;
07/08/20;10:22:52.840;INFO;Robot Runtime;executing:    Unmount;
07/08/20;10:22:59.538;INFO;Controller;Activity ExecRobotTask ended. Return value: Done False/True/False;
07/08/20;10:22:59.538;INFO;Controller;State = Ready;
07/08/20;10:22:59.547;INFO;Server;Command: ExecRobotTask (Unload,500000);
07/08/20;10:22:59.547;INFO;Controller;Executing asynchronous activity: ExecRobotTask;
07/08/20;10:22:59.547;INFO;Controller;Status = Executing: Unload;
07/08/20;10:22:59.547;INFO;Controller;State = Running;
07/08/20;10:23:00.744;INFO;Robot Runtime;executing:    Unload;
07/08/20;10:23:04.307;INFO;Controller;Activity ExecRobotTask ended. Return value: Done False/False/False;
07/08/20;10:23:04.307;INFO;Controller;State = Ready;
07/08/20;10:23:05.892;INFO;Server;Command: ExecRobotTask (Load,500000);
07/08/20;10:23:05.892;INFO;Controller;Executing asynchronous activity: ExecRobotTask;
07/08/20;10:23:05.892;INFO;Controller;Status = Executing: Load;
07/08/20;10:23:05.892;INFO;Controller;State = Running;
07/08/20;10:23:06.899;INFO;Robot Runtime;executing:    Load;
07/08/20;10:23:10.760;INFO;Controller;Activity ExecRobotTask ended. Return value: Done False/True/False;
07/08/20;10:23:10.760;INFO;Controller;State = Ready;
07/08/20;10:23:10.775;INFO;Server;Command: ExecRobotTask (Mount,500000);
07/08/20;10:23:10.776;INFO;Controller;Executing asynchronous activity: ExecRobotTask;
07/08/20;10:23:10.776;INFO;Controller;Status = Executing: Mount;
07/08/20;10:23:10.776;INFO;Controller;State = Running;
07/08/20;10:23:11.700;INFO;Robot Runtime;executing:    Mount;
07/08/20;10:23:15.759;INFO;Controller;Activity ExecRobotTask ended. Return value: Done True/False/False;
07/08/20;10:23:15.759;INFO;Controller;State = Ready;
07/08/20;10:23:15.786;INFO;Server;Command: ExecRobotTask (Park,500000);
07/08/20;10:23:15.786;INFO;Controller;Executing asynchronous activity: ExecRobotTask;
07/08/20;10:23:15.786;INFO;Controller;Status = Executing: Park;
07/08/20;10:23:15.786;INFO;Controller;State = Running;
07/08/20;10:23:16.956;INFO;Robot Runtime;executing:    Park;
07/08/20;10:23:18.714;INFO;Controller;Activity ExecRobotTask ended. Return value: Done;
07/08/20;10:23:18.714;INFO;Controller;State = Ready;
07/08/20;10:23:18.731;INFO;Server;Command: ExecRobotTask (UnlatchRobGov,500000);
07/08/20;10:23:18.731;INFO;Controller;Executing asynchronous activity: ExecRobotTask;
07/08/20;10:23:18.731;INFO;Controller;Status = Executing: UnlatchRobGov;
07/08/20;10:23:18.731;INFO;Controller;State = Running;
07/08/20;10:23:19.664;INFO;Robot Runtime;executing:    UnlatchRobGov;
07/08/20;10:23:20.128;INFO;Controller;Activity ExecRobotTask ended. Return value: Done;
07/08/20;10:23:20.128;INFO;Controller;State = Ready;
07/08/20;10:35:06.279;INFO;Server;Command: ExecRobotTask (Initialize,500000);
07/08/20;10:35:06.280;INFO;Controller;Executing asynchronous activity: ExecRobotTask;
07/08/20;10:35:06.280;INFO;Controller;Status = Executing: Initialize;
07/08/20;10:35:06.280;INFO;Controller;State = Running;
07/08/20;10:35:07.269;INFO;Robot Runtime;executing:    Initialize;
07/08/20;10:35:08.644;INFO;Controller;Activity ExecRobotTask ended. Return value: Done;
07/08/20;10:35:08.644;INFO;Controller;State = Ready;
07/08/20;10:35:08.859;INFO;Server;Command: ExecRobotTask (Unmount,500000);
07/08/20;10:35:08.859;INFO;Controller;Executing asynchronous activity: ExecRobotTask;
07/08/20;10:35:08.859;INFO;Controller;Status = Executing: Unmount;
07/08/20;10:35:08.859;INFO;Controller;State = Running;
07/08/20;10:35:09.824;INFO;Robot Runtime;executing:    Unmount;
07/08/20;10:35:16.836;INFO;Controller;Activity ExecRobotTask ended. Return value: Done False/True/False;
07/08/20;10:35:16.836;INFO;Controller;State = Ready;
07/08/20;10:35:16.848;INFO;Server;Command: ExecRobotTask (Unload,500000);
07/08/20;10:35:16.848;INFO;Controller;Executing asynchronous activity: ExecRobotTask;
07/08/20;10:35:16.848;INFO;Controller;Status = Executing: Unload;
07/08/20;10:35:16.848;INFO;Controller;State = Running;
07/08/20;10:35:17.748;INFO;Robot Runtime;executing:    Unload;
07/08/20;10:35:21.402;INFO;Controller;Activity ExecRobotTask ended. Return value: Done False/False/False;
07/08/20;10:35:21.402;INFO;Controller;State = Ready;
07/08/20;10:35:22.983;INFO;Server;Command: ExecRobotTask (Load,500000);
07/08/20;10:35:22.984;INFO;Controller;Executing asynchronous activity: ExecRobotTask;
07/08/20;10:35:22.984;INFO;Controller;Status = Executing: Load;
07/08/20;10:35:22.984;INFO;Controller;State = Running;
07/08/20;10:35:24.174;INFO;Robot Runtime;executing:    Load;
07/08/20;10:35:30.443;INFO;Controller;Activity ExecRobotTask ended. Return value: Done False/True/False;
07/08/20;10:35:30.444;INFO;Controller;State = Ready;
07/08/20;10:35:30.456;INFO;Server;Command: ExecRobotTask (Mount,500000);
07/08/20;10:35:30.456;INFO;Controller;Executing asynchronous activity: ExecRobotTask;
07/08/20;10:35:30.456;INFO;Controller;Status = Executing: Mount;
07/08/20;10:35:30.456;INFO;Controller;State = Running;
07/08/20;10:35:31.409;INFO;Robot Runtime;executing:    Mount;
07/08/20;10:35:35.686;INFO;Controller;Activity ExecRobotTask ended. Return value: Done True/False/False;
07/08/20;10:35:35.686;INFO;Controller;State = Ready;
07/08/20;10:35:35.705;INFO;Server;Command: ExecRobotTask (Park,500000);
07/08/20;10:35:35.705;INFO;Controller;Executing asynchronous activity: ExecRobotTask;
07/08/20;10:35:35.705;INFO;Controller;Status = Executing: Park;
07/08/20;10:35:35.705;INFO;Controller;State = Running;
07/08/20;10:35:36.627;INFO;Robot Runtime;executing:    Park;
07/08/20;10:35:38.365;INFO;Controller;Activity ExecRobotTask ended. Return value: Done;
07/08/20;10:35:38.365;INFO;Controller;State = Ready;
07/08/20;10:35:38.379;INFO;Server;Command: ExecRobotTask (UnlatchRobGov,500000);
07/08/20;10:35:38.379;INFO;Controller;Executing asynchronous activity: ExecRobotTask;
07/08/20;10:35:38.379;INFO;Controller;Status = Executing: UnlatchRobGov;
07/08/20;10:35:38.379;INFO;Controller;State = Running;
07/08/20;10:35:39.324;INFO;Robot Runtime;executing:    UnlatchRobGov;
07/08/20;10:35:39.652;INFO;Controller;Activity ExecRobotTask ended. Return value: Done;
07/08/20;10:35:39.652;INFO;Controller;State = Ready;
07/08/20;10:44:15.514;INFO;Server;Command: ExecRobotTask (Initialize,500000);
07/08/20;10:44:15.515;INFO;Controller;Executing asynchronous activity: ExecRobotTask;
07/08/20;10:44:15.515;INFO;Controller;Status = Executing: Initialize;
07/08/20;10:44:15.515;INFO;Controller;State = Running;
07/08/20;10:44:16.540;INFO;Robot Runtime;executing:    Initialize;
07/08/20;10:44:17.917;INFO;Controller;Activity ExecRobotTask ended. Return value: Done;
07/08/20;10:44:17.918;INFO;Controller;State = Ready;
07/08/20;10:44:18.124;INFO;Server;Command: ExecRobotTask (Unmount,500000);
07/08/20;10:44:18.125;INFO;Controller;Executing asynchronous activity: ExecRobotTask;
07/08/20;10:44:18.125;INFO;Controller;Status = Executing: Unmount;
07/08/20;10:44:18.125;INFO;Controller;State = Running;
07/08/20;10:44:19.249;INFO;Robot Runtime;executing:    Unmount;
07/08/20;10:44:26.374;INFO;Controller;Activity ExecRobotTask ended. Return value: Done False/True/False;
07/08/20;10:44:26.374;INFO;Controller;State = Ready;
07/08/20;10:44:26.389;INFO;Server;Command: ExecRobotTask (Unload,500000);
07/08/20;10:44:26.390;INFO;Controller;Executing asynchronous activity: ExecRobotTask;
07/08/20;10:44:26.390;INFO;Controller;Status = Executing: Unload;
07/08/20;10:44:26.390;INFO;Controller;State = Running;
07/08/20;10:44:27.287;INFO;Robot Runtime;executing:    Unload;
07/08/20;10:44:30.937;INFO;Controller;Activity ExecRobotTask ended. Return value: Done False/False/False;
07/08/20;10:44:30.938;INFO;Controller;State = Ready;
07/08/20;10:44:32.578;INFO;Server;Command: ExecRobotTask (Load,500000);
07/08/20;10:44:32.578;INFO;Controller;Executing asynchronous activity: ExecRobotTask;
07/08/20;10:44:32.578;INFO;Controller;Status = Executing: Load;
07/08/20;10:44:32.578;INFO;Controller;State = Running;
07/08/20;10:44:33.530;INFO;Robot Runtime;executing:    Load;
07/08/20;10:44:39.683;INFO;Controller;Activity ExecRobotTask ended. Return value: Done False/True/False;
07/08/20;10:44:39.683;INFO;Controller;State = Ready;
07/08/20;10:44:39.699;INFO;Server;Command: ExecRobotTask (Mount,500000);
07/08/20;10:44:39.699;INFO;Controller;Executing asynchronous activity: ExecRobotTask;
07/08/20;10:44:39.699;INFO;Controller;Status = Executing: Mount;
07/08/20;10:44:39.699;INFO;Controller;State = Running;
07/08/20;10:44:40.725;INFO;Robot Runtime;executing:    Mount;
07/08/20;10:44:44.931;INFO;Controller;Activity ExecRobotTask ended. Return value: Done True/False/False;
07/08/20;10:44:44.931;INFO;Controller;State = Ready;
07/08/20;10:44:44.950;INFO;Server;Command: ExecRobotTask (Park,500000);
07/08/20;10:44:44.950;INFO;Controller;Executing asynchronous activity: ExecRobotTask;
07/08/20;10:44:44.951;INFO;Controller;Status = Executing: Park;
07/08/20;10:44:44.951;INFO;Controller;State = Running;
07/08/20;10:44:46.061;INFO;Robot Runtime;executing:    Park;
07/08/20;10:44:48.047;INFO;Controller;Activity ExecRobotTask ended. Return value: Done;
07/08/20;10:44:48.047;INFO;Controller;State = Ready;
07/08/20;10:44:48.061;INFO;Server;Command: ExecRobotTask (UnlatchRobGov,500000);
07/08/20;10:44:48.061;INFO;Controller;Executing asynchronous activity: ExecRobotTask;
07/08/20;10:44:48.062;INFO;Controller;Status = Executing: UnlatchRobGov;
07/08/20;10:44:48.062;INFO;Controller;State = Running;
07/08/20;10:44:49.005;INFO;Robot Runtime;executing:    UnlatchRobGov;
07/08/20;10:44:49.556;INFO;Controller;Activity ExecRobotTask ended. Return value: Done;
07/08/20;10:44:49.556;INFO;Controller;State = Ready;
07/08/20;11:08:01.529;INFO;Server;Command: ExecRobotTask (Unmount,500000);
07/08/20;11:08:01.530;INFO;Controller;Executing asynchronous activity: ExecRobotTask;
07/08/20;11:08:01.530;INFO;Controller;Status = Executing: Unmount;
07/08/20;11:08:01.530;INFO;Controller;State = Running;
07/08/20;11:08:02.465;INFO;Robot Runtime;executing:    Unmount;
07/08/20;11:08:12.082;INFO;Controller;Activity ExecRobotTask ended. Return value: Done False/True/False;
07/08/20;11:08:12.082;INFO;Controller;State = Ready;
07/08/20;11:08:12.102;INFO;Server;Command: ExecRobotTask (Unload,500000);
07/08/20;11:08:12.102;INFO;Controller;Executing asynchronous activity: ExecRobotTask;
07/08/20;11:08:12.102;INFO;Controller;Status = Executing: Unload;
07/08/20;11:08:12.102;INFO;Controller;State = Running;
07/08/20;11:08:12.991;INFO;Robot Runtime;executing:    Unload;
07/08/20;11:08:17.001;INFO;Controller;Activity ExecRobotTask ended. Return value: Done False/False/False;
07/08/20;11:08:17.001;INFO;Controller;State = Ready;
07/08/20;11:08:18.640;INFO;Server;Command: ExecRobotTask (Load,500000);
07/08/20;11:08:18.640;INFO;Controller;Executing asynchronous activity: ExecRobotTask;
07/08/20;11:08:18.640;INFO;Controller;Status = Executing: Load;
07/08/20;11:08:18.640;INFO;Controller;State = Running;
07/08/20;11:08:19.907;INFO;Robot Runtime;executing:    Load;
07/08/20;11:08:25.799;INFO;Controller;Activity ExecRobotTask ended. Return value: Done False/True/False;
07/08/20;11:08:25.799;INFO;Controller;State = Ready;
07/08/20;11:08:25.814;INFO;Server;Command: ExecRobotTask (Mount,500000);
07/08/20;11:08:25.815;INFO;Controller;Executing asynchronous activity: ExecRobotTask;
07/08/20;11:08:25.815;INFO;Controller;Status = Executing: Mount;
07/08/20;11:08:25.815;INFO;Controller;State = Running;
07/08/20;11:08:26.790;INFO;Robot Runtime;executing:    Mount;
07/08/20;11:08:30.905;INFO;Controller;Activity ExecRobotTask ended. Return value: Done True/False/False;
07/08/20;11:08:30.905;INFO;Controller;State = Ready;
07/08/20;11:08:30.923;INFO;Server;Command: ExecRobotTask (Park,500000);
07/08/20;11:08:30.923;INFO;Controller;Executing asynchronous activity: ExecRobotTask;
07/08/20;11:08:30.924;INFO;Controller;Status = Executing: Park;
07/08/20;11:08:30.924;INFO;Controller;State = Running;
07/08/20;11:08:31.801;INFO;Robot Runtime;executing:    Park;
07/08/20;11:08:33.943;INFO;Controller;Activity ExecRobotTask ended. Return value: Done;
07/08/20;11:08:33.943;INFO;Controller;State = Ready;
07/08/20;11:08:33.965;INFO;Server;Command: ExecRobotTask (UnlatchRobGov,500000);
07/08/20;11:08:33.965;INFO;Controller;Executing asynchronous activity: ExecRobotTask;
07/08/20;11:08:33.965;INFO;Controller;Status = Executing: UnlatchRobGov;
07/08/20;11:08:33.965;INFO;Controller;State = Running;
07/08/20;11:08:34.886;INFO;Robot Runtime;executing:    UnlatchRobGov;
07/08/20;11:08:35.424;INFO;Controller;Activity ExecRobotTask ended. Return value: Done;
07/08/20;11:08:35.424;INFO;Controller;State = Ready;
07/08/20;11:13:20.773;INFO;Server;Command: ExecRobotTask (Unmount,500000);
07/08/20;11:13:20.773;INFO;Controller;Executing asynchronous activity: ExecRobotTask;
07/08/20;11:13:20.773;INFO;Controller;Status = Executing: Unmount;
07/08/20;11:13:20.773;INFO;Controller;State = Running;
07/08/20;11:13:22.014;INFO;Robot Runtime;executing:    Unmount;
07/08/20;11:13:31.153;INFO;Controller;Activity ExecRobotTask ended. Return value: Done False/True/False;
07/08/20;11:13:31.153;INFO;Controller;State = Ready;
07/08/20;11:13:31.173;INFO;Server;Command: ExecRobotTask (Unload,500000);
07/08/20;11:13:31.173;INFO;Controller;Executing asynchronous activity: ExecRobotTask;
07/08/20;11:13:31.173;INFO;Controller;Status = Executing: Unload;
07/08/20;11:13:31.173;INFO;Controller;State = Running;
07/08/20;11:13:32.045;INFO;Robot Runtime;executing:    Unload;
07/08/20;11:13:35.636;INFO;Controller;Activity ExecRobotTask ended. Return value: Done False/False/False;
07/08/20;11:13:35.636;INFO;Controller;State = Ready;
07/08/20;11:13:37.344;INFO;Server;Command: ExecRobotTask (Load,500000);
07/08/20;11:13:37.344;INFO;Controller;Executing asynchronous activity: ExecRobotTask;
07/08/20;11:13:37.344;INFO;Controller;Status = Executing: Load;
07/08/20;11:13:37.344;INFO;Controller;State = Running;
07/08/20;11:13:38.350;INFO;Robot Runtime;executing:    Load;
07/08/20;11:13:44.497;INFO;Controller;Activity ExecRobotTask ended. Return value: Done False/True/False;
07/08/20;11:13:44.497;INFO;Controller;State = Ready;
07/08/20;11:13:44.519;INFO;Server;Command: ExecRobotTask (Mount,500000);
07/08/20;11:13:44.519;INFO;Controller;Executing asynchronous activity: ExecRobotTask;
07/08/20;11:13:44.519;INFO;Controller;Status = Executing: Mount;
07/08/20;11:13:44.519;INFO;Controller;State = Running;
07/08/20;11:13:45.760;INFO;Robot Runtime;executing:    Mount;
07/08/20;11:13:49.958;INFO;Controller;Activity ExecRobotTask ended. Return value: Done True/False/False;
07/08/20;11:13:49.958;INFO;Controller;State = Ready;
07/08/20;11:13:49.982;INFO;Server;Command: ExecRobotTask (Park,500000);
07/08/20;11:13:49.982;INFO;Controller;Executing asynchronous activity: ExecRobotTask;
07/08/20;11:13:49.982;INFO;Controller;Status = Executing: Park;
07/08/20;11:13:49.982;INFO;Controller;State = Running;
07/08/20;11:13:50.851;INFO;Robot Runtime;executing:    Park;
07/08/20;11:13:52.576;INFO;Controller;Activity ExecRobotTask ended. Return value: Done;
07/08/20;11:13:52.576;INFO;Controller;State = Ready;
07/08/20;11:13:52.601;INFO;Server;Command: ExecRobotTask (UnlatchRobGov,500000);
07/08/20;11:13:52.601;INFO;Controller;Executing asynchronous activity: ExecRobotTask;
07/08/20;11:13:52.601;INFO;Controller;Status = Executing: UnlatchRobGov;
07/08/20;11:13:52.601;INFO;Controller;State = Running;
07/08/20;11:13:53.516;INFO;Robot Runtime;executing:    UnlatchRobGov;
07/08/20;11:13:53.978;INFO;Controller;Activity ExecRobotTask ended. Return value: Done;
07/08/20;11:13:53.978;INFO;Controller;State = Ready;
07/08/20;12:19:50.668;INFO;Server;Command: ExecRobotTask (Initialize,500000);
07/08/20;12:19:50.668;INFO;Controller;Executing asynchronous activity: ExecRobotTask;
07/08/20;12:19:50.668;INFO;Controller;Status = Executing: Initialize;
07/08/20;12:19:50.669;INFO;Controller;State = Running;
07/08/20;12:19:51.684;INFO;Robot Runtime;executing:    Initialize;
07/08/20;12:19:53.014;INFO;Controller;Activity ExecRobotTask ended. Return value: Done;
07/08/20;12:19:53.014;INFO;Controller;State = Ready;
07/08/20;12:19:53.251;INFO;Server;Command: ExecRobotTask (Unmount,500000);
07/08/20;12:19:53.252;INFO;Controller;Executing asynchronous activity: ExecRobotTask;
07/08/20;12:19:53.252;INFO;Controller;Status = Executing: Unmount;
07/08/20;12:19:53.252;INFO;Controller;State = Running;
07/08/20;12:19:54.179;INFO;Robot Runtime;executing:    Unmount;
07/08/20;12:19:57.820;WARNING;Robot Runtime;AUTORECOVER=====> Found false kick. Resume Robot Power;
07/08/20;12:20:04.268;INFO;Controller;Activity ExecRobotTask ended. Return value: Done True/False/False;
07/08/20;12:20:04.268;INFO;Controller;State = Ready;
07/08/20;12:20:04.281;INFO;Server;Command: ExecRobotTask (Home,500000);
07/08/20;12:20:04.282;INFO;Controller;Executing asynchronous activity: ExecRobotTask;
07/08/20;12:20:04.282;INFO;Controller;Status = Executing: Home;
07/08/20;12:20:04.282;INFO;Controller;State = Running;
07/08/20;12:20:05.502;INFO;Robot Runtime;executing:    Home;
07/08/20;12:20:06.601;INFO;Controller;Activity ExecRobotTask ended. Return value: Done;
07/08/20;12:20:06.601;INFO;Controller;State = Ready;
07/08/20;12:20:06.618;INFO;Server;Command: ExecRobotTask (WarmUp,500000);
07/08/20;12:20:06.618;INFO;Controller;Executing asynchronous activity: ExecRobotTask;
07/08/20;12:20:06.618;INFO;Controller;Status = Executing: WarmUp;
07/08/20;12:20:06.619;INFO;Controller;State = Running;
07/08/20;12:20:07.534;INFO;Robot Runtime;executing:    WarmUp;
07/08/20;12:22:22.275;INFO;Controller;Activity ExecRobotTask ended. Return value: Done;
07/08/20;12:22:22.275;INFO;Controller;State = Ready;
07/08/20;12:22:22.283;INFO;Server;Command: ExecRobotTask (CoolDown,500000);
07/08/20;12:22:22.283;INFO;Controller;Executing asynchronous activity: ExecRobotTask;
07/08/20;12:22:22.283;INFO;Controller;Status = Executing: CoolDown;
07/08/20;12:22:22.283;INFO;Controller;State = Running;
07/08/20;12:22:23.162;INFO;Robot Runtime;executing:    CoolDown;
07/08/20;12:23:45.256;INFO;Controller;Activity ExecRobotTask ended. Return value: Done;
07/08/20;12:23:45.256;INFO;Controller;State = Ready;
07/08/20;12:23:45.269;INFO;Server;Command: ExecRobotTask (Unmount,500000);
07/08/20;12:23:45.269;INFO;Controller;Executing asynchronous activity: ExecRobotTask;
07/08/20;12:23:45.269;INFO;Controller;Status = Executing: Unmount;
07/08/20;12:23:45.269;INFO;Controller;State = Running;
07/08/20;12:23:46.172;INFO;Robot Runtime;executing:    Unmount;
07/08/20;12:23:55.977;INFO;Interface;Command: Abort;
07/08/20;12:23:55.978;INFO;Robot;Abort;
07/08/20;12:23:55.978;INFO;Controller;Activity ExecRobotTask was stopped;
07/08/20;12:23:55.978;INFO;Controller;State = Ready;
07/08/20;12:23:56.514;INFO;Server;Command: ExecRobotTask (Initialize,500000);
07/08/20;12:23:56.514;INFO;Controller;Executing asynchronous activity: ExecRobotTask;
07/08/20;12:23:56.524;INFO;Controller;Status = Executing: Initialize;
07/08/20;12:23:56.525;INFO;Controller;State = Running;
07/08/20;12:23:57.475;INFO;Robot Runtime;executing:    Initialize;
07/08/20;12:23:57.865;INFO;Controller;Activity ExecRobotTask ended. Return value: Done;
07/08/20;12:23:57.865;INFO;Controller;State = Ready;
07/08/20;12:23:57.877;INFO;Server;Command: ExecRobotTask (UnlatchRobGov,500000);
07/08/20;12:23:57.877;INFO;Controller;Executing asynchronous activity: ExecRobotTask;
07/08/20;12:23:57.877;INFO;Controller;Status = Executing: UnlatchRobGov;
07/08/20;12:23:57.877;INFO;Controller;State = Running;
07/08/20;12:23:58.842;INFO;Robot Runtime;executing:    UnlatchRobGov;
07/08/20;12:23:59.365;INFO;Controller;Activity ExecRobotTask ended. Return value: Done;
07/08/20;12:23:59.365;INFO;Controller;State = Ready;
07/08/20;12:23:59.383;INFO;Server;Command: ExecRobotTask (Home,500000);
07/08/20;12:23:59.383;INFO;Controller;Executing asynchronous activity: ExecRobotTask;
07/08/20;12:23:59.383;INFO;Controller;Status = Executing: Home;
07/08/20;12:23:59.383;INFO;Controller;State = Running;
07/08/20;12:24:00.560;INFO;Robot Runtime;executing:    Home;
07/08/20;12:24:01.916;INFO;Controller;Activity ExecRobotTask ended. Return value: Done;
07/08/20;12:24:01.916;INFO;Controller;State = Ready;
07/08/20;12:24:01.956;INFO;Server;Command: ExecRobotTask (Finish,500000);
07/08/20;12:24:01.956;INFO;Controller;Executing asynchronous activity: ExecRobotTask;
07/08/20;12:24:01.956;INFO;Controller;Status = Executing: Finish;
07/08/20;12:24:01.956;INFO;Controller;State = Running;
07/08/20;12:24:02.846;INFO;Robot Runtime;executing:    Finish;
07/08/20;12:26:09.137;INFO;Controller;Activity ExecRobotTask ended. Return value: Done;
07/08/20;12:26:09.137;INFO;Controller;State = Ready;
07/08/20;12:26:09.672;INFO;Server;Command: ExecRobotTask (Initialize,500000);
07/08/20;12:26:09.672;INFO;Controller;Executing asynchronous activity: ExecRobotTask;
07/08/20;12:26:09.672;INFO;Controller;Status = Executing: Initialize;
07/08/20;12:26:09.672;INFO;Controller;State = Running;
07/08/20;12:26:10.626;INFO;Robot Runtime;executing:    Initialize;
07/08/20;12:26:12.051;INFO;Controller;Activity ExecRobotTask ended. Return value: Done;
07/08/20;12:26:12.051;INFO;Controller;State = Ready;
07/08/20;12:26:12.060;INFO;Server;Command: ExecRobotTask (UnlatchRobGov,500000);
07/08/20;12:26:12.060;INFO;Controller;Executing asynchronous activity: ExecRobotTask;
07/08/20;12:26:12.060;INFO;Controller;Status = Executing: UnlatchRobGov;
07/08/20;12:26:12.061;INFO;Controller;State = Running;
07/08/20;12:26:13.053;INFO;Robot Runtime;executing:    UnlatchRobGov;
07/08/20;12:26:13.540;INFO;Controller;Activity ExecRobotTask ended. Return value: Done;
07/08/20;12:26:13.540;INFO;Controller;State = Ready;
07/08/20;12:26:13.556;INFO;Server;Command: ExecRobotTask (Home,500000);
07/08/20;12:26:13.556;INFO;Controller;Executing asynchronous activity: ExecRobotTask;
07/08/20;12:26:13.556;INFO;Controller;Status = Executing: Home;
07/08/20;12:26:13.556;INFO;Controller;State = Running;
07/08/20;12:26:14.732;INFO;Robot Runtime;executing:    Home;
07/08/20;12:26:14.885;INFO;Controller;Activity ExecRobotTask ended. Return value: Done;
07/08/20;12:26:14.885;INFO;Controller;State = Ready;
07/08/20;12:26:14.901;INFO;Server;Command: ExecRobotTask (Finish,500000);
07/08/20;12:26:14.901;INFO;Controller;Executing asynchronous activity: ExecRobotTask;
07/08/20;12:26:14.901;INFO;Controller;Status = Executing: Finish;
07/08/20;12:26:14.901;INFO;Controller;State = Running;
07/08/20;12:26:15.867;INFO;Robot Runtime;executing:    Finish;
07/08/20;12:26:16.024;WARNING;Robot Runtime;AUTORECOVER=====> Found false kick. Resume Robot Power;
07/08/20;12:26:23.044;WARNING;Robot Runtime;AUTORECOVER=====> Failed to enable Robot Power;
07/08/20;12:26:23.088;INFO;Controller;Activity ExecRobotTask ended. Return value: ;
07/08/20;12:26:23.088;INFO;Controller;State = Ready;
07/08/20;12:26:23.619;INFO;Server;Command: ExecRobotTask (Initialize,500000);
07/08/20;12:26:23.620;INFO;Controller;Executing asynchronous activity: ExecRobotTask;
07/08/20;12:26:23.620;INFO;Controller;Status = Executing: Initialize;
07/08/20;12:26:23.620;INFO;Controller;State = Running;
07/08/20;12:26:24.507;INFO;Robot Runtime;executing:    Initialize;
07/08/20;12:26:25.549;INFO;Robot Runtime;Failed to turn on robot power;
07/08/20;12:26:25.876;INFO;Controller;Activity ExecRobotTask ended. Return value: ABORT: Failed to turn on robot power;
07/08/20;12:26:25.876;INFO;Controller;State = Ready;
07/08/20;12:27:23.097;INFO;Server;Command: ExecRobotTask (EnableTScreen,500000);
07/08/20;12:27:23.097;INFO;Controller;Executing asynchronous activity: ExecRobotTask;
07/08/20;12:27:23.097;INFO;Controller;Status = Executing: EnableTScreen;
07/08/20;12:27:23.097;INFO;Controller;State = Running;
07/08/20;12:27:23.962;INFO;Robot Runtime;executing:    EnableTScreen;
07/08/20;12:27:24.223;INFO;Controller;Activity ExecRobotTask ended. Return value: Done;
07/08/20;12:27:24.223;INFO;Controller;State = Ready;
07/08/20;14:12:36.112;INFO;Server;Command: ExecRobotTask (TurnOffAutoFill,500000);
07/08/20;14:12:36.112;INFO;Controller;Executing asynchronous activity: ExecRobotTask;
07/08/20;14:12:36.113;INFO;Controller;Status = Executing: TurnOffAutoFill;
07/08/20;14:12:36.113;INFO;Controller;State = Running;
07/08/20;14:12:37.068;INFO;Robot Runtime;executing:    TurnOffAutoFill;
07/08/20;14:12:37.617;INFO;Controller;Activity ExecRobotTask ended. Return value: Done;
07/08/20;14:12:37.618;INFO;Controller;State = Ready;
07/08/20;14:12:37.633;INFO;Server;Command: ExecRobotTask (EnableTScreen,500000);
07/08/20;14:12:37.633;INFO;Controller;Executing asynchronous activity: ExecRobotTask;
07/08/20;14:12:37.633;INFO;Controller;Status = Executing: EnableTScreen;
07/08/20;14:12:37.633;INFO;Controller;State = Running;
07/08/20;14:12:38.573;INFO;Robot Runtime;executing:    EnableTScreen;
07/08/20;14:12:38.841;INFO;Controller;Activity ExecRobotTask ended. Return value: Done;
07/08/20;14:12:38.841;INFO;Controller;State = Ready;
