20/02/20;15:49:03.214;INFO;Server;Command: ExecRobotTask (EnableTScreen,500000);
20/02/20;15:49:03.215;INFO;Controller;Executing asynchronous activity: ExecRobotTask;
20/02/20;15:49:03.216;INFO;Controller;Status = Executing: EnableTScreen;
20/02/20;15:49:03.216;INFO;Controller;State = Running;
20/02/20;15:49:04.091;INFO;Robot Runtime;executing:    EnableTScreen;
20/02/20;15:49:04.255;INFO;Controller;Activity ExecRobotTask ended. Return value: Done;
20/02/20;15:49:04.256;INFO;Controller;State = Ready;
20/02/20;15:57:56.211;INFO;Server;Command: ExecRobotTask (Initialize,500000);
20/02/20;15:57:56.212;INFO;Controller;Executing asynchronous activity: ExecRobotTask;
20/02/20;15:57:56.212;INFO;Controller;Status = Executing: Initialize;
20/02/20;15:57:56.213;INFO;Controller;State = Running;
20/02/20;15:57:57.044;INFO;Robot Runtime;executing:    Initialize;
20/02/20;15:57:58.288;INFO;Controller;Activity ExecRobotTask ended. Return value: Done;
20/02/20;15:57:58.288;INFO;Controller;State = Ready;
20/02/20;15:57:58.324;INFO;Server;Command: ExecRobotTask (CoolDown,500000);
20/02/20;15:57:58.324;INFO;Controller;Executing asynchronous activity: ExecRobotTask;
20/02/20;15:57:58.324;INFO;Controller;Status = Executing: CoolDown;
20/02/20;15:57:58.325;INFO;Controller;State = Running;
20/02/20;15:57:59.176;INFO;Robot Runtime;executing:    CoolDown;
20/02/20;15:59:14.641;INFO;Controller;Activity ExecRobotTask ended. Return value: Done;
20/02/20;15:59:14.642;INFO;Controller;State = Ready;
20/02/20;15:59:35.182;INFO;Server;Command: ExecRobotTask (Initialize,500000);
20/02/20;15:59:35.182;INFO;Controller;Executing asynchronous activity: ExecRobotTask;
20/02/20;15:59:35.182;INFO;Controller;Status = Executing: Initialize;
20/02/20;15:59:35.183;INFO;Controller;State = Running;
20/02/20;15:59:36.003;INFO;Robot Runtime;executing:    Initialize;
20/02/20;15:59:36.402;INFO;Controller;Activity ExecRobotTask ended. Return value: Done;
20/02/20;15:59:36.403;INFO;Controller;State = Ready;
20/02/20;15:59:36.639;INFO;Server;Command: ExecRobotTask (Load,500000);
20/02/20;15:59:36.639;INFO;Controller;Executing asynchronous activity: ExecRobotTask;
20/02/20;15:59:36.639;INFO;Controller;Status = Executing: Load;
20/02/20;15:59:36.639;INFO;Controller;State = Running;
20/02/20;15:59:37.497;INFO;Robot Runtime;executing:    Load;
20/02/20;15:59:46.762;INFO;Controller;Activity ExecRobotTask ended. Return value: Done False/True/False;
20/02/20;15:59:46.762;INFO;Controller;State = Ready;
20/02/20;15:59:46.776;INFO;Server;Command: ExecRobotTask (Mount,500000);
20/02/20;15:59:46.776;INFO;Controller;Executing asynchronous activity: ExecRobotTask;
20/02/20;15:59:46.776;INFO;Controller;Status = Executing: Mount;
20/02/20;15:59:46.777;INFO;Controller;State = Running;
20/02/20;15:59:47.635;INFO;Robot Runtime;executing:    Mount;
20/02/20;15:59:51.940;INFO;Controller;Activity ExecRobotTask ended. Return value: Done True/False/False;
20/02/20;15:59:51.940;INFO;Controller;State = Ready;
20/02/20;15:59:51.958;INFO;Server;Command: ExecRobotTask (Park,500000);
20/02/20;15:59:51.959;INFO;Controller;Executing asynchronous activity: ExecRobotTask;
20/02/20;15:59:51.959;INFO;Controller;Status = Executing: Park;
20/02/20;15:59:51.959;INFO;Controller;State = Running;
20/02/20;15:59:52.789;INFO;Robot Runtime;executing:    Park;
20/02/20;15:59:54.547;INFO;Controller;Activity ExecRobotTask ended. Return value: Done;
20/02/20;15:59:54.547;INFO;Controller;State = Ready;
20/02/20;15:59:54.559;INFO;Server;Command: ExecRobotTask (UnlatchRobGov,500000);
20/02/20;15:59:54.559;INFO;Controller;Executing asynchronous activity: ExecRobotTask;
20/02/20;15:59:54.559;INFO;Controller;Status = Executing: UnlatchRobGov;
20/02/20;15:59:54.559;INFO;Controller;State = Running;
20/02/20;15:59:55.666;INFO;Robot Runtime;executing:    UnlatchRobGov;
20/02/20;15:59:56.205;INFO;Controller;Activity ExecRobotTask ended. Return value: Done;
20/02/20;15:59:56.205;INFO;Controller;State = Ready;
20/02/20;16:07:31.973;INFO;Server;Command: ExecRobotTask (Unmount,500000);
20/02/20;16:07:31.974;INFO;Controller;Executing asynchronous activity: ExecRobotTask;
20/02/20;16:07:31.974;INFO;Controller;Status = Executing: Unmount;
20/02/20;16:07:31.975;INFO;Controller;State = Running;
20/02/20;16:07:32.950;INFO;Robot Runtime;executing:    Unmount;
20/02/20;16:07:40.336;INFO;Controller;Activity ExecRobotTask ended. Return value: Done False/True/False;
20/02/20;16:07:40.336;INFO;Controller;State = Ready;
20/02/20;16:07:40.350;INFO;Server;Command: ExecRobotTask (Unload,500000);
20/02/20;16:07:40.350;INFO;Controller;Executing asynchronous activity: ExecRobotTask;
20/02/20;16:07:40.350;INFO;Controller;Status = Executing: Unload;
20/02/20;16:07:40.351;INFO;Controller;State = Running;
20/02/20;16:07:41.218;INFO;Robot Runtime;executing:    Unload;
20/02/20;16:07:44.839;INFO;Controller;Activity ExecRobotTask ended. Return value: Done False/False/False;
20/02/20;16:07:44.839;INFO;Controller;State = Ready;
20/02/20;16:07:46.463;INFO;Server;Command: ExecRobotTask (Load,500000);
20/02/20;16:07:46.463;INFO;Controller;Executing asynchronous activity: ExecRobotTask;
20/02/20;16:07:46.463;INFO;Controller;Status = Executing: Load;
20/02/20;16:07:46.463;INFO;Controller;State = Running;
20/02/20;16:07:47.332;INFO;Robot Runtime;executing:    Load;
20/02/20;16:07:53.502;INFO;Controller;Activity ExecRobotTask ended. Return value: Done False/True/True;
20/02/20;16:07:53.502;INFO;Controller;State = Ready;
20/02/20;16:07:53.517;INFO;Server;Command: ExecRobotTask (Home,500000);
20/02/20;16:07:53.518;INFO;Controller;Executing asynchronous activity: ExecRobotTask;
20/02/20;16:07:53.518;INFO;Controller;Status = Executing: Home;
20/02/20;16:07:53.518;INFO;Controller;State = Running;
20/02/20;16:07:54.359;INFO;Robot Runtime;executing:    Home;
20/02/20;16:07:55.751;INFO;Controller;Activity ExecRobotTask ended. Return value: Done;
20/02/20;16:07:55.752;INFO;Controller;State = Ready;
20/02/20;16:07:55.764;INFO;Server;Command: ExecRobotTask (Unload,500000);
20/02/20;16:07:55.765;INFO;Controller;Executing asynchronous activity: ExecRobotTask;
20/02/20;16:07:55.765;INFO;Controller;Status = Executing: Unload;
20/02/20;16:07:55.765;INFO;Controller;State = Running;
20/02/20;16:07:56.593;INFO;Robot Runtime;executing:    Unload;
20/02/20;16:08:01.201;INFO;Controller;Activity ExecRobotTask ended. Return value: Done False/False/False;
20/02/20;16:08:01.201;INFO;Controller;State = Ready;
20/02/20;16:08:01.214;INFO;Server;Command: ExecRobotTask (Home,500000);
20/02/20;16:08:01.215;INFO;Controller;Executing asynchronous activity: ExecRobotTask;
20/02/20;16:08:01.215;INFO;Controller;Status = Executing: Home;
20/02/20;16:08:01.215;INFO;Controller;State = Running;
20/02/20;16:08:02.038;INFO;Robot Runtime;executing:    Home;
20/02/20;16:08:03.176;INFO;Controller;Activity ExecRobotTask ended. Return value: Done;
20/02/20;16:08:03.176;INFO;Controller;State = Ready;
20/02/20;16:08:03.189;INFO;Server;Command: ExecRobotTask (Park,500000);
20/02/20;16:08:03.190;INFO;Controller;Executing asynchronous activity: ExecRobotTask;
20/02/20;16:08:03.190;INFO;Controller;Status = Executing: Park;
20/02/20;16:08:03.190;INFO;Controller;State = Running;
20/02/20;16:08:04.018;INFO;Robot Runtime;executing:    Park;
20/02/20;16:08:06.846;INFO;Controller;Activity ExecRobotTask ended. Return value: Done;
20/02/20;16:08:06.846;INFO;Controller;State = Ready;
20/02/20;16:08:18.205;INFO;Server;Command: ExecRobotTask (Initialize,500000);
20/02/20;16:08:18.206;INFO;Controller;Executing asynchronous activity: ExecRobotTask;
20/02/20;16:08:18.206;INFO;Controller;Status = Executing: Initialize;
20/02/20;16:08:18.206;INFO;Controller;State = Running;
20/02/20;16:08:19.273;INFO;Robot Runtime;executing:    Initialize;
20/02/20;16:08:19.799;INFO;Controller;Activity ExecRobotTask ended. Return value: Done;
20/02/20;16:08:19.799;INFO;Controller;State = Ready;
20/02/20;16:08:20.017;INFO;Server;Command: ExecRobotTask (Load,500000);
20/02/20;16:08:20.017;INFO;Controller;Executing asynchronous activity: ExecRobotTask;
20/02/20;16:08:20.018;INFO;Controller;Status = Executing: Load;
20/02/20;16:08:20.018;INFO;Controller;State = Running;
20/02/20;16:08:20.874;INFO;Robot Runtime;executing:    Load;
20/02/20;16:08:29.921;INFO;Controller;Activity ExecRobotTask ended. Return value: Done False/True/False;
20/02/20;16:08:29.921;INFO;Controller;State = Ready;
20/02/20;16:08:29.940;INFO;Server;Command: ExecRobotTask (Mount,500000);
20/02/20;16:08:29.940;INFO;Controller;Executing asynchronous activity: ExecRobotTask;
20/02/20;16:08:29.940;INFO;Controller;Status = Executing: Mount;
20/02/20;16:08:29.940;INFO;Controller;State = Running;
20/02/20;16:08:30.919;INFO;Robot Runtime;executing:    Mount;
20/02/20;16:08:35.121;INFO;Controller;Activity ExecRobotTask ended. Return value: Done True/False/False;
20/02/20;16:08:35.121;INFO;Controller;State = Ready;
20/02/20;16:08:35.166;INFO;Server;Command: ExecRobotTask (Park,500000);
20/02/20;16:08:35.167;INFO;Controller;Executing asynchronous activity: ExecRobotTask;
20/02/20;16:08:35.167;INFO;Controller;Status = Executing: Park;
20/02/20;16:08:35.167;INFO;Controller;State = Running;
20/02/20;16:08:36.024;INFO;Robot Runtime;executing:    Park;
20/02/20;16:08:38.154;INFO;Controller;Activity ExecRobotTask ended. Return value: Done;
20/02/20;16:08:38.154;INFO;Controller;State = Ready;
20/02/20;16:08:38.195;INFO;Server;Command: ExecRobotTask (UnlatchRobGov,500000);
20/02/20;16:08:38.196;INFO;Controller;Executing asynchronous activity: ExecRobotTask;
20/02/20;16:08:38.196;INFO;Controller;Status = Executing: UnlatchRobGov;
20/02/20;16:08:38.196;INFO;Controller;State = Running;
20/02/20;16:08:39.079;INFO;Robot Runtime;executing:    UnlatchRobGov;
20/02/20;16:08:39.616;INFO;Controller;Activity ExecRobotTask ended. Return value: Done;
20/02/20;16:08:39.616;INFO;Controller;State = Ready;
20/02/20;16:51:44.176;INFO;Server;Command: ExecRobotTask (Unmount,500000);
20/02/20;16:51:44.177;INFO;Controller;Executing asynchronous activity: ExecRobotTask;
20/02/20;16:51:44.177;INFO;Controller;Status = Executing: Unmount;
20/02/20;16:51:44.177;INFO;Controller;State = Running;
20/02/20;16:51:45.016;INFO;Robot Runtime;executing:    Unmount;
20/02/20;16:51:53.769;INFO;Controller;Activity ExecRobotTask ended. Return value: Done False/True/False;
20/02/20;16:51:53.769;INFO;Controller;State = Ready;
20/02/20;16:51:53.790;INFO;Server;Command: ExecRobotTask (Unload,500000);
20/02/20;16:51:53.790;INFO;Controller;Executing asynchronous activity: ExecRobotTask;
20/02/20;16:51:53.791;INFO;Controller;Status = Executing: Unload;
20/02/20;16:51:53.791;INFO;Controller;State = Running;
20/02/20;16:51:54.623;INFO;Robot Runtime;executing:    Unload;
20/02/20;16:51:58.263;INFO;Controller;Activity ExecRobotTask ended. Return value: Done False/False/False;
20/02/20;16:51:58.263;INFO;Controller;State = Ready;
20/02/20;16:52:00.226;INFO;Server;Command: ExecRobotTask (Load,500000);
20/02/20;16:52:00.226;INFO;Controller;Executing asynchronous activity: ExecRobotTask;
20/02/20;16:52:00.226;INFO;Controller;Status = Executing: Load;
20/02/20;16:52:00.226;INFO;Controller;State = Running;
20/02/20;16:52:01.097;INFO;Robot Runtime;executing:    Load;
20/02/20;16:52:06.996;INFO;Controller;Activity ExecRobotTask ended. Return value: Done False/True/False;
20/02/20;16:52:06.997;INFO;Controller;State = Ready;
20/02/20;16:52:07.017;INFO;Server;Command: ExecRobotTask (Mount,500000);
20/02/20;16:52:07.017;INFO;Controller;Executing asynchronous activity: ExecRobotTask;
20/02/20;16:52:07.018;INFO;Controller;Status = Executing: Mount;
20/02/20;16:52:07.018;INFO;Controller;State = Running;
20/02/20;16:52:07.853;INFO;Robot Runtime;executing:    Mount;
20/02/20;16:52:12.070;INFO;Controller;Activity ExecRobotTask ended. Return value: Done True/False/False;
20/02/20;16:52:12.070;INFO;Controller;State = Ready;
20/02/20;16:52:12.088;INFO;Server;Command: ExecRobotTask (Park,500000);
20/02/20;16:52:12.088;INFO;Controller;Executing asynchronous activity: ExecRobotTask;
20/02/20;16:52:12.089;INFO;Controller;Status = Executing: Park;
20/02/20;16:52:12.089;INFO;Controller;State = Running;
20/02/20;16:52:13.128;INFO;Robot Runtime;executing:    Park;
20/02/20;16:52:15.131;INFO;Controller;Activity ExecRobotTask ended. Return value: Done;
20/02/20;16:52:15.132;INFO;Controller;State = Ready;
20/02/20;16:52:15.148;INFO;Server;Command: ExecRobotTask (UnlatchRobGov,500000);
20/02/20;16:52:15.148;INFO;Controller;Executing asynchronous activity: ExecRobotTask;
20/02/20;16:52:15.148;INFO;Controller;Status = Executing: UnlatchRobGov;
20/02/20;16:52:15.148;INFO;Controller;State = Running;
20/02/20;16:52:15.978;INFO;Robot Runtime;executing:    UnlatchRobGov;
20/02/20;16:52:16.327;INFO;Controller;Activity ExecRobotTask ended. Return value: Done;
20/02/20;16:52:16.327;INFO;Controller;State = Ready;
20/02/20;17:06:35.888;INFO;Server;Command: ExecRobotTask (Unmount,500000);
20/02/20;17:06:35.889;INFO;Controller;Executing asynchronous activity: ExecRobotTask;
20/02/20;17:06:35.889;INFO;Controller;Status = Executing: Unmount;
20/02/20;17:06:35.889;INFO;Controller;State = Running;
20/02/20;17:06:36.798;INFO;Robot Runtime;executing:    Unmount;
20/02/20;17:06:43.675;INFO;Controller;Activity ExecRobotTask ended. Return value: Done False/True/False;
20/02/20;17:06:43.675;INFO;Controller;State = Ready;
20/02/20;17:06:43.694;INFO;Server;Command: ExecRobotTask (Unload,500000);
20/02/20;17:06:43.694;INFO;Controller;Executing asynchronous activity: ExecRobotTask;
20/02/20;17:06:43.694;INFO;Controller;Status = Executing: Unload;
20/02/20;17:06:43.694;INFO;Controller;State = Running;
20/02/20;17:06:44.531;INFO;Robot Runtime;executing:    Unload;
20/02/20;17:06:48.505;INFO;Controller;Activity ExecRobotTask ended. Return value: Done False/False/False;
20/02/20;17:06:48.506;INFO;Controller;State = Ready;
20/02/20;17:06:50.133;INFO;Server;Command: ExecRobotTask (Load,500000);
20/02/20;17:06:50.133;INFO;Controller;Executing asynchronous activity: ExecRobotTask;
20/02/20;17:06:50.133;INFO;Controller;Status = Executing: Load;
20/02/20;17:06:50.133;INFO;Controller;State = Running;
20/02/20;17:06:50.970;INFO;Robot Runtime;executing:    Load;
20/02/20;17:06:57.240;INFO;Controller;Activity ExecRobotTask ended. Return value: Done False/True/False;
20/02/20;17:06:57.241;INFO;Controller;State = Ready;
20/02/20;17:06:57.257;INFO;Server;Command: ExecRobotTask (Mount,500000);
20/02/20;17:06:57.257;INFO;Controller;Executing asynchronous activity: ExecRobotTask;
20/02/20;17:06:57.257;INFO;Controller;Status = Executing: Mount;
20/02/20;17:06:57.257;INFO;Controller;State = Running;
20/02/20;17:06:58.180;INFO;Robot Runtime;executing:    Mount;
20/02/20;17:07:02.416;INFO;Controller;Activity ExecRobotTask ended. Return value: Done True/False/False;
20/02/20;17:07:02.416;INFO;Controller;State = Ready;
20/02/20;17:07:02.453;INFO;Server;Command: ExecRobotTask (Park,500000);
20/02/20;17:07:02.454;INFO;Controller;Executing asynchronous activity: ExecRobotTask;
20/02/20;17:07:02.454;INFO;Controller;Status = Executing: Park;
20/02/20;17:07:02.454;INFO;Controller;State = Running;
20/02/20;17:07:03.287;INFO;Robot Runtime;executing:    Park;
20/02/20;17:07:05.024;INFO;Controller;Activity ExecRobotTask ended. Return value: Done;
20/02/20;17:07:05.024;INFO;Controller;State = Ready;
20/02/20;17:07:05.043;INFO;Server;Command: ExecRobotTask (UnlatchRobGov,500000);
20/02/20;17:07:05.044;INFO;Controller;Executing asynchronous activity: ExecRobotTask;
20/02/20;17:07:05.044;INFO;Controller;Status = Executing: UnlatchRobGov;
20/02/20;17:07:05.044;INFO;Controller;State = Running;
20/02/20;17:07:05.922;INFO;Robot Runtime;executing:    UnlatchRobGov;
20/02/20;17:07:06.396;INFO;Controller;Activity ExecRobotTask ended. Return value: Done;
20/02/20;17:07:06.396;INFO;Controller;State = Ready;
20/02/20;19:17:37.193;INFO;Server;Command: ExecRobotTask (Unmount,500000);
20/02/20;19:17:37.193;INFO;Controller;Executing asynchronous activity: ExecRobotTask;
20/02/20;19:17:37.193;INFO;Controller;Status = Executing: Unmount;
20/02/20;19:17:37.193;INFO;Controller;State = Running;
20/02/20;19:17:38.059;INFO;Robot Runtime;executing:    Unmount;
20/02/20;19:17:45.263;INFO;Controller;Activity ExecRobotTask ended. Return value: Done False/True/False;
20/02/20;19:17:45.263;INFO;Controller;State = Ready;
20/02/20;19:17:45.303;INFO;Server;Command: ExecRobotTask (Unload,500000);
20/02/20;19:17:45.303;INFO;Controller;Executing asynchronous activity: ExecRobotTask;
20/02/20;19:17:45.304;INFO;Controller;Status = Executing: Unload;
20/02/20;19:17:45.304;INFO;Controller;State = Running;
20/02/20;19:17:46.139;INFO;Robot Runtime;executing:    Unload;
20/02/20;19:17:49.771;INFO;Controller;Activity ExecRobotTask ended. Return value: Done False/False/False;
20/02/20;19:17:49.771;INFO;Controller;State = Ready;
20/02/20;19:17:49.879;INFO;Server;Command: ExecRobotTask (UnlatchRobGov,500000);
20/02/20;19:17:49.879;INFO;Controller;Executing asynchronous activity: ExecRobotTask;
20/02/20;19:17:49.879;INFO;Controller;Status = Executing: UnlatchRobGov;
20/02/20;19:17:49.880;INFO;Controller;State = Running;
20/02/20;19:17:50.708;INFO;Robot Runtime;executing:    UnlatchRobGov;
20/02/20;19:17:51.133;INFO;Controller;Activity ExecRobotTask ended. Return value: Done;
20/02/20;19:17:51.133;INFO;Controller;State = Ready;
20/02/20;19:17:51.150;INFO;Server;Command: ExecRobotTask (Home,500000);
20/02/20;19:17:51.150;INFO;Controller;Executing asynchronous activity: ExecRobotTask;
20/02/20;19:17:51.151;INFO;Controller;Status = Executing: Home;
20/02/20;19:17:51.151;INFO;Controller;State = Running;
20/02/20;19:17:51.992;INFO;Robot Runtime;executing:    Home;
20/02/20;19:17:53.118;INFO;Controller;Activity ExecRobotTask ended. Return value: Done;
20/02/20;19:17:53.119;INFO;Controller;State = Ready;
20/02/20;19:17:53.131;INFO;Server;Command: ExecRobotTask (Finish,500000);
20/02/20;19:17:53.131;INFO;Controller;Executing asynchronous activity: ExecRobotTask;
20/02/20;19:17:53.131;INFO;Controller;Status = Executing: Finish;
20/02/20;19:17:53.131;INFO;Controller;State = Running;
20/02/20;19:17:54.206;INFO;Robot Runtime;executing:    Finish;
20/02/20;19:21:08.474;INFO;Controller;Activity ExecRobotTask ended. Return value: Done;
20/02/20;19:21:08.474;INFO;Controller;State = Ready;
