13/08/20;16:13:27.720;INFO;Interface;Command: Abort;
13/08/20;16:13:27.720;INFO;Robot;Abort;
13/08/20;16:13:29.399;INFO;Interface;Command: Restart;
13/08/20;16:13:29.399;INFO;Controller;State = Initializing;
13/08/20;16:13:29.462;INFO;Controller;Initialized log services - Startup: 27/07/20 09:12:03;
13/08/20;16:13:30.471;INFO;Epics Server;Exiting running thread;
13/08/20;16:13:30.474;INFO;Epics Server;Registered PV: SW:Version;
13/08/20;16:13:30.474;INFO;Epics Server;Registered PV: SW:Status;
13/08/20;16:13:30.474;INFO;Epics Server;Registered PV: SW:Uptime;
13/08/20;16:13:30.474;INFO;Epics Server;Registered PV: SW:LastTaskInfo;
13/08/20;16:13:30.474;INFO;Epics Server;Registered PV: SW:AlarmList;
13/08/20;16:13:30.474;INFO;Epics Server;Registered PV: SW:LocalGuiLockOut;
13/08/20;16:13:30.474;INFO;Epics Server;Registered PV: SW:RobotSpeed;
13/08/20;16:13:30.474;INFO;Epics Server;Registered PV: SW:LastTaskException;
13/08/20;16:13:30.474;INFO;Epics Server;Registered PV: SW:LastTaskOutput;
13/08/20;16:13:30.474;INFO;Epics Server;Registered PV: SW:RobotState;
13/08/20;16:13:30.474;INFO;Epics Server;Registered PV: SW:CartesianPositions;
13/08/20;16:13:30.474;INFO;Epics Server;Registered PV: SW:JointPositions;
13/08/20;16:13:30.474;INFO;Epics Server;Registered PV: SW:State;
13/08/20;16:13:30.474;INFO;Epics Server;Registered PV: SW:abort;
13/08/20;16:13:30.474;INFO;Epics Server;Registered PV: SW:restart;
13/08/20;16:13:30.474;INFO;Epics Server;Registered PV: SW:getTaskInfo;
13/08/20;16:13:30.474;INFO;Epics Server;Registered PV: SW:isTaskRunning;
13/08/20;16:13:30.474;INFO;Epics Server;Registered PV: SW:checkTaskResult;
13/08/20;16:13:30.474;INFO;Epics Server;Registered PV: SW:startTestTask;
13/08/20;16:13:30.475;INFO;Epics Server;Registered PV: SW:pauseRobot;
13/08/20;16:13:30.475;INFO;Epics Server;Registered PV: SW:resumeRobot;
13/08/20;16:13:30.475;INFO;Epics Server;Registered PV: SW:setRobotVariable;
13/08/20;16:13:30.475;INFO;Epics Server;Registered PV: SW:isSampleMounted;
13/08/20;16:13:30.475;INFO;Epics Server;Registered PV: SW:startRobotTask;
13/08/20;16:13:30.475;INFO;Epics Server;Registered PV: SW:getRobotVariable;
13/08/20;16:13:30.475;INFO;Epics Server;Registered PV: SW:getDistance;
13/08/20;16:13:30.475;INFO;Epics Server;Initializing: Channel Access Server in Java v1.1.1;
13/08/20;16:13:30.475;INFO;Epics Server;Started server: ready to accept requests;
13/08/20;16:13:31.065;INFO;Controller;Initializing Robot;
13/08/20;16:13:31.067;INFO;Robot;Setting reference frame to: world;
13/08/20;16:13:31.177;INFO;Controller;Initializing Bus Controller;
13/08/20;16:13:31.178;INFO;Anti-Collision;Active = true;
13/08/20;16:13:31.178;INFO;Controller;State = Starting;
13/08/20;16:13:31.179;INFO;Controller;Command: Reset;
13/08/20;16:13:31.179;INFO;Controller;Executing asynchronous script: ./script/Reset.py;
13/08/20;16:13:31.179;INFO;Controller;Status = Reseting;
13/08/20;16:13:31.179;INFO;Controller;State = Running;
13/08/20;16:13:31.336;INFO;Controller;Script host: localhost:37049;
13/08/20;16:13:31.336;INFO;Script;Starting initialization script;
13/08/20;16:13:31.338;INFO;Script;Do nothing;
13/08/20;16:13:31.338;INFO;Controller;Script ./script/Reset.py ended. Return value: ;
13/08/20;16:13:31.338;INFO;Controller;State = Ready;
13/08/20;16:14:05.488;INFO;Interface;Command: ExecRobotTask (Mount,-1);
13/08/20;16:14:05.488;INFO;Controller;Executing asynchronous activity: ExecRobotTask;
13/08/20;16:14:05.488;INFO;Controller;Status = Executing: Mount;
13/08/20;16:14:05.488;INFO;Controller;State = Running;
13/08/20;16:14:06.422;INFO;Robot Runtime;executing:    Mount;
13/08/20;16:14:15.711;INFO;Interface;Command: Abort;
13/08/20;16:14:15.712;INFO;Robot;Abort;
13/08/20;16:14:15.712;INFO;Controller;Activity ExecRobotTask was stopped;
13/08/20;16:14:15.712;INFO;Controller;State = Ready;
13/08/20;16:14:17.264;INFO;Interface;Command: Restart;
13/08/20;16:14:17.264;INFO;Controller;State = Initializing;
13/08/20;16:14:17.334;INFO;Controller;Initialized log services - Startup: 27/07/20 09:12:03;
13/08/20;16:14:18.342;INFO;Epics Server;Exiting running thread;
13/08/20;16:14:18.345;INFO;Epics Server;Registered PV: SW:Version;
13/08/20;16:14:18.346;INFO;Epics Server;Registered PV: SW:Status;
13/08/20;16:14:18.346;INFO;Epics Server;Registered PV: SW:Uptime;
13/08/20;16:14:18.346;INFO;Epics Server;Registered PV: SW:LastTaskInfo;
13/08/20;16:14:18.346;INFO;Epics Server;Registered PV: SW:AlarmList;
13/08/20;16:14:18.346;INFO;Epics Server;Registered PV: SW:LocalGuiLockOut;
13/08/20;16:14:18.346;INFO;Epics Server;Registered PV: SW:RobotSpeed;
13/08/20;16:14:18.346;INFO;Epics Server;Registered PV: SW:LastTaskException;
13/08/20;16:14:18.346;INFO;Epics Server;Registered PV: SW:LastTaskOutput;
13/08/20;16:14:18.346;INFO;Epics Server;Registered PV: SW:RobotState;
13/08/20;16:14:18.346;INFO;Epics Server;Registered PV: SW:CartesianPositions;
13/08/20;16:14:18.346;INFO;Epics Server;Registered PV: SW:JointPositions;
13/08/20;16:14:18.346;INFO;Epics Server;Registered PV: SW:State;
13/08/20;16:14:18.346;INFO;Epics Server;Registered PV: SW:abort;
13/08/20;16:14:18.346;INFO;Epics Server;Registered PV: SW:restart;
13/08/20;16:14:18.346;INFO;Epics Server;Registered PV: SW:getTaskInfo;
13/08/20;16:14:18.346;INFO;Epics Server;Registered PV: SW:isTaskRunning;
13/08/20;16:14:18.346;INFO;Epics Server;Registered PV: SW:checkTaskResult;
13/08/20;16:14:18.346;INFO;Epics Server;Registered PV: SW:startTestTask;
13/08/20;16:14:18.346;INFO;Epics Server;Registered PV: SW:pauseRobot;
13/08/20;16:14:18.346;INFO;Epics Server;Registered PV: SW:resumeRobot;
13/08/20;16:14:18.347;INFO;Epics Server;Registered PV: SW:setRobotVariable;
13/08/20;16:14:18.347;INFO;Epics Server;Registered PV: SW:isSampleMounted;
13/08/20;16:14:18.347;INFO;Epics Server;Registered PV: SW:startRobotTask;
13/08/20;16:14:18.347;INFO;Epics Server;Registered PV: SW:getRobotVariable;
13/08/20;16:14:18.347;INFO;Epics Server;Registered PV: SW:getDistance;
13/08/20;16:14:18.347;INFO;Epics Server;Initializing: Channel Access Server in Java v1.1.1;
13/08/20;16:14:18.347;INFO;Epics Server;Started server: ready to accept requests;
13/08/20;16:14:18.943;INFO;Controller;Initializing Robot;
13/08/20;16:14:18.945;INFO;Robot;Setting reference frame to: world;
13/08/20;16:14:19.056;INFO;Controller;Initializing Bus Controller;
13/08/20;16:14:19.056;INFO;Anti-Collision;Active = true;
13/08/20;16:14:19.056;INFO;Controller;State = Starting;
13/08/20;16:14:19.057;INFO;Controller;Command: Reset;
13/08/20;16:14:19.057;INFO;Controller;Executing asynchronous script: ./script/Reset.py;
13/08/20;16:14:19.057;INFO;Controller;Status = Reseting;
13/08/20;16:14:19.057;INFO;Controller;State = Running;
13/08/20;16:14:19.223;INFO;Controller;Script host: localhost:58188;
13/08/20;16:14:19.223;INFO;Script;Starting initialization script;
13/08/20;16:14:19.225;INFO;Script;Do nothing;
13/08/20;16:14:19.226;INFO;Controller;Script ./script/Reset.py ended. Return value: ;
13/08/20;16:14:19.226;INFO;Controller;State = Ready;
13/08/20;16:14:29.414;INFO;Interface;Command: ExecRobotTask (initialize,-1);
13/08/20;16:14:29.414;INFO;Controller;Executing asynchronous activity: ExecRobotTask;
13/08/20;16:14:29.414;INFO;Controller;Status = Executing: initialize;
13/08/20;16:14:29.414;INFO;Controller;State = Running;
13/08/20;16:14:30.321;INFO;Robot Runtime;executing:    initialize;
13/08/20;16:14:30.365;INFO;Robot Runtime;Robot power is on manual;
13/08/20;16:14:30.481;INFO;Controller;Activity ExecRobotTask ended. Return value: ABORT: Robot power is on manual;
13/08/20;16:14:30.481;INFO;Controller;State = Ready;
13/08/20;16:16:29.149;INFO;Interface;Command: ExecRobotTask (Mount,-1);
13/08/20;16:16:29.149;INFO;Controller;Executing asynchronous activity: ExecRobotTask;
13/08/20;16:16:29.149;INFO;Controller;Status = Executing: Mount;
13/08/20;16:16:29.149;INFO;Controller;State = Running;
13/08/20;16:16:30.056;INFO;Robot Runtime;executing:    Mount;
13/08/20;16:18:30.788;INFO;Interface;Command: Abort;
13/08/20;16:18:30.788;INFO;Robot;Abort;
13/08/20;16:18:30.788;INFO;Controller;Activity ExecRobotTask was stopped;
13/08/20;16:18:30.788;INFO;Controller;State = Ready;
13/08/20;16:18:33.691;INFO;Interface;Command: Restart;
13/08/20;16:18:33.692;INFO;Controller;State = Initializing;
13/08/20;16:18:33.750;INFO;Controller;Initialized log services - Startup: 27/07/20 09:12:03;
13/08/20;16:18:34.757;INFO;Epics Server;Exiting running thread;
13/08/20;16:18:34.759;INFO;Epics Server;Registered PV: SW:Version;
13/08/20;16:18:34.759;INFO;Epics Server;Registered PV: SW:Status;
13/08/20;16:18:34.759;INFO;Epics Server;Registered PV: SW:Uptime;
13/08/20;16:18:34.760;INFO;Epics Server;Registered PV: SW:LastTaskInfo;
13/08/20;16:18:34.760;INFO;Epics Server;Registered PV: SW:AlarmList;
13/08/20;16:18:34.760;INFO;Epics Server;Registered PV: SW:LocalGuiLockOut;
13/08/20;16:18:34.760;INFO;Epics Server;Registered PV: SW:RobotSpeed;
13/08/20;16:18:34.760;INFO;Epics Server;Registered PV: SW:LastTaskException;
13/08/20;16:18:34.760;INFO;Epics Server;Registered PV: SW:LastTaskOutput;
13/08/20;16:18:34.760;INFO;Epics Server;Registered PV: SW:RobotState;
13/08/20;16:18:34.760;INFO;Epics Server;Registered PV: SW:CartesianPositions;
13/08/20;16:18:34.760;INFO;Epics Server;Registered PV: SW:JointPositions;
13/08/20;16:18:34.760;INFO;Epics Server;Registered PV: SW:State;
13/08/20;16:18:34.760;INFO;Epics Server;Registered PV: SW:abort;
13/08/20;16:18:34.760;INFO;Epics Server;Registered PV: SW:restart;
13/08/20;16:18:34.760;INFO;Epics Server;Registered PV: SW:getTaskInfo;
13/08/20;16:18:34.760;INFO;Epics Server;Registered PV: SW:isTaskRunning;
13/08/20;16:18:34.760;INFO;Epics Server;Registered PV: SW:checkTaskResult;
13/08/20;16:18:34.760;INFO;Epics Server;Registered PV: SW:startTestTask;
13/08/20;16:18:34.760;INFO;Epics Server;Registered PV: SW:pauseRobot;
13/08/20;16:18:34.760;INFO;Epics Server;Registered PV: SW:resumeRobot;
13/08/20;16:18:34.760;INFO;Epics Server;Registered PV: SW:setRobotVariable;
13/08/20;16:18:34.760;INFO;Epics Server;Registered PV: SW:isSampleMounted;
13/08/20;16:18:34.760;INFO;Epics Server;Registered PV: SW:startRobotTask;
13/08/20;16:18:34.760;INFO;Epics Server;Registered PV: SW:getRobotVariable;
13/08/20;16:18:34.761;INFO;Epics Server;Registered PV: SW:getDistance;
13/08/20;16:18:34.761;INFO;Epics Server;Initializing: Channel Access Server in Java v1.1.1;
13/08/20;16:18:34.761;INFO;Epics Server;Started server: ready to accept requests;
13/08/20;16:18:35.398;INFO;Controller;Initializing Robot;
13/08/20;16:18:35.401;INFO;Robot;Setting reference frame to: world;
13/08/20;16:18:35.512;INFO;Controller;Initializing Bus Controller;
13/08/20;16:18:35.513;INFO;Anti-Collision;Active = true;
13/08/20;16:18:35.513;INFO;Controller;State = Starting;
13/08/20;16:18:35.513;INFO;Controller;Command: Reset;
13/08/20;16:18:35.514;INFO;Controller;Executing asynchronous script: ./script/Reset.py;
13/08/20;16:18:35.514;INFO;Controller;Status = Reseting;
13/08/20;16:18:35.514;INFO;Controller;State = Running;
13/08/20;16:18:35.671;INFO;Controller;Script host: localhost:50598;
13/08/20;16:18:35.671;INFO;Script;Starting initialization script;
13/08/20;16:18:35.673;INFO;Script;Do nothing;
13/08/20;16:18:35.673;INFO;Controller;Script ./script/Reset.py ended. Return value: ;
13/08/20;16:18:35.673;INFO;Controller;State = Ready;
13/08/20;16:18:48.355;INFO;Interface;Command: ExecRobotTask (initialize,-1);
13/08/20;16:18:48.356;INFO;Controller;Executing asynchronous activity: ExecRobotTask;
13/08/20;16:18:48.356;INFO;Controller;Status = Executing: initialize;
13/08/20;16:18:48.356;INFO;Controller;State = Running;
13/08/20;16:18:49.247;INFO;Robot Runtime;executing:    initialize;
13/08/20;16:18:49.293;INFO;Robot Runtime;Robot power is on manual;
13/08/20;16:18:49.401;INFO;Controller;Activity ExecRobotTask ended. Return value: ABORT: Robot power is on manual;
13/08/20;16:18:49.402;INFO;Controller;State = Ready;
13/08/20;16:23:41.959;INFO;Interface;Command: ExecRobotTask (Mount,-1);
13/08/20;16:23:41.959;INFO;Controller;Executing asynchronous activity: ExecRobotTask;
13/08/20;16:23:41.960;INFO;Controller;Status = Executing: Mount;
13/08/20;16:23:41.960;INFO;Controller;State = Running;
13/08/20;16:23:42.877;INFO;Robot Runtime;executing:    Mount;
13/08/20;16:24:24.567;INFO;Interface;Command: Abort;
13/08/20;16:24:24.568;INFO;Robot;Abort;
13/08/20;16:24:24.568;INFO;Controller;Activity ExecRobotTask was stopped;
13/08/20;16:24:24.568;INFO;Controller;State = Ready;
13/08/20;16:24:25.984;INFO;Interface;Command: Restart;
13/08/20;16:24:25.984;INFO;Controller;State = Initializing;
13/08/20;16:24:26.051;INFO;Controller;Initialized log services - Startup: 27/07/20 09:12:03;
13/08/20;16:24:27.058;INFO;Epics Server;Exiting running thread;
13/08/20;16:24:27.061;INFO;Epics Server;Registered PV: SW:Version;
13/08/20;16:24:27.061;INFO;Epics Server;Registered PV: SW:Status;
13/08/20;16:24:27.061;INFO;Epics Server;Registered PV: SW:Uptime;
13/08/20;16:24:27.061;INFO;Epics Server;Registered PV: SW:LastTaskInfo;
13/08/20;16:24:27.061;INFO;Epics Server;Registered PV: SW:AlarmList;
13/08/20;16:24:27.061;INFO;Epics Server;Registered PV: SW:LocalGuiLockOut;
13/08/20;16:24:27.061;INFO;Epics Server;Registered PV: SW:RobotSpeed;
13/08/20;16:24:27.061;INFO;Epics Server;Registered PV: SW:LastTaskException;
13/08/20;16:24:27.061;INFO;Epics Server;Registered PV: SW:LastTaskOutput;
13/08/20;16:24:27.061;INFO;Epics Server;Registered PV: SW:RobotState;
13/08/20;16:24:27.061;INFO;Epics Server;Registered PV: SW:CartesianPositions;
13/08/20;16:24:27.061;INFO;Epics Server;Registered PV: SW:JointPositions;
13/08/20;16:24:27.061;INFO;Epics Server;Registered PV: SW:State;
13/08/20;16:24:27.061;INFO;Epics Server;Registered PV: SW:abort;
13/08/20;16:24:27.061;INFO;Epics Server;Registered PV: SW:restart;
13/08/20;16:24:27.061;INFO;Epics Server;Registered PV: SW:getTaskInfo;
13/08/20;16:24:27.061;INFO;Epics Server;Registered PV: SW:isTaskRunning;
13/08/20;16:24:27.061;INFO;Epics Server;Registered PV: SW:checkTaskResult;
13/08/20;16:24:27.062;INFO;Epics Server;Registered PV: SW:startTestTask;
13/08/20;16:24:27.062;INFO;Epics Server;Registered PV: SW:pauseRobot;
13/08/20;16:24:27.062;INFO;Epics Server;Registered PV: SW:resumeRobot;
13/08/20;16:24:27.062;INFO;Epics Server;Registered PV: SW:setRobotVariable;
13/08/20;16:24:27.062;INFO;Epics Server;Registered PV: SW:isSampleMounted;
13/08/20;16:24:27.062;INFO;Epics Server;Registered PV: SW:startRobotTask;
13/08/20;16:24:27.062;INFO;Epics Server;Registered PV: SW:getRobotVariable;
13/08/20;16:24:27.062;INFO;Epics Server;Registered PV: SW:getDistance;
13/08/20;16:24:27.062;INFO;Epics Server;Initializing: Channel Access Server in Java v1.1.1;
13/08/20;16:24:27.062;INFO;Epics Server;Started server: ready to accept requests;
13/08/20;16:24:27.784;INFO;Controller;Initializing Robot;
13/08/20;16:24:27.787;INFO;Robot;Setting reference frame to: world;
13/08/20;16:24:27.898;INFO;Controller;Initializing Bus Controller;
13/08/20;16:24:27.898;INFO;Anti-Collision;Active = true;
13/08/20;16:24:27.898;INFO;Controller;State = Starting;
13/08/20;16:24:27.899;INFO;Controller;Command: Reset;
13/08/20;16:24:27.899;INFO;Controller;Executing asynchronous script: ./script/Reset.py;
13/08/20;16:24:27.899;INFO;Controller;Status = Reseting;
13/08/20;16:24:27.899;INFO;Controller;State = Running;
13/08/20;16:24:28.057;INFO;Controller;Script host: localhost:40222;
13/08/20;16:24:28.058;INFO;Script;Starting initialization script;
13/08/20;16:24:28.059;INFO;Script;Do nothing;
13/08/20;16:24:28.060;INFO;Controller;Script ./script/Reset.py ended. Return value: ;
13/08/20;16:24:28.060;INFO;Controller;State = Ready;
13/08/20;16:24:37.368;INFO;Interface;Command: ExecRobotTask (initialize,-1);
13/08/20;16:24:37.368;INFO;Controller;Executing asynchronous activity: ExecRobotTask;
13/08/20;16:24:37.368;INFO;Controller;Status = Executing: initialize;
13/08/20;16:24:37.368;INFO;Controller;State = Running;
13/08/20;16:24:38.206;INFO;Robot Runtime;executing:    initialize;
13/08/20;16:24:39.544;INFO;Controller;Activity ExecRobotTask ended. Return value: Done;
13/08/20;16:24:39.544;INFO;Controller;State = Ready;
13/08/20;16:25:14.577;INFO;Interface;Command: ExecRobotTask (Mount,-1);
13/08/20;16:25:14.577;INFO;Controller;Executing asynchronous activity: ExecRobotTask;
13/08/20;16:25:14.577;INFO;Controller;Status = Executing: Mount;
13/08/20;16:25:14.577;INFO;Controller;State = Running;
13/08/20;16:25:15.435;INFO;Robot Runtime;executing:    Mount;
13/08/20;16:25:51.608;INFO;Controller;Activity ExecRobotTask ended. Return value: Done True/False/False;
13/08/20;16:25:51.608;INFO;Controller;State = Ready;
13/08/20;16:37:53.181;INFO;Interface;Command: Abort;
13/08/20;16:37:53.181;INFO;Robot;Abort;
13/08/20;16:37:55.250;INFO;Interface;Command: Restart;
13/08/20;16:37:55.250;INFO;Controller;State = Initializing;
13/08/20;16:37:55.318;INFO;Controller;Initialized log services - Startup: 27/07/20 09:12:03;
13/08/20;16:37:56.324;INFO;Epics Server;Exiting running thread;
13/08/20;16:37:56.326;INFO;Epics Server;Registered PV: SW:Version;
13/08/20;16:37:56.326;INFO;Epics Server;Registered PV: SW:Status;
13/08/20;16:37:56.326;INFO;Epics Server;Registered PV: SW:Uptime;
13/08/20;16:37:56.326;INFO;Epics Server;Registered PV: SW:LastTaskInfo;
13/08/20;16:37:56.326;INFO;Epics Server;Registered PV: SW:AlarmList;
13/08/20;16:37:56.326;INFO;Epics Server;Registered PV: SW:LocalGuiLockOut;
13/08/20;16:37:56.327;INFO;Epics Server;Registered PV: SW:RobotSpeed;
13/08/20;16:37:56.327;INFO;Epics Server;Registered PV: SW:LastTaskException;
13/08/20;16:37:56.327;INFO;Epics Server;Registered PV: SW:LastTaskOutput;
13/08/20;16:37:56.327;INFO;Epics Server;Registered PV: SW:RobotState;
13/08/20;16:37:56.327;INFO;Epics Server;Registered PV: SW:CartesianPositions;
13/08/20;16:37:56.327;INFO;Epics Server;Registered PV: SW:JointPositions;
13/08/20;16:37:56.327;INFO;Epics Server;Registered PV: SW:State;
13/08/20;16:37:56.327;INFO;Epics Server;Registered PV: SW:abort;
13/08/20;16:37:56.327;INFO;Epics Server;Registered PV: SW:restart;
13/08/20;16:37:56.327;INFO;Epics Server;Registered PV: SW:getTaskInfo;
13/08/20;16:37:56.327;INFO;Epics Server;Registered PV: SW:isTaskRunning;
13/08/20;16:37:56.327;INFO;Epics Server;Registered PV: SW:checkTaskResult;
13/08/20;16:37:56.327;INFO;Epics Server;Registered PV: SW:startTestTask;
13/08/20;16:37:56.327;INFO;Epics Server;Registered PV: SW:pauseRobot;
13/08/20;16:37:56.327;INFO;Epics Server;Registered PV: SW:resumeRobot;
13/08/20;16:37:56.327;INFO;Epics Server;Registered PV: SW:setRobotVariable;
13/08/20;16:37:56.327;INFO;Epics Server;Registered PV: SW:isSampleMounted;
13/08/20;16:37:56.327;INFO;Epics Server;Registered PV: SW:startRobotTask;
13/08/20;16:37:56.327;INFO;Epics Server;Registered PV: SW:getRobotVariable;
13/08/20;16:37:56.327;INFO;Epics Server;Registered PV: SW:getDistance;
13/08/20;16:37:56.327;INFO;Epics Server;Initializing: Channel Access Server in Java v1.1.1;
13/08/20;16:37:56.328;INFO;Epics Server;Started server: ready to accept requests;
13/08/20;16:37:57.015;INFO;Controller;Initializing Robot;
13/08/20;16:37:57.018;INFO;Robot;Setting reference frame to: world;
13/08/20;16:37:57.133;INFO;Controller;Initializing Bus Controller;
13/08/20;16:37:57.133;INFO;Anti-Collision;Active = true;
13/08/20;16:37:57.133;INFO;Controller;State = Starting;
13/08/20;16:37:57.134;INFO;Controller;Command: Reset;
13/08/20;16:37:57.134;INFO;Controller;Executing asynchronous script: ./script/Reset.py;
13/08/20;16:37:57.134;INFO;Controller;Status = Reseting;
13/08/20;16:37:57.134;INFO;Controller;State = Running;
13/08/20;16:37:57.291;INFO;Controller;Script host: localhost:60342;
13/08/20;16:37:57.292;INFO;Script;Starting initialization script;
13/08/20;16:37:57.294;INFO;Script;Do nothing;
13/08/20;16:37:57.294;INFO;Controller;Script ./script/Reset.py ended. Return value: ;
13/08/20;16:37:57.294;INFO;Controller;State = Ready;
13/08/20;16:38:07.658;INFO;Interface;Command: ExecRobotTask (initialize,-1);
13/08/20;16:38:07.659;INFO;Controller;Executing asynchronous activity: ExecRobotTask;
13/08/20;16:38:07.659;INFO;Controller;Status = Executing: initialize;
13/08/20;16:38:07.659;INFO;Controller;State = Running;
13/08/20;16:38:08.535;INFO;Robot Runtime;executing:    initialize;
13/08/20;16:38:08.578;INFO;Robot Runtime;Robot power is on manual;
13/08/20;16:38:08.720;INFO;Controller;Activity ExecRobotTask ended. Return value: ABORT: Robot power is on manual;
13/08/20;16:38:08.720;INFO;Controller;State = Ready;
13/08/20;16:38:16.626;INFO;Robot;Enabling Power;
13/08/20;16:38:34.795;INFO;Interface;Command: ExecRobotTask (Mount,-1);
13/08/20;16:38:34.795;INFO;Controller;Executing asynchronous activity: ExecRobotTask;
13/08/20;16:38:34.795;INFO;Controller;Status = Executing: Mount;
13/08/20;16:38:34.795;INFO;Controller;State = Running;
13/08/20;16:38:35.700;INFO;Robot Runtime;executing:    Mount;
13/08/20;16:44:06.871;INFO;Interface;Command: Abort;
13/08/20;16:44:06.871;INFO;Robot;Abort;
13/08/20;16:44:06.871;INFO;Controller;Activity ExecRobotTask was stopped;
13/08/20;16:44:06.871;INFO;Controller;State = Ready;
13/08/20;16:44:09.303;INFO;Interface;Command: Restart;
13/08/20;16:44:09.303;INFO;Controller;State = Initializing;
13/08/20;16:44:09.371;INFO;Controller;Initialized log services - Startup: 27/07/20 09:12:03;
13/08/20;16:44:10.379;INFO;Epics Server;Exiting running thread;
13/08/20;16:44:10.381;INFO;Epics Server;Registered PV: SW:Version;
13/08/20;16:44:10.381;INFO;Epics Server;Registered PV: SW:Status;
13/08/20;16:44:10.381;INFO;Epics Server;Registered PV: SW:Uptime;
13/08/20;16:44:10.381;INFO;Epics Server;Registered PV: SW:LastTaskInfo;
13/08/20;16:44:10.381;INFO;Epics Server;Registered PV: SW:AlarmList;
13/08/20;16:44:10.381;INFO;Epics Server;Registered PV: SW:LocalGuiLockOut;
13/08/20;16:44:10.381;INFO;Epics Server;Registered PV: SW:RobotSpeed;
13/08/20;16:44:10.382;INFO;Epics Server;Registered PV: SW:LastTaskException;
13/08/20;16:44:10.382;INFO;Epics Server;Registered PV: SW:LastTaskOutput;
13/08/20;16:44:10.382;INFO;Epics Server;Registered PV: SW:RobotState;
13/08/20;16:44:10.382;INFO;Epics Server;Registered PV: SW:CartesianPositions;
13/08/20;16:44:10.382;INFO;Epics Server;Registered PV: SW:JointPositions;
13/08/20;16:44:10.382;INFO;Epics Server;Registered PV: SW:State;
13/08/20;16:44:10.382;INFO;Epics Server;Registered PV: SW:abort;
13/08/20;16:44:10.382;INFO;Epics Server;Registered PV: SW:restart;
13/08/20;16:44:10.382;INFO;Epics Server;Registered PV: SW:getTaskInfo;
13/08/20;16:44:10.382;INFO;Epics Server;Registered PV: SW:isTaskRunning;
13/08/20;16:44:10.382;INFO;Epics Server;Registered PV: SW:checkTaskResult;
13/08/20;16:44:10.382;INFO;Epics Server;Registered PV: SW:startTestTask;
13/08/20;16:44:10.382;INFO;Epics Server;Registered PV: SW:pauseRobot;
13/08/20;16:44:10.382;INFO;Epics Server;Registered PV: SW:resumeRobot;
13/08/20;16:44:10.382;INFO;Epics Server;Registered PV: SW:setRobotVariable;
13/08/20;16:44:10.382;INFO;Epics Server;Registered PV: SW:isSampleMounted;
13/08/20;16:44:10.382;INFO;Epics Server;Registered PV: SW:startRobotTask;
13/08/20;16:44:10.382;INFO;Epics Server;Registered PV: SW:getRobotVariable;
13/08/20;16:44:10.382;INFO;Epics Server;Registered PV: SW:getDistance;
13/08/20;16:44:10.382;INFO;Epics Server;Initializing: Channel Access Server in Java v1.1.1;
13/08/20;16:44:10.383;INFO;Epics Server;Started server: ready to accept requests;
13/08/20;16:44:10.977;INFO;Controller;Initializing Robot;
13/08/20;16:44:10.980;INFO;Robot;Setting reference frame to: world;
13/08/20;16:44:11.093;INFO;Controller;Initializing Bus Controller;
13/08/20;16:44:11.093;INFO;Anti-Collision;Active = true;
13/08/20;16:44:11.093;INFO;Controller;State = Starting;
13/08/20;16:44:11.094;INFO;Controller;Command: Reset;
13/08/20;16:44:11.094;INFO;Controller;Executing asynchronous script: ./script/Reset.py;
13/08/20;16:44:11.094;INFO;Controller;Status = Reseting;
13/08/20;16:44:11.094;INFO;Controller;State = Running;
13/08/20;16:44:11.255;INFO;Controller;Script host: localhost:58522;
13/08/20;16:44:11.255;INFO;Script;Starting initialization script;
13/08/20;16:44:11.257;INFO;Script;Do nothing;
13/08/20;16:44:11.257;INFO;Controller;Script ./script/Reset.py ended. Return value: ;
13/08/20;16:44:11.257;INFO;Controller;State = Ready;
13/08/20;16:44:27.871;INFO;Interface;Command: ExecRobotTask (initialize,-1);
13/08/20;16:44:27.871;INFO;Controller;Executing asynchronous activity: ExecRobotTask;
13/08/20;16:44:27.871;INFO;Controller;Status = Executing: initialize;
13/08/20;16:44:27.871;INFO;Controller;State = Running;
13/08/20;16:44:28.790;INFO;Robot Runtime;executing:    initialize;
13/08/20;16:44:29.934;INFO;Robot Runtime;Failed to turn on robot power;
13/08/20;16:44:30.172;INFO;Controller;Activity ExecRobotTask ended. Return value: ABORT: Failed to turn on robot power;
13/08/20;16:44:30.172;INFO;Controller;State = Ready;
