29/01/20;09:12:29.798;INFO;Server;Command: ExecRobotTask (TurnOffAutoFill,500000);
29/01/20;09:12:29.799;INFO;Controller;Executing asynchronous activity: ExecRobotTask;
29/01/20;09:12:29.799;INFO;Controller;Status = Executing: TurnOffAutoFill;
29/01/20;09:12:29.799;INFO;Controller;State = Running;
29/01/20;09:12:30.681;INFO;Robot Runtime;executing:    TurnOffAutoFill;
29/01/20;09:12:31.482;INFO;Controller;Activity ExecRobotTask ended. Return value: Done;
29/01/20;09:12:31.482;INFO;Controller;State = Ready;
29/01/20;09:12:31.519;INFO;Server;Command: ExecRobotTask (EnableTScreen,500000);
29/01/20;09:12:31.519;INFO;Controller;Executing asynchronous activity: ExecRobotTask;
29/01/20;09:12:31.519;INFO;Controller;Status = Executing: EnableTScreen;
29/01/20;09:12:31.519;INFO;Controller;State = Running;
29/01/20;09:12:32.393;INFO;Robot Runtime;executing:    EnableTScreen;
29/01/20;09:12:32.716;INFO;Controller;Activity ExecRobotTask ended. Return value: Done;
29/01/20;09:12:32.717;INFO;Controller;State = Ready;
29/01/20;09:43:52.990;INFO;Server;Command: ExecRobotTask (TurnOnAutoFill,500000);
29/01/20;09:43:52.990;INFO;Controller;Executing asynchronous activity: ExecRobotTask;
29/01/20;09:43:52.990;INFO;Controller;Status = Executing: TurnOnAutoFill;
29/01/20;09:43:52.990;INFO;Controller;State = Running;
29/01/20;09:43:53.820;INFO;Robot Runtime;executing:    TurnOnAutoFill;
29/01/20;09:43:54.422;INFO;Controller;Activity ExecRobotTask ended. Return value: Done;
29/01/20;09:43:54.422;INFO;Controller;State = Ready;
29/01/20;09:43:54.432;INFO;Server;Command: ExecRobotTask (EnableTScreen,500000);
29/01/20;09:43:54.432;INFO;Controller;Executing asynchronous activity: ExecRobotTask;
29/01/20;09:43:54.432;INFO;Controller;Status = Executing: EnableTScreen;
29/01/20;09:43:54.432;INFO;Controller;State = Running;
29/01/20;09:43:55.304;INFO;Robot Runtime;executing:    EnableTScreen;
29/01/20;09:43:55.659;INFO;Controller;Activity ExecRobotTask ended. Return value: Done;
29/01/20;09:43:55.660;INFO;Controller;State = Ready;
29/01/20;14:41:18.007;INFO;Server;Command: ExecRobotTask (Initialize,500000);
29/01/20;14:41:18.007;INFO;Controller;Executing asynchronous activity: ExecRobotTask;
29/01/20;14:41:18.008;INFO;Controller;Status = Executing: Initialize;
29/01/20;14:41:18.008;INFO;Controller;State = Running;
29/01/20;14:41:18.843;INFO;Robot Runtime;executing:    Initialize;
29/01/20;14:41:20.050;INFO;Controller;Activity ExecRobotTask ended. Return value: Done;
29/01/20;14:41:20.050;INFO;Controller;State = Ready;
29/01/20;14:41:20.059;INFO;Server;Command: ExecRobotTask (Home,500000);
29/01/20;14:41:20.059;INFO;Controller;Executing asynchronous activity: ExecRobotTask;
29/01/20;14:41:20.059;INFO;Controller;Status = Executing: Home;
29/01/20;14:41:20.059;INFO;Controller;State = Running;
29/01/20;14:41:20.870;INFO;Robot Runtime;executing:    Home;
29/01/20;14:41:21.068;INFO;Controller;Activity ExecRobotTask ended. Return value: Done;
29/01/20;14:41:21.068;INFO;Controller;State = Ready;
29/01/20;14:41:21.077;INFO;Server;Command: ExecRobotTask (Park,500000);
29/01/20;14:41:21.077;INFO;Controller;Executing asynchronous activity: ExecRobotTask;
29/01/20;14:41:21.077;INFO;Controller;Status = Executing: Park;
29/01/20;14:41:21.077;INFO;Controller;State = Running;
29/01/20;14:41:21.899;INFO;Robot Runtime;executing:    Park;
29/01/20;14:41:42.628;INFO;Controller;Activity ExecRobotTask ended. Return value: Done;
29/01/20;14:41:42.628;INFO;Controller;State = Ready;
29/01/20;14:44:45.874;INFO;Server;Command: ExecRobotTask (Initialize,500000);
29/01/20;14:44:45.874;INFO;Controller;Executing asynchronous activity: ExecRobotTask;
29/01/20;14:44:45.881;INFO;Controller;Status = Executing: Initialize;
29/01/20;14:44:45.881;INFO;Controller;State = Running;
29/01/20;14:44:46.702;INFO;Robot Runtime;executing:    Initialize;
29/01/20;14:44:47.196;INFO;Controller;Activity ExecRobotTask ended. Return value: Done;
29/01/20;14:44:47.196;INFO;Controller;State = Ready;
29/01/20;14:44:47.413;INFO;Server;Command: ExecRobotTask (Load,500000);
29/01/20;14:44:47.413;INFO;Controller;Executing asynchronous activity: ExecRobotTask;
29/01/20;14:44:47.413;INFO;Controller;Status = Executing: Load;
29/01/20;14:44:47.413;INFO;Controller;State = Running;
29/01/20;14:44:48.611;INFO;Robot Runtime;executing:    Load;
29/01/20;14:45:21.662;WARNING;Robot Runtime;AUTORECOVER=====> Found false kick. Resume Robot Power;
29/01/20;14:45:28.717;WARNING;Robot Runtime;AUTORECOVER=====> Failed to enable Robot Power;
29/01/20;14:45:28.773;INFO;Controller;Activity ExecRobotTask ended. Return value: ;
29/01/20;14:45:28.774;INFO;Controller;State = Ready;
29/01/20;14:57:57.086;INFO;Interface;Command: Abort;
29/01/20;14:57:57.086;INFO;Robot;Abort;
29/01/20;14:57:58.374;INFO;Interface;Command: Restart;
29/01/20;14:57:58.374;INFO;Controller;State = Initializing;
29/01/20;14:57:58.469;INFO;Controller;Initialized log services - Startup: 23/01/20 09:45:08;
29/01/20;14:57:59.476;INFO;Epics Server;Exiting running thread;
29/01/20;14:57:59.479;INFO;Epics Server;Registered PV: SW:Version;
29/01/20;14:57:59.479;INFO;Epics Server;Registered PV: SW:Status;
29/01/20;14:57:59.479;INFO;Epics Server;Registered PV: SW:Uptime;
29/01/20;14:57:59.479;INFO;Epics Server;Registered PV: SW:LastTaskInfo;
29/01/20;14:57:59.480;INFO;Epics Server;Registered PV: SW:AlarmList;
29/01/20;14:57:59.480;INFO;Epics Server;Registered PV: SW:LocalGuiLockOut;
29/01/20;14:57:59.480;INFO;Epics Server;Registered PV: SW:RobotSpeed;
29/01/20;14:57:59.480;INFO;Epics Server;Registered PV: SW:LastTaskException;
29/01/20;14:57:59.480;INFO;Epics Server;Registered PV: SW:LastTaskOutput;
29/01/20;14:57:59.480;INFO;Epics Server;Registered PV: SW:RobotState;
29/01/20;14:57:59.480;INFO;Epics Server;Registered PV: SW:CartesianPositions;
29/01/20;14:57:59.480;INFO;Epics Server;Registered PV: SW:JointPositions;
29/01/20;14:57:59.480;INFO;Epics Server;Registered PV: SW:State;
29/01/20;14:57:59.480;INFO;Epics Server;Registered PV: SW:abort;
29/01/20;14:57:59.480;INFO;Epics Server;Registered PV: SW:restart;
29/01/20;14:57:59.480;INFO;Epics Server;Registered PV: SW:getTaskInfo;
29/01/20;14:57:59.480;INFO;Epics Server;Registered PV: SW:isTaskRunning;
29/01/20;14:57:59.480;INFO;Epics Server;Registered PV: SW:checkTaskResult;
29/01/20;14:57:59.480;INFO;Epics Server;Registered PV: SW:startTestTask;
29/01/20;14:57:59.480;INFO;Epics Server;Registered PV: SW:pauseRobot;
29/01/20;14:57:59.480;INFO;Epics Server;Registered PV: SW:resumeRobot;
29/01/20;14:57:59.480;INFO;Epics Server;Registered PV: SW:setRobotVariable;
29/01/20;14:57:59.480;INFO;Epics Server;Registered PV: SW:isSampleMounted;
29/01/20;14:57:59.480;INFO;Epics Server;Registered PV: SW:startRobotTask;
29/01/20;14:57:59.480;INFO;Epics Server;Registered PV: SW:getRobotVariable;
29/01/20;14:57:59.480;INFO;Epics Server;Registered PV: SW:getDistance;
29/01/20;14:57:59.480;INFO;Epics Server;Initializing: Channel Access Server in Java v1.1.1;
29/01/20;14:57:59.481;INFO;Epics Server;Started server: ready to accept requests;
29/01/20;14:58:00.110;INFO;Controller;Initializing Robot;
29/01/20;14:58:00.113;INFO;Robot;Setting reference frame to: world;
29/01/20;14:58:00.237;INFO;Controller;Initializing Bus Controller;
29/01/20;14:58:00.238;INFO;Anti-Collision;Active = true;
29/01/20;14:58:00.238;INFO;Controller;State = Starting;
29/01/20;14:58:00.239;INFO;Controller;Command: Reset;
29/01/20;14:58:00.239;INFO;Controller;Executing asynchronous script: ./script/Reset.py;
29/01/20;14:58:00.239;INFO;Controller;Status = Reseting;
29/01/20;14:58:00.239;INFO;Controller;State = Running;
29/01/20;14:58:00.415;INFO;Controller;Script host: localhost:45523;
29/01/20;14:58:00.415;INFO;Script;Starting initialization script;
29/01/20;14:58:00.419;INFO;Script;Do nothing;
29/01/20;14:58:00.419;INFO;Controller;Script ./script/Reset.py ended. Return value: ;
29/01/20;14:58:00.419;INFO;Controller;State = Ready;
29/01/20;17:10:39.792;INFO;Server;Command: ExecRobotTask (TurnOffAutoFill,500000);
29/01/20;17:10:39.793;INFO;Controller;Executing asynchronous activity: ExecRobotTask;
29/01/20;17:10:39.793;INFO;Controller;Status = Executing: TurnOffAutoFill;
29/01/20;17:10:39.793;INFO;Controller;State = Running;
29/01/20;17:10:40.651;INFO;Robot Runtime;executing:    TurnOffAutoFill;
29/01/20;17:10:41.318;INFO;Controller;Activity ExecRobotTask ended. Return value: Done;
29/01/20;17:10:41.318;INFO;Controller;State = Ready;
29/01/20;17:10:41.330;INFO;Server;Command: ExecRobotTask (EnableTScreen,500000);
29/01/20;17:10:41.330;INFO;Controller;Executing asynchronous activity: ExecRobotTask;
29/01/20;17:10:41.330;INFO;Controller;Status = Executing: EnableTScreen;
29/01/20;17:10:41.330;INFO;Controller;State = Running;
29/01/20;17:10:42.167;INFO;Robot Runtime;executing:    EnableTScreen;
29/01/20;17:10:42.504;INFO;Controller;Activity ExecRobotTask ended. Return value: Done;
29/01/20;17:10:42.504;INFO;Controller;State = Ready;
