25/11/20;00:01:33.122;INFO;Server;Command: ExecRobotTask (Unmount,500000);
25/11/20;00:01:33.122;INFO;Controller;Executing asynchronous activity: ExecRobotTask;
25/11/20;00:01:33.123;INFO;Controller;Status = Executing: Unmount;
25/11/20;00:01:33.123;INFO;Controller;State = Running;
25/11/20;00:01:34.353;INFO;Robot Runtime;executing:    Unmount;
25/11/20;00:01:41.696;INFO;Controller;Activity ExecRobotTask ended. Return value: Done False/True/False;
25/11/20;00:01:41.697;INFO;Controller;State = Ready;
25/11/20;00:01:41.826;INFO;Server;Command: ExecRobotTask (Unload,500000);
25/11/20;00:01:41.826;INFO;Controller;Executing asynchronous activity: ExecRobotTask;
25/11/20;00:01:41.826;INFO;Controller;Status = Executing: Unload;
25/11/20;00:01:41.826;INFO;Controller;State = Running;
25/11/20;00:01:42.729;INFO;Robot Runtime;executing:    Unload;
25/11/20;00:01:46.619;INFO;Controller;Activity ExecRobotTask ended. Return value: Done False/False/False;
25/11/20;00:01:46.619;INFO;Controller;State = Ready;
25/11/20;00:01:49.087;INFO;Server;Command: ExecRobotTask (Load,500000);
25/11/20;00:01:49.087;INFO;Controller;Executing asynchronous activity: ExecRobotTask;
25/11/20;00:01:49.087;INFO;Controller;Status = Executing: Load;
25/11/20;00:01:49.087;INFO;Controller;State = Running;
25/11/20;00:01:50.037;INFO;Robot Runtime;executing:    Load;
25/11/20;00:01:56.091;INFO;Controller;Activity ExecRobotTask ended. Return value: Done False/True/False;
25/11/20;00:01:56.091;INFO;Controller;State = Ready;
25/11/20;00:01:56.204;INFO;Server;Command: ExecRobotTask (Mount,500000);
25/11/20;00:01:56.205;INFO;Controller;Executing asynchronous activity: ExecRobotTask;
25/11/20;00:01:56.205;INFO;Controller;Status = Executing: Mount;
25/11/20;00:01:56.205;INFO;Controller;State = Running;
25/11/20;00:01:57.453;INFO;Robot Runtime;executing:    Mount;
25/11/20;00:02:01.539;INFO;Controller;Activity ExecRobotTask ended. Return value: Done True/False/False;
25/11/20;00:02:01.539;INFO;Controller;State = Ready;
25/11/20;00:02:01.649;INFO;Server;Command: ExecRobotTask (Park,500000);
25/11/20;00:02:01.649;INFO;Controller;Executing asynchronous activity: ExecRobotTask;
25/11/20;00:02:01.649;INFO;Controller;Status = Executing: Park;
25/11/20;00:02:01.650;INFO;Controller;State = Running;
25/11/20;00:02:02.524;INFO;Robot Runtime;executing:    Park;
25/11/20;00:02:04.576;INFO;Controller;Activity ExecRobotTask ended. Return value: Done;
25/11/20;00:02:04.576;INFO;Controller;State = Ready;
25/11/20;00:02:04.698;INFO;Server;Command: ExecRobotTask (UnlatchRobGov,500000);
25/11/20;00:02:04.698;INFO;Controller;Executing asynchronous activity: ExecRobotTask;
25/11/20;00:02:04.698;INFO;Controller;Status = Executing: UnlatchRobGov;
25/11/20;00:02:04.698;INFO;Controller;State = Running;
25/11/20;00:02:05.606;INFO;Robot Runtime;executing:    UnlatchRobGov;
25/11/20;00:02:06.054;INFO;Controller;Activity ExecRobotTask ended. Return value: Done;
25/11/20;00:02:06.054;INFO;Controller;State = Ready;
25/11/20;00:06:34.832;INFO;Server;Command: ExecRobotTask (Unmount,500000);
25/11/20;00:06:34.832;INFO;Controller;Executing asynchronous activity: ExecRobotTask;
25/11/20;00:06:34.839;INFO;Controller;Status = Executing: Unmount;
25/11/20;00:06:34.839;INFO;Controller;State = Running;
25/11/20;00:06:35.756;INFO;Robot Runtime;executing:    Unmount;
25/11/20;00:06:42.733;INFO;Controller;Activity ExecRobotTask ended. Return value: Done False/True/False;
25/11/20;00:06:42.733;INFO;Controller;State = Ready;
25/11/20;00:06:42.789;INFO;Server;Command: ExecRobotTask (Unload,500000);
25/11/20;00:06:42.789;INFO;Controller;Executing asynchronous activity: ExecRobotTask;
25/11/20;00:06:42.789;INFO;Controller;Status = Executing: Unload;
25/11/20;00:06:42.789;INFO;Controller;State = Running;
25/11/20;00:06:43.651;INFO;Robot Runtime;executing:    Unload;
25/11/20;00:06:47.553;INFO;Controller;Activity ExecRobotTask ended. Return value: Done False/False/False;
25/11/20;00:06:47.554;INFO;Controller;State = Ready;
25/11/20;00:06:49.200;INFO;Server;Command: ExecRobotTask (Load,500000);
25/11/20;00:06:49.200;INFO;Controller;Executing asynchronous activity: ExecRobotTask;
25/11/20;00:06:49.200;INFO;Controller;Status = Executing: Load;
25/11/20;00:06:49.200;INFO;Controller;State = Running;
25/11/20;00:06:50.461;INFO;Robot Runtime;executing:    Load;
25/11/20;00:06:56.669;INFO;Controller;Activity ExecRobotTask ended. Return value: Done False/True/False;
25/11/20;00:06:56.670;INFO;Controller;State = Ready;
25/11/20;00:06:56.765;INFO;Server;Command: ExecRobotTask (Mount,500000);
25/11/20;00:06:56.765;INFO;Controller;Executing asynchronous activity: ExecRobotTask;
25/11/20;00:06:56.765;INFO;Controller;Status = Executing: Mount;
25/11/20;00:06:56.765;INFO;Controller;State = Running;
25/11/20;00:06:57.904;INFO;Robot Runtime;executing:    Mount;
25/11/20;00:07:01.956;INFO;Controller;Activity ExecRobotTask ended. Return value: Done True/False/False;
25/11/20;00:07:01.956;INFO;Controller;State = Ready;
25/11/20;00:07:02.117;INFO;Server;Command: ExecRobotTask (Park,500000);
25/11/20;00:07:02.117;INFO;Controller;Executing asynchronous activity: ExecRobotTask;
25/11/20;00:07:02.117;INFO;Controller;Status = Executing: Park;
25/11/20;00:07:02.117;INFO;Controller;State = Running;
25/11/20;00:07:02.976;INFO;Robot Runtime;executing:    Park;
25/11/20;00:07:04.994;INFO;Controller;Activity ExecRobotTask ended. Return value: Done;
25/11/20;00:07:04.994;INFO;Controller;State = Ready;
25/11/20;00:07:05.120;INFO;Server;Command: ExecRobotTask (UnlatchRobGov,500000);
25/11/20;00:07:05.121;INFO;Controller;Executing asynchronous activity: ExecRobotTask;
25/11/20;00:07:05.121;INFO;Controller;Status = Executing: UnlatchRobGov;
25/11/20;00:07:05.121;INFO;Controller;State = Running;
25/11/20;00:07:06.052;INFO;Robot Runtime;executing:    UnlatchRobGov;
25/11/20;00:07:06.487;INFO;Controller;Activity ExecRobotTask ended. Return value: Done;
25/11/20;00:07:06.487;INFO;Controller;State = Ready;
25/11/20;00:17:08.852;INFO;Server;Command: ExecRobotTask (Unmount,500000);
25/11/20;00:17:08.852;INFO;Controller;Executing asynchronous activity: ExecRobotTask;
25/11/20;00:17:08.852;INFO;Controller;Status = Executing: Unmount;
25/11/20;00:17:08.852;INFO;Controller;State = Running;
25/11/20;00:17:10.071;INFO;Robot Runtime;executing:    Unmount;
25/11/20;00:17:20.946;INFO;Controller;Activity ExecRobotTask ended. Return value: Done False/True/False;
25/11/20;00:17:20.947;INFO;Controller;State = Ready;
25/11/20;00:17:21.005;INFO;Server;Command: ExecRobotTask (Unload,500000);
25/11/20;00:17:21.005;INFO;Controller;Executing asynchronous activity: ExecRobotTask;
25/11/20;00:17:21.005;INFO;Controller;Status = Executing: Unload;
25/11/20;00:17:21.005;INFO;Controller;State = Running;
25/11/20;00:17:21.873;INFO;Robot Runtime;executing:    Unload;
25/11/20;00:17:25.442;INFO;Controller;Activity ExecRobotTask ended. Return value: Done False/False/False;
25/11/20;00:17:25.442;INFO;Controller;State = Ready;
25/11/20;00:17:27.014;INFO;Server;Command: ExecRobotTask (Load,500000);
25/11/20;00:17:27.015;INFO;Controller;Executing asynchronous activity: ExecRobotTask;
25/11/20;00:17:27.015;INFO;Controller;Status = Executing: Load;
25/11/20;00:17:27.015;INFO;Controller;State = Running;
25/11/20;00:17:27.966;INFO;Robot Runtime;executing:    Load;
25/11/20;00:17:34.064;INFO;Controller;Activity ExecRobotTask ended. Return value: Done False/True/False;
25/11/20;00:17:34.064;INFO;Controller;State = Ready;
25/11/20;00:17:34.118;INFO;Server;Command: ExecRobotTask (Mount,500000);
25/11/20;00:17:34.118;INFO;Controller;Executing asynchronous activity: ExecRobotTask;
25/11/20;00:17:34.119;INFO;Controller;Status = Executing: Mount;
25/11/20;00:17:34.119;INFO;Controller;State = Running;
25/11/20;00:17:35.034;INFO;Robot Runtime;executing:    Mount;
25/11/20;00:17:39.249;INFO;Controller;Activity ExecRobotTask ended. Return value: Done True/False/False;
25/11/20;00:17:39.249;INFO;Controller;State = Ready;
25/11/20;00:17:39.382;INFO;Server;Command: ExecRobotTask (Park,500000);
25/11/20;00:17:39.382;INFO;Controller;Executing asynchronous activity: ExecRobotTask;
25/11/20;00:17:39.382;INFO;Controller;Status = Executing: Park;
25/11/20;00:17:39.382;INFO;Controller;State = Running;
25/11/20;00:17:40.560;INFO;Robot Runtime;executing:    Park;
25/11/20;00:17:42.573;INFO;Controller;Activity ExecRobotTask ended. Return value: Done;
25/11/20;00:17:42.573;INFO;Controller;State = Ready;
25/11/20;00:17:42.714;INFO;Server;Command: ExecRobotTask (UnlatchRobGov,500000);
25/11/20;00:17:42.714;INFO;Controller;Executing asynchronous activity: ExecRobotTask;
25/11/20;00:17:42.715;INFO;Controller;Status = Executing: UnlatchRobGov;
25/11/20;00:17:42.715;INFO;Controller;State = Running;
25/11/20;00:17:43.629;INFO;Robot Runtime;executing:    UnlatchRobGov;
25/11/20;00:17:44.050;INFO;Controller;Activity ExecRobotTask ended. Return value: Done;
25/11/20;00:17:44.050;INFO;Controller;State = Ready;
25/11/20;00:21:41.293;INFO;Server;Command: ExecRobotTask (Unmount,500000);
25/11/20;00:21:41.294;INFO;Controller;Executing asynchronous activity: ExecRobotTask;
25/11/20;00:21:41.294;INFO;Controller;Status = Executing: Unmount;
25/11/20;00:21:41.294;INFO;Controller;State = Running;
25/11/20;00:21:42.207;INFO;Robot Runtime;executing:    Unmount;
25/11/20;00:21:53.024;INFO;Controller;Activity ExecRobotTask ended. Return value: Done False/True/False;
25/11/20;00:21:53.024;INFO;Controller;State = Ready;
25/11/20;00:21:53.152;INFO;Server;Command: ExecRobotTask (Unload,500000);
25/11/20;00:21:53.152;INFO;Controller;Executing asynchronous activity: ExecRobotTask;
25/11/20;00:21:53.153;INFO;Controller;Status = Executing: Unload;
25/11/20;00:21:53.153;INFO;Controller;State = Running;
25/11/20;00:21:54.021;INFO;Robot Runtime;executing:    Unload;
25/11/20;00:21:57.930;INFO;Controller;Activity ExecRobotTask ended. Return value: Done False/False/False;
25/11/20;00:21:57.931;INFO;Controller;State = Ready;
25/11/20;00:21:58.265;INFO;Server;Command: ExecRobotTask (UnlatchRobGov,500000);
25/11/20;00:21:58.265;INFO;Controller;Executing asynchronous activity: ExecRobotTask;
25/11/20;00:21:58.265;INFO;Controller;Status = Executing: UnlatchRobGov;
25/11/20;00:21:58.265;INFO;Controller;State = Running;
25/11/20;00:21:59.120;INFO;Robot Runtime;executing:    UnlatchRobGov;
25/11/20;00:21:59.640;INFO;Controller;Activity ExecRobotTask ended. Return value: Done;
25/11/20;00:21:59.641;INFO;Controller;State = Ready;
25/11/20;00:21:59.752;INFO;Server;Command: ExecRobotTask (Home,500000);
25/11/20;00:21:59.752;INFO;Controller;Executing asynchronous activity: ExecRobotTask;
25/11/20;00:21:59.752;INFO;Controller;Status = Executing: Home;
25/11/20;00:21:59.752;INFO;Controller;State = Running;
25/11/20;00:22:00.650;INFO;Robot Runtime;executing:    Home;
25/11/20;00:22:01.897;INFO;Controller;Activity ExecRobotTask ended. Return value: Done;
25/11/20;00:22:01.897;INFO;Controller;State = Ready;
25/11/20;00:22:01.954;INFO;Server;Command: ExecRobotTask (Finish,500000);
25/11/20;00:22:01.954;INFO;Controller;Executing asynchronous activity: ExecRobotTask;
25/11/20;00:22:01.954;INFO;Controller;Status = Executing: Finish;
25/11/20;00:22:01.954;INFO;Controller;State = Running;
25/11/20;00:22:03.178;INFO;Robot Runtime;executing:    Finish;
25/11/20;00:24:12.934;INFO;Controller;Activity ExecRobotTask ended. Return value: Done;
25/11/20;00:24:12.934;INFO;Controller;State = Ready;
25/11/20;00:32:57.118;INFO;Server;Command: ExecRobotTask (OpenPortLid,500000);
25/11/20;00:32:57.118;INFO;Controller;Executing asynchronous activity: ExecRobotTask;
25/11/20;00:32:57.118;INFO;Controller;Status = Executing: OpenPortLid;
25/11/20;00:32:57.118;INFO;Controller;State = Running;
25/11/20;00:32:58.039;INFO;Robot Runtime;executing:    OpenPortLid;
25/11/20;00:32:58.262;INFO;Controller;Activity ExecRobotTask ended. Return value: Done;
25/11/20;00:32:58.263;INFO;Controller;State = Ready;
25/11/20;00:37:44.260;INFO;Server;Command: ExecRobotTask (ClosePorts,500000);
25/11/20;00:37:44.260;INFO;Controller;Executing asynchronous activity: ExecRobotTask;
25/11/20;00:37:44.260;INFO;Controller;Status = Executing: ClosePorts;
25/11/20;00:37:44.260;INFO;Controller;State = Running;
25/11/20;00:37:45.195;INFO;Robot Runtime;executing:    ClosePorts;
25/11/20;00:37:45.442;INFO;Controller;Activity ExecRobotTask ended. Return value: Done;
25/11/20;00:37:45.443;INFO;Controller;State = Ready;
25/11/20;11:09:41.310;INFO;Server;Command: ExecRobotTask (TurnOffAutoFill,500000);
25/11/20;11:09:41.310;INFO;Controller;Executing asynchronous activity: ExecRobotTask;
25/11/20;11:09:41.310;INFO;Controller;Status = Executing: TurnOffAutoFill;
25/11/20;11:09:41.311;INFO;Controller;State = Running;
25/11/20;11:09:42.247;INFO;Robot Runtime;executing:    TurnOffAutoFill;
25/11/20;11:09:42.867;INFO;Controller;Activity ExecRobotTask ended. Return value: Done;
25/11/20;11:09:42.867;INFO;Controller;State = Ready;
