19/05/21;14:51:55.293;INFO;Controller;Instantiation;
19/05/21;14:51:55.313;INFO;Controller;State = Initializing;
19/05/21;14:51:55.434;WARNING;Interface;Access level set to Admin;
19/05/21;14:51:55.491;INFO;Controller;Initialized log services - Startup: 19/05/21 14:51:55;
19/05/21;14:51:55.498;INFO;Controller;Initializing controller for SW version: 1.1.0 - JLib 1.7.2;
19/05/21;14:51:55.734;INFO;Epics Server;Registered PV: SW:Version;
19/05/21;14:51:55.735;INFO;Epics Server;Registered PV: SW:Status;
19/05/21;14:51:55.735;INFO;Epics Server;Registered PV: SW:Uptime;
19/05/21;14:51:55.750;INFO;Epics Server;Registered PV: SW:LastTaskInfo;
19/05/21;14:51:55.751;INFO;Epics Server;Registered PV: SW:AlarmList;
19/05/21;14:51:55.752;INFO;Epics Server;Registered PV: SW:LocalGuiLockOut;
19/05/21;14:51:55.753;INFO;Epics Server;Registered PV: SW:RobotSpeed;
19/05/21;14:51:55.753;INFO;Epics Server;Registered PV: SW:LastTaskException;
19/05/21;14:51:55.754;INFO;Epics Server;Registered PV: SW:LastTaskOutput;
19/05/21;14:51:55.754;INFO;Epics Server;Registered PV: SW:RobotState;
19/05/21;14:51:55.755;INFO;Epics Server;Registered PV: SW:CartesianPositions;
19/05/21;14:51:55.756;INFO;Epics Server;Registered PV: SW:JointPositions;
19/05/21;14:51:55.756;INFO;Epics Server;Registered PV: SW:State;
19/05/21;14:51:55.759;INFO;Epics Server;Registered PV: SW:abort;
19/05/21;14:51:55.759;INFO;Epics Server;Registered PV: SW:restart;
19/05/21;14:51:55.760;INFO;Epics Server;Registered PV: SW:getTaskInfo;
19/05/21;14:51:55.760;INFO;Epics Server;Registered PV: SW:isTaskRunning;
19/05/21;14:51:55.760;INFO;Epics Server;Registered PV: SW:checkTaskResult;
19/05/21;14:51:55.761;INFO;Epics Server;Registered PV: SW:startTestTask;
19/05/21;14:51:55.761;INFO;Epics Server;Registered PV: SW:pauseRobot;
19/05/21;14:51:55.762;INFO;Epics Server;Registered PV: SW:resumeRobot;
19/05/21;14:51:55.762;INFO;Epics Server;Registered PV: SW:setRobotVariable;
19/05/21;14:51:55.762;INFO;Epics Server;Registered PV: SW:isSampleMounted;
19/05/21;14:51:55.762;INFO;Epics Server;Registered PV: SW:startRobotTask;
19/05/21;14:51:55.763;INFO;Epics Server;Registered PV: SW:getRobotVariable;
19/05/21;14:51:55.764;INFO;Epics Server;Registered PV: SW:getDistance;
19/05/21;14:51:55.765;INFO;Epics Server;Initializing: Channel Access Server in Java v1.1.1;
19/05/21;14:51:55.767;INFO;Epics Server;Started server: ready to accept requests;
19/05/21;14:51:56.530;INFO;Controller;Initializing Robot;
19/05/21;14:51:56.539;INFO;Robot;Setting reference frame to: world;
19/05/21;14:51:56.718;INFO;Controller;Initializing Bus Controller;
19/05/21;14:51:56.719;INFO;Anti-Collision;Active = true;
19/05/21;14:51:56.719;INFO;Controller;State = Starting;
19/05/21;14:51:56.723;INFO;Controller;Command: Reset;
19/05/21;14:51:57.063;INFO;Controller;Executing asynchronous script: ./script/Reset.py;
19/05/21;14:51:57.063;INFO;Controller;Status = Reseting;
19/05/21;14:51:57.063;INFO;Controller;State = Running;
19/05/21;14:51:57.646;INFO;Controller;Script host: localhost:54553;
19/05/21;14:51:57.647;INFO;Script;Starting initialization script;
19/05/21;14:51:57.650;INFO;Script;Do nothing;
19/05/21;14:51:57.651;INFO;Controller;Script ./script/Reset.py ended. Return value: ;
19/05/21;14:51:57.651;INFO;Controller;State = Ready;
19/05/21;17:15:19.862;INFO;Interface;Command: ExecRobotTask (unmount,-1);
19/05/21;17:15:19.862;INFO;Controller;Executing asynchronous activity: ExecRobotTask;
19/05/21;17:15:19.863;INFO;Controller;Status = Executing: unmount;
19/05/21;17:15:19.863;INFO;Controller;State = Running;
19/05/21;17:15:20.754;INFO;Robot Runtime;executing:    unmount;
19/05/21;17:16:02.260;INFO;Robot Runtime;Sample Gap: -0.996;
19/05/21;17:16:12.154;WARNING;Robot Runtime;Failed to open Port Lid;
19/05/21;17:16:12.442;INFO;Controller;Activity ExecRobotTask ended. Return value: Done False/True/False;
19/05/21;17:16:12.443;INFO;Controller;State = Ready;
19/05/21;17:16:47.613;INFO;Interface;Command: Abort;
19/05/21;17:16:47.614;INFO;Robot;Abort;
19/05/21;17:16:49.157;INFO;Interface;Command: Restart;
19/05/21;17:16:49.158;INFO;Controller;State = Initializing;
19/05/21;17:16:49.209;INFO;Controller;Initialized log services - Startup: 19/05/21 14:51:55;
19/05/21;17:16:50.216;INFO;Epics Server;Exiting running thread;
19/05/21;17:16:50.220;INFO;Epics Server;Registered PV: SW:Version;
19/05/21;17:16:50.220;INFO;Epics Server;Registered PV: SW:Status;
19/05/21;17:16:50.220;INFO;Epics Server;Registered PV: SW:Uptime;
19/05/21;17:16:50.220;INFO;Epics Server;Registered PV: SW:LastTaskInfo;
19/05/21;17:16:50.221;INFO;Epics Server;Registered PV: SW:AlarmList;
19/05/21;17:16:50.221;INFO;Epics Server;Registered PV: SW:LocalGuiLockOut;
19/05/21;17:16:50.221;INFO;Epics Server;Registered PV: SW:RobotSpeed;
19/05/21;17:16:50.221;INFO;Epics Server;Registered PV: SW:LastTaskException;
19/05/21;17:16:50.221;INFO;Epics Server;Registered PV: SW:LastTaskOutput;
19/05/21;17:16:50.222;INFO;Epics Server;Registered PV: SW:RobotState;
19/05/21;17:16:50.222;INFO;Epics Server;Registered PV: SW:CartesianPositions;
19/05/21;17:16:50.222;INFO;Epics Server;Registered PV: SW:JointPositions;
19/05/21;17:16:50.222;INFO;Epics Server;Registered PV: SW:State;
19/05/21;17:16:50.222;INFO;Epics Server;Registered PV: SW:abort;
19/05/21;17:16:50.222;INFO;Epics Server;Registered PV: SW:restart;
19/05/21;17:16:50.223;INFO;Epics Server;Registered PV: SW:getTaskInfo;
19/05/21;17:16:50.223;INFO;Epics Server;Registered PV: SW:isTaskRunning;
19/05/21;17:16:50.223;INFO;Epics Server;Registered PV: SW:checkTaskResult;
19/05/21;17:16:50.223;INFO;Epics Server;Registered PV: SW:startTestTask;
19/05/21;17:16:50.223;INFO;Epics Server;Registered PV: SW:pauseRobot;
19/05/21;17:16:50.223;INFO;Epics Server;Registered PV: SW:resumeRobot;
19/05/21;17:16:50.224;INFO;Epics Server;Registered PV: SW:setRobotVariable;
19/05/21;17:16:50.224;INFO;Epics Server;Registered PV: SW:isSampleMounted;
19/05/21;17:16:50.224;INFO;Epics Server;Registered PV: SW:startRobotTask;
19/05/21;17:16:50.224;INFO;Epics Server;Registered PV: SW:getRobotVariable;
19/05/21;17:16:50.224;INFO;Epics Server;Registered PV: SW:getDistance;
19/05/21;17:16:50.225;INFO;Epics Server;Initializing: Channel Access Server in Java v1.1.1;
19/05/21;17:16:50.226;INFO;Epics Server;Started server: ready to accept requests;
19/05/21;17:16:50.820;INFO;Controller;Initializing Robot;
19/05/21;17:16:50.824;INFO;Robot;Setting reference frame to: world;
19/05/21;17:16:50.958;INFO;Controller;Initializing Bus Controller;
19/05/21;17:16:50.958;INFO;Anti-Collision;Active = true;
19/05/21;17:16:50.958;INFO;Controller;State = Starting;
19/05/21;17:16:50.960;INFO;Controller;Command: Reset;
19/05/21;17:16:50.961;INFO;Controller;Executing asynchronous script: ./script/Reset.py;
19/05/21;17:16:50.961;INFO;Controller;Status = Reseting;
19/05/21;17:16:50.961;INFO;Controller;State = Running;
19/05/21;17:16:51.221;INFO;Controller;Script host: localhost:55722;
19/05/21;17:16:51.222;INFO;Script;Starting initialization script;
19/05/21;17:16:51.225;INFO;Script;Do nothing;
19/05/21;17:16:51.226;INFO;Controller;Script ./script/Reset.py ended. Return value: ;
19/05/21;17:16:51.226;INFO;Controller;State = Ready;
19/05/21;17:16:56.960;WARNING;Robot;Alarm active: Device is offline;
19/05/21;17:16:56.961;INFO;Controller;State = Communication Error;
19/05/21;17:17:01.064;INFO;Robot;Alarm inactive: Device is offline;
19/05/21;17:17:01.064;WARNING;Controller;Communication resumed, trying updating devices;
19/05/21;17:17:01.066;INFO;Controller;Finished device updating;
19/05/21;17:17:01.066;INFO;Controller;State = Ready;
19/05/21;17:19:14.311;INFO;Server;Command: ExecRobotTask (Initialize,500000);
19/05/21;17:19:14.312;INFO;Controller;Executing asynchronous activity: ExecRobotTask;
19/05/21;17:19:14.312;INFO;Controller;Status = Executing: Initialize;
19/05/21;17:19:14.312;INFO;Controller;State = Running;
19/05/21;17:19:15.224;INFO;Robot Runtime;executing:    Initialize;
19/05/21;17:19:16.429;INFO;Controller;Activity ExecRobotTask ended. Return value: Done;
19/05/21;17:19:16.429;INFO;Controller;State = Ready;
19/05/21;17:19:16.444;INFO;Server;Command: ExecRobotTask (LatchRobGov,500000);
19/05/21;17:19:16.445;INFO;Controller;Executing asynchronous activity: ExecRobotTask;
19/05/21;17:19:16.445;INFO;Controller;Status = Executing: LatchRobGov;
19/05/21;17:19:16.445;INFO;Controller;State = Running;
19/05/21;17:19:17.790;INFO;Robot Runtime;executing:    LatchRobGov;
19/05/21;17:19:18.449;INFO;Controller;Activity ExecRobotTask ended. Return value: Done;
19/05/21;17:19:18.450;INFO;Controller;State = Ready;
19/05/21;17:19:18.461;INFO;Server;Command: ExecRobotTask (TraceSample,500000);
19/05/21;17:19:18.461;INFO;Controller;Executing asynchronous activity: ExecRobotTask;
19/05/21;17:19:18.461;INFO;Controller;Status = Executing: TraceSample;
19/05/21;17:19:18.462;INFO;Controller;State = Running;
19/05/21;17:19:19.351;INFO;Robot Runtime;executing:    TraceSample;
19/05/21;17:19:19.817;INFO;Robot Runtime;Sample Gap: 0    ;
19/05/21;17:19:20.199;INFO;Controller;Activity ExecRobotTask ended. Return value: Done False/False/False;
19/05/21;17:19:20.200;INFO;Controller;State = Ready;
19/05/21;17:19:20.211;INFO;Server;Command: ExecRobotTask (CoolDown,500000);
19/05/21;17:19:20.212;INFO;Controller;Executing asynchronous activity: ExecRobotTask;
19/05/21;17:19:20.212;INFO;Controller;Status = Executing: CoolDown;
19/05/21;17:19:20.212;INFO;Controller;State = Running;
19/05/21;17:19:21.082;INFO;Robot Runtime;executing:    CoolDown;
19/05/21;17:20:35.187;INFO;Controller;Activity ExecRobotTask ended. Return value: Done;
19/05/21;17:20:35.187;INFO;Controller;State = Ready;
19/05/21;17:20:35.391;INFO;Server;Command: ExecRobotTask (Load,500000);
19/05/21;17:20:35.391;INFO;Controller;Executing asynchronous activity: ExecRobotTask;
19/05/21;17:20:35.391;INFO;Controller;Status = Executing: Load;
19/05/21;17:20:35.391;INFO;Controller;State = Running;
19/05/21;17:20:36.297;INFO;Robot Runtime;executing:    Load;
19/05/21;17:20:44.321;INFO;Robot Runtime;Sample Gap: -0.8  ;
19/05/21;17:20:46.375;INFO;Controller;Activity ExecRobotTask ended. Return value: Done False/True/False;
19/05/21;17:20:46.376;INFO;Controller;State = Ready;
19/05/21;17:20:46.390;INFO;Server;Command: ExecRobotTask (Mount,500000);
19/05/21;17:20:46.391;INFO;Controller;Executing asynchronous activity: ExecRobotTask;
19/05/21;17:20:46.391;INFO;Controller;Status = Executing: Mount;
19/05/21;17:20:46.391;INFO;Controller;State = Running;
19/05/21;17:20:47.722;INFO;Robot Runtime;executing:    Mount;
19/05/21;17:20:52.611;INFO;Robot Runtime;Sample Gap: 0    ;
19/05/21;17:20:53.657;INFO;Controller;Activity ExecRobotTask ended. Return value: Done True/False/False;
19/05/21;17:20:53.658;INFO;Controller;State = Ready;
19/05/21;17:20:53.675;INFO;Server;Command: ExecRobotTask (Park,500000);
19/05/21;17:20:53.676;INFO;Controller;Executing asynchronous activity: ExecRobotTask;
19/05/21;17:20:53.676;INFO;Controller;Status = Executing: Park;
19/05/21;17:20:53.676;INFO;Controller;State = Running;
19/05/21;17:20:54.556;INFO;Robot Runtime;executing:    Park;
19/05/21;17:20:56.689;INFO;Controller;Activity ExecRobotTask ended. Return value: Done;
19/05/21;17:20:56.689;INFO;Controller;State = Ready;
19/05/21;17:20:56.706;INFO;Server;Command: ExecRobotTask (UnlatchRobGov,500000);
19/05/21;17:20:56.706;INFO;Controller;Executing asynchronous activity: ExecRobotTask;
19/05/21;17:20:56.706;INFO;Controller;Status = Executing: UnlatchRobGov;
19/05/21;17:20:56.706;INFO;Controller;State = Running;
19/05/21;17:20:57.626;INFO;Robot Runtime;executing:    UnlatchRobGov;
19/05/21;17:20:57.757;INFO;Controller;Activity ExecRobotTask ended. Return value: Done;
19/05/21;17:20:57.758;INFO;Controller;State = Ready;
19/05/21;17:23:14.170;INFO;Server;Command: ExecRobotTask (Unmount,500000);
19/05/21;17:23:14.171;INFO;Controller;Executing asynchronous activity: ExecRobotTask;
19/05/21;17:23:14.171;INFO;Controller;Status = Executing: Unmount;
19/05/21;17:23:14.171;INFO;Controller;State = Running;
19/05/21;17:23:15.048;INFO;Robot Runtime;executing:    Unmount;
19/05/21;17:23:22.379;INFO;Robot Runtime;Sample Gap: -0.801;
19/05/21;17:23:23.761;INFO;Controller;Activity ExecRobotTask ended. Return value: Done False/True/False;
19/05/21;17:23:23.762;INFO;Controller;State = Ready;
19/05/21;17:23:23.770;INFO;Server;Command: ExecRobotTask (Unload,500000);
19/05/21;17:23:23.771;INFO;Controller;Executing asynchronous activity: ExecRobotTask;
19/05/21;17:23:23.771;INFO;Controller;Status = Executing: Unload;
19/05/21;17:23:23.771;INFO;Controller;State = Running;
19/05/21;17:23:24.646;INFO;Robot Runtime;executing:    Unload;
19/05/21;17:23:27.569;INFO;Robot Runtime;Sample Gap: 0    ;
19/05/21;17:23:28.171;INFO;Controller;Activity ExecRobotTask ended. Return value: Done False/False/False;
19/05/21;17:23:28.172;INFO;Controller;State = Ready;
19/05/21;17:23:28.707;INFO;Server;Command: ExecRobotTask (Load,500000);
19/05/21;17:23:28.708;INFO;Controller;Executing asynchronous activity: ExecRobotTask;
19/05/21;17:23:28.708;INFO;Controller;Status = Executing: Load;
19/05/21;17:23:28.708;INFO;Controller;State = Running;
19/05/21;17:23:30.039;INFO;Robot Runtime;executing:    Load;
19/05/21;17:23:34.678;INFO;Robot Runtime;Sample Gap: -1.21 ;
19/05/21;17:23:35.901;INFO;Controller;Activity ExecRobotTask ended. Return value: Done False/True/False;
19/05/21;17:23:35.901;INFO;Controller;State = Ready;
19/05/21;17:23:35.912;INFO;Server;Command: ExecRobotTask (Mount,500000);
19/05/21;17:23:35.912;INFO;Controller;Executing asynchronous activity: ExecRobotTask;
19/05/21;17:23:35.913;INFO;Controller;Status = Executing: Mount;
19/05/21;17:23:35.913;INFO;Controller;State = Running;
19/05/21;17:23:36.823;INFO;Robot Runtime;executing:    Mount;
19/05/21;17:23:39.941;INFO;Robot Runtime;Sample Gap: 0    ;
19/05/21;17:23:40.973;INFO;Controller;Activity ExecRobotTask ended. Return value: Done True/False/False;
19/05/21;17:23:40.973;INFO;Controller;State = Ready;
19/05/21;17:23:40.991;INFO;Server;Command: ExecRobotTask (Park,500000);
19/05/21;17:23:40.991;INFO;Controller;Executing asynchronous activity: ExecRobotTask;
19/05/21;17:23:40.991;INFO;Controller;Status = Executing: Park;
19/05/21;17:23:40.992;INFO;Controller;State = Running;
19/05/21;17:23:41.858;INFO;Robot Runtime;executing:    Park;
19/05/21;17:23:43.594;INFO;Controller;Activity ExecRobotTask ended. Return value: Done;
19/05/21;17:23:43.594;INFO;Controller;State = Ready;
19/05/21;17:23:43.620;INFO;Server;Command: ExecRobotTask (UnlatchRobGov,500000);
19/05/21;17:23:43.621;INFO;Controller;Executing asynchronous activity: ExecRobotTask;
19/05/21;17:23:43.622;INFO;Controller;Status = Executing: UnlatchRobGov;
19/05/21;17:23:43.622;INFO;Controller;State = Running;
19/05/21;17:23:44.539;INFO;Robot Runtime;executing:    UnlatchRobGov;
19/05/21;17:23:44.990;INFO;Controller;Activity ExecRobotTask ended. Return value: Done;
19/05/21;17:23:44.990;INFO;Controller;State = Ready;
19/05/21;17:24:26.493;INFO;Server;Command: ExecRobotTask (Unmount,500000);
19/05/21;17:24:26.493;INFO;Controller;Executing asynchronous activity: ExecRobotTask;
19/05/21;17:24:26.493;INFO;Controller;Status = Executing: Unmount;
19/05/21;17:24:26.493;INFO;Controller;State = Running;
19/05/21;17:24:27.367;INFO;Robot Runtime;executing:    Unmount;
19/05/21;17:24:34.621;INFO;Robot Runtime;Sample Gap: -0.807;
19/05/21;17:24:36.365;INFO;Controller;Activity ExecRobotTask ended. Return value: Done False/True/False;
19/05/21;17:24:36.365;INFO;Controller;State = Ready;
19/05/21;17:24:36.384;INFO;Server;Command: ExecRobotTask (Unload,500000);
19/05/21;17:24:36.384;INFO;Controller;Executing asynchronous activity: ExecRobotTask;
19/05/21;17:24:36.385;INFO;Controller;Status = Executing: Unload;
19/05/21;17:24:36.385;INFO;Controller;State = Running;
19/05/21;17:24:37.676;INFO;Robot Runtime;executing:    Unload;
19/05/21;17:24:40.608;INFO;Robot Runtime;Sample Gap: 0    ;
19/05/21;17:24:41.586;INFO;Controller;Activity ExecRobotTask ended. Return value: Done False/False/False;
19/05/21;17:24:41.586;INFO;Controller;State = Ready;
19/05/21;17:24:41.689;INFO;Server;Command: ExecRobotTask (UnlatchRobGov,500000);
19/05/21;17:24:41.690;INFO;Controller;Executing asynchronous activity: ExecRobotTask;
19/05/21;17:24:41.690;INFO;Controller;Status = Executing: UnlatchRobGov;
19/05/21;17:24:41.690;INFO;Controller;State = Running;
19/05/21;17:24:42.568;INFO;Robot Runtime;executing:    UnlatchRobGov;
19/05/21;17:24:43.058;INFO;Controller;Activity ExecRobotTask ended. Return value: Done;
19/05/21;17:24:43.058;INFO;Controller;State = Ready;
19/05/21;17:24:43.075;INFO;Server;Command: ExecRobotTask (Home,500000);
19/05/21;17:24:43.076;INFO;Controller;Executing asynchronous activity: ExecRobotTask;
19/05/21;17:24:43.076;INFO;Controller;Status = Executing: Home;
19/05/21;17:24:43.076;INFO;Controller;State = Running;
19/05/21;17:24:43.960;INFO;Robot Runtime;executing:    Home;
19/05/21;17:24:45.068;INFO;Controller;Activity ExecRobotTask ended. Return value: Done;
19/05/21;17:24:45.068;INFO;Controller;State = Ready;
19/05/21;17:24:45.085;INFO;Server;Command: ExecRobotTask (Finish,500000);
19/05/21;17:24:45.085;INFO;Controller;Executing asynchronous activity: ExecRobotTask;
19/05/21;17:24:45.085;INFO;Controller;Status = Executing: Finish;
19/05/21;17:24:45.086;INFO;Controller;State = Running;
19/05/21;17:24:45.983;INFO;Robot Runtime;executing:    Finish;
19/05/21;17:27:04.729;INFO;Controller;Activity ExecRobotTask ended. Return value: Done;
19/05/21;17:27:04.729;INFO;Controller;State = Ready;
