27/10/17;09:49:47.768;INFO;Server;Command: ExecRobotTask (Initialize,500000);
27/10/17;09:49:47.803;INFO;Controller;Executing asynchronous activity: ExecRobotTask;
27/10/17;09:49:47.803;INFO;Controller;Status = Executing: Initialize;
27/10/17;09:49:47.803;INFO;Controller;State = Running;
27/10/17;09:49:48.593;INFO;Robot Runtime;executing:    Initialize;
27/10/17;09:49:51.397;INFO;Controller;Activity ExecRobotTask ended. Return value: Done;
27/10/17;09:49:51.397;INFO;Controller;State = Ready;
27/10/17;09:49:51.416;INFO;Server;Command: ExecRobotTask (LatchRobGov,500000);
27/10/17;09:49:51.416;INFO;Controller;Executing asynchronous activity: ExecRobotTask;
27/10/17;09:49:51.416;INFO;Controller;Status = Executing: LatchRobGov;
27/10/17;09:49:51.416;INFO;Controller;State = Running;
27/10/17;09:49:52.300;INFO;Robot Runtime;executing:    LatchRobGov;
27/10/17;09:49:52.778;INFO;Controller;Activity ExecRobotTask ended. Return value: Done;
27/10/17;09:49:52.778;INFO;Controller;State = Ready;
27/10/17;09:49:52.792;INFO;Server;Command: ExecRobotTask (TraceSample,500000);
27/10/17;09:49:52.792;INFO;Controller;Executing asynchronous activity: ExecRobotTask;
27/10/17;09:49:52.792;INFO;Controller;Status = Executing: TraceSample;
27/10/17;09:49:52.792;INFO;Controller;State = Running;
27/10/17;09:49:53.548;INFO;Robot Runtime;executing:    TraceSample;
27/10/17;09:49:54.416;INFO;Controller;Activity ExecRobotTask ended. Return value: Done False/False/False;
27/10/17;09:49:54.416;INFO;Controller;State = Ready;
27/10/17;09:49:54.427;INFO;Server;Command: ExecRobotTask (CoolDown,500000);
27/10/17;09:49:54.427;INFO;Controller;Executing asynchronous activity: ExecRobotTask;
27/10/17;09:49:54.427;INFO;Controller;Status = Executing: CoolDown;
27/10/17;09:49:54.427;INFO;Controller;State = Running;
27/10/17;09:49:55.180;INFO;Robot Runtime;executing:    CoolDown;
27/10/17;09:51:02.714;INFO;Controller;Activity ExecRobotTask ended. Return value: Done;
27/10/17;09:51:02.715;INFO;Controller;State = Ready;
27/10/17;09:51:02.949;INFO;Server;Command: ExecRobotTask (Load,500000);
27/10/17;09:51:02.949;INFO;Controller;Executing asynchronous activity: ExecRobotTask;
27/10/17;09:51:02.949;INFO;Controller;Status = Executing: Load;
27/10/17;09:51:02.949;INFO;Controller;State = Running;
27/10/17;09:51:03.988;INFO;Robot Runtime;executing:    Load;
27/10/17;09:51:13.620;INFO;Controller;Activity ExecRobotTask ended. Return value: Done False/True/False;
27/10/17;09:51:13.620;INFO;Controller;State = Ready;
27/10/17;09:51:13.636;INFO;Server;Command: ExecRobotTask (Mount,500000);
27/10/17;09:51:13.637;INFO;Controller;Executing asynchronous activity: ExecRobotTask;
27/10/17;09:51:13.637;INFO;Controller;Status = Executing: Mount;
27/10/17;09:51:13.637;INFO;Controller;State = Running;
27/10/17;09:51:14.416;INFO;Robot Runtime;executing:    Mount;
27/10/17;09:51:21.725;INFO;Controller;Activity ExecRobotTask ended. Return value: Done True/False/False;
27/10/17;09:51:21.725;INFO;Controller;State = Ready;
27/10/17;09:51:21.736;INFO;Server;Command: ExecRobotTask (Park,500000);
27/10/17;09:51:21.736;INFO;Controller;Executing asynchronous activity: ExecRobotTask;
27/10/17;09:51:21.736;INFO;Controller;Status = Executing: Park;
27/10/17;09:51:21.736;INFO;Controller;State = Running;
27/10/17;09:51:22.590;INFO;Robot Runtime;executing:    Park;
27/10/17;09:51:25.947;INFO;Controller;Activity ExecRobotTask ended. Return value: Done;
27/10/17;09:51:25.947;INFO;Controller;State = Ready;
27/10/17;09:51:25.958;INFO;Server;Command: ExecRobotTask (UnlatchRobGov,500000);
27/10/17;09:51:25.958;INFO;Controller;Executing asynchronous activity: ExecRobotTask;
27/10/17;09:51:25.958;INFO;Controller;Status = Executing: UnlatchRobGov;
27/10/17;09:51:25.958;INFO;Controller;State = Running;
27/10/17;09:51:26.749;INFO;Robot Runtime;executing:    UnlatchRobGov;
27/10/17;09:51:26.905;INFO;Controller;Activity ExecRobotTask ended. Return value: Done;
27/10/17;09:51:26.905;INFO;Controller;State = Ready;
27/10/17;09:54:37.003;INFO;Server;Command: ExecRobotTask (Initialize,500000);
27/10/17;09:54:37.003;INFO;Controller;Executing asynchronous activity: ExecRobotTask;
27/10/17;09:54:37.003;INFO;Controller;Status = Executing: Initialize;
27/10/17;09:54:37.003;INFO;Controller;State = Running;
27/10/17;09:54:37.768;INFO;Robot Runtime;executing:    Initialize;
27/10/17;09:54:38.017;INFO;Controller;Activity ExecRobotTask ended. Return value: Done;
27/10/17;09:54:38.017;INFO;Controller;State = Ready;
27/10/17;09:54:38.032;INFO;Server;Command: ExecRobotTask (LatchRobGov,500000);
27/10/17;09:54:38.032;INFO;Controller;Executing asynchronous activity: ExecRobotTask;
27/10/17;09:54:38.032;INFO;Controller;Status = Executing: LatchRobGov;
27/10/17;09:54:38.032;INFO;Controller;State = Running;
27/10/17;09:54:39.091;INFO;Robot Runtime;executing:    LatchRobGov;
27/10/17;09:54:41.343;INFO;Controller;Activity ExecRobotTask ended. Return value: Done;
27/10/17;09:54:41.343;INFO;Controller;State = Ready;
27/10/17;09:54:41.352;INFO;Server;Command: ExecRobotTask (CoolDown,500000);
27/10/17;09:54:41.352;INFO;Controller;Executing asynchronous activity: ExecRobotTask;
27/10/17;09:54:41.352;INFO;Controller;Status = Executing: CoolDown;
27/10/17;09:54:41.352;INFO;Controller;State = Running;
27/10/17;09:54:42.233;INFO;Robot Runtime;executing:    CoolDown;
27/10/17;09:54:42.723;INFO;Controller;Activity ExecRobotTask ended. Return value: Done;
27/10/17;09:54:42.723;INFO;Controller;State = Ready;
27/10/17;09:54:42.735;INFO;Server;Command: ExecRobotTask (TraceSample,500000);
27/10/17;09:54:42.736;INFO;Controller;Executing asynchronous activity: ExecRobotTask;
27/10/17;09:54:42.736;INFO;Controller;Status = Executing: TraceSample;
27/10/17;09:54:42.736;INFO;Controller;State = Running;
27/10/17;09:54:43.476;INFO;Robot Runtime;executing:    TraceSample;
27/10/17;09:54:45.759;INFO;Controller;Activity ExecRobotTask ended. Return value: Done True/False/False;
27/10/17;09:54:45.760;INFO;Controller;State = Ready;
27/10/17;09:54:45.774;INFO;Server;Command: ExecRobotTask (Unmount,500000);
27/10/17;09:54:45.774;INFO;Controller;Executing asynchronous activity: ExecRobotTask;
27/10/17;09:54:45.774;INFO;Controller;Status = Executing: Unmount;
27/10/17;09:54:45.774;INFO;Controller;State = Running;
27/10/17;09:54:46.515;INFO;Robot Runtime;executing:    Unmount;
27/10/17;09:54:53.530;INFO;Controller;Activity ExecRobotTask ended. Return value: Done False/True/False;
27/10/17;09:54:53.530;INFO;Controller;State = Ready;
27/10/17;09:54:53.549;INFO;Server;Command: ExecRobotTask (Unload,500000);
27/10/17;09:54:53.549;INFO;Controller;Executing asynchronous activity: ExecRobotTask;
27/10/17;09:54:53.549;INFO;Controller;Status = Executing: Unload;
27/10/17;09:54:53.549;INFO;Controller;State = Running;
27/10/17;09:54:54.340;INFO;Robot Runtime;executing:    Unload;
27/10/17;09:54:59.064;INFO;Controller;Activity ExecRobotTask ended. Return value: Done False/False/False;
27/10/17;09:54:59.064;INFO;Controller;State = Ready;
27/10/17;09:55:01.328;INFO;Server;Command: ExecRobotTask (Load,500000);
27/10/17;09:55:01.329;INFO;Controller;Executing asynchronous activity: ExecRobotTask;
27/10/17;09:55:01.329;INFO;Controller;Status = Executing: Load;
27/10/17;09:55:01.329;INFO;Controller;State = Running;
27/10/17;09:55:02.382;INFO;Robot Runtime;executing:    Load;
27/10/17;09:55:09.394;INFO;Controller;Activity ExecRobotTask ended. Return value: Done False/True/False;
27/10/17;09:55:09.395;INFO;Controller;State = Ready;
27/10/17;09:55:09.409;INFO;Server;Command: ExecRobotTask (Mount,500000);
27/10/17;09:55:09.410;INFO;Controller;Executing asynchronous activity: ExecRobotTask;
27/10/17;09:55:09.410;INFO;Controller;Status = Executing: Mount;
27/10/17;09:55:09.410;INFO;Controller;State = Running;
27/10/17;09:55:10.284;INFO;Robot Runtime;executing:    Mount;
27/10/17;09:55:17.335;INFO;Controller;Activity ExecRobotTask ended. Return value: Done True/False/False;
27/10/17;09:55:17.335;INFO;Controller;State = Ready;
27/10/17;09:55:17.348;INFO;Server;Command: ExecRobotTask (Park,500000);
27/10/17;09:55:17.349;INFO;Controller;Executing asynchronous activity: ExecRobotTask;
27/10/17;09:55:17.349;INFO;Controller;Status = Executing: Park;
27/10/17;09:55:17.349;INFO;Controller;State = Running;
27/10/17;09:55:18.092;INFO;Robot Runtime;executing:    Park;
27/10/17;09:55:21.471;INFO;Controller;Activity ExecRobotTask ended. Return value: Done;
27/10/17;09:55:21.471;INFO;Controller;State = Ready;
27/10/17;09:55:21.484;INFO;Server;Command: ExecRobotTask (UnlatchRobGov,500000);
27/10/17;09:55:21.484;INFO;Controller;Executing asynchronous activity: ExecRobotTask;
27/10/17;09:55:21.484;INFO;Controller;Status = Executing: UnlatchRobGov;
27/10/17;09:55:21.484;INFO;Controller;State = Running;
27/10/17;09:55:22.274;INFO;Robot Runtime;executing:    UnlatchRobGov;
27/10/17;09:55:22.426;INFO;Controller;Activity ExecRobotTask ended. Return value: Done;
27/10/17;09:55:22.427;INFO;Controller;State = Ready;
27/10/17;12:30:45.910;INFO;Server;Command: ExecRobotTask (Initialize,500000);
27/10/17;12:30:45.916;INFO;Controller;Executing asynchronous activity: ExecRobotTask;
27/10/17;12:30:45.917;INFO;Controller;Status = Executing: Initialize;
27/10/17;12:30:45.917;INFO;Controller;State = Running;
27/10/17;12:30:46.780;INFO;Robot Runtime;executing:    Initialize;
27/10/17;12:30:47.825;INFO;Controller;Activity ExecRobotTask ended. Return value: Done;
27/10/17;12:30:47.826;INFO;Controller;State = Ready;
27/10/17;12:30:47.839;INFO;Server;Command: ExecRobotTask (LatchRobGov,500000);
27/10/17;12:30:47.839;INFO;Controller;Executing asynchronous activity: ExecRobotTask;
27/10/17;12:30:47.839;INFO;Controller;Status = Executing: LatchRobGov;
27/10/17;12:30:47.839;INFO;Controller;State = Running;
27/10/17;12:30:57.864;INFO;Robot;Abort;
27/10/17;12:30:57.957;INFO;Controller;Activity ExecRobotTask ended with exception: Timeout waiting busy;
27/10/17;12:30:57.957;WARNING;Activity;Exception: Robot timeout waiting busy
Stack trace:
org.embl.ctrl.Device$TimeoutWaitBusyException: Timeout waiting busy
	at org.embl.dev.staubli.StaubliRobot.executeTask(StaubliRobot.java:1162)
	at org.embl.dev.staubli.StaubliRobot.executeTask(StaubliRobot.java:1124)
	at org.embl.sw.Control.execRobotTask(Control.java:489)
	at org.embl.sw.Control$2.run(Control.java:380)
	at org.embl.task.ActivityManager.runTask(ActivityManager.java:104)
	at org.embl.task.ActivityManager.access$000(ActivityManager.java:22)
	at org.embl.task.ActivityManager$ActivityThread.run(ActivityManager.java:145)
;
27/10/17;12:30:57.957;INFO;Controller;State = Ready;
27/10/17;12:32:08.297;INFO;Server;Command: ExecRobotTask (Initialize,500000);
27/10/17;12:32:08.297;INFO;Controller;Executing asynchronous activity: ExecRobotTask;
27/10/17;12:32:08.298;INFO;Controller;Status = Executing: Initialize;
27/10/17;12:32:08.298;INFO;Controller;State = Running;
27/10/17;12:32:09.086;INFO;Robot Runtime;executing:    Initialize;
27/10/17;12:32:09.245;INFO;Controller;Activity ExecRobotTask ended. Return value: Done;
27/10/17;12:32:09.245;INFO;Controller;State = Ready;
27/10/17;12:32:09.256;INFO;Server;Command: ExecRobotTask (LatchRobGov,500000);
27/10/17;12:32:09.256;INFO;Controller;Executing asynchronous activity: ExecRobotTask;
27/10/17;12:32:09.256;INFO;Controller;Status = Executing: LatchRobGov;
27/10/17;12:32:09.256;INFO;Controller;State = Running;
27/10/17;12:32:10.311;INFO;Robot Runtime;executing:    LatchRobGov;
27/10/17;12:32:12.562;INFO;Controller;Activity ExecRobotTask ended. Return value: Done;
27/10/17;12:32:12.562;INFO;Controller;State = Ready;
27/10/17;12:32:12.580;INFO;Server;Command: ExecRobotTask (CoolDown,500000);
27/10/17;12:32:12.580;INFO;Controller;Executing asynchronous activity: ExecRobotTask;
27/10/17;12:32:12.580;INFO;Controller;Status = Executing: CoolDown;
27/10/17;12:32:12.580;INFO;Controller;State = Running;
27/10/17;12:32:13.336;INFO;Robot Runtime;executing:    CoolDown;
27/10/17;12:32:13.681;INFO;Controller;Activity ExecRobotTask ended. Return value: Done;
27/10/17;12:32:13.681;INFO;Controller;State = Ready;
27/10/17;12:32:13.692;INFO;Server;Command: ExecRobotTask (TraceSample,500000);
27/10/17;12:32:13.692;INFO;Controller;Executing asynchronous activity: ExecRobotTask;
27/10/17;12:32:13.692;INFO;Controller;Status = Executing: TraceSample;
27/10/17;12:32:13.692;INFO;Controller;State = Running;
27/10/17;12:32:14.433;INFO;Robot Runtime;executing:    TraceSample;
27/10/17;12:32:16.700;INFO;Controller;Activity ExecRobotTask ended. Return value: Done True/False/False;
27/10/17;12:32:16.701;INFO;Controller;State = Ready;
27/10/17;12:32:16.721;INFO;Server;Command: ExecRobotTask (Unmount,500000);
27/10/17;12:32:16.721;INFO;Controller;Executing asynchronous activity: ExecRobotTask;
27/10/17;12:32:16.721;INFO;Controller;Status = Executing: Unmount;
27/10/17;12:32:16.722;INFO;Controller;State = Running;
27/10/17;12:32:17.462;INFO;Robot Runtime;executing:    Unmount;
27/10/17;12:32:24.698;INFO;Controller;Activity ExecRobotTask ended. Return value: Done False/True/False;
27/10/17;12:32:24.699;INFO;Controller;State = Ready;
27/10/17;12:32:24.721;INFO;Server;Command: ExecRobotTask (Unload,500000);
27/10/17;12:32:24.721;INFO;Controller;Executing asynchronous activity: ExecRobotTask;
27/10/17;12:32:24.721;INFO;Controller;Status = Executing: Unload;
27/10/17;12:32:24.721;INFO;Controller;State = Running;
27/10/17;12:32:25.607;INFO;Robot Runtime;executing:    Unload;
27/10/17;12:32:30.476;INFO;Controller;Activity ExecRobotTask ended. Return value: Done False/False/False;
27/10/17;12:32:30.476;INFO;Controller;State = Ready;
27/10/17;12:32:32.731;INFO;Server;Command: ExecRobotTask (Load,500000);
27/10/17;12:32:32.731;INFO;Controller;Executing asynchronous activity: ExecRobotTask;
27/10/17;12:32:32.732;INFO;Controller;Status = Executing: Load;
27/10/17;12:32:32.732;INFO;Controller;State = Running;
27/10/17;12:32:33.831;INFO;Robot Runtime;executing:    Load;
27/10/17;12:32:40.605;INFO;Controller;Activity ExecRobotTask ended. Return value: Done False/True/False;
27/10/17;12:32:40.606;INFO;Controller;State = Ready;
27/10/17;12:32:40.629;INFO;Server;Command: ExecRobotTask (Mount,500000);
27/10/17;12:32:40.629;INFO;Controller;Executing asynchronous activity: ExecRobotTask;
27/10/17;12:32:40.629;INFO;Controller;Status = Executing: Mount;
27/10/17;12:32:40.629;INFO;Controller;State = Running;
27/10/17;12:32:41.378;INFO;Robot Runtime;executing:    Mount;
27/10/17;12:32:49.327;INFO;Controller;Activity ExecRobotTask ended. Return value: Done True/False/False;
27/10/17;12:32:49.328;INFO;Controller;State = Ready;
27/10/17;12:32:49.342;INFO;Server;Command: ExecRobotTask (Park,500000);
27/10/17;12:32:49.342;INFO;Controller;Executing asynchronous activity: ExecRobotTask;
27/10/17;12:32:49.342;INFO;Controller;Status = Executing: Park;
27/10/17;12:32:49.342;INFO;Controller;State = Running;
27/10/17;12:32:50.085;INFO;Robot Runtime;executing:    Park;
27/10/17;12:32:53.105;INFO;Controller;Activity ExecRobotTask ended. Return value: Done;
27/10/17;12:32:53.105;INFO;Controller;State = Ready;
27/10/17;12:32:53.125;INFO;Server;Command: ExecRobotTask (UnlatchRobGov,500000);
27/10/17;12:32:53.126;INFO;Controller;Executing asynchronous activity: ExecRobotTask;
27/10/17;12:32:53.126;INFO;Controller;Status = Executing: UnlatchRobGov;
27/10/17;12:32:53.126;INFO;Controller;State = Running;
27/10/17;12:32:53.916;INFO;Robot Runtime;executing:    UnlatchRobGov;
27/10/17;12:32:54.395;INFO;Controller;Activity ExecRobotTask ended. Return value: Done;
27/10/17;12:32:54.396;INFO;Controller;State = Ready;
27/10/17;14:02:58.708;INFO;Server;Command: ExecRobotTask (Initialize,500000);
27/10/17;14:02:58.714;INFO;Controller;Executing asynchronous activity: ExecRobotTask;
27/10/17;14:02:58.714;INFO;Controller;Status = Executing: Initialize;
27/10/17;14:02:58.714;INFO;Controller;State = Running;
27/10/17;14:02:59.585;INFO;Robot Runtime;executing:    Initialize;
27/10/17;14:03:00.199;INFO;Controller;Activity ExecRobotTask ended. Return value: Done;
27/10/17;14:03:00.199;INFO;Controller;State = Ready;
27/10/17;14:03:00.206;INFO;Server;Command: ExecRobotTask (LatchRobGov,500000);
27/10/17;14:03:00.206;INFO;Controller;Executing asynchronous activity: ExecRobotTask;
27/10/17;14:03:00.206;INFO;Controller;Status = Executing: LatchRobGov;
27/10/17;14:03:00.206;INFO;Controller;State = Running;
27/10/17;14:03:01.307;INFO;Robot Runtime;executing:    LatchRobGov;
27/10/17;14:03:02.361;INFO;Controller;Activity ExecRobotTask ended. Return value: Done;
27/10/17;14:03:02.361;INFO;Controller;State = Ready;
27/10/17;14:03:02.374;INFO;Server;Command: ExecRobotTask (CoolDown,500000);
27/10/17;14:03:02.374;INFO;Controller;Executing asynchronous activity: ExecRobotTask;
27/10/17;14:03:02.374;INFO;Controller;Status = Executing: CoolDown;
27/10/17;14:03:02.374;INFO;Controller;State = Running;
27/10/17;14:03:03.137;INFO;Robot Runtime;executing:    CoolDown;
27/10/17;14:03:03.480;INFO;Controller;Activity ExecRobotTask ended. Return value: Done;
27/10/17;14:03:03.480;INFO;Controller;State = Ready;
27/10/17;14:03:03.493;INFO;Server;Command: ExecRobotTask (TraceSample,500000);
27/10/17;14:03:03.493;INFO;Controller;Executing asynchronous activity: ExecRobotTask;
27/10/17;14:03:03.493;INFO;Controller;Status = Executing: TraceSample;
27/10/17;14:03:03.493;INFO;Controller;State = Running;
27/10/17;14:03:04.230;INFO;Robot Runtime;executing:    TraceSample;
27/10/17;14:03:06.500;INFO;Controller;Activity ExecRobotTask ended. Return value: Done True/False/False;
27/10/17;14:03:06.500;INFO;Controller;State = Ready;
27/10/17;14:03:06.508;INFO;Server;Command: ExecRobotTask (Unmount,500000);
27/10/17;14:03:06.508;INFO;Controller;Executing asynchronous activity: ExecRobotTask;
27/10/17;14:03:06.509;INFO;Controller;Status = Executing: Unmount;
27/10/17;14:03:06.509;INFO;Controller;State = Running;
27/10/17;14:03:07.252;INFO;Robot Runtime;executing:    Unmount;
27/10/17;14:03:14.817;INFO;Controller;Activity ExecRobotTask ended. Return value: Done False/True/False;
27/10/17;14:03:14.818;INFO;Controller;State = Ready;
27/10/17;14:03:14.830;INFO;Server;Command: ExecRobotTask (Unload,500000);
27/10/17;14:03:14.831;INFO;Controller;Executing asynchronous activity: ExecRobotTask;
27/10/17;14:03:14.831;INFO;Controller;Status = Executing: Unload;
27/10/17;14:03:14.831;INFO;Controller;State = Running;
27/10/17;14:03:15.716;INFO;Robot Runtime;executing:    Unload;
27/10/17;14:03:20.511;INFO;Controller;Activity ExecRobotTask ended. Return value: Done False/False/False;
27/10/17;14:03:20.511;INFO;Controller;State = Ready;
27/10/17;14:03:22.772;INFO;Server;Command: ExecRobotTask (Load,500000);
27/10/17;14:03:22.772;INFO;Controller;Executing asynchronous activity: ExecRobotTask;
27/10/17;14:03:22.772;INFO;Controller;Status = Executing: Load;
27/10/17;14:03:22.772;INFO;Controller;State = Running;
27/10/17;14:03:23.860;INFO;Robot Runtime;executing:    Load;
27/10/17;14:03:30.805;INFO;Controller;Activity ExecRobotTask ended. Return value: Done False/True/False;
27/10/17;14:03:30.805;INFO;Controller;State = Ready;
27/10/17;14:03:30.817;INFO;Server;Command: ExecRobotTask (Mount,500000);
27/10/17;14:03:30.817;INFO;Controller;Executing asynchronous activity: ExecRobotTask;
27/10/17;14:03:30.817;INFO;Controller;Status = Executing: Mount;
27/10/17;14:03:30.817;INFO;Controller;State = Running;
27/10/17;14:03:31.563;INFO;Robot Runtime;executing:    Mount;
27/10/17;14:03:38.957;INFO;Controller;Activity ExecRobotTask ended. Return value: Done True/False/False;
27/10/17;14:03:38.957;INFO;Controller;State = Ready;
27/10/17;14:03:38.971;INFO;Server;Command: ExecRobotTask (Park,500000);
27/10/17;14:03:38.971;INFO;Controller;Executing asynchronous activity: ExecRobotTask;
27/10/17;14:03:38.971;INFO;Controller;Status = Executing: Park;
27/10/17;14:03:38.971;INFO;Controller;State = Running;
27/10/17;14:03:39.717;INFO;Robot Runtime;executing:    Park;
27/10/17;14:03:43.074;INFO;Controller;Activity ExecRobotTask ended. Return value: Done;
27/10/17;14:03:43.074;INFO;Controller;State = Ready;
27/10/17;14:03:43.087;INFO;Server;Command: ExecRobotTask (UnlatchRobGov,500000);
27/10/17;14:03:43.087;INFO;Controller;Executing asynchronous activity: ExecRobotTask;
27/10/17;14:03:43.087;INFO;Controller;Status = Executing: UnlatchRobGov;
27/10/17;14:03:43.087;INFO;Controller;State = Running;
27/10/17;14:03:43.871;INFO;Robot Runtime;executing:    UnlatchRobGov;
27/10/17;14:03:44.034;INFO;Controller;Activity ExecRobotTask ended. Return value: Done;
27/10/17;14:03:44.825;INFO;Controller;State = Ready;
27/10/17;14:58:43.224;INFO;Server;Command: ExecRobotTask (Initialize,500000);
27/10/17;14:58:43.227;INFO;Controller;Executing asynchronous activity: ExecRobotTask;
27/10/17;14:58:43.227;INFO;Controller;Status = Executing: Initialize;
27/10/17;14:58:43.227;INFO;Controller;State = Running;
27/10/17;14:58:44.115;INFO;Robot Runtime;executing:    Initialize;
27/10/17;14:58:44.670;INFO;Controller;Activity ExecRobotTask ended. Return value: Done;
27/10/17;14:58:44.670;INFO;Controller;State = Ready;
27/10/17;14:58:44.682;INFO;Server;Command: ExecRobotTask (LatchRobGov,500000);
27/10/17;14:58:44.682;INFO;Controller;Executing asynchronous activity: ExecRobotTask;
27/10/17;14:58:44.683;INFO;Controller;Status = Executing: LatchRobGov;
27/10/17;14:58:44.683;INFO;Controller;State = Running;
27/10/17;14:58:45.746;INFO;Robot Runtime;executing:    LatchRobGov;
27/10/17;14:58:49.087;INFO;Controller;Activity ExecRobotTask ended. Return value: Done;
27/10/17;14:58:50.774;INFO;Controller;State = Ready;
27/10/17;14:58:50.789;INFO;Server;Command: ExecRobotTask (CoolDown,500000);
27/10/17;14:58:50.790;INFO;Controller;Executing asynchronous activity: ExecRobotTask;
27/10/17;14:58:50.790;INFO;Controller;Status = Executing: CoolDown;
27/10/17;14:58:50.790;INFO;Controller;State = Running;
27/10/17;14:58:51.548;INFO;Robot Runtime;executing:    CoolDown;
27/10/17;14:58:51.944;INFO;Controller;Activity ExecRobotTask ended. Return value: Done;
27/10/17;14:58:51.944;INFO;Controller;State = Ready;
27/10/17;14:58:51.961;INFO;Server;Command: ExecRobotTask (TraceSample,500000);
27/10/17;14:58:51.962;INFO;Controller;Executing asynchronous activity: ExecRobotTask;
27/10/17;14:58:51.962;INFO;Controller;Status = Executing: TraceSample;
27/10/17;14:58:51.962;INFO;Controller;State = Running;
27/10/17;14:58:52.706;INFO;Robot Runtime;executing:    TraceSample;
27/10/17;14:58:54.963;INFO;Controller;Activity ExecRobotTask ended. Return value: Done True/False/False;
27/10/17;14:58:54.963;INFO;Controller;State = Ready;
27/10/17;14:58:54.981;INFO;Server;Command: ExecRobotTask (Unmount,500000);
27/10/17;14:58:54.982;INFO;Controller;Executing asynchronous activity: ExecRobotTask;
27/10/17;14:58:54.982;INFO;Controller;Status = Executing: Unmount;
27/10/17;14:58:54.982;INFO;Controller;State = Running;
27/10/17;14:58:55.724;INFO;Robot Runtime;executing:    Unmount;
27/10/17;14:59:03.946;INFO;Controller;Activity ExecRobotTask ended. Return value: Done False/True/False;
27/10/17;14:59:03.946;INFO;Controller;State = Ready;
27/10/17;14:59:03.957;INFO;Server;Command: ExecRobotTask (Unload,500000);
27/10/17;14:59:03.957;INFO;Controller;Executing asynchronous activity: ExecRobotTask;
27/10/17;14:59:03.957;INFO;Controller;Status = Executing: Unload;
27/10/17;14:59:03.957;INFO;Controller;State = Running;
27/10/17;14:59:04.868;INFO;Robot Runtime;executing:    Unload;
27/10/17;14:59:09.727;INFO;Controller;Activity ExecRobotTask ended. Return value: Done False/False/False;
27/10/17;14:59:09.727;INFO;Controller;State = Ready;
27/10/17;14:59:09.753;INFO;Server;Command: ExecRobotTask (UnlatchRobGov,500000);
27/10/17;14:59:09.753;INFO;Controller;Executing asynchronous activity: ExecRobotTask;
27/10/17;14:59:09.753;INFO;Controller;Status = Executing: UnlatchRobGov;
27/10/17;14:59:09.753;INFO;Controller;State = Running;
27/10/17;14:59:10.521;INFO;Robot Runtime;executing:    UnlatchRobGov;
27/10/17;14:59:11.099;INFO;Controller;Activity ExecRobotTask ended. Return value: Done;
27/10/17;14:59:11.099;INFO;Controller;State = Ready;
27/10/17;14:59:11.118;INFO;Server;Command: ExecRobotTask (Finish,500000);
27/10/17;14:59:11.118;INFO;Controller;Executing asynchronous activity: ExecRobotTask;
27/10/17;14:59:11.118;INFO;Controller;Status = Executing: Finish;
27/10/17;14:59:11.118;INFO;Controller;State = Running;
27/10/17;14:59:12.145;INFO;Robot Runtime;executing:    Finish;
27/10/17;15:01:51.508;INFO;Controller;Activity ExecRobotTask ended. Return value: Done;
27/10/17;15:01:51.508;INFO;Controller;State = Ready;
27/10/17;15:23:33.387;INFO;Server;Command: ExecRobotTask (Initialize,500000);
27/10/17;15:23:33.390;INFO;Controller;Executing asynchronous activity: ExecRobotTask;
27/10/17;15:23:33.390;INFO;Controller;Status = Executing: Initialize;
27/10/17;15:23:33.390;INFO;Controller;State = Running;
27/10/17;15:23:34.196;INFO;Robot Runtime;executing:    Initialize;
27/10/17;15:23:35.156;INFO;Controller;Activity ExecRobotTask ended. Return value: Done;
27/10/17;15:23:35.156;INFO;Controller;State = Ready;
27/10/17;15:23:35.167;INFO;Server;Command: ExecRobotTask (LatchRobGov,500000);
27/10/17;15:23:35.167;INFO;Controller;Executing asynchronous activity: ExecRobotTask;
27/10/17;15:23:35.167;INFO;Controller;Status = Executing: LatchRobGov;
27/10/17;15:23:35.167;INFO;Controller;State = Running;
27/10/17;15:23:36.058;INFO;Robot Runtime;executing:    LatchRobGov;
27/10/17;15:23:36.716;INFO;Controller;Activity ExecRobotTask ended. Return value: Done;
27/10/17;15:23:36.716;INFO;Controller;State = Ready;
27/10/17;15:23:36.732;INFO;Server;Command: ExecRobotTask (TraceSample,500000);
27/10/17;15:23:36.732;INFO;Controller;Executing asynchronous activity: ExecRobotTask;
27/10/17;15:23:36.732;INFO;Controller;Status = Executing: TraceSample;
27/10/17;15:23:36.732;INFO;Controller;State = Running;
27/10/17;15:23:37.490;INFO;Robot Runtime;executing:    TraceSample;
27/10/17;15:23:38.354;INFO;Controller;Activity ExecRobotTask ended. Return value: Done False/False/False;
27/10/17;15:23:38.354;INFO;Controller;State = Ready;
27/10/17;15:23:38.368;INFO;Server;Command: ExecRobotTask (CoolDown,500000);
27/10/17;15:23:38.368;INFO;Controller;Executing asynchronous activity: ExecRobotTask;
27/10/17;15:23:38.368;INFO;Controller;Status = Executing: CoolDown;
27/10/17;15:23:38.368;INFO;Controller;State = Running;
27/10/17;15:23:39.121;INFO;Robot Runtime;executing:    CoolDown;
27/10/17;15:24:45.662;INFO;Controller;Activity ExecRobotTask ended. Return value: Done;
27/10/17;15:24:45.662;INFO;Controller;State = Ready;
27/10/17;15:24:45.877;INFO;Server;Command: ExecRobotTask (Load,500000);
27/10/17;15:24:45.878;INFO;Controller;Executing asynchronous activity: ExecRobotTask;
27/10/17;15:24:45.878;INFO;Controller;Status = Executing: Load;
27/10/17;15:24:45.878;INFO;Controller;State = Running;
27/10/17;15:24:46.945;INFO;Robot Runtime;executing:    Load;
27/10/17;15:24:56.820;INFO;Controller;Activity ExecRobotTask ended. Return value: Done False/True/False;
27/10/17;15:24:56.821;INFO;Controller;State = Ready;
27/10/17;15:24:56.833;INFO;Server;Command: ExecRobotTask (Mount,500000);
27/10/17;15:24:56.834;INFO;Controller;Executing asynchronous activity: ExecRobotTask;
27/10/17;15:24:56.834;INFO;Controller;Status = Executing: Mount;
27/10/17;15:24:56.834;INFO;Controller;State = Running;
27/10/17;15:24:57.606;INFO;Robot Runtime;executing:    Mount;
27/10/17;15:25:04.662;INFO;Controller;Activity ExecRobotTask ended. Return value: Done True/False/False;
27/10/17;15:25:04.662;INFO;Controller;State = Ready;
27/10/17;15:25:04.674;INFO;Server;Command: ExecRobotTask (Park,500000);
27/10/17;15:25:04.674;INFO;Controller;Executing asynchronous activity: ExecRobotTask;
27/10/17;15:25:04.674;INFO;Controller;Status = Executing: Park;
27/10/17;15:25:04.674;INFO;Controller;State = Running;
27/10/17;15:25:05.535;INFO;Robot Runtime;executing:    Park;
27/10/17;15:25:08.885;INFO;Controller;Activity ExecRobotTask ended. Return value: Done;
27/10/17;15:25:08.885;INFO;Controller;State = Ready;
27/10/17;15:25:08.903;INFO;Server;Command: ExecRobotTask (UnlatchRobGov,500000);
27/10/17;15:25:08.903;INFO;Controller;Executing asynchronous activity: ExecRobotTask;
27/10/17;15:25:08.903;INFO;Controller;Status = Executing: UnlatchRobGov;
27/10/17;15:25:08.903;INFO;Controller;State = Running;
27/10/17;15:25:09.687;INFO;Robot Runtime;executing:    UnlatchRobGov;
27/10/17;15:25:09.845;INFO;Controller;Activity ExecRobotTask ended. Return value: Done;
27/10/17;15:25:09.845;INFO;Controller;State = Ready;
27/10/17;15:53:17.364;INFO;Server;Command: ExecRobotTask (Initialize,500000);
27/10/17;15:53:17.367;INFO;Controller;Executing asynchronous activity: ExecRobotTask;
27/10/17;15:53:17.367;INFO;Controller;Status = Executing: Initialize;
27/10/17;15:53:17.367;INFO;Controller;State = Running;
27/10/17;15:53:18.178;INFO;Robot Runtime;executing:    Initialize;
27/10/17;15:53:19.234;INFO;Controller;Activity ExecRobotTask ended. Return value: Done;
27/10/17;15:53:19.234;INFO;Controller;State = Ready;
27/10/17;15:53:19.262;INFO;Server;Command: ExecRobotTask (LatchRobGov,500000);
27/10/17;15:53:19.262;INFO;Controller;Executing asynchronous activity: ExecRobotTask;
27/10/17;15:53:19.262;INFO;Controller;Status = Executing: LatchRobGov;
27/10/17;15:53:19.262;INFO;Controller;State = Running;
27/10/17;15:53:20.374;INFO;Robot Runtime;executing:    LatchRobGov;
27/10/17;15:53:23.891;INFO;Controller;Activity ExecRobotTask ended. Return value: Done;
27/10/17;15:53:23.891;INFO;Controller;State = Ready;
27/10/17;15:53:23.916;INFO;Server;Command: ExecRobotTask (CoolDown,500000);
27/10/17;15:53:23.916;INFO;Controller;Executing asynchronous activity: ExecRobotTask;
27/10/17;15:53:23.916;INFO;Controller;Status = Executing: CoolDown;
27/10/17;15:53:23.916;INFO;Controller;State = Running;
27/10/17;15:53:24.675;INFO;Robot Runtime;executing:    CoolDown;
27/10/17;15:53:24.848;INFO;Controller;Activity ExecRobotTask ended. Return value: Done;
27/10/17;15:53:24.848;INFO;Controller;State = Ready;
27/10/17;15:53:24.865;INFO;Server;Command: ExecRobotTask (TraceSample,500000);
27/10/17;15:53:24.865;INFO;Controller;Executing asynchronous activity: ExecRobotTask;
27/10/17;15:53:24.865;INFO;Controller;Status = Executing: TraceSample;
27/10/17;15:53:24.865;INFO;Controller;State = Running;
27/10/17;15:53:25.630;INFO;Robot Runtime;executing:    TraceSample;
27/10/17;15:53:28.229;INFO;Controller;Activity ExecRobotTask ended. Return value: Done True/False/False;
27/10/17;15:53:28.230;INFO;Controller;State = Ready;
27/10/17;15:53:28.252;INFO;Server;Command: ExecRobotTask (Unmount,500000);
27/10/17;15:53:28.252;INFO;Controller;Executing asynchronous activity: ExecRobotTask;
27/10/17;15:53:28.252;INFO;Controller;Status = Executing: Unmount;
27/10/17;15:53:28.252;INFO;Controller;State = Running;
27/10/17;15:53:28.997;INFO;Robot Runtime;executing:    Unmount;
27/10/17;15:53:35.731;INFO;Controller;Activity ExecRobotTask ended. Return value: Done False/True/False;
27/10/17;15:53:35.731;INFO;Controller;State = Ready;
27/10/17;15:53:35.755;INFO;Server;Command: ExecRobotTask (Unload,500000);
27/10/17;15:53:35.756;INFO;Controller;Executing asynchronous activity: ExecRobotTask;
27/10/17;15:53:35.756;INFO;Controller;Status = Executing: Unload;
27/10/17;15:53:35.756;INFO;Controller;State = Running;
27/10/17;15:53:36.619;INFO;Robot Runtime;executing:    Unload;
27/10/17;15:53:41.499;INFO;Controller;Activity ExecRobotTask ended. Return value: Done False/False/False;
27/10/17;15:53:41.499;INFO;Controller;State = Ready;
27/10/17;15:53:43.779;INFO;Server;Command: ExecRobotTask (Load,500000);
27/10/17;15:53:43.779;INFO;Controller;Executing asynchronous activity: ExecRobotTask;
27/10/17;15:53:43.780;INFO;Controller;Status = Executing: Load;
27/10/17;15:53:43.780;INFO;Controller;State = Running;
27/10/17;15:53:44.882;INFO;Robot Runtime;executing:    Load;
27/10/17;15:53:51.932;INFO;Controller;Activity ExecRobotTask ended. Return value: Done False/True/False;
27/10/17;15:53:51.933;INFO;Controller;State = Ready;
27/10/17;15:53:51.963;INFO;Server;Command: ExecRobotTask (Mount,500000);
27/10/17;15:53:51.963;INFO;Controller;Executing asynchronous activity: ExecRobotTask;
27/10/17;15:53:51.963;INFO;Controller;Status = Executing: Mount;
27/10/17;15:53:51.963;INFO;Controller;State = Running;
27/10/17;15:53:52.709;INFO;Robot Runtime;executing:    Mount;
27/10/17;15:54:00.582;INFO;Controller;Activity ExecRobotTask ended. Return value: Done True/False/False;
27/10/17;15:54:00.582;INFO;Controller;State = Ready;
27/10/17;15:54:00.612;INFO;Server;Command: ExecRobotTask (Park,500000);
27/10/17;15:54:00.612;INFO;Controller;Executing asynchronous activity: ExecRobotTask;
27/10/17;15:54:00.612;INFO;Controller;Status = Executing: Park;
27/10/17;15:54:00.612;INFO;Controller;State = Running;
27/10/17;15:54:01.354;INFO;Robot Runtime;executing:    Park;
27/10/17;15:54:04.848;INFO;Controller;Activity ExecRobotTask ended. Return value: Done;
27/10/17;15:54:04.849;INFO;Controller;State = Ready;
27/10/17;15:54:04.876;INFO;Server;Command: ExecRobotTask (UnlatchRobGov,500000);
27/10/17;15:54:04.876;INFO;Controller;Executing asynchronous activity: ExecRobotTask;
27/10/17;15:54:04.876;INFO;Controller;Status = Executing: UnlatchRobGov;
27/10/17;15:54:04.876;INFO;Controller;State = Running;
27/10/17;15:54:05.667;INFO;Robot Runtime;executing:    UnlatchRobGov;
27/10/17;15:54:05.803;INFO;Controller;Activity ExecRobotTask ended. Return value: Done;
27/10/17;15:54:05.803;INFO;Controller;State = Ready;
27/10/17;16:26:06.021;INFO;Server;Command: ExecRobotTask (Initialize,500000);
27/10/17;16:26:06.024;INFO;Controller;Executing asynchronous activity: ExecRobotTask;
27/10/17;16:26:06.024;INFO;Controller;Status = Executing: Initialize;
27/10/17;16:26:06.024;INFO;Controller;State = Running;
27/10/17;16:26:06.926;INFO;Robot Runtime;executing:    Initialize;
27/10/17;16:26:07.563;INFO;Controller;Activity ExecRobotTask ended. Return value: Done;
27/10/17;16:26:07.563;INFO;Controller;State = Ready;
27/10/17;16:26:07.584;INFO;Server;Command: ExecRobotTask (LatchRobGov,500000);
27/10/17;16:26:07.584;INFO;Controller;Executing asynchronous activity: ExecRobotTask;
27/10/17;16:26:07.584;INFO;Controller;Status = Executing: LatchRobGov;
27/10/17;16:26:07.585;INFO;Controller;State = Running;
27/10/17;16:26:08.643;INFO;Robot Runtime;executing:    LatchRobGov;
27/10/17;16:26:09.728;INFO;Controller;Activity ExecRobotTask ended. Return value: Done;
27/10/17;16:26:09.728;INFO;Controller;State = Ready;
27/10/17;16:26:09.749;INFO;Server;Command: ExecRobotTask (CoolDown,500000);
27/10/17;16:26:09.749;INFO;Controller;Executing asynchronous activity: ExecRobotTask;
27/10/17;16:26:09.749;INFO;Controller;Status = Executing: CoolDown;
27/10/17;16:26:09.749;INFO;Controller;State = Running;
27/10/17;16:26:10.499;INFO;Robot Runtime;executing:    CoolDown;
27/10/17;16:26:10.845;INFO;Controller;Activity ExecRobotTask ended. Return value: Done;
27/10/17;16:26:10.845;INFO;Controller;State = Ready;
27/10/17;16:26:10.864;INFO;Server;Command: ExecRobotTask (TraceSample,500000);
27/10/17;16:26:10.864;INFO;Controller;Executing asynchronous activity: ExecRobotTask;
27/10/17;16:26:10.864;INFO;Controller;Status = Executing: TraceSample;
27/10/17;16:26:10.864;INFO;Controller;State = Running;
27/10/17;16:26:11.608;INFO;Robot Runtime;executing:    TraceSample;
27/10/17;16:26:13.868;INFO;Controller;Activity ExecRobotTask ended. Return value: Done True/False/False;
27/10/17;16:26:13.868;INFO;Controller;State = Ready;
27/10/17;16:26:13.887;INFO;Server;Command: ExecRobotTask (Unmount,500000);
27/10/17;16:26:13.887;INFO;Controller;Executing asynchronous activity: ExecRobotTask;
27/10/17;16:26:13.887;INFO;Controller;Status = Executing: Unmount;
27/10/17;16:26:13.887;INFO;Controller;State = Running;
27/10/17;16:26:14.634;INFO;Robot Runtime;executing:    Unmount;
27/10/17;16:26:21.848;INFO;Controller;Activity ExecRobotTask ended. Return value: Done False/True/False;
27/10/17;16:26:21.848;INFO;Controller;State = Ready;
27/10/17;16:26:21.867;INFO;Server;Command: ExecRobotTask (Unload,500000);
27/10/17;16:26:21.867;INFO;Controller;Executing asynchronous activity: ExecRobotTask;
27/10/17;16:26:21.867;INFO;Controller;Status = Executing: Unload;
27/10/17;16:26:21.867;INFO;Controller;State = Running;
27/10/17;16:26:22.795;INFO;Robot Runtime;executing:    Unload;
27/10/17;16:26:27.621;INFO;Controller;Activity ExecRobotTask ended. Return value: Done False/False/False;
27/10/17;16:26:27.621;INFO;Controller;State = Ready;
27/10/17;16:26:27.646;INFO;Server;Command: ExecRobotTask (UnlatchRobGov,500000);
27/10/17;16:26:27.647;INFO;Controller;Executing asynchronous activity: ExecRobotTask;
27/10/17;16:26:27.647;INFO;Controller;Status = Executing: UnlatchRobGov;
27/10/17;16:26:27.647;INFO;Controller;State = Running;
27/10/17;16:26:28.413;INFO;Robot Runtime;executing:    UnlatchRobGov;
27/10/17;16:26:29.249;INFO;Controller;Activity ExecRobotTask ended. Return value: Done;
27/10/17;16:26:29.249;INFO;Controller;State = Ready;
27/10/17;16:26:29.268;INFO;Server;Command: ExecRobotTask (Finish,500000);
27/10/17;16:26:29.268;INFO;Controller;Executing asynchronous activity: ExecRobotTask;
27/10/17;16:26:29.268;INFO;Controller;Status = Executing: Finish;
27/10/17;16:26:29.268;INFO;Controller;State = Running;
27/10/17;16:26:30.301;INFO;Robot Runtime;executing:    Finish;
27/10/17;16:29:04.401;INFO;Controller;Activity ExecRobotTask ended. Return value: Done;
27/10/17;16:29:04.401;INFO;Controller;State = Ready;
