27/12/17;18:18:16.777;INFO;Interface;Command: ExecRobotTask (checkToolConfig,-1);
27/12/17;18:18:16.852;INFO;Controller;Executing asynchronous activity: ExecRobotTask;
27/12/17;18:18:16.852;INFO;Controller;Status = Executing: checkToolConfig;
27/12/17;18:18:16.852;INFO;Controller;State = Running;
27/12/17;18:18:17.011;INFO;Robot Runtime;executing:    checkToolConfig;
27/12/17;18:18:17.053;INFO;Robot Runtime;Invalid Gripper: C014;
27/12/17;18:18:17.074;INFO;Robot Runtime;Invalid Gripper: C017;
27/12/17;18:18:17.095;INFO;Robot Runtime;Valid Gripper: C015;
27/12/17;18:18:17.116;INFO;Robot Runtime;Valid Gripper: C019;
27/12/17;18:18:17.137;INFO;Robot Runtime;Current Tool: C014 (Invalid);
27/12/17;18:18:17.297;INFO;Controller;Activity ExecRobotTask ended. Return value: Done;
27/12/17;18:18:17.297;INFO;Controller;State = Ready;
27/12/17;18:18:30.081;INFO;Interface;Command: ExecRobotTask (swapTools,-1);
27/12/17;18:18:30.082;INFO;Controller;Executing asynchronous activity: ExecRobotTask;
27/12/17;18:18:30.082;INFO;Controller;Status = Executing: swapTools;
27/12/17;18:18:30.082;INFO;Controller;State = Running;
27/12/17;18:18:30.235;INFO;Robot Runtime;executing:    swapTools;
27/12/17;18:18:30.645;INFO;Controller;Activity ExecRobotTask ended. Return value: Done;
27/12/17;18:18:30.645;INFO;Controller;State = Ready;
27/12/17;18:18:44.455;INFO;Interface;Command: ExecRobotTask (checkToolConfig,-1);
27/12/17;18:18:44.456;INFO;Controller;Executing asynchronous activity: ExecRobotTask;
27/12/17;18:18:44.456;INFO;Controller;Status = Executing: checkToolConfig;
27/12/17;18:18:44.456;INFO;Controller;State = Running;
27/12/17;18:18:44.605;INFO;Robot Runtime;executing:    checkToolConfig;
27/12/17;18:18:44.647;INFO;Robot Runtime;Invalid Gripper: C014;
27/12/17;18:18:44.668;INFO;Robot Runtime;Invalid Gripper: C017;
27/12/17;18:18:44.688;INFO;Robot Runtime;Valid Gripper: C015;
27/12/17;18:18:44.709;INFO;Robot Runtime;Valid Gripper: C019;
27/12/17;18:18:44.730;INFO;Robot Runtime;Current Tool: C015 (Valid);
27/12/17;18:18:45.023;INFO;Controller;Activity ExecRobotTask ended. Return value: Done;
27/12/17;18:18:45.023;INFO;Controller;State = Ready;
