13/11/18;09:37:24.743;INFO;Server;Command: ExecRobotTask (EnableTScreen,500000);
13/11/18;09:37:24.744;INFO;Controller;Executing asynchronous activity: ExecRobotTask;
13/11/18;09:37:24.744;INFO;Controller;Status = Executing: EnableTScreen;
13/11/18;09:37:24.744;INFO;Controller;State = Running;
13/11/18;09:37:25.681;INFO;Robot Runtime;executing:    EnableTScreen;
13/11/18;09:37:26.013;INFO;Controller;Activity ExecRobotTask ended. Return value: Done;
13/11/18;09:37:26.013;INFO;Controller;State = Ready;
13/11/18;10:34:12.414;INFO;Server;Command: ExecRobotTask (TurnOnAutoFill,500000);
13/11/18;10:34:12.414;INFO;Controller;Executing asynchronous activity: ExecRobotTask;
13/11/18;10:34:12.414;INFO;Controller;Status = Executing: TurnOnAutoFill;
13/11/18;10:34:12.414;INFO;Controller;State = Running;
13/11/18;10:34:13.365;INFO;Robot Runtime;executing:    TurnOnAutoFill;
13/11/18;10:34:13.964;INFO;Controller;Activity ExecRobotTask ended. Return value: Done;
13/11/18;10:34:13.964;INFO;Controller;State = Ready;
13/11/18;10:34:34.161;WARNING;Robot;Alarm active: Device is offline;
13/11/18;10:34:34.162;INFO;Controller;State = Communication Error;
13/11/18;10:34:36.266;INFO;Robot;Alarm inactive: Device is offline;
13/11/18;10:34:36.266;WARNING;Controller;Communication resumed, trying updating devices;
13/11/18;10:34:36.266;INFO;Controller;Finished device updating;
13/11/18;10:34:36.266;INFO;Controller;State = Ready;
