06/02/18;17:56:30.742;INFO;Server;Command: ExecRobotTask (Initialize,500000);
06/02/18;17:56:30.743;INFO;Controller;Executing asynchronous activity: ExecRobotTask;
06/02/18;17:56:30.743;INFO;Controller;Status = Executing: Initialize;
06/02/18;17:56:30.743;INFO;Controller;State = Running;
06/02/18;17:56:31.819;INFO;Robot Runtime;executing:    Initialize;
06/02/18;17:56:31.863;INFO;Robot Runtime;Robot power is on manual;
06/02/18;17:56:32.058;INFO;Controller;Activity ExecRobotTask ended. Return value: ABORT: Robot power is on manual;
06/02/18;17:56:32.058;INFO;Controller;State = Ready;
06/02/18;17:57:04.184;INFO;Server;Command: ExecRobotTask (Initialize,500000);
06/02/18;17:57:04.184;INFO;Controller;Executing asynchronous activity: ExecRobotTask;
06/02/18;17:57:04.184;INFO;Controller;Status = Executing: Initialize;
06/02/18;17:57:04.184;INFO;Controller;State = Running;
06/02/18;17:57:05.037;INFO;Robot Runtime;executing:    Initialize;
06/02/18;17:57:06.201;INFO;Controller;Activity ExecRobotTask ended. Return value: Done;
06/02/18;17:57:06.201;INFO;Controller;State = Ready;
06/02/18;17:57:06.215;INFO;Server;Command: ExecRobotTask (LatchRobGov,500000);
06/02/18;17:57:06.215;INFO;Controller;Executing asynchronous activity: ExecRobotTask;
06/02/18;17:57:06.215;INFO;Controller;Status = Executing: LatchRobGov;
06/02/18;17:57:06.215;INFO;Controller;State = Running;
06/02/18;17:57:06.998;INFO;Robot Runtime;executing:    LatchRobGov;
06/02/18;17:57:07.392;INFO;Controller;Activity ExecRobotTask ended. Return value: Done;
06/02/18;17:57:07.392;INFO;Controller;State = Ready;
06/02/18;17:57:07.404;INFO;Server;Command: ExecRobotTask (TraceSample,500000);
06/02/18;17:57:07.404;INFO;Controller;Executing asynchronous activity: ExecRobotTask;
06/02/18;17:57:07.404;INFO;Controller;Status = Executing: TraceSample;
06/02/18;17:57:07.404;INFO;Controller;State = Running;
06/02/18;17:57:08.149;INFO;Robot Runtime;executing:    TraceSample;
06/02/18;17:57:11.942;INFO;Controller;Activity ExecRobotTask ended. Return value: Done False/False/False;
06/02/18;17:57:11.942;INFO;Controller;State = Ready;
06/02/18;17:57:11.951;INFO;Server;Command: ExecRobotTask (CoolDown,500000);
06/02/18;17:57:11.951;INFO;Controller;Executing asynchronous activity: ExecRobotTask;
06/02/18;17:57:11.951;INFO;Controller;Status = Executing: CoolDown;
06/02/18;17:57:11.951;INFO;Controller;State = Running;
06/02/18;17:57:12.677;INFO;Robot Runtime;executing:    CoolDown;
06/02/18;17:58:20.718;INFO;Controller;Activity ExecRobotTask ended. Return value: Done;
06/02/18;17:58:20.718;INFO;Controller;State = Ready;
06/02/18;17:58:20.917;INFO;Server;Command: ExecRobotTask (Load,500000);
06/02/18;17:58:20.917;INFO;Controller;Executing asynchronous activity: ExecRobotTask;
06/02/18;17:58:20.917;INFO;Controller;Status = Executing: Load;
06/02/18;17:58:20.917;INFO;Controller;State = Running;
06/02/18;17:58:21.972;INFO;Robot Runtime;executing:    Load;
06/02/18;17:58:31.338;INFO;Controller;Activity ExecRobotTask ended. Return value: Done False/True/False;
06/02/18;17:58:31.339;INFO;Controller;State = Ready;
06/02/18;17:58:31.357;INFO;Server;Command: ExecRobotTask (Mount,500000);
06/02/18;17:58:31.357;INFO;Controller;Executing asynchronous activity: ExecRobotTask;
06/02/18;17:58:31.357;INFO;Controller;Status = Executing: Mount;
06/02/18;17:58:31.358;INFO;Controller;State = Running;
06/02/18;17:58:32.188;INFO;Robot Runtime;executing:    Mount;
06/02/18;17:58:39.850;INFO;Controller;Activity ExecRobotTask ended. Return value: Done True/False/False;
06/02/18;17:58:39.850;INFO;Controller;State = Ready;
06/02/18;17:58:39.863;INFO;Server;Command: ExecRobotTask (Park,500000);
06/02/18;17:58:39.863;INFO;Controller;Executing asynchronous activity: ExecRobotTask;
06/02/18;17:58:39.863;INFO;Controller;Status = Executing: Park;
06/02/18;17:58:39.863;INFO;Controller;State = Running;
06/02/18;17:58:40.623;INFO;Robot Runtime;executing:    Park;
06/02/18;17:58:43.748;INFO;Controller;Activity ExecRobotTask ended. Return value: Done;
06/02/18;17:58:43.748;INFO;Controller;State = Ready;
06/02/18;17:58:43.761;INFO;Server;Command: ExecRobotTask (UnlatchRobGov,500000);
06/02/18;17:58:43.761;INFO;Controller;Executing asynchronous activity: ExecRobotTask;
06/02/18;17:58:43.761;INFO;Controller;Status = Executing: UnlatchRobGov;
06/02/18;17:58:43.762;INFO;Controller;State = Running;
06/02/18;17:58:44.539;INFO;Robot Runtime;executing:    UnlatchRobGov;
06/02/18;17:58:45.016;INFO;Controller;Activity ExecRobotTask ended. Return value: Done;
06/02/18;17:58:45.016;INFO;Controller;State = Ready;
06/02/18;17:59:34.676;INFO;Server;Command: ExecRobotTask (Initialize,500000);
06/02/18;17:59:34.677;INFO;Controller;Executing asynchronous activity: ExecRobotTask;
06/02/18;17:59:34.677;INFO;Controller;Status = Executing: Initialize;
06/02/18;17:59:34.677;INFO;Controller;State = Running;
06/02/18;17:59:35.424;INFO;Robot Runtime;executing:    Initialize;
06/02/18;17:59:35.833;INFO;Controller;Activity ExecRobotTask ended. Return value: Done;
06/02/18;17:59:35.834;INFO;Controller;State = Ready;
06/02/18;17:59:35.848;INFO;Server;Command: ExecRobotTask (CoolDown,500000);
06/02/18;17:59:35.848;INFO;Controller;Executing asynchronous activity: ExecRobotTask;
06/02/18;17:59:35.848;INFO;Controller;Status = Executing: CoolDown;
06/02/18;17:59:35.848;INFO;Controller;State = Running;
06/02/18;17:59:36.577;INFO;Robot Runtime;executing:    CoolDown;
06/02/18;17:59:36.933;INFO;Controller;Activity ExecRobotTask ended. Return value: Done;
06/02/18;17:59:36.934;INFO;Controller;State = Ready;
06/02/18;17:59:36.948;INFO;Server;Command: ExecRobotTask (LatchRobGov,500000);
06/02/18;17:59:36.948;INFO;Controller;Executing asynchronous activity: ExecRobotTask;
06/02/18;17:59:36.948;INFO;Controller;Status = Executing: LatchRobGov;
06/02/18;17:59:36.948;INFO;Controller;State = Running;
06/02/18;17:59:38.021;INFO;Robot Runtime;executing:    LatchRobGov;
06/02/18;17:59:41.121;INFO;Controller;Activity ExecRobotTask ended. Return value: Done;
06/02/18;17:59:41.122;INFO;Controller;State = Ready;
06/02/18;17:59:43.853;INFO;Server;Command: ExecRobotTask (TraceSample,500000);
06/02/18;17:59:43.853;INFO;Controller;Executing asynchronous activity: ExecRobotTask;
06/02/18;17:59:43.853;INFO;Controller;Status = Executing: TraceSample;
06/02/18;17:59:43.853;INFO;Controller;State = Running;
06/02/18;17:59:44.686;INFO;Robot Runtime;executing:    TraceSample;
06/02/18;17:59:46.969;INFO;Controller;Activity ExecRobotTask ended. Return value: Done True/False/False;
06/02/18;17:59:46.969;INFO;Controller;State = Ready;
06/02/18;17:59:46.982;INFO;Server;Command: ExecRobotTask (Unmount,500000);
06/02/18;17:59:46.982;INFO;Controller;Executing asynchronous activity: ExecRobotTask;
06/02/18;17:59:46.982;INFO;Controller;Status = Executing: Unmount;
06/02/18;17:59:46.982;INFO;Controller;State = Running;
06/02/18;17:59:47.718;INFO;Robot Runtime;executing:    Unmount;
06/02/18;17:59:55.383;INFO;Controller;Activity ExecRobotTask ended. Return value: Done False/True/False;
06/02/18;17:59:55.383;INFO;Controller;State = Ready;
06/02/18;17:59:55.397;INFO;Server;Command: ExecRobotTask (Unload,500000);
06/02/18;17:59:55.397;INFO;Controller;Executing asynchronous activity: ExecRobotTask;
06/02/18;17:59:55.397;INFO;Controller;Status = Executing: Unload;
06/02/18;17:59:55.397;INFO;Controller;State = Running;
06/02/18;17:59:56.176;INFO;Robot Runtime;executing:    Unload;
06/02/18;18:00:00.984;INFO;Controller;Activity ExecRobotTask ended. Return value: Done False/False/False;
06/02/18;18:00:00.984;INFO;Controller;State = Ready;
06/02/18;18:00:03.754;INFO;Server;Command: ExecRobotTask (Load,500000);
06/02/18;18:00:03.754;INFO;Controller;Executing asynchronous activity: ExecRobotTask;
06/02/18;18:00:03.754;INFO;Controller;Status = Executing: Load;
06/02/18;18:00:03.754;INFO;Controller;State = Running;
06/02/18;18:00:04.818;INFO;Robot Runtime;executing:    Load;
06/02/18;18:00:11.443;INFO;Controller;Activity ExecRobotTask ended. Return value: Done False/True/False;
06/02/18;18:00:11.443;INFO;Controller;State = Ready;
06/02/18;18:00:11.458;INFO;Server;Command: ExecRobotTask (Mount,500000);
06/02/18;18:00:11.459;INFO;Controller;Executing asynchronous activity: ExecRobotTask;
06/02/18;18:00:11.459;INFO;Controller;Status = Executing: Mount;
06/02/18;18:00:11.459;INFO;Controller;State = Running;
06/02/18;18:00:12.284;INFO;Robot Runtime;executing:    Mount;
06/02/18;18:00:20.289;INFO;Controller;Activity ExecRobotTask ended. Return value: Done True/False/False;
06/02/18;18:00:20.289;INFO;Controller;State = Ready;
06/02/18;18:00:20.311;INFO;Server;Command: ExecRobotTask (Park,500000);
06/02/18;18:00:20.311;INFO;Controller;Executing asynchronous activity: ExecRobotTask;
06/02/18;18:00:20.312;INFO;Controller;Status = Executing: Park;
06/02/18;18:00:20.312;INFO;Controller;State = Running;
06/02/18;18:00:21.045;INFO;Robot Runtime;executing:    Park;
06/02/18;18:00:24.009;INFO;Controller;Activity ExecRobotTask ended. Return value: Done;
06/02/18;18:00:24.009;INFO;Controller;State = Ready;
06/02/18;18:00:24.021;INFO;Server;Command: ExecRobotTask (UnlatchRobGov,500000);
06/02/18;18:00:24.022;INFO;Controller;Executing asynchronous activity: ExecRobotTask;
06/02/18;18:00:24.022;INFO;Controller;Status = Executing: UnlatchRobGov;
06/02/18;18:00:24.022;INFO;Controller;State = Running;
06/02/18;18:00:24.795;INFO;Robot Runtime;executing:    UnlatchRobGov;
06/02/18;18:00:25.280;INFO;Controller;Activity ExecRobotTask ended. Return value: Done;
06/02/18;18:00:25.280;INFO;Controller;State = Ready;
06/02/18;18:01:38.551;INFO;Server;Command: ExecRobotTask (Initialize,500000);
06/02/18;18:01:38.551;INFO;Controller;Executing asynchronous activity: ExecRobotTask;
06/02/18;18:01:38.552;INFO;Controller;Status = Executing: Initialize;
06/02/18;18:01:38.552;INFO;Controller;State = Running;
06/02/18;18:01:39.303;INFO;Robot Runtime;executing:    Initialize;
06/02/18;18:01:39.533;INFO;Controller;Activity ExecRobotTask ended. Return value: Done;
06/02/18;18:01:39.534;INFO;Controller;State = Ready;
06/02/18;18:01:39.552;INFO;Server;Command: ExecRobotTask (CoolDown,500000);
06/02/18;18:01:39.552;INFO;Controller;Executing asynchronous activity: ExecRobotTask;
06/02/18;18:01:39.552;INFO;Controller;Status = Executing: CoolDown;
06/02/18;18:01:39.552;INFO;Controller;State = Running;
06/02/18;18:01:40.285;INFO;Robot Runtime;executing:    CoolDown;
06/02/18;18:01:40.796;INFO;Controller;Activity ExecRobotTask ended. Return value: Done;
06/02/18;18:01:40.797;INFO;Controller;State = Ready;
06/02/18;18:01:40.817;INFO;Server;Command: ExecRobotTask (LatchRobGov,500000);
06/02/18;18:01:40.817;INFO;Controller;Executing asynchronous activity: ExecRobotTask;
06/02/18;18:01:40.817;INFO;Controller;Status = Executing: LatchRobGov;
06/02/18;18:01:40.817;INFO;Controller;State = Running;
06/02/18;18:01:41.881;INFO;Robot Runtime;executing:    LatchRobGov;
06/02/18;18:01:45.631;INFO;Controller;Activity ExecRobotTask ended. Return value: Done;
06/02/18;18:01:45.631;INFO;Controller;State = Ready;
06/02/18;18:01:48.375;INFO;Server;Command: ExecRobotTask (TraceSample,500000);
06/02/18;18:01:48.376;INFO;Controller;Executing asynchronous activity: ExecRobotTask;
06/02/18;18:01:48.376;INFO;Controller;Status = Executing: TraceSample;
06/02/18;18:01:48.376;INFO;Controller;State = Running;
06/02/18;18:01:49.203;INFO;Robot Runtime;executing:    TraceSample;
06/02/18;18:01:51.718;INFO;Controller;Activity ExecRobotTask ended. Return value: Done True/False/False;
06/02/18;18:01:51.718;INFO;Controller;State = Ready;
06/02/18;18:01:51.733;INFO;Server;Command: ExecRobotTask (Unmount,500000);
06/02/18;18:01:51.733;INFO;Controller;Executing asynchronous activity: ExecRobotTask;
06/02/18;18:01:51.733;INFO;Controller;Status = Executing: Unmount;
06/02/18;18:01:51.733;INFO;Controller;State = Running;
06/02/18;18:01:52.467;INFO;Robot Runtime;executing:    Unmount;
06/02/18;18:02:00.383;INFO;Controller;Activity ExecRobotTask ended. Return value: Done False/True/False;
06/02/18;18:02:00.383;INFO;Controller;State = Ready;
06/02/18;18:02:00.404;INFO;Server;Command: ExecRobotTask (Unload,500000);
06/02/18;18:02:00.404;INFO;Controller;Executing asynchronous activity: ExecRobotTask;
06/02/18;18:02:00.404;INFO;Controller;Status = Executing: Unload;
06/02/18;18:02:00.404;INFO;Controller;State = Running;
06/02/18;18:02:01.187;INFO;Robot Runtime;executing:    Unload;
06/02/18;18:02:05.650;INFO;Controller;Activity ExecRobotTask ended. Return value: Done False/False/False;
06/02/18;18:02:05.650;INFO;Controller;State = Ready;
06/02/18;18:02:08.439;INFO;Server;Command: ExecRobotTask (Load,500000);
06/02/18;18:02:08.439;INFO;Controller;Executing asynchronous activity: ExecRobotTask;
06/02/18;18:02:08.439;INFO;Controller;Status = Executing: Load;
06/02/18;18:02:08.439;INFO;Controller;State = Running;
06/02/18;18:02:09.492;INFO;Robot Runtime;executing:    Load;
06/02/18;18:02:16.464;INFO;Controller;Activity ExecRobotTask ended. Return value: Done False/True/False;
06/02/18;18:02:16.465;INFO;Controller;State = Ready;
06/02/18;18:02:16.484;INFO;Server;Command: ExecRobotTask (Mount,500000);
06/02/18;18:02:16.484;INFO;Controller;Executing asynchronous activity: ExecRobotTask;
06/02/18;18:02:16.485;INFO;Controller;Status = Executing: Mount;
06/02/18;18:02:16.485;INFO;Controller;State = Running;
06/02/18;18:02:17.331;INFO;Robot Runtime;executing:    Mount;
06/02/18;18:02:24.736;INFO;Controller;Activity ExecRobotTask ended. Return value: Done True/False/False;
06/02/18;18:02:24.736;INFO;Controller;State = Ready;
06/02/18;18:02:24.753;INFO;Server;Command: ExecRobotTask (Park,500000);
06/02/18;18:02:24.753;INFO;Controller;Executing asynchronous activity: ExecRobotTask;
06/02/18;18:02:24.753;INFO;Controller;Status = Executing: Park;
06/02/18;18:02:24.753;INFO;Controller;State = Running;
06/02/18;18:02:25.489;INFO;Robot Runtime;executing:    Park;
06/02/18;18:02:28.801;INFO;Controller;Activity ExecRobotTask ended. Return value: Done;
06/02/18;18:02:28.801;INFO;Controller;State = Ready;
06/02/18;18:02:28.820;INFO;Server;Command: ExecRobotTask (UnlatchRobGov,500000);
06/02/18;18:02:28.821;INFO;Controller;Executing asynchronous activity: ExecRobotTask;
06/02/18;18:02:28.821;INFO;Controller;Status = Executing: UnlatchRobGov;
06/02/18;18:02:28.821;INFO;Controller;State = Running;
06/02/18;18:02:29.599;INFO;Robot Runtime;executing:    UnlatchRobGov;
06/02/18;18:02:29.748;INFO;Controller;Activity ExecRobotTask ended. Return value: Done;
06/02/18;18:02:29.748;INFO;Controller;State = Ready;
06/02/18;18:04:20.084;INFO;Server;Command: ExecRobotTask (Initialize,500000);
06/02/18;18:04:20.084;INFO;Controller;Executing asynchronous activity: ExecRobotTask;
06/02/18;18:04:20.084;INFO;Controller;Status = Executing: Initialize;
06/02/18;18:04:20.084;INFO;Controller;State = Running;
06/02/18;18:04:20.829;INFO;Robot Runtime;executing:    Initialize;
06/02/18;18:04:21.451;INFO;Controller;Activity ExecRobotTask ended. Return value: Done;
06/02/18;18:04:21.451;INFO;Controller;State = Ready;
06/02/18;18:04:21.483;INFO;Server;Command: ExecRobotTask (UnlatchRobGov,500000);
06/02/18;18:04:21.483;INFO;Controller;Executing asynchronous activity: ExecRobotTask;
06/02/18;18:04:21.483;INFO;Controller;Status = Executing: UnlatchRobGov;
06/02/18;18:04:21.483;INFO;Controller;State = Running;
06/02/18;18:04:22.208;INFO;Robot Runtime;executing:    UnlatchRobGov;
06/02/18;18:04:22.553;INFO;Controller;Activity ExecRobotTask ended. Return value: Done;
06/02/18;18:04:22.553;INFO;Controller;State = Ready;
06/02/18;18:04:22.569;INFO;Server;Command: ExecRobotTask (Finish,500000);
06/02/18;18:04:22.570;INFO;Controller;Executing asynchronous activity: ExecRobotTask;
06/02/18;18:04:22.570;INFO;Controller;Status = Executing: Finish;
06/02/18;18:04:22.570;INFO;Controller;State = Running;
06/02/18;18:04:23.328;INFO;Robot Runtime;executing:    Finish;
06/02/18;18:05:56.512;INFO;Controller;Activity ExecRobotTask ended. Return value: Done;
06/02/18;18:05:56.512;INFO;Controller;State = Ready;
