13/07/18;18:43:27.936;INFO;Server;Command: ExecRobotTask (EnableTScreen,500000);
13/07/18;18:43:27.937;INFO;Controller;Executing asynchronous activity: ExecRobotTask;
13/07/18;18:43:27.937;INFO;Controller;Status = Executing: EnableTScreen;
13/07/18;18:43:27.937;INFO;Controller;State = Running;
13/07/18;18:43:28.858;INFO;Robot Runtime;executing:    EnableTScreen;
13/07/18;18:43:29.109;INFO;Controller;Activity ExecRobotTask ended. Return value: Done;
13/07/18;18:43:29.109;INFO;Controller;State = Ready;
13/07/18;19:03:38.886;INFO;Server;Command: ExecRobotTask (OpenPortLid,500000);
13/07/18;19:03:38.886;INFO;Controller;Executing asynchronous activity: ExecRobotTask;
13/07/18;19:03:38.886;INFO;Controller;Status = Executing: OpenPortLid;
13/07/18;19:03:38.886;INFO;Controller;State = Running;
13/07/18;19:03:39.761;INFO;Robot Runtime;executing:    OpenPortLid;
13/07/18;19:03:40.493;INFO;Controller;Activity ExecRobotTask ended. Return value: Done;
13/07/18;19:03:40.493;INFO;Controller;State = Ready;
13/07/18;19:03:55.557;INFO;Server;Command: ExecRobotTask (ClosePorts,500000);
13/07/18;19:03:55.557;INFO;Controller;Executing asynchronous activity: ExecRobotTask;
13/07/18;19:03:55.557;INFO;Controller;Status = Executing: ClosePorts;
13/07/18;19:03:55.557;INFO;Controller;State = Running;
13/07/18;19:03:56.677;INFO;Robot Runtime;executing:    ClosePorts;
13/07/18;19:03:56.980;INFO;Controller;Activity ExecRobotTask ended. Return value: Done;
13/07/18;19:03:56.981;INFO;Controller;State = Ready;
13/07/18;19:15:29.016;INFO;Server;Command: ExecRobotTask (Initialize,500000);
13/07/18;19:15:29.017;INFO;Controller;Executing asynchronous activity: ExecRobotTask;
13/07/18;19:15:29.017;INFO;Controller;Status = Executing: Initialize;
13/07/18;19:15:29.017;INFO;Controller;State = Running;
13/07/18;19:15:29.948;INFO;Robot Runtime;executing:    Initialize;
13/07/18;19:15:31.222;INFO;Controller;Activity ExecRobotTask ended. Return value: Done;
13/07/18;19:15:31.222;INFO;Controller;State = Ready;
13/07/18;19:15:31.253;INFO;Server;Command: ExecRobotTask (LatchRobGov,500000);
13/07/18;19:15:31.253;INFO;Controller;Executing asynchronous activity: ExecRobotTask;
13/07/18;19:15:31.253;INFO;Controller;Status = Executing: LatchRobGov;
13/07/18;19:15:31.253;INFO;Controller;State = Running;
13/07/18;19:15:32.526;INFO;Robot Runtime;executing:    LatchRobGov;
13/07/18;19:15:35.601;INFO;Controller;Activity ExecRobotTask ended. Return value: Done;
13/07/18;19:15:35.602;INFO;Controller;State = Ready;
13/07/18;19:15:35.618;INFO;Server;Command: ExecRobotTask (TraceSample,500000);
13/07/18;19:15:35.618;INFO;Controller;Executing asynchronous activity: ExecRobotTask;
13/07/18;19:15:35.618;INFO;Controller;Status = Executing: TraceSample;
13/07/18;19:15:35.618;INFO;Controller;State = Running;
13/07/18;19:15:36.474;INFO;Robot Runtime;executing:    TraceSample;
13/07/18;19:18:25.724;INFO;Interface;Command: Abort;
13/07/18;19:18:25.724;INFO;Robot;Abort;
13/07/18;19:18:25.724;INFO;Controller;Activity ExecRobotTask was stopped;
13/07/18;19:18:25.724;INFO;Controller;State = Ready;
13/07/18;19:18:27.012;INFO;Interface;Command: Restart;
13/07/18;19:18:27.012;INFO;Controller;State = Initializing;
13/07/18;19:18:27.343;INFO;Controller;Initialized log services - Startup: 20/06/18 09:32:44;
13/07/18;19:18:28.350;INFO;Epics Server;Exiting running thread;
13/07/18;19:18:28.353;INFO;Epics Server;Registered PV: SW:Version;
13/07/18;19:18:28.353;INFO;Epics Server;Registered PV: SW:Status;
13/07/18;19:18:28.353;INFO;Epics Server;Registered PV: SW:Uptime;
13/07/18;19:18:28.353;INFO;Epics Server;Registered PV: SW:LastTaskInfo;
13/07/18;19:18:28.354;INFO;Epics Server;Registered PV: SW:AlarmList;
13/07/18;19:18:28.354;INFO;Epics Server;Registered PV: SW:LocalGuiLockOut;
13/07/18;19:18:28.354;INFO;Epics Server;Registered PV: SW:RobotSpeed;
13/07/18;19:18:28.354;INFO;Epics Server;Registered PV: SW:LastTaskException;
13/07/18;19:18:28.354;INFO;Epics Server;Registered PV: SW:LastTaskOutput;
13/07/18;19:18:28.354;INFO;Epics Server;Registered PV: SW:RobotState;
13/07/18;19:18:28.354;INFO;Epics Server;Registered PV: SW:CartesianPositions;
13/07/18;19:18:28.354;INFO;Epics Server;Registered PV: SW:JointPositions;
13/07/18;19:18:28.354;INFO;Epics Server;Registered PV: SW:State;
13/07/18;19:18:28.354;INFO;Epics Server;Registered PV: SW:abort;
13/07/18;19:18:28.354;INFO;Epics Server;Registered PV: SW:restart;
13/07/18;19:18:28.354;INFO;Epics Server;Registered PV: SW:getTaskInfo;
13/07/18;19:18:28.354;INFO;Epics Server;Registered PV: SW:isTaskRunning;
13/07/18;19:18:28.354;INFO;Epics Server;Registered PV: SW:checkTaskResult;
13/07/18;19:18:28.354;INFO;Epics Server;Registered PV: SW:startTestTask;
13/07/18;19:18:28.354;INFO;Epics Server;Registered PV: SW:pauseRobot;
13/07/18;19:18:28.354;INFO;Epics Server;Registered PV: SW:resumeRobot;
13/07/18;19:18:28.354;INFO;Epics Server;Registered PV: SW:setRobotVariable;
13/07/18;19:18:28.354;INFO;Epics Server;Registered PV: SW:isSampleMounted;
13/07/18;19:18:28.354;INFO;Epics Server;Registered PV: SW:startRobotTask;
13/07/18;19:18:28.355;INFO;Epics Server;Registered PV: SW:getRobotVariable;
13/07/18;19:18:28.355;INFO;Epics Server;Registered PV: SW:getDistance;
13/07/18;19:18:28.355;INFO;Epics Server;Initializing: Channel Access Server in Java v1.1.1;
13/07/18;19:18:28.355;INFO;Epics Server;Started server: ready to accept requests;
13/07/18;19:18:28.956;INFO;Controller;Initializing Robot;
13/07/18;19:18:28.959;INFO;Robot;Setting reference frame to: world;
13/07/18;19:18:29.067;INFO;Controller;Initializing Bus Controller;
13/07/18;19:18:29.068;INFO;Anti-Collision;Active = true;
13/07/18;19:18:29.068;INFO;Controller;State = Starting;
13/07/18;19:18:29.069;INFO;Controller;Command: Reset;
13/07/18;19:18:29.069;INFO;Controller;Executing asynchronous script: ./script/Reset.py;
13/07/18;19:18:29.069;INFO;Controller;Status = Reseting;
13/07/18;19:18:29.069;INFO;Controller;State = Running;
13/07/18;19:18:29.243;INFO;Controller;Script host: localhost:46907;
13/07/18;19:18:29.243;INFO;Script;Starting initialization script;
13/07/18;19:18:29.246;INFO;Script;Do nothing;
13/07/18;19:18:29.246;INFO;Controller;Script ./script/Reset.py ended. Return value: ;
13/07/18;19:18:29.246;INFO;Controller;State = Ready;
13/07/18;19:18:38.844;INFO;Interface;Command: ExecRobotTask (initialize,-1);
13/07/18;19:18:38.844;INFO;Controller;Executing asynchronous activity: ExecRobotTask;
13/07/18;19:18:38.844;INFO;Controller;Status = Executing: initialize;
13/07/18;19:18:38.844;INFO;Controller;State = Running;
13/07/18;19:18:39.758;INFO;Robot Runtime;executing:    initialize;
13/07/18;19:18:40.172;INFO;Controller;Activity ExecRobotTask ended. Return value: Done;
13/07/18;19:18:40.172;INFO;Controller;State = Ready;
13/07/18;19:18:54.836;INFO;Server;Command: ExecRobotTask (Initialize,500000);
13/07/18;19:18:54.836;INFO;Controller;Executing asynchronous activity: ExecRobotTask;
13/07/18;19:18:54.837;INFO;Controller;Status = Executing: Initialize;
13/07/18;19:18:54.837;INFO;Controller;State = Running;
13/07/18;19:18:55.631;INFO;Robot Runtime;executing:    Initialize;
13/07/18;19:18:56.029;INFO;Controller;Activity ExecRobotTask ended. Return value: Done;
13/07/18;19:18:56.029;INFO;Controller;State = Ready;
13/07/18;19:18:56.037;INFO;Server;Command: ExecRobotTask (LatchRobGov,500000);
13/07/18;19:18:56.037;INFO;Controller;Executing asynchronous activity: ExecRobotTask;
13/07/18;19:18:56.037;INFO;Controller;Status = Executing: LatchRobGov;
13/07/18;19:18:56.037;INFO;Controller;State = Running;
13/07/18;19:18:57.248;INFO;Robot Runtime;executing:    LatchRobGov;
13/07/18;19:18:57.736;INFO;Controller;Activity ExecRobotTask ended. Return value: Done;
13/07/18;19:18:57.736;INFO;Controller;State = Ready;
13/07/18;19:18:57.742;INFO;Server;Command: ExecRobotTask (TraceSample,500000);
13/07/18;19:18:57.742;INFO;Controller;Executing asynchronous activity: ExecRobotTask;
13/07/18;19:18:57.742;INFO;Controller;Status = Executing: TraceSample;
13/07/18;19:18:57.742;INFO;Controller;State = Running;
13/07/18;19:18:58.575;INFO;Robot Runtime;executing:    TraceSample;
13/07/18;19:18:58.617;INFO;Robot Runtime;Unrecognized Location;
13/07/18;19:18:58.746;INFO;Controller;Activity ExecRobotTask ended. Return value: ABORT: Unrecognized Location;
13/07/18;19:18:58.746;INFO;Controller;State = Ready;
13/07/18;19:19:45.813;INFO;Interface;Command: Abort;
13/07/18;19:19:45.813;INFO;Robot;Abort;
13/07/18;19:19:47.557;INFO;Interface;Command: Restart;
13/07/18;19:19:47.557;INFO;Controller;State = Initializing;
13/07/18;19:19:47.624;INFO;Controller;Initialized log services - Startup: 20/06/18 09:32:44;
13/07/18;19:19:48.630;INFO;Epics Server;Exiting running thread;
13/07/18;19:19:48.633;INFO;Epics Server;Registered PV: SW:Version;
13/07/18;19:19:48.633;INFO;Epics Server;Registered PV: SW:Status;
13/07/18;19:19:48.633;INFO;Epics Server;Registered PV: SW:Uptime;
13/07/18;19:19:48.633;INFO;Epics Server;Registered PV: SW:LastTaskInfo;
13/07/18;19:19:48.633;INFO;Epics Server;Registered PV: SW:AlarmList;
13/07/18;19:19:48.633;INFO;Epics Server;Registered PV: SW:LocalGuiLockOut;
13/07/18;19:19:48.633;INFO;Epics Server;Registered PV: SW:RobotSpeed;
13/07/18;19:19:48.634;INFO;Epics Server;Registered PV: SW:LastTaskException;
13/07/18;19:19:48.634;INFO;Epics Server;Registered PV: SW:LastTaskOutput;
13/07/18;19:19:48.634;INFO;Epics Server;Registered PV: SW:RobotState;
13/07/18;19:19:48.634;INFO;Epics Server;Registered PV: SW:CartesianPositions;
13/07/18;19:19:48.634;INFO;Epics Server;Registered PV: SW:JointPositions;
13/07/18;19:19:48.634;INFO;Epics Server;Registered PV: SW:State;
13/07/18;19:19:48.634;INFO;Epics Server;Registered PV: SW:abort;
13/07/18;19:19:48.634;INFO;Epics Server;Registered PV: SW:restart;
13/07/18;19:19:48.634;INFO;Epics Server;Registered PV: SW:getTaskInfo;
13/07/18;19:19:48.634;INFO;Epics Server;Registered PV: SW:isTaskRunning;
13/07/18;19:19:48.634;INFO;Epics Server;Registered PV: SW:checkTaskResult;
13/07/18;19:19:48.634;INFO;Epics Server;Registered PV: SW:startTestTask;
13/07/18;19:19:48.634;INFO;Epics Server;Registered PV: SW:pauseRobot;
13/07/18;19:19:48.634;INFO;Epics Server;Registered PV: SW:resumeRobot;
13/07/18;19:19:48.634;INFO;Epics Server;Registered PV: SW:setRobotVariable;
13/07/18;19:19:48.634;INFO;Epics Server;Registered PV: SW:isSampleMounted;
13/07/18;19:19:48.634;INFO;Epics Server;Registered PV: SW:startRobotTask;
13/07/18;19:19:48.634;INFO;Epics Server;Registered PV: SW:getRobotVariable;
13/07/18;19:19:48.634;INFO;Epics Server;Registered PV: SW:getDistance;
13/07/18;19:19:48.634;INFO;Epics Server;Initializing: Channel Access Server in Java v1.1.1;
13/07/18;19:19:48.635;INFO;Epics Server;Started server: ready to accept requests;
13/07/18;19:19:49.217;INFO;Controller;Initializing Robot;
13/07/18;19:19:49.220;INFO;Robot;Setting reference frame to: world;
13/07/18;19:19:49.338;INFO;Controller;Initializing Bus Controller;
13/07/18;19:19:49.338;INFO;Anti-Collision;Active = true;
13/07/18;19:19:49.338;INFO;Controller;State = Starting;
13/07/18;19:19:49.339;INFO;Controller;Command: Reset;
13/07/18;19:19:49.339;INFO;Controller;Executing asynchronous script: ./script/Reset.py;
13/07/18;19:19:49.339;INFO;Controller;Status = Reseting;
13/07/18;19:19:49.339;INFO;Controller;State = Running;
13/07/18;19:19:49.505;INFO;Controller;Script host: localhost:39984;
13/07/18;19:19:49.505;INFO;Script;Starting initialization script;
13/07/18;19:19:49.507;INFO;Script;Do nothing;
13/07/18;19:19:49.507;INFO;Controller;Script ./script/Reset.py ended. Return value: ;
13/07/18;19:19:49.508;INFO;Controller;State = Ready;
13/07/18;19:19:51.173;INFO;Interface;Command: ExecRobotTask (initialize,-1);
13/07/18;19:19:51.173;INFO;Controller;Executing asynchronous activity: ExecRobotTask;
13/07/18;19:19:51.173;INFO;Controller;Status = Executing: initialize;
13/07/18;19:19:51.173;INFO;Controller;State = Running;
13/07/18;19:19:52.096;INFO;Robot Runtime;executing:    initialize;
13/07/18;19:19:52.450;INFO;Controller;Activity ExecRobotTask ended. Return value: Done;
13/07/18;19:19:52.450;INFO;Controller;State = Ready;
13/07/18;19:20:09.909;INFO;Server;Command: ExecRobotTask (Initialize,500000);
13/07/18;19:20:09.909;INFO;Controller;Executing asynchronous activity: ExecRobotTask;
13/07/18;19:20:09.909;INFO;Controller;Status = Executing: Initialize;
13/07/18;19:20:09.909;INFO;Controller;State = Running;
13/07/18;19:20:10.708;INFO;Robot Runtime;executing:    Initialize;
13/07/18;19:20:11.199;INFO;Controller;Activity ExecRobotTask ended. Return value: Done;
13/07/18;19:20:11.199;INFO;Controller;State = Ready;
13/07/18;19:20:11.212;INFO;Server;Command: ExecRobotTask (LatchRobGov,500000);
13/07/18;19:20:11.212;INFO;Controller;Executing asynchronous activity: ExecRobotTask;
13/07/18;19:20:11.212;INFO;Controller;Status = Executing: LatchRobGov;
13/07/18;19:20:11.212;INFO;Controller;State = Running;
13/07/18;19:20:12.416;INFO;Robot Runtime;executing:    LatchRobGov;
13/07/18;19:20:13.402;INFO;Controller;Activity ExecRobotTask ended. Return value: Done;
13/07/18;19:20:13.402;INFO;Controller;State = Ready;
13/07/18;19:20:13.416;INFO;Server;Command: ExecRobotTask (TraceSample,500000);
13/07/18;19:20:13.416;INFO;Controller;Executing asynchronous activity: ExecRobotTask;
13/07/18;19:20:13.416;INFO;Controller;Status = Executing: TraceSample;
13/07/18;19:20:13.416;INFO;Controller;State = Running;
13/07/18;19:20:14.250;INFO;Robot Runtime;executing:    TraceSample;
13/07/18;19:20:14.294;INFO;Robot Runtime;Unrecognized Location;
13/07/18;19:20:14.419;INFO;Controller;Activity ExecRobotTask ended. Return value: ABORT: Unrecognized Location;
13/07/18;19:20:14.419;INFO;Controller;State = Ready;
13/07/18;19:21:19.747;INFO;Interface;Command: Abort;
13/07/18;19:21:19.747;INFO;Robot;Abort;
13/07/18;19:21:21.291;INFO;Interface;Command: Restart;
13/07/18;19:21:21.291;INFO;Controller;State = Initializing;
13/07/18;19:21:21.325;INFO;Controller;Initialized log services - Startup: 20/06/18 09:32:44;
13/07/18;19:21:22.333;INFO;Epics Server;Exiting running thread;
13/07/18;19:21:22.336;INFO;Epics Server;Registered PV: SW:Version;
13/07/18;19:21:22.336;INFO;Epics Server;Registered PV: SW:Status;
13/07/18;19:21:22.336;INFO;Epics Server;Registered PV: SW:Uptime;
13/07/18;19:21:22.336;INFO;Epics Server;Registered PV: SW:LastTaskInfo;
13/07/18;19:21:22.336;INFO;Epics Server;Registered PV: SW:AlarmList;
13/07/18;19:21:22.336;INFO;Epics Server;Registered PV: SW:LocalGuiLockOut;
13/07/18;19:21:22.336;INFO;Epics Server;Registered PV: SW:RobotSpeed;
13/07/18;19:21:22.336;INFO;Epics Server;Registered PV: SW:LastTaskException;
13/07/18;19:21:22.336;INFO;Epics Server;Registered PV: SW:LastTaskOutput;
13/07/18;19:21:22.336;INFO;Epics Server;Registered PV: SW:RobotState;
13/07/18;19:21:22.336;INFO;Epics Server;Registered PV: SW:CartesianPositions;
13/07/18;19:21:22.336;INFO;Epics Server;Registered PV: SW:JointPositions;
13/07/18;19:21:22.336;INFO;Epics Server;Registered PV: SW:State;
13/07/18;19:21:22.336;INFO;Epics Server;Registered PV: SW:abort;
13/07/18;19:21:22.336;INFO;Epics Server;Registered PV: SW:restart;
13/07/18;19:21:22.337;INFO;Epics Server;Registered PV: SW:getTaskInfo;
13/07/18;19:21:22.337;INFO;Epics Server;Registered PV: SW:isTaskRunning;
13/07/18;19:21:22.337;INFO;Epics Server;Registered PV: SW:checkTaskResult;
13/07/18;19:21:22.337;INFO;Epics Server;Registered PV: SW:startTestTask;
13/07/18;19:21:22.337;INFO;Epics Server;Registered PV: SW:pauseRobot;
13/07/18;19:21:22.337;INFO;Epics Server;Registered PV: SW:resumeRobot;
13/07/18;19:21:22.337;INFO;Epics Server;Registered PV: SW:setRobotVariable;
13/07/18;19:21:22.337;INFO;Epics Server;Registered PV: SW:isSampleMounted;
13/07/18;19:21:22.337;INFO;Epics Server;Registered PV: SW:startRobotTask;
13/07/18;19:21:22.337;INFO;Epics Server;Registered PV: SW:getRobotVariable;
13/07/18;19:21:22.337;INFO;Epics Server;Registered PV: SW:getDistance;
13/07/18;19:21:22.337;INFO;Epics Server;Initializing: Channel Access Server in Java v1.1.1;
13/07/18;19:21:22.337;INFO;Epics Server;Started server: ready to accept requests;
13/07/18;19:21:22.945;INFO;Controller;Initializing Robot;
13/07/18;19:21:22.948;INFO;Robot;Setting reference frame to: world;
13/07/18;19:21:23.054;INFO;Controller;Initializing Bus Controller;
13/07/18;19:21:23.054;INFO;Anti-Collision;Active = true;
13/07/18;19:21:23.054;INFO;Controller;State = Starting;
13/07/18;19:21:23.055;INFO;Controller;Command: Reset;
13/07/18;19:21:23.055;INFO;Controller;Executing asynchronous script: ./script/Reset.py;
13/07/18;19:21:23.055;INFO;Controller;Status = Reseting;
13/07/18;19:21:23.055;INFO;Controller;State = Running;
13/07/18;19:21:23.259;INFO;Controller;Script host: localhost:38954;
13/07/18;19:21:23.259;INFO;Script;Starting initialization script;
13/07/18;19:21:23.261;INFO;Script;Do nothing;
13/07/18;19:21:23.262;INFO;Controller;Script ./script/Reset.py ended. Return value: ;
13/07/18;19:21:23.262;INFO;Controller;State = Ready;
13/07/18;19:21:24.574;INFO;Interface;Command: ExecRobotTask (initialize,-1);
13/07/18;19:21:24.574;INFO;Controller;Executing asynchronous activity: ExecRobotTask;
13/07/18;19:21:24.574;INFO;Controller;Status = Executing: initialize;
13/07/18;19:21:24.574;INFO;Controller;State = Running;
13/07/18;19:21:25.479;INFO;Robot Runtime;executing:    initialize;
13/07/18;19:21:26.424;INFO;Controller;Activity ExecRobotTask ended. Return value: Done;
13/07/18;19:21:26.424;INFO;Controller;State = Ready;
13/07/18;19:21:51.620;INFO;Server;Command: ExecRobotTask (Initialize,500000);
13/07/18;19:21:51.621;INFO;Controller;Executing asynchronous activity: ExecRobotTask;
13/07/18;19:21:51.621;INFO;Controller;Status = Executing: Initialize;
13/07/18;19:21:51.621;INFO;Controller;State = Running;
13/07/18;19:21:52.423;INFO;Robot Runtime;executing:    Initialize;
13/07/18;19:21:52.921;INFO;Controller;Activity ExecRobotTask ended. Return value: Done;
13/07/18;19:21:52.921;INFO;Controller;State = Ready;
13/07/18;19:21:52.934;INFO;Server;Command: ExecRobotTask (LatchRobGov,500000);
13/07/18;19:21:52.934;INFO;Controller;Executing asynchronous activity: ExecRobotTask;
13/07/18;19:21:52.934;INFO;Controller;Status = Executing: LatchRobGov;
13/07/18;19:21:52.934;INFO;Controller;State = Running;
13/07/18;19:21:54.149;INFO;Robot Runtime;executing:    LatchRobGov;
13/07/18;19:21:57.591;INFO;Controller;Activity ExecRobotTask ended. Return value: Done;
13/07/18;19:21:57.591;INFO;Controller;State = Ready;
13/07/18;19:21:57.605;INFO;Server;Command: ExecRobotTask (TraceSample,500000);
13/07/18;19:21:57.605;INFO;Controller;Executing asynchronous activity: ExecRobotTask;
13/07/18;19:21:57.606;INFO;Controller;Status = Executing: TraceSample;
13/07/18;19:21:57.606;INFO;Controller;State = Running;
13/07/18;19:21:58.434;INFO;Robot Runtime;executing:    TraceSample;
13/07/18;19:21:59.111;INFO;Controller;Activity ExecRobotTask ended. Return value: Done False/False/False;
13/07/18;19:21:59.111;INFO;Controller;State = Ready;
13/07/18;19:21:59.130;INFO;Server;Command: ExecRobotTask (CoolDown,500000);
13/07/18;19:21:59.130;INFO;Controller;Executing asynchronous activity: ExecRobotTask;
13/07/18;19:21:59.130;INFO;Controller;Status = Executing: CoolDown;
13/07/18;19:21:59.130;INFO;Controller;State = Running;
13/07/18;19:22:00.026;INFO;Robot Runtime;executing:    CoolDown;
13/07/18;19:23:34.366;INFO;Controller;Activity ExecRobotTask ended. Return value: Done;
13/07/18;19:23:34.367;INFO;Controller;State = Ready;
13/07/18;19:23:34.581;INFO;Server;Command: ExecRobotTask (Load,500000);
13/07/18;19:23:34.581;INFO;Controller;Executing asynchronous activity: ExecRobotTask;
13/07/18;19:23:34.581;INFO;Controller;Status = Executing: Load;
13/07/18;19:23:34.581;INFO;Controller;State = Running;
13/07/18;19:23:35.783;INFO;Robot Runtime;executing:    Load;
13/07/18;19:23:45.345;INFO;Controller;Activity ExecRobotTask ended. Return value: Done False/True/False;
13/07/18;19:23:45.345;INFO;Controller;State = Ready;
13/07/18;19:23:45.357;INFO;Server;Command: ExecRobotTask (Mount,500000);
13/07/18;19:23:45.357;INFO;Controller;Executing asynchronous activity: ExecRobotTask;
13/07/18;19:23:45.357;INFO;Controller;Status = Executing: Mount;
13/07/18;19:23:45.357;INFO;Controller;State = Running;
13/07/18;19:23:46.184;INFO;Robot Runtime;executing:    Mount;
13/07/18;19:23:54.103;INFO;Controller;Activity ExecRobotTask ended. Return value: Done True/False/False;
13/07/18;19:23:54.104;INFO;Controller;State = Ready;
13/07/18;19:23:54.116;INFO;Server;Command: ExecRobotTask (Park,500000);
13/07/18;19:23:54.116;INFO;Controller;Executing asynchronous activity: ExecRobotTask;
13/07/18;19:23:54.116;INFO;Controller;Status = Executing: Park;
13/07/18;19:23:54.116;INFO;Controller;State = Running;
13/07/18;19:23:55.017;INFO;Robot Runtime;executing:    Park;
13/07/18;19:23:58.179;INFO;Controller;Activity ExecRobotTask ended. Return value: Done;
13/07/18;19:23:58.180;INFO;Controller;State = Ready;
13/07/18;19:23:58.187;INFO;Server;Command: ExecRobotTask (UnlatchRobGov,500000);
13/07/18;19:23:58.187;INFO;Controller;Executing asynchronous activity: ExecRobotTask;
13/07/18;19:23:58.187;INFO;Controller;Status = Executing: UnlatchRobGov;
13/07/18;19:23:58.187;INFO;Controller;State = Running;
13/07/18;19:23:59.045;INFO;Robot Runtime;executing:    UnlatchRobGov;
13/07/18;19:23:59.517;INFO;Controller;Activity ExecRobotTask ended. Return value: Done;
13/07/18;19:23:59.518;INFO;Controller;State = Ready;
13/07/18;20:08:47.964;INFO;Server;Command: ExecRobotTask (Initialize,500000);
13/07/18;20:08:47.964;INFO;Controller;Executing asynchronous activity: ExecRobotTask;
13/07/18;20:08:47.964;INFO;Controller;Status = Executing: Initialize;
13/07/18;20:08:47.965;INFO;Controller;State = Running;
13/07/18;20:08:48.818;INFO;Robot Runtime;executing:    Initialize;
13/07/18;20:08:49.319;INFO;Controller;Activity ExecRobotTask ended. Return value: Done;
13/07/18;20:08:49.319;INFO;Controller;State = Ready;
13/07/18;20:08:49.341;INFO;Server;Command: ExecRobotTask (LatchRobGov2,500000);
13/07/18;20:08:49.341;INFO;Controller;Executing asynchronous activity: ExecRobotTask;
13/07/18;20:08:49.341;INFO;Controller;Status = Executing: LatchRobGov2;
13/07/18;20:08:49.341;INFO;Controller;State = Running;
13/07/18;20:08:50.208;INFO;Robot Runtime;executing:    LatchRobGov2;
13/07/18;20:08:52.467;INFO;Controller;Activity ExecRobotTask ended. Return value: Done;
13/07/18;20:08:52.467;INFO;Controller;State = Ready;
13/07/18;20:08:52.484;INFO;Server;Command: ExecRobotTask (CoolDown,500000);
13/07/18;20:08:52.484;INFO;Controller;Executing asynchronous activity: ExecRobotTask;
13/07/18;20:08:52.484;INFO;Controller;Status = Executing: CoolDown;
13/07/18;20:08:52.484;INFO;Controller;State = Running;
13/07/18;20:08:53.659;INFO;Robot Runtime;executing:    CoolDown;
13/07/18;20:08:54.173;INFO;Controller;Activity ExecRobotTask ended. Return value: Done;
13/07/18;20:08:54.174;INFO;Controller;State = Ready;
13/07/18;20:08:55.197;INFO;Server;Command: ExecRobotTask (Home,500000);
13/07/18;20:08:55.197;INFO;Controller;Executing asynchronous activity: ExecRobotTask;
13/07/18;20:08:55.197;INFO;Controller;Status = Executing: Home;
13/07/18;20:08:55.197;INFO;Controller;State = Running;
13/07/18;20:08:56.036;INFO;Robot Runtime;executing:    Home;
13/07/18;20:08:58.611;INFO;Controller;Activity ExecRobotTask ended. Return value: Done;
13/07/18;20:08:58.611;INFO;Controller;State = Ready;
13/07/18;20:08:58.632;INFO;Server;Command: ExecRobotTask (ClosePorts,500000);
13/07/18;20:08:58.632;INFO;Controller;Executing asynchronous activity: ExecRobotTask;
13/07/18;20:08:58.632;INFO;Controller;Status = Executing: ClosePorts;
13/07/18;20:08:58.632;INFO;Controller;State = Running;
13/07/18;20:08:59.447;INFO;Robot Runtime;executing:    ClosePorts;
13/07/18;20:08:59.614;INFO;Controller;Activity ExecRobotTask ended. Return value: Done;
13/07/18;20:08:59.614;INFO;Controller;State = Ready;
13/07/18;20:08:59.903;INFO;Server;Command: ExecRobotTask (Unmount,500000);
13/07/18;20:08:59.903;INFO;Controller;Executing asynchronous activity: ExecRobotTask;
13/07/18;20:08:59.903;INFO;Controller;Status = Executing: Unmount;
13/07/18;20:08:59.903;INFO;Controller;State = Running;
13/07/18;20:09:00.744;INFO;Robot Runtime;executing:    Unmount;
13/07/18;20:09:07.345;INFO;Controller;Activity ExecRobotTask ended. Return value: Done False/True/False;
13/07/18;20:09:07.345;INFO;Controller;State = Ready;
13/07/18;20:09:07.368;INFO;Server;Command: ExecRobotTask (Unload,500000);
13/07/18;20:09:07.368;INFO;Controller;Executing asynchronous activity: ExecRobotTask;
13/07/18;20:09:07.369;INFO;Controller;Status = Executing: Unload;
13/07/18;20:09:07.369;INFO;Controller;State = Running;
13/07/18;20:09:08.205;INFO;Robot Runtime;executing:    Unload;
13/07/18;20:09:12.863;INFO;Controller;Activity ExecRobotTask ended. Return value: Done False/False/False;
13/07/18;20:09:12.863;INFO;Controller;State = Ready;
13/07/18;20:09:15.636;INFO;Server;Command: ExecRobotTask (Load,500000);
13/07/18;20:09:15.636;INFO;Controller;Executing asynchronous activity: ExecRobotTask;
13/07/18;20:09:15.636;INFO;Controller;Status = Executing: Load;
13/07/18;20:09:15.636;INFO;Controller;State = Running;
13/07/18;20:09:16.575;INFO;Robot Runtime;executing:    Load;
13/07/18;20:09:23.590;INFO;Controller;Activity ExecRobotTask ended. Return value: Done False/True/False;
13/07/18;20:09:23.590;INFO;Controller;State = Ready;
13/07/18;20:09:23.608;INFO;Server;Command: ExecRobotTask (Mount,500000);
13/07/18;20:09:23.608;INFO;Controller;Executing asynchronous activity: ExecRobotTask;
13/07/18;20:09:23.608;INFO;Controller;Status = Executing: Mount;
13/07/18;20:09:23.608;INFO;Controller;State = Running;
13/07/18;20:09:24.781;INFO;Robot Runtime;executing:    Mount;
13/07/18;20:09:31.933;INFO;Controller;Activity ExecRobotTask ended. Return value: Done True/False/False;
13/07/18;20:09:31.933;INFO;Controller;State = Ready;
13/07/18;20:09:31.957;INFO;Server;Command: ExecRobotTask (Park,500000);
13/07/18;20:09:31.957;INFO;Controller;Executing asynchronous activity: ExecRobotTask;
13/07/18;20:09:31.958;INFO;Controller;Status = Executing: Park;
13/07/18;20:09:31.958;INFO;Controller;State = Running;
13/07/18;20:09:32.788;INFO;Robot Runtime;executing:    Park;
13/07/18;20:09:36.157;INFO;Controller;Activity ExecRobotTask ended. Return value: Done;
13/07/18;20:09:36.157;INFO;Controller;State = Ready;
13/07/18;20:09:36.179;INFO;Server;Command: ExecRobotTask (UnlatchRobGov,500000);
13/07/18;20:09:36.179;INFO;Controller;Executing asynchronous activity: ExecRobotTask;
13/07/18;20:09:36.179;INFO;Controller;Status = Executing: UnlatchRobGov;
13/07/18;20:09:36.179;INFO;Controller;State = Running;
13/07/18;20:09:37.033;INFO;Robot Runtime;executing:    UnlatchRobGov;
13/07/18;20:09:37.168;INFO;Controller;Activity ExecRobotTask ended. Return value: Done;
13/07/18;20:09:37.168;INFO;Controller;State = Ready;
13/07/18;20:37:38.371;INFO;Server;Command: ExecRobotTask (Initialize,500000);
13/07/18;20:37:38.371;INFO;Controller;Executing asynchronous activity: ExecRobotTask;
13/07/18;20:37:38.371;INFO;Controller;Status = Executing: Initialize;
13/07/18;20:37:38.372;INFO;Controller;State = Running;
13/07/18;20:37:39.226;INFO;Robot Runtime;executing:    Initialize;
13/07/18;20:37:39.702;INFO;Controller;Activity ExecRobotTask ended. Return value: Done;
13/07/18;20:37:39.702;INFO;Controller;State = Ready;
13/07/18;20:37:39.720;INFO;Server;Command: ExecRobotTask (LatchRobGov2,500000);
13/07/18;20:37:39.720;INFO;Controller;Executing asynchronous activity: ExecRobotTask;
13/07/18;20:37:39.720;INFO;Controller;Status = Executing: LatchRobGov2;
13/07/18;20:37:39.720;INFO;Controller;State = Running;
13/07/18;20:37:40.588;INFO;Robot Runtime;executing:    LatchRobGov2;
13/07/18;20:37:44.121;INFO;Controller;Activity ExecRobotTask ended. Return value: Done;
13/07/18;20:37:44.121;INFO;Controller;State = Ready;
13/07/18;20:37:44.138;INFO;Server;Command: ExecRobotTask (CoolDown,500000);
13/07/18;20:37:44.138;INFO;Controller;Executing asynchronous activity: ExecRobotTask;
13/07/18;20:37:44.138;INFO;Controller;Status = Executing: CoolDown;
13/07/18;20:37:44.138;INFO;Controller;State = Running;
13/07/18;20:37:45.029;INFO;Robot Runtime;executing:    CoolDown;
13/07/18;20:37:45.545;INFO;Controller;Activity ExecRobotTask ended. Return value: Done;
13/07/18;20:37:45.545;INFO;Controller;State = Ready;
13/07/18;20:37:46.570;INFO;Server;Command: ExecRobotTask (Home,500000);
13/07/18;20:37:46.570;INFO;Controller;Executing asynchronous activity: ExecRobotTask;
13/07/18;20:37:46.570;INFO;Controller;Status = Executing: Home;
13/07/18;20:37:46.570;INFO;Controller;State = Running;
13/07/18;20:37:47.699;INFO;Robot Runtime;executing:    Home;
13/07/18;20:37:50.277;INFO;Controller;Activity ExecRobotTask ended. Return value: Done;
13/07/18;20:37:50.277;INFO;Controller;State = Ready;
13/07/18;20:37:50.297;INFO;Server;Command: ExecRobotTask (ClosePorts,500000);
13/07/18;20:37:50.297;INFO;Controller;Executing asynchronous activity: ExecRobotTask;
13/07/18;20:37:50.297;INFO;Controller;Status = Executing: ClosePorts;
13/07/18;20:37:50.297;INFO;Controller;State = Running;
13/07/18;20:37:51.133;INFO;Robot Runtime;executing:    ClosePorts;
13/07/18;20:37:51.290;INFO;Controller;Activity ExecRobotTask ended. Return value: Done;
13/07/18;20:37:51.290;INFO;Controller;State = Ready;
13/07/18;20:37:51.662;INFO;Server;Command: ExecRobotTask (Unmount,500000);
13/07/18;20:37:51.663;INFO;Controller;Executing asynchronous activity: ExecRobotTask;
13/07/18;20:37:51.663;INFO;Controller;Status = Executing: Unmount;
13/07/18;20:37:51.663;INFO;Controller;State = Running;
13/07/18;20:37:52.500;INFO;Robot Runtime;executing:    Unmount;
13/07/18;20:38:00.256;INFO;Controller;Activity ExecRobotTask ended. Return value: Done False/True/False;
13/07/18;20:38:00.256;INFO;Controller;State = Ready;
13/07/18;20:38:00.276;INFO;Server;Command: ExecRobotTask (Unload,500000);
13/07/18;20:38:00.277;INFO;Controller;Executing asynchronous activity: ExecRobotTask;
13/07/18;20:38:00.277;INFO;Controller;Status = Executing: Unload;
13/07/18;20:38:00.277;INFO;Controller;State = Running;
13/07/18;20:38:01.117;INFO;Robot Runtime;executing:    Unload;
13/07/18;20:38:05.795;INFO;Controller;Activity ExecRobotTask ended. Return value: Done False/False/False;
13/07/18;20:38:05.795;INFO;Controller;State = Ready;
13/07/18;20:38:08.574;INFO;Server;Command: ExecRobotTask (Load,500000);
13/07/18;20:38:08.574;INFO;Controller;Executing asynchronous activity: ExecRobotTask;
13/07/18;20:38:08.574;INFO;Controller;Status = Executing: Load;
13/07/18;20:38:08.574;INFO;Controller;State = Running;
13/07/18;20:38:09.517;INFO;Robot Runtime;executing:    Load;
13/07/18;20:38:16.504;INFO;Controller;Activity ExecRobotTask ended. Return value: Done False/True/False;
13/07/18;20:38:16.504;INFO;Controller;State = Ready;
13/07/18;20:38:16.530;INFO;Server;Command: ExecRobotTask (Mount,500000);
13/07/18;20:38:16.530;INFO;Controller;Executing asynchronous activity: ExecRobotTask;
13/07/18;20:38:16.530;INFO;Controller;Status = Executing: Mount;
13/07/18;20:38:16.530;INFO;Controller;State = Running;
13/07/18;20:38:17.706;INFO;Robot Runtime;executing:    Mount;
13/07/18;20:38:25.317;INFO;Controller;Activity ExecRobotTask ended. Return value: Done True/False/False;
13/07/18;20:38:25.317;INFO;Controller;State = Ready;
13/07/18;20:38:25.341;INFO;Server;Command: ExecRobotTask (Park,500000);
13/07/18;20:38:25.341;INFO;Controller;Executing asynchronous activity: ExecRobotTask;
13/07/18;20:38:25.341;INFO;Controller;Status = Executing: Park;
13/07/18;20:38:25.341;INFO;Controller;State = Running;
13/07/18;20:38:26.165;INFO;Robot Runtime;executing:    Park;
13/07/18;20:38:29.393;INFO;Controller;Activity ExecRobotTask ended. Return value: Done;
13/07/18;20:38:29.393;INFO;Controller;State = Ready;
13/07/18;20:38:29.414;INFO;Server;Command: ExecRobotTask (UnlatchRobGov,500000);
13/07/18;20:38:29.414;INFO;Controller;Executing asynchronous activity: ExecRobotTask;
13/07/18;20:38:29.414;INFO;Controller;Status = Executing: UnlatchRobGov;
13/07/18;20:38:29.414;INFO;Controller;State = Running;
13/07/18;20:38:30.274;INFO;Robot Runtime;executing:    UnlatchRobGov;
13/07/18;20:38:30.730;INFO;Controller;Activity ExecRobotTask ended. Return value: Done;
13/07/18;20:38:30.730;INFO;Controller;State = Ready;
13/07/18;20:49:30.749;INFO;Server;Command: ExecRobotTask (Initialize,500000);
13/07/18;20:49:30.749;INFO;Controller;Executing asynchronous activity: ExecRobotTask;
13/07/18;20:49:30.749;INFO;Controller;Status = Executing: Initialize;
13/07/18;20:49:30.749;INFO;Controller;State = Running;
13/07/18;20:49:31.670;INFO;Robot Runtime;executing:    Initialize;
13/07/18;20:49:32.136;INFO;Controller;Activity ExecRobotTask ended. Return value: Done;
13/07/18;20:49:32.137;INFO;Controller;State = Ready;
13/07/18;20:49:32.165;INFO;Server;Command: ExecRobotTask (LatchRobGov2,500000);
13/07/18;20:49:32.165;INFO;Controller;Executing asynchronous activity: ExecRobotTask;
13/07/18;20:49:32.165;INFO;Controller;Status = Executing: LatchRobGov2;
13/07/18;20:49:32.165;INFO;Controller;State = Running;
13/07/18;20:49:33.355;INFO;Robot Runtime;executing:    LatchRobGov2;
13/07/18;20:49:36.830;INFO;Controller;Activity ExecRobotTask ended. Return value: Done;
13/07/18;20:49:36.830;INFO;Controller;State = Ready;
13/07/18;20:49:36.859;INFO;Server;Command: ExecRobotTask (CoolDown,500000);
13/07/18;20:49:36.859;INFO;Controller;Executing asynchronous activity: ExecRobotTask;
13/07/18;20:49:36.859;INFO;Controller;Status = Executing: CoolDown;
13/07/18;20:49:36.859;INFO;Controller;State = Running;
13/07/18;20:49:37.674;INFO;Robot Runtime;executing:    CoolDown;
13/07/18;20:49:37.837;INFO;Controller;Activity ExecRobotTask ended. Return value: Done;
13/07/18;20:49:37.837;INFO;Controller;State = Ready;
13/07/18;20:49:38.866;INFO;Server;Command: ExecRobotTask (Home,500000);
13/07/18;20:49:38.866;INFO;Controller;Executing asynchronous activity: ExecRobotTask;
13/07/18;20:49:38.866;INFO;Controller;Status = Executing: Home;
13/07/18;20:49:38.866;INFO;Controller;State = Running;
13/07/18;20:49:39.690;INFO;Robot Runtime;executing:    Home;
13/07/18;20:49:42.201;INFO;Controller;Activity ExecRobotTask ended. Return value: Done;
13/07/18;20:49:42.202;INFO;Controller;State = Ready;
13/07/18;20:49:42.225;INFO;Server;Command: ExecRobotTask (ClosePorts,500000);
13/07/18;20:49:42.225;INFO;Controller;Executing asynchronous activity: ExecRobotTask;
13/07/18;20:49:42.225;INFO;Controller;Status = Executing: ClosePorts;
13/07/18;20:49:42.225;INFO;Controller;State = Running;
13/07/18;20:49:43.043;INFO;Robot Runtime;executing:    ClosePorts;
13/07/18;20:49:43.208;INFO;Controller;Activity ExecRobotTask ended. Return value: Done;
13/07/18;20:49:43.208;INFO;Controller;State = Ready;
13/07/18;20:49:43.505;INFO;Server;Command: ExecRobotTask (Unmount,500000);
13/07/18;20:49:43.505;INFO;Controller;Executing asynchronous activity: ExecRobotTask;
13/07/18;20:49:43.506;INFO;Controller;Status = Executing: Unmount;
13/07/18;20:49:43.506;INFO;Controller;State = Running;
13/07/18;20:49:44.350;INFO;Robot Runtime;executing:    Unmount;
13/07/18;20:49:51.424;INFO;Controller;Activity ExecRobotTask ended. Return value: Done False/True/False;
13/07/18;20:49:51.424;INFO;Controller;State = Ready;
13/07/18;20:49:51.445;INFO;Server;Command: ExecRobotTask (Unload,500000);
13/07/18;20:49:51.445;INFO;Controller;Executing asynchronous activity: ExecRobotTask;
13/07/18;20:49:51.445;INFO;Controller;Status = Executing: Unload;
13/07/18;20:49:51.445;INFO;Controller;State = Running;
13/07/18;20:49:52.282;INFO;Robot Runtime;executing:    Unload;
13/07/18;20:49:56.961;INFO;Controller;Activity ExecRobotTask ended. Return value: Done False/False/False;
13/07/18;20:49:56.961;INFO;Controller;State = Ready;
13/07/18;20:49:59.741;INFO;Server;Command: ExecRobotTask (Load,500000);
13/07/18;20:49:59.741;INFO;Controller;Executing asynchronous activity: ExecRobotTask;
13/07/18;20:49:59.741;INFO;Controller;Status = Executing: Load;
13/07/18;20:49:59.741;INFO;Controller;State = Running;
13/07/18;20:50:01.045;INFO;Robot Runtime;executing:    Load;
13/07/18;20:50:07.965;INFO;Controller;Activity ExecRobotTask ended. Return value: Done False/True/False;
13/07/18;20:50:07.965;INFO;Controller;State = Ready;
13/07/18;20:50:07.995;INFO;Server;Command: ExecRobotTask (Mount,500000);
13/07/18;20:50:07.995;INFO;Controller;Executing asynchronous activity: ExecRobotTask;
13/07/18;20:50:07.995;INFO;Controller;Status = Executing: Mount;
13/07/18;20:50:07.995;INFO;Controller;State = Running;
13/07/18;20:50:08.822;INFO;Robot Runtime;executing:    Mount;
13/07/18;20:50:15.859;INFO;Controller;Activity ExecRobotTask ended. Return value: Done True/False/False;
13/07/18;20:50:15.859;INFO;Controller;State = Ready;
13/07/18;20:50:15.884;INFO;Server;Command: ExecRobotTask (Park,500000);
13/07/18;20:50:15.884;INFO;Controller;Executing asynchronous activity: ExecRobotTask;
13/07/18;20:50:15.884;INFO;Controller;Status = Executing: Park;
13/07/18;20:50:15.884;INFO;Controller;State = Running;
13/07/18;20:50:16.696;INFO;Robot Runtime;executing:    Park;
13/07/18;20:50:20.245;INFO;Controller;Activity ExecRobotTask ended. Return value: Done;
13/07/18;20:50:20.245;INFO;Controller;State = Ready;
13/07/18;20:50:20.270;INFO;Server;Command: ExecRobotTask (UnlatchRobGov,500000);
13/07/18;20:50:20.270;INFO;Controller;Executing asynchronous activity: ExecRobotTask;
13/07/18;20:50:20.270;INFO;Controller;Status = Executing: UnlatchRobGov;
13/07/18;20:50:20.270;INFO;Controller;State = Running;
13/07/18;20:50:21.127;INFO;Robot Runtime;executing:    UnlatchRobGov;
13/07/18;20:50:21.257;INFO;Controller;Activity ExecRobotTask ended. Return value: Done;
13/07/18;20:50:21.257;INFO;Controller;State = Ready;
13/07/18;20:57:01.836;INFO;Server;Command: ExecRobotTask (Initialize,500000);
13/07/18;20:57:01.837;INFO;Controller;Executing asynchronous activity: ExecRobotTask;
13/07/18;20:57:01.837;INFO;Controller;Status = Executing: Initialize;
13/07/18;20:57:01.837;INFO;Controller;State = Running;
13/07/18;20:57:02.743;INFO;Robot Runtime;executing:    Initialize;
13/07/18;20:57:02.973;INFO;Controller;Activity ExecRobotTask ended. Return value: Done;
13/07/18;20:57:02.973;INFO;Controller;State = Ready;
13/07/18;20:57:03.005;INFO;Server;Command: ExecRobotTask (LatchRobGov2,500000);
13/07/18;20:57:03.005;INFO;Controller;Executing asynchronous activity: ExecRobotTask;
13/07/18;20:57:03.005;INFO;Controller;Status = Executing: LatchRobGov2;
13/07/18;20:57:03.005;INFO;Controller;State = Running;
13/07/18;20:57:03.882;INFO;Robot Runtime;executing:    LatchRobGov2;
13/07/18;20:57:06.053;INFO;Controller;Activity ExecRobotTask ended. Return value: Done;
13/07/18;20:57:06.053;INFO;Controller;State = Ready;
13/07/18;20:57:06.078;INFO;Server;Command: ExecRobotTask (CoolDown,500000);
13/07/18;20:57:06.079;INFO;Controller;Executing asynchronous activity: ExecRobotTask;
13/07/18;20:57:06.079;INFO;Controller;Status = Executing: CoolDown;
13/07/18;20:57:06.079;INFO;Controller;State = Running;
13/07/18;20:57:07.217;INFO;Robot Runtime;executing:    CoolDown;
13/07/18;20:57:07.747;INFO;Controller;Activity ExecRobotTask ended. Return value: Done;
13/07/18;20:57:07.747;INFO;Controller;State = Ready;
13/07/18;20:57:08.773;INFO;Server;Command: ExecRobotTask (Home,500000);
13/07/18;20:57:08.773;INFO;Controller;Executing asynchronous activity: ExecRobotTask;
13/07/18;20:57:08.773;INFO;Controller;Status = Executing: Home;
13/07/18;20:57:08.773;INFO;Controller;State = Running;
13/07/18;20:57:09.597;INFO;Robot Runtime;executing:    Home;
13/07/18;20:57:12.186;INFO;Controller;Activity ExecRobotTask ended. Return value: Done;
13/07/18;20:57:12.187;INFO;Controller;State = Ready;
13/07/18;20:57:12.212;INFO;Server;Command: ExecRobotTask (ClosePorts,500000);
13/07/18;20:57:12.212;INFO;Controller;Executing asynchronous activity: ExecRobotTask;
13/07/18;20:57:12.212;INFO;Controller;Status = Executing: ClosePorts;
13/07/18;20:57:12.212;INFO;Controller;State = Running;
13/07/18;20:57:13.028;INFO;Robot Runtime;executing:    ClosePorts;
13/07/18;20:57:13.195;INFO;Controller;Activity ExecRobotTask ended. Return value: Done;
13/07/18;20:57:13.195;INFO;Controller;State = Ready;
13/07/18;20:57:13.501;INFO;Server;Command: ExecRobotTask (Unmount,500000);
13/07/18;20:57:13.501;INFO;Controller;Executing asynchronous activity: ExecRobotTask;
13/07/18;20:57:13.501;INFO;Controller;Status = Executing: Unmount;
13/07/18;20:57:13.501;INFO;Controller;State = Running;
13/07/18;20:57:14.343;INFO;Robot Runtime;executing:    Unmount;
13/07/18;20:57:20.498;INFO;Controller;Activity ExecRobotTask ended. Return value: Done False/True/False;
13/07/18;20:57:20.498;INFO;Controller;State = Ready;
13/07/18;20:57:20.532;INFO;Server;Command: ExecRobotTask (Unload,500000);
13/07/18;20:57:20.533;INFO;Controller;Executing asynchronous activity: ExecRobotTask;
13/07/18;20:57:20.533;INFO;Controller;Status = Executing: Unload;
13/07/18;20:57:20.533;INFO;Controller;State = Running;
13/07/18;20:57:21.370;INFO;Robot Runtime;executing:    Unload;
13/07/18;20:57:25.776;INFO;Controller;Activity ExecRobotTask ended. Return value: Done False/False/False;
13/07/18;20:57:25.777;INFO;Controller;State = Ready;
13/07/18;20:57:28.587;INFO;Server;Command: ExecRobotTask (Load,500000);
13/07/18;20:57:28.588;INFO;Controller;Executing asynchronous activity: ExecRobotTask;
13/07/18;20:57:28.588;INFO;Controller;Status = Executing: Load;
13/07/18;20:57:28.588;INFO;Controller;State = Running;
13/07/18;20:57:29.560;INFO;Robot Runtime;executing:    Load;
13/07/18;20:57:36.235;INFO;Controller;Activity ExecRobotTask ended. Return value: Done False/True/False;
13/07/18;20:57:36.235;INFO;Controller;State = Ready;
13/07/18;20:57:36.266;INFO;Server;Command: ExecRobotTask (Mount,500000);
13/07/18;20:57:36.267;INFO;Controller;Executing asynchronous activity: ExecRobotTask;
13/07/18;20:57:36.267;INFO;Controller;Status = Executing: Mount;
13/07/18;20:57:36.267;INFO;Controller;State = Running;
13/07/18;20:57:37.401;INFO;Robot Runtime;executing:    Mount;
13/07/18;20:57:45.476;INFO;Controller;Activity ExecRobotTask ended. Return value: Done True/False/False;
13/07/18;20:57:45.476;INFO;Controller;State = Ready;
13/07/18;20:57:45.508;INFO;Server;Command: ExecRobotTask (Park,500000);
13/07/18;20:57:45.508;INFO;Controller;Executing asynchronous activity: ExecRobotTask;
13/07/18;20:57:45.508;INFO;Controller;Status = Executing: Park;
13/07/18;20:57:45.508;INFO;Controller;State = Running;
13/07/18;20:57:46.328;INFO;Robot Runtime;executing:    Park;
13/07/18;20:57:49.696;INFO;Controller;Activity ExecRobotTask ended. Return value: Done;
13/07/18;20:57:49.696;INFO;Controller;State = Ready;
13/07/18;20:57:49.728;INFO;Server;Command: ExecRobotTask (UnlatchRobGov,500000);
13/07/18;20:57:49.728;INFO;Controller;Executing asynchronous activity: ExecRobotTask;
13/07/18;20:57:49.728;INFO;Controller;Status = Executing: UnlatchRobGov;
13/07/18;20:57:49.728;INFO;Controller;State = Running;
13/07/18;20:57:50.582;INFO;Robot Runtime;executing:    UnlatchRobGov;
13/07/18;20:57:50.711;INFO;Controller;Activity ExecRobotTask ended. Return value: Done;
13/07/18;20:57:50.711;INFO;Controller;State = Ready;
13/07/18;21:26:57.938;INFO;Server;Command: ExecRobotTask (Initialize,500000);
13/07/18;21:26:57.938;INFO;Controller;Executing asynchronous activity: ExecRobotTask;
13/07/18;21:26:57.938;INFO;Controller;Status = Executing: Initialize;
13/07/18;21:26:57.938;INFO;Controller;State = Running;
13/07/18;21:26:58.865;INFO;Robot Runtime;executing:    Initialize;
13/07/18;21:26:59.381;INFO;Controller;Activity ExecRobotTask ended. Return value: Done;
13/07/18;21:26:59.381;INFO;Controller;State = Ready;
13/07/18;21:26:59.410;INFO;Server;Command: ExecRobotTask (LatchRobGov2,500000);
13/07/18;21:26:59.410;INFO;Controller;Executing asynchronous activity: ExecRobotTask;
13/07/18;21:26:59.410;INFO;Controller;Status = Executing: LatchRobGov2;
13/07/18;21:26:59.410;INFO;Controller;State = Running;
13/07/18;21:27:00.255;INFO;Robot Runtime;executing:    LatchRobGov2;
13/07/18;21:27:03.758;INFO;Controller;Activity ExecRobotTask ended. Return value: Done;
13/07/18;21:27:03.759;INFO;Controller;State = Ready;
13/07/18;21:27:03.789;INFO;Server;Command: ExecRobotTask (CoolDown,500000);
13/07/18;21:27:03.789;INFO;Controller;Executing asynchronous activity: ExecRobotTask;
13/07/18;21:27:03.789;INFO;Controller;Status = Executing: CoolDown;
13/07/18;21:27:03.789;INFO;Controller;State = Running;
13/07/18;21:27:04.921;INFO;Robot Runtime;executing:    CoolDown;
13/07/18;21:27:05.047;INFO;Controller;Activity ExecRobotTask ended. Return value: Done;
13/07/18;21:27:05.047;INFO;Controller;State = Ready;
13/07/18;21:27:06.080;INFO;Server;Command: ExecRobotTask (Home,500000);
13/07/18;21:27:06.080;INFO;Controller;Executing asynchronous activity: ExecRobotTask;
13/07/18;21:27:06.080;INFO;Controller;Status = Executing: Home;
13/07/18;21:27:06.080;INFO;Controller;State = Running;
13/07/18;21:27:06.908;INFO;Robot Runtime;executing:    Home;
13/07/18;21:27:09.400;INFO;Controller;Activity ExecRobotTask ended. Return value: Done;
13/07/18;21:27:09.400;INFO;Controller;State = Ready;
13/07/18;21:27:09.431;INFO;Server;Command: ExecRobotTask (ClosePorts,500000);
13/07/18;21:27:09.431;INFO;Controller;Executing asynchronous activity: ExecRobotTask;
13/07/18;21:27:09.431;INFO;Controller;Status = Executing: ClosePorts;
13/07/18;21:27:09.431;INFO;Controller;State = Running;
13/07/18;21:27:10.252;INFO;Robot Runtime;executing:    ClosePorts;
13/07/18;21:27:10.408;INFO;Controller;Activity ExecRobotTask ended. Return value: Done;
13/07/18;21:27:10.408;INFO;Controller;State = Ready;
13/07/18;21:27:10.705;INFO;Server;Command: ExecRobotTask (Unmount,500000);
13/07/18;21:27:10.705;INFO;Controller;Executing asynchronous activity: ExecRobotTask;
13/07/18;21:27:10.705;INFO;Controller;Status = Executing: Unmount;
13/07/18;21:27:10.705;INFO;Controller;State = Running;
13/07/18;21:27:11.544;INFO;Robot Runtime;executing:    Unmount;
13/07/18;21:27:18.373;INFO;Controller;Activity ExecRobotTask ended. Return value: Done False/True/False;
13/07/18;21:27:18.373;INFO;Controller;State = Ready;
13/07/18;21:27:18.406;INFO;Server;Command: ExecRobotTask (Unload,500000);
13/07/18;21:27:18.407;INFO;Controller;Executing asynchronous activity: ExecRobotTask;
13/07/18;21:27:18.407;INFO;Controller;Status = Executing: Unload;
13/07/18;21:27:18.407;INFO;Controller;State = Running;
13/07/18;21:27:19.245;INFO;Robot Runtime;executing:    Unload;
13/07/18;21:27:23.890;INFO;Controller;Activity ExecRobotTask ended. Return value: Done False/False/False;
13/07/18;21:27:23.890;INFO;Controller;State = Ready;
13/07/18;21:27:26.675;INFO;Server;Command: ExecRobotTask (Load,500000);
13/07/18;21:27:26.675;INFO;Controller;Executing asynchronous activity: ExecRobotTask;
13/07/18;21:27:26.675;INFO;Controller;Status = Executing: Load;
13/07/18;21:27:26.675;INFO;Controller;State = Running;
13/07/18;21:27:27.650;INFO;Robot Runtime;executing:    Load;
13/07/18;21:27:34.603;INFO;Controller;Activity ExecRobotTask ended. Return value: Done False/True/False;
13/07/18;21:27:34.603;INFO;Controller;State = Ready;
13/07/18;21:27:34.634;INFO;Server;Command: ExecRobotTask (Mount,500000);
13/07/18;21:27:34.635;INFO;Controller;Executing asynchronous activity: ExecRobotTask;
13/07/18;21:27:34.635;INFO;Controller;Status = Executing: Mount;
13/07/18;21:27:34.635;INFO;Controller;State = Running;
13/07/18;21:27:35.776;INFO;Robot Runtime;executing:    Mount;
13/07/18;21:27:42.754;INFO;Controller;Activity ExecRobotTask ended. Return value: Done True/False/False;
13/07/18;21:27:42.754;INFO;Controller;State = Ready;
13/07/18;21:27:42.782;INFO;Server;Command: ExecRobotTask (Park,500000);
13/07/18;21:27:42.782;INFO;Controller;Executing asynchronous activity: ExecRobotTask;
13/07/18;21:27:42.782;INFO;Controller;Status = Executing: Park;
13/07/18;21:27:42.783;INFO;Controller;State = Running;
13/07/18;21:27:43.605;INFO;Robot Runtime;executing:    Park;
13/07/18;21:27:46.886;INFO;Controller;Activity ExecRobotTask ended. Return value: Done;
13/07/18;21:27:46.886;INFO;Controller;State = Ready;
13/07/18;21:27:46.917;INFO;Server;Command: ExecRobotTask (UnlatchRobGov,500000);
13/07/18;21:27:46.917;INFO;Controller;Executing asynchronous activity: ExecRobotTask;
13/07/18;21:27:46.917;INFO;Controller;Status = Executing: UnlatchRobGov;
13/07/18;21:27:46.917;INFO;Controller;State = Running;
13/07/18;21:27:47.772;INFO;Robot Runtime;executing:    UnlatchRobGov;
13/07/18;21:27:48.302;INFO;Controller;Activity ExecRobotTask ended. Return value: Done;
13/07/18;21:27:48.302;INFO;Controller;State = Ready;
13/07/18;21:39:06.321;INFO;Server;Command: ExecRobotTask (Initialize,500000);
13/07/18;21:39:06.321;INFO;Controller;Executing asynchronous activity: ExecRobotTask;
13/07/18;21:39:06.321;INFO;Controller;Status = Executing: Initialize;
13/07/18;21:39:06.321;INFO;Controller;State = Running;
13/07/18;21:39:07.277;INFO;Robot Runtime;executing:    Initialize;
13/07/18;21:39:07.785;INFO;Controller;Activity ExecRobotTask ended. Return value: Done;
13/07/18;21:39:07.785;INFO;Controller;State = Ready;
13/07/18;21:39:07.821;INFO;Server;Command: ExecRobotTask (LatchRobGov2,500000);
13/07/18;21:39:07.822;INFO;Controller;Executing asynchronous activity: ExecRobotTask;
13/07/18;21:39:07.822;INFO;Controller;Status = Executing: LatchRobGov2;
13/07/18;21:39:07.822;INFO;Controller;State = Running;
13/07/18;21:39:08.972;INFO;Robot Runtime;executing:    LatchRobGov2;
13/07/18;21:39:09.981;INFO;Controller;Activity ExecRobotTask ended. Return value: Done;
13/07/18;21:39:09.981;INFO;Controller;State = Ready;
13/07/18;21:39:10.020;INFO;Server;Command: ExecRobotTask (CoolDown,500000);
13/07/18;21:39:10.020;INFO;Controller;Executing asynchronous activity: ExecRobotTask;
13/07/18;21:39:10.020;INFO;Controller;Status = Executing: CoolDown;
13/07/18;21:39:10.020;INFO;Controller;State = Running;
13/07/18;21:39:10.836;INFO;Robot Runtime;executing:    CoolDown;
13/07/18;21:39:10.987;INFO;Controller;Activity ExecRobotTask ended. Return value: Done;
13/07/18;21:39:10.987;INFO;Controller;State = Ready;
13/07/18;21:39:12.021;INFO;Server;Command: ExecRobotTask (Home,500000);
13/07/18;21:39:12.022;INFO;Controller;Executing asynchronous activity: ExecRobotTask;
13/07/18;21:39:12.022;INFO;Controller;Status = Executing: Home;
13/07/18;21:39:12.022;INFO;Controller;State = Running;
13/07/18;21:39:12.844;INFO;Robot Runtime;executing:    Home;
13/07/18;21:39:15.332;INFO;Controller;Activity ExecRobotTask ended. Return value: Done;
13/07/18;21:39:15.332;INFO;Controller;State = Ready;
13/07/18;21:39:15.366;INFO;Server;Command: ExecRobotTask (ClosePorts,500000);
13/07/18;21:39:15.367;INFO;Controller;Executing asynchronous activity: ExecRobotTask;
13/07/18;21:39:15.367;INFO;Controller;Status = Executing: ClosePorts;
13/07/18;21:39:15.367;INFO;Controller;State = Running;
13/07/18;21:39:16.186;INFO;Robot Runtime;executing:    ClosePorts;
13/07/18;21:39:16.339;INFO;Controller;Activity ExecRobotTask ended. Return value: Done;
13/07/18;21:39:16.339;INFO;Controller;State = Ready;
13/07/18;21:39:16.662;INFO;Server;Command: ExecRobotTask (Unmount,500000);
13/07/18;21:39:16.662;INFO;Controller;Executing asynchronous activity: ExecRobotTask;
13/07/18;21:39:16.662;INFO;Controller;Status = Executing: Unmount;
13/07/18;21:39:16.662;INFO;Controller;State = Running;
13/07/18;21:39:17.531;INFO;Robot Runtime;executing:    Unmount;
13/07/18;21:39:24.378;INFO;Controller;Activity ExecRobotTask ended. Return value: Done False/True/False;
13/07/18;21:39:24.378;INFO;Controller;State = Ready;
13/07/18;21:39:24.410;INFO;Server;Command: ExecRobotTask (Unload,500000);
13/07/18;21:39:24.410;INFO;Controller;Executing asynchronous activity: ExecRobotTask;
13/07/18;21:39:24.410;INFO;Controller;Status = Executing: Unload;
13/07/18;21:39:24.410;INFO;Controller;State = Running;
13/07/18;21:39:25.245;INFO;Robot Runtime;executing:    Unload;
13/07/18;21:39:30.074;INFO;Controller;Activity ExecRobotTask ended. Return value: Done False/False/False;
13/07/18;21:39:30.074;INFO;Controller;State = Ready;
13/07/18;21:39:32.855;INFO;Server;Command: ExecRobotTask (Load,500000);
13/07/18;21:39:32.856;INFO;Controller;Executing asynchronous activity: ExecRobotTask;
13/07/18;21:39:32.856;INFO;Controller;Status = Executing: Load;
13/07/18;21:39:32.856;INFO;Controller;State = Running;
13/07/18;21:39:33.851;INFO;Robot Runtime;executing:    Load;
13/07/18;21:39:40.775;INFO;Controller;Activity ExecRobotTask ended. Return value: Done False/True/False;
13/07/18;21:39:40.775;INFO;Controller;State = Ready;
13/07/18;21:39:40.806;INFO;Server;Command: ExecRobotTask (Mount,500000);
13/07/18;21:39:40.806;INFO;Controller;Executing asynchronous activity: ExecRobotTask;
13/07/18;21:39:40.806;INFO;Controller;Status = Executing: Mount;
13/07/18;21:39:40.806;INFO;Controller;State = Running;
13/07/18;21:39:41.927;INFO;Robot Runtime;executing:    Mount;
13/07/18;21:39:49.332;INFO;Controller;Activity ExecRobotTask ended. Return value: Done True/False/False;
13/07/18;21:39:49.332;INFO;Controller;State = Ready;
13/07/18;21:39:49.371;INFO;Server;Command: ExecRobotTask (Park,500000);
13/07/18;21:39:49.372;INFO;Controller;Executing asynchronous activity: ExecRobotTask;
13/07/18;21:39:49.372;INFO;Controller;Status = Executing: Park;
13/07/18;21:39:49.372;INFO;Controller;State = Running;
13/07/18;21:39:50.190;INFO;Robot Runtime;executing:    Park;
13/07/18;21:39:53.551;INFO;Controller;Activity ExecRobotTask ended. Return value: Done;
13/07/18;21:39:53.551;INFO;Controller;State = Ready;
13/07/18;21:39:53.587;INFO;Server;Command: ExecRobotTask (UnlatchRobGov,500000);
13/07/18;21:39:53.587;INFO;Controller;Executing asynchronous activity: ExecRobotTask;
13/07/18;21:39:53.587;INFO;Controller;Status = Executing: UnlatchRobGov;
13/07/18;21:39:53.587;INFO;Controller;State = Running;
13/07/18;21:39:54.439;INFO;Robot Runtime;executing:    UnlatchRobGov;
13/07/18;21:39:54.565;INFO;Controller;Activity ExecRobotTask ended. Return value: Done;
13/07/18;21:39:54.565;INFO;Controller;State = Ready;
13/07/18;21:45:41.707;INFO;Server;Command: ExecRobotTask (Initialize,500000);
13/07/18;21:45:41.708;INFO;Controller;Executing asynchronous activity: ExecRobotTask;
13/07/18;21:45:41.708;INFO;Controller;Status = Executing: Initialize;
13/07/18;21:45:41.708;INFO;Controller;State = Running;
13/07/18;21:45:42.682;INFO;Robot Runtime;executing:    Initialize;
13/07/18;21:45:43.274;INFO;Controller;Activity ExecRobotTask ended. Return value: Done;
13/07/18;21:45:43.274;INFO;Controller;State = Ready;
13/07/18;21:45:43.313;INFO;Server;Command: ExecRobotTask (LatchRobGov2,500000);
13/07/18;21:45:43.313;INFO;Controller;Executing asynchronous activity: ExecRobotTask;
13/07/18;21:45:43.313;INFO;Controller;Status = Executing: LatchRobGov2;
13/07/18;21:45:43.313;INFO;Controller;State = Running;
13/07/18;21:45:44.444;INFO;Robot Runtime;executing:    LatchRobGov2;
13/07/18;21:45:46.701;INFO;Controller;Activity ExecRobotTask ended. Return value: Done;
13/07/18;21:45:46.701;INFO;Controller;State = Ready;
13/07/18;21:45:46.744;INFO;Server;Command: ExecRobotTask (CoolDown,500000);
13/07/18;21:45:46.744;INFO;Controller;Executing asynchronous activity: ExecRobotTask;
13/07/18;21:45:46.744;INFO;Controller;Status = Executing: CoolDown;
13/07/18;21:45:46.744;INFO;Controller;State = Running;
13/07/18;21:45:47.552;INFO;Robot Runtime;executing:    CoolDown;
13/07/18;21:45:47.702;INFO;Controller;Activity ExecRobotTask ended. Return value: Done;
13/07/18;21:45:47.702;INFO;Controller;State = Ready;
13/07/18;21:45:48.741;INFO;Server;Command: ExecRobotTask (Home,500000);
13/07/18;21:45:48.741;INFO;Controller;Executing asynchronous activity: ExecRobotTask;
13/07/18;21:45:48.741;INFO;Controller;Status = Executing: Home;
13/07/18;21:45:48.741;INFO;Controller;State = Running;
13/07/18;21:45:49.567;INFO;Robot Runtime;executing:    Home;
13/07/18;21:45:52.071;INFO;Controller;Activity ExecRobotTask ended. Return value: Done;
13/07/18;21:45:52.071;INFO;Controller;State = Ready;
13/07/18;21:45:52.109;INFO;Server;Command: ExecRobotTask (ClosePorts,500000);
13/07/18;21:45:52.110;INFO;Controller;Executing asynchronous activity: ExecRobotTask;
13/07/18;21:45:52.110;INFO;Controller;Status = Executing: ClosePorts;
13/07/18;21:45:52.110;INFO;Controller;State = Running;
13/07/18;21:45:52.930;INFO;Robot Runtime;executing:    ClosePorts;
13/07/18;21:45:53.082;INFO;Controller;Activity ExecRobotTask ended. Return value: Done;
13/07/18;21:45:53.082;INFO;Controller;State = Ready;
13/07/18;21:45:53.383;INFO;Server;Command: ExecRobotTask (Unmount,500000);
13/07/18;21:45:53.383;INFO;Controller;Executing asynchronous activity: ExecRobotTask;
13/07/18;21:45:53.383;INFO;Controller;Status = Executing: Unmount;
13/07/18;21:45:53.383;INFO;Controller;State = Running;
13/07/18;21:45:54.225;INFO;Robot Runtime;executing:    Unmount;
13/07/18;21:46:01.319;INFO;Controller;Activity ExecRobotTask ended. Return value: Done False/True/False;
13/07/18;21:46:01.319;INFO;Controller;State = Ready;
13/07/18;21:46:01.354;INFO;Server;Command: ExecRobotTask (Unload,500000);
13/07/18;21:46:01.354;INFO;Controller;Executing asynchronous activity: ExecRobotTask;
13/07/18;21:46:01.354;INFO;Controller;Status = Executing: Unload;
13/07/18;21:46:01.354;INFO;Controller;State = Running;
13/07/18;21:46:02.188;INFO;Robot Runtime;executing:    Unload;
13/07/18;21:46:06.679;INFO;Controller;Activity ExecRobotTask ended. Return value: Done False/False/False;
13/07/18;21:46:06.680;INFO;Controller;State = Ready;
13/07/18;21:46:09.482;INFO;Server;Command: ExecRobotTask (Load,500000);
13/07/18;21:46:09.482;INFO;Controller;Executing asynchronous activity: ExecRobotTask;
13/07/18;21:46:09.482;INFO;Controller;Status = Executing: Load;
13/07/18;21:46:09.482;INFO;Controller;State = Running;
13/07/18;21:46:10.481;INFO;Robot Runtime;executing:    Load;
13/07/18;21:46:17.545;INFO;Controller;Activity ExecRobotTask ended. Return value: Done False/True/False;
13/07/18;21:46:17.545;INFO;Controller;State = Ready;
13/07/18;21:46:17.588;INFO;Server;Command: ExecRobotTask (Mount,500000);
13/07/18;21:46:17.588;INFO;Controller;Executing asynchronous activity: ExecRobotTask;
13/07/18;21:46:17.588;INFO;Controller;Status = Executing: Mount;
13/07/18;21:46:17.588;INFO;Controller;State = Running;
13/07/18;21:46:18.703;INFO;Robot Runtime;executing:    Mount;
13/07/18;21:46:27.079;INFO;Controller;Activity ExecRobotTask ended. Return value: Done True/False/False;
13/07/18;21:46:27.079;INFO;Controller;State = Ready;
13/07/18;21:46:27.114;INFO;Server;Command: ExecRobotTask (Park,500000);
13/07/18;21:46:27.114;INFO;Controller;Executing asynchronous activity: ExecRobotTask;
13/07/18;21:46:27.114;INFO;Controller;Status = Executing: Park;
13/07/18;21:46:27.114;INFO;Controller;State = Running;
13/07/18;21:46:27.935;INFO;Robot Runtime;executing:    Park;
13/07/18;21:46:31.300;INFO;Controller;Activity ExecRobotTask ended. Return value: Done;
13/07/18;21:46:31.300;INFO;Controller;State = Ready;
13/07/18;21:46:31.338;INFO;Server;Command: ExecRobotTask (UnlatchRobGov,500000);
13/07/18;21:46:31.339;INFO;Controller;Executing asynchronous activity: ExecRobotTask;
13/07/18;21:46:31.339;INFO;Controller;Status = Executing: UnlatchRobGov;
13/07/18;21:46:31.339;INFO;Controller;State = Running;
13/07/18;21:46:32.195;INFO;Robot Runtime;executing:    UnlatchRobGov;
13/07/18;21:46:32.721;INFO;Controller;Activity ExecRobotTask ended. Return value: Done;
13/07/18;21:46:32.721;INFO;Controller;State = Ready;
13/07/18;21:55:37.883;INFO;Server;Command: ExecRobotTask (Initialize,500000);
13/07/18;21:55:37.883;INFO;Controller;Executing asynchronous activity: ExecRobotTask;
13/07/18;21:55:37.883;INFO;Controller;Status = Executing: Initialize;
13/07/18;21:55:37.883;INFO;Controller;State = Running;
13/07/18;21:55:38.754;INFO;Robot Runtime;executing:    Initialize;
13/07/18;21:55:39.244;INFO;Controller;Activity ExecRobotTask ended. Return value: Done;
13/07/18;21:55:39.244;INFO;Controller;State = Ready;
13/07/18;21:55:39.288;INFO;Server;Command: ExecRobotTask (LatchRobGov2,500000);
13/07/18;21:55:39.288;INFO;Controller;Executing asynchronous activity: ExecRobotTask;
13/07/18;21:55:39.288;INFO;Controller;Status = Executing: LatchRobGov2;
13/07/18;21:55:39.288;INFO;Controller;State = Running;
13/07/18;21:55:40.213;INFO;Robot Runtime;executing:    LatchRobGov2;
13/07/18;21:55:43.638;INFO;Controller;Activity ExecRobotTask ended. Return value: Done;
13/07/18;21:55:43.638;INFO;Controller;State = Ready;
13/07/18;21:55:43.673;INFO;Server;Command: ExecRobotTask (CoolDown,500000);
13/07/18;21:55:43.673;INFO;Controller;Executing asynchronous activity: ExecRobotTask;
13/07/18;21:55:43.673;INFO;Controller;Status = Executing: CoolDown;
13/07/18;21:55:43.673;INFO;Controller;State = Running;
13/07/18;21:55:44.784;INFO;Robot Runtime;executing:    CoolDown;
13/07/18;21:55:44.922;INFO;Controller;Activity ExecRobotTask ended. Return value: Done;
13/07/18;21:55:44.922;INFO;Controller;State = Ready;
13/07/18;21:55:45.968;INFO;Server;Command: ExecRobotTask (Home,500000);
13/07/18;21:55:45.968;INFO;Controller;Executing asynchronous activity: ExecRobotTask;
13/07/18;21:55:45.968;INFO;Controller;Status = Executing: Home;
13/07/18;21:55:45.968;INFO;Controller;State = Running;
13/07/18;21:55:46.798;INFO;Robot Runtime;executing:    Home;
13/07/18;21:55:49.276;INFO;Controller;Activity ExecRobotTask ended. Return value: Done;
13/07/18;21:55:49.277;INFO;Controller;State = Ready;
13/07/18;21:55:49.320;INFO;Server;Command: ExecRobotTask (ClosePorts,500000);
13/07/18;21:55:49.320;INFO;Controller;Executing asynchronous activity: ExecRobotTask;
13/07/18;21:55:49.320;INFO;Controller;Status = Executing: ClosePorts;
13/07/18;21:55:49.320;INFO;Controller;State = Running;
13/07/18;21:55:50.137;INFO;Robot Runtime;executing:    ClosePorts;
13/07/18;21:55:50.287;INFO;Controller;Activity ExecRobotTask ended. Return value: Done;
13/07/18;21:55:50.287;INFO;Controller;State = Ready;
13/07/18;21:55:50.656;INFO;Server;Command: ExecRobotTask (Unmount,500000);
13/07/18;21:55:50.656;INFO;Controller;Executing asynchronous activity: ExecRobotTask;
13/07/18;21:55:50.656;INFO;Controller;Status = Executing: Unmount;
13/07/18;21:55:50.656;INFO;Controller;State = Running;
13/07/18;21:55:51.504;INFO;Robot Runtime;executing:    Unmount;
13/07/18;21:55:58.602;INFO;Controller;Activity ExecRobotTask ended. Return value: Done False/True/False;
13/07/18;21:55:58.602;INFO;Controller;State = Ready;
13/07/18;21:55:58.643;INFO;Server;Command: ExecRobotTask (Unload,500000);
13/07/18;21:55:58.643;INFO;Controller;Executing asynchronous activity: ExecRobotTask;
13/07/18;21:55:58.643;INFO;Controller;Status = Executing: Unload;
13/07/18;21:55:58.643;INFO;Controller;State = Running;
13/07/18;21:55:59.482;INFO;Robot Runtime;executing:    Unload;
13/07/18;21:56:04.301;INFO;Controller;Activity ExecRobotTask ended. Return value: Done False/False/False;
13/07/18;21:56:04.301;INFO;Controller;State = Ready;
13/07/18;21:56:04.359;INFO;Server;Command: ExecRobotTask (UnlatchRobGov,500000);
13/07/18;21:56:04.359;INFO;Controller;Executing asynchronous activity: ExecRobotTask;
13/07/18;21:56:04.359;INFO;Controller;Status = Executing: UnlatchRobGov;
13/07/18;21:56:04.359;INFO;Controller;State = Running;
13/07/18;21:56:05.234;INFO;Robot Runtime;executing:    UnlatchRobGov;
13/07/18;21:56:05.725;INFO;Controller;Activity ExecRobotTask ended. Return value: Done;
13/07/18;21:56:05.726;INFO;Controller;State = Ready;
13/07/18;21:56:05.772;INFO;Server;Command: ExecRobotTask (Finish,500000);
13/07/18;21:56:05.772;INFO;Controller;Executing asynchronous activity: ExecRobotTask;
13/07/18;21:56:05.772;INFO;Controller;Status = Executing: Finish;
13/07/18;21:56:05.773;INFO;Controller;State = Running;
13/07/18;21:56:07.007;INFO;Robot Runtime;executing:    Finish;
13/07/18;21:58:25.629;INFO;Controller;Activity ExecRobotTask ended. Return value: Done;
13/07/18;21:58:25.629;INFO;Controller;State = Ready;
13/07/18;22:00:30.426;INFO;Server;Command: ExecRobotTask (Initialize,500000);
13/07/18;22:00:30.427;INFO;Controller;Executing asynchronous activity: ExecRobotTask;
13/07/18;22:00:30.427;INFO;Controller;Status = Executing: Initialize;
13/07/18;22:00:30.427;INFO;Controller;State = Running;
13/07/18;22:00:31.289;INFO;Robot Runtime;executing:    Initialize;
13/07/18;22:00:32.519;INFO;Controller;Activity ExecRobotTask ended. Return value: Done;
13/07/18;22:00:32.520;INFO;Controller;State = Ready;
13/07/18;22:00:32.568;INFO;Server;Command: ExecRobotTask (LatchRobGov,500000);
13/07/18;22:00:32.568;INFO;Controller;Executing asynchronous activity: ExecRobotTask;
13/07/18;22:00:32.568;INFO;Controller;Status = Executing: LatchRobGov;
13/07/18;22:00:32.568;INFO;Controller;State = Running;
13/07/18;22:00:33.498;INFO;Robot Runtime;executing:    LatchRobGov;
13/07/18;22:00:34.199;INFO;Controller;Activity ExecRobotTask ended. Return value: Done;
13/07/18;22:00:34.200;INFO;Controller;State = Ready;
13/07/18;22:00:34.238;INFO;Server;Command: ExecRobotTask (TraceSample,500000);
13/07/18;22:00:34.238;INFO;Controller;Executing asynchronous activity: ExecRobotTask;
13/07/18;22:00:34.238;INFO;Controller;Status = Executing: TraceSample;
13/07/18;22:00:34.238;INFO;Controller;State = Running;
13/07/18;22:00:35.070;INFO;Robot Runtime;executing:    TraceSample;
13/07/18;22:00:35.727;INFO;Controller;Activity ExecRobotTask ended. Return value: Done False/False/False;
13/07/18;22:00:35.727;INFO;Controller;State = Ready;
13/07/18;22:00:35.765;INFO;Server;Command: ExecRobotTask (CoolDown,500000);
13/07/18;22:00:35.765;INFO;Controller;Executing asynchronous activity: ExecRobotTask;
13/07/18;22:00:35.765;INFO;Controller;Status = Executing: CoolDown;
13/07/18;22:00:35.765;INFO;Controller;State = Running;
13/07/18;22:00:36.927;INFO;Robot Runtime;executing:    CoolDown;
13/07/18;22:02:11.305;INFO;Controller;Activity ExecRobotTask ended. Return value: Done;
13/07/18;22:02:11.305;INFO;Controller;State = Ready;
13/07/18;22:02:11.547;INFO;Server;Command: ExecRobotTask (Load,500000);
13/07/18;22:02:11.547;INFO;Controller;Executing asynchronous activity: ExecRobotTask;
13/07/18;22:02:11.547;INFO;Controller;Status = Executing: Load;
13/07/18;22:02:11.547;INFO;Controller;State = Running;
13/07/18;22:02:12.423;INFO;Robot Runtime;executing:    Load;
13/07/18;22:02:22.072;INFO;Controller;Activity ExecRobotTask ended. Return value: Done False/True/False;
13/07/18;22:02:22.072;INFO;Controller;State = Ready;
13/07/18;22:02:22.112;INFO;Server;Command: ExecRobotTask (Mount,500000);
13/07/18;22:02:22.112;INFO;Controller;Executing asynchronous activity: ExecRobotTask;
13/07/18;22:02:22.113;INFO;Controller;Status = Executing: Mount;
13/07/18;22:02:22.113;INFO;Controller;State = Running;
13/07/18;22:02:23.002;INFO;Robot Runtime;executing:    Mount;
13/07/18;22:02:30.596;INFO;Controller;Activity ExecRobotTask ended. Return value: Done True/False/False;
13/07/18;22:02:30.596;INFO;Controller;State = Ready;
13/07/18;22:02:30.637;INFO;Server;Command: ExecRobotTask (Park,500000);
13/07/18;22:02:30.637;INFO;Controller;Executing asynchronous activity: ExecRobotTask;
13/07/18;22:02:30.637;INFO;Controller;Status = Executing: Park;
13/07/18;22:02:30.637;INFO;Controller;State = Running;
13/07/18;22:02:31.805;INFO;Robot Runtime;executing:    Park;
13/07/18;22:02:35.097;INFO;Controller;Activity ExecRobotTask ended. Return value: Done;
13/07/18;22:02:35.097;INFO;Controller;State = Ready;
13/07/18;22:02:35.141;INFO;Server;Command: ExecRobotTask (UnlatchRobGov,500000);
13/07/18;22:02:35.142;INFO;Controller;Executing asynchronous activity: ExecRobotTask;
13/07/18;22:02:35.142;INFO;Controller;Status = Executing: UnlatchRobGov;
13/07/18;22:02:35.142;INFO;Controller;State = Running;
13/07/18;22:02:36.010;INFO;Robot Runtime;executing:    UnlatchRobGov;
13/07/18;22:02:36.513;INFO;Controller;Activity ExecRobotTask ended. Return value: Done;
13/07/18;22:02:36.514;INFO;Controller;State = Ready;
13/07/18;22:35:39.902;INFO;Server;Command: ExecRobotTask (Initialize,500000);
13/07/18;22:35:39.902;INFO;Controller;Executing asynchronous activity: ExecRobotTask;
13/07/18;22:35:39.902;INFO;Controller;Status = Executing: Initialize;
13/07/18;22:35:39.902;INFO;Controller;State = Running;
13/07/18;22:35:40.777;INFO;Robot Runtime;executing:    Initialize;
13/07/18;22:35:41.044;INFO;Controller;Activity ExecRobotTask ended. Return value: Done;
13/07/18;22:35:41.044;INFO;Controller;State = Ready;
13/07/18;22:35:41.090;INFO;Server;Command: ExecRobotTask (LatchRobGov2,500000);
13/07/18;22:35:41.090;INFO;Controller;Executing asynchronous activity: ExecRobotTask;
13/07/18;22:35:41.090;INFO;Controller;Status = Executing: LatchRobGov2;
13/07/18;22:35:41.090;INFO;Controller;State = Running;
13/07/18;22:35:41.935;INFO;Robot Runtime;executing:    LatchRobGov2;
13/07/18;22:35:45.362;INFO;Controller;Activity ExecRobotTask ended. Return value: Done;
13/07/18;22:35:45.362;INFO;Controller;State = Ready;
13/07/18;22:35:45.410;INFO;Server;Command: ExecRobotTask (CoolDown,500000);
13/07/18;22:35:45.410;INFO;Controller;Executing asynchronous activity: ExecRobotTask;
13/07/18;22:35:45.410;INFO;Controller;Status = Executing: CoolDown;
13/07/18;22:35:45.410;INFO;Controller;State = Running;
13/07/18;22:35:46.236;INFO;Robot Runtime;executing:    CoolDown;
13/07/18;22:35:46.373;INFO;Controller;Activity ExecRobotTask ended. Return value: Done;
13/07/18;22:35:46.373;INFO;Controller;State = Ready;
13/07/18;22:35:47.422;INFO;Server;Command: ExecRobotTask (Home,500000);
13/07/18;22:35:47.422;INFO;Controller;Executing asynchronous activity: ExecRobotTask;
13/07/18;22:35:47.422;INFO;Controller;Status = Executing: Home;
13/07/18;22:35:47.422;INFO;Controller;State = Running;
13/07/18;22:35:48.325;INFO;Robot Runtime;executing:    Home;
13/07/18;22:35:50.577;INFO;Controller;Activity ExecRobotTask ended. Return value: Done;
13/07/18;22:35:50.578;INFO;Controller;State = Ready;
13/07/18;22:35:50.627;INFO;Server;Command: ExecRobotTask (ClosePorts,500000);
13/07/18;22:35:50.627;INFO;Controller;Executing asynchronous activity: ExecRobotTask;
13/07/18;22:35:50.627;INFO;Controller;Status = Executing: ClosePorts;
13/07/18;22:35:50.627;INFO;Controller;State = Running;
13/07/18;22:35:51.744;INFO;Robot Runtime;executing:    ClosePorts;
13/07/18;22:35:52.187;INFO;Controller;Activity ExecRobotTask ended. Return value: Done;
13/07/18;22:35:52.187;INFO;Controller;State = Ready;
13/07/18;22:35:52.494;INFO;Server;Command: ExecRobotTask (Unmount,500000);
13/07/18;22:35:52.494;INFO;Controller;Executing asynchronous activity: ExecRobotTask;
13/07/18;22:35:52.494;INFO;Controller;Status = Executing: Unmount;
13/07/18;22:35:52.494;INFO;Controller;State = Running;
13/07/18;22:35:53.346;INFO;Robot Runtime;executing:    Unmount;
13/07/18;22:36:01.002;INFO;Controller;Activity ExecRobotTask ended. Return value: Done False/True/False;
13/07/18;22:36:01.002;INFO;Controller;State = Ready;
13/07/18;22:36:01.044;INFO;Server;Command: ExecRobotTask (Unload,500000);
13/07/18;22:36:01.044;INFO;Controller;Executing asynchronous activity: ExecRobotTask;
13/07/18;22:36:01.044;INFO;Controller;Status = Executing: Unload;
13/07/18;22:36:01.044;INFO;Controller;State = Running;
13/07/18;22:36:01.880;INFO;Robot Runtime;executing:    Unload;
13/07/18;22:36:06.369;INFO;Controller;Activity ExecRobotTask ended. Return value: Done False/False/False;
13/07/18;22:36:06.369;INFO;Controller;State = Ready;
13/07/18;22:36:08.972;INFO;Server;Command: ExecRobotTask (Initialize,500000);
13/07/18;22:36:08.972;INFO;Controller;Executing asynchronous activity: ExecRobotTask;
13/07/18;22:36:08.972;INFO;Controller;Status = Executing: Initialize;
13/07/18;22:36:08.972;INFO;Controller;State = Running;
13/07/18;22:36:09.822;INFO;Robot Runtime;executing:    Initialize;
13/07/18;22:36:09.975;INFO;Controller;Activity ExecRobotTask ended. Return value: Done;
13/07/18;22:36:09.975;INFO;Controller;State = Ready;
13/07/18;22:36:10.021;INFO;Server;Command: ExecRobotTask (Park,500000);
13/07/18;22:36:10.021;INFO;Controller;Executing asynchronous activity: ExecRobotTask;
13/07/18;22:36:10.021;INFO;Controller;Status = Executing: Park;
13/07/18;22:36:10.021;INFO;Controller;State = Running;
13/07/18;22:36:10.852;INFO;Robot Runtime;executing:    Park;
13/07/18;22:36:14.365;INFO;Controller;Activity ExecRobotTask ended. Return value: Done;
13/07/18;22:36:14.365;INFO;Controller;State = Ready;
13/07/18;22:37:24.284;INFO;Server;Command: ExecRobotTask (Load,500000);
13/07/18;22:37:24.284;INFO;Controller;Executing asynchronous activity: ExecRobotTask;
13/07/18;22:37:24.284;INFO;Controller;Status = Executing: Load;
13/07/18;22:37:24.284;INFO;Controller;State = Running;
13/07/18;22:37:25.535;INFO;Robot Runtime;executing:    Load;
13/07/18;22:37:35.112;INFO;Controller;Activity ExecRobotTask ended. Return value: Done False/True/False;
13/07/18;22:37:35.112;INFO;Controller;State = Ready;
13/07/18;22:37:35.158;INFO;Server;Command: ExecRobotTask (Mount,500000);
13/07/18;22:37:35.158;INFO;Controller;Executing asynchronous activity: ExecRobotTask;
13/07/18;22:37:35.158;INFO;Controller;Status = Executing: Mount;
13/07/18;22:37:35.158;INFO;Controller;State = Running;
13/07/18;22:37:35.980;INFO;Robot Runtime;executing:    Mount;
13/07/18;22:37:43.386;INFO;Controller;Activity ExecRobotTask ended. Return value: Done True/False/False;
13/07/18;22:37:43.386;INFO;Controller;State = Ready;
13/07/18;22:37:43.430;INFO;Server;Command: ExecRobotTask (Park,500000);
13/07/18;22:37:43.430;INFO;Controller;Executing asynchronous activity: ExecRobotTask;
13/07/18;22:37:43.430;INFO;Controller;Status = Executing: Park;
13/07/18;22:37:43.430;INFO;Controller;State = Running;
13/07/18;22:37:44.270;INFO;Robot Runtime;executing:    Park;
13/07/18;22:37:47.600;INFO;Controller;Activity ExecRobotTask ended. Return value: Done;
13/07/18;22:37:47.601;INFO;Controller;State = Ready;
13/07/18;22:37:47.680;INFO;Server;Command: ExecRobotTask (UnlatchRobGov,500000);
13/07/18;22:37:47.680;INFO;Controller;Executing asynchronous activity: ExecRobotTask;
13/07/18;22:37:47.680;INFO;Controller;Status = Executing: UnlatchRobGov;
13/07/18;22:37:47.680;INFO;Controller;State = Running;
13/07/18;22:37:48.556;INFO;Robot Runtime;executing:    UnlatchRobGov;
13/07/18;22:37:49.020;INFO;Controller;Activity ExecRobotTask ended. Return value: Done;
13/07/18;22:37:49.020;INFO;Controller;State = Ready;
13/07/18;23:02:51.168;INFO;Server;Command: ExecRobotTask (Initialize,500000);
13/07/18;23:02:51.168;INFO;Controller;Executing asynchronous activity: ExecRobotTask;
13/07/18;23:02:51.168;INFO;Controller;Status = Executing: Initialize;
13/07/18;23:02:51.168;INFO;Controller;State = Running;
13/07/18;23:02:52.018;INFO;Robot Runtime;executing:    Initialize;
13/07/18;23:02:52.279;INFO;Controller;Activity ExecRobotTask ended. Return value: Done;
13/07/18;23:02:52.279;INFO;Controller;State = Ready;
13/07/18;23:02:52.292;INFO;Server;Command: ExecRobotTask (LatchRobGov2,500000);
13/07/18;23:02:52.292;INFO;Controller;Executing asynchronous activity: ExecRobotTask;
13/07/18;23:02:52.292;INFO;Controller;Status = Executing: LatchRobGov2;
13/07/18;23:02:52.293;INFO;Controller;State = Running;
13/07/18;23:02:53.141;INFO;Robot Runtime;executing:    LatchRobGov2;
13/07/18;23:02:54.114;INFO;Controller;Activity ExecRobotTask ended. Return value: Done;
13/07/18;23:02:54.114;INFO;Controller;State = Ready;
13/07/18;23:02:54.131;INFO;Server;Command: ExecRobotTask (CoolDown,500000);
13/07/18;23:02:54.131;INFO;Controller;Executing asynchronous activity: ExecRobotTask;
13/07/18;23:02:54.131;INFO;Controller;Status = Executing: CoolDown;
13/07/18;23:02:54.131;INFO;Controller;State = Running;
13/07/18;23:02:55.046;INFO;Robot Runtime;executing:    CoolDown;
13/07/18;23:02:55.543;INFO;Controller;Activity ExecRobotTask ended. Return value: Done;
13/07/18;23:02:55.543;INFO;Controller;State = Ready;
13/07/18;23:02:56.555;INFO;Server;Command: ExecRobotTask (Home,500000);
13/07/18;23:02:56.555;INFO;Controller;Executing asynchronous activity: ExecRobotTask;
13/07/18;23:02:56.555;INFO;Controller;Status = Executing: Home;
13/07/18;23:02:56.555;INFO;Controller;State = Running;
13/07/18;23:02:57.675;INFO;Robot Runtime;executing:    Home;
13/07/18;23:03:00.259;INFO;Controller;Activity ExecRobotTask ended. Return value: Done;
13/07/18;23:03:00.259;INFO;Controller;State = Ready;
13/07/18;23:03:00.270;INFO;Server;Command: ExecRobotTask (ClosePorts,500000);
13/07/18;23:03:00.270;INFO;Controller;Executing asynchronous activity: ExecRobotTask;
13/07/18;23:03:00.271;INFO;Controller;Status = Executing: ClosePorts;
13/07/18;23:03:00.271;INFO;Controller;State = Running;
13/07/18;23:03:01.103;INFO;Robot Runtime;executing:    ClosePorts;
13/07/18;23:03:01.269;INFO;Controller;Activity ExecRobotTask ended. Return value: Done;
13/07/18;23:03:01.269;INFO;Controller;State = Ready;
13/07/18;23:03:01.551;INFO;Server;Command: ExecRobotTask (Unmount,500000);
13/07/18;23:03:01.551;INFO;Controller;Executing asynchronous activity: ExecRobotTask;
13/07/18;23:03:01.551;INFO;Controller;Status = Executing: Unmount;
13/07/18;23:03:01.551;INFO;Controller;State = Running;
13/07/18;23:03:02.392;INFO;Robot Runtime;executing:    Unmount;
13/07/18;23:03:08.998;INFO;Controller;Activity ExecRobotTask ended. Return value: Done False/True/False;
13/07/18;23:03:08.998;INFO;Controller;State = Ready;
13/07/18;23:03:09.011;INFO;Server;Command: ExecRobotTask (Unload,500000);
13/07/18;23:03:09.011;INFO;Controller;Executing asynchronous activity: ExecRobotTask;
13/07/18;23:03:09.011;INFO;Controller;Status = Executing: Unload;
13/07/18;23:03:09.011;INFO;Controller;State = Running;
13/07/18;23:03:09.853;INFO;Robot Runtime;executing:    Unload;
13/07/18;23:03:14.523;INFO;Controller;Activity ExecRobotTask ended. Return value: Done False/False/False;
13/07/18;23:03:14.523;INFO;Controller;State = Ready;
13/07/18;23:03:14.545;INFO;Server;Command: ExecRobotTask (UnlatchRobGov,500000);
13/07/18;23:03:14.545;INFO;Controller;Executing asynchronous activity: ExecRobotTask;
13/07/18;23:03:14.545;INFO;Controller;Status = Executing: UnlatchRobGov;
13/07/18;23:03:14.546;INFO;Controller;State = Running;
13/07/18;23:03:15.402;INFO;Robot Runtime;executing:    UnlatchRobGov;
13/07/18;23:03:16.198;INFO;Controller;Activity ExecRobotTask ended. Return value: Done;
13/07/18;23:03:16.198;INFO;Controller;State = Ready;
13/07/18;23:03:16.212;INFO;Server;Command: ExecRobotTask (Finish,500000);
13/07/18;23:03:16.213;INFO;Controller;Executing asynchronous activity: ExecRobotTask;
13/07/18;23:03:16.213;INFO;Controller;Status = Executing: Finish;
13/07/18;23:03:16.213;INFO;Controller;State = Running;
13/07/18;23:03:17.171;INFO;Robot Runtime;executing:    Finish;
13/07/18;23:05:32.070;INFO;Controller;Activity ExecRobotTask ended. Return value: Done;
13/07/18;23:05:32.070;INFO;Controller;State = Ready;
13/07/18;23:18:35.384;INFO;Server;Command: ExecRobotTask (Initialize,500000);
13/07/18;23:18:35.385;INFO;Controller;Executing asynchronous activity: ExecRobotTask;
13/07/18;23:18:35.385;INFO;Controller;Status = Executing: Initialize;
13/07/18;23:18:35.385;INFO;Controller;State = Running;
13/07/18;23:18:36.327;INFO;Robot Runtime;executing:    Initialize;
13/07/18;23:18:37.487;INFO;Controller;Activity ExecRobotTask ended. Return value: Done;
13/07/18;23:18:37.488;INFO;Controller;State = Ready;
13/07/18;23:18:37.498;INFO;Server;Command: ExecRobotTask (LatchRobGov,500000);
13/07/18;23:18:37.498;INFO;Controller;Executing asynchronous activity: ExecRobotTask;
13/07/18;23:18:37.498;INFO;Controller;Status = Executing: LatchRobGov;
13/07/18;23:18:37.498;INFO;Controller;State = Running;
13/07/18;23:18:38.619;INFO;Robot Runtime;executing:    LatchRobGov;
13/07/18;23:18:39.022;INFO;Controller;Activity ExecRobotTask ended. Return value: Done;
13/07/18;23:18:39.022;INFO;Controller;State = Ready;
13/07/18;23:18:39.036;INFO;Server;Command: ExecRobotTask (TraceSample,500000);
13/07/18;23:18:39.036;INFO;Controller;Executing asynchronous activity: ExecRobotTask;
13/07/18;23:18:39.037;INFO;Controller;Status = Executing: TraceSample;
13/07/18;23:18:39.037;INFO;Controller;State = Running;
13/07/18;23:18:39.865;INFO;Robot Runtime;executing:    TraceSample;
13/07/18;23:18:40.864;INFO;Controller;Activity ExecRobotTask ended. Return value: Done False/False/False;
13/07/18;23:18:40.864;INFO;Controller;State = Ready;
13/07/18;23:18:40.878;INFO;Server;Command: ExecRobotTask (CoolDown,500000);
13/07/18;23:18:40.878;INFO;Controller;Executing asynchronous activity: ExecRobotTask;
13/07/18;23:18:40.878;INFO;Controller;Status = Executing: CoolDown;
13/07/18;23:18:40.878;INFO;Controller;State = Running;
13/07/18;23:18:41.872;INFO;Robot Runtime;executing:    CoolDown;
13/07/18;23:20:17.061;INFO;Controller;Activity ExecRobotTask ended. Return value: Done;
13/07/18;23:20:17.061;INFO;Controller;State = Ready;
13/07/18;23:20:17.272;INFO;Server;Command: ExecRobotTask (Load,500000);
13/07/18;23:20:17.272;INFO;Controller;Executing asynchronous activity: ExecRobotTask;
13/07/18;23:20:17.272;INFO;Controller;Status = Executing: Load;
13/07/18;23:20:17.272;INFO;Controller;State = Running;
13/07/18;23:20:18.370;INFO;Robot Runtime;executing:    Load;
13/07/18;23:20:28.045;INFO;Controller;Activity ExecRobotTask ended. Return value: Done False/True/False;
13/07/18;23:20:28.045;INFO;Controller;State = Ready;
13/07/18;23:20:28.062;INFO;Server;Command: ExecRobotTask (Mount,500000);
13/07/18;23:20:28.062;INFO;Controller;Executing asynchronous activity: ExecRobotTask;
13/07/18;23:20:28.062;INFO;Controller;Status = Executing: Mount;
13/07/18;23:20:28.062;INFO;Controller;State = Running;
13/07/18;23:20:28.887;INFO;Robot Runtime;executing:    Mount;
13/07/18;23:20:36.850;INFO;Controller;Activity ExecRobotTask ended. Return value: Done True/False/False;
13/07/18;23:20:36.850;INFO;Controller;State = Ready;
13/07/18;23:20:36.862;INFO;Server;Command: ExecRobotTask (Park,500000);
13/07/18;23:20:36.862;INFO;Controller;Executing asynchronous activity: ExecRobotTask;
13/07/18;23:20:36.862;INFO;Controller;Status = Executing: Park;
13/07/18;23:20:36.862;INFO;Controller;State = Running;
13/07/18;23:20:37.857;INFO;Robot Runtime;executing:    Park;
13/07/18;23:20:41.355;INFO;Controller;Activity ExecRobotTask ended. Return value: Done;
13/07/18;23:20:41.355;INFO;Controller;State = Ready;
13/07/18;23:20:41.375;INFO;Server;Command: ExecRobotTask (UnlatchRobGov,500000);
13/07/18;23:20:41.375;INFO;Controller;Executing asynchronous activity: ExecRobotTask;
13/07/18;23:20:41.375;INFO;Controller;Status = Executing: UnlatchRobGov;
13/07/18;23:20:41.375;INFO;Controller;State = Running;
13/07/18;23:20:42.231;INFO;Robot Runtime;executing:    UnlatchRobGov;
13/07/18;23:20:42.368;INFO;Controller;Activity ExecRobotTask ended. Return value: Done;
13/07/18;23:20:42.368;INFO;Controller;State = Ready;
13/07/18;23:26:57.002;INFO;Server;Command: ExecRobotTask (Initialize,500000);
13/07/18;23:26:57.002;INFO;Controller;Executing asynchronous activity: ExecRobotTask;
13/07/18;23:26:57.002;INFO;Controller;Status = Executing: Initialize;
13/07/18;23:26:57.002;INFO;Controller;State = Running;
13/07/18;23:26:58.084;INFO;Robot Runtime;executing:    Initialize;
13/07/18;23:26:58.558;INFO;Controller;Activity ExecRobotTask ended. Return value: Done;
13/07/18;23:26:58.558;INFO;Controller;State = Ready;
13/07/18;23:26:58.572;INFO;Server;Command: ExecRobotTask (LatchRobGov2,500000);
13/07/18;23:26:58.572;INFO;Controller;Executing asynchronous activity: ExecRobotTask;
13/07/18;23:26:58.572;INFO;Controller;Status = Executing: LatchRobGov2;
13/07/18;23:26:58.572;INFO;Controller;State = Running;
13/07/18;23:26:59.413;INFO;Robot Runtime;executing:    LatchRobGov2;
13/07/18;23:27:02.717;INFO;Controller;Activity ExecRobotTask ended. Return value: Done;
13/07/18;23:27:02.717;INFO;Controller;State = Ready;
13/07/18;23:27:02.739;INFO;Server;Command: ExecRobotTask (CoolDown,500000);
13/07/18;23:27:02.739;INFO;Controller;Executing asynchronous activity: ExecRobotTask;
13/07/18;23:27:02.739;INFO;Controller;Status = Executing: CoolDown;
13/07/18;23:27:02.739;INFO;Controller;State = Running;
13/07/18;23:27:03.741;INFO;Robot Runtime;executing:    CoolDown;
13/07/18;23:27:04.151;INFO;Controller;Activity ExecRobotTask ended. Return value: Done;
13/07/18;23:27:04.152;INFO;Controller;State = Ready;
13/07/18;23:27:05.168;INFO;Server;Command: ExecRobotTask (Home,500000);
13/07/18;23:27:05.168;INFO;Controller;Executing asynchronous activity: ExecRobotTask;
13/07/18;23:27:05.168;INFO;Controller;Status = Executing: Home;
13/07/18;23:27:05.168;INFO;Controller;State = Running;
13/07/18;23:27:05.989;INFO;Robot Runtime;executing:    Home;
13/07/18;23:27:08.581;INFO;Controller;Activity ExecRobotTask ended. Return value: Done;
13/07/18;23:27:08.581;INFO;Controller;State = Ready;
13/07/18;23:27:08.593;INFO;Server;Command: ExecRobotTask (ClosePorts,500000);
13/07/18;23:27:08.593;INFO;Controller;Executing asynchronous activity: ExecRobotTask;
13/07/18;23:27:08.593;INFO;Controller;Status = Executing: ClosePorts;
13/07/18;23:27:08.593;INFO;Controller;State = Running;
13/07/18;23:27:09.409;INFO;Robot Runtime;executing:    ClosePorts;
13/07/18;23:27:09.750;INFO;Controller;Activity ExecRobotTask ended. Return value: Done;
13/07/18;23:27:09.750;INFO;Controller;State = Ready;
13/07/18;23:27:10.040;INFO;Server;Command: ExecRobotTask (Unmount,500000);
13/07/18;23:27:10.041;INFO;Controller;Executing asynchronous activity: ExecRobotTask;
13/07/18;23:27:10.041;INFO;Controller;Status = Executing: Unmount;
13/07/18;23:27:10.041;INFO;Controller;State = Running;
13/07/18;23:27:10.879;INFO;Robot Runtime;executing:    Unmount;
13/07/18;23:27:18.052;INFO;Controller;Activity ExecRobotTask ended. Return value: Done False/True/False;
13/07/18;23:27:18.053;INFO;Controller;State = Ready;
13/07/18;23:27:18.076;INFO;Server;Command: ExecRobotTask (Unload,500000);
13/07/18;23:27:18.076;INFO;Controller;Executing asynchronous activity: ExecRobotTask;
13/07/18;23:27:18.076;INFO;Controller;Status = Executing: Unload;
13/07/18;23:27:18.076;INFO;Controller;State = Running;
13/07/18;23:27:18.909;INFO;Robot Runtime;executing:    Unload;
13/07/18;23:27:23.594;INFO;Controller;Activity ExecRobotTask ended. Return value: Done False/False/False;
13/07/18;23:27:23.594;INFO;Controller;State = Ready;
13/07/18;23:27:26.364;INFO;Server;Command: ExecRobotTask (Load,500000);
13/07/18;23:27:26.364;INFO;Controller;Executing asynchronous activity: ExecRobotTask;
13/07/18;23:27:26.364;INFO;Controller;Status = Executing: Load;
13/07/18;23:27:26.364;INFO;Controller;State = Running;
13/07/18;23:27:27.494;INFO;Robot Runtime;executing:    Load;
13/07/18;23:27:34.166;INFO;Controller;Activity ExecRobotTask ended. Return value: Done False/True/False;
13/07/18;23:27:34.166;INFO;Controller;State = Ready;
13/07/18;23:27:34.185;INFO;Server;Command: ExecRobotTask (Mount,500000);
13/07/18;23:27:34.185;INFO;Controller;Executing asynchronous activity: ExecRobotTask;
13/07/18;23:27:34.185;INFO;Controller;Status = Executing: Mount;
13/07/18;23:27:34.185;INFO;Controller;State = Running;
13/07/18;23:27:35.184;INFO;Robot Runtime;executing:    Mount;
13/07/18;23:27:43.137;INFO;Controller;Activity ExecRobotTask ended. Return value: Done True/False/False;
13/07/18;23:27:43.137;INFO;Controller;State = Ready;
13/07/18;23:27:43.154;INFO;Server;Command: ExecRobotTask (Park,500000);
13/07/18;23:27:43.154;INFO;Controller;Executing asynchronous activity: ExecRobotTask;
13/07/18;23:27:43.154;INFO;Controller;Status = Executing: Park;
13/07/18;23:27:43.154;INFO;Controller;State = Running;
13/07/18;23:27:43.991;INFO;Robot Runtime;executing:    Park;
13/07/18;23:27:47.358;INFO;Controller;Activity ExecRobotTask ended. Return value: Done;
13/07/18;23:27:47.358;INFO;Controller;State = Ready;
13/07/18;23:27:47.375;INFO;Server;Command: ExecRobotTask (UnlatchRobGov,500000);
13/07/18;23:27:47.376;INFO;Controller;Executing asynchronous activity: ExecRobotTask;
13/07/18;23:27:47.376;INFO;Controller;Status = Executing: UnlatchRobGov;
13/07/18;23:27:47.376;INFO;Controller;State = Running;
13/07/18;23:27:48.228;INFO;Robot Runtime;executing:    UnlatchRobGov;
13/07/18;23:27:48.369;INFO;Controller;Activity ExecRobotTask ended. Return value: Done;
13/07/18;23:27:48.369;INFO;Controller;State = Ready;
13/07/18;23:46:55.637;INFO;Server;Command: ExecRobotTask (Initialize,500000);
13/07/18;23:46:55.637;INFO;Controller;Executing asynchronous activity: ExecRobotTask;
13/07/18;23:46:55.637;INFO;Controller;Status = Executing: Initialize;
13/07/18;23:46:55.637;INFO;Controller;State = Running;
13/07/18;23:46:56.751;INFO;Robot Runtime;executing:    Initialize;
13/07/18;23:46:57.244;INFO;Controller;Activity ExecRobotTask ended. Return value: Done;
13/07/18;23:46:57.245;INFO;Controller;State = Ready;
13/07/18;23:46:57.265;INFO;Server;Command: ExecRobotTask (LatchRobGov2,500000);
13/07/18;23:46:57.265;INFO;Controller;Executing asynchronous activity: ExecRobotTask;
13/07/18;23:46:57.265;INFO;Controller;Status = Executing: LatchRobGov2;
13/07/18;23:46:57.265;INFO;Controller;State = Running;
13/07/18;23:46:58.271;INFO;Robot Runtime;executing:    LatchRobGov2;
13/07/18;23:46:59.425;INFO;Controller;Activity ExecRobotTask ended. Return value: Done;
13/07/18;23:46:59.425;INFO;Controller;State = Ready;
13/07/18;23:46:59.448;INFO;Server;Command: ExecRobotTask (CoolDown,500000);
13/07/18;23:46:59.448;INFO;Controller;Executing asynchronous activity: ExecRobotTask;
13/07/18;23:46:59.448;INFO;Controller;Status = Executing: CoolDown;
13/07/18;23:46:59.448;INFO;Controller;State = Running;
13/07/18;23:47:00.253;INFO;Robot Runtime;executing:    CoolDown;
13/07/18;23:47:00.589;INFO;Controller;Activity ExecRobotTask ended. Return value: Done;
13/07/18;23:47:00.589;INFO;Controller;State = Ready;
13/07/18;23:47:01.606;INFO;Server;Command: ExecRobotTask (Home,500000);
13/07/18;23:47:01.606;INFO;Controller;Executing asynchronous activity: ExecRobotTask;
13/07/18;23:47:01.606;INFO;Controller;Status = Executing: Home;
13/07/18;23:47:01.606;INFO;Controller;State = Running;
13/07/18;23:47:02.428;INFO;Robot Runtime;executing:    Home;
13/07/18;23:47:05.033;INFO;Controller;Activity ExecRobotTask ended. Return value: Done;
13/07/18;23:47:05.033;INFO;Controller;State = Ready;
13/07/18;23:47:05.060;INFO;Server;Command: ExecRobotTask (ClosePorts,500000);
13/07/18;23:47:05.060;INFO;Controller;Executing asynchronous activity: ExecRobotTask;
13/07/18;23:47:05.060;INFO;Controller;Status = Executing: ClosePorts;
13/07/18;23:47:05.060;INFO;Controller;State = Running;
13/07/18;23:47:05.878;INFO;Robot Runtime;executing:    ClosePorts;
13/07/18;23:47:06.037;INFO;Controller;Activity ExecRobotTask ended. Return value: Done;
13/07/18;23:47:06.037;INFO;Controller;State = Ready;
13/07/18;23:47:06.326;INFO;Server;Command: ExecRobotTask (Unmount,500000);
13/07/18;23:47:06.326;INFO;Controller;Executing asynchronous activity: ExecRobotTask;
13/07/18;23:47:06.326;INFO;Controller;Status = Executing: Unmount;
13/07/18;23:47:06.327;INFO;Controller;State = Running;
13/07/18;23:47:07.171;INFO;Robot Runtime;executing:    Unmount;
13/07/18;23:47:14.339;INFO;Controller;Activity ExecRobotTask ended. Return value: Done False/True/False;
13/07/18;23:47:14.339;INFO;Controller;State = Ready;
13/07/18;23:47:14.352;INFO;Server;Command: ExecRobotTask (Unload,500000);
13/07/18;23:47:14.352;INFO;Controller;Executing asynchronous activity: ExecRobotTask;
13/07/18;23:47:14.352;INFO;Controller;Status = Executing: Unload;
13/07/18;23:47:14.352;INFO;Controller;State = Running;
13/07/18;23:47:15.187;INFO;Robot Runtime;executing:    Unload;
13/07/18;23:47:20.037;INFO;Controller;Activity ExecRobotTask ended. Return value: Done False/False/False;
13/07/18;23:47:20.037;INFO;Controller;State = Ready;
13/07/18;23:47:22.822;INFO;Server;Command: ExecRobotTask (Load,500000);
13/07/18;23:47:22.823;INFO;Controller;Executing asynchronous activity: ExecRobotTask;
13/07/18;23:47:22.823;INFO;Controller;Status = Executing: Load;
13/07/18;23:47:22.823;INFO;Controller;State = Running;
13/07/18;23:47:23.950;INFO;Robot Runtime;executing:    Load;
13/07/18;23:47:30.584;INFO;Controller;Activity ExecRobotTask ended. Return value: Done False/True/False;
13/07/18;23:47:30.585;INFO;Controller;State = Ready;
13/07/18;23:47:30.603;INFO;Server;Command: ExecRobotTask (Mount,500000);
13/07/18;23:47:30.604;INFO;Controller;Executing asynchronous activity: ExecRobotTask;
13/07/18;23:47:30.604;INFO;Controller;Status = Executing: Mount;
13/07/18;23:47:30.604;INFO;Controller;State = Running;
13/07/18;23:47:31.597;INFO;Robot Runtime;executing:    Mount;
13/07/18;23:47:39.289;INFO;Controller;Activity ExecRobotTask ended. Return value: Done True/False/False;
13/07/18;23:47:39.289;INFO;Controller;State = Ready;
13/07/18;23:47:39.309;INFO;Server;Command: ExecRobotTask (Park,500000);
13/07/18;23:47:39.309;INFO;Controller;Executing asynchronous activity: ExecRobotTask;
13/07/18;23:47:39.309;INFO;Controller;Status = Executing: Park;
13/07/18;23:47:39.309;INFO;Controller;State = Running;
13/07/18;23:47:40.118;INFO;Robot Runtime;executing:    Park;
13/07/18;23:47:43.515;INFO;Controller;Activity ExecRobotTask ended. Return value: Done;
13/07/18;23:47:43.515;INFO;Controller;State = Ready;
13/07/18;23:47:43.532;INFO;Server;Command: ExecRobotTask (UnlatchRobGov,500000);
13/07/18;23:47:43.532;INFO;Controller;Executing asynchronous activity: ExecRobotTask;
13/07/18;23:47:43.532;INFO;Controller;Status = Executing: UnlatchRobGov;
13/07/18;23:47:43.532;INFO;Controller;State = Running;
13/07/18;23:47:44.387;INFO;Robot Runtime;executing:    UnlatchRobGov;
13/07/18;23:47:44.525;INFO;Controller;Activity ExecRobotTask ended. Return value: Done;
13/07/18;23:47:44.525;INFO;Controller;State = Ready;
