27/06/18;10:47:26.751;INFO;Server;Command: ExecRobotTask (EnableTScreen,500000);
27/06/18;10:47:26.752;INFO;Controller;Executing asynchronous activity: ExecRobotTask;
27/06/18;10:47:26.752;INFO;Controller;Status = Executing: EnableTScreen;
27/06/18;10:47:26.752;INFO;Controller;State = Running;
27/06/18;10:47:27.891;INFO;Robot Runtime;executing:    EnableTScreen;
27/06/18;10:47:28.155;INFO;Controller;Activity ExecRobotTask ended. Return value: Done;
27/06/18;10:47:28.155;INFO;Controller;State = Ready;
27/06/18;18:47:14.310;INFO;Server;Command: ExecRobotTask (OpenPortLid,500000);
27/06/18;18:47:14.310;INFO;Controller;Executing asynchronous activity: ExecRobotTask;
27/06/18;18:47:14.310;INFO;Controller;Status = Executing: OpenPortLid;
27/06/18;18:47:14.310;INFO;Controller;State = Running;
27/06/18;18:47:15.282;INFO;Robot Runtime;executing:    OpenPortLid;
27/06/18;18:47:15.948;INFO;Controller;Activity ExecRobotTask ended. Return value: Done;
27/06/18;18:47:15.948;INFO;Controller;State = Ready;
27/06/18;18:50:34.532;INFO;Server;Command: ExecRobotTask (ClosePorts,500000);
27/06/18;18:50:34.532;INFO;Controller;Executing asynchronous activity: ExecRobotTask;
27/06/18;18:50:34.532;INFO;Controller;Status = Executing: ClosePorts;
27/06/18;18:50:34.532;INFO;Controller;State = Running;
27/06/18;18:50:35.369;INFO;Robot Runtime;executing:    ClosePorts;
27/06/18;18:50:35.662;INFO;Controller;Activity ExecRobotTask ended. Return value: Done;
27/06/18;18:50:35.662;INFO;Controller;State = Ready;
27/06/18;19:04:20.940;INFO;Server;Command: ExecRobotTask (OpenPortLid,500000);
27/06/18;19:04:20.941;INFO;Controller;Executing asynchronous activity: ExecRobotTask;
27/06/18;19:04:20.941;INFO;Controller;Status = Executing: OpenPortLid;
27/06/18;19:04:20.941;INFO;Controller;State = Running;
27/06/18;19:04:21.751;INFO;Robot Runtime;executing:    OpenPortLid;
27/06/18;19:04:22.471;INFO;Controller;Activity ExecRobotTask ended. Return value: Done;
27/06/18;19:04:22.471;INFO;Controller;State = Ready;
27/06/18;19:07:01.867;INFO;Server;Command: ExecRobotTask (ClosePorts,500000);
27/06/18;19:07:01.867;INFO;Controller;Executing asynchronous activity: ExecRobotTask;
27/06/18;19:07:01.867;INFO;Controller;Status = Executing: ClosePorts;
27/06/18;19:07:01.867;INFO;Controller;State = Running;
27/06/18;19:07:02.677;INFO;Robot Runtime;executing:    ClosePorts;
27/06/18;19:07:02.983;INFO;Controller;Activity ExecRobotTask ended. Return value: Done;
27/06/18;19:07:02.983;INFO;Controller;State = Ready;
27/06/18;19:09:12.073;INFO;Server;Command: ExecRobotTask (EnableTScreen,500000);
27/06/18;19:09:12.073;INFO;Controller;Executing asynchronous activity: ExecRobotTask;
27/06/18;19:09:12.074;INFO;Controller;Status = Executing: EnableTScreen;
27/06/18;19:09:12.074;INFO;Controller;State = Running;
27/06/18;19:09:13.209;INFO;Robot Runtime;executing:    EnableTScreen;
27/06/18;19:09:13.348;INFO;Controller;Activity ExecRobotTask ended. Return value: Done;
27/06/18;19:09:13.348;INFO;Controller;State = Ready;
