29/10/18;09:35:15.285;INFO;Server;Command: ExecRobotTask (TurnOnAutoFill,500000);
29/10/18;09:35:15.286;INFO;Controller;Executing asynchronous activity: ExecRobotTask;
29/10/18;09:35:15.287;INFO;Controller;Status = Executing: TurnOnAutoFill;
29/10/18;09:35:15.287;INFO;Controller;State = Running;
29/10/18;09:35:16.306;INFO;Robot Runtime;executing:    TurnOnAutoFill;
29/10/18;09:35:16.953;INFO;Controller;Activity ExecRobotTask ended. Return value: Done;
29/10/18;09:35:16.953;INFO;Controller;State = Ready;
29/10/18;09:35:33.203;INFO;Server;Command: ExecRobotTask (TurnOffAutoFill,500000);
29/10/18;09:35:33.203;INFO;Controller;Executing asynchronous activity: ExecRobotTask;
29/10/18;09:35:33.203;INFO;Controller;Status = Executing: TurnOffAutoFill;
29/10/18;09:35:33.203;INFO;Controller;State = Running;
29/10/18;09:35:34.346;INFO;Robot Runtime;executing:    TurnOffAutoFill;
29/10/18;09:35:35.118;INFO;Controller;Activity ExecRobotTask ended. Return value: Done;
29/10/18;09:35:35.118;INFO;Controller;State = Ready;
29/10/18;10:19:50.557;WARNING;Robot;Alarm active: Device is offline;
29/10/18;10:19:50.558;INFO;Controller;State = Communication Error;
29/10/18;10:19:51.662;INFO;Robot;Alarm inactive: Device is offline;
29/10/18;10:19:51.662;WARNING;Controller;Communication resumed, trying updating devices;
29/10/18;10:19:51.663;INFO;Controller;Finished device updating;
29/10/18;10:19:51.663;INFO;Controller;State = Ready;
29/10/18;10:48:51.823;INFO;Server;Command: ExecRobotTask (EnableTScreen,500000);
29/10/18;10:48:51.824;INFO;Controller;Executing asynchronous activity: ExecRobotTask;
29/10/18;10:48:51.824;INFO;Controller;Status = Executing: EnableTScreen;
29/10/18;10:48:51.824;INFO;Controller;State = Running;
29/10/18;10:48:52.822;INFO;Robot Runtime;executing:    EnableTScreen;
29/10/18;10:48:53.093;INFO;Controller;Activity ExecRobotTask ended. Return value: Done;
29/10/18;10:48:53.093;INFO;Controller;State = Ready;
29/10/18;11:21:12.799;INFO;Server;Command: ExecRobotTask (OpenPortLid,500000);
29/10/18;11:21:12.800;INFO;Controller;Executing asynchronous activity: ExecRobotTask;
29/10/18;11:21:12.800;INFO;Controller;Status = Executing: OpenPortLid;
29/10/18;11:21:12.800;INFO;Controller;State = Running;
29/10/18;11:21:14.025;INFO;Robot Runtime;executing:    OpenPortLid;
29/10/18;11:21:14.770;INFO;Controller;Activity ExecRobotTask ended. Return value: Done;
29/10/18;11:21:14.770;INFO;Controller;State = Ready;
29/10/18;11:21:29.919;INFO;Server;Command: ExecRobotTask (ClosePorts,500000);
29/10/18;11:21:29.920;INFO;Controller;Executing asynchronous activity: ExecRobotTask;
29/10/18;11:21:29.920;INFO;Controller;Status = Executing: ClosePorts;
29/10/18;11:21:29.920;INFO;Controller;State = Running;
29/10/18;11:21:30.788;INFO;Robot Runtime;executing:    ClosePorts;
29/10/18;11:21:30.993;INFO;Controller;Activity ExecRobotTask ended. Return value: Done;
29/10/18;11:21:30.994;INFO;Controller;State = Ready;
29/10/18;11:21:46.112;INFO;Server;Command: ExecRobotTask (EnableTScreen,500000);
29/10/18;11:21:46.112;INFO;Controller;Executing asynchronous activity: ExecRobotTask;
29/10/18;11:21:46.112;INFO;Controller;Status = Executing: EnableTScreen;
29/10/18;11:21:46.112;INFO;Controller;State = Running;
29/10/18;11:21:47.097;INFO;Robot Runtime;executing:    EnableTScreen;
29/10/18;11:21:47.305;INFO;Controller;Activity ExecRobotTask ended. Return value: Done;
29/10/18;11:21:47.305;INFO;Controller;State = Ready;
29/10/18;11:32:08.184;INFO;Server;Command: ExecRobotTask (TurnOnAutoFill,500000);
29/10/18;11:32:08.184;INFO;Controller;Executing asynchronous activity: ExecRobotTask;
29/10/18;11:32:08.185;INFO;Controller;Status = Executing: TurnOnAutoFill;
29/10/18;11:32:08.185;INFO;Controller;State = Running;
29/10/18;11:32:09.547;INFO;Robot Runtime;executing:    TurnOnAutoFill;
29/10/18;11:32:10.140;INFO;Controller;Activity ExecRobotTask ended. Return value: Done;
29/10/18;11:32:10.140;INFO;Controller;State = Ready;
29/10/18;11:33:06.874;INFO;Server;Command: ExecRobotTask (DewarHeaterOn,500000);
29/10/18;11:33:06.874;INFO;Controller;Executing asynchronous activity: ExecRobotTask;
29/10/18;11:33:06.874;INFO;Controller;Status = Executing: DewarHeaterOn;
29/10/18;11:33:06.874;INFO;Controller;State = Running;
29/10/18;11:33:07.757;INFO;Robot Runtime;executing:    DewarHeaterOn;
29/10/18;11:33:08.571;INFO;Controller;Activity ExecRobotTask ended. Return value: Done;
29/10/18;11:33:08.571;INFO;Controller;State = Ready;
29/10/18;11:33:26.751;INFO;Server;Command: ExecRobotTask (TurnOffAutoFill,500000);
29/10/18;11:33:26.751;INFO;Controller;Executing asynchronous activity: ExecRobotTask;
29/10/18;11:33:26.751;INFO;Controller;Status = Executing: TurnOffAutoFill;
29/10/18;11:33:26.751;INFO;Controller;State = Running;
29/10/18;11:33:27.616;INFO;Robot Runtime;executing:    TurnOffAutoFill;
29/10/18;11:33:28.230;INFO;Controller;Activity ExecRobotTask ended. Return value: Done;
29/10/18;11:33:28.230;INFO;Controller;State = Ready;
29/10/18;14:43:50.618;INFO;Server;Command: ExecRobotTask (EnableTScreen,500000);
29/10/18;14:43:50.618;INFO;Controller;Executing asynchronous activity: ExecRobotTask;
29/10/18;14:43:50.618;INFO;Controller;Status = Executing: EnableTScreen;
29/10/18;14:43:50.618;INFO;Controller;State = Running;
29/10/18;14:43:51.548;INFO;Robot Runtime;executing:    EnableTScreen;
29/10/18;14:43:51.785;INFO;Controller;Activity ExecRobotTask ended. Return value: Done;
29/10/18;14:43:51.786;INFO;Controller;State = Ready;
29/10/18;14:47:25.629;INFO;Server;Command: ExecRobotTask (TurnOnAutoFill,500000);
29/10/18;14:47:25.630;INFO;Controller;Executing asynchronous activity: ExecRobotTask;
29/10/18;14:47:25.630;INFO;Controller;Status = Executing: TurnOnAutoFill;
29/10/18;14:47:25.630;INFO;Controller;State = Running;
29/10/18;14:47:26.942;INFO;Robot Runtime;executing:    TurnOnAutoFill;
29/10/18;14:47:27.667;INFO;Controller;Activity ExecRobotTask ended. Return value: Done;
29/10/18;14:47:27.667;INFO;Controller;State = Ready;
29/10/18;17:03:43.580;INFO;Server;Command: ExecRobotTask (EnableTScreen,500000);
29/10/18;17:03:43.580;INFO;Controller;Executing asynchronous activity: ExecRobotTask;
29/10/18;17:03:43.580;INFO;Controller;Status = Executing: EnableTScreen;
29/10/18;17:03:43.580;INFO;Controller;State = Running;
29/10/18;17:03:44.577;INFO;Robot Runtime;executing:    EnableTScreen;
29/10/18;17:03:44.880;INFO;Controller;Activity ExecRobotTask ended. Return value: Done;
29/10/18;17:03:44.881;INFO;Controller;State = Ready;
29/10/18;17:25:56.381;INFO;Server;Command: ExecRobotTask (Initialize,500000);
29/10/18;17:25:56.382;INFO;Controller;Executing asynchronous activity: ExecRobotTask;
29/10/18;17:25:56.382;INFO;Controller;Status = Executing: Initialize;
29/10/18;17:25:56.382;INFO;Controller;State = Running;
29/10/18;17:25:57.695;INFO;Robot Runtime;executing:    Initialize;
29/10/18;17:25:57.742;INFO;Robot Runtime;Robot power is on manual;
29/10/18;17:25:57.933;INFO;Controller;Activity ExecRobotTask ended. Return value: ABORT: Robot power is on manual;
29/10/18;17:25:57.933;INFO;Controller;State = Ready;
29/10/18;17:26:35.657;INFO;Server;Command: ExecRobotTask (Initialize,500000);
29/10/18;17:26:35.657;INFO;Controller;Executing asynchronous activity: ExecRobotTask;
29/10/18;17:26:35.657;INFO;Controller;Status = Executing: Initialize;
29/10/18;17:26:35.657;INFO;Controller;State = Running;
29/10/18;17:26:36.532;INFO;Robot Runtime;executing:    Initialize;
29/10/18;17:26:37.907;INFO;Controller;Activity ExecRobotTask ended. Return value: Done;
29/10/18;17:26:37.907;INFO;Controller;State = Ready;
29/10/18;17:26:37.921;INFO;Server;Command: ExecRobotTask (LatchRobGov,500000);
29/10/18;17:26:37.922;INFO;Controller;Executing asynchronous activity: ExecRobotTask;
29/10/18;17:26:37.922;INFO;Controller;Status = Executing: LatchRobGov;
29/10/18;17:26:37.922;INFO;Controller;State = Running;
29/10/18;17:26:39.338;INFO;Robot Runtime;executing:    LatchRobGov;
29/10/18;17:26:41.636;INFO;Controller;Activity ExecRobotTask ended. Return value: Done;
29/10/18;17:26:41.636;INFO;Controller;State = Ready;
29/10/18;17:26:41.647;INFO;Server;Command: ExecRobotTask (TraceSample,500000);
29/10/18;17:26:41.648;INFO;Controller;Executing asynchronous activity: ExecRobotTask;
29/10/18;17:26:41.648;INFO;Controller;Status = Executing: TraceSample;
29/10/18;17:26:41.648;INFO;Controller;State = Running;
29/10/18;17:26:42.542;INFO;Robot Runtime;executing:    TraceSample;
29/10/18;17:26:46.377;INFO;Controller;Activity ExecRobotTask ended. Return value: Done False/False/False;
29/10/18;17:26:46.377;INFO;Controller;State = Ready;
29/10/18;17:26:46.388;INFO;Server;Command: ExecRobotTask (CoolDown,500000);
29/10/18;17:26:46.388;INFO;Controller;Executing asynchronous activity: ExecRobotTask;
29/10/18;17:26:46.388;INFO;Controller;Status = Executing: CoolDown;
29/10/18;17:26:46.388;INFO;Controller;State = Running;
29/10/18;17:26:47.230;INFO;Robot Runtime;executing:    CoolDown;
29/10/18;17:28:35.529;INFO;Controller;Activity ExecRobotTask ended. Return value: Done;
29/10/18;17:28:35.529;INFO;Controller;State = Ready;
29/10/18;17:28:35.728;INFO;Server;Command: ExecRobotTask (Load,500000);
29/10/18;17:28:35.729;INFO;Controller;Executing asynchronous activity: ExecRobotTask;
29/10/18;17:28:35.729;INFO;Controller;Status = Executing: Load;
29/10/18;17:28:35.729;INFO;Controller;State = Running;
29/10/18;17:28:37.128;INFO;Robot Runtime;executing:    Load;
29/10/18;17:28:50.549;INFO;Controller;Activity ExecRobotTask ended. Return value: Done False/True/False;
29/10/18;17:28:50.549;INFO;Controller;State = Ready;
29/10/18;17:28:50.563;INFO;Server;Command: ExecRobotTask (Mount,500000);
29/10/18;17:28:50.563;INFO;Controller;Executing asynchronous activity: ExecRobotTask;
29/10/18;17:28:50.563;INFO;Controller;Status = Executing: Mount;
29/10/18;17:28:50.563;INFO;Controller;State = Running;
29/10/18;17:28:51.471;INFO;Robot Runtime;executing:    Mount;
29/10/18;17:29:03.746;INFO;Controller;Activity ExecRobotTask ended. Return value: Done True/False/False;
29/10/18;17:29:03.746;INFO;Controller;State = Ready;
29/10/18;17:29:03.764;INFO;Server;Command: ExecRobotTask (Park,500000);
29/10/18;17:29:03.765;INFO;Controller;Executing asynchronous activity: ExecRobotTask;
29/10/18;17:29:03.765;INFO;Controller;Status = Executing: Park;
29/10/18;17:29:03.765;INFO;Controller;State = Running;
29/10/18;17:29:04.611;INFO;Robot Runtime;executing:    Park;
29/10/18;17:29:10.262;INFO;Controller;Activity ExecRobotTask ended. Return value: Done;
29/10/18;17:29:10.262;INFO;Controller;State = Ready;
29/10/18;17:29:10.272;INFO;Server;Command: ExecRobotTask (UnlatchRobGov,500000);
29/10/18;17:29:10.272;INFO;Controller;Executing asynchronous activity: ExecRobotTask;
29/10/18;17:29:10.272;INFO;Controller;Status = Executing: UnlatchRobGov;
29/10/18;17:29:10.272;INFO;Controller;State = Running;
29/10/18;17:29:11.679;INFO;Robot Runtime;executing:    UnlatchRobGov;
29/10/18;17:29:12.170;INFO;Controller;Activity ExecRobotTask ended. Return value: Done;
29/10/18;17:29:12.171;INFO;Controller;State = Ready;
29/10/18;17:29:39.023;INFO;Server;Command: ExecRobotTask (Unmount,500000);
29/10/18;17:29:39.023;INFO;Controller;Executing asynchronous activity: ExecRobotTask;
29/10/18;17:29:39.023;INFO;Controller;Status = Executing: Unmount;
29/10/18;17:29:39.023;INFO;Controller;State = Running;
29/10/18;17:29:39.933;INFO;Robot Runtime;executing:    Unmount;
29/10/18;17:29:49.413;INFO;Controller;Activity ExecRobotTask ended. Return value: Done False/True/False;
29/10/18;17:29:49.413;INFO;Controller;State = Ready;
29/10/18;17:29:49.423;INFO;Server;Command: ExecRobotTask (Unload,500000);
29/10/18;17:29:49.424;INFO;Controller;Executing asynchronous activity: ExecRobotTask;
29/10/18;17:29:49.424;INFO;Controller;Status = Executing: Unload;
29/10/18;17:29:49.424;INFO;Controller;State = Running;
29/10/18;17:29:50.277;INFO;Robot Runtime;executing:    Unload;
29/10/18;17:29:54.878;INFO;Controller;Activity ExecRobotTask ended. Return value: Done False/False/False;
29/10/18;17:29:54.878;INFO;Controller;State = Ready;
29/10/18;17:29:55.307;INFO;Server;Command: ExecRobotTask (Load,500000);
29/10/18;17:29:55.307;INFO;Controller;Executing asynchronous activity: ExecRobotTask;
29/10/18;17:29:55.307;INFO;Controller;Status = Executing: Load;
29/10/18;17:29:55.307;INFO;Controller;State = Running;
29/10/18;17:29:56.708;INFO;Robot Runtime;executing:    Load;
29/10/18;17:30:03.700;INFO;Controller;Activity ExecRobotTask ended. Return value: Done False/True/False;
29/10/18;17:30:03.700;INFO;Controller;State = Ready;
29/10/18;17:30:03.711;INFO;Server;Command: ExecRobotTask (Mount,500000);
29/10/18;17:30:03.711;INFO;Controller;Executing asynchronous activity: ExecRobotTask;
29/10/18;17:30:03.711;INFO;Controller;Status = Executing: Mount;
29/10/18;17:30:03.711;INFO;Controller;State = Running;
29/10/18;17:30:04.615;INFO;Robot Runtime;executing:    Mount;
29/10/18;17:30:12.264;INFO;Controller;Activity ExecRobotTask ended. Return value: Done True/False/False;
29/10/18;17:30:12.264;INFO;Controller;State = Ready;
29/10/18;17:30:12.300;INFO;Server;Command: ExecRobotTask (Park,500000);
29/10/18;17:30:12.300;INFO;Controller;Executing asynchronous activity: ExecRobotTask;
29/10/18;17:30:12.300;INFO;Controller;Status = Executing: Park;
29/10/18;17:30:12.300;INFO;Controller;State = Running;
29/10/18;17:30:13.146;INFO;Robot Runtime;executing:    Park;
29/10/18;17:30:16.752;INFO;Controller;Activity ExecRobotTask ended. Return value: Done;
29/10/18;17:30:16.752;INFO;Controller;State = Ready;
29/10/18;17:30:16.770;INFO;Server;Command: ExecRobotTask (UnlatchRobGov,500000);
29/10/18;17:30:16.770;INFO;Controller;Executing asynchronous activity: ExecRobotTask;
29/10/18;17:30:16.770;INFO;Controller;Status = Executing: UnlatchRobGov;
29/10/18;17:30:16.770;INFO;Controller;State = Running;
29/10/18;17:30:18.190;INFO;Robot Runtime;executing:    UnlatchRobGov;
29/10/18;17:30:18.351;INFO;Controller;Activity ExecRobotTask ended. Return value: Done;
29/10/18;17:30:18.351;INFO;Controller;State = Ready;
29/10/18;17:31:23.731;INFO;Server;Command: ExecRobotTask (Unmount,500000);
29/10/18;17:31:23.731;INFO;Controller;Executing asynchronous activity: ExecRobotTask;
29/10/18;17:31:23.731;INFO;Controller;Status = Executing: Unmount;
29/10/18;17:31:23.731;INFO;Controller;State = Running;
29/10/18;17:31:24.637;INFO;Robot Runtime;executing:    Unmount;
29/10/18;17:31:33.891;INFO;Controller;Activity ExecRobotTask ended. Return value: Done False/True/False;
29/10/18;17:31:33.891;INFO;Controller;State = Ready;
29/10/18;17:31:33.904;INFO;Server;Command: ExecRobotTask (Unload,500000);
29/10/18;17:31:33.905;INFO;Controller;Executing asynchronous activity: ExecRobotTask;
29/10/18;17:31:33.905;INFO;Controller;Status = Executing: Unload;
29/10/18;17:31:33.905;INFO;Controller;State = Running;
29/10/18;17:31:34.757;INFO;Robot Runtime;executing:    Unload;
29/10/18;17:31:39.429;INFO;Controller;Activity ExecRobotTask ended. Return value: Done False/False/False;
29/10/18;17:31:39.429;INFO;Controller;State = Ready;
29/10/18;17:31:39.867;INFO;Server;Command: ExecRobotTask (Load,500000);
29/10/18;17:31:39.867;INFO;Controller;Executing asynchronous activity: ExecRobotTask;
29/10/18;17:31:39.867;INFO;Controller;Status = Executing: Load;
29/10/18;17:31:39.868;INFO;Controller;State = Running;
29/10/18;17:31:41.266;INFO;Robot Runtime;executing:    Load;
29/10/18;17:31:48.231;INFO;Controller;Activity ExecRobotTask ended. Return value: Done False/True/False;
29/10/18;17:31:48.231;INFO;Controller;State = Ready;
29/10/18;17:31:48.252;INFO;Server;Command: ExecRobotTask (Mount,500000);
29/10/18;17:31:48.253;INFO;Controller;Executing asynchronous activity: ExecRobotTask;
29/10/18;17:31:48.253;INFO;Controller;Status = Executing: Mount;
29/10/18;17:31:48.253;INFO;Controller;State = Running;
29/10/18;17:31:49.159;INFO;Robot Runtime;executing:    Mount;
29/10/18;17:31:56.030;INFO;Controller;Activity ExecRobotTask ended. Return value: Done True/False/False;
29/10/18;17:31:56.030;INFO;Controller;State = Ready;
29/10/18;17:31:56.049;INFO;Server;Command: ExecRobotTask (Park,500000);
29/10/18;17:31:56.049;INFO;Controller;Executing asynchronous activity: ExecRobotTask;
29/10/18;17:31:56.049;INFO;Controller;Status = Executing: Park;
29/10/18;17:31:56.049;INFO;Controller;State = Running;
29/10/18;17:31:56.895;INFO;Robot Runtime;executing:    Park;
29/10/18;17:32:00.511;INFO;Controller;Activity ExecRobotTask ended. Return value: Done;
29/10/18;17:32:00.512;INFO;Controller;State = Ready;
29/10/18;17:32:00.531;INFO;Server;Command: ExecRobotTask (UnlatchRobGov,500000);
29/10/18;17:32:00.531;INFO;Controller;Executing asynchronous activity: ExecRobotTask;
29/10/18;17:32:00.531;INFO;Controller;Status = Executing: UnlatchRobGov;
29/10/18;17:32:00.532;INFO;Controller;State = Running;
29/10/18;17:32:01.938;INFO;Robot Runtime;executing:    UnlatchRobGov;
29/10/18;17:32:02.102;INFO;Controller;Activity ExecRobotTask ended. Return value: Done;
29/10/18;17:32:02.102;INFO;Controller;State = Ready;
29/10/18;17:32:43.480;INFO;Server;Command: ExecRobotTask (Unmount,500000);
29/10/18;17:32:43.480;INFO;Controller;Executing asynchronous activity: ExecRobotTask;
29/10/18;17:32:43.480;INFO;Controller;Status = Executing: Unmount;
29/10/18;17:32:43.481;INFO;Controller;State = Running;
29/10/18;17:32:44.387;INFO;Robot Runtime;executing:    Unmount;
29/10/18;17:32:55.749;INFO;Controller;Activity ExecRobotTask ended. Return value: Done False/True/False;
29/10/18;17:32:55.749;INFO;Controller;State = Ready;
29/10/18;17:32:55.772;INFO;Server;Command: ExecRobotTask (Unload,500000);
29/10/18;17:32:55.772;INFO;Controller;Executing asynchronous activity: ExecRobotTask;
29/10/18;17:32:55.772;INFO;Controller;Status = Executing: Unload;
29/10/18;17:32:55.772;INFO;Controller;State = Running;
29/10/18;17:32:56.629;INFO;Robot Runtime;executing:    Unload;
29/10/18;17:33:01.466;INFO;Controller;Activity ExecRobotTask ended. Return value: Done False/False/False;
29/10/18;17:33:01.466;INFO;Controller;State = Ready;
29/10/18;17:33:01.888;INFO;Server;Command: ExecRobotTask (Load,500000);
29/10/18;17:33:01.888;INFO;Controller;Executing asynchronous activity: ExecRobotTask;
29/10/18;17:33:01.888;INFO;Controller;Status = Executing: Load;
29/10/18;17:33:01.888;INFO;Controller;State = Running;
29/10/18;17:33:03.293;INFO;Robot Runtime;executing:    Load;
29/10/18;17:33:10.297;INFO;Controller;Activity ExecRobotTask ended. Return value: Done False/True/False;
29/10/18;17:33:10.297;INFO;Controller;State = Ready;
29/10/18;17:33:10.316;INFO;Server;Command: ExecRobotTask (Mount,500000);
29/10/18;17:33:10.317;INFO;Controller;Executing asynchronous activity: ExecRobotTask;
29/10/18;17:33:10.317;INFO;Controller;Status = Executing: Mount;
29/10/18;17:33:10.317;INFO;Controller;State = Running;
29/10/18;17:33:11.224;INFO;Robot Runtime;executing:    Mount;
29/10/18;17:33:19.075;INFO;Controller;Activity ExecRobotTask ended. Return value: Done True/False/False;
29/10/18;17:33:19.076;INFO;Controller;State = Ready;
29/10/18;17:33:19.091;INFO;Server;Command: ExecRobotTask (Park,500000);
29/10/18;17:33:19.091;INFO;Controller;Executing asynchronous activity: ExecRobotTask;
29/10/18;17:33:19.091;INFO;Controller;Status = Executing: Park;
29/10/18;17:33:19.091;INFO;Controller;State = Running;
29/10/18;17:33:19.940;INFO;Robot Runtime;executing:    Park;
29/10/18;17:33:23.573;INFO;Controller;Activity ExecRobotTask ended. Return value: Done;
29/10/18;17:33:23.573;INFO;Controller;State = Ready;
29/10/18;17:33:23.595;INFO;Server;Command: ExecRobotTask (UnlatchRobGov,500000);
29/10/18;17:33:23.595;INFO;Controller;Executing asynchronous activity: ExecRobotTask;
29/10/18;17:33:23.596;INFO;Controller;Status = Executing: UnlatchRobGov;
29/10/18;17:33:23.596;INFO;Controller;State = Running;
29/10/18;17:33:25.003;INFO;Robot Runtime;executing:    UnlatchRobGov;
29/10/18;17:33:25.161;INFO;Controller;Activity ExecRobotTask ended. Return value: Done;
29/10/18;17:33:25.161;INFO;Controller;State = Ready;
29/10/18;17:33:28.485;INFO;Server;Command: ExecRobotTask (Unmount,500000);
29/10/18;17:33:28.485;INFO;Controller;Executing asynchronous activity: ExecRobotTask;
29/10/18;17:33:28.485;INFO;Controller;Status = Executing: Unmount;
29/10/18;17:33:28.485;INFO;Controller;State = Running;
29/10/18;17:33:29.401;INFO;Robot Runtime;executing:    Unmount;
29/10/18;17:33:38.639;INFO;Controller;Activity ExecRobotTask ended. Return value: Done False/True/False;
29/10/18;17:33:38.639;INFO;Controller;State = Ready;
29/10/18;17:33:38.663;INFO;Server;Command: ExecRobotTask (Unload,500000);
29/10/18;17:33:38.663;INFO;Controller;Executing asynchronous activity: ExecRobotTask;
29/10/18;17:33:38.663;INFO;Controller;Status = Executing: Unload;
29/10/18;17:33:38.663;INFO;Controller;State = Running;
29/10/18;17:33:39.520;INFO;Robot Runtime;executing:    Unload;
29/10/18;17:33:44.016;INFO;Controller;Activity ExecRobotTask ended. Return value: Done False/False/False;
29/10/18;17:33:44.016;INFO;Controller;State = Ready;
29/10/18;17:33:44.454;INFO;Server;Command: ExecRobotTask (Load,500000);
29/10/18;17:33:44.454;INFO;Controller;Executing asynchronous activity: ExecRobotTask;
29/10/18;17:33:44.454;INFO;Controller;Status = Executing: Load;
29/10/18;17:33:44.454;INFO;Controller;State = Running;
29/10/18;17:33:45.849;INFO;Robot Runtime;executing:    Load;
29/10/18;17:33:52.766;INFO;Controller;Activity ExecRobotTask ended. Return value: Done False/True/False;
29/10/18;17:33:52.766;INFO;Controller;State = Ready;
29/10/18;17:33:52.791;INFO;Server;Command: ExecRobotTask (Mount,500000);
29/10/18;17:33:52.792;INFO;Controller;Executing asynchronous activity: ExecRobotTask;
29/10/18;17:33:52.792;INFO;Controller;Status = Executing: Mount;
29/10/18;17:33:52.792;INFO;Controller;State = Running;
29/10/18;17:33:53.694;INFO;Robot Runtime;executing:    Mount;
29/10/18;17:34:00.431;INFO;Controller;Activity ExecRobotTask ended. Return value: Done True/False/False;
29/10/18;17:34:00.432;INFO;Controller;State = Ready;
29/10/18;17:34:00.453;INFO;Server;Command: ExecRobotTask (Park,500000);
29/10/18;17:34:00.453;INFO;Controller;Executing asynchronous activity: ExecRobotTask;
29/10/18;17:34:00.453;INFO;Controller;Status = Executing: Park;
29/10/18;17:34:00.453;INFO;Controller;State = Running;
29/10/18;17:34:01.302;INFO;Robot Runtime;executing:    Park;
29/10/18;17:34:05.088;INFO;Controller;Activity ExecRobotTask ended. Return value: Done;
29/10/18;17:34:05.088;INFO;Controller;State = Ready;
29/10/18;17:34:05.111;INFO;Server;Command: ExecRobotTask (UnlatchRobGov,500000);
29/10/18;17:34:05.111;INFO;Controller;Executing asynchronous activity: ExecRobotTask;
29/10/18;17:34:05.111;INFO;Controller;Status = Executing: UnlatchRobGov;
29/10/18;17:34:05.112;INFO;Controller;State = Running;
29/10/18;17:34:06.521;INFO;Robot Runtime;executing:    UnlatchRobGov;
29/10/18;17:34:06.672;INFO;Controller;Activity ExecRobotTask ended. Return value: Done;
29/10/18;17:34:06.672;INFO;Controller;State = Ready;
29/10/18;17:48:08.864;INFO;Server;Command: ExecRobotTask (Initialize,500000);
29/10/18;17:48:08.865;INFO;Controller;Executing asynchronous activity: ExecRobotTask;
29/10/18;17:48:08.865;INFO;Controller;Status = Executing: Initialize;
29/10/18;17:48:08.865;INFO;Controller;State = Running;
29/10/18;17:48:09.774;INFO;Robot Runtime;executing:    Initialize;
29/10/18;17:48:11.096;INFO;Controller;Activity ExecRobotTask ended. Return value: Done;
29/10/18;17:48:11.097;INFO;Controller;State = Ready;
29/10/18;17:48:11.366;INFO;Server;Command: ExecRobotTask (Unmount,500000);
29/10/18;17:48:11.367;INFO;Controller;Executing asynchronous activity: ExecRobotTask;
29/10/18;17:48:11.367;INFO;Controller;Status = Executing: Unmount;
29/10/18;17:48:11.367;INFO;Controller;State = Running;
29/10/18;17:48:12.252;INFO;Robot Runtime;executing:    Unmount;
29/10/18;17:48:22.620;INFO;Controller;Activity ExecRobotTask ended. Return value: Done False/True/False;
29/10/18;17:48:22.620;INFO;Controller;State = Ready;
29/10/18;17:48:22.642;INFO;Server;Command: ExecRobotTask (Unload,500000);
29/10/18;17:48:22.642;INFO;Controller;Executing asynchronous activity: ExecRobotTask;
29/10/18;17:48:22.642;INFO;Controller;Status = Executing: Unload;
29/10/18;17:48:22.642;INFO;Controller;State = Running;
29/10/18;17:48:23.991;INFO;Robot Runtime;executing:    Unload;
29/10/18;17:48:28.762;INFO;Controller;Activity ExecRobotTask ended. Return value: Done False/False/False;
29/10/18;17:48:28.762;INFO;Controller;State = Ready;
29/10/18;17:48:29.215;INFO;Server;Command: ExecRobotTask (Load,500000);
29/10/18;17:48:29.215;INFO;Controller;Executing asynchronous activity: ExecRobotTask;
29/10/18;17:48:29.215;INFO;Controller;Status = Executing: Load;
29/10/18;17:48:29.215;INFO;Controller;State = Running;
29/10/18;17:48:30.180;INFO;Robot Runtime;executing:    Load;
29/10/18;17:48:37.132;INFO;Controller;Activity ExecRobotTask ended. Return value: Done False/True/False;
29/10/18;17:48:37.132;INFO;Controller;State = Ready;
29/10/18;17:48:37.159;INFO;Server;Command: ExecRobotTask (Mount,500000);
29/10/18;17:48:37.160;INFO;Controller;Executing asynchronous activity: ExecRobotTask;
29/10/18;17:48:37.160;INFO;Controller;Status = Executing: Mount;
29/10/18;17:48:37.160;INFO;Controller;State = Running;
29/10/18;17:48:38.490;INFO;Robot Runtime;executing:    Mount;
29/10/18;17:48:45.825;INFO;Controller;Activity ExecRobotTask ended. Return value: Done True/False/False;
29/10/18;17:48:45.825;INFO;Controller;State = Ready;
29/10/18;17:48:45.847;INFO;Server;Command: ExecRobotTask (Park,500000);
29/10/18;17:48:45.847;INFO;Controller;Executing asynchronous activity: ExecRobotTask;
29/10/18;17:48:45.847;INFO;Controller;Status = Executing: Park;
29/10/18;17:48:45.847;INFO;Controller;State = Running;
29/10/18;17:48:46.705;INFO;Robot Runtime;executing:    Park;
29/10/18;17:48:50.342;INFO;Controller;Activity ExecRobotTask ended. Return value: Done;
29/10/18;17:48:50.342;INFO;Controller;State = Ready;
29/10/18;17:48:50.362;INFO;Server;Command: ExecRobotTask (UnlatchRobGov,500000);
29/10/18;17:48:50.362;INFO;Controller;Executing asynchronous activity: ExecRobotTask;
29/10/18;17:48:50.362;INFO;Controller;Status = Executing: UnlatchRobGov;
29/10/18;17:48:50.362;INFO;Controller;State = Running;
29/10/18;17:48:51.319;INFO;Robot Runtime;executing:    UnlatchRobGov;
29/10/18;17:48:51.816;INFO;Controller;Activity ExecRobotTask ended. Return value: Done;
29/10/18;17:48:51.816;INFO;Controller;State = Ready;
29/10/18;17:48:58.170;INFO;Server;Command: ExecRobotTask (Unmount,500000);
29/10/18;17:48:58.170;INFO;Controller;Executing asynchronous activity: ExecRobotTask;
29/10/18;17:48:58.171;INFO;Controller;Status = Executing: Unmount;
29/10/18;17:48:58.171;INFO;Controller;State = Running;
29/10/18;17:48:59.509;INFO;Robot Runtime;executing:    Unmount;
29/10/18;17:49:08.723;INFO;Controller;Activity ExecRobotTask ended. Return value: Done False/True/False;
29/10/18;17:49:08.724;INFO;Controller;State = Ready;
29/10/18;17:49:08.746;INFO;Server;Command: ExecRobotTask (Unload,500000);
29/10/18;17:49:08.746;INFO;Controller;Executing asynchronous activity: ExecRobotTask;
29/10/18;17:49:08.746;INFO;Controller;Status = Executing: Unload;
29/10/18;17:49:08.746;INFO;Controller;State = Running;
29/10/18;17:49:09.606;INFO;Robot Runtime;executing:    Unload;
29/10/18;17:49:14.324;INFO;Controller;Activity ExecRobotTask ended. Return value: Done False/False/False;
29/10/18;17:49:14.324;INFO;Controller;State = Ready;
29/10/18;17:49:14.760;INFO;Server;Command: ExecRobotTask (Load,500000);
29/10/18;17:49:14.760;INFO;Controller;Executing asynchronous activity: ExecRobotTask;
29/10/18;17:49:14.760;INFO;Controller;Status = Executing: Load;
29/10/18;17:49:14.760;INFO;Controller;State = Running;
29/10/18;17:49:16.169;INFO;Robot Runtime;executing:    Load;
29/10/18;17:49:22.826;INFO;Controller;Activity ExecRobotTask ended. Return value: Done False/True/False;
29/10/18;17:49:22.826;INFO;Controller;State = Ready;
29/10/18;17:49:22.848;INFO;Server;Command: ExecRobotTask (Mount,500000);
29/10/18;17:49:22.849;INFO;Controller;Executing asynchronous activity: ExecRobotTask;
29/10/18;17:49:22.849;INFO;Controller;Status = Executing: Mount;
29/10/18;17:49:22.849;INFO;Controller;State = Running;
29/10/18;17:49:23.736;INFO;Robot Runtime;executing:    Mount;
29/10/18;17:49:31.363;INFO;Controller;Activity ExecRobotTask ended. Return value: Done True/False/False;
29/10/18;17:49:31.363;INFO;Controller;State = Ready;
29/10/18;17:49:31.384;INFO;Server;Command: ExecRobotTask (Park,500000);
29/10/18;17:49:31.384;INFO;Controller;Executing asynchronous activity: ExecRobotTask;
29/10/18;17:49:31.384;INFO;Controller;Status = Executing: Park;
29/10/18;17:49:31.384;INFO;Controller;State = Running;
29/10/18;17:49:32.245;INFO;Robot Runtime;executing:    Park;
29/10/18;17:49:35.654;INFO;Controller;Activity ExecRobotTask ended. Return value: Done;
29/10/18;17:49:35.654;INFO;Controller;State = Ready;
29/10/18;17:49:35.680;INFO;Server;Command: ExecRobotTask (UnlatchRobGov,500000);
29/10/18;17:49:35.680;INFO;Controller;Executing asynchronous activity: ExecRobotTask;
29/10/18;17:49:35.680;INFO;Controller;Status = Executing: UnlatchRobGov;
29/10/18;17:49:35.680;INFO;Controller;State = Running;
29/10/18;17:49:37.099;INFO;Robot Runtime;executing:    UnlatchRobGov;
29/10/18;17:49:37.262;INFO;Controller;Activity ExecRobotTask ended. Return value: Done;
29/10/18;17:49:37.262;INFO;Controller;State = Ready;
29/10/18;17:55:30.669;INFO;Server;Command: ExecRobotTask (Unmount,500000);
29/10/18;17:55:30.669;INFO;Controller;Executing asynchronous activity: ExecRobotTask;
29/10/18;17:55:30.669;INFO;Controller;Status = Executing: Unmount;
29/10/18;17:55:30.669;INFO;Controller;State = Running;
29/10/18;17:55:31.559;INFO;Robot Runtime;executing:    Unmount;
29/10/18;17:55:41.945;INFO;Controller;Activity ExecRobotTask ended. Return value: Done False/True/False;
29/10/18;17:55:41.946;INFO;Controller;State = Ready;
29/10/18;17:55:41.974;INFO;Server;Command: ExecRobotTask (Unload,500000);
29/10/18;17:55:41.975;INFO;Controller;Executing asynchronous activity: ExecRobotTask;
29/10/18;17:55:41.975;INFO;Controller;Status = Executing: Unload;
29/10/18;17:55:41.975;INFO;Controller;State = Running;
29/10/18;17:55:42.824;INFO;Robot Runtime;executing:    Unload;
29/10/18;17:55:47.536;INFO;Controller;Activity ExecRobotTask ended. Return value: Done False/False/False;
29/10/18;17:55:47.537;INFO;Controller;State = Ready;
29/10/18;17:55:47.988;INFO;Server;Command: ExecRobotTask (Load,500000);
29/10/18;17:55:47.988;INFO;Controller;Executing asynchronous activity: ExecRobotTask;
29/10/18;17:55:47.988;INFO;Controller;Status = Executing: Load;
29/10/18;17:55:47.988;INFO;Controller;State = Running;
29/10/18;17:55:49.415;INFO;Robot Runtime;executing:    Load;
29/10/18;17:55:56.067;INFO;Controller;Activity ExecRobotTask ended. Return value: Done False/True/False;
29/10/18;17:55:56.067;INFO;Controller;State = Ready;
29/10/18;17:55:56.088;INFO;Server;Command: ExecRobotTask (Mount,500000);
29/10/18;17:55:56.089;INFO;Controller;Executing asynchronous activity: ExecRobotTask;
29/10/18;17:55:56.089;INFO;Controller;Status = Executing: Mount;
29/10/18;17:55:56.089;INFO;Controller;State = Running;
29/10/18;17:55:56.972;INFO;Robot Runtime;executing:    Mount;
29/10/18;17:56:04.130;INFO;Controller;Activity ExecRobotTask ended. Return value: Done True/False/False;
29/10/18;17:56:04.130;INFO;Controller;State = Ready;
29/10/18;17:56:04.142;INFO;Server;Command: ExecRobotTask (Park,500000);
29/10/18;17:56:04.142;INFO;Controller;Executing asynchronous activity: ExecRobotTask;
29/10/18;17:56:04.142;INFO;Controller;Status = Executing: Park;
29/10/18;17:56:04.142;INFO;Controller;State = Running;
29/10/18;17:56:04.989;INFO;Robot Runtime;executing:    Park;
29/10/18;17:56:08.424;INFO;Controller;Activity ExecRobotTask ended. Return value: Done;
29/10/18;17:56:08.424;INFO;Controller;State = Ready;
29/10/18;17:56:08.449;INFO;Server;Command: ExecRobotTask (UnlatchRobGov,500000);
29/10/18;17:56:08.449;INFO;Controller;Executing asynchronous activity: ExecRobotTask;
29/10/18;17:56:08.449;INFO;Controller;Status = Executing: UnlatchRobGov;
29/10/18;17:56:08.449;INFO;Controller;State = Running;
29/10/18;17:56:09.862;INFO;Robot Runtime;executing:    UnlatchRobGov;
29/10/18;17:56:10.025;INFO;Controller;Activity ExecRobotTask ended. Return value: Done;
29/10/18;17:56:10.025;INFO;Controller;State = Ready;
29/10/18;17:58:02.790;INFO;Server;Command: ExecRobotTask (Unmount,500000);
29/10/18;17:58:02.790;INFO;Controller;Executing asynchronous activity: ExecRobotTask;
29/10/18;17:58:02.790;INFO;Controller;Status = Executing: Unmount;
29/10/18;17:58:02.790;INFO;Controller;State = Running;
29/10/18;17:58:03.684;INFO;Robot Runtime;executing:    Unmount;
29/10/18;17:58:15.226;INFO;Controller;Activity ExecRobotTask ended. Return value: Done False/True/False;
29/10/18;17:58:15.226;INFO;Controller;State = Ready;
29/10/18;17:58:15.254;INFO;Server;Command: ExecRobotTask (Unload,500000);
29/10/18;17:58:15.254;INFO;Controller;Executing asynchronous activity: ExecRobotTask;
29/10/18;17:58:15.255;INFO;Controller;Status = Executing: Unload;
29/10/18;17:58:15.255;INFO;Controller;State = Running;
29/10/18;17:58:16.109;INFO;Robot Runtime;executing:    Unload;
29/10/18;17:58:20.826;INFO;Controller;Activity ExecRobotTask ended. Return value: Done False/False/False;
29/10/18;17:58:20.827;INFO;Controller;State = Ready;
29/10/18;17:58:21.281;INFO;Server;Command: ExecRobotTask (Load,500000);
29/10/18;17:58:21.281;INFO;Controller;Executing asynchronous activity: ExecRobotTask;
29/10/18;17:58:21.281;INFO;Controller;Status = Executing: Load;
29/10/18;17:58:21.281;INFO;Controller;State = Running;
29/10/18;17:58:22.685;INFO;Robot Runtime;executing:    Load;
29/10/18;17:58:29.723;INFO;Controller;Activity ExecRobotTask ended. Return value: Done False/True/False;
29/10/18;17:58:29.724;INFO;Controller;State = Ready;
29/10/18;17:58:29.750;INFO;Server;Command: ExecRobotTask (Mount,500000);
29/10/18;17:58:29.750;INFO;Controller;Executing asynchronous activity: ExecRobotTask;
29/10/18;17:58:29.750;INFO;Controller;Status = Executing: Mount;
29/10/18;17:58:29.750;INFO;Controller;State = Running;
29/10/18;17:58:30.631;INFO;Robot Runtime;executing:    Mount;
29/10/18;17:58:38.846;INFO;Controller;Activity ExecRobotTask ended. Return value: Done True/False/False;
29/10/18;17:58:38.846;INFO;Controller;State = Ready;
29/10/18;17:58:38.877;INFO;Server;Command: ExecRobotTask (Park,500000);
29/10/18;17:58:38.877;INFO;Controller;Executing asynchronous activity: ExecRobotTask;
29/10/18;17:58:38.878;INFO;Controller;Status = Executing: Park;
29/10/18;17:58:38.878;INFO;Controller;State = Running;
29/10/18;17:58:39.729;INFO;Robot Runtime;executing:    Park;
29/10/18;17:58:42.963;INFO;Controller;Activity ExecRobotTask ended. Return value: Done;
29/10/18;17:58:42.963;INFO;Controller;State = Ready;
29/10/18;17:58:42.996;INFO;Server;Command: ExecRobotTask (UnlatchRobGov,500000);
29/10/18;17:58:42.996;INFO;Controller;Executing asynchronous activity: ExecRobotTask;
29/10/18;17:58:42.996;INFO;Controller;Status = Executing: UnlatchRobGov;
29/10/18;17:58:42.996;INFO;Controller;State = Running;
29/10/18;17:58:44.416;INFO;Robot Runtime;executing:    UnlatchRobGov;
29/10/18;17:58:44.895;INFO;Controller;Activity ExecRobotTask ended. Return value: Done;
29/10/18;17:58:44.895;INFO;Controller;State = Ready;
29/10/18;18:03:56.395;INFO;Server;Command: ExecRobotTask (Unmount,500000);
29/10/18;18:03:56.395;INFO;Controller;Executing asynchronous activity: ExecRobotTask;
29/10/18;18:03:56.396;INFO;Controller;Status = Executing: Unmount;
29/10/18;18:03:56.396;INFO;Controller;State = Running;
29/10/18;18:03:57.292;INFO;Robot Runtime;executing:    Unmount;
29/10/18;18:04:08.862;INFO;Controller;Activity ExecRobotTask ended. Return value: Done False/True/False;
29/10/18;18:04:08.863;INFO;Controller;State = Ready;
29/10/18;18:04:08.888;INFO;Server;Command: ExecRobotTask (Unload,500000);
29/10/18;18:04:08.889;INFO;Controller;Executing asynchronous activity: ExecRobotTask;
29/10/18;18:04:08.889;INFO;Controller;Status = Executing: Unload;
29/10/18;18:04:08.889;INFO;Controller;State = Running;
29/10/18;18:04:09.741;INFO;Robot Runtime;executing:    Unload;
29/10/18;18:04:14.475;INFO;Controller;Activity ExecRobotTask ended. Return value: Done False/False/False;
29/10/18;18:04:14.476;INFO;Controller;State = Ready;
29/10/18;18:04:14.911;INFO;Server;Command: ExecRobotTask (Load,500000);
29/10/18;18:04:14.911;INFO;Controller;Executing asynchronous activity: ExecRobotTask;
29/10/18;18:04:14.911;INFO;Controller;Status = Executing: Load;
29/10/18;18:04:14.911;INFO;Controller;State = Running;
29/10/18;18:04:16.325;INFO;Robot Runtime;executing:    Load;
29/10/18;18:04:22.977;INFO;Controller;Activity ExecRobotTask ended. Return value: Done False/True/False;
29/10/18;18:04:22.977;INFO;Controller;State = Ready;
29/10/18;18:04:23.008;INFO;Server;Command: ExecRobotTask (Mount,500000);
29/10/18;18:04:23.008;INFO;Controller;Executing asynchronous activity: ExecRobotTask;
29/10/18;18:04:23.009;INFO;Controller;Status = Executing: Mount;
29/10/18;18:04:23.009;INFO;Controller;State = Running;
29/10/18;18:04:23.897;INFO;Robot Runtime;executing:    Mount;
29/10/18;18:04:31.543;INFO;Controller;Activity ExecRobotTask ended. Return value: Done True/False/False;
29/10/18;18:04:31.543;INFO;Controller;State = Ready;
29/10/18;18:04:31.572;INFO;Server;Command: ExecRobotTask (Park,500000);
29/10/18;18:04:31.572;INFO;Controller;Executing asynchronous activity: ExecRobotTask;
29/10/18;18:04:31.573;INFO;Controller;Status = Executing: Park;
29/10/18;18:04:31.573;INFO;Controller;State = Running;
29/10/18;18:04:32.431;INFO;Robot Runtime;executing:    Park;
29/10/18;18:04:35.664;INFO;Controller;Activity ExecRobotTask ended. Return value: Done;
29/10/18;18:04:35.664;INFO;Controller;State = Ready;
29/10/18;18:04:35.691;INFO;Server;Command: ExecRobotTask (UnlatchRobGov,500000);
29/10/18;18:04:35.691;INFO;Controller;Executing asynchronous activity: ExecRobotTask;
29/10/18;18:04:35.691;INFO;Controller;Status = Executing: UnlatchRobGov;
29/10/18;18:04:35.691;INFO;Controller;State = Running;
29/10/18;18:04:37.093;INFO;Robot Runtime;executing:    UnlatchRobGov;
29/10/18;18:04:37.589;INFO;Controller;Activity ExecRobotTask ended. Return value: Done;
29/10/18;18:04:37.590;INFO;Controller;State = Ready;
29/10/18;18:15:57.070;INFO;Server;Command: ExecRobotTask (Unmount,500000);
29/10/18;18:15:57.070;INFO;Controller;Executing asynchronous activity: ExecRobotTask;
29/10/18;18:15:57.070;INFO;Controller;Status = Executing: Unmount;
29/10/18;18:15:57.070;INFO;Controller;State = Running;
29/10/18;18:15:57.957;INFO;Robot Runtime;executing:    Unmount;
29/10/18;18:16:07.181;INFO;Controller;Activity ExecRobotTask ended. Return value: Done False/True/False;
29/10/18;18:16:07.182;INFO;Controller;State = Ready;
29/10/18;18:16:07.209;INFO;Server;Command: ExecRobotTask (Unload,500000);
29/10/18;18:16:07.210;INFO;Controller;Executing asynchronous activity: ExecRobotTask;
29/10/18;18:16:07.210;INFO;Controller;Status = Executing: Unload;
29/10/18;18:16:07.210;INFO;Controller;State = Running;
29/10/18;18:16:08.063;INFO;Robot Runtime;executing:    Unload;
29/10/18;18:16:12.592;INFO;Controller;Activity ExecRobotTask ended. Return value: Done False/False/False;
29/10/18;18:16:12.592;INFO;Controller;State = Ready;
29/10/18;18:16:12.721;INFO;Server;Command: ExecRobotTask (UnlatchRobGov,500000);
29/10/18;18:16:12.722;INFO;Controller;Executing asynchronous activity: ExecRobotTask;
29/10/18;18:16:12.722;INFO;Controller;Status = Executing: UnlatchRobGov;
29/10/18;18:16:12.722;INFO;Controller;State = Running;
29/10/18;18:16:14.109;INFO;Robot Runtime;executing:    UnlatchRobGov;
29/10/18;18:16:15.030;INFO;Controller;Activity ExecRobotTask ended. Return value: Done;
29/10/18;18:16:15.030;INFO;Controller;State = Ready;
29/10/18;18:16:15.057;INFO;Server;Command: ExecRobotTask (Finish,500000);
29/10/18;18:16:15.058;INFO;Controller;Executing asynchronous activity: ExecRobotTask;
29/10/18;18:16:15.058;INFO;Controller;Status = Executing: Finish;
29/10/18;18:16:15.058;INFO;Controller;State = Running;
29/10/18;18:16:16.475;INFO;Robot Runtime;executing:    Finish;
29/10/18;18:18:41.055;INFO;Controller;Activity ExecRobotTask ended. Return value: Done;
29/10/18;18:18:41.056;INFO;Controller;State = Ready;
