22/02/18;21:21:35.726;INFO;Interface;Command: Abort;
22/02/18;21:21:35.727;INFO;Robot;Abort;
22/02/18;21:21:37.950;INFO;Interface;Command: Restart;
22/02/18;21:21:37.950;INFO;Controller;State = Initializing;
22/02/18;21:21:38.040;INFO;Controller;Initialized log services - Startup: 03/02/18 12:38:30;
22/02/18;21:21:39.045;INFO;Epics Server;Exiting running thread;
22/02/18;21:21:39.048;INFO;Epics Server;Registered PV: SW:Version;
22/02/18;21:21:39.048;INFO;Epics Server;Registered PV: SW:Status;
22/02/18;21:21:39.048;INFO;Epics Server;Registered PV: SW:Uptime;
22/02/18;21:21:39.048;INFO;Epics Server;Registered PV: SW:LastTaskInfo;
22/02/18;21:21:39.048;INFO;Epics Server;Registered PV: SW:AlarmList;
22/02/18;21:21:39.048;INFO;Epics Server;Registered PV: SW:LocalGuiLockOut;
22/02/18;21:21:39.048;INFO;Epics Server;Registered PV: SW:RobotSpeed;
22/02/18;21:21:39.048;INFO;Epics Server;Registered PV: SW:LastTaskException;
22/02/18;21:21:39.048;INFO;Epics Server;Registered PV: SW:LastTaskOutput;
22/02/18;21:21:39.048;INFO;Epics Server;Registered PV: SW:RobotState;
22/02/18;21:21:39.048;INFO;Epics Server;Registered PV: SW:CartesianPositions;
22/02/18;21:21:39.048;INFO;Epics Server;Registered PV: SW:JointPositions;
22/02/18;21:21:39.048;INFO;Epics Server;Registered PV: SW:State;
22/02/18;21:21:39.049;INFO;Epics Server;Registered PV: SW:abort;
22/02/18;21:21:39.049;INFO;Epics Server;Registered PV: SW:restart;
22/02/18;21:21:39.049;INFO;Epics Server;Registered PV: SW:getTaskInfo;
22/02/18;21:21:39.049;INFO;Epics Server;Registered PV: SW:isTaskRunning;
22/02/18;21:21:39.049;INFO;Epics Server;Registered PV: SW:checkTaskResult;
22/02/18;21:21:39.049;INFO;Epics Server;Registered PV: SW:startTestTask;
22/02/18;21:21:39.049;INFO;Epics Server;Registered PV: SW:pauseRobot;
22/02/18;21:21:39.049;INFO;Epics Server;Registered PV: SW:resumeRobot;
22/02/18;21:21:39.049;INFO;Epics Server;Registered PV: SW:setRobotVariable;
22/02/18;21:21:39.049;INFO;Epics Server;Registered PV: SW:isSampleMounted;
22/02/18;21:21:39.049;INFO;Epics Server;Registered PV: SW:startRobotTask;
22/02/18;21:21:39.049;INFO;Epics Server;Registered PV: SW:getRobotVariable;
22/02/18;21:21:39.049;INFO;Epics Server;Registered PV: SW:getDistance;
22/02/18;21:21:39.049;INFO;Epics Server;Initializing: Channel Access Server in Java v1.1.1;
22/02/18;21:21:39.050;INFO;Epics Server;Started server: ready to accept requests;
22/02/18;21:21:39.732;INFO;Controller;Initializing Robot;
22/02/18;21:21:39.736;INFO;Robot;Setting reference frame to: world;
22/02/18;21:21:39.848;INFO;Controller;Initializing Bus Controller;
22/02/18;21:21:39.848;INFO;Anti-Collision;Active = true;
22/02/18;21:21:39.848;INFO;Controller;State = Starting;
22/02/18;21:21:39.849;INFO;Controller;Command: Reset;
22/02/18;21:21:39.849;INFO;Controller;Executing asynchronous script: ./script/Reset.py;
22/02/18;21:21:39.850;INFO;Controller;Status = Reseting;
22/02/18;21:21:39.850;INFO;Controller;State = Running;
22/02/18;21:21:40.015;INFO;Controller;Script host: localhost:57958;
22/02/18;21:21:40.015;INFO;Script;Starting initialization script;
22/02/18;21:21:40.017;INFO;Script;Do nothing;
22/02/18;21:21:40.017;INFO;Controller;Script ./script/Reset.py ended. Return value: ;
22/02/18;21:21:40.018;INFO;Controller;State = Ready;
22/02/18;21:21:42.078;INFO;Interface;Command: ExecRobotTask (initialize,-1);
22/02/18;21:21:42.078;INFO;Controller;Executing asynchronous activity: ExecRobotTask;
22/02/18;21:21:42.078;INFO;Controller;Status = Executing: initialize;
22/02/18;21:21:42.078;INFO;Controller;State = Running;
22/02/18;21:21:42.874;INFO;Robot Runtime;executing:    initialize;
22/02/18;21:21:44.520;INFO;Robot Runtime;Robot power is on manual;
22/02/18;21:21:44.849;INFO;Controller;Activity ExecRobotTask ended. Return value: ABORT: Robot power is on manual;
22/02/18;21:21:44.849;INFO;Controller;State = Ready;
22/02/18;21:22:04.718;INFO;Interface;Command: ExecRobotTask (denableTscreen,-1);
22/02/18;21:22:04.719;INFO;Controller;Executing asynchronous activity: ExecRobotTask;
22/02/18;21:22:04.719;INFO;Controller;Status = Executing: denableTscreen;
22/02/18;21:22:04.719;INFO;Controller;State = Running;
22/02/18;21:22:04.807;INFO;Robot Runtime;executing:    denableTscreen;
22/02/18;21:22:05.013;INFO;Controller;Activity ExecRobotTask ended. Return value: ;
22/02/18;21:22:05.013;INFO;Controller;State = Ready;
22/02/18;21:22:58.159;INFO;Interface;Command: Abort;
22/02/18;21:22:58.159;INFO;Robot;Abort;
22/02/18;21:22:59.880;INFO;Interface;Command: Restart;
22/02/18;21:22:59.880;INFO;Controller;State = Initializing;
22/02/18;21:22:59.956;INFO;Controller;Initialized log services - Startup: 03/02/18 12:38:30;
22/02/18;21:23:00.962;INFO;Epics Server;Exiting running thread;
22/02/18;21:23:00.965;INFO;Epics Server;Registered PV: SW:Version;
22/02/18;21:23:00.965;INFO;Epics Server;Registered PV: SW:Status;
22/02/18;21:23:00.965;INFO;Epics Server;Registered PV: SW:Uptime;
22/02/18;21:23:00.965;INFO;Epics Server;Registered PV: SW:LastTaskInfo;
22/02/18;21:23:00.965;INFO;Epics Server;Registered PV: SW:AlarmList;
22/02/18;21:23:00.965;INFO;Epics Server;Registered PV: SW:LocalGuiLockOut;
22/02/18;21:23:00.965;INFO;Epics Server;Registered PV: SW:RobotSpeed;
22/02/18;21:23:00.965;INFO;Epics Server;Registered PV: SW:LastTaskException;
22/02/18;21:23:00.966;INFO;Epics Server;Registered PV: SW:LastTaskOutput;
22/02/18;21:23:00.966;INFO;Epics Server;Registered PV: SW:RobotState;
22/02/18;21:23:00.966;INFO;Epics Server;Registered PV: SW:CartesianPositions;
22/02/18;21:23:00.966;INFO;Epics Server;Registered PV: SW:JointPositions;
22/02/18;21:23:00.966;INFO;Epics Server;Registered PV: SW:State;
22/02/18;21:23:00.966;INFO;Epics Server;Registered PV: SW:abort;
22/02/18;21:23:00.966;INFO;Epics Server;Registered PV: SW:restart;
22/02/18;21:23:00.966;INFO;Epics Server;Registered PV: SW:getTaskInfo;
22/02/18;21:23:00.966;INFO;Epics Server;Registered PV: SW:isTaskRunning;
22/02/18;21:23:00.966;INFO;Epics Server;Registered PV: SW:checkTaskResult;
22/02/18;21:23:00.966;INFO;Epics Server;Registered PV: SW:startTestTask;
22/02/18;21:23:00.966;INFO;Epics Server;Registered PV: SW:pauseRobot;
22/02/18;21:23:00.966;INFO;Epics Server;Registered PV: SW:resumeRobot;
22/02/18;21:23:00.966;INFO;Epics Server;Registered PV: SW:setRobotVariable;
22/02/18;21:23:00.966;INFO;Epics Server;Registered PV: SW:isSampleMounted;
22/02/18;21:23:00.966;INFO;Epics Server;Registered PV: SW:startRobotTask;
22/02/18;21:23:00.966;INFO;Epics Server;Registered PV: SW:getRobotVariable;
22/02/18;21:23:00.966;INFO;Epics Server;Registered PV: SW:getDistance;
22/02/18;21:23:00.967;INFO;Epics Server;Initializing: Channel Access Server in Java v1.1.1;
22/02/18;21:23:00.967;INFO;Epics Server;Started server: ready to accept requests;
22/02/18;21:23:01.631;INFO;Controller;Initializing Robot;
22/02/18;21:23:01.635;INFO;Robot;Setting reference frame to: world;
22/02/18;21:23:01.748;INFO;Controller;Initializing Bus Controller;
22/02/18;21:23:01.749;INFO;Anti-Collision;Active = true;
22/02/18;21:23:01.749;INFO;Controller;State = Starting;
22/02/18;21:23:01.750;INFO;Controller;Command: Reset;
22/02/18;21:23:01.750;INFO;Controller;Executing asynchronous script: ./script/Reset.py;
22/02/18;21:23:01.750;INFO;Controller;Status = Reseting;
22/02/18;21:23:01.750;INFO;Controller;State = Running;
22/02/18;21:23:01.921;INFO;Controller;Script host: localhost:44969;
22/02/18;21:23:01.921;INFO;Script;Starting initialization script;
22/02/18;21:23:01.924;INFO;Script;Do nothing;
22/02/18;21:23:01.924;INFO;Controller;Script ./script/Reset.py ended. Return value: ;
22/02/18;21:23:01.924;INFO;Controller;State = Ready;
22/02/18;21:23:21.503;INFO;Interface;Command: ExecRobotTask (initialize,-1);
22/02/18;21:23:21.503;INFO;Controller;Executing asynchronous activity: ExecRobotTask;
22/02/18;21:23:21.503;INFO;Controller;Status = Executing: initialize;
22/02/18;21:23:21.504;INFO;Controller;State = Running;
22/02/18;21:23:22.233;INFO;Robot Runtime;executing:    initialize;
22/02/18;21:23:23.278;INFO;Robot Runtime;Failed to turn on robot power;
22/02/18;21:23:23.615;INFO;Controller;Activity ExecRobotTask ended. Return value: ABORT: Failed to turn on robot power;
22/02/18;21:23:23.615;INFO;Controller;State = Ready;
22/02/18;21:23:41.943;INFO;Interface;Command: ExecRobotTask (enableTscreen,-1);
22/02/18;21:23:41.944;INFO;Controller;Executing asynchronous activity: ExecRobotTask;
22/02/18;21:23:41.944;INFO;Controller;Status = Executing: enableTscreen;
22/02/18;21:23:41.944;INFO;Controller;State = Running;
22/02/18;21:23:42.729;INFO;Robot Runtime;executing:    enableTscreen;
22/02/18;21:23:43.096;INFO;Controller;Activity ExecRobotTask ended. Return value: Done;
22/02/18;21:23:43.097;INFO;Controller;State = Ready;
22/02/18;21:37:51.650;INFO;Interface;Command: Restart;
22/02/18;21:37:51.650;INFO;Controller;State = Initializing;
22/02/18;21:37:51.681;INFO;Controller;Initialized log services - Startup: 03/02/18 12:38:30;
22/02/18;21:37:52.688;INFO;Epics Server;Exiting running thread;
22/02/18;21:37:52.692;INFO;Epics Server;Registered PV: SW:Version;
22/02/18;21:37:52.692;INFO;Epics Server;Registered PV: SW:Status;
22/02/18;21:37:52.692;INFO;Epics Server;Registered PV: SW:Uptime;
22/02/18;21:37:52.692;INFO;Epics Server;Registered PV: SW:LastTaskInfo;
22/02/18;21:37:52.692;INFO;Epics Server;Registered PV: SW:AlarmList;
22/02/18;21:37:52.692;INFO;Epics Server;Registered PV: SW:LocalGuiLockOut;
22/02/18;21:37:52.692;INFO;Epics Server;Registered PV: SW:RobotSpeed;
22/02/18;21:37:52.692;INFO;Epics Server;Registered PV: SW:LastTaskException;
22/02/18;21:37:52.692;INFO;Epics Server;Registered PV: SW:LastTaskOutput;
22/02/18;21:37:52.692;INFO;Epics Server;Registered PV: SW:RobotState;
22/02/18;21:37:52.692;INFO;Epics Server;Registered PV: SW:CartesianPositions;
22/02/18;21:37:52.692;INFO;Epics Server;Registered PV: SW:JointPositions;
22/02/18;21:37:52.692;INFO;Epics Server;Registered PV: SW:State;
22/02/18;21:37:52.693;INFO;Epics Server;Registered PV: SW:abort;
22/02/18;21:37:52.693;INFO;Epics Server;Registered PV: SW:restart;
22/02/18;21:37:52.693;INFO;Epics Server;Registered PV: SW:getTaskInfo;
22/02/18;21:37:52.693;INFO;Epics Server;Registered PV: SW:isTaskRunning;
22/02/18;21:37:52.693;INFO;Epics Server;Registered PV: SW:checkTaskResult;
22/02/18;21:37:52.693;INFO;Epics Server;Registered PV: SW:startTestTask;
22/02/18;21:37:52.693;INFO;Epics Server;Registered PV: SW:pauseRobot;
22/02/18;21:37:52.693;INFO;Epics Server;Registered PV: SW:resumeRobot;
22/02/18;21:37:52.693;INFO;Epics Server;Registered PV: SW:setRobotVariable;
22/02/18;21:37:52.693;INFO;Epics Server;Registered PV: SW:isSampleMounted;
22/02/18;21:37:52.693;INFO;Epics Server;Registered PV: SW:startRobotTask;
22/02/18;21:37:52.693;INFO;Epics Server;Registered PV: SW:getRobotVariable;
22/02/18;21:37:52.693;INFO;Epics Server;Registered PV: SW:getDistance;
22/02/18;21:37:52.693;INFO;Epics Server;Initializing: Channel Access Server in Java v1.1.1;
22/02/18;21:37:52.694;INFO;Epics Server;Started server: ready to accept requests;
22/02/18;21:37:53.311;INFO;Controller;Initializing Robot;
22/02/18;21:37:53.315;INFO;Robot;Setting reference frame to: world;
22/02/18;21:37:53.426;INFO;Controller;Initializing Bus Controller;
22/02/18;21:37:53.426;INFO;Anti-Collision;Active = true;
22/02/18;21:37:53.426;INFO;Controller;State = Starting;
22/02/18;21:37:53.427;INFO;Controller;Command: Reset;
22/02/18;21:37:53.427;INFO;Controller;Executing asynchronous script: ./script/Reset.py;
22/02/18;21:37:53.427;INFO;Controller;Status = Reseting;
22/02/18;21:37:53.428;INFO;Controller;State = Running;
22/02/18;21:37:53.840;INFO;Controller;Script host: localhost:36145;
22/02/18;21:37:53.840;INFO;Script;Starting initialization script;
22/02/18;21:37:53.843;INFO;Script;Do nothing;
22/02/18;21:37:53.844;INFO;Controller;Script ./script/Reset.py ended. Return value: ;
22/02/18;21:37:53.844;INFO;Controller;State = Ready;
22/02/18;21:38:11.458;INFO;Interface;Command: ExecRobotTask (initialize,-1);
22/02/18;21:38:11.458;INFO;Controller;Executing asynchronous activity: ExecRobotTask;
22/02/18;21:38:11.458;INFO;Controller;Status = Executing: initialize;
22/02/18;21:38:11.458;INFO;Controller;State = Running;
22/02/18;21:38:12.252;INFO;Robot Runtime;executing:    initialize;
22/02/18;21:38:13.537;INFO;Controller;Activity ExecRobotTask ended. Return value: Done;
22/02/18;21:38:13.537;INFO;Controller;State = Ready;
22/02/18;21:54:33.860;INFO;Interface;Command: Abort;
22/02/18;21:54:33.860;INFO;Robot;Abort;
22/02/18;21:54:35.350;INFO;Interface;Command: Restart;
22/02/18;21:54:35.350;INFO;Controller;State = Initializing;
22/02/18;21:54:35.431;INFO;Controller;Initialized log services - Startup: 03/02/18 12:38:30;
22/02/18;21:54:36.439;INFO;Epics Server;Exiting running thread;
22/02/18;21:54:36.442;INFO;Epics Server;Registered PV: SW:Version;
22/02/18;21:54:36.442;INFO;Epics Server;Registered PV: SW:Status;
22/02/18;21:54:36.442;INFO;Epics Server;Registered PV: SW:Uptime;
22/02/18;21:54:36.442;INFO;Epics Server;Registered PV: SW:LastTaskInfo;
22/02/18;21:54:36.442;INFO;Epics Server;Registered PV: SW:AlarmList;
22/02/18;21:54:36.442;INFO;Epics Server;Registered PV: SW:LocalGuiLockOut;
22/02/18;21:54:36.442;INFO;Epics Server;Registered PV: SW:RobotSpeed;
22/02/18;21:54:36.442;INFO;Epics Server;Registered PV: SW:LastTaskException;
22/02/18;21:54:36.442;INFO;Epics Server;Registered PV: SW:LastTaskOutput;
22/02/18;21:54:36.443;INFO;Epics Server;Registered PV: SW:RobotState;
22/02/18;21:54:36.443;INFO;Epics Server;Registered PV: SW:CartesianPositions;
22/02/18;21:54:36.443;INFO;Epics Server;Registered PV: SW:JointPositions;
22/02/18;21:54:36.443;INFO;Epics Server;Registered PV: SW:State;
22/02/18;21:54:36.443;INFO;Epics Server;Registered PV: SW:abort;
22/02/18;21:54:36.443;INFO;Epics Server;Registered PV: SW:restart;
22/02/18;21:54:36.443;INFO;Epics Server;Registered PV: SW:getTaskInfo;
22/02/18;21:54:36.443;INFO;Epics Server;Registered PV: SW:isTaskRunning;
22/02/18;21:54:36.443;INFO;Epics Server;Registered PV: SW:checkTaskResult;
22/02/18;21:54:36.443;INFO;Epics Server;Registered PV: SW:startTestTask;
22/02/18;21:54:36.443;INFO;Epics Server;Registered PV: SW:pauseRobot;
22/02/18;21:54:36.443;INFO;Epics Server;Registered PV: SW:resumeRobot;
22/02/18;21:54:36.443;INFO;Epics Server;Registered PV: SW:setRobotVariable;
22/02/18;21:54:36.443;INFO;Epics Server;Registered PV: SW:isSampleMounted;
22/02/18;21:54:36.443;INFO;Epics Server;Registered PV: SW:startRobotTask;
22/02/18;21:54:36.443;INFO;Epics Server;Registered PV: SW:getRobotVariable;
22/02/18;21:54:36.443;INFO;Epics Server;Registered PV: SW:getDistance;
22/02/18;21:54:36.443;INFO;Epics Server;Initializing: Channel Access Server in Java v1.1.1;
22/02/18;21:54:36.444;INFO;Epics Server;Started server: ready to accept requests;
22/02/18;21:54:37.077;INFO;Controller;Initializing Robot;
22/02/18;21:54:37.080;INFO;Robot;Setting reference frame to: world;
22/02/18;21:54:37.190;INFO;Controller;Initializing Bus Controller;
22/02/18;21:54:37.191;INFO;Anti-Collision;Active = true;
22/02/18;21:54:37.191;INFO;Controller;State = Starting;
22/02/18;21:54:37.192;INFO;Controller;Command: Reset;
22/02/18;21:54:37.192;INFO;Controller;Executing asynchronous script: ./script/Reset.py;
22/02/18;21:54:37.192;INFO;Controller;Status = Reseting;
22/02/18;21:54:37.192;INFO;Controller;State = Running;
22/02/18;21:54:37.360;INFO;Controller;Script host: localhost:43792;
22/02/18;21:54:37.360;INFO;Script;Starting initialization script;
22/02/18;21:54:37.362;INFO;Script;Do nothing;
22/02/18;21:54:37.362;INFO;Controller;Script ./script/Reset.py ended. Return value: ;
22/02/18;21:54:37.362;INFO;Controller;State = Ready;
22/02/18;21:54:39.509;INFO;Interface;Command: ExecRobotTask (initialize,-1);
22/02/18;21:54:39.509;INFO;Controller;Executing asynchronous activity: ExecRobotTask;
22/02/18;21:54:39.509;INFO;Controller;Status = Executing: initialize;
22/02/18;21:54:39.509;INFO;Controller;State = Running;
22/02/18;21:54:40.267;INFO;Robot Runtime;executing:    initialize;
22/02/18;21:54:40.719;INFO;Controller;Activity ExecRobotTask ended. Return value: Done;
22/02/18;21:54:40.719;INFO;Controller;State = Ready;
22/02/18;22:05:25.685;INFO;Server;Command: ExecRobotTask (Initialize,500000);
22/02/18;22:05:25.685;INFO;Controller;Executing asynchronous activity: ExecRobotTask;
22/02/18;22:05:25.686;INFO;Controller;Status = Executing: Initialize;
22/02/18;22:05:25.686;INFO;Controller;State = Running;
22/02/18;22:05:26.442;INFO;Robot Runtime;executing:    Initialize;
22/02/18;22:05:26.591;INFO;Controller;Activity ExecRobotTask ended. Return value: Done;
22/02/18;22:05:26.591;INFO;Controller;State = Ready;
22/02/18;22:05:26.605;INFO;Server;Command: ExecRobotTask (Cooldown,500000);
22/02/18;22:05:26.605;INFO;Controller;Executing asynchronous activity: ExecRobotTask;
22/02/18;22:05:26.605;INFO;Controller;Status = Executing: Cooldown;
22/02/18;22:05:26.605;INFO;Controller;State = Running;
22/02/18;22:05:27.757;INFO;Robot Runtime;executing:    Cooldown;
22/02/18;22:06:30.187;INFO;Controller;Activity ExecRobotTask ended. Return value: Done;
22/02/18;22:06:30.188;INFO;Controller;State = Ready;
22/02/18;22:06:30.386;INFO;Server;Command: ExecRobotTask (MT_loadCheck,500000);
22/02/18;22:06:30.386;INFO;Controller;Executing asynchronous activity: ExecRobotTask;
22/02/18;22:06:30.386;INFO;Controller;Status = Executing: MT_loadCheck;
22/02/18;22:06:30.386;INFO;Controller;State = Running;
22/02/18;22:06:31.241;INFO;Robot Runtime;executing:    MT_loadCheck;
22/02/18;22:06:42.391;INFO;Controller;Activity ExecRobotTask ended. Return value: Done ===>1,-1.212,-0.382,6.988,0;
22/02/18;22:06:42.391;INFO;Controller;State = Ready;
22/02/18;22:06:42.589;INFO;Server;Command: ExecRobotTask (MT_loadCheck,500000);
22/02/18;22:06:42.589;INFO;Controller;Executing asynchronous activity: ExecRobotTask;
22/02/18;22:06:42.589;INFO;Controller;Status = Executing: MT_loadCheck;
22/02/18;22:06:42.589;INFO;Controller;State = Running;
22/02/18;22:06:43.422;INFO;Robot Runtime;executing:    MT_loadCheck;
22/02/18;22:06:50.900;INFO;Controller;Activity ExecRobotTask ended. Return value: Done ===>2,-1.5  ,-0.705,-0.776,0;
22/02/18;22:06:50.900;INFO;Controller;State = Ready;
22/02/18;22:06:51.105;INFO;Server;Command: ExecRobotTask (MT_loadCheck,500000);
22/02/18;22:06:51.105;INFO;Controller;Executing asynchronous activity: ExecRobotTask;
22/02/18;22:06:51.105;INFO;Controller;Status = Executing: MT_loadCheck;
22/02/18;22:06:51.105;INFO;Controller;State = Running;
22/02/18;22:06:51.938;INFO;Robot Runtime;executing:    MT_loadCheck;
22/02/18;22:06:59.728;INFO;Controller;Activity ExecRobotTask ended. Return value: Done ===>3,-1.499,-0.3  ,-2.371,0;
22/02/18;22:06:59.728;INFO;Controller;State = Ready;
22/02/18;22:06:59.932;INFO;Server;Command: ExecRobotTask (MT_loadCheck,500000);
22/02/18;22:06:59.932;INFO;Controller;Executing asynchronous activity: ExecRobotTask;
22/02/18;22:06:59.932;INFO;Controller;Status = Executing: MT_loadCheck;
22/02/18;22:06:59.932;INFO;Controller;State = Running;
22/02/18;22:07:00.763;INFO;Robot Runtime;executing:    MT_loadCheck;
22/02/18;22:07:08.636;INFO;Controller;Activity ExecRobotTask ended. Return value: Done ===>4,-1.377,0.392,-1.34 ,0;
22/02/18;22:07:08.636;INFO;Controller;State = Ready;
22/02/18;22:07:08.836;INFO;Server;Command: ExecRobotTask (MT_loadCheck,500000);
22/02/18;22:07:08.836;INFO;Controller;Executing asynchronous activity: ExecRobotTask;
22/02/18;22:07:08.837;INFO;Controller;Status = Executing: MT_loadCheck;
22/02/18;22:07:08.837;INFO;Controller;State = Running;
22/02/18;22:07:09.667;INFO;Robot Runtime;executing:    MT_loadCheck;
22/02/18;22:07:17.340;INFO;Controller;Activity ExecRobotTask ended. Return value: Done ===>5,-1.123,0.343,-1.318,0;
22/02/18;22:07:17.340;INFO;Controller;State = Ready;
22/02/18;22:07:17.539;INFO;Server;Command: ExecRobotTask (MT_loadCheck,500000);
22/02/18;22:07:17.540;INFO;Controller;Executing asynchronous activity: ExecRobotTask;
22/02/18;22:07:17.540;INFO;Controller;Status = Executing: MT_loadCheck;
22/02/18;22:07:17.540;INFO;Controller;State = Running;
22/02/18;22:07:18.369;INFO;Robot Runtime;executing:    MT_loadCheck;
22/02/18;22:07:26.004;INFO;Controller;Activity ExecRobotTask ended. Return value: Done ===>6,-2.94 ,-0.31 ,-0.208,0;
22/02/18;22:07:26.004;INFO;Controller;State = Ready;
22/02/18;22:07:26.205;INFO;Server;Command: ExecRobotTask (MT_loadCheck,500000);
22/02/18;22:07:26.206;INFO;Controller;Executing asynchronous activity: ExecRobotTask;
22/02/18;22:07:26.206;INFO;Controller;Status = Executing: MT_loadCheck;
22/02/18;22:07:26.206;INFO;Controller;State = Running;
22/02/18;22:07:27.037;INFO;Robot Runtime;executing:    MT_loadCheck;
22/02/18;22:07:34.683;INFO;Controller;Activity ExecRobotTask ended. Return value: Done ===>7,-2.344,-1.036,-1.069,0;
22/02/18;22:07:34.683;INFO;Controller;State = Ready;
22/02/18;22:07:34.882;INFO;Server;Command: ExecRobotTask (MT_loadCheck,500000);
22/02/18;22:07:34.882;INFO;Controller;Executing asynchronous activity: ExecRobotTask;
22/02/18;22:07:34.883;INFO;Controller;Status = Executing: MT_loadCheck;
22/02/18;22:07:34.883;INFO;Controller;State = Running;
22/02/18;22:07:35.713;INFO;Robot Runtime;executing:    MT_loadCheck;
22/02/18;22:07:43.183;INFO;Controller;Activity ExecRobotTask ended. Return value: Done ===>8,-1.6  ,-0.987,-0.244,0;
22/02/18;22:07:43.183;INFO;Controller;State = Ready;
22/02/18;22:07:43.388;INFO;Server;Command: ExecRobotTask (MT_loadCheck,500000);
22/02/18;22:07:43.388;INFO;Controller;Executing asynchronous activity: ExecRobotTask;
22/02/18;22:07:43.388;INFO;Controller;Status = Executing: MT_loadCheck;
22/02/18;22:07:43.388;INFO;Controller;State = Running;
22/02/18;22:07:44.218;INFO;Robot Runtime;executing:    MT_loadCheck;
22/02/18;22:07:52.000;INFO;Controller;Activity ExecRobotTask ended. Return value: Done ===>9,-1.569,-1.029,-1.524,0;
22/02/18;22:07:52.000;INFO;Controller;State = Ready;
22/02/18;22:07:52.202;INFO;Server;Command: ExecRobotTask (MT_loadCheck,500000);
22/02/18;22:07:52.202;INFO;Controller;Executing asynchronous activity: ExecRobotTask;
22/02/18;22:07:52.202;INFO;Controller;Status = Executing: MT_loadCheck;
22/02/18;22:07:52.202;INFO;Controller;State = Running;
22/02/18;22:07:53.035;INFO;Robot Runtime;executing:    MT_loadCheck;
22/02/18;22:08:00.916;INFO;Controller;Activity ExecRobotTask ended. Return value: Done ===>10,-1.839,-1.626,-1.843,0;
22/02/18;22:08:00.916;INFO;Controller;State = Ready;
22/02/18;22:08:01.119;INFO;Server;Command: ExecRobotTask (MT_loadCheck,500000);
22/02/18;22:08:01.120;INFO;Controller;Executing asynchronous activity: ExecRobotTask;
22/02/18;22:08:01.120;INFO;Controller;Status = Executing: MT_loadCheck;
22/02/18;22:08:01.120;INFO;Controller;State = Running;
22/02/18;22:08:01.952;INFO;Robot Runtime;executing:    MT_loadCheck;
22/02/18;22:08:09.441;INFO;Controller;Activity ExecRobotTask ended. Return value: Done ===>11,-1.813,-0.987,-5.117,0;
22/02/18;22:08:09.441;INFO;Controller;State = Ready;
22/02/18;22:08:09.664;INFO;Server;Command: ExecRobotTask (MT_loadCheck,500000);
22/02/18;22:08:09.664;INFO;Controller;Executing asynchronous activity: ExecRobotTask;
22/02/18;22:08:09.664;INFO;Controller;Status = Executing: MT_loadCheck;
22/02/18;22:08:09.664;INFO;Controller;State = Running;
22/02/18;22:08:10.494;INFO;Robot Runtime;executing:    MT_loadCheck;
22/02/18;22:08:18.267;INFO;Controller;Activity ExecRobotTask ended. Return value: Done ===>12,-1.005,0.556,-3.136,0;
22/02/18;22:08:18.267;INFO;Controller;State = Ready;
22/02/18;22:08:18.466;INFO;Server;Command: ExecRobotTask (MT_loadCheck,500000);
22/02/18;22:08:18.466;INFO;Controller;Executing asynchronous activity: ExecRobotTask;
22/02/18;22:08:18.466;INFO;Controller;Status = Executing: MT_loadCheck;
22/02/18;22:08:18.466;INFO;Controller;State = Running;
22/02/18;22:08:19.326;INFO;Robot Runtime;executing:    MT_loadCheck;
22/02/18;22:08:26.944;INFO;Controller;Activity ExecRobotTask ended. Return value: Done ===>13,-1.411,0.847,-2.795,0;
22/02/18;22:08:26.944;INFO;Controller;State = Ready;
22/02/18;22:08:27.142;INFO;Server;Command: ExecRobotTask (MT_loadCheck,500000);
22/02/18;22:08:27.143;INFO;Controller;Executing asynchronous activity: ExecRobotTask;
22/02/18;22:08:27.143;INFO;Controller;Status = Executing: MT_loadCheck;
22/02/18;22:08:27.143;INFO;Controller;State = Running;
22/02/18;22:08:27.975;INFO;Robot Runtime;executing:    MT_loadCheck;
22/02/18;22:08:35.620;INFO;Controller;Activity ExecRobotTask ended. Return value: Done ===>14,-1.134,1.055,-1.651,0;
22/02/18;22:08:35.621;INFO;Controller;State = Ready;
22/02/18;22:08:35.825;INFO;Server;Command: ExecRobotTask (MT_loadCheck,500000);
22/02/18;22:08:35.825;INFO;Controller;Executing asynchronous activity: ExecRobotTask;
22/02/18;22:08:35.825;INFO;Controller;Status = Executing: MT_loadCheck;
22/02/18;22:08:35.825;INFO;Controller;State = Running;
22/02/18;22:08:36.658;INFO;Robot Runtime;executing:    MT_loadCheck;
22/02/18;22:08:44.295;INFO;Controller;Activity ExecRobotTask ended. Return value: Done ===>15,-1.178,1.023,-1.461,0;
22/02/18;22:08:44.296;INFO;Controller;State = Ready;
22/02/18;22:08:44.498;INFO;Server;Command: ExecRobotTask (MT_loadCheck,500000);
22/02/18;22:08:44.498;INFO;Controller;Executing asynchronous activity: ExecRobotTask;
22/02/18;22:08:44.498;INFO;Controller;Status = Executing: MT_loadCheck;
22/02/18;22:08:44.498;INFO;Controller;State = Running;
22/02/18;22:08:45.330;INFO;Robot Runtime;executing:    MT_loadCheck;
22/02/18;22:08:52.957;INFO;Controller;Activity ExecRobotTask ended. Return value: Done ===>16,-1.916,0.328,-1.692,0;
22/02/18;22:08:52.957;INFO;Controller;State = Ready;
22/02/18;22:08:53.162;INFO;Server;Command: ExecRobotTask (MT_loadCheck,500000);
22/02/18;22:08:53.162;INFO;Controller;Executing asynchronous activity: ExecRobotTask;
22/02/18;22:08:53.162;INFO;Controller;Status = Executing: MT_loadCheck;
22/02/18;22:08:53.162;INFO;Controller;State = Running;
22/02/18;22:08:53.998;INFO;Robot Runtime;executing:    MT_loadCheck;
22/02/18;22:09:01.645;INFO;Controller;Activity ExecRobotTask ended. Return value: Done ===>17,-0.684,0.914,0.001,0;
22/02/18;22:09:01.645;INFO;Controller;State = Ready;
22/02/18;22:09:01.852;INFO;Server;Command: ExecRobotTask (MT_loadCheck,500000);
22/02/18;22:09:01.852;INFO;Controller;Executing asynchronous activity: ExecRobotTask;
22/02/18;22:09:01.852;INFO;Controller;Status = Executing: MT_loadCheck;
22/02/18;22:09:01.852;INFO;Controller;State = Running;
22/02/18;22:09:02.686;INFO;Robot Runtime;executing:    MT_loadCheck;
22/02/18;22:09:10.315;INFO;Controller;Activity ExecRobotTask ended. Return value: Done ===>18,-0.294,1.08 ,-0.251,0;
22/02/18;22:09:10.315;INFO;Controller;State = Ready;
22/02/18;22:09:10.515;INFO;Server;Command: ExecRobotTask (MT_loadCheck,500000);
22/02/18;22:09:10.515;INFO;Controller;Executing asynchronous activity: ExecRobotTask;
22/02/18;22:09:10.515;INFO;Controller;Status = Executing: MT_loadCheck;
22/02/18;22:09:10.515;INFO;Controller;State = Running;
22/02/18;22:09:11.347;INFO;Robot Runtime;executing:    MT_loadCheck;
22/02/18;22:09:18.813;INFO;Controller;Activity ExecRobotTask ended. Return value: Done ===>19,-0.262,0.808,0.602,0;
22/02/18;22:09:18.813;INFO;Controller;State = Ready;
22/02/18;22:09:19.010;INFO;Server;Command: ExecRobotTask (MT_loadCheck,500000);
22/02/18;22:09:19.010;INFO;Controller;Executing asynchronous activity: ExecRobotTask;
22/02/18;22:09:19.010;INFO;Controller;Status = Executing: MT_loadCheck;
22/02/18;22:09:19.010;INFO;Controller;State = Running;
22/02/18;22:09:19.870;INFO;Robot Runtime;executing:    MT_loadCheck;
22/02/18;22:09:27.654;INFO;Controller;Activity ExecRobotTask ended. Return value: Done ===>20,-0.896,0.676,-0.088,0;
22/02/18;22:09:27.654;INFO;Controller;State = Ready;
22/02/18;22:09:27.855;INFO;Server;Command: ExecRobotTask (MT_loadCheck,500000);
22/02/18;22:09:27.855;INFO;Controller;Executing asynchronous activity: ExecRobotTask;
22/02/18;22:09:27.855;INFO;Controller;Status = Executing: MT_loadCheck;
22/02/18;22:09:27.855;INFO;Controller;State = Running;
22/02/18;22:09:28.688;INFO;Robot Runtime;executing:    MT_loadCheck;
22/02/18;22:09:36.334;INFO;Controller;Activity ExecRobotTask ended. Return value: Done ===>21,-1.012,0.614,-0.675,0;
22/02/18;22:09:36.335;INFO;Controller;State = Ready;
22/02/18;22:09:36.558;INFO;Server;Command: ExecRobotTask (MT_loadCheck,500000);
22/02/18;22:09:36.558;INFO;Controller;Executing asynchronous activity: ExecRobotTask;
22/02/18;22:09:36.558;INFO;Controller;Status = Executing: MT_loadCheck;
22/02/18;22:09:36.558;INFO;Controller;State = Running;
22/02/18;22:09:37.391;INFO;Robot Runtime;executing:    MT_loadCheck;
22/02/18;22:09:45.011;INFO;Controller;Activity ExecRobotTask ended. Return value: Done ===>22,0.122,0.997,-0.911,0;
22/02/18;22:09:45.011;INFO;Controller;State = Ready;
22/02/18;22:09:45.210;INFO;Server;Command: ExecRobotTask (MT_loadCheck,500000);
22/02/18;22:09:45.210;INFO;Controller;Executing asynchronous activity: ExecRobotTask;
22/02/18;22:09:45.210;INFO;Controller;Status = Executing: MT_loadCheck;
22/02/18;22:09:45.210;INFO;Controller;State = Running;
22/02/18;22:09:46.043;INFO;Robot Runtime;executing:    MT_loadCheck;
22/02/18;22:09:53.509;INFO;Controller;Activity ExecRobotTask ended. Return value: Done ===>23,0.399,1.192,0.928,0;
22/02/18;22:09:53.509;INFO;Controller;State = Ready;
22/02/18;22:09:53.712;INFO;Server;Command: ExecRobotTask (MT_loadCheck,500000);
22/02/18;22:09:53.712;INFO;Controller;Executing asynchronous activity: ExecRobotTask;
22/02/18;22:09:53.713;INFO;Controller;Status = Executing: MT_loadCheck;
22/02/18;22:09:53.713;INFO;Controller;State = Running;
22/02/18;22:09:54.567;INFO;Robot Runtime;executing:    MT_loadCheck;
22/02/18;22:10:02.332;INFO;Controller;Activity ExecRobotTask ended. Return value: Done ===>24,-0.733,1.52 ,0.09 ,0;
22/02/18;22:10:02.332;INFO;Controller;State = Ready;
22/02/18;22:10:02.538;INFO;Server;Command: ExecRobotTask (MT_loadCheck,500000);
22/02/18;22:10:02.539;INFO;Controller;Executing asynchronous activity: ExecRobotTask;
22/02/18;22:10:02.539;INFO;Controller;Status = Executing: MT_loadCheck;
22/02/18;22:10:02.539;INFO;Controller;State = Running;
22/02/18;22:10:03.370;INFO;Robot Runtime;executing:    MT_loadCheck;
22/02/18;22:10:10.843;INFO;Controller;Activity ExecRobotTask ended. Return value: Done ===>25,-0.889,1.469,-0.34 ,0;
22/02/18;22:10:10.843;INFO;Controller;State = Ready;
22/02/18;22:10:11.049;INFO;Server;Command: ExecRobotTask (MT_loadCheck,500000);
22/02/18;22:10:11.049;INFO;Controller;Executing asynchronous activity: ExecRobotTask;
22/02/18;22:10:11.049;INFO;Controller;Status = Executing: MT_loadCheck;
22/02/18;22:10:11.049;INFO;Controller;State = Running;
22/02/18;22:10:11.904;INFO;Robot Runtime;executing:    MT_loadCheck;
22/02/18;22:10:19.699;INFO;Controller;Activity ExecRobotTask ended. Return value: Done ===>26,-1.025,1.149,0.404,0;
22/02/18;22:10:19.699;INFO;Controller;State = Ready;
22/02/18;22:10:19.907;INFO;Server;Command: ExecRobotTask (MT_loadCheck,500000);
22/02/18;22:10:19.907;INFO;Controller;Executing asynchronous activity: ExecRobotTask;
22/02/18;22:10:19.907;INFO;Controller;Status = Executing: MT_loadCheck;
22/02/18;22:10:19.907;INFO;Controller;State = Running;
22/02/18;22:10:20.740;INFO;Robot Runtime;executing:    MT_loadCheck;
22/02/18;22:10:28.211;INFO;Controller;Activity ExecRobotTask ended. Return value: Done ===>27,-1.154,0.422,-0.091,0;
22/02/18;22:10:28.211;INFO;Controller;State = Ready;
22/02/18;22:10:28.413;INFO;Server;Command: ExecRobotTask (MT_loadCheck,500000);
22/02/18;22:10:28.413;INFO;Controller;Executing asynchronous activity: ExecRobotTask;
22/02/18;22:10:28.413;INFO;Controller;Status = Executing: MT_loadCheck;
22/02/18;22:10:28.413;INFO;Controller;State = Running;
22/02/18;22:10:29.270;INFO;Robot Runtime;executing:    MT_loadCheck;
22/02/18;22:10:37.063;INFO;Controller;Activity ExecRobotTask ended. Return value: Done ===>28,-1.301,-0.015,-0.271,0;
22/02/18;22:10:37.063;INFO;Controller;State = Ready;
22/02/18;22:10:37.271;INFO;Server;Command: ExecRobotTask (MT_loadCheck,500000);
22/02/18;22:10:37.271;INFO;Controller;Executing asynchronous activity: ExecRobotTask;
22/02/18;22:10:37.271;INFO;Controller;Status = Executing: MT_loadCheck;
22/02/18;22:10:37.272;INFO;Controller;State = Running;
22/02/18;22:10:38.102;INFO;Robot Runtime;executing:    MT_loadCheck;
22/02/18;22:10:45.563;INFO;Controller;Activity ExecRobotTask ended. Return value: Done ===>29,-1.344,-0.624,-0.949,0;
22/02/18;22:10:45.563;INFO;Controller;State = Ready;
22/02/18;22:10:45.765;INFO;Server;Command: ExecRobotTask (MT_loadCheck,500000);
22/02/18;22:10:45.765;INFO;Controller;Executing asynchronous activity: ExecRobotTask;
22/02/18;22:10:45.765;INFO;Controller;Status = Executing: MT_loadCheck;
22/02/18;22:10:45.765;INFO;Controller;State = Running;
22/02/18;22:10:46.625;INFO;Robot Runtime;executing:    MT_loadCheck;
22/02/18;22:10:54.406;INFO;Controller;Activity ExecRobotTask ended. Return value: Done ===>30,-0.992,-0.184,-0.912,0;
22/02/18;22:10:54.407;INFO;Controller;State = Ready;
22/02/18;22:10:54.614;INFO;Server;Command: ExecRobotTask (MT_loadCheck,500000);
22/02/18;22:10:54.614;INFO;Controller;Executing asynchronous activity: ExecRobotTask;
22/02/18;22:10:54.614;INFO;Controller;Status = Executing: MT_loadCheck;
22/02/18;22:10:54.614;INFO;Controller;State = Running;
22/02/18;22:10:55.447;INFO;Robot Runtime;executing:    MT_loadCheck;
22/02/18;22:11:02.901;INFO;Controller;Activity ExecRobotTask ended. Return value: Done ===>31,-0.612,0.19 ,-1.203,0;
22/02/18;22:11:02.902;INFO;Controller;State = Ready;
22/02/18;22:11:03.106;INFO;Server;Command: ExecRobotTask (MT_loadCheck,500000);
22/02/18;22:11:03.106;INFO;Controller;Executing asynchronous activity: ExecRobotTask;
22/02/18;22:11:03.106;INFO;Controller;Status = Executing: MT_loadCheck;
22/02/18;22:11:03.106;INFO;Controller;State = Running;
22/02/18;22:11:03.963;INFO;Robot Runtime;executing:    MT_loadCheck;
22/02/18;22:11:11.745;INFO;Controller;Activity ExecRobotTask ended. Return value: Done ===>32,-0.16 ,0.55 ,-1.342,0;
22/02/18;22:11:11.745;INFO;Controller;State = Ready;
22/02/18;22:11:11.950;INFO;Server;Command: ExecRobotTask (MT_loadCheck,500000);
22/02/18;22:11:11.950;INFO;Controller;Executing asynchronous activity: ExecRobotTask;
22/02/18;22:11:11.950;INFO;Controller;Status = Executing: MT_loadCheck;
22/02/18;22:11:11.951;INFO;Controller;State = Running;
22/02/18;22:11:12.781;INFO;Robot Runtime;executing:    MT_loadCheck;
22/02/18;22:11:20.409;INFO;Controller;Activity ExecRobotTask ended. Return value: Done ===>33,-1.104,0.191,-0.483,0;
22/02/18;22:11:20.409;INFO;Controller;State = Ready;
22/02/18;22:11:20.638;INFO;Server;Command: ExecRobotTask (MT_loadCheck,500000);
22/02/18;22:11:20.638;INFO;Controller;Executing asynchronous activity: ExecRobotTask;
22/02/18;22:11:20.638;INFO;Controller;Status = Executing: MT_loadCheck;
22/02/18;22:11:20.639;INFO;Controller;State = Running;
22/02/18;22:11:21.470;INFO;Robot Runtime;executing:    MT_loadCheck;
22/02/18;22:11:28.900;INFO;Controller;Activity ExecRobotTask ended. Return value: Done ===>34,-1.071,0.18 ,-0.817,0;
22/02/18;22:11:28.900;INFO;Controller;State = Ready;
22/02/18;22:11:29.108;INFO;Server;Command: ExecRobotTask (MT_loadCheck,500000);
22/02/18;22:11:29.108;INFO;Controller;Executing asynchronous activity: ExecRobotTask;
22/02/18;22:11:29.109;INFO;Controller;Status = Executing: MT_loadCheck;
22/02/18;22:11:29.109;INFO;Controller;State = Running;
22/02/18;22:11:29.941;INFO;Robot Runtime;executing:    MT_loadCheck;
22/02/18;22:11:37.725;INFO;Controller;Activity ExecRobotTask ended. Return value: Done ===>35,-0.982,0.556,-0.684,0;
22/02/18;22:11:37.725;INFO;Controller;State = Ready;
22/02/18;22:11:37.950;INFO;Server;Command: ExecRobotTask (MT_loadCheck,500000);
22/02/18;22:11:37.950;INFO;Controller;Executing asynchronous activity: ExecRobotTask;
22/02/18;22:11:37.950;INFO;Controller;Status = Executing: MT_loadCheck;
22/02/18;22:11:37.950;INFO;Controller;State = Running;
22/02/18;22:11:38.780;INFO;Robot Runtime;executing:    MT_loadCheck;
22/02/18;22:11:46.646;INFO;Controller;Activity ExecRobotTask ended. Return value: Done ===>36,-1.505,0.438,-0.612,0;
22/02/18;22:11:46.647;INFO;Controller;State = Ready;
22/02/18;22:11:46.852;INFO;Server;Command: ExecRobotTask (MT_loadCheck,500000);
22/02/18;22:11:46.852;INFO;Controller;Executing asynchronous activity: ExecRobotTask;
22/02/18;22:11:46.852;INFO;Controller;Status = Executing: MT_loadCheck;
22/02/18;22:11:46.852;INFO;Controller;State = Running;
22/02/18;22:11:47.685;INFO;Robot Runtime;executing:    MT_loadCheck;
22/02/18;22:11:55.142;INFO;Controller;Activity ExecRobotTask ended. Return value: Done ===>37,-1.262,0.478,0.468,0;
22/02/18;22:11:55.142;INFO;Controller;State = Ready;
22/02/18;22:11:55.344;INFO;Server;Command: ExecRobotTask (MT_loadCheck,500000);
22/02/18;22:11:55.345;INFO;Controller;Executing asynchronous activity: ExecRobotTask;
22/02/18;22:11:55.345;INFO;Controller;Status = Executing: MT_loadCheck;
22/02/18;22:11:55.345;INFO;Controller;State = Running;
22/02/18;22:11:56.204;INFO;Robot Runtime;executing:    MT_loadCheck;
22/02/18;22:12:03.943;INFO;Controller;Activity ExecRobotTask ended. Return value: Done ===>38,-1.333,-0.622,-1.671,0;
22/02/18;22:12:03.944;INFO;Controller;State = Ready;
22/02/18;22:12:04.149;INFO;Server;Command: ExecRobotTask (MT_loadCheck,500000);
22/02/18;22:12:04.149;INFO;Controller;Executing asynchronous activity: ExecRobotTask;
22/02/18;22:12:04.149;INFO;Controller;Status = Executing: MT_loadCheck;
22/02/18;22:12:04.149;INFO;Controller;State = Running;
22/02/18;22:12:04.982;INFO;Robot Runtime;executing:    MT_loadCheck;
22/02/18;22:12:12.613;INFO;Controller;Activity ExecRobotTask ended. Return value: Done ===>39,-1.061,-0.111,-0.938,0;
22/02/18;22:12:12.613;INFO;Controller;State = Ready;
22/02/18;22:12:12.840;INFO;Server;Command: ExecRobotTask (MT_loadCheck,500000);
22/02/18;22:12:12.840;INFO;Controller;Executing asynchronous activity: ExecRobotTask;
22/02/18;22:12:12.840;INFO;Controller;Status = Executing: MT_loadCheck;
22/02/18;22:12:12.840;INFO;Controller;State = Running;
22/02/18;22:12:13.671;INFO;Robot Runtime;executing:    MT_loadCheck;
22/02/18;22:12:21.124;INFO;Controller;Activity ExecRobotTask ended. Return value: Done ===>40,-0.89 ,0.166,-1.282,0;
22/02/18;22:12:21.124;INFO;Controller;State = Ready;
22/02/18;22:12:21.326;INFO;Server;Command: ExecRobotTask (MT_loadCheck,500000);
22/02/18;22:12:21.326;INFO;Controller;Executing asynchronous activity: ExecRobotTask;
22/02/18;22:12:21.326;INFO;Controller;Status = Executing: MT_loadCheck;
22/02/18;22:12:21.326;INFO;Controller;State = Running;
22/02/18;22:12:22.157;INFO;Robot Runtime;executing:    MT_loadCheck;
22/02/18;22:12:29.945;INFO;Controller;Activity ExecRobotTask ended. Return value: Done ===>41,-0.705,0.459,-0.917,0;
22/02/18;22:12:29.945;INFO;Controller;State = Ready;
22/02/18;22:12:30.170;INFO;Server;Command: ExecRobotTask (MT_loadCheck,500000);
22/02/18;22:12:30.170;INFO;Controller;Executing asynchronous activity: ExecRobotTask;
22/02/18;22:12:30.170;INFO;Controller;Status = Executing: MT_loadCheck;
22/02/18;22:12:30.170;INFO;Controller;State = Running;
22/02/18;22:12:31.004;INFO;Robot Runtime;executing:    MT_loadCheck;
22/02/18;22:12:38.843;INFO;Controller;Activity ExecRobotTask ended. Return value: Done ===>42,-0.916,0.857,-0.9  ,0;
22/02/18;22:12:38.843;INFO;Controller;State = Ready;
22/02/18;22:12:39.049;INFO;Server;Command: ExecRobotTask (MT_loadCheck,500000);
22/02/18;22:12:39.049;INFO;Controller;Executing asynchronous activity: ExecRobotTask;
22/02/18;22:12:39.049;INFO;Controller;Status = Executing: MT_loadCheck;
22/02/18;22:12:39.049;INFO;Controller;State = Running;
22/02/18;22:12:39.881;INFO;Robot Runtime;executing:    MT_loadCheck;
22/02/18;22:12:47.761;INFO;Controller;Activity ExecRobotTask ended. Return value: Done ===>43,-1.073,1.138,-1.161,0;
22/02/18;22:12:47.762;INFO;Controller;State = Ready;
22/02/18;22:12:47.963;INFO;Server;Command: ExecRobotTask (MT_loadCheck,500000);
22/02/18;22:12:47.963;INFO;Controller;Executing asynchronous activity: ExecRobotTask;
22/02/18;22:12:47.963;INFO;Controller;Status = Executing: MT_loadCheck;
22/02/18;22:12:47.963;INFO;Controller;State = Running;
22/02/18;22:12:48.797;INFO;Robot Runtime;executing:    MT_loadCheck;
22/02/18;22:12:56.293;INFO;Controller;Activity ExecRobotTask ended. Return value: Done ===>44,-1.401,1.128,-0.392,0;
22/02/18;22:12:56.293;INFO;Controller;State = Ready;
22/02/18;22:12:56.499;INFO;Server;Command: ExecRobotTask (MT_loadCheck,500000);
22/02/18;22:12:56.499;INFO;Controller;Executing asynchronous activity: ExecRobotTask;
22/02/18;22:12:56.499;INFO;Controller;Status = Executing: MT_loadCheck;
22/02/18;22:12:56.499;INFO;Controller;State = Running;
22/02/18;22:12:57.333;INFO;Robot Runtime;executing:    MT_loadCheck;
22/02/18;22:13:05.158;INFO;Controller;Activity ExecRobotTask ended. Return value: Done ===>45,-2.217,0.487,-0.692,0;
22/02/18;22:13:05.158;INFO;Controller;State = Ready;
22/02/18;22:13:05.367;INFO;Server;Command: ExecRobotTask (MT_loadCheck,500000);
22/02/18;22:13:05.367;INFO;Controller;Executing asynchronous activity: ExecRobotTask;
22/02/18;22:13:05.367;INFO;Controller;Status = Executing: MT_loadCheck;
22/02/18;22:13:05.367;INFO;Controller;State = Running;
22/02/18;22:13:06.205;INFO;Robot Runtime;executing:    MT_loadCheck;
22/02/18;22:13:14.077;INFO;Controller;Activity ExecRobotTask ended. Return value: Done ===>46,-2.443,0.287,-0.551,0;
22/02/18;22:13:14.077;INFO;Controller;State = Ready;
22/02/18;22:13:14.309;INFO;Server;Command: ExecRobotTask (MT_loadCheck,500000);
22/02/18;22:13:14.309;INFO;Controller;Executing asynchronous activity: ExecRobotTask;
22/02/18;22:13:14.309;INFO;Controller;Status = Executing: MT_loadCheck;
22/02/18;22:13:14.309;INFO;Controller;State = Running;
22/02/18;22:13:15.139;INFO;Robot Runtime;executing:    MT_loadCheck;
22/02/18;22:13:22.609;INFO;Controller;Activity ExecRobotTask ended. Return value: Done ===>47,-1.99 ,-0.427,-1.54 ,0;
22/02/18;22:13:22.609;INFO;Controller;State = Ready;
22/02/18;22:13:22.816;INFO;Server;Command: ExecRobotTask (MT_loadCheck,500000);
22/02/18;22:13:22.816;INFO;Controller;Executing asynchronous activity: ExecRobotTask;
22/02/18;22:13:22.816;INFO;Controller;Status = Executing: MT_loadCheck;
22/02/18;22:13:22.816;INFO;Controller;State = Running;
22/02/18;22:13:23.648;INFO;Robot Runtime;executing:    MT_loadCheck;
22/02/18;22:13:31.468;INFO;Controller;Activity ExecRobotTask ended. Return value: Done ===>48,-1.183,-0.543,-0.901,0;
22/02/18;22:13:31.468;INFO;Controller;State = Ready;
22/02/18;22:13:31.482;INFO;Server;Command: ExecRobotTask (TraceSample,500000);
22/02/18;22:13:31.482;INFO;Controller;Executing asynchronous activity: ExecRobotTask;
22/02/18;22:13:31.482;INFO;Controller;Status = Executing: TraceSample;
22/02/18;22:13:31.482;INFO;Controller;State = Running;
22/02/18;22:13:32.264;INFO;Robot Runtime;executing:    TraceSample;
22/02/18;22:13:33.611;INFO;Controller;Activity ExecRobotTask ended. Return value: Done True/False/False;
22/02/18;22:13:33.611;INFO;Controller;State = Ready;
22/02/18;22:13:33.622;INFO;Server;Command: ExecRobotTask (Finish,500000);
22/02/18;22:13:33.622;INFO;Controller;Executing asynchronous activity: ExecRobotTask;
22/02/18;22:13:33.622;INFO;Controller;Status = Executing: Finish;
22/02/18;22:13:33.622;INFO;Controller;State = Running;
22/02/18;22:13:34.429;INFO;Robot Runtime;executing:    Finish;
22/02/18;22:15:06.074;INFO;Controller;Activity ExecRobotTask ended. Return value: Done;
22/02/18;22:15:06.075;INFO;Controller;State = Ready;
