02/01/18;12:06:25.838;INFO;Interface;Command: ExecRobotTask (checkToolConfig,-1);
02/01/18;12:06:25.877;INFO;Controller;Executing asynchronous activity: ExecRobotTask;
02/01/18;12:06:25.877;INFO;Controller;Status = Executing: checkToolConfig;
02/01/18;12:06:25.877;INFO;Controller;State = Running;
02/01/18;12:06:26.038;INFO;Robot Runtime;executing:    checkToolConfig;
02/01/18;12:06:26.080;INFO;Robot Runtime;Invalid Gripper: C014;
02/01/18;12:06:26.102;INFO;Robot Runtime;Invalid Gripper: C017;
02/01/18;12:06:26.123;INFO;Robot Runtime;Valid Gripper: C015;
02/01/18;12:06:26.144;INFO;Robot Runtime;Valid Gripper: C019;
02/01/18;12:06:26.174;INFO;Robot Runtime;Current Tool: C015 (Valid);
02/01/18;12:06:26.321;INFO;Controller;Activity ExecRobotTask ended. Return value: Done;
02/01/18;12:06:26.321;INFO;Controller;State = Ready;
02/01/18;12:07:18.997;INFO;Interface;Command: ExecRobotTask (swapTools,-1);
02/01/18;12:07:18.998;INFO;Controller;Executing asynchronous activity: ExecRobotTask;
02/01/18;12:07:18.998;INFO;Controller;Status = Executing: swapTools;
02/01/18;12:07:18.999;INFO;Controller;State = Running;
02/01/18;12:07:19.147;INFO;Robot Runtime;executing:    swapTools;
02/01/18;12:07:19.516;INFO;Controller;Activity ExecRobotTask ended. Return value: Done;
02/01/18;12:07:19.516;INFO;Controller;State = Ready;
02/01/18;12:07:31.709;INFO;Interface;Command: ExecRobotTask (checkToolConfig,-1);
02/01/18;12:07:31.710;INFO;Controller;Executing asynchronous activity: ExecRobotTask;
02/01/18;12:07:31.710;INFO;Controller;Status = Executing: checkToolConfig;
02/01/18;12:07:31.710;INFO;Controller;State = Running;
02/01/18;12:07:31.863;INFO;Robot Runtime;executing:    checkToolConfig;
02/01/18;12:07:31.907;INFO;Robot Runtime;Invalid Gripper: C014;
02/01/18;12:07:31.928;INFO;Robot Runtime;Invalid Gripper: C017;
02/01/18;12:07:31.949;INFO;Robot Runtime;Valid Gripper: C015;
02/01/18;12:07:31.979;INFO;Robot Runtime;Valid Gripper: C019;
02/01/18;12:07:32.000;INFO;Robot Runtime;Current Tool: C019 (Valid);
02/01/18;12:07:32.108;INFO;Controller;Activity ExecRobotTask ended. Return value: Done;
02/01/18;12:07:32.109;INFO;Controller;State = Ready;
02/01/18;12:11:57.664;INFO;Interface;Command: ExecRobotTask (swaptools,-1);
02/01/18;12:11:57.665;INFO;Controller;Executing asynchronous activity: ExecRobotTask;
02/01/18;12:11:57.665;INFO;Controller;Status = Executing: swaptools;
02/01/18;12:11:57.665;INFO;Controller;State = Running;
02/01/18;12:11:57.824;INFO;Robot Runtime;executing:    swaptools;
02/01/18;12:11:58.258;INFO;Controller;Activity ExecRobotTask ended. Return value: Done;
02/01/18;12:11:58.259;INFO;Controller;State = Ready;
02/01/18;12:12:08.521;INFO;Interface;Command: ExecRobotTask (checktoolconfig,-1);
02/01/18;12:12:08.521;INFO;Controller;Executing asynchronous activity: ExecRobotTask;
02/01/18;12:12:08.521;INFO;Controller;Status = Executing: checktoolconfig;
02/01/18;12:12:08.521;INFO;Controller;State = Running;
02/01/18;12:12:08.674;INFO;Robot Runtime;executing:    checktoolconfig;
02/01/18;12:12:08.716;INFO;Robot Runtime;Invalid Gripper: C014;
02/01/18;12:12:08.756;INFO;Robot Runtime;Invalid Gripper: C017;
02/01/18;12:12:08.792;INFO;Robot Runtime;Valid Gripper: C015;
02/01/18;12:12:08.813;INFO;Robot Runtime;Valid Gripper: C019;
02/01/18;12:12:08.834;INFO;Robot Runtime;Current Tool: C015 (Valid);
02/01/18;12:12:09.057;INFO;Controller;Activity ExecRobotTask ended. Return value: Done;
02/01/18;12:12:09.057;INFO;Controller;State = Ready;
02/01/18;13:42:11.026;INFO;Controller;State = Closing;
02/01/18;13:42:12.045;INFO;Epics Server;Exiting running thread;
02/01/18;13:42:12.049;INFO;Controller;Stopping log services - Startup: 26/12/17 10:45:09;
02/01/18;13:42:29.577;INFO;Controller;Instantiation;
02/01/18;13:42:29.598;INFO;Controller;State = Initializing;
02/01/18;13:42:29.658;WARNING;Interface;Access level set to Admin;
02/01/18;13:42:29.711;INFO;Controller;Initialized log services - Startup: 02/01/18 13:42:29;
02/01/18;13:42:29.718;INFO;Controller;Initializing controller for SW version: 1.1.0 - JLib 1.7.2;
02/01/18;13:42:29.949;INFO;Epics Server;Registered PV: SW:Version;
02/01/18;13:42:29.950;INFO;Epics Server;Registered PV: SW:Status;
02/01/18;13:42:29.950;INFO;Epics Server;Registered PV: SW:Uptime;
02/01/18;13:42:29.967;INFO;Epics Server;Registered PV: SW:LastTaskInfo;
02/01/18;13:42:29.968;INFO;Epics Server;Registered PV: SW:AlarmList;
02/01/18;13:42:29.968;INFO;Epics Server;Registered PV: SW:LocalGuiLockOut;
02/01/18;13:42:29.968;INFO;Epics Server;Registered PV: SW:RobotSpeed;
02/01/18;13:42:29.969;INFO;Epics Server;Registered PV: SW:LastTaskException;
02/01/18;13:42:29.969;INFO;Epics Server;Registered PV: SW:LastTaskOutput;
02/01/18;13:42:29.969;INFO;Epics Server;Registered PV: SW:RobotState;
02/01/18;13:42:29.970;INFO;Epics Server;Registered PV: SW:CartesianPositions;
02/01/18;13:42:29.971;INFO;Epics Server;Registered PV: SW:JointPositions;
02/01/18;13:42:29.972;INFO;Epics Server;Registered PV: SW:State;
02/01/18;13:42:29.974;INFO;Epics Server;Registered PV: SW:abort;
02/01/18;13:42:29.974;INFO;Epics Server;Registered PV: SW:restart;
02/01/18;13:42:29.974;INFO;Epics Server;Registered PV: SW:getTaskInfo;
02/01/18;13:42:29.974;INFO;Epics Server;Registered PV: SW:isTaskRunning;
02/01/18;13:42:29.975;INFO;Epics Server;Registered PV: SW:checkTaskResult;
02/01/18;13:42:29.975;INFO;Epics Server;Registered PV: SW:startTestTask;
02/01/18;13:42:29.975;INFO;Epics Server;Registered PV: SW:pauseRobot;
02/01/18;13:42:29.976;INFO;Epics Server;Registered PV: SW:resumeRobot;
02/01/18;13:42:29.976;INFO;Epics Server;Registered PV: SW:setRobotVariable;
02/01/18;13:42:29.976;INFO;Epics Server;Registered PV: SW:isSampleMounted;
02/01/18;13:42:29.977;INFO;Epics Server;Registered PV: SW:startRobotTask;
02/01/18;13:42:29.977;INFO;Epics Server;Registered PV: SW:getRobotVariable;
02/01/18;13:42:29.977;INFO;Epics Server;Registered PV: SW:getDistance;
02/01/18;13:42:29.978;INFO;Epics Server;Initializing: Channel Access Server in Java v1.1.1;
02/01/18;13:42:29.980;INFO;Epics Server;Started server: ready to accept requests;
02/01/18;13:42:30.944;INFO;Controller;Initializing Robot;
02/01/18;13:42:30.954;INFO;Robot;Setting reference frame to: world;
02/01/18;13:42:31.149;INFO;Controller;Initializing Bus Controller;
02/01/18;13:42:31.151;INFO;Anti-Collision;Active = true;
02/01/18;13:42:31.152;INFO;Controller;State = Starting;
02/01/18;13:42:31.155;INFO;Controller;Command: Reset;
02/01/18;13:42:31.543;INFO;Controller;Executing asynchronous script: ./script/Reset.py;
02/01/18;13:42:31.543;INFO;Controller;Status = Reseting;
02/01/18;13:42:31.544;INFO;Controller;State = Running;
02/01/18;13:42:32.143;INFO;Controller;Script host: localhost:35677;
02/01/18;13:42:32.144;INFO;Script;Starting initialization script;
02/01/18;13:42:32.148;INFO;Script;Do nothing;
02/01/18;13:42:32.149;INFO;Controller;Script ./script/Reset.py ended. Return value: ;
02/01/18;13:42:32.149;INFO;Controller;State = Ready;
02/01/18;13:42:37.993;INFO;Controller;State = Closing;
02/01/18;13:42:39.005;INFO;Epics Server;Exiting running thread;
02/01/18;13:42:39.008;INFO;Controller;Stopping log services - Startup: 02/01/18 13:42:29;
