17/10/18;14:31:35.181;INFO;Controller;Instantiation;
17/10/18;14:31:35.201;INFO;Controller;State = Initializing;
17/10/18;14:31:35.268;WARNING;Interface;Access level set to Admin;
17/10/18;14:31:35.326;INFO;Controller;Initialized log services - Startup: 17/10/18 14:31:35;
17/10/18;14:31:35.334;INFO;Controller;Initializing controller for SW version: 1.1.0 - JLib 1.7.2;
17/10/18;14:31:35.547;INFO;Epics Server;Registered PV: SW:Version;
17/10/18;14:31:35.547;INFO;Epics Server;Registered PV: SW:Status;
17/10/18;14:31:35.548;INFO;Epics Server;Registered PV: SW:Uptime;
17/10/18;14:31:35.563;INFO;Epics Server;Registered PV: SW:LastTaskInfo;
17/10/18;14:31:35.564;INFO;Epics Server;Registered PV: SW:AlarmList;
17/10/18;14:31:35.564;INFO;Epics Server;Registered PV: SW:LocalGuiLockOut;
17/10/18;14:31:35.564;INFO;Epics Server;Registered PV: SW:RobotSpeed;
17/10/18;14:31:35.565;INFO;Epics Server;Registered PV: SW:LastTaskException;
17/10/18;14:31:35.566;INFO;Epics Server;Registered PV: SW:LastTaskOutput;
17/10/18;14:31:35.566;INFO;Epics Server;Registered PV: SW:RobotState;
17/10/18;14:31:35.567;INFO;Epics Server;Registered PV: SW:CartesianPositions;
17/10/18;14:31:35.567;INFO;Epics Server;Registered PV: SW:JointPositions;
17/10/18;14:31:35.568;INFO;Epics Server;Registered PV: SW:State;
17/10/18;14:31:35.571;INFO;Epics Server;Registered PV: SW:abort;
17/10/18;14:31:35.571;INFO;Epics Server;Registered PV: SW:restart;
17/10/18;14:31:35.572;INFO;Epics Server;Registered PV: SW:getTaskInfo;
17/10/18;14:31:35.572;INFO;Epics Server;Registered PV: SW:isTaskRunning;
17/10/18;14:31:35.572;INFO;Epics Server;Registered PV: SW:checkTaskResult;
17/10/18;14:31:35.572;INFO;Epics Server;Registered PV: SW:startTestTask;
17/10/18;14:31:35.573;INFO;Epics Server;Registered PV: SW:pauseRobot;
17/10/18;14:31:35.573;INFO;Epics Server;Registered PV: SW:resumeRobot;
17/10/18;14:31:35.573;INFO;Epics Server;Registered PV: SW:setRobotVariable;
17/10/18;14:31:35.574;INFO;Epics Server;Registered PV: SW:isSampleMounted;
17/10/18;14:31:35.574;INFO;Epics Server;Registered PV: SW:startRobotTask;
17/10/18;14:31:35.574;INFO;Epics Server;Registered PV: SW:getRobotVariable;
17/10/18;14:31:35.575;INFO;Epics Server;Registered PV: SW:getDistance;
17/10/18;14:31:35.575;INFO;Epics Server;Initializing: Channel Access Server in Java v1.1.1;
17/10/18;14:31:35.577;INFO;Epics Server;Started server: ready to accept requests;
17/10/18;14:31:36.205;INFO;Controller;Initializing Robot;
17/10/18;14:31:36.215;INFO;Robot;Setting reference frame to: world;
17/10/18;14:31:36.394;INFO;Controller;Initializing Bus Controller;
17/10/18;14:31:36.395;INFO;Anti-Collision;Active = true;
17/10/18;14:31:36.396;INFO;Controller;State = Starting;
17/10/18;14:31:36.399;INFO;Controller;Command: Reset;
17/10/18;14:31:36.705;INFO;Controller;Executing asynchronous script: ./script/Reset.py;
17/10/18;14:31:36.706;INFO;Controller;Status = Reseting;
17/10/18;14:31:36.706;INFO;Controller;State = Running;
17/10/18;14:31:37.245;INFO;Controller;Script host: localhost:39926;
17/10/18;14:31:37.245;INFO;Script;Starting initialization script;
17/10/18;14:31:37.248;INFO;Script;Do nothing;
17/10/18;14:31:37.249;INFO;Controller;Script ./script/Reset.py ended. Return value: ;
17/10/18;14:31:37.249;INFO;Controller;State = Ready;
17/10/18;14:39:17.247;INFO;Server;Command: ExecRobotTask (EnableTScreen,500000);
17/10/18;14:39:17.248;INFO;Controller;Executing asynchronous activity: ExecRobotTask;
17/10/18;14:39:17.248;INFO;Controller;Status = Executing: EnableTScreen;
17/10/18;14:39:17.249;INFO;Controller;State = Running;
17/10/18;14:39:18.186;INFO;Robot Runtime;executing:    EnableTScreen;
17/10/18;14:39:18.433;INFO;Controller;Activity ExecRobotTask ended. Return value: Done;
17/10/18;14:39:18.434;INFO;Controller;State = Ready;
17/10/18;14:44:37.205;INFO;Server;Command: ExecRobotTask (Initialize,500000);
17/10/18;14:44:37.205;INFO;Controller;Executing asynchronous activity: ExecRobotTask;
17/10/18;14:44:37.206;INFO;Controller;Status = Executing: Initialize;
17/10/18;14:44:37.206;INFO;Controller;State = Running;
17/10/18;14:44:38.306;INFO;Robot Runtime;executing:    Initialize;
17/10/18;14:44:39.543;INFO;Controller;Activity ExecRobotTask ended. Return value: Done;
17/10/18;14:44:39.544;INFO;Controller;State = Ready;
17/10/18;14:44:39.576;INFO;Server;Command: ExecRobotTask (LatchRobGov,500000);
17/10/18;14:44:39.577;INFO;Controller;Executing asynchronous activity: ExecRobotTask;
17/10/18;14:44:39.577;INFO;Controller;Status = Executing: LatchRobGov;
17/10/18;14:44:39.577;INFO;Controller;State = Running;
17/10/18;14:44:40.786;INFO;Robot Runtime;executing:    LatchRobGov;
17/10/18;14:44:41.755;INFO;Controller;Activity ExecRobotTask ended. Return value: Done;
17/10/18;14:44:41.755;INFO;Controller;State = Ready;
17/10/18;14:44:41.770;INFO;Server;Command: ExecRobotTask (TraceSample,500000);
17/10/18;14:44:41.771;INFO;Controller;Executing asynchronous activity: ExecRobotTask;
17/10/18;14:44:41.771;INFO;Controller;Status = Executing: TraceSample;
17/10/18;14:44:41.771;INFO;Controller;State = Running;
17/10/18;14:44:42.859;INFO;Robot Runtime;executing:    TraceSample;
17/10/18;14:44:43.736;INFO;Controller;Activity ExecRobotTask ended. Return value: Done False/False/False;
17/10/18;14:44:43.736;INFO;Controller;State = Ready;
17/10/18;14:44:43.751;INFO;Server;Command: ExecRobotTask (CoolDown,500000);
17/10/18;14:44:43.751;INFO;Controller;Executing asynchronous activity: ExecRobotTask;
17/10/18;14:44:43.751;INFO;Controller;Status = Executing: CoolDown;
17/10/18;14:44:43.752;INFO;Controller;State = Running;
17/10/18;14:44:44.599;INFO;Robot Runtime;executing:    CoolDown;
17/10/18;14:46:20.974;INFO;Controller;Activity ExecRobotTask ended. Return value: Done;
17/10/18;14:46:20.974;INFO;Controller;State = Ready;
17/10/18;14:46:21.182;INFO;Server;Command: ExecRobotTask (Load,500000);
17/10/18;14:46:21.182;INFO;Controller;Executing asynchronous activity: ExecRobotTask;
17/10/18;14:46:21.182;INFO;Controller;Status = Executing: Load;
17/10/18;14:46:21.182;INFO;Controller;State = Running;
17/10/18;14:46:22.620;INFO;Robot Runtime;executing:    Load;
17/10/18;14:46:32.473;INFO;Controller;Activity ExecRobotTask ended. Return value: Done False/False/False;
17/10/18;14:46:32.474;INFO;Controller;State = Ready;
17/10/18;14:46:32.484;INFO;Server;Command: ExecRobotTask (Park,500000);
17/10/18;14:46:32.485;INFO;Controller;Executing asynchronous activity: ExecRobotTask;
17/10/18;14:46:32.485;INFO;Controller;Status = Executing: Park;
17/10/18;14:46:32.485;INFO;Controller;State = Running;
17/10/18;14:46:33.344;INFO;Robot Runtime;executing:    Park;
17/10/18;14:46:37.727;INFO;Controller;Activity ExecRobotTask ended. Return value: Done;
17/10/18;14:46:37.728;INFO;Controller;State = Ready;
17/10/18;14:47:13.831;INFO;Server;Command: ExecRobotTask (OpenPortLid,500000);
17/10/18;14:47:13.831;INFO;Controller;Executing asynchronous activity: ExecRobotTask;
17/10/18;14:47:13.832;INFO;Controller;Status = Executing: OpenPortLid;
17/10/18;14:47:13.832;INFO;Controller;State = Running;
17/10/18;14:47:14.669;INFO;Robot Runtime;executing:    OpenPortLid;
17/10/18;14:47:15.292;INFO;Controller;Activity ExecRobotTask ended. Return value: Done;
17/10/18;14:47:15.292;INFO;Controller;State = Ready;
17/10/18;14:47:59.430;INFO;Server;Command: ExecRobotTask (ClosePorts,500000);
17/10/18;14:47:59.431;INFO;Controller;Executing asynchronous activity: ExecRobotTask;
17/10/18;14:47:59.431;INFO;Controller;Status = Executing: ClosePorts;
17/10/18;14:47:59.432;INFO;Controller;State = Running;
17/10/18;14:48:00.811;INFO;Robot Runtime;executing:    ClosePorts;
17/10/18;14:48:01.246;INFO;Controller;Activity ExecRobotTask ended. Return value: Done;
17/10/18;14:48:01.246;INFO;Controller;State = Ready;
17/10/18;14:53:56.612;INFO;Server;Command: ExecRobotTask (OpenPortLid,500000);
17/10/18;14:53:56.613;INFO;Controller;Executing asynchronous activity: ExecRobotTask;
17/10/18;14:53:56.616;INFO;Controller;Status = Executing: OpenPortLid;
17/10/18;14:53:56.616;INFO;Controller;State = Running;
17/10/18;14:53:57.459;INFO;Robot Runtime;executing:    OpenPortLid;
17/10/18;14:53:58.372;INFO;Controller;Activity ExecRobotTask ended. Return value: Done;
17/10/18;14:53:58.373;INFO;Controller;State = Ready;
17/10/18;14:54:52.471;INFO;Server;Command: ExecRobotTask (Initialize,500000);
17/10/18;14:54:52.471;INFO;Controller;Executing asynchronous activity: ExecRobotTask;
17/10/18;14:54:52.472;INFO;Controller;Status = Executing: Initialize;
17/10/18;14:54:52.472;INFO;Controller;State = Running;
17/10/18;14:54:53.336;INFO;Robot Runtime;executing:    Initialize;
17/10/18;14:54:53.794;INFO;Controller;Activity ExecRobotTask ended. Return value: Done;
17/10/18;14:54:53.794;INFO;Controller;State = Ready;
17/10/18;14:54:53.804;INFO;Server;Command: ExecRobotTask (LatchRobGov,500000);
17/10/18;14:54:53.805;INFO;Controller;Executing asynchronous activity: ExecRobotTask;
17/10/18;14:54:53.805;INFO;Controller;Status = Executing: LatchRobGov;
17/10/18;14:54:53.805;INFO;Controller;State = Running;
17/10/18;14:54:55.240;INFO;Robot Runtime;executing:    LatchRobGov;
17/10/18;14:54:55.390;INFO;Controller;Activity ExecRobotTask ended. Return value: Done;
17/10/18;14:54:55.390;INFO;Controller;State = Ready;
17/10/18;14:54:55.402;INFO;Server;Command: ExecRobotTask (TraceSample,500000);
17/10/18;14:54:55.402;INFO;Controller;Executing asynchronous activity: ExecRobotTask;
17/10/18;14:54:55.403;INFO;Controller;Status = Executing: TraceSample;
17/10/18;14:54:55.403;INFO;Controller;State = Running;
17/10/18;14:54:56.270;INFO;Robot Runtime;executing:    TraceSample;
17/10/18;14:54:59.546;INFO;Controller;Activity ExecRobotTask ended. Return value: Done False/False/False;
17/10/18;14:54:59.547;INFO;Controller;State = Ready;
17/10/18;14:54:59.556;INFO;Server;Command: ExecRobotTask (CoolDown,500000);
17/10/18;14:54:59.557;INFO;Controller;Executing asynchronous activity: ExecRobotTask;
17/10/18;14:54:59.557;INFO;Controller;Status = Executing: CoolDown;
17/10/18;14:54:59.557;INFO;Controller;State = Running;
17/10/18;14:55:00.399;INFO;Robot Runtime;executing:    CoolDown;
17/10/18;14:55:00.741;INFO;Controller;Activity ExecRobotTask ended. Return value: Done;
17/10/18;14:55:00.741;INFO;Controller;State = Ready;
17/10/18;14:55:00.949;INFO;Server;Command: ExecRobotTask (Load,500000);
17/10/18;14:55:00.949;INFO;Controller;Executing asynchronous activity: ExecRobotTask;
17/10/18;14:55:00.949;INFO;Controller;Status = Executing: Load;
17/10/18;14:55:00.949;INFO;Controller;State = Running;
17/10/18;14:55:02.366;INFO;Robot Runtime;executing:    Load;
17/10/18;14:55:11.099;INFO;Controller;Activity ExecRobotTask ended. Return value: Done False/True/False;
17/10/18;14:55:11.100;INFO;Controller;State = Ready;
17/10/18;14:55:11.119;INFO;Server;Command: ExecRobotTask (Mount,500000);
17/10/18;14:55:11.119;INFO;Controller;Executing asynchronous activity: ExecRobotTask;
17/10/18;14:55:11.119;INFO;Controller;Status = Executing: Mount;
17/10/18;14:55:11.119;INFO;Controller;State = Running;
17/10/18;14:55:11.997;INFO;Robot Runtime;executing:    Mount;
17/10/18;14:55:20.748;INFO;Controller;Activity ExecRobotTask ended. Return value: Done True/False/False;
17/10/18;14:55:20.748;INFO;Controller;State = Ready;
17/10/18;14:55:20.762;INFO;Server;Command: ExecRobotTask (Park,500000);
17/10/18;14:55:20.762;INFO;Controller;Executing asynchronous activity: ExecRobotTask;
17/10/18;14:55:20.763;INFO;Controller;Status = Executing: Park;
17/10/18;14:55:20.763;INFO;Controller;State = Running;
17/10/18;14:55:21.616;INFO;Robot Runtime;executing:    Park;
17/10/18;14:55:25.163;INFO;Controller;Activity ExecRobotTask ended. Return value: Done;
17/10/18;14:55:25.164;INFO;Controller;State = Ready;
17/10/18;14:55:25.182;INFO;Server;Command: ExecRobotTask (UnlatchRobGov,500000);
17/10/18;14:55:25.182;INFO;Controller;Executing asynchronous activity: ExecRobotTask;
17/10/18;14:55:25.182;INFO;Controller;Status = Executing: UnlatchRobGov;
17/10/18;14:55:25.182;INFO;Controller;State = Running;
17/10/18;14:55:26.610;INFO;Robot Runtime;executing:    UnlatchRobGov;
17/10/18;14:55:26.745;INFO;Controller;Activity ExecRobotTask ended. Return value: Done;
17/10/18;14:55:26.746;INFO;Controller;State = Ready;
17/10/18;14:57:26.257;INFO;Server;Command: ExecRobotTask (Unmount,500000);
17/10/18;14:57:26.257;INFO;Controller;Executing asynchronous activity: ExecRobotTask;
17/10/18;14:57:26.257;INFO;Controller;Status = Executing: Unmount;
17/10/18;14:57:26.258;INFO;Controller;State = Running;
17/10/18;14:57:27.142;INFO;Robot Runtime;executing:    Unmount;
17/10/18;14:57:36.404;INFO;Controller;Activity ExecRobotTask ended. Return value: Done False/True/False;
17/10/18;14:57:36.404;INFO;Controller;State = Ready;
17/10/18;14:57:36.424;INFO;Server;Command: ExecRobotTask (Unload,500000);
17/10/18;14:57:36.424;INFO;Controller;Executing asynchronous activity: ExecRobotTask;
17/10/18;14:57:36.425;INFO;Controller;Status = Executing: Unload;
17/10/18;14:57:36.425;INFO;Controller;State = Running;
17/10/18;14:57:37.278;INFO;Robot Runtime;executing:    Unload;
17/10/18;14:57:41.936;INFO;Controller;Activity ExecRobotTask ended. Return value: Done False/False/False;
17/10/18;14:57:41.936;INFO;Controller;State = Ready;
17/10/18;14:57:42.392;INFO;Server;Command: ExecRobotTask (Load,500000);
17/10/18;14:57:42.392;INFO;Controller;Executing asynchronous activity: ExecRobotTask;
17/10/18;14:57:42.392;INFO;Controller;Status = Executing: Load;
17/10/18;14:57:42.392;INFO;Controller;State = Running;
17/10/18;14:57:43.821;INFO;Robot Runtime;executing:    Load;
17/10/18;14:57:50.715;INFO;Controller;Activity ExecRobotTask ended. Return value: Done False/True/False;
17/10/18;14:57:50.715;INFO;Controller;State = Ready;
17/10/18;14:57:50.729;INFO;Server;Command: ExecRobotTask (Mount,500000);
17/10/18;14:57:50.730;INFO;Controller;Executing asynchronous activity: ExecRobotTask;
17/10/18;14:57:50.730;INFO;Controller;Status = Executing: Mount;
17/10/18;14:57:50.730;INFO;Controller;State = Running;
17/10/18;14:57:51.612;INFO;Robot Runtime;executing:    Mount;
17/10/18;14:57:59.523;INFO;Controller;Activity ExecRobotTask ended. Return value: Done True/False/False;
17/10/18;14:57:59.523;INFO;Controller;State = Ready;
17/10/18;14:57:59.540;INFO;Server;Command: ExecRobotTask (Park,500000);
17/10/18;14:57:59.540;INFO;Controller;Executing asynchronous activity: ExecRobotTask;
17/10/18;14:57:59.541;INFO;Controller;Status = Executing: Park;
17/10/18;14:57:59.541;INFO;Controller;State = Running;
17/10/18;14:58:00.391;INFO;Robot Runtime;executing:    Park;
17/10/18;14:58:04.008;INFO;Controller;Activity ExecRobotTask ended. Return value: Done;
17/10/18;14:58:04.009;INFO;Controller;State = Ready;
17/10/18;14:58:04.023;INFO;Server;Command: ExecRobotTask (UnlatchRobGov,500000);
17/10/18;14:58:04.023;INFO;Controller;Executing asynchronous activity: ExecRobotTask;
17/10/18;14:58:04.023;INFO;Controller;Status = Executing: UnlatchRobGov;
17/10/18;14:58:04.023;INFO;Controller;State = Running;
17/10/18;14:58:05.454;INFO;Robot Runtime;executing:    UnlatchRobGov;
17/10/18;14:58:05.596;INFO;Controller;Activity ExecRobotTask ended. Return value: Done;
17/10/18;14:58:05.597;INFO;Controller;State = Ready;
17/10/18;14:59:17.502;INFO;Server;Command: ExecRobotTask (Unmount,500000);
17/10/18;14:59:17.502;INFO;Controller;Executing asynchronous activity: ExecRobotTask;
17/10/18;14:59:17.502;INFO;Controller;Status = Executing: Unmount;
17/10/18;14:59:17.502;INFO;Controller;State = Running;
17/10/18;14:59:18.391;INFO;Robot Runtime;executing:    Unmount;
17/10/18;14:59:27.610;INFO;Controller;Activity ExecRobotTask ended. Return value: Done False/True/False;
17/10/18;14:59:27.611;INFO;Controller;State = Ready;
17/10/18;14:59:27.632;INFO;Server;Command: ExecRobotTask (Unload,500000);
17/10/18;14:59:27.632;INFO;Controller;Executing asynchronous activity: ExecRobotTask;
17/10/18;14:59:27.633;INFO;Controller;Status = Executing: Unload;
17/10/18;14:59:27.633;INFO;Controller;State = Running;
17/10/18;14:59:28.484;INFO;Robot Runtime;executing:    Unload;
17/10/18;14:59:33.149;INFO;Controller;Activity ExecRobotTask ended. Return value: Done False/False/False;
17/10/18;14:59:33.150;INFO;Controller;State = Ready;
17/10/18;14:59:33.579;INFO;Server;Command: ExecRobotTask (Load,500000);
17/10/18;14:59:33.579;INFO;Controller;Executing asynchronous activity: ExecRobotTask;
17/10/18;14:59:33.579;INFO;Controller;Status = Executing: Load;
17/10/18;14:59:33.579;INFO;Controller;State = Running;
17/10/18;14:59:35.013;INFO;Robot Runtime;executing:    Load;
17/10/18;14:59:41.955;INFO;Controller;Activity ExecRobotTask ended. Return value: Done False/True/False;
17/10/18;14:59:41.955;INFO;Controller;State = Ready;
17/10/18;14:59:41.975;INFO;Server;Command: ExecRobotTask (Mount,500000);
17/10/18;14:59:41.975;INFO;Controller;Executing asynchronous activity: ExecRobotTask;
17/10/18;14:59:41.975;INFO;Controller;Status = Executing: Mount;
17/10/18;14:59:41.975;INFO;Controller;State = Running;
17/10/18;14:59:42.857;INFO;Robot Runtime;executing:    Mount;
17/10/18;14:59:50.248;INFO;Controller;Activity ExecRobotTask ended. Return value: Done True/False/False;
17/10/18;14:59:50.248;INFO;Controller;State = Ready;
17/10/18;14:59:50.271;INFO;Server;Command: ExecRobotTask (Park,500000);
17/10/18;14:59:50.271;INFO;Controller;Executing asynchronous activity: ExecRobotTask;
17/10/18;14:59:50.272;INFO;Controller;Status = Executing: Park;
17/10/18;14:59:50.272;INFO;Controller;State = Running;
17/10/18;14:59:51.122;INFO;Robot Runtime;executing:    Park;
17/10/18;14:59:54.740;INFO;Controller;Activity ExecRobotTask ended. Return value: Done;
17/10/18;14:59:54.740;INFO;Controller;State = Ready;
17/10/18;14:59:54.763;INFO;Server;Command: ExecRobotTask (UnlatchRobGov,500000);
17/10/18;14:59:54.763;INFO;Controller;Executing asynchronous activity: ExecRobotTask;
17/10/18;14:59:54.764;INFO;Controller;Status = Executing: UnlatchRobGov;
17/10/18;14:59:54.764;INFO;Controller;State = Running;
17/10/18;14:59:56.190;INFO;Robot Runtime;executing:    UnlatchRobGov;
17/10/18;14:59:56.327;INFO;Controller;Activity ExecRobotTask ended. Return value: Done;
17/10/18;14:59:56.327;INFO;Controller;State = Ready;
17/10/18;15:00:54.826;INFO;Server;Command: ExecRobotTask (Unmount,500000);
17/10/18;15:00:54.826;INFO;Controller;Executing asynchronous activity: ExecRobotTask;
17/10/18;15:00:54.826;INFO;Controller;Status = Executing: Unmount;
17/10/18;15:00:54.826;INFO;Controller;State = Running;
17/10/18;15:00:55.716;INFO;Robot Runtime;executing:    Unmount;
17/10/18;15:01:07.007;INFO;Controller;Activity ExecRobotTask ended. Return value: Done False/True/False;
17/10/18;15:01:07.007;INFO;Controller;State = Ready;
17/10/18;15:01:07.016;INFO;Server;Command: ExecRobotTask (Unload,500000);
17/10/18;15:01:07.016;INFO;Controller;Executing asynchronous activity: ExecRobotTask;
17/10/18;15:01:07.016;INFO;Controller;Status = Executing: Unload;
17/10/18;15:01:07.016;INFO;Controller;State = Running;
17/10/18;15:01:07.869;INFO;Robot Runtime;executing:    Unload;
17/10/18;15:01:12.293;INFO;Controller;Activity ExecRobotTask ended. Return value: Done False/False/False;
17/10/18;15:01:12.293;INFO;Controller;State = Ready;
17/10/18;15:01:12.380;INFO;Server;Command: ExecRobotTask (Initialize,500000);
17/10/18;15:01:12.380;INFO;Controller;Executing asynchronous activity: ExecRobotTask;
17/10/18;15:01:12.381;INFO;Controller;Status = Executing: Initialize;
17/10/18;15:01:12.381;INFO;Controller;State = Running;
17/10/18;15:01:13.783;INFO;Robot Runtime;executing:    Initialize;
17/10/18;15:01:14.203;INFO;Controller;Activity ExecRobotTask ended. Return value: Done;
17/10/18;15:01:14.204;INFO;Controller;State = Ready;
17/10/18;15:01:14.220;INFO;Server;Command: ExecRobotTask (Park,500000);
17/10/18;15:01:14.220;INFO;Controller;Executing asynchronous activity: ExecRobotTask;
17/10/18;15:01:14.220;INFO;Controller;Status = Executing: Park;
17/10/18;15:01:14.220;INFO;Controller;State = Running;
17/10/18;15:01:15.069;INFO;Robot Runtime;executing:    Park;
17/10/18;15:01:18.703;INFO;Controller;Activity ExecRobotTask ended. Return value: Done;
17/10/18;15:01:18.703;INFO;Controller;State = Ready;
17/10/18;15:02:16.215;INFO;Server;Command: ExecRobotTask (Initialize,500000);
17/10/18;15:02:16.216;INFO;Controller;Executing asynchronous activity: ExecRobotTask;
17/10/18;15:02:16.216;INFO;Controller;Status = Executing: Initialize;
17/10/18;15:02:16.216;INFO;Controller;State = Running;
17/10/18;15:02:17.054;INFO;Robot Runtime;executing:    Initialize;
17/10/18;15:02:17.513;INFO;Controller;Activity ExecRobotTask ended. Return value: Done;
17/10/18;15:02:17.513;INFO;Controller;State = Ready;
17/10/18;15:02:17.535;INFO;Server;Command: ExecRobotTask (LatchRobGov,500000);
17/10/18;15:02:17.535;INFO;Controller;Executing asynchronous activity: ExecRobotTask;
17/10/18;15:02:17.535;INFO;Controller;Status = Executing: LatchRobGov;
17/10/18;15:02:17.535;INFO;Controller;State = Running;
17/10/18;15:02:18.961;INFO;Robot Runtime;executing:    LatchRobGov;
17/10/18;15:02:21.240;INFO;Controller;Activity ExecRobotTask ended. Return value: Done;
17/10/18;15:02:21.240;INFO;Controller;State = Ready;
17/10/18;15:02:21.259;INFO;Server;Command: ExecRobotTask (TraceSample,500000);
17/10/18;15:02:21.259;INFO;Controller;Executing asynchronous activity: ExecRobotTask;
17/10/18;15:02:21.259;INFO;Controller;Status = Executing: TraceSample;
17/10/18;15:02:21.259;INFO;Controller;State = Running;
17/10/18;15:02:22.128;INFO;Robot Runtime;executing:    TraceSample;
17/10/18;15:02:32.069;INFO;Controller;Activity ExecRobotTask ended. Return value: Done False/False/False;
17/10/18;15:02:32.069;INFO;Controller;State = Ready;
17/10/18;15:02:32.094;INFO;Server;Command: ExecRobotTask (CoolDown,500000);
17/10/18;15:02:32.095;INFO;Controller;Executing asynchronous activity: ExecRobotTask;
17/10/18;15:02:32.095;INFO;Controller;Status = Executing: CoolDown;
17/10/18;15:02:32.095;INFO;Controller;State = Running;
17/10/18;15:02:32.936;INFO;Robot Runtime;executing:    CoolDown;
17/10/18;15:02:33.104;INFO;Controller;Activity ExecRobotTask ended. Return value: Done;
17/10/18;15:02:33.104;INFO;Controller;State = Ready;
17/10/18;15:02:33.310;INFO;Server;Command: ExecRobotTask (Load,500000);
17/10/18;15:02:33.310;INFO;Controller;Executing asynchronous activity: ExecRobotTask;
17/10/18;15:02:33.310;INFO;Controller;Status = Executing: Load;
17/10/18;15:02:33.311;INFO;Controller;State = Running;
17/10/18;15:02:34.730;INFO;Robot Runtime;executing:    Load;
17/10/18;15:03:03.740;WARNING;Robot Runtime;AUTORECOVER=====> Found false kick. Resume Robot Power;
17/10/18;15:03:10.760;WARNING;Robot Runtime;AUTORECOVER=====> Failed to enable Robot Power;
17/10/18;15:03:10.806;INFO;Controller;Activity ExecRobotTask ended. Return value: ;
17/10/18;15:03:10.806;INFO;Controller;State = Ready;
17/10/18;15:03:48.735;INFO;Server;Command: ExecRobotTask (Recover,500000);
17/10/18;15:03:48.736;INFO;Controller;Executing asynchronous activity: ExecRobotTask;
17/10/18;15:03:48.736;INFO;Controller;Status = Executing: Recover;
17/10/18;15:03:48.736;INFO;Controller;State = Running;
17/10/18;15:03:49.824;INFO;Robot Runtime;executing:    Recover;
17/10/18;15:03:50.667;INFO;Robot Runtime;Unrecognized Location;
17/10/18;15:03:50.690;INFO;Robot Runtime;Near Location1 [Dewar] at distance of 149.839;
17/10/18;15:03:50.711;INFO;Robot Runtime;Near Location2 [Park] at distance of 216.234;
17/10/18;15:04:20.049;INFO;Robot Runtime;Done;
17/10/18;15:04:20.397;INFO;Controller;Activity ExecRobotTask ended. Return value: Done;
17/10/18;15:04:20.398;INFO;Controller;State = Ready;
17/10/18;15:05:19.951;INFO;Server;Command: ExecRobotTask (Initialize,500000);
17/10/18;15:05:19.952;INFO;Controller;Executing asynchronous activity: ExecRobotTask;
17/10/18;15:05:19.952;INFO;Controller;Status = Executing: Initialize;
17/10/18;15:05:19.952;INFO;Controller;State = Running;
17/10/18;15:05:21.267;INFO;Robot Runtime;executing:    Initialize;
17/10/18;15:05:21.677;INFO;Controller;Activity ExecRobotTask ended. Return value: Done;
17/10/18;15:05:21.678;INFO;Controller;State = Ready;
17/10/18;15:05:21.691;INFO;Server;Command: ExecRobotTask (UnlatchRobGov,500000);
17/10/18;15:05:21.691;INFO;Controller;Executing asynchronous activity: ExecRobotTask;
17/10/18;15:05:21.691;INFO;Controller;Status = Executing: UnlatchRobGov;
17/10/18;15:05:21.692;INFO;Controller;State = Running;
17/10/18;15:05:22.684;INFO;Robot Runtime;executing:    UnlatchRobGov;
17/10/18;15:05:23.131;INFO;Controller;Activity ExecRobotTask ended. Return value: Done;
17/10/18;15:05:23.131;INFO;Controller;State = Ready;
17/10/18;15:05:23.146;INFO;Server;Command: ExecRobotTask (Home,500000);
17/10/18;15:05:23.146;INFO;Controller;Executing asynchronous activity: ExecRobotTask;
17/10/18;15:05:23.146;INFO;Controller;Status = Executing: Home;
17/10/18;15:05:23.146;INFO;Controller;State = Running;
17/10/18;15:05:24.012;INFO;Robot Runtime;executing:    Home;
17/10/18;15:05:24.175;INFO;Controller;Activity ExecRobotTask ended. Return value: Done;
17/10/18;15:05:24.176;INFO;Controller;State = Ready;
17/10/18;15:05:24.196;INFO;Server;Command: ExecRobotTask (Finish,500000);
17/10/18;15:05:24.196;INFO;Controller;Executing asynchronous activity: ExecRobotTask;
17/10/18;15:05:24.196;INFO;Controller;Status = Executing: Finish;
17/10/18;15:05:24.196;INFO;Controller;State = Running;
17/10/18;15:05:25.500;INFO;Robot Runtime;executing:    Finish;
17/10/18;15:08:12.876;INFO;Controller;Activity ExecRobotTask ended. Return value: Done;
17/10/18;15:08:12.876;INFO;Controller;State = Ready;
17/10/18;15:08:40.336;INFO;Server;Command: ExecRobotTask (Initialize,500000);
17/10/18;15:08:40.336;INFO;Controller;Executing asynchronous activity: ExecRobotTask;
17/10/18;15:08:40.336;INFO;Controller;Status = Executing: Initialize;
17/10/18;15:08:40.336;INFO;Controller;State = Running;
17/10/18;15:08:41.292;INFO;Robot Runtime;executing:    Initialize;
17/10/18;15:08:42.696;INFO;Controller;Activity ExecRobotTask ended. Return value: Done;
17/10/18;15:08:42.696;INFO;Controller;State = Ready;
17/10/18;15:08:42.721;INFO;Server;Command: ExecRobotTask (CoolDown,500000);
17/10/18;15:08:42.722;INFO;Controller;Executing asynchronous activity: ExecRobotTask;
17/10/18;15:08:42.722;INFO;Controller;Status = Executing: CoolDown;
17/10/18;15:08:42.722;INFO;Controller;State = Running;
17/10/18;15:08:43.562;INFO;Robot Runtime;executing:    CoolDown;
17/10/18;15:10:24.341;INFO;Controller;Activity ExecRobotTask ended. Return value: Done;
17/10/18;15:10:24.341;INFO;Controller;State = Ready;
17/10/18;15:10:24.557;INFO;Server;Command: ExecRobotTask (Unmount,500000);
17/10/18;15:10:24.557;INFO;Controller;Executing asynchronous activity: ExecRobotTask;
17/10/18;15:10:24.557;INFO;Controller;Status = Executing: Unmount;
17/10/18;15:10:24.558;INFO;Controller;State = Running;
17/10/18;15:10:25.438;INFO;Robot Runtime;executing:    Unmount;
17/10/18;15:10:45.601;WARNING;Robot Runtime;AUTORECOVER=====> Found false kick. Resume Robot Power;
17/10/18;15:10:52.630;WARNING;Robot Runtime;AUTORECOVER=====> Failed to enable Robot Power;
17/10/18;15:10:52.692;INFO;Controller;Activity ExecRobotTask ended. Return value: ;
17/10/18;15:10:52.692;INFO;Controller;State = Ready;
17/10/18;15:11:32.637;INFO;Server;Command: ExecRobotTask (Recover,500000);
17/10/18;15:11:32.637;INFO;Controller;Executing asynchronous activity: ExecRobotTask;
17/10/18;15:11:32.637;INFO;Controller;Status = Executing: Recover;
17/10/18;15:11:32.637;INFO;Controller;State = Running;
17/10/18;15:11:34.230;INFO;Robot Runtime;executing:    Recover;
17/10/18;15:11:35.076;INFO;Robot Runtime;Unrecognized Location;
17/10/18;15:11:35.098;INFO;Robot Runtime;Near Location1 [Gonio] at distance of 0.279;
17/10/18;15:11:35.119;INFO;Robot Runtime;Near Location2 [Heater] at distance of 521.081;
17/10/18;15:11:57.384;INFO;Robot Runtime;Done;
17/10/18;15:11:57.760;INFO;Controller;Activity ExecRobotTask ended. Return value: Done;
17/10/18;15:11:57.760;INFO;Controller;State = Ready;
17/10/18;15:12:25.756;INFO;Server;Command: ExecRobotTask (Initialize,500000);
17/10/18;15:12:25.756;INFO;Controller;Executing asynchronous activity: ExecRobotTask;
17/10/18;15:12:25.756;INFO;Controller;Status = Executing: Initialize;
17/10/18;15:12:25.756;INFO;Controller;State = Running;
17/10/18;15:12:26.637;INFO;Robot Runtime;executing:    Initialize;
17/10/18;15:12:27.077;INFO;Controller;Activity ExecRobotTask ended. Return value: Done;
17/10/18;15:12:27.077;INFO;Controller;State = Ready;
17/10/18;15:12:27.090;INFO;Server;Command: ExecRobotTask (UnlatchRobGov,500000);
17/10/18;15:12:27.090;INFO;Controller;Executing asynchronous activity: ExecRobotTask;
17/10/18;15:12:27.090;INFO;Controller;Status = Executing: UnlatchRobGov;
17/10/18;15:12:27.090;INFO;Controller;State = Running;
17/10/18;15:12:28.526;INFO;Robot Runtime;executing:    UnlatchRobGov;
17/10/18;15:12:28.667;INFO;Controller;Activity ExecRobotTask ended. Return value: Done;
17/10/18;15:12:28.667;INFO;Controller;State = Ready;
17/10/18;15:12:28.683;INFO;Server;Command: ExecRobotTask (Home,500000);
17/10/18;15:12:28.684;INFO;Controller;Executing asynchronous activity: ExecRobotTask;
17/10/18;15:12:28.684;INFO;Controller;Status = Executing: Home;
17/10/18;15:12:28.684;INFO;Controller;State = Running;
17/10/18;15:12:29.566;INFO;Robot Runtime;executing:    Home;
17/10/18;15:12:30.030;INFO;Controller;Activity ExecRobotTask ended. Return value: Done;
17/10/18;15:12:30.031;INFO;Controller;State = Ready;
17/10/18;15:12:30.051;INFO;Server;Command: ExecRobotTask (Finish,500000);
17/10/18;15:12:30.051;INFO;Controller;Executing asynchronous activity: ExecRobotTask;
17/10/18;15:12:30.051;INFO;Controller;Status = Executing: Finish;
17/10/18;15:12:30.051;INFO;Controller;State = Running;
17/10/18;15:12:31.451;INFO;Robot Runtime;executing:    Finish;
17/10/18;15:14:57.689;INFO;Controller;Activity ExecRobotTask ended. Return value: Done;
17/10/18;15:14:57.689;INFO;Controller;State = Ready;
17/10/18;15:20:40.537;INFO;Server;Command: ExecRobotTask (Initialize,500000);
17/10/18;15:20:40.537;INFO;Controller;Executing asynchronous activity: ExecRobotTask;
17/10/18;15:20:40.537;INFO;Controller;Status = Executing: Initialize;
17/10/18;15:20:40.537;INFO;Controller;State = Running;
17/10/18;15:20:41.429;INFO;Robot Runtime;executing:    Initialize;
17/10/18;15:20:42.718;INFO;Controller;Activity ExecRobotTask ended. Return value: Done;
17/10/18;15:20:42.718;INFO;Controller;State = Ready;
17/10/18;15:20:42.741;INFO;Server;Command: ExecRobotTask (LatchRobGov,500000);
17/10/18;15:20:42.741;INFO;Controller;Executing asynchronous activity: ExecRobotTask;
17/10/18;15:20:42.742;INFO;Controller;Status = Executing: LatchRobGov;
17/10/18;15:20:42.742;INFO;Controller;State = Running;
17/10/18;15:20:44.145;INFO;Robot Runtime;executing:    LatchRobGov;
17/10/18;15:20:44.717;INFO;Controller;Activity ExecRobotTask ended. Return value: Done;
17/10/18;15:20:44.717;INFO;Controller;State = Ready;
17/10/18;15:20:44.735;INFO;Server;Command: ExecRobotTask (TraceSample,500000);
17/10/18;15:20:44.735;INFO;Controller;Executing asynchronous activity: ExecRobotTask;
17/10/18;15:20:44.735;INFO;Controller;Status = Executing: TraceSample;
17/10/18;15:20:44.735;INFO;Controller;State = Running;
17/10/18;15:20:45.640;INFO;Robot Runtime;executing:    TraceSample;
17/10/18;15:20:46.271;INFO;Controller;Activity ExecRobotTask ended. Return value: Done False/False/False;
17/10/18;15:20:46.271;INFO;Controller;State = Ready;
17/10/18;15:20:46.289;INFO;Server;Command: ExecRobotTask (CoolDown,500000);
17/10/18;15:20:46.289;INFO;Controller;Executing asynchronous activity: ExecRobotTask;
17/10/18;15:20:46.290;INFO;Controller;Status = Executing: CoolDown;
17/10/18;15:20:46.290;INFO;Controller;State = Running;
17/10/18;15:20:47.129;INFO;Robot Runtime;executing:    CoolDown;
17/10/18;15:22:24.794;INFO;Controller;Activity ExecRobotTask ended. Return value: Done;
17/10/18;15:22:24.794;INFO;Controller;State = Ready;
17/10/18;15:22:25.004;INFO;Server;Command: ExecRobotTask (Load,500000);
17/10/18;15:22:25.005;INFO;Controller;Executing asynchronous activity: ExecRobotTask;
17/10/18;15:22:25.005;INFO;Controller;Status = Executing: Load;
17/10/18;15:22:25.005;INFO;Controller;State = Running;
17/10/18;15:22:26.398;INFO;Robot Runtime;executing:    Load;
17/10/18;15:22:35.886;INFO;Controller;Activity ExecRobotTask ended. Return value: Done False/True/False;
17/10/18;15:22:35.886;INFO;Controller;State = Ready;
17/10/18;15:22:35.909;INFO;Server;Command: ExecRobotTask (Mount,500000);
17/10/18;15:22:35.910;INFO;Controller;Executing asynchronous activity: ExecRobotTask;
17/10/18;15:22:35.910;INFO;Controller;Status = Executing: Mount;
17/10/18;15:22:35.910;INFO;Controller;State = Running;
17/10/18;15:22:36.825;INFO;Robot Runtime;executing:    Mount;
17/10/18;15:22:44.724;INFO;Controller;Activity ExecRobotTask ended. Return value: Done True/False/False;
17/10/18;15:22:44.725;INFO;Controller;State = Ready;
17/10/18;15:22:44.747;INFO;Server;Command: ExecRobotTask (Park,500000);
17/10/18;15:22:44.747;INFO;Controller;Executing asynchronous activity: ExecRobotTask;
17/10/18;15:22:44.747;INFO;Controller;Status = Executing: Park;
17/10/18;15:22:44.748;INFO;Controller;State = Running;
17/10/18;15:22:45.603;INFO;Robot Runtime;executing:    Park;
17/10/18;15:22:49.215;INFO;Controller;Activity ExecRobotTask ended. Return value: Done;
17/10/18;15:22:49.215;INFO;Controller;State = Ready;
17/10/18;15:22:49.234;INFO;Server;Command: ExecRobotTask (UnlatchRobGov,500000);
17/10/18;15:22:49.234;INFO;Controller;Executing asynchronous activity: ExecRobotTask;
17/10/18;15:22:49.235;INFO;Controller;Status = Executing: UnlatchRobGov;
17/10/18;15:22:49.235;INFO;Controller;State = Running;
17/10/18;15:22:50.615;INFO;Robot Runtime;executing:    UnlatchRobGov;
17/10/18;15:22:50.964;INFO;Controller;Activity ExecRobotTask ended. Return value: Done;
17/10/18;15:22:50.965;INFO;Controller;State = Ready;
17/10/18;15:25:56.500;INFO;Server;Command: ExecRobotTask (Unmount,500000);
17/10/18;15:25:56.501;INFO;Controller;Executing asynchronous activity: ExecRobotTask;
17/10/18;15:25:56.501;INFO;Controller;Status = Executing: Unmount;
17/10/18;15:25:56.501;INFO;Controller;State = Running;
17/10/18;15:25:57.422;INFO;Robot Runtime;executing:    Unmount;
17/10/18;15:26:09.022;INFO;Controller;Activity ExecRobotTask ended. Return value: Done False/True/False;
17/10/18;15:26:09.022;INFO;Controller;State = Ready;
17/10/18;15:26:09.045;INFO;Server;Command: ExecRobotTask (Unload,500000);
17/10/18;15:26:09.045;INFO;Controller;Executing asynchronous activity: ExecRobotTask;
17/10/18;15:26:09.045;INFO;Controller;Status = Executing: Unload;
17/10/18;15:26:09.045;INFO;Controller;State = Running;
17/10/18;15:26:09.901;INFO;Robot Runtime;executing:    Unload;
17/10/18;15:26:14.560;INFO;Controller;Activity ExecRobotTask ended. Return value: Done False/False/False;
17/10/18;15:26:14.561;INFO;Controller;State = Ready;
17/10/18;15:26:14.939;INFO;Server;Command: ExecRobotTask (Load,500000);
17/10/18;15:26:14.939;INFO;Controller;Executing asynchronous activity: ExecRobotTask;
17/10/18;15:26:14.939;INFO;Controller;Status = Executing: Load;
17/10/18;15:26:14.939;INFO;Controller;State = Running;
17/10/18;15:26:16.349;INFO;Robot Runtime;executing:    Load;
17/10/18;15:26:23.332;INFO;Controller;Activity ExecRobotTask ended. Return value: Done False/True/False;
17/10/18;15:26:23.332;INFO;Controller;State = Ready;
17/10/18;15:26:23.361;INFO;Server;Command: ExecRobotTask (Mount,500000);
17/10/18;15:26:23.361;INFO;Controller;Executing asynchronous activity: ExecRobotTask;
17/10/18;15:26:23.361;INFO;Controller;Status = Executing: Mount;
17/10/18;15:26:23.361;INFO;Controller;State = Running;
17/10/18;15:26:24.251;INFO;Robot Runtime;executing:    Mount;
17/10/18;15:26:32.121;INFO;Controller;Activity ExecRobotTask ended. Return value: Done True/False/False;
17/10/18;15:26:32.121;INFO;Controller;State = Ready;
17/10/18;15:26:32.144;INFO;Server;Command: ExecRobotTask (Park,500000);
17/10/18;15:26:32.144;INFO;Controller;Executing asynchronous activity: ExecRobotTask;
17/10/18;15:26:32.144;INFO;Controller;Status = Executing: Park;
17/10/18;15:26:32.144;INFO;Controller;State = Running;
17/10/18;15:26:32.995;INFO;Robot Runtime;executing:    Park;
17/10/18;15:26:36.203;INFO;Controller;Activity ExecRobotTask ended. Return value: Done;
17/10/18;15:26:36.204;INFO;Controller;State = Ready;
17/10/18;15:26:36.227;INFO;Server;Command: ExecRobotTask (UnlatchRobGov,500000);
17/10/18;15:26:36.228;INFO;Controller;Executing asynchronous activity: ExecRobotTask;
17/10/18;15:26:36.228;INFO;Controller;Status = Executing: UnlatchRobGov;
17/10/18;15:26:36.228;INFO;Controller;State = Running;
17/10/18;15:26:37.660;INFO;Robot Runtime;executing:    UnlatchRobGov;
17/10/18;15:26:38.116;INFO;Controller;Activity ExecRobotTask ended. Return value: Done;
17/10/18;15:26:38.116;INFO;Controller;State = Ready;
17/10/18;15:28:17.541;INFO;Server;Command: ExecRobotTask (Unmount,500000);
17/10/18;15:28:17.541;INFO;Controller;Executing asynchronous activity: ExecRobotTask;
17/10/18;15:28:17.541;INFO;Controller;Status = Executing: Unmount;
17/10/18;15:28:17.541;INFO;Controller;State = Running;
17/10/18;15:28:18.428;INFO;Robot Runtime;executing:    Unmount;
17/10/18;15:28:28.549;INFO;Controller;Activity ExecRobotTask ended. Return value: Done False/True/False;
17/10/18;15:28:28.550;INFO;Controller;State = Ready;
17/10/18;15:28:28.580;INFO;Server;Command: ExecRobotTask (Unload,500000);
17/10/18;15:28:28.581;INFO;Controller;Executing asynchronous activity: ExecRobotTask;
17/10/18;15:28:28.581;INFO;Controller;Status = Executing: Unload;
17/10/18;15:28:28.581;INFO;Controller;State = Running;
17/10/18;15:28:29.434;INFO;Robot Runtime;executing:    Unload;
17/10/18;15:28:34.260;INFO;Controller;Activity ExecRobotTask ended. Return value: Done False/False/False;
17/10/18;15:28:34.260;INFO;Controller;State = Ready;
17/10/18;15:28:34.705;INFO;Server;Command: ExecRobotTask (Load,500000);
17/10/18;15:28:34.705;INFO;Controller;Executing asynchronous activity: ExecRobotTask;
17/10/18;15:28:34.705;INFO;Controller;Status = Executing: Load;
17/10/18;15:28:34.705;INFO;Controller;State = Running;
17/10/18;15:28:36.122;INFO;Robot Runtime;executing:    Load;
17/10/18;15:28:43.101;INFO;Controller;Activity ExecRobotTask ended. Return value: Done False/True/False;
17/10/18;15:28:43.101;INFO;Controller;State = Ready;
17/10/18;15:28:43.130;INFO;Server;Command: ExecRobotTask (Mount,500000);
17/10/18;15:28:43.130;INFO;Controller;Executing asynchronous activity: ExecRobotTask;
17/10/18;15:28:43.130;INFO;Controller;Status = Executing: Mount;
17/10/18;15:28:43.131;INFO;Controller;State = Running;
17/10/18;15:28:44.010;INFO;Robot Runtime;executing:    Mount;
17/10/18;15:28:51.894;INFO;Controller;Activity ExecRobotTask ended. Return value: Done True/False/False;
17/10/18;15:28:51.895;INFO;Controller;State = Ready;
17/10/18;15:28:51.921;INFO;Server;Command: ExecRobotTask (Park,500000);
17/10/18;15:28:51.922;INFO;Controller;Executing asynchronous activity: ExecRobotTask;
17/10/18;15:28:51.922;INFO;Controller;Status = Executing: Park;
17/10/18;15:28:51.922;INFO;Controller;State = Running;
17/10/18;15:28:52.771;INFO;Robot Runtime;executing:    Park;
17/10/18;15:28:56.138;INFO;Controller;Activity ExecRobotTask ended. Return value: Done;
17/10/18;15:28:56.138;INFO;Controller;State = Ready;
17/10/18;15:28:56.169;INFO;Server;Command: ExecRobotTask (UnlatchRobGov,500000);
17/10/18;15:28:56.170;INFO;Controller;Executing asynchronous activity: ExecRobotTask;
17/10/18;15:28:56.170;INFO;Controller;Status = Executing: UnlatchRobGov;
17/10/18;15:28:56.170;INFO;Controller;State = Running;
17/10/18;15:28:57.595;INFO;Robot Runtime;executing:    UnlatchRobGov;
17/10/18;15:28:57.730;INFO;Controller;Activity ExecRobotTask ended. Return value: Done;
17/10/18;15:28:57.730;INFO;Controller;State = Ready;
17/10/18;15:29:56.135;INFO;Server;Command: ExecRobotTask (Unmount,500000);
17/10/18;15:29:56.135;INFO;Controller;Executing asynchronous activity: ExecRobotTask;
17/10/18;15:29:56.135;INFO;Controller;Status = Executing: Unmount;
17/10/18;15:29:56.135;INFO;Controller;State = Running;
17/10/18;15:29:57.021;INFO;Robot Runtime;executing:    Unmount;
17/10/18;15:30:08.005;INFO;Controller;Activity ExecRobotTask ended. Return value: Done False/True/False;
17/10/18;15:30:08.005;INFO;Controller;State = Ready;
17/10/18;15:30:08.031;INFO;Server;Command: ExecRobotTask (Unload,500000);
17/10/18;15:30:08.031;INFO;Controller;Executing asynchronous activity: ExecRobotTask;
17/10/18;15:30:08.031;INFO;Controller;Status = Executing: Unload;
17/10/18;15:30:08.031;INFO;Controller;State = Running;
17/10/18;15:30:08.880;INFO;Robot Runtime;executing:    Unload;
17/10/18;15:30:13.545;INFO;Controller;Activity ExecRobotTask ended. Return value: Done False/False/False;
17/10/18;15:30:13.545;INFO;Controller;State = Ready;
17/10/18;15:30:13.985;INFO;Server;Command: ExecRobotTask (Load,500000);
17/10/18;15:30:13.986;INFO;Controller;Executing asynchronous activity: ExecRobotTask;
17/10/18;15:30:13.986;INFO;Controller;Status = Executing: Load;
17/10/18;15:30:13.986;INFO;Controller;State = Running;
17/10/18;15:30:15.401;INFO;Robot Runtime;executing:    Load;
17/10/18;15:30:22.361;INFO;Controller;Activity ExecRobotTask ended. Return value: Done False/True/False;
17/10/18;15:30:22.361;INFO;Controller;State = Ready;
17/10/18;15:30:22.392;INFO;Server;Command: ExecRobotTask (Mount,500000);
17/10/18;15:30:22.392;INFO;Controller;Executing asynchronous activity: ExecRobotTask;
17/10/18;15:30:22.392;INFO;Controller;Status = Executing: Mount;
17/10/18;15:30:22.393;INFO;Controller;State = Running;
17/10/18;15:30:23.270;INFO;Robot Runtime;executing:    Mount;
17/10/18;15:30:30.664;INFO;Controller;Activity ExecRobotTask ended. Return value: Done True/False/False;
17/10/18;15:30:30.664;INFO;Controller;State = Ready;
17/10/18;15:30:30.697;INFO;Server;Command: ExecRobotTask (Park,500000);
17/10/18;15:30:30.698;INFO;Controller;Executing asynchronous activity: ExecRobotTask;
17/10/18;15:30:30.698;INFO;Controller;Status = Executing: Park;
17/10/18;15:30:30.698;INFO;Controller;State = Running;
17/10/18;15:30:31.548;INFO;Robot Runtime;executing:    Park;
17/10/18;15:30:35.148;INFO;Controller;Activity ExecRobotTask ended. Return value: Done;
17/10/18;15:30:35.148;INFO;Controller;State = Ready;
17/10/18;15:30:35.178;INFO;Server;Command: ExecRobotTask (UnlatchRobGov,500000);
17/10/18;15:30:35.179;INFO;Controller;Executing asynchronous activity: ExecRobotTask;
17/10/18;15:30:35.179;INFO;Controller;Status = Executing: UnlatchRobGov;
17/10/18;15:30:35.179;INFO;Controller;State = Running;
17/10/18;15:30:36.609;INFO;Robot Runtime;executing:    UnlatchRobGov;
17/10/18;15:30:36.735;INFO;Controller;Activity ExecRobotTask ended. Return value: Done;
17/10/18;15:30:36.735;INFO;Controller;State = Ready;
17/10/18;15:31:32.652;INFO;Server;Command: ExecRobotTask (Unmount,500000);
17/10/18;15:31:32.652;INFO;Controller;Executing asynchronous activity: ExecRobotTask;
17/10/18;15:31:32.652;INFO;Controller;Status = Executing: Unmount;
17/10/18;15:31:32.652;INFO;Controller;State = Running;
17/10/18;15:31:33.541;INFO;Robot Runtime;executing:    Unmount;
17/10/18;15:31:45.196;INFO;Controller;Activity ExecRobotTask ended. Return value: Done False/True/False;
17/10/18;15:31:45.196;INFO;Controller;State = Ready;
17/10/18;15:31:45.228;INFO;Server;Command: ExecRobotTask (Unload,500000);
17/10/18;15:31:45.229;INFO;Controller;Executing asynchronous activity: ExecRobotTask;
17/10/18;15:31:45.229;INFO;Controller;Status = Executing: Unload;
17/10/18;15:31:45.229;INFO;Controller;State = Running;
17/10/18;15:31:46.074;INFO;Robot Runtime;executing:    Unload;
17/10/18;15:31:50.744;INFO;Controller;Activity ExecRobotTask ended. Return value: Done False/False/False;
17/10/18;15:31:50.744;INFO;Controller;State = Ready;
17/10/18;15:31:51.179;INFO;Server;Command: ExecRobotTask (Load,500000);
17/10/18;15:31:51.179;INFO;Controller;Executing asynchronous activity: ExecRobotTask;
17/10/18;15:31:51.179;INFO;Controller;Status = Executing: Load;
17/10/18;15:31:51.179;INFO;Controller;State = Running;
17/10/18;15:31:52.593;INFO;Robot Runtime;executing:    Load;
17/10/18;15:31:59.565;INFO;Controller;Activity ExecRobotTask ended. Return value: Done False/True/False;
17/10/18;15:31:59.565;INFO;Controller;State = Ready;
17/10/18;15:31:59.592;INFO;Server;Command: ExecRobotTask (Mount,500000);
17/10/18;15:31:59.592;INFO;Controller;Executing asynchronous activity: ExecRobotTask;
17/10/18;15:31:59.592;INFO;Controller;Status = Executing: Mount;
17/10/18;15:31:59.592;INFO;Controller;State = Running;
17/10/18;15:32:00.471;INFO;Robot Runtime;executing:    Mount;
17/10/18;15:32:07.857;INFO;Controller;Activity ExecRobotTask ended. Return value: Done True/False/False;
17/10/18;15:32:07.857;INFO;Controller;State = Ready;
17/10/18;15:32:07.891;INFO;Server;Command: ExecRobotTask (Park,500000);
17/10/18;15:32:07.891;INFO;Controller;Executing asynchronous activity: ExecRobotTask;
17/10/18;15:32:07.891;INFO;Controller;Status = Executing: Park;
17/10/18;15:32:07.891;INFO;Controller;State = Running;
17/10/18;15:32:08.739;INFO;Robot Runtime;executing:    Park;
17/10/18;15:32:11.935;INFO;Controller;Activity ExecRobotTask ended. Return value: Done;
17/10/18;15:32:11.935;INFO;Controller;State = Ready;
17/10/18;15:32:11.966;INFO;Server;Command: ExecRobotTask (UnlatchRobGov,500000);
17/10/18;15:32:11.967;INFO;Controller;Executing asynchronous activity: ExecRobotTask;
17/10/18;15:32:11.967;INFO;Controller;Status = Executing: UnlatchRobGov;
17/10/18;15:32:11.967;INFO;Controller;State = Running;
17/10/18;15:32:13.400;INFO;Robot Runtime;executing:    UnlatchRobGov;
17/10/18;15:32:13.844;INFO;Controller;Activity ExecRobotTask ended. Return value: Done;
17/10/18;15:32:13.844;INFO;Controller;State = Ready;
17/10/18;15:36:44.970;INFO;Server;Command: ExecRobotTask (Unmount,500000);
17/10/18;15:36:44.971;INFO;Controller;Executing asynchronous activity: ExecRobotTask;
17/10/18;15:36:44.971;INFO;Controller;Status = Executing: Unmount;
17/10/18;15:36:44.971;INFO;Controller;State = Running;
17/10/18;15:36:45.857;INFO;Robot Runtime;executing:    Unmount;
17/10/18;15:36:56.725;INFO;Controller;Activity ExecRobotTask ended. Return value: Done False/True/False;
17/10/18;15:36:56.725;INFO;Controller;State = Ready;
17/10/18;15:36:56.758;INFO;Server;Command: ExecRobotTask (Unload,500000);
17/10/18;15:36:56.758;INFO;Controller;Executing asynchronous activity: ExecRobotTask;
17/10/18;15:36:56.758;INFO;Controller;Status = Executing: Unload;
17/10/18;15:36:56.758;INFO;Controller;State = Running;
17/10/18;15:36:57.608;INFO;Robot Runtime;executing:    Unload;
17/10/18;15:37:02.105;INFO;Controller;Activity ExecRobotTask ended. Return value: Done False/False/False;
17/10/18;15:37:02.105;INFO;Controller;State = Ready;
17/10/18;15:37:02.228;INFO;Server;Command: ExecRobotTask (UnlatchRobGov,500000);
17/10/18;15:37:02.228;INFO;Controller;Executing asynchronous activity: ExecRobotTask;
17/10/18;15:37:02.228;INFO;Controller;Status = Executing: UnlatchRobGov;
17/10/18;15:37:02.229;INFO;Controller;State = Running;
17/10/18;15:37:03.644;INFO;Robot Runtime;executing:    UnlatchRobGov;
17/10/18;15:37:04.516;INFO;Controller;Activity ExecRobotTask ended. Return value: Done;
17/10/18;15:37:04.516;INFO;Controller;State = Ready;
17/10/18;15:37:04.544;INFO;Server;Command: ExecRobotTask (Finish,500000);
17/10/18;15:37:04.544;INFO;Controller;Executing asynchronous activity: ExecRobotTask;
17/10/18;15:37:04.544;INFO;Controller;Status = Executing: Finish;
17/10/18;15:37:04.544;INFO;Controller;State = Running;
17/10/18;15:37:05.963;INFO;Robot Runtime;executing:    Finish;
17/10/18;15:39:58.010;INFO;Controller;Activity ExecRobotTask ended. Return value: Done;
17/10/18;15:39:58.011;INFO;Controller;State = Ready;
17/10/18;21:18:55.819;INFO;Server;Command: ExecRobotTask (OpenPortLid,500000);
17/10/18;21:18:55.819;INFO;Controller;Executing asynchronous activity: ExecRobotTask;
17/10/18;21:18:55.819;INFO;Controller;Status = Executing: OpenPortLid;
17/10/18;21:18:55.819;INFO;Controller;State = Running;
17/10/18;21:18:56.717;INFO;Robot Runtime;executing:    OpenPortLid;
17/10/18;21:18:57.622;INFO;Controller;Activity ExecRobotTask ended. Return value: Done;
17/10/18;21:18:57.622;INFO;Controller;State = Ready;
17/10/18;21:19:17.707;INFO;Server;Command: ExecRobotTask (ClosePorts,500000);
17/10/18;21:19:17.707;INFO;Controller;Executing asynchronous activity: ExecRobotTask;
17/10/18;21:19:17.707;INFO;Controller;Status = Executing: ClosePorts;
17/10/18;21:19:17.707;INFO;Controller;State = Running;
17/10/18;21:19:18.595;INFO;Robot Runtime;executing:    ClosePorts;
17/10/18;21:19:18.920;INFO;Controller;Activity ExecRobotTask ended. Return value: Done;
17/10/18;21:19:18.920;INFO;Controller;State = Ready;
17/10/18;21:19:23.306;INFO;Server;Command: ExecRobotTask (OpenPortLid,500000);
17/10/18;21:19:23.306;INFO;Controller;Executing asynchronous activity: ExecRobotTask;
17/10/18;21:19:23.306;INFO;Controller;Status = Executing: OpenPortLid;
17/10/18;21:19:23.306;INFO;Controller;State = Running;
17/10/18;21:19:24.187;INFO;Robot Runtime;executing:    OpenPortLid;
17/10/18;21:19:24.811;INFO;Controller;Activity ExecRobotTask ended. Return value: Done;
17/10/18;21:19:24.811;INFO;Controller;State = Ready;
17/10/18;21:19:28.651;INFO;Server;Command: ExecRobotTask (ClosePorts,500000);
17/10/18;21:19:28.651;INFO;Controller;Executing asynchronous activity: ExecRobotTask;
17/10/18;21:19:28.652;INFO;Controller;Status = Executing: ClosePorts;
17/10/18;21:19:28.652;INFO;Controller;State = Running;
17/10/18;21:19:29.532;INFO;Robot Runtime;executing:    ClosePorts;
17/10/18;21:19:29.704;INFO;Controller;Activity ExecRobotTask ended. Return value: Done;
17/10/18;21:19:29.705;INFO;Controller;State = Ready;
17/10/18;21:26:05.700;INFO;Server;Command: ExecRobotTask (OpenParkLid,500000);
17/10/18;21:26:05.700;INFO;Controller;Executing asynchronous activity: ExecRobotTask;
17/10/18;21:26:05.700;INFO;Controller;Status = Executing: OpenParkLid;
17/10/18;21:26:05.700;INFO;Controller;State = Running;
17/10/18;21:26:06.968;INFO;Robot Runtime;executing:    OpenParkLid;
17/10/18;21:26:07.558;INFO;Controller;Activity ExecRobotTask ended. Return value: Done;
17/10/18;21:26:07.559;INFO;Controller;State = Ready;
17/10/18;21:26:17.495;INFO;Server;Command: ExecRobotTask (ClosePorts,500000);
17/10/18;21:26:17.495;INFO;Controller;Executing asynchronous activity: ExecRobotTask;
17/10/18;21:26:17.495;INFO;Controller;Status = Executing: ClosePorts;
17/10/18;21:26:17.496;INFO;Controller;State = Running;
17/10/18;21:26:18.341;INFO;Robot Runtime;executing:    ClosePorts;
17/10/18;21:26:18.601;INFO;Controller;Activity ExecRobotTask ended. Return value: Done;
17/10/18;21:26:18.601;INFO;Controller;State = Ready;
17/10/18;21:26:25.123;INFO;Server;Command: ExecRobotTask (OpenParkLid,500000);
17/10/18;21:26:25.123;INFO;Controller;Executing asynchronous activity: ExecRobotTask;
17/10/18;21:26:25.123;INFO;Controller;Status = Executing: OpenParkLid;
17/10/18;21:26:25.123;INFO;Controller;State = Running;
17/10/18;21:26:25.956;INFO;Robot Runtime;executing:    OpenParkLid;
17/10/18;21:26:26.705;INFO;Controller;Activity ExecRobotTask ended. Return value: Done;
17/10/18;21:26:26.705;INFO;Controller;State = Ready;
17/10/18;21:26:30.198;INFO;Server;Command: ExecRobotTask (ClosePorts,500000);
17/10/18;21:26:30.198;INFO;Controller;Executing asynchronous activity: ExecRobotTask;
17/10/18;21:26:30.198;INFO;Controller;Status = Executing: ClosePorts;
17/10/18;21:26:30.198;INFO;Controller;State = Running;
17/10/18;21:26:31.032;INFO;Robot Runtime;executing:    ClosePorts;
17/10/18;21:26:31.381;INFO;Controller;Activity ExecRobotTask ended. Return value: Done;
17/10/18;21:26:31.381;INFO;Controller;State = Ready;
17/10/18;21:26:34.518;INFO;Server;Command: ExecRobotTask (OpenParkLid,500000);
17/10/18;21:26:34.519;INFO;Controller;Executing asynchronous activity: ExecRobotTask;
17/10/18;21:26:34.519;INFO;Controller;Status = Executing: OpenParkLid;
17/10/18;21:26:34.519;INFO;Controller;State = Running;
17/10/18;21:26:35.352;INFO;Robot Runtime;executing:    OpenParkLid;
17/10/18;21:26:35.824;INFO;Controller;Activity ExecRobotTask ended. Return value: Done;
17/10/18;21:26:35.825;INFO;Controller;State = Ready;
17/10/18;21:29:42.214;INFO;Server;Command: ExecRobotTask (ClosePorts,500000);
17/10/18;21:29:42.214;INFO;Controller;Executing asynchronous activity: ExecRobotTask;
17/10/18;21:29:42.214;INFO;Controller;Status = Executing: ClosePorts;
17/10/18;21:29:42.214;INFO;Controller;State = Running;
17/10/18;21:29:43.064;INFO;Robot Runtime;executing:    ClosePorts;
17/10/18;21:29:43.203;INFO;Controller;Activity ExecRobotTask ended. Return value: Done;
17/10/18;21:29:43.203;INFO;Controller;State = Ready;
17/10/18;21:32:44.628;INFO;Server;Command: ExecRobotTask (Initialize,500000);
17/10/18;21:32:44.629;INFO;Controller;Executing asynchronous activity: ExecRobotTask;
17/10/18;21:32:44.629;INFO;Controller;Status = Executing: Initialize;
17/10/18;21:32:44.629;INFO;Controller;State = Running;
17/10/18;21:32:45.499;INFO;Robot Runtime;executing:    Initialize;
17/10/18;21:32:48.521;INFO;Controller;Activity ExecRobotTask ended. Return value: Done;
17/10/18;21:32:48.522;INFO;Controller;State = Ready;
17/10/18;21:32:48.540;INFO;Server;Command: ExecRobotTask (CoolDown,500000);
17/10/18;21:32:48.540;INFO;Controller;Executing asynchronous activity: ExecRobotTask;
17/10/18;21:32:48.540;INFO;Controller;Status = Executing: CoolDown;
17/10/18;21:32:48.540;INFO;Controller;State = Running;
17/10/18;21:32:49.384;INFO;Robot Runtime;executing:    CoolDown;
17/10/18;21:35:19.053;INFO;Controller;Activity ExecRobotTask ended. Return value: Done;
17/10/18;21:35:19.053;INFO;Controller;State = Ready;
17/10/18;21:36:16.737;INFO;Server;Command: Abort;
17/10/18;21:36:16.738;INFO;Robot;Abort;
17/10/18;21:36:16.848;INFO;Server;Command: Restart;
17/10/18;21:36:16.849;INFO;Controller;State = Initializing;
17/10/18;21:36:16.894;INFO;Controller;Initialized log services - Startup: 17/10/18 14:31:35;
17/10/18;21:36:17.900;INFO;Epics Server;Exiting running thread;
17/10/18;21:36:17.904;INFO;Epics Server;Registered PV: SW:Version;
17/10/18;21:36:17.905;INFO;Epics Server;Registered PV: SW:Status;
17/10/18;21:36:17.905;INFO;Epics Server;Registered PV: SW:Uptime;
17/10/18;21:36:17.905;INFO;Epics Server;Registered PV: SW:LastTaskInfo;
17/10/18;21:36:17.905;INFO;Epics Server;Registered PV: SW:AlarmList;
17/10/18;21:36:17.905;INFO;Epics Server;Registered PV: SW:LocalGuiLockOut;
17/10/18;21:36:17.905;INFO;Epics Server;Registered PV: SW:RobotSpeed;
17/10/18;21:36:17.905;INFO;Epics Server;Registered PV: SW:LastTaskException;
17/10/18;21:36:17.905;INFO;Epics Server;Registered PV: SW:LastTaskOutput;
17/10/18;21:36:17.905;INFO;Epics Server;Registered PV: SW:RobotState;
17/10/18;21:36:17.905;INFO;Epics Server;Registered PV: SW:CartesianPositions;
17/10/18;21:36:17.905;INFO;Epics Server;Registered PV: SW:JointPositions;
17/10/18;21:36:17.905;INFO;Epics Server;Registered PV: SW:State;
17/10/18;21:36:17.906;INFO;Epics Server;Registered PV: SW:abort;
17/10/18;21:36:17.906;INFO;Epics Server;Registered PV: SW:restart;
17/10/18;21:36:17.906;INFO;Epics Server;Registered PV: SW:getTaskInfo;
17/10/18;21:36:17.906;INFO;Epics Server;Registered PV: SW:isTaskRunning;
17/10/18;21:36:17.906;INFO;Epics Server;Registered PV: SW:checkTaskResult;
17/10/18;21:36:17.906;INFO;Epics Server;Registered PV: SW:startTestTask;
17/10/18;21:36:17.906;INFO;Epics Server;Registered PV: SW:pauseRobot;
17/10/18;21:36:17.906;INFO;Epics Server;Registered PV: SW:resumeRobot;
17/10/18;21:36:17.906;INFO;Epics Server;Registered PV: SW:setRobotVariable;
17/10/18;21:36:17.906;INFO;Epics Server;Registered PV: SW:isSampleMounted;
17/10/18;21:36:17.906;INFO;Epics Server;Registered PV: SW:startRobotTask;
17/10/18;21:36:17.906;INFO;Epics Server;Registered PV: SW:getRobotVariable;
17/10/18;21:36:17.906;INFO;Epics Server;Registered PV: SW:getDistance;
17/10/18;21:36:17.906;INFO;Epics Server;Initializing: Channel Access Server in Java v1.1.1;
17/10/18;21:36:17.907;INFO;Epics Server;Started server: ready to accept requests;
17/10/18;21:36:18.539;INFO;Controller;Initializing Robot;
17/10/18;21:36:18.543;INFO;Robot;Setting reference frame to: world;
17/10/18;21:36:18.678;INFO;Controller;Initializing Bus Controller;
17/10/18;21:36:18.679;INFO;Anti-Collision;Active = true;
17/10/18;21:36:18.679;INFO;Controller;State = Starting;
17/10/18;21:36:18.683;INFO;Controller;Command: Reset;
17/10/18;21:36:18.684;INFO;Controller;Executing asynchronous script: ./script/Reset.py;
17/10/18;21:36:18.684;INFO;Controller;Status = Reseting;
17/10/18;21:36:18.684;INFO;Controller;State = Running;
17/10/18;21:36:18.952;INFO;Controller;Script host: localhost:54197;
17/10/18;21:36:18.952;INFO;Script;Starting initialization script;
17/10/18;21:36:18.955;INFO;Script;Do nothing;
17/10/18;21:36:18.956;INFO;Controller;Script ./script/Reset.py ended. Return value: ;
17/10/18;21:36:18.956;INFO;Controller;State = Ready;
17/10/18;21:36:52.626;INFO;Server;Command: ExecRobotTask (Initialize,500000);
17/10/18;21:36:52.626;INFO;Controller;Executing asynchronous activity: ExecRobotTask;
17/10/18;21:36:52.627;INFO;Controller;Status = Executing: Initialize;
17/10/18;21:36:52.627;INFO;Controller;State = Running;
17/10/18;21:36:53.560;INFO;Robot Runtime;executing:    Initialize;
17/10/18;21:36:54.685;INFO;Controller;Activity ExecRobotTask ended. Return value: Done;
17/10/18;21:36:54.685;INFO;Controller;State = Ready;
17/10/18;21:36:54.703;INFO;Server;Command: ExecRobotTask (UnlatchRobGov,500000);
17/10/18;21:36:54.703;INFO;Controller;Executing asynchronous activity: ExecRobotTask;
17/10/18;21:36:54.703;INFO;Controller;Status = Executing: UnlatchRobGov;
17/10/18;21:36:54.703;INFO;Controller;State = Running;
17/10/18;21:36:56.039;INFO;Robot Runtime;executing:    UnlatchRobGov;
17/10/18;21:36:56.423;INFO;Controller;Activity ExecRobotTask ended. Return value: Done;
17/10/18;21:36:56.423;INFO;Controller;State = Ready;
17/10/18;21:36:56.443;INFO;Server;Command: ExecRobotTask (Home,500000);
17/10/18;21:36:56.444;INFO;Controller;Executing asynchronous activity: ExecRobotTask;
17/10/18;21:36:56.444;INFO;Controller;Status = Executing: Home;
17/10/18;21:36:56.444;INFO;Controller;State = Running;
17/10/18;21:36:57.308;INFO;Robot Runtime;executing:    Home;
17/10/18;21:37:22.774;INFO;Controller;Activity ExecRobotTask ended. Return value: Done;
17/10/18;21:37:22.775;INFO;Controller;State = Ready;
17/10/18;21:37:22.796;INFO;Server;Command: ExecRobotTask (Finish,500000);
17/10/18;21:37:22.796;INFO;Controller;Executing asynchronous activity: ExecRobotTask;
17/10/18;21:37:22.796;INFO;Controller;Status = Executing: Finish;
17/10/18;21:37:22.796;INFO;Controller;State = Running;
17/10/18;21:37:23.776;INFO;Robot Runtime;executing:    Finish;
17/10/18;21:40:19.788;INFO;Controller;Activity ExecRobotTask ended. Return value: Done;
17/10/18;21:40:19.788;INFO;Controller;State = Ready;
