02/07/18;15:23:55.282;INFO;Server;Command: ExecRobotTask (Initialize,60000);
02/07/18;15:23:55.283;INFO;Controller;Executing asynchronous activity: ExecRobotTask;
02/07/18;15:23:55.283;INFO;Controller;Status = Executing: Initialize;
02/07/18;15:23:55.283;INFO;Controller;State = Running;
02/07/18;15:23:56.222;INFO;Robot Runtime;executing:    Initialize;
02/07/18;15:23:57.621;INFO;Controller;Activity ExecRobotTask ended. Return value: Done;
02/07/18;15:23:57.621;INFO;Controller;State = Ready;
02/07/18;15:23:57.639;INFO;Server;Command: ExecRobotTask (Home,60000);
02/07/18;15:23:57.639;INFO;Controller;Executing asynchronous activity: ExecRobotTask;
02/07/18;15:23:57.639;INFO;Controller;Status = Executing: Home;
02/07/18;15:23:57.639;INFO;Controller;State = Running;
02/07/18;15:23:58.510;INFO;Robot Runtime;executing:    Home;
02/07/18;15:23:59.042;INFO;Controller;Activity ExecRobotTask ended. Return value: Done;
02/07/18;15:23:59.042;INFO;Controller;State = Ready;
02/07/18;15:23:59.053;INFO;Server;Command: ExecRobotTask (UC_Proximity,60000);
02/07/18;15:23:59.053;INFO;Controller;Executing asynchronous activity: ExecRobotTask;
02/07/18;15:23:59.054;INFO;Controller;Status = Executing: UC_Proximity;
02/07/18;15:23:59.054;INFO;Controller;State = Running;
02/07/18;15:23:59.404;INFO;Robot Runtime;executing:    UC_Proximity;
02/07/18;15:24:22.571;INFO;Robot Runtime;Proximity Sensor 1: 1.7989;
02/07/18;15:24:22.593;INFO;Robot Runtime;Proximity Sensor 2: 1.9358;
02/07/18;15:24:22.614;INFO;Robot Runtime;Proximity Sensor 3: 2.2283;
02/07/18;15:24:22.635;WARNING;Robot Runtime;AUTORECOVER=====> Found false kick. Resume Robot Power;
02/07/18;15:24:27.504;INFO;Controller;Activity ExecRobotTask ended. Return value: Done;
02/07/18;15:24:27.504;INFO;Controller;State = Ready;
02/07/18;15:24:27.512;INFO;Server;Command: ExecRobotTask (Home,60000);
02/07/18;15:24:27.513;INFO;Controller;Executing asynchronous activity: ExecRobotTask;
02/07/18;15:24:27.513;INFO;Controller;Status = Executing: Home;
02/07/18;15:24:27.513;INFO;Controller;State = Running;
02/07/18;15:24:28.571;INFO;Robot Runtime;executing:    Home;
02/07/18;15:24:28.756;INFO;Controller;Activity ExecRobotTask ended. Return value: Done;
02/07/18;15:24:28.757;INFO;Controller;State = Ready;
02/07/18;15:24:28.765;INFO;Server;Command: ExecRobotTask (UC_Proximity,60000);
02/07/18;15:24:28.766;INFO;Controller;Executing asynchronous activity: ExecRobotTask;
02/07/18;15:24:28.766;INFO;Controller;Status = Executing: UC_Proximity;
02/07/18;15:24:28.766;INFO;Controller;State = Running;
02/07/18;15:24:28.997;INFO;Robot Runtime;executing:    UC_Proximity;
02/07/18;15:24:29.815;WARNING;Robot Runtime;AUTORECOVER=====> Found false kick. Resume Robot Power;
02/07/18;15:24:36.835;WARNING;Robot Runtime;AUTORECOVER=====> Failed to enable Robot Power;
02/07/18;15:24:36.878;INFO;Controller;Activity ExecRobotTask ended. Return value: ;
02/07/18;15:24:36.878;INFO;Controller;State = Ready;
02/07/18;15:32:53.419;INFO;Server;Command: ExecRobotTask (EnableTScreen,500000);
02/07/18;15:32:53.420;INFO;Controller;Executing asynchronous activity: ExecRobotTask;
02/07/18;15:32:53.420;INFO;Controller;Status = Executing: EnableTScreen;
02/07/18;15:32:53.420;INFO;Controller;State = Running;
02/07/18;15:32:54.354;INFO;Robot Runtime;executing:    EnableTScreen;
02/07/18;15:32:54.556;INFO;Controller;Activity ExecRobotTask ended. Return value: Done;
02/07/18;15:32:54.556;INFO;Controller;State = Ready;
