16/10/18;00:25:24.171;INFO;Server;Command: ExecRobotTask (OpenPortLid,500000);
16/10/18;00:25:24.172;INFO;Controller;Executing asynchronous activity: ExecRobotTask;
16/10/18;00:25:24.172;INFO;Controller;Status = Executing: OpenPortLid;
16/10/18;00:25:24.172;INFO;Controller;State = Running;
16/10/18;00:25:25.144;INFO;Robot Runtime;executing:    OpenPortLid;
16/10/18;00:25:25.933;INFO;Controller;Activity ExecRobotTask ended. Return value: Done;
16/10/18;00:25:25.934;INFO;Controller;State = Ready;
16/10/18;00:25:34.012;INFO;Server;Command: ExecRobotTask (OpenLoadLid,500000);
16/10/18;00:25:34.013;INFO;Controller;Executing asynchronous activity: ExecRobotTask;
16/10/18;00:25:34.013;INFO;Controller;Status = Executing: OpenLoadLid;
16/10/18;00:25:34.013;INFO;Controller;State = Running;
16/10/18;00:25:34.941;INFO;Robot Runtime;executing:    OpenLoadLid;
16/10/18;00:25:35.595;INFO;Controller;Activity ExecRobotTask ended. Return value: Done;
16/10/18;00:25:35.595;INFO;Controller;State = Ready;
16/10/18;00:31:27.914;INFO;Server;Command: ExecRobotTask (ClosePorts,500000);
16/10/18;00:31:27.914;INFO;Controller;Executing asynchronous activity: ExecRobotTask;
16/10/18;00:31:27.914;INFO;Controller;Status = Executing: ClosePorts;
16/10/18;00:31:27.915;INFO;Controller;State = Running;
16/10/18;00:31:28.806;INFO;Robot Runtime;executing:    ClosePorts;
16/10/18;00:31:28.996;INFO;Controller;Activity ExecRobotTask ended. Return value: Done;
16/10/18;00:31:28.996;INFO;Controller;State = Ready;
16/10/18;10:45:16.837;INFO;Server;Command: ExecRobotTask (EnableTScreen,500000);
16/10/18;10:45:16.838;INFO;Controller;Executing asynchronous activity: ExecRobotTask;
16/10/18;10:45:16.838;INFO;Controller;Status = Executing: EnableTScreen;
16/10/18;10:45:16.839;INFO;Controller;State = Running;
16/10/18;10:45:18.081;INFO;Robot Runtime;executing:    EnableTScreen;
16/10/18;10:45:18.258;INFO;Controller;Activity ExecRobotTask ended. Return value: Done;
16/10/18;10:45:18.258;INFO;Controller;State = Ready;
16/10/18;10:47:13.536;INFO;Server;Command: ExecRobotTask (TurnOnAutoFill,500000);
16/10/18;10:47:13.536;INFO;Controller;Executing asynchronous activity: ExecRobotTask;
16/10/18;10:47:13.537;INFO;Controller;Status = Executing: TurnOnAutoFill;
16/10/18;10:47:13.537;INFO;Controller;State = Running;
16/10/18;10:47:14.605;INFO;Robot Runtime;executing:    TurnOnAutoFill;
16/10/18;10:47:15.186;INFO;Controller;Activity ExecRobotTask ended. Return value: Done;
16/10/18;10:47:15.186;INFO;Controller;State = Ready;
16/10/18;15:44:41.188;INFO;Interface;Command: ExecRobotTask (mount,-1);
16/10/18;15:44:41.189;INFO;Controller;Executing asynchronous activity: ExecRobotTask;
16/10/18;15:44:41.189;INFO;Controller;Status = Executing: mount;
16/10/18;15:44:41.189;INFO;Controller;State = Running;
16/10/18;15:44:42.122;INFO;Robot Runtime;executing:    mount;
16/10/18;15:46:13.617;INFO;Controller;Activity ExecRobotTask ended. Return value: Done False/False/False;
16/10/18;15:46:13.618;INFO;Controller;State = Ready;
16/10/18;15:46:45.897;INFO;Interface;Command: ExecRobotTask (mount,-1);
16/10/18;15:46:45.897;INFO;Controller;Executing asynchronous activity: ExecRobotTask;
16/10/18;15:46:45.897;INFO;Controller;Status = Executing: mount;
16/10/18;15:46:45.897;INFO;Controller;State = Running;
16/10/18;15:46:46.858;INFO;Robot Runtime;executing:    mount;
16/10/18;15:50:58.627;INFO;Server;Command: Abort;
16/10/18;15:50:58.628;INFO;Robot;Abort;
16/10/18;15:50:58.628;INFO;Controller;Activity ExecRobotTask was stopped;
16/10/18;15:50:58.628;INFO;Controller;State = Ready;
16/10/18;15:50:58.717;INFO;Server;Command: Restart;
16/10/18;15:50:58.717;INFO;Controller;State = Initializing;
16/10/18;15:50:58.749;INFO;Controller;Initialized log services - Startup: 15/10/18 12:19:56;
16/10/18;15:50:59.758;INFO;Epics Server;Exiting running thread;
16/10/18;15:50:59.761;INFO;Epics Server;Registered PV: SW:Version;
16/10/18;15:50:59.761;INFO;Epics Server;Registered PV: SW:Status;
16/10/18;15:50:59.761;INFO;Epics Server;Registered PV: SW:Uptime;
16/10/18;15:50:59.761;INFO;Epics Server;Registered PV: SW:LastTaskInfo;
16/10/18;15:50:59.762;INFO;Epics Server;Registered PV: SW:AlarmList;
16/10/18;15:50:59.762;INFO;Epics Server;Registered PV: SW:LocalGuiLockOut;
16/10/18;15:50:59.762;INFO;Epics Server;Registered PV: SW:RobotSpeed;
16/10/18;15:50:59.762;INFO;Epics Server;Registered PV: SW:LastTaskException;
16/10/18;15:50:59.762;INFO;Epics Server;Registered PV: SW:LastTaskOutput;
16/10/18;15:50:59.762;INFO;Epics Server;Registered PV: SW:RobotState;
16/10/18;15:50:59.762;INFO;Epics Server;Registered PV: SW:CartesianPositions;
16/10/18;15:50:59.763;INFO;Epics Server;Registered PV: SW:JointPositions;
16/10/18;15:50:59.763;INFO;Epics Server;Registered PV: SW:State;
16/10/18;15:50:59.763;INFO;Epics Server;Registered PV: SW:abort;
16/10/18;15:50:59.763;INFO;Epics Server;Registered PV: SW:restart;
16/10/18;15:50:59.763;INFO;Epics Server;Registered PV: SW:getTaskInfo;
16/10/18;15:50:59.763;INFO;Epics Server;Registered PV: SW:isTaskRunning;
16/10/18;15:50:59.763;INFO;Epics Server;Registered PV: SW:checkTaskResult;
16/10/18;15:50:59.763;INFO;Epics Server;Registered PV: SW:startTestTask;
16/10/18;15:50:59.764;INFO;Epics Server;Registered PV: SW:pauseRobot;
16/10/18;15:50:59.764;INFO;Epics Server;Registered PV: SW:resumeRobot;
16/10/18;15:50:59.764;INFO;Epics Server;Registered PV: SW:setRobotVariable;
16/10/18;15:50:59.764;INFO;Epics Server;Registered PV: SW:isSampleMounted;
16/10/18;15:50:59.764;INFO;Epics Server;Registered PV: SW:startRobotTask;
16/10/18;15:50:59.764;INFO;Epics Server;Registered PV: SW:getRobotVariable;
16/10/18;15:50:59.764;INFO;Epics Server;Registered PV: SW:getDistance;
16/10/18;15:50:59.765;INFO;Epics Server;Initializing: Channel Access Server in Java v1.1.1;
16/10/18;15:50:59.765;INFO;Epics Server;Started server: ready to accept requests;
16/10/18;15:51:00.399;INFO;Controller;Initializing Robot;
16/10/18;15:51:00.402;INFO;Robot;Setting reference frame to: world;
16/10/18;15:51:00.523;INFO;Controller;Initializing Bus Controller;
16/10/18;15:51:00.523;INFO;Anti-Collision;Active = true;
16/10/18;15:51:00.524;INFO;Controller;State = Starting;
16/10/18;15:51:00.526;INFO;Controller;Command: Reset;
16/10/18;15:51:00.527;INFO;Controller;Executing asynchronous script: ./script/Reset.py;
16/10/18;15:51:00.527;INFO;Controller;Status = Reseting;
16/10/18;15:51:00.527;INFO;Controller;State = Running;
16/10/18;15:51:00.846;INFO;Controller;Script host: localhost:41812;
16/10/18;15:51:00.847;INFO;Script;Starting initialization script;
16/10/18;15:51:00.850;INFO;Script;Do nothing;
16/10/18;15:51:00.851;INFO;Controller;Script ./script/Reset.py ended. Return value: ;
16/10/18;15:51:00.851;INFO;Controller;State = Ready;
16/10/18;15:51:12.457;INFO;Interface;Command: ExecRobotTask (mount,-1);
16/10/18;15:51:12.457;INFO;Controller;Executing asynchronous activity: ExecRobotTask;
16/10/18;15:51:12.457;INFO;Controller;Status = Executing: mount;
16/10/18;15:51:12.457;INFO;Controller;State = Running;
16/10/18;15:51:13.385;INFO;Robot Runtime;executing:    mount;
16/10/18;15:53:00.167;INFO;Controller;Activity ExecRobotTask ended. Return value: Done False/False/False;
16/10/18;15:53:00.168;INFO;Controller;State = Ready;
16/10/18;15:53:55.435;INFO;Interface;Command: Abort;
16/10/18;15:53:55.435;INFO;Robot;Abort;
16/10/18;15:53:56.024;INFO;Interface;Command: Abort;
16/10/18;15:53:56.024;INFO;Robot;Abort;
16/10/18;15:53:56.443;INFO;Interface;Command: Abort;
16/10/18;15:53:56.443;INFO;Robot;Abort;
16/10/18;15:54:03.082;INFO;Interface;Command: ExecRobotTask (mount,-1);
16/10/18;15:54:03.082;INFO;Controller;Executing asynchronous activity: ExecRobotTask;
16/10/18;15:54:03.082;INFO;Controller;Status = Executing: mount;
16/10/18;15:54:03.082;INFO;Controller;State = Running;
16/10/18;15:54:04.012;INFO;Robot Runtime;executing:    mount;
16/10/18;15:56:02.380;INFO;Interface;Command: Abort;
16/10/18;15:56:02.381;INFO;Robot;Abort;
16/10/18;15:56:02.381;INFO;Controller;Activity ExecRobotTask was stopped;
16/10/18;15:56:02.381;INFO;Controller;State = Ready;
16/10/18;15:56:03.028;INFO;Interface;Command: Abort;
16/10/18;15:56:03.029;INFO;Robot;Abort;
16/10/18;15:56:03.428;INFO;Interface;Command: Abort;
16/10/18;15:56:03.429;INFO;Robot;Abort;
16/10/18;15:56:03.996;INFO;Interface;Command: Abort;
16/10/18;15:56:03.996;INFO;Robot;Abort;
16/10/18;15:56:09.165;INFO;Interface;Command: ExecRobotTask (mount,-1);
16/10/18;15:56:09.165;INFO;Controller;Executing asynchronous activity: ExecRobotTask;
16/10/18;15:56:09.165;INFO;Controller;Status = Executing: mount;
16/10/18;15:56:09.165;INFO;Controller;State = Running;
16/10/18;15:56:10.086;INFO;Robot Runtime;executing:    mount;
16/10/18;18:20:01.526;WARNING;Robot;Alarm active: Device is offline;
16/10/18;18:20:01.527;INFO;Controller;Command: Abort;
16/10/18;18:20:01.527;INFO;Robot;Abort;
16/10/18;18:20:01.527;INFO;Controller;Status = Alarm - Device is offline;
16/10/18;18:20:01.528;INFO;Controller;State = Alarm;
16/10/18;18:20:03.796;INFO;Controller;Activity ExecRobotTask was stopped;
