03/12/18;09:01:19.297;INFO;Server;Command: ExecRobotTask (EnableTScreen,500000);
03/12/18;09:01:19.298;INFO;Controller;Executing asynchronous activity: ExecRobotTask;
03/12/18;09:01:19.298;INFO;Controller;Status = Executing: EnableTScreen;
03/12/18;09:01:19.298;INFO;Controller;State = Running;
03/12/18;09:01:20.575;INFO;Robot Runtime;executing:    EnableTScreen;
03/12/18;09:01:20.782;INFO;Controller;Activity ExecRobotTask ended. Return value: Done;
03/12/18;09:01:20.782;INFO;Controller;State = Ready;
03/12/18;09:27:47.502;INFO;Controller;Instantiation;
03/12/18;09:27:47.522;INFO;Controller;State = Initializing;
03/12/18;09:27:47.581;WARNING;Interface;Access level set to Admin;
03/12/18;09:27:47.647;INFO;Controller;Initialized log services - Startup: 03/12/18 09:27:47;
03/12/18;09:27:47.655;INFO;Controller;Initializing controller for SW version: 1.1.0 - JLib 1.7.2;
03/12/18;09:27:47.869;INFO;Epics Server;Registered PV: SW:Version;
03/12/18;09:27:47.870;INFO;Epics Server;Registered PV: SW:Status;
03/12/18;09:27:47.870;INFO;Epics Server;Registered PV: SW:Uptime;
03/12/18;09:27:47.887;INFO;Epics Server;Registered PV: SW:LastTaskInfo;
03/12/18;09:27:47.887;INFO;Epics Server;Registered PV: SW:AlarmList;
03/12/18;09:27:47.888;INFO;Epics Server;Registered PV: SW:LocalGuiLockOut;
03/12/18;09:27:47.888;INFO;Epics Server;Registered PV: SW:RobotSpeed;
03/12/18;09:27:47.889;INFO;Epics Server;Registered PV: SW:LastTaskException;
03/12/18;09:27:47.889;INFO;Epics Server;Registered PV: SW:LastTaskOutput;
03/12/18;09:27:47.889;INFO;Epics Server;Registered PV: SW:RobotState;
03/12/18;09:27:47.890;INFO;Epics Server;Registered PV: SW:CartesianPositions;
03/12/18;09:27:47.891;INFO;Epics Server;Registered PV: SW:JointPositions;
03/12/18;09:27:47.892;INFO;Epics Server;Registered PV: SW:State;
03/12/18;09:27:47.895;INFO;Epics Server;Registered PV: SW:abort;
03/12/18;09:27:47.895;INFO;Epics Server;Registered PV: SW:restart;
03/12/18;09:27:47.895;INFO;Epics Server;Registered PV: SW:getTaskInfo;
03/12/18;09:27:47.896;INFO;Epics Server;Registered PV: SW:isTaskRunning;
03/12/18;09:27:47.896;INFO;Epics Server;Registered PV: SW:checkTaskResult;
03/12/18;09:27:47.896;INFO;Epics Server;Registered PV: SW:startTestTask;
03/12/18;09:27:47.897;INFO;Epics Server;Registered PV: SW:pauseRobot;
03/12/18;09:27:47.897;INFO;Epics Server;Registered PV: SW:resumeRobot;
03/12/18;09:27:47.897;INFO;Epics Server;Registered PV: SW:setRobotVariable;
03/12/18;09:27:47.898;INFO;Epics Server;Registered PV: SW:isSampleMounted;
03/12/18;09:27:47.898;INFO;Epics Server;Registered PV: SW:startRobotTask;
03/12/18;09:27:47.898;INFO;Epics Server;Registered PV: SW:getRobotVariable;
03/12/18;09:27:47.899;INFO;Epics Server;Registered PV: SW:getDistance;
03/12/18;09:27:47.899;INFO;Epics Server;Initializing: Channel Access Server in Java v1.1.1;
03/12/18;09:27:47.902;INFO;Epics Server;Started server: ready to accept requests;
03/12/18;09:27:48.536;INFO;Controller;Initializing Robot;
03/12/18;09:27:48.545;INFO;Robot;Setting reference frame to: world;
03/12/18;09:27:48.728;INFO;Controller;Initializing Bus Controller;
03/12/18;09:27:48.729;INFO;Anti-Collision;Active = true;
03/12/18;09:27:48.729;INFO;Controller;State = Starting;
03/12/18;09:27:48.733;INFO;Controller;Command: Reset;
03/12/18;09:27:49.132;INFO;Controller;Executing asynchronous script: ./script/Reset.py;
03/12/18;09:27:49.132;INFO;Controller;Status = Reseting;
03/12/18;09:27:49.132;INFO;Controller;State = Running;
03/12/18;09:27:49.685;INFO;Controller;Script host: localhost:54761;
03/12/18;09:27:49.686;INFO;Script;Starting initialization script;
03/12/18;09:27:49.690;INFO;Script;Do nothing;
03/12/18;09:27:49.691;INFO;Controller;Script ./script/Reset.py ended. Return value: ;
03/12/18;09:27:49.691;INFO;Controller;State = Ready;
03/12/18;09:27:53.421;INFO;Controller;State = Closing;
03/12/18;09:27:54.442;INFO;Epics Server;Exiting running thread;
03/12/18;09:27:54.445;INFO;Controller;Stopping log services - Startup: 03/12/18 09:27:47;
03/12/18;09:38:23.100;INFO;Controller;Instantiation;
03/12/18;09:38:23.117;INFO;Controller;State = Initializing;
03/12/18;09:38:23.298;WARNING;Interface;Access level set to Admin;
03/12/18;09:38:23.399;INFO;Controller;Initialized log services - Startup: 03/12/18 09:38:23;
03/12/18;09:38:23.406;INFO;Controller;Initializing controller for SW version: 1.1.0 - JLib 1.7.2;
03/12/18;09:38:23.620;INFO;Epics Server;Registered PV: SW:Status;
03/12/18;09:38:23.621;INFO;Epics Server;Registered PV: SW:Version;
03/12/18;09:38:23.621;INFO;Epics Server;Registered PV: SW:Uptime;
03/12/18;09:38:23.638;INFO;Epics Server;Registered PV: SW:LastTaskInfo;
03/12/18;09:38:23.638;INFO;Epics Server;Registered PV: SW:AlarmList;
03/12/18;09:38:23.639;INFO;Epics Server;Registered PV: SW:LocalGuiLockOut;
03/12/18;09:38:23.639;INFO;Epics Server;Registered PV: SW:RobotSpeed;
03/12/18;09:38:23.639;INFO;Epics Server;Registered PV: SW:LastTaskException;
03/12/18;09:38:23.640;INFO;Epics Server;Registered PV: SW:LastTaskOutput;
03/12/18;09:38:23.640;INFO;Epics Server;Registered PV: SW:RobotState;
03/12/18;09:38:23.641;INFO;Epics Server;Registered PV: SW:CartesianPositions;
03/12/18;09:38:23.642;INFO;Epics Server;Registered PV: SW:JointPositions;
03/12/18;09:38:23.643;INFO;Epics Server;Registered PV: SW:State;
03/12/18;09:38:23.646;INFO;Epics Server;Registered PV: SW:abort;
03/12/18;09:38:23.646;INFO;Epics Server;Registered PV: SW:restart;
03/12/18;09:38:23.646;INFO;Epics Server;Registered PV: SW:getTaskInfo;
03/12/18;09:38:23.647;INFO;Epics Server;Registered PV: SW:isTaskRunning;
03/12/18;09:38:23.647;INFO;Epics Server;Registered PV: SW:checkTaskResult;
03/12/18;09:38:23.648;INFO;Epics Server;Registered PV: SW:startTestTask;
03/12/18;09:38:23.648;INFO;Epics Server;Registered PV: SW:pauseRobot;
03/12/18;09:38:23.648;INFO;Epics Server;Registered PV: SW:resumeRobot;
03/12/18;09:38:23.649;INFO;Epics Server;Registered PV: SW:setRobotVariable;
03/12/18;09:38:23.649;INFO;Epics Server;Registered PV: SW:isSampleMounted;
03/12/18;09:38:23.649;INFO;Epics Server;Registered PV: SW:startRobotTask;
03/12/18;09:38:23.649;INFO;Epics Server;Registered PV: SW:getRobotVariable;
03/12/18;09:38:23.650;INFO;Epics Server;Registered PV: SW:getDistance;
03/12/18;09:38:23.650;INFO;Epics Server;Initializing: Channel Access Server in Java v1.1.1;
03/12/18;09:38:23.652;INFO;Epics Server;Started server: ready to accept requests;
03/12/18;09:38:24.303;INFO;Controller;Initializing Robot;
03/12/18;09:38:24.317;INFO;Robot;Setting reference frame to: world;
03/12/18;09:38:24.506;INFO;Controller;Initializing Bus Controller;
03/12/18;09:38:24.507;INFO;Anti-Collision;Active = true;
03/12/18;09:38:24.508;INFO;Controller;State = Starting;
03/12/18;09:38:24.511;INFO;Controller;Command: Reset;
03/12/18;09:38:24.808;INFO;Controller;Executing asynchronous script: ./script/Reset.py;
03/12/18;09:38:24.809;INFO;Controller;Status = Reseting;
03/12/18;09:38:24.809;INFO;Controller;State = Running;
03/12/18;09:38:25.382;INFO;Controller;Script host: localhost:33996;
03/12/18;09:38:25.382;INFO;Script;Starting initialization script;
03/12/18;09:38:25.386;INFO;Script;Do nothing;
03/12/18;09:38:25.387;INFO;Controller;Script ./script/Reset.py ended. Return value: ;
03/12/18;09:38:25.388;INFO;Controller;State = Ready;
03/12/18;09:56:24.192;INFO;Server;Command: ExecRobotTask (TurnOnAutoFill,500000);
03/12/18;09:56:24.193;INFO;Controller;Executing asynchronous activity: ExecRobotTask;
03/12/18;09:56:24.194;INFO;Controller;Status = Executing: TurnOnAutoFill;
03/12/18;09:56:24.194;INFO;Controller;State = Running;
03/12/18;09:56:25.140;INFO;Robot Runtime;executing:    TurnOnAutoFill;
03/12/18;09:56:25.834;INFO;Controller;Activity ExecRobotTask ended. Return value: Done;
03/12/18;09:56:25.835;INFO;Controller;State = Ready;
03/12/18;11:40:44.869;INFO;Interface;Command: ExecRobotTask (turnoffAutofill,-1);
03/12/18;11:40:44.869;INFO;Controller;Executing asynchronous activity: ExecRobotTask;
03/12/18;11:40:44.870;INFO;Controller;Status = Executing: turnoffAutofill;
03/12/18;11:40:44.870;INFO;Controller;State = Running;
03/12/18;11:40:45.826;INFO;Robot Runtime;executing:    turnoffAutofill;
03/12/18;11:40:46.245;INFO;Controller;Activity ExecRobotTask ended. Return value: Done;
03/12/18;11:40:46.245;INFO;Controller;State = Ready;
03/12/18;11:41:24.413;INFO;Interface;Command: ExecRobotTask (enableTscreen,-1);
03/12/18;11:41:24.414;INFO;Controller;Executing asynchronous activity: ExecRobotTask;
03/12/18;11:41:24.414;INFO;Controller;Status = Executing: enableTscreen;
03/12/18;11:41:24.414;INFO;Controller;State = Running;
03/12/18;11:41:25.691;INFO;Robot Runtime;executing:    enableTscreen;
03/12/18;11:41:25.910;INFO;Controller;Activity ExecRobotTask ended. Return value: Done;
03/12/18;11:41:25.910;INFO;Controller;State = Ready;
03/12/18;11:42:18.134;INFO;Interface;Command: ExecRobotTask (closeports,-1);
03/12/18;11:42:18.134;INFO;Controller;Executing asynchronous activity: ExecRobotTask;
03/12/18;11:42:18.134;INFO;Controller;Status = Executing: closeports;
03/12/18;11:42:18.135;INFO;Controller;State = Running;
03/12/18;11:42:19.041;INFO;Robot Runtime;executing:    closeports;
03/12/18;11:42:19.230;INFO;Controller;Activity ExecRobotTask ended. Return value: Done;
03/12/18;11:42:19.231;INFO;Controller;State = Ready;
03/12/18;11:43:28.703;INFO;Interface;Command: ExecRobotTask (turnoffAutofill,-1);
03/12/18;11:43:28.703;INFO;Controller;Executing asynchronous activity: ExecRobotTask;
03/12/18;11:43:28.703;INFO;Controller;Status = Executing: turnoffAutofill;
03/12/18;11:43:28.703;INFO;Controller;State = Running;
03/12/18;11:43:29.726;INFO;Robot Runtime;executing:    turnoffAutofill;
03/12/18;11:43:30.414;INFO;Controller;Activity ExecRobotTask ended. Return value: Done;
03/12/18;11:43:30.415;INFO;Controller;State = Ready;
03/12/18;11:44:00.519;INFO;Interface;Command: ExecRobotTask (enableTscreen,-1);
03/12/18;11:44:00.519;INFO;Controller;Executing asynchronous activity: ExecRobotTask;
03/12/18;11:44:00.520;INFO;Controller;Status = Executing: enableTscreen;
03/12/18;11:44:00.520;INFO;Controller;State = Running;
03/12/18;11:44:01.797;INFO;Robot Runtime;executing:    enableTscreen;
03/12/18;11:44:01.948;INFO;Controller;Activity ExecRobotTask ended. Return value: Done;
03/12/18;11:44:01.948;INFO;Controller;State = Ready;
03/12/18;11:44:39.616;INFO;Interface;Command: ExecRobotTask (closeports,-1);
03/12/18;11:44:39.616;INFO;Controller;Executing asynchronous activity: ExecRobotTask;
03/12/18;11:44:39.616;INFO;Controller;Status = Executing: closeports;
03/12/18;11:44:39.616;INFO;Controller;State = Running;
03/12/18;11:44:40.521;INFO;Robot Runtime;executing:    closeports;
03/12/18;11:44:40.665;INFO;Controller;Activity ExecRobotTask ended. Return value: Done;
03/12/18;11:44:40.666;INFO;Controller;State = Ready;
03/12/18;11:45:14.679;INFO;Server;Command: ExecRobotTask (TurnOffAutoFill,500000);
03/12/18;11:45:14.680;INFO;Controller;Executing asynchronous activity: ExecRobotTask;
03/12/18;11:45:14.680;INFO;Controller;Status = Executing: TurnOffAutoFill;
03/12/18;11:45:14.680;INFO;Controller;State = Running;
03/12/18;11:45:15.646;INFO;Robot Runtime;executing:    TurnOffAutoFill;
03/12/18;11:45:16.367;INFO;Controller;Activity ExecRobotTask ended. Return value: Done;
03/12/18;11:45:16.367;INFO;Controller;State = Ready;
03/12/18;11:45:21.647;INFO;Server;Command: ExecRobotTask (TurnOnAutoFill,500000);
03/12/18;11:45:21.647;INFO;Controller;Executing asynchronous activity: ExecRobotTask;
03/12/18;11:45:21.648;INFO;Controller;Status = Executing: TurnOnAutoFill;
03/12/18;11:45:21.648;INFO;Controller;State = Running;
03/12/18;11:45:22.869;INFO;Robot Runtime;executing:    TurnOnAutoFill;
03/12/18;11:45:23.646;INFO;Controller;Activity ExecRobotTask ended. Return value: Done;
03/12/18;11:45:23.647;INFO;Controller;State = Ready;
03/12/18;14:26:32.258;INFO;Controller;Instantiation;
03/12/18;14:26:32.277;INFO;Controller;State = Initializing;
03/12/18;14:26:32.414;WARNING;Interface;Access level set to Admin;
03/12/18;14:26:32.472;INFO;Controller;Initialized log services - Startup: 03/12/18 14:26:32;
03/12/18;14:26:32.480;INFO;Controller;Initializing controller for SW version: 1.1.0 - JLib 1.7.2;
03/12/18;14:26:32.696;INFO;Epics Server;Registered PV: SW:Version;
03/12/18;14:26:32.697;INFO;Epics Server;Registered PV: SW:Status;
03/12/18;14:26:32.697;INFO;Epics Server;Registered PV: SW:Uptime;
03/12/18;14:26:32.713;INFO;Epics Server;Registered PV: SW:LastTaskInfo;
03/12/18;14:26:32.714;INFO;Epics Server;Registered PV: SW:AlarmList;
03/12/18;14:26:32.714;INFO;Epics Server;Registered PV: SW:LocalGuiLockOut;
03/12/18;14:26:32.715;INFO;Epics Server;Registered PV: SW:RobotSpeed;
03/12/18;14:26:32.715;INFO;Epics Server;Registered PV: SW:LastTaskException;
03/12/18;14:26:32.715;INFO;Epics Server;Registered PV: SW:LastTaskOutput;
03/12/18;14:26:32.716;INFO;Epics Server;Registered PV: SW:RobotState;
03/12/18;14:26:32.716;INFO;Epics Server;Registered PV: SW:CartesianPositions;
03/12/18;14:26:32.717;INFO;Epics Server;Registered PV: SW:JointPositions;
03/12/18;14:26:32.718;INFO;Epics Server;Registered PV: SW:State;
03/12/18;14:26:32.720;INFO;Epics Server;Registered PV: SW:abort;
03/12/18;14:26:32.720;INFO;Epics Server;Registered PV: SW:restart;
03/12/18;14:26:32.720;INFO;Epics Server;Registered PV: SW:getTaskInfo;
03/12/18;14:26:32.721;INFO;Epics Server;Registered PV: SW:isTaskRunning;
03/12/18;14:26:32.721;INFO;Epics Server;Registered PV: SW:checkTaskResult;
03/12/18;14:26:32.721;INFO;Epics Server;Registered PV: SW:startTestTask;
03/12/18;14:26:32.722;INFO;Epics Server;Registered PV: SW:pauseRobot;
03/12/18;14:26:32.722;INFO;Epics Server;Registered PV: SW:resumeRobot;
03/12/18;14:26:32.722;INFO;Epics Server;Registered PV: SW:setRobotVariable;
03/12/18;14:26:32.723;INFO;Epics Server;Registered PV: SW:isSampleMounted;
03/12/18;14:26:32.723;INFO;Epics Server;Registered PV: SW:startRobotTask;
03/12/18;14:26:32.723;INFO;Epics Server;Registered PV: SW:getRobotVariable;
03/12/18;14:26:32.724;INFO;Epics Server;Registered PV: SW:getDistance;
03/12/18;14:26:32.724;INFO;Epics Server;Initializing: Channel Access Server in Java v1.1.1;
03/12/18;14:26:32.726;INFO;Epics Server;Started server: ready to accept requests;
03/12/18;14:26:33.449;INFO;Controller;Initializing Robot;
03/12/18;14:26:33.458;INFO;Robot;Setting reference frame to: world;
03/12/18;14:26:33.638;INFO;Controller;Initializing Bus Controller;
03/12/18;14:26:33.639;INFO;Anti-Collision;Active = true;
03/12/18;14:26:33.639;INFO;Controller;State = Starting;
03/12/18;14:26:33.643;INFO;Controller;Command: Reset;
03/12/18;14:26:33.931;INFO;Controller;Executing asynchronous script: ./script/Reset.py;
03/12/18;14:26:33.932;INFO;Controller;Status = Reseting;
03/12/18;14:26:33.932;INFO;Controller;State = Running;
03/12/18;14:26:34.512;INFO;Controller;Script host: localhost:51123;
03/12/18;14:26:34.513;INFO;Script;Starting initialization script;
03/12/18;14:26:34.517;INFO;Script;Do nothing;
03/12/18;14:26:34.519;INFO;Controller;Script ./script/Reset.py ended. Return value: ;
03/12/18;14:26:34.519;INFO;Controller;State = Ready;
03/12/18;15:55:05.808;INFO;Server;Command: ExecRobotTask (EnableTScreen,500000);
03/12/18;15:55:05.809;INFO;Controller;Executing asynchronous activity: ExecRobotTask;
03/12/18;15:55:05.809;INFO;Controller;Status = Executing: EnableTScreen;
03/12/18;15:55:05.810;INFO;Controller;State = Running;
03/12/18;15:55:06.721;INFO;Robot Runtime;executing:    EnableTScreen;
03/12/18;15:55:06.954;INFO;Controller;Activity ExecRobotTask ended. Return value: Done;
03/12/18;15:55:06.954;INFO;Controller;State = Ready;
03/12/18;15:55:28.787;INFO;Server;Command: ExecRobotTask (TurnOnAutoFill,500000);
03/12/18;15:55:28.787;INFO;Controller;Executing asynchronous activity: ExecRobotTask;
03/12/18;15:55:28.788;INFO;Controller;Status = Executing: TurnOnAutoFill;
03/12/18;15:55:28.788;INFO;Controller;State = Running;
03/12/18;15:55:29.742;INFO;Robot Runtime;executing:    TurnOnAutoFill;
03/12/18;15:55:30.069;INFO;Controller;Activity ExecRobotTask ended. Return value: Done;
03/12/18;15:55:30.070;INFO;Controller;State = Ready;
03/12/18;15:55:42.008;INFO;Server;Command: ExecRobotTask (TurnOffAutoFill,500000);
03/12/18;15:55:42.008;INFO;Controller;Executing asynchronous activity: ExecRobotTask;
03/12/18;15:55:42.009;INFO;Controller;Status = Executing: TurnOffAutoFill;
03/12/18;15:55:42.009;INFO;Controller;State = Running;
03/12/18;15:55:43.233;INFO;Robot Runtime;executing:    TurnOffAutoFill;
03/12/18;15:55:43.787;INFO;Controller;Activity ExecRobotTask ended. Return value: Done;
03/12/18;15:55:43.787;INFO;Controller;State = Ready;
03/12/18;15:55:54.570;INFO;Server;Command: ExecRobotTask (EnableTScreen,500000);
03/12/18;15:55:54.571;INFO;Controller;Executing asynchronous activity: ExecRobotTask;
03/12/18;15:55:54.571;INFO;Controller;Status = Executing: EnableTScreen;
03/12/18;15:55:54.571;INFO;Controller;State = Running;
03/12/18;15:55:55.488;INFO;Robot Runtime;executing:    EnableTScreen;
03/12/18;15:55:55.663;INFO;Controller;Activity ExecRobotTask ended. Return value: Done;
03/12/18;15:55:55.663;INFO;Controller;State = Ready;
03/12/18;15:56:51.122;INFO;Server;Command: ExecRobotTask (ClosePorts,500000);
03/12/18;15:56:51.123;INFO;Controller;Executing asynchronous activity: ExecRobotTask;
03/12/18;15:56:51.123;INFO;Controller;Status = Executing: ClosePorts;
03/12/18;15:56:51.123;INFO;Controller;State = Running;
03/12/18;15:56:52.071;INFO;Robot Runtime;executing:    ClosePorts;
03/12/18;15:56:52.255;INFO;Controller;Activity ExecRobotTask ended. Return value: Done;
03/12/18;15:56:52.256;INFO;Controller;State = Ready;
03/12/18;15:58:06.652;INFO;Server;Command: ExecRobotTask (EnableTScreen,500000);
03/12/18;15:58:06.653;INFO;Controller;Executing asynchronous activity: ExecRobotTask;
03/12/18;15:58:06.653;INFO;Controller;Status = Executing: EnableTScreen;
03/12/18;15:58:06.653;INFO;Controller;State = Running;
03/12/18;15:58:07.497;INFO;Robot Runtime;executing:    EnableTScreen;
03/12/18;15:58:07.862;INFO;Controller;Activity ExecRobotTask ended. Return value: Done;
03/12/18;15:58:07.863;INFO;Controller;State = Ready;
03/12/18;15:59:11.917;INFO;Server;Command: ExecRobotTask (TurnOnAutoFill,500000);
03/12/18;15:59:11.917;INFO;Controller;Executing asynchronous activity: ExecRobotTask;
03/12/18;15:59:11.918;INFO;Controller;Status = Executing: TurnOnAutoFill;
03/12/18;15:59:11.918;INFO;Controller;State = Running;
03/12/18;15:59:13.247;INFO;Robot Runtime;executing:    TurnOnAutoFill;
03/12/18;15:59:14.003;INFO;Controller;Activity ExecRobotTask ended. Return value: Done;
03/12/18;15:59:14.004;INFO;Controller;State = Ready;
03/12/18;15:59:23.511;INFO;Server;Command: ExecRobotTask (EnableTScreen,500000);
03/12/18;15:59:23.512;INFO;Controller;Executing asynchronous activity: ExecRobotTask;
03/12/18;15:59:23.512;INFO;Controller;Status = Executing: EnableTScreen;
03/12/18;15:59:23.512;INFO;Controller;State = Running;
03/12/18;15:59:24.510;INFO;Robot Runtime;executing:    EnableTScreen;
03/12/18;15:59:24.707;INFO;Controller;Activity ExecRobotTask ended. Return value: Done;
03/12/18;15:59:24.707;INFO;Controller;State = Ready;
03/12/18;16:00:03.920;INFO;Server;Command: ExecRobotTask (ClosePorts,500000);
03/12/18;16:00:03.921;INFO;Controller;Executing asynchronous activity: ExecRobotTask;
03/12/18;16:00:03.922;INFO;Controller;Status = Executing: ClosePorts;
03/12/18;16:00:03.922;INFO;Controller;State = Running;
03/12/18;16:00:04.830;INFO;Robot Runtime;executing:    ClosePorts;
03/12/18;16:00:05.121;INFO;Controller;Activity ExecRobotTask ended. Return value: Done;
03/12/18;16:00:05.122;INFO;Controller;State = Ready;
03/12/18;16:04:11.906;INFO;Server;Command: ExecRobotTask (EnableTScreen,500000);
03/12/18;16:04:11.907;INFO;Controller;Executing asynchronous activity: ExecRobotTask;
03/12/18;16:04:11.908;INFO;Controller;Status = Executing: EnableTScreen;
03/12/18;16:04:11.908;INFO;Controller;State = Running;
03/12/18;16:04:12.754;INFO;Robot Runtime;executing:    EnableTScreen;
03/12/18;16:04:12.877;INFO;Controller;Activity ExecRobotTask ended. Return value: Done;
03/12/18;16:04:12.877;INFO;Controller;State = Ready;
03/12/18;16:04:59.695;INFO;Server;Command: ExecRobotTask (ClosePorts,500000);
03/12/18;16:04:59.696;INFO;Controller;Executing asynchronous activity: ExecRobotTask;
03/12/18;16:04:59.696;INFO;Controller;Status = Executing: ClosePorts;
03/12/18;16:04:59.696;INFO;Controller;State = Running;
03/12/18;16:05:00.551;INFO;Robot Runtime;executing:    ClosePorts;
03/12/18;16:05:00.721;INFO;Controller;Activity ExecRobotTask ended. Return value: Done;
03/12/18;16:05:00.722;INFO;Controller;State = Ready;
03/12/18;17:07:33.657;INFO;Server;Command: ExecRobotTask (EnableTScreen,500000);
03/12/18;17:07:33.658;INFO;Controller;Executing asynchronous activity: ExecRobotTask;
03/12/18;17:07:33.658;INFO;Controller;Status = Executing: EnableTScreen;
03/12/18;17:07:33.658;INFO;Controller;State = Running;
03/12/18;17:07:34.504;INFO;Robot Runtime;executing:    EnableTScreen;
03/12/18;17:07:34.703;INFO;Controller;Activity ExecRobotTask ended. Return value: Done;
03/12/18;17:07:34.703;INFO;Controller;State = Ready;
03/12/18;21:47:09.465;INFO;Server;Command: ExecRobotTask (Initialize,500000);
03/12/18;21:47:09.466;INFO;Controller;Executing asynchronous activity: ExecRobotTask;
03/12/18;21:47:09.466;INFO;Controller;Status = Executing: Initialize;
03/12/18;21:47:09.466;INFO;Controller;State = Running;
03/12/18;21:47:10.791;INFO;Robot Runtime;executing:    Initialize;
03/12/18;21:47:13.298;INFO;Controller;Activity ExecRobotTask ended. Return value: Done;
03/12/18;21:47:13.299;INFO;Controller;State = Ready;
03/12/18;21:47:13.319;INFO;Server;Command: ExecRobotTask (UnlatchRobGov,500000);
03/12/18;21:47:13.319;INFO;Controller;Executing asynchronous activity: ExecRobotTask;
03/12/18;21:47:13.319;INFO;Controller;Status = Executing: UnlatchRobGov;
03/12/18;21:47:13.319;INFO;Controller;State = Running;
03/12/18;21:47:14.359;INFO;Robot Runtime;executing:    UnlatchRobGov;
03/12/18;21:47:14.518;INFO;Controller;Activity ExecRobotTask ended. Return value: Done;
03/12/18;21:47:14.519;INFO;Controller;State = Ready;
03/12/18;21:47:14.532;INFO;Server;Command: ExecRobotTask (Home,500000);
03/12/18;21:47:14.533;INFO;Controller;Executing asynchronous activity: ExecRobotTask;
03/12/18;21:47:14.533;INFO;Controller;Status = Executing: Home;
03/12/18;21:47:14.533;INFO;Controller;State = Running;
03/12/18;21:47:15.392;INFO;Robot Runtime;executing:    Home;
03/12/18;21:47:15.886;INFO;Controller;Activity ExecRobotTask ended. Return value: Done;
03/12/18;21:47:15.886;INFO;Controller;State = Ready;
03/12/18;21:47:15.899;INFO;Server;Command: ExecRobotTask (Finish,500000);
03/12/18;21:47:15.900;INFO;Controller;Executing asynchronous activity: ExecRobotTask;
03/12/18;21:47:15.900;INFO;Controller;Status = Executing: Finish;
03/12/18;21:47:15.900;INFO;Controller;State = Running;
03/12/18;21:47:17.185;INFO;Robot Runtime;executing:    Finish;
03/12/18;21:55:35.992;INFO;Controller;Activity ExecRobotTask ended with exception: Timeout waiting ready;
03/12/18;21:55:35.995;WARNING;Activity;Exception: Robot timeout waiting ready
Stack trace:
org.embl.ctrl.Device$TimeoutWaitReadyException: Timeout waiting ready
	at org.embl.dev.staubli.StaubliRobot.executeTask(StaubliRobot.java:1199)
	at org.embl.dev.staubli.StaubliRobot.executeTask(StaubliRobot.java:1124)
	at org.embl.sw.Control.execRobotTask(Control.java:489)
	at org.embl.sw.Control$2.run(Control.java:380)
	at org.embl.task.ActivityManager.runTask(ActivityManager.java:104)
	at org.embl.task.ActivityManager.access$000(ActivityManager.java:22)
	at org.embl.task.ActivityManager$ActivityThread.run(ActivityManager.java:145)
;
03/12/18;21:55:35.996;INFO;Controller;State = Ready;
03/12/18;22:35:11.025;INFO;Server;Command: ExecRobotTask (Initialize,500000);
03/12/18;22:35:11.025;INFO;Controller;Executing asynchronous activity: ExecRobotTask;
03/12/18;22:35:11.025;INFO;Controller;Status = Executing: Initialize;
03/12/18;22:35:11.026;INFO;Controller;State = Running;
03/12/18;22:36:07.829;INFO;Interface;Command: Abort;
03/12/18;22:36:07.830;INFO;Robot;Abort;
03/12/18;22:36:07.830;INFO;Controller;Activity ExecRobotTask was stopped;
03/12/18;22:36:07.830;INFO;Controller;State = Ready;
03/12/18;22:36:09.228;INFO;Interface;Command: Restart;
03/12/18;22:36:09.228;INFO;Controller;State = Initializing;
03/12/18;22:36:09.316;INFO;Controller;Initialized log services - Startup: 03/12/18 14:26:32;
03/12/18;22:36:10.327;INFO;Epics Server;Exiting running thread;
03/12/18;22:36:10.331;INFO;Epics Server;Registered PV: SW:Version;
03/12/18;22:36:10.332;INFO;Epics Server;Registered PV: SW:Status;
03/12/18;22:36:10.333;INFO;Epics Server;Registered PV: SW:Uptime;
03/12/18;22:36:10.333;INFO;Epics Server;Registered PV: SW:LastTaskInfo;
03/12/18;22:36:10.333;INFO;Epics Server;Registered PV: SW:AlarmList;
03/12/18;22:36:10.333;INFO;Epics Server;Registered PV: SW:LocalGuiLockOut;
03/12/18;22:36:10.333;INFO;Epics Server;Registered PV: SW:RobotSpeed;
03/12/18;22:36:10.333;INFO;Epics Server;Registered PV: SW:LastTaskException;
03/12/18;22:36:10.334;INFO;Epics Server;Registered PV: SW:LastTaskOutput;
03/12/18;22:36:10.334;INFO;Epics Server;Registered PV: SW:RobotState;
03/12/18;22:36:10.334;INFO;Epics Server;Registered PV: SW:CartesianPositions;
03/12/18;22:36:10.334;INFO;Epics Server;Registered PV: SW:JointPositions;
03/12/18;22:36:10.334;INFO;Epics Server;Registered PV: SW:State;
03/12/18;22:36:10.334;INFO;Epics Server;Registered PV: SW:abort;
03/12/18;22:36:10.334;INFO;Epics Server;Registered PV: SW:restart;
03/12/18;22:36:10.335;INFO;Epics Server;Registered PV: SW:getTaskInfo;
03/12/18;22:36:10.335;INFO;Epics Server;Registered PV: SW:isTaskRunning;
03/12/18;22:36:10.335;INFO;Epics Server;Registered PV: SW:checkTaskResult;
03/12/18;22:36:10.335;INFO;Epics Server;Registered PV: SW:startTestTask;
03/12/18;22:36:10.335;INFO;Epics Server;Registered PV: SW:pauseRobot;
03/12/18;22:36:10.335;INFO;Epics Server;Registered PV: SW:resumeRobot;
03/12/18;22:36:10.335;INFO;Epics Server;Registered PV: SW:setRobotVariable;
03/12/18;22:36:10.335;INFO;Epics Server;Registered PV: SW:isSampleMounted;
03/12/18;22:36:10.336;INFO;Epics Server;Registered PV: SW:startRobotTask;
03/12/18;22:36:10.336;INFO;Epics Server;Registered PV: SW:getRobotVariable;
03/12/18;22:36:10.336;INFO;Epics Server;Registered PV: SW:getDistance;
03/12/18;22:36:10.336;INFO;Epics Server;Initializing: Channel Access Server in Java v1.1.1;
03/12/18;22:36:10.337;INFO;Epics Server;Started server: ready to accept requests;
03/12/18;22:36:10.968;INFO;Controller;Initializing Robot;
03/12/18;22:36:10.973;INFO;Robot;Setting reference frame to: world;
03/12/18;22:36:11.101;INFO;Controller;Initializing Bus Controller;
03/12/18;22:36:11.102;INFO;Anti-Collision;Active = true;
03/12/18;22:36:11.102;INFO;Controller;State = Starting;
03/12/18;22:36:11.104;INFO;Controller;Command: Reset;
03/12/18;22:36:11.104;INFO;Controller;Executing asynchronous script: ./script/Reset.py;
03/12/18;22:36:11.104;INFO;Controller;Status = Reseting;
03/12/18;22:36:11.104;INFO;Controller;State = Running;
03/12/18;22:36:11.350;INFO;Controller;Script host: localhost:47373;
03/12/18;22:36:11.350;INFO;Script;Starting initialization script;
03/12/18;22:36:11.353;INFO;Script;Do nothing;
03/12/18;22:36:11.354;INFO;Controller;Script ./script/Reset.py ended. Return value: ;
03/12/18;22:36:11.354;INFO;Controller;State = Ready;
03/12/18;22:36:19.568;INFO;Interface;Command: ExecRobotTask (initialize,-1);
03/12/18;22:36:19.569;INFO;Controller;Executing asynchronous activity: ExecRobotTask;
03/12/18;22:36:19.569;INFO;Controller;Status = Executing: initialize;
03/12/18;22:36:19.569;INFO;Controller;State = Running;
03/12/18;22:36:20.549;INFO;Robot Runtime;executing:    initialize;
03/12/18;22:36:21.804;INFO;Controller;Activity ExecRobotTask ended. Return value: Done;
03/12/18;22:36:21.805;INFO;Controller;State = Ready;
03/12/18;22:36:33.901;INFO;Server;Command: ExecRobotTask (Initialize,500000);
03/12/18;22:36:33.901;INFO;Controller;Executing asynchronous activity: ExecRobotTask;
03/12/18;22:36:33.901;INFO;Controller;Status = Executing: Initialize;
03/12/18;22:36:33.901;INFO;Controller;State = Running;
03/12/18;22:36:34.744;INFO;Robot Runtime;executing:    Initialize;
03/12/18;22:36:34.916;INFO;Controller;Activity ExecRobotTask ended. Return value: Done;
03/12/18;22:36:34.917;INFO;Controller;State = Ready;
03/12/18;22:36:34.934;INFO;Server;Command: ExecRobotTask (UnlatchRobGov,500000);
03/12/18;22:36:34.934;INFO;Controller;Executing asynchronous activity: ExecRobotTask;
03/12/18;22:36:34.934;INFO;Controller;Status = Executing: UnlatchRobGov;
03/12/18;22:36:34.934;INFO;Controller;State = Running;
03/12/18;22:36:35.827;INFO;Robot Runtime;executing:    UnlatchRobGov;
03/12/18;22:36:36.275;INFO;Controller;Activity ExecRobotTask ended. Return value: Done;
03/12/18;22:36:36.276;INFO;Controller;State = Ready;
03/12/18;22:36:36.291;INFO;Server;Command: ExecRobotTask (Home,500000);
03/12/18;22:36:36.291;INFO;Controller;Executing asynchronous activity: ExecRobotTask;
03/12/18;22:36:36.291;INFO;Controller;Status = Executing: Home;
03/12/18;22:36:36.292;INFO;Controller;State = Running;
03/12/18;22:36:37.563;INFO;Robot Runtime;executing:    Home;
03/12/18;22:36:37.849;INFO;Controller;Activity ExecRobotTask ended. Return value: Done;
03/12/18;22:36:37.849;INFO;Controller;State = Ready;
03/12/18;22:36:37.872;INFO;Server;Command: ExecRobotTask (Finish,500000);
03/12/18;22:36:37.872;INFO;Controller;Executing asynchronous activity: ExecRobotTask;
03/12/18;22:36:37.872;INFO;Controller;Status = Executing: Finish;
03/12/18;22:36:37.873;INFO;Controller;State = Running;
03/12/18;22:36:38.874;INFO;Robot Runtime;executing:    Finish;
03/12/18;22:37:23.326;INFO;Controller;Activity ExecRobotTask ended. Return value: Done;
03/12/18;22:37:23.326;INFO;Controller;State = Ready;
