21/08/18;09:39:52.546;INFO;Server;Command: ExecRobotTask (Initialize,500000);
21/08/18;09:39:52.547;INFO;Controller;Executing asynchronous activity: ExecRobotTask;
21/08/18;09:39:52.547;INFO;Controller;Status = Executing: Initialize;
21/08/18;09:39:52.547;INFO;Controller;State = Running;
21/08/18;09:39:53.432;INFO;Robot Runtime;executing:    Initialize;
21/08/18;09:39:54.819;INFO;Controller;Activity ExecRobotTask ended. Return value: Done;
21/08/18;09:39:54.819;INFO;Controller;State = Ready;
21/08/18;09:39:54.858;INFO;Server;Command: ExecRobotTask (LatchRobGov,500000);
21/08/18;09:39:54.858;INFO;Controller;Executing asynchronous activity: ExecRobotTask;
21/08/18;09:39:54.858;INFO;Controller;Status = Executing: LatchRobGov;
21/08/18;09:39:54.858;INFO;Controller;State = Running;
21/08/18;09:39:55.986;INFO;Robot Runtime;executing:    LatchRobGov;
21/08/18;09:39:56.771;INFO;Controller;Activity ExecRobotTask ended. Return value: Done;
21/08/18;09:39:56.772;INFO;Controller;State = Ready;
21/08/18;09:39:56.811;INFO;Server;Command: ExecRobotTask (TraceSample,500000);
21/08/18;09:39:56.811;INFO;Controller;Executing asynchronous activity: ExecRobotTask;
21/08/18;09:39:56.811;INFO;Controller;Status = Executing: TraceSample;
21/08/18;09:39:56.811;INFO;Controller;State = Running;
21/08/18;09:39:57.834;INFO;Robot Runtime;executing:    TraceSample;
21/08/18;09:39:58.730;INFO;Controller;Activity ExecRobotTask ended. Return value: Done False/False/False;
21/08/18;09:39:58.730;INFO;Controller;State = Ready;
21/08/18;09:39:58.765;INFO;Server;Command: ExecRobotTask (CoolDown,500000);
21/08/18;09:39:58.765;INFO;Controller;Executing asynchronous activity: ExecRobotTask;
21/08/18;09:39:58.765;INFO;Controller;Status = Executing: CoolDown;
21/08/18;09:39:58.765;INFO;Controller;State = Running;
21/08/18;09:39:59.632;INFO;Robot Runtime;executing:    CoolDown;
21/08/18;09:41:52.227;INFO;Controller;Activity ExecRobotTask ended. Return value: Done;
21/08/18;09:41:52.227;INFO;Controller;State = Ready;
21/08/18;09:41:52.483;INFO;Server;Command: ExecRobotTask (Load,500000);
21/08/18;09:41:52.483;INFO;Controller;Executing asynchronous activity: ExecRobotTask;
21/08/18;09:41:52.483;INFO;Controller;Status = Executing: Load;
21/08/18;09:41:52.483;INFO;Controller;State = Running;
21/08/18;09:41:53.594;INFO;Robot Runtime;executing:    Load;
21/08/18;09:42:02.878;INFO;Controller;Activity ExecRobotTask ended. Return value: Done False/True/False;
21/08/18;09:42:02.878;INFO;Controller;State = Ready;
21/08/18;09:42:02.917;INFO;Server;Command: ExecRobotTask (Mount,500000);
21/08/18;09:42:02.917;INFO;Controller;Executing asynchronous activity: ExecRobotTask;
21/08/18;09:42:02.917;INFO;Controller;Status = Executing: Mount;
21/08/18;09:42:02.917;INFO;Controller;State = Running;
21/08/18;09:42:03.930;INFO;Robot Runtime;executing:    Mount;
21/08/18;09:42:11.845;INFO;Controller;Activity ExecRobotTask ended. Return value: Done True/False/False;
21/08/18;09:42:11.845;INFO;Controller;State = Ready;
21/08/18;09:42:11.880;INFO;Server;Command: ExecRobotTask (Park,500000);
21/08/18;09:42:11.881;INFO;Controller;Executing asynchronous activity: ExecRobotTask;
21/08/18;09:42:11.881;INFO;Controller;Status = Executing: Park;
21/08/18;09:42:11.881;INFO;Controller;State = Running;
21/08/18;09:42:12.746;INFO;Robot Runtime;executing:    Park;
21/08/18;09:42:16.163;INFO;Controller;Activity ExecRobotTask ended. Return value: Done;
21/08/18;09:42:16.163;INFO;Controller;State = Ready;
21/08/18;09:42:16.200;INFO;Server;Command: ExecRobotTask (UnlatchRobGov,500000);
21/08/18;09:42:16.200;INFO;Controller;Executing asynchronous activity: ExecRobotTask;
21/08/18;09:42:16.200;INFO;Controller;Status = Executing: UnlatchRobGov;
21/08/18;09:42:16.200;INFO;Controller;State = Running;
21/08/18;09:42:17.072;INFO;Robot Runtime;executing:    UnlatchRobGov;
21/08/18;09:42:17.510;INFO;Controller;Activity ExecRobotTask ended. Return value: Done;
21/08/18;09:42:17.510;INFO;Controller;State = Ready;
21/08/18;09:45:52.259;INFO;Server;Command: ExecRobotTask (Initialize,500000);
21/08/18;09:45:52.260;INFO;Controller;Executing asynchronous activity: ExecRobotTask;
21/08/18;09:45:52.260;INFO;Controller;Status = Executing: Initialize;
21/08/18;09:45:52.260;INFO;Controller;State = Running;
21/08/18;09:45:53.352;INFO;Robot Runtime;executing:    Initialize;
21/08/18;09:45:53.943;INFO;Controller;Activity ExecRobotTask ended. Return value: Done;
21/08/18;09:45:53.943;INFO;Controller;State = Ready;
21/08/18;09:45:53.983;INFO;Server;Command: ExecRobotTask (LatchRobGov2,500000);
21/08/18;09:45:53.983;INFO;Controller;Executing asynchronous activity: ExecRobotTask;
21/08/18;09:45:53.983;INFO;Controller;Status = Executing: LatchRobGov2;
21/08/18;09:45:53.983;INFO;Controller;State = Running;
21/08/18;09:45:55.006;INFO;Robot Runtime;executing:    LatchRobGov2;
21/08/18;09:45:55.887;INFO;Controller;Activity ExecRobotTask ended. Return value: Done;
21/08/18;09:45:55.887;INFO;Controller;State = Ready;
21/08/18;09:45:55.929;INFO;Server;Command: ExecRobotTask (CoolDown,500000);
21/08/18;09:45:55.929;INFO;Controller;Executing asynchronous activity: ExecRobotTask;
21/08/18;09:45:55.929;INFO;Controller;Status = Executing: CoolDown;
21/08/18;09:45:55.929;INFO;Controller;State = Running;
21/08/18;09:45:56.793;INFO;Robot Runtime;executing:    CoolDown;
21/08/18;09:45:57.316;INFO;Controller;Activity ExecRobotTask ended. Return value: Done;
21/08/18;09:45:57.316;INFO;Controller;State = Ready;
21/08/18;09:45:58.349;INFO;Server;Command: ExecRobotTask (Home,500000);
21/08/18;09:45:58.349;INFO;Controller;Executing asynchronous activity: ExecRobotTask;
21/08/18;09:45:58.349;INFO;Controller;Status = Executing: Home;
21/08/18;09:45:58.349;INFO;Controller;State = Running;
21/08/18;09:45:59.177;INFO;Robot Runtime;executing:    Home;
21/08/18;09:46:01.762;INFO;Controller;Activity ExecRobotTask ended. Return value: Done;
21/08/18;09:46:01.763;INFO;Controller;State = Ready;
21/08/18;09:46:01.799;INFO;Server;Command: ExecRobotTask (ClosePorts,500000);
21/08/18;09:46:01.799;INFO;Controller;Executing asynchronous activity: ExecRobotTask;
21/08/18;09:46:01.799;INFO;Controller;Status = Executing: ClosePorts;
21/08/18;09:46:01.799;INFO;Controller;State = Running;
21/08/18;09:46:02.631;INFO;Robot Runtime;executing:    ClosePorts;
21/08/18;09:46:02.781;INFO;Controller;Activity ExecRobotTask ended. Return value: Done;
21/08/18;09:46:02.781;INFO;Controller;State = Ready;
21/08/18;09:46:03.087;INFO;Server;Command: ExecRobotTask (Unmount,500000);
21/08/18;09:46:03.088;INFO;Controller;Executing asynchronous activity: ExecRobotTask;
21/08/18;09:46:03.088;INFO;Controller;Status = Executing: Unmount;
21/08/18;09:46:03.088;INFO;Controller;State = Running;
21/08/18;09:46:03.926;INFO;Robot Runtime;executing:    Unmount;
21/08/18;09:46:11.757;INFO;Controller;Activity ExecRobotTask ended. Return value: Done False/True/False;
21/08/18;09:46:11.757;INFO;Controller;State = Ready;
21/08/18;09:46:11.793;INFO;Server;Command: ExecRobotTask (Unload,500000);
21/08/18;09:46:11.793;INFO;Controller;Executing asynchronous activity: ExecRobotTask;
21/08/18;09:46:11.793;INFO;Controller;Status = Executing: Unload;
21/08/18;09:46:11.793;INFO;Controller;State = Running;
21/08/18;09:46:12.643;INFO;Robot Runtime;executing:    Unload;
21/08/18;09:46:17.289;INFO;Controller;Activity ExecRobotTask ended. Return value: Done False/False/False;
21/08/18;09:46:17.289;INFO;Controller;State = Ready;
21/08/18;09:46:20.084;INFO;Server;Command: ExecRobotTask (Load,500000);
21/08/18;09:46:20.084;INFO;Controller;Executing asynchronous activity: ExecRobotTask;
21/08/18;09:46:20.084;INFO;Controller;Status = Executing: Load;
21/08/18;09:46:20.084;INFO;Controller;State = Running;
21/08/18;09:46:21.231;INFO;Robot Runtime;executing:    Load;
21/08/18;09:46:28.272;INFO;Controller;Activity ExecRobotTask ended. Return value: Done False/True/False;
21/08/18;09:46:28.272;INFO;Controller;State = Ready;
21/08/18;09:46:28.314;INFO;Server;Command: ExecRobotTask (Mount,500000);
21/08/18;09:46:28.314;INFO;Controller;Executing asynchronous activity: ExecRobotTask;
21/08/18;09:46:28.314;INFO;Controller;Status = Executing: Mount;
21/08/18;09:46:28.314;INFO;Controller;State = Running;
21/08/18;09:46:29.322;INFO;Robot Runtime;executing:    Mount;
21/08/18;09:46:37.332;INFO;Controller;Activity ExecRobotTask ended. Return value: Done True/False/False;
21/08/18;09:46:37.332;INFO;Controller;State = Ready;
21/08/18;09:46:37.371;INFO;Server;Command: ExecRobotTask (Park,500000);
21/08/18;09:46:37.371;INFO;Controller;Executing asynchronous activity: ExecRobotTask;
21/08/18;09:46:37.371;INFO;Controller;Status = Executing: Park;
21/08/18;09:46:37.371;INFO;Controller;State = Running;
21/08/18;09:46:38.222;INFO;Robot Runtime;executing:    Park;
21/08/18;09:46:41.659;INFO;Controller;Activity ExecRobotTask ended. Return value: Done;
21/08/18;09:46:41.659;INFO;Controller;State = Ready;
21/08/18;09:46:41.696;INFO;Server;Command: ExecRobotTask (UnlatchRobGov,500000);
21/08/18;09:46:41.696;INFO;Controller;Executing asynchronous activity: ExecRobotTask;
21/08/18;09:46:41.696;INFO;Controller;Status = Executing: UnlatchRobGov;
21/08/18;09:46:41.696;INFO;Controller;State = Running;
21/08/18;09:46:42.588;INFO;Robot Runtime;executing:    UnlatchRobGov;
21/08/18;09:46:43.005;INFO;Controller;Activity ExecRobotTask ended. Return value: Done;
21/08/18;09:46:43.006;INFO;Controller;State = Ready;
21/08/18;09:50:36.906;INFO;Server;Command: ExecRobotTask (Initialize,500000);
21/08/18;09:50:36.906;INFO;Controller;Executing asynchronous activity: ExecRobotTask;
21/08/18;09:50:36.907;INFO;Controller;Status = Executing: Initialize;
21/08/18;09:50:36.907;INFO;Controller;State = Running;
21/08/18;09:50:38.025;INFO;Robot Runtime;executing:    Initialize;
21/08/18;09:50:38.212;INFO;Controller;Activity ExecRobotTask ended. Return value: Done;
21/08/18;09:50:38.212;INFO;Controller;State = Ready;
21/08/18;09:50:38.249;INFO;Server;Command: ExecRobotTask (UnlatchRobGov,500000);
21/08/18;09:50:38.249;INFO;Controller;Executing asynchronous activity: ExecRobotTask;
21/08/18;09:50:38.249;INFO;Controller;Status = Executing: UnlatchRobGov;
21/08/18;09:50:38.249;INFO;Controller;State = Running;
21/08/18;09:50:39.254;INFO;Robot Runtime;executing:    UnlatchRobGov;
21/08/18;09:50:39.406;INFO;Controller;Activity ExecRobotTask ended. Return value: Done;
21/08/18;09:50:39.406;INFO;Controller;State = Ready;
21/08/18;09:50:39.448;INFO;Server;Command: ExecRobotTask (Home,500000);
21/08/18;09:50:39.448;INFO;Controller;Executing asynchronous activity: ExecRobotTask;
21/08/18;09:50:39.448;INFO;Controller;Status = Executing: Home;
21/08/18;09:50:39.448;INFO;Controller;State = Running;
21/08/18;09:50:40.301;INFO;Robot Runtime;executing:    Home;
21/08/18;09:50:42.789;INFO;Controller;Activity ExecRobotTask ended. Return value: Done;
21/08/18;09:50:42.789;INFO;Controller;State = Ready;
21/08/18;09:50:42.828;INFO;Server;Command: ExecRobotTask (Finish,500000);
21/08/18;09:50:42.828;INFO;Controller;Executing asynchronous activity: ExecRobotTask;
21/08/18;09:50:42.828;INFO;Controller;Status = Executing: Finish;
21/08/18;09:50:42.828;INFO;Controller;State = Running;
21/08/18;09:50:43.680;INFO;Robot Runtime;executing:    Finish;
21/08/18;09:52:00.318;INFO;Controller;Activity ExecRobotTask ended. Return value: Done;
21/08/18;09:52:00.318;INFO;Controller;State = Ready;
21/08/18;15:47:37.793;WARNING;Robot;Alarm active: Device is offline;
21/08/18;15:47:37.794;INFO;Controller;State = Communication Error;
21/08/18;15:47:38.899;INFO;Robot;Alarm inactive: Device is offline;
21/08/18;15:47:38.899;WARNING;Controller;Communication resumed, trying updating devices;
21/08/18;15:47:38.900;INFO;Controller;Finished device updating;
21/08/18;15:47:38.901;INFO;Controller;State = Ready;
21/08/18;15:47:56.770;INFO;Interface;Command: ExecRobotTask (loadspecial,-1);
21/08/18;15:47:56.770;INFO;Controller;Executing asynchronous activity: ExecRobotTask;
21/08/18;15:47:56.770;INFO;Controller;Status = Executing: loadspecial;
21/08/18;15:47:56.771;INFO;Controller;State = Running;
21/08/18;15:47:57.735;INFO;Robot Runtime;executing:    loadspecial;
21/08/18;15:48:27.906;WARNING;Robot Runtime;Alignment Pin number is out of Range;
21/08/18;15:48:27.927;WARNING;Robot Runtime;Failed to calculate Alignment Pin Position 18;
21/08/18;15:48:28.277;INFO;Controller;Activity ExecRobotTask ended. Return value: ABORT: Failed to calculate Alignment Pin Position;
21/08/18;15:48:28.277;INFO;Controller;State = Ready;
21/08/18;15:49:35.635;INFO;Interface;Command: ExecRobotTask (loadspecial,-1);
21/08/18;15:49:35.636;INFO;Controller;Executing asynchronous activity: ExecRobotTask;
21/08/18;15:49:35.636;INFO;Controller;Status = Executing: loadspecial;
21/08/18;15:49:35.636;INFO;Controller;State = Running;
21/08/18;15:49:36.558;INFO;Robot Runtime;executing:    loadspecial;
21/08/18;15:50:42.271;INFO;Robot Runtime;Unrecognized Location;
21/08/18;15:50:42.682;INFO;Controller;Activity ExecRobotTask ended. Return value: ABORT: Unrecognized Location;
21/08/18;15:50:42.682;INFO;Controller;State = Ready;
21/08/18;16:01:14.340;INFO;Interface;Command: ExecRobotTask (loadspecial,-1);
21/08/18;16:01:14.340;INFO;Controller;Executing asynchronous activity: ExecRobotTask;
21/08/18;16:01:14.340;INFO;Controller;Status = Executing: loadspecial;
21/08/18;16:01:14.340;INFO;Controller;State = Running;
21/08/18;16:01:14.444;INFO;Robot Runtime;executing:    loadspecial;
21/08/18;16:01:14.487;INFO;Robot Runtime;Unrecognized Location;
21/08/18;16:01:14.691;INFO;Controller;Activity ExecRobotTask ended. Return value: ABORT: Unrecognized Location;
21/08/18;16:01:14.691;INFO;Controller;State = Ready;
21/08/18;16:02:18.676;INFO;Interface;Command: ExecRobotTask (loadspecial,-1);
21/08/18;16:02:18.677;INFO;Controller;Executing asynchronous activity: ExecRobotTask;
21/08/18;16:02:18.677;INFO;Controller;Status = Executing: loadspecial;
21/08/18;16:02:18.677;INFO;Controller;State = Running;
21/08/18;16:02:18.759;INFO;Robot Runtime;executing:    loadspecial;
21/08/18;16:03:29.203;INFO;Robot Runtime;Unrecognized Location;
21/08/18;16:03:29.559;INFO;Controller;Activity ExecRobotTask ended. Return value: ABORT: Unrecognized Location;
21/08/18;16:03:29.559;INFO;Controller;State = Ready;
21/08/18;16:04:17.510;INFO;Interface;Command: ExecRobotTask (loadspecial,-1);
21/08/18;16:04:17.510;INFO;Controller;Executing asynchronous activity: ExecRobotTask;
21/08/18;16:04:17.510;INFO;Controller;Status = Executing: loadspecial;
21/08/18;16:04:17.510;INFO;Controller;State = Running;
21/08/18;16:04:18.488;INFO;Robot Runtime;executing:    loadspecial;
21/08/18;16:04:18.537;INFO;Robot Runtime;Unrecognized Location;
21/08/18;16:04:18.858;INFO;Controller;Activity ExecRobotTask ended. Return value: ABORT: Unrecognized Location;
21/08/18;16:04:18.858;INFO;Controller;State = Ready;
21/08/18;16:05:47.255;INFO;Interface;Command: ExecRobotTask (loadspecial,-1);
21/08/18;16:05:47.255;INFO;Controller;Executing asynchronous activity: ExecRobotTask;
21/08/18;16:05:47.256;INFO;Controller;Status = Executing: loadspecial;
21/08/18;16:05:47.256;INFO;Controller;State = Running;
21/08/18;16:05:48.200;INFO;Robot Runtime;executing:    loadspecial;
21/08/18;16:06:34.342;INFO;Robot Runtime;Unrecognized Location;
21/08/18;16:06:34.457;INFO;Controller;Activity ExecRobotTask ended. Return value: ABORT: Unrecognized Location;
21/08/18;16:06:34.457;INFO;Controller;State = Ready;
21/08/18;16:35:37.964;INFO;Interface;Command: ExecRobotTask (loadspecial,-1);
21/08/18;16:35:37.965;INFO;Controller;Executing asynchronous activity: ExecRobotTask;
21/08/18;16:35:37.965;INFO;Controller;Status = Executing: loadspecial;
21/08/18;16:35:37.965;INFO;Controller;State = Running;
21/08/18;16:35:38.859;INFO;Robot Runtime;executing:    loadspecial;
21/08/18;16:35:38.901;INFO;Robot Runtime;Unrecognized Location;
21/08/18;16:35:39.185;INFO;Controller;Activity ExecRobotTask ended. Return value: ABORT: Unrecognized Location;
21/08/18;16:35:39.185;INFO;Controller;State = Ready;
21/08/18;16:36:29.405;INFO;Interface;Command: Restart;
21/08/18;16:36:29.405;INFO;Controller;State = Initializing;
21/08/18;16:36:29.479;INFO;Controller;Initialized log services - Startup: 10/08/18 09:39:15;
21/08/18;16:36:30.486;INFO;Epics Server;Exiting running thread;
21/08/18;16:36:30.490;INFO;Epics Server;Registered PV: SW:Version;
21/08/18;16:36:30.490;INFO;Epics Server;Registered PV: SW:Status;
21/08/18;16:36:30.490;INFO;Epics Server;Registered PV: SW:Uptime;
21/08/18;16:36:30.490;INFO;Epics Server;Registered PV: SW:LastTaskInfo;
21/08/18;16:36:30.490;INFO;Epics Server;Registered PV: SW:AlarmList;
21/08/18;16:36:30.490;INFO;Epics Server;Registered PV: SW:LocalGuiLockOut;
21/08/18;16:36:30.490;INFO;Epics Server;Registered PV: SW:RobotSpeed;
21/08/18;16:36:30.490;INFO;Epics Server;Registered PV: SW:LastTaskException;
21/08/18;16:36:30.490;INFO;Epics Server;Registered PV: SW:LastTaskOutput;
21/08/18;16:36:30.490;INFO;Epics Server;Registered PV: SW:RobotState;
21/08/18;16:36:30.490;INFO;Epics Server;Registered PV: SW:CartesianPositions;
21/08/18;16:36:30.490;INFO;Epics Server;Registered PV: SW:JointPositions;
21/08/18;16:36:30.490;INFO;Epics Server;Registered PV: SW:State;
21/08/18;16:36:30.491;INFO;Epics Server;Registered PV: SW:abort;
21/08/18;16:36:30.491;INFO;Epics Server;Registered PV: SW:restart;
21/08/18;16:36:30.491;INFO;Epics Server;Registered PV: SW:getTaskInfo;
21/08/18;16:36:30.491;INFO;Epics Server;Registered PV: SW:isTaskRunning;
21/08/18;16:36:30.491;INFO;Epics Server;Registered PV: SW:checkTaskResult;
21/08/18;16:36:30.491;INFO;Epics Server;Registered PV: SW:startTestTask;
21/08/18;16:36:30.491;INFO;Epics Server;Registered PV: SW:pauseRobot;
21/08/18;16:36:30.491;INFO;Epics Server;Registered PV: SW:resumeRobot;
21/08/18;16:36:30.491;INFO;Epics Server;Registered PV: SW:setRobotVariable;
21/08/18;16:36:30.491;INFO;Epics Server;Registered PV: SW:isSampleMounted;
21/08/18;16:36:30.491;INFO;Epics Server;Registered PV: SW:startRobotTask;
21/08/18;16:36:30.491;INFO;Epics Server;Registered PV: SW:getRobotVariable;
21/08/18;16:36:30.491;INFO;Epics Server;Registered PV: SW:getDistance;
21/08/18;16:36:30.491;INFO;Epics Server;Initializing: Channel Access Server in Java v1.1.1;
21/08/18;16:36:30.493;INFO;Epics Server;Started server: ready to accept requests;
21/08/18;16:36:31.084;INFO;Controller;Initializing Robot;
21/08/18;16:36:31.086;INFO;Robot;Setting reference frame to: world;
21/08/18;16:36:31.204;INFO;Controller;Initializing Bus Controller;
21/08/18;16:36:31.205;INFO;Anti-Collision;Active = true;
21/08/18;16:36:31.205;INFO;Controller;State = Starting;
21/08/18;16:36:31.206;INFO;Controller;Command: Reset;
21/08/18;16:36:31.206;INFO;Controller;Executing asynchronous script: ./script/Reset.py;
21/08/18;16:36:31.206;INFO;Controller;Status = Reseting;
21/08/18;16:36:31.206;INFO;Controller;State = Running;
21/08/18;16:36:31.395;INFO;Controller;Script host: localhost:43800;
21/08/18;16:36:31.395;INFO;Script;Starting initialization script;
21/08/18;16:36:31.398;INFO;Script;Do nothing;
21/08/18;16:36:31.398;INFO;Controller;Script ./script/Reset.py ended. Return value: ;
21/08/18;16:36:31.398;INFO;Controller;State = Ready;
21/08/18;16:36:32.669;INFO;Interface;Command: ExecRobotTask (loadspecial,-1);
21/08/18;16:36:32.669;INFO;Controller;Executing asynchronous activity: ExecRobotTask;
21/08/18;16:36:32.669;INFO;Controller;Status = Executing: loadspecial;
21/08/18;16:36:32.669;INFO;Controller;State = Running;
21/08/18;16:36:33.556;INFO;Robot Runtime;executing:    loadspecial;
21/08/18;16:39:34.792;INFO;Robot Runtime;Unrecognized Location;
21/08/18;16:39:50.530;INFO;Controller;Activity ExecRobotTask ended. Return value: ABORT: Unrecognized Location;
21/08/18;16:39:50.530;INFO;Controller;State = Ready;
21/08/18;16:51:30.447;INFO;Interface;Command: ExecRobotTask (loadspecial,-1);
21/08/18;16:51:30.448;INFO;Controller;Executing asynchronous activity: ExecRobotTask;
21/08/18;16:51:30.448;INFO;Controller;Status = Executing: loadspecial;
21/08/18;16:51:30.448;INFO;Controller;State = Running;
21/08/18;16:51:30.484;INFO;Robot Runtime;executing:    loadspecial;
21/08/18;16:52:46.233;INFO;Controller;Activity ExecRobotTask ended. Return value: Done True/False/False;
21/08/18;16:52:46.234;INFO;Controller;State = Ready;
21/08/18;16:53:32.216;INFO;Interface;Command: ExecRobotTask (loadspecial,-1);
21/08/18;16:53:32.216;INFO;Controller;Executing asynchronous activity: ExecRobotTask;
21/08/18;16:53:32.217;INFO;Controller;Status = Executing: loadspecial;
21/08/18;16:53:32.217;INFO;Controller;State = Running;
21/08/18;16:53:32.271;INFO;Robot Runtime;executing:    loadspecial;
21/08/18;16:54:20.308;INFO;Controller;Activity ExecRobotTask ended. Return value: Done True/True/False;
21/08/18;16:54:20.308;INFO;Controller;State = Ready;
21/08/18;16:54:49.415;INFO;Interface;Command: ExecRobotTask (unloadspecial,-1);
21/08/18;16:54:49.415;INFO;Controller;Executing asynchronous activity: ExecRobotTask;
21/08/18;16:54:49.415;INFO;Controller;Status = Executing: unloadspecial;
21/08/18;16:54:49.415;INFO;Controller;State = Running;
21/08/18;16:54:49.536;INFO;Robot Runtime;executing:    unloadspecial;
21/08/18;16:55:46.233;INFO;Controller;Activity ExecRobotTask ended. Return value: Done True/False/False;
21/08/18;16:55:46.233;INFO;Controller;State = Ready;
21/08/18;17:10:39.012;INFO;Interface;Command: Restart;
21/08/18;17:10:39.012;INFO;Controller;State = Initializing;
21/08/18;17:10:39.084;INFO;Controller;Initialized log services - Startup: 10/08/18 09:39:15;
21/08/18;17:10:40.095;INFO;Epics Server;Exiting running thread;
21/08/18;17:10:40.098;INFO;Epics Server;Registered PV: SW:Version;
21/08/18;17:10:40.098;INFO;Epics Server;Registered PV: SW:Status;
21/08/18;17:10:40.098;INFO;Epics Server;Registered PV: SW:Uptime;
21/08/18;17:10:40.098;INFO;Epics Server;Registered PV: SW:LastTaskInfo;
21/08/18;17:10:40.099;INFO;Epics Server;Registered PV: SW:AlarmList;
21/08/18;17:10:40.099;INFO;Epics Server;Registered PV: SW:LocalGuiLockOut;
21/08/18;17:10:40.099;INFO;Epics Server;Registered PV: SW:RobotSpeed;
21/08/18;17:10:40.099;INFO;Epics Server;Registered PV: SW:LastTaskException;
21/08/18;17:10:40.099;INFO;Epics Server;Registered PV: SW:LastTaskOutput;
21/08/18;17:10:40.099;INFO;Epics Server;Registered PV: SW:RobotState;
21/08/18;17:10:40.099;INFO;Epics Server;Registered PV: SW:CartesianPositions;
21/08/18;17:10:40.099;INFO;Epics Server;Registered PV: SW:JointPositions;
21/08/18;17:10:40.099;INFO;Epics Server;Registered PV: SW:State;
21/08/18;17:10:40.099;INFO;Epics Server;Registered PV: SW:abort;
21/08/18;17:10:40.099;INFO;Epics Server;Registered PV: SW:restart;
21/08/18;17:10:40.099;INFO;Epics Server;Registered PV: SW:getTaskInfo;
21/08/18;17:10:40.099;INFO;Epics Server;Registered PV: SW:isTaskRunning;
21/08/18;17:10:40.099;INFO;Epics Server;Registered PV: SW:checkTaskResult;
21/08/18;17:10:40.099;INFO;Epics Server;Registered PV: SW:startTestTask;
21/08/18;17:10:40.099;INFO;Epics Server;Registered PV: SW:pauseRobot;
21/08/18;17:10:40.099;INFO;Epics Server;Registered PV: SW:resumeRobot;
21/08/18;17:10:40.100;INFO;Epics Server;Registered PV: SW:setRobotVariable;
21/08/18;17:10:40.100;INFO;Epics Server;Registered PV: SW:isSampleMounted;
21/08/18;17:10:40.100;INFO;Epics Server;Registered PV: SW:startRobotTask;
21/08/18;17:10:40.100;INFO;Epics Server;Registered PV: SW:getRobotVariable;
21/08/18;17:10:40.100;INFO;Epics Server;Registered PV: SW:getDistance;
21/08/18;17:10:40.100;INFO;Epics Server;Initializing: Channel Access Server in Java v1.1.1;
21/08/18;17:10:40.100;INFO;Epics Server;Started server: ready to accept requests;
21/08/18;17:10:40.716;INFO;Controller;Initializing Robot;
21/08/18;17:10:40.719;INFO;Robot;Setting reference frame to: world;
21/08/18;17:10:40.845;INFO;Controller;Initializing Bus Controller;
21/08/18;17:10:40.845;INFO;Anti-Collision;Active = true;
21/08/18;17:10:40.845;INFO;Controller;State = Starting;
21/08/18;17:10:40.846;INFO;Controller;Command: Reset;
21/08/18;17:10:40.846;INFO;Controller;Executing asynchronous script: ./script/Reset.py;
21/08/18;17:10:40.846;INFO;Controller;Status = Reseting;
21/08/18;17:10:40.846;INFO;Controller;State = Running;
21/08/18;17:10:41.034;INFO;Controller;Script host: localhost:45264;
21/08/18;17:10:41.034;INFO;Script;Starting initialization script;
21/08/18;17:10:41.036;INFO;Script;Do nothing;
21/08/18;17:10:41.037;INFO;Controller;Script ./script/Reset.py ended. Return value: ;
21/08/18;17:10:41.037;INFO;Controller;State = Ready;
