29/08/18;15:50:39.668;INFO;Server;Command: ExecRobotTask (Initialize,500000);
29/08/18;15:50:39.669;INFO;Controller;Executing asynchronous activity: ExecRobotTask;
29/08/18;15:50:39.669;INFO;Controller;Status = Executing: Initialize;
29/08/18;15:50:39.669;INFO;Controller;State = Running;
29/08/18;15:50:40.707;INFO;Robot Runtime;executing:    Initialize;
29/08/18;15:50:41.905;INFO;Controller;Activity ExecRobotTask ended. Return value: Done;
29/08/18;15:50:41.905;INFO;Controller;State = Ready;
29/08/18;15:50:41.930;INFO;Server;Command: ExecRobotTask (LatchRobGov,500000);
29/08/18;15:50:41.931;INFO;Controller;Executing asynchronous activity: ExecRobotTask;
29/08/18;15:50:41.931;INFO;Controller;Status = Executing: LatchRobGov;
29/08/18;15:50:41.931;INFO;Controller;State = Running;
29/08/18;15:50:43.269;INFO;Robot Runtime;executing:    LatchRobGov;
29/08/18;15:50:44.149;INFO;Controller;Activity ExecRobotTask ended. Return value: Done;
29/08/18;15:50:44.149;INFO;Controller;State = Ready;
29/08/18;15:50:44.164;INFO;Server;Command: ExecRobotTask (TraceSample,500000);
29/08/18;15:50:44.164;INFO;Controller;Executing asynchronous activity: ExecRobotTask;
29/08/18;15:50:44.164;INFO;Controller;Status = Executing: TraceSample;
29/08/18;15:50:44.164;INFO;Controller;State = Running;
29/08/18;15:50:45.142;INFO;Robot Runtime;executing:    TraceSample;
29/08/18;15:50:46.129;INFO;Controller;Activity ExecRobotTask ended. Return value: Done False/False/False;
29/08/18;15:50:46.129;INFO;Controller;State = Ready;
29/08/18;15:50:46.144;INFO;Server;Command: ExecRobotTask (CoolDown,500000);
29/08/18;15:50:46.144;INFO;Controller;Executing asynchronous activity: ExecRobotTask;
29/08/18;15:50:46.144;INFO;Controller;Status = Executing: CoolDown;
29/08/18;15:50:46.144;INFO;Controller;State = Running;
29/08/18;15:50:46.991;INFO;Robot Runtime;executing:    CoolDown;
29/08/18;15:52:30.603;INFO;Controller;Activity ExecRobotTask ended. Return value: Done;
29/08/18;15:52:30.603;INFO;Controller;State = Ready;
29/08/18;15:52:30.806;INFO;Server;Command: ExecRobotTask (Load,500000);
29/08/18;15:52:30.807;INFO;Controller;Executing asynchronous activity: ExecRobotTask;
29/08/18;15:52:30.807;INFO;Controller;Status = Executing: Load;
29/08/18;15:52:30.807;INFO;Controller;State = Running;
29/08/18;15:52:32.130;INFO;Robot Runtime;executing:    Load;
29/08/18;15:52:41.812;INFO;Controller;Activity ExecRobotTask ended. Return value: Done False/False/False;
29/08/18;15:52:41.812;INFO;Controller;State = Ready;
29/08/18;15:52:41.825;INFO;Server;Command: ExecRobotTask (Park,500000);
29/08/18;15:52:41.825;INFO;Controller;Executing asynchronous activity: ExecRobotTask;
29/08/18;15:52:41.825;INFO;Controller;Status = Executing: Park;
29/08/18;15:52:41.825;INFO;Controller;State = Running;
29/08/18;15:52:42.766;INFO;Robot Runtime;executing:    Park;
29/08/18;15:52:46.345;INFO;Controller;Activity ExecRobotTask ended. Return value: Done;
29/08/18;15:52:46.345;INFO;Controller;State = Ready;
29/08/18;15:52:58.535;INFO;Server;Command: ExecRobotTask (Initialize,500000);
29/08/18;15:52:58.535;INFO;Controller;Executing asynchronous activity: ExecRobotTask;
29/08/18;15:52:58.535;INFO;Controller;Status = Executing: Initialize;
29/08/18;15:52:58.535;INFO;Controller;State = Running;
29/08/18;15:52:59.395;INFO;Robot Runtime;executing:    Initialize;
29/08/18;15:52:59.794;INFO;Controller;Activity ExecRobotTask ended. Return value: Done;
29/08/18;15:52:59.794;INFO;Controller;State = Ready;
29/08/18;15:52:59.807;INFO;Server;Command: ExecRobotTask (LatchRobGov,500000);
29/08/18;15:52:59.807;INFO;Controller;Executing asynchronous activity: ExecRobotTask;
29/08/18;15:52:59.807;INFO;Controller;Status = Executing: LatchRobGov;
29/08/18;15:52:59.807;INFO;Controller;State = Running;
29/08/18;15:53:01.140;INFO;Robot Runtime;executing:    LatchRobGov;
29/08/18;15:53:01.537;INFO;Controller;Activity ExecRobotTask ended. Return value: Done;
29/08/18;15:53:01.537;INFO;Controller;State = Ready;
29/08/18;15:53:01.545;INFO;Server;Command: ExecRobotTask (TraceSample,500000);
29/08/18;15:53:01.545;INFO;Controller;Executing asynchronous activity: ExecRobotTask;
29/08/18;15:53:01.545;INFO;Controller;Status = Executing: TraceSample;
29/08/18;15:53:01.545;INFO;Controller;State = Running;
29/08/18;15:53:02.526;INFO;Robot Runtime;executing:    TraceSample;
29/08/18;15:53:05.075;INFO;Controller;Activity ExecRobotTask ended. Return value: Done False/False/False;
29/08/18;15:53:05.075;INFO;Controller;State = Ready;
29/08/18;15:53:05.091;INFO;Server;Command: ExecRobotTask (CoolDown,500000);
29/08/18;15:53:05.091;INFO;Controller;Executing asynchronous activity: ExecRobotTask;
29/08/18;15:53:05.091;INFO;Controller;Status = Executing: CoolDown;
29/08/18;15:53:05.091;INFO;Controller;State = Running;
29/08/18;15:53:05.958;INFO;Robot Runtime;executing:    CoolDown;
29/08/18;15:53:06.114;INFO;Controller;Activity ExecRobotTask ended. Return value: Done;
29/08/18;15:53:06.115;INFO;Controller;State = Ready;
29/08/18;15:53:06.323;INFO;Server;Command: ExecRobotTask (Load,500000);
29/08/18;15:53:06.323;INFO;Controller;Executing asynchronous activity: ExecRobotTask;
29/08/18;15:53:06.323;INFO;Controller;Status = Executing: Load;
29/08/18;15:53:06.323;INFO;Controller;State = Running;
29/08/18;15:53:07.644;INFO;Robot Runtime;executing:    Load;
29/08/18;15:53:16.690;INFO;Controller;Activity ExecRobotTask ended. Return value: Done False/False/False;
29/08/18;15:53:16.691;INFO;Controller;State = Ready;
29/08/18;15:53:16.706;INFO;Server;Command: ExecRobotTask (Park,500000);
29/08/18;15:53:16.706;INFO;Controller;Executing asynchronous activity: ExecRobotTask;
29/08/18;15:53:16.706;INFO;Controller;Status = Executing: Park;
29/08/18;15:53:16.706;INFO;Controller;State = Running;
29/08/18;15:53:17.646;INFO;Robot Runtime;executing:    Park;
29/08/18;15:53:21.229;INFO;Controller;Activity ExecRobotTask ended. Return value: Done;
29/08/18;15:53:21.229;INFO;Controller;State = Ready;
29/08/18;15:54:13.066;INFO;Server;Command: ExecRobotTask (OpenPortLid,500000);
29/08/18;15:54:13.066;INFO;Controller;Executing asynchronous activity: ExecRobotTask;
29/08/18;15:54:13.067;INFO;Controller;Status = Executing: OpenPortLid;
29/08/18;15:54:13.067;INFO;Controller;State = Running;
29/08/18;15:54:13.911;INFO;Robot Runtime;executing:    OpenPortLid;
29/08/18;15:54:14.785;INFO;Controller;Activity ExecRobotTask ended. Return value: Done;
29/08/18;15:54:14.785;INFO;Controller;State = Ready;
29/08/18;15:57:04.773;INFO;Server;Command: ExecRobotTask (ClosePorts,500000);
29/08/18;15:57:04.773;INFO;Controller;Executing asynchronous activity: ExecRobotTask;
29/08/18;15:57:04.774;INFO;Controller;Status = Executing: ClosePorts;
29/08/18;15:57:04.774;INFO;Controller;State = Running;
29/08/18;15:57:05.709;INFO;Robot Runtime;executing:    ClosePorts;
29/08/18;15:57:06.079;INFO;Controller;Activity ExecRobotTask ended. Return value: Done;
29/08/18;15:57:06.080;INFO;Controller;State = Ready;
29/08/18;15:57:17.172;INFO;Server;Command: ExecRobotTask (Initialize,500000);
29/08/18;15:57:17.173;INFO;Controller;Executing asynchronous activity: ExecRobotTask;
29/08/18;15:57:17.173;INFO;Controller;Status = Executing: Initialize;
29/08/18;15:57:17.173;INFO;Controller;State = Running;
29/08/18;15:57:18.408;INFO;Robot Runtime;executing:    Initialize;
29/08/18;15:57:19.669;INFO;Controller;Activity ExecRobotTask ended. Return value: Done;
29/08/18;15:57:19.670;INFO;Controller;State = Ready;
29/08/18;15:57:19.684;INFO;Server;Command: ExecRobotTask (LatchRobGov,500000);
29/08/18;15:57:19.684;INFO;Controller;Executing asynchronous activity: ExecRobotTask;
29/08/18;15:57:19.684;INFO;Controller;Status = Executing: LatchRobGov;
29/08/18;15:57:19.684;INFO;Controller;State = Running;
29/08/18;15:57:20.755;INFO;Robot Runtime;executing:    LatchRobGov;
29/08/18;15:57:21.158;INFO;Controller;Activity ExecRobotTask ended. Return value: Done;
29/08/18;15:57:21.158;INFO;Controller;State = Ready;
29/08/18;15:57:21.170;INFO;Server;Command: ExecRobotTask (TraceSample,500000);
29/08/18;15:57:21.170;INFO;Controller;Executing asynchronous activity: ExecRobotTask;
29/08/18;15:57:21.170;INFO;Controller;Status = Executing: TraceSample;
29/08/18;15:57:21.170;INFO;Controller;State = Running;
29/08/18;15:57:22.412;INFO;Robot Runtime;executing:    TraceSample;
29/08/18;15:57:25.007;INFO;Controller;Activity ExecRobotTask ended. Return value: Done False/False/False;
29/08/18;15:57:25.008;INFO;Controller;State = Ready;
29/08/18;15:57:25.021;INFO;Server;Command: ExecRobotTask (CoolDown,500000);
29/08/18;15:57:25.021;INFO;Controller;Executing asynchronous activity: ExecRobotTask;
29/08/18;15:57:25.021;INFO;Controller;Status = Executing: CoolDown;
29/08/18;15:57:25.021;INFO;Controller;State = Running;
29/08/18;15:57:25.876;INFO;Robot Runtime;executing:    CoolDown;
29/08/18;15:57:26.050;INFO;Controller;Activity ExecRobotTask ended. Return value: Done;
29/08/18;15:57:26.050;INFO;Controller;State = Ready;
29/08/18;15:57:26.257;INFO;Server;Command: ExecRobotTask (Load,500000);
29/08/18;15:57:26.257;INFO;Controller;Executing asynchronous activity: ExecRobotTask;
29/08/18;15:57:26.257;INFO;Controller;Status = Executing: Load;
29/08/18;15:57:26.257;INFO;Controller;State = Running;
29/08/18;15:57:27.300;INFO;Robot Runtime;executing:    Load;
29/08/18;15:57:35.971;INFO;Controller;Activity ExecRobotTask ended. Return value: Done False/True/False;
29/08/18;15:57:35.971;INFO;Controller;State = Ready;
29/08/18;15:57:35.994;INFO;Server;Command: ExecRobotTask (Mount,500000);
29/08/18;15:57:35.994;INFO;Controller;Executing asynchronous activity: ExecRobotTask;
29/08/18;15:57:35.994;INFO;Controller;Status = Executing: Mount;
29/08/18;15:57:35.994;INFO;Controller;State = Running;
29/08/18;15:57:37.244;INFO;Robot Runtime;executing:    Mount;
29/08/18;15:57:44.514;INFO;Controller;Activity ExecRobotTask ended. Return value: Done True/False/False;
29/08/18;15:57:44.514;INFO;Controller;State = Ready;
29/08/18;15:57:44.535;INFO;Server;Command: ExecRobotTask (Park,500000);
29/08/18;15:57:44.535;INFO;Controller;Executing asynchronous activity: ExecRobotTask;
29/08/18;15:57:44.535;INFO;Controller;Status = Executing: Park;
29/08/18;15:57:44.535;INFO;Controller;State = Running;
29/08/18;15:57:45.397;INFO;Robot Runtime;executing:    Park;
29/08/18;15:57:49.098;INFO;Controller;Activity ExecRobotTask ended. Return value: Done;
29/08/18;15:57:49.098;INFO;Controller;State = Ready;
29/08/18;15:57:49.116;INFO;Server;Command: ExecRobotTask (UnlatchRobGov,500000);
29/08/18;15:57:49.116;INFO;Controller;Executing asynchronous activity: ExecRobotTask;
29/08/18;15:57:49.116;INFO;Controller;Status = Executing: UnlatchRobGov;
29/08/18;15:57:49.116;INFO;Controller;State = Running;
29/08/18;15:57:50.177;INFO;Robot Runtime;executing:    UnlatchRobGov;
29/08/18;15:57:50.585;INFO;Controller;Activity ExecRobotTask ended. Return value: Done;
29/08/18;15:57:50.585;INFO;Controller;State = Ready;
29/08/18;15:58:52.473;INFO;Server;Command: ExecRobotTask (Unmount,500000);
29/08/18;15:58:52.474;INFO;Controller;Executing asynchronous activity: ExecRobotTask;
29/08/18;15:58:52.474;INFO;Controller;Status = Executing: Unmount;
29/08/18;15:58:52.474;INFO;Controller;State = Running;
29/08/18;15:58:53.725;INFO;Robot Runtime;executing:    Unmount;
29/08/18;15:59:04.095;INFO;Controller;Activity ExecRobotTask ended. Return value: Done False/True/False;
29/08/18;15:59:04.095;INFO;Controller;State = Ready;
29/08/18;15:59:04.115;INFO;Server;Command: ExecRobotTask (Unload,500000);
29/08/18;15:59:04.115;INFO;Controller;Executing asynchronous activity: ExecRobotTask;
29/08/18;15:59:04.115;INFO;Controller;Status = Executing: Unload;
29/08/18;15:59:04.115;INFO;Controller;State = Running;
29/08/18;15:59:04.997;INFO;Robot Runtime;executing:    Unload;
29/08/18;15:59:09.705;INFO;Controller;Activity ExecRobotTask ended. Return value: Done False/False/False;
29/08/18;15:59:09.705;INFO;Controller;State = Ready;
29/08/18;15:59:10.047;INFO;Server;Command: ExecRobotTask (Load,500000);
29/08/18;15:59:10.047;INFO;Controller;Executing asynchronous activity: ExecRobotTask;
29/08/18;15:59:10.048;INFO;Controller;Status = Executing: Load;
29/08/18;15:59:10.048;INFO;Controller;State = Running;
29/08/18;15:59:11.446;INFO;Robot Runtime;executing:    Load;
29/08/18;15:59:18.339;INFO;Controller;Activity ExecRobotTask ended. Return value: Done False/True/False;
29/08/18;15:59:18.339;INFO;Controller;State = Ready;
29/08/18;15:59:18.363;INFO;Server;Command: ExecRobotTask (Mount,500000);
29/08/18;15:59:18.363;INFO;Controller;Executing asynchronous activity: ExecRobotTask;
29/08/18;15:59:18.363;INFO;Controller;Status = Executing: Mount;
29/08/18;15:59:18.363;INFO;Controller;State = Running;
29/08/18;15:59:19.269;INFO;Robot Runtime;executing:    Mount;
29/08/18;15:59:27.228;INFO;Controller;Activity ExecRobotTask ended. Return value: Done True/False/False;
29/08/18;15:59:27.228;INFO;Controller;State = Ready;
29/08/18;15:59:27.246;INFO;Server;Command: ExecRobotTask (Park,500000);
29/08/18;15:59:27.247;INFO;Controller;Executing asynchronous activity: ExecRobotTask;
29/08/18;15:59:27.247;INFO;Controller;Status = Executing: Park;
29/08/18;15:59:27.247;INFO;Controller;State = Running;
29/08/18;15:59:28.092;INFO;Robot Runtime;executing:    Park;
29/08/18;15:59:31.763;INFO;Controller;Activity ExecRobotTask ended. Return value: Done;
29/08/18;15:59:31.763;INFO;Controller;State = Ready;
29/08/18;15:59:31.781;INFO;Server;Command: ExecRobotTask (UnlatchRobGov,500000);
29/08/18;15:59:31.781;INFO;Controller;Executing asynchronous activity: ExecRobotTask;
29/08/18;15:59:31.781;INFO;Controller;Status = Executing: UnlatchRobGov;
29/08/18;15:59:31.781;INFO;Controller;State = Running;
29/08/18;15:59:33.208;INFO;Robot Runtime;executing:    UnlatchRobGov;
29/08/18;15:59:33.357;INFO;Controller;Activity ExecRobotTask ended. Return value: Done;
29/08/18;15:59:33.358;INFO;Controller;State = Ready;
29/08/18;16:00:53.775;INFO;Server;Command: ExecRobotTask (Unmount,500000);
29/08/18;16:00:53.776;INFO;Controller;Executing asynchronous activity: ExecRobotTask;
29/08/18;16:00:53.776;INFO;Controller;Status = Executing: Unmount;
29/08/18;16:00:53.776;INFO;Controller;State = Running;
29/08/18;16:00:54.689;INFO;Robot Runtime;executing:    Unmount;
29/08/18;16:01:06.866;INFO;Controller;Activity ExecRobotTask ended. Return value: Done False/True/False;
29/08/18;16:01:06.866;INFO;Controller;State = Ready;
29/08/18;16:01:06.889;INFO;Server;Command: ExecRobotTask (Unload,500000);
29/08/18;16:01:06.889;INFO;Controller;Executing asynchronous activity: ExecRobotTask;
29/08/18;16:01:06.889;INFO;Controller;Status = Executing: Unload;
29/08/18;16:01:06.889;INFO;Controller;State = Running;
29/08/18;16:01:07.740;INFO;Robot Runtime;executing:    Unload;
29/08/18;16:01:12.456;INFO;Controller;Activity ExecRobotTask ended. Return value: Done False/False/False;
29/08/18;16:01:12.456;INFO;Controller;State = Ready;
29/08/18;16:01:12.805;INFO;Server;Command: ExecRobotTask (Load,500000);
29/08/18;16:01:12.805;INFO;Controller;Executing asynchronous activity: ExecRobotTask;
29/08/18;16:01:12.805;INFO;Controller;Status = Executing: Load;
29/08/18;16:01:12.805;INFO;Controller;State = Running;
29/08/18;16:01:14.218;INFO;Robot Runtime;executing:    Load;
29/08/18;16:01:21.102;INFO;Controller;Activity ExecRobotTask ended. Return value: Done False/True/False;
29/08/18;16:01:21.102;INFO;Controller;State = Ready;
29/08/18;16:01:21.122;INFO;Server;Command: ExecRobotTask (Mount,500000);
29/08/18;16:01:21.123;INFO;Controller;Executing asynchronous activity: ExecRobotTask;
29/08/18;16:01:21.123;INFO;Controller;Status = Executing: Mount;
29/08/18;16:01:21.123;INFO;Controller;State = Running;
29/08/18;16:01:22.031;INFO;Robot Runtime;executing:    Mount;
29/08/18;16:01:29.972;INFO;Controller;Activity ExecRobotTask ended. Return value: Done True/False/False;
29/08/18;16:01:29.972;INFO;Controller;State = Ready;
29/08/18;16:01:29.990;INFO;Server;Command: ExecRobotTask (Park,500000);
29/08/18;16:01:29.990;INFO;Controller;Executing asynchronous activity: ExecRobotTask;
29/08/18;16:01:29.990;INFO;Controller;Status = Executing: Park;
29/08/18;16:01:29.990;INFO;Controller;State = Running;
29/08/18;16:01:30.839;INFO;Robot Runtime;executing:    Park;
29/08/18;16:01:34.502;INFO;Controller;Activity ExecRobotTask ended. Return value: Done;
29/08/18;16:01:34.502;INFO;Controller;State = Ready;
29/08/18;16:01:34.525;INFO;Server;Command: ExecRobotTask (UnlatchRobGov,500000);
29/08/18;16:01:34.525;INFO;Controller;Executing asynchronous activity: ExecRobotTask;
29/08/18;16:01:34.525;INFO;Controller;Status = Executing: UnlatchRobGov;
29/08/18;16:01:34.526;INFO;Controller;State = Running;
29/08/18;16:01:35.948;INFO;Robot Runtime;executing:    UnlatchRobGov;
29/08/18;16:01:36.102;INFO;Controller;Activity ExecRobotTask ended. Return value: Done;
29/08/18;16:01:36.102;INFO;Controller;State = Ready;
29/08/18;16:03:46.578;INFO;Server;Command: ExecRobotTask (Unmount,500000);
29/08/18;16:03:46.578;INFO;Controller;Executing asynchronous activity: ExecRobotTask;
29/08/18;16:03:46.578;INFO;Controller;Status = Executing: Unmount;
29/08/18;16:03:46.578;INFO;Controller;State = Running;
29/08/18;16:03:47.495;INFO;Robot Runtime;executing:    Unmount;
29/08/18;16:03:59.097;INFO;Controller;Activity ExecRobotTask ended. Return value: Done False/True/False;
29/08/18;16:03:59.097;INFO;Controller;State = Ready;
29/08/18;16:03:59.114;INFO;Server;Command: ExecRobotTask (Unload,500000);
29/08/18;16:03:59.114;INFO;Controller;Executing asynchronous activity: ExecRobotTask;
29/08/18;16:03:59.114;INFO;Controller;Status = Executing: Unload;
29/08/18;16:03:59.114;INFO;Controller;State = Running;
29/08/18;16:03:59.967;INFO;Robot Runtime;executing:    Unload;
29/08/18;16:04:04.701;INFO;Controller;Activity ExecRobotTask ended. Return value: Done False/False/False;
29/08/18;16:04:04.701;INFO;Controller;State = Ready;
29/08/18;16:04:05.051;INFO;Server;Command: ExecRobotTask (Load,500000);
29/08/18;16:04:05.051;INFO;Controller;Executing asynchronous activity: ExecRobotTask;
29/08/18;16:04:05.051;INFO;Controller;Status = Executing: Load;
29/08/18;16:04:05.051;INFO;Controller;State = Running;
29/08/18;16:04:06.466;INFO;Robot Runtime;executing:    Load;
29/08/18;16:04:13.360;INFO;Controller;Activity ExecRobotTask ended. Return value: Done False/True/False;
29/08/18;16:04:13.360;INFO;Controller;State = Ready;
29/08/18;16:04:13.381;INFO;Server;Command: ExecRobotTask (Mount,500000);
29/08/18;16:04:13.381;INFO;Controller;Executing asynchronous activity: ExecRobotTask;
29/08/18;16:04:13.381;INFO;Controller;Status = Executing: Mount;
29/08/18;16:04:13.381;INFO;Controller;State = Running;
29/08/18;16:04:14.292;INFO;Robot Runtime;executing:    Mount;
29/08/18;16:04:22.238;INFO;Controller;Activity ExecRobotTask ended. Return value: Done True/False/False;
29/08/18;16:04:22.238;INFO;Controller;State = Ready;
29/08/18;16:04:22.261;INFO;Server;Command: ExecRobotTask (Park,500000);
29/08/18;16:04:22.261;INFO;Controller;Executing asynchronous activity: ExecRobotTask;
29/08/18;16:04:22.262;INFO;Controller;Status = Executing: Park;
29/08/18;16:04:22.262;INFO;Controller;State = Running;
29/08/18;16:04:23.108;INFO;Robot Runtime;executing:    Park;
29/08/18;16:04:26.774;INFO;Controller;Activity ExecRobotTask ended. Return value: Done;
29/08/18;16:04:26.774;INFO;Controller;State = Ready;
29/08/18;16:04:26.799;INFO;Server;Command: ExecRobotTask (UnlatchRobGov,500000);
29/08/18;16:04:26.799;INFO;Controller;Executing asynchronous activity: ExecRobotTask;
29/08/18;16:04:26.799;INFO;Controller;Status = Executing: UnlatchRobGov;
29/08/18;16:04:26.799;INFO;Controller;State = Running;
29/08/18;16:04:28.222;INFO;Robot Runtime;executing:    UnlatchRobGov;
29/08/18;16:04:28.374;INFO;Controller;Activity ExecRobotTask ended. Return value: Done;
29/08/18;16:04:28.374;INFO;Controller;State = Ready;
29/08/18;16:05:35.769;INFO;Server;Command: ExecRobotTask (Unmount,500000);
29/08/18;16:05:35.770;INFO;Controller;Executing asynchronous activity: ExecRobotTask;
29/08/18;16:05:35.770;INFO;Controller;Status = Executing: Unmount;
29/08/18;16:05:35.770;INFO;Controller;State = Running;
29/08/18;16:05:35.886;INFO;Robot Runtime;executing:    Unmount;
29/08/18;16:05:45.932;INFO;Controller;Activity ExecRobotTask ended. Return value: Done False/True/False;
29/08/18;16:05:45.933;INFO;Controller;State = Ready;
29/08/18;16:05:45.957;INFO;Server;Command: ExecRobotTask (Unload,500000);
29/08/18;16:05:45.957;INFO;Controller;Executing asynchronous activity: ExecRobotTask;
29/08/18;16:05:45.957;INFO;Controller;Status = Executing: Unload;
29/08/18;16:05:45.957;INFO;Controller;State = Running;
29/08/18;16:05:46.037;INFO;Robot Runtime;executing:    Unload;
29/08/18;16:05:50.480;INFO;Controller;Activity ExecRobotTask ended. Return value: Done False/False/False;
29/08/18;16:05:50.480;INFO;Controller;State = Ready;
29/08/18;16:05:50.843;INFO;Server;Command: ExecRobotTask (Load,500000);
29/08/18;16:05:50.843;INFO;Controller;Executing asynchronous activity: ExecRobotTask;
29/08/18;16:05:50.844;INFO;Controller;Status = Executing: Load;
29/08/18;16:05:50.844;INFO;Controller;State = Running;
29/08/18;16:05:50.955;INFO;Robot Runtime;executing:    Load;
29/08/18;16:05:57.878;INFO;Controller;Activity ExecRobotTask ended. Return value: Done False/True/False;
29/08/18;16:05:57.878;INFO;Controller;State = Ready;
29/08/18;16:05:57.901;INFO;Server;Command: ExecRobotTask (Mount,500000);
29/08/18;16:05:57.901;INFO;Controller;Executing asynchronous activity: ExecRobotTask;
29/08/18;16:05:57.901;INFO;Controller;Status = Executing: Mount;
29/08/18;16:05:57.901;INFO;Controller;State = Running;
29/08/18;16:05:57.978;INFO;Robot Runtime;executing:    Mount;
29/08/18;16:06:05.897;INFO;Controller;Activity ExecRobotTask ended. Return value: Done True/False/False;
29/08/18;16:06:05.897;INFO;Controller;State = Ready;
29/08/18;16:06:05.918;INFO;Server;Command: ExecRobotTask (Park,500000);
29/08/18;16:06:05.918;INFO;Controller;Executing asynchronous activity: ExecRobotTask;
29/08/18;16:06:05.918;INFO;Controller;Status = Executing: Park;
29/08/18;16:06:05.918;INFO;Controller;State = Running;
29/08/18;16:06:05.993;INFO;Robot Runtime;executing:    Park;
29/08/18;16:06:09.552;INFO;Controller;Activity ExecRobotTask ended. Return value: Done;
29/08/18;16:06:09.552;INFO;Controller;State = Ready;
29/08/18;16:06:09.575;INFO;Server;Command: ExecRobotTask (UnlatchRobGov,500000);
29/08/18;16:06:09.575;INFO;Controller;Executing asynchronous activity: ExecRobotTask;
29/08/18;16:06:09.575;INFO;Controller;Status = Executing: UnlatchRobGov;
29/08/18;16:06:09.575;INFO;Controller;State = Running;
29/08/18;16:06:09.685;INFO;Robot Runtime;executing:    UnlatchRobGov;
29/08/18;16:06:10.113;INFO;Controller;Activity ExecRobotTask ended. Return value: Done;
29/08/18;16:06:10.113;INFO;Controller;State = Ready;
29/08/18;16:06:31.993;INFO;Server;Command: ExecRobotTask (Unmount,500000);
29/08/18;16:06:31.993;INFO;Controller;Executing asynchronous activity: ExecRobotTask;
29/08/18;16:06:31.994;INFO;Controller;Status = Executing: Unmount;
29/08/18;16:06:31.994;INFO;Controller;State = Running;
29/08/18;16:06:32.080;INFO;Robot Runtime;executing:    Unmount;
29/08/18;16:06:41.953;INFO;Controller;Activity ExecRobotTask ended. Return value: Done False/True/False;
29/08/18;16:06:41.954;INFO;Controller;State = Ready;
29/08/18;16:06:41.980;INFO;Server;Command: ExecRobotTask (Unload,500000);
29/08/18;16:06:41.981;INFO;Controller;Executing asynchronous activity: ExecRobotTask;
29/08/18;16:06:41.981;INFO;Controller;Status = Executing: Unload;
29/08/18;16:06:41.981;INFO;Controller;State = Running;
29/08/18;16:06:42.059;INFO;Robot Runtime;executing:    Unload;
29/08/18;16:06:46.675;INFO;Controller;Activity ExecRobotTask ended. Return value: Done False/False/False;
29/08/18;16:06:46.675;INFO;Controller;State = Ready;
29/08/18;16:06:47.027;INFO;Server;Command: ExecRobotTask (Load,500000);
29/08/18;16:06:47.027;INFO;Controller;Executing asynchronous activity: ExecRobotTask;
29/08/18;16:06:47.027;INFO;Controller;Status = Executing: Load;
29/08/18;16:06:47.027;INFO;Controller;State = Running;
29/08/18;16:06:47.107;INFO;Robot Runtime;executing:    Load;
29/08/18;16:06:53.761;INFO;Controller;Activity ExecRobotTask ended. Return value: Done False/True/False;
29/08/18;16:06:53.761;INFO;Controller;State = Ready;
29/08/18;16:06:53.787;INFO;Server;Command: ExecRobotTask (Mount,500000);
29/08/18;16:06:53.787;INFO;Controller;Executing asynchronous activity: ExecRobotTask;
29/08/18;16:06:53.787;INFO;Controller;Status = Executing: Mount;
29/08/18;16:06:53.787;INFO;Controller;State = Running;
29/08/18;16:06:53.865;INFO;Robot Runtime;executing:    Mount;
29/08/18;16:07:01.651;INFO;Controller;Activity ExecRobotTask ended. Return value: Done True/False/False;
29/08/18;16:07:01.651;INFO;Controller;State = Ready;
29/08/18;16:07:01.674;INFO;Server;Command: ExecRobotTask (Park,500000);
29/08/18;16:07:01.674;INFO;Controller;Executing asynchronous activity: ExecRobotTask;
29/08/18;16:07:01.674;INFO;Controller;Status = Executing: Park;
29/08/18;16:07:01.674;INFO;Controller;State = Running;
29/08/18;16:07:01.743;INFO;Robot Runtime;executing:    Park;
29/08/18;16:07:05.302;INFO;Controller;Activity ExecRobotTask ended. Return value: Done;
29/08/18;16:07:05.302;INFO;Controller;State = Ready;
29/08/18;16:07:05.328;INFO;Server;Command: ExecRobotTask (UnlatchRobGov,500000);
29/08/18;16:07:05.329;INFO;Controller;Executing asynchronous activity: ExecRobotTask;
29/08/18;16:07:05.329;INFO;Controller;Status = Executing: UnlatchRobGov;
29/08/18;16:07:05.329;INFO;Controller;State = Running;
29/08/18;16:07:05.398;INFO;Robot Runtime;executing:    UnlatchRobGov;
29/08/18;16:07:05.861;INFO;Controller;Activity ExecRobotTask ended. Return value: Done;
29/08/18;16:07:05.862;INFO;Controller;State = Ready;
29/08/18;16:07:22.258;INFO;Server;Command: ExecRobotTask (Unmount,500000);
29/08/18;16:07:22.258;INFO;Controller;Executing asynchronous activity: ExecRobotTask;
29/08/18;16:07:22.258;INFO;Controller;Status = Executing: Unmount;
29/08/18;16:07:22.258;INFO;Controller;State = Running;
29/08/18;16:07:22.345;INFO;Robot Runtime;executing:    Unmount;
29/08/18;16:07:31.937;INFO;Controller;Activity ExecRobotTask ended. Return value: Done False/True/False;
29/08/18;16:07:31.937;INFO;Controller;State = Ready;
29/08/18;16:07:31.960;INFO;Server;Command: ExecRobotTask (Unload,500000);
29/08/18;16:07:31.960;INFO;Controller;Executing asynchronous activity: ExecRobotTask;
29/08/18;16:07:31.960;INFO;Controller;Status = Executing: Unload;
29/08/18;16:07:31.960;INFO;Controller;State = Running;
29/08/18;16:07:32.032;INFO;Robot Runtime;executing:    Unload;
29/08/18;16:07:36.504;INFO;Controller;Activity ExecRobotTask ended. Return value: Done False/False/False;
29/08/18;16:07:36.504;INFO;Controller;State = Ready;
29/08/18;16:07:36.854;INFO;Server;Command: ExecRobotTask (Load,500000);
29/08/18;16:07:36.855;INFO;Controller;Executing asynchronous activity: ExecRobotTask;
29/08/18;16:07:36.855;INFO;Controller;Status = Executing: Load;
29/08/18;16:07:36.855;INFO;Controller;State = Running;
29/08/18;16:07:36.935;INFO;Robot Runtime;executing:    Load;
29/08/18;16:07:43.892;INFO;Controller;Activity ExecRobotTask ended. Return value: Done False/True/False;
29/08/18;16:07:43.892;INFO;Controller;State = Ready;
29/08/18;16:07:43.921;INFO;Server;Command: ExecRobotTask (Mount,500000);
29/08/18;16:07:43.922;INFO;Controller;Executing asynchronous activity: ExecRobotTask;
29/08/18;16:07:43.922;INFO;Controller;Status = Executing: Mount;
29/08/18;16:07:43.922;INFO;Controller;State = Running;
29/08/18;16:07:43.997;INFO;Robot Runtime;executing:    Mount;
29/08/18;16:07:51.160;INFO;Controller;Activity ExecRobotTask ended. Return value: Done True/False/False;
29/08/18;16:07:51.161;INFO;Controller;State = Ready;
29/08/18;16:07:51.190;INFO;Server;Command: ExecRobotTask (Park,500000);
29/08/18;16:07:51.190;INFO;Controller;Executing asynchronous activity: ExecRobotTask;
29/08/18;16:07:51.190;INFO;Controller;Status = Executing: Park;
29/08/18;16:07:51.190;INFO;Controller;State = Running;
29/08/18;16:07:51.272;INFO;Robot Runtime;executing:    Park;
29/08/18;16:07:54.818;INFO;Controller;Activity ExecRobotTask ended. Return value: Done;
29/08/18;16:07:54.818;INFO;Controller;State = Ready;
29/08/18;16:07:54.850;INFO;Server;Command: ExecRobotTask (UnlatchRobGov,500000);
29/08/18;16:07:54.850;INFO;Controller;Executing asynchronous activity: ExecRobotTask;
29/08/18;16:07:54.850;INFO;Controller;Status = Executing: UnlatchRobGov;
29/08/18;16:07:54.850;INFO;Controller;State = Running;
29/08/18;16:07:54.923;INFO;Robot Runtime;executing:    UnlatchRobGov;
29/08/18;16:07:55.378;INFO;Controller;Activity ExecRobotTask ended. Return value: Done;
29/08/18;16:07:55.378;INFO;Controller;State = Ready;
29/08/18;16:11:15.790;INFO;Server;Command: ExecRobotTask (Initialize,500000);
29/08/18;16:11:15.790;INFO;Controller;Executing asynchronous activity: ExecRobotTask;
29/08/18;16:11:15.791;INFO;Controller;Status = Executing: Initialize;
29/08/18;16:11:15.791;INFO;Controller;State = Running;
29/08/18;16:11:15.884;INFO;Robot Runtime;executing:    Initialize;
29/08/18;16:11:16.456;INFO;Controller;Activity ExecRobotTask ended. Return value: Done;
29/08/18;16:11:16.456;INFO;Controller;State = Ready;
29/08/18;16:11:16.469;INFO;Server;Command: ExecRobotTask (LatchRobGov2,500000);
29/08/18;16:11:16.469;INFO;Controller;Executing asynchronous activity: ExecRobotTask;
29/08/18;16:11:16.469;INFO;Controller;Status = Executing: LatchRobGov2;
29/08/18;16:11:16.469;INFO;Controller;State = Running;
29/08/18;16:11:16.559;INFO;Robot Runtime;executing:    LatchRobGov2;
29/08/18;16:11:18.255;INFO;Controller;Activity ExecRobotTask ended. Return value: Done;
29/08/18;16:11:18.255;INFO;Controller;State = Ready;
29/08/18;16:11:18.264;INFO;Server;Command: ExecRobotTask (CoolDown,500000);
29/08/18;16:11:18.264;INFO;Controller;Executing asynchronous activity: ExecRobotTask;
29/08/18;16:11:18.264;INFO;Controller;Status = Executing: CoolDown;
29/08/18;16:11:18.264;INFO;Controller;State = Running;
29/08/18;16:11:18.335;INFO;Robot Runtime;executing:    CoolDown;
29/08/18;16:11:18.817;INFO;Controller;Activity ExecRobotTask ended. Return value: Done;
29/08/18;16:11:18.818;INFO;Controller;State = Ready;
29/08/18;16:11:19.826;INFO;Server;Command: ExecRobotTask (Home,500000);
29/08/18;16:11:19.826;INFO;Controller;Executing asynchronous activity: ExecRobotTask;
29/08/18;16:11:19.826;INFO;Controller;Status = Executing: Home;
29/08/18;16:11:19.826;INFO;Controller;State = Running;
29/08/18;16:11:19.905;INFO;Robot Runtime;executing:    Home;
29/08/18;16:11:22.419;INFO;Controller;Activity ExecRobotTask ended. Return value: Done;
29/08/18;16:11:22.420;INFO;Controller;State = Ready;
29/08/18;16:11:22.434;INFO;Server;Command: ExecRobotTask (ClosePorts,500000);
29/08/18;16:11:22.434;INFO;Controller;Executing asynchronous activity: ExecRobotTask;
29/08/18;16:11:22.434;INFO;Controller;Status = Executing: ClosePorts;
29/08/18;16:11:22.434;INFO;Controller;State = Running;
29/08/18;16:11:22.531;INFO;Robot Runtime;executing:    ClosePorts;
29/08/18;16:11:22.979;INFO;Controller;Activity ExecRobotTask ended. Return value: Done;
29/08/18;16:11:22.979;INFO;Controller;State = Ready;
29/08/18;16:11:23.259;INFO;Server;Command: ExecRobotTask (Unmount,500000);
29/08/18;16:11:23.260;INFO;Controller;Executing asynchronous activity: ExecRobotTask;
29/08/18;16:11:23.260;INFO;Controller;Status = Executing: Unmount;
29/08/18;16:11:23.260;INFO;Controller;State = Running;
29/08/18;16:11:23.370;INFO;Robot Runtime;executing:    Unmount;
29/08/18;16:11:30.014;INFO;Controller;Activity ExecRobotTask ended. Return value: Done False/True/False;
29/08/18;16:11:30.014;INFO;Controller;State = Ready;
29/08/18;16:11:30.028;INFO;Server;Command: ExecRobotTask (Unload,500000);
29/08/18;16:11:30.028;INFO;Controller;Executing asynchronous activity: ExecRobotTask;
29/08/18;16:11:30.028;INFO;Controller;Status = Executing: Unload;
29/08/18;16:11:30.028;INFO;Controller;State = Running;
29/08/18;16:11:30.103;INFO;Robot Runtime;executing:    Unload;
29/08/18;16:11:34.736;INFO;Controller;Activity ExecRobotTask ended. Return value: Done False/False/False;
29/08/18;16:11:34.736;INFO;Controller;State = Ready;
29/08/18;16:11:37.502;INFO;Server;Command: ExecRobotTask (Load,500000);
29/08/18;16:11:37.502;INFO;Controller;Executing asynchronous activity: ExecRobotTask;
29/08/18;16:11:37.502;INFO;Controller;Status = Executing: Load;
29/08/18;16:11:37.502;INFO;Controller;State = Running;
29/08/18;16:11:37.579;INFO;Robot Runtime;executing:    Load;
29/08/18;16:11:44.278;INFO;Controller;Activity ExecRobotTask ended. Return value: Done False/True/False;
29/08/18;16:11:44.278;INFO;Controller;State = Ready;
29/08/18;16:11:44.290;INFO;Server;Command: ExecRobotTask (Mount,500000);
29/08/18;16:11:44.290;INFO;Controller;Executing asynchronous activity: ExecRobotTask;
29/08/18;16:11:44.290;INFO;Controller;Status = Executing: Mount;
29/08/18;16:11:44.290;INFO;Controller;State = Running;
29/08/18;16:11:44.366;INFO;Robot Runtime;executing:    Mount;
29/08/18;16:11:51.805;INFO;Controller;Activity ExecRobotTask ended. Return value: Done True/False/False;
29/08/18;16:11:51.805;INFO;Controller;State = Ready;
29/08/18;16:11:51.820;INFO;Server;Command: ExecRobotTask (Park,500000);
29/08/18;16:11:51.820;INFO;Controller;Executing asynchronous activity: ExecRobotTask;
29/08/18;16:11:51.820;INFO;Controller;Status = Executing: Park;
29/08/18;16:11:51.820;INFO;Controller;State = Running;
29/08/18;16:11:51.893;INFO;Robot Runtime;executing:    Park;
29/08/18;16:11:55.638;INFO;Controller;Activity ExecRobotTask ended. Return value: Done;
29/08/18;16:11:55.638;INFO;Controller;State = Ready;
29/08/18;16:11:55.648;INFO;Server;Command: ExecRobotTask (UnlatchRobGov,500000);
29/08/18;16:11:55.649;INFO;Controller;Executing asynchronous activity: ExecRobotTask;
29/08/18;16:11:55.649;INFO;Controller;Status = Executing: UnlatchRobGov;
29/08/18;16:11:55.649;INFO;Controller;State = Running;
29/08/18;16:11:55.721;INFO;Robot Runtime;executing:    UnlatchRobGov;
29/08/18;16:11:56.196;INFO;Controller;Activity ExecRobotTask ended. Return value: Done;
29/08/18;16:11:56.196;INFO;Controller;State = Ready;
29/08/18;16:12:24.361;INFO;Server;Command: ExecRobotTask (Initialize,500000);
29/08/18;16:12:24.361;INFO;Controller;Executing asynchronous activity: ExecRobotTask;
29/08/18;16:12:24.361;INFO;Controller;Status = Executing: Initialize;
29/08/18;16:12:24.361;INFO;Controller;State = Running;
29/08/18;16:12:24.425;INFO;Robot Runtime;executing:    Initialize;
29/08/18;16:12:24.991;INFO;Controller;Activity ExecRobotTask ended. Return value: Done;
29/08/18;16:12:24.991;INFO;Controller;State = Ready;
29/08/18;16:12:25.004;INFO;Server;Command: ExecRobotTask (LatchRobGov2,500000);
29/08/18;16:12:25.004;INFO;Controller;Executing asynchronous activity: ExecRobotTask;
29/08/18;16:12:25.004;INFO;Controller;Status = Executing: LatchRobGov2;
29/08/18;16:12:25.004;INFO;Controller;State = Running;
29/08/18;16:12:25.077;INFO;Robot Runtime;executing:    LatchRobGov2;
29/08/18;16:12:26.810;INFO;Controller;Activity ExecRobotTask ended. Return value: Done;
29/08/18;16:12:26.810;INFO;Controller;State = Ready;
29/08/18;16:12:26.828;INFO;Server;Command: ExecRobotTask (CoolDown,500000);
29/08/18;16:12:26.828;INFO;Controller;Executing asynchronous activity: ExecRobotTask;
29/08/18;16:12:26.828;INFO;Controller;Status = Executing: CoolDown;
29/08/18;16:12:26.828;INFO;Controller;State = Running;
29/08/18;16:12:26.913;INFO;Robot Runtime;executing:    CoolDown;
29/08/18;16:12:27.375;INFO;Controller;Activity ExecRobotTask ended. Return value: Done;
29/08/18;16:12:27.376;INFO;Controller;State = Ready;
29/08/18;16:12:28.393;INFO;Server;Command: ExecRobotTask (Home,500000);
29/08/18;16:12:28.393;INFO;Controller;Executing asynchronous activity: ExecRobotTask;
29/08/18;16:12:28.393;INFO;Controller;Status = Executing: Home;
29/08/18;16:12:28.393;INFO;Controller;State = Running;
29/08/18;16:12:28.464;INFO;Robot Runtime;executing:    Home;
29/08/18;16:12:31.013;INFO;Controller;Activity ExecRobotTask ended. Return value: Done;
29/08/18;16:12:31.013;INFO;Controller;State = Ready;
29/08/18;16:12:31.026;INFO;Server;Command: ExecRobotTask (ClosePorts,500000);
29/08/18;16:12:31.026;INFO;Controller;Executing asynchronous activity: ExecRobotTask;
29/08/18;16:12:31.026;INFO;Controller;Status = Executing: ClosePorts;
29/08/18;16:12:31.026;INFO;Controller;State = Running;
29/08/18;16:12:31.094;INFO;Robot Runtime;executing:    ClosePorts;
29/08/18;16:12:31.574;INFO;Controller;Activity ExecRobotTask ended. Return value: Done;
29/08/18;16:12:31.574;INFO;Controller;State = Ready;
29/08/18;16:12:31.855;INFO;Server;Command: ExecRobotTask (Unmount,500000);
29/08/18;16:12:31.855;INFO;Controller;Executing asynchronous activity: ExecRobotTask;
29/08/18;16:12:31.855;INFO;Controller;Status = Executing: Unmount;
29/08/18;16:12:31.855;INFO;Controller;State = Running;
29/08/18;16:12:31.943;INFO;Robot Runtime;executing:    Unmount;
29/08/18;16:12:39.125;INFO;Controller;Activity ExecRobotTask ended. Return value: Done False/True/False;
29/08/18;16:12:39.126;INFO;Controller;State = Ready;
29/08/18;16:12:39.141;INFO;Server;Command: ExecRobotTask (Unload,500000);
29/08/18;16:12:39.141;INFO;Controller;Executing asynchronous activity: ExecRobotTask;
29/08/18;16:12:39.141;INFO;Controller;Status = Executing: Unload;
29/08/18;16:12:39.141;INFO;Controller;State = Running;
29/08/18;16:12:39.237;INFO;Robot Runtime;executing:    Unload;
29/08/18;16:12:43.692;INFO;Controller;Activity ExecRobotTask ended. Return value: Done False/False/False;
29/08/18;16:12:43.692;INFO;Controller;State = Ready;
29/08/18;16:12:46.474;INFO;Server;Command: ExecRobotTask (Load,500000);
29/08/18;16:12:46.474;INFO;Controller;Executing asynchronous activity: ExecRobotTask;
29/08/18;16:12:46.474;INFO;Controller;Status = Executing: Load;
29/08/18;16:12:46.474;INFO;Controller;State = Running;
29/08/18;16:12:46.552;INFO;Robot Runtime;executing:    Load;
29/08/18;16:12:53.187;INFO;Controller;Activity ExecRobotTask ended. Return value: Done False/True/False;
29/08/18;16:12:53.187;INFO;Controller;State = Ready;
29/08/18;16:12:53.205;INFO;Server;Command: ExecRobotTask (Mount,500000);
29/08/18;16:12:53.205;INFO;Controller;Executing asynchronous activity: ExecRobotTask;
29/08/18;16:12:53.205;INFO;Controller;Status = Executing: Mount;
29/08/18;16:12:53.205;INFO;Controller;State = Running;
29/08/18;16:12:53.283;INFO;Robot Runtime;executing:    Mount;
29/08/18;16:13:01.154;INFO;Controller;Activity ExecRobotTask ended. Return value: Done True/False/False;
29/08/18;16:13:01.155;INFO;Controller;State = Ready;
29/08/18;16:13:01.176;INFO;Server;Command: ExecRobotTask (Park,500000);
29/08/18;16:13:01.176;INFO;Controller;Executing asynchronous activity: ExecRobotTask;
29/08/18;16:13:01.176;INFO;Controller;Status = Executing: Park;
29/08/18;16:13:01.176;INFO;Controller;State = Running;
29/08/18;16:13:01.246;INFO;Robot Runtime;executing:    Park;
29/08/18;16:13:04.804;INFO;Controller;Activity ExecRobotTask ended. Return value: Done;
29/08/18;16:13:04.804;INFO;Controller;State = Ready;
29/08/18;16:13:04.824;INFO;Server;Command: ExecRobotTask (UnlatchRobGov,500000);
29/08/18;16:13:04.824;INFO;Controller;Executing asynchronous activity: ExecRobotTask;
29/08/18;16:13:04.824;INFO;Controller;Status = Executing: UnlatchRobGov;
29/08/18;16:13:04.824;INFO;Controller;State = Running;
29/08/18;16:13:04.895;INFO;Robot Runtime;executing:    UnlatchRobGov;
29/08/18;16:13:05.367;INFO;Controller;Activity ExecRobotTask ended. Return value: Done;
29/08/18;16:13:05.367;INFO;Controller;State = Ready;
29/08/18;16:13:57.564;INFO;Server;Command: ExecRobotTask (Initialize,500000);
29/08/18;16:13:57.564;INFO;Controller;Executing asynchronous activity: ExecRobotTask;
29/08/18;16:13:57.564;INFO;Controller;Status = Executing: Initialize;
29/08/18;16:13:57.564;INFO;Controller;State = Running;
29/08/18;16:13:57.629;INFO;Robot Runtime;executing:    Initialize;
29/08/18;16:13:58.183;INFO;Controller;Activity ExecRobotTask ended. Return value: Done;
29/08/18;16:13:58.183;INFO;Controller;State = Ready;
29/08/18;16:13:58.200;INFO;Server;Command: ExecRobotTask (LatchRobGov2,500000);
29/08/18;16:13:58.200;INFO;Controller;Executing asynchronous activity: ExecRobotTask;
29/08/18;16:13:58.201;INFO;Controller;Status = Executing: LatchRobGov2;
29/08/18;16:13:58.201;INFO;Controller;State = Running;
29/08/18;16:13:58.271;INFO;Robot Runtime;executing:    LatchRobGov2;
29/08/18;16:14:00.483;INFO;Controller;Activity ExecRobotTask ended. Return value: Done;
29/08/18;16:14:00.483;INFO;Controller;State = Ready;
29/08/18;16:14:00.502;INFO;Server;Command: ExecRobotTask (CoolDown,500000);
29/08/18;16:14:00.502;INFO;Controller;Executing asynchronous activity: ExecRobotTask;
29/08/18;16:14:00.502;INFO;Controller;Status = Executing: CoolDown;
29/08/18;16:14:00.503;INFO;Controller;State = Running;
29/08/18;16:14:00.570;INFO;Robot Runtime;executing:    CoolDown;
29/08/18;16:14:01.035;INFO;Controller;Activity ExecRobotTask ended. Return value: Done;
29/08/18;16:14:01.035;INFO;Controller;State = Ready;
29/08/18;16:14:02.059;INFO;Server;Command: ExecRobotTask (Home,500000);
29/08/18;16:14:02.059;INFO;Controller;Executing asynchronous activity: ExecRobotTask;
29/08/18;16:14:02.059;INFO;Controller;Status = Executing: Home;
29/08/18;16:14:02.059;INFO;Controller;State = Running;
29/08/18;16:14:02.127;INFO;Robot Runtime;executing:    Home;
29/08/18;16:14:04.633;INFO;Controller;Activity ExecRobotTask ended. Return value: Done;
29/08/18;16:14:04.633;INFO;Controller;State = Ready;
29/08/18;16:14:04.654;INFO;Server;Command: ExecRobotTask (ClosePorts,500000);
29/08/18;16:14:04.654;INFO;Controller;Executing asynchronous activity: ExecRobotTask;
29/08/18;16:14:04.654;INFO;Controller;Status = Executing: ClosePorts;
29/08/18;16:14:04.654;INFO;Controller;State = Running;
29/08/18;16:14:04.747;INFO;Robot Runtime;executing:    ClosePorts;
29/08/18;16:14:05.190;INFO;Controller;Activity ExecRobotTask ended. Return value: Done;
29/08/18;16:14:05.191;INFO;Controller;State = Ready;
29/08/18;16:14:05.483;INFO;Server;Command: ExecRobotTask (Unmount,500000);
29/08/18;16:14:05.483;INFO;Controller;Executing asynchronous activity: ExecRobotTask;
29/08/18;16:14:05.483;INFO;Controller;Status = Executing: Unmount;
29/08/18;16:14:05.483;INFO;Controller;State = Running;
29/08/18;16:14:05.592;INFO;Robot Runtime;executing:    Unmount;
29/08/18;16:14:12.701;INFO;Controller;Activity ExecRobotTask ended. Return value: Done False/True/False;
29/08/18;16:14:12.702;INFO;Controller;State = Ready;
29/08/18;16:14:12.717;INFO;Server;Command: ExecRobotTask (Unload,500000);
29/08/18;16:14:12.717;INFO;Controller;Executing asynchronous activity: ExecRobotTask;
29/08/18;16:14:12.717;INFO;Controller;Status = Executing: Unload;
29/08/18;16:14:12.717;INFO;Controller;State = Running;
29/08/18;16:14:12.819;INFO;Robot Runtime;executing:    Unload;
29/08/18;16:14:17.258;INFO;Controller;Activity ExecRobotTask ended. Return value: Done False/False/False;
29/08/18;16:14:17.259;INFO;Controller;State = Ready;
29/08/18;16:14:20.030;INFO;Server;Command: ExecRobotTask (Load,500000);
29/08/18;16:14:20.030;INFO;Controller;Executing asynchronous activity: ExecRobotTask;
29/08/18;16:14:20.030;INFO;Controller;Status = Executing: Load;
29/08/18;16:14:20.030;INFO;Controller;State = Running;
29/08/18;16:14:20.142;INFO;Robot Runtime;executing:    Load;
29/08/18;16:14:27.101;INFO;Controller;Activity ExecRobotTask ended. Return value: Done False/True/False;
29/08/18;16:14:27.101;INFO;Controller;State = Ready;
29/08/18;16:14:27.121;INFO;Server;Command: ExecRobotTask (Mount,500000);
29/08/18;16:14:27.122;INFO;Controller;Executing asynchronous activity: ExecRobotTask;
29/08/18;16:14:27.122;INFO;Controller;Status = Executing: Mount;
29/08/18;16:14:27.122;INFO;Controller;State = Running;
29/08/18;16:14:27.203;INFO;Robot Runtime;executing:    Mount;
29/08/18;16:14:34.848;INFO;Controller;Activity ExecRobotTask ended. Return value: Done True/False/False;
29/08/18;16:14:34.848;INFO;Controller;State = Ready;
29/08/18;16:14:34.872;INFO;Server;Command: ExecRobotTask (Park,500000);
29/08/18;16:14:34.872;INFO;Controller;Executing asynchronous activity: ExecRobotTask;
29/08/18;16:14:34.872;INFO;Controller;Status = Executing: Park;
29/08/18;16:14:34.872;INFO;Controller;State = Running;
29/08/18;16:14:34.966;INFO;Robot Runtime;executing:    Park;
29/08/18;16:14:38.485;INFO;Controller;Activity ExecRobotTask ended. Return value: Done;
29/08/18;16:14:38.485;INFO;Controller;State = Ready;
29/08/18;16:14:38.508;INFO;Server;Command: ExecRobotTask (UnlatchRobGov,500000);
29/08/18;16:14:38.508;INFO;Controller;Executing asynchronous activity: ExecRobotTask;
29/08/18;16:14:38.508;INFO;Controller;Status = Executing: UnlatchRobGov;
29/08/18;16:14:38.508;INFO;Controller;State = Running;
29/08/18;16:14:38.602;INFO;Robot Runtime;executing:    UnlatchRobGov;
29/08/18;16:14:39.041;INFO;Controller;Activity ExecRobotTask ended. Return value: Done;
29/08/18;16:14:39.041;INFO;Controller;State = Ready;
29/08/18;16:16:55.322;INFO;Server;Command: ExecRobotTask (Initialize,500000);
29/08/18;16:16:55.322;INFO;Controller;Executing asynchronous activity: ExecRobotTask;
29/08/18;16:16:55.323;INFO;Controller;Status = Executing: Initialize;
29/08/18;16:16:55.323;INFO;Controller;State = Running;
29/08/18;16:16:56.649;INFO;Robot Runtime;executing:    Initialize;
29/08/18;16:16:57.119;INFO;Controller;Activity ExecRobotTask ended. Return value: Done;
29/08/18;16:16:57.119;INFO;Controller;State = Ready;
29/08/18;16:16:57.143;INFO;Server;Command: ExecRobotTask (LatchRobGov2,500000);
29/08/18;16:16:57.143;INFO;Controller;Executing asynchronous activity: ExecRobotTask;
29/08/18;16:16:57.143;INFO;Controller;Status = Executing: LatchRobGov2;
29/08/18;16:16:57.143;INFO;Controller;State = Running;
29/08/18;16:16:58.130;INFO;Robot Runtime;executing:    LatchRobGov2;
29/08/18;16:17:00.314;INFO;Controller;Activity ExecRobotTask ended. Return value: Done;
29/08/18;16:17:00.314;INFO;Controller;State = Ready;
29/08/18;16:17:00.340;INFO;Server;Command: ExecRobotTask (CoolDown,500000);
29/08/18;16:17:00.340;INFO;Controller;Executing asynchronous activity: ExecRobotTask;
29/08/18;16:17:00.340;INFO;Controller;Status = Executing: CoolDown;
29/08/18;16:17:00.340;INFO;Controller;State = Running;
29/08/18;16:17:01.181;INFO;Robot Runtime;executing:    CoolDown;
29/08/18;16:17:01.354;INFO;Controller;Activity ExecRobotTask ended. Return value: Done;
29/08/18;16:17:01.354;INFO;Controller;State = Ready;
29/08/18;16:17:02.378;INFO;Server;Command: ExecRobotTask (Home,500000);
29/08/18;16:17:02.379;INFO;Controller;Executing asynchronous activity: ExecRobotTask;
29/08/18;16:17:02.379;INFO;Controller;Status = Executing: Home;
29/08/18;16:17:02.379;INFO;Controller;State = Running;
29/08/18;16:17:03.249;INFO;Robot Runtime;executing:    Home;
29/08/18;16:17:05.756;INFO;Controller;Activity ExecRobotTask ended. Return value: Done;
29/08/18;16:17:05.756;INFO;Controller;State = Ready;
29/08/18;16:17:05.780;INFO;Server;Command: ExecRobotTask (ClosePorts,500000);
29/08/18;16:17:05.780;INFO;Controller;Executing asynchronous activity: ExecRobotTask;
29/08/18;16:17:05.780;INFO;Controller;Status = Executing: ClosePorts;
29/08/18;16:17:05.780;INFO;Controller;State = Running;
29/08/18;16:17:06.626;INFO;Robot Runtime;executing:    ClosePorts;
29/08/18;16:17:06.793;INFO;Controller;Activity ExecRobotTask ended. Return value: Done;
29/08/18;16:17:06.793;INFO;Controller;State = Ready;
29/08/18;16:17:07.083;INFO;Server;Command: ExecRobotTask (Unmount,500000);
29/08/18;16:17:07.083;INFO;Controller;Executing asynchronous activity: ExecRobotTask;
29/08/18;16:17:07.083;INFO;Controller;Status = Executing: Unmount;
29/08/18;16:17:07.083;INFO;Controller;State = Running;
29/08/18;16:17:08.399;INFO;Robot Runtime;executing:    Unmount;
29/08/18;16:17:15.649;INFO;Controller;Activity ExecRobotTask ended. Return value: Done False/True/False;
29/08/18;16:17:15.649;INFO;Controller;State = Ready;
29/08/18;16:17:15.675;INFO;Server;Command: ExecRobotTask (Unload,500000);
29/08/18;16:17:15.676;INFO;Controller;Executing asynchronous activity: ExecRobotTask;
29/08/18;16:17:15.676;INFO;Controller;Status = Executing: Unload;
29/08/18;16:17:15.676;INFO;Controller;State = Running;
29/08/18;16:17:16.643;INFO;Robot Runtime;executing:    Unload;
29/08/18;16:17:21.089;INFO;Controller;Activity ExecRobotTask ended. Return value: Done False/False/False;
29/08/18;16:17:21.089;INFO;Controller;State = Ready;
29/08/18;16:17:23.864;INFO;Server;Command: ExecRobotTask (Load,500000);
29/08/18;16:17:23.864;INFO;Controller;Executing asynchronous activity: ExecRobotTask;
29/08/18;16:17:23.864;INFO;Controller;Status = Executing: Load;
29/08/18;16:17:23.864;INFO;Controller;State = Running;
29/08/18;16:17:25.199;INFO;Robot Runtime;executing:    Load;
29/08/18;16:17:31.936;INFO;Controller;Activity ExecRobotTask ended. Return value: Done False/True/False;
29/08/18;16:17:31.937;INFO;Controller;State = Ready;
29/08/18;16:17:31.963;INFO;Server;Command: ExecRobotTask (Mount,500000);
29/08/18;16:17:31.963;INFO;Controller;Executing asynchronous activity: ExecRobotTask;
29/08/18;16:17:31.963;INFO;Controller;Status = Executing: Mount;
29/08/18;16:17:31.963;INFO;Controller;State = Running;
29/08/18;16:17:32.956;INFO;Robot Runtime;executing:    Mount;
29/08/18;16:17:41.243;INFO;Controller;Activity ExecRobotTask ended. Return value: Done True/False/False;
29/08/18;16:17:41.243;INFO;Controller;State = Ready;
29/08/18;16:17:41.267;INFO;Server;Command: ExecRobotTask (Park,500000);
29/08/18;16:17:41.267;INFO;Controller;Executing asynchronous activity: ExecRobotTask;
29/08/18;16:17:41.267;INFO;Controller;Status = Executing: Park;
29/08/18;16:17:41.267;INFO;Controller;State = Running;
29/08/18;16:17:42.114;INFO;Robot Runtime;executing:    Park;
29/08/18;16:17:45.770;INFO;Controller;Activity ExecRobotTask ended. Return value: Done;
29/08/18;16:17:45.771;INFO;Controller;State = Ready;
29/08/18;16:17:45.795;INFO;Server;Command: ExecRobotTask (UnlatchRobGov,500000);
29/08/18;16:17:45.795;INFO;Controller;Executing asynchronous activity: ExecRobotTask;
29/08/18;16:17:45.795;INFO;Controller;Status = Executing: UnlatchRobGov;
29/08/18;16:17:45.795;INFO;Controller;State = Running;
29/08/18;16:17:47.118;INFO;Robot Runtime;executing:    UnlatchRobGov;
29/08/18;16:17:47.520;INFO;Controller;Activity ExecRobotTask ended. Return value: Done;
29/08/18;16:17:47.520;INFO;Controller;State = Ready;
29/08/18;16:18:26.210;INFO;Server;Command: ExecRobotTask (Initialize,500000);
29/08/18;16:18:26.211;INFO;Controller;Executing asynchronous activity: ExecRobotTask;
29/08/18;16:18:26.211;INFO;Controller;Status = Executing: Initialize;
29/08/18;16:18:26.211;INFO;Controller;State = Running;
29/08/18;16:18:27.203;INFO;Robot Runtime;executing:    Initialize;
29/08/18;16:18:27.831;INFO;Controller;Activity ExecRobotTask ended. Return value: Done;
29/08/18;16:18:27.831;INFO;Controller;State = Ready;
29/08/18;16:18:27.860;INFO;Server;Command: ExecRobotTask (LatchRobGov2,500000);
29/08/18;16:18:27.860;INFO;Controller;Executing asynchronous activity: ExecRobotTask;
29/08/18;16:18:27.860;INFO;Controller;Status = Executing: LatchRobGov2;
29/08/18;16:18:27.860;INFO;Controller;State = Running;
29/08/18;16:18:28.717;INFO;Robot Runtime;executing:    LatchRobGov2;
29/08/18;16:18:31.013;INFO;Controller;Activity ExecRobotTask ended. Return value: Done;
29/08/18;16:18:31.013;INFO;Controller;State = Ready;
29/08/18;16:18:31.040;INFO;Server;Command: ExecRobotTask (CoolDown,500000);
29/08/18;16:18:31.040;INFO;Controller;Executing asynchronous activity: ExecRobotTask;
29/08/18;16:18:31.040;INFO;Controller;Status = Executing: CoolDown;
29/08/18;16:18:31.040;INFO;Controller;State = Running;
29/08/18;16:18:32.311;INFO;Robot Runtime;executing:    CoolDown;
29/08/18;16:18:32.756;INFO;Controller;Activity ExecRobotTask ended. Return value: Done;
29/08/18;16:18:32.756;INFO;Controller;State = Ready;
29/08/18;16:18:33.780;INFO;Server;Command: ExecRobotTask (Home,500000);
29/08/18;16:18:33.780;INFO;Controller;Executing asynchronous activity: ExecRobotTask;
29/08/18;16:18:33.780;INFO;Controller;Status = Executing: Home;
29/08/18;16:18:33.780;INFO;Controller;State = Running;
29/08/18;16:18:34.633;INFO;Robot Runtime;executing:    Home;
29/08/18;16:18:37.239;INFO;Controller;Activity ExecRobotTask ended. Return value: Done;
29/08/18;16:18:37.240;INFO;Controller;State = Ready;
29/08/18;16:18:37.266;INFO;Server;Command: ExecRobotTask (ClosePorts,500000);
29/08/18;16:18:37.267;INFO;Controller;Executing asynchronous activity: ExecRobotTask;
29/08/18;16:18:37.267;INFO;Controller;Status = Executing: ClosePorts;
29/08/18;16:18:37.267;INFO;Controller;State = Running;
29/08/18;16:18:38.116;INFO;Robot Runtime;executing:    ClosePorts;
29/08/18;16:18:38.281;INFO;Controller;Activity ExecRobotTask ended. Return value: Done;
29/08/18;16:18:38.281;INFO;Controller;State = Ready;
29/08/18;16:18:38.656;INFO;Server;Command: ExecRobotTask (Unmount,500000);
29/08/18;16:18:38.656;INFO;Controller;Executing asynchronous activity: ExecRobotTask;
29/08/18;16:18:38.656;INFO;Controller;Status = Executing: Unmount;
29/08/18;16:18:38.656;INFO;Controller;State = Running;
29/08/18;16:18:39.661;INFO;Robot Runtime;executing:    Unmount;
29/08/18;16:18:45.943;INFO;Controller;Activity ExecRobotTask ended. Return value: Done False/True/False;
29/08/18;16:18:45.943;INFO;Controller;State = Ready;
29/08/18;16:18:45.972;INFO;Server;Command: ExecRobotTask (Unload,500000);
29/08/18;16:18:45.972;INFO;Controller;Executing asynchronous activity: ExecRobotTask;
29/08/18;16:18:45.972;INFO;Controller;Status = Executing: Unload;
29/08/18;16:18:45.972;INFO;Controller;State = Running;
29/08/18;16:18:47.282;INFO;Robot Runtime;executing:    Unload;
29/08/18;16:18:52.015;INFO;Controller;Activity ExecRobotTask ended. Return value: Done False/False/False;
29/08/18;16:18:52.015;INFO;Controller;State = Ready;
29/08/18;16:18:54.802;INFO;Server;Command: ExecRobotTask (Load,500000);
29/08/18;16:18:54.802;INFO;Controller;Executing asynchronous activity: ExecRobotTask;
29/08/18;16:18:54.802;INFO;Controller;Status = Executing: Load;
29/08/18;16:18:54.803;INFO;Controller;State = Running;
29/08/18;16:18:55.832;INFO;Robot Runtime;executing:    Load;
29/08/18;16:19:02.843;INFO;Controller;Activity ExecRobotTask ended. Return value: Done False/True/False;
29/08/18;16:19:02.843;INFO;Controller;State = Ready;
29/08/18;16:19:02.873;INFO;Server;Command: ExecRobotTask (Mount,500000);
29/08/18;16:19:02.873;INFO;Controller;Executing asynchronous activity: ExecRobotTask;
29/08/18;16:19:02.873;INFO;Controller;Status = Executing: Mount;
29/08/18;16:19:02.873;INFO;Controller;State = Running;
29/08/18;16:19:04.151;INFO;Robot Runtime;executing:    Mount;
29/08/18;16:19:11.597;INFO;Controller;Activity ExecRobotTask ended. Return value: Done True/False/False;
29/08/18;16:19:11.597;INFO;Controller;State = Ready;
29/08/18;16:19:11.620;INFO;Server;Command: ExecRobotTask (Park,500000);
29/08/18;16:19:11.620;INFO;Controller;Executing asynchronous activity: ExecRobotTask;
29/08/18;16:19:11.620;INFO;Controller;Status = Executing: Park;
29/08/18;16:19:11.620;INFO;Controller;State = Running;
29/08/18;16:19:12.467;INFO;Robot Runtime;executing:    Park;
29/08/18;16:19:16.041;INFO;Controller;Activity ExecRobotTask ended. Return value: Done;
29/08/18;16:19:16.041;INFO;Controller;State = Ready;
29/08/18;16:19:16.071;INFO;Server;Command: ExecRobotTask (UnlatchRobGov,500000);
29/08/18;16:19:16.072;INFO;Controller;Executing asynchronous activity: ExecRobotTask;
29/08/18;16:19:16.072;INFO;Controller;Status = Executing: UnlatchRobGov;
29/08/18;16:19:16.072;INFO;Controller;State = Running;
29/08/18;16:19:17.124;INFO;Robot Runtime;executing:    UnlatchRobGov;
29/08/18;16:19:17.515;INFO;Controller;Activity ExecRobotTask ended. Return value: Done;
29/08/18;16:19:17.515;INFO;Controller;State = Ready;
29/08/18;16:20:48.772;INFO;Server;Command: ExecRobotTask (Initialize,500000);
29/08/18;16:20:48.773;INFO;Controller;Executing asynchronous activity: ExecRobotTask;
29/08/18;16:20:48.773;INFO;Controller;Status = Executing: Initialize;
29/08/18;16:20:48.773;INFO;Controller;State = Running;
29/08/18;16:20:48.864;INFO;Robot Runtime;executing:    Initialize;
29/08/18;16:20:49.357;INFO;Controller;Activity ExecRobotTask ended. Return value: Done;
29/08/18;16:20:49.357;INFO;Controller;State = Ready;
29/08/18;16:20:49.380;INFO;Server;Command: ExecRobotTask (LatchRobGov2,500000);
29/08/18;16:20:49.409;INFO;Controller;Executing asynchronous activity: ExecRobotTask;
29/08/18;16:20:49.409;INFO;Controller;Status = Executing: LatchRobGov2;
29/08/18;16:20:49.409;INFO;Controller;State = Running;
29/08/18;16:20:49.499;INFO;Robot Runtime;executing:    LatchRobGov2;
29/08/18;16:20:51.169;INFO;Controller;Activity ExecRobotTask ended. Return value: Done;
29/08/18;16:20:51.169;INFO;Controller;State = Ready;
29/08/18;16:20:51.197;INFO;Server;Command: ExecRobotTask (CoolDown,500000);
29/08/18;16:20:51.197;INFO;Controller;Executing asynchronous activity: ExecRobotTask;
29/08/18;16:20:51.197;INFO;Controller;Status = Executing: CoolDown;
29/08/18;16:20:51.197;INFO;Controller;State = Running;
29/08/18;16:20:51.267;INFO;Robot Runtime;executing:    CoolDown;
29/08/18;16:20:51.719;INFO;Controller;Activity ExecRobotTask ended. Return value: Done;
29/08/18;16:20:51.720;INFO;Controller;State = Ready;
29/08/18;16:20:52.746;INFO;Server;Command: ExecRobotTask (Home,500000);
29/08/18;16:20:52.746;INFO;Controller;Executing asynchronous activity: ExecRobotTask;
29/08/18;16:20:52.746;INFO;Controller;Status = Executing: Home;
29/08/18;16:20:52.746;INFO;Controller;State = Running;
29/08/18;16:20:52.829;INFO;Robot Runtime;executing:    Home;
29/08/18;16:20:55.309;INFO;Controller;Activity ExecRobotTask ended. Return value: Done;
29/08/18;16:20:55.310;INFO;Controller;State = Ready;
29/08/18;16:20:55.342;INFO;Server;Command: ExecRobotTask (ClosePorts,500000);
29/08/18;16:20:55.343;INFO;Controller;Executing asynchronous activity: ExecRobotTask;
29/08/18;16:20:55.343;INFO;Controller;Status = Executing: ClosePorts;
29/08/18;16:20:55.343;INFO;Controller;State = Running;
29/08/18;16:20:55.437;INFO;Robot Runtime;executing:    ClosePorts;
29/08/18;16:20:55.865;INFO;Controller;Activity ExecRobotTask ended. Return value: Done;
29/08/18;16:20:55.865;INFO;Controller;State = Ready;
29/08/18;16:20:56.168;INFO;Server;Command: ExecRobotTask (Unmount,500000);
29/08/18;16:20:56.168;INFO;Controller;Executing asynchronous activity: ExecRobotTask;
29/08/18;16:20:56.168;INFO;Controller;Status = Executing: Unmount;
29/08/18;16:20:56.168;INFO;Controller;State = Running;
29/08/18;16:20:56.274;INFO;Robot Runtime;executing:    Unmount;
29/08/18;16:21:03.390;INFO;Controller;Activity ExecRobotTask ended. Return value: Done False/True/False;
29/08/18;16:21:03.390;INFO;Controller;State = Ready;
29/08/18;16:21:03.420;INFO;Server;Command: ExecRobotTask (Unload,500000);
29/08/18;16:21:03.420;INFO;Controller;Executing asynchronous activity: ExecRobotTask;
29/08/18;16:21:03.420;INFO;Controller;Status = Executing: Unload;
29/08/18;16:21:03.420;INFO;Controller;State = Running;
29/08/18;16:21:03.520;INFO;Robot Runtime;executing:    Unload;
29/08/18;16:21:08.353;INFO;Controller;Activity ExecRobotTask ended. Return value: Done False/False/False;
29/08/18;16:21:08.353;INFO;Controller;State = Ready;
29/08/18;16:21:11.135;INFO;Server;Command: ExecRobotTask (Load,500000);
29/08/18;16:21:11.135;INFO;Controller;Executing asynchronous activity: ExecRobotTask;
29/08/18;16:21:11.135;INFO;Controller;Status = Executing: Load;
29/08/18;16:21:11.135;INFO;Controller;State = Running;
29/08/18;16:21:11.244;INFO;Robot Runtime;executing:    Load;
29/08/18;16:21:18.280;INFO;Controller;Activity ExecRobotTask ended. Return value: Done False/True/False;
29/08/18;16:21:18.280;INFO;Controller;State = Ready;
29/08/18;16:21:18.308;INFO;Server;Command: ExecRobotTask (Mount,500000);
29/08/18;16:21:18.308;INFO;Controller;Executing asynchronous activity: ExecRobotTask;
29/08/18;16:21:18.308;INFO;Controller;Status = Executing: Mount;
29/08/18;16:21:18.308;INFO;Controller;State = Running;
29/08/18;16:21:18.386;INFO;Robot Runtime;executing:    Mount;
29/08/18;16:21:25.015;INFO;Controller;Activity ExecRobotTask ended. Return value: Done True/False/False;
29/08/18;16:21:25.016;INFO;Controller;State = Ready;
29/08/18;16:21:25.045;INFO;Server;Command: ExecRobotTask (Park,500000);
29/08/18;16:21:25.045;INFO;Controller;Executing asynchronous activity: ExecRobotTask;
29/08/18;16:21:25.045;INFO;Controller;Status = Executing: Park;
29/08/18;16:21:25.045;INFO;Controller;State = Running;
29/08/18;16:21:25.141;INFO;Robot Runtime;executing:    Park;
29/08/18;16:21:28.497;INFO;Controller;Activity ExecRobotTask ended. Return value: Done;
29/08/18;16:21:28.498;INFO;Controller;State = Ready;
29/08/18;16:21:28.525;INFO;Server;Command: ExecRobotTask (UnlatchRobGov,500000);
29/08/18;16:21:28.526;INFO;Controller;Executing asynchronous activity: ExecRobotTask;
29/08/18;16:21:28.526;INFO;Controller;Status = Executing: UnlatchRobGov;
29/08/18;16:21:28.526;INFO;Controller;State = Running;
29/08/18;16:21:28.596;INFO;Robot Runtime;executing:    UnlatchRobGov;
29/08/18;16:21:28.808;INFO;Controller;Activity ExecRobotTask ended. Return value: Done;
29/08/18;16:21:28.808;INFO;Controller;State = Ready;
29/08/18;16:22:12.022;INFO;Server;Command: ExecRobotTask (Initialize,500000);
29/08/18;16:22:12.023;INFO;Controller;Executing asynchronous activity: ExecRobotTask;
29/08/18;16:22:12.023;INFO;Controller;Status = Executing: Initialize;
29/08/18;16:22:12.023;INFO;Controller;State = Running;
29/08/18;16:22:12.086;INFO;Robot Runtime;executing:    Initialize;
29/08/18;16:22:12.646;INFO;Controller;Activity ExecRobotTask ended. Return value: Done;
29/08/18;16:22:12.646;INFO;Controller;State = Ready;
29/08/18;16:22:12.673;INFO;Server;Command: ExecRobotTask (LatchRobGov2,500000);
29/08/18;16:22:12.673;INFO;Controller;Executing asynchronous activity: ExecRobotTask;
29/08/18;16:22:12.674;INFO;Controller;Status = Executing: LatchRobGov2;
29/08/18;16:22:12.674;INFO;Controller;State = Running;
29/08/18;16:22:12.744;INFO;Robot Runtime;executing:    LatchRobGov2;
29/08/18;16:22:13.788;INFO;Controller;Activity ExecRobotTask ended. Return value: Done;
29/08/18;16:22:13.788;INFO;Controller;State = Ready;
29/08/18;16:22:13.822;INFO;Server;Command: ExecRobotTask (CoolDown,500000);
29/08/18;16:22:13.822;INFO;Controller;Executing asynchronous activity: ExecRobotTask;
29/08/18;16:22:13.823;INFO;Controller;Status = Executing: CoolDown;
29/08/18;16:22:13.823;INFO;Controller;State = Running;
29/08/18;16:22:13.913;INFO;Robot Runtime;executing:    CoolDown;
29/08/18;16:22:14.099;INFO;Controller;Activity ExecRobotTask ended. Return value: Done;
29/08/18;16:22:14.099;INFO;Controller;State = Ready;
29/08/18;16:22:15.129;INFO;Server;Command: ExecRobotTask (Home,500000);
29/08/18;16:22:15.129;INFO;Controller;Executing asynchronous activity: ExecRobotTask;
29/08/18;16:22:15.129;INFO;Controller;Status = Executing: Home;
29/08/18;16:22:15.130;INFO;Controller;State = Running;
29/08/18;16:22:15.198;INFO;Robot Runtime;executing:    Home;
29/08/18;16:22:17.453;INFO;Controller;Activity ExecRobotTask ended. Return value: Done;
29/08/18;16:22:17.453;INFO;Controller;State = Ready;
29/08/18;16:22:17.485;INFO;Server;Command: ExecRobotTask (ClosePorts,500000);
29/08/18;16:22:17.485;INFO;Controller;Executing asynchronous activity: ExecRobotTask;
29/08/18;16:22:17.485;INFO;Controller;Status = Executing: ClosePorts;
29/08/18;16:22:17.486;INFO;Controller;State = Running;
29/08/18;16:22:17.557;INFO;Robot Runtime;executing:    ClosePorts;
29/08/18;16:22:17.762;INFO;Controller;Activity ExecRobotTask ended. Return value: Done;
29/08/18;16:22:17.762;INFO;Controller;State = Ready;
29/08/18;16:22:18.071;INFO;Server;Command: ExecRobotTask (Unmount,500000);
29/08/18;16:22:18.071;INFO;Controller;Executing asynchronous activity: ExecRobotTask;
29/08/18;16:22:18.071;INFO;Controller;Status = Executing: Unmount;
29/08/18;16:22:18.071;INFO;Controller;State = Running;
29/08/18;16:22:18.178;INFO;Robot Runtime;executing:    Unmount;
29/08/18;16:22:25.694;INFO;Controller;Activity ExecRobotTask ended. Return value: Done False/True/False;
29/08/18;16:22:25.694;INFO;Controller;State = Ready;
29/08/18;16:22:25.726;INFO;Server;Command: ExecRobotTask (Unload,500000);
29/08/18;16:22:25.726;INFO;Controller;Executing asynchronous activity: ExecRobotTask;
29/08/18;16:22:25.726;INFO;Controller;Status = Executing: Unload;
29/08/18;16:22:25.726;INFO;Controller;State = Running;
29/08/18;16:22:25.800;INFO;Robot Runtime;executing:    Unload;
29/08/18;16:22:30.254;INFO;Controller;Activity ExecRobotTask ended. Return value: Done False/False/False;
29/08/18;16:22:30.254;INFO;Controller;State = Ready;
29/08/18;16:22:33.039;INFO;Server;Command: ExecRobotTask (Load,500000);
29/08/18;16:22:33.039;INFO;Controller;Executing asynchronous activity: ExecRobotTask;
29/08/18;16:22:33.039;INFO;Controller;Status = Executing: Load;
29/08/18;16:22:33.039;INFO;Controller;State = Running;
29/08/18;16:22:33.119;INFO;Robot Runtime;executing:    Load;
29/08/18;16:22:40.084;INFO;Controller;Activity ExecRobotTask ended. Return value: Done False/True/False;
29/08/18;16:22:40.084;INFO;Controller;State = Ready;
29/08/18;16:22:40.121;INFO;Server;Command: ExecRobotTask (Mount,500000);
29/08/18;16:22:40.121;INFO;Controller;Executing asynchronous activity: ExecRobotTask;
29/08/18;16:22:40.121;INFO;Controller;Status = Executing: Mount;
29/08/18;16:22:40.121;INFO;Controller;State = Running;
29/08/18;16:22:40.197;INFO;Robot Runtime;executing:    Mount;
29/08/18;16:22:47.328;INFO;Controller;Activity ExecRobotTask ended. Return value: Done True/False/False;
29/08/18;16:22:47.329;INFO;Controller;State = Ready;
29/08/18;16:22:47.357;INFO;Server;Command: ExecRobotTask (Park,500000);
29/08/18;16:22:47.357;INFO;Controller;Executing asynchronous activity: ExecRobotTask;
29/08/18;16:22:47.357;INFO;Controller;Status = Executing: Park;
29/08/18;16:22:47.357;INFO;Controller;State = Running;
29/08/18;16:22:47.426;INFO;Robot Runtime;executing:    Park;
29/08/18;16:22:50.974;INFO;Controller;Activity ExecRobotTask ended. Return value: Done;
29/08/18;16:22:50.974;INFO;Controller;State = Ready;
29/08/18;16:22:51.003;INFO;Server;Command: ExecRobotTask (UnlatchRobGov,500000);
29/08/18;16:22:51.003;INFO;Controller;Executing asynchronous activity: ExecRobotTask;
29/08/18;16:22:51.003;INFO;Controller;Status = Executing: UnlatchRobGov;
29/08/18;16:22:51.003;INFO;Controller;State = Running;
29/08/18;16:22:51.072;INFO;Robot Runtime;executing:    UnlatchRobGov;
29/08/18;16:22:51.531;INFO;Controller;Activity ExecRobotTask ended. Return value: Done;
29/08/18;16:22:51.531;INFO;Controller;State = Ready;
29/08/18;16:23:24.222;INFO;Server;Command: ExecRobotTask (Initialize,500000);
29/08/18;16:23:24.222;INFO;Controller;Executing asynchronous activity: ExecRobotTask;
29/08/18;16:23:24.222;INFO;Controller;Status = Executing: Initialize;
29/08/18;16:23:24.222;INFO;Controller;State = Running;
29/08/18;16:23:24.286;INFO;Robot Runtime;executing:    Initialize;
29/08/18;16:23:24.775;INFO;Controller;Activity ExecRobotTask ended. Return value: Done;
29/08/18;16:23:24.775;INFO;Controller;State = Ready;
29/08/18;16:23:24.805;INFO;Server;Command: ExecRobotTask (LatchRobGov2,500000);
29/08/18;16:23:24.805;INFO;Controller;Executing asynchronous activity: ExecRobotTask;
29/08/18;16:23:24.805;INFO;Controller;Status = Executing: LatchRobGov2;
29/08/18;16:23:24.805;INFO;Controller;State = Running;
29/08/18;16:23:24.874;INFO;Robot Runtime;executing:    LatchRobGov2;
29/08/18;16:23:25.916;INFO;Controller;Activity ExecRobotTask ended. Return value: Done;
29/08/18;16:23:25.916;INFO;Controller;State = Ready;
29/08/18;16:23:25.946;INFO;Server;Command: ExecRobotTask (CoolDown,500000);
29/08/18;16:23:25.947;INFO;Controller;Executing asynchronous activity: ExecRobotTask;
29/08/18;16:23:25.947;INFO;Controller;Status = Executing: CoolDown;
29/08/18;16:23:25.947;INFO;Controller;State = Running;
29/08/18;16:23:26.015;INFO;Robot Runtime;executing:    CoolDown;
29/08/18;16:23:26.228;INFO;Controller;Activity ExecRobotTask ended. Return value: Done;
29/08/18;16:23:26.229;INFO;Controller;State = Ready;
29/08/18;16:23:27.267;INFO;Server;Command: ExecRobotTask (Home,500000);
29/08/18;16:23:27.267;INFO;Controller;Executing asynchronous activity: ExecRobotTask;
29/08/18;16:23:27.267;INFO;Controller;Status = Executing: Home;
29/08/18;16:23:27.267;INFO;Controller;State = Running;
29/08/18;16:23:27.337;INFO;Robot Runtime;executing:    Home;
29/08/18;16:23:29.985;INFO;Controller;Activity ExecRobotTask ended. Return value: Done;
29/08/18;16:23:29.985;INFO;Controller;State = Ready;
29/08/18;16:23:30.023;INFO;Server;Command: ExecRobotTask (ClosePorts,500000);
29/08/18;16:23:30.024;INFO;Controller;Executing asynchronous activity: ExecRobotTask;
29/08/18;16:23:30.024;INFO;Controller;Status = Executing: ClosePorts;
29/08/18;16:23:30.024;INFO;Controller;State = Running;
29/08/18;16:23:30.090;INFO;Robot Runtime;executing:    ClosePorts;
29/08/18;16:23:30.540;INFO;Controller;Activity ExecRobotTask ended. Return value: Done;
29/08/18;16:23:30.540;INFO;Controller;State = Ready;
29/08/18;16:23:30.847;INFO;Server;Command: ExecRobotTask (Unmount,500000);
29/08/18;16:23:30.847;INFO;Controller;Executing asynchronous activity: ExecRobotTask;
29/08/18;16:23:30.847;INFO;Controller;Status = Executing: Unmount;
29/08/18;16:23:30.847;INFO;Controller;State = Running;
29/08/18;16:23:30.927;INFO;Robot Runtime;executing:    Unmount;
29/08/18;16:23:37.314;INFO;Controller;Activity ExecRobotTask ended. Return value: Done False/True/False;
29/08/18;16:23:37.314;INFO;Controller;State = Ready;
29/08/18;16:23:37.344;INFO;Server;Command: ExecRobotTask (Unload,500000);
29/08/18;16:23:37.345;INFO;Controller;Executing asynchronous activity: ExecRobotTask;
29/08/18;16:23:37.345;INFO;Controller;Status = Executing: Unload;
29/08/18;16:23:37.345;INFO;Controller;State = Running;
29/08/18;16:23:37.417;INFO;Robot Runtime;executing:    Unload;
29/08/18;16:23:42.266;INFO;Controller;Activity ExecRobotTask ended. Return value: Done False/False/False;
29/08/18;16:23:42.267;INFO;Controller;State = Ready;
29/08/18;16:23:45.056;INFO;Server;Command: ExecRobotTask (Load,500000);
29/08/18;16:23:45.056;INFO;Controller;Executing asynchronous activity: ExecRobotTask;
29/08/18;16:23:45.056;INFO;Controller;Status = Executing: Load;
29/08/18;16:23:45.056;INFO;Controller;State = Running;
29/08/18;16:23:45.136;INFO;Robot Runtime;executing:    Load;
29/08/18;16:23:52.178;INFO;Controller;Activity ExecRobotTask ended. Return value: Done False/True/False;
29/08/18;16:23:52.179;INFO;Controller;State = Ready;
29/08/18;16:23:52.213;INFO;Server;Command: ExecRobotTask (Mount,500000);
29/08/18;16:23:52.214;INFO;Controller;Executing asynchronous activity: ExecRobotTask;
29/08/18;16:23:52.214;INFO;Controller;Status = Executing: Mount;
29/08/18;16:23:52.214;INFO;Controller;State = Running;
29/08/18;16:23:52.287;INFO;Robot Runtime;executing:    Mount;
29/08/18;16:23:59.425;INFO;Controller;Activity ExecRobotTask ended. Return value: Done True/False/False;
29/08/18;16:23:59.426;INFO;Controller;State = Ready;
29/08/18;16:23:59.462;INFO;Server;Command: ExecRobotTask (Park,500000);
29/08/18;16:23:59.462;INFO;Controller;Executing asynchronous activity: ExecRobotTask;
29/08/18;16:23:59.462;INFO;Controller;Status = Executing: Park;
29/08/18;16:23:59.462;INFO;Controller;State = Running;
29/08/18;16:23:59.531;INFO;Robot Runtime;executing:    Park;
29/08/18;16:24:03.059;INFO;Controller;Activity ExecRobotTask ended. Return value: Done;
29/08/18;16:24:03.059;INFO;Controller;State = Ready;
29/08/18;16:24:03.091;INFO;Server;Command: ExecRobotTask (UnlatchRobGov,500000);
29/08/18;16:24:03.091;INFO;Controller;Executing asynchronous activity: ExecRobotTask;
29/08/18;16:24:03.091;INFO;Controller;Status = Executing: UnlatchRobGov;
29/08/18;16:24:03.091;INFO;Controller;State = Running;
29/08/18;16:24:03.163;INFO;Robot Runtime;executing:    UnlatchRobGov;
29/08/18;16:24:03.613;INFO;Controller;Activity ExecRobotTask ended. Return value: Done;
29/08/18;16:24:03.613;INFO;Controller;State = Ready;
29/08/18;16:24:43.799;INFO;Server;Command: ExecRobotTask (Initialize,500000);
29/08/18;16:24:43.799;INFO;Controller;Executing asynchronous activity: ExecRobotTask;
29/08/18;16:24:43.799;INFO;Controller;Status = Executing: Initialize;
29/08/18;16:24:43.799;INFO;Controller;State = Running;
29/08/18;16:24:43.864;INFO;Robot Runtime;executing:    Initialize;
29/08/18;16:24:44.133;INFO;Controller;Activity ExecRobotTask ended. Return value: Done;
29/08/18;16:24:44.133;INFO;Controller;State = Ready;
29/08/18;16:24:44.155;INFO;Server;Command: ExecRobotTask (LatchRobGov2,500000);
29/08/18;16:24:44.155;INFO;Controller;Executing asynchronous activity: ExecRobotTask;
29/08/18;16:24:44.155;INFO;Controller;Status = Executing: LatchRobGov2;
29/08/18;16:24:44.155;INFO;Controller;State = Running;
29/08/18;16:24:44.225;INFO;Robot Runtime;executing:    LatchRobGov2;
29/08/18;16:24:46.595;INFO;Controller;Activity ExecRobotTask ended. Return value: Done;
29/08/18;16:24:46.595;INFO;Controller;State = Ready;
29/08/18;16:24:46.636;INFO;Server;Command: ExecRobotTask (CoolDown,500000);
29/08/18;16:24:46.636;INFO;Controller;Executing asynchronous activity: ExecRobotTask;
29/08/18;16:24:46.636;INFO;Controller;Status = Executing: CoolDown;
29/08/18;16:24:46.636;INFO;Controller;State = Running;
29/08/18;16:24:46.704;INFO;Robot Runtime;executing:    CoolDown;
29/08/18;16:24:47.148;INFO;Controller;Activity ExecRobotTask ended. Return value: Done;
29/08/18;16:24:47.148;INFO;Controller;State = Ready;
29/08/18;16:24:48.186;INFO;Server;Command: ExecRobotTask (Home,500000);
29/08/18;16:24:48.186;INFO;Controller;Executing asynchronous activity: ExecRobotTask;
29/08/18;16:24:48.186;INFO;Controller;Status = Executing: Home;
29/08/18;16:24:48.186;INFO;Controller;State = Running;
29/08/18;16:24:48.252;INFO;Robot Runtime;executing:    Home;
29/08/18;16:24:50.750;INFO;Controller;Activity ExecRobotTask ended. Return value: Done;
29/08/18;16:24:50.750;INFO;Controller;State = Ready;
29/08/18;16:24:50.793;INFO;Server;Command: ExecRobotTask (ClosePorts,500000);
29/08/18;16:24:50.793;INFO;Controller;Executing asynchronous activity: ExecRobotTask;
29/08/18;16:24:50.793;INFO;Controller;Status = Executing: ClosePorts;
29/08/18;16:24:50.793;INFO;Controller;State = Running;
29/08/18;16:24:50.859;INFO;Robot Runtime;executing:    ClosePorts;
29/08/18;16:24:51.300;INFO;Controller;Activity ExecRobotTask ended. Return value: Done;
29/08/18;16:24:51.300;INFO;Controller;State = Ready;
29/08/18;16:24:51.657;INFO;Server;Command: ExecRobotTask (Unmount,500000);
29/08/18;16:24:51.657;INFO;Controller;Executing asynchronous activity: ExecRobotTask;
29/08/18;16:24:51.657;INFO;Controller;Status = Executing: Unmount;
29/08/18;16:24:51.657;INFO;Controller;State = Running;
29/08/18;16:24:51.744;INFO;Robot Runtime;executing:    Unmount;
29/08/18;16:24:58.824;INFO;Controller;Activity ExecRobotTask ended. Return value: Done False/True/False;
29/08/18;16:24:58.824;INFO;Controller;State = Ready;
29/08/18;16:24:58.860;INFO;Server;Command: ExecRobotTask (Unload,500000);
29/08/18;16:24:58.860;INFO;Controller;Executing asynchronous activity: ExecRobotTask;
29/08/18;16:24:58.860;INFO;Controller;Status = Executing: Unload;
29/08/18;16:24:58.860;INFO;Controller;State = Running;
29/08/18;16:24:58.931;INFO;Robot Runtime;executing:    Unload;
29/08/18;16:25:03.527;INFO;Controller;Activity ExecRobotTask ended. Return value: Done False/False/False;
29/08/18;16:25:03.527;INFO;Controller;State = Ready;
29/08/18;16:25:06.319;INFO;Server;Command: ExecRobotTask (Load,500000);
29/08/18;16:25:06.319;INFO;Controller;Executing asynchronous activity: ExecRobotTask;
29/08/18;16:25:06.319;INFO;Controller;Status = Executing: Load;
29/08/18;16:25:06.319;INFO;Controller;State = Running;
29/08/18;16:25:06.402;INFO;Robot Runtime;executing:    Load;
29/08/18;16:25:13.443;INFO;Controller;Activity ExecRobotTask ended. Return value: Done False/True/False;
29/08/18;16:25:13.443;INFO;Controller;State = Ready;
29/08/18;16:25:13.479;INFO;Server;Command: ExecRobotTask (Mount,500000);
29/08/18;16:25:13.479;INFO;Controller;Executing asynchronous activity: ExecRobotTask;
29/08/18;16:25:13.479;INFO;Controller;Status = Executing: Mount;
29/08/18;16:25:13.479;INFO;Controller;State = Running;
29/08/18;16:25:13.555;INFO;Robot Runtime;executing:    Mount;
29/08/18;16:25:20.268;INFO;Controller;Activity ExecRobotTask ended. Return value: Done True/False/False;
29/08/18;16:25:20.268;INFO;Controller;State = Ready;
29/08/18;16:25:20.303;INFO;Server;Command: ExecRobotTask (Park,500000);
29/08/18;16:25:20.304;INFO;Controller;Executing asynchronous activity: ExecRobotTask;
29/08/18;16:25:20.304;INFO;Controller;Status = Executing: Park;
29/08/18;16:25:20.304;INFO;Controller;State = Running;
29/08/18;16:25:20.376;INFO;Robot Runtime;executing:    Park;
29/08/18;16:25:24.070;INFO;Controller;Activity ExecRobotTask ended. Return value: Done;
29/08/18;16:25:24.070;INFO;Controller;State = Ready;
29/08/18;16:25:24.109;INFO;Server;Command: ExecRobotTask (UnlatchRobGov,500000);
29/08/18;16:25:24.109;INFO;Controller;Executing asynchronous activity: ExecRobotTask;
29/08/18;16:25:24.109;INFO;Controller;Status = Executing: UnlatchRobGov;
29/08/18;16:25:24.109;INFO;Controller;State = Running;
29/08/18;16:25:24.181;INFO;Robot Runtime;executing:    UnlatchRobGov;
29/08/18;16:25:24.626;INFO;Controller;Activity ExecRobotTask ended. Return value: Done;
29/08/18;16:25:24.627;INFO;Controller;State = Ready;
29/08/18;16:27:32.437;INFO;Server;Command: ExecRobotTask (Initialize,500000);
29/08/18;16:27:32.437;INFO;Controller;Executing asynchronous activity: ExecRobotTask;
29/08/18;16:27:32.437;INFO;Controller;Status = Executing: Initialize;
29/08/18;16:27:32.437;INFO;Controller;State = Running;
29/08/18;16:27:33.714;INFO;Robot Runtime;executing:    Initialize;
29/08/18;16:27:34.213;INFO;Controller;Activity ExecRobotTask ended. Return value: Done;
29/08/18;16:27:34.213;INFO;Controller;State = Ready;
29/08/18;16:27:34.254;INFO;Server;Command: ExecRobotTask (LatchRobGov2,500000);
29/08/18;16:27:34.254;INFO;Controller;Executing asynchronous activity: ExecRobotTask;
29/08/18;16:27:34.254;INFO;Controller;Status = Executing: LatchRobGov2;
29/08/18;16:27:34.254;INFO;Controller;State = Running;
29/08/18;16:27:35.237;INFO;Robot Runtime;executing:    LatchRobGov2;
29/08/18;16:27:37.421;INFO;Controller;Activity ExecRobotTask ended. Return value: Done;
29/08/18;16:27:37.421;INFO;Controller;State = Ready;
29/08/18;16:27:37.460;INFO;Server;Command: ExecRobotTask (CoolDown,500000);
29/08/18;16:27:37.460;INFO;Controller;Executing asynchronous activity: ExecRobotTask;
29/08/18;16:27:37.460;INFO;Controller;Status = Executing: CoolDown;
29/08/18;16:27:37.460;INFO;Controller;State = Running;
29/08/18;16:27:38.307;INFO;Robot Runtime;executing:    CoolDown;
29/08/18;16:27:38.464;INFO;Controller;Activity ExecRobotTask ended. Return value: Done;
29/08/18;16:27:38.464;INFO;Controller;State = Ready;
29/08/18;16:27:39.504;INFO;Server;Command: ExecRobotTask (Home,500000);
29/08/18;16:27:39.504;INFO;Controller;Executing asynchronous activity: ExecRobotTask;
29/08/18;16:27:39.504;INFO;Controller;Status = Executing: Home;
29/08/18;16:27:39.504;INFO;Controller;State = Running;
29/08/18;16:27:40.360;INFO;Robot Runtime;executing:    Home;
29/08/18;16:27:42.884;INFO;Controller;Activity ExecRobotTask ended. Return value: Done;
29/08/18;16:27:42.885;INFO;Controller;State = Ready;
29/08/18;16:27:42.926;INFO;Server;Command: ExecRobotTask (ClosePorts,500000);
29/08/18;16:27:42.926;INFO;Controller;Executing asynchronous activity: ExecRobotTask;
29/08/18;16:27:42.926;INFO;Controller;Status = Executing: ClosePorts;
29/08/18;16:27:42.926;INFO;Controller;State = Running;
29/08/18;16:27:43.774;INFO;Robot Runtime;executing:    ClosePorts;
29/08/18;16:27:43.923;INFO;Controller;Activity ExecRobotTask ended. Return value: Done;
29/08/18;16:27:43.924;INFO;Controller;State = Ready;
29/08/18;16:27:44.253;INFO;Server;Command: ExecRobotTask (Unmount,500000);
29/08/18;16:27:44.254;INFO;Controller;Executing asynchronous activity: ExecRobotTask;
29/08/18;16:27:44.254;INFO;Controller;Status = Executing: Unmount;
29/08/18;16:27:44.254;INFO;Controller;State = Running;
29/08/18;16:27:45.159;INFO;Robot Runtime;executing:    Unmount;
29/08/18;16:27:51.783;INFO;Controller;Activity ExecRobotTask ended. Return value: Done False/True/False;
29/08/18;16:27:51.783;INFO;Controller;State = Ready;
29/08/18;16:27:51.822;INFO;Server;Command: ExecRobotTask (Unload,500000);
29/08/18;16:27:51.822;INFO;Controller;Executing asynchronous activity: ExecRobotTask;
29/08/18;16:27:51.822;INFO;Controller;Status = Executing: Unload;
29/08/18;16:27:51.822;INFO;Controller;State = Running;
29/08/18;16:27:53.147;INFO;Robot Runtime;executing:    Unload;
29/08/18;16:27:57.980;INFO;Controller;Activity ExecRobotTask ended. Return value: Done False/False/False;
29/08/18;16:27:57.980;INFO;Controller;State = Ready;
29/08/18;16:28:00.777;INFO;Server;Command: ExecRobotTask (Load,500000);
29/08/18;16:28:00.777;INFO;Controller;Executing asynchronous activity: ExecRobotTask;
29/08/18;16:28:00.777;INFO;Controller;Status = Executing: Load;
29/08/18;16:28:00.777;INFO;Controller;State = Running;
29/08/18;16:28:01.878;INFO;Robot Runtime;executing:    Load;
29/08/18;16:28:08.885;INFO;Controller;Activity ExecRobotTask ended. Return value: Done False/True/False;
29/08/18;16:28:08.886;INFO;Controller;State = Ready;
29/08/18;16:28:08.926;INFO;Server;Command: ExecRobotTask (Mount,500000);
29/08/18;16:28:08.926;INFO;Controller;Executing asynchronous activity: ExecRobotTask;
29/08/18;16:28:08.926;INFO;Controller;Status = Executing: Mount;
29/08/18;16:28:08.926;INFO;Controller;State = Running;
29/08/18;16:28:10.175;INFO;Robot Runtime;executing:    Mount;
29/08/18;16:28:17.805;INFO;Controller;Activity ExecRobotTask ended. Return value: Done True/False/False;
29/08/18;16:28:17.805;INFO;Controller;State = Ready;
29/08/18;16:28:17.849;INFO;Server;Command: ExecRobotTask (Park,500000);
29/08/18;16:28:17.849;INFO;Controller;Executing asynchronous activity: ExecRobotTask;
29/08/18;16:28:17.850;INFO;Controller;Status = Executing: Park;
29/08/18;16:28:17.850;INFO;Controller;State = Running;
29/08/18;16:28:18.696;INFO;Robot Runtime;executing:    Park;
29/08/18;16:28:22.337;INFO;Controller;Activity ExecRobotTask ended. Return value: Done;
29/08/18;16:28:22.337;INFO;Controller;State = Ready;
29/08/18;16:28:22.376;INFO;Server;Command: ExecRobotTask (UnlatchRobGov,500000);
29/08/18;16:28:22.376;INFO;Controller;Executing asynchronous activity: ExecRobotTask;
29/08/18;16:28:22.377;INFO;Controller;Status = Executing: UnlatchRobGov;
29/08/18;16:28:22.377;INFO;Controller;State = Running;
29/08/18;16:28:23.484;INFO;Robot Runtime;executing:    UnlatchRobGov;
29/08/18;16:28:23.656;INFO;Controller;Activity ExecRobotTask ended. Return value: Done;
29/08/18;16:28:23.656;INFO;Controller;State = Ready;
29/08/18;16:29:15.363;INFO;Server;Command: ExecRobotTask (Initialize,500000);
29/08/18;16:29:15.363;INFO;Controller;Executing asynchronous activity: ExecRobotTask;
29/08/18;16:29:15.363;INFO;Controller;Status = Executing: Initialize;
29/08/18;16:29:15.363;INFO;Controller;State = Running;
29/08/18;16:29:16.591;INFO;Robot Runtime;executing:    Initialize;
29/08/18;16:29:17.057;INFO;Controller;Activity ExecRobotTask ended. Return value: Done;
29/08/18;16:29:17.057;INFO;Controller;State = Ready;
29/08/18;16:29:17.089;INFO;Server;Command: ExecRobotTask (LatchRobGov2,500000);
29/08/18;16:29:17.089;INFO;Controller;Executing asynchronous activity: ExecRobotTask;
29/08/18;16:29:17.089;INFO;Controller;Status = Executing: LatchRobGov2;
29/08/18;16:29:17.089;INFO;Controller;State = Running;
29/08/18;16:29:17.946;INFO;Robot Runtime;executing:    LatchRobGov2;
29/08/18;16:29:20.241;INFO;Controller;Activity ExecRobotTask ended. Return value: Done;
29/08/18;16:29:20.241;INFO;Controller;State = Ready;
29/08/18;16:29:20.280;INFO;Server;Command: ExecRobotTask (CoolDown,500000);
29/08/18;16:29:20.280;INFO;Controller;Executing asynchronous activity: ExecRobotTask;
29/08/18;16:29:20.280;INFO;Controller;Status = Executing: CoolDown;
29/08/18;16:29:20.281;INFO;Controller;State = Running;
29/08/18;16:29:21.338;INFO;Robot Runtime;executing:    CoolDown;
29/08/18;16:29:21.713;INFO;Controller;Activity ExecRobotTask ended. Return value: Done;
29/08/18;16:29:21.713;INFO;Controller;State = Ready;
29/08/18;16:29:22.757;INFO;Server;Command: ExecRobotTask (Home,500000);
29/08/18;16:29:22.757;INFO;Controller;Executing asynchronous activity: ExecRobotTask;
29/08/18;16:29:22.757;INFO;Controller;Status = Executing: Home;
29/08/18;16:29:22.757;INFO;Controller;State = Running;
29/08/18;16:29:23.608;INFO;Robot Runtime;executing:    Home;
29/08/18;16:29:26.196;INFO;Controller;Activity ExecRobotTask ended. Return value: Done;
29/08/18;16:29:26.196;INFO;Controller;State = Ready;
29/08/18;16:29:26.240;INFO;Server;Command: ExecRobotTask (ClosePorts,500000);
29/08/18;16:29:26.240;INFO;Controller;Executing asynchronous activity: ExecRobotTask;
29/08/18;16:29:26.240;INFO;Controller;Status = Executing: ClosePorts;
29/08/18;16:29:26.240;INFO;Controller;State = Running;
29/08/18;16:29:27.087;INFO;Robot Runtime;executing:    ClosePorts;
29/08/18;16:29:27.238;INFO;Controller;Activity ExecRobotTask ended. Return value: Done;
29/08/18;16:29:27.238;INFO;Controller;State = Ready;
29/08/18;16:29:27.545;INFO;Server;Command: ExecRobotTask (Unmount,500000);
29/08/18;16:29:27.545;INFO;Controller;Executing asynchronous activity: ExecRobotTask;
29/08/18;16:29:27.545;INFO;Controller;Status = Executing: Unmount;
29/08/18;16:29:27.545;INFO;Controller;State = Running;
29/08/18;16:29:28.798;INFO;Robot Runtime;executing:    Unmount;
29/08/18;16:29:35.342;INFO;Controller;Activity ExecRobotTask ended. Return value: Done False/True/False;
29/08/18;16:29:35.342;INFO;Controller;State = Ready;
29/08/18;16:29:35.390;INFO;Server;Command: ExecRobotTask (Unload,500000);
29/08/18;16:29:35.391;INFO;Controller;Executing asynchronous activity: ExecRobotTask;
29/08/18;16:29:35.391;INFO;Controller;Status = Executing: Unload;
29/08/18;16:29:35.391;INFO;Controller;State = Running;
29/08/18;16:29:36.487;INFO;Robot Runtime;executing:    Unload;
29/08/18;16:29:41.218;INFO;Controller;Activity ExecRobotTask ended. Return value: Done False/False/False;
29/08/18;16:29:41.218;INFO;Controller;State = Ready;
29/08/18;16:29:44.018;INFO;Server;Command: ExecRobotTask (Load,500000);
29/08/18;16:29:44.018;INFO;Controller;Executing asynchronous activity: ExecRobotTask;
29/08/18;16:29:44.018;INFO;Controller;Status = Executing: Load;
29/08/18;16:29:44.018;INFO;Controller;State = Running;
29/08/18;16:29:45.286;INFO;Robot Runtime;executing:    Load;
29/08/18;16:29:52.326;INFO;Controller;Activity ExecRobotTask ended. Return value: Done False/True/False;
29/08/18;16:29:52.327;INFO;Controller;State = Ready;
29/08/18;16:29:52.377;INFO;Server;Command: ExecRobotTask (Mount,500000);
29/08/18;16:29:52.377;INFO;Controller;Executing asynchronous activity: ExecRobotTask;
29/08/18;16:29:52.378;INFO;Controller;Status = Executing: Mount;
29/08/18;16:29:52.378;INFO;Controller;State = Running;
29/08/18;16:29:53.475;INFO;Robot Runtime;executing:    Mount;
29/08/18;16:30:01.478;INFO;Controller;Activity ExecRobotTask ended. Return value: Done True/False/False;
29/08/18;16:30:01.478;INFO;Controller;State = Ready;
29/08/18;16:30:01.523;INFO;Server;Command: ExecRobotTask (Park,500000);
29/08/18;16:30:01.523;INFO;Controller;Executing asynchronous activity: ExecRobotTask;
29/08/18;16:30:01.523;INFO;Controller;Status = Executing: Park;
29/08/18;16:30:01.523;INFO;Controller;State = Running;
29/08/18;16:30:02.372;INFO;Robot Runtime;executing:    Park;
29/08/18;16:30:06.010;INFO;Controller;Activity ExecRobotTask ended. Return value: Done;
29/08/18;16:30:06.010;INFO;Controller;State = Ready;
29/08/18;16:30:06.055;INFO;Server;Command: ExecRobotTask (UnlatchRobGov,500000);
29/08/18;16:30:06.055;INFO;Controller;Executing asynchronous activity: ExecRobotTask;
29/08/18;16:30:06.056;INFO;Controller;Status = Executing: UnlatchRobGov;
29/08/18;16:30:06.056;INFO;Controller;State = Running;
29/08/18;16:30:07.320;INFO;Robot Runtime;executing:    UnlatchRobGov;
29/08/18;16:30:07.750;INFO;Controller;Activity ExecRobotTask ended. Return value: Done;
29/08/18;16:30:07.750;INFO;Controller;State = Ready;
29/08/18;16:30:21.900;INFO;Server;Command: ExecRobotTask (Initialize,500000);
29/08/18;16:30:21.900;INFO;Controller;Executing asynchronous activity: ExecRobotTask;
29/08/18;16:30:21.900;INFO;Controller;Status = Executing: Initialize;
29/08/18;16:30:21.900;INFO;Controller;State = Running;
29/08/18;16:30:22.979;INFO;Robot Runtime;executing:    Initialize;
29/08/18;16:30:23.482;INFO;Controller;Activity ExecRobotTask ended. Return value: Done;
29/08/18;16:30:23.482;INFO;Controller;State = Ready;
29/08/18;16:30:23.532;INFO;Server;Command: ExecRobotTask (LatchRobGov2,500000);
29/08/18;16:30:23.532;INFO;Controller;Executing asynchronous activity: ExecRobotTask;
29/08/18;16:30:23.532;INFO;Controller;Status = Executing: LatchRobGov2;
29/08/18;16:30:23.532;INFO;Controller;State = Running;
29/08/18;16:30:24.386;INFO;Robot Runtime;executing:    LatchRobGov2;
29/08/18;16:30:27.496;INFO;Controller;Activity ExecRobotTask ended. Return value: Done;
29/08/18;16:30:27.496;INFO;Controller;State = Ready;
29/08/18;16:30:27.547;INFO;Server;Command: ExecRobotTask (CoolDown,500000);
29/08/18;16:30:27.547;INFO;Controller;Executing asynchronous activity: ExecRobotTask;
29/08/18;16:30:27.548;INFO;Controller;Status = Executing: CoolDown;
29/08/18;16:30:27.548;INFO;Controller;State = Running;
29/08/18;16:30:28.760;INFO;Robot Runtime;executing:    CoolDown;
29/08/18;16:30:29.143;INFO;Controller;Activity ExecRobotTask ended. Return value: Done;
29/08/18;16:30:29.144;INFO;Controller;State = Ready;
29/08/18;16:30:30.187;INFO;Server;Command: ExecRobotTask (Home,500000);
29/08/18;16:30:30.188;INFO;Controller;Executing asynchronous activity: ExecRobotTask;
29/08/18;16:30:30.188;INFO;Controller;Status = Executing: Home;
29/08/18;16:30:30.188;INFO;Controller;State = Running;
29/08/18;16:30:31.049;INFO;Robot Runtime;executing:    Home;
29/08/18;16:30:33.641;INFO;Controller;Activity ExecRobotTask ended. Return value: Done;
29/08/18;16:30:33.641;INFO;Controller;State = Ready;
29/08/18;16:30:33.687;INFO;Server;Command: ExecRobotTask (ClosePorts,500000);
29/08/18;16:30:33.687;INFO;Controller;Executing asynchronous activity: ExecRobotTask;
29/08/18;16:30:33.687;INFO;Controller;Status = Executing: ClosePorts;
29/08/18;16:30:33.687;INFO;Controller;State = Running;
29/08/18;16:30:34.537;INFO;Robot Runtime;executing:    ClosePorts;
29/08/18;16:30:34.680;INFO;Controller;Activity ExecRobotTask ended. Return value: Done;
29/08/18;16:30:34.680;INFO;Controller;State = Ready;
29/08/18;16:30:34.997;INFO;Server;Command: ExecRobotTask (Unmount,500000);
29/08/18;16:30:34.997;INFO;Controller;Executing asynchronous activity: ExecRobotTask;
29/08/18;16:30:34.997;INFO;Controller;Status = Executing: Unmount;
29/08/18;16:30:34.997;INFO;Controller;State = Running;
29/08/18;16:30:36.089;INFO;Robot Runtime;executing:    Unmount;
29/08/18;16:30:43.518;INFO;Controller;Activity ExecRobotTask ended. Return value: Done False/True/False;
29/08/18;16:30:43.518;INFO;Controller;State = Ready;
29/08/18;16:30:43.567;INFO;Server;Command: ExecRobotTask (Unload,500000);
29/08/18;16:30:43.567;INFO;Controller;Executing asynchronous activity: ExecRobotTask;
29/08/18;16:30:43.568;INFO;Controller;Status = Executing: Unload;
29/08/18;16:30:43.568;INFO;Controller;State = Running;
29/08/18;16:30:44.814;INFO;Robot Runtime;executing:    Unload;
29/08/18;16:30:49.236;INFO;Controller;Activity ExecRobotTask ended. Return value: Done False/False/False;
29/08/18;16:30:49.236;INFO;Controller;State = Ready;
29/08/18;16:30:49.299;INFO;Server;Command: ExecRobotTask (UnlatchRobGov,500000);
29/08/18;16:30:49.299;INFO;Controller;Executing asynchronous activity: ExecRobotTask;
29/08/18;16:30:49.299;INFO;Controller;Status = Executing: UnlatchRobGov;
29/08/18;16:30:49.299;INFO;Controller;State = Running;
29/08/18;16:30:50.386;INFO;Robot Runtime;executing:    UnlatchRobGov;
29/08/18;16:30:51.377;INFO;Controller;Activity ExecRobotTask ended. Return value: Done;
29/08/18;16:30:51.377;INFO;Controller;State = Ready;
29/08/18;16:30:51.431;INFO;Server;Command: ExecRobotTask (Finish,500000);
29/08/18;16:30:51.431;INFO;Controller;Executing asynchronous activity: ExecRobotTask;
29/08/18;16:30:51.431;INFO;Controller;Status = Executing: Finish;
29/08/18;16:30:51.432;INFO;Controller;State = Running;
29/08/18;16:30:52.684;INFO;Robot Runtime;executing:    Finish;
29/08/18;16:32:42.718;INFO;Controller;Activity ExecRobotTask ended. Return value: Done;
29/08/18;16:32:42.718;INFO;Controller;State = Ready;
29/08/18;16:35:28.224;INFO;Interface;Command: Restart;
29/08/18;16:35:28.225;INFO;Controller;State = Initializing;
29/08/18;16:35:28.289;INFO;Controller;Initialized log services - Startup: 23/08/18 17:04:49;
29/08/18;16:35:29.295;INFO;Epics Server;Exiting running thread;
29/08/18;16:35:29.298;INFO;Epics Server;Registered PV: SW:Version;
29/08/18;16:35:29.298;INFO;Epics Server;Registered PV: SW:Status;
29/08/18;16:35:29.298;INFO;Epics Server;Registered PV: SW:Uptime;
29/08/18;16:35:29.298;INFO;Epics Server;Registered PV: SW:LastTaskInfo;
29/08/18;16:35:29.298;INFO;Epics Server;Registered PV: SW:AlarmList;
29/08/18;16:35:29.298;INFO;Epics Server;Registered PV: SW:LocalGuiLockOut;
29/08/18;16:35:29.298;INFO;Epics Server;Registered PV: SW:RobotSpeed;
29/08/18;16:35:29.298;INFO;Epics Server;Registered PV: SW:LastTaskException;
29/08/18;16:35:29.298;INFO;Epics Server;Registered PV: SW:LastTaskOutput;
29/08/18;16:35:29.298;INFO;Epics Server;Registered PV: SW:RobotState;
29/08/18;16:35:29.299;INFO;Epics Server;Registered PV: SW:CartesianPositions;
29/08/18;16:35:29.299;INFO;Epics Server;Registered PV: SW:JointPositions;
29/08/18;16:35:29.299;INFO;Epics Server;Registered PV: SW:State;
29/08/18;16:35:29.299;INFO;Epics Server;Registered PV: SW:abort;
29/08/18;16:35:29.299;INFO;Epics Server;Registered PV: SW:restart;
29/08/18;16:35:29.299;INFO;Epics Server;Registered PV: SW:getTaskInfo;
29/08/18;16:35:29.299;INFO;Epics Server;Registered PV: SW:isTaskRunning;
29/08/18;16:35:29.299;INFO;Epics Server;Registered PV: SW:checkTaskResult;
29/08/18;16:35:29.299;INFO;Epics Server;Registered PV: SW:startTestTask;
29/08/18;16:35:29.299;INFO;Epics Server;Registered PV: SW:pauseRobot;
29/08/18;16:35:29.299;INFO;Epics Server;Registered PV: SW:resumeRobot;
29/08/18;16:35:29.299;INFO;Epics Server;Registered PV: SW:setRobotVariable;
29/08/18;16:35:29.299;INFO;Epics Server;Registered PV: SW:isSampleMounted;
29/08/18;16:35:29.299;INFO;Epics Server;Registered PV: SW:startRobotTask;
29/08/18;16:35:29.299;INFO;Epics Server;Registered PV: SW:getRobotVariable;
29/08/18;16:35:29.299;INFO;Epics Server;Registered PV: SW:getDistance;
29/08/18;16:35:29.299;INFO;Epics Server;Initializing: Channel Access Server in Java v1.1.1;
29/08/18;16:35:29.300;INFO;Epics Server;Started server: ready to accept requests;
29/08/18;16:35:29.954;INFO;Controller;Initializing Robot;
29/08/18;16:35:29.956;INFO;Robot;Setting reference frame to: world;
29/08/18;16:35:30.070;INFO;Controller;Initializing Bus Controller;
29/08/18;16:35:30.070;INFO;Anti-Collision;Active = true;
29/08/18;16:35:30.070;INFO;Controller;State = Starting;
29/08/18;16:35:30.071;INFO;Controller;Command: Reset;
29/08/18;16:35:30.071;INFO;Controller;Executing asynchronous script: ./script/Reset.py;
29/08/18;16:35:30.071;INFO;Controller;Status = Reseting;
29/08/18;16:35:30.071;INFO;Controller;State = Running;
29/08/18;16:35:30.250;INFO;Controller;Script host: localhost:57099;
29/08/18;16:35:30.250;INFO;Script;Starting initialization script;
29/08/18;16:35:30.252;INFO;Script;Do nothing;
29/08/18;16:35:30.253;INFO;Controller;Script ./script/Reset.py ended. Return value: ;
29/08/18;16:35:30.253;INFO;Controller;State = Ready;
29/08/18;16:35:37.697;INFO;Interface;Command: ExecRobotTask (mount,-1);
29/08/18;16:35:37.697;INFO;Controller;Executing asynchronous activity: ExecRobotTask;
29/08/18;16:35:37.697;INFO;Controller;Status = Executing: mount;
29/08/18;16:35:37.697;INFO;Controller;State = Running;
29/08/18;16:35:38.784;INFO;Robot Runtime;executing:    mount;
29/08/18;16:35:45.241;INFO;Interface;Command: Abort;
29/08/18;16:35:45.241;INFO;Robot;Abort;
29/08/18;16:35:45.241;INFO;Controller;Activity ExecRobotTask was stopped;
29/08/18;16:35:45.241;INFO;Controller;State = Ready;
29/08/18;16:35:45.482;INFO;Interface;Command: Abort;
29/08/18;16:35:45.482;INFO;Robot;Abort;
29/08/18;16:35:45.689;INFO;Interface;Command: Abort;
29/08/18;16:35:45.689;INFO;Robot;Abort;
29/08/18;16:35:52.793;INFO;Interface;Command: ExecRobotTask (initialize,-1);
29/08/18;16:35:52.793;INFO;Controller;Executing asynchronous activity: ExecRobotTask;
29/08/18;16:35:52.793;INFO;Controller;Status = Executing: initialize;
29/08/18;16:35:52.793;INFO;Controller;State = Running;
29/08/18;16:35:53.695;INFO;Robot Runtime;executing:    initialize;
29/08/18;16:35:54.955;INFO;Controller;Activity ExecRobotTask ended. Return value: Done;
29/08/18;16:35:54.955;INFO;Controller;State = Ready;
29/08/18;16:36:02.713;INFO;Interface;Command: ExecRobotTask (mount,-1);
29/08/18;16:36:02.713;INFO;Controller;Executing asynchronous activity: ExecRobotTask;
29/08/18;16:36:02.713;INFO;Controller;Status = Executing: mount;
29/08/18;16:36:02.713;INFO;Controller;State = Running;
29/08/18;16:36:03.940;INFO;Robot Runtime;executing:    mount;
29/08/18;16:36:15.274;INFO;Interface;Command: Abort;
29/08/18;16:36:15.274;INFO;Robot;Abort;
29/08/18;16:36:15.274;INFO;Controller;Activity ExecRobotTask was stopped;
29/08/18;16:36:15.274;INFO;Controller;State = Ready;
29/08/18;16:36:39.281;INFO;Interface;Command: ExecRobotTask (Home,-1);
29/08/18;16:36:39.282;INFO;Controller;Executing asynchronous activity: ExecRobotTask;
29/08/18;16:36:39.282;INFO;Controller;Status = Executing: Home;
29/08/18;16:36:39.282;INFO;Controller;State = Running;
29/08/18;16:36:40.380;INFO;Robot Runtime;executing:    Home;
29/08/18;16:36:53.383;INFO;Controller;Activity ExecRobotTask ended. Return value: Done;
29/08/18;16:36:53.383;INFO;Controller;State = Ready;
29/08/18;21:32:09.898;INFO;Server;Command: ExecRobotTask (EnableTScreen,500000);
29/08/18;21:32:09.898;INFO;Controller;Executing asynchronous activity: ExecRobotTask;
29/08/18;21:32:09.898;INFO;Controller;Status = Executing: EnableTScreen;
29/08/18;21:32:09.898;INFO;Controller;State = Running;
29/08/18;21:32:10.766;INFO;Robot Runtime;executing:    EnableTScreen;
29/08/18;21:32:10.937;INFO;Controller;Activity ExecRobotTask ended. Return value: Done;
29/08/18;21:32:10.937;INFO;Controller;State = Ready;
