22/08/18;16:06:17.560;WARNING;Robot Runtime;update thread is down, Error Code: 125;
22/08/18;16:06:20.846;WARNING;Robot;Alarm active: Device is offline;
22/08/18;16:06:20.846;INFO;Controller;State = Communication Error;
22/08/18;16:08:07.971;INFO;Robot;Alarm inactive: Device is offline;
22/08/18;16:08:07.971;WARNING;Controller;Communication resumed, trying updating devices;
22/08/18;16:08:07.971;INFO;Controller;Finished device updating;
22/08/18;16:08:07.971;INFO;Controller;State = Ready;
22/08/18;16:30:31.787;INFO;Interface;Command: ExecRobotTask (park,-1);
22/08/18;16:30:31.788;INFO;Controller;Executing asynchronous activity: ExecRobotTask;
22/08/18;16:30:31.788;INFO;Controller;Status = Executing: park;
22/08/18;16:30:31.788;INFO;Controller;State = Running;
22/08/18;16:30:33.005;INFO;Robot Runtime;executing:    park;
22/08/18;16:30:38.060;INFO;Robot Runtime;Failed (Time Out) to open Park Lid.;
22/08/18;16:30:38.329;INFO;Controller;Activity ExecRobotTask ended. Return value: ABORT: Open Park Lid TimeOut;
22/08/18;16:30:38.329;INFO;Controller;State = Ready;
22/08/18;16:31:05.906;INFO;Interface;Command: ExecRobotTask (park,-1);
22/08/18;16:31:05.906;INFO;Controller;Executing asynchronous activity: ExecRobotTask;
22/08/18;16:31:05.906;INFO;Controller;Status = Executing: park;
22/08/18;16:31:05.906;INFO;Controller;State = Running;
22/08/18;16:31:06.833;INFO;Robot Runtime;executing:    park;
22/08/18;16:31:34.870;INFO;Controller;Activity ExecRobotTask ended. Return value: Done;
22/08/18;16:31:34.870;INFO;Controller;State = Ready;
22/08/18;16:32:56.940;INFO;Interface;Command: ExecRobotTask (finish,-1);
22/08/18;16:32:56.940;INFO;Controller;Executing asynchronous activity: ExecRobotTask;
22/08/18;16:32:56.940;INFO;Controller;Status = Executing: finish;
22/08/18;16:32:56.940;INFO;Controller;State = Running;
22/08/18;16:32:57.859;INFO;Robot Runtime;executing:    finish;
22/08/18;16:35:34.511;INFO;Controller;Activity ExecRobotTask ended. Return value: Done;
22/08/18;16:35:34.511;INFO;Controller;State = Ready;
