09/04/18;09:02:02.196;INFO;Robot;Enabling Power;
09/04/18;09:02:14.820;INFO;Robot;Disabling Power;
09/04/18;09:02:16.109;INFO;Robot;Enabling Power;
09/04/18;09:02:24.706;INFO;Robot;Disabling Power;
09/04/18;09:02:38.603;INFO;Interface;Command: Abort;
09/04/18;09:02:38.603;INFO;Robot;Abort;
09/04/18;09:02:40.115;INFO;Interface;Command: Restart;
09/04/18;09:02:40.115;INFO;Controller;State = Initializing;
09/04/18;09:02:40.189;INFO;Controller;Initialized log services - Startup: 28/03/18 14:02:07;
09/04/18;09:02:41.195;INFO;Epics Server;Exiting running thread;
09/04/18;09:02:41.198;INFO;Epics Server;Registered PV: SW:Version;
09/04/18;09:02:41.198;INFO;Epics Server;Registered PV: SW:Status;
09/04/18;09:02:41.198;INFO;Epics Server;Registered PV: SW:Uptime;
09/04/18;09:02:41.198;INFO;Epics Server;Registered PV: SW:LastTaskInfo;
09/04/18;09:02:41.198;INFO;Epics Server;Registered PV: SW:AlarmList;
09/04/18;09:02:41.198;INFO;Epics Server;Registered PV: SW:LocalGuiLockOut;
09/04/18;09:02:41.199;INFO;Epics Server;Registered PV: SW:RobotSpeed;
09/04/18;09:02:41.199;INFO;Epics Server;Registered PV: SW:LastTaskException;
09/04/18;09:02:41.199;INFO;Epics Server;Registered PV: SW:LastTaskOutput;
09/04/18;09:02:41.199;INFO;Epics Server;Registered PV: SW:RobotState;
09/04/18;09:02:41.199;INFO;Epics Server;Registered PV: SW:CartesianPositions;
09/04/18;09:02:41.199;INFO;Epics Server;Registered PV: SW:JointPositions;
09/04/18;09:02:41.199;INFO;Epics Server;Registered PV: SW:State;
09/04/18;09:02:41.199;INFO;Epics Server;Registered PV: SW:abort;
09/04/18;09:02:41.199;INFO;Epics Server;Registered PV: SW:restart;
09/04/18;09:02:41.199;INFO;Epics Server;Registered PV: SW:getTaskInfo;
09/04/18;09:02:41.199;INFO;Epics Server;Registered PV: SW:isTaskRunning;
09/04/18;09:02:41.199;INFO;Epics Server;Registered PV: SW:checkTaskResult;
09/04/18;09:02:41.199;INFO;Epics Server;Registered PV: SW:startTestTask;
09/04/18;09:02:41.199;INFO;Epics Server;Registered PV: SW:pauseRobot;
09/04/18;09:02:41.199;INFO;Epics Server;Registered PV: SW:resumeRobot;
09/04/18;09:02:41.199;INFO;Epics Server;Registered PV: SW:setRobotVariable;
09/04/18;09:02:41.199;INFO;Epics Server;Registered PV: SW:isSampleMounted;
09/04/18;09:02:41.200;INFO;Epics Server;Registered PV: SW:startRobotTask;
09/04/18;09:02:41.200;INFO;Epics Server;Registered PV: SW:getRobotVariable;
09/04/18;09:02:41.200;INFO;Epics Server;Registered PV: SW:getDistance;
09/04/18;09:02:41.200;INFO;Epics Server;Initializing: Channel Access Server in Java v1.1.1;
09/04/18;09:02:41.200;INFO;Epics Server;Started server: ready to accept requests;
09/04/18;09:02:41.791;INFO;Controller;Initializing Robot;
09/04/18;09:02:41.794;INFO;Robot;Setting reference frame to: world;
09/04/18;09:02:41.901;INFO;Controller;Initializing Bus Controller;
09/04/18;09:02:41.902;INFO;Anti-Collision;Active = true;
09/04/18;09:02:41.902;INFO;Controller;State = Starting;
09/04/18;09:02:41.903;INFO;Controller;Command: Reset;
09/04/18;09:02:41.903;INFO;Controller;Executing asynchronous script: ./script/Reset.py;
09/04/18;09:02:41.903;INFO;Controller;Status = Reseting;
09/04/18;09:02:41.903;INFO;Controller;State = Running;
09/04/18;09:02:42.072;INFO;Controller;Script host: localhost:60262;
09/04/18;09:02:42.073;INFO;Script;Starting initialization script;
09/04/18;09:02:42.075;INFO;Script;Do nothing;
09/04/18;09:02:42.076;INFO;Controller;Script ./script/Reset.py ended. Return value: ;
09/04/18;09:02:42.076;INFO;Controller;State = Ready;
09/04/18;09:03:34.270;INFO;Interface;Command: ExecRobotTask (initialize,-1);
09/04/18;09:03:34.271;INFO;Controller;Executing asynchronous activity: ExecRobotTask;
09/04/18;09:03:34.271;INFO;Controller;Status = Executing: initialize;
09/04/18;09:03:34.271;INFO;Controller;State = Running;
09/04/18;09:03:35.078;INFO;Robot Runtime;executing:    initialize;
09/04/18;09:03:38.048;INFO;Controller;Activity ExecRobotTask ended. Return value: Done;
09/04/18;09:03:38.048;INFO;Controller;State = Ready;
09/04/18;09:12:16.794;INFO;Robot;Disabling Power;
09/04/18;09:12:39.693;INFO;Interface;Command: ExecRobotTask (cooldown,-1);
09/04/18;09:12:39.694;INFO;Controller;Executing asynchronous activity: ExecRobotTask;
09/04/18;09:12:39.694;INFO;Controller;Status = Executing: cooldown;
09/04/18;09:12:39.694;INFO;Controller;State = Running;
09/04/18;09:12:40.495;INFO;Robot Runtime;executing:    cooldown;
09/04/18;09:13:06.803;INFO;Interface;Command: Abort;
09/04/18;09:13:06.803;INFO;Robot;Abort;
09/04/18;09:13:06.803;INFO;Controller;Activity ExecRobotTask was stopped;
09/04/18;09:13:06.804;INFO;Controller;State = Ready;
09/04/18;09:13:08.179;INFO;Interface;Command: Restart;
09/04/18;09:13:08.179;INFO;Controller;State = Initializing;
09/04/18;09:13:08.270;INFO;Controller;Initialized log services - Startup: 28/03/18 14:02:07;
09/04/18;09:13:09.277;INFO;Epics Server;Exiting running thread;
09/04/18;09:13:09.280;INFO;Epics Server;Registered PV: SW:Version;
09/04/18;09:13:09.280;INFO;Epics Server;Registered PV: SW:Status;
09/04/18;09:13:09.280;INFO;Epics Server;Registered PV: SW:Uptime;
09/04/18;09:13:09.281;INFO;Epics Server;Registered PV: SW:LastTaskInfo;
09/04/18;09:13:09.281;INFO;Epics Server;Registered PV: SW:AlarmList;
09/04/18;09:13:09.281;INFO;Epics Server;Registered PV: SW:LocalGuiLockOut;
09/04/18;09:13:09.281;INFO;Epics Server;Registered PV: SW:RobotSpeed;
09/04/18;09:13:09.281;INFO;Epics Server;Registered PV: SW:LastTaskException;
09/04/18;09:13:09.281;INFO;Epics Server;Registered PV: SW:LastTaskOutput;
09/04/18;09:13:09.281;INFO;Epics Server;Registered PV: SW:RobotState;
09/04/18;09:13:09.281;INFO;Epics Server;Registered PV: SW:CartesianPositions;
09/04/18;09:13:09.281;INFO;Epics Server;Registered PV: SW:JointPositions;
09/04/18;09:13:09.281;INFO;Epics Server;Registered PV: SW:State;
09/04/18;09:13:09.281;INFO;Epics Server;Registered PV: SW:abort;
09/04/18;09:13:09.281;INFO;Epics Server;Registered PV: SW:restart;
09/04/18;09:13:09.281;INFO;Epics Server;Registered PV: SW:getTaskInfo;
09/04/18;09:13:09.281;INFO;Epics Server;Registered PV: SW:isTaskRunning;
09/04/18;09:13:09.281;INFO;Epics Server;Registered PV: SW:checkTaskResult;
09/04/18;09:13:09.281;INFO;Epics Server;Registered PV: SW:startTestTask;
09/04/18;09:13:09.281;INFO;Epics Server;Registered PV: SW:pauseRobot;
09/04/18;09:13:09.281;INFO;Epics Server;Registered PV: SW:resumeRobot;
09/04/18;09:13:09.281;INFO;Epics Server;Registered PV: SW:setRobotVariable;
09/04/18;09:13:09.281;INFO;Epics Server;Registered PV: SW:isSampleMounted;
09/04/18;09:13:09.281;INFO;Epics Server;Registered PV: SW:startRobotTask;
09/04/18;09:13:09.281;INFO;Epics Server;Registered PV: SW:getRobotVariable;
09/04/18;09:13:09.282;INFO;Epics Server;Registered PV: SW:getDistance;
09/04/18;09:13:09.282;INFO;Epics Server;Initializing: Channel Access Server in Java v1.1.1;
09/04/18;09:13:09.282;INFO;Epics Server;Started server: ready to accept requests;
09/04/18;09:13:09.901;INFO;Controller;Initializing Robot;
09/04/18;09:13:09.904;INFO;Robot;Setting reference frame to: world;
09/04/18;09:13:10.017;INFO;Controller;Initializing Bus Controller;
09/04/18;09:13:10.018;INFO;Anti-Collision;Active = true;
09/04/18;09:13:10.018;INFO;Controller;State = Starting;
09/04/18;09:13:10.018;INFO;Controller;Command: Reset;
09/04/18;09:13:10.019;INFO;Controller;Executing asynchronous script: ./script/Reset.py;
09/04/18;09:13:10.019;INFO;Controller;Status = Reseting;
09/04/18;09:13:10.019;INFO;Controller;State = Running;
09/04/18;09:13:10.484;INFO;Controller;Script host: localhost:39245;
09/04/18;09:13:10.484;INFO;Script;Starting initialization script;
09/04/18;09:13:10.487;INFO;Script;Do nothing;
09/04/18;09:13:10.488;INFO;Controller;Script ./script/Reset.py ended. Return value: ;
09/04/18;09:13:10.488;INFO;Controller;State = Ready;
09/04/18;09:13:19.061;INFO;Interface;Command: ExecRobotTask (cooldown,-1);
09/04/18;09:13:19.061;INFO;Controller;Executing asynchronous activity: ExecRobotTask;
09/04/18;09:13:19.061;INFO;Controller;Status = Executing: cooldown;
09/04/18;09:13:19.061;INFO;Controller;State = Running;
09/04/18;09:13:19.861;INFO;Robot Runtime;executing:    cooldown;
09/04/18;09:13:35.799;INFO;Interface;Command: Abort;
09/04/18;09:13:35.799;INFO;Robot;Abort;
09/04/18;09:13:35.799;INFO;Controller;Activity ExecRobotTask was stopped;
09/04/18;09:13:35.800;INFO;Controller;State = Ready;
09/04/18;09:13:46.171;INFO;Interface;Command: ExecRobotTask (finish,-1);
09/04/18;09:13:46.172;INFO;Controller;Executing asynchronous activity: ExecRobotTask;
09/04/18;09:13:46.172;INFO;Controller;Status = Executing: finish;
09/04/18;09:13:46.172;INFO;Controller;State = Running;
09/04/18;09:13:46.979;INFO;Robot Runtime;executing:    finish;
09/04/18;09:14:05.244;INFO;Interface;Command: Abort;
09/04/18;09:14:05.244;INFO;Robot;Abort;
09/04/18;09:14:05.244;INFO;Controller;Activity ExecRobotTask was stopped;
09/04/18;09:14:05.244;INFO;Controller;State = Ready;
09/04/18;09:14:17.866;INFO;Server;Command: ExecRobotTask (ClosePorts,500000);
09/04/18;09:14:17.866;INFO;Controller;Executing asynchronous activity: ExecRobotTask;
09/04/18;09:14:17.866;INFO;Controller;Status = Executing: ClosePorts;
09/04/18;09:14:17.866;INFO;Controller;State = Running;
09/04/18;09:14:18.774;INFO;Robot Runtime;executing:    ClosePorts;
09/04/18;09:14:18.905;INFO;Controller;Activity ExecRobotTask ended. Return value: Done;
09/04/18;09:14:18.905;INFO;Controller;State = Ready;
09/04/18;09:14:39.430;INFO;Interface;Command: ExecRobotTask (cooldown,-1);
09/04/18;09:14:39.430;INFO;Controller;Executing asynchronous activity: ExecRobotTask;
09/04/18;09:14:39.430;INFO;Controller;Status = Executing: cooldown;
09/04/18;09:14:39.430;INFO;Controller;State = Running;
09/04/18;09:14:40.484;INFO;Robot Runtime;executing:    cooldown;
09/04/18;09:14:52.130;INFO;Interface;Command: Abort;
09/04/18;09:14:52.130;INFO;Robot;Abort;
09/04/18;09:14:52.130;INFO;Controller;Activity ExecRobotTask was stopped;
09/04/18;09:14:52.130;INFO;Controller;State = Ready;
09/04/18;09:15:00.756;INFO;Interface;Command: ExecRobotTask (closeports,-1);
09/04/18;09:15:00.756;INFO;Controller;Executing asynchronous activity: ExecRobotTask;
09/04/18;09:15:00.756;INFO;Controller;Status = Executing: closeports;
09/04/18;09:15:00.757;INFO;Controller;State = Running;
09/04/18;09:15:01.535;INFO;Robot Runtime;executing:    closeports;
09/04/18;09:15:01.854;INFO;Controller;Activity ExecRobotTask ended. Return value: Done;
09/04/18;09:15:01.854;INFO;Controller;State = Ready;
09/04/18;09:15:12.660;INFO;Interface;Command: ExecRobotTask (initialize,-1);
09/04/18;09:15:12.661;INFO;Controller;Executing asynchronous activity: ExecRobotTask;
09/04/18;09:15:12.661;INFO;Controller;Status = Executing: initialize;
09/04/18;09:15:12.661;INFO;Controller;State = Running;
09/04/18;09:15:13.456;INFO;Robot Runtime;executing:    initialize;
09/04/18;09:15:14.613;INFO;Controller;Activity ExecRobotTask ended. Return value: Done;
09/04/18;09:15:14.613;INFO;Controller;State = Ready;
09/04/18;09:15:29.533;INFO;Interface;Command: ExecRobotTask (cooldown,-1);
09/04/18;09:15:29.533;INFO;Controller;Executing asynchronous activity: ExecRobotTask;
09/04/18;09:15:29.533;INFO;Controller;Status = Executing: cooldown;
09/04/18;09:15:29.533;INFO;Controller;State = Running;
09/04/18;09:15:30.316;INFO;Robot Runtime;executing:    cooldown;
09/04/18;09:16:06.211;INFO;Interface;Command: Abort;
09/04/18;09:16:06.212;INFO;Robot;Abort;
09/04/18;09:16:06.212;INFO;Controller;Activity ExecRobotTask was stopped;
09/04/18;09:16:06.212;INFO;Controller;State = Ready;
09/04/18;09:16:18.625;INFO;Interface;Command: ExecRobotTask (finish,-1);
09/04/18;09:16:18.625;INFO;Controller;Executing asynchronous activity: ExecRobotTask;
09/04/18;09:16:18.625;INFO;Controller;Status = Executing: finish;
09/04/18;09:16:18.625;INFO;Controller;State = Running;
09/04/18;09:16:19.413;INFO;Robot Runtime;executing:    finish;
09/04/18;09:17:39.180;INFO;Controller;Activity ExecRobotTask ended. Return value: Done;
09/04/18;09:17:39.180;INFO;Controller;State = Ready;
09/04/18;09:18:38.503;INFO;Robot;Enabling Power;
09/04/18;09:19:00.220;INFO;Robot;Disabling Power;
09/04/18;09:20:15.760;INFO;Robot;Enabling Power;
09/04/18;09:20:25.935;INFO;Robot;Disabling Power;
09/04/18;09:20:30.327;INFO;Robot;Enabling Power;
09/04/18;09:20:40.081;INFO;Interface;Command: ExecRobotTask (cooldown,-1);
09/04/18;09:20:40.081;INFO;Controller;Executing asynchronous activity: ExecRobotTask;
09/04/18;09:20:40.081;INFO;Controller;Status = Executing: cooldown;
09/04/18;09:20:40.081;INFO;Controller;State = Running;
09/04/18;09:20:40.907;INFO;Robot Runtime;executing:    cooldown;
09/04/18;09:20:45.950;INFO;Robot Runtime;Failed (Time Out) to open Park Lid.;
09/04/18;09:20:46.418;INFO;Controller;Activity ExecRobotTask ended. Return value: ABORT: Open Park Lid Timeout;
09/04/18;09:20:46.419;INFO;Controller;State = Ready;
09/04/18;09:20:52.952;INFO;Interface;Command: Abort;
09/04/18;09:20:52.952;INFO;Robot;Abort;
09/04/18;09:20:59.406;INFO;Interface;Command: Restart;
09/04/18;09:20:59.406;INFO;Controller;State = Initializing;
09/04/18;09:20:59.438;INFO;Controller;Initialized log services - Startup: 28/03/18 14:02:07;
09/04/18;09:21:00.447;INFO;Epics Server;Exiting running thread;
09/04/18;09:21:00.450;INFO;Epics Server;Registered PV: SW:Version;
09/04/18;09:21:00.450;INFO;Epics Server;Registered PV: SW:Status;
09/04/18;09:21:00.450;INFO;Epics Server;Registered PV: SW:Uptime;
09/04/18;09:21:00.450;INFO;Epics Server;Registered PV: SW:LastTaskInfo;
09/04/18;09:21:00.450;INFO;Epics Server;Registered PV: SW:AlarmList;
09/04/18;09:21:00.450;INFO;Epics Server;Registered PV: SW:LocalGuiLockOut;
09/04/18;09:21:00.450;INFO;Epics Server;Registered PV: SW:RobotSpeed;
09/04/18;09:21:00.450;INFO;Epics Server;Registered PV: SW:LastTaskException;
09/04/18;09:21:00.450;INFO;Epics Server;Registered PV: SW:LastTaskOutput;
09/04/18;09:21:00.451;INFO;Epics Server;Registered PV: SW:RobotState;
09/04/18;09:21:00.451;INFO;Epics Server;Registered PV: SW:CartesianPositions;
09/04/18;09:21:00.451;INFO;Epics Server;Registered PV: SW:JointPositions;
09/04/18;09:21:00.451;INFO;Epics Server;Registered PV: SW:State;
09/04/18;09:21:00.451;INFO;Epics Server;Registered PV: SW:abort;
09/04/18;09:21:00.451;INFO;Epics Server;Registered PV: SW:restart;
09/04/18;09:21:00.451;INFO;Epics Server;Registered PV: SW:getTaskInfo;
09/04/18;09:21:00.451;INFO;Epics Server;Registered PV: SW:isTaskRunning;
09/04/18;09:21:00.451;INFO;Epics Server;Registered PV: SW:checkTaskResult;
09/04/18;09:21:00.451;INFO;Epics Server;Registered PV: SW:startTestTask;
09/04/18;09:21:00.451;INFO;Epics Server;Registered PV: SW:pauseRobot;
09/04/18;09:21:00.451;INFO;Epics Server;Registered PV: SW:resumeRobot;
09/04/18;09:21:00.451;INFO;Epics Server;Registered PV: SW:setRobotVariable;
09/04/18;09:21:00.452;INFO;Epics Server;Registered PV: SW:isSampleMounted;
09/04/18;09:21:00.452;INFO;Epics Server;Registered PV: SW:startRobotTask;
09/04/18;09:21:00.452;INFO;Epics Server;Registered PV: SW:getRobotVariable;
09/04/18;09:21:00.452;INFO;Epics Server;Registered PV: SW:getDistance;
09/04/18;09:21:00.452;INFO;Epics Server;Initializing: Channel Access Server in Java v1.1.1;
09/04/18;09:21:00.452;INFO;Epics Server;Started server: ready to accept requests;
09/04/18;09:21:01.052;INFO;Controller;Initializing Robot;
09/04/18;09:21:01.055;INFO;Robot;Setting reference frame to: world;
09/04/18;09:21:01.165;INFO;Controller;Initializing Bus Controller;
09/04/18;09:21:01.166;INFO;Anti-Collision;Active = true;
09/04/18;09:21:01.166;INFO;Controller;State = Starting;
09/04/18;09:21:01.167;INFO;Controller;Command: Reset;
09/04/18;09:21:01.167;INFO;Controller;Executing asynchronous script: ./script/Reset.py;
09/04/18;09:21:01.167;INFO;Controller;Status = Reseting;
09/04/18;09:21:01.167;INFO;Controller;State = Running;
09/04/18;09:21:01.335;INFO;Controller;Script host: localhost:34335;
09/04/18;09:21:01.335;INFO;Script;Starting initialization script;
09/04/18;09:21:01.338;INFO;Script;Do nothing;
09/04/18;09:21:01.338;INFO;Controller;Script ./script/Reset.py ended. Return value: ;
09/04/18;09:21:01.338;INFO;Controller;State = Ready;
09/04/18;09:21:05.761;INFO;Interface;Command: ExecRobotTask (cooldown,-1);
09/04/18;09:21:05.761;INFO;Controller;Executing asynchronous activity: ExecRobotTask;
09/04/18;09:21:05.761;INFO;Controller;Status = Executing: cooldown;
09/04/18;09:21:05.761;INFO;Controller;State = Running;
09/04/18;09:21:06.542;INFO;Robot Runtime;executing:    cooldown;
09/04/18;09:21:11.584;INFO;Robot Runtime;Failed (Time Out) to open Park Lid.;
09/04/18;09:21:12.074;INFO;Controller;Activity ExecRobotTask ended. Return value: ABORT: Open Park Lid Timeout;
09/04/18;09:21:12.074;INFO;Controller;State = Ready;
09/04/18;09:23:53.890;INFO;Interface;Command: ExecRobotTask (finish,-1);
09/04/18;09:23:53.890;INFO;Controller;Executing asynchronous activity: ExecRobotTask;
09/04/18;09:23:53.890;INFO;Controller;Status = Executing: finish;
09/04/18;09:23:53.890;INFO;Controller;State = Running;
09/04/18;09:23:54.673;INFO;Robot Runtime;executing:    finish;
09/04/18;09:23:56.800;INFO;Controller;Activity ExecRobotTask ended. Return value: Done;
09/04/18;09:23:56.800;INFO;Controller;State = Ready;
09/04/18;09:24:21.738;INFO;Interface;Command: ExecRobotTask (initialize,-1);
09/04/18;09:24:21.738;INFO;Controller;Executing asynchronous activity: ExecRobotTask;
09/04/18;09:24:21.738;INFO;Controller;Status = Executing: initialize;
09/04/18;09:24:21.738;INFO;Controller;State = Running;
09/04/18;09:24:22.534;INFO;Robot Runtime;executing:    initialize;
09/04/18;09:24:24.011;INFO;Controller;Activity ExecRobotTask ended. Return value: Done;
09/04/18;09:24:24.011;INFO;Controller;State = Ready;
09/04/18;09:24:33.244;INFO;Interface;Command: ExecRobotTask (cooldown,-1);
09/04/18;09:24:33.244;INFO;Controller;Executing asynchronous activity: ExecRobotTask;
09/04/18;09:24:33.244;INFO;Controller;Status = Executing: cooldown;
09/04/18;09:24:33.244;INFO;Controller;State = Running;
09/04/18;09:24:34.027;INFO;Robot Runtime;executing:    cooldown;
09/04/18;09:24:47.875;INFO;Interface;Command: Abort;
09/04/18;09:24:47.875;INFO;Robot;Abort;
09/04/18;09:24:47.875;INFO;Controller;Activity ExecRobotTask was stopped;
09/04/18;09:24:47.875;INFO;Controller;State = Ready;
09/04/18;09:24:53.306;INFO;Interface;Command: ExecRobotTask (finish,-1);
09/04/18;09:24:53.306;INFO;Controller;Executing asynchronous activity: ExecRobotTask;
09/04/18;09:24:53.306;INFO;Controller;Status = Executing: finish;
09/04/18;09:24:53.306;INFO;Controller;State = Running;
09/04/18;09:24:54.094;INFO;Robot Runtime;executing:    finish;
09/04/18;09:25:51.135;INFO;Controller;Activity ExecRobotTask ended. Return value: Done;
09/04/18;09:25:51.135;INFO;Controller;State = Ready;
09/04/18;12:21:15.411;INFO;Interface;Command: ExecRobotTask (initialize,-1);
09/04/18;12:21:15.411;INFO;Controller;Executing asynchronous activity: ExecRobotTask;
09/04/18;12:21:15.411;INFO;Controller;Status = Executing: initialize;
09/04/18;12:21:15.411;INFO;Controller;State = Running;
09/04/18;12:21:16.621;INFO;Robot Runtime;executing:    initialize;
09/04/18;12:21:16.665;INFO;Robot Runtime;Robot power is on manual;
09/04/18;12:21:16.805;INFO;Controller;Activity ExecRobotTask ended. Return value: ABORT: Robot power is on manual;
09/04/18;12:21:16.805;INFO;Controller;State = Ready;
09/04/18;12:21:42.110;INFO;Interface;Command: ExecRobotTask (initialize,-1);
09/04/18;12:21:42.110;INFO;Controller;Executing asynchronous activity: ExecRobotTask;
09/04/18;12:21:42.110;INFO;Controller;Status = Executing: initialize;
09/04/18;12:21:42.110;INFO;Controller;State = Running;
09/04/18;12:21:42.991;INFO;Robot Runtime;executing:    initialize;
09/04/18;12:21:44.445;INFO;Controller;Activity ExecRobotTask ended. Return value: Done;
09/04/18;12:21:44.446;INFO;Controller;State = Ready;
09/04/18;12:21:55.710;INFO;Interface;Command: ExecRobotTask (finish,-1);
09/04/18;12:21:55.710;INFO;Controller;Executing asynchronous activity: ExecRobotTask;
09/04/18;12:21:55.710;INFO;Controller;Status = Executing: finish;
09/04/18;12:21:55.710;INFO;Controller;State = Running;
09/04/18;12:21:56.565;INFO;Robot Runtime;executing:    finish;
09/04/18;12:21:58.613;INFO;Controller;Activity ExecRobotTask ended. Return value: Done;
09/04/18;12:21:58.613;INFO;Controller;State = Ready;
09/04/18;12:22:31.222;INFO;Interface;Command: ExecRobotTask (EL_KickTest,-1);
09/04/18;12:22:31.222;INFO;Controller;Executing asynchronous activity: ExecRobotTask;
09/04/18;12:22:31.222;INFO;Controller;Status = Executing: EL_KickTest;
09/04/18;12:22:31.222;INFO;Controller;State = Running;
09/04/18;12:22:32.093;INFO;Robot Runtime;executing:    EL_KickTest;
09/04/18;12:22:34.623;INFO;Controller;Activity ExecRobotTask ended. Return value: ;
09/04/18;12:22:34.623;INFO;Controller;State = Ready;
09/04/18;12:25:11.614;INFO;Server;Command: ExecRobotTask (EL_kickTest,500);
09/04/18;12:25:11.615;INFO;Controller;Executing asynchronous activity: ExecRobotTask;
09/04/18;12:25:11.615;INFO;Controller;Status = Executing: EL_kickTest;
09/04/18;12:25:11.615;INFO;Controller;State = Running;
09/04/18;12:25:12.219;INFO;Controller;Activity ExecRobotTask ended with exception: Timeout waiting ready;
09/04/18;12:25:12.220;WARNING;Activity;Exception: Robot timeout waiting ready
Stack trace:
org.embl.ctrl.Device$TimeoutWaitReadyException: Timeout waiting ready
	at org.embl.dev.staubli.StaubliRobot.executeTask(StaubliRobot.java:1199)
	at org.embl.dev.staubli.StaubliRobot.executeTask(StaubliRobot.java:1124)
	at org.embl.sw.Control.execRobotTask(Control.java:489)
	at org.embl.sw.Control$2.run(Control.java:380)
	at org.embl.task.ActivityManager.runTask(ActivityManager.java:104)
	at org.embl.task.ActivityManager.access$000(ActivityManager.java:22)
	at org.embl.task.ActivityManager$ActivityThread.run(ActivityManager.java:145)
;
09/04/18;12:25:12.220;INFO;Controller;State = Ready;
09/04/18;12:25:12.236;INFO;Server;Command: ExecRobotTask (EL_kickTest,500);
09/04/18;12:25:12.236;INFO;Controller;Executing asynchronous activity: ExecRobotTask;
09/04/18;12:25:12.237;INFO;Controller;Status = Executing: EL_kickTest;
09/04/18;12:25:12.237;INFO;Controller;State = Running;
09/04/18;12:25:12.464;INFO;Robot Runtime;executing:    EL_kickTest;
09/04/18;12:25:12.805;INFO;Controller;Activity ExecRobotTask ended with exception: Timeout waiting ready;
09/04/18;12:25:12.805;WARNING;Activity;Exception: Robot timeout waiting ready
Stack trace:
org.embl.ctrl.Device$TimeoutWaitReadyException: Timeout waiting ready
	at org.embl.dev.staubli.StaubliRobot.executeTask(StaubliRobot.java:1199)
	at org.embl.dev.staubli.StaubliRobot.executeTask(StaubliRobot.java:1124)
	at org.embl.sw.Control.execRobotTask(Control.java:489)
	at org.embl.sw.Control$2.run(Control.java:380)
	at org.embl.task.ActivityManager.runTask(ActivityManager.java:104)
	at org.embl.task.ActivityManager.access$000(ActivityManager.java:22)
	at org.embl.task.ActivityManager$ActivityThread.run(ActivityManager.java:145)
;
09/04/18;12:25:12.805;INFO;Controller;State = Ready;
09/04/18;12:25:12.812;INFO;Server;Command: ExecRobotTask (EL_kickTest,500);
09/04/18;12:25:12.812;INFO;Controller;Executing asynchronous activity: ExecRobotTask;
09/04/18;12:25:12.812;INFO;Controller;Status = Executing: EL_kickTest;
09/04/18;12:25:12.812;INFO;Controller;State = Running;
09/04/18;12:25:13.329;INFO;Controller;Activity ExecRobotTask ended with exception: Timeout waiting ready;
09/04/18;12:25:13.330;WARNING;Activity;Exception: Robot timeout waiting ready
Stack trace:
org.embl.ctrl.Device$TimeoutWaitReadyException: Timeout waiting ready
	at org.embl.dev.staubli.StaubliRobot.executeTask(StaubliRobot.java:1199)
	at org.embl.dev.staubli.StaubliRobot.executeTask(StaubliRobot.java:1124)
	at org.embl.sw.Control.execRobotTask(Control.java:489)
	at org.embl.sw.Control$2.run(Control.java:380)
	at org.embl.task.ActivityManager.runTask(ActivityManager.java:104)
	at org.embl.task.ActivityManager.access$000(ActivityManager.java:22)
	at org.embl.task.ActivityManager$ActivityThread.run(ActivityManager.java:145)
;
09/04/18;12:25:13.330;INFO;Controller;State = Ready;
09/04/18;12:25:13.335;INFO;Server;Command: ExecRobotTask (EL_kickTest,500);
09/04/18;12:25:13.335;INFO;Controller;Executing asynchronous activity: ExecRobotTask;
09/04/18;12:25:13.335;INFO;Controller;Status = Executing: EL_kickTest;
09/04/18;12:25:13.335;INFO;Controller;State = Running;
09/04/18;12:25:13.853;INFO;Controller;Activity ExecRobotTask ended with exception: Timeout waiting ready;
09/04/18;12:25:13.853;WARNING;Activity;Exception: Robot timeout waiting ready
Stack trace:
org.embl.ctrl.Device$TimeoutWaitReadyException: Timeout waiting ready
	at org.embl.dev.staubli.StaubliRobot.executeTask(StaubliRobot.java:1199)
	at org.embl.dev.staubli.StaubliRobot.executeTask(StaubliRobot.java:1124)
	at org.embl.sw.Control.execRobotTask(Control.java:489)
	at org.embl.sw.Control$2.run(Control.java:380)
	at org.embl.task.ActivityManager.runTask(ActivityManager.java:104)
	at org.embl.task.ActivityManager.access$000(ActivityManager.java:22)
	at org.embl.task.ActivityManager$ActivityThread.run(ActivityManager.java:145)
;
09/04/18;12:25:13.853;INFO;Controller;State = Ready;
09/04/18;12:25:13.859;INFO;Server;Command: ExecRobotTask (EL_kickTest,500);
09/04/18;12:25:13.859;INFO;Controller;Executing asynchronous activity: ExecRobotTask;
09/04/18;12:25:13.860;INFO;Controller;Status = Executing: EL_kickTest;
09/04/18;12:25:13.860;INFO;Controller;State = Running;
09/04/18;12:25:14.377;INFO;Controller;Activity ExecRobotTask ended with exception: Timeout waiting ready;
09/04/18;12:25:14.377;WARNING;Activity;Exception: Robot timeout waiting ready
Stack trace:
org.embl.ctrl.Device$TimeoutWaitReadyException: Timeout waiting ready
	at org.embl.dev.staubli.StaubliRobot.executeTask(StaubliRobot.java:1199)
	at org.embl.dev.staubli.StaubliRobot.executeTask(StaubliRobot.java:1124)
	at org.embl.sw.Control.execRobotTask(Control.java:489)
	at org.embl.sw.Control$2.run(Control.java:380)
	at org.embl.task.ActivityManager.runTask(ActivityManager.java:104)
	at org.embl.task.ActivityManager.access$000(ActivityManager.java:22)
	at org.embl.task.ActivityManager$ActivityThread.run(ActivityManager.java:145)
;
09/04/18;12:25:14.377;INFO;Controller;State = Ready;
09/04/18;12:25:14.385;INFO;Server;Command: ExecRobotTask (EL_kickTest,500);
09/04/18;12:25:14.385;INFO;Controller;Executing asynchronous activity: ExecRobotTask;
09/04/18;12:25:14.385;INFO;Controller;Status = Executing: EL_kickTest;
09/04/18;12:25:14.385;INFO;Controller;State = Running;
09/04/18;12:25:14.892;INFO;Controller;Activity ExecRobotTask ended. Return value: ;
09/04/18;12:25:14.892;INFO;Controller;State = Ready;
09/04/18;12:25:14.898;INFO;Server;Command: ExecRobotTask (EL_kickTest,500);
09/04/18;12:25:14.899;INFO;Controller;Executing asynchronous activity: ExecRobotTask;
09/04/18;12:25:14.899;INFO;Controller;Status = Executing: EL_kickTest;
09/04/18;12:25:14.899;INFO;Controller;State = Running;
09/04/18;12:25:15.533;INFO;Controller;Activity ExecRobotTask ended with exception: Timeout waiting ready;
09/04/18;12:25:15.534;WARNING;Activity;Exception: Robot timeout waiting ready
Stack trace:
org.embl.ctrl.Device$TimeoutWaitReadyException: Timeout waiting ready
	at org.embl.dev.staubli.StaubliRobot.executeTask(StaubliRobot.java:1199)
	at org.embl.dev.staubli.StaubliRobot.executeTask(StaubliRobot.java:1124)
	at org.embl.sw.Control.execRobotTask(Control.java:489)
	at org.embl.sw.Control$2.run(Control.java:380)
	at org.embl.task.ActivityManager.runTask(ActivityManager.java:104)
	at org.embl.task.ActivityManager.access$000(ActivityManager.java:22)
	at org.embl.task.ActivityManager$ActivityThread.run(ActivityManager.java:145)
;
09/04/18;12:25:15.534;INFO;Controller;State = Ready;
09/04/18;12:25:15.544;INFO;Server;Command: ExecRobotTask (EL_kickTest,500);
09/04/18;12:25:15.544;INFO;Controller;Executing asynchronous activity: ExecRobotTask;
09/04/18;12:25:15.544;INFO;Controller;Status = Executing: EL_kickTest;
09/04/18;12:25:15.544;INFO;Controller;State = Running;
09/04/18;12:25:15.693;INFO;Robot Runtime;executing:    EL_kickTest;
09/04/18;12:25:16.118;INFO;Controller;Activity ExecRobotTask ended with exception: Timeout waiting ready;
09/04/18;12:25:16.118;WARNING;Activity;Exception: Robot timeout waiting ready
Stack trace:
org.embl.ctrl.Device$TimeoutWaitReadyException: Timeout waiting ready
	at org.embl.dev.staubli.StaubliRobot.executeTask(StaubliRobot.java:1199)
	at org.embl.dev.staubli.StaubliRobot.executeTask(StaubliRobot.java:1124)
	at org.embl.sw.Control.execRobotTask(Control.java:489)
	at org.embl.sw.Control$2.run(Control.java:380)
	at org.embl.task.ActivityManager.runTask(ActivityManager.java:104)
	at org.embl.task.ActivityManager.access$000(ActivityManager.java:22)
	at org.embl.task.ActivityManager$ActivityThread.run(ActivityManager.java:145)
;
09/04/18;12:25:16.119;INFO;Controller;State = Ready;
09/04/18;12:25:16.129;INFO;Server;Command: ExecRobotTask (EL_kickTest,500);
09/04/18;12:25:16.129;INFO;Controller;Executing asynchronous activity: ExecRobotTask;
09/04/18;12:25:16.129;INFO;Controller;Status = Executing: EL_kickTest;
09/04/18;12:25:16.129;INFO;Controller;State = Running;
09/04/18;12:25:16.646;INFO;Controller;Activity ExecRobotTask ended with exception: Timeout waiting ready;
09/04/18;12:25:16.647;WARNING;Activity;Exception: Robot timeout waiting ready
Stack trace:
org.embl.ctrl.Device$TimeoutWaitReadyException: Timeout waiting ready
	at org.embl.dev.staubli.StaubliRobot.executeTask(StaubliRobot.java:1199)
	at org.embl.dev.staubli.StaubliRobot.executeTask(StaubliRobot.java:1124)
	at org.embl.sw.Control.execRobotTask(Control.java:489)
	at org.embl.sw.Control$2.run(Control.java:380)
	at org.embl.task.ActivityManager.runTask(ActivityManager.java:104)
	at org.embl.task.ActivityManager.access$000(ActivityManager.java:22)
	at org.embl.task.ActivityManager$ActivityThread.run(ActivityManager.java:145)
;
09/04/18;12:25:16.647;INFO;Controller;State = Ready;
09/04/18;12:26:29.271;INFO;Server;Command: ExecRobotTask (EL_kickTest,500000);
09/04/18;12:26:29.271;INFO;Controller;Executing asynchronous activity: ExecRobotTask;
09/04/18;12:26:29.271;INFO;Controller;Status = Executing: EL_kickTest;
09/04/18;12:26:29.271;INFO;Controller;State = Running;
09/04/18;12:26:30.076;INFO;Robot Runtime;executing:    EL_kickTest;
09/04/18;12:26:32.500;INFO;Controller;Activity ExecRobotTask ended. Return value: ;
09/04/18;12:26:32.501;INFO;Controller;State = Ready;
09/04/18;12:26:32.521;INFO;Server;Command: ExecRobotTask (EL_kickTest,500000);
09/04/18;12:26:32.522;INFO;Controller;Executing asynchronous activity: ExecRobotTask;
09/04/18;12:26:32.522;INFO;Controller;Status = Executing: EL_kickTest;
09/04/18;12:26:32.522;INFO;Controller;State = Running;
09/04/18;12:26:33.329;INFO;Robot Runtime;executing:    EL_kickTest;
09/04/18;12:26:35.935;INFO;Controller;Activity ExecRobotTask ended. Return value: ;
09/04/18;12:26:35.935;INFO;Controller;State = Ready;
09/04/18;12:26:35.944;INFO;Server;Command: ExecRobotTask (EL_kickTest,500000);
09/04/18;12:26:35.944;INFO;Controller;Executing asynchronous activity: ExecRobotTask;
09/04/18;12:26:35.944;INFO;Controller;Status = Executing: EL_kickTest;
09/04/18;12:26:35.944;INFO;Controller;State = Running;
09/04/18;12:26:36.724;INFO;Robot Runtime;executing:    EL_kickTest;
09/04/18;12:26:39.345;INFO;Controller;Activity ExecRobotTask ended. Return value: ;
09/04/18;12:26:39.345;INFO;Controller;State = Ready;
09/04/18;12:26:39.358;INFO;Server;Command: ExecRobotTask (EL_kickTest,500000);
09/04/18;12:26:39.358;INFO;Controller;Executing asynchronous activity: ExecRobotTask;
09/04/18;12:26:39.358;INFO;Controller;Status = Executing: EL_kickTest;
09/04/18;12:26:39.358;INFO;Controller;State = Running;
09/04/18;12:26:40.139;INFO;Robot Runtime;executing:    EL_kickTest;
09/04/18;12:26:42.504;INFO;Controller;Activity ExecRobotTask ended. Return value: ;
09/04/18;12:26:42.504;INFO;Controller;State = Ready;
09/04/18;12:26:42.518;INFO;Server;Command: ExecRobotTask (EL_kickTest,500000);
09/04/18;12:26:42.519;INFO;Controller;Executing asynchronous activity: ExecRobotTask;
09/04/18;12:26:42.519;INFO;Controller;Status = Executing: EL_kickTest;
09/04/18;12:26:42.519;INFO;Controller;State = Running;
09/04/18;12:26:43.302;INFO;Robot Runtime;executing:    EL_kickTest;
09/04/18;12:26:45.911;INFO;Controller;Activity ExecRobotTask ended. Return value: ;
09/04/18;12:26:45.912;INFO;Controller;State = Ready;
09/04/18;12:26:45.922;INFO;Server;Command: ExecRobotTask (EL_kickTest,500000);
09/04/18;12:26:45.922;INFO;Controller;Executing asynchronous activity: ExecRobotTask;
09/04/18;12:26:45.922;INFO;Controller;Status = Executing: EL_kickTest;
09/04/18;12:26:45.922;INFO;Controller;State = Running;
09/04/18;12:26:46.727;INFO;Robot Runtime;executing:    EL_kickTest;
09/04/18;12:26:49.335;INFO;Controller;Activity ExecRobotTask ended. Return value: ;
09/04/18;12:26:49.335;INFO;Controller;State = Ready;
09/04/18;12:26:49.346;INFO;Server;Command: ExecRobotTask (EL_kickTest,500000);
09/04/18;12:26:49.346;INFO;Controller;Executing asynchronous activity: ExecRobotTask;
09/04/18;12:26:49.346;INFO;Controller;Status = Executing: EL_kickTest;
09/04/18;12:26:49.346;INFO;Controller;State = Running;
09/04/18;12:26:50.127;INFO;Robot Runtime;executing:    EL_kickTest;
09/04/18;12:26:52.493;INFO;Controller;Activity ExecRobotTask ended. Return value: ;
09/04/18;12:26:52.493;INFO;Controller;State = Ready;
09/04/18;12:26:52.506;INFO;Server;Command: ExecRobotTask (EL_kickTest,500000);
09/04/18;12:26:52.506;INFO;Controller;Executing asynchronous activity: ExecRobotTask;
09/04/18;12:26:52.506;INFO;Controller;Status = Executing: EL_kickTest;
09/04/18;12:26:52.506;INFO;Controller;State = Running;
09/04/18;12:26:53.281;INFO;Robot Runtime;executing:    EL_kickTest;
09/04/18;12:26:55.893;INFO;Controller;Activity ExecRobotTask ended. Return value: ;
09/04/18;12:26:55.893;INFO;Controller;State = Ready;
09/04/18;12:26:55.900;INFO;Server;Command: ExecRobotTask (EL_kickTest,500000);
09/04/18;12:26:55.900;INFO;Controller;Executing asynchronous activity: ExecRobotTask;
09/04/18;12:26:55.900;INFO;Controller;Status = Executing: EL_kickTest;
09/04/18;12:26:55.900;INFO;Controller;State = Running;
09/04/18;12:26:56.707;INFO;Robot Runtime;executing:    EL_kickTest;
09/04/18;12:26:59.319;INFO;Controller;Activity ExecRobotTask ended. Return value: ;
09/04/18;12:26:59.319;INFO;Controller;State = Ready;
09/04/18;12:59:09.334;WARNING;Robot Runtime;update thread is down, Error Code: 125;
09/04/18;12:59:14.167;WARNING;Robot;Alarm active: Device is offline;
09/04/18;12:59:14.167;INFO;Controller;State = Communication Error;
09/04/18;13:01:08.291;INFO;Robot;Alarm inactive: Device is offline;
09/04/18;13:01:08.291;WARNING;Controller;Communication resumed, trying updating devices;
09/04/18;13:01:08.293;INFO;Controller;Finished device updating;
09/04/18;13:01:08.293;INFO;Controller;State = Ready;
09/04/18;13:28:54.800;INFO;Server;Command: ExecRobotTask (EL_kickTest,500000);
09/04/18;13:28:54.801;INFO;Controller;Executing asynchronous activity: ExecRobotTask;
09/04/18;13:28:54.801;INFO;Controller;Status = Executing: EL_kickTest;
09/04/18;13:28:54.801;INFO;Controller;State = Running;
09/04/18;13:28:55.857;INFO;Robot Runtime;executing:    EL_kickTest;
09/04/18;13:28:58.419;INFO;Controller;Activity ExecRobotTask ended. Return value: ;
09/04/18;13:28:58.419;INFO;Controller;State = Ready;
09/04/18;13:28:58.430;INFO;Server;Command: ExecRobotTask (EL_kickTest,500000);
09/04/18;13:28:58.431;INFO;Controller;Executing asynchronous activity: ExecRobotTask;
09/04/18;13:28:58.431;INFO;Controller;Status = Executing: EL_kickTest;
09/04/18;13:28:58.431;INFO;Controller;State = Running;
09/04/18;13:28:59.302;INFO;Robot Runtime;executing:    EL_kickTest;
09/04/18;13:29:01.660;INFO;Controller;Activity ExecRobotTask ended. Return value: ;
09/04/18;13:29:01.660;INFO;Controller;State = Ready;
09/04/18;13:29:01.671;INFO;Server;Command: ExecRobotTask (EL_kickTest,500000);
09/04/18;13:29:01.671;INFO;Controller;Executing asynchronous activity: ExecRobotTask;
09/04/18;13:29:01.672;INFO;Controller;Status = Executing: EL_kickTest;
09/04/18;13:29:01.672;INFO;Controller;State = Running;
09/04/18;13:29:02.518;INFO;Robot Runtime;executing:    EL_kickTest;
09/04/18;13:29:05.157;INFO;Controller;Activity ExecRobotTask ended. Return value: ;
09/04/18;13:29:05.157;INFO;Controller;State = Ready;
09/04/18;13:29:05.165;INFO;Server;Command: ExecRobotTask (EL_kickTest,500000);
09/04/18;13:29:05.165;INFO;Controller;Executing asynchronous activity: ExecRobotTask;
09/04/18;13:29:05.165;INFO;Controller;Status = Executing: EL_kickTest;
09/04/18;13:29:05.165;INFO;Controller;State = Running;
09/04/18;13:29:05.988;INFO;Robot Runtime;executing:    EL_kickTest;
09/04/18;13:29:08.370;INFO;Controller;Activity ExecRobotTask ended. Return value: ;
09/04/18;13:29:08.371;INFO;Controller;State = Ready;
09/04/18;13:29:08.376;INFO;Server;Command: ExecRobotTask (EL_kickTest,500000);
09/04/18;13:29:08.376;INFO;Controller;Executing asynchronous activity: ExecRobotTask;
09/04/18;13:29:08.376;INFO;Controller;Status = Executing: EL_kickTest;
09/04/18;13:29:08.376;INFO;Controller;State = Running;
09/04/18;13:29:09.158;INFO;Robot Runtime;executing:    EL_kickTest;
09/04/18;13:29:11.624;INFO;Controller;Activity ExecRobotTask ended. Return value: ;
09/04/18;13:29:11.624;INFO;Controller;State = Ready;
09/04/18;13:29:11.638;INFO;Server;Command: ExecRobotTask (EL_kickTest,500000);
09/04/18;13:29:11.638;INFO;Controller;Executing asynchronous activity: ExecRobotTask;
09/04/18;13:29:11.638;INFO;Controller;Status = Executing: EL_kickTest;
09/04/18;13:29:11.638;INFO;Controller;State = Running;
09/04/18;13:29:12.415;INFO;Robot Runtime;executing:    EL_kickTest;
09/04/18;13:29:14.832;INFO;Controller;Activity ExecRobotTask ended. Return value: ;
09/04/18;13:29:14.832;INFO;Controller;State = Ready;
09/04/18;13:29:14.839;INFO;Server;Command: ExecRobotTask (EL_kickTest,500000);
09/04/18;13:29:14.839;INFO;Controller;Executing asynchronous activity: ExecRobotTask;
09/04/18;13:29:14.839;INFO;Controller;Status = Executing: EL_kickTest;
09/04/18;13:29:14.839;INFO;Controller;State = Running;
09/04/18;13:29:15.647;INFO;Robot Runtime;executing:    EL_kickTest;
09/04/18;13:29:18.012;INFO;Controller;Activity ExecRobotTask ended. Return value: ;
09/04/18;13:29:18.012;INFO;Controller;State = Ready;
09/04/18;13:29:18.020;INFO;Server;Command: ExecRobotTask (EL_kickTest,500000);
09/04/18;13:29:18.020;INFO;Controller;Executing asynchronous activity: ExecRobotTask;
09/04/18;13:29:18.020;INFO;Controller;Status = Executing: EL_kickTest;
09/04/18;13:29:18.020;INFO;Controller;State = Running;
09/04/18;13:29:18.851;INFO;Robot Runtime;executing:    EL_kickTest;
09/04/18;13:29:21.250;INFO;Controller;Activity ExecRobotTask ended. Return value: ;
09/04/18;13:29:21.250;INFO;Controller;State = Ready;
09/04/18;13:29:21.260;INFO;Server;Command: ExecRobotTask (EL_kickTest,500000);
09/04/18;13:29:21.260;INFO;Controller;Executing asynchronous activity: ExecRobotTask;
09/04/18;13:29:21.260;INFO;Controller;Status = Executing: EL_kickTest;
09/04/18;13:29:21.260;INFO;Controller;State = Running;
09/04/18;13:29:22.084;INFO;Robot Runtime;executing:    EL_kickTest;
09/04/18;13:29:24.728;INFO;Controller;Activity ExecRobotTask ended. Return value: ;
09/04/18;13:29:24.728;INFO;Controller;State = Ready;
09/04/18;13:29:24.733;INFO;Server;Command: ExecRobotTask (EL_kickTest,500000);
09/04/18;13:29:24.733;INFO;Controller;Executing asynchronous activity: ExecRobotTask;
09/04/18;13:29:24.733;INFO;Controller;Status = Executing: EL_kickTest;
09/04/18;13:29:24.733;INFO;Controller;State = Running;
09/04/18;13:29:25.483;INFO;Robot Runtime;executing:    EL_kickTest;
09/04/18;13:29:27.921;INFO;Controller;Activity ExecRobotTask ended. Return value: ;
09/04/18;13:29:27.921;INFO;Controller;State = Ready;
09/04/18;13:29:27.933;INFO;Server;Command: ExecRobotTask (EL_kickTest,500000);
09/04/18;13:29:27.933;INFO;Controller;Executing asynchronous activity: ExecRobotTask;
09/04/18;13:29:27.934;INFO;Controller;Status = Executing: EL_kickTest;
09/04/18;13:29:27.934;INFO;Controller;State = Running;
09/04/18;13:29:28.712;INFO;Robot Runtime;executing:    EL_kickTest;
09/04/18;13:29:31.157;INFO;Controller;Activity ExecRobotTask ended. Return value: ;
09/04/18;13:29:31.157;INFO;Controller;State = Ready;
09/04/18;13:29:31.165;INFO;Server;Command: ExecRobotTask (EL_kickTest,500000);
09/04/18;13:29:31.166;INFO;Controller;Executing asynchronous activity: ExecRobotTask;
09/04/18;13:29:31.166;INFO;Controller;Status = Executing: EL_kickTest;
09/04/18;13:29:31.166;INFO;Controller;State = Running;
09/04/18;13:29:31.926;INFO;Robot Runtime;executing:    EL_kickTest;
09/04/18;13:29:34.636;INFO;Controller;Activity ExecRobotTask ended. Return value: ;
09/04/18;13:29:34.636;INFO;Controller;State = Ready;
09/04/18;13:33:24.327;INFO;Server;Command: ExecRobotTask (EL_kickTest,500000);
09/04/18;13:33:24.327;INFO;Controller;Executing asynchronous activity: ExecRobotTask;
09/04/18;13:33:24.327;INFO;Controller;Status = Executing: EL_kickTest;
09/04/18;13:33:24.327;INFO;Controller;State = Running;
09/04/18;13:33:25.148;INFO;Robot Runtime;executing:    EL_kickTest;
09/04/18;13:33:27.550;INFO;Controller;Activity ExecRobotTask ended. Return value: ;
09/04/18;13:33:27.550;INFO;Controller;State = Ready;
09/04/18;13:33:27.579;INFO;Server;Command: ExecRobotTask (EL_kickTest,500000);
09/04/18;13:33:27.579;INFO;Controller;Executing asynchronous activity: ExecRobotTask;
09/04/18;13:33:27.579;INFO;Controller;Status = Executing: EL_kickTest;
09/04/18;13:33:27.579;INFO;Controller;State = Running;
09/04/18;13:33:28.403;INFO;Robot Runtime;executing:    EL_kickTest;
09/04/18;13:33:30.788;INFO;Controller;Activity ExecRobotTask ended. Return value: ;
09/04/18;13:33:30.788;INFO;Controller;State = Ready;
09/04/18;13:33:30.800;INFO;Server;Command: ExecRobotTask (EL_kickTest,500000);
09/04/18;13:33:30.800;INFO;Controller;Executing asynchronous activity: ExecRobotTask;
09/04/18;13:33:30.800;INFO;Controller;Status = Executing: EL_kickTest;
09/04/18;13:33:30.800;INFO;Controller;State = Running;
09/04/18;13:33:31.630;INFO;Robot Runtime;executing:    EL_kickTest;
09/04/18;13:33:34.034;INFO;Controller;Activity ExecRobotTask ended. Return value: ;
09/04/18;13:33:34.034;INFO;Controller;State = Ready;
09/04/18;14:40:41.895;INFO;Server;Command: ExecRobotTask (EL_kickTest,500000);
09/04/18;14:40:41.895;INFO;Controller;Executing asynchronous activity: ExecRobotTask;
09/04/18;14:40:41.895;INFO;Controller;Status = Executing: EL_kickTest;
09/04/18;14:40:41.895;INFO;Controller;State = Running;
09/04/18;14:40:42.721;INFO;Robot Runtime;executing:    EL_kickTest;
09/04/18;14:40:45.145;INFO;Controller;Activity ExecRobotTask ended. Return value: ;
09/04/18;14:40:45.145;INFO;Controller;State = Ready;
09/04/18;14:40:45.173;INFO;Server;Command: ExecRobotTask (EL_kickTest,500000);
09/04/18;14:40:45.173;INFO;Controller;Executing asynchronous activity: ExecRobotTask;
09/04/18;14:40:45.173;INFO;Controller;Status = Executing: EL_kickTest;
09/04/18;14:40:45.174;INFO;Controller;State = Running;
09/04/18;14:40:45.990;INFO;Robot Runtime;executing:    EL_kickTest;
09/04/18;14:40:48.648;INFO;Controller;Activity ExecRobotTask ended. Return value: ;
09/04/18;14:40:48.648;INFO;Controller;State = Ready;
09/04/18;14:40:48.659;INFO;Server;Command: ExecRobotTask (EL_kickTest,500000);
09/04/18;14:40:48.659;INFO;Controller;Executing asynchronous activity: ExecRobotTask;
09/04/18;14:40:48.659;INFO;Controller;Status = Executing: EL_kickTest;
09/04/18;14:40:48.659;INFO;Controller;State = Running;
09/04/18;14:40:49.437;INFO;Robot Runtime;executing:    EL_kickTest;
09/04/18;14:40:51.868;INFO;Controller;Activity ExecRobotTask ended. Return value: ;
09/04/18;14:40:51.868;INFO;Controller;State = Ready;
09/04/18;14:40:51.879;INFO;Server;Command: ExecRobotTask (EL_kickTest,500000);
09/04/18;14:40:51.880;INFO;Controller;Executing asynchronous activity: ExecRobotTask;
09/04/18;14:40:51.880;INFO;Controller;Status = Executing: EL_kickTest;
09/04/18;14:40:51.880;INFO;Controller;State = Running;
09/04/18;14:40:52.648;INFO;Robot Runtime;executing:    EL_kickTest;
09/04/18;14:40:55.086;INFO;Controller;Activity ExecRobotTask ended. Return value: ;
09/04/18;14:40:55.086;INFO;Controller;State = Ready;
09/04/18;14:40:55.101;INFO;Server;Command: ExecRobotTask (EL_kickTest,500000);
09/04/18;14:40:55.102;INFO;Controller;Executing asynchronous activity: ExecRobotTask;
09/04/18;14:40:55.102;INFO;Controller;Status = Executing: EL_kickTest;
09/04/18;14:40:55.102;INFO;Controller;State = Running;
09/04/18;14:40:55.891;INFO;Robot Runtime;executing:    EL_kickTest;
09/04/18;14:40:58.321;INFO;Controller;Activity ExecRobotTask ended. Return value: ;
09/04/18;14:40:58.321;INFO;Controller;State = Ready;
09/04/18;14:40:58.335;INFO;Server;Command: ExecRobotTask (EL_kickTest,500000);
09/04/18;14:40:58.335;INFO;Controller;Executing asynchronous activity: ExecRobotTask;
09/04/18;14:40:58.335;INFO;Controller;Status = Executing: EL_kickTest;
09/04/18;14:40:58.335;INFO;Controller;State = Running;
09/04/18;14:40:59.172;INFO;Robot Runtime;executing:    EL_kickTest;
09/04/18;14:41:01.565;INFO;Controller;Activity ExecRobotTask ended. Return value: ;
09/04/18;14:41:01.565;INFO;Controller;State = Ready;
09/04/18;14:41:01.578;INFO;Server;Command: ExecRobotTask (EL_kickTest,500000);
09/04/18;14:41:01.578;INFO;Controller;Executing asynchronous activity: ExecRobotTask;
09/04/18;14:41:01.578;INFO;Controller;Status = Executing: EL_kickTest;
09/04/18;14:41:01.578;INFO;Controller;State = Running;
09/04/18;14:41:02.419;INFO;Robot Runtime;executing:    EL_kickTest;
09/04/18;14:41:04.810;INFO;Controller;Activity ExecRobotTask ended. Return value: ;
09/04/18;14:41:04.810;INFO;Controller;State = Ready;
09/04/18;14:41:04.818;INFO;Server;Command: ExecRobotTask (EL_kickTest,500000);
09/04/18;14:41:04.818;INFO;Controller;Executing asynchronous activity: ExecRobotTask;
09/04/18;14:41:04.819;INFO;Controller;Status = Executing: EL_kickTest;
09/04/18;14:41:04.819;INFO;Controller;State = Running;
09/04/18;14:41:05.650;INFO;Robot Runtime;executing:    EL_kickTest;
09/04/18;14:41:08.323;INFO;Controller;Activity ExecRobotTask ended. Return value: ;
09/04/18;14:41:08.323;INFO;Controller;State = Ready;
09/04/18;14:41:08.333;INFO;Server;Command: ExecRobotTask (EL_kickTest,500000);
09/04/18;14:41:08.333;INFO;Controller;Executing asynchronous activity: ExecRobotTask;
09/04/18;14:41:08.333;INFO;Controller;Status = Executing: EL_kickTest;
09/04/18;14:41:08.333;INFO;Controller;State = Running;
09/04/18;14:41:09.123;INFO;Robot Runtime;executing:    EL_kickTest;
09/04/18;14:41:11.568;INFO;Controller;Activity ExecRobotTask ended. Return value: ;
09/04/18;14:41:11.568;INFO;Controller;State = Ready;
09/04/18;14:41:11.576;INFO;Server;Command: ExecRobotTask (EL_kickTest,500000);
09/04/18;14:41:11.576;INFO;Controller;Executing asynchronous activity: ExecRobotTask;
09/04/18;14:41:11.576;INFO;Controller;Status = Executing: EL_kickTest;
09/04/18;14:41:11.577;INFO;Controller;State = Running;
09/04/18;14:41:12.369;INFO;Robot Runtime;executing:    EL_kickTest;
09/04/18;14:41:14.806;INFO;Controller;Activity ExecRobotTask ended. Return value: ;
09/04/18;14:41:14.806;INFO;Controller;State = Ready;
