31/05/18;10:49:02.969;INFO;Server;Command: ExecRobotTask (OpenPortLid,500000);
31/05/18;10:49:02.970;INFO;Controller;Executing asynchronous activity: ExecRobotTask;
31/05/18;10:49:02.971;INFO;Controller;Status = Executing: OpenPortLid;
31/05/18;10:49:02.971;INFO;Controller;State = Running;
31/05/18;10:49:03.930;INFO;Robot Runtime;executing:    OpenPortLid;
31/05/18;10:49:04.803;INFO;Controller;Activity ExecRobotTask ended. Return value: Done;
31/05/18;10:49:04.803;INFO;Controller;State = Ready;
31/05/18;10:50:27.690;INFO;Server;Command: ExecRobotTask (ClosePorts,500000);
31/05/18;10:50:27.690;INFO;Controller;Executing asynchronous activity: ExecRobotTask;
31/05/18;10:50:27.690;INFO;Controller;Status = Executing: ClosePorts;
31/05/18;10:50:27.690;INFO;Controller;State = Running;
31/05/18;10:50:28.823;INFO;Robot Runtime;executing:    ClosePorts;
31/05/18;10:50:29.098;INFO;Controller;Activity ExecRobotTask ended. Return value: Done;
31/05/18;10:50:29.098;INFO;Controller;State = Ready;
31/05/18;10:50:37.807;INFO;Server;Command: ExecRobotTask (EnableTScreen,500000);
31/05/18;10:50:37.807;INFO;Controller;Executing asynchronous activity: ExecRobotTask;
31/05/18;10:50:37.807;INFO;Controller;Status = Executing: EnableTScreen;
31/05/18;10:50:37.807;INFO;Controller;State = Running;
31/05/18;10:50:38.657;INFO;Robot Runtime;executing:    EnableTScreen;
31/05/18;10:50:38.794;INFO;Controller;Activity ExecRobotTask ended. Return value: Done;
31/05/18;10:50:38.794;INFO;Controller;State = Ready;
31/05/18;18:01:44.356;INFO;Interface;Command: ExecRobotTask (checktoolconfig,-1);
31/05/18;18:01:44.356;INFO;Controller;Executing asynchronous activity: ExecRobotTask;
31/05/18;18:01:44.356;INFO;Controller;Status = Executing: checktoolconfig;
31/05/18;18:01:44.356;INFO;Controller;State = Running;
31/05/18;18:01:44.664;INFO;Robot Runtime;executing:    checktoolconfig;
31/05/18;18:01:44.706;INFO;Robot Runtime;Invalid Gripper: C014;
31/05/18;18:01:44.729;INFO;Robot Runtime;Invalid Gripper: C017;
31/05/18;18:01:44.750;INFO;Robot Runtime;Valid Gripper: C015;
31/05/18;18:01:44.771;INFO;Robot Runtime;Valid Gripper: C019;
31/05/18;18:01:44.792;INFO;Robot Runtime;Current Tool: C015 (Valid);
31/05/18;18:01:44.969;INFO;Controller;Activity ExecRobotTask ended. Return value: Done;
31/05/18;18:01:44.969;INFO;Controller;State = Ready;
31/05/18;18:02:07.229;INFO;Interface;Command: ExecRobotTask (enableTscreen,-1);
31/05/18;18:02:07.229;INFO;Controller;Executing asynchronous activity: ExecRobotTask;
31/05/18;18:02:07.229;INFO;Controller;Status = Executing: enableTscreen;
31/05/18;18:02:07.229;INFO;Controller;State = Running;
31/05/18;18:02:08.067;INFO;Robot Runtime;executing:    enableTscreen;
31/05/18;18:02:08.199;INFO;Controller;Activity ExecRobotTask ended. Return value: Done;
31/05/18;18:02:08.200;INFO;Controller;State = Ready;
31/05/18;18:03:09.549;INFO;Interface;Command: Abort;
31/05/18;18:03:09.549;INFO;Robot;Abort;
31/05/18;18:03:30.949;INFO;Interface;Command: Restart;
31/05/18;18:03:30.949;INFO;Controller;State = Initializing;
31/05/18;18:03:31.017;INFO;Controller;Initialized log services - Startup: 25/05/18 16:24:36;
31/05/18;18:03:32.022;INFO;Epics Server;Exiting running thread;
31/05/18;18:03:32.025;INFO;Epics Server;Registered PV: SW:Version;
31/05/18;18:03:32.025;INFO;Epics Server;Registered PV: SW:Status;
31/05/18;18:03:32.025;INFO;Epics Server;Registered PV: SW:Uptime;
31/05/18;18:03:32.025;INFO;Epics Server;Registered PV: SW:LastTaskInfo;
31/05/18;18:03:32.025;INFO;Epics Server;Registered PV: SW:AlarmList;
31/05/18;18:03:32.025;INFO;Epics Server;Registered PV: SW:LocalGuiLockOut;
31/05/18;18:03:32.025;INFO;Epics Server;Registered PV: SW:RobotSpeed;
31/05/18;18:03:32.025;INFO;Epics Server;Registered PV: SW:LastTaskException;
31/05/18;18:03:32.026;INFO;Epics Server;Registered PV: SW:LastTaskOutput;
31/05/18;18:03:32.026;INFO;Epics Server;Registered PV: SW:RobotState;
31/05/18;18:03:32.026;INFO;Epics Server;Registered PV: SW:CartesianPositions;
31/05/18;18:03:32.026;INFO;Epics Server;Registered PV: SW:JointPositions;
31/05/18;18:03:32.026;INFO;Epics Server;Registered PV: SW:State;
31/05/18;18:03:32.026;INFO;Epics Server;Registered PV: SW:abort;
31/05/18;18:03:32.026;INFO;Epics Server;Registered PV: SW:restart;
31/05/18;18:03:32.026;INFO;Epics Server;Registered PV: SW:getTaskInfo;
31/05/18;18:03:32.026;INFO;Epics Server;Registered PV: SW:isTaskRunning;
31/05/18;18:03:32.026;INFO;Epics Server;Registered PV: SW:checkTaskResult;
31/05/18;18:03:32.026;INFO;Epics Server;Registered PV: SW:startTestTask;
31/05/18;18:03:32.026;INFO;Epics Server;Registered PV: SW:pauseRobot;
31/05/18;18:03:32.026;INFO;Epics Server;Registered PV: SW:resumeRobot;
31/05/18;18:03:32.026;INFO;Epics Server;Registered PV: SW:setRobotVariable;
31/05/18;18:03:32.026;INFO;Epics Server;Registered PV: SW:isSampleMounted;
31/05/18;18:03:32.027;INFO;Epics Server;Registered PV: SW:startRobotTask;
31/05/18;18:03:32.027;INFO;Epics Server;Registered PV: SW:getRobotVariable;
31/05/18;18:03:32.027;INFO;Epics Server;Registered PV: SW:getDistance;
31/05/18;18:03:32.027;INFO;Epics Server;Initializing: Channel Access Server in Java v1.1.1;
31/05/18;18:03:32.027;INFO;Epics Server;Started server: ready to accept requests;
31/05/18;18:03:32.624;INFO;Controller;Initializing Robot;
31/05/18;18:03:32.627;INFO;Robot;Setting reference frame to: world;
31/05/18;18:03:32.747;INFO;Controller;Initializing Bus Controller;
31/05/18;18:03:32.747;INFO;Anti-Collision;Active = true;
31/05/18;18:03:32.747;INFO;Controller;State = Starting;
31/05/18;18:03:32.748;INFO;Controller;Command: Reset;
31/05/18;18:03:32.748;INFO;Controller;Executing asynchronous script: ./script/Reset.py;
31/05/18;18:03:32.748;INFO;Controller;Status = Reseting;
31/05/18;18:03:32.748;INFO;Controller;State = Running;
31/05/18;18:03:32.940;INFO;Controller;Script host: localhost:48782;
31/05/18;18:03:32.940;INFO;Script;Starting initialization script;
31/05/18;18:03:32.943;INFO;Script;Do nothing;
31/05/18;18:03:32.944;INFO;Controller;Script ./script/Reset.py ended. Return value: ;
31/05/18;18:03:32.944;INFO;Controller;State = Ready;
31/05/18;18:03:43.492;INFO;Interface;Command: ExecRobotTask (initialize,-1);
31/05/18;18:03:43.492;INFO;Controller;Executing asynchronous activity: ExecRobotTask;
31/05/18;18:03:43.492;INFO;Controller;Status = Executing: initialize;
31/05/18;18:03:43.492;INFO;Controller;State = Running;
31/05/18;18:03:44.391;INFO;Robot Runtime;executing:    initialize;
31/05/18;18:03:46.033;INFO;Robot Runtime;Robot power is on manual;
31/05/18;18:03:46.150;INFO;Controller;Activity ExecRobotTask ended. Return value: ABORT: Robot power is on manual;
31/05/18;18:03:46.151;INFO;Controller;State = Ready;
31/05/18;18:09:28.499;INFO;Server;Command: ExecRobotTask (Initialize,500000);
31/05/18;18:09:28.500;INFO;Controller;Executing asynchronous activity: ExecRobotTask;
31/05/18;18:09:28.500;INFO;Controller;Status = Executing: Initialize;
31/05/18;18:09:28.500;INFO;Controller;State = Running;
31/05/18;18:09:29.377;INFO;Robot Runtime;executing:    Initialize;
31/05/18;18:09:30.598;INFO;Controller;Activity ExecRobotTask ended. Return value: Done;
31/05/18;18:09:30.598;INFO;Controller;State = Ready;
31/05/18;18:09:30.638;INFO;Server;Command: ExecRobotTask (Cooldown,500000);
31/05/18;18:09:30.638;INFO;Controller;Executing asynchronous activity: ExecRobotTask;
31/05/18;18:09:30.639;INFO;Controller;Status = Executing: Cooldown;
31/05/18;18:09:30.639;INFO;Controller;State = Running;
31/05/18;18:09:31.571;INFO;Robot Runtime;executing:    Cooldown;
31/05/18;18:10:38.318;INFO;Controller;Activity ExecRobotTask ended. Return value: Done;
31/05/18;18:10:38.318;INFO;Controller;State = Ready;
31/05/18;18:10:38.512;INFO;Server;Command: ExecRobotTask (MT_loadCheck,500000);
31/05/18;18:10:38.512;INFO;Controller;Executing asynchronous activity: ExecRobotTask;
31/05/18;18:10:38.512;INFO;Controller;Status = Executing: MT_loadCheck;
31/05/18;18:10:38.512;INFO;Controller;State = Running;
31/05/18;18:10:39.648;INFO;Robot Runtime;executing:    MT_loadCheck;
31/05/18;18:10:53.769;INFO;Controller;Activity ExecRobotTask ended. Return value: Done ===>1,0.241,-0.04 ,-2.456,0;
31/05/18;18:10:53.770;INFO;Controller;State = Ready;
31/05/18;18:10:53.966;INFO;Server;Command: ExecRobotTask (MT_loadCheck,500000);
31/05/18;18:10:53.966;INFO;Controller;Executing asynchronous activity: ExecRobotTask;
31/05/18;18:10:53.966;INFO;Controller;Status = Executing: MT_loadCheck;
31/05/18;18:10:53.967;INFO;Controller;State = Running;
31/05/18;18:10:54.834;INFO;Robot Runtime;executing:    MT_loadCheck;
31/05/18;18:11:04.002;INFO;Controller;Activity ExecRobotTask ended. Return value: Done ===>2,0.092,0.275,-1.545,0;
31/05/18;18:11:04.002;INFO;Controller;State = Ready;
31/05/18;18:11:04.200;INFO;Server;Command: ExecRobotTask (MT_loadCheck,500000);
31/05/18;18:11:04.201;INFO;Controller;Executing asynchronous activity: ExecRobotTask;
31/05/18;18:11:04.201;INFO;Controller;Status = Executing: MT_loadCheck;
31/05/18;18:11:04.201;INFO;Controller;State = Running;
31/05/18;18:11:05.071;INFO;Robot Runtime;executing:    MT_loadCheck;
31/05/18;18:11:14.565;INFO;Controller;Activity ExecRobotTask ended. Return value: Done ===>3,-0.671,0.271,-1.704,0;
31/05/18;18:11:14.565;INFO;Controller;State = Ready;
31/05/18;18:11:14.786;INFO;Server;Command: ExecRobotTask (MT_loadCheck,500000);
31/05/18;18:11:14.786;INFO;Controller;Executing asynchronous activity: ExecRobotTask;
31/05/18;18:11:14.786;INFO;Controller;Status = Executing: MT_loadCheck;
31/05/18;18:11:14.786;INFO;Controller;State = Running;
31/05/18;18:11:15.658;INFO;Robot Runtime;executing:    MT_loadCheck;
31/05/18;18:11:25.217;INFO;Controller;Activity ExecRobotTask ended. Return value: Done ===>4,-0.516,-0.152,-0.93 ,0;
31/05/18;18:11:25.217;INFO;Controller;State = Ready;
31/05/18;18:11:25.418;INFO;Server;Command: ExecRobotTask (MT_loadCheck,500000);
31/05/18;18:11:25.418;INFO;Controller;Executing asynchronous activity: ExecRobotTask;
31/05/18;18:11:25.418;INFO;Controller;Status = Executing: MT_loadCheck;
31/05/18;18:11:25.418;INFO;Controller;State = Running;
31/05/18;18:11:26.286;INFO;Robot Runtime;executing:    MT_loadCheck;
31/05/18;18:11:35.472;INFO;Controller;Activity ExecRobotTask ended. Return value: Done ===>5,0.516,0.166,-0.539,0;
31/05/18;18:11:35.472;INFO;Controller;State = Ready;
31/05/18;18:11:35.666;INFO;Server;Command: ExecRobotTask (MT_loadCheck,500000);
31/05/18;18:11:35.666;INFO;Controller;Executing asynchronous activity: ExecRobotTask;
31/05/18;18:11:35.666;INFO;Controller;Status = Executing: MT_loadCheck;
31/05/18;18:11:35.666;INFO;Controller;State = Running;
31/05/18;18:11:36.535;INFO;Robot Runtime;executing:    MT_loadCheck;
31/05/18;18:11:46.017;INFO;Controller;Activity ExecRobotTask ended. Return value: Done ===>6,-0.952,0.335,-0.519,0;
31/05/18;18:11:46.018;INFO;Controller;State = Ready;
31/05/18;18:11:46.214;INFO;Server;Command: ExecRobotTask (MT_loadCheck,500000);
31/05/18;18:11:46.215;INFO;Controller;Executing asynchronous activity: ExecRobotTask;
31/05/18;18:11:46.215;INFO;Controller;Status = Executing: MT_loadCheck;
31/05/18;18:11:46.215;INFO;Controller;State = Running;
31/05/18;18:11:47.085;INFO;Robot Runtime;executing:    MT_loadCheck;
31/05/18;18:11:56.253;INFO;Controller;Activity ExecRobotTask ended. Return value: Done ===>7,-0.711,0.1  ,-1.191,0;
31/05/18;18:11:56.253;INFO;Controller;State = Ready;
31/05/18;18:11:56.451;INFO;Server;Command: ExecRobotTask (MT_loadCheck,500000);
31/05/18;18:11:56.451;INFO;Controller;Executing asynchronous activity: ExecRobotTask;
31/05/18;18:11:56.451;INFO;Controller;Status = Executing: MT_loadCheck;
31/05/18;18:11:56.451;INFO;Controller;State = Running;
31/05/18;18:11:57.322;INFO;Robot Runtime;executing:    MT_loadCheck;
31/05/18;18:12:06.824;INFO;Controller;Activity ExecRobotTask ended. Return value: Done ===>8,-0.236,0.293,-1.42 ,0;
31/05/18;18:12:06.825;INFO;Controller;State = Ready;
31/05/18;18:12:07.051;INFO;Server;Command: ExecRobotTask (MT_loadCheck,500000);
31/05/18;18:12:07.052;INFO;Controller;Executing asynchronous activity: ExecRobotTask;
31/05/18;18:12:07.052;INFO;Controller;Status = Executing: MT_loadCheck;
31/05/18;18:12:07.052;INFO;Controller;State = Running;
31/05/18;18:12:07.915;INFO;Robot Runtime;executing:    MT_loadCheck;
31/05/18;18:12:17.492;INFO;Controller;Activity ExecRobotTask ended. Return value: Done ===>9,-0.172,0.181,-1.857,0;
31/05/18;18:12:17.492;INFO;Controller;State = Ready;
31/05/18;18:12:17.693;INFO;Server;Command: ExecRobotTask (MT_loadCheck,500000);
31/05/18;18:12:17.694;INFO;Controller;Executing asynchronous activity: ExecRobotTask;
31/05/18;18:12:17.694;INFO;Controller;Status = Executing: MT_loadCheck;
31/05/18;18:12:17.694;INFO;Controller;State = Running;
31/05/18;18:12:18.568;INFO;Robot Runtime;executing:    MT_loadCheck;
31/05/18;18:12:28.160;INFO;Controller;Activity ExecRobotTask ended. Return value: Done ===>10,-0.372,-0.182,-2.39 ,0;
31/05/18;18:12:28.160;INFO;Controller;State = Ready;
31/05/18;18:12:28.357;INFO;Server;Command: ExecRobotTask (MT_loadCheck,500000);
31/05/18;18:12:28.357;INFO;Controller;Executing asynchronous activity: ExecRobotTask;
31/05/18;18:12:28.357;INFO;Controller;Status = Executing: MT_loadCheck;
31/05/18;18:12:28.357;INFO;Controller;State = Running;
31/05/18;18:12:29.250;INFO;Robot Runtime;executing:    MT_loadCheck;
31/05/18;18:12:38.842;INFO;Controller;Activity ExecRobotTask ended. Return value: Done ===>11,0.265,-0.311,-0.641,0;
31/05/18;18:12:38.842;INFO;Controller;State = Ready;
31/05/18;18:12:39.038;INFO;Server;Command: ExecRobotTask (MT_loadCheck,500000);
31/05/18;18:12:39.039;INFO;Controller;Executing asynchronous activity: ExecRobotTask;
31/05/18;18:12:39.039;INFO;Controller;Status = Executing: MT_loadCheck;
31/05/18;18:12:39.039;INFO;Controller;State = Running;
31/05/18;18:12:39.911;INFO;Robot Runtime;executing:    MT_loadCheck;
31/05/18;18:12:49.506;INFO;Controller;Activity ExecRobotTask ended. Return value: Done ===>12,0.394,0.082,-1.449,0;
31/05/18;18:12:49.506;INFO;Controller;State = Ready;
31/05/18;18:12:49.704;INFO;Server;Command: ExecRobotTask (MT_loadCheck,500000);
31/05/18;18:12:49.704;INFO;Controller;Executing asynchronous activity: ExecRobotTask;
31/05/18;18:12:49.705;INFO;Controller;Status = Executing: MT_loadCheck;
31/05/18;18:12:49.705;INFO;Controller;State = Running;
31/05/18;18:12:50.571;INFO;Robot Runtime;executing:    MT_loadCheck;
31/05/18;18:13:00.177;INFO;Controller;Activity ExecRobotTask ended. Return value: Done ===>13,-0.019,0.04 ,-2.441,0;
31/05/18;18:13:00.177;INFO;Controller;State = Ready;
31/05/18;18:13:00.390;INFO;Server;Command: ExecRobotTask (MT_loadCheck,500000);
31/05/18;18:13:00.391;INFO;Controller;Executing asynchronous activity: ExecRobotTask;
31/05/18;18:13:00.391;INFO;Controller;Status = Executing: MT_loadCheck;
31/05/18;18:13:00.391;INFO;Controller;State = Running;
31/05/18;18:13:01.263;INFO;Robot Runtime;executing:    MT_loadCheck;
31/05/18;18:13:10.806;INFO;Controller;Activity ExecRobotTask ended. Return value: Done ===>14,-0.198,0.849,-2.038,0;
31/05/18;18:13:10.806;INFO;Controller;State = Ready;
31/05/18;18:13:10.999;INFO;Server;Command: ExecRobotTask (MT_loadCheck,500000);
31/05/18;18:13:11.000;INFO;Controller;Executing asynchronous activity: ExecRobotTask;
31/05/18;18:13:11.000;INFO;Controller;Status = Executing: MT_loadCheck;
31/05/18;18:13:11.000;INFO;Controller;State = Running;
31/05/18;18:13:11.871;INFO;Robot Runtime;executing:    MT_loadCheck;
31/05/18;18:13:21.069;INFO;Controller;Activity ExecRobotTask ended. Return value: Done ===>15,-0.221,0.775,-1.191,0;
31/05/18;18:13:21.069;INFO;Controller;State = Ready;
31/05/18;18:13:21.271;INFO;Server;Command: ExecRobotTask (MT_loadCheck,500000);
31/05/18;18:13:21.271;INFO;Controller;Executing asynchronous activity: ExecRobotTask;
31/05/18;18:13:21.271;INFO;Controller;Status = Executing: MT_loadCheck;
31/05/18;18:13:21.272;INFO;Controller;State = Running;
31/05/18;18:13:22.144;INFO;Robot Runtime;executing:    MT_loadCheck;
31/05/18;18:13:31.660;INFO;Controller;Activity ExecRobotTask ended. Return value: Done ===>16,-0.779,0.618,-0.669,0;
31/05/18;18:13:31.660;INFO;Controller;State = Ready;
31/05/18;18:13:31.853;INFO;Server;Command: ExecRobotTask (MT_loadCheck,500000);
31/05/18;18:13:31.853;INFO;Controller;Executing asynchronous activity: ExecRobotTask;
31/05/18;18:13:31.853;INFO;Controller;Status = Executing: MT_loadCheck;
31/05/18;18:13:31.853;INFO;Controller;State = Running;
31/05/18;18:13:32.751;INFO;Robot Runtime;executing:    MT_loadCheck;
31/05/18;18:13:42.310;INFO;Controller;Activity ExecRobotTask ended. Return value: Done ===>17,-0.053,0.262,-0.948,0;
31/05/18;18:13:42.311;INFO;Controller;State = Ready;
31/05/18;18:13:42.512;INFO;Server;Command: ExecRobotTask (MT_loadCheck,500000);
31/05/18;18:13:42.512;INFO;Controller;Executing asynchronous activity: ExecRobotTask;
31/05/18;18:13:42.512;INFO;Controller;Status = Executing: MT_loadCheck;
31/05/18;18:13:42.512;INFO;Controller;State = Running;
31/05/18;18:13:43.384;INFO;Robot Runtime;executing:    MT_loadCheck;
31/05/18;18:13:52.994;INFO;Controller;Activity ExecRobotTask ended. Return value: Done ===>18,0.723,0.283,-1.143,0;
31/05/18;18:13:52.994;INFO;Controller;State = Ready;
31/05/18;18:13:53.193;INFO;Server;Command: ExecRobotTask (MT_loadCheck,500000);
31/05/18;18:13:53.193;INFO;Controller;Executing asynchronous activity: ExecRobotTask;
31/05/18;18:13:53.193;INFO;Controller;Status = Executing: MT_loadCheck;
31/05/18;18:13:53.194;INFO;Controller;State = Running;
31/05/18;18:13:54.065;INFO;Robot Runtime;executing:    MT_loadCheck;
31/05/18;18:14:03.654;INFO;Controller;Activity ExecRobotTask ended. Return value: Done ===>19,0.762,0.421,-0.808,0;
31/05/18;18:14:03.654;INFO;Controller;State = Ready;
31/05/18;18:14:03.878;INFO;Server;Command: ExecRobotTask (MT_loadCheck,500000);
31/05/18;18:14:03.879;INFO;Controller;Executing asynchronous activity: ExecRobotTask;
31/05/18;18:14:03.879;INFO;Controller;Status = Executing: MT_loadCheck;
31/05/18;18:14:03.879;INFO;Controller;State = Running;
31/05/18;18:14:04.746;INFO;Robot Runtime;executing:    MT_loadCheck;
31/05/18;18:14:14.326;INFO;Controller;Activity ExecRobotTask ended. Return value: Done ===>20,-0.139,-0.101,-1.189,0;
31/05/18;18:14:14.326;INFO;Controller;State = Ready;
31/05/18;18:14:14.529;INFO;Server;Command: ExecRobotTask (MT_loadCheck,500000);
31/05/18;18:14:14.529;INFO;Controller;Executing asynchronous activity: ExecRobotTask;
31/05/18;18:14:14.529;INFO;Controller;Status = Executing: MT_loadCheck;
31/05/18;18:14:14.529;INFO;Controller;State = Running;
31/05/18;18:14:15.400;INFO;Robot Runtime;executing:    MT_loadCheck;
31/05/18;18:14:24.952;INFO;Controller;Activity ExecRobotTask ended. Return value: Done ===>21,-0.354,0.096,-1.57 ,0;
31/05/18;18:14:24.952;INFO;Controller;State = Ready;
31/05/18;18:14:25.149;INFO;Server;Command: ExecRobotTask (MT_loadCheck,500000);
31/05/18;18:14:25.149;INFO;Controller;Executing asynchronous activity: ExecRobotTask;
31/05/18;18:14:25.149;INFO;Controller;Status = Executing: MT_loadCheck;
31/05/18;18:14:25.149;INFO;Controller;State = Running;
31/05/18;18:14:26.044;INFO;Robot Runtime;executing:    MT_loadCheck;
31/05/18;18:14:35.609;INFO;Controller;Activity ExecRobotTask ended. Return value: Done ===>22,0.974,0.534,-1.092,0;
31/05/18;18:14:35.609;INFO;Controller;State = Ready;
31/05/18;18:14:35.812;INFO;Server;Command: ExecRobotTask (MT_loadCheck,500000);
31/05/18;18:14:35.812;INFO;Controller;Executing asynchronous activity: ExecRobotTask;
31/05/18;18:14:35.813;INFO;Controller;Status = Executing: MT_loadCheck;
31/05/18;18:14:35.813;INFO;Controller;State = Running;
31/05/18;18:14:36.682;INFO;Robot Runtime;executing:    MT_loadCheck;
31/05/18;18:14:46.269;INFO;Controller;Activity ExecRobotTask ended. Return value: Done ===>23,1.104,0.967,-0.834,0;
31/05/18;18:14:46.269;INFO;Controller;State = Ready;
31/05/18;18:14:46.476;INFO;Server;Command: ExecRobotTask (MT_loadCheck,500000);
31/05/18;18:14:46.476;INFO;Controller;Executing asynchronous activity: ExecRobotTask;
31/05/18;18:14:46.476;INFO;Controller;Status = Executing: MT_loadCheck;
31/05/18;18:14:46.476;INFO;Controller;State = Running;
31/05/18;18:14:47.343;INFO;Robot Runtime;executing:    MT_loadCheck;
31/05/18;18:14:56.916;INFO;Controller;Activity ExecRobotTask ended. Return value: Done ===>24,0.533,0.8  ,-1.584,0;
31/05/18;18:14:56.916;INFO;Controller;State = Ready;
31/05/18;18:14:57.143;INFO;Server;Command: ExecRobotTask (MT_loadCheck,500000);
31/05/18;18:14:57.143;INFO;Controller;Executing asynchronous activity: ExecRobotTask;
31/05/18;18:14:57.143;INFO;Controller;Status = Executing: MT_loadCheck;
31/05/18;18:14:57.143;INFO;Controller;State = Running;
31/05/18;18:14:58.013;INFO;Robot Runtime;executing:    MT_loadCheck;
31/05/18;18:15:07.379;INFO;Controller;Activity ExecRobotTask ended. Return value: Done ===>25,-0.684,0.539,-1.552,0;
31/05/18;18:15:07.379;INFO;Controller;State = Ready;
31/05/18;18:15:07.575;INFO;Server;Command: ExecRobotTask (MT_loadCheck,500000);
31/05/18;18:15:07.575;INFO;Controller;Executing asynchronous activity: ExecRobotTask;
31/05/18;18:15:07.575;INFO;Controller;Status = Executing: MT_loadCheck;
31/05/18;18:15:07.575;INFO;Controller;State = Running;
31/05/18;18:15:08.446;INFO;Robot Runtime;executing:    MT_loadCheck;
31/05/18;18:15:18.208;INFO;Controller;Activity ExecRobotTask ended. Return value: Done ===>26,-0.698,0.202,-1.537,0;
31/05/18;18:15:18.208;INFO;Controller;State = Ready;
31/05/18;18:15:18.410;INFO;Server;Command: ExecRobotTask (MT_loadCheck,500000);
31/05/18;18:15:18.411;INFO;Controller;Executing asynchronous activity: ExecRobotTask;
31/05/18;18:15:18.411;INFO;Controller;Status = Executing: MT_loadCheck;
31/05/18;18:15:18.411;INFO;Controller;State = Running;
31/05/18;18:15:19.305;INFO;Robot Runtime;executing:    MT_loadCheck;
31/05/18;18:15:28.860;INFO;Controller;Activity ExecRobotTask ended. Return value: Done ===>27,-0.097,-0.101,-1.932,0;
31/05/18;18:15:28.860;INFO;Controller;State = Ready;
31/05/18;18:15:29.061;INFO;Server;Command: ExecRobotTask (MT_loadCheck,500000);
31/05/18;18:15:29.061;INFO;Controller;Executing asynchronous activity: ExecRobotTask;
31/05/18;18:15:29.061;INFO;Controller;Status = Executing: MT_loadCheck;
31/05/18;18:15:29.061;INFO;Controller;State = Running;
31/05/18;18:15:29.932;INFO;Robot Runtime;executing:    MT_loadCheck;
31/05/18;18:15:39.510;INFO;Controller;Activity ExecRobotTask ended. Return value: Done ===>28,0.237,-0.198,-1.699,0;
31/05/18;18:15:39.511;INFO;Controller;State = Ready;
31/05/18;18:15:39.710;INFO;Server;Command: ExecRobotTask (MT_loadCheck,500000);
31/05/18;18:15:39.710;INFO;Controller;Executing asynchronous activity: ExecRobotTask;
31/05/18;18:15:39.711;INFO;Controller;Status = Executing: MT_loadCheck;
31/05/18;18:15:39.711;INFO;Controller;State = Running;
31/05/18;18:15:40.580;INFO;Robot Runtime;executing:    MT_loadCheck;
31/05/18;18:15:50.159;INFO;Controller;Activity ExecRobotTask ended. Return value: Done ===>29,-0.139,-0.674,-1.786,0;
31/05/18;18:15:50.160;INFO;Controller;State = Ready;
31/05/18;18:15:50.388;INFO;Server;Command: ExecRobotTask (MT_loadCheck,500000);
31/05/18;18:15:50.388;INFO;Controller;Executing asynchronous activity: ExecRobotTask;
31/05/18;18:15:50.388;INFO;Controller;Status = Executing: MT_loadCheck;
31/05/18;18:15:50.388;INFO;Controller;State = Running;
31/05/18;18:15:51.261;INFO;Robot Runtime;executing:    MT_loadCheck;
31/05/18;18:16:00.772;INFO;Controller;Activity ExecRobotTask ended. Return value: Done ===>30,0.25 ,-0.63 ,-1.904,0;
31/05/18;18:16:00.772;INFO;Controller;State = Ready;
31/05/18;18:16:00.967;INFO;Server;Command: ExecRobotTask (MT_loadCheck,500000);
31/05/18;18:16:00.967;INFO;Controller;Executing asynchronous activity: ExecRobotTask;
31/05/18;18:16:00.967;INFO;Controller;Status = Executing: MT_loadCheck;
31/05/18;18:16:00.967;INFO;Controller;State = Running;
31/05/18;18:16:01.838;INFO;Robot Runtime;executing:    MT_loadCheck;
31/05/18;18:16:11.403;INFO;Controller;Activity ExecRobotTask ended. Return value: Done ===>31,0.382,-0.252,-2.281,0;
31/05/18;18:16:11.403;INFO;Controller;State = Ready;
31/05/18;18:16:11.599;INFO;Server;Command: ExecRobotTask (MT_loadCheck,500000);
31/05/18;18:16:11.600;INFO;Controller;Executing asynchronous activity: ExecRobotTask;
31/05/18;18:16:11.600;INFO;Controller;Status = Executing: MT_loadCheck;
31/05/18;18:16:11.600;INFO;Controller;State = Running;
31/05/18;18:16:12.468;INFO;Robot Runtime;executing:    MT_loadCheck;
31/05/18;18:16:22.060;INFO;Controller;Activity ExecRobotTask ended. Return value: Done ===>32,0.784,-0.021,-2.268,0;
31/05/18;18:16:22.060;INFO;Controller;State = Ready;
31/05/18;18:16:22.280;INFO;Server;Command: ExecRobotTask (MT_loadCheck,500000);
31/05/18;18:16:22.280;INFO;Controller;Executing asynchronous activity: ExecRobotTask;
31/05/18;18:16:22.280;INFO;Controller;Status = Executing: MT_loadCheck;
31/05/18;18:16:22.280;INFO;Controller;State = Running;
31/05/18;18:16:23.155;INFO;Robot Runtime;executing:    MT_loadCheck;
31/05/18;18:16:32.721;INFO;Controller;Activity ExecRobotTask ended. Return value: Done ===>33,1.539,0.509,-1.472,0;
31/05/18;18:16:32.721;INFO;Controller;State = Ready;
31/05/18;18:16:32.929;INFO;Server;Command: ExecRobotTask (MT_loadCheck,500000);
31/05/18;18:16:32.929;INFO;Controller;Executing asynchronous activity: ExecRobotTask;
31/05/18;18:16:32.929;INFO;Controller;Status = Executing: MT_loadCheck;
31/05/18;18:16:32.929;INFO;Controller;State = Running;
31/05/18;18:16:33.799;INFO;Robot Runtime;executing:    MT_loadCheck;
31/05/18;18:16:43.003;INFO;Controller;Activity ExecRobotTask ended. Return value: Done ===>34,0.22 ,1.033,-1.791,0;
31/05/18;18:16:43.003;INFO;Controller;State = Ready;
31/05/18;18:16:43.201;INFO;Server;Command: ExecRobotTask (MT_loadCheck,500000);
31/05/18;18:16:43.201;INFO;Controller;Executing asynchronous activity: ExecRobotTask;
31/05/18;18:16:43.201;INFO;Controller;Status = Executing: MT_loadCheck;
31/05/18;18:16:43.201;INFO;Controller;State = Running;
31/05/18;18:16:44.074;INFO;Robot Runtime;executing:    MT_loadCheck;
31/05/18;18:16:53.611;INFO;Controller;Activity ExecRobotTask ended. Return value: Done ===>35,0.173,0.56 ,-1.482,0;
31/05/18;18:16:53.611;INFO;Controller;State = Ready;
31/05/18;18:16:53.844;INFO;Server;Command: ExecRobotTask (MT_loadCheck,500000);
31/05/18;18:16:53.844;INFO;Controller;Executing asynchronous activity: ExecRobotTask;
31/05/18;18:16:53.845;INFO;Controller;Status = Executing: MT_loadCheck;
31/05/18;18:16:53.845;INFO;Controller;State = Running;
31/05/18;18:16:54.716;INFO;Robot Runtime;executing:    MT_loadCheck;
31/05/18;18:17:04.275;INFO;Controller;Activity ExecRobotTask ended. Return value: Done ===>36,-0.263,-0.11 ,-1.541,0;
31/05/18;18:17:04.275;INFO;Controller;State = Ready;
31/05/18;18:17:04.480;INFO;Server;Command: ExecRobotTask (MT_loadCheck,500000);
31/05/18;18:17:04.480;INFO;Controller;Executing asynchronous activity: ExecRobotTask;
31/05/18;18:17:04.480;INFO;Controller;Status = Executing: MT_loadCheck;
31/05/18;18:17:04.480;INFO;Controller;State = Running;
31/05/18;18:17:05.353;INFO;Robot Runtime;executing:    MT_loadCheck;
31/05/18;18:17:14.961;INFO;Controller;Activity ExecRobotTask ended. Return value: Done ===>37,0.66 ,-0.118,-1.334,0;
31/05/18;18:17:14.961;INFO;Controller;State = Ready;
31/05/18;18:17:15.156;INFO;Server;Command: ExecRobotTask (MT_loadCheck,500000);
31/05/18;18:17:15.156;INFO;Controller;Executing asynchronous activity: ExecRobotTask;
31/05/18;18:17:15.156;INFO;Controller;Status = Executing: MT_loadCheck;
31/05/18;18:17:15.156;INFO;Controller;State = Running;
31/05/18;18:17:16.055;INFO;Robot Runtime;executing:    MT_loadCheck;
31/05/18;18:17:25.627;INFO;Controller;Activity ExecRobotTask ended. Return value: Done ===>38,2.849,0.535,-1.999,0;
31/05/18;18:17:25.627;INFO;Controller;State = Ready;
31/05/18;18:17:25.829;INFO;Server;Command: ExecRobotTask (MT_loadCheck,500000);
31/05/18;18:17:25.829;INFO;Controller;Executing asynchronous activity: ExecRobotTask;
31/05/18;18:17:25.829;INFO;Controller;Status = Executing: MT_loadCheck;
31/05/18;18:17:25.829;INFO;Controller;State = Running;
31/05/18;18:17:26.704;INFO;Robot Runtime;executing:    MT_loadCheck;
31/05/18;18:17:35.921;INFO;Controller;Activity ExecRobotTask ended. Return value: Done ===>39,2.04 ,1.303,-2.189,0;
31/05/18;18:17:35.922;INFO;Controller;State = Ready;
31/05/18;18:17:36.121;INFO;Server;Command: ExecRobotTask (MT_loadCheck,500000);
31/05/18;18:17:36.121;INFO;Controller;Executing asynchronous activity: ExecRobotTask;
31/05/18;18:17:36.121;INFO;Controller;Status = Executing: MT_loadCheck;
31/05/18;18:17:36.121;INFO;Controller;State = Running;
31/05/18;18:17:36.992;INFO;Robot Runtime;executing:    MT_loadCheck;
31/05/18;18:17:46.541;INFO;Controller;Activity ExecRobotTask ended. Return value: Done ===>40,0.538,1.435,-2.863,0;
31/05/18;18:17:46.541;INFO;Controller;State = Ready;
31/05/18;18:17:46.736;INFO;Server;Command: ExecRobotTask (MT_loadCheck,500000);
31/05/18;18:17:46.736;INFO;Controller;Executing asynchronous activity: ExecRobotTask;
31/05/18;18:17:46.736;INFO;Controller;Status = Executing: MT_loadCheck;
31/05/18;18:17:46.736;INFO;Controller;State = Running;
31/05/18;18:17:47.604;INFO;Robot Runtime;executing:    MT_loadCheck;
31/05/18;18:17:57.190;INFO;Controller;Activity ExecRobotTask ended. Return value: Done ===>41,0.053,1.944,-3.078,0;
31/05/18;18:17:57.190;INFO;Controller;State = Ready;
31/05/18;18:17:57.420;INFO;Server;Command: ExecRobotTask (MT_loadCheck,500000);
31/05/18;18:17:57.420;INFO;Controller;Executing asynchronous activity: ExecRobotTask;
31/05/18;18:17:57.421;INFO;Controller;Status = Executing: MT_loadCheck;
31/05/18;18:17:57.421;INFO;Controller;State = Running;
31/05/18;18:17:58.291;INFO;Robot Runtime;executing:    MT_loadCheck;
31/05/18;18:18:07.872;INFO;Controller;Activity ExecRobotTask ended. Return value: Done ===>42,-0.171,1.299,-3.057,0;
31/05/18;18:18:07.872;INFO;Controller;State = Ready;
31/05/18;18:18:08.077;INFO;Server;Command: ExecRobotTask (MT_loadCheck,500000);
31/05/18;18:18:08.077;INFO;Controller;Executing asynchronous activity: ExecRobotTask;
31/05/18;18:18:08.077;INFO;Controller;Status = Executing: MT_loadCheck;
31/05/18;18:18:08.077;INFO;Controller;State = Running;
31/05/18;18:18:08.950;INFO;Robot Runtime;executing:    MT_loadCheck;
31/05/18;18:18:18.512;INFO;Controller;Activity ExecRobotTask ended. Return value: Done ===>43,-0.435,0.858,-2.705,0;
31/05/18;18:18:18.512;INFO;Controller;State = Ready;
31/05/18;18:18:18.711;INFO;Server;Command: ExecRobotTask (MT_loadCheck,500000);
31/05/18;18:18:18.711;INFO;Controller;Executing asynchronous activity: ExecRobotTask;
31/05/18;18:18:18.711;INFO;Controller;Status = Executing: MT_loadCheck;
31/05/18;18:18:18.711;INFO;Controller;State = Running;
31/05/18;18:18:19.604;INFO;Robot Runtime;executing:    MT_loadCheck;
31/05/18;18:18:29.202;INFO;Controller;Activity ExecRobotTask ended. Return value: Done ===>44,-0.635,-0.208,-2.37 ,0;
31/05/18;18:18:29.202;INFO;Controller;State = Ready;
31/05/18;18:18:29.405;INFO;Server;Command: ExecRobotTask (MT_loadCheck,500000);
31/05/18;18:18:29.406;INFO;Controller;Executing asynchronous activity: ExecRobotTask;
31/05/18;18:18:29.406;INFO;Controller;Status = Executing: MT_loadCheck;
31/05/18;18:18:29.406;INFO;Controller;State = Running;
31/05/18;18:18:30.279;INFO;Robot Runtime;executing:    MT_loadCheck;
31/05/18;18:18:39.868;INFO;Controller;Activity ExecRobotTask ended. Return value: Done ===>45,-0.65 ,-0.656,-1.992,0;
31/05/18;18:18:39.868;INFO;Controller;State = Ready;
31/05/18;18:18:40.069;INFO;Server;Command: ExecRobotTask (MT_loadCheck,500000);
31/05/18;18:18:40.069;INFO;Controller;Executing asynchronous activity: ExecRobotTask;
31/05/18;18:18:40.069;INFO;Controller;Status = Executing: MT_loadCheck;
31/05/18;18:18:40.069;INFO;Controller;State = Running;
31/05/18;18:18:40.935;INFO;Robot Runtime;executing:    MT_loadCheck;
31/05/18;18:18:50.501;INFO;Controller;Activity ExecRobotTask ended. Return value: Done ===>46,-0.113,-0.68 ,-1.993,0;
31/05/18;18:18:50.501;INFO;Controller;State = Ready;
31/05/18;18:18:50.728;INFO;Server;Command: ExecRobotTask (MT_loadCheck,500000);
31/05/18;18:18:50.728;INFO;Controller;Executing asynchronous activity: ExecRobotTask;
31/05/18;18:18:50.728;INFO;Controller;Status = Executing: MT_loadCheck;
31/05/18;18:18:50.728;INFO;Controller;State = Running;
31/05/18;18:18:51.600;INFO;Robot Runtime;executing:    MT_loadCheck;
31/05/18;18:19:01.154;INFO;Controller;Activity ExecRobotTask ended. Return value: Done ===>47,0.86 ,-0.956,-2.31 ,0;
31/05/18;18:19:01.154;INFO;Controller;State = Ready;
31/05/18;18:19:01.354;INFO;Server;Command: ExecRobotTask (MT_loadCheck,500000);
31/05/18;18:19:01.354;INFO;Controller;Executing asynchronous activity: ExecRobotTask;
31/05/18;18:19:01.354;INFO;Controller;Status = Executing: MT_loadCheck;
31/05/18;18:19:01.354;INFO;Controller;State = Running;
31/05/18;18:19:02.219;INFO;Robot Runtime;executing:    MT_loadCheck;
31/05/18;18:19:11.788;INFO;Controller;Activity ExecRobotTask ended. Return value: Done ===>48,3.117,-0.761,-2.638,0;
31/05/18;18:19:11.788;INFO;Controller;State = Ready;
31/05/18;18:19:11.800;INFO;Server;Command: ExecRobotTask (TraceSample,500000);
31/05/18;18:19:11.801;INFO;Controller;Executing asynchronous activity: ExecRobotTask;
31/05/18;18:19:11.801;INFO;Controller;Status = Executing: TraceSample;
31/05/18;18:19:11.801;INFO;Controller;State = Running;
31/05/18;18:19:12.618;INFO;Robot Runtime;executing:    TraceSample;
31/05/18;18:19:14.713;INFO;Controller;Activity ExecRobotTask ended. Return value: Done True/False/False;
31/05/18;18:19:14.713;INFO;Controller;State = Ready;
31/05/18;18:19:14.721;INFO;Server;Command: ExecRobotTask (Finish,500000);
31/05/18;18:19:14.721;INFO;Controller;Executing asynchronous activity: ExecRobotTask;
31/05/18;18:19:14.721;INFO;Controller;Status = Executing: Finish;
31/05/18;18:19:14.721;INFO;Controller;State = Running;
31/05/18;18:19:15.592;INFO;Robot Runtime;executing:    Finish;
31/05/18;18:20:45.099;INFO;Controller;Activity ExecRobotTask ended. Return value: Done;
31/05/18;18:20:45.099;INFO;Controller;State = Ready;
31/05/18;18:34:55.680;INFO;Server;Command: ExecRobotTask (Initialize,500000);
31/05/18;18:34:55.680;INFO;Controller;Executing asynchronous activity: ExecRobotTask;
31/05/18;18:34:55.680;INFO;Controller;Status = Executing: Initialize;
31/05/18;18:34:55.680;INFO;Controller;State = Running;
31/05/18;18:34:56.503;INFO;Robot Runtime;executing:    Initialize;
31/05/18;18:34:57.471;INFO;Controller;Activity ExecRobotTask ended. Return value: Done;
31/05/18;18:34:57.471;INFO;Controller;State = Ready;
31/05/18;18:34:57.494;INFO;Server;Command: ExecRobotTask (Cooldown,500000);
31/05/18;18:34:57.494;INFO;Controller;Executing asynchronous activity: ExecRobotTask;
31/05/18;18:34:57.494;INFO;Controller;Status = Executing: Cooldown;
31/05/18;18:34:57.494;INFO;Controller;State = Running;
31/05/18;18:34:58.355;INFO;Robot Runtime;executing:    Cooldown;
31/05/18;18:36:04.154;INFO;Controller;Activity ExecRobotTask ended. Return value: Done;
31/05/18;18:36:04.154;INFO;Controller;State = Ready;
31/05/18;18:36:04.347;INFO;Server;Command: ExecRobotTask (MT_loadCheck,500000);
31/05/18;18:36:04.347;INFO;Controller;Executing asynchronous activity: ExecRobotTask;
31/05/18;18:36:04.348;INFO;Controller;Status = Executing: MT_loadCheck;
31/05/18;18:36:04.348;INFO;Controller;State = Running;
31/05/18;18:36:05.221;INFO;Robot Runtime;executing:    MT_loadCheck;
31/05/18;18:36:19.322;INFO;Controller;Activity ExecRobotTask ended. Return value: Done ===>1,0.957,-0.808,-3.346,0;
31/05/18;18:36:19.322;INFO;Controller;State = Ready;
31/05/18;18:36:19.517;INFO;Server;Command: ExecRobotTask (MT_loadCheck,500000);
31/05/18;18:36:19.518;INFO;Controller;Executing asynchronous activity: ExecRobotTask;
31/05/18;18:36:19.518;INFO;Controller;Status = Executing: MT_loadCheck;
31/05/18;18:36:19.518;INFO;Controller;State = Running;
31/05/18;18:36:20.383;INFO;Robot Runtime;executing:    MT_loadCheck;
31/05/18;18:36:29.558;INFO;Controller;Activity ExecRobotTask ended. Return value: Done ===>2,0.842,-0.431,-3.323,0;
31/05/18;18:36:29.558;INFO;Controller;State = Ready;
31/05/18;18:36:29.755;INFO;Server;Command: ExecRobotTask (MT_loadCheck,500000);
31/05/18;18:36:29.755;INFO;Controller;Executing asynchronous activity: ExecRobotTask;
31/05/18;18:36:29.755;INFO;Controller;Status = Executing: MT_loadCheck;
31/05/18;18:36:29.755;INFO;Controller;State = Running;
31/05/18;18:36:30.627;INFO;Robot Runtime;executing:    MT_loadCheck;
31/05/18;18:36:40.135;INFO;Controller;Activity ExecRobotTask ended. Return value: Done ===>3,0    ,-0.579,-4.36 ,0;
31/05/18;18:36:40.136;INFO;Controller;State = Ready;
31/05/18;18:36:40.337;INFO;Server;Command: ExecRobotTask (MT_loadCheck,500000);
31/05/18;18:36:40.337;INFO;Controller;Executing asynchronous activity: ExecRobotTask;
31/05/18;18:36:40.337;INFO;Controller;Status = Executing: MT_loadCheck;
31/05/18;18:36:40.337;INFO;Controller;State = Running;
31/05/18;18:36:41.205;INFO;Robot Runtime;executing:    MT_loadCheck;
31/05/18;18:36:50.750;INFO;Controller;Activity ExecRobotTask ended. Return value: Done ===>4,0.297,-0.254,-3.372,0;
31/05/18;18:36:50.750;INFO;Controller;State = Ready;
31/05/18;18:36:50.970;INFO;Server;Command: ExecRobotTask (MT_loadCheck,500000);
31/05/18;18:36:50.970;INFO;Controller;Executing asynchronous activity: ExecRobotTask;
31/05/18;18:36:50.970;INFO;Controller;Status = Executing: MT_loadCheck;
31/05/18;18:36:50.970;INFO;Controller;State = Running;
31/05/18;18:36:51.831;INFO;Robot Runtime;executing:    MT_loadCheck;
31/05/18;18:37:01.402;INFO;Controller;Activity ExecRobotTask ended. Return value: Done ===>5,0.445,-0.154,-2.705,0;
31/05/18;18:37:01.402;INFO;Controller;State = Ready;
31/05/18;18:37:01.602;INFO;Server;Command: ExecRobotTask (MT_loadCheck,500000);
31/05/18;18:37:01.602;INFO;Controller;Executing asynchronous activity: ExecRobotTask;
31/05/18;18:37:01.603;INFO;Controller;Status = Executing: MT_loadCheck;
31/05/18;18:37:01.603;INFO;Controller;State = Running;
31/05/18;18:37:02.469;INFO;Robot Runtime;executing:    MT_loadCheck;
31/05/18;18:37:11.639;INFO;Controller;Activity ExecRobotTask ended. Return value: Done ===>6,-0.161,-0.656,-2.722,0;
31/05/18;18:37:11.639;INFO;Controller;State = Ready;
31/05/18;18:37:11.838;INFO;Server;Command: ExecRobotTask (MT_loadCheck,500000);
31/05/18;18:37:11.838;INFO;Controller;Executing asynchronous activity: ExecRobotTask;
31/05/18;18:37:11.838;INFO;Controller;Status = Executing: MT_loadCheck;
31/05/18;18:37:11.838;INFO;Controller;State = Running;
31/05/18;18:37:12.709;INFO;Robot Runtime;executing:    MT_loadCheck;
31/05/18;18:37:22.181;INFO;Controller;Activity ExecRobotTask ended. Return value: Done ===>7,0.433,-0.838,-3.225,0;
31/05/18;18:37:22.182;INFO;Controller;State = Ready;
31/05/18;18:37:22.375;INFO;Server;Command: ExecRobotTask (MT_loadCheck,500000);
31/05/18;18:37:22.375;INFO;Controller;Executing asynchronous activity: ExecRobotTask;
31/05/18;18:37:22.375;INFO;Controller;Status = Executing: MT_loadCheck;
31/05/18;18:37:22.375;INFO;Controller;State = Running;
31/05/18;18:37:23.242;INFO;Robot Runtime;executing:    MT_loadCheck;
31/05/18;18:37:32.422;INFO;Controller;Activity ExecRobotTask ended. Return value: Done ===>8,0.849,-0.59 ,-2.98 ,0;
31/05/18;18:37:32.422;INFO;Controller;State = Ready;
31/05/18;18:37:32.621;INFO;Server;Command: ExecRobotTask (MT_loadCheck,500000);
31/05/18;18:37:32.621;INFO;Controller;Executing asynchronous activity: ExecRobotTask;
31/05/18;18:37:32.622;INFO;Controller;Status = Executing: MT_loadCheck;
31/05/18;18:37:32.622;INFO;Controller;State = Running;
31/05/18;18:37:33.494;INFO;Robot Runtime;executing:    MT_loadCheck;
31/05/18;18:37:42.996;INFO;Controller;Activity ExecRobotTask ended. Return value: Done ===>9,0.859,-0.474,-3.238,0;
31/05/18;18:37:42.996;INFO;Controller;State = Ready;
31/05/18;18:37:43.226;INFO;Server;Command: ExecRobotTask (MT_loadCheck,500000);
31/05/18;18:37:43.226;INFO;Controller;Executing asynchronous activity: ExecRobotTask;
31/05/18;18:37:43.227;INFO;Controller;Status = Executing: MT_loadCheck;
31/05/18;18:37:43.227;INFO;Controller;State = Running;
31/05/18;18:37:44.095;INFO;Robot Runtime;executing:    MT_loadCheck;
31/05/18;18:37:53.659;INFO;Controller;Activity ExecRobotTask ended. Return value: Done ===>10,1.275,-0.356,-4.79 ,0;
31/05/18;18:37:53.660;INFO;Controller;State = Ready;
31/05/18;18:37:53.858;INFO;Server;Command: ExecRobotTask (MT_loadCheck,500000);
31/05/18;18:37:53.858;INFO;Controller;Executing asynchronous activity: ExecRobotTask;
31/05/18;18:37:53.858;INFO;Controller;Status = Executing: MT_loadCheck;
31/05/18;18:37:53.858;INFO;Controller;State = Running;
31/05/18;18:37:54.729;INFO;Robot Runtime;executing:    MT_loadCheck;
31/05/18;18:38:04.304;INFO;Controller;Activity ExecRobotTask ended. Return value: Done ===>11,1.328,-0.459,-5.559,0;
31/05/18;18:38:04.305;INFO;Controller;State = Ready;
31/05/18;18:38:04.498;INFO;Server;Command: ExecRobotTask (MT_loadCheck,500000);
31/05/18;18:38:04.498;INFO;Controller;Executing asynchronous activity: ExecRobotTask;
31/05/18;18:38:04.498;INFO;Controller;Status = Executing: MT_loadCheck;
31/05/18;18:38:04.498;INFO;Controller;State = Running;
31/05/18;18:38:05.367;INFO;Robot Runtime;executing:    MT_loadCheck;
31/05/18;18:38:15.000;INFO;Controller;Activity ExecRobotTask ended. Return value: Done ===>12,1.206,-0.207,-4.339,0;
31/05/18;18:38:15.000;INFO;Controller;State = Ready;
31/05/18;18:38:15.195;INFO;Server;Command: ExecRobotTask (MT_loadCheck,500000);
31/05/18;18:38:15.195;INFO;Controller;Executing asynchronous activity: ExecRobotTask;
31/05/18;18:38:15.195;INFO;Controller;Status = Executing: MT_loadCheck;
31/05/18;18:38:15.195;INFO;Controller;State = Running;
31/05/18;18:38:16.067;INFO;Robot Runtime;executing:    MT_loadCheck;
31/05/18;18:38:25.673;INFO;Controller;Activity ExecRobotTask ended. Return value: Done ===>13,0.348,-0.127,-4.022,0;
31/05/18;18:38:25.674;INFO;Controller;State = Ready;
31/05/18;18:38:25.876;INFO;Server;Command: ExecRobotTask (MT_loadCheck,500000);
31/05/18;18:38:25.876;INFO;Controller;Executing asynchronous activity: ExecRobotTask;
31/05/18;18:38:25.877;INFO;Controller;Status = Executing: MT_loadCheck;
31/05/18;18:38:25.877;INFO;Controller;State = Running;
31/05/18;18:38:26.748;INFO;Robot Runtime;executing:    MT_loadCheck;
31/05/18;18:38:36.320;INFO;Controller;Activity ExecRobotTask ended. Return value: Done ===>14,0.328,0.278,-3.389,0;
31/05/18;18:38:36.320;INFO;Controller;State = Ready;
31/05/18;18:38:36.538;INFO;Server;Command: ExecRobotTask (MT_loadCheck,500000);
31/05/18;18:38:36.538;INFO;Controller;Executing asynchronous activity: ExecRobotTask;
31/05/18;18:38:36.538;INFO;Controller;Status = Executing: MT_loadCheck;
31/05/18;18:38:36.538;INFO;Controller;State = Running;
31/05/18;18:38:37.409;INFO;Robot Runtime;executing:    MT_loadCheck;
31/05/18;18:38:46.994;INFO;Controller;Activity ExecRobotTask ended. Return value: Done ===>15,-0.004,-0.061,-3.127,0;
31/05/18;18:38:46.994;INFO;Controller;State = Ready;
31/05/18;18:38:47.192;INFO;Server;Command: ExecRobotTask (MT_loadCheck,500000);
31/05/18;18:38:47.192;INFO;Controller;Executing asynchronous activity: ExecRobotTask;
31/05/18;18:38:47.192;INFO;Controller;Status = Executing: MT_loadCheck;
31/05/18;18:38:47.192;INFO;Controller;State = Running;
31/05/18;18:38:48.064;INFO;Robot Runtime;executing:    MT_loadCheck;
31/05/18;18:38:57.431;INFO;Controller;Activity ExecRobotTask ended. Return value: Done ===>16,-0.063,0.039,-3.447,0;
31/05/18;18:38:57.432;INFO;Controller;State = Ready;
31/05/18;18:38:57.630;INFO;Server;Command: ExecRobotTask (MT_loadCheck,500000);
31/05/18;18:38:57.630;INFO;Controller;Executing asynchronous activity: ExecRobotTask;
31/05/18;18:38:57.630;INFO;Controller;Status = Executing: MT_loadCheck;
31/05/18;18:38:57.630;INFO;Controller;State = Running;
31/05/18;18:38:58.502;INFO;Robot Runtime;executing:    MT_loadCheck;
31/05/18;18:39:08.071;INFO;Controller;Activity ExecRobotTask ended. Return value: Done ===>17,0.055,-0.205,-2.591,0;
31/05/18;18:39:08.072;INFO;Controller;State = Ready;
31/05/18;18:39:08.298;INFO;Server;Command: ExecRobotTask (MT_loadCheck,500000);
31/05/18;18:39:08.299;INFO;Controller;Executing asynchronous activity: ExecRobotTask;
31/05/18;18:39:08.299;INFO;Controller;Status = Executing: MT_loadCheck;
31/05/18;18:39:08.299;INFO;Controller;State = Running;
31/05/18;18:39:09.164;INFO;Robot Runtime;executing:    MT_loadCheck;
31/05/18;18:39:18.728;INFO;Controller;Activity ExecRobotTask ended. Return value: Done ===>18,0.282,-0.11 ,-2.664,0;
31/05/18;18:39:18.728;INFO;Controller;State = Ready;
31/05/18;18:39:18.929;INFO;Server;Command: ExecRobotTask (MT_loadCheck,500000);
31/05/18;18:39:18.930;INFO;Controller;Executing asynchronous activity: ExecRobotTask;
31/05/18;18:39:18.930;INFO;Controller;Status = Executing: MT_loadCheck;
31/05/18;18:39:18.930;INFO;Controller;State = Running;
31/05/18;18:39:19.802;INFO;Robot Runtime;executing:    MT_loadCheck;
31/05/18;18:39:29.344;INFO;Controller;Activity ExecRobotTask ended. Return value: Done ===>19,0.138,-0.213,-2.568,0;
31/05/18;18:39:29.344;INFO;Controller;State = Ready;
31/05/18;18:39:29.541;INFO;Server;Command: ExecRobotTask (MT_loadCheck,500000);
31/05/18;18:39:29.542;INFO;Controller;Executing asynchronous activity: ExecRobotTask;
31/05/18;18:39:29.542;INFO;Controller;Status = Executing: MT_loadCheck;
31/05/18;18:39:29.542;INFO;Controller;State = Running;
31/05/18;18:39:30.436;INFO;Robot Runtime;executing:    MT_loadCheck;
31/05/18;18:39:39.997;INFO;Controller;Activity ExecRobotTask ended. Return value: Done ===>20,0.142,-0.174,-2.987,0;
31/05/18;18:39:39.997;INFO;Controller;State = Ready;
31/05/18;18:39:40.197;INFO;Server;Command: ExecRobotTask (MT_loadCheck,500000);
31/05/18;18:39:40.197;INFO;Controller;Executing asynchronous activity: ExecRobotTask;
31/05/18;18:39:40.197;INFO;Controller;Status = Executing: MT_loadCheck;
31/05/18;18:39:40.197;INFO;Controller;State = Running;
31/05/18;18:39:41.089;INFO;Robot Runtime;executing:    MT_loadCheck;
31/05/18;18:39:50.673;INFO;Controller;Activity ExecRobotTask ended. Return value: Done ===>21,0.175,-0.511,-3.143,0;
31/05/18;18:39:50.674;INFO;Controller;State = Ready;
31/05/18;18:39:50.878;INFO;Server;Command: ExecRobotTask (MT_loadCheck,500000);
31/05/18;18:39:50.878;INFO;Controller;Executing asynchronous activity: ExecRobotTask;
31/05/18;18:39:50.878;INFO;Controller;Status = Executing: MT_loadCheck;
31/05/18;18:39:50.878;INFO;Controller;State = Running;
31/05/18;18:39:51.748;INFO;Robot Runtime;executing:    MT_loadCheck;
31/05/18;18:40:01.335;INFO;Controller;Activity ExecRobotTask ended. Return value: Done ===>22,0.499,-0.195,-3.014,0;
31/05/18;18:40:01.335;INFO;Controller;State = Ready;
31/05/18;18:40:01.559;INFO;Server;Command: ExecRobotTask (MT_loadCheck,500000);
31/05/18;18:40:01.560;INFO;Controller;Executing asynchronous activity: ExecRobotTask;
31/05/18;18:40:01.560;INFO;Controller;Status = Executing: MT_loadCheck;
31/05/18;18:40:01.560;INFO;Controller;State = Running;
31/05/18;18:40:02.430;INFO;Robot Runtime;executing:    MT_loadCheck;
31/05/18;18:40:11.996;INFO;Controller;Activity ExecRobotTask ended. Return value: Done ===>23,0.626,-0.168,-2.423,0;
31/05/18;18:40:11.996;INFO;Controller;State = Ready;
31/05/18;18:40:12.192;INFO;Server;Command: ExecRobotTask (MT_loadCheck,500000);
31/05/18;18:40:12.192;INFO;Controller;Executing asynchronous activity: ExecRobotTask;
31/05/18;18:40:12.192;INFO;Controller;Status = Executing: MT_loadCheck;
31/05/18;18:40:12.192;INFO;Controller;State = Running;
31/05/18;18:40:13.060;INFO;Robot Runtime;executing:    MT_loadCheck;
31/05/18;18:40:22.658;INFO;Controller;Activity ExecRobotTask ended. Return value: Done ===>24,0.118,0.058,-2.832,0;
31/05/18;18:40:22.658;INFO;Controller;State = Ready;
31/05/18;18:40:22.858;INFO;Server;Command: ExecRobotTask (MT_loadCheck,500000);
31/05/18;18:40:22.858;INFO;Controller;Executing asynchronous activity: ExecRobotTask;
31/05/18;18:40:22.858;INFO;Controller;Status = Executing: MT_loadCheck;
31/05/18;18:40:22.858;INFO;Controller;State = Running;
31/05/18;18:40:23.753;INFO;Robot Runtime;executing:    MT_loadCheck;
31/05/18;18:40:33.125;INFO;Controller;Activity ExecRobotTask ended. Return value: Done ===>25,-0.127,0.08 ,-2.961,0;
31/05/18;18:40:33.126;INFO;Controller;State = Ready;
31/05/18;18:40:33.319;INFO;Server;Command: ExecRobotTask (MT_loadCheck,500000);
31/05/18;18:40:33.319;INFO;Controller;Executing asynchronous activity: ExecRobotTask;
31/05/18;18:40:33.319;INFO;Controller;Status = Executing: MT_loadCheck;
31/05/18;18:40:33.319;INFO;Controller;State = Running;
31/05/18;18:40:34.193;INFO;Robot Runtime;executing:    MT_loadCheck;
31/05/18;18:40:43.698;INFO;Controller;Activity ExecRobotTask ended. Return value: Done ===>26,-0.046,-0.248,-2.96 ,0;
31/05/18;18:40:43.699;INFO;Controller;State = Ready;
31/05/18;18:40:43.902;INFO;Server;Command: ExecRobotTask (MT_loadCheck,500000);
31/05/18;18:40:43.902;INFO;Controller;Executing asynchronous activity: ExecRobotTask;
31/05/18;18:40:43.902;INFO;Controller;Status = Executing: MT_loadCheck;
31/05/18;18:40:43.902;INFO;Controller;State = Running;
31/05/18;18:40:44.770;INFO;Robot Runtime;executing:    MT_loadCheck;
31/05/18;18:40:54.358;INFO;Controller;Activity ExecRobotTask ended. Return value: Done ===>27,0.105,-0.289,-2.91 ,0;
31/05/18;18:40:54.358;INFO;Controller;State = Ready;
31/05/18;18:40:54.579;INFO;Server;Command: ExecRobotTask (MT_loadCheck,500000);
31/05/18;18:40:54.580;INFO;Controller;Executing asynchronous activity: ExecRobotTask;
31/05/18;18:40:54.580;INFO;Controller;Status = Executing: MT_loadCheck;
31/05/18;18:40:54.580;INFO;Controller;State = Running;
31/05/18;18:40:55.449;INFO;Robot Runtime;executing:    MT_loadCheck;
31/05/18;18:41:04.994;INFO;Controller;Activity ExecRobotTask ended. Return value: Done ===>28,-0.013,-0.906,-2.881,0;
31/05/18;18:41:04.995;INFO;Controller;State = Ready;
31/05/18;18:41:05.190;INFO;Server;Command: ExecRobotTask (MT_loadCheck,500000);
31/05/18;18:41:05.190;INFO;Controller;Executing asynchronous activity: ExecRobotTask;
31/05/18;18:41:05.190;INFO;Controller;Status = Executing: MT_loadCheck;
31/05/18;18:41:05.190;INFO;Controller;State = Running;
31/05/18;18:41:06.061;INFO;Robot Runtime;executing:    MT_loadCheck;
31/05/18;18:41:15.657;INFO;Controller;Activity ExecRobotTask ended. Return value: Done ===>29,-0.007,-1.352,-3.414,0;
31/05/18;18:41:15.657;INFO;Controller;State = Ready;
31/05/18;18:41:15.850;INFO;Server;Command: ExecRobotTask (MT_loadCheck,500000);
31/05/18;18:41:15.850;INFO;Controller;Executing asynchronous activity: ExecRobotTask;
31/05/18;18:41:15.850;INFO;Controller;Status = Executing: MT_loadCheck;
31/05/18;18:41:15.850;INFO;Controller;State = Running;
31/05/18;18:41:16.720;INFO;Robot Runtime;executing:    MT_loadCheck;
31/05/18;18:41:26.305;INFO;Controller;Activity ExecRobotTask ended. Return value: Done ===>30,0.06 ,-1.301,-3.466,0;
31/05/18;18:41:26.305;INFO;Controller;State = Ready;
31/05/18;18:41:26.524;INFO;Server;Command: ExecRobotTask (MT_loadCheck,500000);
31/05/18;18:41:26.524;INFO;Controller;Executing asynchronous activity: ExecRobotTask;
31/05/18;18:41:26.524;INFO;Controller;Status = Executing: MT_loadCheck;
31/05/18;18:41:26.524;INFO;Controller;State = Running;
31/05/18;18:41:27.393;INFO;Robot Runtime;executing:    MT_loadCheck;
31/05/18;18:41:36.966;INFO;Controller;Activity ExecRobotTask ended. Return value: Done ===>31,0.457,-0.593,-3.426,0;
31/05/18;18:41:36.966;INFO;Controller;State = Ready;
31/05/18;18:41:37.164;INFO;Server;Command: ExecRobotTask (MT_loadCheck,500000);
31/05/18;18:41:37.164;INFO;Controller;Executing asynchronous activity: ExecRobotTask;
31/05/18;18:41:37.164;INFO;Controller;Status = Executing: MT_loadCheck;
31/05/18;18:41:37.164;INFO;Controller;State = Running;
31/05/18;18:41:38.031;INFO;Robot Runtime;executing:    MT_loadCheck;
31/05/18;18:41:47.625;INFO;Controller;Activity ExecRobotTask ended. Return value: Done ===>32,0.717,-0.549,-3.756,0;
31/05/18;18:41:47.625;INFO;Controller;State = Ready;
31/05/18;18:41:47.826;INFO;Server;Command: ExecRobotTask (MT_loadCheck,500000);
31/05/18;18:41:47.826;INFO;Controller;Executing asynchronous activity: ExecRobotTask;
31/05/18;18:41:47.826;INFO;Controller;Status = Executing: MT_loadCheck;
31/05/18;18:41:47.826;INFO;Controller;State = Running;
31/05/18;18:41:48.724;INFO;Robot Runtime;executing:    MT_loadCheck;
31/05/18;18:41:58.310;INFO;Controller;Activity ExecRobotTask ended. Return value: Done ===>33,0.695,-0.435,-3.29 ,0;
31/05/18;18:41:58.311;INFO;Controller;State = Ready;
31/05/18;18:41:58.509;INFO;Server;Command: ExecRobotTask (MT_loadCheck,500000);
31/05/18;18:41:58.509;INFO;Controller;Executing asynchronous activity: ExecRobotTask;
31/05/18;18:41:58.509;INFO;Controller;Status = Executing: MT_loadCheck;
31/05/18;18:41:58.509;INFO;Controller;State = Running;
31/05/18;18:41:59.379;INFO;Robot Runtime;executing:    MT_loadCheck;
31/05/18;18:42:08.767;INFO;Controller;Activity ExecRobotTask ended. Return value: Done ===>34,0.234,-0.238,-2.914,0;
31/05/18;18:42:08.767;INFO;Controller;State = Ready;
31/05/18;18:42:08.969;INFO;Server;Command: ExecRobotTask (MT_loadCheck,500000);
31/05/18;18:42:08.969;INFO;Controller;Executing asynchronous activity: ExecRobotTask;
31/05/18;18:42:08.969;INFO;Controller;Status = Executing: MT_loadCheck;
31/05/18;18:42:08.969;INFO;Controller;State = Running;
31/05/18;18:42:09.842;INFO;Robot Runtime;executing:    MT_loadCheck;
31/05/18;18:42:19.047;INFO;Controller;Activity ExecRobotTask ended. Return value: Done ===>35,1.007,-0.342,-2.662,0;
31/05/18;18:42:19.047;INFO;Controller;State = Ready;
31/05/18;18:42:19.251;INFO;Server;Command: ExecRobotTask (MT_loadCheck,500000);
31/05/18;18:42:19.251;INFO;Controller;Executing asynchronous activity: ExecRobotTask;
31/05/18;18:42:19.251;INFO;Controller;Status = Executing: MT_loadCheck;
31/05/18;18:42:19.251;INFO;Controller;State = Running;
31/05/18;18:42:20.120;INFO;Robot Runtime;executing:    MT_loadCheck;
31/05/18;18:42:29.621;INFO;Controller;Activity ExecRobotTask ended. Return value: Done ===>36,0.075,-0.216,-3.184,0;
31/05/18;18:42:29.621;INFO;Controller;State = Ready;
31/05/18;18:42:29.843;INFO;Server;Command: ExecRobotTask (MT_loadCheck,500000);
31/05/18;18:42:29.843;INFO;Controller;Executing asynchronous activity: ExecRobotTask;
31/05/18;18:42:29.843;INFO;Controller;Status = Executing: MT_loadCheck;
31/05/18;18:42:29.844;INFO;Controller;State = Running;
31/05/18;18:42:30.712;INFO;Robot Runtime;executing:    MT_loadCheck;
31/05/18;18:42:40.325;INFO;Controller;Activity ExecRobotTask ended. Return value: Done ===>37,0.459,-0.487,-2.979,0;
31/05/18;18:42:40.325;INFO;Controller;State = Ready;
31/05/18;18:42:40.525;INFO;Server;Command: ExecRobotTask (MT_loadCheck,500000);
31/05/18;18:42:40.525;INFO;Controller;Executing asynchronous activity: ExecRobotTask;
31/05/18;18:42:40.525;INFO;Controller;Status = Executing: MT_loadCheck;
31/05/18;18:42:40.525;INFO;Controller;State = Running;
31/05/18;18:42:41.394;INFO;Robot Runtime;executing:    MT_loadCheck;
31/05/18;18:42:50.956;INFO;Controller;Activity ExecRobotTask ended. Return value: Done ===>38,1.197,-0.566,-3.499,0;
31/05/18;18:42:50.957;INFO;Controller;State = Ready;
31/05/18;18:42:51.158;INFO;Server;Command: ExecRobotTask (MT_loadCheck,500000);
31/05/18;18:42:51.158;INFO;Controller;Executing asynchronous activity: ExecRobotTask;
31/05/18;18:42:51.158;INFO;Controller;Status = Executing: MT_loadCheck;
31/05/18;18:42:51.159;INFO;Controller;State = Running;
31/05/18;18:42:52.029;INFO;Robot Runtime;executing:    MT_loadCheck;
31/05/18;18:43:01.396;INFO;Controller;Activity ExecRobotTask ended. Return value: Done ===>39,1.02 ,-0.552,-3.233,0;
31/05/18;18:43:01.396;INFO;Controller;State = Ready;
31/05/18;18:43:01.592;INFO;Server;Command: ExecRobotTask (MT_loadCheck,500000);
31/05/18;18:43:01.592;INFO;Controller;Executing asynchronous activity: ExecRobotTask;
31/05/18;18:43:01.592;INFO;Controller;Status = Executing: MT_loadCheck;
31/05/18;18:43:01.593;INFO;Controller;State = Running;
31/05/18;18:43:02.460;INFO;Robot Runtime;executing:    MT_loadCheck;
31/05/18;18:43:11.792;INFO;Controller;Activity ExecRobotTask ended. Return value: Done ===>40,0.883,-0.494,-3.581,0;
31/05/18;18:43:11.793;INFO;Controller;State = Ready;
31/05/18;18:43:11.992;INFO;Server;Command: ExecRobotTask (MT_loadCheck,500000);
31/05/18;18:43:11.993;INFO;Controller;Executing asynchronous activity: ExecRobotTask;
31/05/18;18:43:11.993;INFO;Controller;Status = Executing: MT_loadCheck;
31/05/18;18:43:11.993;INFO;Controller;State = Running;
31/05/18;18:43:12.862;INFO;Robot Runtime;executing:    MT_loadCheck;
31/05/18;18:43:22.425;INFO;Controller;Activity ExecRobotTask ended. Return value: Done ===>41,0.968,-0.456,-4.235,0;
31/05/18;18:43:22.426;INFO;Controller;State = Ready;
31/05/18;18:43:22.651;INFO;Server;Command: ExecRobotTask (MT_loadCheck,500000);
31/05/18;18:43:22.651;INFO;Controller;Executing asynchronous activity: ExecRobotTask;
31/05/18;18:43:22.651;INFO;Controller;Status = Executing: MT_loadCheck;
31/05/18;18:43:22.651;INFO;Controller;State = Running;
31/05/18;18:43:23.518;INFO;Robot Runtime;executing:    MT_loadCheck;
31/05/18;18:43:33.060;INFO;Controller;Activity ExecRobotTask ended. Return value: Done ===>42,1    ,-0.056,-3.731,0;
31/05/18;18:43:33.060;INFO;Controller;State = Ready;
31/05/18;18:43:33.258;INFO;Server;Command: ExecRobotTask (MT_loadCheck,500000);
31/05/18;18:43:33.259;INFO;Controller;Executing asynchronous activity: ExecRobotTask;
31/05/18;18:43:33.259;INFO;Controller;Status = Executing: MT_loadCheck;
31/05/18;18:43:33.259;INFO;Controller;State = Running;
31/05/18;18:43:34.130;INFO;Robot Runtime;executing:    MT_loadCheck;
31/05/18;18:43:43.721;INFO;Controller;Activity ExecRobotTask ended. Return value: Done ===>43,0.422,0.117,-3.567,0;
31/05/18;18:43:43.721;INFO;Controller;State = Ready;
31/05/18;18:43:43.922;INFO;Server;Command: ExecRobotTask (MT_loadCheck,500000);
31/05/18;18:43:43.922;INFO;Controller;Executing asynchronous activity: ExecRobotTask;
31/05/18;18:43:43.922;INFO;Controller;Status = Executing: MT_loadCheck;
31/05/18;18:43:43.923;INFO;Controller;State = Running;
31/05/18;18:43:44.816;INFO;Robot Runtime;executing:    MT_loadCheck;
31/05/18;18:43:54.345;INFO;Controller;Activity ExecRobotTask ended. Return value: Done ===>44,0.096,-0.4  ,-3.781,0;
31/05/18;18:43:54.345;INFO;Controller;State = Ready;
31/05/18;18:43:54.545;INFO;Server;Command: ExecRobotTask (MT_loadCheck,500000);
31/05/18;18:43:54.545;INFO;Controller;Executing asynchronous activity: ExecRobotTask;
31/05/18;18:43:54.545;INFO;Controller;Status = Executing: MT_loadCheck;
31/05/18;18:43:54.545;INFO;Controller;State = Running;
31/05/18;18:43:55.413;INFO;Robot Runtime;executing:    MT_loadCheck;
31/05/18;18:44:05.012;INFO;Controller;Activity ExecRobotTask ended. Return value: Done ===>45,0.154,-0.372,-3.305,0;
31/05/18;18:44:05.012;INFO;Controller;State = Ready;
31/05/18;18:44:05.208;INFO;Server;Command: ExecRobotTask (MT_loadCheck,500000);
31/05/18;18:44:05.209;INFO;Controller;Executing asynchronous activity: ExecRobotTask;
31/05/18;18:44:05.209;INFO;Controller;Status = Executing: MT_loadCheck;
31/05/18;18:44:05.209;INFO;Controller;State = Running;
31/05/18;18:44:06.079;INFO;Robot Runtime;executing:    MT_loadCheck;
31/05/18;18:44:15.667;INFO;Controller;Activity ExecRobotTask ended. Return value: Done ===>46,0.165,-0.389,-3.814,0;
31/05/18;18:44:15.667;INFO;Controller;State = Ready;
31/05/18;18:44:15.895;INFO;Server;Command: ExecRobotTask (MT_loadCheck,500000);
31/05/18;18:44:15.895;INFO;Controller;Executing asynchronous activity: ExecRobotTask;
31/05/18;18:44:15.895;INFO;Controller;Status = Executing: MT_loadCheck;
31/05/18;18:44:15.895;INFO;Controller;State = Running;
31/05/18;18:44:16.768;INFO;Robot Runtime;executing:    MT_loadCheck;
31/05/18;18:44:26.320;INFO;Controller;Activity ExecRobotTask ended. Return value: Done ===>47,0.52 ,-0.935,-3.994,0;
31/05/18;18:44:26.320;INFO;Controller;State = Ready;
31/05/18;18:44:26.518;INFO;Server;Command: ExecRobotTask (MT_loadCheck,500000);
31/05/18;18:44:26.519;INFO;Controller;Executing asynchronous activity: ExecRobotTask;
31/05/18;18:44:26.519;INFO;Controller;Status = Executing: MT_loadCheck;
31/05/18;18:44:26.519;INFO;Controller;State = Running;
31/05/18;18:44:27.387;INFO;Robot Runtime;executing:    MT_loadCheck;
31/05/18;18:44:36.974;INFO;Controller;Activity ExecRobotTask ended. Return value: Done ===>48,1.305,-0.946,-3.998,0;
31/05/18;18:44:36.974;INFO;Controller;State = Ready;
31/05/18;18:44:36.982;INFO;Server;Command: ExecRobotTask (TraceSample,500000);
31/05/18;18:44:36.982;INFO;Controller;Executing asynchronous activity: ExecRobotTask;
31/05/18;18:44:36.982;INFO;Controller;Status = Executing: TraceSample;
31/05/18;18:44:36.982;INFO;Controller;State = Running;
31/05/18;18:44:37.773;INFO;Robot Runtime;executing:    TraceSample;
31/05/18;18:44:39.475;INFO;Controller;Activity ExecRobotTask ended. Return value: Done True/False/False;
31/05/18;18:44:39.475;INFO;Controller;State = Ready;
31/05/18;18:44:39.487;INFO;Server;Command: ExecRobotTask (Finish,500000);
31/05/18;18:44:39.487;INFO;Controller;Executing asynchronous activity: ExecRobotTask;
31/05/18;18:44:39.487;INFO;Controller;Status = Executing: Finish;
31/05/18;18:44:39.487;INFO;Controller;State = Running;
31/05/18;18:44:40.284;INFO;Robot Runtime;executing:    Finish;
31/05/18;18:46:13.423;INFO;Controller;Activity ExecRobotTask ended. Return value: Done;
31/05/18;18:46:13.424;INFO;Controller;State = Ready;
