14/12/19;00:03:48.495;INFO;Server;Command: ExecRobotTask (Unmount,500000);
14/12/19;00:03:48.495;INFO;Controller;Executing asynchronous activity: ExecRobotTask;
14/12/19;00:03:48.495;INFO;Controller;Status = Executing: Unmount;
14/12/19;00:03:48.496;INFO;Controller;State = Running;
14/12/19;00:03:49.778;INFO;Robot Runtime;executing:    Unmount;
14/12/19;00:03:57.545;INFO;Controller;Activity ExecRobotTask ended. Return value: Done False/True/False;
14/12/19;00:03:57.546;INFO;Controller;State = Ready;
14/12/19;00:03:57.629;INFO;Server;Command: ExecRobotTask (Unload,500000);
14/12/19;00:03:57.629;INFO;Controller;Executing asynchronous activity: ExecRobotTask;
14/12/19;00:03:57.629;INFO;Controller;Status = Executing: Unload;
14/12/19;00:03:57.629;INFO;Controller;State = Running;
14/12/19;00:03:58.635;INFO;Robot Runtime;executing:    Unload;
14/12/19;00:04:03.000;INFO;Controller;Activity ExecRobotTask ended. Return value: Done False/False/False;
14/12/19;00:04:03.000;INFO;Controller;State = Ready;
14/12/19;00:04:04.678;INFO;Server;Command: ExecRobotTask (Load,500000);
14/12/19;00:04:04.678;INFO;Controller;Executing asynchronous activity: ExecRobotTask;
14/12/19;00:04:04.679;INFO;Controller;Status = Executing: Load;
14/12/19;00:04:04.679;INFO;Controller;State = Running;
14/12/19;00:04:05.976;INFO;Robot Runtime;executing:    Load;
14/12/19;00:04:12.020;INFO;Controller;Activity ExecRobotTask ended. Return value: Done False/True/False;
14/12/19;00:04:12.020;INFO;Controller;State = Ready;
14/12/19;00:04:12.110;INFO;Server;Command: ExecRobotTask (Mount,500000);
14/12/19;00:04:12.110;INFO;Controller;Executing asynchronous activity: ExecRobotTask;
14/12/19;00:04:12.110;INFO;Controller;Status = Executing: Mount;
14/12/19;00:04:12.110;INFO;Controller;State = Running;
14/12/19;00:04:13.123;INFO;Robot Runtime;executing:    Mount;
14/12/19;00:04:19.889;INFO;Controller;Activity ExecRobotTask ended. Return value: Done True/False/False;
14/12/19;00:04:19.889;INFO;Controller;State = Ready;
14/12/19;00:04:19.978;INFO;Server;Command: ExecRobotTask (Park,500000);
14/12/19;00:04:19.978;INFO;Controller;Executing asynchronous activity: ExecRobotTask;
14/12/19;00:04:19.978;INFO;Controller;Status = Executing: Park;
14/12/19;00:04:19.978;INFO;Controller;State = Running;
14/12/19;00:04:21.237;INFO;Robot Runtime;executing:    Park;
14/12/19;00:04:24.295;INFO;Controller;Activity ExecRobotTask ended. Return value: Done;
14/12/19;00:04:24.295;INFO;Controller;State = Ready;
14/12/19;00:04:24.380;INFO;Server;Command: ExecRobotTask (UnlatchRobGov,500000);
14/12/19;00:04:24.381;INFO;Controller;Executing asynchronous activity: ExecRobotTask;
14/12/19;00:04:24.381;INFO;Controller;Status = Executing: UnlatchRobGov;
14/12/19;00:04:24.381;INFO;Controller;State = Running;
14/12/19;00:04:25.419;INFO;Robot Runtime;executing:    UnlatchRobGov;
14/12/19;00:04:25.951;INFO;Controller;Activity ExecRobotTask ended. Return value: Done;
14/12/19;00:04:25.951;INFO;Controller;State = Ready;
14/12/19;00:08:14.415;INFO;Server;Command: ExecRobotTask (Unmount,500000);
14/12/19;00:08:14.416;INFO;Controller;Executing asynchronous activity: ExecRobotTask;
14/12/19;00:08:14.416;INFO;Controller;Status = Executing: Unmount;
14/12/19;00:08:14.416;INFO;Controller;State = Running;
14/12/19;00:08:15.701;INFO;Robot Runtime;executing:    Unmount;
14/12/19;00:08:23.568;INFO;Controller;Activity ExecRobotTask ended. Return value: Done False/True/False;
14/12/19;00:08:23.568;INFO;Controller;State = Ready;
14/12/19;00:08:23.678;INFO;Server;Command: ExecRobotTask (Unload,500000);
14/12/19;00:08:23.678;INFO;Controller;Executing asynchronous activity: ExecRobotTask;
14/12/19;00:08:23.678;INFO;Controller;Status = Executing: Unload;
14/12/19;00:08:23.678;INFO;Controller;State = Running;
14/12/19;00:08:24.699;INFO;Robot Runtime;executing:    Unload;
14/12/19;00:08:29.037;INFO;Controller;Activity ExecRobotTask ended. Return value: Done False/False/False;
14/12/19;00:08:29.037;INFO;Controller;State = Ready;
14/12/19;00:08:31.580;INFO;Server;Command: ExecRobotTask (Load,500000);
14/12/19;00:08:31.580;INFO;Controller;Executing asynchronous activity: ExecRobotTask;
14/12/19;00:08:31.580;INFO;Controller;Status = Executing: Load;
14/12/19;00:08:31.580;INFO;Controller;State = Running;
14/12/19;00:08:32.857;INFO;Robot Runtime;executing:    Load;
14/12/19;00:08:38.656;INFO;Controller;Activity ExecRobotTask ended. Return value: Done False/True/False;
14/12/19;00:08:38.656;INFO;Controller;State = Ready;
14/12/19;00:08:38.816;INFO;Server;Command: ExecRobotTask (Mount,500000);
14/12/19;00:08:38.817;INFO;Controller;Executing asynchronous activity: ExecRobotTask;
14/12/19;00:08:38.817;INFO;Controller;Status = Executing: Mount;
14/12/19;00:08:38.817;INFO;Controller;State = Running;
14/12/19;00:08:39.844;INFO;Robot Runtime;executing:    Mount;
14/12/19;00:08:46.572;INFO;Controller;Activity ExecRobotTask ended. Return value: Done True/False/False;
14/12/19;00:08:46.572;INFO;Controller;State = Ready;
14/12/19;00:08:46.745;INFO;Server;Command: ExecRobotTask (Park,500000);
14/12/19;00:08:46.745;INFO;Controller;Executing asynchronous activity: ExecRobotTask;
14/12/19;00:08:46.745;INFO;Controller;Status = Executing: Park;
14/12/19;00:08:46.745;INFO;Controller;State = Running;
14/12/19;00:08:48.009;INFO;Robot Runtime;executing:    Park;
14/12/19;00:08:51.467;INFO;Controller;Activity ExecRobotTask ended. Return value: Done;
14/12/19;00:08:51.467;INFO;Controller;State = Ready;
14/12/19;00:08:51.665;INFO;Server;Command: ExecRobotTask (UnlatchRobGov,500000);
14/12/19;00:08:51.665;INFO;Controller;Executing asynchronous activity: ExecRobotTask;
14/12/19;00:08:51.665;INFO;Controller;Status = Executing: UnlatchRobGov;
14/12/19;00:08:51.665;INFO;Controller;State = Running;
14/12/19;00:08:52.705;INFO;Robot Runtime;executing:    UnlatchRobGov;
14/12/19;00:08:53.210;INFO;Controller;Activity ExecRobotTask ended. Return value: Done;
14/12/19;00:08:53.210;INFO;Controller;State = Ready;
14/12/19;00:12:44.279;INFO;Server;Command: ExecRobotTask (Unmount,500000);
14/12/19;00:12:44.280;INFO;Controller;Executing asynchronous activity: ExecRobotTask;
14/12/19;00:12:44.280;INFO;Controller;Status = Executing: Unmount;
14/12/19;00:12:44.280;INFO;Controller;State = Running;
14/12/19;00:12:45.265;INFO;Robot Runtime;executing:    Unmount;
14/12/19;00:12:54.399;INFO;Controller;Activity ExecRobotTask ended. Return value: Done False/True/False;
14/12/19;00:12:54.399;INFO;Controller;State = Ready;
14/12/19;00:12:54.481;INFO;Server;Command: ExecRobotTask (Unload,500000);
14/12/19;00:12:54.482;INFO;Controller;Executing asynchronous activity: ExecRobotTask;
14/12/19;00:12:54.482;INFO;Controller;Status = Executing: Unload;
14/12/19;00:12:54.482;INFO;Controller;State = Running;
14/12/19;00:12:55.674;INFO;Robot Runtime;executing:    Unload;
14/12/19;00:13:00.125;INFO;Controller;Activity ExecRobotTask ended. Return value: Done False/False/False;
14/12/19;00:13:00.126;INFO;Controller;State = Ready;
14/12/19;00:13:01.789;INFO;Server;Command: ExecRobotTask (Load,500000);
14/12/19;00:13:01.790;INFO;Controller;Executing asynchronous activity: ExecRobotTask;
14/12/19;00:13:01.790;INFO;Controller;Status = Executing: Load;
14/12/19;00:13:01.790;INFO;Controller;State = Running;
14/12/19;00:13:02.885;INFO;Robot Runtime;executing:    Load;
14/12/19;00:13:08.902;INFO;Controller;Activity ExecRobotTask ended. Return value: Done False/True/False;
14/12/19;00:13:08.902;INFO;Controller;State = Ready;
14/12/19;00:13:08.994;INFO;Server;Command: ExecRobotTask (Mount,500000);
14/12/19;00:13:08.994;INFO;Controller;Executing asynchronous activity: ExecRobotTask;
14/12/19;00:13:08.994;INFO;Controller;Status = Executing: Mount;
14/12/19;00:13:08.994;INFO;Controller;State = Running;
14/12/19;00:13:10.210;INFO;Robot Runtime;executing:    Mount;
14/12/19;00:13:17.679;INFO;Controller;Activity ExecRobotTask ended. Return value: Done True/False/False;
14/12/19;00:13:17.679;INFO;Controller;State = Ready;
14/12/19;00:13:17.767;INFO;Server;Command: ExecRobotTask (Park,500000);
14/12/19;00:13:17.767;INFO;Controller;Executing asynchronous activity: ExecRobotTask;
14/12/19;00:13:17.767;INFO;Controller;Status = Executing: Park;
14/12/19;00:13:17.767;INFO;Controller;State = Running;
14/12/19;00:13:18.840;INFO;Robot Runtime;executing:    Park;
14/12/19;00:13:22.070;INFO;Controller;Activity ExecRobotTask ended. Return value: Done;
14/12/19;00:13:22.070;INFO;Controller;State = Ready;
14/12/19;00:13:22.166;INFO;Server;Command: ExecRobotTask (UnlatchRobGov,500000);
14/12/19;00:13:22.166;INFO;Controller;Executing asynchronous activity: ExecRobotTask;
14/12/19;00:13:22.166;INFO;Controller;Status = Executing: UnlatchRobGov;
14/12/19;00:13:22.166;INFO;Controller;State = Running;
14/12/19;00:13:23.405;INFO;Robot Runtime;executing:    UnlatchRobGov;
14/12/19;00:13:23.834;INFO;Controller;Activity ExecRobotTask ended. Return value: Done;
14/12/19;00:13:23.834;INFO;Controller;State = Ready;
14/12/19;00:17:28.007;INFO;Server;Command: ExecRobotTask (Unmount,500000);
14/12/19;00:17:28.007;INFO;Controller;Executing asynchronous activity: ExecRobotTask;
14/12/19;00:17:28.007;INFO;Controller;Status = Executing: Unmount;
14/12/19;00:17:28.008;INFO;Controller;State = Running;
14/12/19;00:17:29.101;INFO;Robot Runtime;executing:    Unmount;
14/12/19;00:17:38.014;INFO;Controller;Activity ExecRobotTask ended. Return value: Done False/True/False;
14/12/19;00:17:38.014;INFO;Controller;State = Ready;
14/12/19;00:17:38.101;INFO;Server;Command: ExecRobotTask (Unload,500000);
14/12/19;00:17:38.101;INFO;Controller;Executing asynchronous activity: ExecRobotTask;
14/12/19;00:17:38.101;INFO;Controller;Status = Executing: Unload;
14/12/19;00:17:38.101;INFO;Controller;State = Running;
14/12/19;00:17:39.307;INFO;Robot Runtime;executing:    Unload;
14/12/19;00:17:43.739;INFO;Controller;Activity ExecRobotTask ended. Return value: Done False/False/False;
14/12/19;00:17:43.740;INFO;Controller;State = Ready;
14/12/19;00:17:45.455;INFO;Server;Command: ExecRobotTask (Load,500000);
14/12/19;00:17:45.455;INFO;Controller;Executing asynchronous activity: ExecRobotTask;
14/12/19;00:17:45.456;INFO;Controller;Status = Executing: Load;
14/12/19;00:17:45.456;INFO;Controller;State = Running;
14/12/19;00:17:46.537;INFO;Robot Runtime;executing:    Load;
14/12/19;00:17:52.325;INFO;Controller;Activity ExecRobotTask ended. Return value: Done False/True/False;
14/12/19;00:17:52.326;INFO;Controller;State = Ready;
14/12/19;00:17:52.421;INFO;Server;Command: ExecRobotTask (Mount,500000);
14/12/19;00:17:52.421;INFO;Controller;Executing asynchronous activity: ExecRobotTask;
14/12/19;00:17:52.421;INFO;Controller;Status = Executing: Mount;
14/12/19;00:17:52.421;INFO;Controller;State = Running;
14/12/19;00:17:53.639;INFO;Robot Runtime;executing:    Mount;
14/12/19;00:18:00.864;INFO;Controller;Activity ExecRobotTask ended. Return value: Done True/False/False;
14/12/19;00:18:00.864;INFO;Controller;State = Ready;
14/12/19;00:18:00.959;INFO;Server;Command: ExecRobotTask (Park,500000);
14/12/19;00:18:00.959;INFO;Controller;Executing asynchronous activity: ExecRobotTask;
14/12/19;00:18:00.959;INFO;Controller;Status = Executing: Park;
14/12/19;00:18:00.959;INFO;Controller;State = Running;
14/12/19;00:18:02.019;INFO;Robot Runtime;executing:    Park;
14/12/19;00:18:05.406;INFO;Controller;Activity ExecRobotTask ended. Return value: Done;
14/12/19;00:18:05.406;INFO;Controller;State = Ready;
14/12/19;00:18:05.494;INFO;Server;Command: ExecRobotTask (UnlatchRobGov,500000);
14/12/19;00:18:05.494;INFO;Controller;Executing asynchronous activity: ExecRobotTask;
14/12/19;00:18:05.494;INFO;Controller;Status = Executing: UnlatchRobGov;
14/12/19;00:18:05.494;INFO;Controller;State = Running;
14/12/19;00:18:06.716;INFO;Robot Runtime;executing:    UnlatchRobGov;
14/12/19;00:18:07.167;INFO;Controller;Activity ExecRobotTask ended. Return value: Done;
14/12/19;00:18:07.168;INFO;Controller;State = Ready;
14/12/19;00:22:07.939;INFO;Server;Command: ExecRobotTask (Unmount,500000);
14/12/19;00:22:07.940;INFO;Controller;Executing asynchronous activity: ExecRobotTask;
14/12/19;00:22:07.940;INFO;Controller;Status = Executing: Unmount;
14/12/19;00:22:07.940;INFO;Controller;State = Running;
14/12/19;00:22:09.022;INFO;Robot Runtime;executing:    Unmount;
14/12/19;00:22:17.956;INFO;Controller;Activity ExecRobotTask ended. Return value: Done False/True/False;
14/12/19;00:22:17.957;INFO;Controller;State = Ready;
14/12/19;00:22:18.121;INFO;Server;Command: ExecRobotTask (Unload,500000);
14/12/19;00:22:18.121;INFO;Controller;Executing asynchronous activity: ExecRobotTask;
14/12/19;00:22:18.122;INFO;Controller;Status = Executing: Unload;
14/12/19;00:22:18.122;INFO;Controller;State = Running;
14/12/19;00:22:19.337;INFO;Robot Runtime;executing:    Unload;
14/12/19;00:22:23.679;INFO;Controller;Activity ExecRobotTask ended. Return value: Done False/False/False;
14/12/19;00:22:23.679;INFO;Controller;State = Ready;
14/12/19;00:22:26.102;INFO;Server;Command: ExecRobotTask (Load,500000);
14/12/19;00:22:26.102;INFO;Controller;Executing asynchronous activity: ExecRobotTask;
14/12/19;00:22:26.102;INFO;Controller;Status = Executing: Load;
14/12/19;00:22:26.102;INFO;Controller;State = Running;
14/12/19;00:22:27.196;INFO;Robot Runtime;executing:    Load;
14/12/19;00:22:33.197;INFO;Controller;Activity ExecRobotTask ended. Return value: Done False/True/False;
14/12/19;00:22:33.197;INFO;Controller;State = Ready;
14/12/19;00:22:33.326;INFO;Server;Command: ExecRobotTask (Mount,500000);
14/12/19;00:22:33.326;INFO;Controller;Executing asynchronous activity: ExecRobotTask;
14/12/19;00:22:33.326;INFO;Controller;Status = Executing: Mount;
14/12/19;00:22:33.326;INFO;Controller;State = Running;
14/12/19;00:22:34.536;INFO;Robot Runtime;executing:    Mount;
14/12/19;00:22:41.221;INFO;Controller;Activity ExecRobotTask ended. Return value: Done True/False/False;
14/12/19;00:22:41.221;INFO;Controller;State = Ready;
14/12/19;00:22:41.316;INFO;Server;Command: ExecRobotTask (Park,500000);
14/12/19;00:22:41.316;INFO;Controller;Executing asynchronous activity: ExecRobotTask;
14/12/19;00:22:41.316;INFO;Controller;Status = Executing: Park;
14/12/19;00:22:41.316;INFO;Controller;State = Running;
14/12/19;00:22:42.364;INFO;Robot Runtime;executing:    Park;
14/12/19;00:22:45.598;INFO;Controller;Activity ExecRobotTask ended. Return value: Done;
14/12/19;00:22:45.599;INFO;Controller;State = Ready;
14/12/19;00:22:45.696;INFO;Server;Command: ExecRobotTask (UnlatchRobGov,500000);
14/12/19;00:22:45.696;INFO;Controller;Executing asynchronous activity: ExecRobotTask;
14/12/19;00:22:45.696;INFO;Controller;Status = Executing: UnlatchRobGov;
14/12/19;00:22:45.696;INFO;Controller;State = Running;
14/12/19;00:22:46.926;INFO;Robot Runtime;executing:    UnlatchRobGov;
14/12/19;00:22:47.358;INFO;Controller;Activity ExecRobotTask ended. Return value: Done;
14/12/19;00:22:47.359;INFO;Controller;State = Ready;
14/12/19;00:26:40.480;INFO;Server;Command: ExecRobotTask (Unmount,500000);
14/12/19;00:26:40.480;INFO;Controller;Executing asynchronous activity: ExecRobotTask;
14/12/19;00:26:40.481;INFO;Controller;Status = Executing: Unmount;
14/12/19;00:26:40.481;INFO;Controller;State = Running;
14/12/19;00:26:41.557;INFO;Robot Runtime;executing:    Unmount;
14/12/19;00:26:49.977;INFO;Controller;Activity ExecRobotTask ended. Return value: Done False/True/False;
14/12/19;00:26:49.977;INFO;Controller;State = Ready;
14/12/19;00:26:50.060;INFO;Server;Command: ExecRobotTask (Unload,500000);
14/12/19;00:26:50.061;INFO;Controller;Executing asynchronous activity: ExecRobotTask;
14/12/19;00:26:50.061;INFO;Controller;Status = Executing: Unload;
14/12/19;00:26:50.061;INFO;Controller;State = Running;
14/12/19;00:26:51.277;INFO;Robot Runtime;executing:    Unload;
14/12/19;00:26:55.724;INFO;Controller;Activity ExecRobotTask ended. Return value: Done False/False/False;
14/12/19;00:26:55.724;INFO;Controller;State = Ready;
14/12/19;00:26:57.474;INFO;Server;Command: ExecRobotTask (Load,500000);
14/12/19;00:26:57.474;INFO;Controller;Executing asynchronous activity: ExecRobotTask;
14/12/19;00:26:57.474;INFO;Controller;Status = Executing: Load;
14/12/19;00:26:57.474;INFO;Controller;State = Running;
14/12/19;00:26:58.553;INFO;Robot Runtime;executing:    Load;
14/12/19;00:27:04.723;INFO;Controller;Activity ExecRobotTask ended. Return value: Done False/True/False;
14/12/19;00:27:04.723;INFO;Controller;State = Ready;
14/12/19;00:27:04.816;INFO;Server;Command: ExecRobotTask (Mount,500000);
14/12/19;00:27:04.816;INFO;Controller;Executing asynchronous activity: ExecRobotTask;
14/12/19;00:27:04.816;INFO;Controller;Status = Executing: Mount;
14/12/19;00:27:04.817;INFO;Controller;State = Running;
14/12/19;00:27:06.037;INFO;Robot Runtime;executing:    Mount;
14/12/19;00:27:11.310;INFO;Controller;Activity ExecRobotTask ended. Return value: Done True/False/False;
14/12/19;00:27:11.310;INFO;Controller;State = Ready;
14/12/19;00:27:11.432;INFO;Server;Command: ExecRobotTask (Park,500000);
14/12/19;00:27:11.432;INFO;Controller;Executing asynchronous activity: ExecRobotTask;
14/12/19;00:27:11.432;INFO;Controller;Status = Executing: Park;
14/12/19;00:27:11.432;INFO;Controller;State = Running;
14/12/19;00:27:12.496;INFO;Robot Runtime;executing:    Park;
14/12/19;00:27:15.852;INFO;Controller;Activity ExecRobotTask ended. Return value: Done;
14/12/19;00:27:15.852;INFO;Controller;State = Ready;
14/12/19;00:27:15.989;INFO;Server;Command: ExecRobotTask (UnlatchRobGov,500000);
14/12/19;00:27:15.989;INFO;Controller;Executing asynchronous activity: ExecRobotTask;
14/12/19;00:27:15.990;INFO;Controller;Status = Executing: UnlatchRobGov;
14/12/19;00:27:15.990;INFO;Controller;State = Running;
14/12/19;00:27:17.230;INFO;Robot Runtime;executing:    UnlatchRobGov;
14/12/19;00:27:17.616;INFO;Controller;Activity ExecRobotTask ended. Return value: Done;
14/12/19;00:27:17.617;INFO;Controller;State = Ready;
14/12/19;00:31:18.598;INFO;Server;Command: ExecRobotTask (Unmount,500000);
14/12/19;00:31:18.598;INFO;Controller;Executing asynchronous activity: ExecRobotTask;
14/12/19;00:31:18.598;INFO;Controller;Status = Executing: Unmount;
14/12/19;00:31:18.599;INFO;Controller;State = Running;
14/12/19;00:31:19.697;INFO;Robot Runtime;executing:    Unmount;
14/12/19;00:31:27.509;INFO;Controller;Activity ExecRobotTask ended. Return value: Done False/True/False;
14/12/19;00:31:27.509;INFO;Controller;State = Ready;
14/12/19;00:31:27.602;INFO;Server;Command: ExecRobotTask (Unload,500000);
14/12/19;00:31:27.602;INFO;Controller;Executing asynchronous activity: ExecRobotTask;
14/12/19;00:31:27.602;INFO;Controller;Status = Executing: Unload;
14/12/19;00:31:27.602;INFO;Controller;State = Running;
14/12/19;00:31:28.828;INFO;Robot Runtime;executing:    Unload;
14/12/19;00:31:33.244;INFO;Controller;Activity ExecRobotTask ended. Return value: Done False/False/False;
14/12/19;00:31:33.244;INFO;Controller;State = Ready;
14/12/19;00:31:34.902;INFO;Server;Command: ExecRobotTask (Load,500000);
14/12/19;00:31:34.903;INFO;Controller;Executing asynchronous activity: ExecRobotTask;
14/12/19;00:31:34.903;INFO;Controller;Status = Executing: Load;
14/12/19;00:31:34.903;INFO;Controller;State = Running;
14/12/19;00:31:36.006;INFO;Robot Runtime;executing:    Load;
14/12/19;00:31:42.208;INFO;Controller;Activity ExecRobotTask ended. Return value: Done False/True/False;
14/12/19;00:31:42.208;INFO;Controller;State = Ready;
14/12/19;00:31:42.312;INFO;Server;Command: ExecRobotTask (Mount,500000);
14/12/19;00:31:42.312;INFO;Controller;Executing asynchronous activity: ExecRobotTask;
14/12/19;00:31:42.312;INFO;Controller;Status = Executing: Mount;
14/12/19;00:31:42.312;INFO;Controller;State = Running;
14/12/19;00:31:43.520;INFO;Robot Runtime;executing:    Mount;
14/12/19;00:31:49.711;INFO;Controller;Activity ExecRobotTask ended. Return value: Done True/False/False;
14/12/19;00:31:49.711;INFO;Controller;State = Ready;
14/12/19;00:31:49.813;INFO;Server;Command: ExecRobotTask (Park,500000);
14/12/19;00:31:49.813;INFO;Controller;Executing asynchronous activity: ExecRobotTask;
14/12/19;00:31:49.813;INFO;Controller;Status = Executing: Park;
14/12/19;00:31:49.813;INFO;Controller;State = Running;
14/12/19;00:31:50.882;INFO;Robot Runtime;executing:    Park;
14/12/19;00:31:54.081;INFO;Controller;Activity ExecRobotTask ended. Return value: Done;
14/12/19;00:31:54.081;INFO;Controller;State = Ready;
14/12/19;00:31:54.181;INFO;Server;Command: ExecRobotTask (UnlatchRobGov,500000);
14/12/19;00:31:54.182;INFO;Controller;Executing asynchronous activity: ExecRobotTask;
14/12/19;00:31:54.182;INFO;Controller;Status = Executing: UnlatchRobGov;
14/12/19;00:31:54.182;INFO;Controller;State = Running;
14/12/19;00:31:55.429;INFO;Robot Runtime;executing:    UnlatchRobGov;
14/12/19;00:31:55.844;INFO;Controller;Activity ExecRobotTask ended. Return value: Done;
14/12/19;00:31:55.844;INFO;Controller;State = Ready;
14/12/19;00:35:59.954;INFO;Server;Command: ExecRobotTask (Unmount,500000);
14/12/19;00:35:59.955;INFO;Controller;Executing asynchronous activity: ExecRobotTask;
14/12/19;00:35:59.955;INFO;Controller;Status = Executing: Unmount;
14/12/19;00:35:59.955;INFO;Controller;State = Running;
14/12/19;00:36:01.043;INFO;Robot Runtime;executing:    Unmount;
14/12/19;00:36:09.428;INFO;Controller;Activity ExecRobotTask ended. Return value: Done False/True/False;
14/12/19;00:36:09.428;INFO;Controller;State = Ready;
14/12/19;00:36:09.566;INFO;Server;Command: ExecRobotTask (Unload,500000);
14/12/19;00:36:09.566;INFO;Controller;Executing asynchronous activity: ExecRobotTask;
14/12/19;00:36:09.566;INFO;Controller;Status = Executing: Unload;
14/12/19;00:36:09.566;INFO;Controller;State = Running;
14/12/19;00:36:10.778;INFO;Robot Runtime;executing:    Unload;
14/12/19;00:36:15.159;INFO;Controller;Activity ExecRobotTask ended. Return value: Done False/False/False;
14/12/19;00:36:15.159;INFO;Controller;State = Ready;
14/12/19;00:36:15.345;INFO;Server;Command: ExecRobotTask (UnlatchRobGov,500000);
14/12/19;00:36:15.345;INFO;Controller;Executing asynchronous activity: ExecRobotTask;
14/12/19;00:36:15.345;INFO;Controller;Status = Executing: UnlatchRobGov;
14/12/19;00:36:15.345;INFO;Controller;State = Running;
14/12/19;00:36:16.434;INFO;Robot Runtime;executing:    UnlatchRobGov;
14/12/19;00:36:16.740;INFO;Controller;Activity ExecRobotTask ended. Return value: Done;
14/12/19;00:36:16.740;INFO;Controller;State = Ready;
14/12/19;00:36:16.835;INFO;Server;Command: ExecRobotTask (Finish,500000);
14/12/19;00:36:16.835;INFO;Controller;Executing asynchronous activity: ExecRobotTask;
14/12/19;00:36:16.835;INFO;Controller;Status = Executing: Finish;
14/12/19;00:36:16.835;INFO;Controller;State = Running;
14/12/19;00:36:18.049;INFO;Robot Runtime;executing:    Finish;
14/12/19;00:41:22.816;INFO;Robot Runtime;WarmUp Time Out;
14/12/19;00:41:23.168;INFO;Controller;Activity ExecRobotTask ended. Return value: ABORT: WarmUp TimeOut;
14/12/19;00:41:23.169;INFO;Controller;State = Ready;
14/12/19;10:37:19.910;INFO;Server;Command: Abort;
14/12/19;10:37:19.910;INFO;Robot;Abort;
14/12/19;10:37:20.028;INFO;Server;Command: Restart;
14/12/19;10:37:20.028;INFO;Controller;State = Initializing;
14/12/19;10:37:20.052;INFO;Controller;Initialized log services - Startup: 01/11/19 09:38:32;
14/12/19;10:37:21.059;INFO;Epics Server;Exiting running thread;
14/12/19;10:37:21.062;INFO;Epics Server;Registered PV: SW:Version;
14/12/19;10:37:21.062;INFO;Epics Server;Registered PV: SW:Status;
14/12/19;10:37:21.062;INFO;Epics Server;Registered PV: SW:Uptime;
14/12/19;10:37:21.062;INFO;Epics Server;Registered PV: SW:LastTaskInfo;
14/12/19;10:37:21.062;INFO;Epics Server;Registered PV: SW:AlarmList;
14/12/19;10:37:21.062;INFO;Epics Server;Registered PV: SW:LocalGuiLockOut;
14/12/19;10:37:21.062;INFO;Epics Server;Registered PV: SW:RobotSpeed;
14/12/19;10:37:21.062;INFO;Epics Server;Registered PV: SW:LastTaskException;
14/12/19;10:37:21.062;INFO;Epics Server;Registered PV: SW:LastTaskOutput;
14/12/19;10:37:21.062;INFO;Epics Server;Registered PV: SW:RobotState;
14/12/19;10:37:21.062;INFO;Epics Server;Registered PV: SW:CartesianPositions;
14/12/19;10:37:21.062;INFO;Epics Server;Registered PV: SW:JointPositions;
14/12/19;10:37:21.062;INFO;Epics Server;Registered PV: SW:State;
14/12/19;10:37:21.062;INFO;Epics Server;Registered PV: SW:abort;
14/12/19;10:37:21.062;INFO;Epics Server;Registered PV: SW:restart;
14/12/19;10:37:21.062;INFO;Epics Server;Registered PV: SW:getTaskInfo;
14/12/19;10:37:21.063;INFO;Epics Server;Registered PV: SW:isTaskRunning;
14/12/19;10:37:21.063;INFO;Epics Server;Registered PV: SW:checkTaskResult;
14/12/19;10:37:21.063;INFO;Epics Server;Registered PV: SW:startTestTask;
14/12/19;10:37:21.063;INFO;Epics Server;Registered PV: SW:pauseRobot;
14/12/19;10:37:21.063;INFO;Epics Server;Registered PV: SW:resumeRobot;
14/12/19;10:37:21.063;INFO;Epics Server;Registered PV: SW:setRobotVariable;
14/12/19;10:37:21.063;INFO;Epics Server;Registered PV: SW:isSampleMounted;
14/12/19;10:37:21.063;INFO;Epics Server;Registered PV: SW:startRobotTask;
14/12/19;10:37:21.063;INFO;Epics Server;Registered PV: SW:getRobotVariable;
14/12/19;10:37:21.063;INFO;Epics Server;Registered PV: SW:getDistance;
14/12/19;10:37:21.063;INFO;Epics Server;Initializing: Channel Access Server in Java v1.1.1;
14/12/19;10:37:21.068;INFO;Epics Server;Started server: ready to accept requests;
14/12/19;10:37:21.703;INFO;Controller;Initializing Robot;
14/12/19;10:37:21.706;INFO;Robot;Setting reference frame to: world;
14/12/19;10:37:21.817;INFO;Controller;Initializing Bus Controller;
14/12/19;10:37:21.818;INFO;Anti-Collision;Active = true;
14/12/19;10:37:21.818;INFO;Controller;State = Starting;
14/12/19;10:37:21.831;INFO;Controller;Command: Reset;
14/12/19;10:37:21.833;INFO;Controller;Executing asynchronous script: ./script/Reset.py;
14/12/19;10:37:21.833;INFO;Controller;Status = Reseting;
14/12/19;10:37:21.833;INFO;Controller;State = Running;
14/12/19;10:37:21.987;INFO;Controller;Script host: localhost:36275;
14/12/19;10:37:21.988;INFO;Script;Starting initialization script;
14/12/19;10:37:21.990;INFO;Script;Do nothing;
14/12/19;10:37:21.990;INFO;Controller;Script ./script/Reset.py ended. Return value: ;
14/12/19;10:37:21.990;INFO;Controller;State = Ready;
14/12/19;10:37:29.106;INFO;Server;Command: ExecRobotTask (Recover,500000);
14/12/19;10:37:29.107;INFO;Controller;Executing asynchronous activity: ExecRobotTask;
14/12/19;10:37:29.107;INFO;Controller;Status = Executing: Recover;
14/12/19;10:37:29.107;INFO;Controller;State = Running;
14/12/19;10:37:30.391;INFO;Robot Runtime;executing:    Recover;
14/12/19;10:37:31.708;INFO;Robot Runtime;Done;
14/12/19;10:37:32.121;INFO;Controller;Activity ExecRobotTask ended. Return value: Done;
14/12/19;10:37:32.121;INFO;Controller;State = Ready;
