24/06/19;09:40:35.125;INFO;Server;Command: ExecRobotTask (EnableTScreen,500000);
24/06/19;09:40:35.126;INFO;Controller;Executing asynchronous activity: ExecRobotTask;
24/06/19;09:40:35.126;INFO;Controller;Status = Executing: EnableTScreen;
24/06/19;09:40:35.126;INFO;Controller;State = Running;
24/06/19;09:40:36.465;INFO;Robot Runtime;executing:    EnableTScreen;
24/06/19;09:40:36.762;INFO;Controller;Activity ExecRobotTask ended. Return value: Done;
24/06/19;09:40:36.762;INFO;Controller;State = Ready;
24/06/19;15:01:24.382;INFO;Server;Command: ExecRobotTask (Initialize,500000);
24/06/19;15:01:24.382;INFO;Controller;Executing asynchronous activity: ExecRobotTask;
24/06/19;15:01:24.382;INFO;Controller;Status = Executing: Initialize;
24/06/19;15:01:24.382;INFO;Controller;State = Running;
24/06/19;15:01:25.361;INFO;Robot Runtime;executing:    Initialize;
24/06/19;15:01:26.675;INFO;Controller;Activity ExecRobotTask ended. Return value: Done;
24/06/19;15:01:26.675;INFO;Controller;State = Ready;
24/06/19;15:01:26.685;INFO;Server;Command: ExecRobotTask (LatchRobGov,500000);
24/06/19;15:01:26.685;INFO;Controller;Executing asynchronous activity: ExecRobotTask;
24/06/19;15:01:26.685;INFO;Controller;Status = Executing: LatchRobGov;
24/06/19;15:01:26.685;INFO;Controller;State = Running;
24/06/19;15:01:28.006;INFO;Robot Runtime;executing:    LatchRobGov;
24/06/19;15:01:31.428;INFO;Controller;Activity ExecRobotTask ended. Return value: Done;
24/06/19;15:01:31.428;INFO;Controller;State = Ready;
24/06/19;15:01:31.445;INFO;Server;Command: ExecRobotTask (TraceSample,500000);
24/06/19;15:01:31.445;INFO;Controller;Executing asynchronous activity: ExecRobotTask;
24/06/19;15:01:31.445;INFO;Controller;Status = Executing: TraceSample;
24/06/19;15:01:31.445;INFO;Controller;State = Running;
24/06/19;15:01:32.357;INFO;Robot Runtime;executing:    TraceSample;
24/06/19;15:01:33.149;INFO;Controller;Activity ExecRobotTask ended. Return value: Done False/False/False;
24/06/19;15:01:33.149;INFO;Controller;State = Ready;
24/06/19;15:01:33.161;INFO;Server;Command: ExecRobotTask (CoolDown,500000);
24/06/19;15:01:33.162;INFO;Controller;Executing asynchronous activity: ExecRobotTask;
24/06/19;15:01:33.162;INFO;Controller;Status = Executing: CoolDown;
24/06/19;15:01:33.162;INFO;Controller;State = Running;
24/06/19;15:01:33.999;INFO;Robot Runtime;executing:    CoolDown;
24/06/19;15:03:06.290;INFO;Controller;Activity ExecRobotTask ended. Return value: Done;
24/06/19;15:03:06.291;INFO;Controller;State = Ready;
24/06/19;15:03:06.498;INFO;Server;Command: ExecRobotTask (Load,500000);
24/06/19;15:03:06.499;INFO;Controller;Executing asynchronous activity: ExecRobotTask;
24/06/19;15:03:06.499;INFO;Controller;Status = Executing: Load;
24/06/19;15:03:06.499;INFO;Controller;State = Running;
24/06/19;15:03:07.816;INFO;Robot Runtime;executing:    Load;
24/06/19;15:03:16.608;INFO;Controller;Activity ExecRobotTask ended. Return value: Done False/True/False;
24/06/19;15:03:16.608;INFO;Controller;State = Ready;
24/06/19;15:03:16.624;INFO;Server;Command: ExecRobotTask (Mount,500000);
24/06/19;15:03:16.624;INFO;Controller;Executing asynchronous activity: ExecRobotTask;
24/06/19;15:03:16.624;INFO;Controller;Status = Executing: Mount;
24/06/19;15:03:16.624;INFO;Controller;State = Running;
24/06/19;15:03:17.546;INFO;Robot Runtime;executing:    Mount;
24/06/19;15:03:24.910;INFO;Controller;Activity ExecRobotTask ended. Return value: Done True/False/False;
24/06/19;15:03:24.910;INFO;Controller;State = Ready;
24/06/19;15:03:24.921;INFO;Server;Command: ExecRobotTask (Park,500000);
24/06/19;15:03:24.921;INFO;Controller;Executing asynchronous activity: ExecRobotTask;
24/06/19;15:03:24.921;INFO;Controller;Status = Executing: Park;
24/06/19;15:03:24.921;INFO;Controller;State = Running;
24/06/19;15:03:25.753;INFO;Robot Runtime;executing:    Park;
24/06/19;15:03:28.947;INFO;Controller;Activity ExecRobotTask ended. Return value: Done;
24/06/19;15:03:28.947;INFO;Controller;State = Ready;
24/06/19;15:03:28.962;INFO;Server;Command: ExecRobotTask (UnlatchRobGov,500000);
24/06/19;15:03:28.963;INFO;Controller;Executing asynchronous activity: ExecRobotTask;
24/06/19;15:03:28.963;INFO;Controller;Status = Executing: UnlatchRobGov;
24/06/19;15:03:28.963;INFO;Controller;State = Running;
24/06/19;15:03:30.265;INFO;Robot Runtime;executing:    UnlatchRobGov;
24/06/19;15:03:30.687;INFO;Controller;Activity ExecRobotTask ended. Return value: Done;
24/06/19;15:03:30.687;INFO;Controller;State = Ready;
24/06/19;15:05:50.311;INFO;Server;Command: ExecRobotTask (Unmount,500000);
24/06/19;15:05:50.311;INFO;Controller;Executing asynchronous activity: ExecRobotTask;
24/06/19;15:05:50.311;INFO;Controller;Status = Executing: Unmount;
24/06/19;15:05:50.311;INFO;Controller;State = Running;
24/06/19;15:05:51.246;INFO;Robot Runtime;executing:    Unmount;
24/06/19;15:05:59.245;INFO;Controller;Activity ExecRobotTask ended. Return value: Done False/True/False;
24/06/19;15:05:59.245;INFO;Controller;State = Ready;
24/06/19;15:05:59.254;INFO;Server;Command: ExecRobotTask (Unload,500000);
24/06/19;15:05:59.254;INFO;Controller;Executing asynchronous activity: ExecRobotTask;
24/06/19;15:05:59.254;INFO;Controller;Status = Executing: Unload;
24/06/19;15:05:59.254;INFO;Controller;State = Running;
24/06/19;15:06:00.082;INFO;Robot Runtime;executing:    Unload;
24/06/19;15:06:04.519;INFO;Controller;Activity ExecRobotTask ended. Return value: Done False/False/False;
24/06/19;15:06:04.519;INFO;Controller;State = Ready;
24/06/19;15:06:06.085;INFO;Server;Command: ExecRobotTask (Load,500000);
24/06/19;15:06:06.085;INFO;Controller;Executing asynchronous activity: ExecRobotTask;
24/06/19;15:06:06.085;INFO;Controller;Status = Executing: Load;
24/06/19;15:06:06.085;INFO;Controller;State = Running;
24/06/19;15:06:07.392;INFO;Robot Runtime;executing:    Load;
24/06/19;15:06:13.646;INFO;Controller;Activity ExecRobotTask ended. Return value: Done False/True/False;
24/06/19;15:06:13.646;INFO;Controller;State = Ready;
24/06/19;15:06:13.665;INFO;Server;Command: ExecRobotTask (Mount,500000);
24/06/19;15:06:13.665;INFO;Controller;Executing asynchronous activity: ExecRobotTask;
24/06/19;15:06:13.665;INFO;Controller;Status = Executing: Mount;
24/06/19;15:06:13.665;INFO;Controller;State = Running;
24/06/19;15:06:14.591;INFO;Robot Runtime;executing:    Mount;
24/06/19;15:06:21.277;INFO;Controller;Activity ExecRobotTask ended. Return value: Done True/False/False;
24/06/19;15:06:21.278;INFO;Controller;State = Ready;
24/06/19;15:06:21.289;INFO;Server;Command: ExecRobotTask (Park,500000);
24/06/19;15:06:21.289;INFO;Controller;Executing asynchronous activity: ExecRobotTask;
24/06/19;15:06:21.290;INFO;Controller;Status = Executing: Park;
24/06/19;15:06:21.290;INFO;Controller;State = Running;
24/06/19;15:06:22.114;INFO;Robot Runtime;executing:    Park;
24/06/19;15:06:25.570;INFO;Controller;Activity ExecRobotTask ended. Return value: Done;
24/06/19;15:06:25.570;INFO;Controller;State = Ready;
24/06/19;15:06:25.590;INFO;Server;Command: ExecRobotTask (UnlatchRobGov,500000);
24/06/19;15:06:25.590;INFO;Controller;Executing asynchronous activity: ExecRobotTask;
24/06/19;15:06:25.591;INFO;Controller;Status = Executing: UnlatchRobGov;
24/06/19;15:06:25.591;INFO;Controller;State = Running;
24/06/19;15:06:26.887;INFO;Robot Runtime;executing:    UnlatchRobGov;
24/06/19;15:06:27.315;INFO;Controller;Activity ExecRobotTask ended. Return value: Done;
24/06/19;15:06:27.315;INFO;Controller;State = Ready;
24/06/19;15:14:25.223;INFO;Server;Command: ExecRobotTask (Unmount,500000);
24/06/19;15:14:25.223;INFO;Controller;Executing asynchronous activity: ExecRobotTask;
24/06/19;15:14:25.223;INFO;Controller;Status = Executing: Unmount;
24/06/19;15:14:25.224;INFO;Controller;State = Running;
24/06/19;15:14:26.166;INFO;Robot Runtime;executing:    Unmount;
24/06/19;15:14:34.861;INFO;Controller;Activity ExecRobotTask ended. Return value: Done False/True/False;
24/06/19;15:14:34.861;INFO;Controller;State = Ready;
24/06/19;15:14:34.876;INFO;Server;Command: ExecRobotTask (Unload,500000);
24/06/19;15:14:34.876;INFO;Controller;Executing asynchronous activity: ExecRobotTask;
24/06/19;15:14:34.876;INFO;Controller;Status = Executing: Unload;
24/06/19;15:14:34.876;INFO;Controller;State = Running;
24/06/19;15:14:35.698;INFO;Robot Runtime;executing:    Unload;
24/06/19;15:14:40.211;INFO;Controller;Activity ExecRobotTask ended. Return value: Done False/False/False;
24/06/19;15:14:40.212;INFO;Controller;State = Ready;
24/06/19;15:14:41.824;INFO;Server;Command: ExecRobotTask (Load,500000);
24/06/19;15:14:41.824;INFO;Controller;Executing asynchronous activity: ExecRobotTask;
24/06/19;15:14:41.824;INFO;Controller;Status = Executing: Load;
24/06/19;15:14:41.824;INFO;Controller;State = Running;
24/06/19;15:14:43.135;INFO;Robot Runtime;executing:    Load;
24/06/19;15:14:49.324;INFO;Controller;Activity ExecRobotTask ended. Return value: Done False/True/False;
24/06/19;15:14:49.324;INFO;Controller;State = Ready;
24/06/19;15:14:49.346;INFO;Server;Command: ExecRobotTask (Mount,500000);
24/06/19;15:14:49.346;INFO;Controller;Executing asynchronous activity: ExecRobotTask;
24/06/19;15:14:49.346;INFO;Controller;Status = Executing: Mount;
24/06/19;15:14:49.346;INFO;Controller;State = Running;
24/06/19;15:14:50.261;INFO;Robot Runtime;executing:    Mount;
24/06/19;15:14:56.294;INFO;Controller;Activity ExecRobotTask ended. Return value: Done True/False/False;
24/06/19;15:14:56.294;INFO;Controller;State = Ready;
24/06/19;15:14:56.307;INFO;Server;Command: ExecRobotTask (Park,500000);
24/06/19;15:14:56.308;INFO;Controller;Executing asynchronous activity: ExecRobotTask;
24/06/19;15:14:56.308;INFO;Controller;Status = Executing: Park;
24/06/19;15:14:56.308;INFO;Controller;State = Running;
24/06/19;15:14:57.134;INFO;Robot Runtime;executing:    Park;
24/06/19;15:15:00.487;INFO;Controller;Activity ExecRobotTask ended. Return value: Done;
24/06/19;15:15:00.487;INFO;Controller;State = Ready;
24/06/19;15:15:00.505;INFO;Server;Command: ExecRobotTask (UnlatchRobGov,500000);
24/06/19;15:15:00.505;INFO;Controller;Executing asynchronous activity: ExecRobotTask;
24/06/19;15:15:00.505;INFO;Controller;Status = Executing: UnlatchRobGov;
24/06/19;15:15:00.505;INFO;Controller;State = Running;
24/06/19;15:15:01.818;INFO;Robot Runtime;executing:    UnlatchRobGov;
24/06/19;15:15:02.240;INFO;Controller;Activity ExecRobotTask ended. Return value: Done;
24/06/19;15:15:02.240;INFO;Controller;State = Ready;
24/06/19;15:16:59.378;INFO;Server;Command: ExecRobotTask (Unmount,500000);
24/06/19;15:16:59.379;INFO;Controller;Executing asynchronous activity: ExecRobotTask;
24/06/19;15:16:59.379;INFO;Controller;Status = Executing: Unmount;
24/06/19;15:16:59.379;INFO;Controller;State = Running;
24/06/19;15:17:00.322;INFO;Robot Runtime;executing:    Unmount;
24/06/19;15:17:09.189;INFO;Controller;Activity ExecRobotTask ended. Return value: Done False/True/False;
24/06/19;15:17:09.189;INFO;Controller;State = Ready;
24/06/19;15:17:09.210;INFO;Server;Command: ExecRobotTask (Unload,500000);
24/06/19;15:17:09.210;INFO;Controller;Executing asynchronous activity: ExecRobotTask;
24/06/19;15:17:09.210;INFO;Controller;Status = Executing: Unload;
24/06/19;15:17:09.210;INFO;Controller;State = Running;
24/06/19;15:17:10.042;INFO;Robot Runtime;executing:    Unload;
24/06/19;15:17:14.566;INFO;Controller;Activity ExecRobotTask ended. Return value: Done False/False/False;
24/06/19;15:17:14.566;INFO;Controller;State = Ready;
24/06/19;15:17:16.161;INFO;Server;Command: ExecRobotTask (Load,500000);
24/06/19;15:17:16.162;INFO;Controller;Executing asynchronous activity: ExecRobotTask;
24/06/19;15:17:16.162;INFO;Controller;Status = Executing: Load;
24/06/19;15:17:16.162;INFO;Controller;State = Running;
24/06/19;15:17:17.475;INFO;Robot Runtime;executing:    Load;
24/06/19;15:17:23.721;INFO;Controller;Activity ExecRobotTask ended. Return value: Done False/True/False;
24/06/19;15:17:23.721;INFO;Controller;State = Ready;
24/06/19;15:17:23.739;INFO;Server;Command: ExecRobotTask (Mount,500000);
24/06/19;15:17:23.739;INFO;Controller;Executing asynchronous activity: ExecRobotTask;
24/06/19;15:17:23.739;INFO;Controller;Status = Executing: Mount;
24/06/19;15:17:23.739;INFO;Controller;State = Running;
24/06/19;15:17:24.653;INFO;Robot Runtime;executing:    Mount;
24/06/19;15:17:31.363;INFO;Controller;Activity ExecRobotTask ended. Return value: Done True/False/False;
24/06/19;15:17:31.363;INFO;Controller;State = Ready;
24/06/19;15:17:31.379;INFO;Server;Command: ExecRobotTask (Park,500000);
24/06/19;15:17:31.379;INFO;Controller;Executing asynchronous activity: ExecRobotTask;
24/06/19;15:17:31.379;INFO;Controller;Status = Executing: Park;
24/06/19;15:17:31.379;INFO;Controller;State = Running;
24/06/19;15:17:32.213;INFO;Robot Runtime;executing:    Park;
24/06/19;15:17:35.221;INFO;Controller;Activity ExecRobotTask ended. Return value: Done;
24/06/19;15:17:35.221;INFO;Controller;State = Ready;
24/06/19;15:17:35.243;INFO;Server;Command: ExecRobotTask (UnlatchRobGov,500000);
24/06/19;15:17:35.243;INFO;Controller;Executing asynchronous activity: ExecRobotTask;
24/06/19;15:17:35.243;INFO;Controller;Status = Executing: UnlatchRobGov;
24/06/19;15:17:35.243;INFO;Controller;State = Running;
24/06/19;15:17:36.559;INFO;Robot Runtime;executing:    UnlatchRobGov;
24/06/19;15:17:36.711;INFO;Controller;Activity ExecRobotTask ended. Return value: Done;
24/06/19;15:17:36.711;INFO;Controller;State = Ready;
24/06/19;15:18:45.182;INFO;Server;Command: ExecRobotTask (Unmount,500000);
24/06/19;15:18:45.182;INFO;Controller;Executing asynchronous activity: ExecRobotTask;
24/06/19;15:18:45.182;INFO;Controller;Status = Executing: Unmount;
24/06/19;15:18:45.182;INFO;Controller;State = Running;
24/06/19;15:18:46.121;INFO;Robot Runtime;executing:    Unmount;
24/06/19;15:18:55.099;INFO;Controller;Activity ExecRobotTask ended. Return value: Done False/True/False;
24/06/19;15:18:55.099;INFO;Controller;State = Ready;
24/06/19;15:18:55.118;INFO;Server;Command: ExecRobotTask (Unload,500000);
24/06/19;15:18:55.119;INFO;Controller;Executing asynchronous activity: ExecRobotTask;
24/06/19;15:18:55.119;INFO;Controller;Status = Executing: Unload;
24/06/19;15:18:55.119;INFO;Controller;State = Running;
24/06/19;15:18:55.954;INFO;Robot Runtime;executing:    Unload;
24/06/19;15:19:00.372;INFO;Controller;Activity ExecRobotTask ended. Return value: Done False/False/False;
24/06/19;15:19:00.372;INFO;Controller;State = Ready;
24/06/19;15:19:01.957;INFO;Server;Command: ExecRobotTask (Load,500000);
24/06/19;15:19:01.957;INFO;Controller;Executing asynchronous activity: ExecRobotTask;
24/06/19;15:19:01.957;INFO;Controller;Status = Executing: Load;
24/06/19;15:19:01.957;INFO;Controller;State = Running;
24/06/19;15:19:03.261;INFO;Robot Runtime;executing:    Load;
24/06/19;15:19:09.534;INFO;Controller;Activity ExecRobotTask ended. Return value: Done False/True/False;
24/06/19;15:19:09.534;INFO;Controller;State = Ready;
24/06/19;15:19:09.555;INFO;Server;Command: ExecRobotTask (Mount,500000);
24/06/19;15:19:09.556;INFO;Controller;Executing asynchronous activity: ExecRobotTask;
24/06/19;15:19:09.556;INFO;Controller;Status = Executing: Mount;
24/06/19;15:19:09.556;INFO;Controller;State = Running;
24/06/19;15:19:10.474;INFO;Robot Runtime;executing:    Mount;
24/06/19;15:19:16.262;INFO;Controller;Activity ExecRobotTask ended. Return value: Done True/False/False;
24/06/19;15:19:16.262;INFO;Controller;State = Ready;
24/06/19;15:19:16.280;INFO;Server;Command: ExecRobotTask (Park,500000);
24/06/19;15:19:16.281;INFO;Controller;Executing asynchronous activity: ExecRobotTask;
24/06/19;15:19:16.281;INFO;Controller;Status = Executing: Park;
24/06/19;15:19:16.281;INFO;Controller;State = Running;
24/06/19;15:19:17.105;INFO;Robot Runtime;executing:    Park;
24/06/19;15:19:20.460;INFO;Controller;Activity ExecRobotTask ended. Return value: Done;
24/06/19;15:19:20.460;INFO;Controller;State = Ready;
24/06/19;15:19:20.480;INFO;Server;Command: ExecRobotTask (UnlatchRobGov,500000);
24/06/19;15:19:20.480;INFO;Controller;Executing asynchronous activity: ExecRobotTask;
24/06/19;15:19:20.480;INFO;Controller;Status = Executing: UnlatchRobGov;
24/06/19;15:19:20.480;INFO;Controller;State = Running;
24/06/19;15:19:21.797;INFO;Robot Runtime;executing:    UnlatchRobGov;
24/06/19;15:19:22.203;INFO;Controller;Activity ExecRobotTask ended. Return value: Done;
24/06/19;15:19:22.203;INFO;Controller;State = Ready;
24/06/19;15:26:56.123;INFO;Server;Command: ExecRobotTask (Unmount,500000);
24/06/19;15:26:56.123;INFO;Controller;Executing asynchronous activity: ExecRobotTask;
24/06/19;15:26:56.123;INFO;Controller;Status = Executing: Unmount;
24/06/19;15:26:56.123;INFO;Controller;State = Running;
24/06/19;15:26:57.057;INFO;Robot Runtime;executing:    Unmount;
24/06/19;15:27:05.261;INFO;Controller;Activity ExecRobotTask ended. Return value: Done False/True/False;
24/06/19;15:27:05.261;INFO;Controller;State = Ready;
24/06/19;15:27:05.283;INFO;Server;Command: ExecRobotTask (Unload,500000);
24/06/19;15:27:05.283;INFO;Controller;Executing asynchronous activity: ExecRobotTask;
24/06/19;15:27:05.283;INFO;Controller;Status = Executing: Unload;
24/06/19;15:27:05.283;INFO;Controller;State = Running;
24/06/19;15:27:06.109;INFO;Robot Runtime;executing:    Unload;
24/06/19;15:27:10.603;INFO;Controller;Activity ExecRobotTask ended. Return value: Done False/False/False;
24/06/19;15:27:10.603;INFO;Controller;State = Ready;
24/06/19;15:27:12.196;INFO;Server;Command: ExecRobotTask (Load,500000);
24/06/19;15:27:12.196;INFO;Controller;Executing asynchronous activity: ExecRobotTask;
24/06/19;15:27:12.196;INFO;Controller;Status = Executing: Load;
24/06/19;15:27:12.196;INFO;Controller;State = Running;
24/06/19;15:27:13.502;INFO;Robot Runtime;executing:    Load;
24/06/19;15:27:19.732;INFO;Controller;Activity ExecRobotTask ended. Return value: Done False/True/False;
24/06/19;15:27:19.732;INFO;Controller;State = Ready;
24/06/19;15:27:19.756;INFO;Server;Command: ExecRobotTask (Mount,500000);
24/06/19;15:27:19.757;INFO;Controller;Executing asynchronous activity: ExecRobotTask;
24/06/19;15:27:19.757;INFO;Controller;Status = Executing: Mount;
24/06/19;15:27:19.757;INFO;Controller;State = Running;
24/06/19;15:27:20.671;INFO;Robot Runtime;executing:    Mount;
24/06/19;15:27:27.356;INFO;Controller;Activity ExecRobotTask ended. Return value: Done True/False/False;
24/06/19;15:27:27.357;INFO;Controller;State = Ready;
24/06/19;15:27:27.376;INFO;Server;Command: ExecRobotTask (Park,500000);
24/06/19;15:27:27.376;INFO;Controller;Executing asynchronous activity: ExecRobotTask;
24/06/19;15:27:27.377;INFO;Controller;Status = Executing: Park;
24/06/19;15:27:27.377;INFO;Controller;State = Running;
24/06/19;15:27:28.201;INFO;Robot Runtime;executing:    Park;
24/06/19;15:27:31.224;INFO;Controller;Activity ExecRobotTask ended. Return value: Done;
24/06/19;15:27:31.224;INFO;Controller;State = Ready;
24/06/19;15:27:31.244;INFO;Server;Command: ExecRobotTask (UnlatchRobGov,500000);
24/06/19;15:27:31.244;INFO;Controller;Executing asynchronous activity: ExecRobotTask;
24/06/19;15:27:31.244;INFO;Controller;Status = Executing: UnlatchRobGov;
24/06/19;15:27:31.244;INFO;Controller;State = Running;
24/06/19;15:27:32.557;INFO;Robot Runtime;executing:    UnlatchRobGov;
24/06/19;15:27:32.717;INFO;Controller;Activity ExecRobotTask ended. Return value: Done;
24/06/19;15:27:32.718;INFO;Controller;State = Ready;
24/06/19;15:29:10.905;INFO;Server;Command: ExecRobotTask (Unmount,500000);
24/06/19;15:29:10.905;INFO;Controller;Executing asynchronous activity: ExecRobotTask;
24/06/19;15:29:10.905;INFO;Controller;Status = Executing: Unmount;
24/06/19;15:29:10.905;INFO;Controller;State = Running;
24/06/19;15:29:11.837;INFO;Robot Runtime;executing:    Unmount;
24/06/19;15:29:20.988;INFO;Controller;Activity ExecRobotTask ended. Return value: Done False/True/False;
24/06/19;15:29:20.988;INFO;Controller;State = Ready;
24/06/19;15:29:21.012;INFO;Server;Command: ExecRobotTask (Unload,500000);
24/06/19;15:29:21.012;INFO;Controller;Executing asynchronous activity: ExecRobotTask;
24/06/19;15:29:21.012;INFO;Controller;Status = Executing: Unload;
24/06/19;15:29:21.012;INFO;Controller;State = Running;
24/06/19;15:29:21.841;INFO;Robot Runtime;executing:    Unload;
24/06/19;15:29:26.357;INFO;Controller;Activity ExecRobotTask ended. Return value: Done False/False/False;
24/06/19;15:29:26.357;INFO;Controller;State = Ready;
24/06/19;15:29:27.970;INFO;Server;Command: ExecRobotTask (Load,500000);
24/06/19;15:29:27.970;INFO;Controller;Executing asynchronous activity: ExecRobotTask;
24/06/19;15:29:27.970;INFO;Controller;Status = Executing: Load;
24/06/19;15:29:27.970;INFO;Controller;State = Running;
24/06/19;15:29:29.272;INFO;Robot Runtime;executing:    Load;
24/06/19;15:29:35.491;INFO;Controller;Activity ExecRobotTask ended. Return value: Done False/True/False;
24/06/19;15:29:35.491;INFO;Controller;State = Ready;
24/06/19;15:29:35.517;INFO;Server;Command: ExecRobotTask (Mount,500000);
24/06/19;15:29:35.517;INFO;Controller;Executing asynchronous activity: ExecRobotTask;
24/06/19;15:29:35.518;INFO;Controller;Status = Executing: Mount;
24/06/19;15:29:35.518;INFO;Controller;State = Running;
24/06/19;15:29:36.431;INFO;Robot Runtime;executing:    Mount;
24/06/19;15:29:42.121;INFO;Controller;Activity ExecRobotTask ended. Return value: Done True/False/False;
24/06/19;15:29:42.121;INFO;Controller;State = Ready;
24/06/19;15:29:42.142;INFO;Server;Command: ExecRobotTask (Park,500000);
24/06/19;15:29:42.142;INFO;Controller;Executing asynchronous activity: ExecRobotTask;
24/06/19;15:29:42.142;INFO;Controller;Status = Executing: Park;
24/06/19;15:29:42.142;INFO;Controller;State = Running;
24/06/19;15:29:42.969;INFO;Robot Runtime;executing:    Park;
24/06/19;15:29:45.990;INFO;Controller;Activity ExecRobotTask ended. Return value: Done;
24/06/19;15:29:45.991;INFO;Controller;State = Ready;
24/06/19;15:29:46.014;INFO;Server;Command: ExecRobotTask (UnlatchRobGov,500000);
24/06/19;15:29:46.014;INFO;Controller;Executing asynchronous activity: ExecRobotTask;
24/06/19;15:29:46.014;INFO;Controller;Status = Executing: UnlatchRobGov;
24/06/19;15:29:46.014;INFO;Controller;State = Running;
24/06/19;15:29:47.310;INFO;Robot Runtime;executing:    UnlatchRobGov;
24/06/19;15:29:47.482;INFO;Controller;Activity ExecRobotTask ended. Return value: Done;
24/06/19;15:29:47.482;INFO;Controller;State = Ready;
24/06/19;15:31:18.478;INFO;Server;Command: ExecRobotTask (Unmount,500000);
24/06/19;15:31:18.478;INFO;Controller;Executing asynchronous activity: ExecRobotTask;
24/06/19;15:31:18.478;INFO;Controller;Status = Executing: Unmount;
24/06/19;15:31:18.478;INFO;Controller;State = Running;
24/06/19;15:31:19.420;INFO;Robot Runtime;executing:    Unmount;
24/06/19;15:31:29.242;INFO;Controller;Activity ExecRobotTask ended. Return value: Done False/True/False;
24/06/19;15:31:29.242;INFO;Controller;State = Ready;
24/06/19;15:31:29.268;INFO;Server;Command: ExecRobotTask (Unload,500000);
24/06/19;15:31:29.269;INFO;Controller;Executing asynchronous activity: ExecRobotTask;
24/06/19;15:31:29.269;INFO;Controller;Status = Executing: Unload;
24/06/19;15:31:29.269;INFO;Controller;State = Running;
24/06/19;15:31:30.104;INFO;Robot Runtime;executing:    Unload;
24/06/19;15:31:34.579;INFO;Controller;Activity ExecRobotTask ended. Return value: Done False/False/False;
24/06/19;15:31:34.579;INFO;Controller;State = Ready;
24/06/19;15:31:34.684;INFO;Server;Command: ExecRobotTask (Initialize,500000);
24/06/19;15:31:34.684;INFO;Controller;Executing asynchronous activity: ExecRobotTask;
24/06/19;15:31:34.684;INFO;Controller;Status = Executing: Initialize;
24/06/19;15:31:34.685;INFO;Controller;State = Running;
24/06/19;15:31:35.659;INFO;Robot Runtime;executing:    Initialize;
24/06/19;15:31:36.035;INFO;Controller;Activity ExecRobotTask ended. Return value: Done;
24/06/19;15:31:36.035;INFO;Controller;State = Ready;
24/06/19;15:31:36.060;INFO;Server;Command: ExecRobotTask (Park,500000);
24/06/19;15:31:36.060;INFO;Controller;Executing asynchronous activity: ExecRobotTask;
24/06/19;15:31:36.060;INFO;Controller;Status = Executing: Park;
24/06/19;15:31:36.061;INFO;Controller;State = Running;
24/06/19;15:31:37.285;INFO;Robot Runtime;executing:    Park;
24/06/19;15:31:40.465;INFO;Controller;Activity ExecRobotTask ended. Return value: Done;
24/06/19;15:31:40.465;INFO;Controller;State = Ready;
24/06/19;15:32:11.201;INFO;Server;Command: ExecRobotTask (Load,500000);
24/06/19;15:32:11.201;INFO;Controller;Executing asynchronous activity: ExecRobotTask;
24/06/19;15:32:11.201;INFO;Controller;Status = Executing: Load;
24/06/19;15:32:11.201;INFO;Controller;State = Running;
24/06/19;15:32:12.196;INFO;Robot Runtime;executing:    Load;
24/06/19;15:32:21.027;INFO;Controller;Activity ExecRobotTask ended. Return value: Done False/True/False;
24/06/19;15:32:21.027;INFO;Controller;State = Ready;
24/06/19;15:32:21.052;INFO;Server;Command: ExecRobotTask (Mount,500000);
24/06/19;15:32:21.052;INFO;Controller;Executing asynchronous activity: ExecRobotTask;
24/06/19;15:32:21.052;INFO;Controller;Status = Executing: Mount;
24/06/19;15:32:21.052;INFO;Controller;State = Running;
24/06/19;15:32:22.313;INFO;Robot Runtime;executing:    Mount;
24/06/19;15:32:31.956;INFO;Controller;Activity ExecRobotTask ended. Return value: Done True/False/False;
24/06/19;15:32:31.956;INFO;Controller;State = Ready;
24/06/19;15:32:31.984;INFO;Server;Command: ExecRobotTask (Park,500000);
24/06/19;15:32:31.984;INFO;Controller;Executing asynchronous activity: ExecRobotTask;
24/06/19;15:32:31.984;INFO;Controller;Status = Executing: Park;
24/06/19;15:32:31.984;INFO;Controller;State = Running;
24/06/19;15:32:32.818;INFO;Robot Runtime;executing:    Park;
24/06/19;15:32:36.244;INFO;Controller;Activity ExecRobotTask ended. Return value: Done;
24/06/19;15:32:36.244;INFO;Controller;State = Ready;
24/06/19;15:32:36.272;INFO;Server;Command: ExecRobotTask (UnlatchRobGov,500000);
24/06/19;15:32:36.272;INFO;Controller;Executing asynchronous activity: ExecRobotTask;
24/06/19;15:32:36.273;INFO;Controller;Status = Executing: UnlatchRobGov;
24/06/19;15:32:36.273;INFO;Controller;State = Running;
24/06/19;15:32:37.253;INFO;Robot Runtime;executing:    UnlatchRobGov;
24/06/19;15:32:37.700;INFO;Controller;Activity ExecRobotTask ended. Return value: Done;
24/06/19;15:32:37.700;INFO;Controller;State = Ready;
24/06/19;15:33:16.657;INFO;Server;Command: ExecRobotTask (Initialize,500000);
24/06/19;15:33:16.658;INFO;Controller;Executing asynchronous activity: ExecRobotTask;
24/06/19;15:33:16.658;INFO;Controller;Status = Executing: Initialize;
24/06/19;15:33:16.658;INFO;Controller;State = Running;
24/06/19;15:33:17.904;INFO;Robot Runtime;executing:    Initialize;
24/06/19;15:33:18.055;INFO;Controller;Activity ExecRobotTask ended. Return value: Done;
24/06/19;15:33:18.055;INFO;Controller;State = Ready;
24/06/19;15:33:18.088;INFO;Server;Command: ExecRobotTask (LatchRobGov,500000);
24/06/19;15:33:18.088;INFO;Controller;Executing asynchronous activity: ExecRobotTask;
24/06/19;15:33:18.088;INFO;Controller;Status = Executing: LatchRobGov;
24/06/19;15:33:18.088;INFO;Controller;State = Running;
24/06/19;15:33:19.077;INFO;Robot Runtime;executing:    LatchRobGov;
24/06/19;15:33:21.025;INFO;Controller;Activity ExecRobotTask ended. Return value: Done;
24/06/19;15:33:21.025;INFO;Controller;State = Ready;
24/06/19;15:33:21.057;INFO;Server;Command: ExecRobotTask (TraceSample,500000);
24/06/19;15:33:21.057;INFO;Controller;Executing asynchronous activity: ExecRobotTask;
24/06/19;15:33:21.057;INFO;Controller;Status = Executing: TraceSample;
24/06/19;15:33:21.057;INFO;Controller;State = Running;
24/06/19;15:33:22.306;INFO;Robot Runtime;executing:    TraceSample;
24/06/19;15:33:24.749;INFO;Controller;Activity ExecRobotTask ended. Return value: Done True/False/False;
24/06/19;15:33:24.749;INFO;Controller;State = Ready;
24/06/19;15:33:30.799;INFO;Server;Command: ExecRobotTask (Initialize,500000);
24/06/19;15:33:30.799;INFO;Controller;Executing asynchronous activity: ExecRobotTask;
24/06/19;15:33:30.799;INFO;Controller;Status = Executing: Initialize;
24/06/19;15:33:30.799;INFO;Controller;State = Running;
24/06/19;15:33:31.653;INFO;Robot Runtime;executing:    Initialize;
24/06/19;15:33:32.150;INFO;Controller;Activity ExecRobotTask ended. Return value: Done;
24/06/19;15:33:32.150;INFO;Controller;State = Ready;
24/06/19;15:33:32.178;INFO;Server;Command: ExecRobotTask (Park,500000);
24/06/19;15:33:32.178;INFO;Controller;Executing asynchronous activity: ExecRobotTask;
24/06/19;15:33:32.178;INFO;Controller;Status = Executing: Park;
24/06/19;15:33:32.178;INFO;Controller;State = Running;
24/06/19;15:33:33.099;INFO;Robot Runtime;executing:    Park;
24/06/19;15:33:36.448;INFO;Controller;Activity ExecRobotTask ended. Return value: Done;
24/06/19;15:33:36.448;INFO;Controller;State = Ready;
24/06/19;15:33:53.835;INFO;Server;Command: ExecRobotTask (Unmount,500000);
24/06/19;15:33:53.835;INFO;Controller;Executing asynchronous activity: ExecRobotTask;
24/06/19;15:33:53.835;INFO;Controller;Status = Executing: Unmount;
24/06/19;15:33:53.835;INFO;Controller;State = Running;
24/06/19;15:33:55.097;INFO;Robot Runtime;executing:    Unmount;
24/06/19;15:34:03.485;INFO;Controller;Activity ExecRobotTask ended. Return value: Done False/True/False;
24/06/19;15:34:03.485;INFO;Controller;State = Ready;
24/06/19;15:34:03.514;INFO;Server;Command: ExecRobotTask (Unload,500000);
24/06/19;15:34:03.514;INFO;Controller;Executing asynchronous activity: ExecRobotTask;
24/06/19;15:34:03.514;INFO;Controller;Status = Executing: Unload;
24/06/19;15:34:03.514;INFO;Controller;State = Running;
24/06/19;15:34:04.380;INFO;Robot Runtime;executing:    Unload;
24/06/19;15:34:08.840;INFO;Controller;Activity ExecRobotTask ended. Return value: Done False/False/False;
24/06/19;15:34:08.840;INFO;Controller;State = Ready;
24/06/19;15:34:08.953;INFO;Server;Command: ExecRobotTask (Initialize,500000);
24/06/19;15:34:08.953;INFO;Controller;Executing asynchronous activity: ExecRobotTask;
24/06/19;15:34:08.953;INFO;Controller;Status = Executing: Initialize;
24/06/19;15:34:08.953;INFO;Controller;State = Running;
24/06/19;15:34:09.897;INFO;Robot Runtime;executing:    Initialize;
24/06/19;15:34:10.294;INFO;Controller;Activity ExecRobotTask ended. Return value: Done;
24/06/19;15:34:10.294;INFO;Controller;State = Ready;
24/06/19;15:34:10.328;INFO;Server;Command: ExecRobotTask (Park,500000);
24/06/19;15:34:10.328;INFO;Controller;Executing asynchronous activity: ExecRobotTask;
24/06/19;15:34:10.328;INFO;Controller;Status = Executing: Park;
24/06/19;15:34:10.328;INFO;Controller;State = Running;
24/06/19;15:34:11.560;INFO;Robot Runtime;executing:    Park;
24/06/19;15:34:14.713;INFO;Controller;Activity ExecRobotTask ended. Return value: Done;
24/06/19;15:34:14.713;INFO;Controller;State = Ready;
24/06/19;15:34:26.453;INFO;Server;Command: ExecRobotTask (Load,500000);
24/06/19;15:34:26.453;INFO;Controller;Executing asynchronous activity: ExecRobotTask;
24/06/19;15:34:26.453;INFO;Controller;Status = Executing: Load;
24/06/19;15:34:26.453;INFO;Controller;State = Running;
24/06/19;15:34:27.427;INFO;Robot Runtime;executing:    Load;
24/06/19;15:34:36.027;INFO;Controller;Activity ExecRobotTask ended. Return value: Done False/True/False;
24/06/19;15:34:36.028;INFO;Controller;State = Ready;
24/06/19;15:34:36.060;INFO;Server;Command: ExecRobotTask (Mount,500000);
24/06/19;15:34:36.060;INFO;Controller;Executing asynchronous activity: ExecRobotTask;
24/06/19;15:34:36.060;INFO;Controller;Status = Executing: Mount;
24/06/19;15:34:36.060;INFO;Controller;State = Running;
24/06/19;15:34:37.324;INFO;Robot Runtime;executing:    Mount;
24/06/19;15:34:44.621;INFO;Controller;Activity ExecRobotTask ended. Return value: Done True/False/False;
24/06/19;15:34:44.622;INFO;Controller;State = Ready;
24/06/19;15:34:44.650;INFO;Server;Command: ExecRobotTask (Park,500000);
24/06/19;15:34:44.650;INFO;Controller;Executing asynchronous activity: ExecRobotTask;
24/06/19;15:34:44.650;INFO;Controller;Status = Executing: Park;
24/06/19;15:34:44.650;INFO;Controller;State = Running;
24/06/19;15:34:45.488;INFO;Robot Runtime;executing:    Park;
24/06/19;15:34:48.481;INFO;Controller;Activity ExecRobotTask ended. Return value: Done;
24/06/19;15:34:48.482;INFO;Controller;State = Ready;
24/06/19;15:34:48.510;INFO;Server;Command: ExecRobotTask (UnlatchRobGov,500000);
24/06/19;15:34:48.510;INFO;Controller;Executing asynchronous activity: ExecRobotTask;
24/06/19;15:34:48.510;INFO;Controller;Status = Executing: UnlatchRobGov;
24/06/19;15:34:48.511;INFO;Controller;State = Running;
24/06/19;15:34:49.476;INFO;Robot Runtime;executing:    UnlatchRobGov;
24/06/19;15:34:49.861;INFO;Controller;Activity ExecRobotTask ended. Return value: Done;
24/06/19;15:34:49.861;INFO;Controller;State = Ready;
24/06/19;15:35:01.247;INFO;Server;Command: ExecRobotTask (Unmount,500000);
24/06/19;15:35:01.247;INFO;Controller;Executing asynchronous activity: ExecRobotTask;
24/06/19;15:35:01.247;INFO;Controller;Status = Executing: Unmount;
24/06/19;15:35:01.247;INFO;Controller;State = Running;
24/06/19;15:35:02.501;INFO;Robot Runtime;executing:    Unmount;
24/06/19;15:35:11.227;INFO;Controller;Activity ExecRobotTask ended. Return value: Done False/True/False;
24/06/19;15:35:11.228;INFO;Controller;State = Ready;
24/06/19;15:35:11.261;INFO;Server;Command: ExecRobotTask (Unload,500000);
24/06/19;15:35:11.261;INFO;Controller;Executing asynchronous activity: ExecRobotTask;
24/06/19;15:35:11.261;INFO;Controller;Status = Executing: Unload;
24/06/19;15:35:11.261;INFO;Controller;State = Running;
24/06/19;15:35:12.106;INFO;Robot Runtime;executing:    Unload;
24/06/19;15:35:16.582;INFO;Controller;Activity ExecRobotTask ended. Return value: Done False/False/False;
24/06/19;15:35:16.582;INFO;Controller;State = Ready;
24/06/19;15:35:16.698;INFO;Server;Command: ExecRobotTask (Initialize,500000);
24/06/19;15:35:16.698;INFO;Controller;Executing asynchronous activity: ExecRobotTask;
24/06/19;15:35:16.698;INFO;Controller;Status = Executing: Initialize;
24/06/19;15:35:16.698;INFO;Controller;State = Running;
24/06/19;15:35:17.640;INFO;Robot Runtime;executing:    Initialize;
24/06/19;15:35:18.034;INFO;Controller;Activity ExecRobotTask ended. Return value: Done;
24/06/19;15:35:18.034;INFO;Controller;State = Ready;
24/06/19;15:35:18.062;INFO;Server;Command: ExecRobotTask (Park,500000);
24/06/19;15:35:18.062;INFO;Controller;Executing asynchronous activity: ExecRobotTask;
24/06/19;15:35:18.062;INFO;Controller;Status = Executing: Park;
24/06/19;15:35:18.062;INFO;Controller;State = Running;
24/06/19;15:35:19.288;INFO;Robot Runtime;executing:    Park;
24/06/19;15:35:22.852;INFO;Controller;Activity ExecRobotTask ended. Return value: Done;
24/06/19;15:35:22.852;INFO;Controller;State = Ready;
24/06/19;15:35:46.010;INFO;Server;Command: ExecRobotTask (Unmount,500000);
24/06/19;15:35:46.011;INFO;Controller;Executing asynchronous activity: ExecRobotTask;
24/06/19;15:35:46.011;INFO;Controller;Status = Executing: Unmount;
24/06/19;15:35:46.011;INFO;Controller;State = Running;
24/06/19;15:35:46.882;INFO;Robot Runtime;executing:    Unmount;
24/06/19;15:35:56.900;INFO;Controller;Activity ExecRobotTask ended. Return value: Done False/False/False;
24/06/19;15:35:56.900;INFO;Controller;State = Ready;
24/06/19;15:35:56.929;INFO;Server;Command: ExecRobotTask (ClosePorts,500000);
24/06/19;15:35:56.929;INFO;Controller;Executing asynchronous activity: ExecRobotTask;
24/06/19;15:35:56.929;INFO;Controller;Status = Executing: ClosePorts;
24/06/19;15:35:56.930;INFO;Controller;State = Running;
24/06/19;15:35:57.756;INFO;Robot Runtime;executing:    ClosePorts;
24/06/19;15:35:57.922;INFO;Controller;Activity ExecRobotTask ended. Return value: Done;
24/06/19;15:35:57.922;INFO;Controller;State = Ready;
24/06/19;15:36:13.533;INFO;Server;Command: ExecRobotTask (Initialize,500000);
24/06/19;15:36:13.533;INFO;Controller;Executing asynchronous activity: ExecRobotTask;
24/06/19;15:36:13.533;INFO;Controller;Status = Executing: Initialize;
24/06/19;15:36:13.533;INFO;Controller;State = Running;
24/06/19;15:36:14.478;INFO;Robot Runtime;executing:    Initialize;
24/06/19;15:36:14.899;INFO;Controller;Activity ExecRobotTask ended. Return value: Done;
24/06/19;15:36:14.899;INFO;Controller;State = Ready;
24/06/19;15:36:14.939;INFO;Server;Command: ExecRobotTask (Park,500000);
24/06/19;15:36:14.939;INFO;Controller;Executing asynchronous activity: ExecRobotTask;
24/06/19;15:36:14.939;INFO;Controller;Status = Executing: Park;
24/06/19;15:36:14.939;INFO;Controller;State = Running;
24/06/19;15:36:16.174;INFO;Robot Runtime;executing:    Park;
24/06/19;15:36:19.466;INFO;Controller;Activity ExecRobotTask ended. Return value: Done;
24/06/19;15:36:19.466;INFO;Controller;State = Ready;
24/06/19;15:36:55.571;INFO;Server;Command: ExecRobotTask (Load,500000);
24/06/19;15:36:55.571;INFO;Controller;Executing asynchronous activity: ExecRobotTask;
24/06/19;15:36:55.571;INFO;Controller;Status = Executing: Load;
24/06/19;15:36:55.571;INFO;Controller;State = Running;
24/06/19;15:36:56.554;INFO;Robot Runtime;executing:    Load;
24/06/19;15:37:05.714;INFO;Controller;Activity ExecRobotTask ended. Return value: Done False/True/False;
24/06/19;15:37:05.714;INFO;Controller;State = Ready;
24/06/19;15:37:05.747;INFO;Server;Command: ExecRobotTask (Mount,500000);
24/06/19;15:37:05.747;INFO;Controller;Executing asynchronous activity: ExecRobotTask;
24/06/19;15:37:05.748;INFO;Controller;Status = Executing: Mount;
24/06/19;15:37:05.748;INFO;Controller;State = Running;
24/06/19;15:37:07.012;INFO;Robot Runtime;executing:    Mount;
24/06/19;15:37:12.905;INFO;Controller;Activity ExecRobotTask ended. Return value: Done True/False/False;
24/06/19;15:37:12.905;INFO;Controller;State = Ready;
24/06/19;15:37:12.943;INFO;Server;Command: ExecRobotTask (Park,500000);
24/06/19;15:37:12.944;INFO;Controller;Executing asynchronous activity: ExecRobotTask;
24/06/19;15:37:12.944;INFO;Controller;Status = Executing: Park;
24/06/19;15:37:12.944;INFO;Controller;State = Running;
24/06/19;15:37:13.785;INFO;Robot Runtime;executing:    Park;
24/06/19;15:37:17.200;INFO;Controller;Activity ExecRobotTask ended. Return value: Done;
24/06/19;15:37:17.200;INFO;Controller;State = Ready;
24/06/19;15:37:17.239;INFO;Server;Command: ExecRobotTask (UnlatchRobGov,500000);
24/06/19;15:37:17.239;INFO;Controller;Executing asynchronous activity: ExecRobotTask;
24/06/19;15:37:17.239;INFO;Controller;Status = Executing: UnlatchRobGov;
24/06/19;15:37:17.239;INFO;Controller;State = Running;
24/06/19;15:37:18.205;INFO;Robot Runtime;executing:    UnlatchRobGov;
24/06/19;15:37:18.656;INFO;Controller;Activity ExecRobotTask ended. Return value: Done;
24/06/19;15:37:18.656;INFO;Controller;State = Ready;
24/06/19;15:37:30.062;INFO;Server;Command: ExecRobotTask (Unmount,500000);
24/06/19;15:37:30.062;INFO;Controller;Executing asynchronous activity: ExecRobotTask;
24/06/19;15:37:30.062;INFO;Controller;Status = Executing: Unmount;
24/06/19;15:37:30.062;INFO;Controller;State = Running;
24/06/19;15:37:31.322;INFO;Robot Runtime;executing:    Unmount;
24/06/19;15:37:40.526;INFO;Controller;Activity ExecRobotTask ended. Return value: Done False/True/False;
24/06/19;15:37:40.526;INFO;Controller;State = Ready;
24/06/19;15:37:40.561;INFO;Server;Command: ExecRobotTask (Unload,500000);
24/06/19;15:37:40.561;INFO;Controller;Executing asynchronous activity: ExecRobotTask;
24/06/19;15:37:40.561;INFO;Controller;Status = Executing: Unload;
24/06/19;15:37:40.561;INFO;Controller;State = Running;
24/06/19;15:37:41.418;INFO;Robot Runtime;executing:    Unload;
24/06/19;15:37:45.898;INFO;Controller;Activity ExecRobotTask ended. Return value: Done False/False/False;
24/06/19;15:37:45.898;INFO;Controller;State = Ready;
24/06/19;15:37:46.033;INFO;Server;Command: ExecRobotTask (UnlatchRobGov,500000);
24/06/19;15:37:46.033;INFO;Controller;Executing asynchronous activity: ExecRobotTask;
24/06/19;15:37:46.033;INFO;Controller;Status = Executing: UnlatchRobGov;
24/06/19;15:37:46.033;INFO;Controller;State = Running;
24/06/19;15:37:46.997;INFO;Robot Runtime;executing:    UnlatchRobGov;
24/06/19;15:37:47.855;INFO;Controller;Activity ExecRobotTask ended. Return value: Done;
24/06/19;15:37:47.855;INFO;Controller;State = Ready;
24/06/19;15:37:47.891;INFO;Server;Command: ExecRobotTask (Finish,500000);
24/06/19;15:37:47.891;INFO;Controller;Executing asynchronous activity: ExecRobotTask;
24/06/19;15:37:47.891;INFO;Controller;Status = Executing: Finish;
24/06/19;15:37:47.891;INFO;Controller;State = Running;
24/06/19;15:37:49.154;INFO;Robot Runtime;executing:    Finish;
24/06/19;15:40:28.753;INFO;Controller;Activity ExecRobotTask ended. Return value: Done;
24/06/19;15:40:28.753;INFO;Controller;State = Ready;
24/06/19;16:48:18.037;WARNING;Robot;Alarm active: Device is offline;
24/06/19;16:48:18.037;INFO;Controller;State = Communication Error;
24/06/19;16:48:20.142;INFO;Robot;Alarm inactive: Device is offline;
24/06/19;16:48:20.142;WARNING;Controller;Communication resumed, trying updating devices;
24/06/19;16:48:20.142;INFO;Controller;Finished device updating;
24/06/19;16:48:20.142;INFO;Controller;State = Ready;
24/06/19;17:24:19.419;INFO;Server;Command: ExecRobotTask (Initialize,500000);
24/06/19;17:24:19.419;INFO;Controller;Executing asynchronous activity: ExecRobotTask;
24/06/19;17:24:19.419;INFO;Controller;Status = Executing: Initialize;
24/06/19;17:24:19.419;INFO;Controller;State = Running;
24/06/19;17:24:20.318;INFO;Robot Runtime;executing:    Initialize;
24/06/19;17:24:21.612;INFO;Controller;Activity ExecRobotTask ended. Return value: Done;
24/06/19;17:24:21.613;INFO;Controller;State = Ready;
24/06/19;17:24:21.640;INFO;Server;Command: ExecRobotTask (LatchRobGov,500000);
24/06/19;17:24:21.640;INFO;Controller;Executing asynchronous activity: ExecRobotTask;
24/06/19;17:24:21.640;INFO;Controller;Status = Executing: LatchRobGov;
24/06/19;17:24:21.640;INFO;Controller;State = Running;
24/06/19;17:24:22.954;INFO;Robot Runtime;executing:    LatchRobGov;
24/06/19;17:24:23.858;INFO;Controller;Activity ExecRobotTask ended. Return value: Done;
24/06/19;17:24:23.858;INFO;Controller;State = Ready;
24/06/19;17:24:23.873;INFO;Server;Command: ExecRobotTask (TraceSample,500000);
24/06/19;17:24:23.873;INFO;Controller;Executing asynchronous activity: ExecRobotTask;
24/06/19;17:24:23.873;INFO;Controller;Status = Executing: TraceSample;
24/06/19;17:24:23.873;INFO;Controller;State = Running;
24/06/19;17:24:24.798;INFO;Robot Runtime;executing:    TraceSample;
24/06/19;17:24:25.582;INFO;Controller;Activity ExecRobotTask ended. Return value: Done False/False/False;
24/06/19;17:24:25.583;INFO;Controller;State = Ready;
24/06/19;17:24:25.590;INFO;Server;Command: ExecRobotTask (CoolDown,500000);
24/06/19;17:24:25.590;INFO;Controller;Executing asynchronous activity: ExecRobotTask;
24/06/19;17:24:25.590;INFO;Controller;Status = Executing: CoolDown;
24/06/19;17:24:25.590;INFO;Controller;State = Running;
24/06/19;17:24:26.431;INFO;Robot Runtime;executing:    CoolDown;
24/06/19;17:25:55.463;INFO;Controller;Activity ExecRobotTask ended. Return value: Done;
24/06/19;17:25:55.463;INFO;Controller;State = Ready;
24/06/19;17:25:55.668;INFO;Server;Command: ExecRobotTask (Load,500000);
24/06/19;17:25:55.669;INFO;Controller;Executing asynchronous activity: ExecRobotTask;
24/06/19;17:25:55.669;INFO;Controller;Status = Executing: Load;
24/06/19;17:25:55.669;INFO;Controller;State = Running;
24/06/19;17:25:56.987;INFO;Robot Runtime;executing:    Load;
24/06/19;17:26:05.852;INFO;Controller;Activity ExecRobotTask ended. Return value: Done False/True/True;
24/06/19;17:26:05.852;INFO;Controller;State = Ready;
24/06/19;17:26:05.867;INFO;Server;Command: ExecRobotTask (Unload,500000);
24/06/19;17:26:05.867;INFO;Controller;Executing asynchronous activity: ExecRobotTask;
24/06/19;17:26:05.867;INFO;Controller;Status = Executing: Unload;
24/06/19;17:26:05.867;INFO;Controller;State = Running;
24/06/19;17:26:06.816;INFO;Robot Runtime;executing:    Unload;
24/06/19;17:26:11.244;INFO;Controller;Activity ExecRobotTask ended. Return value: Done False/False/False;
24/06/19;17:26:11.244;INFO;Controller;State = Ready;
24/06/19;17:26:11.259;INFO;Server;Command: ExecRobotTask (Park,500000);
24/06/19;17:26:11.259;INFO;Controller;Executing asynchronous activity: ExecRobotTask;
24/06/19;17:26:11.259;INFO;Controller;Status = Executing: Park;
24/06/19;17:26:11.259;INFO;Controller;State = Running;
24/06/19;17:26:12.085;INFO;Robot Runtime;executing:    Park;
24/06/19;17:26:15.535;INFO;Controller;Activity ExecRobotTask ended. Return value: Done;
24/06/19;17:26:15.535;INFO;Controller;State = Ready;
24/06/19;17:26:28.058;INFO;Server;Command: ExecRobotTask (Load,500000);
24/06/19;17:26:28.058;INFO;Controller;Executing asynchronous activity: ExecRobotTask;
24/06/19;17:26:28.058;INFO;Controller;Status = Executing: Load;
24/06/19;17:26:28.059;INFO;Controller;State = Running;
24/06/19;17:26:29.352;INFO;Robot Runtime;executing:    Load;
24/06/19;17:26:38.412;INFO;Controller;Activity ExecRobotTask ended. Return value: Done False/True/True;
24/06/19;17:26:38.412;INFO;Controller;State = Ready;
24/06/19;17:26:38.431;INFO;Server;Command: ExecRobotTask (Unload,500000);
24/06/19;17:26:38.431;INFO;Controller;Executing asynchronous activity: ExecRobotTask;
24/06/19;17:26:38.431;INFO;Controller;Status = Executing: Unload;
24/06/19;17:26:38.431;INFO;Controller;State = Running;
24/06/19;17:26:39.386;INFO;Robot Runtime;executing:    Unload;
24/06/19;17:26:39.452;WARNING;Robot Runtime;AUTORECOVER=====> Found false kick. Resume Robot Power;
24/06/19;17:26:46.473;WARNING;Robot Runtime;AUTORECOVER=====> Failed to enable Robot Power;
24/06/19;17:26:46.515;INFO;Controller;Activity ExecRobotTask ended. Return value: ;
24/06/19;17:26:46.515;INFO;Controller;State = Ready;
24/06/19;17:26:46.527;INFO;Server;Command: ExecRobotTask (Park,500000);
24/06/19;17:26:46.527;INFO;Controller;Executing asynchronous activity: ExecRobotTask;
24/06/19;17:26:46.527;INFO;Controller;Status = Executing: Park;
24/06/19;17:26:46.527;INFO;Controller;State = Running;
24/06/19;17:26:47.443;INFO;Robot Runtime;executing:    Park;
24/06/19;17:26:47.784;INFO;Robot Runtime;Gripper has not been open yet;
24/06/19;17:26:48.129;INFO;Controller;Activity ExecRobotTask ended. Return value: ABORT: Gripper not Open for park;
24/06/19;17:26:48.129;INFO;Controller;State = Ready;
24/06/19;17:27:58.172;INFO;Server;Command: Abort;
24/06/19;17:27:58.172;INFO;Robot;Abort;
24/06/19;17:27:58.266;INFO;Server;Command: Restart;
24/06/19;17:27:58.267;INFO;Controller;State = Initializing;
24/06/19;17:27:58.290;INFO;Controller;Initialized log services - Startup: 05/06/19 22:31:05;
24/06/19;17:27:59.296;INFO;Epics Server;Exiting running thread;
24/06/19;17:27:59.298;INFO;Epics Server;Registered PV: SW:Version;
24/06/19;17:27:59.299;INFO;Epics Server;Registered PV: SW:Status;
24/06/19;17:27:59.299;INFO;Epics Server;Registered PV: SW:Uptime;
24/06/19;17:27:59.299;INFO;Epics Server;Registered PV: SW:LastTaskInfo;
24/06/19;17:27:59.299;INFO;Epics Server;Registered PV: SW:AlarmList;
24/06/19;17:27:59.299;INFO;Epics Server;Registered PV: SW:LocalGuiLockOut;
24/06/19;17:27:59.299;INFO;Epics Server;Registered PV: SW:RobotSpeed;
24/06/19;17:27:59.299;INFO;Epics Server;Registered PV: SW:LastTaskException;
24/06/19;17:27:59.299;INFO;Epics Server;Registered PV: SW:LastTaskOutput;
24/06/19;17:27:59.299;INFO;Epics Server;Registered PV: SW:RobotState;
24/06/19;17:27:59.299;INFO;Epics Server;Registered PV: SW:JointPositions;
24/06/19;17:27:59.299;INFO;Epics Server;Registered PV: SW:CartesianPositions;
24/06/19;17:27:59.299;INFO;Epics Server;Registered PV: SW:State;
24/06/19;17:27:59.299;INFO;Epics Server;Registered PV: SW:abort;
24/06/19;17:27:59.299;INFO;Epics Server;Registered PV: SW:restart;
24/06/19;17:27:59.299;INFO;Epics Server;Registered PV: SW:getTaskInfo;
24/06/19;17:27:59.299;INFO;Epics Server;Registered PV: SW:isTaskRunning;
24/06/19;17:27:59.299;INFO;Epics Server;Registered PV: SW:checkTaskResult;
24/06/19;17:27:59.300;INFO;Epics Server;Registered PV: SW:startTestTask;
24/06/19;17:27:59.300;INFO;Epics Server;Registered PV: SW:pauseRobot;
24/06/19;17:27:59.300;INFO;Epics Server;Registered PV: SW:resumeRobot;
24/06/19;17:27:59.300;INFO;Epics Server;Registered PV: SW:setRobotVariable;
24/06/19;17:27:59.300;INFO;Epics Server;Registered PV: SW:isSampleMounted;
24/06/19;17:27:59.300;INFO;Epics Server;Registered PV: SW:startRobotTask;
24/06/19;17:27:59.300;INFO;Epics Server;Registered PV: SW:getRobotVariable;
24/06/19;17:27:59.300;INFO;Epics Server;Registered PV: SW:getDistance;
24/06/19;17:27:59.300;INFO;Epics Server;Initializing: Channel Access Server in Java v1.1.1;
24/06/19;17:27:59.300;INFO;Epics Server;Started server: ready to accept requests;
24/06/19;17:27:59.914;INFO;Controller;Initializing Robot;
24/06/19;17:27:59.916;INFO;Robot;Setting reference frame to: world;
24/06/19;17:28:00.022;INFO;Controller;Initializing Bus Controller;
24/06/19;17:28:00.023;INFO;Anti-Collision;Active = true;
24/06/19;17:28:00.023;INFO;Controller;State = Starting;
24/06/19;17:28:00.024;INFO;Controller;Command: Reset;
24/06/19;17:28:00.024;INFO;Controller;Executing asynchronous script: ./script/Reset.py;
24/06/19;17:28:00.024;INFO;Controller;Status = Reseting;
24/06/19;17:28:00.024;INFO;Controller;State = Running;
24/06/19;17:28:00.188;INFO;Controller;Script host: localhost:57872;
24/06/19;17:28:00.188;INFO;Script;Starting initialization script;
24/06/19;17:28:00.190;INFO;Script;Do nothing;
24/06/19;17:28:00.191;INFO;Controller;Script ./script/Reset.py ended. Return value: ;
24/06/19;17:28:00.191;INFO;Controller;State = Ready;
24/06/19;17:28:06.325;INFO;Server;Command: ExecRobotTask (Recover,500000);
24/06/19;17:28:06.326;INFO;Controller;Executing asynchronous activity: ExecRobotTask;
24/06/19;17:28:06.326;INFO;Controller;Status = Executing: Recover;
24/06/19;17:28:06.326;INFO;Controller;State = Running;
24/06/19;17:28:07.783;INFO;Robot Runtime;executing:    Recover;
24/06/19;17:28:09.317;INFO;Robot Runtime;Done;
24/06/19;17:28:09.809;INFO;Controller;Activity ExecRobotTask ended. Return value: Done;
24/06/19;17:28:09.809;INFO;Controller;State = Ready;
24/06/19;17:28:18.777;INFO;Server;Command: ExecRobotTask (Initialize,500000);
24/06/19;17:28:18.777;INFO;Controller;Executing asynchronous activity: ExecRobotTask;
24/06/19;17:28:18.778;INFO;Controller;Status = Executing: Initialize;
24/06/19;17:28:18.778;INFO;Controller;State = Running;
24/06/19;17:28:19.727;INFO;Robot Runtime;executing:    Initialize;
24/06/19;17:28:20.124;INFO;Controller;Activity ExecRobotTask ended. Return value: Done;
24/06/19;17:28:20.124;INFO;Controller;State = Ready;
24/06/19;17:28:20.144;INFO;Server;Command: ExecRobotTask (UnlatchRobGov,500000);
24/06/19;17:28:20.144;INFO;Controller;Executing asynchronous activity: ExecRobotTask;
24/06/19;17:28:20.144;INFO;Controller;Status = Executing: UnlatchRobGov;
24/06/19;17:28:20.144;INFO;Controller;State = Running;
24/06/19;17:28:21.437;INFO;Robot Runtime;executing:    UnlatchRobGov;
24/06/19;17:28:21.867;INFO;Controller;Activity ExecRobotTask ended. Return value: Done;
24/06/19;17:28:21.867;INFO;Controller;State = Ready;
24/06/19;17:28:21.883;INFO;Server;Command: ExecRobotTask (Home,500000);
24/06/19;17:28:21.883;INFO;Controller;Executing asynchronous activity: ExecRobotTask;
24/06/19;17:28:21.883;INFO;Controller;Status = Executing: Home;
24/06/19;17:28:21.883;INFO;Controller;State = Running;
24/06/19;17:28:22.848;INFO;Robot Runtime;executing:    Home;
24/06/19;17:28:23.324;INFO;Controller;Activity ExecRobotTask ended. Return value: Done;
24/06/19;17:28:23.325;INFO;Controller;State = Ready;
24/06/19;17:28:23.339;INFO;Server;Command: ExecRobotTask (Finish,500000);
24/06/19;17:28:23.339;INFO;Controller;Executing asynchronous activity: ExecRobotTask;
24/06/19;17:28:23.339;INFO;Controller;Status = Executing: Finish;
24/06/19;17:28:23.339;INFO;Controller;State = Running;
24/06/19;17:28:24.607;INFO;Robot Runtime;executing:    Finish;
24/06/19;17:30:49.167;INFO;Controller;Activity ExecRobotTask ended. Return value: Done;
24/06/19;17:30:49.168;INFO;Controller;State = Ready;
24/06/19;17:30:49.698;INFO;Server;Command: ExecRobotTask (Initialize,500000);
24/06/19;17:30:49.698;INFO;Controller;Executing asynchronous activity: ExecRobotTask;
24/06/19;17:30:49.698;INFO;Controller;Status = Executing: Initialize;
24/06/19;17:30:49.698;INFO;Controller;State = Running;
24/06/19;17:30:50.689;INFO;Robot Runtime;executing:    Initialize;
24/06/19;17:30:51.631;INFO;Controller;Activity ExecRobotTask ended. Return value: Done;
24/06/19;17:30:51.631;INFO;Controller;State = Ready;
24/06/19;17:30:51.652;INFO;Server;Command: ExecRobotTask (UnlatchRobGov,500000);
24/06/19;17:30:51.652;INFO;Controller;Executing asynchronous activity: ExecRobotTask;
24/06/19;17:30:51.652;INFO;Controller;Status = Executing: UnlatchRobGov;
24/06/19;17:30:51.652;INFO;Controller;State = Running;
24/06/19;17:30:52.588;INFO;Robot Runtime;executing:    UnlatchRobGov;
24/06/19;17:30:53.007;INFO;Controller;Activity ExecRobotTask ended. Return value: Done;
24/06/19;17:30:53.007;INFO;Controller;State = Ready;
24/06/19;17:30:53.028;INFO;Server;Command: ExecRobotTask (Home,500000);
24/06/19;17:30:53.028;INFO;Controller;Executing asynchronous activity: ExecRobotTask;
24/06/19;17:30:53.028;INFO;Controller;Status = Executing: Home;
24/06/19;17:30:53.028;INFO;Controller;State = Running;
24/06/19;17:30:54.273;INFO;Robot Runtime;executing:    Home;
24/06/19;17:30:54.742;INFO;Controller;Activity ExecRobotTask ended. Return value: Done;
24/06/19;17:30:54.742;INFO;Controller;State = Ready;
24/06/19;17:30:54.760;INFO;Server;Command: ExecRobotTask (Finish,500000);
24/06/19;17:30:54.761;INFO;Controller;Executing asynchronous activity: ExecRobotTask;
24/06/19;17:30:54.761;INFO;Controller;Status = Executing: Finish;
24/06/19;17:30:54.761;INFO;Controller;State = Running;
24/06/19;17:30:55.737;INFO;Robot Runtime;executing:    Finish;
24/06/19;17:32:55.803;INFO;Controller;Activity ExecRobotTask ended. Return value: Done;
24/06/19;17:32:55.803;INFO;Controller;State = Ready;
24/06/19;17:34:12.850;INFO;Server;Command: ExecRobotTask (Initialize,500000);
24/06/19;17:34:12.850;INFO;Controller;Executing asynchronous activity: ExecRobotTask;
24/06/19;17:34:12.850;INFO;Controller;Status = Executing: Initialize;
24/06/19;17:34:12.850;INFO;Controller;State = Running;
24/06/19;17:34:13.773;INFO;Robot Runtime;executing:    Initialize;
24/06/19;17:34:14.743;INFO;Controller;Activity ExecRobotTask ended. Return value: Done;
24/06/19;17:34:14.743;INFO;Controller;State = Ready;
24/06/19;17:34:14.757;INFO;Server;Command: ExecRobotTask (LatchRobGov,500000);
24/06/19;17:34:14.758;INFO;Controller;Executing asynchronous activity: ExecRobotTask;
24/06/19;17:34:14.758;INFO;Controller;Status = Executing: LatchRobGov;
24/06/19;17:34:14.758;INFO;Controller;State = Running;
24/06/19;17:34:24.778;INFO;Robot;Abort;
24/06/19;17:34:24.871;INFO;Controller;Activity ExecRobotTask ended with exception: Timeout waiting busy;
24/06/19;17:34:24.871;WARNING;Activity;Exception: Robot timeout waiting busy
Stack trace:
org.embl.ctrl.Device$TimeoutWaitBusyException: Timeout waiting busy
	at org.embl.dev.staubli.StaubliRobot.executeTask(StaubliRobot.java:1162)
	at org.embl.dev.staubli.StaubliRobot.executeTask(StaubliRobot.java:1124)
	at org.embl.sw.Control.execRobotTask(Control.java:489)
	at org.embl.sw.Control$2.run(Control.java:380)
	at org.embl.task.ActivityManager.runTask(ActivityManager.java:104)
	at org.embl.task.ActivityManager.access$000(ActivityManager.java:22)
	at org.embl.task.ActivityManager$ActivityThread.run(ActivityManager.java:145)
;
24/06/19;17:34:24.871;INFO;Controller;State = Ready;
24/06/19;17:34:34.820;INFO;Server;Command: ExecRobotTask (Initialize,500000);
24/06/19;17:34:34.820;INFO;Controller;Executing asynchronous activity: ExecRobotTask;
24/06/19;17:34:34.820;INFO;Controller;Status = Executing: Initialize;
24/06/19;17:34:34.821;INFO;Controller;State = Running;
24/06/19;17:34:36.001;INFO;Robot Runtime;executing:    Initialize;
24/06/19;17:34:36.446;INFO;Controller;Activity ExecRobotTask ended. Return value: Done;
24/06/19;17:34:36.447;INFO;Controller;State = Ready;
24/06/19;17:34:36.464;INFO;Server;Command: ExecRobotTask (LatchRobGov,500000);
24/06/19;17:34:36.464;INFO;Controller;Executing asynchronous activity: ExecRobotTask;
24/06/19;17:34:36.464;INFO;Controller;Status = Executing: LatchRobGov;
24/06/19;17:34:36.464;INFO;Controller;State = Running;
24/06/19;17:34:37.430;INFO;Robot Runtime;executing:    LatchRobGov;
24/06/19;17:34:37.906;INFO;Controller;Activity ExecRobotTask ended. Return value: Done;
24/06/19;17:34:37.906;INFO;Controller;State = Ready;
24/06/19;17:34:37.925;INFO;Server;Command: ExecRobotTask (TraceSample,500000);
24/06/19;17:34:37.925;INFO;Controller;Executing asynchronous activity: ExecRobotTask;
24/06/19;17:34:37.925;INFO;Controller;Status = Executing: TraceSample;
24/06/19;17:34:37.925;INFO;Controller;State = Running;
24/06/19;17:34:39.207;INFO;Robot Runtime;executing:    TraceSample;
24/06/19;17:34:40.167;INFO;Controller;Activity ExecRobotTask ended. Return value: Done False/False/False;
24/06/19;17:34:40.167;INFO;Controller;State = Ready;
24/06/19;17:34:40.197;INFO;Server;Command: ExecRobotTask (CoolDown,500000);
24/06/19;17:34:40.197;INFO;Controller;Executing asynchronous activity: ExecRobotTask;
24/06/19;17:34:40.197;INFO;Controller;Status = Executing: CoolDown;
24/06/19;17:34:40.197;INFO;Controller;State = Running;
24/06/19;17:34:41.056;INFO;Robot Runtime;executing:    CoolDown;
24/06/19;17:36:15.504;INFO;Controller;Activity ExecRobotTask ended. Return value: Done;
24/06/19;17:36:15.504;INFO;Controller;State = Ready;
24/06/19;17:36:15.718;INFO;Server;Command: ExecRobotTask (Load,500000);
24/06/19;17:36:15.718;INFO;Controller;Executing asynchronous activity: ExecRobotTask;
24/06/19;17:36:15.718;INFO;Controller;Status = Executing: Load;
24/06/19;17:36:15.718;INFO;Controller;State = Running;
24/06/19;17:36:17.083;INFO;Robot Runtime;executing:    Load;
24/06/19;17:36:26.026;INFO;Controller;Activity ExecRobotTask ended. Return value: Done False/True/True;
24/06/19;17:36:26.027;INFO;Controller;State = Ready;
24/06/19;17:36:26.052;INFO;Server;Command: ExecRobotTask (Unload,500000);
24/06/19;17:36:26.052;INFO;Controller;Executing asynchronous activity: ExecRobotTask;
24/06/19;17:36:26.052;INFO;Controller;Status = Executing: Unload;
24/06/19;17:36:26.052;INFO;Controller;State = Running;
24/06/19;17:36:26.949;INFO;Robot Runtime;executing:    Unload;
24/06/19;17:36:31.409;INFO;Controller;Activity ExecRobotTask ended. Return value: Done False/False/False;
24/06/19;17:36:31.409;INFO;Controller;State = Ready;
24/06/19;17:36:31.436;INFO;Server;Command: ExecRobotTask (Park,500000);
24/06/19;17:36:31.436;INFO;Controller;Executing asynchronous activity: ExecRobotTask;
24/06/19;17:36:31.436;INFO;Controller;Status = Executing: Park;
24/06/19;17:36:31.436;INFO;Controller;State = Running;
24/06/19;17:36:32.265;INFO;Robot Runtime;executing:    Park;
24/06/19;17:36:35.697;INFO;Controller;Activity ExecRobotTask ended. Return value: Done;
24/06/19;17:36:35.697;INFO;Controller;State = Ready;
24/06/19;17:36:45.752;INFO;Server;Command: ExecRobotTask (Load,500000);
24/06/19;17:36:45.752;INFO;Controller;Executing asynchronous activity: ExecRobotTask;
24/06/19;17:36:45.752;INFO;Controller;Status = Executing: Load;
24/06/19;17:36:45.752;INFO;Controller;State = Running;
24/06/19;17:36:47.131;INFO;Robot Runtime;executing:    Load;
24/06/19;17:36:56.113;INFO;Controller;Activity ExecRobotTask ended. Return value: Done False/True/False;
24/06/19;17:36:56.113;INFO;Controller;State = Ready;
24/06/19;17:36:56.149;INFO;Server;Command: ExecRobotTask (Mount,500000);
24/06/19;17:36:56.149;INFO;Controller;Executing asynchronous activity: ExecRobotTask;
24/06/19;17:36:56.150;INFO;Controller;Status = Executing: Mount;
24/06/19;17:36:56.150;INFO;Controller;State = Running;
24/06/19;17:36:57.015;INFO;Robot Runtime;executing:    Mount;
24/06/19;17:37:04.007;INFO;Controller;Activity ExecRobotTask ended. Return value: Done True/False/False;
24/06/19;17:37:04.007;INFO;Controller;State = Ready;
24/06/19;17:37:04.029;INFO;Server;Command: ExecRobotTask (Park,500000);
24/06/19;17:37:04.029;INFO;Controller;Executing asynchronous activity: ExecRobotTask;
24/06/19;17:37:04.029;INFO;Controller;Status = Executing: Park;
24/06/19;17:37:04.029;INFO;Controller;State = Running;
24/06/19;17:37:04.860;INFO;Robot Runtime;executing:    Park;
24/06/19;17:37:08.294;INFO;Controller;Activity ExecRobotTask ended. Return value: Done;
24/06/19;17:37:08.294;INFO;Controller;State = Ready;
24/06/19;17:37:08.310;INFO;Server;Command: ExecRobotTask (UnlatchRobGov,500000);
24/06/19;17:37:08.311;INFO;Controller;Executing asynchronous activity: ExecRobotTask;
24/06/19;17:37:08.311;INFO;Controller;Status = Executing: UnlatchRobGov;
24/06/19;17:37:08.311;INFO;Controller;State = Running;
24/06/19;17:37:09.699;INFO;Robot Runtime;executing:    UnlatchRobGov;
24/06/19;17:37:10.040;INFO;Controller;Activity ExecRobotTask ended. Return value: Done;
24/06/19;17:37:10.041;INFO;Controller;State = Ready;
24/06/19;17:37:20.692;INFO;Server;Command: ExecRobotTask (Initialize,500000);
24/06/19;17:37:20.692;INFO;Controller;Executing asynchronous activity: ExecRobotTask;
24/06/19;17:37:20.692;INFO;Controller;Status = Executing: Initialize;
24/06/19;17:37:20.692;INFO;Controller;State = Running;
24/06/19;17:37:21.547;INFO;Robot Runtime;executing:    Initialize;
24/06/19;17:37:22.144;INFO;Controller;Activity ExecRobotTask ended. Return value: Done;
24/06/19;17:37:22.144;INFO;Controller;State = Ready;
24/06/19;17:37:22.166;INFO;Server;Command: ExecRobotTask (UnlatchRobGov,500000);
24/06/19;17:37:22.166;INFO;Controller;Executing asynchronous activity: ExecRobotTask;
24/06/19;17:37:22.166;INFO;Controller;Status = Executing: UnlatchRobGov;
24/06/19;17:37:22.166;INFO;Controller;State = Running;
24/06/19;17:37:23.552;INFO;Robot Runtime;executing:    UnlatchRobGov;
24/06/19;17:37:23.727;INFO;Controller;Activity ExecRobotTask ended. Return value: Done;
24/06/19;17:37:23.727;INFO;Controller;State = Ready;
24/06/19;17:37:23.751;INFO;Server;Command: ExecRobotTask (Home,500000);
24/06/19;17:37:23.751;INFO;Controller;Executing asynchronous activity: ExecRobotTask;
24/06/19;17:37:23.751;INFO;Controller;Status = Executing: Home;
24/06/19;17:37:23.752;INFO;Controller;State = Running;
24/06/19;17:37:24.599;INFO;Robot Runtime;executing:    Home;
24/06/19;17:37:26.903;INFO;Controller;Activity ExecRobotTask ended. Return value: Done;
24/06/19;17:37:26.903;INFO;Controller;State = Ready;
24/06/19;17:37:26.921;INFO;Server;Command: ExecRobotTask (Finish,500000);
24/06/19;17:37:26.921;INFO;Controller;Executing asynchronous activity: ExecRobotTask;
24/06/19;17:37:26.921;INFO;Controller;Status = Executing: Finish;
24/06/19;17:37:26.921;INFO;Controller;State = Running;
24/06/19;17:37:28.274;INFO;Robot Runtime;executing:    Finish;
24/06/19;17:40:07.611;INFO;Controller;Activity ExecRobotTask ended. Return value: Done;
24/06/19;17:40:07.611;INFO;Controller;State = Ready;
24/06/19;17:40:13.304;INFO;Server;Command: ExecRobotTask (Initialize,500000);
24/06/19;17:40:13.304;INFO;Controller;Executing asynchronous activity: ExecRobotTask;
24/06/19;17:40:13.304;INFO;Controller;Status = Executing: Initialize;
24/06/19;17:40:13.305;INFO;Controller;State = Running;
24/06/19;17:40:14.182;INFO;Robot Runtime;executing:    Initialize;
24/06/19;17:40:15.422;INFO;Controller;Activity ExecRobotTask ended. Return value: Done;
24/06/19;17:40:15.422;INFO;Controller;State = Ready;
24/06/19;17:40:15.448;INFO;Server;Command: ExecRobotTask (CoolDown,500000);
24/06/19;17:40:15.448;INFO;Controller;Executing asynchronous activity: ExecRobotTask;
24/06/19;17:40:15.448;INFO;Controller;Status = Executing: CoolDown;
24/06/19;17:40:15.448;INFO;Controller;State = Running;
24/06/19;17:40:16.314;INFO;Robot Runtime;executing:    CoolDown;
24/06/19;17:41:50.635;INFO;Controller;Activity ExecRobotTask ended. Return value: Done;
24/06/19;17:41:50.635;INFO;Controller;State = Ready;
24/06/19;17:41:50.851;INFO;Server;Command: ExecRobotTask (Unmount,500000);
24/06/19;17:41:50.851;INFO;Controller;Executing asynchronous activity: ExecRobotTask;
24/06/19;17:41:50.859;INFO;Controller;Status = Executing: Unmount;
24/06/19;17:41:50.859;INFO;Controller;State = Running;
24/06/19;17:41:51.708;INFO;Robot Runtime;executing:    Unmount;
24/06/19;17:41:59.359;INFO;Controller;Activity ExecRobotTask ended. Return value: Done False/True/False;
24/06/19;17:41:59.360;INFO;Controller;State = Ready;
24/06/19;17:41:59.384;INFO;Server;Command: ExecRobotTask (Unload,500000);
24/06/19;17:41:59.384;INFO;Controller;Executing asynchronous activity: ExecRobotTask;
24/06/19;17:41:59.384;INFO;Controller;Status = Executing: Unload;
24/06/19;17:41:59.384;INFO;Controller;State = Running;
24/06/19;17:42:00.678;INFO;Robot Runtime;executing:    Unload;
24/06/19;17:42:05.298;INFO;Controller;Activity ExecRobotTask ended. Return value: Done False/False/False;
24/06/19;17:42:05.298;INFO;Controller;State = Ready;
24/06/19;17:42:06.915;INFO;Server;Command: ExecRobotTask (Load,500000);
24/06/19;17:42:06.915;INFO;Controller;Executing asynchronous activity: ExecRobotTask;
24/06/19;17:42:06.916;INFO;Controller;Status = Executing: Load;
24/06/19;17:42:06.916;INFO;Controller;State = Running;
24/06/19;17:42:07.892;INFO;Robot Runtime;executing:    Load;
24/06/19;17:42:14.164;INFO;Controller;Activity ExecRobotTask ended. Return value: Done False/True/False;
24/06/19;17:42:14.164;INFO;Controller;State = Ready;
24/06/19;17:42:14.188;INFO;Server;Command: ExecRobotTask (Mount,500000);
24/06/19;17:42:14.188;INFO;Controller;Executing asynchronous activity: ExecRobotTask;
24/06/19;17:42:14.188;INFO;Controller;Status = Executing: Mount;
24/06/19;17:42:14.188;INFO;Controller;State = Running;
24/06/19;17:42:15.465;INFO;Robot Runtime;executing:    Mount;
24/06/19;17:42:22.595;INFO;Controller;Activity ExecRobotTask ended. Return value: Done True/False/False;
24/06/19;17:42:22.595;INFO;Controller;State = Ready;
24/06/19;17:42:22.625;INFO;Server;Command: ExecRobotTask (Park,500000);
24/06/19;17:42:22.625;INFO;Controller;Executing asynchronous activity: ExecRobotTask;
24/06/19;17:42:22.625;INFO;Controller;Status = Executing: Park;
24/06/19;17:42:22.625;INFO;Controller;State = Running;
24/06/19;17:42:23.468;INFO;Robot Runtime;executing:    Park;
24/06/19;17:42:26.635;INFO;Controller;Activity ExecRobotTask ended. Return value: Done;
24/06/19;17:42:26.635;INFO;Controller;State = Ready;
24/06/19;17:42:26.683;INFO;Server;Command: ExecRobotTask (UnlatchRobGov,500000);
24/06/19;17:42:26.683;INFO;Controller;Executing asynchronous activity: ExecRobotTask;
24/06/19;17:42:26.683;INFO;Controller;Status = Executing: UnlatchRobGov;
24/06/19;17:42:26.683;INFO;Controller;State = Running;
24/06/19;17:42:27.671;INFO;Robot Runtime;executing:    UnlatchRobGov;
24/06/19;17:42:28.100;INFO;Controller;Activity ExecRobotTask ended. Return value: Done;
24/06/19;17:42:28.101;INFO;Controller;State = Ready;
24/06/19;17:42:59.018;INFO;Server;Command: ExecRobotTask (Unmount,500000);
24/06/19;17:42:59.019;INFO;Controller;Executing asynchronous activity: ExecRobotTask;
24/06/19;17:42:59.019;INFO;Controller;Status = Executing: Unmount;
24/06/19;17:42:59.019;INFO;Controller;State = Running;
24/06/19;17:43:00.291;INFO;Robot Runtime;executing:    Unmount;
24/06/19;17:43:08.942;INFO;Controller;Activity ExecRobotTask ended. Return value: Done False/True/False;
24/06/19;17:43:08.942;INFO;Controller;State = Ready;
24/06/19;17:43:08.968;INFO;Server;Command: ExecRobotTask (Unload,500000);
24/06/19;17:43:08.968;INFO;Controller;Executing asynchronous activity: ExecRobotTask;
24/06/19;17:43:08.968;INFO;Controller;Status = Executing: Unload;
24/06/19;17:43:08.968;INFO;Controller;State = Running;
24/06/19;17:43:09.819;INFO;Robot Runtime;executing:    Unload;
24/06/19;17:43:14.294;INFO;Controller;Activity ExecRobotTask ended. Return value: Done False/False/False;
24/06/19;17:43:14.294;INFO;Controller;State = Ready;
24/06/19;17:43:14.429;INFO;Server;Command: ExecRobotTask (UnlatchRobGov,500000);
24/06/19;17:43:14.429;INFO;Controller;Executing asynchronous activity: ExecRobotTask;
24/06/19;17:43:14.429;INFO;Controller;Status = Executing: UnlatchRobGov;
24/06/19;17:43:14.429;INFO;Controller;State = Running;
24/06/19;17:43:15.391;INFO;Robot Runtime;executing:    UnlatchRobGov;
24/06/19;17:43:15.590;INFO;Controller;Activity ExecRobotTask ended. Return value: Done;
24/06/19;17:43:15.590;INFO;Controller;State = Ready;
24/06/19;17:43:15.611;INFO;Server;Command: ExecRobotTask (Finish,500000);
24/06/19;17:43:15.611;INFO;Controller;Executing asynchronous activity: ExecRobotTask;
24/06/19;17:43:15.611;INFO;Controller;Status = Executing: Finish;
24/06/19;17:43:15.611;INFO;Controller;State = Running;
24/06/19;17:43:16.880;INFO;Robot Runtime;executing:    Finish;
24/06/19;17:43:31.157;INFO;Server;Command: Abort;
24/06/19;17:43:31.157;INFO;Robot;Abort;
24/06/19;17:43:31.158;INFO;Controller;Activity ExecRobotTask was stopped;
24/06/19;17:43:31.158;INFO;Controller;State = Ready;
24/06/19;17:43:31.276;INFO;Server;Command: Restart;
24/06/19;17:43:31.276;INFO;Controller;State = Initializing;
24/06/19;17:43:31.298;INFO;Controller;Initialized log services - Startup: 05/06/19 22:31:05;
24/06/19;17:43:32.304;INFO;Epics Server;Exiting running thread;
24/06/19;17:43:32.306;INFO;Epics Server;Registered PV: SW:Version;
24/06/19;17:43:32.306;INFO;Epics Server;Registered PV: SW:Status;
24/06/19;17:43:32.307;INFO;Epics Server;Registered PV: SW:Uptime;
24/06/19;17:43:32.307;INFO;Epics Server;Registered PV: SW:LastTaskInfo;
24/06/19;17:43:32.307;INFO;Epics Server;Registered PV: SW:AlarmList;
24/06/19;17:43:32.307;INFO;Epics Server;Registered PV: SW:LocalGuiLockOut;
24/06/19;17:43:32.307;INFO;Epics Server;Registered PV: SW:RobotSpeed;
24/06/19;17:43:32.307;INFO;Epics Server;Registered PV: SW:LastTaskException;
24/06/19;17:43:32.307;INFO;Epics Server;Registered PV: SW:LastTaskOutput;
24/06/19;17:43:32.307;INFO;Epics Server;Registered PV: SW:RobotState;
24/06/19;17:43:32.307;INFO;Epics Server;Registered PV: SW:JointPositions;
24/06/19;17:43:32.307;INFO;Epics Server;Registered PV: SW:CartesianPositions;
24/06/19;17:43:32.307;INFO;Epics Server;Registered PV: SW:State;
24/06/19;17:43:32.307;INFO;Epics Server;Registered PV: SW:abort;
24/06/19;17:43:32.307;INFO;Epics Server;Registered PV: SW:restart;
24/06/19;17:43:32.307;INFO;Epics Server;Registered PV: SW:getTaskInfo;
24/06/19;17:43:32.307;INFO;Epics Server;Registered PV: SW:isTaskRunning;
24/06/19;17:43:32.307;INFO;Epics Server;Registered PV: SW:checkTaskResult;
24/06/19;17:43:32.307;INFO;Epics Server;Registered PV: SW:startTestTask;
24/06/19;17:43:32.307;INFO;Epics Server;Registered PV: SW:pauseRobot;
24/06/19;17:43:32.307;INFO;Epics Server;Registered PV: SW:resumeRobot;
24/06/19;17:43:32.307;INFO;Epics Server;Registered PV: SW:setRobotVariable;
24/06/19;17:43:32.307;INFO;Epics Server;Registered PV: SW:isSampleMounted;
24/06/19;17:43:32.308;INFO;Epics Server;Registered PV: SW:startRobotTask;
24/06/19;17:43:32.308;INFO;Epics Server;Registered PV: SW:getRobotVariable;
24/06/19;17:43:32.308;INFO;Epics Server;Registered PV: SW:getDistance;
24/06/19;17:43:32.308;INFO;Epics Server;Initializing: Channel Access Server in Java v1.1.1;
24/06/19;17:43:32.308;INFO;Epics Server;Started server: ready to accept requests;
24/06/19;17:43:32.928;INFO;Controller;Initializing Robot;
24/06/19;17:43:32.932;INFO;Robot;Setting reference frame to: world;
24/06/19;17:43:33.039;INFO;Controller;Initializing Bus Controller;
24/06/19;17:43:33.039;INFO;Anti-Collision;Active = true;
24/06/19;17:43:33.039;INFO;Controller;State = Starting;
24/06/19;17:43:33.040;INFO;Controller;Command: Reset;
24/06/19;17:43:33.040;INFO;Controller;Executing asynchronous script: ./script/Reset.py;
24/06/19;17:43:33.040;INFO;Controller;Status = Reseting;
24/06/19;17:43:33.040;INFO;Controller;State = Running;
24/06/19;17:43:33.177;INFO;Controller;Script host: localhost:57028;
24/06/19;17:43:33.177;INFO;Script;Starting initialization script;
24/06/19;17:43:33.179;INFO;Script;Do nothing;
24/06/19;17:43:33.179;INFO;Controller;Script ./script/Reset.py ended. Return value: ;
24/06/19;17:43:33.179;INFO;Controller;State = Ready;
24/06/19;17:43:36.568;INFO;Server;Command: Abort;
24/06/19;17:43:36.568;INFO;Robot;Abort;
24/06/19;17:43:36.662;INFO;Server;Command: Restart;
24/06/19;17:43:36.662;INFO;Controller;State = Initializing;
24/06/19;17:43:36.684;INFO;Controller;Initialized log services - Startup: 05/06/19 22:31:05;
24/06/19;17:43:37.691;INFO;Epics Server;Exiting running thread;
24/06/19;17:43:37.693;INFO;Epics Server;Registered PV: SW:Version;
24/06/19;17:43:37.693;INFO;Epics Server;Registered PV: SW:Status;
24/06/19;17:43:37.693;INFO;Epics Server;Registered PV: SW:Uptime;
24/06/19;17:43:37.694;INFO;Epics Server;Registered PV: SW:LastTaskInfo;
24/06/19;17:43:37.694;INFO;Epics Server;Registered PV: SW:AlarmList;
24/06/19;17:43:37.694;INFO;Epics Server;Registered PV: SW:LocalGuiLockOut;
24/06/19;17:43:37.694;INFO;Epics Server;Registered PV: SW:RobotSpeed;
24/06/19;17:43:37.694;INFO;Epics Server;Registered PV: SW:LastTaskException;
24/06/19;17:43:37.694;INFO;Epics Server;Registered PV: SW:LastTaskOutput;
24/06/19;17:43:37.694;INFO;Epics Server;Registered PV: SW:RobotState;
24/06/19;17:43:37.694;INFO;Epics Server;Registered PV: SW:JointPositions;
24/06/19;17:43:37.694;INFO;Epics Server;Registered PV: SW:CartesianPositions;
24/06/19;17:43:37.694;INFO;Epics Server;Registered PV: SW:State;
24/06/19;17:43:37.694;INFO;Epics Server;Registered PV: SW:abort;
24/06/19;17:43:37.694;INFO;Epics Server;Registered PV: SW:restart;
24/06/19;17:43:37.694;INFO;Epics Server;Registered PV: SW:getTaskInfo;
24/06/19;17:43:37.694;INFO;Epics Server;Registered PV: SW:isTaskRunning;
24/06/19;17:43:37.694;INFO;Epics Server;Registered PV: SW:checkTaskResult;
24/06/19;17:43:37.694;INFO;Epics Server;Registered PV: SW:startTestTask;
24/06/19;17:43:37.694;INFO;Epics Server;Registered PV: SW:pauseRobot;
24/06/19;17:43:37.694;INFO;Epics Server;Registered PV: SW:resumeRobot;
24/06/19;17:43:37.694;INFO;Epics Server;Registered PV: SW:setRobotVariable;
24/06/19;17:43:37.695;INFO;Epics Server;Registered PV: SW:isSampleMounted;
24/06/19;17:43:37.695;INFO;Epics Server;Registered PV: SW:startRobotTask;
24/06/19;17:43:37.695;INFO;Epics Server;Registered PV: SW:getRobotVariable;
24/06/19;17:43:37.695;INFO;Epics Server;Registered PV: SW:getDistance;
24/06/19;17:43:37.695;INFO;Epics Server;Initializing: Channel Access Server in Java v1.1.1;
24/06/19;17:43:37.695;INFO;Epics Server;Started server: ready to accept requests;
24/06/19;17:43:38.306;INFO;Controller;Initializing Robot;
24/06/19;17:43:38.308;INFO;Robot;Setting reference frame to: world;
24/06/19;17:43:38.417;INFO;Controller;Initializing Bus Controller;
24/06/19;17:43:38.417;INFO;Anti-Collision;Active = true;
24/06/19;17:43:38.417;INFO;Controller;State = Starting;
24/06/19;17:43:38.418;INFO;Controller;Command: Reset;
24/06/19;17:43:38.418;INFO;Controller;Executing asynchronous script: ./script/Reset.py;
24/06/19;17:43:38.418;INFO;Controller;Status = Reseting;
24/06/19;17:43:38.418;INFO;Controller;State = Running;
24/06/19;17:43:38.604;INFO;Controller;Script host: localhost:39569;
24/06/19;17:43:38.604;INFO;Script;Starting initialization script;
24/06/19;17:43:38.606;INFO;Script;Do nothing;
24/06/19;17:43:38.606;INFO;Controller;Script ./script/Reset.py ended. Return value: ;
24/06/19;17:43:38.607;INFO;Controller;State = Ready;
24/06/19;17:43:45.879;INFO;Server;Command: ExecRobotTask (Recover,500000);
24/06/19;17:43:45.880;INFO;Controller;Executing asynchronous activity: ExecRobotTask;
24/06/19;17:43:45.880;INFO;Controller;Status = Executing: Recover;
24/06/19;17:43:45.880;INFO;Controller;State = Running;
24/06/19;17:43:47.026;INFO;Robot Runtime;executing:    Recover;
24/06/19;17:43:47.070;INFO;Robot Runtime;Unrecognized Location;
24/06/19;17:43:47.096;INFO;Robot Runtime;Near Location1 [Heater] at distance of 0    ;
24/06/19;17:43:47.116;INFO;Robot Runtime;Near Location2 [Inspection] at distance of 180.878;
24/06/19;17:43:49.701;INFO;Robot Runtime;Done;
24/06/19;17:43:49.808;INFO;Controller;Activity ExecRobotTask ended. Return value: Done;
24/06/19;17:43:49.809;INFO;Controller;State = Ready;
24/06/19;17:43:51.855;INFO;Server;Command: ExecRobotTask (Initialize,500000);
24/06/19;17:43:51.855;INFO;Controller;Executing asynchronous activity: ExecRobotTask;
24/06/19;17:43:51.855;INFO;Controller;Status = Executing: Initialize;
24/06/19;17:43:51.855;INFO;Controller;State = Running;
24/06/19;17:43:53.109;INFO;Robot Runtime;executing:    Initialize;
24/06/19;17:43:53.270;INFO;Controller;Activity ExecRobotTask ended. Return value: Done;
24/06/19;17:43:53.270;INFO;Controller;State = Ready;
24/06/19;17:43:53.295;INFO;Server;Command: ExecRobotTask (Park,500000);
24/06/19;17:43:53.295;INFO;Controller;Executing asynchronous activity: ExecRobotTask;
24/06/19;17:43:53.295;INFO;Controller;Status = Executing: Park;
24/06/19;17:43:53.295;INFO;Controller;State = Running;
24/06/19;17:43:54.147;INFO;Robot Runtime;executing:    Park;
24/06/19;17:43:57.465;INFO;Controller;Activity ExecRobotTask ended. Return value: Done;
24/06/19;17:43:57.465;INFO;Controller;State = Ready;
24/06/19;17:44:52.744;INFO;Server;Command: ExecRobotTask (Load,500000);
24/06/19;17:44:52.744;INFO;Controller;Executing asynchronous activity: ExecRobotTask;
24/06/19;17:44:52.744;INFO;Controller;Status = Executing: Load;
24/06/19;17:44:52.744;INFO;Controller;State = Running;
24/06/19;17:44:53.735;INFO;Robot Runtime;executing:    Load;
24/06/19;17:45:02.904;INFO;Controller;Activity ExecRobotTask ended. Return value: Done False/True/False;
24/06/19;17:45:02.904;INFO;Controller;State = Ready;
24/06/19;17:45:02.935;INFO;Server;Command: ExecRobotTask (Mount,500000);
24/06/19;17:45:02.935;INFO;Controller;Executing asynchronous activity: ExecRobotTask;
24/06/19;17:45:02.935;INFO;Controller;Status = Executing: Mount;
24/06/19;17:45:02.935;INFO;Controller;State = Running;
24/06/19;17:45:04.176;INFO;Robot Runtime;executing:    Mount;
24/06/19;17:45:11.330;INFO;Controller;Activity ExecRobotTask ended. Return value: Done True/False/False;
24/06/19;17:45:11.330;INFO;Controller;State = Ready;
24/06/19;17:45:11.357;INFO;Server;Command: ExecRobotTask (Park,500000);
24/06/19;17:45:11.357;INFO;Controller;Executing asynchronous activity: ExecRobotTask;
24/06/19;17:45:11.357;INFO;Controller;Status = Executing: Park;
24/06/19;17:45:11.357;INFO;Controller;State = Running;
24/06/19;17:45:12.204;INFO;Robot Runtime;executing:    Park;
24/06/19;17:45:15.205;INFO;Controller;Activity ExecRobotTask ended. Return value: Done;
24/06/19;17:45:15.205;INFO;Controller;State = Ready;
24/06/19;17:45:15.234;INFO;Server;Command: ExecRobotTask (UnlatchRobGov,500000);
24/06/19;17:45:15.235;INFO;Controller;Executing asynchronous activity: ExecRobotTask;
24/06/19;17:45:15.235;INFO;Controller;Status = Executing: UnlatchRobGov;
24/06/19;17:45:15.235;INFO;Controller;State = Running;
24/06/19;17:45:16.231;INFO;Robot Runtime;executing:    UnlatchRobGov;
24/06/19;17:45:16.586;INFO;Controller;Activity ExecRobotTask ended. Return value: Done;
24/06/19;17:45:16.586;INFO;Controller;State = Ready;
24/06/19;17:45:34.528;INFO;Server;Command: ExecRobotTask (Unmount,500000);
24/06/19;17:45:34.528;INFO;Controller;Executing asynchronous activity: ExecRobotTask;
24/06/19;17:45:34.529;INFO;Controller;Status = Executing: Unmount;
24/06/19;17:45:34.529;INFO;Controller;State = Running;
24/06/19;17:45:35.761;INFO;Robot Runtime;executing:    Unmount;
24/06/19;17:45:45.491;INFO;Controller;Activity ExecRobotTask ended. Return value: Done False/True/False;
24/06/19;17:45:45.491;INFO;Controller;State = Ready;
24/06/19;17:45:45.520;INFO;Server;Command: ExecRobotTask (Unload,500000);
24/06/19;17:45:45.520;INFO;Controller;Executing asynchronous activity: ExecRobotTask;
24/06/19;17:45:45.520;INFO;Controller;Status = Executing: Unload;
24/06/19;17:45:45.520;INFO;Controller;State = Running;
24/06/19;17:45:46.370;INFO;Robot Runtime;executing:    Unload;
24/06/19;17:45:51.006;INFO;Controller;Activity ExecRobotTask ended. Return value: Done False/False/False;
24/06/19;17:45:51.006;INFO;Controller;State = Ready;
24/06/19;17:45:51.115;INFO;Server;Command: ExecRobotTask (Initialize,500000);
24/06/19;17:45:51.115;INFO;Controller;Executing asynchronous activity: ExecRobotTask;
24/06/19;17:45:51.115;INFO;Controller;Status = Executing: Initialize;
24/06/19;17:45:51.116;INFO;Controller;State = Running;
24/06/19;17:45:52.094;INFO;Robot Runtime;executing:    Initialize;
24/06/19;17:45:52.465;INFO;Controller;Activity ExecRobotTask ended. Return value: Done;
24/06/19;17:45:52.465;INFO;Controller;State = Ready;
24/06/19;17:45:52.496;INFO;Server;Command: ExecRobotTask (Park,500000);
24/06/19;17:45:52.496;INFO;Controller;Executing asynchronous activity: ExecRobotTask;
24/06/19;17:45:52.496;INFO;Controller;Status = Executing: Park;
24/06/19;17:45:52.496;INFO;Controller;State = Running;
24/06/19;17:45:53.712;INFO;Robot Runtime;executing:    Park;
24/06/19;17:45:57.025;INFO;Controller;Activity ExecRobotTask ended. Return value: Done;
24/06/19;17:45:57.025;INFO;Controller;State = Ready;
24/06/19;17:46:07.724;INFO;Server;Command: ExecRobotTask (Load,500000);
24/06/19;17:46:07.724;INFO;Controller;Executing asynchronous activity: ExecRobotTask;
24/06/19;17:46:07.724;INFO;Controller;Status = Executing: Load;
24/06/19;17:46:07.724;INFO;Controller;State = Running;
24/06/19;17:46:08.728;INFO;Robot Runtime;executing:    Load;
24/06/19;17:46:17.399;INFO;Controller;Activity ExecRobotTask ended. Return value: Done False/True/False;
24/06/19;17:46:17.399;INFO;Controller;State = Ready;
24/06/19;17:46:17.431;INFO;Server;Command: ExecRobotTask (Mount,500000);
24/06/19;17:46:17.432;INFO;Controller;Executing asynchronous activity: ExecRobotTask;
24/06/19;17:46:17.432;INFO;Controller;Status = Executing: Mount;
24/06/19;17:46:17.432;INFO;Controller;State = Running;
24/06/19;17:46:18.667;INFO;Robot Runtime;executing:    Mount;
24/06/19;17:46:25.059;INFO;Controller;Activity ExecRobotTask ended. Return value: Done True/False/False;
24/06/19;17:46:25.059;INFO;Controller;State = Ready;
24/06/19;17:46:25.089;INFO;Server;Command: ExecRobotTask (Park,500000);
24/06/19;17:46:25.089;INFO;Controller;Executing asynchronous activity: ExecRobotTask;
24/06/19;17:46:25.089;INFO;Controller;Status = Executing: Park;
24/06/19;17:46:25.089;INFO;Controller;State = Running;
24/06/19;17:46:25.937;INFO;Robot Runtime;executing:    Park;
24/06/19;17:46:28.915;INFO;Controller;Activity ExecRobotTask ended. Return value: Done;
24/06/19;17:46:28.915;INFO;Controller;State = Ready;
24/06/19;17:46:28.945;INFO;Server;Command: ExecRobotTask (UnlatchRobGov,500000);
24/06/19;17:46:28.945;INFO;Controller;Executing asynchronous activity: ExecRobotTask;
24/06/19;17:46:28.945;INFO;Controller;Status = Executing: UnlatchRobGov;
24/06/19;17:46:28.945;INFO;Controller;State = Running;
24/06/19;17:46:29.941;INFO;Robot Runtime;executing:    UnlatchRobGov;
24/06/19;17:46:30.291;INFO;Controller;Activity ExecRobotTask ended. Return value: Done;
24/06/19;17:46:30.291;INFO;Controller;State = Ready;
24/06/19;17:47:02.762;INFO;Server;Command: ExecRobotTask (Initialize,500000);
24/06/19;17:47:02.762;INFO;Controller;Executing asynchronous activity: ExecRobotTask;
24/06/19;17:47:02.762;INFO;Controller;Status = Executing: Initialize;
24/06/19;17:47:02.762;INFO;Controller;State = Running;
24/06/19;17:47:03.989;INFO;Robot Runtime;executing:    Initialize;
24/06/19;17:47:04.461;INFO;Controller;Activity ExecRobotTask ended. Return value: Done;
24/06/19;17:47:04.461;INFO;Controller;State = Ready;
24/06/19;17:47:04.496;INFO;Server;Command: ExecRobotTask (LatchRobGov,500000);
24/06/19;17:47:04.496;INFO;Controller;Executing asynchronous activity: ExecRobotTask;
24/06/19;17:47:04.496;INFO;Controller;Status = Executing: LatchRobGov;
24/06/19;17:47:04.497;INFO;Controller;State = Running;
24/06/19;17:47:05.523;INFO;Robot Runtime;executing:    LatchRobGov;
24/06/19;17:47:07.510;INFO;Controller;Activity ExecRobotTask ended. Return value: Done;
24/06/19;17:47:07.510;INFO;Controller;State = Ready;
24/06/19;17:47:07.540;INFO;Server;Command: ExecRobotTask (TraceSample,500000);
24/06/19;17:47:07.540;INFO;Controller;Executing asynchronous activity: ExecRobotTask;
24/06/19;17:47:07.540;INFO;Controller;Status = Executing: TraceSample;
24/06/19;17:47:07.540;INFO;Controller;State = Running;
24/06/19;17:47:08.760;INFO;Robot Runtime;executing:    TraceSample;
24/06/19;17:47:11.224;INFO;Controller;Activity ExecRobotTask ended. Return value: Done True/False/False;
24/06/19;17:47:11.224;INFO;Controller;State = Ready;
24/06/19;17:47:19.777;INFO;Server;Command: ExecRobotTask (Initialize,500000);
24/06/19;17:47:19.777;INFO;Controller;Executing asynchronous activity: ExecRobotTask;
24/06/19;17:47:19.777;INFO;Controller;Status = Executing: Initialize;
24/06/19;17:47:19.777;INFO;Controller;State = Running;
24/06/19;17:47:20.635;INFO;Robot Runtime;executing:    Initialize;
24/06/19;17:47:21.107;INFO;Controller;Activity ExecRobotTask ended. Return value: Done;
24/06/19;17:47:21.107;INFO;Controller;State = Ready;
24/06/19;17:47:21.141;INFO;Server;Command: ExecRobotTask (Park,500000);
24/06/19;17:47:21.141;INFO;Controller;Executing asynchronous activity: ExecRobotTask;
24/06/19;17:47:21.141;INFO;Controller;Status = Executing: Park;
24/06/19;17:47:21.141;INFO;Controller;State = Running;
24/06/19;17:47:22.102;INFO;Robot Runtime;executing:    Park;
24/06/19;17:47:25.399;INFO;Controller;Activity ExecRobotTask ended. Return value: Done;
24/06/19;17:47:25.399;INFO;Controller;State = Ready;
24/06/19;17:51:36.845;INFO;Server;Command: ExecRobotTask (Initialize,500000);
24/06/19;17:51:36.845;INFO;Controller;Executing asynchronous activity: ExecRobotTask;
24/06/19;17:51:36.845;INFO;Controller;Status = Executing: Initialize;
24/06/19;17:51:36.845;INFO;Controller;State = Running;
24/06/19;17:51:37.663;INFO;Robot Runtime;executing:    Initialize;
24/06/19;17:51:38.057;INFO;Controller;Activity ExecRobotTask ended. Return value: Done;
24/06/19;17:51:38.057;INFO;Controller;State = Ready;
24/06/19;17:51:38.087;INFO;Server;Command: ExecRobotTask (LatchRobGov,500000);
24/06/19;17:51:38.088;INFO;Controller;Executing asynchronous activity: ExecRobotTask;
24/06/19;17:51:38.088;INFO;Controller;Status = Executing: LatchRobGov;
24/06/19;17:51:38.088;INFO;Controller;State = Running;
24/06/19;17:51:39.362;INFO;Robot Runtime;executing:    LatchRobGov;
24/06/19;17:51:39.797;INFO;Controller;Activity ExecRobotTask ended. Return value: Done;
24/06/19;17:51:39.797;INFO;Controller;State = Ready;
24/06/19;17:51:39.832;INFO;Server;Command: ExecRobotTask (TraceSample,500000);
24/06/19;17:51:39.832;INFO;Controller;Executing asynchronous activity: ExecRobotTask;
24/06/19;17:51:39.832;INFO;Controller;Status = Executing: TraceSample;
24/06/19;17:51:39.832;INFO;Controller;State = Running;
24/06/19;17:51:40.786;INFO;Robot Runtime;executing:    TraceSample;
24/06/19;17:51:43.076;INFO;Controller;Activity ExecRobotTask ended. Return value: Done True/False/False;
24/06/19;17:51:43.076;INFO;Controller;State = Ready;
24/06/19;17:52:34.299;INFO;Server;Command: ExecRobotTask (Initialize,500000);
24/06/19;17:52:34.299;INFO;Controller;Executing asynchronous activity: ExecRobotTask;
24/06/19;17:52:34.299;INFO;Controller;Status = Executing: Initialize;
24/06/19;17:52:34.300;INFO;Controller;State = Running;
24/06/19;17:52:35.147;INFO;Robot Runtime;executing:    Initialize;
24/06/19;17:52:35.615;INFO;Controller;Activity ExecRobotTask ended. Return value: Done;
24/06/19;17:52:35.615;INFO;Controller;State = Ready;
24/06/19;17:52:35.653;INFO;Server;Command: ExecRobotTask (CoolDown,500000);
24/06/19;17:52:35.653;INFO;Controller;Executing asynchronous activity: ExecRobotTask;
24/06/19;17:52:35.653;INFO;Controller;Status = Executing: CoolDown;
24/06/19;17:52:35.653;INFO;Controller;State = Running;
24/06/19;17:52:36.905;INFO;Robot Runtime;executing:    CoolDown;
24/06/19;17:52:52.162;INFO;Controller;Activity ExecRobotTask ended. Return value: Done;
24/06/19;17:52:52.162;INFO;Controller;State = Ready;
24/06/19;17:53:09.129;INFO;Server;Command: ExecRobotTask (Unmount,500000);
24/06/19;17:53:09.130;INFO;Controller;Executing asynchronous activity: ExecRobotTask;
24/06/19;17:53:09.130;INFO;Controller;Status = Executing: Unmount;
24/06/19;17:53:09.130;INFO;Controller;State = Running;
24/06/19;17:53:10.130;INFO;Robot Runtime;executing:    Unmount;
24/06/19;17:53:18.337;INFO;Controller;Activity ExecRobotTask ended. Return value: Done False/True/False;
24/06/19;17:53:18.338;INFO;Controller;State = Ready;
24/06/19;17:53:18.375;INFO;Server;Command: ExecRobotTask (Unload,500000);
24/06/19;17:53:18.375;INFO;Controller;Executing asynchronous activity: ExecRobotTask;
24/06/19;17:53:18.375;INFO;Controller;Status = Executing: Unload;
24/06/19;17:53:18.375;INFO;Controller;State = Running;
24/06/19;17:53:19.232;INFO;Robot Runtime;executing:    Unload;
24/06/19;17:53:23.868;INFO;Controller;Activity ExecRobotTask ended. Return value: Done False/False/False;
24/06/19;17:53:23.868;INFO;Controller;State = Ready;
24/06/19;17:53:24.003;INFO;Server;Command: ExecRobotTask (UnlatchRobGov,500000);
24/06/19;17:53:24.003;INFO;Controller;Executing asynchronous activity: ExecRobotTask;
24/06/19;17:53:24.003;INFO;Controller;Status = Executing: UnlatchRobGov;
24/06/19;17:53:24.003;INFO;Controller;State = Running;
24/06/19;17:53:25.259;INFO;Robot Runtime;executing:    UnlatchRobGov;
24/06/19;17:53:25.697;INFO;Controller;Activity ExecRobotTask ended. Return value: Done;
24/06/19;17:53:25.697;INFO;Controller;State = Ready;
24/06/19;17:53:25.729;INFO;Server;Command: ExecRobotTask (Finish,500000);
24/06/19;17:53:25.729;INFO;Controller;Executing asynchronous activity: ExecRobotTask;
24/06/19;17:53:25.729;INFO;Controller;Status = Executing: Finish;
24/06/19;17:53:25.730;INFO;Controller;State = Running;
24/06/19;17:53:26.710;INFO;Robot Runtime;executing:    Finish;
24/06/19;17:56:08.287;INFO;Controller;Activity ExecRobotTask ended. Return value: Done;
24/06/19;17:56:08.287;INFO;Controller;State = Ready;
