18/12/19;17:19:26.923;INFO;Server;Command: ExecRobotTask (EnableTScreen,500000);
18/12/19;17:19:26.923;INFO;Controller;Executing asynchronous activity: ExecRobotTask;
18/12/19;17:19:26.923;INFO;Controller;Status = Executing: EnableTScreen;
18/12/19;17:19:26.923;INFO;Controller;State = Running;
18/12/19;17:19:27.907;INFO;Robot Runtime;executing:    EnableTScreen;
18/12/19;17:19:28.157;INFO;Controller;Activity ExecRobotTask ended. Return value: Done;
18/12/19;17:19:28.157;INFO;Controller;State = Ready;
18/12/19;17:19:31.527;INFO;Server;Command: ExecRobotTask (OpenPortLid,500000);
18/12/19;17:19:31.527;INFO;Controller;Executing asynchronous activity: ExecRobotTask;
18/12/19;17:19:31.527;INFO;Controller;Status = Executing: OpenPortLid;
18/12/19;17:19:31.527;INFO;Controller;State = Running;
18/12/19;17:19:32.426;INFO;Robot Runtime;executing:    OpenPortLid;
18/12/19;17:19:33.263;INFO;Controller;Activity ExecRobotTask ended. Return value: Done;
18/12/19;17:19:33.263;INFO;Controller;State = Ready;
18/12/19;17:19:48.193;INFO;Server;Command: ExecRobotTask (ClosePorts,500000);
18/12/19;17:19:48.193;INFO;Controller;Executing asynchronous activity: ExecRobotTask;
18/12/19;17:19:48.193;INFO;Controller;Status = Executing: ClosePorts;
18/12/19;17:19:48.193;INFO;Controller;State = Running;
18/12/19;17:19:49.513;INFO;Robot Runtime;executing:    ClosePorts;
18/12/19;17:19:49.749;INFO;Controller;Activity ExecRobotTask ended. Return value: Done;
18/12/19;17:19:49.749;INFO;Controller;State = Ready;
18/12/19;17:23:41.957;INFO;Server;Command: ExecRobotTask (EnableTScreen,500000);
18/12/19;17:23:41.957;INFO;Controller;Executing asynchronous activity: ExecRobotTask;
18/12/19;17:23:41.957;INFO;Controller;Status = Executing: EnableTScreen;
18/12/19;17:23:41.957;INFO;Controller;State = Running;
18/12/19;17:23:42.930;INFO;Robot Runtime;executing:    EnableTScreen;
18/12/19;17:23:43.165;INFO;Controller;Activity ExecRobotTask ended. Return value: Done;
18/12/19;17:23:43.166;INFO;Controller;State = Ready;
18/12/19;17:53:38.847;INFO;Server;Command: ExecRobotTask (Initialize,500000);
18/12/19;17:53:38.848;INFO;Controller;Executing asynchronous activity: ExecRobotTask;
18/12/19;17:53:38.848;INFO;Controller;Status = Executing: Initialize;
18/12/19;17:53:38.848;INFO;Controller;State = Running;
18/12/19;17:53:39.811;INFO;Robot Runtime;executing:    Initialize;
18/12/19;17:53:41.012;INFO;Controller;Activity ExecRobotTask ended. Return value: Done;
18/12/19;17:53:41.012;INFO;Controller;State = Ready;
18/12/19;17:53:41.041;INFO;Server;Command: ExecRobotTask (Cooldown,500000);
18/12/19;17:53:41.041;INFO;Controller;Executing asynchronous activity: ExecRobotTask;
18/12/19;17:53:41.041;INFO;Controller;Status = Executing: Cooldown;
18/12/19;17:53:41.041;INFO;Controller;State = Running;
18/12/19;17:53:42.310;INFO;Robot Runtime;executing:    Cooldown;
18/12/19;17:55:02.814;INFO;Controller;Activity ExecRobotTask ended. Return value: Done;
18/12/19;17:55:02.815;INFO;Controller;State = Ready;
18/12/19;17:55:03.018;INFO;Server;Command: ExecRobotTask (MT_loadCheck,500000);
18/12/19;17:55:03.018;INFO;Controller;Executing asynchronous activity: ExecRobotTask;
18/12/19;17:55:03.018;INFO;Controller;Status = Executing: MT_loadCheck;
18/12/19;17:55:03.018;INFO;Controller;State = Running;
18/12/19;17:55:04.034;INFO;Robot Runtime;executing:    MT_loadCheck;
18/12/19;17:55:16.666;INFO;Controller;Activity ExecRobotTask ended. Return value: Done ===>1,0.604,-0.456,-3.072,0;
18/12/19;17:55:16.666;INFO;Controller;State = Ready;
18/12/19;17:55:16.863;INFO;Server;Command: ExecRobotTask (MT_loadCheck,500000);
18/12/19;17:55:16.863;INFO;Controller;Executing asynchronous activity: ExecRobotTask;
18/12/19;17:55:16.863;INFO;Controller;Status = Executing: MT_loadCheck;
18/12/19;17:55:16.863;INFO;Controller;State = Running;
18/12/19;17:55:17.785;INFO;Robot Runtime;executing:    MT_loadCheck;
18/12/19;17:55:26.462;INFO;Controller;Activity ExecRobotTask ended. Return value: Done ===>2,0.615,-0.476,-2.19 ,0;
18/12/19;17:55:26.462;INFO;Controller;State = Ready;
18/12/19;17:55:26.686;INFO;Server;Command: ExecRobotTask (MT_loadCheck,500000);
18/12/19;17:55:26.686;INFO;Controller;Executing asynchronous activity: ExecRobotTask;
18/12/19;17:55:26.686;INFO;Controller;Status = Executing: MT_loadCheck;
18/12/19;17:55:26.686;INFO;Controller;State = Running;
18/12/19;17:55:27.608;INFO;Robot Runtime;executing:    MT_loadCheck;
18/12/19;17:55:36.330;INFO;Controller;Activity ExecRobotTask ended. Return value: Done ===>3,0.345,-0.298,-0.364,0;
18/12/19;17:55:36.330;INFO;Controller;State = Ready;
18/12/19;17:55:36.537;INFO;Server;Command: ExecRobotTask (MT_loadCheck,500000);
18/12/19;17:55:36.537;INFO;Controller;Executing asynchronous activity: ExecRobotTask;
18/12/19;17:55:36.537;INFO;Controller;Status = Executing: MT_loadCheck;
18/12/19;17:55:36.537;INFO;Controller;State = Running;
18/12/19;17:55:37.458;INFO;Robot Runtime;executing:    MT_loadCheck;
18/12/19;17:55:46.204;INFO;Controller;Activity ExecRobotTask ended. Return value: Done ===>4,-0.376,-0.31 ,-2.05 ,0;
18/12/19;17:55:46.204;INFO;Controller;State = Ready;
18/12/19;17:55:46.404;INFO;Server;Command: ExecRobotTask (MT_loadCheck,500000);
18/12/19;17:55:46.404;INFO;Controller;Executing asynchronous activity: ExecRobotTask;
18/12/19;17:55:46.404;INFO;Controller;Status = Executing: MT_loadCheck;
18/12/19;17:55:46.404;INFO;Controller;State = Running;
18/12/19;17:55:47.322;INFO;Robot Runtime;executing:    MT_loadCheck;
18/12/19;17:55:55.676;INFO;Controller;Activity ExecRobotTask ended. Return value: Done ===>5,-0.222,-0.306,-1.831,0;
18/12/19;17:55:55.676;INFO;Controller;State = Ready;
18/12/19;17:55:55.873;INFO;Server;Command: ExecRobotTask (MT_loadCheck,500000);
18/12/19;17:55:55.873;INFO;Controller;Executing asynchronous activity: ExecRobotTask;
18/12/19;17:55:55.873;INFO;Controller;Status = Executing: MT_loadCheck;
18/12/19;17:55:55.873;INFO;Controller;State = Running;
18/12/19;17:55:56.795;INFO;Robot Runtime;executing:    MT_loadCheck;
18/12/19;17:56:05.491;INFO;Controller;Activity ExecRobotTask ended. Return value: Done ===>6,-0.84 ,-0.333,-2.355,0;
18/12/19;17:56:05.491;INFO;Controller;State = Ready;
18/12/19;17:56:05.694;INFO;Server;Command: ExecRobotTask (MT_loadCheck,500000);
18/12/19;17:56:05.694;INFO;Controller;Executing asynchronous activity: ExecRobotTask;
18/12/19;17:56:05.694;INFO;Controller;Status = Executing: MT_loadCheck;
18/12/19;17:56:05.694;INFO;Controller;State = Running;
18/12/19;17:56:06.612;INFO;Robot Runtime;executing:    MT_loadCheck;
18/12/19;17:56:15.378;INFO;Controller;Activity ExecRobotTask ended. Return value: Done ===>7,-0.428,-0.26 ,-1.849,0;
18/12/19;17:56:15.379;INFO;Controller;State = Ready;
18/12/19;17:56:15.577;INFO;Server;Command: ExecRobotTask (MT_loadCheck,500000);
18/12/19;17:56:15.578;INFO;Controller;Executing asynchronous activity: ExecRobotTask;
18/12/19;17:56:15.578;INFO;Controller;Status = Executing: MT_loadCheck;
18/12/19;17:56:15.578;INFO;Controller;State = Running;
18/12/19;17:56:16.496;INFO;Robot Runtime;executing:    MT_loadCheck;
18/12/19;17:56:25.279;INFO;Controller;Activity ExecRobotTask ended. Return value: Done ===>8,0.58 ,-0.497,-1.296,0;
18/12/19;17:56:25.279;INFO;Controller;State = Ready;
18/12/19;17:56:25.479;INFO;Server;Command: ExecRobotTask (MT_loadCheck,500000);
18/12/19;17:56:25.480;INFO;Controller;Executing asynchronous activity: ExecRobotTask;
18/12/19;17:56:25.480;INFO;Controller;Status = Executing: MT_loadCheck;
18/12/19;17:56:25.480;INFO;Controller;State = Running;
18/12/19;17:56:26.396;INFO;Robot Runtime;executing:    MT_loadCheck;
18/12/19;17:56:35.185;INFO;Controller;Activity ExecRobotTask ended. Return value: Done ===>9,1.399,-0.285,-1.175,0;
18/12/19;17:56:35.185;INFO;Controller;State = Ready;
18/12/19;17:56:35.418;INFO;Server;Command: ExecRobotTask (MT_loadCheck,500000);
18/12/19;17:56:35.418;INFO;Controller;Executing asynchronous activity: ExecRobotTask;
18/12/19;17:56:35.418;INFO;Controller;Status = Executing: MT_loadCheck;
18/12/19;17:56:35.418;INFO;Controller;State = Running;
18/12/19;17:56:36.333;INFO;Robot Runtime;executing:    MT_loadCheck;
18/12/19;17:56:45.072;INFO;Controller;Activity ExecRobotTask ended. Return value: Done ===>10,0.995,0.4  ,-0.98 ,0;
18/12/19;17:56:45.072;INFO;Controller;State = Ready;
18/12/19;17:56:45.282;INFO;Server;Command: ExecRobotTask (MT_loadCheck,500000);
18/12/19;17:56:45.282;INFO;Controller;Executing asynchronous activity: ExecRobotTask;
18/12/19;17:56:45.282;INFO;Controller;Status = Executing: MT_loadCheck;
18/12/19;17:56:45.282;INFO;Controller;State = Running;
18/12/19;17:56:46.197;INFO;Robot Runtime;executing:    MT_loadCheck;
18/12/19;17:56:54.972;INFO;Controller;Activity ExecRobotTask ended. Return value: Done ===>11,1.682,0.933,-0.191,0;
18/12/19;17:56:54.972;INFO;Controller;State = Ready;
18/12/19;17:56:55.174;INFO;Server;Command: ExecRobotTask (MT_loadCheck,500000);
18/12/19;17:56:55.174;INFO;Controller;Executing asynchronous activity: ExecRobotTask;
18/12/19;17:56:55.174;INFO;Controller;Status = Executing: MT_loadCheck;
18/12/19;17:56:55.174;INFO;Controller;State = Running;
18/12/19;17:56:56.090;INFO;Robot Runtime;executing:    MT_loadCheck;
18/12/19;17:57:04.874;INFO;Controller;Activity ExecRobotTask ended. Return value: Done ===>12,0.479,1.06 ,-0.918,0;
18/12/19;17:57:04.874;INFO;Controller;State = Ready;
18/12/19;17:57:05.109;INFO;Server;Command: ExecRobotTask (MT_loadCheck,500000);
18/12/19;17:57:05.110;INFO;Controller;Executing asynchronous activity: ExecRobotTask;
18/12/19;17:57:05.110;INFO;Controller;Status = Executing: MT_loadCheck;
18/12/19;17:57:05.110;INFO;Controller;State = Running;
18/12/19;17:57:06.027;INFO;Robot Runtime;executing:    MT_loadCheck;
18/12/19;17:57:14.768;INFO;Controller;Activity ExecRobotTask ended. Return value: Done ===>13,-0.006,0.294,-1.907,0;
18/12/19;17:57:14.769;INFO;Controller;State = Ready;
18/12/19;17:57:14.970;INFO;Server;Command: ExecRobotTask (MT_loadCheck,500000);
18/12/19;17:57:14.970;INFO;Controller;Executing asynchronous activity: ExecRobotTask;
18/12/19;17:57:14.970;INFO;Controller;Status = Executing: MT_loadCheck;
18/12/19;17:57:14.970;INFO;Controller;State = Running;
18/12/19;17:57:15.889;INFO;Robot Runtime;executing:    MT_loadCheck;
18/12/19;17:57:24.640;INFO;Controller;Activity ExecRobotTask ended. Return value: Done ===>14,-0.76 ,0.14 ,-2.218,0;
18/12/19;17:57:24.640;INFO;Controller;State = Ready;
18/12/19;17:57:24.845;INFO;Server;Command: ExecRobotTask (MT_loadCheck,500000);
18/12/19;17:57:24.845;INFO;Controller;Executing asynchronous activity: ExecRobotTask;
18/12/19;17:57:24.846;INFO;Controller;Status = Executing: MT_loadCheck;
18/12/19;17:57:24.846;INFO;Controller;State = Running;
18/12/19;17:57:25.763;INFO;Robot Runtime;executing:    MT_loadCheck;
18/12/19;17:57:34.490;INFO;Controller;Activity ExecRobotTask ended. Return value: Done ===>15,-0.763,-0.372,-2.151,0;
18/12/19;17:57:34.490;INFO;Controller;State = Ready;
18/12/19;17:57:34.687;INFO;Server;Command: ExecRobotTask (MT_loadCheck,500000);
18/12/19;17:57:34.687;INFO;Controller;Executing asynchronous activity: ExecRobotTask;
18/12/19;17:57:34.687;INFO;Controller;Status = Executing: MT_loadCheck;
18/12/19;17:57:34.687;INFO;Controller;State = Running;
18/12/19;17:57:35.634;INFO;Robot Runtime;executing:    MT_loadCheck;
18/12/19;17:57:44.366;INFO;Controller;Activity ExecRobotTask ended. Return value: Done ===>16,-0.899,-0.375,-1.685,0;
18/12/19;17:57:44.366;INFO;Controller;State = Ready;
18/12/19;17:57:44.571;INFO;Server;Command: ExecRobotTask (MT_loadCheck,500000);
18/12/19;17:57:44.571;INFO;Controller;Executing asynchronous activity: ExecRobotTask;
18/12/19;17:57:44.571;INFO;Controller;Status = Executing: MT_loadCheck;
18/12/19;17:57:44.571;INFO;Controller;State = Running;
18/12/19;17:57:45.486;INFO;Robot Runtime;executing:    MT_loadCheck;
18/12/19;17:57:54.241;INFO;Controller;Activity ExecRobotTask ended. Return value: Done ===>17,-0.434,-0.345,-1.597,0;
18/12/19;17:57:54.241;INFO;Controller;State = Ready;
18/12/19;17:57:54.446;INFO;Server;Command: ExecRobotTask (MT_loadCheck,500000);
18/12/19;17:57:54.446;INFO;Controller;Executing asynchronous activity: ExecRobotTask;
18/12/19;17:57:54.446;INFO;Controller;Status = Executing: MT_loadCheck;
18/12/19;17:57:54.446;INFO;Controller;State = Running;
18/12/19;17:57:55.361;INFO;Robot Runtime;executing:    MT_loadCheck;
18/12/19;17:58:04.110;INFO;Controller;Activity ExecRobotTask ended. Return value: Done ===>18,0.348,-0.641,-0.673,0;
18/12/19;17:58:04.111;INFO;Controller;State = Ready;
18/12/19;17:58:04.309;INFO;Server;Command: ExecRobotTask (MT_loadCheck,500000);
18/12/19;17:58:04.309;INFO;Controller;Executing asynchronous activity: ExecRobotTask;
18/12/19;17:58:04.309;INFO;Controller;Status = Executing: MT_loadCheck;
18/12/19;17:58:04.309;INFO;Controller;State = Running;
18/12/19;17:58:05.254;INFO;Robot Runtime;executing:    MT_loadCheck;
18/12/19;17:58:13.974;INFO;Controller;Activity ExecRobotTask ended. Return value: Done ===>19,-0.246,-0.475,-1.722,0;
18/12/19;17:58:13.974;INFO;Controller;State = Ready;
18/12/19;17:58:14.181;INFO;Server;Command: ExecRobotTask (MT_loadCheck,500000);
18/12/19;17:58:14.181;INFO;Controller;Executing asynchronous activity: ExecRobotTask;
18/12/19;17:58:14.181;INFO;Controller;Status = Executing: MT_loadCheck;
18/12/19;17:58:14.181;INFO;Controller;State = Running;
18/12/19;17:58:15.097;INFO;Robot Runtime;executing:    MT_loadCheck;
18/12/19;17:58:23.840;INFO;Controller;Activity ExecRobotTask ended. Return value: Done ===>20,-0.805,-0.557,-0.88 ,0;
18/12/19;17:58:23.840;INFO;Controller;State = Ready;
18/12/19;17:58:24.045;INFO;Server;Command: ExecRobotTask (MT_loadCheck,500000);
18/12/19;17:58:24.045;INFO;Controller;Executing asynchronous activity: ExecRobotTask;
18/12/19;17:58:24.046;INFO;Controller;Status = Executing: MT_loadCheck;
18/12/19;17:58:24.046;INFO;Controller;State = Running;
18/12/19;17:58:24.965;INFO;Robot Runtime;executing:    MT_loadCheck;
18/12/19;17:58:33.724;INFO;Controller;Activity ExecRobotTask ended. Return value: Done ===>21,-0.624,-0.936,-1.332,0;
18/12/19;17:58:33.724;INFO;Controller;State = Ready;
18/12/19;17:58:33.950;INFO;Server;Command: ExecRobotTask (MT_loadCheck,500000);
18/12/19;17:58:33.950;INFO;Controller;Executing asynchronous activity: ExecRobotTask;
18/12/19;17:58:33.951;INFO;Controller;Status = Executing: MT_loadCheck;
18/12/19;17:58:33.951;INFO;Controller;State = Running;
18/12/19;17:58:34.869;INFO;Robot Runtime;executing:    MT_loadCheck;
18/12/19;17:58:43.587;INFO;Controller;Activity ExecRobotTask ended. Return value: Done ===>22,0.159,-0.467,-1.177,0;
18/12/19;17:58:43.587;INFO;Controller;State = Ready;
18/12/19;17:58:43.790;INFO;Server;Command: ExecRobotTask (MT_loadCheck,500000);
18/12/19;17:58:43.791;INFO;Controller;Executing asynchronous activity: ExecRobotTask;
18/12/19;17:58:43.791;INFO;Controller;Status = Executing: MT_loadCheck;
18/12/19;17:58:43.791;INFO;Controller;State = Running;
18/12/19;17:58:44.710;INFO;Robot Runtime;executing:    MT_loadCheck;
18/12/19;17:58:53.455;INFO;Controller;Activity ExecRobotTask ended. Return value: Done ===>23,0.364,-0.425,-0.341,0;
18/12/19;17:58:53.455;INFO;Controller;State = Ready;
18/12/19;17:58:53.653;INFO;Server;Command: ExecRobotTask (MT_loadCheck,500000);
18/12/19;17:58:53.654;INFO;Controller;Executing asynchronous activity: ExecRobotTask;
18/12/19;17:58:53.654;INFO;Controller;Status = Executing: MT_loadCheck;
18/12/19;17:58:53.654;INFO;Controller;State = Running;
18/12/19;17:58:54.572;INFO;Robot Runtime;executing:    MT_loadCheck;
18/12/19;17:59:03.334;INFO;Controller;Activity ExecRobotTask ended. Return value: Done ===>24,-0.297,-0.123,-1.488,0;
18/12/19;17:59:03.335;INFO;Controller;State = Ready;
18/12/19;17:59:03.560;INFO;Server;Command: ExecRobotTask (MT_loadCheck,500000);
18/12/19;17:59:03.560;INFO;Controller;Executing asynchronous activity: ExecRobotTask;
18/12/19;17:59:03.560;INFO;Controller;Status = Executing: MT_loadCheck;
18/12/19;17:59:03.560;INFO;Controller;State = Running;
18/12/19;17:59:04.473;INFO;Robot Runtime;executing:    MT_loadCheck;
18/12/19;17:59:13.196;INFO;Controller;Activity ExecRobotTask ended. Return value: Done ===>25,-0.852,-0.298,-1.183,0;
18/12/19;17:59:13.196;INFO;Controller;State = Ready;
18/12/19;17:59:13.402;INFO;Server;Command: ExecRobotTask (MT_loadCheck,500000);
18/12/19;17:59:13.402;INFO;Controller;Executing asynchronous activity: ExecRobotTask;
18/12/19;17:59:13.402;INFO;Controller;Status = Executing: MT_loadCheck;
18/12/19;17:59:13.402;INFO;Controller;State = Running;
18/12/19;17:59:14.324;INFO;Robot Runtime;executing:    MT_loadCheck;
18/12/19;17:59:23.101;INFO;Controller;Activity ExecRobotTask ended. Return value: Done ===>26,-1.389,-0.376,-0.919,0;
18/12/19;17:59:23.101;INFO;Controller;State = Ready;
18/12/19;17:59:23.307;INFO;Server;Command: ExecRobotTask (MT_loadCheck,500000);
18/12/19;17:59:23.307;INFO;Controller;Executing asynchronous activity: ExecRobotTask;
18/12/19;17:59:23.307;INFO;Controller;Status = Executing: MT_loadCheck;
18/12/19;17:59:23.307;INFO;Controller;State = Running;
18/12/19;17:59:24.226;INFO;Robot Runtime;executing:    MT_loadCheck;
18/12/19;17:59:33.015;INFO;Controller;Activity ExecRobotTask ended. Return value: Done ===>27,-0.973,-0.407,-1.002,0;
18/12/19;17:59:33.016;INFO;Controller;State = Ready;
18/12/19;17:59:33.245;INFO;Server;Command: ExecRobotTask (MT_loadCheck,500000);
18/12/19;17:59:33.245;INFO;Controller;Executing asynchronous activity: ExecRobotTask;
18/12/19;17:59:33.245;INFO;Controller;Status = Executing: MT_loadCheck;
18/12/19;17:59:33.245;INFO;Controller;State = Running;
18/12/19;17:59:34.166;INFO;Robot Runtime;executing:    MT_loadCheck;
18/12/19;17:59:42.925;INFO;Controller;Activity ExecRobotTask ended. Return value: Done ===>28,-0.935,-1.24 ,-1.404,0;
18/12/19;17:59:42.926;INFO;Controller;State = Ready;
18/12/19;17:59:43.127;INFO;Server;Command: ExecRobotTask (MT_loadCheck,500000);
18/12/19;17:59:43.128;INFO;Controller;Executing asynchronous activity: ExecRobotTask;
18/12/19;17:59:43.128;INFO;Controller;Status = Executing: MT_loadCheck;
18/12/19;17:59:43.128;INFO;Controller;State = Running;
18/12/19;17:59:44.046;INFO;Robot Runtime;executing:    MT_loadCheck;
18/12/19;17:59:52.795;INFO;Controller;Activity ExecRobotTask ended. Return value: Done ===>29,-1.018,-1.927,-1.637,0;
18/12/19;17:59:52.795;INFO;Controller;State = Ready;
18/12/19;17:59:52.999;INFO;Server;Command: ExecRobotTask (MT_loadCheck,500000);
18/12/19;17:59:53.000;INFO;Controller;Executing asynchronous activity: ExecRobotTask;
18/12/19;17:59:53.000;INFO;Controller;Status = Executing: MT_loadCheck;
18/12/19;17:59:53.000;INFO;Controller;State = Running;
18/12/19;17:59:53.914;INFO;Robot Runtime;executing:    MT_loadCheck;
18/12/19;18:00:02.690;INFO;Controller;Activity ExecRobotTask ended. Return value: Done ===>30,-0.934,-1.947,-1.133,0;
18/12/19;18:00:02.690;INFO;Controller;State = Ready;
18/12/19;18:00:02.921;INFO;Server;Command: ExecRobotTask (MT_loadCheck,500000);
18/12/19;18:00:02.921;INFO;Controller;Executing asynchronous activity: ExecRobotTask;
18/12/19;18:00:02.921;INFO;Controller;Status = Executing: MT_loadCheck;
18/12/19;18:00:02.921;INFO;Controller;State = Running;
18/12/19;18:00:03.832;INFO;Robot Runtime;executing:    MT_loadCheck;
18/12/19;18:00:12.612;INFO;Controller;Activity ExecRobotTask ended. Return value: Done ===>31,-0.193,-1.07 ,-1.157,0;
18/12/19;18:00:12.612;INFO;Controller;State = Ready;
18/12/19;18:00:12.812;INFO;Server;Command: ExecRobotTask (MT_loadCheck,500000);
18/12/19;18:00:12.812;INFO;Controller;Executing asynchronous activity: ExecRobotTask;
18/12/19;18:00:12.812;INFO;Controller;Status = Executing: MT_loadCheck;
18/12/19;18:00:12.812;INFO;Controller;State = Running;
18/12/19;18:00:13.730;INFO;Robot Runtime;executing:    MT_loadCheck;
18/12/19;18:00:22.109;INFO;Controller;Activity ExecRobotTask ended. Return value: Done ===>32,0.25 ,-0.667,-1.329,0;
18/12/19;18:00:22.109;INFO;Controller;State = Ready;
18/12/19;18:00:22.309;INFO;Server;Command: ExecRobotTask (MT_loadCheck,500000);
18/12/19;18:00:22.310;INFO;Controller;Executing asynchronous activity: ExecRobotTask;
18/12/19;18:00:22.310;INFO;Controller;Status = Executing: MT_loadCheck;
18/12/19;18:00:22.310;INFO;Controller;State = Running;
18/12/19;18:00:23.258;INFO;Robot Runtime;executing:    MT_loadCheck;
18/12/19;18:00:31.925;INFO;Controller;Activity ExecRobotTask ended. Return value: Done ===>33,0.615,-0.63 ,-1.087,0;
18/12/19;18:00:31.925;INFO;Controller;State = Ready;
18/12/19;18:00:32.129;INFO;Server;Command: ExecRobotTask (MT_loadCheck,500000);
18/12/19;18:00:32.129;INFO;Controller;Executing asynchronous activity: ExecRobotTask;
18/12/19;18:00:32.130;INFO;Controller;Status = Executing: MT_loadCheck;
18/12/19;18:00:32.130;INFO;Controller;State = Running;
18/12/19;18:00:33.048;INFO;Robot Runtime;executing:    MT_loadCheck;
18/12/19;18:00:41.831;INFO;Controller;Activity ExecRobotTask ended. Return value: Done ===>34,-0.004,-0.637,-0.634,0;
18/12/19;18:00:41.831;INFO;Controller;State = Ready;
18/12/19;18:00:42.030;INFO;Server;Command: ExecRobotTask (MT_loadCheck,500000);
18/12/19;18:00:42.031;INFO;Controller;Executing asynchronous activity: ExecRobotTask;
18/12/19;18:00:42.031;INFO;Controller;Status = Executing: MT_loadCheck;
18/12/19;18:00:42.031;INFO;Controller;State = Running;
18/12/19;18:00:42.950;INFO;Robot Runtime;executing:    MT_loadCheck;
18/12/19;18:00:51.713;INFO;Controller;Activity ExecRobotTask ended. Return value: Done ===>35,0.224,-0.671,-1.67 ,0;
18/12/19;18:00:51.713;INFO;Controller;State = Ready;
18/12/19;18:00:51.917;INFO;Server;Command: ExecRobotTask (MT_loadCheck,500000);
18/12/19;18:00:51.917;INFO;Controller;Executing asynchronous activity: ExecRobotTask;
18/12/19;18:00:51.917;INFO;Controller;Status = Executing: MT_loadCheck;
18/12/19;18:00:51.917;INFO;Controller;State = Running;
18/12/19;18:00:52.864;INFO;Robot Runtime;executing:    MT_loadCheck;
18/12/19;18:01:01.624;INFO;Controller;Activity ExecRobotTask ended. Return value: Done ===>36,0.18 ,-0.573,-1.895,0;
18/12/19;18:01:01.624;INFO;Controller;State = Ready;
18/12/19;18:01:01.829;INFO;Server;Command: ExecRobotTask (MT_loadCheck,500000);
18/12/19;18:01:01.829;INFO;Controller;Executing asynchronous activity: ExecRobotTask;
18/12/19;18:01:01.829;INFO;Controller;Status = Executing: MT_loadCheck;
18/12/19;18:01:01.829;INFO;Controller;State = Running;
18/12/19;18:01:02.746;INFO;Robot Runtime;executing:    MT_loadCheck;
18/12/19;18:01:11.505;INFO;Controller;Activity ExecRobotTask ended. Return value: Done ===>37,0.701,-0.703,-0.822,0;
18/12/19;18:01:11.505;INFO;Controller;State = Ready;
18/12/19;18:01:11.713;INFO;Server;Command: ExecRobotTask (MT_loadCheck,500000);
18/12/19;18:01:11.713;INFO;Controller;Executing asynchronous activity: ExecRobotTask;
18/12/19;18:01:11.713;INFO;Controller;Status = Executing: MT_loadCheck;
18/12/19;18:01:11.713;INFO;Controller;State = Running;
18/12/19;18:01:12.630;INFO;Robot Runtime;executing:    MT_loadCheck;
18/12/19;18:01:21.361;INFO;Controller;Activity ExecRobotTask ended. Return value: Done ===>38,0.552,-0.591,-1.349,0;
18/12/19;18:01:21.361;INFO;Controller;State = Ready;
18/12/19;18:01:21.597;INFO;Server;Command: ExecRobotTask (MT_loadCheck,500000);
18/12/19;18:01:21.597;INFO;Controller;Executing asynchronous activity: ExecRobotTask;
18/12/19;18:01:21.597;INFO;Controller;Status = Executing: MT_loadCheck;
18/12/19;18:01:21.597;INFO;Controller;State = Running;
18/12/19;18:01:22.512;INFO;Robot Runtime;executing:    MT_loadCheck;
18/12/19;18:01:31.240;INFO;Controller;Activity ExecRobotTask ended. Return value: Done ===>39,0.609,-0.453,-1.441,0;
18/12/19;18:01:31.240;INFO;Controller;State = Ready;
18/12/19;18:01:31.442;INFO;Server;Command: ExecRobotTask (MT_loadCheck,500000);
18/12/19;18:01:31.442;INFO;Controller;Executing asynchronous activity: ExecRobotTask;
18/12/19;18:01:31.442;INFO;Controller;Status = Executing: MT_loadCheck;
18/12/19;18:01:31.442;INFO;Controller;State = Running;
18/12/19;18:01:32.360;INFO;Robot Runtime;executing:    MT_loadCheck;
18/12/19;18:01:41.103;INFO;Controller;Activity ExecRobotTask ended. Return value: Done ===>40,0.001,-0.708,-2.244,0;
18/12/19;18:01:41.103;INFO;Controller;State = Ready;
18/12/19;18:01:41.304;INFO;Server;Command: ExecRobotTask (MT_loadCheck,500000);
18/12/19;18:01:41.305;INFO;Controller;Executing asynchronous activity: ExecRobotTask;
18/12/19;18:01:41.305;INFO;Controller;Status = Executing: MT_loadCheck;
18/12/19;18:01:41.305;INFO;Controller;State = Running;
18/12/19;18:01:42.224;INFO;Robot Runtime;executing:    MT_loadCheck;
18/12/19;18:01:50.977;INFO;Controller;Activity ExecRobotTask ended. Return value: Done ===>41,0.249,-0.69 ,-1.721,0;
18/12/19;18:01:50.977;INFO;Controller;State = Ready;
18/12/19;18:01:51.206;INFO;Server;Command: ExecRobotTask (MT_loadCheck,500000);
18/12/19;18:01:51.206;INFO;Controller;Executing asynchronous activity: ExecRobotTask;
18/12/19;18:01:51.206;INFO;Controller;Status = Executing: MT_loadCheck;
18/12/19;18:01:51.206;INFO;Controller;State = Running;
18/12/19;18:01:52.125;INFO;Robot Runtime;executing:    MT_loadCheck;
18/12/19;18:02:00.838;INFO;Controller;Activity ExecRobotTask ended. Return value: Done ===>42,-0.342,0.131,-1.673,0;
18/12/19;18:02:00.839;INFO;Controller;State = Ready;
18/12/19;18:02:01.041;INFO;Server;Command: ExecRobotTask (MT_loadCheck,500000);
18/12/19;18:02:01.041;INFO;Controller;Executing asynchronous activity: ExecRobotTask;
18/12/19;18:02:01.041;INFO;Controller;Status = Executing: MT_loadCheck;
18/12/19;18:02:01.041;INFO;Controller;State = Running;
18/12/19;18:02:01.964;INFO;Robot Runtime;executing:    MT_loadCheck;
18/12/19;18:02:10.703;INFO;Controller;Activity ExecRobotTask ended. Return value: Done ===>43,-0.42 ,-0.573,-1.768,0;
18/12/19;18:02:10.703;INFO;Controller;State = Ready;
18/12/19;18:02:10.912;INFO;Server;Command: ExecRobotTask (MT_loadCheck,500000);
18/12/19;18:02:10.912;INFO;Controller;Executing asynchronous activity: ExecRobotTask;
18/12/19;18:02:10.912;INFO;Controller;Status = Executing: MT_loadCheck;
18/12/19;18:02:10.912;INFO;Controller;State = Running;
18/12/19;18:02:11.832;INFO;Robot Runtime;executing:    MT_loadCheck;
18/12/19;18:02:20.601;INFO;Controller;Activity ExecRobotTask ended. Return value: Done ===>44,-0.724,-0.832,-2.388,0;
18/12/19;18:02:20.601;INFO;Controller;State = Ready;
18/12/19;18:02:20.832;INFO;Server;Command: ExecRobotTask (MT_loadCheck,500000);
18/12/19;18:02:20.833;INFO;Controller;Executing asynchronous activity: ExecRobotTask;
18/12/19;18:02:20.833;INFO;Controller;Status = Executing: MT_loadCheck;
18/12/19;18:02:20.833;INFO;Controller;State = Running;
18/12/19;18:02:21.749;INFO;Robot Runtime;executing:    MT_loadCheck;
18/12/19;18:02:30.491;INFO;Controller;Activity ExecRobotTask ended. Return value: Done ===>45,-0.737,-0.921,-2.316,0;
18/12/19;18:02:30.491;INFO;Controller;State = Ready;
18/12/19;18:02:30.698;INFO;Server;Command: ExecRobotTask (MT_loadCheck,500000);
18/12/19;18:02:30.698;INFO;Controller;Executing asynchronous activity: ExecRobotTask;
18/12/19;18:02:30.698;INFO;Controller;Status = Executing: MT_loadCheck;
18/12/19;18:02:30.698;INFO;Controller;State = Running;
18/12/19;18:02:31.615;INFO;Robot Runtime;executing:    MT_loadCheck;
18/12/19;18:02:40.389;INFO;Controller;Activity ExecRobotTask ended. Return value: Done ===>46,-0.694,-0.725,-2.371,0;
18/12/19;18:02:40.389;INFO;Controller;State = Ready;
18/12/19;18:02:40.590;INFO;Server;Command: ExecRobotTask (MT_loadCheck,500000);
18/12/19;18:02:40.590;INFO;Controller;Executing asynchronous activity: ExecRobotTask;
18/12/19;18:02:40.590;INFO;Controller;Status = Executing: MT_loadCheck;
18/12/19;18:02:40.590;INFO;Controller;State = Running;
18/12/19;18:02:41.505;INFO;Robot Runtime;executing:    MT_loadCheck;
18/12/19;18:02:50.284;INFO;Controller;Activity ExecRobotTask ended. Return value: Done ===>47,-0.094,-0.763,-1.892,0;
18/12/19;18:02:50.285;INFO;Controller;State = Ready;
18/12/19;18:02:50.516;INFO;Server;Command: ExecRobotTask (MT_loadCheck,500000);
18/12/19;18:02:50.516;INFO;Controller;Executing asynchronous activity: ExecRobotTask;
18/12/19;18:02:50.516;INFO;Controller;Status = Executing: MT_loadCheck;
18/12/19;18:02:50.516;INFO;Controller;State = Running;
18/12/19;18:02:51.435;INFO;Robot Runtime;executing:    MT_loadCheck;
18/12/19;18:03:00.175;INFO;Controller;Activity ExecRobotTask ended. Return value: Done ===>48,1.275,-0.977,-1.309,0;
18/12/19;18:03:00.175;INFO;Controller;State = Ready;
18/12/19;18:03:00.187;INFO;Server;Command: ExecRobotTask (TraceSample,500000);
18/12/19;18:03:00.187;INFO;Controller;Executing asynchronous activity: ExecRobotTask;
18/12/19;18:03:00.187;INFO;Controller;Status = Executing: TraceSample;
18/12/19;18:03:00.187;INFO;Controller;State = Running;
18/12/19;18:03:01.052;INFO;Robot Runtime;executing:    TraceSample;
18/12/19;18:03:02.679;INFO;Controller;Activity ExecRobotTask ended. Return value: Done False/False/False;
18/12/19;18:03:02.679;INFO;Controller;State = Ready;
18/12/19;18:03:02.688;INFO;Server;Command: ExecRobotTask (Finish,500000);
18/12/19;18:03:02.689;INFO;Controller;Executing asynchronous activity: ExecRobotTask;
18/12/19;18:03:02.689;INFO;Controller;Status = Executing: Finish;
18/12/19;18:03:02.689;INFO;Controller;State = Running;
18/12/19;18:03:03.649;INFO;Robot Runtime;executing:    Finish;
18/12/19;18:05:36.200;INFO;Controller;Activity ExecRobotTask ended. Return value: Done;
18/12/19;18:05:36.200;INFO;Controller;State = Ready;
18/12/19;18:38:03.266;INFO;Server;Command: ExecRobotTask (Initialize,500000);
18/12/19;18:38:03.266;INFO;Controller;Executing asynchronous activity: ExecRobotTask;
18/12/19;18:38:03.266;INFO;Controller;Status = Executing: Initialize;
18/12/19;18:38:03.267;INFO;Controller;State = Running;
18/12/19;18:38:04.309;INFO;Robot Runtime;executing:    Initialize;
18/12/19;18:38:05.508;INFO;Controller;Activity ExecRobotTask ended. Return value: Done;
18/12/19;18:38:05.508;INFO;Controller;State = Ready;
18/12/19;18:38:05.542;INFO;Server;Command: ExecRobotTask (Cooldown,500000);
18/12/19;18:38:05.542;INFO;Controller;Executing asynchronous activity: ExecRobotTask;
18/12/19;18:38:05.542;INFO;Controller;Status = Executing: Cooldown;
18/12/19;18:38:05.542;INFO;Controller;State = Running;
18/12/19;18:38:06.752;INFO;Robot Runtime;executing:    Cooldown;
18/12/19;18:39:24.768;INFO;Controller;Activity ExecRobotTask ended. Return value: Done;
18/12/19;18:39:24.768;INFO;Controller;State = Ready;
18/12/19;18:39:24.989;INFO;Server;Command: ExecRobotTask (MT_loadCheck,500000);
18/12/19;18:39:24.989;INFO;Controller;Executing asynchronous activity: ExecRobotTask;
18/12/19;18:39:24.989;INFO;Controller;Status = Executing: MT_loadCheck;
18/12/19;18:39:24.989;INFO;Controller;State = Running;
18/12/19;18:39:25.958;INFO;Robot Runtime;executing:    MT_loadCheck;
18/12/19;18:39:38.925;INFO;Controller;Activity ExecRobotTask ended. Return value: Done ===>1,0.45 ,-0.499,-2.77 ,0;
18/12/19;18:39:38.925;INFO;Controller;State = Ready;
18/12/19;18:39:39.153;INFO;Server;Command: ExecRobotTask (MT_loadCheck,500000);
18/12/19;18:39:39.154;INFO;Controller;Executing asynchronous activity: ExecRobotTask;
18/12/19;18:39:39.154;INFO;Controller;Status = Executing: MT_loadCheck;
18/12/19;18:39:39.154;INFO;Controller;State = Running;
18/12/19;18:39:40.073;INFO;Robot Runtime;executing:    MT_loadCheck;
18/12/19;18:39:48.807;INFO;Controller;Activity ExecRobotTask ended. Return value: Done ===>2,0.434,-0.438,-2.556,0;
18/12/19;18:39:48.807;INFO;Controller;State = Ready;
18/12/19;18:39:49.014;INFO;Server;Command: ExecRobotTask (MT_loadCheck,500000);
18/12/19;18:39:49.014;INFO;Controller;Executing asynchronous activity: ExecRobotTask;
18/12/19;18:39:49.014;INFO;Controller;Status = Executing: MT_loadCheck;
18/12/19;18:39:49.014;INFO;Controller;State = Running;
18/12/19;18:39:49.933;INFO;Robot Runtime;executing:    MT_loadCheck;
18/12/19;18:39:58.690;INFO;Controller;Activity ExecRobotTask ended. Return value: Done ===>3,0.686,-0.555,-1.313,0;
18/12/19;18:39:58.691;INFO;Controller;State = Ready;
18/12/19;18:39:58.894;INFO;Server;Command: ExecRobotTask (MT_loadCheck,500000);
18/12/19;18:39:58.894;INFO;Controller;Executing asynchronous activity: ExecRobotTask;
18/12/19;18:39:58.894;INFO;Controller;Status = Executing: MT_loadCheck;
18/12/19;18:39:58.894;INFO;Controller;State = Running;
18/12/19;18:39:59.813;INFO;Robot Runtime;executing:    MT_loadCheck;
18/12/19;18:40:08.575;INFO;Controller;Activity ExecRobotTask ended. Return value: Done ===>4,-0.216,-0.355,-2.107,0;
18/12/19;18:40:08.576;INFO;Controller;State = Ready;
18/12/19;18:40:08.801;INFO;Server;Command: ExecRobotTask (MT_loadCheck,500000);
18/12/19;18:40:08.801;INFO;Controller;Executing asynchronous activity: ExecRobotTask;
18/12/19;18:40:08.801;INFO;Controller;Status = Executing: MT_loadCheck;
18/12/19;18:40:08.801;INFO;Controller;State = Running;
18/12/19;18:40:09.721;INFO;Robot Runtime;executing:    MT_loadCheck;
18/12/19;18:40:18.454;INFO;Controller;Activity ExecRobotTask ended. Return value: Done ===>5,-0.077,-0.436,-2.065,0;
18/12/19;18:40:18.454;INFO;Controller;State = Ready;
18/12/19;18:40:18.658;INFO;Server;Command: ExecRobotTask (MT_loadCheck,500000);
18/12/19;18:40:18.659;INFO;Controller;Executing asynchronous activity: ExecRobotTask;
18/12/19;18:40:18.659;INFO;Controller;Status = Executing: MT_loadCheck;
18/12/19;18:40:18.659;INFO;Controller;State = Running;
18/12/19;18:40:19.581;INFO;Robot Runtime;executing:    MT_loadCheck;
18/12/19;18:40:28.330;INFO;Controller;Activity ExecRobotTask ended. Return value: Done ===>6,-0.66 ,-0.388,-2.664,0;
18/12/19;18:40:28.330;INFO;Controller;State = Ready;
18/12/19;18:40:28.528;INFO;Server;Command: ExecRobotTask (MT_loadCheck,500000);
18/12/19;18:40:28.528;INFO;Controller;Executing asynchronous activity: ExecRobotTask;
18/12/19;18:40:28.528;INFO;Controller;Status = Executing: MT_loadCheck;
18/12/19;18:40:28.529;INFO;Controller;State = Running;
18/12/19;18:40:29.445;INFO;Robot Runtime;executing:    MT_loadCheck;
18/12/19;18:40:38.186;INFO;Controller;Activity ExecRobotTask ended. Return value: Done ===>7,-0.088,-0.299,-2.093,0;
18/12/19;18:40:38.186;INFO;Controller;State = Ready;
18/12/19;18:40:38.415;INFO;Server;Command: ExecRobotTask (MT_loadCheck,500000);
18/12/19;18:40:38.415;INFO;Controller;Executing asynchronous activity: ExecRobotTask;
18/12/19;18:40:38.415;INFO;Controller;Status = Executing: MT_loadCheck;
18/12/19;18:40:38.415;INFO;Controller;State = Running;
18/12/19;18:40:39.332;INFO;Robot Runtime;executing:    MT_loadCheck;
18/12/19;18:40:48.050;INFO;Controller;Activity ExecRobotTask ended. Return value: Done ===>8,1.637,-0.607,-1.532,0;
18/12/19;18:40:48.050;INFO;Controller;State = Ready;
18/12/19;18:40:48.256;INFO;Server;Command: ExecRobotTask (MT_loadCheck,500000);
18/12/19;18:40:48.256;INFO;Controller;Executing asynchronous activity: ExecRobotTask;
18/12/19;18:40:48.256;INFO;Controller;Status = Executing: MT_loadCheck;
18/12/19;18:40:48.256;INFO;Controller;State = Running;
18/12/19;18:40:49.169;INFO;Robot Runtime;executing:    MT_loadCheck;
18/12/19;18:40:57.926;INFO;Controller;Activity ExecRobotTask ended. Return value: Done ===>9,1.437,-0.485,-1.503,0;
18/12/19;18:40:57.927;INFO;Controller;State = Ready;
18/12/19;18:40:58.127;INFO;Server;Command: ExecRobotTask (MT_loadCheck,500000);
18/12/19;18:40:58.128;INFO;Controller;Executing asynchronous activity: ExecRobotTask;
18/12/19;18:40:58.128;INFO;Controller;Status = Executing: MT_loadCheck;
18/12/19;18:40:58.128;INFO;Controller;State = Running;
18/12/19;18:40:59.045;INFO;Robot Runtime;executing:    MT_loadCheck;
18/12/19;18:41:07.816;INFO;Controller;Activity ExecRobotTask ended. Return value: Done ===>10,2.037,-0.334,-1.117,0;
18/12/19;18:41:07.817;INFO;Controller;State = Ready;
18/12/19;18:41:08.050;INFO;Server;Command: ExecRobotTask (MT_loadCheck,500000);
18/12/19;18:41:08.050;INFO;Controller;Executing asynchronous activity: ExecRobotTask;
18/12/19;18:41:08.051;INFO;Controller;Status = Executing: MT_loadCheck;
18/12/19;18:41:08.051;INFO;Controller;State = Running;
18/12/19;18:41:08.962;INFO;Robot Runtime;executing:    MT_loadCheck;
18/12/19;18:41:17.702;INFO;Controller;Activity ExecRobotTask ended. Return value: Done ===>11,2.323,0.123,-0.485,0;
18/12/19;18:41:17.702;INFO;Controller;State = Ready;
18/12/19;18:41:17.901;INFO;Server;Command: ExecRobotTask (MT_loadCheck,500000);
18/12/19;18:41:17.901;INFO;Controller;Executing asynchronous activity: ExecRobotTask;
18/12/19;18:41:17.901;INFO;Controller;Status = Executing: MT_loadCheck;
18/12/19;18:41:17.901;INFO;Controller;State = Running;
18/12/19;18:41:18.817;INFO;Robot Runtime;executing:    MT_loadCheck;
18/12/19;18:41:27.580;INFO;Controller;Activity ExecRobotTask ended. Return value: Done ===>12,1.041,0.413,-1.142,0;
18/12/19;18:41:27.580;INFO;Controller;State = Ready;
18/12/19;18:41:27.780;INFO;Server;Command: ExecRobotTask (MT_loadCheck,500000);
18/12/19;18:41:27.780;INFO;Controller;Executing asynchronous activity: ExecRobotTask;
18/12/19;18:41:27.780;INFO;Controller;Status = Executing: MT_loadCheck;
18/12/19;18:41:27.780;INFO;Controller;State = Running;
18/12/19;18:41:28.699;INFO;Robot Runtime;executing:    MT_loadCheck;
18/12/19;18:41:37.460;INFO;Controller;Activity ExecRobotTask ended. Return value: Done ===>13,0.286,-0.246,-2.667,0;
18/12/19;18:41:37.460;INFO;Controller;State = Ready;
18/12/19;18:41:37.691;INFO;Server;Command: ExecRobotTask (MT_loadCheck,500000);
18/12/19;18:41:37.691;INFO;Controller;Executing asynchronous activity: ExecRobotTask;
18/12/19;18:41:37.691;INFO;Controller;Status = Executing: MT_loadCheck;
18/12/19;18:41:37.691;INFO;Controller;State = Running;
18/12/19;18:41:38.607;INFO;Robot Runtime;executing:    MT_loadCheck;
18/12/19;18:41:47.374;INFO;Controller;Activity ExecRobotTask ended. Return value: Done ===>14,-0.647,-0.146,-3.015,0;
18/12/19;18:41:47.374;INFO;Controller;State = Ready;
18/12/19;18:41:47.581;INFO;Server;Command: ExecRobotTask (MT_loadCheck,500000);
18/12/19;18:41:47.581;INFO;Controller;Executing asynchronous activity: ExecRobotTask;
18/12/19;18:41:47.581;INFO;Controller;Status = Executing: MT_loadCheck;
18/12/19;18:41:47.581;INFO;Controller;State = Running;
18/12/19;18:41:48.505;INFO;Robot Runtime;executing:    MT_loadCheck;
18/12/19;18:41:56.846;INFO;Controller;Activity ExecRobotTask ended. Return value: Done ===>15,-0.567,-0.474,-2.609,0;
18/12/19;18:41:56.846;INFO;Controller;State = Ready;
18/12/19;18:41:57.058;INFO;Server;Command: ExecRobotTask (MT_loadCheck,500000);
18/12/19;18:41:57.058;INFO;Controller;Executing asynchronous activity: ExecRobotTask;
18/12/19;18:41:57.058;INFO;Controller;Status = Executing: MT_loadCheck;
18/12/19;18:41:57.058;INFO;Controller;State = Running;
18/12/19;18:41:58.005;INFO;Robot Runtime;executing:    MT_loadCheck;
18/12/19;18:42:06.612;INFO;Controller;Activity ExecRobotTask ended. Return value: Done ===>16,-0.723,-0.409,-2.527,0;
18/12/19;18:42:06.612;INFO;Controller;State = Ready;
18/12/19;18:42:06.816;INFO;Server;Command: ExecRobotTask (MT_loadCheck,500000);
18/12/19;18:42:06.816;INFO;Controller;Executing asynchronous activity: ExecRobotTask;
18/12/19;18:42:06.816;INFO;Controller;Status = Executing: MT_loadCheck;
18/12/19;18:42:06.816;INFO;Controller;State = Running;
18/12/19;18:42:07.732;INFO;Robot Runtime;executing:    MT_loadCheck;
18/12/19;18:42:16.499;INFO;Controller;Activity ExecRobotTask ended. Return value: Done ===>17,-0.316,-0.498,-2.459,0;
18/12/19;18:42:16.499;INFO;Controller;State = Ready;
18/12/19;18:42:16.705;INFO;Server;Command: ExecRobotTask (MT_loadCheck,500000);
18/12/19;18:42:16.705;INFO;Controller;Executing asynchronous activity: ExecRobotTask;
18/12/19;18:42:16.705;INFO;Controller;Status = Executing: MT_loadCheck;
18/12/19;18:42:16.705;INFO;Controller;State = Running;
18/12/19;18:42:17.627;INFO;Robot Runtime;executing:    MT_loadCheck;
18/12/19;18:42:26.371;INFO;Controller;Activity ExecRobotTask ended. Return value: Done ===>18,0.326,-0.778,-0.969,0;
18/12/19;18:42:26.371;INFO;Controller;State = Ready;
18/12/19;18:42:26.576;INFO;Server;Command: ExecRobotTask (MT_loadCheck,500000);
18/12/19;18:42:26.576;INFO;Controller;Executing asynchronous activity: ExecRobotTask;
18/12/19;18:42:26.576;INFO;Controller;Status = Executing: MT_loadCheck;
18/12/19;18:42:26.576;INFO;Controller;State = Running;
18/12/19;18:42:27.493;INFO;Robot Runtime;executing:    MT_loadCheck;
18/12/19;18:42:36.252;INFO;Controller;Activity ExecRobotTask ended. Return value: Done ===>19,0.039,-0.692,-1.926,0;
18/12/19;18:42:36.252;INFO;Controller;State = Ready;
18/12/19;18:42:36.450;INFO;Server;Command: ExecRobotTask (MT_loadCheck,500000);
18/12/19;18:42:36.450;INFO;Controller;Executing asynchronous activity: ExecRobotTask;
18/12/19;18:42:36.450;INFO;Controller;Status = Executing: MT_loadCheck;
18/12/19;18:42:36.450;INFO;Controller;State = Running;
18/12/19;18:42:37.372;INFO;Robot Runtime;executing:    MT_loadCheck;
18/12/19;18:42:46.138;INFO;Controller;Activity ExecRobotTask ended. Return value: Done ===>20,-0.614,-0.568,-1.972,0;
18/12/19;18:42:46.139;INFO;Controller;State = Ready;
18/12/19;18:42:46.374;INFO;Server;Command: ExecRobotTask (MT_loadCheck,500000);
18/12/19;18:42:46.374;INFO;Controller;Executing asynchronous activity: ExecRobotTask;
18/12/19;18:42:46.374;INFO;Controller;Status = Executing: MT_loadCheck;
18/12/19;18:42:46.374;INFO;Controller;State = Running;
18/12/19;18:42:47.287;INFO;Robot Runtime;executing:    MT_loadCheck;
18/12/19;18:42:56.004;INFO;Controller;Activity ExecRobotTask ended. Return value: Done ===>21,-0.291,-0.829,-2.301,0;
18/12/19;18:42:56.004;INFO;Controller;State = Ready;
18/12/19;18:42:56.205;INFO;Server;Command: ExecRobotTask (MT_loadCheck,500000);
18/12/19;18:42:56.205;INFO;Controller;Executing asynchronous activity: ExecRobotTask;
18/12/19;18:42:56.205;INFO;Controller;Status = Executing: MT_loadCheck;
18/12/19;18:42:56.205;INFO;Controller;State = Running;
18/12/19;18:42:57.123;INFO;Robot Runtime;executing:    MT_loadCheck;
18/12/19;18:43:05.884;INFO;Controller;Activity ExecRobotTask ended. Return value: Done ===>22,0.241,-0.526,-1.258,0;
18/12/19;18:43:05.884;INFO;Controller;State = Ready;
18/12/19;18:43:06.086;INFO;Server;Command: ExecRobotTask (MT_loadCheck,500000);
18/12/19;18:43:06.087;INFO;Controller;Executing asynchronous activity: ExecRobotTask;
18/12/19;18:43:06.087;INFO;Controller;Status = Executing: MT_loadCheck;
18/12/19;18:43:06.087;INFO;Controller;State = Running;
18/12/19;18:43:07.009;INFO;Robot Runtime;executing:    MT_loadCheck;
18/12/19;18:43:15.760;INFO;Controller;Activity ExecRobotTask ended. Return value: Done ===>23,0.494,-0.076,-1.311,0;
18/12/19;18:43:15.760;INFO;Controller;State = Ready;
18/12/19;18:43:15.995;INFO;Server;Command: ExecRobotTask (MT_loadCheck,500000);
18/12/19;18:43:15.995;INFO;Controller;Executing asynchronous activity: ExecRobotTask;
18/12/19;18:43:15.995;INFO;Controller;Status = Executing: MT_loadCheck;
18/12/19;18:43:15.995;INFO;Controller;State = Running;
18/12/19;18:43:16.910;INFO;Robot Runtime;executing:    MT_loadCheck;
18/12/19;18:43:25.619;INFO;Controller;Activity ExecRobotTask ended. Return value: Done ===>24,-0.13 ,0.108,-2.015,0;
18/12/19;18:43:25.619;INFO;Controller;State = Ready;
18/12/19;18:43:25.830;INFO;Server;Command: ExecRobotTask (MT_loadCheck,500000);
18/12/19;18:43:25.830;INFO;Controller;Executing asynchronous activity: ExecRobotTask;
18/12/19;18:43:25.830;INFO;Controller;Status = Executing: MT_loadCheck;
18/12/19;18:43:25.830;INFO;Controller;State = Running;
18/12/19;18:43:26.743;INFO;Robot Runtime;executing:    MT_loadCheck;
18/12/19;18:43:35.305;INFO;Controller;Activity ExecRobotTask ended. Return value: Done ===>25,-0.83 ,0.059,-1.665,0;
18/12/19;18:43:35.305;INFO;Controller;State = Ready;
18/12/19;18:43:35.510;INFO;Server;Command: ExecRobotTask (MT_loadCheck,500000);
18/12/19;18:43:35.510;INFO;Controller;Executing asynchronous activity: ExecRobotTask;
18/12/19;18:43:35.510;INFO;Controller;Status = Executing: MT_loadCheck;
18/12/19;18:43:35.510;INFO;Controller;State = Running;
18/12/19;18:43:36.431;INFO;Robot Runtime;executing:    MT_loadCheck;
18/12/19;18:43:45.354;INFO;Controller;Activity ExecRobotTask ended. Return value: Done ===>26,-1.206,-0.466,-1.477,0;
18/12/19;18:43:45.354;INFO;Controller;State = Ready;
18/12/19;18:43:45.587;INFO;Server;Command: ExecRobotTask (MT_loadCheck,500000);
18/12/19;18:43:45.587;INFO;Controller;Executing asynchronous activity: ExecRobotTask;
18/12/19;18:43:45.587;INFO;Controller;Status = Executing: MT_loadCheck;
18/12/19;18:43:45.588;INFO;Controller;State = Running;
18/12/19;18:43:46.509;INFO;Robot Runtime;executing:    MT_loadCheck;
18/12/19;18:43:55.070;INFO;Controller;Activity ExecRobotTask ended. Return value: Done ===>27,-1.018,-0.402,-1.656,0;
18/12/19;18:43:55.070;INFO;Controller;State = Ready;
18/12/19;18:43:55.275;INFO;Server;Command: ExecRobotTask (MT_loadCheck,500000);
18/12/19;18:43:55.275;INFO;Controller;Executing asynchronous activity: ExecRobotTask;
18/12/19;18:43:55.275;INFO;Controller;Status = Executing: MT_loadCheck;
18/12/19;18:43:55.275;INFO;Controller;State = Running;
18/12/19;18:43:56.198;INFO;Robot Runtime;executing:    MT_loadCheck;
18/12/19;18:44:05.119;INFO;Controller;Activity ExecRobotTask ended. Return value: Done ===>28,-0.614,-0.935,-1.921,0;
18/12/19;18:44:05.119;INFO;Controller;State = Ready;
18/12/19;18:44:05.322;INFO;Server;Command: ExecRobotTask (MT_loadCheck,500000);
18/12/19;18:44:05.322;INFO;Controller;Executing asynchronous activity: ExecRobotTask;
18/12/19;18:44:05.322;INFO;Controller;Status = Executing: MT_loadCheck;
18/12/19;18:44:05.322;INFO;Controller;State = Running;
18/12/19;18:44:06.243;INFO;Robot Runtime;executing:    MT_loadCheck;
18/12/19;18:44:15.025;INFO;Controller;Activity ExecRobotTask ended. Return value: Done ===>29,-0.8  ,-1.416,-2.501,0;
18/12/19;18:44:15.025;INFO;Controller;State = Ready;
18/12/19;18:44:15.260;INFO;Server;Command: ExecRobotTask (MT_loadCheck,500000);
18/12/19;18:44:15.260;INFO;Controller;Executing asynchronous activity: ExecRobotTask;
18/12/19;18:44:15.260;INFO;Controller;Status = Executing: MT_loadCheck;
18/12/19;18:44:15.260;INFO;Controller;State = Running;
18/12/19;18:44:16.179;INFO;Robot Runtime;executing:    MT_loadCheck;
18/12/19;18:44:24.936;INFO;Controller;Activity ExecRobotTask ended. Return value: Done ===>30,-0.736,-1.848,-1.744,0;
18/12/19;18:44:24.936;INFO;Controller;State = Ready;
18/12/19;18:44:25.143;INFO;Server;Command: ExecRobotTask (MT_loadCheck,500000);
18/12/19;18:44:25.144;INFO;Controller;Executing asynchronous activity: ExecRobotTask;
18/12/19;18:44:25.144;INFO;Controller;Status = Executing: MT_loadCheck;
18/12/19;18:44:25.144;INFO;Controller;State = Running;
18/12/19;18:44:26.064;INFO;Robot Runtime;executing:    MT_loadCheck;
18/12/19;18:44:34.848;INFO;Controller;Activity ExecRobotTask ended. Return value: Done ===>31,0.144,-1.205,-1.53 ,0;
18/12/19;18:44:34.849;INFO;Controller;State = Ready;
18/12/19;18:44:35.062;INFO;Server;Command: ExecRobotTask (MT_loadCheck,500000);
18/12/19;18:44:35.062;INFO;Controller;Executing asynchronous activity: ExecRobotTask;
18/12/19;18:44:35.062;INFO;Controller;Status = Executing: MT_loadCheck;
18/12/19;18:44:35.062;INFO;Controller;State = Running;
18/12/19;18:44:35.978;INFO;Robot Runtime;executing:    MT_loadCheck;
18/12/19;18:44:44.752;INFO;Controller;Activity ExecRobotTask ended. Return value: Done ===>32,0.383,-0.759,-2.526,0;
18/12/19;18:44:44.752;INFO;Controller;State = Ready;
18/12/19;18:44:44.980;INFO;Server;Command: ExecRobotTask (MT_loadCheck,500000);
18/12/19;18:44:44.980;INFO;Controller;Executing asynchronous activity: ExecRobotTask;
18/12/19;18:44:44.980;INFO;Controller;Status = Executing: MT_loadCheck;
18/12/19;18:44:44.980;INFO;Controller;State = Running;
18/12/19;18:44:45.898;INFO;Robot Runtime;executing:    MT_loadCheck;
18/12/19;18:44:54.636;INFO;Controller;Activity ExecRobotTask ended. Return value: Done ===>33,-0.001,-0.511,-2.024,0;
18/12/19;18:44:54.636;INFO;Controller;State = Ready;
18/12/19;18:44:54.841;INFO;Server;Command: ExecRobotTask (MT_loadCheck,500000);
18/12/19;18:44:54.841;INFO;Controller;Executing asynchronous activity: ExecRobotTask;
18/12/19;18:44:54.841;INFO;Controller;Status = Executing: MT_loadCheck;
18/12/19;18:44:54.841;INFO;Controller;State = Running;
18/12/19;18:44:55.759;INFO;Robot Runtime;executing:    MT_loadCheck;
18/12/19;18:45:04.516;INFO;Controller;Activity ExecRobotTask ended. Return value: Done ===>34,-0.015,-0.654,-1.338,0;
18/12/19;18:45:04.516;INFO;Controller;State = Ready;
18/12/19;18:45:04.716;INFO;Server;Command: ExecRobotTask (MT_loadCheck,500000);
18/12/19;18:45:04.716;INFO;Controller;Executing asynchronous activity: ExecRobotTask;
18/12/19;18:45:04.716;INFO;Controller;Status = Executing: MT_loadCheck;
18/12/19;18:45:04.717;INFO;Controller;State = Running;
18/12/19;18:45:05.635;INFO;Robot Runtime;executing:    MT_loadCheck;
18/12/19;18:45:14.422;INFO;Controller;Activity ExecRobotTask ended. Return value: Done ===>35,0.321,-0.74 ,-1.937,0;
18/12/19;18:45:14.422;INFO;Controller;State = Ready;
18/12/19;18:45:14.658;INFO;Server;Command: ExecRobotTask (MT_loadCheck,500000);
18/12/19;18:45:14.658;INFO;Controller;Executing asynchronous activity: ExecRobotTask;
18/12/19;18:45:14.658;INFO;Controller;Status = Executing: MT_loadCheck;
18/12/19;18:45:14.658;INFO;Controller;State = Running;
18/12/19;18:45:15.574;INFO;Robot Runtime;executing:    MT_loadCheck;
18/12/19;18:45:24.299;INFO;Controller;Activity ExecRobotTask ended. Return value: Done ===>36,-0.139,-0.632,-2.144,0;
18/12/19;18:45:24.299;INFO;Controller;State = Ready;
18/12/19;18:45:24.501;INFO;Server;Command: ExecRobotTask (MT_loadCheck,500000);
18/12/19;18:45:24.502;INFO;Controller;Executing asynchronous activity: ExecRobotTask;
18/12/19;18:45:24.502;INFO;Controller;Status = Executing: MT_loadCheck;
18/12/19;18:45:24.502;INFO;Controller;State = Running;
18/12/19;18:45:25.422;INFO;Robot Runtime;executing:    MT_loadCheck;
18/12/19;18:45:34.172;INFO;Controller;Activity ExecRobotTask ended. Return value: Done ===>37,0.318,-0.702,-1.851,0;
18/12/19;18:45:34.173;INFO;Controller;State = Ready;
18/12/19;18:45:34.376;INFO;Server;Command: ExecRobotTask (MT_loadCheck,500000);
18/12/19;18:45:34.376;INFO;Controller;Executing asynchronous activity: ExecRobotTask;
18/12/19;18:45:34.376;INFO;Controller;Status = Executing: MT_loadCheck;
18/12/19;18:45:34.376;INFO;Controller;State = Running;
18/12/19;18:45:35.295;INFO;Robot Runtime;executing:    MT_loadCheck;
18/12/19;18:45:44.066;INFO;Controller;Activity ExecRobotTask ended. Return value: Done ===>38,0.484,-0.727,-1.933,0;
18/12/19;18:45:44.066;INFO;Controller;State = Ready;
18/12/19;18:45:44.298;INFO;Server;Command: ExecRobotTask (MT_loadCheck,500000);
18/12/19;18:45:44.298;INFO;Controller;Executing asynchronous activity: ExecRobotTask;
18/12/19;18:45:44.298;INFO;Controller;Status = Executing: MT_loadCheck;
18/12/19;18:45:44.298;INFO;Controller;State = Running;
18/12/19;18:45:45.217;INFO;Robot Runtime;executing:    MT_loadCheck;
18/12/19;18:45:53.953;INFO;Controller;Activity ExecRobotTask ended. Return value: Done ===>39,0.607,-0.411,-2.189,0;
18/12/19;18:45:53.953;INFO;Controller;State = Ready;
18/12/19;18:45:54.152;INFO;Server;Command: ExecRobotTask (MT_loadCheck,500000);
18/12/19;18:45:54.152;INFO;Controller;Executing asynchronous activity: ExecRobotTask;
18/12/19;18:45:54.152;INFO;Controller;Status = Executing: MT_loadCheck;
18/12/19;18:45:54.153;INFO;Controller;State = Running;
18/12/19;18:45:55.073;INFO;Robot Runtime;executing:    MT_loadCheck;
18/12/19;18:46:03.856;INFO;Controller;Activity ExecRobotTask ended. Return value: Done ===>40,0.252,-0.668,-2.789,0;
18/12/19;18:46:03.856;INFO;Controller;State = Ready;
18/12/19;18:46:04.056;INFO;Server;Command: ExecRobotTask (MT_loadCheck,500000);
18/12/19;18:46:04.056;INFO;Controller;Executing asynchronous activity: ExecRobotTask;
18/12/19;18:46:04.056;INFO;Controller;Status = Executing: MT_loadCheck;
18/12/19;18:46:04.056;INFO;Controller;State = Running;
18/12/19;18:46:04.974;INFO;Robot Runtime;executing:    MT_loadCheck;
18/12/19;18:46:13.732;INFO;Controller;Activity ExecRobotTask ended. Return value: Done ===>41,0.291,-0.684,-2.153,0;
18/12/19;18:46:13.733;INFO;Controller;State = Ready;
18/12/19;18:46:13.965;INFO;Server;Command: ExecRobotTask (MT_loadCheck,500000);
18/12/19;18:46:13.965;INFO;Controller;Executing asynchronous activity: ExecRobotTask;
18/12/19;18:46:13.965;INFO;Controller;Status = Executing: MT_loadCheck;
18/12/19;18:46:13.965;INFO;Controller;State = Running;
18/12/19;18:46:14.879;INFO;Robot Runtime;executing:    MT_loadCheck;
18/12/19;18:46:23.630;INFO;Controller;Activity ExecRobotTask ended. Return value: Done ===>42,-0.052,0.067,-1.966,0;
18/12/19;18:46:23.630;INFO;Controller;State = Ready;
18/12/19;18:46:23.845;INFO;Server;Command: ExecRobotTask (MT_loadCheck,500000);
18/12/19;18:46:23.845;INFO;Controller;Executing asynchronous activity: ExecRobotTask;
18/12/19;18:46:23.845;INFO;Controller;Status = Executing: MT_loadCheck;
18/12/19;18:46:23.845;INFO;Controller;State = Running;
18/12/19;18:46:24.758;INFO;Robot Runtime;executing:    MT_loadCheck;
18/12/19;18:46:33.523;INFO;Controller;Activity ExecRobotTask ended. Return value: Done ===>43,-0.104,-0.707,-2.061,0;
18/12/19;18:46:33.523;INFO;Controller;State = Ready;
18/12/19;18:46:33.731;INFO;Server;Command: ExecRobotTask (MT_loadCheck,500000);
18/12/19;18:46:33.731;INFO;Controller;Executing asynchronous activity: ExecRobotTask;
18/12/19;18:46:33.731;INFO;Controller;Status = Executing: MT_loadCheck;
18/12/19;18:46:33.731;INFO;Controller;State = Running;
18/12/19;18:46:34.651;INFO;Robot Runtime;executing:    MT_loadCheck;
18/12/19;18:46:43.422;INFO;Controller;Activity ExecRobotTask ended. Return value: Done ===>44,-0.642,-0.777,-2.697,0;
18/12/19;18:46:43.422;INFO;Controller;State = Ready;
18/12/19;18:46:43.651;INFO;Server;Command: ExecRobotTask (MT_loadCheck,500000);
18/12/19;18:46:43.651;INFO;Controller;Executing asynchronous activity: ExecRobotTask;
18/12/19;18:46:43.651;INFO;Controller;Status = Executing: MT_loadCheck;
18/12/19;18:46:43.651;INFO;Controller;State = Running;
18/12/19;18:46:44.573;INFO;Robot Runtime;executing:    MT_loadCheck;
18/12/19;18:46:53.306;INFO;Controller;Activity ExecRobotTask ended. Return value: Done ===>45,-0.733,-0.902,-1.995,0;
18/12/19;18:46:53.306;INFO;Controller;State = Ready;
18/12/19;18:46:53.507;INFO;Server;Command: ExecRobotTask (MT_loadCheck,500000);
18/12/19;18:46:53.507;INFO;Controller;Executing asynchronous activity: ExecRobotTask;
18/12/19;18:46:53.507;INFO;Controller;Status = Executing: MT_loadCheck;
18/12/19;18:46:53.508;INFO;Controller;State = Running;
18/12/19;18:46:54.427;INFO;Robot Runtime;executing:    MT_loadCheck;
18/12/19;18:47:03.198;INFO;Controller;Activity ExecRobotTask ended. Return value: Done ===>46,-0.636,-0.777,-2.33 ,0;
18/12/19;18:47:03.198;INFO;Controller;State = Ready;
18/12/19;18:47:03.400;INFO;Server;Command: ExecRobotTask (MT_loadCheck,500000);
18/12/19;18:47:03.400;INFO;Controller;Executing asynchronous activity: ExecRobotTask;
18/12/19;18:47:03.400;INFO;Controller;Status = Executing: MT_loadCheck;
18/12/19;18:47:03.400;INFO;Controller;State = Running;
18/12/19;18:47:04.322;INFO;Robot Runtime;executing:    MT_loadCheck;
18/12/19;18:47:13.065;INFO;Controller;Activity ExecRobotTask ended. Return value: Done ===>47,-0.101,-0.787,-2.335,0;
18/12/19;18:47:13.065;INFO;Controller;State = Ready;
18/12/19;18:47:13.302;INFO;Server;Command: ExecRobotTask (MT_loadCheck,500000);
18/12/19;18:47:13.302;INFO;Controller;Executing asynchronous activity: ExecRobotTask;
18/12/19;18:47:13.302;INFO;Controller;Status = Executing: MT_loadCheck;
18/12/19;18:47:13.302;INFO;Controller;State = Running;
18/12/19;18:47:14.220;INFO;Robot Runtime;executing:    MT_loadCheck;
18/12/19;18:47:22.963;INFO;Controller;Activity ExecRobotTask ended. Return value: Done ===>48,1.505,-0.996,-1.783,0;
18/12/19;18:47:22.963;INFO;Controller;State = Ready;
18/12/19;18:47:22.978;INFO;Server;Command: ExecRobotTask (TraceSample,500000);
18/12/19;18:47:22.978;INFO;Controller;Executing asynchronous activity: ExecRobotTask;
18/12/19;18:47:22.978;INFO;Controller;Status = Executing: TraceSample;
18/12/19;18:47:22.978;INFO;Controller;State = Running;
18/12/19;18:47:23.842;INFO;Robot Runtime;executing:    TraceSample;
18/12/19;18:47:25.455;INFO;Controller;Activity ExecRobotTask ended. Return value: Done False/False/False;
18/12/19;18:47:25.455;INFO;Controller;State = Ready;
18/12/19;18:47:25.463;INFO;Server;Command: ExecRobotTask (Finish,500000);
18/12/19;18:47:25.463;INFO;Controller;Executing asynchronous activity: ExecRobotTask;
18/12/19;18:47:25.464;INFO;Controller;Status = Executing: Finish;
18/12/19;18:47:25.464;INFO;Controller;State = Running;
18/12/19;18:47:26.563;INFO;Robot Runtime;executing:    Finish;
18/12/19;18:49:58.841;INFO;Controller;Activity ExecRobotTask ended. Return value: Done;
18/12/19;18:49:58.841;INFO;Controller;State = Ready;
