18/07/19;13:42:36.112;INFO;Interface;Command: ExecRobotTask (openportlid,-1);
18/07/19;13:42:36.112;INFO;Controller;Executing asynchronous activity: ExecRobotTask;
18/07/19;13:42:36.112;INFO;Controller;Status = Executing: openportlid;
18/07/19;13:42:36.112;INFO;Controller;State = Running;
18/07/19;13:42:36.963;INFO;Robot Runtime;executing:    openportlid;
18/07/19;13:42:37.672;INFO;Controller;Activity ExecRobotTask ended. Return value: Done;
18/07/19;13:42:37.672;INFO;Controller;State = Ready;
18/07/19;13:42:49.402;INFO;Interface;Command: ExecRobotTask (openportlid,-1);
18/07/19;13:42:49.402;INFO;Controller;Executing asynchronous activity: ExecRobotTask;
18/07/19;13:42:49.402;INFO;Controller;Status = Executing: openportlid;
18/07/19;13:42:49.402;INFO;Controller;State = Running;
18/07/19;13:42:50.257;INFO;Robot Runtime;executing:    openportlid;
18/07/19;13:42:50.505;INFO;Controller;Activity ExecRobotTask ended. Return value: Done;
18/07/19;13:42:50.505;INFO;Controller;State = Ready;
18/07/19;13:49:35.484;INFO;Interface;Command: ExecRobotTask (closeports,-1);
18/07/19;13:49:35.484;INFO;Controller;Executing asynchronous activity: ExecRobotTask;
18/07/19;13:49:35.484;INFO;Controller;Status = Executing: closeports;
18/07/19;13:49:35.484;INFO;Controller;State = Running;
18/07/19;13:49:36.437;INFO;Robot Runtime;executing:    closeports;
18/07/19;13:49:36.694;INFO;Controller;Activity ExecRobotTask ended. Return value: Done;
18/07/19;13:49:36.694;INFO;Controller;State = Ready;
18/07/19;13:49:46.356;INFO;Interface;Command: ExecRobotTask (initialize,-1);
18/07/19;13:49:46.356;INFO;Controller;Executing asynchronous activity: ExecRobotTask;
18/07/19;13:49:46.356;INFO;Controller;Status = Executing: initialize;
18/07/19;13:49:46.356;INFO;Controller;State = Running;
18/07/19;13:49:47.291;INFO;Robot Runtime;executing:    initialize;
18/07/19;13:49:49.102;INFO;Robot Runtime;Failed to turn on the smart magnet;
18/07/19;13:49:49.495;INFO;Controller;Activity ExecRobotTask ended. Return value: ABORT: Smart Magnet Power is Off;
18/07/19;13:49:49.495;INFO;Controller;State = Ready;
18/07/19;13:49:52.100;INFO;Interface;Command: Abort;
18/07/19;13:49:52.100;INFO;Robot;Abort;
18/07/19;13:50:19.661;INFO;Interface;Command: ExecRobotTask (finish,-1);
18/07/19;13:50:19.661;INFO;Controller;Executing asynchronous activity: ExecRobotTask;
18/07/19;13:50:19.661;INFO;Controller;Status = Executing: finish;
18/07/19;13:50:19.661;INFO;Controller;State = Running;
18/07/19;13:50:20.828;INFO;Robot Runtime;executing:    finish;
18/07/19;13:52:11.025;INFO;Controller;Activity ExecRobotTask ended. Return value: Done;
18/07/19;13:52:11.026;INFO;Controller;State = Ready;
18/07/19;14:02:37.696;INFO;Server;Command: ExecRobotTask (Initialize,500000);
18/07/19;14:02:37.696;INFO;Controller;Executing asynchronous activity: ExecRobotTask;
18/07/19;14:02:37.696;INFO;Controller;Status = Executing: Initialize;
18/07/19;14:02:37.696;INFO;Controller;State = Running;
18/07/19;14:02:38.594;INFO;Robot Runtime;executing:    Initialize;
18/07/19;14:02:40.418;INFO;Robot Runtime;Failed to turn on the smart magnet;
18/07/19;14:02:40.919;INFO;Controller;Activity ExecRobotTask ended. Return value: ABORT: Smart Magnet Power is Off;
18/07/19;14:02:40.919;INFO;Controller;State = Ready;
18/07/19;14:02:40.941;INFO;Server;Command: ExecRobotTask (Park,500000);
18/07/19;14:02:40.941;INFO;Controller;Executing asynchronous activity: ExecRobotTask;
18/07/19;14:02:40.941;INFO;Controller;Status = Executing: Park;
18/07/19;14:02:40.941;INFO;Controller;State = Running;
18/07/19;14:02:41.814;INFO;Robot Runtime;executing:    Park;
18/07/19;14:02:51.140;INFO;Controller;Activity ExecRobotTask ended. Return value: Done;
18/07/19;14:02:51.140;INFO;Controller;State = Ready;
18/07/19;14:04:07.149;INFO;Server;Command: ExecRobotTask (Cooldown,500000);
18/07/19;14:04:07.149;INFO;Controller;Executing asynchronous activity: ExecRobotTask;
18/07/19;14:04:07.149;INFO;Controller;Status = Executing: Cooldown;
18/07/19;14:04:07.149;INFO;Controller;State = Running;
18/07/19;14:04:08.078;INFO;Robot Runtime;executing:    Cooldown;
18/07/19;14:04:08.464;INFO;Controller;Activity ExecRobotTask ended. Return value: Done;
18/07/19;14:04:08.465;INFO;Controller;State = Ready;
18/07/19;14:04:08.694;INFO;Server;Command: ExecRobotTask (Load,500000);
18/07/19;14:04:08.694;INFO;Controller;Executing asynchronous activity: ExecRobotTask;
18/07/19;14:04:08.694;INFO;Controller;Status = Executing: Load;
18/07/19;14:04:08.694;INFO;Controller;State = Running;
18/07/19;14:04:09.879;INFO;Robot Runtime;executing:    Load;
18/07/19;14:04:28.015;INFO;Controller;Activity ExecRobotTask ended. Return value: Done False/True/False;
18/07/19;14:04:28.016;INFO;Controller;State = Ready;
18/07/19;14:04:28.026;INFO;Server;Command: ExecRobotTask (Unload,500000);
18/07/19;14:04:28.026;INFO;Controller;Executing asynchronous activity: ExecRobotTask;
18/07/19;14:04:28.026;INFO;Controller;Status = Executing: Unload;
18/07/19;14:04:28.026;INFO;Controller;State = Running;
18/07/19;14:04:29.065;INFO;Robot Runtime;executing:    Unload;
18/07/19;14:04:41.991;INFO;Controller;Activity ExecRobotTask ended. Return value: Done False/False/False;
18/07/19;14:04:41.991;INFO;Controller;State = Ready;
18/07/19;14:04:42.195;INFO;Server;Command: ExecRobotTask (Load,500000);
18/07/19;14:04:42.195;INFO;Controller;Executing asynchronous activity: ExecRobotTask;
18/07/19;14:04:42.195;INFO;Controller;Status = Executing: Load;
18/07/19;14:04:42.196;INFO;Controller;State = Running;
18/07/19;14:04:43.426;INFO;Robot Runtime;executing:    Load;
18/07/19;14:04:54.575;INFO;Controller;Activity ExecRobotTask ended. Return value: Done False/True/False;
18/07/19;14:04:54.575;INFO;Controller;State = Ready;
18/07/19;14:04:54.589;INFO;Server;Command: ExecRobotTask (Unload,500000);
18/07/19;14:04:54.589;INFO;Controller;Executing asynchronous activity: ExecRobotTask;
18/07/19;14:04:54.589;INFO;Controller;Status = Executing: Unload;
18/07/19;14:04:54.589;INFO;Controller;State = Running;
18/07/19;14:04:55.626;INFO;Robot Runtime;executing:    Unload;
18/07/19;14:05:02.833;INFO;Controller;Activity ExecRobotTask ended. Return value: Done False/False/False;
18/07/19;14:05:02.833;INFO;Controller;State = Ready;
18/07/19;14:05:03.034;INFO;Server;Command: ExecRobotTask (Load,500000);
18/07/19;14:05:03.035;INFO;Controller;Executing asynchronous activity: ExecRobotTask;
18/07/19;14:05:03.035;INFO;Controller;Status = Executing: Load;
18/07/19;14:05:03.035;INFO;Controller;State = Running;
18/07/19;14:05:04.242;INFO;Robot Runtime;executing:    Load;
18/07/19;14:05:12.820;INFO;Controller;Activity ExecRobotTask ended. Return value: Done False/True/False;
18/07/19;14:05:12.821;INFO;Controller;State = Ready;
18/07/19;14:05:12.835;INFO;Server;Command: ExecRobotTask (Unload,500000);
18/07/19;14:05:12.835;INFO;Controller;Executing asynchronous activity: ExecRobotTask;
18/07/19;14:05:12.835;INFO;Controller;Status = Executing: Unload;
18/07/19;14:05:12.835;INFO;Controller;State = Running;
18/07/19;14:05:13.885;INFO;Robot Runtime;executing:    Unload;
18/07/19;14:05:21.068;INFO;Controller;Activity ExecRobotTask ended. Return value: Done False/False/False;
18/07/19;14:05:21.068;INFO;Controller;State = Ready;
18/07/19;14:05:21.275;INFO;Server;Command: ExecRobotTask (Load,500000);
18/07/19;14:05:21.275;INFO;Controller;Executing asynchronous activity: ExecRobotTask;
18/07/19;14:05:21.275;INFO;Controller;Status = Executing: Load;
18/07/19;14:05:21.275;INFO;Controller;State = Running;
18/07/19;14:05:22.474;INFO;Robot Runtime;executing:    Load;
18/07/19;14:05:31.076;INFO;Controller;Activity ExecRobotTask ended. Return value: Done False/True/False;
18/07/19;14:05:31.076;INFO;Controller;State = Ready;
18/07/19;14:05:31.086;INFO;Server;Command: ExecRobotTask (Unload,500000);
18/07/19;14:05:31.086;INFO;Controller;Executing asynchronous activity: ExecRobotTask;
18/07/19;14:05:31.086;INFO;Controller;Status = Executing: Unload;
18/07/19;14:05:31.086;INFO;Controller;State = Running;
18/07/19;14:05:32.127;INFO;Robot Runtime;executing:    Unload;
18/07/19;14:05:39.358;INFO;Controller;Activity ExecRobotTask ended. Return value: Done False/False/False;
18/07/19;14:05:39.358;INFO;Controller;State = Ready;
18/07/19;14:05:39.570;INFO;Server;Command: ExecRobotTask (Load,500000);
18/07/19;14:05:39.570;INFO;Controller;Executing asynchronous activity: ExecRobotTask;
18/07/19;14:05:39.570;INFO;Controller;Status = Executing: Load;
18/07/19;14:05:39.570;INFO;Controller;State = Running;
18/07/19;14:05:40.763;INFO;Robot Runtime;executing:    Load;
18/07/19;14:05:49.389;INFO;Controller;Activity ExecRobotTask ended. Return value: Done False/True/False;
18/07/19;14:05:49.389;INFO;Controller;State = Ready;
18/07/19;14:05:49.400;INFO;Server;Command: ExecRobotTask (Unload,500000);
18/07/19;14:05:49.400;INFO;Controller;Executing asynchronous activity: ExecRobotTask;
18/07/19;14:05:49.400;INFO;Controller;Status = Executing: Unload;
18/07/19;14:05:49.400;INFO;Controller;State = Running;
18/07/19;14:05:50.448;INFO;Robot Runtime;executing:    Unload;
18/07/19;14:05:57.509;INFO;Controller;Activity ExecRobotTask ended. Return value: Done False/False/False;
18/07/19;14:05:57.509;INFO;Controller;State = Ready;
18/07/19;14:05:57.714;INFO;Server;Command: ExecRobotTask (Load,500000);
18/07/19;14:05:57.714;INFO;Controller;Executing asynchronous activity: ExecRobotTask;
18/07/19;14:05:57.714;INFO;Controller;Status = Executing: Load;
18/07/19;14:05:57.714;INFO;Controller;State = Running;
18/07/19;14:05:58.954;INFO;Robot Runtime;executing:    Load;
18/07/19;14:06:07.233;INFO;Controller;Activity ExecRobotTask ended. Return value: Done False/True/False;
18/07/19;14:06:07.234;INFO;Controller;State = Ready;
18/07/19;14:06:07.242;INFO;Server;Command: ExecRobotTask (Unload,500000);
18/07/19;14:06:07.242;INFO;Controller;Executing asynchronous activity: ExecRobotTask;
18/07/19;14:06:07.243;INFO;Controller;Status = Executing: Unload;
18/07/19;14:06:07.243;INFO;Controller;State = Running;
18/07/19;14:06:08.296;INFO;Robot Runtime;executing:    Unload;
18/07/19;14:06:15.654;INFO;Controller;Activity ExecRobotTask ended. Return value: Done False/False/False;
18/07/19;14:06:15.655;INFO;Controller;State = Ready;
18/07/19;14:06:15.854;INFO;Server;Command: ExecRobotTask (Load,500000);
18/07/19;14:06:15.854;INFO;Controller;Executing asynchronous activity: ExecRobotTask;
18/07/19;14:06:15.854;INFO;Controller;Status = Executing: Load;
18/07/19;14:06:15.854;INFO;Controller;State = Running;
18/07/19;14:06:17.057;INFO;Robot Runtime;executing:    Load;
18/07/19;14:06:25.627;INFO;Controller;Activity ExecRobotTask ended. Return value: Done False/True/False;
18/07/19;14:06:25.627;INFO;Controller;State = Ready;
18/07/19;14:06:25.639;INFO;Server;Command: ExecRobotTask (Unload,500000);
18/07/19;14:06:25.639;INFO;Controller;Executing asynchronous activity: ExecRobotTask;
18/07/19;14:06:25.639;INFO;Controller;Status = Executing: Unload;
18/07/19;14:06:25.639;INFO;Controller;State = Running;
18/07/19;14:06:26.693;INFO;Robot Runtime;executing:    Unload;
18/07/19;14:06:33.873;INFO;Controller;Activity ExecRobotTask ended. Return value: Done False/False/False;
18/07/19;14:06:33.873;INFO;Controller;State = Ready;
18/07/19;14:06:34.073;INFO;Server;Command: ExecRobotTask (Load,500000);
18/07/19;14:06:34.073;INFO;Controller;Executing asynchronous activity: ExecRobotTask;
18/07/19;14:06:34.073;INFO;Controller;Status = Executing: Load;
18/07/19;14:06:34.073;INFO;Controller;State = Running;
18/07/19;14:06:35.273;INFO;Robot Runtime;executing:    Load;
18/07/19;14:06:43.845;INFO;Controller;Activity ExecRobotTask ended. Return value: Done False/True/False;
18/07/19;14:06:43.845;INFO;Controller;State = Ready;
18/07/19;14:06:43.854;INFO;Server;Command: ExecRobotTask (Unload,500000);
18/07/19;14:06:43.854;INFO;Controller;Executing asynchronous activity: ExecRobotTask;
18/07/19;14:06:43.854;INFO;Controller;Status = Executing: Unload;
18/07/19;14:06:43.855;INFO;Controller;State = Running;
18/07/19;14:06:44.914;INFO;Robot Runtime;executing:    Unload;
18/07/19;14:06:52.127;INFO;Controller;Activity ExecRobotTask ended. Return value: Done False/False/False;
18/07/19;14:06:52.127;INFO;Controller;State = Ready;
18/07/19;14:06:52.330;INFO;Server;Command: ExecRobotTask (Load,500000);
18/07/19;14:06:52.330;INFO;Controller;Executing asynchronous activity: ExecRobotTask;
18/07/19;14:06:52.331;INFO;Controller;Status = Executing: Load;
18/07/19;14:06:52.331;INFO;Controller;State = Running;
18/07/19;14:06:53.524;INFO;Robot Runtime;executing:    Load;
18/07/19;14:07:02.122;INFO;Controller;Activity ExecRobotTask ended. Return value: Done False/True/False;
18/07/19;14:07:02.122;INFO;Controller;State = Ready;
18/07/19;14:07:02.134;INFO;Server;Command: ExecRobotTask (Unload,500000);
18/07/19;14:07:02.134;INFO;Controller;Executing asynchronous activity: ExecRobotTask;
18/07/19;14:07:02.134;INFO;Controller;Status = Executing: Unload;
18/07/19;14:07:02.134;INFO;Controller;State = Running;
18/07/19;14:07:03.190;INFO;Robot Runtime;executing:    Unload;
18/07/19;14:07:10.393;INFO;Controller;Activity ExecRobotTask ended. Return value: Done False/False/False;
18/07/19;14:07:10.393;INFO;Controller;State = Ready;
18/07/19;14:07:10.400;INFO;Server;Command: ExecRobotTask (Park,500000);
18/07/19;14:07:10.400;INFO;Controller;Executing asynchronous activity: ExecRobotTask;
18/07/19;14:07:10.400;INFO;Controller;Status = Executing: Park;
18/07/19;14:07:10.400;INFO;Controller;State = Running;
18/07/19;14:07:11.230;INFO;Robot Runtime;executing:    Park;
18/07/19;14:07:16.741;INFO;Controller;Activity ExecRobotTask ended. Return value: Done;
18/07/19;14:07:16.741;INFO;Controller;State = Ready;
18/07/19;14:09:02.273;INFO;Server;Command: ExecRobotTask (Cooldown,500000);
18/07/19;14:09:02.274;INFO;Controller;Executing asynchronous activity: ExecRobotTask;
18/07/19;14:09:02.274;INFO;Controller;Status = Executing: Cooldown;
18/07/19;14:09:02.274;INFO;Controller;State = Running;
18/07/19;14:09:03.117;INFO;Robot Runtime;executing:    Cooldown;
18/07/19;14:09:03.502;INFO;Controller;Activity ExecRobotTask ended. Return value: Done;
18/07/19;14:09:03.503;INFO;Controller;State = Ready;
18/07/19;14:09:03.712;INFO;Server;Command: ExecRobotTask (Load,500000);
18/07/19;14:09:03.712;INFO;Controller;Executing asynchronous activity: ExecRobotTask;
18/07/19;14:09:03.712;INFO;Controller;Status = Executing: Load;
18/07/19;14:09:03.712;INFO;Controller;State = Running;
18/07/19;14:09:04.932;INFO;Robot Runtime;executing:    Load;
18/07/19;14:09:16.873;INFO;Controller;Activity ExecRobotTask ended. Return value: Done False/True/False;
18/07/19;14:09:16.873;INFO;Controller;State = Ready;
18/07/19;14:09:16.882;INFO;Server;Command: ExecRobotTask (Unload,500000);
18/07/19;14:09:16.882;INFO;Controller;Executing asynchronous activity: ExecRobotTask;
18/07/19;14:09:16.882;INFO;Controller;Status = Executing: Unload;
18/07/19;14:09:16.882;INFO;Controller;State = Running;
18/07/19;14:09:17.902;INFO;Robot Runtime;executing:    Unload;
18/07/19;14:09:25.156;INFO;Controller;Activity ExecRobotTask ended. Return value: Done False/False/False;
18/07/19;14:09:25.156;INFO;Controller;State = Ready;
18/07/19;14:09:25.357;INFO;Server;Command: ExecRobotTask (Load,500000);
18/07/19;14:09:25.358;INFO;Controller;Executing asynchronous activity: ExecRobotTask;
18/07/19;14:09:25.358;INFO;Controller;Status = Executing: Load;
18/07/19;14:09:25.358;INFO;Controller;State = Running;
18/07/19;14:09:26.607;INFO;Robot Runtime;executing:    Load;
18/07/19;14:09:35.176;INFO;Controller;Activity ExecRobotTask ended. Return value: Done False/True/False;
18/07/19;14:09:35.176;INFO;Controller;State = Ready;
18/07/19;14:09:35.186;INFO;Server;Command: ExecRobotTask (Unload,500000);
18/07/19;14:09:35.186;INFO;Controller;Executing asynchronous activity: ExecRobotTask;
18/07/19;14:09:35.186;INFO;Controller;Status = Executing: Unload;
18/07/19;14:09:35.186;INFO;Controller;State = Running;
18/07/19;14:09:36.211;INFO;Robot Runtime;executing:    Unload;
18/07/19;14:09:43.413;INFO;Controller;Activity ExecRobotTask ended. Return value: Done False/False/False;
18/07/19;14:09:43.414;INFO;Controller;State = Ready;
18/07/19;14:09:43.613;INFO;Server;Command: ExecRobotTask (Load,500000);
18/07/19;14:09:43.613;INFO;Controller;Executing asynchronous activity: ExecRobotTask;
18/07/19;14:09:43.613;INFO;Controller;Status = Executing: Load;
18/07/19;14:09:43.613;INFO;Controller;State = Running;
18/07/19;14:09:44.853;INFO;Robot Runtime;executing:    Load;
18/07/19;14:09:53.287;INFO;Controller;Activity ExecRobotTask ended. Return value: Done False/False/False;
18/07/19;14:09:53.288;INFO;Controller;State = Ready;
18/07/19;14:09:53.296;INFO;Server;Command: ExecRobotTask (Unload,500000);
18/07/19;14:09:53.296;INFO;Controller;Executing asynchronous activity: ExecRobotTask;
18/07/19;14:09:53.296;INFO;Controller;Status = Executing: Unload;
18/07/19;14:09:53.296;INFO;Controller;State = Running;
18/07/19;14:09:54.304;INFO;Robot Runtime;executing:    Unload;
18/07/19;14:09:54.452;WARNING;Robot Runtime;AUTORECOVER=====> Found false kick. Resume Robot Power;
18/07/19;14:10:04.578;INFO;Controller;Activity ExecRobotTask ended. Return value: Done False/False/False;
18/07/19;14:10:04.578;INFO;Controller;State = Ready;
18/07/19;14:10:04.786;INFO;Server;Command: ExecRobotTask (Load,500000);
18/07/19;14:10:04.786;INFO;Controller;Executing asynchronous activity: ExecRobotTask;
18/07/19;14:10:04.786;INFO;Controller;Status = Executing: Load;
18/07/19;14:10:04.786;INFO;Controller;State = Running;
18/07/19;14:10:06.006;INFO;Robot Runtime;executing:    Load;
18/07/19;14:10:14.614;INFO;Controller;Activity ExecRobotTask ended. Return value: Done False/False/False;
18/07/19;14:10:14.614;INFO;Controller;State = Ready;
18/07/19;14:10:14.618;INFO;Server;Command: ExecRobotTask (Unload,500000);
18/07/19;14:10:14.619;INFO;Controller;Executing asynchronous activity: ExecRobotTask;
18/07/19;14:10:14.619;INFO;Controller;Status = Executing: Unload;
18/07/19;14:10:14.619;INFO;Controller;State = Running;
18/07/19;14:10:15.629;INFO;Robot Runtime;executing:    Unload;
18/07/19;14:10:15.740;WARNING;Robot Runtime;AUTORECOVER=====> Found false kick. Resume Robot Power;
18/07/19;14:10:25.865;INFO;Controller;Activity ExecRobotTask ended. Return value: Done False/False/False;
18/07/19;14:10:25.865;INFO;Controller;State = Ready;
18/07/19;14:10:26.073;INFO;Server;Command: ExecRobotTask (Load,500000);
18/07/19;14:10:26.073;INFO;Controller;Executing asynchronous activity: ExecRobotTask;
18/07/19;14:10:26.073;INFO;Controller;Status = Executing: Load;
18/07/19;14:10:26.073;INFO;Controller;State = Running;
18/07/19;14:10:27.334;INFO;Robot Runtime;executing:    Load;
18/07/19;14:10:35.994;INFO;Controller;Activity ExecRobotTask ended. Return value: Done False/True/False;
18/07/19;14:10:35.994;INFO;Controller;State = Ready;
18/07/19;14:10:36.000;INFO;Server;Command: ExecRobotTask (Unload,500000);
18/07/19;14:10:36.000;INFO;Controller;Executing asynchronous activity: ExecRobotTask;
18/07/19;14:10:36.000;INFO;Controller;Status = Executing: Unload;
18/07/19;14:10:36.000;INFO;Controller;State = Running;
18/07/19;14:10:36.976;INFO;Robot Runtime;executing:    Unload;
18/07/19;14:10:44.352;INFO;Controller;Activity ExecRobotTask ended. Return value: Done False/False/False;
18/07/19;14:10:44.352;INFO;Controller;State = Ready;
18/07/19;14:10:44.561;INFO;Server;Command: ExecRobotTask (Load,500000);
18/07/19;14:10:44.561;INFO;Controller;Executing asynchronous activity: ExecRobotTask;
18/07/19;14:10:44.561;INFO;Controller;Status = Executing: Load;
18/07/19;14:10:44.561;INFO;Controller;State = Running;
18/07/19;14:10:45.845;INFO;Robot Runtime;executing:    Load;
18/07/19;14:10:54.449;INFO;Controller;Activity ExecRobotTask ended. Return value: Done False/True/False;
18/07/19;14:10:54.450;INFO;Controller;State = Ready;
18/07/19;14:10:54.458;INFO;Server;Command: ExecRobotTask (Unload,500000);
18/07/19;14:10:54.458;INFO;Controller;Executing asynchronous activity: ExecRobotTask;
18/07/19;14:10:54.458;INFO;Controller;Status = Executing: Unload;
18/07/19;14:10:54.458;INFO;Controller;State = Running;
18/07/19;14:10:55.422;INFO;Robot Runtime;executing:    Unload;
18/07/19;14:11:02.772;INFO;Controller;Activity ExecRobotTask ended. Return value: Done False/False/False;
18/07/19;14:11:02.773;INFO;Controller;State = Ready;
18/07/19;14:11:02.984;INFO;Server;Command: ExecRobotTask (Load,500000);
18/07/19;14:11:02.984;INFO;Controller;Executing asynchronous activity: ExecRobotTask;
18/07/19;14:11:02.984;INFO;Controller;Status = Executing: Load;
18/07/19;14:11:02.984;INFO;Controller;State = Running;
18/07/19;14:11:04.263;INFO;Robot Runtime;executing:    Load;
18/07/19;14:11:12.902;INFO;Controller;Activity ExecRobotTask ended. Return value: Done False/True/False;
18/07/19;14:11:12.903;INFO;Controller;State = Ready;
18/07/19;14:11:12.912;INFO;Server;Command: ExecRobotTask (Unload,500000);
18/07/19;14:11:12.913;INFO;Controller;Executing asynchronous activity: ExecRobotTask;
18/07/19;14:11:12.913;INFO;Controller;Status = Executing: Unload;
18/07/19;14:11:12.913;INFO;Controller;State = Running;
18/07/19;14:11:13.877;INFO;Robot Runtime;executing:    Unload;
18/07/19;14:11:20.827;INFO;Controller;Activity ExecRobotTask ended. Return value: Done False/False/False;
18/07/19;14:11:20.827;INFO;Controller;State = Ready;
18/07/19;14:11:21.032;INFO;Server;Command: ExecRobotTask (Load,500000);
18/07/19;14:11:21.032;INFO;Controller;Executing asynchronous activity: ExecRobotTask;
18/07/19;14:11:21.032;INFO;Controller;Status = Executing: Load;
18/07/19;14:11:21.032;INFO;Controller;State = Running;
18/07/19;14:11:22.314;INFO;Robot Runtime;executing:    Load;
18/07/19;14:11:30.870;INFO;Controller;Activity ExecRobotTask ended. Return value: Done False/True/False;
18/07/19;14:11:30.870;INFO;Controller;State = Ready;
18/07/19;14:11:30.884;INFO;Server;Command: ExecRobotTask (Unload,500000);
18/07/19;14:11:30.884;INFO;Controller;Executing asynchronous activity: ExecRobotTask;
18/07/19;14:11:30.884;INFO;Controller;Status = Executing: Unload;
18/07/19;14:11:30.884;INFO;Controller;State = Running;
18/07/19;14:11:31.856;INFO;Robot Runtime;executing:    Unload;
18/07/19;14:11:38.771;INFO;Controller;Activity ExecRobotTask ended. Return value: Done False/False/False;
18/07/19;14:11:38.771;INFO;Controller;State = Ready;
18/07/19;14:11:38.976;INFO;Server;Command: ExecRobotTask (Load,500000);
18/07/19;14:11:38.977;INFO;Controller;Executing asynchronous activity: ExecRobotTask;
18/07/19;14:11:38.977;INFO;Controller;Status = Executing: Load;
18/07/19;14:11:38.977;INFO;Controller;State = Running;
18/07/19;14:11:40.286;INFO;Robot Runtime;executing:    Load;
18/07/19;14:11:48.812;INFO;Controller;Activity ExecRobotTask ended. Return value: Done False/True/False;
18/07/19;14:11:48.813;INFO;Controller;State = Ready;
18/07/19;14:11:48.828;INFO;Server;Command: ExecRobotTask (Unload,500000);
18/07/19;14:11:48.828;INFO;Controller;Executing asynchronous activity: ExecRobotTask;
18/07/19;14:11:48.828;INFO;Controller;Status = Executing: Unload;
18/07/19;14:11:48.829;INFO;Controller;State = Running;
18/07/19;14:11:49.796;INFO;Robot Runtime;executing:    Unload;
18/07/19;14:11:57.157;INFO;Controller;Activity ExecRobotTask ended. Return value: Done False/False/False;
18/07/19;14:11:57.158;INFO;Controller;State = Ready;
18/07/19;14:11:57.169;INFO;Server;Command: ExecRobotTask (Park,500000);
18/07/19;14:11:57.170;INFO;Controller;Executing asynchronous activity: ExecRobotTask;
18/07/19;14:11:57.170;INFO;Controller;Status = Executing: Park;
18/07/19;14:11:57.170;INFO;Controller;State = Running;
18/07/19;14:11:57.999;INFO;Robot Runtime;executing:    Park;
18/07/19;14:12:03.171;INFO;Controller;Activity ExecRobotTask ended. Return value: Done;
18/07/19;14:12:03.171;INFO;Controller;State = Ready;
18/07/19;14:12:22.334;INFO;Interface;Command: ExecRobotTask (warmup,-1);
18/07/19;14:12:22.335;INFO;Controller;Executing asynchronous activity: ExecRobotTask;
18/07/19;14:12:22.335;INFO;Controller;Status = Executing: warmup;
18/07/19;14:12:22.335;INFO;Controller;State = Running;
18/07/19;14:12:23.163;INFO;Robot Runtime;executing:    warmup;
18/07/19;14:14:48.806;INFO;Controller;Activity ExecRobotTask ended. Return value: Done;
18/07/19;14:14:48.806;INFO;Controller;State = Ready;
18/07/19;14:14:54.752;INFO;Interface;Command: ExecRobotTask (home,-1);
18/07/19;14:14:54.753;INFO;Controller;Executing asynchronous activity: ExecRobotTask;
18/07/19;14:14:54.781;INFO;Controller;Status = Executing: home;
18/07/19;14:14:54.781;INFO;Controller;State = Running;
18/07/19;14:14:55.621;INFO;Robot Runtime;executing:    home;
18/07/19;14:14:56.391;INFO;Controller;Activity ExecRobotTask ended. Return value: Done;
18/07/19;14:14:56.391;INFO;Controller;State = Ready;
18/07/19;14:15:07.082;INFO;Server;Command: ExecRobotTask (Cooldown,500000);
18/07/19;14:15:07.082;INFO;Controller;Executing asynchronous activity: ExecRobotTask;
18/07/19;14:15:07.083;INFO;Controller;Status = Executing: Cooldown;
18/07/19;14:15:07.083;INFO;Controller;State = Running;
18/07/19;14:15:08.339;INFO;Robot Runtime;executing:    Cooldown;
18/07/19;14:16:28.632;INFO;Controller;Activity ExecRobotTask ended. Return value: Done;
18/07/19;14:16:28.633;INFO;Controller;State = Ready;
18/07/19;14:16:28.851;INFO;Server;Command: ExecRobotTask (Load,500000);
18/07/19;14:16:28.851;INFO;Controller;Executing asynchronous activity: ExecRobotTask;
18/07/19;14:16:28.851;INFO;Controller;Status = Executing: Load;
18/07/19;14:16:28.852;INFO;Controller;State = Running;
18/07/19;14:16:29.897;INFO;Robot Runtime;executing:    Load;
18/07/19;14:16:41.596;INFO;Controller;Activity ExecRobotTask ended. Return value: Done False/True/False;
18/07/19;14:16:41.597;INFO;Controller;State = Ready;
18/07/19;14:16:41.602;INFO;Server;Command: ExecRobotTask (Unload,500000);
18/07/19;14:16:41.602;INFO;Controller;Executing asynchronous activity: ExecRobotTask;
18/07/19;14:16:41.602;INFO;Controller;Status = Executing: Unload;
18/07/19;14:16:41.602;INFO;Controller;State = Running;
18/07/19;14:16:42.833;INFO;Robot Runtime;executing:    Unload;
18/07/19;14:16:49.798;INFO;Controller;Activity ExecRobotTask ended. Return value: Done False/False/False;
18/07/19;14:16:49.798;INFO;Controller;State = Ready;
18/07/19;14:16:50.002;INFO;Server;Command: ExecRobotTask (Load,500000);
18/07/19;14:16:50.002;INFO;Controller;Executing asynchronous activity: ExecRobotTask;
18/07/19;14:16:50.002;INFO;Controller;Status = Executing: Load;
18/07/19;14:16:50.002;INFO;Controller;State = Running;
18/07/19;14:16:51.024;INFO;Robot Runtime;executing:    Load;
18/07/19;14:16:59.553;INFO;Controller;Activity ExecRobotTask ended. Return value: Done False/True/False;
18/07/19;14:16:59.553;INFO;Controller;State = Ready;
18/07/19;14:16:59.564;INFO;Server;Command: ExecRobotTask (Unload,500000);
18/07/19;14:16:59.564;INFO;Controller;Executing asynchronous activity: ExecRobotTask;
18/07/19;14:16:59.565;INFO;Controller;Status = Executing: Unload;
18/07/19;14:16:59.565;INFO;Controller;State = Running;
18/07/19;14:17:00.800;INFO;Robot Runtime;executing:    Unload;
18/07/19;14:17:07.758;INFO;Controller;Activity ExecRobotTask ended. Return value: Done False/False/False;
18/07/19;14:17:07.759;INFO;Controller;State = Ready;
18/07/19;14:17:07.968;INFO;Server;Command: ExecRobotTask (Load,500000);
18/07/19;14:17:07.968;INFO;Controller;Executing asynchronous activity: ExecRobotTask;
18/07/19;14:17:07.968;INFO;Controller;Status = Executing: Load;
18/07/19;14:17:07.968;INFO;Controller;State = Running;
18/07/19;14:17:08.996;INFO;Robot Runtime;executing:    Load;
18/07/19;14:17:17.474;INFO;Controller;Activity ExecRobotTask ended. Return value: Done False/True/False;
18/07/19;14:17:17.474;INFO;Controller;State = Ready;
18/07/19;14:17:17.484;INFO;Server;Command: ExecRobotTask (Unload,500000);
18/07/19;14:17:17.484;INFO;Controller;Executing asynchronous activity: ExecRobotTask;
18/07/19;14:17:17.485;INFO;Controller;Status = Executing: Unload;
18/07/19;14:17:17.485;INFO;Controller;State = Running;
18/07/19;14:17:18.720;INFO;Robot Runtime;executing:    Unload;
18/07/19;14:17:26.094;INFO;Controller;Activity ExecRobotTask ended. Return value: Done False/False/False;
18/07/19;14:17:26.094;INFO;Controller;State = Ready;
18/07/19;14:17:26.301;INFO;Server;Command: ExecRobotTask (Load,500000);
18/07/19;14:17:26.301;INFO;Controller;Executing asynchronous activity: ExecRobotTask;
18/07/19;14:17:26.301;INFO;Controller;Status = Executing: Load;
18/07/19;14:17:26.301;INFO;Controller;State = Running;
18/07/19;14:17:27.322;INFO;Robot Runtime;executing:    Load;
18/07/19;14:17:35.902;INFO;Controller;Activity ExecRobotTask ended. Return value: Done False/True/False;
18/07/19;14:17:35.902;INFO;Controller;State = Ready;
18/07/19;14:17:35.910;INFO;Server;Command: ExecRobotTask (Unload,500000);
18/07/19;14:17:35.910;INFO;Controller;Executing asynchronous activity: ExecRobotTask;
18/07/19;14:17:35.910;INFO;Controller;Status = Executing: Unload;
18/07/19;14:17:35.910;INFO;Controller;State = Running;
18/07/19;14:17:37.137;INFO;Robot Runtime;executing:    Unload;
18/07/19;14:17:44.102;INFO;Controller;Activity ExecRobotTask ended. Return value: Done False/False/False;
18/07/19;14:17:44.102;INFO;Controller;State = Ready;
18/07/19;14:17:44.339;INFO;Server;Command: ExecRobotTask (Load,500000);
18/07/19;14:17:44.339;INFO;Controller;Executing asynchronous activity: ExecRobotTask;
18/07/19;14:17:44.339;INFO;Controller;Status = Executing: Load;
18/07/19;14:17:44.339;INFO;Controller;State = Running;
18/07/19;14:17:45.350;INFO;Robot Runtime;executing:    Load;
18/07/19;14:17:53.901;INFO;Controller;Activity ExecRobotTask ended. Return value: Done False/True/False;
18/07/19;14:17:53.901;INFO;Controller;State = Ready;
18/07/19;14:17:53.909;INFO;Server;Command: ExecRobotTask (Unload,500000);
18/07/19;14:17:53.910;INFO;Controller;Executing asynchronous activity: ExecRobotTask;
18/07/19;14:17:53.910;INFO;Controller;Status = Executing: Unload;
18/07/19;14:17:53.910;INFO;Controller;State = Running;
18/07/19;14:17:55.138;INFO;Robot Runtime;executing:    Unload;
18/07/19;14:18:02.559;INFO;Controller;Activity ExecRobotTask ended. Return value: Done False/False/False;
18/07/19;14:18:02.559;INFO;Controller;State = Ready;
18/07/19;14:18:02.798;INFO;Server;Command: ExecRobotTask (Load,500000);
18/07/19;14:18:02.798;INFO;Controller;Executing asynchronous activity: ExecRobotTask;
18/07/19;14:18:02.807;INFO;Controller;Status = Executing: Load;
18/07/19;14:18:02.807;INFO;Controller;State = Running;
18/07/19;14:18:03.824;INFO;Robot Runtime;executing:    Load;
18/07/19;14:18:12.420;INFO;Controller;Activity ExecRobotTask ended. Return value: Done False/True/False;
18/07/19;14:18:12.420;INFO;Controller;State = Ready;
18/07/19;14:18:12.427;INFO;Server;Command: ExecRobotTask (Unload,500000);
18/07/19;14:18:12.427;INFO;Controller;Executing asynchronous activity: ExecRobotTask;
18/07/19;14:18:12.427;INFO;Controller;Status = Executing: Unload;
18/07/19;14:18:12.427;INFO;Controller;State = Running;
18/07/19;14:18:13.655;INFO;Robot Runtime;executing:    Unload;
18/07/19;14:18:20.634;INFO;Controller;Activity ExecRobotTask ended. Return value: Done False/False/False;
18/07/19;14:18:20.634;INFO;Controller;State = Ready;
18/07/19;14:18:20.837;INFO;Server;Command: ExecRobotTask (Load,500000);
18/07/19;14:18:20.838;INFO;Controller;Executing asynchronous activity: ExecRobotTask;
18/07/19;14:18:20.838;INFO;Controller;Status = Executing: Load;
18/07/19;14:18:20.838;INFO;Controller;State = Running;
18/07/19;14:18:21.862;INFO;Robot Runtime;executing:    Load;
18/07/19;14:18:30.384;INFO;Controller;Activity ExecRobotTask ended. Return value: Done False/True/False;
18/07/19;14:18:30.385;INFO;Controller;State = Ready;
18/07/19;14:18:30.397;INFO;Server;Command: ExecRobotTask (Unload,500000);
18/07/19;14:18:30.398;INFO;Controller;Executing asynchronous activity: ExecRobotTask;
18/07/19;14:18:30.398;INFO;Controller;Status = Executing: Unload;
18/07/19;14:18:30.398;INFO;Controller;State = Running;
18/07/19;14:18:31.629;INFO;Robot Runtime;executing:    Unload;
18/07/19;14:18:38.574;INFO;Controller;Activity ExecRobotTask ended. Return value: Done False/False/False;
18/07/19;14:18:38.574;INFO;Controller;State = Ready;
18/07/19;14:18:38.787;INFO;Server;Command: ExecRobotTask (Load,500000);
18/07/19;14:18:38.787;INFO;Controller;Executing asynchronous activity: ExecRobotTask;
18/07/19;14:18:38.787;INFO;Controller;Status = Executing: Load;
18/07/19;14:18:38.787;INFO;Controller;State = Running;
18/07/19;14:18:39.815;INFO;Robot Runtime;executing:    Load;
18/07/19;14:18:48.308;INFO;Controller;Activity ExecRobotTask ended. Return value: Done False/True/False;
18/07/19;14:18:48.308;INFO;Controller;State = Ready;
18/07/19;14:18:48.318;INFO;Server;Command: ExecRobotTask (Unload,500000);
18/07/19;14:18:48.319;INFO;Controller;Executing asynchronous activity: ExecRobotTask;
18/07/19;14:18:48.319;INFO;Controller;Status = Executing: Unload;
18/07/19;14:18:48.319;INFO;Controller;State = Running;
18/07/19;14:18:49.544;INFO;Robot Runtime;executing:    Unload;
18/07/19;14:18:56.658;INFO;Controller;Activity ExecRobotTask ended. Return value: Done False/False/False;
18/07/19;14:18:56.658;INFO;Controller;State = Ready;
18/07/19;14:18:56.896;INFO;Server;Command: ExecRobotTask (Load,500000);
18/07/19;14:18:56.896;INFO;Controller;Executing asynchronous activity: ExecRobotTask;
18/07/19;14:18:56.896;INFO;Controller;Status = Executing: Load;
18/07/19;14:18:56.896;INFO;Controller;State = Running;
18/07/19;14:18:57.925;INFO;Robot Runtime;executing:    Load;
18/07/19;14:19:06.515;INFO;Controller;Activity ExecRobotTask ended. Return value: Done False/True/False;
18/07/19;14:19:06.515;INFO;Controller;State = Ready;
18/07/19;14:19:06.525;INFO;Server;Command: ExecRobotTask (Unload,500000);
18/07/19;14:19:06.525;INFO;Controller;Executing asynchronous activity: ExecRobotTask;
18/07/19;14:19:06.525;INFO;Controller;Status = Executing: Unload;
18/07/19;14:19:06.525;INFO;Controller;State = Running;
18/07/19;14:19:07.756;INFO;Robot Runtime;executing:    Unload;
18/07/19;14:19:14.725;INFO;Controller;Activity ExecRobotTask ended. Return value: Done False/False/False;
18/07/19;14:19:14.725;INFO;Controller;State = Ready;
18/07/19;14:19:14.732;INFO;Server;Command: ExecRobotTask (Park,500000);
18/07/19;14:19:14.733;INFO;Controller;Executing asynchronous activity: ExecRobotTask;
18/07/19;14:19:14.733;INFO;Controller;Status = Executing: Park;
18/07/19;14:19:14.733;INFO;Controller;State = Running;
18/07/19;14:19:15.572;INFO;Robot Runtime;executing:    Park;
18/07/19;14:19:20.653;INFO;Controller;Activity ExecRobotTask ended. Return value: Done;
18/07/19;14:19:20.653;INFO;Controller;State = Ready;
18/07/19;14:19:29.405;INFO;Server;Command: ExecRobotTask (Cooldown,500000);
18/07/19;14:19:29.405;INFO;Controller;Executing asynchronous activity: ExecRobotTask;
18/07/19;14:19:29.405;INFO;Controller;Status = Executing: Cooldown;
18/07/19;14:19:29.405;INFO;Controller;State = Running;
18/07/19;14:19:30.250;INFO;Robot Runtime;executing:    Cooldown;
18/07/19;14:19:30.425;INFO;Controller;Activity ExecRobotTask ended. Return value: Done;
18/07/19;14:19:30.425;INFO;Controller;State = Ready;
18/07/19;14:19:30.658;INFO;Server;Command: ExecRobotTask (Load,500000);
18/07/19;14:19:30.658;INFO;Controller;Executing asynchronous activity: ExecRobotTask;
18/07/19;14:19:30.658;INFO;Controller;Status = Executing: Load;
18/07/19;14:19:30.658;INFO;Controller;State = Running;
18/07/19;14:19:31.694;INFO;Robot Runtime;executing:    Load;
18/07/19;14:19:43.413;INFO;Controller;Activity ExecRobotTask ended. Return value: Done False/True/False;
18/07/19;14:19:43.413;INFO;Controller;State = Ready;
18/07/19;14:19:43.421;INFO;Server;Command: ExecRobotTask (Unload,500000);
18/07/19;14:19:43.422;INFO;Controller;Executing asynchronous activity: ExecRobotTask;
18/07/19;14:19:43.422;INFO;Controller;Status = Executing: Unload;
18/07/19;14:19:43.422;INFO;Controller;State = Running;
18/07/19;14:19:44.636;INFO;Robot Runtime;executing:    Unload;
18/07/19;14:19:51.950;INFO;Controller;Activity ExecRobotTask ended. Return value: Done False/False/False;
18/07/19;14:19:51.950;INFO;Controller;State = Ready;
18/07/19;14:19:52.153;INFO;Server;Command: ExecRobotTask (Load,500000);
18/07/19;14:19:52.153;INFO;Controller;Executing asynchronous activity: ExecRobotTask;
18/07/19;14:19:52.153;INFO;Controller;Status = Executing: Load;
18/07/19;14:19:52.153;INFO;Controller;State = Running;
18/07/19;14:19:53.177;INFO;Robot Runtime;executing:    Load;
18/07/19;14:20:01.797;INFO;Controller;Activity ExecRobotTask ended. Return value: Done False/True/False;
18/07/19;14:20:01.797;INFO;Controller;State = Ready;
18/07/19;14:20:01.805;INFO;Server;Command: ExecRobotTask (Unload,500000);
18/07/19;14:20:01.805;INFO;Controller;Executing asynchronous activity: ExecRobotTask;
18/07/19;14:20:01.805;INFO;Controller;Status = Executing: Unload;
18/07/19;14:20:01.806;INFO;Controller;State = Running;
18/07/19;14:20:03.029;INFO;Robot Runtime;executing:    Unload;
18/07/19;14:20:10.403;INFO;Controller;Activity ExecRobotTask ended. Return value: Done False/False/False;
18/07/19;14:20:10.403;INFO;Controller;State = Ready;
18/07/19;14:20:10.610;INFO;Server;Command: ExecRobotTask (Load,500000);
18/07/19;14:20:10.611;INFO;Controller;Executing asynchronous activity: ExecRobotTask;
18/07/19;14:20:10.611;INFO;Controller;Status = Executing: Load;
18/07/19;14:20:10.611;INFO;Controller;State = Running;
18/07/19;14:20:11.634;INFO;Robot Runtime;executing:    Load;
18/07/19;14:20:20.245;INFO;Controller;Activity ExecRobotTask ended. Return value: Done False/True/False;
18/07/19;14:20:20.246;INFO;Controller;State = Ready;
18/07/19;14:20:20.251;INFO;Server;Command: ExecRobotTask (Unload,500000);
18/07/19;14:20:20.252;INFO;Controller;Executing asynchronous activity: ExecRobotTask;
18/07/19;14:20:20.252;INFO;Controller;Status = Executing: Unload;
18/07/19;14:20:20.252;INFO;Controller;State = Running;
18/07/19;14:20:21.487;INFO;Robot Runtime;executing:    Unload;
18/07/19;14:20:28.872;INFO;Controller;Activity ExecRobotTask ended. Return value: Done False/False/False;
18/07/19;14:20:28.873;INFO;Controller;State = Ready;
18/07/19;14:20:29.074;INFO;Server;Command: ExecRobotTask (Load,500000);
18/07/19;14:20:29.074;INFO;Controller;Executing asynchronous activity: ExecRobotTask;
18/07/19;14:20:29.074;INFO;Controller;Status = Executing: Load;
18/07/19;14:20:29.074;INFO;Controller;State = Running;
18/07/19;14:20:30.115;INFO;Robot Runtime;executing:    Load;
18/07/19;14:20:38.727;INFO;Controller;Activity ExecRobotTask ended. Return value: Done False/False/False;
18/07/19;14:20:38.728;INFO;Controller;State = Ready;
18/07/19;14:20:38.735;INFO;Server;Command: ExecRobotTask (Unload,500000);
18/07/19;14:20:38.735;INFO;Controller;Executing asynchronous activity: ExecRobotTask;
18/07/19;14:20:38.735;INFO;Controller;Status = Executing: Unload;
18/07/19;14:20:38.735;INFO;Controller;State = Running;
18/07/19;14:20:39.966;INFO;Robot Runtime;executing:    Unload;
18/07/19;14:20:45.424;WARNING;Robot Runtime;AUTORECOVER=====> Gripper collission!!! Abort the the task;
18/07/19;14:20:45.466;INFO;Controller;Activity ExecRobotTask ended. Return value: ;
18/07/19;14:20:45.466;INFO;Controller;State = Ready;
18/07/19;14:20:45.474;INFO;Server;Command: ExecRobotTask (Park,500000);
18/07/19;14:20:45.474;INFO;Controller;Executing asynchronous activity: ExecRobotTask;
18/07/19;14:20:45.474;INFO;Controller;Status = Executing: Park;
18/07/19;14:20:45.474;INFO;Controller;State = Running;
18/07/19;14:20:46.363;INFO;Robot Runtime;executing:    Park;
18/07/19;14:20:46.712;INFO;Robot Runtime;Gripper has not been open yet;
18/07/19;14:20:46.907;INFO;Controller;Activity ExecRobotTask ended. Return value: ABORT: Gripper not Open for park;
18/07/19;14:20:46.907;INFO;Controller;State = Ready;
18/07/19;14:21:19.035;INFO;Interface;Command: ExecRobotTask (recover,-1);
18/07/19;14:21:19.035;INFO;Controller;Executing asynchronous activity: ExecRobotTask;
18/07/19;14:21:19.035;INFO;Controller;Status = Executing: recover;
18/07/19;14:21:19.035;INFO;Controller;State = Running;
18/07/19;14:21:20.213;INFO;Robot Runtime;executing:    recover;
18/07/19;14:21:20.255;INFO;Robot Runtime;Found collision. Fx:1.416, Fy:1.345, Fz:-44.642;
18/07/19;14:21:20.277;WARNING;Robot Runtime;Failed to clear collision. Please request a staff for help.;
18/07/19;14:21:20.573;INFO;Controller;Activity ExecRobotTask ended. Return value: ABORT: Failed to clear collision;
18/07/19;14:21:20.573;INFO;Controller;State = Ready;
18/07/19;14:25:30.531;INFO;Interface;Command: ExecRobotTask (iniitialzie,-1);
18/07/19;14:25:30.531;INFO;Controller;Executing asynchronous activity: ExecRobotTask;
18/07/19;14:25:30.531;INFO;Controller;Status = Executing: iniitialzie;
18/07/19;14:25:30.531;INFO;Controller;State = Running;
18/07/19;14:25:30.635;INFO;Robot Runtime;executing:    iniitialzie;
18/07/19;14:25:30.851;INFO;Controller;Activity ExecRobotTask ended. Return value: ;
18/07/19;14:25:30.852;INFO;Controller;State = Ready;
18/07/19;14:25:42.866;INFO;Interface;Command: ExecRobotTask (initialize,-1);
18/07/19;14:25:42.866;INFO;Controller;Executing asynchronous activity: ExecRobotTask;
18/07/19;14:25:42.866;INFO;Controller;Status = Executing: initialize;
18/07/19;14:25:42.866;INFO;Controller;State = Running;
18/07/19;14:25:43.770;INFO;Robot Runtime;executing:    initialize;
18/07/19;14:25:45.588;INFO;Robot Runtime;Failed to turn on the smart magnet;
18/07/19;14:25:45.703;INFO;Controller;Activity ExecRobotTask ended. Return value: ABORT: Smart Magnet Power is Off;
18/07/19;14:25:45.703;INFO;Controller;State = Ready;
18/07/19;14:25:51.339;INFO;Interface;Command: Abort;
18/07/19;14:25:51.340;INFO;Robot;Abort;
18/07/19;14:25:57.906;INFO;Interface;Command: ExecRobotTask (recover,-1);
18/07/19;14:25:57.906;INFO;Controller;Executing asynchronous activity: ExecRobotTask;
18/07/19;14:25:57.906;INFO;Controller;Status = Executing: recover;
18/07/19;14:25:57.906;INFO;Controller;State = Running;
18/07/19;14:25:59.180;INFO;Robot Runtime;executing:    recover;
18/07/19;14:25:59.223;INFO;Robot Runtime;Unrecognized Location;
18/07/19;14:25:59.247;INFO;Robot Runtime;Near Location1 [Dewar] at distance of 144.282;
18/07/19;14:25:59.268;INFO;Robot Runtime;Near Location2 [Park] at distance of 190.477;
18/07/19;14:26:30.543;INFO;Robot Runtime;Done;
18/07/19;14:26:30.692;INFO;Controller;Activity ExecRobotTask ended. Return value: Done;
18/07/19;14:26:30.692;INFO;Controller;State = Ready;
18/07/19;14:26:49.248;INFO;Interface;Command: ExecRobotTask (finish,-1);
18/07/19;14:26:49.248;INFO;Controller;Executing asynchronous activity: ExecRobotTask;
18/07/19;14:26:49.248;INFO;Controller;Status = Executing: finish;
18/07/19;14:26:49.248;INFO;Controller;State = Running;
18/07/19;14:26:50.229;INFO;Robot Runtime;executing:    finish;
18/07/19;14:29:36.656;INFO;Controller;Activity ExecRobotTask ended. Return value: Done;
18/07/19;14:29:36.657;INFO;Controller;State = Ready;
18/07/19;16:01:18.979;INFO;Interface;Command: ExecRobotTask (checktooolconfig,-1);
18/07/19;16:01:18.979;INFO;Controller;Executing asynchronous activity: ExecRobotTask;
18/07/19;16:01:18.979;INFO;Controller;Status = Executing: checktooolconfig;
18/07/19;16:01:18.980;INFO;Controller;State = Running;
18/07/19;16:01:19.075;INFO;Robot Runtime;executing:    checktooolconfig;
18/07/19;16:01:19.469;INFO;Controller;Activity ExecRobotTask ended. Return value: ;
18/07/19;16:01:19.469;INFO;Controller;State = Ready;
18/07/19;16:01:30.630;INFO;Interface;Command: ExecRobotTask (checktoolconfig,-1);
18/07/19;16:01:30.631;INFO;Controller;Executing asynchronous activity: ExecRobotTask;
18/07/19;16:01:30.631;INFO;Controller;Status = Executing: checktoolconfig;
18/07/19;16:01:30.631;INFO;Controller;State = Running;
18/07/19;16:01:30.895;INFO;Robot Runtime;executing:    checktoolconfig;
18/07/19;16:01:30.936;INFO;Robot Runtime;Invalid Gripper: C014;
18/07/19;16:01:30.959;INFO;Robot Runtime;Invalid Gripper: C017;
18/07/19;16:01:30.980;INFO;Robot Runtime;Valid Gripper: C015;
18/07/19;16:01:31.001;INFO;Robot Runtime;Valid Gripper: C019;
18/07/19;16:01:31.022;INFO;Robot Runtime;Current Tool: C019 (Valid);
18/07/19;16:01:31.360;INFO;Controller;Activity ExecRobotTask ended. Return value: Done;
18/07/19;16:01:31.360;INFO;Controller;State = Ready;
18/07/19;16:01:42.139;INFO;Interface;Command: ExecRobotTask (swaptools,-1);
18/07/19;16:01:42.140;INFO;Controller;Executing asynchronous activity: ExecRobotTask;
18/07/19;16:01:42.140;INFO;Controller;Status = Executing: swaptools;
18/07/19;16:01:42.140;INFO;Controller;State = Running;
18/07/19;16:01:42.382;INFO;Robot Runtime;executing:    swaptools;
18/07/19;16:02:11.038;INFO;Controller;Activity ExecRobotTask ended. Return value: Done;
18/07/19;16:02:11.038;INFO;Controller;State = Ready;
18/07/19;16:02:42.124;INFO;Interface;Command: ExecRobotTask (checktoolconfig,-1);
18/07/19;16:02:42.124;INFO;Controller;Executing asynchronous activity: ExecRobotTask;
18/07/19;16:02:42.125;INFO;Controller;Status = Executing: checktoolconfig;
18/07/19;16:02:42.125;INFO;Controller;State = Running;
18/07/19;16:02:42.326;INFO;Robot Runtime;executing:    checktoolconfig;
18/07/19;16:02:42.368;INFO;Robot Runtime;Invalid Gripper: C014;
18/07/19;16:02:42.390;INFO;Robot Runtime;Invalid Gripper: C017;
18/07/19;16:02:42.410;INFO;Robot Runtime;Valid Gripper: C015;
18/07/19;16:02:42.433;INFO;Robot Runtime;Valid Gripper: C019;
18/07/19;16:02:42.454;INFO;Robot Runtime;Current Tool: C015 (Valid);
18/07/19;16:02:42.608;INFO;Controller;Activity ExecRobotTask ended. Return value: Done;
18/07/19;16:02:42.609;INFO;Controller;State = Ready;
18/07/19;16:45:04.048;INFO;Interface;Command: ExecRobotTask (checktoolconfig,-1);
18/07/19;16:45:04.048;INFO;Controller;Executing asynchronous activity: ExecRobotTask;
18/07/19;16:45:04.048;INFO;Controller;Status = Executing: checktoolconfig;
18/07/19;16:45:04.048;INFO;Controller;State = Running;
18/07/19;16:45:04.291;INFO;Robot Runtime;executing:    checktoolconfig;
18/07/19;16:45:04.338;INFO;Robot Runtime;Invalid Gripper: C014;
18/07/19;16:45:04.360;INFO;Robot Runtime;Invalid Gripper: C017;
18/07/19;16:45:04.381;INFO;Robot Runtime;Valid Gripper: C015;
18/07/19;16:45:04.402;INFO;Robot Runtime;Valid Gripper: C019;
18/07/19;16:45:04.422;INFO;Robot Runtime;Current Tool: C015 (Valid);
18/07/19;16:45:04.567;INFO;Controller;Activity ExecRobotTask ended. Return value: Done;
18/07/19;16:45:04.567;INFO;Controller;State = Ready;
18/07/19;16:47:04.316;INFO;Interface;Command: ExecRobotTask (openparklid,-1);
18/07/19;16:47:04.317;INFO;Controller;Executing asynchronous activity: ExecRobotTask;
18/07/19;16:47:04.317;INFO;Controller;Status = Executing: openparklid;
18/07/19;16:47:04.317;INFO;Controller;State = Running;
18/07/19;16:47:05.451;INFO;Robot Runtime;executing:    openparklid;
18/07/19;16:47:06.095;INFO;Controller;Activity ExecRobotTask ended. Return value: Done;
18/07/19;16:47:06.095;INFO;Controller;State = Ready;
18/07/19;16:47:13.714;INFO;Interface;Command: ExecRobotTask (park,-1);
18/07/19;16:47:13.714;INFO;Controller;Executing asynchronous activity: ExecRobotTask;
18/07/19;16:47:13.715;INFO;Controller;Status = Executing: park;
18/07/19;16:47:13.715;INFO;Controller;State = Running;
18/07/19;16:47:14.630;INFO;Robot Runtime;executing:    park;
18/07/19;16:48:33.265;INFO;Controller;Activity ExecRobotTask ended. Return value: Done;
18/07/19;16:48:33.265;INFO;Controller;State = Ready;
18/07/19;16:50:03.517;INFO;Interface;Command: ExecRobotTask (mt_dewarcalib,-1);
18/07/19;16:50:03.517;INFO;Controller;Executing asynchronous activity: ExecRobotTask;
18/07/19;16:50:03.517;INFO;Controller;Status = Executing: mt_dewarcalib;
18/07/19;16:50:03.517;INFO;Controller;State = Running;
18/07/19;16:50:04.719;INFO;Robot Runtime;executing:    mt_dewarcalib;
18/07/19;16:50:04.763;INFO;Robot Runtime;0;
18/07/19;16:50:19.371;INFO;Controller;Activity ExecRobotTask ended. Return value: ;
18/07/19;16:50:19.372;INFO;Controller;State = Ready;
18/07/19;16:50:28.341;INFO;Interface;Command: ExecRobotTask (mt_dewarcalib,-1);
18/07/19;16:50:28.341;INFO;Controller;Executing asynchronous activity: ExecRobotTask;
18/07/19;16:50:28.341;INFO;Controller;Status = Executing: mt_dewarcalib;
18/07/19;16:50:28.341;INFO;Controller;State = Running;
18/07/19;16:50:29.707;INFO;Robot Runtime;executing:    mt_dewarcalib;
18/07/19;16:50:29.749;INFO;Robot Runtime;0;
18/07/19;16:55:18.387;INFO;Robot Runtime;Puck A Center Adjustment: {0    , 0.005,, ,,};
18/07/19;16:55:18.408;INFO;Robot Runtime;Puck B Center Adjustment: {0.016, 0.015,, ,,};
18/07/19;16:55:18.429;INFO;Robot Runtime;Puck C Center Adjustment: {0.004, -0.041,, ,,};
18/07/19;16:55:18.450;INFO;Robot Runtime;Puck A Fx (Min~Max,Ref): -1.628 ~ 0.035, =>-0.798;
18/07/19;16:55:18.471;INFO;Robot Runtime;Puck A Fy (Min~Max,Ref): -0.165 ~ 0.448, =>0.054;
18/07/19;16:55:18.492;INFO;Robot Runtime;Puck B Fx (Min~Max,Ref): -1.404 ~ 0.342, =>-0.798;
18/07/19;16:55:18.513;INFO;Robot Runtime;Puck B Fy (Min~Max,Ref): -0.236 ~ 0.838, =>0.054;
18/07/19;16:55:18.536;INFO;Robot Runtime;Puck C Fx (Min~Max,Ref): -1.463 ~ 0    , =>-0.798;
18/07/19;16:55:18.557;INFO;Robot Runtime;Puck C Fy (Min~Max,Ref): -1.251 ~ -0.024, =>0.054;
18/07/19;16:55:39.137;INFO;Controller;Activity ExecRobotTask ended. Return value: ;
18/07/19;16:55:39.137;INFO;Controller;State = Ready;
18/07/19;16:57:24.167;INFO;Server;Command: ExecRobotTask (Cooldown,500000);
18/07/19;16:57:24.167;INFO;Controller;Executing asynchronous activity: ExecRobotTask;
18/07/19;16:57:24.167;INFO;Controller;Status = Executing: Cooldown;
18/07/19;16:57:24.167;INFO;Controller;State = Running;
18/07/19;16:57:25.082;INFO;Robot Runtime;executing:    Cooldown;
18/07/19;16:57:25.442;INFO;Controller;Activity ExecRobotTask ended. Return value: Done;
18/07/19;16:57:25.442;INFO;Controller;State = Ready;
18/07/19;16:57:25.684;INFO;Server;Command: ExecRobotTask (Load,500000);
18/07/19;16:57:25.684;INFO;Controller;Executing asynchronous activity: ExecRobotTask;
18/07/19;16:57:25.684;INFO;Controller;Status = Executing: Load;
18/07/19;16:57:25.684;INFO;Controller;State = Running;
18/07/19;16:57:26.641;INFO;Robot Runtime;executing:    Load;
18/07/19;16:57:38.590;INFO;Controller;Activity ExecRobotTask ended. Return value: Done False/True/False;
18/07/19;16:57:38.590;INFO;Controller;State = Ready;
18/07/19;16:57:38.601;INFO;Server;Command: ExecRobotTask (Unload,500000);
18/07/19;16:57:38.601;INFO;Controller;Executing asynchronous activity: ExecRobotTask;
18/07/19;16:57:38.601;INFO;Controller;Status = Executing: Unload;
18/07/19;16:57:38.601;INFO;Controller;State = Running;
18/07/19;16:57:39.875;INFO;Robot Runtime;executing:    Unload;
18/07/19;16:57:47.022;INFO;Controller;Activity ExecRobotTask ended. Return value: Done False/False/False;
18/07/19;16:57:47.022;INFO;Controller;State = Ready;
18/07/19;16:57:47.230;INFO;Server;Command: ExecRobotTask (Load,500000);
18/07/19;16:57:47.230;INFO;Controller;Executing asynchronous activity: ExecRobotTask;
18/07/19;16:57:47.230;INFO;Controller;Status = Executing: Load;
18/07/19;16:57:47.230;INFO;Controller;State = Running;
18/07/19;16:57:48.210;INFO;Robot Runtime;executing:    Load;
18/07/19;16:57:56.877;INFO;Controller;Activity ExecRobotTask ended. Return value: Done False/True/False;
18/07/19;16:57:56.878;INFO;Controller;State = Ready;
18/07/19;16:57:56.889;INFO;Server;Command: ExecRobotTask (Unload,500000);
18/07/19;16:57:56.890;INFO;Controller;Executing asynchronous activity: ExecRobotTask;
18/07/19;16:57:56.890;INFO;Controller;Status = Executing: Unload;
18/07/19;16:57:56.890;INFO;Controller;State = Running;
18/07/19;16:57:58.164;INFO;Robot Runtime;executing:    Unload;
18/07/19;16:58:05.323;INFO;Controller;Activity ExecRobotTask ended. Return value: Done False/False/False;
18/07/19;16:58:05.323;INFO;Controller;State = Ready;
18/07/19;16:58:05.526;INFO;Server;Command: ExecRobotTask (Load,500000);
18/07/19;16:58:05.526;INFO;Controller;Executing asynchronous activity: ExecRobotTask;
18/07/19;16:58:05.526;INFO;Controller;Status = Executing: Load;
18/07/19;16:58:05.526;INFO;Controller;State = Running;
18/07/19;16:58:06.507;INFO;Robot Runtime;executing:    Load;
18/07/19;16:58:15.184;INFO;Controller;Activity ExecRobotTask ended. Return value: Done False/True/False;
18/07/19;16:58:15.184;INFO;Controller;State = Ready;
18/07/19;16:58:15.196;INFO;Server;Command: ExecRobotTask (Unload,500000);
18/07/19;16:58:15.196;INFO;Controller;Executing asynchronous activity: ExecRobotTask;
18/07/19;16:58:15.196;INFO;Controller;Status = Executing: Unload;
18/07/19;16:58:15.196;INFO;Controller;State = Running;
18/07/19;16:58:16.483;INFO;Robot Runtime;executing:    Unload;
18/07/19;16:58:23.463;INFO;Controller;Activity ExecRobotTask ended. Return value: Done False/False/False;
18/07/19;16:58:23.463;INFO;Controller;State = Ready;
18/07/19;16:58:23.662;INFO;Server;Command: ExecRobotTask (Load,500000);
18/07/19;16:58:23.662;INFO;Controller;Executing asynchronous activity: ExecRobotTask;
18/07/19;16:58:23.662;INFO;Controller;Status = Executing: Load;
18/07/19;16:58:23.663;INFO;Controller;State = Running;
18/07/19;16:58:24.646;INFO;Robot Runtime;executing:    Load;
18/07/19;16:58:33.257;INFO;Controller;Activity ExecRobotTask ended. Return value: Done False/True/False;
18/07/19;16:58:33.258;INFO;Controller;State = Ready;
18/07/19;16:58:33.265;INFO;Server;Command: ExecRobotTask (Unload,500000);
18/07/19;16:58:33.265;INFO;Controller;Executing asynchronous activity: ExecRobotTask;
18/07/19;16:58:33.265;INFO;Controller;Status = Executing: Unload;
18/07/19;16:58:33.265;INFO;Controller;State = Running;
18/07/19;16:58:34.550;INFO;Robot Runtime;executing:    Unload;
18/07/19;16:58:41.542;INFO;Controller;Activity ExecRobotTask ended. Return value: Done False/False/False;
18/07/19;16:58:41.542;INFO;Controller;State = Ready;
18/07/19;16:58:41.750;INFO;Server;Command: ExecRobotTask (Load,500000);
18/07/19;16:58:41.750;INFO;Controller;Executing asynchronous activity: ExecRobotTask;
18/07/19;16:58:41.750;INFO;Controller;Status = Executing: Load;
18/07/19;16:58:41.750;INFO;Controller;State = Running;
18/07/19;16:58:42.745;INFO;Robot Runtime;executing:    Load;
18/07/19;16:58:51.318;INFO;Controller;Activity ExecRobotTask ended. Return value: Done False/True/False;
18/07/19;16:58:51.318;INFO;Controller;State = Ready;
18/07/19;16:58:51.327;INFO;Server;Command: ExecRobotTask (Unload,500000);
18/07/19;16:58:51.327;INFO;Controller;Executing asynchronous activity: ExecRobotTask;
18/07/19;16:58:51.327;INFO;Controller;Status = Executing: Unload;
18/07/19;16:58:51.327;INFO;Controller;State = Running;
18/07/19;16:58:52.609;INFO;Robot Runtime;executing:    Unload;
18/07/19;16:58:59.994;INFO;Controller;Activity ExecRobotTask ended. Return value: Done False/False/False;
18/07/19;16:58:59.995;INFO;Controller;State = Ready;
18/07/19;16:59:00.197;INFO;Server;Command: ExecRobotTask (Load,500000);
18/07/19;16:59:00.198;INFO;Controller;Executing asynchronous activity: ExecRobotTask;
18/07/19;16:59:00.198;INFO;Controller;Status = Executing: Load;
18/07/19;16:59:00.198;INFO;Controller;State = Running;
18/07/19;16:59:01.200;INFO;Robot Runtime;executing:    Load;
18/07/19;16:59:09.476;INFO;Controller;Activity ExecRobotTask ended. Return value: Done False/True/False;
18/07/19;16:59:09.476;INFO;Controller;State = Ready;
18/07/19;16:59:09.483;INFO;Server;Command: ExecRobotTask (Unload,500000);
18/07/19;16:59:09.484;INFO;Controller;Executing asynchronous activity: ExecRobotTask;
18/07/19;16:59:09.484;INFO;Controller;Status = Executing: Unload;
18/07/19;16:59:09.484;INFO;Controller;State = Running;
18/07/19;16:59:10.745;INFO;Robot Runtime;executing:    Unload;
18/07/19;16:59:18.069;INFO;Controller;Activity ExecRobotTask ended. Return value: Done False/False/False;
18/07/19;16:59:18.069;INFO;Controller;State = Ready;
18/07/19;16:59:18.273;INFO;Server;Command: ExecRobotTask (Load,500000);
18/07/19;16:59:18.273;INFO;Controller;Executing asynchronous activity: ExecRobotTask;
18/07/19;16:59:18.273;INFO;Controller;Status = Executing: Load;
18/07/19;16:59:18.273;INFO;Controller;State = Running;
18/07/19;16:59:19.272;INFO;Robot Runtime;executing:    Load;
18/07/19;16:59:27.512;INFO;Controller;Activity ExecRobotTask ended. Return value: Done False/True/False;
18/07/19;16:59:27.512;INFO;Controller;State = Ready;
18/07/19;16:59:27.519;INFO;Server;Command: ExecRobotTask (Unload,500000);
18/07/19;16:59:27.520;INFO;Controller;Executing asynchronous activity: ExecRobotTask;
18/07/19;16:59:27.520;INFO;Controller;Status = Executing: Unload;
18/07/19;16:59:27.520;INFO;Controller;State = Running;
18/07/19;16:59:28.782;INFO;Robot Runtime;executing:    Unload;
18/07/19;16:59:36.111;INFO;Controller;Activity ExecRobotTask ended. Return value: Done False/False/False;
18/07/19;16:59:36.111;INFO;Controller;State = Ready;
18/07/19;16:59:36.312;INFO;Server;Command: ExecRobotTask (Load,500000);
18/07/19;16:59:36.312;INFO;Controller;Executing asynchronous activity: ExecRobotTask;
18/07/19;16:59:36.312;INFO;Controller;Status = Executing: Load;
18/07/19;16:59:36.312;INFO;Controller;State = Running;
18/07/19;16:59:37.315;INFO;Robot Runtime;executing:    Load;
18/07/19;16:59:45.726;INFO;Controller;Activity ExecRobotTask ended. Return value: Done False/True/False;
18/07/19;16:59:45.726;INFO;Controller;State = Ready;
18/07/19;16:59:45.734;INFO;Server;Command: ExecRobotTask (Unload,500000);
18/07/19;16:59:45.734;INFO;Controller;Executing asynchronous activity: ExecRobotTask;
18/07/19;16:59:45.734;INFO;Controller;Status = Executing: Unload;
18/07/19;16:59:45.734;INFO;Controller;State = Running;
18/07/19;16:59:46.991;INFO;Robot Runtime;executing:    Unload;
18/07/19;16:59:54.133;INFO;Controller;Activity ExecRobotTask ended. Return value: Done False/False/False;
18/07/19;16:59:54.133;INFO;Controller;State = Ready;
18/07/19;16:59:54.341;INFO;Server;Command: ExecRobotTask (Load,500000);
18/07/19;16:59:54.341;INFO;Controller;Executing asynchronous activity: ExecRobotTask;
18/07/19;16:59:54.341;INFO;Controller;Status = Executing: Load;
18/07/19;16:59:54.342;INFO;Controller;State = Running;
18/07/19;16:59:55.348;INFO;Robot Runtime;executing:    Load;
18/07/19;17:00:03.993;INFO;Controller;Activity ExecRobotTask ended. Return value: Done False/True/False;
18/07/19;17:00:03.993;INFO;Controller;State = Ready;
18/07/19;17:00:04.005;INFO;Server;Command: ExecRobotTask (Unload,500000);
18/07/19;17:00:04.005;INFO;Controller;Executing asynchronous activity: ExecRobotTask;
18/07/19;17:00:04.005;INFO;Controller;Status = Executing: Unload;
18/07/19;17:00:04.005;INFO;Controller;State = Running;
18/07/19;17:00:05.262;INFO;Robot Runtime;executing:    Unload;
18/07/19;17:00:12.282;INFO;Controller;Activity ExecRobotTask ended. Return value: Done False/False/False;
18/07/19;17:00:12.282;INFO;Controller;State = Ready;
18/07/19;17:00:12.288;INFO;Server;Command: ExecRobotTask (Park,500000);
18/07/19;17:00:12.289;INFO;Controller;Executing asynchronous activity: ExecRobotTask;
18/07/19;17:00:12.290;INFO;Controller;Status = Executing: Park;
18/07/19;17:00:12.290;INFO;Controller;State = Running;
18/07/19;17:00:13.124;INFO;Robot Runtime;executing:    Park;
18/07/19;17:00:18.317;INFO;Controller;Activity ExecRobotTask ended. Return value: Done;
18/07/19;17:00:18.318;INFO;Controller;State = Ready;
18/07/19;17:01:14.457;INFO;Interface;Command: ExecRobotTask (openportlid,-1);
18/07/19;17:01:14.457;INFO;Controller;Executing asynchronous activity: ExecRobotTask;
18/07/19;17:01:14.457;INFO;Controller;Status = Executing: openportlid;
18/07/19;17:01:14.457;INFO;Controller;State = Running;
18/07/19;17:01:15.275;INFO;Robot Runtime;executing:    openportlid;
18/07/19;17:01:15.908;INFO;Controller;Activity ExecRobotTask ended. Return value: Done;
18/07/19;17:01:15.908;INFO;Controller;State = Ready;
18/07/19;17:01:27.969;INFO;Interface;Command: ExecRobotTask (openloadtlid,-1);
18/07/19;17:01:27.969;INFO;Controller;Executing asynchronous activity: ExecRobotTask;
18/07/19;17:01:27.969;INFO;Controller;Status = Executing: openloadtlid;
18/07/19;17:01:27.969;INFO;Controller;State = Running;
18/07/19;17:01:28.060;INFO;Robot Runtime;executing:    openloadtlid;
18/07/19;17:01:28.581;INFO;Controller;Activity ExecRobotTask ended. Return value: ;
18/07/19;17:01:28.581;INFO;Controller;State = Ready;
18/07/19;17:02:57.773;INFO;Interface;Command: ExecRobotTask (openloadlid,-1);
18/07/19;17:02:57.773;INFO;Controller;Executing asynchronous activity: ExecRobotTask;
18/07/19;17:02:57.773;INFO;Controller;Status = Executing: openloadlid;
18/07/19;17:02:57.773;INFO;Controller;State = Running;
18/07/19;17:02:58.663;INFO;Robot Runtime;executing:    openloadlid;
18/07/19;17:02:59.326;INFO;Controller;Activity ExecRobotTask ended. Return value: Done;
18/07/19;17:02:59.326;INFO;Controller;State = Ready;
18/07/19;17:06:05.968;INFO;Interface;Command: ExecRobotTask (closeports,-1);
18/07/19;17:06:05.969;INFO;Controller;Executing asynchronous activity: ExecRobotTask;
18/07/19;17:06:05.969;INFO;Controller;Status = Executing: closeports;
18/07/19;17:06:05.969;INFO;Controller;State = Running;
18/07/19;17:06:06.851;INFO;Robot Runtime;executing:    closeports;
18/07/19;17:06:07.194;INFO;Controller;Activity ExecRobotTask ended. Return value: Done;
18/07/19;17:06:07.194;INFO;Controller;State = Ready;
18/07/19;17:06:27.057;INFO;Interface;Command: ExecRobotTask (mt_dewarclaib,-1);
18/07/19;17:06:27.057;INFO;Controller;Executing asynchronous activity: ExecRobotTask;
18/07/19;17:06:27.057;INFO;Controller;Status = Executing: mt_dewarclaib;
18/07/19;17:06:27.057;INFO;Controller;State = Running;
18/07/19;17:06:27.146;INFO;Robot Runtime;executing:    mt_dewarclaib;
18/07/19;17:06:27.347;INFO;Controller;Activity ExecRobotTask ended. Return value: ;
18/07/19;17:06:27.347;INFO;Controller;State = Ready;
18/07/19;17:06:42.734;INFO;Interface;Command: ExecRobotTask (mt_dewarcalib,-1);
18/07/19;17:06:42.734;INFO;Controller;Executing asynchronous activity: ExecRobotTask;
18/07/19;17:06:42.734;INFO;Controller;Status = Executing: mt_dewarcalib;
18/07/19;17:06:42.734;INFO;Controller;State = Running;
18/07/19;17:06:44.224;INFO;Robot Runtime;executing:    mt_dewarcalib;
18/07/19;17:06:44.265;INFO;Robot Runtime;0;
18/07/19;17:11:17.632;INFO;Robot Runtime;Puck A Center Adjustment: {0.009, -0.012,, ,,};
18/07/19;17:11:17.653;INFO;Robot Runtime;Puck B Center Adjustment: {-0.015, 0.002,, ,,};
18/07/19;17:11:17.675;INFO;Robot Runtime;Puck C Center Adjustment: {-0.019, -0.072,, ,,};
18/07/19;17:11:17.696;INFO;Robot Runtime;Puck A Fx (Min~Max,Ref): -0.944 ~ 0.684, =>-0.286;
18/07/19;17:11:17.718;INFO;Robot Runtime;Puck A Fy (Min~Max,Ref): -1.392 ~ -0.413, =>-0.696;
18/07/19;17:11:17.739;INFO;Robot Runtime;Puck B Fx (Min~Max,Ref): -1.062 ~ -0.012, =>-0.286;
18/07/19;17:11:17.762;INFO;Robot Runtime;Puck B Fy (Min~Max,Ref): -1.522 ~ 0.201, =>-0.696;
18/07/19;17:11:17.783;INFO;Robot Runtime;Puck C Fx (Min~Max,Ref): -0.956 ~ -0.236, =>-0.286;
18/07/19;17:11:17.806;INFO;Robot Runtime;Puck C Fy (Min~Max,Ref): -2.868 ~ -0.909, =>-0.696;
18/07/19;17:16:35.381;INFO;Robot Runtime;Puck A Center Adjustment: {0.013, -0.014,, ,,};
18/07/19;17:16:35.402;INFO;Robot Runtime;Puck B Center Adjustment: {-0.016, 0.001,, ,,};
18/07/19;17:16:35.423;INFO;Robot Runtime;Puck C Center Adjustment: {-0.013, -0.068,, ,,};
18/07/19;17:16:35.445;INFO;Robot Runtime;Puck A Fx (Min~Max,Ref): -0.755 ~ 0.991, =>-0.106;
18/07/19;17:16:35.466;INFO;Robot Runtime;Puck A Fy (Min~Max,Ref): -1.676 ~ -0.637, =>-0.928;
18/07/19;17:16:35.488;INFO;Robot Runtime;Puck B Fx (Min~Max,Ref): -0.932 ~ 0.189, =>-0.106;
18/07/19;17:16:35.509;INFO;Robot Runtime;Puck B Fy (Min~Max,Ref): -1.806 ~ -0.012, =>-0.928;
18/07/19;17:16:35.532;INFO;Robot Runtime;Puck C Fx (Min~Max,Ref): -0.791 ~ 0.142, =>-0.106;
18/07/19;17:16:35.553;INFO;Robot Runtime;Puck C Fy (Min~Max,Ref): -3.021 ~ -1.086, =>-0.928;
18/07/19;17:18:00.190;INFO;Controller;Activity ExecRobotTask ended. Return value: ;
18/07/19;17:18:00.190;INFO;Controller;State = Ready;
18/07/19;17:18:22.698;INFO;Interface;Command: ExecRobotTask (openportlid,-1);
18/07/19;17:18:22.698;INFO;Controller;Executing asynchronous activity: ExecRobotTask;
18/07/19;17:18:22.698;INFO;Controller;Status = Executing: openportlid;
18/07/19;17:18:22.698;INFO;Controller;State = Running;
18/07/19;17:18:23.648;INFO;Robot Runtime;executing:    openportlid;
18/07/19;17:18:24.634;INFO;Controller;Activity ExecRobotTask ended. Return value: Done;
18/07/19;17:18:24.634;INFO;Controller;State = Ready;
18/07/19;17:22:45.760;INFO;Interface;Command: ExecRobotTask (mt_dewarcalib,-1);
18/07/19;17:22:45.760;INFO;Controller;Executing asynchronous activity: ExecRobotTask;
18/07/19;17:22:45.760;INFO;Controller;Status = Executing: mt_dewarcalib;
18/07/19;17:22:45.760;INFO;Controller;State = Running;
18/07/19;17:22:46.918;INFO;Robot Runtime;executing:    mt_dewarcalib;
18/07/19;17:22:46.960;INFO;Robot Runtime;0;
18/07/19;17:27:50.127;INFO;Robot Runtime;Puck A Center Adjustment: {-0.04 , -0.031,, ,,};
18/07/19;17:27:50.149;INFO;Robot Runtime;Puck B Center Adjustment: {-0.011, 0.008,, ,,};
18/07/19;17:27:50.171;INFO;Robot Runtime;Puck C Center Adjustment: {0.038, -0.004,, ,,};
18/07/19;17:27:50.193;INFO;Robot Runtime;Puck A Fx (Min~Max,Ref): -2.219 ~ 1.298, =>0.205;
18/07/19;17:27:50.216;INFO;Robot Runtime;Puck A Fy (Min~Max,Ref): -2.301 ~ -0.944, =>-1.1  ;
18/07/19;17:27:50.237;INFO;Robot Runtime;Puck B Fx (Min~Max,Ref): -0.531 ~ 0.566, =>0.205;
18/07/19;17:27:50.259;INFO;Robot Runtime;Puck B Fy (Min~Max,Ref): -1.735 ~ -0.201, =>-1.1  ;
18/07/19;17:27:50.280;INFO;Robot Runtime;Puck C Fx (Min~Max,Ref): -0.425 ~ 2.089, =>0.205;
18/07/19;17:27:50.301;INFO;Robot Runtime;Puck C Fy (Min~Max,Ref): -1.912 ~ -0.425, =>-1.1  ;
18/07/19;17:32:30.126;INFO;Robot Runtime;Puck A Center Adjustment: {-0.07 , -0.029,, ,,};
18/07/19;17:32:30.148;INFO;Robot Runtime;Puck B Center Adjustment: {-0.015, 0.012,, ,,};
18/07/19;17:32:30.171;INFO;Robot Runtime;Puck C Center Adjustment: {0.032, -0.005,, ,,};
18/07/19;17:32:30.192;INFO;Robot Runtime;Puck A Fx (Min~Max,Ref): -2.726 ~ 1.003, =>0.312;
18/07/19;17:32:30.213;INFO;Robot Runtime;Puck A Fy (Min~Max,Ref): -2.289 ~ -0.944, =>-1.138;
18/07/19;17:32:30.234;INFO;Robot Runtime;Puck B Fx (Min~Max,Ref): -0.496 ~ 0.625, =>0.312;
18/07/19;17:32:30.256;INFO;Robot Runtime;Puck B Fy (Min~Max,Ref): -1.664 ~ -0.201, =>-1.138;
18/07/19;17:32:30.278;INFO;Robot Runtime;Puck C Fx (Min~Max,Ref): -0.283 ~ 1.983, =>0.312;
18/07/19;17:32:30.299;INFO;Robot Runtime;Puck C Fy (Min~Max,Ref): -1.817 ~ -0.637, =>-1.138;
18/07/19;17:32:45.820;INFO;Controller;Activity ExecRobotTask ended. Return value: ;
18/07/19;17:32:45.821;INFO;Controller;State = Ready;
18/07/19;17:33:11.498;INFO;Interface;Command: ExecRobotTask (openportlid,-1);
18/07/19;17:33:11.498;INFO;Controller;Executing asynchronous activity: ExecRobotTask;
18/07/19;17:33:11.498;INFO;Controller;Status = Executing: openportlid;
18/07/19;17:33:11.498;INFO;Controller;State = Running;
18/07/19;17:33:12.354;INFO;Robot Runtime;executing:    openportlid;
18/07/19;17:33:13.031;INFO;Controller;Activity ExecRobotTask ended. Return value: Done;
18/07/19;17:33:13.031;INFO;Controller;State = Ready;
18/07/19;17:36:19.290;INFO;Interface;Command: ExecRobotTask (initialize,-1);
18/07/19;17:36:19.290;INFO;Controller;Executing asynchronous activity: ExecRobotTask;
18/07/19;17:36:19.291;INFO;Controller;Status = Executing: initialize;
18/07/19;17:36:19.291;INFO;Controller;State = Running;
18/07/19;17:36:20.165;INFO;Robot Runtime;executing:    initialize;
18/07/19;17:36:21.141;INFO;Controller;Activity ExecRobotTask ended. Return value: Done;
18/07/19;17:36:21.141;INFO;Controller;State = Ready;
18/07/19;17:37:15.063;INFO;Server;Command: ExecRobotTask (Cooldown,500000);
18/07/19;17:37:15.063;INFO;Controller;Executing asynchronous activity: ExecRobotTask;
18/07/19;17:37:15.063;INFO;Controller;Status = Executing: Cooldown;
18/07/19;17:37:15.063;INFO;Controller;State = Running;
18/07/19;17:37:16.262;INFO;Robot Runtime;executing:    Cooldown;
18/07/19;17:37:16.399;INFO;Controller;Activity ExecRobotTask ended. Return value: Done;
18/07/19;17:37:16.399;INFO;Controller;State = Ready;
18/07/19;17:37:16.610;INFO;Server;Command: ExecRobotTask (Load,500000);
18/07/19;17:37:16.611;INFO;Controller;Executing asynchronous activity: ExecRobotTask;
18/07/19;17:37:16.611;INFO;Controller;Status = Executing: Load;
18/07/19;17:37:16.611;INFO;Controller;State = Running;
18/07/19;17:37:17.655;INFO;Robot Runtime;executing:    Load;
18/07/19;17:37:27.401;INFO;Controller;Activity ExecRobotTask ended. Return value: Done False/True/False;
18/07/19;17:37:27.401;INFO;Controller;State = Ready;
18/07/19;17:37:27.406;INFO;Server;Command: ExecRobotTask (Unload,500000);
18/07/19;17:37:27.407;INFO;Controller;Executing asynchronous activity: ExecRobotTask;
18/07/19;17:37:27.407;INFO;Controller;Status = Executing: Unload;
18/07/19;17:37:27.407;INFO;Controller;State = Running;
18/07/19;17:37:28.629;INFO;Robot Runtime;executing:    Unload;
18/07/19;17:37:35.828;INFO;Controller;Activity ExecRobotTask ended. Return value: Done False/False/False;
18/07/19;17:37:35.828;INFO;Controller;State = Ready;
18/07/19;17:37:36.037;INFO;Server;Command: ExecRobotTask (Load,500000);
18/07/19;17:37:36.037;INFO;Controller;Executing asynchronous activity: ExecRobotTask;
18/07/19;17:37:36.038;INFO;Controller;Status = Executing: Load;
18/07/19;17:37:36.038;INFO;Controller;State = Running;
18/07/19;17:37:37.069;INFO;Robot Runtime;executing:    Load;
18/07/19;17:37:45.378;INFO;Controller;Activity ExecRobotTask ended. Return value: Done False/True/False;
18/07/19;17:37:45.378;INFO;Controller;State = Ready;
18/07/19;17:37:45.383;INFO;Server;Command: ExecRobotTask (Unload,500000);
18/07/19;17:37:45.384;INFO;Controller;Executing asynchronous activity: ExecRobotTask;
18/07/19;17:37:45.384;INFO;Controller;Status = Executing: Unload;
18/07/19;17:37:45.384;INFO;Controller;State = Running;
18/07/19;17:37:46.616;INFO;Robot Runtime;executing:    Unload;
18/07/19;17:37:53.824;INFO;Controller;Activity ExecRobotTask ended. Return value: Done False/False/False;
18/07/19;17:37:53.824;INFO;Controller;State = Ready;
18/07/19;17:37:54.034;INFO;Server;Command: ExecRobotTask (Load,500000);
18/07/19;17:37:54.034;INFO;Controller;Executing asynchronous activity: ExecRobotTask;
18/07/19;17:37:54.034;INFO;Controller;Status = Executing: Load;
18/07/19;17:37:54.034;INFO;Controller;State = Running;
18/07/19;17:37:55.064;INFO;Robot Runtime;executing:    Load;
18/07/19;17:38:03.377;INFO;Controller;Activity ExecRobotTask ended. Return value: Done False/True/False;
18/07/19;17:38:03.377;INFO;Controller;State = Ready;
18/07/19;17:38:03.391;INFO;Server;Command: ExecRobotTask (Unload,500000);
18/07/19;17:38:03.391;INFO;Controller;Executing asynchronous activity: ExecRobotTask;
18/07/19;17:38:03.391;INFO;Controller;Status = Executing: Unload;
18/07/19;17:38:03.391;INFO;Controller;State = Running;
18/07/19;17:38:04.616;INFO;Robot Runtime;executing:    Unload;
18/07/19;17:38:11.633;INFO;Controller;Activity ExecRobotTask ended. Return value: Done False/False/False;
18/07/19;17:38:11.633;INFO;Controller;State = Ready;
18/07/19;17:38:11.843;INFO;Server;Command: ExecRobotTask (Load,500000);
18/07/19;17:38:11.843;INFO;Controller;Executing asynchronous activity: ExecRobotTask;
18/07/19;17:38:11.843;INFO;Controller;Status = Executing: Load;
18/07/19;17:38:11.843;INFO;Controller;State = Running;
18/07/19;17:38:12.908;INFO;Robot Runtime;executing:    Load;
18/07/19;17:38:21.511;INFO;Controller;Activity ExecRobotTask ended. Return value: Done False/True/False;
18/07/19;17:38:21.511;INFO;Controller;State = Ready;
18/07/19;17:38:21.516;INFO;Server;Command: ExecRobotTask (Unload,500000);
18/07/19;17:38:21.517;INFO;Controller;Executing asynchronous activity: ExecRobotTask;
18/07/19;17:38:21.517;INFO;Controller;Status = Executing: Unload;
18/07/19;17:38:21.517;INFO;Controller;State = Running;
18/07/19;17:38:22.752;INFO;Robot Runtime;executing:    Unload;
18/07/19;17:38:30.024;INFO;Controller;Activity ExecRobotTask ended. Return value: Done False/False/False;
18/07/19;17:38:30.024;INFO;Controller;State = Ready;
18/07/19;17:38:30.258;INFO;Server;Command: ExecRobotTask (Load,500000);
18/07/19;17:38:30.259;INFO;Controller;Executing asynchronous activity: ExecRobotTask;
18/07/19;17:38:30.259;INFO;Controller;Status = Executing: Load;
18/07/19;17:38:30.259;INFO;Controller;State = Running;
18/07/19;17:38:31.291;INFO;Robot Runtime;executing:    Load;
18/07/19;17:38:39.589;INFO;Controller;Activity ExecRobotTask ended. Return value: Done False/True/False;
18/07/19;17:38:39.589;INFO;Controller;State = Ready;
18/07/19;17:38:39.597;INFO;Server;Command: ExecRobotTask (Unload,500000);
18/07/19;17:38:39.597;INFO;Controller;Executing asynchronous activity: ExecRobotTask;
18/07/19;17:38:39.597;INFO;Controller;Status = Executing: Unload;
18/07/19;17:38:39.597;INFO;Controller;State = Running;
18/07/19;17:38:40.844;INFO;Robot Runtime;executing:    Unload;
18/07/19;17:38:48.266;INFO;Controller;Activity ExecRobotTask ended. Return value: Done False/False/False;
18/07/19;17:38:48.266;INFO;Controller;State = Ready;
18/07/19;17:38:48.469;INFO;Server;Command: ExecRobotTask (Load,500000);
18/07/19;17:38:48.469;INFO;Controller;Executing asynchronous activity: ExecRobotTask;
18/07/19;17:38:48.469;INFO;Controller;Status = Executing: Load;
18/07/19;17:38:48.469;INFO;Controller;State = Running;
18/07/19;17:38:49.505;INFO;Robot Runtime;executing:    Load;
18/07/19;17:38:57.984;INFO;Controller;Activity ExecRobotTask ended. Return value: Done False/True/False;
18/07/19;17:38:57.985;INFO;Controller;State = Ready;
18/07/19;17:38:57.999;INFO;Server;Command: ExecRobotTask (Unload,500000);
18/07/19;17:38:57.999;INFO;Controller;Executing asynchronous activity: ExecRobotTask;
18/07/19;17:38:57.999;INFO;Controller;Status = Executing: Unload;
18/07/19;17:38:58.000;INFO;Controller;State = Running;
18/07/19;17:38:59.239;INFO;Robot Runtime;executing:    Unload;
18/07/19;17:39:06.488;INFO;Controller;Activity ExecRobotTask ended. Return value: Done False/False/False;
18/07/19;17:39:06.488;INFO;Controller;State = Ready;
18/07/19;17:39:06.700;INFO;Server;Command: ExecRobotTask (Load,500000);
18/07/19;17:39:06.700;INFO;Controller;Executing asynchronous activity: ExecRobotTask;
18/07/19;17:39:06.700;INFO;Controller;Status = Executing: Load;
18/07/19;17:39:06.700;INFO;Controller;State = Running;
18/07/19;17:39:07.727;INFO;Robot Runtime;executing:    Load;
18/07/19;17:39:16.193;INFO;Controller;Activity ExecRobotTask ended. Return value: Done False/True/False;
18/07/19;17:39:16.193;INFO;Controller;State = Ready;
18/07/19;17:39:16.199;INFO;Server;Command: ExecRobotTask (Unload,500000);
18/07/19;17:39:16.199;INFO;Controller;Executing asynchronous activity: ExecRobotTask;
18/07/19;17:39:16.199;INFO;Controller;Status = Executing: Unload;
18/07/19;17:39:16.199;INFO;Controller;State = Running;
18/07/19;17:39:17.432;INFO;Robot Runtime;executing:    Unload;
18/07/19;17:39:24.720;INFO;Controller;Activity ExecRobotTask ended. Return value: Done False/False/False;
18/07/19;17:39:24.720;INFO;Controller;State = Ready;
18/07/19;17:39:24.919;INFO;Server;Command: ExecRobotTask (Load,500000);
18/07/19;17:39:24.920;INFO;Controller;Executing asynchronous activity: ExecRobotTask;
18/07/19;17:39:24.920;INFO;Controller;Status = Executing: Load;
18/07/19;17:39:24.920;INFO;Controller;State = Running;
18/07/19;17:39:25.942;INFO;Robot Runtime;executing:    Load;
18/07/19;17:39:34.283;INFO;Controller;Activity ExecRobotTask ended. Return value: Done False/True/False;
18/07/19;17:39:34.283;INFO;Controller;State = Ready;
18/07/19;17:39:34.290;INFO;Server;Command: ExecRobotTask (Unload,500000);
18/07/19;17:39:34.290;INFO;Controller;Executing asynchronous activity: ExecRobotTask;
18/07/19;17:39:34.290;INFO;Controller;Status = Executing: Unload;
18/07/19;17:39:34.291;INFO;Controller;State = Running;
18/07/19;17:39:35.531;INFO;Robot Runtime;executing:    Unload;
18/07/19;17:39:42.746;INFO;Controller;Activity ExecRobotTask ended. Return value: Done False/False/False;
18/07/19;17:39:42.746;INFO;Controller;State = Ready;
18/07/19;17:39:42.953;INFO;Server;Command: ExecRobotTask (Load,500000);
18/07/19;17:39:42.953;INFO;Controller;Executing asynchronous activity: ExecRobotTask;
18/07/19;17:39:42.953;INFO;Controller;Status = Executing: Load;
18/07/19;17:39:42.954;INFO;Controller;State = Running;
18/07/19;17:39:43.983;INFO;Robot Runtime;executing:    Load;
18/07/19;17:39:52.445;INFO;Controller;Activity ExecRobotTask ended. Return value: Done False/True/False;
18/07/19;17:39:52.446;INFO;Controller;State = Ready;
18/07/19;17:39:52.455;INFO;Server;Command: ExecRobotTask (Unload,500000);
18/07/19;17:39:52.456;INFO;Controller;Executing asynchronous activity: ExecRobotTask;
18/07/19;17:39:52.456;INFO;Controller;Status = Executing: Unload;
18/07/19;17:39:52.456;INFO;Controller;State = Running;
18/07/19;17:39:53.699;INFO;Robot Runtime;executing:    Unload;
18/07/19;17:40:00.984;INFO;Controller;Activity ExecRobotTask ended. Return value: Done False/False/False;
18/07/19;17:40:00.985;INFO;Controller;State = Ready;
18/07/19;17:40:01.189;INFO;Server;Command: ExecRobotTask (Load,500000);
18/07/19;17:40:01.189;INFO;Controller;Executing asynchronous activity: ExecRobotTask;
18/07/19;17:40:01.189;INFO;Controller;Status = Executing: Load;
18/07/19;17:40:01.189;INFO;Controller;State = Running;
18/07/19;17:40:02.218;INFO;Robot Runtime;executing:    Load;
18/07/19;17:40:10.725;INFO;Controller;Activity ExecRobotTask ended. Return value: Done False/True/False;
18/07/19;17:40:10.725;INFO;Controller;State = Ready;
18/07/19;17:40:10.734;INFO;Server;Command: ExecRobotTask (Unload,500000);
18/07/19;17:40:10.734;INFO;Controller;Executing asynchronous activity: ExecRobotTask;
18/07/19;17:40:10.734;INFO;Controller;Status = Executing: Unload;
18/07/19;17:40:10.735;INFO;Controller;State = Running;
18/07/19;17:40:11.962;INFO;Robot Runtime;executing:    Unload;
18/07/19;17:40:19.228;INFO;Controller;Activity ExecRobotTask ended. Return value: Done False/False/False;
18/07/19;17:40:19.228;INFO;Controller;State = Ready;
18/07/19;17:40:19.466;INFO;Server;Command: ExecRobotTask (Load,500000);
18/07/19;17:40:19.466;INFO;Controller;Executing asynchronous activity: ExecRobotTask;
18/07/19;17:40:19.466;INFO;Controller;Status = Executing: Load;
18/07/19;17:40:19.466;INFO;Controller;State = Running;
18/07/19;17:40:20.503;INFO;Robot Runtime;executing:    Load;
18/07/19;17:40:28.782;INFO;Controller;Activity ExecRobotTask ended. Return value: Done False/True/False;
18/07/19;17:40:28.782;INFO;Controller;State = Ready;
18/07/19;17:40:28.791;INFO;Server;Command: ExecRobotTask (Unload,500000);
18/07/19;17:40:28.791;INFO;Controller;Executing asynchronous activity: ExecRobotTask;
18/07/19;17:40:28.791;INFO;Controller;Status = Executing: Unload;
18/07/19;17:40:28.791;INFO;Controller;State = Running;
18/07/19;17:40:30.024;INFO;Robot Runtime;executing:    Unload;
18/07/19;17:40:37.205;INFO;Controller;Activity ExecRobotTask ended. Return value: Done False/False/False;
18/07/19;17:40:37.205;INFO;Controller;State = Ready;
18/07/19;17:40:37.409;INFO;Server;Command: ExecRobotTask (Load,500000);
18/07/19;17:40:37.409;INFO;Controller;Executing asynchronous activity: ExecRobotTask;
18/07/19;17:40:37.409;INFO;Controller;Status = Executing: Load;
18/07/19;17:40:37.409;INFO;Controller;State = Running;
18/07/19;17:40:38.444;INFO;Robot Runtime;executing:    Load;
18/07/19;17:40:47.158;INFO;Controller;Activity ExecRobotTask ended. Return value: Done False/True/False;
18/07/19;17:40:47.158;INFO;Controller;State = Ready;
18/07/19;17:40:47.169;INFO;Server;Command: ExecRobotTask (Unload,500000);
18/07/19;17:40:47.169;INFO;Controller;Executing asynchronous activity: ExecRobotTask;
18/07/19;17:40:47.169;INFO;Controller;Status = Executing: Unload;
18/07/19;17:40:47.169;INFO;Controller;State = Running;
18/07/19;17:40:48.401;INFO;Robot Runtime;executing:    Unload;
18/07/19;17:40:55.630;INFO;Controller;Activity ExecRobotTask ended. Return value: Done False/False/False;
18/07/19;17:40:55.630;INFO;Controller;State = Ready;
18/07/19;17:40:55.644;INFO;Server;Command: ExecRobotTask (Park,500000);
18/07/19;17:40:55.644;INFO;Controller;Executing asynchronous activity: ExecRobotTask;
18/07/19;17:40:55.644;INFO;Controller;Status = Executing: Park;
18/07/19;17:40:55.644;INFO;Controller;State = Running;
18/07/19;17:40:56.480;INFO;Robot Runtime;executing:    Park;
18/07/19;17:41:01.570;INFO;Controller;Activity ExecRobotTask ended. Return value: Done;
18/07/19;17:41:01.570;INFO;Controller;State = Ready;
18/07/19;17:41:17.845;INFO;Interface;Command: ExecRobotTask (mt_dewarcalib,-1);
18/07/19;17:41:17.845;INFO;Controller;Executing asynchronous activity: ExecRobotTask;
18/07/19;17:41:17.845;INFO;Controller;Status = Executing: mt_dewarcalib;
18/07/19;17:41:17.845;INFO;Controller;State = Running;
18/07/19;17:41:19.127;INFO;Robot Runtime;executing:    mt_dewarcalib;
18/07/19;17:41:19.170;INFO;Robot Runtime;0;
18/07/19;17:46:06.614;INFO;Robot Runtime;Puck A Center Adjustment: {-0.033, -0.03 ,, ,,};
18/07/19;17:46:06.635;INFO;Robot Runtime;Puck B Center Adjustment: {-0.015, -0.002,, ,,};
18/07/19;17:46:06.657;INFO;Robot Runtime;Puck C Center Adjustment: {0.027, -0.014,, ,,};
18/07/19;17:46:06.678;INFO;Robot Runtime;Puck A Fx (Min~Max,Ref): -1.9   ~ 1.983, =>0.599;
18/07/19;17:46:06.700;INFO;Robot Runtime;Puck A Fy (Min~Max,Ref): -2.691 ~ -0.637, =>-1.168;
18/07/19;17:46:06.721;INFO;Robot Runtime;Puck B Fx (Min~Max,Ref): -0.142 ~ 0.85 , =>0.599;
18/07/19;17:46:06.744;INFO;Robot Runtime;Puck B Fy (Min~Max,Ref): -2.089 ~ -0.307, =>-1.168;
18/07/19;17:46:06.768;INFO;Robot Runtime;Puck C Fx (Min~Max,Ref): -0.083 ~ 2.183, =>0.599;
18/07/19;17:46:06.791;INFO;Robot Runtime;Puck C Fy (Min~Max,Ref): -2.089 ~ -0.72 , =>-1.168;
18/07/19;17:46:24.207;INFO;Controller;Activity ExecRobotTask ended. Return value: ;
18/07/19;17:46:24.208;INFO;Controller;State = Ready;
18/07/19;17:46:42.184;INFO;Interface;Command: ExecRobotTask (finish,-1);
18/07/19;17:46:42.184;INFO;Controller;Executing asynchronous activity: ExecRobotTask;
18/07/19;17:46:42.184;INFO;Controller;Status = Executing: finish;
18/07/19;17:46:42.184;INFO;Controller;State = Running;
18/07/19;17:46:43.490;INFO;Robot Runtime;executing:    finish;
18/07/19;17:49:13.103;INFO;Controller;Activity ExecRobotTask ended. Return value: Done;
18/07/19;17:49:13.104;INFO;Controller;State = Ready;
