17/07/19;14:52:18.691;INFO;Interface;Command: ExecRobotTask (initialize,-1);
17/07/19;14:52:18.691;INFO;Controller;Executing asynchronous activity: ExecRobotTask;
17/07/19;14:52:18.691;INFO;Controller;Status = Executing: initialize;
17/07/19;14:52:18.691;INFO;Controller;State = Running;
17/07/19;14:52:19.636;INFO;Robot Runtime;executing:    initialize;
17/07/19;14:52:20.682;INFO;Robot Runtime;Failed to turn on robot power;
17/07/19;14:52:20.935;INFO;Controller;Activity ExecRobotTask ended. Return value: ABORT: Failed to turn on robot power;
17/07/19;14:52:20.936;INFO;Controller;State = Ready;
17/07/19;14:52:49.335;INFO;Interface;Command: ExecRobotTask (initialize,-1);
17/07/19;14:52:49.335;INFO;Controller;Executing asynchronous activity: ExecRobotTask;
17/07/19;14:52:49.335;INFO;Controller;Status = Executing: initialize;
17/07/19;14:52:49.335;INFO;Controller;State = Running;
17/07/19;14:52:50.228;INFO;Robot Runtime;executing:    initialize;
17/07/19;14:52:51.554;INFO;Controller;Activity ExecRobotTask ended. Return value: Done;
17/07/19;14:52:51.554;INFO;Controller;State = Ready;
17/07/19;14:53:05.851;INFO;Interface;Command: ExecRobotTask (mt_dewarcalib,-1);
17/07/19;14:53:05.851;INFO;Controller;Executing asynchronous activity: ExecRobotTask;
17/07/19;14:53:05.851;INFO;Controller;Status = Executing: mt_dewarcalib;
17/07/19;14:53:05.851;INFO;Controller;State = Running;
17/07/19;14:53:07.348;INFO;Robot Runtime;executing:    mt_dewarcalib;
17/07/19;14:53:07.390;INFO;Robot Runtime;0;
17/07/19;15:01:08.193;INFO;Robot Runtime;Puck A Center Adjustment: {0.036, 0.108,, ,,};
17/07/19;15:01:08.215;INFO;Robot Runtime;Puck B Center Adjustment: {0.014, 0.068,, ,,};
17/07/19;15:01:08.237;INFO;Robot Runtime;Puck C Center Adjustment: {0.035, 0.023,, ,,};
17/07/19;15:01:08.259;INFO;Robot Runtime;Puck A Fx (Min~Max,Ref): -1.274 ~ 1.027, =>-0.72 ;
17/07/19;15:01:08.280;INFO;Robot Runtime;Puck A Fy (Min~Max,Ref): 0.673 ~ 3.493, =>0.283;
17/07/19;15:01:08.301;INFO;Robot Runtime;Puck B Fx (Min~Max,Ref): -1.392 ~ 0.413, =>-0.72 ;
17/07/19;15:01:08.323;INFO;Robot Runtime;Puck B Fy (Min~Max,Ref): 0.354 ~ 2.466, =>0.283;
17/07/19;15:01:08.344;INFO;Robot Runtime;Puck C Fx (Min~Max,Ref): -1.109 ~ 0.826, =>-0.72 ;
17/07/19;15:01:08.366;INFO;Robot Runtime;Puck C Fy (Min~Max,Ref): -0.094 ~ 1.44 , =>0.283;
17/07/19;15:06:09.190;INFO;Robot Runtime;Puck A Center Adjustment: {-0.007, 0.051,, ,,};
17/07/19;15:06:09.213;INFO;Robot Runtime;Puck B Center Adjustment: {0.001, 0.038,, ,,};
17/07/19;15:06:09.237;INFO;Robot Runtime;Puck C Center Adjustment: {0.02 , 0.015,, ,,};
17/07/19;15:06:09.259;INFO;Robot Runtime;Puck A Fx (Min~Max,Ref): -1.251 ~ -0.094, =>-0.562;
17/07/19;15:06:09.280;INFO;Robot Runtime;Puck A Fy (Min~Max,Ref): -0.047 ~ 1.593, =>-0.076;
17/07/19;15:06:09.301;INFO;Robot Runtime;Puck B Fx (Min~Max,Ref): -1.204 ~ 0.13 , =>-0.562;
17/07/19;15:06:09.323;INFO;Robot Runtime;Puck B Fy (Min~Max,Ref): -0.295 ~ 1.404, =>-0.076;
17/07/19;15:06:09.345;INFO;Robot Runtime;Puck C Fx (Min~Max,Ref): -1.038 ~ 0.566, =>-0.562;
17/07/19;15:06:09.366;INFO;Robot Runtime;Puck C Fy (Min~Max,Ref): -0.507 ~ 0.861, =>-0.076;
17/07/19;15:10:44.188;INFO;Robot Runtime;Puck A Center Adjustment: {-0.011, 0.033,, ,,};
17/07/19;15:10:44.211;INFO;Robot Runtime;Puck B Center Adjustment: {-0.009, 0.024,, ,,};
17/07/19;15:10:44.233;INFO;Robot Runtime;Puck C Center Adjustment: {0    , 0.009,, ,,};
17/07/19;15:10:44.255;INFO;Robot Runtime;Puck A Fx (Min~Max,Ref): -1.086 ~ 0    , =>-0.356;
17/07/19;15:10:44.276;INFO;Robot Runtime;Puck A Fy (Min~Max,Ref): -0.614 ~ 0.696, =>-0.512;
17/07/19;15:10:44.299;INFO;Robot Runtime;Puck B Fx (Min~Max,Ref): -1.145 ~ 0.13 , =>-0.356;
17/07/19;15:10:44.320;INFO;Robot Runtime;Puck B Fy (Min~Max,Ref): -0.861 ~ 0.649, =>-0.512;
17/07/19;15:10:44.342;INFO;Robot Runtime;Puck C Fx (Min~Max,Ref): -0.956 ~ 0.248, =>-0.356;
17/07/19;15:10:44.363;INFO;Robot Runtime;Puck C Fy (Min~Max,Ref): -1.062 ~ 0.354, =>-0.512;
17/07/19;15:15:25.935;INFO;Robot Runtime;Puck A Center Adjustment: {-0.017, 0.02 ,, ,,};
17/07/19;15:15:25.956;INFO;Robot Runtime;Puck B Center Adjustment: {-0.011, 0.024,, ,,};
17/07/19;15:15:25.978;INFO;Robot Runtime;Puck C Center Adjustment: {0.009, 0.015,, ,,};
17/07/19;15:15:25.999;INFO;Robot Runtime;Puck A Fx (Min~Max,Ref): -0.802 ~ 0.059, =>-0.083;
17/07/19;15:15:26.022;INFO;Robot Runtime;Puck A Fy (Min~Max,Ref): -1.015 ~ -0.201, =>-0.942;
17/07/19;15:15:26.045;INFO;Robot Runtime;Puck B Fx (Min~Max,Ref): -0.956 ~ 0.425, =>-0.083;
17/07/19;15:15:26.067;INFO;Robot Runtime;Puck B Fy (Min~Max,Ref): -1.286 ~ 0.212, =>-0.942;
17/07/19;15:15:26.088;INFO;Robot Runtime;Puck C Fx (Min~Max,Ref): -0.578 ~ 0.72 , =>-0.083;
17/07/19;15:15:26.109;INFO;Robot Runtime;Puck C Fy (Min~Max,Ref): -1.428 ~ 0.047, =>-0.942;
17/07/19;15:19:57.442;INFO;Robot Runtime;Puck A Center Adjustment: {-0.012, 0.002,, ,,};
17/07/19;15:19:57.464;INFO;Robot Runtime;Puck B Center Adjustment: {0.005, 0.018,, ,,};
17/07/19;15:19:57.486;INFO;Robot Runtime;Puck C Center Adjustment: {0.021, 0.016,, ,,};
17/07/19;15:19:57.507;INFO;Robot Runtime;Puck A Fx (Min~Max,Ref): -0.484 ~ 0.33 , =>0.118;
17/07/19;15:19:57.528;INFO;Robot Runtime;Puck A Fy (Min~Max,Ref): -1.428 ~ -0.826, =>-1.168;
17/07/19;15:19:57.551;INFO;Robot Runtime;Puck B Fx (Min~Max,Ref): -0.496 ~ 0.909, =>0.118;
17/07/19;15:19:57.572;INFO;Robot Runtime;Puck B Fy (Min~Max,Ref): -1.546 ~ -0.201, =>-1.168;
17/07/19;15:19:57.594;INFO;Robot Runtime;Puck C Fx (Min~Max,Ref): -0.354 ~ 1.298, =>0.118;
17/07/19;15:19:57.615;INFO;Robot Runtime;Puck C Fy (Min~Max,Ref): -1.558 ~ -0.236, =>-1.168;
17/07/19;15:23:58.619;INFO;Controller;Activity ExecRobotTask ended. Return value: ;
17/07/19;15:23:58.619;INFO;Controller;State = Ready;
17/07/19;15:24:23.027;INFO;Interface;Command: ExecRobotTask (openportlid,-1);
17/07/19;15:24:23.027;INFO;Controller;Executing asynchronous activity: ExecRobotTask;
17/07/19;15:24:23.027;INFO;Controller;Status = Executing: openportlid;
17/07/19;15:24:23.027;INFO;Controller;State = Running;
17/07/19;15:24:24.060;INFO;Robot Runtime;executing:    openportlid;
17/07/19;15:24:25.056;INFO;Controller;Activity ExecRobotTask ended. Return value: Done;
17/07/19;15:24:25.056;INFO;Controller;State = Ready;
17/07/19;15:24:36.684;INFO;Interface;Command: ExecRobotTask (openloadlid,-1);
17/07/19;15:24:36.684;INFO;Controller;Executing asynchronous activity: ExecRobotTask;
17/07/19;15:24:36.693;INFO;Controller;Status = Executing: openloadlid;
17/07/19;15:24:36.693;INFO;Controller;State = Running;
17/07/19;15:24:37.569;INFO;Robot Runtime;executing:    openloadlid;
17/07/19;15:24:38.528;INFO;Controller;Activity ExecRobotTask ended. Return value: Done;
17/07/19;15:24:38.528;INFO;Controller;State = Ready;
17/07/19;15:28:05.490;INFO;Interface;Command: ExecRobotTask (closeports,-1);
17/07/19;15:28:05.490;INFO;Controller;Executing asynchronous activity: ExecRobotTask;
17/07/19;15:28:05.490;INFO;Controller;Status = Executing: closeports;
17/07/19;15:28:05.490;INFO;Controller;State = Running;
17/07/19;15:28:06.431;INFO;Robot Runtime;executing:    closeports;
17/07/19;15:28:06.660;INFO;Controller;Activity ExecRobotTask ended. Return value: Done;
17/07/19;15:28:06.660;INFO;Controller;State = Ready;
17/07/19;15:28:13.806;INFO;Interface;Command: ExecRobotTask (openportlid,-1);
17/07/19;15:28:13.806;INFO;Controller;Executing asynchronous activity: ExecRobotTask;
17/07/19;15:28:13.806;INFO;Controller;Status = Executing: openportlid;
17/07/19;15:28:13.806;INFO;Controller;State = Running;
17/07/19;15:28:14.626;INFO;Robot Runtime;executing:    openportlid;
17/07/19;15:28:15.471;INFO;Controller;Activity ExecRobotTask ended. Return value: Done;
17/07/19;15:28:15.472;INFO;Controller;State = Ready;
17/07/19;15:40:51.520;INFO;Interface;Command: ExecRobotTask (initialize,-1);
17/07/19;15:40:51.520;INFO;Controller;Executing asynchronous activity: ExecRobotTask;
17/07/19;15:40:51.520;INFO;Controller;Status = Executing: initialize;
17/07/19;15:40:51.520;INFO;Controller;State = Running;
17/07/19;15:40:52.584;INFO;Robot Runtime;executing:    initialize;
17/07/19;15:40:53.754;INFO;Controller;Activity ExecRobotTask ended. Return value: Done;
17/07/19;15:40:53.754;INFO;Controller;State = Ready;
17/07/19;15:40:58.848;INFO;Interface;Command: Abort;
17/07/19;15:40:58.848;INFO;Robot;Abort;
17/07/19;15:41:26.721;INFO;Interface;Command: ExecRobotTask (finish,-1);
17/07/19;15:41:26.721;INFO;Controller;Executing asynchronous activity: ExecRobotTask;
17/07/19;15:41:26.721;INFO;Controller;Status = Executing: finish;
17/07/19;15:41:26.722;INFO;Controller;State = Running;
17/07/19;15:41:27.825;INFO;Robot Runtime;executing:    finish;
17/07/19;15:43:29.200;INFO;Controller;Activity ExecRobotTask ended. Return value: Done;
17/07/19;15:43:29.200;INFO;Controller;State = Ready;
17/07/19;15:43:40.312;INFO;Interface;Command: ExecRobotTask (mt_dewarcalib,-1);
17/07/19;15:43:40.312;INFO;Controller;Executing asynchronous activity: ExecRobotTask;
17/07/19;15:43:40.312;INFO;Controller;Status = Executing: mt_dewarcalib;
17/07/19;15:43:40.312;INFO;Controller;State = Running;
17/07/19;15:43:41.623;INFO;Robot Runtime;executing:    mt_dewarcalib;
17/07/19;15:43:41.666;INFO;Robot Runtime;0;
17/07/19;15:49:59.175;INFO;Robot Runtime;Puck A Center Adjustment: {0.039, 0.072,, ,,};
17/07/19;15:49:59.198;INFO;Robot Runtime;Puck B Center Adjustment: {-0.002, 0.077,, ,,};
17/07/19;15:49:59.219;INFO;Robot Runtime;Puck C Center Adjustment: {0.02 , 0.069,, ,,};
17/07/19;15:49:59.240;INFO;Robot Runtime;Puck A Fx (Min~Max,Ref): 0.094 ~ 2.03 , =>0.406;
17/07/19;15:49:59.262;INFO;Robot Runtime;Puck A Fy (Min~Max,Ref): -0.46  ~ 1.971, =>-0.441;
17/07/19;15:49:59.283;INFO;Robot Runtime;Puck B Fx (Min~Max,Ref): -0.26  ~ 1.015, =>0.406;
17/07/19;15:49:59.304;INFO;Robot Runtime;Puck B Fy (Min~Max,Ref): -0.224 ~ 1.9  , =>-0.441;
17/07/19;15:49:59.327;INFO;Robot Runtime;Puck C Fx (Min~Max,Ref): -0.106 ~ 1.581, =>0.406;
17/07/19;15:49:59.348;INFO;Robot Runtime;Puck C Fy (Min~Max,Ref): -0.224 ~ 1.628, =>-0.441;
17/07/19;15:54:33.669;INFO;Robot Runtime;Puck A Center Adjustment: {-0.011, 0.046,, ,,};
17/07/19;15:54:33.690;INFO;Robot Runtime;Puck B Center Adjustment: {-0.022, 0.044,, ,,};
17/07/19;15:54:33.711;INFO;Robot Runtime;Puck C Center Adjustment: {-0.004, 0.025,, ,,};
17/07/19;15:54:33.733;INFO;Robot Runtime;Puck A Fx (Min~Max,Ref): -0.26  ~ 0.661, =>0.385;
17/07/19;15:54:33.754;INFO;Robot Runtime;Puck A Fy (Min~Max,Ref): -0.555 ~ 1.003, =>-0.55 ;
17/07/19;15:54:33.777;INFO;Robot Runtime;Puck B Fx (Min~Max,Ref): -0.59  ~ 0.625, =>0.385;
17/07/19;15:54:33.801;INFO;Robot Runtime;Puck B Fy (Min~Max,Ref): -0.755 ~ 1.121, =>-0.55 ;
17/07/19;15:54:33.822;INFO;Robot Runtime;Puck C Fx (Min~Max,Ref): -0.283 ~ 0.909, =>0.385;
17/07/19;15:54:33.843;INFO;Robot Runtime;Puck C Fy (Min~Max,Ref): -0.779 ~ 0.519, =>-0.55 ;
17/07/19;15:59:06.172;INFO;Robot Runtime;Puck A Center Adjustment: {-0.019, 0.025,, ,,};
17/07/19;15:59:06.198;INFO;Robot Runtime;Puck B Center Adjustment: {-0.018, 0.036,, ,,};
17/07/19;15:59:06.219;INFO;Robot Runtime;Puck C Center Adjustment: {-0.003, 0.015,, ,,};
17/07/19;15:59:06.241;INFO;Robot Runtime;Puck A Fx (Min~Max,Ref): -0.224 ~ 0.531, =>0.465;
17/07/19;15:59:06.263;INFO;Robot Runtime;Puck A Fy (Min~Max,Ref): -0.956 ~ 0.153, =>-0.814;
17/07/19;15:59:06.284;INFO;Robot Runtime;Puck B Fx (Min~Max,Ref): -0.33  ~ 0.649, =>0.465;
17/07/19;15:59:06.306;INFO;Robot Runtime;Puck B Fy (Min~Max,Ref): -1.062 ~ 0.649, =>-0.814;
17/07/19;15:59:06.327;INFO;Robot Runtime;Puck C Fx (Min~Max,Ref): -0.201 ~ 1.027, =>0.465;
17/07/19;15:59:06.348;INFO;Robot Runtime;Puck C Fy (Min~Max,Ref): -1.145 ~ 0.024, =>-0.814;
17/07/19;16:07:54.667;INFO;Robot Runtime;Puck A Center Adjustment: {-0.014, 0.01 ,, ,,};
17/07/19;16:07:54.689;INFO;Robot Runtime;Puck B Center Adjustment: {-0.019, 0.021,, ,,};
17/07/19;16:07:54.710;INFO;Robot Runtime;Puck C Center Adjustment: {-0.007, 0.021,, ,,};
17/07/19;16:07:54.732;INFO;Robot Runtime;Puck A Fx (Min~Max,Ref): -0.083 ~ 0.767, =>0.571;
17/07/19;16:07:54.752;INFO;Robot Runtime;Puck A Fy (Min~Max,Ref): -1.298 ~ -0.354, =>-0.991;
17/07/19;16:07:54.773;INFO;Robot Runtime;Puck B Fx (Min~Max,Ref): -0.165 ~ 0.673, =>0.571;
17/07/19;16:07:54.795;INFO;Robot Runtime;Puck B Fy (Min~Max,Ref): -1.286 ~ 0    , =>-0.991;
17/07/19;16:07:54.819;INFO;Robot Runtime;Puck C Fx (Min~Max,Ref): -0.165 ~ 1.074, =>0.571;
17/07/19;16:07:54.841;INFO;Robot Runtime;Puck C Fy (Min~Max,Ref): -1.263 ~ -0.024, =>-0.991;
17/07/19;16:12:39.421;INFO;Robot Runtime;Puck A Center Adjustment: {-0.011, 0.015,, ,,};
17/07/19;16:12:39.445;INFO;Robot Runtime;Puck B Center Adjustment: {-0.015, 0.022,, ,,};
17/07/19;16:12:39.466;INFO;Robot Runtime;Puck C Center Adjustment: {-0.019, 0.023,, ,,};
17/07/19;16:12:39.488;INFO;Robot Runtime;Puck A Fx (Min~Max,Ref): -0.024 ~ 0.873, =>0.614;
17/07/19;16:12:39.510;INFO;Robot Runtime;Puck A Fy (Min~Max,Ref): -1.239 ~ -0.33 , =>-1.036;
17/07/19;16:12:39.531;INFO;Robot Runtime;Puck B Fx (Min~Max,Ref): -0.094 ~ 0.838, =>0.614;
17/07/19;16:12:39.552;INFO;Robot Runtime;Puck B Fy (Min~Max,Ref): -1.322 ~ -0.024, =>-1.036;
17/07/19;16:12:39.574;INFO;Robot Runtime;Puck C Fx (Min~Max,Ref): -0.071 ~ 0.649, =>0.614;
17/07/19;16:12:39.596;INFO;Robot Runtime;Puck C Fy (Min~Max,Ref): -1.109 ~ -0.189, =>-1.036;
17/07/19;16:18:22.169;INFO;Robot Runtime;Puck A Center Adjustment: {-0.019, 0.02 ,, ,,};
17/07/19;16:18:22.191;INFO;Robot Runtime;Puck B Center Adjustment: {-0.011, 0.016,, ,,};
17/07/19;16:18:22.212;INFO;Robot Runtime;Puck C Center Adjustment: {-0.009, 0.011,, ,,};
17/07/19;16:18:22.233;INFO;Robot Runtime;Puck A Fx (Min~Max,Ref): -0.012 ~ 0.814, =>0.72 ;
17/07/19;16:18:22.257;INFO;Robot Runtime;Puck A Fy (Min~Max,Ref): -1.298 ~ -0.26 , =>-1.119;
17/07/19;16:18:22.279;INFO;Robot Runtime;Puck B Fx (Min~Max,Ref): 0     ~ 1.062, =>0.72 ;
17/07/19;16:18:22.300;INFO;Robot Runtime;Puck B Fy (Min~Max,Ref): -1.451 ~ -0.236, =>-1.119;
17/07/19;16:18:22.322;INFO;Robot Runtime;Puck C Fx (Min~Max,Ref): -0.035 ~ 1.18 , =>0.72 ;
17/07/19;16:18:22.344;INFO;Robot Runtime;Puck C Fy (Min~Max,Ref): -1.416 ~ -0.448, =>-1.119;
17/07/19;16:18:30.841;INFO;Controller;Activity ExecRobotTask ended. Return value: ;
17/07/19;16:18:30.841;INFO;Controller;State = Ready;
17/07/19;16:18:51.980;INFO;Interface;Command: ExecRobotTask (openloadlid,-1);
17/07/19;16:18:51.981;INFO;Controller;Executing asynchronous activity: ExecRobotTask;
17/07/19;16:18:51.981;INFO;Controller;Status = Executing: openloadlid;
17/07/19;16:18:51.981;INFO;Controller;State = Running;
17/07/19;16:18:53.034;INFO;Robot Runtime;executing:    openloadlid;
17/07/19;16:18:53.938;INFO;Controller;Activity ExecRobotTask ended. Return value: Done;
17/07/19;16:18:53.939;INFO;Controller;State = Ready;
17/07/19;16:19:01.229;INFO;Interface;Command: ExecRobotTask (openportlid,-1);
17/07/19;16:19:01.229;INFO;Controller;Executing asynchronous activity: ExecRobotTask;
17/07/19;16:19:01.229;INFO;Controller;Status = Executing: openportlid;
17/07/19;16:19:01.229;INFO;Controller;State = Running;
17/07/19;16:19:02.339;INFO;Robot Runtime;executing:    openportlid;
17/07/19;16:19:02.964;INFO;Controller;Activity ExecRobotTask ended. Return value: Done;
17/07/19;16:19:02.964;INFO;Controller;State = Ready;
17/07/19;16:33:55.382;INFO;Interface;Command: Abort;
17/07/19;16:33:55.382;INFO;Robot;Abort;
17/07/19;16:34:06.625;INFO;Interface;Command: ExecRobotTask (closeports,-1);
17/07/19;16:34:06.625;INFO;Controller;Executing asynchronous activity: ExecRobotTask;
17/07/19;16:34:06.625;INFO;Controller;Status = Executing: closeports;
17/07/19;16:34:06.626;INFO;Controller;State = Running;
17/07/19;16:34:07.621;INFO;Robot Runtime;executing:    closeports;
17/07/19;16:34:07.877;INFO;Controller;Activity ExecRobotTask ended. Return value: Done;
17/07/19;16:34:07.877;INFO;Controller;State = Ready;
17/07/19;16:34:15.565;INFO;Interface;Command: ExecRobotTask (initialize,-1);
17/07/19;16:34:15.565;INFO;Controller;Executing asynchronous activity: ExecRobotTask;
17/07/19;16:34:15.565;INFO;Controller;Status = Executing: initialize;
17/07/19;16:34:15.565;INFO;Controller;State = Running;
17/07/19;16:34:16.440;INFO;Robot Runtime;executing:    initialize;
17/07/19;16:34:17.735;INFO;Controller;Activity ExecRobotTask ended. Return value: Done;
17/07/19;16:34:17.736;INFO;Controller;State = Ready;
17/07/19;16:34:24.231;INFO;Interface;Command: ExecRobotTask (finish,-1);
17/07/19;16:34:24.231;INFO;Controller;Executing asynchronous activity: ExecRobotTask;
17/07/19;16:34:24.231;INFO;Controller;Status = Executing: finish;
17/07/19;16:34:24.231;INFO;Controller;State = Running;
17/07/19;16:34:25.417;INFO;Robot Runtime;executing:    finish;
17/07/19;16:36:29.515;INFO;Controller;Activity ExecRobotTask ended. Return value: Done;
17/07/19;16:36:29.515;INFO;Controller;State = Ready;
17/07/19;16:37:04.079;INFO;Interface;Command: ExecRobotTask (mt_dewarcalib,-1);
17/07/19;16:37:04.080;INFO;Controller;Executing asynchronous activity: ExecRobotTask;
17/07/19;16:37:04.080;INFO;Controller;Status = Executing: mt_dewarcalib;
17/07/19;16:37:04.080;INFO;Controller;State = Running;
17/07/19;16:37:05.357;INFO;Robot Runtime;executing:    mt_dewarcalib;
17/07/19;16:37:05.403;INFO;Robot Runtime;0;
17/07/19;16:42:53.660;INFO;Robot Runtime;Puck A Center Adjustment: {0.053, -0.01 ,, ,,};
17/07/19;16:42:53.682;INFO;Robot Runtime;Puck B Center Adjustment: {0.067, 0.008,, ,,};
17/07/19;16:42:53.703;INFO;Robot Runtime;Puck C Center Adjustment: {0.042, -0.037,, ,,};
17/07/19;16:42:53.723;INFO;Robot Runtime;Puck A Fx (Min~Max,Ref): 0.26  ~ 2.313, =>0.401;
17/07/19;16:42:53.746;INFO;Robot Runtime;Puck A Fy (Min~Max,Ref): -1.369 ~ 0.118, =>-0.465;
17/07/19;16:42:53.768;INFO;Robot Runtime;Puck B Fx (Min~Max,Ref): 0.555 ~ 2.478, =>0.401;
17/07/19;16:42:53.788;INFO;Robot Runtime;Puck B Fy (Min~Max,Ref): -1.038 ~ 0.389, =>-0.465;
17/07/19;16:42:53.812;INFO;Robot Runtime;Puck C Fx (Min~Max,Ref): 0.083 ~ 2.124, =>0.401;
17/07/19;16:42:53.833;INFO;Robot Runtime;Puck C Fy (Min~Max,Ref): -2.065 ~ -0.094, =>-0.465;
17/07/19;16:47:27.156;INFO;Robot Runtime;Puck A Center Adjustment: {-0.006, 0.012,, ,,};
17/07/19;16:47:27.178;INFO;Robot Runtime;Puck B Center Adjustment: {0.015, 0.005,, ,,};
17/07/19;16:47:27.199;INFO;Robot Runtime;Puck C Center Adjustment: {0.004, -0.027,, ,,};
17/07/19;16:47:27.222;INFO;Robot Runtime;Puck A Fx (Min~Max,Ref): -0.177 ~ 0.602, =>0.316;
17/07/19;16:47:27.244;INFO;Robot Runtime;Puck A Fy (Min~Max,Ref): -0.897 ~ 0.271, =>-0.517;
17/07/19;16:47:27.266;INFO;Robot Runtime;Puck B Fx (Min~Max,Ref): -0.035 ~ 1.18 , =>0.316;
17/07/19;16:47:27.288;INFO;Robot Runtime;Puck B Fy (Min~Max,Ref): -1.145 ~ 0.283, =>-0.517;
17/07/19;16:47:27.308;INFO;Robot Runtime;Puck C Fx (Min~Max,Ref): -0.024 ~ 0.779, =>0.316;
17/07/19;16:47:27.330;INFO;Robot Runtime;Puck C Fy (Min~Max,Ref): -1.617 ~ -0.307, =>-0.517;
17/07/19;16:48:35.516;WARNING;Robot Runtime;Open Tool TimeOut;
17/07/19;16:48:59.615;INFO;Controller;Activity ExecRobotTask ended. Return value: ;
17/07/19;16:48:59.615;INFO;Controller;State = Ready;
17/07/19;16:49:17.004;INFO;Interface;Command: ExecRobotTask (recover,-1);
17/07/19;16:49:17.004;INFO;Controller;Executing asynchronous activity: ExecRobotTask;
17/07/19;16:49:17.004;INFO;Controller;Status = Executing: recover;
17/07/19;16:49:17.004;INFO;Controller;State = Running;
17/07/19;16:49:18.441;INFO;Robot Runtime;executing:    recover;
17/07/19;16:49:19.733;INFO;Robot Runtime;Done;
17/07/19;16:49:20.107;INFO;Controller;Activity ExecRobotTask ended. Return value: Done;
17/07/19;16:49:20.107;INFO;Controller;State = Ready;
17/07/19;16:49:35.204;INFO;Interface;Command: ExecRobotTask (warmup,-1);
17/07/19;16:49:35.204;INFO;Controller;Executing asynchronous activity: ExecRobotTask;
17/07/19;16:49:35.204;INFO;Controller;Status = Executing: warmup;
17/07/19;16:49:35.204;INFO;Controller;State = Running;
17/07/19;16:49:36.189;INFO;Robot Runtime;executing:    warmup;
17/07/19;16:51:43.988;INFO;Controller;Activity ExecRobotTask ended. Return value: Done;
17/07/19;16:51:43.988;INFO;Controller;State = Ready;
17/07/19;16:51:53.187;INFO;Interface;Command: ExecRobotTask (home,-1);
17/07/19;16:51:53.187;INFO;Controller;Executing asynchronous activity: ExecRobotTask;
17/07/19;16:51:53.187;INFO;Controller;Status = Executing: home;
17/07/19;16:51:53.187;INFO;Controller;State = Running;
17/07/19;16:51:54.036;INFO;Robot Runtime;executing:    home;
17/07/19;16:51:55.129;INFO;Controller;Activity ExecRobotTask ended. Return value: Done;
17/07/19;16:51:55.129;INFO;Controller;State = Ready;
17/07/19;16:52:02.674;INFO;Interface;Command: ExecRobotTask (mt_dewarcalib,-1);
17/07/19;16:52:02.674;INFO;Controller;Executing asynchronous activity: ExecRobotTask;
17/07/19;16:52:02.674;INFO;Controller;Status = Executing: mt_dewarcalib;
17/07/19;16:52:02.674;INFO;Controller;State = Running;
17/07/19;16:52:04.213;INFO;Robot Runtime;executing:    mt_dewarcalib;
17/07/19;16:52:04.257;INFO;Robot Runtime;0;
17/07/19;16:57:49.900;INFO;Robot Runtime;Puck A Center Adjustment: {0.015, -0.003,, ,,};
17/07/19;16:57:49.922;INFO;Robot Runtime;Puck B Center Adjustment: {0.02 , -0.006,, ,,};
17/07/19;16:57:49.942;INFO;Robot Runtime;Puck C Center Adjustment: {0.026, -0.039,, ,,};
17/07/19;16:57:49.964;INFO;Robot Runtime;Puck A Fx (Min~Max,Ref): -0.059 ~ 1.156, =>0.304;
17/07/19;16:57:49.986;INFO;Robot Runtime;Puck A Fy (Min~Max,Ref): -1.451 ~ -0.224, =>-0.791;
17/07/19;16:57:50.008;INFO;Robot Runtime;Puck B Fx (Min~Max,Ref): -0.059 ~ 1.333, =>0.304;
17/07/19;16:57:50.029;INFO;Robot Runtime;Puck B Fy (Min~Max,Ref): -1.711 ~ -0.071, =>-0.791;
17/07/19;16:57:50.053;INFO;Robot Runtime;Puck C Fx (Min~Max,Ref): 0     ~ 1.475, =>0.304;
17/07/19;16:57:50.074;INFO;Robot Runtime;Puck C Fy (Min~Max,Ref): -2.148 ~ -0.72 , =>-0.791;
17/07/19;17:02:24.148;INFO;Robot Runtime;Puck A Center Adjustment: {-0.006, 0    ,, ,,};
17/07/19;17:02:24.169;INFO;Robot Runtime;Puck B Center Adjustment: {0.004, -0.002,, ,,};
17/07/19;17:02:24.190;INFO;Robot Runtime;Puck C Center Adjustment: {0.016, -0.027,, ,,};
17/07/19;17:02:24.212;INFO;Robot Runtime;Puck A Fx (Min~Max,Ref): -0.224 ~ 0.507, =>0.248;
17/07/19;17:02:24.234;INFO;Robot Runtime;Puck A Fy (Min~Max,Ref): -1.51  ~ -0.106, =>-0.802;
17/07/19;17:02:24.255;INFO;Robot Runtime;Puck B Fx (Min~Max,Ref): -0.224 ~ 0.861, =>0.248;
17/07/19;17:02:24.278;INFO;Robot Runtime;Puck B Fy (Min~Max,Ref): -1.699 ~ 0.012, =>-0.802;
17/07/19;17:02:24.299;INFO;Robot Runtime;Puck C Fx (Min~Max,Ref): -0.035 ~ 1.074, =>0.248;
17/07/19;17:02:24.322;INFO;Robot Runtime;Puck C Fy (Min~Max,Ref): -2.006 ~ -0.507, =>-0.802;
17/07/19;17:06:52.656;INFO;Robot Runtime;Puck A Center Adjustment: {-0.011, 0    ,, ,,};
17/07/19;17:06:52.680;INFO;Robot Runtime;Puck B Center Adjustment: {0.003, -0.007,, ,,};
17/07/19;17:06:52.701;INFO;Robot Runtime;Puck C Center Adjustment: {0.004, -0.013,, ,,};
17/07/19;17:06:52.723;INFO;Robot Runtime;Puck A Fx (Min~Max,Ref): -0.236 ~ 0.496, =>0.319;
17/07/19;17:06:52.744;INFO;Robot Runtime;Puck A Fy (Min~Max,Ref): -1.758 ~ -0.295, =>-1.029;
17/07/19;17:06:52.766;INFO;Robot Runtime;Puck B Fx (Min~Max,Ref): -0.177 ~ 0.92 , =>0.319;
17/07/19;17:06:52.788;INFO;Robot Runtime;Puck B Fy (Min~Max,Ref): -2.136 ~ -0.142, =>-1.029;
17/07/19;17:06:52.809;INFO;Robot Runtime;Puck C Fx (Min~Max,Ref): -0.035 ~ 0.791, =>0.319;
17/07/19;17:06:52.831;INFO;Robot Runtime;Puck C Fy (Min~Max,Ref): -1.983 ~ -0.519, =>-1.029;
17/07/19;17:07:28.755;INFO;Controller;Activity ExecRobotTask ended. Return value: ;
17/07/19;17:07:28.755;INFO;Controller;State = Ready;
17/07/19;17:07:52.303;INFO;Interface;Command: ExecRobotTask (openportlid,-1);
17/07/19;17:07:52.303;INFO;Controller;Executing asynchronous activity: ExecRobotTask;
17/07/19;17:07:52.303;INFO;Controller;Status = Executing: openportlid;
17/07/19;17:07:52.303;INFO;Controller;State = Running;
17/07/19;17:07:53.281;INFO;Robot Runtime;executing:    openportlid;
17/07/19;17:07:54.255;INFO;Controller;Activity ExecRobotTask ended. Return value: Done;
17/07/19;17:07:54.255;INFO;Controller;State = Ready;
17/07/19;17:21:02.291;INFO;Interface;Command: ExecRobotTask (closeports,-1);
17/07/19;17:21:02.291;INFO;Controller;Executing asynchronous activity: ExecRobotTask;
17/07/19;17:21:02.291;INFO;Controller;Status = Executing: closeports;
17/07/19;17:21:02.291;INFO;Controller;State = Running;
17/07/19;17:21:03.266;INFO;Robot Runtime;executing:    closeports;
17/07/19;17:21:03.438;INFO;Controller;Activity ExecRobotTask ended. Return value: Done;
17/07/19;17:21:03.438;INFO;Controller;State = Ready;
