15/05/19;11:36:30.200;WARNING;Robot Runtime;update thread is down, Error Code: 125;
15/05/19;11:36:34.670;WARNING;Robot;Alarm active: Device is offline;
15/05/19;11:36:34.671;INFO;Controller;State = Communication Error;
15/05/19;11:52:16.791;INFO;Robot;Alarm inactive: Device is offline;
15/05/19;11:52:16.791;WARNING;Controller;Communication resumed, trying updating devices;
15/05/19;11:52:16.793;INFO;Controller;Finished device updating;
15/05/19;11:52:16.793;INFO;Controller;State = Ready;
15/05/19;13:59:16.150;INFO;Server;Command: ExecRobotTask (Initialize,500000);
15/05/19;13:59:16.150;INFO;Controller;Executing asynchronous activity: ExecRobotTask;
15/05/19;13:59:16.150;INFO;Controller;Status = Executing: Initialize;
15/05/19;13:59:16.151;INFO;Controller;State = Running;
15/05/19;13:59:17.305;INFO;Robot Runtime;executing:    Initialize;
15/05/19;13:59:18.469;INFO;Controller;Activity ExecRobotTask ended. Return value: Done;
15/05/19;13:59:18.469;INFO;Controller;State = Ready;
15/05/19;13:59:18.525;INFO;Server;Command: ExecRobotTask (LatchRobGov,500000);
15/05/19;13:59:18.525;INFO;Controller;Executing asynchronous activity: ExecRobotTask;
15/05/19;13:59:18.525;INFO;Controller;Status = Executing: LatchRobGov;
15/05/19;13:59:18.525;INFO;Controller;State = Running;
15/05/19;13:59:19.543;INFO;Robot Runtime;executing:    LatchRobGov;
15/05/19;13:59:19.906;INFO;Controller;Activity ExecRobotTask ended. Return value: Done;
15/05/19;13:59:19.906;INFO;Controller;State = Ready;
15/05/19;13:59:19.962;INFO;Server;Command: ExecRobotTask (TraceSample,500000);
15/05/19;13:59:19.963;INFO;Controller;Executing asynchronous activity: ExecRobotTask;
15/05/19;13:59:19.963;INFO;Controller;Status = Executing: TraceSample;
15/05/19;13:59:19.963;INFO;Controller;State = Running;
15/05/19;13:59:21.187;INFO;Robot Runtime;executing:    TraceSample;
15/05/19;13:59:21.564;WARNING;Robot Runtime;AUTORECOVER=====> Found false kick. Resume Robot Power;
15/05/19;13:59:21.993;INFO;Controller;Activity ExecRobotTask ended. Return value: Done True/False/False;
15/05/19;13:59:21.993;INFO;Controller;State = Ready;
15/05/19;14:00:00.620;INFO;Server;Command: ExecRobotTask (Initialize,500000);
15/05/19;14:00:00.621;INFO;Controller;Executing asynchronous activity: ExecRobotTask;
15/05/19;14:00:00.621;INFO;Controller;Status = Executing: Initialize;
15/05/19;14:00:00.621;INFO;Controller;State = Running;
15/05/19;14:00:01.533;INFO;Robot Runtime;executing:    Initialize;
15/05/19;14:00:01.921;INFO;Controller;Activity ExecRobotTask ended. Return value: Done;
15/05/19;14:00:01.922;INFO;Controller;State = Ready;
15/05/19;14:00:01.980;INFO;Server;Command: ExecRobotTask (LatchRobGov,500000);
15/05/19;14:00:01.980;INFO;Controller;Executing asynchronous activity: ExecRobotTask;
15/05/19;14:00:01.980;INFO;Controller;Status = Executing: LatchRobGov;
15/05/19;14:00:01.980;INFO;Controller;State = Running;
15/05/19;14:00:02.981;INFO;Robot Runtime;executing:    LatchRobGov;
15/05/19;14:00:03.382;INFO;Controller;Activity ExecRobotTask ended. Return value: Done;
15/05/19;14:00:03.383;INFO;Controller;State = Ready;
15/05/19;14:00:03.432;INFO;Server;Command: ExecRobotTask (TraceSample,500000);
15/05/19;14:00:03.432;INFO;Controller;Executing asynchronous activity: ExecRobotTask;
15/05/19;14:00:03.433;INFO;Controller;Status = Executing: TraceSample;
15/05/19;14:00:03.433;INFO;Controller;State = Running;
15/05/19;14:00:04.582;INFO;Robot Runtime;executing:    TraceSample;
15/05/19;14:00:05.126;INFO;Controller;Activity ExecRobotTask ended. Return value: Done False/False/False;
15/05/19;14:00:05.126;INFO;Controller;State = Ready;
15/05/19;14:00:05.187;INFO;Server;Command: ExecRobotTask (CoolDown,500000);
15/05/19;14:00:05.187;INFO;Controller;Executing asynchronous activity: ExecRobotTask;
15/05/19;14:00:05.187;INFO;Controller;Status = Executing: CoolDown;
15/05/19;14:00:05.187;INFO;Controller;State = Running;
15/05/19;14:00:06.086;INFO;Robot Runtime;executing:    CoolDown;
15/05/19;14:01:33.880;INFO;Controller;Activity ExecRobotTask ended. Return value: Done;
15/05/19;14:01:33.881;INFO;Controller;State = Ready;
15/05/19;14:01:34.133;INFO;Server;Command: ExecRobotTask (Load,500000);
15/05/19;14:01:34.133;INFO;Controller;Executing asynchronous activity: ExecRobotTask;
15/05/19;14:01:34.133;INFO;Controller;Status = Executing: Load;
15/05/19;14:01:34.133;INFO;Controller;State = Running;
15/05/19;14:01:35.144;INFO;Robot Runtime;executing:    Load;
15/05/19;14:01:44.190;INFO;Controller;Activity ExecRobotTask ended. Return value: Done False/True/False;
15/05/19;14:01:44.190;INFO;Controller;State = Ready;
15/05/19;14:01:44.250;INFO;Server;Command: ExecRobotTask (Mount,500000);
15/05/19;14:01:44.251;INFO;Controller;Executing asynchronous activity: ExecRobotTask;
15/05/19;14:01:44.251;INFO;Controller;Status = Executing: Mount;
15/05/19;14:01:44.251;INFO;Controller;State = Running;
15/05/19;14:01:45.406;INFO;Robot Runtime;executing:    Mount;
15/05/19;14:01:45.791;WARNING;Robot Runtime;AUTORECOVER=====> Found false kick. Resume Robot Power;
15/05/19;14:01:53.888;WARNING;Robot Runtime;AUTORECOVER=====> Found false kick. Resume Robot Power;
15/05/19;14:01:54.253;INFO;Controller;Activity ExecRobotTask ended. Return value: Done True/False/False;
15/05/19;14:01:54.253;INFO;Controller;State = Ready;
15/05/19;14:01:54.314;INFO;Server;Command: ExecRobotTask (Park,500000);
15/05/19;14:01:54.314;INFO;Controller;Executing asynchronous activity: ExecRobotTask;
15/05/19;14:01:54.314;INFO;Controller;Status = Executing: Park;
15/05/19;14:01:54.314;INFO;Controller;State = Running;
15/05/19;14:01:55.194;INFO;Robot Runtime;executing:    Park;
15/05/19;14:02:00.239;INFO;Controller;Activity ExecRobotTask ended. Return value: Done;
15/05/19;14:02:00.240;INFO;Controller;State = Ready;
15/05/19;14:02:00.282;INFO;Server;Command: ExecRobotTask (UnlatchRobGov,500000);
15/05/19;14:02:00.282;INFO;Controller;Executing asynchronous activity: ExecRobotTask;
15/05/19;14:02:00.282;INFO;Controller;Status = Executing: UnlatchRobGov;
15/05/19;14:02:00.282;INFO;Controller;State = Running;
15/05/19;14:02:01.299;INFO;Robot Runtime;executing:    UnlatchRobGov;
15/05/19;14:02:01.700;INFO;Controller;Activity ExecRobotTask ended. Return value: Done;
15/05/19;14:02:01.700;INFO;Controller;State = Ready;
15/05/19;14:02:34.692;INFO;Server;Command: ExecRobotTask (Unmount,500000);
15/05/19;14:02:34.692;INFO;Controller;Executing asynchronous activity: ExecRobotTask;
15/05/19;14:02:34.692;INFO;Controller;Status = Executing: Unmount;
15/05/19;14:02:34.693;INFO;Controller;State = Running;
15/05/19;14:02:35.849;INFO;Robot Runtime;executing:    Unmount;
15/05/19;14:02:45.442;WARNING;Robot Runtime;AUTORECOVER=====> Found false kick. Resume Robot Power;
15/05/19;14:02:45.564;INFO;Controller;Activity ExecRobotTask ended. Return value: Done False/True/False;
15/05/19;14:02:45.564;INFO;Controller;State = Ready;
15/05/19;14:02:45.619;INFO;Server;Command: ExecRobotTask (Unload,500000);
15/05/19;14:02:45.620;INFO;Controller;Executing asynchronous activity: ExecRobotTask;
15/05/19;14:02:45.620;INFO;Controller;Status = Executing: Unload;
15/05/19;14:02:45.620;INFO;Controller;State = Running;
15/05/19;14:02:46.509;INFO;Robot Runtime;executing:    Unload;
15/05/19;14:02:52.949;INFO;Controller;Activity ExecRobotTask ended. Return value: Done False/False/False;
15/05/19;14:02:52.949;INFO;Controller;State = Ready;
15/05/19;14:02:55.058;INFO;Server;Command: ExecRobotTask (Load,500000);
15/05/19;14:02:55.058;INFO;Controller;Executing asynchronous activity: ExecRobotTask;
15/05/19;14:02:55.059;INFO;Controller;Status = Executing: Load;
15/05/19;14:02:55.059;INFO;Controller;State = Running;
15/05/19;14:02:56.123;INFO;Robot Runtime;executing:    Load;
15/05/19;14:03:02.350;INFO;Controller;Activity ExecRobotTask ended. Return value: Done False/True/False;
15/05/19;14:03:02.351;INFO;Controller;State = Ready;
15/05/19;14:03:02.402;INFO;Server;Command: ExecRobotTask (Mount,500000);
15/05/19;14:03:02.402;INFO;Controller;Executing asynchronous activity: ExecRobotTask;
15/05/19;14:03:02.402;INFO;Controller;Status = Executing: Mount;
15/05/19;14:03:02.402;INFO;Controller;State = Running;
15/05/19;14:03:03.549;INFO;Robot Runtime;executing:    Mount;
15/05/19;14:03:03.856;WARNING;Robot Runtime;AUTORECOVER=====> Found false kick. Resume Robot Power;
15/05/19;14:03:13.162;WARNING;Robot Runtime;AUTORECOVER=====> Found false kick. Resume Robot Power;
15/05/19;14:03:13.436;INFO;Controller;Activity ExecRobotTask ended. Return value: Done True/False/False;
15/05/19;14:03:13.437;INFO;Controller;State = Ready;
15/05/19;14:03:13.501;INFO;Server;Command: ExecRobotTask (Park,500000);
15/05/19;14:03:13.501;INFO;Controller;Executing asynchronous activity: ExecRobotTask;
15/05/19;14:03:13.502;INFO;Controller;Status = Executing: Park;
15/05/19;14:03:13.502;INFO;Controller;State = Running;
15/05/19;14:03:14.362;INFO;Robot Runtime;executing:    Park;
15/05/19;14:03:19.380;INFO;Controller;Activity ExecRobotTask ended. Return value: Done;
15/05/19;14:03:19.381;INFO;Controller;State = Ready;
15/05/19;14:03:19.437;INFO;Server;Command: ExecRobotTask (UnlatchRobGov,500000);
15/05/19;14:03:19.437;INFO;Controller;Executing asynchronous activity: ExecRobotTask;
15/05/19;14:03:19.437;INFO;Controller;Status = Executing: UnlatchRobGov;
15/05/19;14:03:19.437;INFO;Controller;State = Running;
15/05/19;14:03:20.483;INFO;Robot Runtime;executing:    UnlatchRobGov;
15/05/19;14:03:20.854;INFO;Controller;Activity ExecRobotTask ended. Return value: Done;
15/05/19;14:03:20.854;INFO;Controller;State = Ready;
15/05/19;14:04:01.352;INFO;Server;Command: ExecRobotTask (Unmount,500000);
15/05/19;14:04:01.352;INFO;Controller;Executing asynchronous activity: ExecRobotTask;
15/05/19;14:04:01.352;INFO;Controller;Status = Executing: Unmount;
15/05/19;14:04:01.352;INFO;Controller;State = Running;
15/05/19;14:04:02.516;INFO;Robot Runtime;executing:    Unmount;
15/05/19;14:04:12.103;WARNING;Robot Runtime;AUTORECOVER=====> Found false kick. Resume Robot Power;
15/05/19;14:04:12.420;INFO;Controller;Activity ExecRobotTask ended. Return value: Done False/True/False;
15/05/19;14:04:12.420;INFO;Controller;State = Ready;
15/05/19;14:04:12.481;INFO;Server;Command: ExecRobotTask (Unload,500000);
15/05/19;14:04:12.482;INFO;Controller;Executing asynchronous activity: ExecRobotTask;
15/05/19;14:04:12.482;INFO;Controller;Status = Executing: Unload;
15/05/19;14:04:12.482;INFO;Controller;State = Running;
15/05/19;14:04:13.345;INFO;Robot Runtime;executing:    Unload;
15/05/19;14:04:19.977;INFO;Controller;Activity ExecRobotTask ended. Return value: Done False/False/False;
15/05/19;14:04:19.977;INFO;Controller;State = Ready;
15/05/19;14:04:22.015;INFO;Server;Command: ExecRobotTask (Load,500000);
15/05/19;14:04:22.015;INFO;Controller;Executing asynchronous activity: ExecRobotTask;
15/05/19;14:04:22.015;INFO;Controller;Status = Executing: Load;
15/05/19;14:04:22.015;INFO;Controller;State = Running;
15/05/19;14:04:23.101;INFO;Robot Runtime;executing:    Load;
15/05/19;14:04:29.008;INFO;Controller;Activity ExecRobotTask ended. Return value: Done False/True/False;
15/05/19;14:04:29.008;INFO;Controller;State = Ready;
15/05/19;14:04:29.063;INFO;Server;Command: ExecRobotTask (Mount,500000);
15/05/19;14:04:29.063;INFO;Controller;Executing asynchronous activity: ExecRobotTask;
15/05/19;14:04:29.063;INFO;Controller;Status = Executing: Mount;
15/05/19;14:04:29.063;INFO;Controller;State = Running;
15/05/19;14:04:30.216;INFO;Robot Runtime;executing:    Mount;
15/05/19;14:04:30.610;WARNING;Robot Runtime;AUTORECOVER=====> Found false kick. Resume Robot Power;
15/05/19;14:04:38.820;WARNING;Robot Runtime;AUTORECOVER=====> Found false kick. Resume Robot Power;
15/05/19;14:04:38.997;INFO;Controller;Activity ExecRobotTask ended. Return value: Done True/False/False;
15/05/19;14:04:38.997;INFO;Controller;State = Ready;
15/05/19;14:04:39.053;INFO;Server;Command: ExecRobotTask (Park,500000);
15/05/19;14:04:39.053;INFO;Controller;Executing asynchronous activity: ExecRobotTask;
15/05/19;14:04:39.053;INFO;Controller;Status = Executing: Park;
15/05/19;14:04:39.054;INFO;Controller;State = Running;
15/05/19;14:04:39.871;INFO;Robot Runtime;executing:    Park;
15/05/19;14:04:44.933;INFO;Controller;Activity ExecRobotTask ended. Return value: Done;
15/05/19;14:04:44.933;INFO;Controller;State = Ready;
15/05/19;14:04:44.997;INFO;Server;Command: ExecRobotTask (UnlatchRobGov,500000);
15/05/19;14:04:44.998;INFO;Controller;Executing asynchronous activity: ExecRobotTask;
15/05/19;14:04:44.998;INFO;Controller;Status = Executing: UnlatchRobGov;
15/05/19;14:04:44.998;INFO;Controller;State = Running;
15/05/19;14:04:46.087;INFO;Robot Runtime;executing:    UnlatchRobGov;
15/05/19;14:04:46.242;INFO;Controller;Activity ExecRobotTask ended. Return value: Done;
15/05/19;14:04:46.242;INFO;Controller;State = Ready;
15/05/19;14:09:55.759;INFO;Server;Command: ExecRobotTask (Unmount,500000);
15/05/19;14:09:55.759;INFO;Controller;Executing asynchronous activity: ExecRobotTask;
15/05/19;14:09:55.760;INFO;Controller;Status = Executing: Unmount;
15/05/19;14:09:55.760;INFO;Controller;State = Running;
15/05/19;14:09:56.916;INFO;Robot Runtime;executing:    Unmount;
15/05/19;14:10:05.634;INFO;Controller;Activity ExecRobotTask ended. Return value: Done False/True/False;
15/05/19;14:10:05.635;INFO;Controller;State = Ready;
15/05/19;14:10:05.699;INFO;Server;Command: ExecRobotTask (Unload,500000);
15/05/19;14:10:05.699;INFO;Controller;Executing asynchronous activity: ExecRobotTask;
15/05/19;14:10:05.699;INFO;Controller;Status = Executing: Unload;
15/05/19;14:10:05.699;INFO;Controller;State = Running;
15/05/19;14:10:06.538;INFO;Robot Runtime;executing:    Unload;
15/05/19;14:10:11.031;INFO;Controller;Activity ExecRobotTask ended. Return value: Done False/False/False;
15/05/19;14:10:11.031;INFO;Controller;State = Ready;
15/05/19;14:10:11.186;INFO;Server;Command: ExecRobotTask (Initialize,500000);
15/05/19;14:10:11.186;INFO;Controller;Executing asynchronous activity: ExecRobotTask;
15/05/19;14:10:11.187;INFO;Controller;Status = Executing: Initialize;
15/05/19;14:10:11.187;INFO;Controller;State = Running;
15/05/19;14:10:12.228;INFO;Robot Runtime;executing:    Initialize;
15/05/19;14:10:12.758;INFO;Controller;Activity ExecRobotTask ended. Return value: Done;
15/05/19;14:10:12.758;INFO;Controller;State = Ready;
15/05/19;14:10:12.811;INFO;Server;Command: ExecRobotTask (Park,500000);
15/05/19;14:10:12.811;INFO;Controller;Executing asynchronous activity: ExecRobotTask;
15/05/19;14:10:12.811;INFO;Controller;Status = Executing: Park;
15/05/19;14:10:12.811;INFO;Controller;State = Running;
15/05/19;14:10:13.929;INFO;Robot Runtime;executing:    Park;
15/05/19;14:10:17.350;INFO;Controller;Activity ExecRobotTask ended. Return value: Done;
15/05/19;14:10:17.350;INFO;Controller;State = Ready;
15/05/19;17:10:01.699;INFO;Server;Command: ExecRobotTask (Initialize,500000);
15/05/19;17:10:01.700;INFO;Controller;Executing asynchronous activity: ExecRobotTask;
15/05/19;17:10:01.700;INFO;Controller;Status = Executing: Initialize;
15/05/19;17:10:01.700;INFO;Controller;State = Running;
15/05/19;17:10:02.595;INFO;Robot Runtime;executing:    Initialize;
15/05/19;17:10:03.880;INFO;Controller;Activity ExecRobotTask ended. Return value: Done;
15/05/19;17:10:03.880;INFO;Controller;State = Ready;
15/05/19;17:10:03.894;INFO;Server;Command: ExecRobotTask (LatchRobGov,500000);
15/05/19;17:10:03.895;INFO;Controller;Executing asynchronous activity: ExecRobotTask;
15/05/19;17:10:03.895;INFO;Controller;Status = Executing: LatchRobGov;
15/05/19;17:10:03.895;INFO;Controller;State = Running;
15/05/19;17:10:04.842;INFO;Robot Runtime;executing:    LatchRobGov;
15/05/19;17:10:05.342;INFO;Controller;Activity ExecRobotTask ended. Return value: Done;
15/05/19;17:10:05.343;INFO;Controller;State = Ready;
15/05/19;17:10:05.358;INFO;Server;Command: ExecRobotTask (TraceSample,500000);
15/05/19;17:10:05.358;INFO;Controller;Executing asynchronous activity: ExecRobotTask;
15/05/19;17:10:05.358;INFO;Controller;Status = Executing: TraceSample;
15/05/19;17:10:05.358;INFO;Controller;State = Running;
15/05/19;17:10:06.308;INFO;Robot Runtime;executing:    TraceSample;
15/05/19;17:10:08.623;INFO;Controller;Activity ExecRobotTask ended. Return value: Done False/False/False;
15/05/19;17:10:08.623;INFO;Controller;State = Ready;
15/05/19;17:10:08.636;INFO;Server;Command: ExecRobotTask (CoolDown,500000);
15/05/19;17:10:08.636;INFO;Controller;Executing asynchronous activity: ExecRobotTask;
15/05/19;17:10:08.636;INFO;Controller;Status = Executing: CoolDown;
15/05/19;17:10:08.636;INFO;Controller;State = Running;
15/05/19;17:10:09.785;INFO;Robot Runtime;executing:    CoolDown;
15/05/19;17:10:09.946;INFO;Controller;Activity ExecRobotTask ended. Return value: Done;
15/05/19;17:10:09.946;INFO;Controller;State = Ready;
15/05/19;17:10:10.150;INFO;Server;Command: ExecRobotTask (Load,500000);
15/05/19;17:10:10.150;INFO;Controller;Executing asynchronous activity: ExecRobotTask;
15/05/19;17:10:10.150;INFO;Controller;Status = Executing: Load;
15/05/19;17:10:10.150;INFO;Controller;State = Running;
15/05/19;17:10:11.140;INFO;Robot Runtime;executing:    Load;
15/05/19;17:10:19.360;INFO;Controller;Activity ExecRobotTask ended. Return value: Done False/True/False;
15/05/19;17:10:19.360;INFO;Controller;State = Ready;
15/05/19;17:10:19.368;INFO;Server;Command: ExecRobotTask (Mount,500000);
15/05/19;17:10:19.368;INFO;Controller;Executing asynchronous activity: ExecRobotTask;
15/05/19;17:10:19.369;INFO;Controller;Status = Executing: Mount;
15/05/19;17:10:19.369;INFO;Controller;State = Running;
15/05/19;17:10:20.309;INFO;Robot Runtime;executing:    Mount;
15/05/19;17:10:26.287;INFO;Controller;Activity ExecRobotTask ended. Return value: Done True/False/False;
15/05/19;17:10:26.287;INFO;Controller;State = Ready;
15/05/19;17:10:26.296;INFO;Server;Command: ExecRobotTask (Park,500000);
15/05/19;17:10:26.296;INFO;Controller;Executing asynchronous activity: ExecRobotTask;
15/05/19;17:10:26.296;INFO;Controller;Status = Executing: Park;
15/05/19;17:10:26.296;INFO;Controller;State = Running;
15/05/19;17:10:27.409;INFO;Robot Runtime;executing:    Park;
15/05/19;17:10:30.902;INFO;Controller;Activity ExecRobotTask ended. Return value: Done;
15/05/19;17:10:30.902;INFO;Controller;State = Ready;
15/05/19;17:10:30.923;INFO;Server;Command: ExecRobotTask (UnlatchRobGov,500000);
15/05/19;17:10:30.924;INFO;Controller;Executing asynchronous activity: ExecRobotTask;
15/05/19;17:10:30.924;INFO;Controller;Status = Executing: UnlatchRobGov;
15/05/19;17:10:30.924;INFO;Controller;State = Running;
15/05/19;17:10:31.924;INFO;Robot Runtime;executing:    UnlatchRobGov;
15/05/19;17:10:32.367;INFO;Controller;Activity ExecRobotTask ended. Return value: Done;
15/05/19;17:10:32.367;INFO;Controller;State = Ready;
15/05/19;17:11:28.208;INFO;Server;Command: ExecRobotTask (Unmount,500000);
15/05/19;17:11:28.208;INFO;Controller;Executing asynchronous activity: ExecRobotTask;
15/05/19;17:11:28.208;INFO;Controller;Status = Executing: Unmount;
15/05/19;17:11:28.208;INFO;Controller;State = Running;
15/05/19;17:11:29.160;INFO;Robot Runtime;executing:    Unmount;
15/05/19;17:11:40.316;INFO;Controller;Activity ExecRobotTask ended. Return value: Done False/True/False;
15/05/19;17:11:40.316;INFO;Controller;State = Ready;
15/05/19;17:11:40.327;INFO;Server;Command: ExecRobotTask (Unload,500000);
15/05/19;17:11:40.327;INFO;Controller;Executing asynchronous activity: ExecRobotTask;
15/05/19;17:11:40.327;INFO;Controller;Status = Executing: Unload;
15/05/19;17:11:40.327;INFO;Controller;State = Running;
15/05/19;17:11:41.462;INFO;Robot Runtime;executing:    Unload;
15/05/19;17:11:46.026;INFO;Controller;Activity ExecRobotTask ended. Return value: Done False/False/False;
15/05/19;17:11:46.026;INFO;Controller;State = Ready;
15/05/19;17:11:47.994;INFO;Server;Command: ExecRobotTask (Load,500000);
15/05/19;17:11:47.994;INFO;Controller;Executing asynchronous activity: ExecRobotTask;
15/05/19;17:11:47.994;INFO;Controller;Status = Executing: Load;
15/05/19;17:11:47.994;INFO;Controller;State = Running;
15/05/19;17:11:48.983;INFO;Robot Runtime;executing:    Load;
15/05/19;17:11:55.206;INFO;Controller;Activity ExecRobotTask ended. Return value: Done False/True/False;
15/05/19;17:11:55.207;INFO;Controller;State = Ready;
15/05/19;17:11:55.223;INFO;Server;Command: ExecRobotTask (Mount,500000);
15/05/19;17:11:55.223;INFO;Controller;Executing asynchronous activity: ExecRobotTask;
15/05/19;17:11:55.223;INFO;Controller;Status = Executing: Mount;
15/05/19;17:11:55.223;INFO;Controller;State = Running;
15/05/19;17:11:56.177;INFO;Robot Runtime;executing:    Mount;
15/05/19;17:12:02.913;INFO;Controller;Activity ExecRobotTask ended. Return value: Done True/False/False;
15/05/19;17:12:02.914;INFO;Controller;State = Ready;
15/05/19;17:12:02.930;INFO;Server;Command: ExecRobotTask (Park,500000);
15/05/19;17:12:02.930;INFO;Controller;Executing asynchronous activity: ExecRobotTask;
15/05/19;17:12:02.930;INFO;Controller;Status = Executing: Park;
15/05/19;17:12:02.931;INFO;Controller;State = Running;
15/05/19;17:12:04.056;INFO;Robot Runtime;executing:    Park;
15/05/19;17:12:07.278;INFO;Controller;Activity ExecRobotTask ended. Return value: Done;
15/05/19;17:12:07.278;INFO;Controller;State = Ready;
15/05/19;17:12:07.295;INFO;Server;Command: ExecRobotTask (UnlatchRobGov,500000);
15/05/19;17:12:07.295;INFO;Controller;Executing asynchronous activity: ExecRobotTask;
15/05/19;17:12:07.296;INFO;Controller;Status = Executing: UnlatchRobGov;
15/05/19;17:12:07.296;INFO;Controller;State = Running;
15/05/19;17:12:08.288;INFO;Robot Runtime;executing:    UnlatchRobGov;
15/05/19;17:12:08.744;INFO;Controller;Activity ExecRobotTask ended. Return value: Done;
15/05/19;17:12:08.744;INFO;Controller;State = Ready;
15/05/19;17:12:35.194;INFO;Server;Command: ExecRobotTask (Unmount,500000);
15/05/19;17:12:35.195;INFO;Controller;Executing asynchronous activity: ExecRobotTask;
15/05/19;17:12:35.195;INFO;Controller;Status = Executing: Unmount;
15/05/19;17:12:35.195;INFO;Controller;State = Running;
15/05/19;17:12:36.140;INFO;Robot Runtime;executing:    Unmount;
15/05/19;17:12:44.305;INFO;Controller;Activity ExecRobotTask ended. Return value: Done False/True/False;
15/05/19;17:12:44.305;INFO;Controller;State = Ready;
15/05/19;17:12:44.323;INFO;Server;Command: ExecRobotTask (Unload,500000);
15/05/19;17:12:44.323;INFO;Controller;Executing asynchronous activity: ExecRobotTask;
15/05/19;17:12:44.323;INFO;Controller;Status = Executing: Unload;
15/05/19;17:12:44.323;INFO;Controller;State = Running;
15/05/19;17:12:45.456;INFO;Robot Runtime;executing:    Unload;
15/05/19;17:12:49.981;INFO;Controller;Activity ExecRobotTask ended. Return value: Done False/False/False;
15/05/19;17:12:49.982;INFO;Controller;State = Ready;
15/05/19;17:12:51.910;INFO;Server;Command: ExecRobotTask (Load,500000);
15/05/19;17:12:51.910;INFO;Controller;Executing asynchronous activity: ExecRobotTask;
15/05/19;17:12:51.910;INFO;Controller;Status = Executing: Load;
15/05/19;17:12:51.910;INFO;Controller;State = Running;
15/05/19;17:12:52.888;INFO;Robot Runtime;executing:    Load;
15/05/19;17:12:59.192;INFO;Controller;Activity ExecRobotTask ended. Return value: Done False/True/False;
15/05/19;17:12:59.193;INFO;Controller;State = Ready;
15/05/19;17:12:59.211;INFO;Server;Command: ExecRobotTask (Mount,500000);
15/05/19;17:12:59.211;INFO;Controller;Executing asynchronous activity: ExecRobotTask;
15/05/19;17:12:59.211;INFO;Controller;Status = Executing: Mount;
15/05/19;17:12:59.211;INFO;Controller;State = Running;
15/05/19;17:13:00.153;INFO;Robot Runtime;executing:    Mount;
15/05/19;17:13:06.221;INFO;Controller;Activity ExecRobotTask ended. Return value: Done True/False/False;
15/05/19;17:13:06.221;INFO;Controller;State = Ready;
15/05/19;17:13:06.239;INFO;Server;Command: ExecRobotTask (Park,500000);
15/05/19;17:13:06.240;INFO;Controller;Executing asynchronous activity: ExecRobotTask;
15/05/19;17:13:06.240;INFO;Controller;Status = Executing: Park;
15/05/19;17:13:06.240;INFO;Controller;State = Running;
15/05/19;17:13:07.340;INFO;Robot Runtime;executing:    Park;
15/05/19;17:13:10.747;INFO;Controller;Activity ExecRobotTask ended. Return value: Done;
15/05/19;17:13:10.747;INFO;Controller;State = Ready;
15/05/19;17:13:10.760;INFO;Server;Command: ExecRobotTask (UnlatchRobGov,500000);
15/05/19;17:13:10.760;INFO;Controller;Executing asynchronous activity: ExecRobotTask;
15/05/19;17:13:10.760;INFO;Controller;Status = Executing: UnlatchRobGov;
15/05/19;17:13:10.760;INFO;Controller;State = Running;
15/05/19;17:13:11.764;INFO;Robot Runtime;executing:    UnlatchRobGov;
15/05/19;17:13:12.218;INFO;Controller;Activity ExecRobotTask ended. Return value: Done;
15/05/19;17:13:12.218;INFO;Controller;State = Ready;
15/05/19;17:13:55.164;INFO;Server;Command: ExecRobotTask (Unmount,500000);
15/05/19;17:13:55.165;INFO;Controller;Executing asynchronous activity: ExecRobotTask;
15/05/19;17:13:55.165;INFO;Controller;Status = Executing: Unmount;
15/05/19;17:13:55.165;INFO;Controller;State = Running;
15/05/19;17:13:56.112;INFO;Robot Runtime;executing:    Unmount;
15/05/19;17:14:04.985;INFO;Controller;Activity ExecRobotTask ended. Return value: Done False/True/False;
15/05/19;17:14:04.985;INFO;Controller;State = Ready;
15/05/19;17:14:05.001;INFO;Server;Command: ExecRobotTask (Unload,500000);
15/05/19;17:14:05.001;INFO;Controller;Executing asynchronous activity: ExecRobotTask;
15/05/19;17:14:05.001;INFO;Controller;Status = Executing: Unload;
15/05/19;17:14:05.002;INFO;Controller;State = Running;
15/05/19;17:14:06.130;INFO;Robot Runtime;executing:    Unload;
15/05/19;17:14:10.690;INFO;Controller;Activity ExecRobotTask ended. Return value: Done False/False/False;
15/05/19;17:14:10.690;INFO;Controller;State = Ready;
15/05/19;17:14:12.641;INFO;Server;Command: ExecRobotTask (Load,500000);
15/05/19;17:14:12.641;INFO;Controller;Executing asynchronous activity: ExecRobotTask;
15/05/19;17:14:12.641;INFO;Controller;Status = Executing: Load;
15/05/19;17:14:12.641;INFO;Controller;State = Running;
15/05/19;17:14:13.638;INFO;Robot Runtime;executing:    Load;
15/05/19;17:14:19.882;INFO;Controller;Activity ExecRobotTask ended. Return value: Done False/True/False;
15/05/19;17:14:19.883;INFO;Controller;State = Ready;
15/05/19;17:14:19.900;INFO;Server;Command: ExecRobotTask (Mount,500000);
15/05/19;17:14:19.900;INFO;Controller;Executing asynchronous activity: ExecRobotTask;
15/05/19;17:14:19.901;INFO;Controller;Status = Executing: Mount;
15/05/19;17:14:19.901;INFO;Controller;State = Running;
15/05/19;17:14:20.845;INFO;Robot Runtime;executing:    Mount;
15/05/19;17:14:26.887;INFO;Controller;Activity ExecRobotTask ended. Return value: Done True/False/False;
15/05/19;17:14:26.887;INFO;Controller;State = Ready;
15/05/19;17:14:26.902;INFO;Server;Command: ExecRobotTask (Park,500000);
15/05/19;17:14:26.902;INFO;Controller;Executing asynchronous activity: ExecRobotTask;
15/05/19;17:14:26.902;INFO;Controller;Status = Executing: Park;
15/05/19;17:14:26.902;INFO;Controller;State = Running;
15/05/19;17:14:28.022;INFO;Robot Runtime;executing:    Park;
15/05/19;17:14:30.984;INFO;Controller;Activity ExecRobotTask ended. Return value: Done;
15/05/19;17:14:30.984;INFO;Controller;State = Ready;
15/05/19;17:14:30.998;INFO;Server;Command: ExecRobotTask (UnlatchRobGov,500000);
15/05/19;17:14:31.002;INFO;Controller;Executing asynchronous activity: ExecRobotTask;
15/05/19;17:14:31.003;INFO;Controller;Status = Executing: UnlatchRobGov;
15/05/19;17:14:31.003;INFO;Controller;State = Running;
15/05/19;17:14:31.992;INFO;Robot Runtime;executing:    UnlatchRobGov;
15/05/19;17:14:32.370;INFO;Controller;Activity ExecRobotTask ended. Return value: Done;
15/05/19;17:14:32.370;INFO;Controller;State = Ready;
15/05/19;17:14:46.273;INFO;Server;Command: ExecRobotTask (Unmount,500000);
15/05/19;17:14:46.273;INFO;Controller;Executing asynchronous activity: ExecRobotTask;
15/05/19;17:14:46.274;INFO;Controller;Status = Executing: Unmount;
15/05/19;17:14:46.274;INFO;Controller;State = Running;
15/05/19;17:14:47.212;INFO;Robot Runtime;executing:    Unmount;
15/05/19;17:14:56.212;INFO;Controller;Activity ExecRobotTask ended. Return value: Done False/True/False;
15/05/19;17:14:56.213;INFO;Controller;State = Ready;
15/05/19;17:14:56.229;INFO;Server;Command: ExecRobotTask (Unload,500000);
15/05/19;17:14:56.229;INFO;Controller;Executing asynchronous activity: ExecRobotTask;
15/05/19;17:14:56.229;INFO;Controller;Status = Executing: Unload;
15/05/19;17:14:56.229;INFO;Controller;State = Running;
15/05/19;17:14:57.361;INFO;Robot Runtime;executing:    Unload;
15/05/19;17:15:01.910;INFO;Controller;Activity ExecRobotTask ended. Return value: Done False/False/False;
15/05/19;17:15:01.910;INFO;Controller;State = Ready;
15/05/19;17:15:03.834;INFO;Server;Command: ExecRobotTask (Load,500000);
15/05/19;17:15:03.834;INFO;Controller;Executing asynchronous activity: ExecRobotTask;
15/05/19;17:15:03.834;INFO;Controller;Status = Executing: Load;
15/05/19;17:15:03.834;INFO;Controller;State = Running;
15/05/19;17:15:04.832;INFO;Robot Runtime;executing:    Load;
15/05/19;17:15:11.103;INFO;Controller;Activity ExecRobotTask ended. Return value: Done False/True/False;
15/05/19;17:15:11.103;INFO;Controller;State = Ready;
15/05/19;17:15:11.120;INFO;Server;Command: ExecRobotTask (Mount,500000);
15/05/19;17:15:11.121;INFO;Controller;Executing asynchronous activity: ExecRobotTask;
15/05/19;17:15:11.121;INFO;Controller;Status = Executing: Mount;
15/05/19;17:15:11.121;INFO;Controller;State = Running;
15/05/19;17:15:12.057;INFO;Robot Runtime;executing:    Mount;
15/05/19;17:15:18.785;INFO;Controller;Activity ExecRobotTask ended. Return value: Done True/False/False;
15/05/19;17:15:18.785;INFO;Controller;State = Ready;
15/05/19;17:15:18.806;INFO;Server;Command: ExecRobotTask (Park,500000);
15/05/19;17:15:18.806;INFO;Controller;Executing asynchronous activity: ExecRobotTask;
15/05/19;17:15:18.806;INFO;Controller;Status = Executing: Park;
15/05/19;17:15:18.806;INFO;Controller;State = Running;
15/05/19;17:15:19.920;INFO;Robot Runtime;executing:    Park;
15/05/19;17:15:23.384;INFO;Controller;Activity ExecRobotTask ended. Return value: Done;
15/05/19;17:15:23.384;INFO;Controller;State = Ready;
15/05/19;17:15:23.404;INFO;Server;Command: ExecRobotTask (UnlatchRobGov,500000);
15/05/19;17:15:23.404;INFO;Controller;Executing asynchronous activity: ExecRobotTask;
15/05/19;17:15:23.404;INFO;Controller;Status = Executing: UnlatchRobGov;
15/05/19;17:15:23.404;INFO;Controller;State = Running;
15/05/19;17:15:24.394;INFO;Robot Runtime;executing:    UnlatchRobGov;
15/05/19;17:15:24.852;INFO;Controller;Activity ExecRobotTask ended. Return value: Done;
15/05/19;17:15:24.852;INFO;Controller;State = Ready;
15/05/19;17:15:47.746;INFO;Server;Command: ExecRobotTask (Unmount,500000);
15/05/19;17:15:47.746;INFO;Controller;Executing asynchronous activity: ExecRobotTask;
15/05/19;17:15:47.746;INFO;Controller;Status = Executing: Unmount;
15/05/19;17:15:47.747;INFO;Controller;State = Running;
15/05/19;17:15:48.719;INFO;Robot Runtime;executing:    Unmount;
15/05/19;17:15:59.469;INFO;Controller;Activity ExecRobotTask ended. Return value: Done False/True/False;
15/05/19;17:15:59.470;INFO;Controller;State = Ready;
15/05/19;17:15:59.494;INFO;Server;Command: ExecRobotTask (Unload,500000);
15/05/19;17:15:59.495;INFO;Controller;Executing asynchronous activity: ExecRobotTask;
15/05/19;17:15:59.495;INFO;Controller;Status = Executing: Unload;
15/05/19;17:15:59.495;INFO;Controller;State = Running;
15/05/19;17:16:00.628;INFO;Robot Runtime;executing:    Unload;
15/05/19;17:16:05.071;INFO;Controller;Activity ExecRobotTask ended. Return value: Done False/False/False;
15/05/19;17:16:05.072;INFO;Controller;State = Ready;
15/05/19;17:16:06.996;INFO;Server;Command: ExecRobotTask (Load,500000);
15/05/19;17:16:06.997;INFO;Controller;Executing asynchronous activity: ExecRobotTask;
15/05/19;17:16:06.997;INFO;Controller;Status = Executing: Load;
15/05/19;17:16:06.997;INFO;Controller;State = Running;
15/05/19;17:16:07.981;INFO;Robot Runtime;executing:    Load;
15/05/19;17:16:14.247;INFO;Controller;Activity ExecRobotTask ended. Return value: Done False/True/False;
15/05/19;17:16:14.247;INFO;Controller;State = Ready;
15/05/19;17:16:14.271;INFO;Server;Command: ExecRobotTask (Mount,500000);
15/05/19;17:16:14.271;INFO;Controller;Executing asynchronous activity: ExecRobotTask;
15/05/19;17:16:14.271;INFO;Controller;Status = Executing: Mount;
15/05/19;17:16:14.271;INFO;Controller;State = Running;
15/05/19;17:16:15.215;INFO;Robot Runtime;executing:    Mount;
15/05/19;17:16:20.944;INFO;Controller;Activity ExecRobotTask ended. Return value: Done True/False/False;
15/05/19;17:16:20.945;INFO;Controller;State = Ready;
15/05/19;17:16:20.965;INFO;Server;Command: ExecRobotTask (Park,500000);
15/05/19;17:16:20.965;INFO;Controller;Executing asynchronous activity: ExecRobotTask;
15/05/19;17:16:20.966;INFO;Controller;Status = Executing: Park;
15/05/19;17:16:20.966;INFO;Controller;State = Running;
15/05/19;17:16:22.085;INFO;Robot Runtime;executing:    Park;
15/05/19;17:16:25.558;INFO;Controller;Activity ExecRobotTask ended. Return value: Done;
15/05/19;17:16:25.558;INFO;Controller;State = Ready;
15/05/19;17:16:25.585;INFO;Server;Command: ExecRobotTask (UnlatchRobGov,500000);
15/05/19;17:16:25.586;INFO;Controller;Executing asynchronous activity: ExecRobotTask;
15/05/19;17:16:25.586;INFO;Controller;Status = Executing: UnlatchRobGov;
15/05/19;17:16:25.586;INFO;Controller;State = Running;
15/05/19;17:16:26.583;INFO;Robot Runtime;executing:    UnlatchRobGov;
15/05/19;17:16:27.029;INFO;Controller;Activity ExecRobotTask ended. Return value: Done;
15/05/19;17:16:27.029;INFO;Controller;State = Ready;
15/05/19;17:16:36.918;INFO;Server;Command: ExecRobotTask (Unmount,500000);
15/05/19;17:16:36.918;INFO;Controller;Executing asynchronous activity: ExecRobotTask;
15/05/19;17:16:36.918;INFO;Controller;Status = Executing: Unmount;
15/05/19;17:16:36.918;INFO;Controller;State = Running;
15/05/19;17:16:37.867;INFO;Robot Runtime;executing:    Unmount;
15/05/19;17:16:47.831;INFO;Controller;Activity ExecRobotTask ended. Return value: Done False/True/False;
15/05/19;17:16:47.831;INFO;Controller;State = Ready;
15/05/19;17:16:47.867;INFO;Server;Command: ExecRobotTask (Unload,500000);
15/05/19;17:16:47.868;INFO;Controller;Executing asynchronous activity: ExecRobotTask;
15/05/19;17:16:47.868;INFO;Controller;Status = Executing: Unload;
15/05/19;17:16:47.868;INFO;Controller;State = Running;
15/05/19;17:16:49.020;INFO;Robot Runtime;executing:    Unload;
15/05/19;17:16:53.525;INFO;Controller;Activity ExecRobotTask ended. Return value: Done False/False/False;
15/05/19;17:16:53.525;INFO;Controller;State = Ready;
15/05/19;17:16:55.443;INFO;Server;Command: ExecRobotTask (Load,500000);
15/05/19;17:16:55.443;INFO;Controller;Executing asynchronous activity: ExecRobotTask;
15/05/19;17:16:55.443;INFO;Controller;Status = Executing: Load;
15/05/19;17:16:55.444;INFO;Controller;State = Running;
15/05/19;17:16:56.444;INFO;Robot Runtime;executing:    Load;
15/05/19;17:17:02.719;INFO;Controller;Activity ExecRobotTask ended. Return value: Done False/True/False;
15/05/19;17:17:02.719;INFO;Controller;State = Ready;
15/05/19;17:17:02.743;INFO;Server;Command: ExecRobotTask (Mount,500000);
15/05/19;17:17:02.743;INFO;Controller;Executing asynchronous activity: ExecRobotTask;
15/05/19;17:17:02.743;INFO;Controller;Status = Executing: Mount;
15/05/19;17:17:02.743;INFO;Controller;State = Running;
15/05/19;17:17:03.683;INFO;Robot Runtime;executing:    Mount;
15/05/19;17:17:10.918;INFO;Controller;Activity ExecRobotTask ended. Return value: Done True/False/False;
15/05/19;17:17:10.918;INFO;Controller;State = Ready;
15/05/19;17:17:10.947;INFO;Server;Command: ExecRobotTask (Park,500000);
15/05/19;17:17:10.947;INFO;Controller;Executing asynchronous activity: ExecRobotTask;
15/05/19;17:17:10.947;INFO;Controller;Status = Executing: Park;
15/05/19;17:17:10.947;INFO;Controller;State = Running;
15/05/19;17:17:12.072;INFO;Robot Runtime;executing:    Park;
15/05/19;17:17:15.516;INFO;Controller;Activity ExecRobotTask ended. Return value: Done;
15/05/19;17:17:15.516;INFO;Controller;State = Ready;
15/05/19;17:17:15.543;INFO;Server;Command: ExecRobotTask (UnlatchRobGov,500000);
15/05/19;17:17:15.543;INFO;Controller;Executing asynchronous activity: ExecRobotTask;
15/05/19;17:17:15.543;INFO;Controller;Status = Executing: UnlatchRobGov;
15/05/19;17:17:15.543;INFO;Controller;State = Running;
15/05/19;17:17:16.542;INFO;Robot Runtime;executing:    UnlatchRobGov;
15/05/19;17:17:16.976;INFO;Controller;Activity ExecRobotTask ended. Return value: Done;
15/05/19;17:17:16.976;INFO;Controller;State = Ready;
15/05/19;17:17:32.895;INFO;Server;Command: ExecRobotTask (Unmount,500000);
15/05/19;17:17:32.895;INFO;Controller;Executing asynchronous activity: ExecRobotTask;
15/05/19;17:17:32.895;INFO;Controller;Status = Executing: Unmount;
15/05/19;17:17:32.896;INFO;Controller;State = Running;
15/05/19;17:17:33.849;INFO;Robot Runtime;executing:    Unmount;
15/05/19;17:17:44.848;INFO;Controller;Activity ExecRobotTask ended. Return value: Done False/True/False;
15/05/19;17:17:44.848;INFO;Controller;State = Ready;
15/05/19;17:17:44.873;INFO;Server;Command: ExecRobotTask (Unload,500000);
15/05/19;17:17:44.873;INFO;Controller;Executing asynchronous activity: ExecRobotTask;
15/05/19;17:17:44.873;INFO;Controller;Status = Executing: Unload;
15/05/19;17:17:44.873;INFO;Controller;State = Running;
15/05/19;17:17:46.012;INFO;Robot Runtime;executing:    Unload;
15/05/19;17:17:50.562;INFO;Controller;Activity ExecRobotTask ended. Return value: Done False/False/False;
15/05/19;17:17:50.562;INFO;Controller;State = Ready;
15/05/19;17:17:50.667;INFO;Server;Command: ExecRobotTask (Initialize,500000);
15/05/19;17:17:50.668;INFO;Controller;Executing asynchronous activity: ExecRobotTask;
15/05/19;17:17:50.668;INFO;Controller;Status = Executing: Initialize;
15/05/19;17:17:50.668;INFO;Controller;State = Running;
15/05/19;17:17:51.641;INFO;Robot Runtime;executing:    Initialize;
15/05/19;17:17:52.022;INFO;Controller;Activity ExecRobotTask ended. Return value: Done;
15/05/19;17:17:52.023;INFO;Controller;State = Ready;
15/05/19;17:17:52.053;INFO;Server;Command: ExecRobotTask (Park,500000);
15/05/19;17:17:52.053;INFO;Controller;Executing asynchronous activity: ExecRobotTask;
15/05/19;17:17:52.053;INFO;Controller;Status = Executing: Park;
15/05/19;17:17:52.053;INFO;Controller;State = Running;
15/05/19;17:17:52.881;INFO;Robot Runtime;executing:    Park;
15/05/19;17:17:56.330;INFO;Controller;Activity ExecRobotTask ended. Return value: Done;
15/05/19;17:17:56.330;INFO;Controller;State = Ready;
15/05/19;17:18:16.524;INFO;Server;Command: ExecRobotTask (Initialize,500000);
15/05/19;17:18:16.524;INFO;Controller;Executing asynchronous activity: ExecRobotTask;
15/05/19;17:18:16.524;INFO;Controller;Status = Executing: Initialize;
15/05/19;17:18:16.524;INFO;Controller;State = Running;
15/05/19;17:18:17.337;INFO;Robot Runtime;executing:    Initialize;
15/05/19;17:18:17.789;INFO;Controller;Activity ExecRobotTask ended. Return value: Done;
15/05/19;17:18:17.789;INFO;Controller;State = Ready;
15/05/19;17:18:17.820;INFO;Server;Command: ExecRobotTask (LatchRobGov,500000);
15/05/19;17:18:17.820;INFO;Controller;Executing asynchronous activity: ExecRobotTask;
15/05/19;17:18:17.820;INFO;Controller;Status = Executing: LatchRobGov;
15/05/19;17:18:17.820;INFO;Controller;State = Running;
15/05/19;17:18:18.778;INFO;Robot Runtime;executing:    LatchRobGov;
15/05/19;17:18:19.248;INFO;Controller;Activity ExecRobotTask ended. Return value: Done;
15/05/19;17:18:19.248;INFO;Controller;State = Ready;
15/05/19;17:18:19.278;INFO;Server;Command: ExecRobotTask (TraceSample,500000);
15/05/19;17:18:19.278;INFO;Controller;Executing asynchronous activity: ExecRobotTask;
15/05/19;17:18:19.278;INFO;Controller;Status = Executing: TraceSample;
15/05/19;17:18:19.278;INFO;Controller;State = Running;
15/05/19;17:18:20.448;INFO;Robot Runtime;executing:    TraceSample;
15/05/19;17:18:22.810;INFO;Controller;Activity ExecRobotTask ended. Return value: Done False/False/False;
15/05/19;17:18:22.811;INFO;Controller;State = Ready;
15/05/19;17:18:22.853;INFO;Server;Command: ExecRobotTask (CoolDown,500000);
15/05/19;17:18:22.853;INFO;Controller;Executing asynchronous activity: ExecRobotTask;
15/05/19;17:18:22.853;INFO;Controller;Status = Executing: CoolDown;
15/05/19;17:18:22.853;INFO;Controller;State = Running;
15/05/19;17:18:23.791;INFO;Robot Runtime;executing:    CoolDown;
15/05/19;17:18:24.280;INFO;Controller;Activity ExecRobotTask ended. Return value: Done;
15/05/19;17:18:24.281;INFO;Controller;State = Ready;
15/05/19;17:18:24.497;INFO;Server;Command: ExecRobotTask (Load,500000);
15/05/19;17:18:24.498;INFO;Controller;Executing asynchronous activity: ExecRobotTask;
15/05/19;17:18:24.498;INFO;Controller;Status = Executing: Load;
15/05/19;17:18:24.498;INFO;Controller;State = Running;
15/05/19;17:18:25.464;INFO;Robot Runtime;executing:    Load;
15/05/19;17:18:33.570;INFO;Controller;Activity ExecRobotTask ended. Return value: Done False/True/False;
15/05/19;17:18:33.570;INFO;Controller;State = Ready;
15/05/19;17:18:33.598;INFO;Server;Command: ExecRobotTask (Mount,500000);
15/05/19;17:18:33.598;INFO;Controller;Executing asynchronous activity: ExecRobotTask;
15/05/19;17:18:33.598;INFO;Controller;Status = Executing: Mount;
15/05/19;17:18:33.598;INFO;Controller;State = Running;
15/05/19;17:18:34.786;INFO;Robot Runtime;executing:    Mount;
15/05/19;17:18:42.091;INFO;Controller;Activity ExecRobotTask ended. Return value: Done True/False/False;
15/05/19;17:18:42.091;INFO;Controller;State = Ready;
15/05/19;17:18:42.125;INFO;Server;Command: ExecRobotTask (Park,500000);
15/05/19;17:18:42.125;INFO;Controller;Executing asynchronous activity: ExecRobotTask;
15/05/19;17:18:42.125;INFO;Controller;Status = Executing: Park;
15/05/19;17:18:42.125;INFO;Controller;State = Running;
15/05/19;17:18:43.066;INFO;Robot Runtime;executing:    Park;
15/05/19;17:18:46.276;INFO;Controller;Activity ExecRobotTask ended. Return value: Done;
15/05/19;17:18:46.276;INFO;Controller;State = Ready;
15/05/19;17:18:46.302;INFO;Server;Command: ExecRobotTask (UnlatchRobGov,500000);
15/05/19;17:18:46.303;INFO;Controller;Executing asynchronous activity: ExecRobotTask;
15/05/19;17:18:46.303;INFO;Controller;Status = Executing: UnlatchRobGov;
15/05/19;17:18:46.303;INFO;Controller;State = Running;
15/05/19;17:18:47.264;INFO;Robot Runtime;executing:    UnlatchRobGov;
15/05/19;17:18:47.654;INFO;Controller;Activity ExecRobotTask ended. Return value: Done;
15/05/19;17:18:47.654;INFO;Controller;State = Ready;
15/05/19;17:19:00.543;INFO;Server;Command: ExecRobotTask (Unmount,500000);
15/05/19;17:19:00.543;INFO;Controller;Executing asynchronous activity: ExecRobotTask;
15/05/19;17:19:00.543;INFO;Controller;Status = Executing: Unmount;
15/05/19;17:19:00.543;INFO;Controller;State = Running;
15/05/19;17:19:01.719;INFO;Robot Runtime;executing:    Unmount;
15/05/19;17:19:10.306;INFO;Controller;Activity ExecRobotTask ended. Return value: Done False/True/False;
15/05/19;17:19:10.307;INFO;Controller;State = Ready;
15/05/19;17:19:10.332;INFO;Server;Command: ExecRobotTask (Unload,500000);
15/05/19;17:19:10.332;INFO;Controller;Executing asynchronous activity: ExecRobotTask;
15/05/19;17:19:10.332;INFO;Controller;Status = Executing: Unload;
15/05/19;17:19:10.332;INFO;Controller;State = Running;
15/05/19;17:19:11.275;INFO;Robot Runtime;executing:    Unload;
15/05/19;17:19:15.884;INFO;Controller;Activity ExecRobotTask ended. Return value: Done False/False/False;
15/05/19;17:19:15.884;INFO;Controller;State = Ready;
15/05/19;17:19:17.751;INFO;Server;Command: ExecRobotTask (Load,500000);
15/05/19;17:19:17.751;INFO;Controller;Executing asynchronous activity: ExecRobotTask;
15/05/19;17:19:17.751;INFO;Controller;Status = Executing: Load;
15/05/19;17:19:17.751;INFO;Controller;State = Running;
15/05/19;17:19:18.705;INFO;Robot Runtime;executing:    Load;
15/05/19;17:19:25.044;INFO;Controller;Activity ExecRobotTask ended. Return value: Done False/True/False;
15/05/19;17:19:25.044;INFO;Controller;State = Ready;
15/05/19;17:19:25.074;INFO;Server;Command: ExecRobotTask (Mount,500000);
15/05/19;17:19:25.074;INFO;Controller;Executing asynchronous activity: ExecRobotTask;
15/05/19;17:19:25.075;INFO;Controller;Status = Executing: Mount;
15/05/19;17:19:25.075;INFO;Controller;State = Running;
15/05/19;17:19:26.255;INFO;Robot Runtime;executing:    Mount;
15/05/19;17:19:33.283;INFO;Controller;Activity ExecRobotTask ended. Return value: Done True/False/False;
15/05/19;17:19:33.283;INFO;Controller;State = Ready;
15/05/19;17:19:33.315;INFO;Server;Command: ExecRobotTask (Park,500000);
15/05/19;17:19:33.316;INFO;Controller;Executing asynchronous activity: ExecRobotTask;
15/05/19;17:19:33.316;INFO;Controller;Status = Executing: Park;
15/05/19;17:19:33.316;INFO;Controller;State = Running;
15/05/19;17:19:34.248;INFO;Robot Runtime;executing:    Park;
15/05/19;17:19:37.590;INFO;Controller;Activity ExecRobotTask ended. Return value: Done;
15/05/19;17:19:37.591;INFO;Controller;State = Ready;
15/05/19;17:19:37.623;INFO;Server;Command: ExecRobotTask (UnlatchRobGov,500000);
15/05/19;17:19:37.623;INFO;Controller;Executing asynchronous activity: ExecRobotTask;
15/05/19;17:19:37.623;INFO;Controller;Status = Executing: UnlatchRobGov;
15/05/19;17:19:37.624;INFO;Controller;State = Running;
15/05/19;17:19:38.586;INFO;Robot Runtime;executing:    UnlatchRobGov;
15/05/19;17:19:39.051;INFO;Controller;Activity ExecRobotTask ended. Return value: Done;
15/05/19;17:19:39.051;INFO;Controller;State = Ready;
15/05/19;17:19:49.977;INFO;Server;Command: ExecRobotTask (Unmount,500000);
15/05/19;17:19:49.977;INFO;Controller;Executing asynchronous activity: ExecRobotTask;
15/05/19;17:19:49.977;INFO;Controller;Status = Executing: Unmount;
15/05/19;17:19:49.977;INFO;Controller;State = Running;
15/05/19;17:19:51.159;INFO;Robot Runtime;executing:    Unmount;
15/05/19;17:20:02.110;INFO;Controller;Activity ExecRobotTask ended. Return value: Done False/True/False;
15/05/19;17:20:02.110;INFO;Controller;State = Ready;
15/05/19;17:20:02.137;INFO;Server;Command: ExecRobotTask (Unload,500000);
15/05/19;17:20:02.137;INFO;Controller;Executing asynchronous activity: ExecRobotTask;
15/05/19;17:20:02.138;INFO;Controller;Status = Executing: Unload;
15/05/19;17:20:02.138;INFO;Controller;State = Running;
15/05/19;17:20:03.079;INFO;Robot Runtime;executing:    Unload;
15/05/19;17:20:07.519;INFO;Controller;Activity ExecRobotTask ended. Return value: Done False/False/False;
15/05/19;17:20:07.520;INFO;Controller;State = Ready;
15/05/19;17:20:09.369;INFO;Server;Command: ExecRobotTask (Load,500000);
15/05/19;17:20:09.369;INFO;Controller;Executing asynchronous activity: ExecRobotTask;
15/05/19;17:20:09.369;INFO;Controller;Status = Executing: Load;
15/05/19;17:20:09.369;INFO;Controller;State = Running;
15/05/19;17:20:10.320;INFO;Robot Runtime;executing:    Load;
15/05/19;17:20:16.465;INFO;Controller;Activity ExecRobotTask ended. Return value: Done False/True/False;
15/05/19;17:20:16.465;INFO;Controller;State = Ready;
15/05/19;17:20:16.490;INFO;Server;Command: ExecRobotTask (Mount,500000);
15/05/19;17:20:16.490;INFO;Controller;Executing asynchronous activity: ExecRobotTask;
15/05/19;17:20:16.490;INFO;Controller;Status = Executing: Mount;
15/05/19;17:20:16.491;INFO;Controller;State = Running;
15/05/19;17:20:17.681;INFO;Robot Runtime;executing:    Mount;
15/05/19;17:20:23.412;INFO;Controller;Activity ExecRobotTask ended. Return value: Done True/False/False;
15/05/19;17:20:23.412;INFO;Controller;State = Ready;
15/05/19;17:20:23.451;INFO;Server;Command: ExecRobotTask (Park,500000);
15/05/19;17:20:23.451;INFO;Controller;Executing asynchronous activity: ExecRobotTask;
15/05/19;17:20:23.451;INFO;Controller;Status = Executing: Park;
15/05/19;17:20:23.452;INFO;Controller;State = Running;
15/05/19;17:20:24.397;INFO;Robot Runtime;executing:    Park;
15/05/19;17:20:27.747;INFO;Controller;Activity ExecRobotTask ended. Return value: Done;
15/05/19;17:20:27.747;INFO;Controller;State = Ready;
15/05/19;17:20:27.783;INFO;Server;Command: ExecRobotTask (UnlatchRobGov,500000);
15/05/19;17:20:27.783;INFO;Controller;Executing asynchronous activity: ExecRobotTask;
15/05/19;17:20:27.783;INFO;Controller;Status = Executing: UnlatchRobGov;
15/05/19;17:20:27.783;INFO;Controller;State = Running;
15/05/19;17:20:28.769;INFO;Robot Runtime;executing:    UnlatchRobGov;
15/05/19;17:20:29.206;INFO;Controller;Activity ExecRobotTask ended. Return value: Done;
15/05/19;17:20:29.206;INFO;Controller;State = Ready;
15/05/19;17:22:17.738;INFO;Server;Command: ExecRobotTask (Unmount,500000);
15/05/19;17:22:17.739;INFO;Controller;Executing asynchronous activity: ExecRobotTask;
15/05/19;17:22:17.739;INFO;Controller;Status = Executing: Unmount;
15/05/19;17:22:17.739;INFO;Controller;State = Running;
15/05/19;17:22:18.914;INFO;Robot Runtime;executing:    Unmount;
15/05/19;17:22:30.010;INFO;Controller;Activity ExecRobotTask ended. Return value: Done False/True/False;
15/05/19;17:22:30.010;INFO;Controller;State = Ready;
15/05/19;17:22:30.038;INFO;Server;Command: ExecRobotTask (Unload,500000);
15/05/19;17:22:30.038;INFO;Controller;Executing asynchronous activity: ExecRobotTask;
15/05/19;17:22:30.038;INFO;Controller;Status = Executing: Unload;
15/05/19;17:22:30.038;INFO;Controller;State = Running;
15/05/19;17:22:30.957;INFO;Robot Runtime;executing:    Unload;
15/05/19;17:22:35.420;INFO;Controller;Activity ExecRobotTask ended. Return value: Done False/False/False;
15/05/19;17:22:35.420;INFO;Controller;State = Ready;
15/05/19;17:22:37.416;INFO;Server;Command: ExecRobotTask (Load,500000);
15/05/19;17:22:37.417;INFO;Controller;Executing asynchronous activity: ExecRobotTask;
15/05/19;17:22:37.417;INFO;Controller;Status = Executing: Load;
15/05/19;17:22:37.417;INFO;Controller;State = Running;
15/05/19;17:22:38.394;INFO;Robot Runtime;executing:    Load;
15/05/19;17:22:44.600;INFO;Controller;Activity ExecRobotTask ended. Return value: Done False/True/False;
15/05/19;17:22:44.600;INFO;Controller;State = Ready;
15/05/19;17:22:44.635;INFO;Server;Command: ExecRobotTask (Mount,500000);
15/05/19;17:22:44.636;INFO;Controller;Executing asynchronous activity: ExecRobotTask;
15/05/19;17:22:44.636;INFO;Controller;Status = Executing: Mount;
15/05/19;17:22:44.636;INFO;Controller;State = Running;
15/05/19;17:22:45.793;INFO;Robot Runtime;executing:    Mount;
15/05/19;17:22:53.107;INFO;Controller;Activity ExecRobotTask ended. Return value: Done True/False/False;
15/05/19;17:22:53.107;INFO;Controller;State = Ready;
15/05/19;17:22:53.142;INFO;Server;Command: ExecRobotTask (Park,500000);
15/05/19;17:22:53.142;INFO;Controller;Executing asynchronous activity: ExecRobotTask;
15/05/19;17:22:53.142;INFO;Controller;Status = Executing: Park;
15/05/19;17:22:53.142;INFO;Controller;State = Running;
15/05/19;17:22:54.064;INFO;Robot Runtime;executing:    Park;
15/05/19;17:22:57.276;INFO;Controller;Activity ExecRobotTask ended. Return value: Done;
15/05/19;17:22:57.276;INFO;Controller;State = Ready;
15/05/19;17:22:57.311;INFO;Server;Command: ExecRobotTask (UnlatchRobGov,500000);
15/05/19;17:22:57.311;INFO;Controller;Executing asynchronous activity: ExecRobotTask;
15/05/19;17:22:57.311;INFO;Controller;Status = Executing: UnlatchRobGov;
15/05/19;17:22:57.311;INFO;Controller;State = Running;
15/05/19;17:22:58.305;INFO;Robot Runtime;executing:    UnlatchRobGov;
15/05/19;17:22:58.652;INFO;Controller;Activity ExecRobotTask ended. Return value: Done;
15/05/19;17:22:58.652;INFO;Controller;State = Ready;
15/05/19;17:23:08.031;INFO;Server;Command: ExecRobotTask (Unmount,500000);
15/05/19;17:23:08.031;INFO;Controller;Executing asynchronous activity: ExecRobotTask;
15/05/19;17:23:08.031;INFO;Controller;Status = Executing: Unmount;
15/05/19;17:23:08.031;INFO;Controller;State = Running;
15/05/19;17:23:09.177;INFO;Robot Runtime;executing:    Unmount;
15/05/19;17:23:17.763;INFO;Controller;Activity ExecRobotTask ended. Return value: Done False/True/False;
15/05/19;17:23:17.763;INFO;Controller;State = Ready;
15/05/19;17:23:17.796;INFO;Server;Command: ExecRobotTask (Unload,500000);
15/05/19;17:23:17.796;INFO;Controller;Executing asynchronous activity: ExecRobotTask;
15/05/19;17:23:17.796;INFO;Controller;Status = Executing: Unload;
15/05/19;17:23:17.796;INFO;Controller;State = Running;
15/05/19;17:23:18.715;INFO;Robot Runtime;executing:    Unload;
15/05/19;17:23:23.339;INFO;Controller;Activity ExecRobotTask ended. Return value: Done False/False/False;
15/05/19;17:23:23.339;INFO;Controller;State = Ready;
15/05/19;17:23:25.280;INFO;Server;Command: ExecRobotTask (Load,500000);
15/05/19;17:23:25.280;INFO;Controller;Executing asynchronous activity: ExecRobotTask;
15/05/19;17:23:25.280;INFO;Controller;Status = Executing: Load;
15/05/19;17:23:25.280;INFO;Controller;State = Running;
15/05/19;17:23:26.270;INFO;Robot Runtime;executing:    Load;
15/05/19;17:23:32.510;INFO;Controller;Activity ExecRobotTask ended. Return value: Done False/True/False;
15/05/19;17:23:32.510;INFO;Controller;State = Ready;
15/05/19;17:23:32.543;INFO;Server;Command: ExecRobotTask (Mount,500000);
15/05/19;17:23:32.544;INFO;Controller;Executing asynchronous activity: ExecRobotTask;
15/05/19;17:23:32.544;INFO;Controller;Status = Executing: Mount;
15/05/19;17:23:32.544;INFO;Controller;State = Running;
15/05/19;17:23:33.714;INFO;Robot Runtime;executing:    Mount;
15/05/19;17:23:39.721;INFO;Controller;Activity ExecRobotTask ended. Return value: Done True/False/False;
15/05/19;17:23:39.721;INFO;Controller;State = Ready;
15/05/19;17:23:39.753;INFO;Server;Command: ExecRobotTask (Park,500000);
15/05/19;17:23:39.754;INFO;Controller;Executing asynchronous activity: ExecRobotTask;
15/05/19;17:23:39.754;INFO;Controller;Status = Executing: Park;
15/05/19;17:23:39.754;INFO;Controller;State = Running;
15/05/19;17:23:40.678;INFO;Robot Runtime;executing:    Park;
15/05/19;17:23:44.068;INFO;Controller;Activity ExecRobotTask ended. Return value: Done;
15/05/19;17:23:44.068;INFO;Controller;State = Ready;
15/05/19;17:23:44.112;INFO;Server;Command: ExecRobotTask (UnlatchRobGov,500000);
15/05/19;17:23:44.112;INFO;Controller;Executing asynchronous activity: ExecRobotTask;
15/05/19;17:23:44.112;INFO;Controller;Status = Executing: UnlatchRobGov;
15/05/19;17:23:44.112;INFO;Controller;State = Running;
15/05/19;17:23:45.108;INFO;Robot Runtime;executing:    UnlatchRobGov;
15/05/19;17:23:45.530;INFO;Controller;Activity ExecRobotTask ended. Return value: Done;
15/05/19;17:23:45.530;INFO;Controller;State = Ready;
15/05/19;17:24:41.983;INFO;Server;Command: ExecRobotTask (Unmount,500000);
15/05/19;17:24:41.984;INFO;Controller;Executing asynchronous activity: ExecRobotTask;
15/05/19;17:24:41.984;INFO;Controller;Status = Executing: Unmount;
15/05/19;17:24:41.984;INFO;Controller;State = Running;
15/05/19;17:24:43.158;INFO;Robot Runtime;executing:    Unmount;
15/05/19;17:24:53.239;INFO;Controller;Activity ExecRobotTask ended. Return value: Done False/True/False;
15/05/19;17:24:53.239;INFO;Controller;State = Ready;
15/05/19;17:24:53.274;INFO;Server;Command: ExecRobotTask (Unload,500000);
15/05/19;17:24:53.274;INFO;Controller;Executing asynchronous activity: ExecRobotTask;
15/05/19;17:24:53.274;INFO;Controller;Status = Executing: Unload;
15/05/19;17:24:53.274;INFO;Controller;State = Running;
15/05/19;17:24:54.186;INFO;Robot Runtime;executing:    Unload;
15/05/19;17:24:58.656;INFO;Controller;Activity ExecRobotTask ended. Return value: Done False/False/False;
15/05/19;17:24:58.656;INFO;Controller;State = Ready;
15/05/19;17:25:00.686;INFO;Server;Command: ExecRobotTask (Load,500000);
15/05/19;17:25:00.687;INFO;Controller;Executing asynchronous activity: ExecRobotTask;
15/05/19;17:25:00.687;INFO;Controller;Status = Executing: Load;
15/05/19;17:25:00.687;INFO;Controller;State = Running;
15/05/19;17:25:01.680;INFO;Robot Runtime;executing:    Load;
15/05/19;17:25:07.844;INFO;Controller;Activity ExecRobotTask ended. Return value: Done False/True/False;
15/05/19;17:25:07.844;INFO;Controller;State = Ready;
15/05/19;17:25:07.884;INFO;Server;Command: ExecRobotTask (Mount,500000);
15/05/19;17:25:07.884;INFO;Controller;Executing asynchronous activity: ExecRobotTask;
15/05/19;17:25:07.884;INFO;Controller;Status = Executing: Mount;
15/05/19;17:25:07.884;INFO;Controller;State = Running;
15/05/19;17:25:09.034;INFO;Robot Runtime;executing:    Mount;
15/05/19;17:25:16.355;INFO;Controller;Activity ExecRobotTask ended. Return value: Done True/False/False;
15/05/19;17:25:16.356;INFO;Controller;State = Ready;
15/05/19;17:25:16.390;INFO;Server;Command: ExecRobotTask (Park,500000);
15/05/19;17:25:16.390;INFO;Controller;Executing asynchronous activity: ExecRobotTask;
15/05/19;17:25:16.390;INFO;Controller;Status = Executing: Park;
15/05/19;17:25:16.390;INFO;Controller;State = Running;
15/05/19;17:25:17.308;INFO;Robot Runtime;executing:    Park;
15/05/19;17:25:20.259;INFO;Controller;Activity ExecRobotTask ended. Return value: Done;
15/05/19;17:25:20.259;INFO;Controller;State = Ready;
15/05/19;17:25:20.293;INFO;Server;Command: ExecRobotTask (UnlatchRobGov,500000);
15/05/19;17:25:20.293;INFO;Controller;Executing asynchronous activity: ExecRobotTask;
15/05/19;17:25:20.294;INFO;Controller;Status = Executing: UnlatchRobGov;
15/05/19;17:25:20.294;INFO;Controller;State = Running;
15/05/19;17:25:21.301;INFO;Robot Runtime;executing:    UnlatchRobGov;
15/05/19;17:25:21.643;INFO;Controller;Activity ExecRobotTask ended. Return value: Done;
15/05/19;17:25:21.644;INFO;Controller;State = Ready;
15/05/19;17:27:04.648;INFO;Server;Command: ExecRobotTask (Unmount,500000);
15/05/19;17:27:04.648;INFO;Controller;Executing asynchronous activity: ExecRobotTask;
15/05/19;17:27:04.648;INFO;Controller;Status = Executing: Unmount;
15/05/19;17:27:04.649;INFO;Controller;State = Running;
15/05/19;17:27:05.806;INFO;Robot Runtime;executing:    Unmount;
15/05/19;17:27:13.388;INFO;Controller;Activity ExecRobotTask ended. Return value: Done False/True/False;
15/05/19;17:27:13.388;INFO;Controller;State = Ready;
15/05/19;17:27:13.433;INFO;Server;Command: ExecRobotTask (Unload,500000);
15/05/19;17:27:13.433;INFO;Controller;Executing asynchronous activity: ExecRobotTask;
15/05/19;17:27:13.433;INFO;Controller;Status = Executing: Unload;
15/05/19;17:27:13.433;INFO;Controller;State = Running;
15/05/19;17:27:14.351;INFO;Robot Runtime;executing:    Unload;
15/05/19;17:27:18.805;INFO;Controller;Activity ExecRobotTask ended. Return value: Done False/False/False;
15/05/19;17:27:18.805;INFO;Controller;State = Ready;
15/05/19;17:27:20.905;INFO;Server;Command: ExecRobotTask (Load,500000);
15/05/19;17:27:20.905;INFO;Controller;Executing asynchronous activity: ExecRobotTask;
15/05/19;17:27:20.905;INFO;Controller;Status = Executing: Load;
15/05/19;17:27:20.905;INFO;Controller;State = Running;
15/05/19;17:27:21.899;INFO;Robot Runtime;executing:    Load;
15/05/19;17:27:28.224;INFO;Controller;Activity ExecRobotTask ended. Return value: Done False/True/True;
15/05/19;17:27:28.225;INFO;Controller;State = Ready;
15/05/19;17:27:28.261;INFO;Server;Command: ExecRobotTask (Unload,500000);
15/05/19;17:27:28.261;INFO;Controller;Executing asynchronous activity: ExecRobotTask;
15/05/19;17:27:28.261;INFO;Controller;Status = Executing: Unload;
15/05/19;17:27:28.261;INFO;Controller;State = Running;
15/05/19;17:27:29.408;INFO;Robot Runtime;executing:    Unload;
15/05/19;17:27:33.900;INFO;Controller;Activity ExecRobotTask ended. Return value: Done False/False/False;
15/05/19;17:27:33.900;INFO;Controller;State = Ready;
15/05/19;17:27:33.943;INFO;Server;Command: ExecRobotTask (Park,500000);
15/05/19;17:27:33.943;INFO;Controller;Executing asynchronous activity: ExecRobotTask;
15/05/19;17:27:33.943;INFO;Controller;Status = Executing: Park;
15/05/19;17:27:33.943;INFO;Controller;State = Running;
15/05/19;17:27:34.876;INFO;Robot Runtime;executing:    Park;
15/05/19;17:27:38.220;INFO;Controller;Activity ExecRobotTask ended. Return value: Done;
15/05/19;17:27:38.221;INFO;Controller;State = Ready;
15/05/19;17:27:53.291;INFO;Server;Command: ExecRobotTask (Initialize,500000);
15/05/19;17:27:53.291;INFO;Controller;Executing asynchronous activity: ExecRobotTask;
15/05/19;17:27:53.291;INFO;Controller;Status = Executing: Initialize;
15/05/19;17:27:53.291;INFO;Controller;State = Running;
15/05/19;17:27:54.264;INFO;Robot Runtime;executing:    Initialize;
15/05/19;17:27:54.657;INFO;Controller;Activity ExecRobotTask ended. Return value: Done;
15/05/19;17:27:54.657;INFO;Controller;State = Ready;
15/05/19;17:27:54.695;INFO;Server;Command: ExecRobotTask (LatchRobGov,500000);
15/05/19;17:27:54.695;INFO;Controller;Executing asynchronous activity: ExecRobotTask;
15/05/19;17:27:54.695;INFO;Controller;Status = Executing: LatchRobGov;
15/05/19;17:27:54.695;INFO;Controller;State = Running;
15/05/19;17:27:55.867;INFO;Robot Runtime;executing:    LatchRobGov;
15/05/19;17:28:16.956;INFO;Controller;Activity ExecRobotTask ended. Return value: Done;
15/05/19;17:28:16.956;INFO;Controller;State = Ready;
15/05/19;17:28:16.991;INFO;Server;Command: ExecRobotTask (TraceSample,500000);
15/05/19;17:28:16.991;INFO;Controller;Executing asynchronous activity: ExecRobotTask;
15/05/19;17:28:16.991;INFO;Controller;Status = Executing: TraceSample;
15/05/19;17:28:16.991;INFO;Controller;State = Running;
15/05/19;17:28:17.943;INFO;Robot Runtime;executing:    TraceSample;
15/05/19;17:28:20.251;INFO;Controller;Activity ExecRobotTask ended. Return value: Done False/False/False;
15/05/19;17:28:20.251;INFO;Controller;State = Ready;
15/05/19;17:28:20.290;INFO;Server;Command: ExecRobotTask (CoolDown,500000);
15/05/19;17:28:20.290;INFO;Controller;Executing asynchronous activity: ExecRobotTask;
15/05/19;17:28:20.290;INFO;Controller;Status = Executing: CoolDown;
15/05/19;17:28:20.290;INFO;Controller;State = Running;
15/05/19;17:28:21.232;INFO;Robot Runtime;executing:    CoolDown;
15/05/19;17:28:21.716;INFO;Controller;Activity ExecRobotTask ended. Return value: Done;
15/05/19;17:28:21.716;INFO;Controller;State = Ready;
15/05/19;17:28:21.948;INFO;Server;Command: ExecRobotTask (Load,500000);
15/05/19;17:28:21.949;INFO;Controller;Executing asynchronous activity: ExecRobotTask;
15/05/19;17:28:21.949;INFO;Controller;Status = Executing: Load;
15/05/19;17:28:21.949;INFO;Controller;State = Running;
15/05/19;17:28:23.116;INFO;Robot Runtime;executing:    Load;
15/05/19;17:28:31.228;INFO;Controller;Activity ExecRobotTask ended. Return value: Done False/True/False;
15/05/19;17:28:31.228;INFO;Controller;State = Ready;
15/05/19;17:28:31.302;INFO;Server;Command: ExecRobotTask (Mount,500000);
15/05/19;17:28:31.303;INFO;Controller;Executing asynchronous activity: ExecRobotTask;
15/05/19;17:28:31.303;INFO;Controller;Status = Executing: Mount;
15/05/19;17:28:31.303;INFO;Controller;State = Running;
15/05/19;17:28:32.372;INFO;Robot Runtime;executing:    Mount;
15/05/19;17:28:39.693;INFO;Controller;Activity ExecRobotTask ended. Return value: Done True/False/False;
15/05/19;17:28:39.694;INFO;Controller;State = Ready;
15/05/19;17:28:39.733;INFO;Server;Command: ExecRobotTask (Park,500000);
15/05/19;17:28:39.733;INFO;Controller;Executing asynchronous activity: ExecRobotTask;
15/05/19;17:28:39.733;INFO;Controller;Status = Executing: Park;
15/05/19;17:28:39.733;INFO;Controller;State = Running;
15/05/19;17:28:40.559;INFO;Robot Runtime;executing:    Park;
15/05/19;17:28:43.750;INFO;Controller;Activity ExecRobotTask ended. Return value: Done;
15/05/19;17:28:43.751;INFO;Controller;State = Ready;
15/05/19;17:28:43.790;INFO;Server;Command: ExecRobotTask (UnlatchRobGov,500000);
15/05/19;17:28:43.790;INFO;Controller;Executing asynchronous activity: ExecRobotTask;
15/05/19;17:28:43.790;INFO;Controller;Status = Executing: UnlatchRobGov;
15/05/19;17:28:43.790;INFO;Controller;State = Running;
15/05/19;17:28:44.963;INFO;Robot Runtime;executing:    UnlatchRobGov;
15/05/19;17:28:45.489;INFO;Controller;Activity ExecRobotTask ended. Return value: Done;
15/05/19;17:28:45.489;INFO;Controller;State = Ready;
15/05/19;17:29:00.974;INFO;Server;Command: ExecRobotTask (Unmount,500000);
15/05/19;17:29:00.974;INFO;Controller;Executing asynchronous activity: ExecRobotTask;
15/05/19;17:29:00.974;INFO;Controller;Status = Executing: Unmount;
15/05/19;17:29:00.975;INFO;Controller;State = Running;
15/05/19;17:29:02.053;INFO;Robot Runtime;executing:    Unmount;
15/05/19;17:29:10.905;INFO;Controller;Activity ExecRobotTask ended. Return value: Done False/True/False;
15/05/19;17:29:10.905;INFO;Controller;State = Ready;
15/05/19;17:29:10.949;INFO;Server;Command: ExecRobotTask (Unload,500000);
15/05/19;17:29:10.949;INFO;Controller;Executing asynchronous activity: ExecRobotTask;
15/05/19;17:29:10.949;INFO;Controller;Status = Executing: Unload;
15/05/19;17:29:10.950;INFO;Controller;State = Running;
15/05/19;17:29:11.782;INFO;Robot Runtime;executing:    Unload;
15/05/19;17:29:16.215;INFO;Controller;Activity ExecRobotTask ended. Return value: Done False/False/False;
15/05/19;17:29:16.215;INFO;Controller;State = Ready;
15/05/19;17:29:18.161;INFO;Server;Command: ExecRobotTask (Load,500000);
15/05/19;17:29:18.162;INFO;Controller;Executing asynchronous activity: ExecRobotTask;
15/05/19;17:29:18.162;INFO;Controller;Status = Executing: Load;
15/05/19;17:29:18.162;INFO;Controller;State = Running;
15/05/19;17:29:19.354;INFO;Robot Runtime;executing:    Load;
15/05/19;17:29:25.656;INFO;Controller;Activity ExecRobotTask ended. Return value: Done False/True/False;
15/05/19;17:29:25.656;INFO;Controller;State = Ready;
15/05/19;17:29:25.700;INFO;Server;Command: ExecRobotTask (Mount,500000);
15/05/19;17:29:25.700;INFO;Controller;Executing asynchronous activity: ExecRobotTask;
15/05/19;17:29:25.700;INFO;Controller;Status = Executing: Mount;
15/05/19;17:29:25.701;INFO;Controller;State = Running;
15/05/19;17:29:26.759;INFO;Robot Runtime;executing:    Mount;
15/05/19;17:29:32.364;INFO;Controller;Activity ExecRobotTask ended. Return value: Done True/False/False;
15/05/19;17:29:32.364;INFO;Controller;State = Ready;
15/05/19;17:29:32.406;INFO;Server;Command: ExecRobotTask (Park,500000);
15/05/19;17:29:32.406;INFO;Controller;Executing asynchronous activity: ExecRobotTask;
15/05/19;17:29:32.406;INFO;Controller;Status = Executing: Park;
15/05/19;17:29:32.407;INFO;Controller;State = Running;
15/05/19;17:29:33.230;INFO;Robot Runtime;executing:    Park;
15/05/19;17:29:36.249;INFO;Controller;Activity ExecRobotTask ended. Return value: Done;
15/05/19;17:29:36.250;INFO;Controller;State = Ready;
15/05/19;17:29:36.298;INFO;Server;Command: ExecRobotTask (UnlatchRobGov,500000);
15/05/19;17:29:36.298;INFO;Controller;Executing asynchronous activity: ExecRobotTask;
15/05/19;17:29:36.299;INFO;Controller;Status = Executing: UnlatchRobGov;
15/05/19;17:29:36.299;INFO;Controller;State = Running;
15/05/19;17:29:37.509;INFO;Robot Runtime;executing:    UnlatchRobGov;
15/05/19;17:29:37.906;INFO;Controller;Activity ExecRobotTask ended. Return value: Done;
15/05/19;17:29:37.906;INFO;Controller;State = Ready;
15/05/19;17:30:11.406;INFO;Server;Command: ExecRobotTask (Unmount,500000);
15/05/19;17:30:11.407;INFO;Controller;Executing asynchronous activity: ExecRobotTask;
15/05/19;17:30:11.407;INFO;Controller;Status = Executing: Unmount;
15/05/19;17:30:11.407;INFO;Controller;State = Running;
15/05/19;17:30:12.453;INFO;Robot Runtime;executing:    Unmount;
15/05/19;17:30:22.036;INFO;Controller;Activity ExecRobotTask ended. Return value: Done False/True/False;
15/05/19;17:30:22.036;INFO;Controller;State = Ready;
15/05/19;17:30:22.081;INFO;Server;Command: ExecRobotTask (Unload,500000);
15/05/19;17:30:22.081;INFO;Controller;Executing asynchronous activity: ExecRobotTask;
15/05/19;17:30:22.081;INFO;Controller;Status = Executing: Unload;
15/05/19;17:30:22.081;INFO;Controller;State = Running;
15/05/19;17:30:22.912;INFO;Robot Runtime;executing:    Unload;
15/05/19;17:30:27.335;INFO;Controller;Activity ExecRobotTask ended. Return value: Done False/False/False;
15/05/19;17:30:27.335;INFO;Controller;State = Ready;
15/05/19;17:30:29.289;INFO;Server;Command: ExecRobotTask (Load,500000);
15/05/19;17:30:29.289;INFO;Controller;Executing asynchronous activity: ExecRobotTask;
15/05/19;17:30:29.289;INFO;Controller;Status = Executing: Load;
15/05/19;17:30:29.290;INFO;Controller;State = Running;
15/05/19;17:30:30.497;INFO;Robot Runtime;executing:    Load;
15/05/19;17:30:36.784;INFO;Controller;Activity ExecRobotTask ended. Return value: Done False/True/False;
15/05/19;17:30:36.784;INFO;Controller;State = Ready;
15/05/19;17:30:36.829;INFO;Server;Command: ExecRobotTask (Mount,500000);
15/05/19;17:30:36.829;INFO;Controller;Executing asynchronous activity: ExecRobotTask;
15/05/19;17:30:36.830;INFO;Controller;Status = Executing: Mount;
15/05/19;17:30:36.830;INFO;Controller;State = Running;
15/05/19;17:30:37.891;INFO;Robot Runtime;executing:    Mount;
15/05/19;17:30:44.992;INFO;Controller;Activity ExecRobotTask ended. Return value: Done True/False/False;
15/05/19;17:30:44.993;INFO;Controller;State = Ready;
15/05/19;17:30:45.039;INFO;Server;Command: ExecRobotTask (Park,500000);
15/05/19;17:30:45.040;INFO;Controller;Executing asynchronous activity: ExecRobotTask;
15/05/19;17:30:45.040;INFO;Controller;Status = Executing: Park;
15/05/19;17:30:45.040;INFO;Controller;State = Running;
15/05/19;17:30:45.864;INFO;Robot Runtime;executing:    Park;
15/05/19;17:30:49.312;INFO;Controller;Activity ExecRobotTask ended. Return value: Done;
15/05/19;17:30:49.312;INFO;Controller;State = Ready;
15/05/19;17:30:49.355;INFO;Server;Command: ExecRobotTask (UnlatchRobGov,500000);
15/05/19;17:30:49.355;INFO;Controller;Executing asynchronous activity: ExecRobotTask;
15/05/19;17:30:49.355;INFO;Controller;Status = Executing: UnlatchRobGov;
15/05/19;17:30:49.355;INFO;Controller;State = Running;
15/05/19;17:30:50.553;INFO;Robot Runtime;executing:    UnlatchRobGov;
15/05/19;17:30:51.046;INFO;Controller;Activity ExecRobotTask ended. Return value: Done;
15/05/19;17:30:51.046;INFO;Controller;State = Ready;
15/05/19;17:40:30.101;INFO;Server;Command: ExecRobotTask (Unmount,500000);
15/05/19;17:40:30.101;INFO;Controller;Executing asynchronous activity: ExecRobotTask;
15/05/19;17:40:30.102;INFO;Controller;Status = Executing: Unmount;
15/05/19;17:40:30.102;INFO;Controller;State = Running;
15/05/19;17:40:31.091;INFO;Robot Runtime;executing:    Unmount;
15/05/19;17:40:40.984;INFO;Controller;Activity ExecRobotTask ended. Return value: Done False/True/False;
15/05/19;17:40:40.984;INFO;Controller;State = Ready;
15/05/19;17:40:41.026;INFO;Server;Command: ExecRobotTask (Unload,500000);
15/05/19;17:40:41.026;INFO;Controller;Executing asynchronous activity: ExecRobotTask;
15/05/19;17:40:41.026;INFO;Controller;Status = Executing: Unload;
15/05/19;17:40:41.026;INFO;Controller;State = Running;
15/05/19;17:40:41.896;INFO;Robot Runtime;executing:    Unload;
15/05/19;17:40:46.403;INFO;Controller;Activity ExecRobotTask ended. Return value: Done False/False/False;
15/05/19;17:40:46.403;INFO;Controller;State = Ready;
15/05/19;17:40:46.549;INFO;Server;Command: ExecRobotTask (UnlatchRobGov,500000);
15/05/19;17:40:46.549;INFO;Controller;Executing asynchronous activity: ExecRobotTask;
15/05/19;17:40:46.550;INFO;Controller;Status = Executing: UnlatchRobGov;
15/05/19;17:40:46.550;INFO;Controller;State = Running;
15/05/19;17:40:47.433;INFO;Robot Runtime;executing:    UnlatchRobGov;
15/05/19;17:40:48.367;INFO;Controller;Activity ExecRobotTask ended. Return value: Done;
15/05/19;17:40:48.367;INFO;Controller;State = Ready;
15/05/19;17:40:48.417;INFO;Server;Command: ExecRobotTask (Finish,500000);
15/05/19;17:40:48.418;INFO;Controller;Executing asynchronous activity: ExecRobotTask;
15/05/19;17:40:48.418;INFO;Controller;Status = Executing: Finish;
15/05/19;17:40:48.418;INFO;Controller;State = Running;
15/05/19;17:40:49.605;INFO;Robot Runtime;executing:    Finish;
15/05/19;17:43:00.035;INFO;Controller;Activity ExecRobotTask ended. Return value: Done;
15/05/19;17:43:00.035;INFO;Controller;State = Ready;
