07/01/19;15:56:29.931;INFO;Controller;Instantiation;
07/01/19;15:56:29.950;INFO;Controller;State = Initializing;
07/01/19;15:56:30.094;WARNING;Interface;Access level set to Admin;
07/01/19;15:56:30.189;INFO;Controller;Initialized log services - Startup: 07/01/19 15:56:29;
07/01/19;15:56:30.196;INFO;Controller;Initializing controller for SW version: 1.1.0 - JLib 1.7.2;
07/01/19;15:56:30.416;INFO;Epics Server;Registered PV: SW:Version;
07/01/19;15:56:30.416;INFO;Epics Server;Registered PV: SW:Status;
07/01/19;15:56:30.416;INFO;Epics Server;Registered PV: SW:Uptime;
07/01/19;15:56:30.432;INFO;Epics Server;Registered PV: SW:LastTaskInfo;
07/01/19;15:56:30.433;INFO;Epics Server;Registered PV: SW:LocalGuiLockOut;
07/01/19;15:56:30.433;INFO;Epics Server;Registered PV: SW:AlarmList;
07/01/19;15:56:30.434;INFO;Epics Server;Registered PV: SW:RobotSpeed;
07/01/19;15:56:30.434;INFO;Epics Server;Registered PV: SW:LastTaskException;
07/01/19;15:56:30.434;INFO;Epics Server;Registered PV: SW:LastTaskOutput;
07/01/19;15:56:30.435;INFO;Epics Server;Registered PV: SW:RobotState;
07/01/19;15:56:30.435;INFO;Epics Server;Registered PV: SW:CartesianPositions;
07/01/19;15:56:30.436;INFO;Epics Server;Registered PV: SW:JointPositions;
07/01/19;15:56:30.436;INFO;Epics Server;Registered PV: SW:State;
07/01/19;15:56:30.439;INFO;Epics Server;Registered PV: SW:abort;
07/01/19;15:56:30.439;INFO;Epics Server;Registered PV: SW:restart;
07/01/19;15:56:30.439;INFO;Epics Server;Registered PV: SW:getTaskInfo;
07/01/19;15:56:30.440;INFO;Epics Server;Registered PV: SW:isTaskRunning;
07/01/19;15:56:30.440;INFO;Epics Server;Registered PV: SW:checkTaskResult;
07/01/19;15:56:30.440;INFO;Epics Server;Registered PV: SW:startTestTask;
07/01/19;15:56:30.441;INFO;Epics Server;Registered PV: SW:pauseRobot;
07/01/19;15:56:30.441;INFO;Epics Server;Registered PV: SW:resumeRobot;
07/01/19;15:56:30.441;INFO;Epics Server;Registered PV: SW:setRobotVariable;
07/01/19;15:56:30.442;INFO;Epics Server;Registered PV: SW:isSampleMounted;
07/01/19;15:56:30.442;INFO;Epics Server;Registered PV: SW:startRobotTask;
07/01/19;15:56:30.442;INFO;Epics Server;Registered PV: SW:getRobotVariable;
07/01/19;15:56:30.443;INFO;Epics Server;Registered PV: SW:getDistance;
07/01/19;15:56:30.444;INFO;Epics Server;Initializing: Channel Access Server in Java v1.1.1;
07/01/19;15:56:30.446;INFO;Epics Server;Started server: ready to accept requests;
07/01/19;15:56:31.061;INFO;Controller;Initializing Robot;
07/01/19;15:56:31.069;INFO;Robot;Setting reference frame to: world;
07/01/19;15:56:31.254;INFO;Controller;Initializing Bus Controller;
07/01/19;15:56:31.255;INFO;Anti-Collision;Active = true;
07/01/19;15:56:31.255;INFO;Controller;State = Starting;
07/01/19;15:56:31.259;INFO;Controller;Command: Reset;
07/01/19;15:56:31.550;INFO;Controller;Executing asynchronous script: ./script/Reset.py;
07/01/19;15:56:31.550;INFO;Controller;Status = Reseting;
07/01/19;15:56:31.551;INFO;Controller;State = Running;
07/01/19;15:56:32.083;INFO;Controller;Script host: localhost:39523;
07/01/19;15:56:32.083;INFO;Script;Starting initialization script;
07/01/19;15:56:32.086;INFO;Script;Do nothing;
07/01/19;15:56:32.087;INFO;Controller;Script ./script/Reset.py ended. Return value: ;
07/01/19;15:56:32.087;INFO;Controller;State = Ready;
07/01/19;16:00:46.362;INFO;Interface;Command: ExecRobotTask (TurnOnAutofill,-1);
07/01/19;16:00:46.362;INFO;Controller;Executing asynchronous activity: ExecRobotTask;
07/01/19;16:00:46.363;INFO;Controller;Status = Executing: TurnOnAutofill;
07/01/19;16:00:46.363;INFO;Controller;State = Running;
07/01/19;16:00:47.325;INFO;Robot Runtime;executing:    TurnOnAutofill;
07/01/19;16:00:47.953;INFO;Controller;Activity ExecRobotTask ended. Return value: Done;
07/01/19;16:00:47.953;INFO;Controller;State = Ready;
07/01/19;16:01:20.121;INFO;Interface;Command: ExecRobotTask (TurnOffAutofill,-1);
07/01/19;16:01:20.122;INFO;Controller;Executing asynchronous activity: ExecRobotTask;
07/01/19;16:01:20.122;INFO;Controller;Status = Executing: TurnOffAutofill;
07/01/19;16:01:20.122;INFO;Controller;State = Running;
07/01/19;16:01:21.365;INFO;Robot Runtime;executing:    TurnOffAutofill;
07/01/19;16:01:22.023;INFO;Controller;Activity ExecRobotTask ended. Return value: Done;
07/01/19;16:01:22.023;INFO;Controller;State = Ready;
07/01/19;16:02:17.465;INFO;Interface;Command: ExecRobotTask (TurnOAutofill,-1);
07/01/19;16:02:17.466;INFO;Controller;Executing asynchronous activity: ExecRobotTask;
07/01/19;16:02:17.466;INFO;Controller;Status = Executing: TurnOAutofill;
07/01/19;16:02:17.466;INFO;Controller;State = Running;
07/01/19;16:02:17.568;INFO;Robot Runtime;executing:    TurnOAutofill;
07/01/19;16:02:17.840;INFO;Controller;Activity ExecRobotTask ended. Return value: ;
07/01/19;16:02:17.841;INFO;Controller;State = Ready;
07/01/19;16:02:37.301;INFO;Interface;Command: ExecRobotTask (TurnOnAutofill,-1);
07/01/19;16:02:37.302;INFO;Controller;Executing asynchronous activity: ExecRobotTask;
07/01/19;16:02:37.302;INFO;Controller;Status = Executing: TurnOnAutofill;
07/01/19;16:02:37.302;INFO;Controller;State = Running;
07/01/19;16:02:38.175;INFO;Robot Runtime;executing:    TurnOnAutofill;
07/01/19;16:02:38.875;INFO;Controller;Activity ExecRobotTask ended. Return value: Done;
07/01/19;16:02:38.875;INFO;Controller;State = Ready;
07/01/19;16:03:29.574;INFO;Interface;Command: ExecRobotTask (TurnOffAutofill,-1);
07/01/19;16:03:29.575;INFO;Controller;Executing asynchronous activity: ExecRobotTask;
07/01/19;16:03:29.575;INFO;Controller;Status = Executing: TurnOffAutofill;
07/01/19;16:03:29.575;INFO;Controller;State = Running;
07/01/19;16:03:30.436;INFO;Robot Runtime;executing:    TurnOffAutofill;
07/01/19;16:03:30.979;INFO;Controller;Activity ExecRobotTask ended. Return value: Done;
07/01/19;16:03:30.979;INFO;Controller;State = Ready;
07/01/19;16:10:41.547;INFO;Interface;Command: ExecRobotTask (TurnOnAutofill,-1);
07/01/19;16:10:41.548;INFO;Controller;Executing asynchronous activity: ExecRobotTask;
07/01/19;16:10:41.548;INFO;Controller;Status = Executing: TurnOnAutofill;
07/01/19;16:10:41.548;INFO;Controller;State = Running;
07/01/19;16:10:42.457;INFO;Robot Runtime;executing:    TurnOnAutofill;
07/01/19;16:10:43.011;INFO;Controller;Activity ExecRobotTask ended. Return value: Done;
07/01/19;16:10:43.011;INFO;Controller;State = Ready;
07/01/19;16:11:56.418;INFO;Interface;Command: ExecRobotTask (TurnOffAutofill,-1);
07/01/19;16:11:56.419;INFO;Controller;Executing asynchronous activity: ExecRobotTask;
07/01/19;16:11:56.419;INFO;Controller;Status = Executing: TurnOffAutofill;
07/01/19;16:11:56.419;INFO;Controller;State = Running;
07/01/19;16:11:57.327;INFO;Robot Runtime;executing:    TurnOffAutofill;
07/01/19;16:11:58.002;INFO;Controller;Activity ExecRobotTask ended. Return value: Done;
07/01/19;16:11:58.002;INFO;Controller;State = Ready;
07/01/19;16:16:01.310;INFO;Interface;Command: ExecRobotTask (TurnOnAutofill,-1);
07/01/19;16:16:01.311;INFO;Controller;Executing asynchronous activity: ExecRobotTask;
07/01/19;16:16:01.311;INFO;Controller;Status = Executing: TurnOnAutofill;
07/01/19;16:16:01.311;INFO;Controller;State = Running;
07/01/19;16:16:02.172;INFO;Robot Runtime;executing:    TurnOnAutofill;
07/01/19;16:16:02.792;INFO;Controller;Activity ExecRobotTask ended. Return value: Done;
07/01/19;16:16:02.793;INFO;Controller;State = Ready;
07/01/19;16:16:27.028;INFO;Interface;Command: ExecRobotTask (TurnOffAutofill,-1);
07/01/19;16:16:27.028;INFO;Controller;Executing asynchronous activity: ExecRobotTask;
07/01/19;16:16:27.028;INFO;Controller;Status = Executing: TurnOffAutofill;
07/01/19;16:16:27.029;INFO;Controller;State = Running;
07/01/19;16:16:27.887;INFO;Robot Runtime;executing:    TurnOffAutofill;
07/01/19;16:16:28.441;INFO;Controller;Activity ExecRobotTask ended. Return value: Done;
07/01/19;16:16:28.442;INFO;Controller;State = Ready;
07/01/19;16:21:16.367;INFO;Interface;Command: ExecRobotTask (TurnOnAutofill,-1);
07/01/19;16:21:16.368;INFO;Controller;Executing asynchronous activity: ExecRobotTask;
07/01/19;16:21:16.369;INFO;Controller;Status = Executing: TurnOnAutofill;
07/01/19;16:21:16.369;INFO;Controller;State = Running;
07/01/19;16:21:17.227;INFO;Robot Runtime;executing:    TurnOnAutofill;
07/01/19;16:21:17.905;INFO;Controller;Activity ExecRobotTask ended. Return value: Done;
07/01/19;16:21:17.905;INFO;Controller;State = Ready;
07/01/19;16:21:39.359;INFO;Interface;Command: ExecRobotTask (TurnOffAutofill,-1);
07/01/19;16:21:39.360;INFO;Controller;Executing asynchronous activity: ExecRobotTask;
07/01/19;16:21:39.360;INFO;Controller;Status = Executing: TurnOffAutofill;
07/01/19;16:21:39.360;INFO;Controller;State = Running;
07/01/19;16:21:40.217;INFO;Robot Runtime;executing:    TurnOffAutofill;
07/01/19;16:21:40.824;INFO;Controller;Activity ExecRobotTask ended. Return value: Done;
07/01/19;16:21:40.824;INFO;Controller;State = Ready;
07/01/19;16:24:14.266;INFO;Controller;State = Closing;
07/01/19;16:24:15.278;INFO;Epics Server;Exiting running thread;
07/01/19;16:24:15.280;INFO;Controller;Stopping log services - Startup: 07/01/19 15:56:29;
