20/08/19;14:42:23.163;INFO;Server;Command: ExecRobotTask (OpenPortLid,500000);
20/08/19;14:42:23.163;INFO;Controller;Executing asynchronous activity: ExecRobotTask;
20/08/19;14:42:23.163;INFO;Controller;Status = Executing: OpenPortLid;
20/08/19;14:42:23.163;INFO;Controller;State = Running;
20/08/19;14:42:24.107;INFO;Robot Runtime;executing:    OpenPortLid;
20/08/19;14:42:24.842;INFO;Controller;Activity ExecRobotTask ended. Return value: Done;
20/08/19;14:42:24.842;INFO;Controller;State = Ready;
20/08/19;14:42:46.404;INFO;Server;Command: ExecRobotTask (ClosePorts,500000);
20/08/19;14:42:46.404;INFO;Controller;Executing asynchronous activity: ExecRobotTask;
20/08/19;14:42:46.404;INFO;Controller;Status = Executing: ClosePorts;
20/08/19;14:42:46.404;INFO;Controller;State = Running;
20/08/19;14:42:47.278;INFO;Robot Runtime;executing:    ClosePorts;
20/08/19;14:42:47.520;INFO;Controller;Activity ExecRobotTask ended. Return value: Done;
20/08/19;14:42:47.520;INFO;Controller;State = Ready;
20/08/19;14:44:32.544;INFO;Server;Command: ExecRobotTask (Initialize,500000);
20/08/19;14:44:32.544;INFO;Controller;Executing asynchronous activity: ExecRobotTask;
20/08/19;14:44:32.544;INFO;Controller;Status = Executing: Initialize;
20/08/19;14:44:32.544;INFO;Controller;State = Running;
20/08/19;14:44:33.822;INFO;Robot Runtime;executing:    Initialize;
20/08/19;14:44:35.092;INFO;Controller;Activity ExecRobotTask ended. Return value: Done;
20/08/19;14:44:35.092;INFO;Controller;State = Ready;
20/08/19;14:44:35.103;INFO;Server;Command: ExecRobotTask (LatchRobGov,500000);
20/08/19;14:44:35.104;INFO;Controller;Executing asynchronous activity: ExecRobotTask;
20/08/19;14:44:35.104;INFO;Controller;Status = Executing: LatchRobGov;
20/08/19;14:44:35.104;INFO;Controller;State = Running;
20/08/19;14:44:36.104;INFO;Robot Runtime;executing:    LatchRobGov;
20/08/19;14:44:37.053;INFO;Controller;Activity ExecRobotTask ended. Return value: Done;
20/08/19;14:44:37.053;INFO;Controller;State = Ready;
20/08/19;14:44:37.065;INFO;Server;Command: ExecRobotTask (TraceSample,500000);
20/08/19;14:44:37.065;INFO;Controller;Executing asynchronous activity: ExecRobotTask;
20/08/19;14:44:37.065;INFO;Controller;Status = Executing: TraceSample;
20/08/19;14:44:37.065;INFO;Controller;State = Running;
20/08/19;14:44:38.313;INFO;Robot Runtime;executing:    TraceSample;
20/08/19;14:44:38.881;INFO;Controller;Activity ExecRobotTask ended. Return value: Done False/False/False;
20/08/19;14:44:38.881;INFO;Controller;State = Ready;
20/08/19;14:44:38.894;INFO;Server;Command: ExecRobotTask (CoolDown,500000);
20/08/19;14:44:38.895;INFO;Controller;Executing asynchronous activity: ExecRobotTask;
20/08/19;14:44:38.895;INFO;Controller;Status = Executing: CoolDown;
20/08/19;14:44:38.895;INFO;Controller;State = Running;
20/08/19;14:44:39.754;INFO;Robot Runtime;executing:    CoolDown;
20/08/19;14:46:02.038;INFO;Controller;Activity ExecRobotTask ended. Return value: Done;
20/08/19;14:46:02.038;INFO;Controller;State = Ready;
20/08/19;14:46:02.265;INFO;Server;Command: ExecRobotTask (Load,500000);
20/08/19;14:46:02.265;INFO;Controller;Executing asynchronous activity: ExecRobotTask;
20/08/19;14:46:02.265;INFO;Controller;Status = Executing: Load;
20/08/19;14:46:02.266;INFO;Controller;State = Running;
20/08/19;14:46:03.257;INFO;Robot Runtime;executing:    Load;
20/08/19;14:46:11.973;INFO;Controller;Activity ExecRobotTask ended. Return value: Done False/True/False;
20/08/19;14:46:11.973;INFO;Controller;State = Ready;
20/08/19;14:46:11.989;INFO;Server;Command: ExecRobotTask (Mount,500000);
20/08/19;14:46:11.989;INFO;Controller;Executing asynchronous activity: ExecRobotTask;
20/08/19;14:46:11.989;INFO;Controller;Status = Executing: Mount;
20/08/19;14:46:11.989;INFO;Controller;State = Running;
20/08/19;14:46:13.247;INFO;Robot Runtime;executing:    Mount;
20/08/19;14:46:19.873;INFO;Controller;Activity ExecRobotTask ended. Return value: Done True/False/False;
20/08/19;14:46:19.873;INFO;Controller;State = Ready;
20/08/19;14:46:19.884;INFO;Server;Command: ExecRobotTask (Park,500000);
20/08/19;14:46:19.885;INFO;Controller;Executing asynchronous activity: ExecRobotTask;
20/08/19;14:46:19.885;INFO;Controller;Status = Executing: Park;
20/08/19;14:46:19.885;INFO;Controller;State = Running;
20/08/19;14:46:20.722;INFO;Robot Runtime;executing:    Park;
20/08/19;14:46:23.726;INFO;Controller;Activity ExecRobotTask ended. Return value: Done;
20/08/19;14:46:23.726;INFO;Controller;State = Ready;
20/08/19;14:46:23.745;INFO;Server;Command: ExecRobotTask (UnlatchRobGov,500000);
20/08/19;14:46:23.745;INFO;Controller;Executing asynchronous activity: ExecRobotTask;
20/08/19;14:46:23.745;INFO;Controller;Status = Executing: UnlatchRobGov;
20/08/19;14:46:23.745;INFO;Controller;State = Running;
20/08/19;14:46:24.737;INFO;Robot Runtime;executing:    UnlatchRobGov;
20/08/19;14:46:25.101;INFO;Controller;Activity ExecRobotTask ended. Return value: Done;
20/08/19;14:46:25.101;INFO;Controller;State = Ready;
20/08/19;14:46:55.190;INFO;Server;Command: ExecRobotTask (Unmount,500000);
20/08/19;14:46:55.190;INFO;Controller;Executing asynchronous activity: ExecRobotTask;
20/08/19;14:46:55.190;INFO;Controller;Status = Executing: Unmount;
20/08/19;14:46:55.190;INFO;Controller;State = Running;
20/08/19;14:46:56.474;INFO;Robot Runtime;executing:    Unmount;
20/08/19;14:47:06.385;INFO;Controller;Activity ExecRobotTask ended. Return value: Done False/True/False;
20/08/19;14:47:06.385;INFO;Controller;State = Ready;
20/08/19;14:47:06.401;INFO;Server;Command: ExecRobotTask (Unload,500000);
20/08/19;14:47:06.401;INFO;Controller;Executing asynchronous activity: ExecRobotTask;
20/08/19;14:47:06.401;INFO;Controller;Status = Executing: Unload;
20/08/19;14:47:06.401;INFO;Controller;State = Running;
20/08/19;14:47:07.243;INFO;Robot Runtime;executing:    Unload;
20/08/19;14:47:11.724;INFO;Controller;Activity ExecRobotTask ended. Return value: Done False/False/False;
20/08/19;14:47:11.724;INFO;Controller;State = Ready;
20/08/19;14:47:13.417;INFO;Server;Command: ExecRobotTask (Load,500000);
20/08/19;14:47:13.417;INFO;Controller;Executing asynchronous activity: ExecRobotTask;
20/08/19;14:47:13.417;INFO;Controller;Status = Executing: Load;
20/08/19;14:47:13.417;INFO;Controller;State = Running;
20/08/19;14:47:14.424;INFO;Robot Runtime;executing:    Load;
20/08/19;14:47:20.560;INFO;Controller;Activity ExecRobotTask ended. Return value: Done False/True/False;
20/08/19;14:47:20.560;INFO;Controller;State = Ready;
20/08/19;14:47:20.575;INFO;Server;Command: ExecRobotTask (Mount,500000);
20/08/19;14:47:20.575;INFO;Controller;Executing asynchronous activity: ExecRobotTask;
20/08/19;14:47:20.575;INFO;Controller;Status = Executing: Mount;
20/08/19;14:47:20.575;INFO;Controller;State = Running;
20/08/19;14:47:21.801;INFO;Robot Runtime;executing:    Mount;
20/08/19;14:47:28.423;INFO;Controller;Activity ExecRobotTask ended. Return value: Done True/False/False;
20/08/19;14:47:28.423;INFO;Controller;State = Ready;
20/08/19;14:47:28.442;INFO;Server;Command: ExecRobotTask (Park,500000);
20/08/19;14:47:28.443;INFO;Controller;Executing asynchronous activity: ExecRobotTask;
20/08/19;14:47:28.443;INFO;Controller;Status = Executing: Park;
20/08/19;14:47:28.443;INFO;Controller;State = Running;
20/08/19;14:47:29.278;INFO;Robot Runtime;executing:    Park;
20/08/19;14:47:32.438;INFO;Controller;Activity ExecRobotTask ended. Return value: Done;
20/08/19;14:47:32.438;INFO;Controller;State = Ready;
20/08/19;14:47:32.452;INFO;Server;Command: ExecRobotTask (UnlatchRobGov,500000);
20/08/19;14:47:32.452;INFO;Controller;Executing asynchronous activity: ExecRobotTask;
20/08/19;14:47:32.452;INFO;Controller;Status = Executing: UnlatchRobGov;
20/08/19;14:47:32.452;INFO;Controller;State = Running;
20/08/19;14:47:33.476;INFO;Robot Runtime;executing:    UnlatchRobGov;
20/08/19;14:47:33.900;INFO;Controller;Activity ExecRobotTask ended. Return value: Done;
20/08/19;14:47:33.900;INFO;Controller;State = Ready;
20/08/19;14:47:45.913;INFO;Server;Command: ExecRobotTask (Unmount,500000);
20/08/19;14:47:45.913;INFO;Controller;Executing asynchronous activity: ExecRobotTask;
20/08/19;14:47:45.913;INFO;Controller;Status = Executing: Unmount;
20/08/19;14:47:45.913;INFO;Controller;State = Running;
20/08/19;14:47:47.147;INFO;Robot Runtime;executing:    Unmount;
20/08/19;14:47:55.941;INFO;Controller;Activity ExecRobotTask ended. Return value: Done False/True/False;
20/08/19;14:47:55.941;INFO;Controller;State = Ready;
20/08/19;14:47:55.963;INFO;Server;Command: ExecRobotTask (Unload,500000);
20/08/19;14:47:55.963;INFO;Controller;Executing asynchronous activity: ExecRobotTask;
20/08/19;14:47:55.963;INFO;Controller;Status = Executing: Unload;
20/08/19;14:47:55.963;INFO;Controller;State = Running;
20/08/19;14:47:56.804;INFO;Robot Runtime;executing:    Unload;
20/08/19;14:48:01.305;INFO;Controller;Activity ExecRobotTask ended. Return value: Done False/False/False;
20/08/19;14:48:01.305;INFO;Controller;State = Ready;
20/08/19;14:48:02.887;INFO;Server;Command: ExecRobotTask (Load,500000);
20/08/19;14:48:02.887;INFO;Controller;Executing asynchronous activity: ExecRobotTask;
20/08/19;14:48:02.887;INFO;Controller;Status = Executing: Load;
20/08/19;14:48:02.887;INFO;Controller;State = Running;
20/08/19;14:48:03.901;INFO;Robot Runtime;executing:    Load;
20/08/19;14:48:09.906;INFO;Controller;Activity ExecRobotTask ended. Return value: Done False/True/False;
20/08/19;14:48:09.906;INFO;Controller;State = Ready;
20/08/19;14:48:09.918;INFO;Server;Command: ExecRobotTask (Mount,500000);
20/08/19;14:48:09.919;INFO;Controller;Executing asynchronous activity: ExecRobotTask;
20/08/19;14:48:09.919;INFO;Controller;Status = Executing: Mount;
20/08/19;14:48:09.919;INFO;Controller;State = Running;
20/08/19;14:48:11.157;INFO;Robot Runtime;executing:    Mount;
20/08/19;14:48:17.048;INFO;Controller;Activity ExecRobotTask ended. Return value: Done True/False/False;
20/08/19;14:48:17.048;INFO;Controller;State = Ready;
20/08/19;14:48:17.070;INFO;Server;Command: ExecRobotTask (Park,500000);
20/08/19;14:48:17.070;INFO;Controller;Executing asynchronous activity: ExecRobotTask;
20/08/19;14:48:17.071;INFO;Controller;Status = Executing: Park;
20/08/19;14:48:17.071;INFO;Controller;State = Running;
20/08/19;14:48:17.908;INFO;Robot Runtime;executing:    Park;
20/08/19;14:48:20.914;INFO;Controller;Activity ExecRobotTask ended. Return value: Done;
20/08/19;14:48:20.914;INFO;Controller;State = Ready;
20/08/19;14:48:20.933;INFO;Server;Command: ExecRobotTask (UnlatchRobGov,500000);
20/08/19;14:48:20.934;INFO;Controller;Executing asynchronous activity: ExecRobotTask;
20/08/19;14:48:20.934;INFO;Controller;Status = Executing: UnlatchRobGov;
20/08/19;14:48:20.934;INFO;Controller;State = Running;
20/08/19;14:48:21.944;INFO;Robot Runtime;executing:    UnlatchRobGov;
20/08/19;14:48:22.289;INFO;Controller;Activity ExecRobotTask ended. Return value: Done;
20/08/19;14:48:22.289;INFO;Controller;State = Ready;
20/08/19;14:48:49.769;INFO;Server;Command: ExecRobotTask (Unmount,500000);
20/08/19;14:48:49.769;INFO;Controller;Executing asynchronous activity: ExecRobotTask;
20/08/19;14:48:49.769;INFO;Controller;Status = Executing: Unmount;
20/08/19;14:48:49.769;INFO;Controller;State = Running;
20/08/19;14:48:51.000;INFO;Robot Runtime;executing:    Unmount;
20/08/19;14:48:58.727;INFO;Controller;Activity ExecRobotTask ended. Return value: Done False/True/False;
20/08/19;14:48:58.727;INFO;Controller;State = Ready;
20/08/19;14:48:58.742;INFO;Server;Command: ExecRobotTask (Unload,500000);
20/08/19;14:48:58.742;INFO;Controller;Executing asynchronous activity: ExecRobotTask;
20/08/19;14:48:58.742;INFO;Controller;Status = Executing: Unload;
20/08/19;14:48:58.742;INFO;Controller;State = Running;
20/08/19;14:48:59.585;INFO;Robot Runtime;executing:    Unload;
20/08/19;14:49:03.977;INFO;Controller;Activity ExecRobotTask ended. Return value: Done False/False/False;
20/08/19;14:49:03.977;INFO;Controller;State = Ready;
20/08/19;14:49:05.562;INFO;Server;Command: ExecRobotTask (Load,500000);
20/08/19;14:49:05.562;INFO;Controller;Executing asynchronous activity: ExecRobotTask;
20/08/19;14:49:05.562;INFO;Controller;Status = Executing: Load;
20/08/19;14:49:05.562;INFO;Controller;State = Running;
20/08/19;14:49:06.558;INFO;Robot Runtime;executing:    Load;
20/08/19;14:49:12.559;INFO;Controller;Activity ExecRobotTask ended. Return value: Done False/True/False;
20/08/19;14:49:12.559;INFO;Controller;State = Ready;
20/08/19;14:49:12.578;INFO;Server;Command: ExecRobotTask (Mount,500000);
20/08/19;14:49:12.578;INFO;Controller;Executing asynchronous activity: ExecRobotTask;
20/08/19;14:49:12.578;INFO;Controller;Status = Executing: Mount;
20/08/19;14:49:12.579;INFO;Controller;State = Running;
20/08/19;14:49:13.810;INFO;Robot Runtime;executing:    Mount;
20/08/19;14:49:20.186;INFO;Controller;Activity ExecRobotTask ended. Return value: Done True/False/False;
20/08/19;14:49:20.186;INFO;Controller;State = Ready;
20/08/19;14:49:20.205;INFO;Server;Command: ExecRobotTask (Park,500000);
20/08/19;14:49:20.205;INFO;Controller;Executing asynchronous activity: ExecRobotTask;
20/08/19;14:49:20.205;INFO;Controller;Status = Executing: Park;
20/08/19;14:49:20.205;INFO;Controller;State = Running;
20/08/19;14:49:21.039;INFO;Robot Runtime;executing:    Park;
20/08/19;14:49:24.206;INFO;Controller;Activity ExecRobotTask ended. Return value: Done;
20/08/19;14:49:24.206;INFO;Controller;State = Ready;
20/08/19;14:49:24.230;INFO;Server;Command: ExecRobotTask (UnlatchRobGov,500000);
20/08/19;14:49:24.230;INFO;Controller;Executing asynchronous activity: ExecRobotTask;
20/08/19;14:49:24.230;INFO;Controller;Status = Executing: UnlatchRobGov;
20/08/19;14:49:24.230;INFO;Controller;State = Running;
20/08/19;14:49:25.250;INFO;Robot Runtime;executing:    UnlatchRobGov;
20/08/19;14:49:25.664;INFO;Controller;Activity ExecRobotTask ended. Return value: Done;
20/08/19;14:49:25.664;INFO;Controller;State = Ready;
20/08/19;14:49:38.224;INFO;Server;Command: ExecRobotTask (Unmount,500000);
20/08/19;14:49:38.224;INFO;Controller;Executing asynchronous activity: ExecRobotTask;
20/08/19;14:49:38.224;INFO;Controller;Status = Executing: Unmount;
20/08/19;14:49:38.224;INFO;Controller;State = Running;
20/08/19;14:49:39.467;INFO;Robot Runtime;executing:    Unmount;
20/08/19;14:49:48.204;INFO;Controller;Activity ExecRobotTask ended. Return value: Done False/True/False;
20/08/19;14:49:48.204;INFO;Controller;State = Ready;
20/08/19;14:49:48.224;INFO;Server;Command: ExecRobotTask (Unload,500000);
20/08/19;14:49:48.225;INFO;Controller;Executing asynchronous activity: ExecRobotTask;
20/08/19;14:49:48.225;INFO;Controller;Status = Executing: Unload;
20/08/19;14:49:48.225;INFO;Controller;State = Running;
20/08/19;14:49:49.063;INFO;Robot Runtime;executing:    Unload;
20/08/19;14:49:53.543;INFO;Controller;Activity ExecRobotTask ended. Return value: Done False/False/False;
20/08/19;14:49:53.544;INFO;Controller;State = Ready;
20/08/19;14:49:55.146;INFO;Server;Command: ExecRobotTask (Load,500000);
20/08/19;14:49:55.146;INFO;Controller;Executing asynchronous activity: ExecRobotTask;
20/08/19;14:49:55.146;INFO;Controller;Status = Executing: Load;
20/08/19;14:49:55.146;INFO;Controller;State = Running;
20/08/19;14:49:56.146;INFO;Robot Runtime;executing:    Load;
20/08/19;14:50:02.369;INFO;Controller;Activity ExecRobotTask ended. Return value: Done False/False/False;
20/08/19;14:50:02.369;INFO;Controller;State = Ready;
20/08/19;14:50:02.388;INFO;Server;Command: ExecRobotTask (Park,500000);
20/08/19;14:50:02.388;INFO;Controller;Executing asynchronous activity: ExecRobotTask;
20/08/19;14:50:02.388;INFO;Controller;Status = Executing: Park;
20/08/19;14:50:02.389;INFO;Controller;State = Running;
20/08/19;14:50:03.592;INFO;Robot Runtime;executing:    Park;
20/08/19;14:50:06.926;INFO;Controller;Activity ExecRobotTask ended. Return value: Done;
20/08/19;14:50:06.926;INFO;Controller;State = Ready;
20/08/19;14:50:18.763;INFO;Server;Command: ExecRobotTask (Initialize,500000);
20/08/19;14:50:18.763;INFO;Controller;Executing asynchronous activity: ExecRobotTask;
20/08/19;14:50:18.763;INFO;Controller;Status = Executing: Initialize;
20/08/19;14:50:18.763;INFO;Controller;State = Running;
20/08/19;14:50:19.614;INFO;Robot Runtime;executing:    Initialize;
20/08/19;14:50:19.966;INFO;Controller;Activity ExecRobotTask ended. Return value: Done;
20/08/19;14:50:19.966;INFO;Controller;State = Ready;
20/08/19;14:50:20.180;INFO;Server;Command: ExecRobotTask (Load,500000);
20/08/19;14:50:20.180;INFO;Controller;Executing asynchronous activity: ExecRobotTask;
20/08/19;14:50:20.180;INFO;Controller;Status = Executing: Load;
20/08/19;14:50:20.180;INFO;Controller;State = Running;
20/08/19;14:50:21.183;INFO;Robot Runtime;executing:    Load;
20/08/19;14:50:29.888;INFO;Controller;Activity ExecRobotTask ended. Return value: Done False/True/False;
20/08/19;14:50:29.888;INFO;Controller;State = Ready;
20/08/19;14:50:29.914;INFO;Server;Command: ExecRobotTask (Mount,500000);
20/08/19;14:50:29.914;INFO;Controller;Executing asynchronous activity: ExecRobotTask;
20/08/19;14:50:29.914;INFO;Controller;Status = Executing: Mount;
20/08/19;14:50:29.914;INFO;Controller;State = Running;
20/08/19;14:50:31.150;INFO;Robot Runtime;executing:    Mount;
20/08/19;14:50:37.762;INFO;Controller;Activity ExecRobotTask ended. Return value: Done True/False/False;
20/08/19;14:50:37.762;INFO;Controller;State = Ready;
20/08/19;14:50:37.788;INFO;Server;Command: ExecRobotTask (Park,500000);
20/08/19;14:50:37.788;INFO;Controller;Executing asynchronous activity: ExecRobotTask;
20/08/19;14:50:37.788;INFO;Controller;Status = Executing: Park;
20/08/19;14:50:37.788;INFO;Controller;State = Running;
20/08/19;14:50:38.626;INFO;Robot Runtime;executing:    Park;
20/08/19;14:50:42.032;INFO;Controller;Activity ExecRobotTask ended. Return value: Done;
20/08/19;14:50:42.032;INFO;Controller;State = Ready;
20/08/19;14:50:42.053;INFO;Server;Command: ExecRobotTask (UnlatchRobGov,500000);
20/08/19;14:50:42.053;INFO;Controller;Executing asynchronous activity: ExecRobotTask;
20/08/19;14:50:42.053;INFO;Controller;Status = Executing: UnlatchRobGov;
20/08/19;14:50:42.053;INFO;Controller;State = Running;
20/08/19;14:50:43.068;INFO;Robot Runtime;executing:    UnlatchRobGov;
20/08/19;14:50:43.491;INFO;Controller;Activity ExecRobotTask ended. Return value: Done;
20/08/19;14:50:43.491;INFO;Controller;State = Ready;
20/08/19;14:51:38.138;INFO;Server;Command: ExecRobotTask (Unmount,500000);
20/08/19;14:51:38.139;INFO;Controller;Executing asynchronous activity: ExecRobotTask;
20/08/19;14:51:38.139;INFO;Controller;Status = Executing: Unmount;
20/08/19;14:51:38.139;INFO;Controller;State = Running;
20/08/19;14:51:39.371;INFO;Robot Runtime;executing:    Unmount;
20/08/19;14:51:48.047;INFO;Controller;Activity ExecRobotTask ended. Return value: Done False/True/False;
20/08/19;14:51:48.047;INFO;Controller;State = Ready;
20/08/19;14:51:48.075;INFO;Server;Command: ExecRobotTask (Unload,500000);
20/08/19;14:51:48.075;INFO;Controller;Executing asynchronous activity: ExecRobotTask;
20/08/19;14:51:48.075;INFO;Controller;Status = Executing: Unload;
20/08/19;14:51:48.076;INFO;Controller;State = Running;
20/08/19;14:51:48.922;INFO;Robot Runtime;executing:    Unload;
20/08/19;14:51:53.304;INFO;Controller;Activity ExecRobotTask ended. Return value: Done False/False/False;
20/08/19;14:51:53.304;INFO;Controller;State = Ready;
20/08/19;14:51:54.871;INFO;Server;Command: ExecRobotTask (Load,500000);
20/08/19;14:51:54.871;INFO;Controller;Executing asynchronous activity: ExecRobotTask;
20/08/19;14:51:54.871;INFO;Controller;Status = Executing: Load;
20/08/19;14:51:54.871;INFO;Controller;State = Running;
20/08/19;14:51:55.895;INFO;Robot Runtime;executing:    Load;
20/08/19;14:52:01.713;INFO;Controller;Activity ExecRobotTask ended. Return value: Done False/True/False;
20/08/19;14:52:01.713;INFO;Controller;State = Ready;
20/08/19;14:52:01.734;INFO;Server;Command: ExecRobotTask (Mount,500000);
20/08/19;14:52:01.735;INFO;Controller;Executing asynchronous activity: ExecRobotTask;
20/08/19;14:52:01.735;INFO;Controller;Status = Executing: Mount;
20/08/19;14:52:01.735;INFO;Controller;State = Running;
20/08/19;14:52:02.960;INFO;Robot Runtime;executing:    Mount;
20/08/19;14:52:09.525;INFO;Controller;Activity ExecRobotTask ended. Return value: Done True/False/False;
20/08/19;14:52:09.525;INFO;Controller;State = Ready;
20/08/19;14:52:09.548;INFO;Server;Command: ExecRobotTask (Park,500000);
20/08/19;14:52:09.548;INFO;Controller;Executing asynchronous activity: ExecRobotTask;
20/08/19;14:52:09.549;INFO;Controller;Status = Executing: Park;
20/08/19;14:52:09.549;INFO;Controller;State = Running;
20/08/19;14:52:10.382;INFO;Robot Runtime;executing:    Park;
20/08/19;14:52:13.789;INFO;Controller;Activity ExecRobotTask ended. Return value: Done;
20/08/19;14:52:13.789;INFO;Controller;State = Ready;
20/08/19;14:52:13.818;INFO;Server;Command: ExecRobotTask (UnlatchRobGov,500000);
20/08/19;14:52:13.818;INFO;Controller;Executing asynchronous activity: ExecRobotTask;
20/08/19;14:52:13.818;INFO;Controller;Status = Executing: UnlatchRobGov;
20/08/19;14:52:13.818;INFO;Controller;State = Running;
20/08/19;14:52:14.836;INFO;Robot Runtime;executing:    UnlatchRobGov;
20/08/19;14:52:15.251;INFO;Controller;Activity ExecRobotTask ended. Return value: Done;
20/08/19;14:52:15.251;INFO;Controller;State = Ready;
20/08/19;14:52:23.625;INFO;Server;Command: ExecRobotTask (Unmount,500000);
20/08/19;14:52:23.625;INFO;Controller;Executing asynchronous activity: ExecRobotTask;
20/08/19;14:52:23.625;INFO;Controller;Status = Executing: Unmount;
20/08/19;14:52:23.625;INFO;Controller;State = Running;
20/08/19;14:52:24.863;INFO;Robot Runtime;executing:    Unmount;
20/08/19;14:52:32.871;INFO;Controller;Activity ExecRobotTask ended. Return value: Done False/True/False;
20/08/19;14:52:32.871;INFO;Controller;State = Ready;
20/08/19;14:52:32.894;INFO;Server;Command: ExecRobotTask (Unload,500000);
20/08/19;14:52:32.894;INFO;Controller;Executing asynchronous activity: ExecRobotTask;
20/08/19;14:52:32.894;INFO;Controller;Status = Executing: Unload;
20/08/19;14:52:32.895;INFO;Controller;State = Running;
20/08/19;14:52:33.740;INFO;Robot Runtime;executing:    Unload;
20/08/19;14:52:37.811;INFO;Controller;Activity ExecRobotTask ended. Return value: Done False/False/False;
20/08/19;14:52:37.811;INFO;Controller;State = Ready;
20/08/19;14:52:38.097;INFO;Server;Command: ExecRobotTask (UnlatchRobGov,500000);
20/08/19;14:52:38.098;INFO;Controller;Executing asynchronous activity: ExecRobotTask;
20/08/19;14:52:38.098;INFO;Controller;Status = Executing: UnlatchRobGov;
20/08/19;14:52:38.098;INFO;Controller;State = Running;
20/08/19;14:52:39.114;INFO;Robot Runtime;executing:    UnlatchRobGov;
20/08/19;14:52:39.935;INFO;Controller;Activity ExecRobotTask ended. Return value: Done;
20/08/19;14:52:39.935;INFO;Controller;State = Ready;
20/08/19;14:52:39.962;INFO;Server;Command: ExecRobotTask (Finish,500000);
20/08/19;14:52:39.962;INFO;Controller;Executing asynchronous activity: ExecRobotTask;
20/08/19;14:52:39.962;INFO;Controller;Status = Executing: Finish;
20/08/19;14:52:39.962;INFO;Controller;State = Running;
20/08/19;14:52:41.193;INFO;Robot Runtime;executing:    Finish;
20/08/19;14:54:55.216;INFO;Controller;Activity ExecRobotTask ended. Return value: Done;
20/08/19;14:54:55.216;INFO;Controller;State = Ready;
20/08/19;15:16:27.963;INFO;Server;Command: ExecRobotTask (TurnOffAutoFill,500000);
20/08/19;15:16:27.963;INFO;Controller;Executing asynchronous activity: ExecRobotTask;
20/08/19;15:16:27.964;INFO;Controller;Status = Executing: TurnOffAutoFill;
20/08/19;15:16:27.964;INFO;Controller;State = Running;
20/08/19;15:16:28.973;INFO;Robot Runtime;executing:    TurnOffAutoFill;
20/08/19;15:16:29.473;INFO;Controller;Activity ExecRobotTask ended. Return value: Done;
20/08/19;15:16:29.473;INFO;Controller;State = Ready;
20/08/19;16:04:06.698;WARNING;Robot;Alarm active: Device is offline;
20/08/19;16:04:06.698;INFO;Controller;State = Communication Error;
20/08/19;16:04:09.803;INFO;Robot;Alarm inactive: Device is offline;
20/08/19;16:04:09.803;WARNING;Controller;Communication resumed, trying updating devices;
20/08/19;16:04:09.803;INFO;Controller;Finished device updating;
20/08/19;16:04:09.803;INFO;Controller;State = Ready;
20/08/19;16:29:32.446;INFO;Server;Command: ExecRobotTask (EnableTScreen,500000);
20/08/19;16:29:32.446;INFO;Controller;Executing asynchronous activity: ExecRobotTask;
20/08/19;16:29:32.446;INFO;Controller;Status = Executing: EnableTScreen;
20/08/19;16:29:32.446;INFO;Controller;State = Running;
20/08/19;16:29:33.685;INFO;Robot Runtime;executing:    EnableTScreen;
20/08/19;16:29:33.899;INFO;Controller;Activity ExecRobotTask ended. Return value: Done;
20/08/19;16:29:33.899;INFO;Controller;State = Ready;
