23/12/19;11:33:42.987;WARNING;Robot;Alarm active: Device is offline;
23/12/19;11:33:42.987;INFO;Controller;State = Communication Error;
23/12/19;11:41:50.092;INFO;Robot;Alarm inactive: Device is offline;
23/12/19;11:41:50.092;WARNING;Controller;Communication resumed, trying updating devices;
23/12/19;11:41:50.093;INFO;Controller;Finished device updating;
23/12/19;11:41:50.093;INFO;Controller;State = Ready;
23/12/19;14:48:19.443;WARNING;Robot;Alarm active: Device is offline;
23/12/19;14:48:19.444;INFO;Controller;State = Communication Error;
23/12/19;15:00:04.092;INFO;Robot;Alarm inactive: Device is offline;
23/12/19;15:00:04.092;WARNING;Controller;Communication resumed, trying updating devices;
23/12/19;15:00:04.093;INFO;Controller;Finished device updating;
23/12/19;15:00:04.093;INFO;Controller;State = Ready;
23/12/19;15:08:00.877;INFO;Interface;Command: ExecRobotTask (initialize,-1);
23/12/19;15:08:00.877;INFO;Controller;Executing asynchronous activity: ExecRobotTask;
23/12/19;15:08:00.877;INFO;Controller;Status = Executing: initialize;
23/12/19;15:08:00.877;INFO;Controller;State = Running;
23/12/19;15:08:02.035;INFO;Robot Runtime;executing:    initialize;
23/12/19;15:08:03.210;INFO;Controller;Activity ExecRobotTask ended. Return value: Done;
23/12/19;15:08:03.210;INFO;Controller;State = Ready;
23/12/19;15:08:11.914;INFO;Interface;Command: ExecRobotTask (finish,-1);
23/12/19;15:08:11.914;INFO;Controller;Executing asynchronous activity: ExecRobotTask;
23/12/19;15:08:11.914;INFO;Controller;Status = Executing: finish;
23/12/19;15:08:11.914;INFO;Controller;State = Running;
23/12/19;15:08:12.821;INFO;Robot Runtime;executing:    finish;
23/12/19;15:08:14.828;INFO;Controller;Activity ExecRobotTask ended. Return value: Done;
23/12/19;15:08:14.828;INFO;Controller;State = Ready;
23/12/19;15:08:55.726;INFO;Interface;Command: ExecRobotTask (openGripper,-1);
23/12/19;15:08:55.726;INFO;Controller;Executing asynchronous activity: ExecRobotTask;
23/12/19;15:08:55.726;INFO;Controller;Status = Executing: openGripper;
23/12/19;15:08:55.726;INFO;Controller;State = Running;
23/12/19;15:08:56.611;INFO;Robot Runtime;executing:    openGripper;
23/12/19;15:08:56.850;INFO;Controller;Activity ExecRobotTask ended. Return value: Done;
23/12/19;15:08:56.851;INFO;Controller;State = Ready;
23/12/19;15:09:03.467;INFO;Interface;Command: ExecRobotTask (closeGripper,-1);
23/12/19;15:09:03.468;INFO;Controller;Executing asynchronous activity: ExecRobotTask;
23/12/19;15:09:03.468;INFO;Controller;Status = Executing: closeGripper;
23/12/19;15:09:03.468;INFO;Controller;State = Running;
23/12/19;15:09:04.303;INFO;Robot Runtime;executing:    closeGripper;
23/12/19;15:09:04.454;INFO;Controller;Activity ExecRobotTask ended. Return value: Done;
23/12/19;15:09:04.455;INFO;Controller;State = Ready;
23/12/19;15:09:25.062;INFO;Interface;Command: ExecRobotTask (opengripper,-1);
23/12/19;15:09:25.062;INFO;Controller;Executing asynchronous activity: ExecRobotTask;
23/12/19;15:09:25.062;INFO;Controller;Status = Executing: opengripper;
23/12/19;15:09:25.062;INFO;Controller;State = Running;
23/12/19;15:09:25.909;INFO;Robot Runtime;executing:    opengripper;
23/12/19;15:09:26.100;INFO;Controller;Activity ExecRobotTask ended. Return value: Done;
23/12/19;15:09:26.100;INFO;Controller;State = Ready;
23/12/19;15:09:32.718;INFO;Interface;Command: ExecRobotTask (closegripper,-1);
23/12/19;15:09:32.718;INFO;Controller;Executing asynchronous activity: ExecRobotTask;
23/12/19;15:09:32.718;INFO;Controller;Status = Executing: closegripper;
23/12/19;15:09:32.718;INFO;Controller;State = Running;
23/12/19;15:09:33.554;INFO;Robot Runtime;executing:    closegripper;
23/12/19;15:09:33.925;INFO;Controller;Activity ExecRobotTask ended. Return value: Done;
23/12/19;15:09:33.925;INFO;Controller;State = Ready;
23/12/19;15:09:41.630;INFO;Interface;Command: ExecRobotTask (opengripper,-1);
23/12/19;15:09:41.630;INFO;Controller;Executing asynchronous activity: ExecRobotTask;
23/12/19;15:09:41.630;INFO;Controller;Status = Executing: opengripper;
23/12/19;15:09:41.630;INFO;Controller;State = Running;
23/12/19;15:09:42.436;INFO;Robot Runtime;executing:    opengripper;
23/12/19;15:09:42.719;INFO;Controller;Activity ExecRobotTask ended. Return value: Done;
23/12/19;15:09:42.719;INFO;Controller;State = Ready;
23/12/19;15:10:26.690;INFO;Interface;Command: ExecRobotTask (latchRobGov2,-1);
23/12/19;15:10:26.691;INFO;Controller;Executing asynchronous activity: ExecRobotTask;
23/12/19;15:10:26.691;INFO;Controller;Status = Executing: latchRobGov2;
23/12/19;15:10:26.691;INFO;Controller;State = Running;
23/12/19;15:10:27.528;INFO;Robot Runtime;executing:    latchRobGov2;
23/12/19;15:10:27.764;INFO;Controller;Activity ExecRobotTask ended. Return value: Done;
23/12/19;15:10:27.764;INFO;Controller;State = Ready;
23/12/19;15:10:35.734;INFO;Interface;Command: ExecRobotTask (latchRobGovun,-1);
23/12/19;15:10:35.735;INFO;Controller;Executing asynchronous activity: ExecRobotTask;
23/12/19;15:10:35.735;INFO;Controller;Status = Executing: latchRobGovun;
23/12/19;15:10:35.735;INFO;Controller;State = Running;
23/12/19;15:10:35.816;INFO;Robot Runtime;executing:    latchRobGovun;
23/12/19;15:10:35.968;INFO;Controller;Activity ExecRobotTask ended. Return value: ;
23/12/19;15:10:35.969;INFO;Controller;State = Ready;
23/12/19;15:10:46.769;INFO;Interface;Command: ExecRobotTask (unlatchRobGov,-1);
23/12/19;15:10:46.769;INFO;Controller;Executing asynchronous activity: ExecRobotTask;
23/12/19;15:10:46.769;INFO;Controller;Status = Executing: unlatchRobGov;
23/12/19;15:10:46.769;INFO;Controller;State = Running;
23/12/19;15:10:47.800;INFO;Robot Runtime;executing:    unlatchRobGov;
23/12/19;15:10:48.006;INFO;Controller;Activity ExecRobotTask ended. Return value: Done;
23/12/19;15:10:48.006;INFO;Controller;State = Ready;
23/12/19;15:10:55.908;INFO;Interface;Command: ExecRobotTask (latchRobGov,-1);
23/12/19;15:10:55.909;INFO;Controller;Executing asynchronous activity: ExecRobotTask;
23/12/19;15:10:55.909;INFO;Controller;Status = Executing: latchRobGov;
23/12/19;15:10:55.909;INFO;Controller;State = Running;
23/12/19;15:10:56.868;INFO;Robot Runtime;executing:    latchRobGov;
23/12/19;15:14:19.522;INFO;Controller;Activity ExecRobotTask ended. Return value: ;
23/12/19;15:14:19.523;INFO;Controller;State = Ready;
23/12/19;15:14:46.857;INFO;Interface;Command: ExecRobotTask (unlatchRobGov,-1);
23/12/19;15:14:46.858;INFO;Controller;Executing asynchronous activity: ExecRobotTask;
23/12/19;15:14:46.858;INFO;Controller;Status = Executing: unlatchRobGov;
23/12/19;15:14:46.858;INFO;Controller;State = Running;
23/12/19;15:14:46.932;INFO;Robot Runtime;executing:    unlatchRobGov;
23/12/19;15:14:47.240;INFO;Controller;Activity ExecRobotTask ended. Return value: Done;
23/12/19;15:14:47.240;INFO;Controller;State = Ready;
23/12/19;15:15:03.785;INFO;Interface;Command: ExecRobotTask (latchRobGov,-1);
23/12/19;15:15:03.785;INFO;Controller;Executing asynchronous activity: ExecRobotTask;
23/12/19;15:15:03.785;INFO;Controller;Status = Executing: latchRobGov;
23/12/19;15:15:03.785;INFO;Controller;State = Running;
23/12/19;15:15:03.855;INFO;Robot Runtime;executing:    latchRobGov;
23/12/19;15:15:04.030;INFO;Controller;Activity ExecRobotTask ended. Return value: Done;
23/12/19;15:15:04.030;INFO;Controller;State = Ready;
23/12/19;15:15:09.125;INFO;Interface;Command: ExecRobotTask (unlatchRobGov,-1);
23/12/19;15:15:09.125;INFO;Controller;Executing asynchronous activity: ExecRobotTask;
23/12/19;15:15:09.125;INFO;Controller;Status = Executing: unlatchRobGov;
23/12/19;15:15:09.125;INFO;Controller;State = Running;
23/12/19;15:15:09.197;INFO;Robot Runtime;executing:    unlatchRobGov;
23/12/19;15:15:09.574;INFO;Controller;Activity ExecRobotTask ended. Return value: Done;
23/12/19;15:15:09.574;INFO;Controller;State = Ready;
23/12/19;15:15:40.912;INFO;Interface;Command: ExecRobotTask (checktoolconfig,-1);
23/12/19;15:15:40.913;INFO;Controller;Executing asynchronous activity: ExecRobotTask;
23/12/19;15:15:40.913;INFO;Controller;Status = Executing: checktoolconfig;
23/12/19;15:15:40.913;INFO;Controller;State = Running;
23/12/19;15:15:41.238;INFO;Robot Runtime;executing:    checktoolconfig;
23/12/19;15:15:41.279;INFO;Robot Runtime;Invalid Gripper: C014;
23/12/19;15:15:41.300;INFO;Robot Runtime;Invalid Gripper: C017;
23/12/19;15:15:41.321;INFO;Robot Runtime;Valid Gripper: C015;
23/12/19;15:15:41.344;INFO;Robot Runtime;Valid Gripper: C019;
23/12/19;15:15:41.366;INFO;Robot Runtime;Current Tool: C019 (Valid);
23/12/19;15:15:41.510;INFO;Controller;Activity ExecRobotTask ended. Return value: Done;
23/12/19;15:15:41.510;INFO;Controller;State = Ready;
23/12/19;15:16:04.106;INFO;Interface;Command: ExecRobotTask (openPortLid,-1);
23/12/19;15:16:04.107;INFO;Controller;Executing asynchronous activity: ExecRobotTask;
23/12/19;15:16:04.107;INFO;Controller;Status = Executing: openPortLid;
23/12/19;15:16:04.107;INFO;Controller;State = Running;
23/12/19;15:16:04.221;INFO;Robot Runtime;executing:    openPortLid;
23/12/19;15:16:04.458;INFO;Controller;Activity ExecRobotTask ended. Return value: Done;
23/12/19;15:16:04.459;INFO;Controller;State = Ready;
23/12/19;15:16:19.314;INFO;Interface;Command: ExecRobotTask (closePorts,-1);
23/12/19;15:16:19.315;INFO;Controller;Executing asynchronous activity: ExecRobotTask;
23/12/19;15:16:19.315;INFO;Controller;Status = Executing: closePorts;
23/12/19;15:16:19.315;INFO;Controller;State = Running;
23/12/19;15:16:19.414;INFO;Robot Runtime;executing:    closePorts;
23/12/19;15:16:19.733;INFO;Controller;Activity ExecRobotTask ended. Return value: Done;
23/12/19;15:16:19.733;INFO;Controller;State = Ready;
23/12/19;15:16:28.155;INFO;Interface;Command: ExecRobotTask (openloadlid,-1);
23/12/19;15:16:28.155;INFO;Controller;Executing asynchronous activity: ExecRobotTask;
23/12/19;15:16:28.155;INFO;Controller;Status = Executing: openloadlid;
23/12/19;15:16:28.155;INFO;Controller;State = Running;
23/12/19;15:16:28.252;INFO;Robot Runtime;executing:    openloadlid;
23/12/19;15:16:28.512;INFO;Controller;Activity ExecRobotTask ended. Return value: Done;
23/12/19;15:16:28.512;INFO;Controller;State = Ready;
23/12/19;15:16:39.707;INFO;Interface;Command: ExecRobotTask (shutDewarLids,-1);
23/12/19;15:16:39.707;INFO;Controller;Executing asynchronous activity: ExecRobotTask;
23/12/19;15:16:39.707;INFO;Controller;Status = Executing: shutDewarLids;
23/12/19;15:16:39.707;INFO;Controller;State = Running;
23/12/19;15:16:39.759;INFO;Robot Runtime;executing:    shutDewarLids;
23/12/19;15:16:40.007;INFO;Controller;Activity ExecRobotTask ended. Return value: ;
23/12/19;15:16:40.007;INFO;Controller;State = Ready;
23/12/19;15:17:23.859;INFO;Interface;Command: ExecRobotTask (openparklid,-1);
23/12/19;15:17:23.859;INFO;Controller;Executing asynchronous activity: ExecRobotTask;
23/12/19;15:17:23.860;INFO;Controller;Status = Executing: openparklid;
23/12/19;15:17:23.860;INFO;Controller;State = Running;
23/12/19;15:17:23.954;INFO;Robot Runtime;executing:    openparklid;
23/12/19;15:17:24.309;INFO;Controller;Activity ExecRobotTask ended. Return value: Done;
23/12/19;15:17:24.309;INFO;Controller;State = Ready;
23/12/19;15:17:33.035;INFO;Interface;Command: ExecRobotTask (closeports,-1);
23/12/19;15:17:33.035;INFO;Controller;Executing asynchronous activity: ExecRobotTask;
23/12/19;15:17:33.035;INFO;Controller;Status = Executing: closeports;
23/12/19;15:17:33.036;INFO;Controller;State = Running;
23/12/19;15:17:33.108;INFO;Robot Runtime;executing:    closeports;
23/12/19;15:17:33.361;INFO;Controller;Activity ExecRobotTask ended. Return value: Done;
23/12/19;15:17:33.361;INFO;Controller;State = Ready;
23/12/19;15:18:33.412;INFO;Interface;Command: ExecRobotTask (dewarHeaterOff,-1);
23/12/19;15:18:33.412;INFO;Controller;Executing asynchronous activity: ExecRobotTask;
23/12/19;15:18:33.412;INFO;Controller;Status = Executing: dewarHeaterOff;
23/12/19;15:18:33.412;INFO;Controller;State = Running;
23/12/19;15:18:33.507;INFO;Robot Runtime;executing:    dewarHeaterOff;
23/12/19;15:18:34.158;INFO;Controller;Activity ExecRobotTask ended. Return value: Done;
23/12/19;15:18:34.158;INFO;Controller;State = Ready;
23/12/19;15:18:55.796;INFO;Interface;Command: ExecRobotTask (dewarHeaterOn,-1);
23/12/19;15:18:55.796;INFO;Controller;Executing asynchronous activity: ExecRobotTask;
23/12/19;15:18:55.797;INFO;Controller;Status = Executing: dewarHeaterOn;
23/12/19;15:18:55.797;INFO;Controller;State = Running;
23/12/19;15:18:55.888;INFO;Robot Runtime;executing:    dewarHeaterOn;
23/12/19;15:18:56.634;INFO;Controller;Activity ExecRobotTask ended. Return value: Done;
23/12/19;15:18:56.634;INFO;Controller;State = Ready;
23/12/19;15:19:08.356;INFO;Interface;Command: ExecRobotTask (dewarHeaterOff,-1);
23/12/19;15:19:08.357;INFO;Controller;Executing asynchronous activity: ExecRobotTask;
23/12/19;15:19:08.357;INFO;Controller;Status = Executing: dewarHeaterOff;
23/12/19;15:19:08.357;INFO;Controller;State = Running;
23/12/19;15:19:08.430;INFO;Robot Runtime;executing:    dewarHeaterOff;
23/12/19;15:19:09.174;INFO;Controller;Activity ExecRobotTask ended. Return value: Done;
23/12/19;15:19:09.174;INFO;Controller;State = Ready;
23/12/19;15:19:18.708;INFO;Interface;Command: ExecRobotTask (dewarHeaterOn,-1);
23/12/19;15:19:18.709;INFO;Controller;Executing asynchronous activity: ExecRobotTask;
23/12/19;15:19:18.709;INFO;Controller;Status = Executing: dewarHeaterOn;
23/12/19;15:19:18.709;INFO;Controller;State = Running;
23/12/19;15:19:18.785;INFO;Robot Runtime;executing:    dewarHeaterOn;
23/12/19;15:19:19.450;INFO;Controller;Activity ExecRobotTask ended. Return value: Done;
23/12/19;15:19:19.450;INFO;Controller;State = Ready;
23/12/19;15:19:45.227;INFO;Interface;Command: ExecRobotTask (traceSample,-1);
23/12/19;15:19:45.227;INFO;Controller;Executing asynchronous activity: ExecRobotTask;
23/12/19;15:19:45.228;INFO;Controller;Status = Executing: traceSample;
23/12/19;15:19:45.228;INFO;Controller;State = Running;
23/12/19;15:19:45.320;INFO;Robot Runtime;executing:    traceSample;
23/12/19;15:20:03.253;INFO;Interface;Command: Abort;
23/12/19;15:20:03.253;INFO;Robot;Abort;
23/12/19;15:20:03.253;INFO;Controller;Activity ExecRobotTask was stopped;
23/12/19;15:20:03.253;INFO;Controller;State = Ready;
23/12/19;15:20:09.357;INFO;Interface;Command: ExecRobotTask (initialize,-1);
23/12/19;15:20:09.357;INFO;Controller;Executing asynchronous activity: ExecRobotTask;
23/12/19;15:20:09.357;INFO;Controller;Status = Executing: initialize;
23/12/19;15:20:09.357;INFO;Controller;State = Running;
23/12/19;15:20:09.454;INFO;Robot Runtime;executing:    initialize;
23/12/19;15:20:10.599;INFO;Controller;Activity ExecRobotTask ended. Return value: Done;
23/12/19;15:20:10.599;INFO;Controller;State = Ready;
23/12/19;15:20:18.804;INFO;Interface;Command: ExecRobotTask (traceSample,-1);
23/12/19;15:20:18.804;INFO;Controller;Executing asynchronous activity: ExecRobotTask;
23/12/19;15:20:18.804;INFO;Controller;Status = Executing: traceSample;
23/12/19;15:20:18.804;INFO;Controller;State = Running;
23/12/19;15:20:18.872;INFO;Robot Runtime;executing:    traceSample;
23/12/19;15:20:19.917;INFO;Controller;Activity ExecRobotTask ended. Return value: Done True/False/False;
23/12/19;15:20:19.918;INFO;Controller;State = Ready;
23/12/19;15:20:38.639;INFO;Interface;Command: ExecRobotTask (Home,-1);
23/12/19;15:20:38.640;INFO;Controller;Executing asynchronous activity: ExecRobotTask;
23/12/19;15:20:38.640;INFO;Controller;Status = Executing: Home;
23/12/19;15:20:38.640;INFO;Controller;State = Running;
23/12/19;15:20:38.728;INFO;Robot Runtime;executing:    Home;
23/12/19;15:20:39.734;INFO;Controller;Activity ExecRobotTask ended. Return value: Done;
23/12/19;15:20:39.734;INFO;Controller;State = Ready;
23/12/19;15:21:43.587;INFO;Interface;Command: ExecRobotTask (turnOffAutoFill,-1);
23/12/19;15:21:43.587;INFO;Controller;Executing asynchronous activity: ExecRobotTask;
23/12/19;15:21:43.587;INFO;Controller;Status = Executing: turnOffAutoFill;
23/12/19;15:21:43.587;INFO;Controller;State = Running;
23/12/19;15:21:43.689;INFO;Robot Runtime;executing:    turnOffAutoFill;
23/12/19;15:21:44.482;INFO;Controller;Activity ExecRobotTask ended. Return value: Done;
23/12/19;15:21:44.482;INFO;Controller;State = Ready;
23/12/19;15:21:55.694;INFO;Interface;Command: ExecRobotTask (turnOnAutoFill,-1);
23/12/19;15:21:55.694;INFO;Controller;Executing asynchronous activity: ExecRobotTask;
23/12/19;15:21:55.695;INFO;Controller;Status = Executing: turnOnAutoFill;
23/12/19;15:21:55.695;INFO;Controller;State = Running;
23/12/19;15:21:55.779;INFO;Robot Runtime;executing:    turnOnAutoFill;
23/12/19;15:21:56.466;INFO;Controller;Activity ExecRobotTask ended. Return value: Done;
23/12/19;15:21:56.466;INFO;Controller;State = Ready;
23/12/19;15:22:11.957;INFO;Interface;Command: ExecRobotTask (testRobot,-1);
23/12/19;15:22:11.957;INFO;Controller;Executing asynchronous activity: ExecRobotTask;
23/12/19;15:22:11.957;INFO;Controller;Status = Executing: testRobot;
23/12/19;15:22:11.957;INFO;Controller;State = Running;
23/12/19;15:22:12.085;INFO;Robot Runtime;executing:    testRobot;
23/12/19;15:22:13.711;INFO;Controller;Activity ExecRobotTask ended. Return value: Done;
23/12/19;15:22:13.711;INFO;Controller;State = Ready;
23/12/19;15:22:40.258;INFO;Interface;Command: ExecRobotTask (park,-1);
23/12/19;15:22:40.258;INFO;Controller;Executing asynchronous activity: ExecRobotTask;
23/12/19;15:22:40.258;INFO;Controller;Status = Executing: park;
23/12/19;15:22:40.258;INFO;Controller;State = Running;
23/12/19;15:22:40.356;INFO;Robot Runtime;executing:    park;
23/12/19;15:22:45.310;INFO;Controller;Activity ExecRobotTask ended. Return value: Done;
23/12/19;15:22:45.310;INFO;Controller;State = Ready;
23/12/19;15:23:02.075;INFO;Interface;Command: ExecRobotTask (warmup,-1);
23/12/19;15:23:02.075;INFO;Controller;Executing asynchronous activity: ExecRobotTask;
23/12/19;15:23:02.075;INFO;Controller;Status = Executing: warmup;
23/12/19;15:23:02.075;INFO;Controller;State = Running;
23/12/19;15:23:02.177;INFO;Robot Runtime;executing:    warmup;
23/12/19;15:24:40.811;INFO;Controller;Activity ExecRobotTask ended. Return value: Done;
23/12/19;15:24:40.811;INFO;Controller;State = Ready;
23/12/19;15:24:47.324;INFO;Server;Command: ExecRobotTask (TurnOffAutoFill,500000);
23/12/19;15:24:47.325;INFO;Controller;Executing asynchronous activity: ExecRobotTask;
23/12/19;15:24:47.325;INFO;Controller;Status = Executing: TurnOffAutoFill;
23/12/19;15:24:47.325;INFO;Controller;State = Running;
23/12/19;15:24:47.399;INFO;Robot Runtime;executing:    TurnOffAutoFill;
23/12/19;15:24:48.252;INFO;Controller;Activity ExecRobotTask ended. Return value: Done;
23/12/19;15:24:48.252;INFO;Controller;State = Ready;
23/12/19;15:24:48.268;INFO;Server;Command: ExecRobotTask (EnableTScreen,500000);
23/12/19;15:24:48.269;INFO;Controller;Executing asynchronous activity: ExecRobotTask;
23/12/19;15:24:48.269;INFO;Controller;Status = Executing: EnableTScreen;
23/12/19;15:24:48.269;INFO;Controller;State = Running;
23/12/19;15:24:48.350;INFO;Robot Runtime;executing:    EnableTScreen;
23/12/19;15:24:48.817;INFO;Controller;Activity ExecRobotTask ended. Return value: Done;
23/12/19;15:24:48.817;INFO;Controller;State = Ready;
23/12/19;15:24:56.348;INFO;Server;Command: ExecRobotTask (TurnOnAutoFill,500000);
23/12/19;15:24:56.349;INFO;Controller;Executing asynchronous activity: ExecRobotTask;
23/12/19;15:24:56.349;INFO;Controller;Status = Executing: TurnOnAutoFill;
23/12/19;15:24:56.349;INFO;Controller;State = Running;
23/12/19;15:24:56.422;INFO;Robot Runtime;executing:    TurnOnAutoFill;
23/12/19;15:24:57.358;INFO;Controller;Activity ExecRobotTask ended. Return value: Done;
23/12/19;15:24:57.358;INFO;Controller;State = Ready;
23/12/19;15:24:57.366;INFO;Server;Command: ExecRobotTask (EnableTScreen,500000);
23/12/19;15:24:57.366;INFO;Controller;Executing asynchronous activity: ExecRobotTask;
23/12/19;15:24:57.366;INFO;Controller;Status = Executing: EnableTScreen;
23/12/19;15:24:57.366;INFO;Controller;State = Running;
23/12/19;15:24:57.433;INFO;Robot Runtime;executing:    EnableTScreen;
23/12/19;15:24:57.914;INFO;Controller;Activity ExecRobotTask ended. Return value: Done;
23/12/19;15:24:57.914;INFO;Controller;State = Ready;
23/12/19;15:27:53.620;INFO;Interface;Command: ExecRobotTask (traceSample,-1);
23/12/19;15:27:53.620;INFO;Controller;Executing asynchronous activity: ExecRobotTask;
23/12/19;15:27:53.620;INFO;Controller;Status = Executing: traceSample;
23/12/19;15:27:53.620;INFO;Controller;State = Running;
23/12/19;15:27:53.689;INFO;Robot Runtime;executing:    traceSample;
23/12/19;15:27:54.688;INFO;Controller;Activity ExecRobotTask ended. Return value: Done True/False/False;
23/12/19;15:27:54.689;INFO;Controller;State = Ready;
23/12/19;15:28:34.931;INFO;Interface;Command: ExecRobotTask (openportlid,-1);
23/12/19;15:28:34.931;INFO;Controller;Executing asynchronous activity: ExecRobotTask;
23/12/19;15:28:34.931;INFO;Controller;Status = Executing: openportlid;
23/12/19;15:28:34.931;INFO;Controller;State = Running;
23/12/19;15:28:35.021;INFO;Robot Runtime;executing:    openportlid;
23/12/19;15:28:35.523;INFO;Controller;Activity ExecRobotTask ended. Return value: Done;
23/12/19;15:28:35.524;INFO;Controller;State = Ready;
23/12/19;15:29:25.868;INFO;Interface;Command: ExecRobotTask (closeports,-1);
23/12/19;15:29:25.868;INFO;Controller;Executing asynchronous activity: ExecRobotTask;
23/12/19;15:29:25.868;INFO;Controller;Status = Executing: closeports;
23/12/19;15:29:25.868;INFO;Controller;State = Running;
23/12/19;15:29:25.938;INFO;Robot Runtime;executing:    closeports;
23/12/19;15:29:26.169;INFO;Controller;Activity ExecRobotTask ended. Return value: Done;
23/12/19;15:29:26.169;INFO;Controller;State = Ready;
23/12/19;15:30:05.592;INFO;Interface;Command: ExecRobotTask (unmount,-1);
23/12/19;15:30:05.592;INFO;Controller;Executing asynchronous activity: ExecRobotTask;
23/12/19;15:30:05.592;INFO;Controller;Status = Executing: unmount;
23/12/19;15:30:05.592;INFO;Controller;State = Running;
23/12/19;15:30:05.713;INFO;Robot Runtime;executing:    unmount;
23/12/19;15:30:14.779;INFO;Controller;Activity ExecRobotTask ended. Return value: Done False/True/False;
23/12/19;15:30:14.780;INFO;Controller;State = Ready;
23/12/19;15:30:31.908;INFO;Interface;Command: ExecRobotTask (mount,-1);
23/12/19;15:30:31.908;INFO;Controller;Executing asynchronous activity: ExecRobotTask;
23/12/19;15:30:31.908;INFO;Controller;Status = Executing: mount;
23/12/19;15:30:31.908;INFO;Controller;State = Running;
23/12/19;15:30:31.993;INFO;Robot Runtime;executing:    mount;
23/12/19;15:30:32.038;INFO;Robot Runtime;Unsupported Movement Dewar->Gonio;
23/12/19;15:30:32.525;INFO;Controller;Activity ExecRobotTask ended. Return value: ABORT: Unsupported Movement Dewar->Gonio;
23/12/19;15:30:32.526;INFO;Controller;State = Ready;
23/12/19;15:31:00.017;INFO;Interface;Command: ExecRobotTask (traceSample,-1);
23/12/19;15:31:00.017;INFO;Controller;Executing asynchronous activity: ExecRobotTask;
23/12/19;15:31:00.018;INFO;Controller;Status = Executing: traceSample;
23/12/19;15:31:00.018;INFO;Controller;State = Running;
23/12/19;15:31:00.087;INFO;Robot Runtime;executing:    traceSample;
23/12/19;15:31:01.648;INFO;Controller;Activity ExecRobotTask ended. Return value: Done False/True/False;
23/12/19;15:31:01.648;INFO;Controller;State = Ready;
23/12/19;15:31:07.739;INFO;Interface;Command: ExecRobotTask (mount,-1);
23/12/19;15:31:07.739;INFO;Controller;Executing asynchronous activity: ExecRobotTask;
23/12/19;15:31:07.739;INFO;Controller;Status = Executing: mount;
23/12/19;15:31:07.740;INFO;Controller;State = Running;
23/12/19;15:31:07.818;INFO;Robot Runtime;executing:    mount;
23/12/19;15:31:17.807;INFO;Controller;Activity ExecRobotTask ended. Return value: Done True/False/False;
23/12/19;15:31:17.807;INFO;Controller;State = Ready;
23/12/19;15:32:10.745;INFO;Interface;Command: ExecRobotTask (home,-1);
23/12/19;15:32:10.745;INFO;Controller;Executing asynchronous activity: ExecRobotTask;
23/12/19;15:32:10.746;INFO;Controller;Status = Executing: home;
23/12/19;15:32:10.746;INFO;Controller;State = Running;
23/12/19;15:32:10.819;INFO;Robot Runtime;executing:    home;
23/12/19;15:32:12.637;INFO;Controller;Activity ExecRobotTask ended. Return value: Done;
23/12/19;15:32:12.637;INFO;Controller;State = Ready;
23/12/19;15:32:19.270;INFO;Interface;Command: ExecRobotTask (unmount,-1);
23/12/19;15:32:19.270;INFO;Controller;Executing asynchronous activity: ExecRobotTask;
23/12/19;15:32:19.270;INFO;Controller;Status = Executing: unmount;
23/12/19;15:32:19.270;INFO;Controller;State = Running;
23/12/19;15:32:19.345;INFO;Robot Runtime;executing:    unmount;
23/12/19;15:32:56.728;INFO;Controller;Activity ExecRobotTask ended. Return value: Done False/True/False;
23/12/19;15:32:56.729;INFO;Controller;State = Ready;
23/12/19;15:33:20.199;INFO;Interface;Command: ExecRobotTask (traceSample,-1);
23/12/19;15:33:20.199;INFO;Controller;Executing asynchronous activity: ExecRobotTask;
23/12/19;15:33:20.199;INFO;Controller;Status = Executing: traceSample;
23/12/19;15:33:20.199;INFO;Controller;State = Running;
23/12/19;15:33:20.268;INFO;Robot Runtime;executing:    traceSample;
23/12/19;15:33:21.600;INFO;Controller;Activity ExecRobotTask ended. Return value: Done False/True/False;
23/12/19;15:33:21.600;INFO;Controller;State = Ready;
23/12/19;15:33:39.849;INFO;Interface;Command: ExecRobotTask (home,-1);
23/12/19;15:33:39.850;INFO;Controller;Executing asynchronous activity: ExecRobotTask;
23/12/19;15:33:39.850;INFO;Controller;Status = Executing: home;
23/12/19;15:33:39.850;INFO;Controller;State = Running;
23/12/19;15:33:39.919;INFO;Robot Runtime;executing:    home;
23/12/19;15:33:40.672;INFO;Controller;Activity ExecRobotTask ended. Return value: Done;
23/12/19;15:33:40.672;INFO;Controller;State = Ready;
23/12/19;15:33:56.895;INFO;Interface;Command: ExecRobotTask (traceSample,-1);
23/12/19;15:33:56.895;INFO;Controller;Executing asynchronous activity: ExecRobotTask;
23/12/19;15:33:56.895;INFO;Controller;Status = Executing: traceSample;
23/12/19;15:33:56.895;INFO;Controller;State = Running;
23/12/19;15:33:56.966;INFO;Robot Runtime;executing:    traceSample;
23/12/19;15:33:58.126;INFO;Controller;Activity ExecRobotTask ended. Return value: Done False/True/False;
23/12/19;15:33:58.126;INFO;Controller;State = Ready;
23/12/19;15:34:20.807;INFO;Interface;Command: ExecRobotTask (initialize,-1);
23/12/19;15:34:20.807;INFO;Controller;Executing asynchronous activity: ExecRobotTask;
23/12/19;15:34:20.807;INFO;Controller;Status = Executing: initialize;
23/12/19;15:34:20.807;INFO;Controller;State = Running;
23/12/19;15:34:20.876;INFO;Robot Runtime;executing:    initialize;
23/12/19;15:34:21.327;INFO;Controller;Activity ExecRobotTask ended. Return value: Done;
23/12/19;15:34:21.327;INFO;Controller;State = Ready;
23/12/19;15:34:49.068;INFO;Interface;Command: ExecRobotTask (mount,-1);
23/12/19;15:34:49.068;INFO;Controller;Executing asynchronous activity: ExecRobotTask;
23/12/19;15:34:49.068;INFO;Controller;Status = Executing: mount;
23/12/19;15:34:49.068;INFO;Controller;State = Running;
23/12/19;15:34:49.144;INFO;Robot Runtime;executing:    mount;
23/12/19;15:34:58.665;INFO;Controller;Activity ExecRobotTask ended. Return value: Done True/False/False;
23/12/19;15:34:58.665;INFO;Controller;State = Ready;
23/12/19;15:35:06.644;INFO;Interface;Command: ExecRobotTask (home,-1);
23/12/19;15:35:06.644;INFO;Controller;Executing asynchronous activity: ExecRobotTask;
23/12/19;15:35:06.644;INFO;Controller;Status = Executing: home;
23/12/19;15:35:06.644;INFO;Controller;State = Running;
23/12/19;15:35:06.715;INFO;Robot Runtime;executing:    home;
23/12/19;15:35:08.494;INFO;Controller;Activity ExecRobotTask ended. Return value: Done;
23/12/19;15:35:08.494;INFO;Controller;State = Ready;
23/12/19;15:35:15.426;INFO;Interface;Command: ExecRobotTask (closeports,-1);
23/12/19;15:35:15.426;INFO;Controller;Executing asynchronous activity: ExecRobotTask;
23/12/19;15:35:15.426;INFO;Controller;Status = Executing: closeports;
23/12/19;15:35:15.426;INFO;Controller;State = Running;
23/12/19;15:35:15.499;INFO;Robot Runtime;executing:    closeports;
23/12/19;15:35:16.017;INFO;Controller;Activity ExecRobotTask ended. Return value: Done;
23/12/19;15:35:16.017;INFO;Controller;State = Ready;
23/12/19;15:42:06.790;INFO;Interface;Command: ExecRobotTask (unmount,-1);
23/12/19;15:42:06.791;INFO;Controller;Executing asynchronous activity: ExecRobotTask;
23/12/19;15:42:06.791;INFO;Controller;Status = Executing: unmount;
23/12/19;15:42:06.791;INFO;Controller;State = Running;
23/12/19;15:42:06.865;INFO;Robot Runtime;executing:    unmount;
23/12/19;15:42:30.380;INFO;Controller;Activity ExecRobotTask ended. Return value: Done False/True/False;
23/12/19;15:42:30.381;INFO;Controller;State = Ready;
23/12/19;15:42:48.372;INFO;Interface;Command: ExecRobotTask (home,-1);
23/12/19;15:42:48.372;INFO;Controller;Executing asynchronous activity: ExecRobotTask;
23/12/19;15:42:48.373;INFO;Controller;Status = Executing: home;
23/12/19;15:42:48.373;INFO;Controller;State = Running;
23/12/19;15:42:48.443;INFO;Robot Runtime;executing:    home;
23/12/19;15:42:50.141;INFO;Controller;Activity ExecRobotTask ended. Return value: Done;
23/12/19;15:42:50.141;INFO;Controller;State = Ready;
23/12/19;15:42:56.798;INFO;Interface;Command: ExecRobotTask (mount,-1);
23/12/19;15:42:56.798;INFO;Controller;Executing asynchronous activity: ExecRobotTask;
23/12/19;15:42:56.798;INFO;Controller;Status = Executing: mount;
23/12/19;15:42:56.798;INFO;Controller;State = Running;
23/12/19;15:42:56.876;INFO;Robot Runtime;executing:    mount;
23/12/19;15:43:05.871;INFO;Controller;Activity ExecRobotTask ended. Return value: Done True/False/False;
23/12/19;15:43:05.872;INFO;Controller;State = Ready;
23/12/19;15:43:30.150;INFO;Interface;Command: ExecRobotTask (home,-1);
23/12/19;15:43:30.150;INFO;Controller;Executing asynchronous activity: ExecRobotTask;
23/12/19;15:43:30.150;INFO;Controller;Status = Executing: home;
23/12/19;15:43:30.150;INFO;Controller;State = Running;
23/12/19;15:43:30.221;INFO;Robot Runtime;executing:    home;
23/12/19;15:43:32.019;INFO;Controller;Activity ExecRobotTask ended. Return value: Done;
23/12/19;15:43:32.019;INFO;Controller;State = Ready;
23/12/19;15:44:02.871;INFO;Interface;Command: ExecRobotTask (unmount,-1);
23/12/19;15:44:02.871;INFO;Controller;Executing asynchronous activity: ExecRobotTask;
23/12/19;15:44:02.871;INFO;Controller;Status = Executing: unmount;
23/12/19;15:44:02.871;INFO;Controller;State = Running;
23/12/19;15:44:02.947;INFO;Robot Runtime;executing:    unmount;
23/12/19;15:44:11.524;INFO;Controller;Activity ExecRobotTask ended. Return value: Done False/True/False;
23/12/19;15:44:11.524;INFO;Controller;State = Ready;
23/12/19;15:44:18.007;INFO;Interface;Command: ExecRobotTask (home,-1);
23/12/19;15:44:18.007;INFO;Controller;Executing asynchronous activity: ExecRobotTask;
23/12/19;15:44:18.007;INFO;Controller;Status = Executing: home;
23/12/19;15:44:18.007;INFO;Controller;State = Running;
23/12/19;15:44:18.080;INFO;Robot Runtime;executing:    home;
23/12/19;15:44:19.832;INFO;Controller;Activity ExecRobotTask ended. Return value: Done;
23/12/19;15:44:19.832;INFO;Controller;State = Ready;
23/12/19;15:44:38.911;INFO;Interface;Command: ExecRobotTask (mount,-1);
23/12/19;15:44:38.911;INFO;Controller;Executing asynchronous activity: ExecRobotTask;
23/12/19;15:44:38.911;INFO;Controller;Status = Executing: mount;
23/12/19;15:44:38.911;INFO;Controller;State = Running;
23/12/19;15:44:38.986;INFO;Robot Runtime;executing:    mount;
23/12/19;15:44:47.606;INFO;Controller;Activity ExecRobotTask ended. Return value: Done True/False/False;
23/12/19;15:44:47.607;INFO;Controller;State = Ready;
23/12/19;15:45:08.559;INFO;Interface;Command: ExecRobotTask (home,-1);
23/12/19;15:45:08.560;INFO;Controller;Executing asynchronous activity: ExecRobotTask;
23/12/19;15:45:08.560;INFO;Controller;Status = Executing: home;
23/12/19;15:45:08.560;INFO;Controller;State = Running;
23/12/19;15:45:08.631;INFO;Robot Runtime;executing:    home;
23/12/19;15:45:10.388;INFO;Controller;Activity ExecRobotTask ended. Return value: Done;
23/12/19;15:45:10.388;INFO;Controller;State = Ready;
23/12/19;15:45:16.610;INFO;Interface;Command: ExecRobotTask (unmount,-1);
23/12/19;15:45:16.610;INFO;Controller;Executing asynchronous activity: ExecRobotTask;
23/12/19;15:45:16.610;INFO;Controller;Status = Executing: unmount;
23/12/19;15:45:16.610;INFO;Controller;State = Running;
23/12/19;15:45:16.690;INFO;Robot Runtime;executing:    unmount;
23/12/19;15:45:25.316;INFO;Controller;Activity ExecRobotTask ended. Return value: Done False/True/False;
23/12/19;15:45:25.316;INFO;Controller;State = Ready;
23/12/19;15:45:45.432;INFO;Interface;Command: ExecRobotTask (home,-1);
23/12/19;15:45:45.432;INFO;Controller;Executing asynchronous activity: ExecRobotTask;
23/12/19;15:45:45.432;INFO;Controller;Status = Executing: home;
23/12/19;15:45:45.432;INFO;Controller;State = Running;
23/12/19;15:45:45.505;INFO;Robot Runtime;executing:    home;
23/12/19;15:45:47.147;INFO;Controller;Activity ExecRobotTask ended. Return value: Done;
23/12/19;15:45:47.148;INFO;Controller;State = Ready;
23/12/19;15:46:00.805;INFO;Interface;Command: ExecRobotTask (mount,-1);
23/12/19;15:46:00.805;INFO;Controller;Executing asynchronous activity: ExecRobotTask;
23/12/19;15:46:00.816;INFO;Controller;Status = Executing: mount;
23/12/19;15:46:00.816;INFO;Controller;State = Running;
23/12/19;15:46:00.894;INFO;Robot Runtime;executing:    mount;
23/12/19;15:46:10.307;INFO;Controller;Activity ExecRobotTask ended. Return value: Done True/False/False;
23/12/19;15:46:10.308;INFO;Controller;State = Ready;
23/12/19;15:46:34.489;INFO;Interface;Command: ExecRobotTask (finish,-1);
23/12/19;15:46:34.490;INFO;Controller;Executing asynchronous activity: ExecRobotTask;
23/12/19;15:46:34.490;INFO;Controller;Status = Executing: finish;
23/12/19;15:46:34.490;INFO;Controller;State = Running;
23/12/19;15:46:34.590;INFO;Robot Runtime;executing:    finish;
23/12/19;15:47:05.104;INFO;Controller;Activity ExecRobotTask ended. Return value: Done;
23/12/19;15:47:05.104;INFO;Controller;State = Ready;
23/12/19;15:47:17.057;INFO;Interface;Command: ExecRobotTask (tracesample,-1);
23/12/19;15:47:17.057;INFO;Controller;Executing asynchronous activity: ExecRobotTask;
23/12/19;15:47:17.057;INFO;Controller;Status = Executing: tracesample;
23/12/19;15:47:17.057;INFO;Controller;State = Running;
23/12/19;15:47:17.128;INFO;Robot Runtime;executing:    tracesample;
23/12/19;15:47:27.676;INFO;Interface;Command: Abort;
23/12/19;15:47:27.676;INFO;Robot;Abort;
23/12/19;15:47:27.676;INFO;Controller;Activity ExecRobotTask was stopped;
23/12/19;15:47:27.676;INFO;Controller;State = Ready;
23/12/19;15:47:35.535;INFO;Interface;Command: ExecRobotTask (initialize,-1);
23/12/19;15:47:35.535;INFO;Controller;Executing asynchronous activity: ExecRobotTask;
23/12/19;15:47:35.535;INFO;Controller;Status = Executing: initialize;
23/12/19;15:47:35.535;INFO;Controller;State = Running;
23/12/19;15:47:35.600;INFO;Robot Runtime;executing:    initialize;
23/12/19;15:47:36.848;INFO;Controller;Activity ExecRobotTask ended. Return value: Done;
23/12/19;15:47:36.849;INFO;Controller;State = Ready;
23/12/19;15:47:50.990;INFO;Interface;Command: ExecRobotTask (tracesample,-1);
23/12/19;15:47:50.990;INFO;Controller;Executing asynchronous activity: ExecRobotTask;
23/12/19;15:47:50.991;INFO;Controller;Status = Executing: tracesample;
23/12/19;15:47:50.991;INFO;Controller;State = Running;
23/12/19;15:47:51.058;INFO;Robot Runtime;executing:    tracesample;
23/12/19;15:47:52.089;INFO;Controller;Activity ExecRobotTask ended. Return value: Done True/False/False;
23/12/19;15:47:52.089;INFO;Controller;State = Ready;
23/12/19;15:48:22.658;INFO;Interface;Command: ExecRobotTask (unmount,-1);
23/12/19;15:48:22.658;INFO;Controller;Executing asynchronous activity: ExecRobotTask;
23/12/19;15:48:22.658;INFO;Controller;Status = Executing: unmount;
23/12/19;15:48:22.658;INFO;Controller;State = Running;
23/12/19;15:48:22.737;INFO;Robot Runtime;executing:    unmount;
23/12/19;15:48:31.951;INFO;Controller;Activity ExecRobotTask ended. Return value: Done False/True/False;
23/12/19;15:48:31.951;INFO;Controller;State = Ready;
23/12/19;15:48:43.088;INFO;Interface;Command: ExecRobotTask (home,-1);
23/12/19;15:48:43.088;INFO;Controller;Executing asynchronous activity: ExecRobotTask;
23/12/19;15:48:43.088;INFO;Controller;Status = Executing: home;
23/12/19;15:48:43.088;INFO;Controller;State = Running;
23/12/19;15:48:43.176;INFO;Robot Runtime;executing:    home;
23/12/19;15:48:44.595;INFO;Controller;Activity ExecRobotTask ended. Return value: Done;
23/12/19;15:48:44.596;INFO;Controller;State = Ready;
23/12/19;15:48:54.327;INFO;Interface;Command: ExecRobotTask (mount,-1);
23/12/19;15:48:54.328;INFO;Controller;Executing asynchronous activity: ExecRobotTask;
23/12/19;15:48:54.328;INFO;Controller;Status = Executing: mount;
23/12/19;15:48:54.328;INFO;Controller;State = Running;
23/12/19;15:48:54.401;INFO;Robot Runtime;executing:    mount;
23/12/19;15:49:03.646;INFO;Controller;Activity ExecRobotTask ended. Return value: Done True/False/False;
23/12/19;15:49:03.646;INFO;Controller;State = Ready;
23/12/19;15:49:33.761;INFO;Interface;Command: ExecRobotTask (park,-1);
23/12/19;15:49:33.761;INFO;Controller;Executing asynchronous activity: ExecRobotTask;
23/12/19;15:49:33.761;INFO;Controller;Status = Executing: park;
23/12/19;15:49:33.761;INFO;Controller;State = Running;
23/12/19;15:49:33.835;INFO;Robot Runtime;executing:    park;
23/12/19;15:49:37.361;INFO;Controller;Activity ExecRobotTask ended. Return value: Done;
23/12/19;15:49:37.362;INFO;Controller;State = Ready;
23/12/19;15:51:25.597;INFO;Interface;Command: ExecRobotTask (load,-1);
23/12/19;15:51:25.597;INFO;Controller;Executing asynchronous activity: ExecRobotTask;
23/12/19;15:51:25.597;INFO;Controller;Status = Executing: load;
23/12/19;15:51:25.597;INFO;Controller;State = Running;
23/12/19;15:51:25.707;INFO;Robot Runtime;executing:    load;
23/12/19;15:51:38.759;INFO;Controller;Activity ExecRobotTask ended. Return value: Done False/True/False;
23/12/19;15:51:38.760;INFO;Controller;State = Ready;
23/12/19;15:51:56.216;INFO;Interface;Command: ExecRobotTask (home,-1);
23/12/19;15:51:56.216;INFO;Controller;Executing asynchronous activity: ExecRobotTask;
23/12/19;15:51:56.216;INFO;Controller;Status = Executing: home;
23/12/19;15:51:56.216;INFO;Controller;State = Running;
23/12/19;15:51:56.291;INFO;Robot Runtime;executing:    home;
23/12/19;15:51:58.072;INFO;Controller;Activity ExecRobotTask ended. Return value: Done;
23/12/19;15:51:58.072;INFO;Controller;State = Ready;
23/12/19;15:52:07.236;INFO;Interface;Command: ExecRobotTask (unload,-1);
23/12/19;15:52:07.237;INFO;Controller;Executing asynchronous activity: ExecRobotTask;
23/12/19;15:52:07.242;INFO;Controller;Status = Executing: unload;
23/12/19;15:52:07.242;INFO;Controller;State = Running;
23/12/19;15:52:07.327;INFO;Robot Runtime;executing:    unload;
23/12/19;15:52:15.159;INFO;Controller;Activity ExecRobotTask ended. Return value: Done True/False/False;
23/12/19;15:52:15.160;INFO;Controller;State = Ready;
23/12/19;15:52:27.765;INFO;Interface;Command: ExecRobotTask (recover,-1);
23/12/19;15:52:27.765;INFO;Controller;Executing asynchronous activity: ExecRobotTask;
23/12/19;15:52:27.765;INFO;Controller;Status = Executing: recover;
23/12/19;15:52:27.765;INFO;Controller;State = Running;
23/12/19;15:52:28.034;INFO;Robot Runtime;executing:    recover;
23/12/19;15:52:29.319;INFO;Robot Runtime;Done;
23/12/19;15:52:29.825;INFO;Controller;Activity ExecRobotTask ended. Return value: Done;
23/12/19;15:52:29.825;INFO;Controller;State = Ready;
23/12/19;15:52:58.351;INFO;Interface;Command: ExecRobotTask (finish,-1);
23/12/19;15:52:58.351;INFO;Controller;Executing asynchronous activity: ExecRobotTask;
23/12/19;15:52:58.351;INFO;Controller;Status = Executing: finish;
23/12/19;15:52:58.351;INFO;Controller;State = Running;
23/12/19;15:52:58.429;INFO;Robot Runtime;executing:    finish;
23/12/19;15:55:14.397;INFO;Controller;Activity ExecRobotTask ended. Return value: Done;
23/12/19;15:55:14.397;INFO;Controller;State = Ready;
23/12/19;15:55:24.214;INFO;Interface;Command: ExecRobotTask (initialize,-1);
23/12/19;15:55:24.215;INFO;Controller;Executing asynchronous activity: ExecRobotTask;
23/12/19;15:55:24.215;INFO;Controller;Status = Executing: initialize;
23/12/19;15:55:24.215;INFO;Controller;State = Running;
23/12/19;15:55:24.309;INFO;Robot Runtime;executing:    initialize;
23/12/19;15:55:25.579;INFO;Controller;Activity ExecRobotTask ended. Return value: Done;
23/12/19;15:55:25.579;INFO;Controller;State = Ready;
23/12/19;15:55:32.271;INFO;Interface;Command: ExecRobotTask (tracesample,-1);
23/12/19;15:55:32.271;INFO;Controller;Executing asynchronous activity: ExecRobotTask;
23/12/19;15:55:32.271;INFO;Controller;Status = Executing: tracesample;
23/12/19;15:55:32.272;INFO;Controller;State = Running;
23/12/19;15:55:32.363;INFO;Robot Runtime;executing:    tracesample;
23/12/19;15:55:33.380;INFO;Controller;Activity ExecRobotTask ended. Return value: Done True/False/False;
23/12/19;15:55:33.380;INFO;Controller;State = Ready;
23/12/19;15:55:44.343;INFO;Interface;Command: ExecRobotTask (finish,-1);
23/12/19;15:55:44.343;INFO;Controller;Executing asynchronous activity: ExecRobotTask;
23/12/19;15:55:44.343;INFO;Controller;Status = Executing: finish;
23/12/19;15:55:44.343;INFO;Controller;State = Running;
23/12/19;15:55:44.413;INFO;Robot Runtime;executing:    finish;
23/12/19;15:55:46.968;INFO;Controller;Activity ExecRobotTask ended. Return value: Done;
23/12/19;15:55:46.968;INFO;Controller;State = Ready;
23/12/19;16:04:54.249;INFO;Server;Command: ExecRobotTask (Initialize,500000);
23/12/19;16:04:54.249;INFO;Controller;Executing asynchronous activity: ExecRobotTask;
23/12/19;16:04:54.250;INFO;Controller;Status = Executing: Initialize;
23/12/19;16:04:54.250;INFO;Controller;State = Running;
23/12/19;16:04:55.477;INFO;Robot Runtime;executing:    Initialize;
23/12/19;16:04:56.737;INFO;Controller;Activity ExecRobotTask ended. Return value: Done;
23/12/19;16:04:56.738;INFO;Controller;State = Ready;
23/12/19;16:04:56.749;INFO;Server;Command: ExecRobotTask (CoolDown,500000);
23/12/19;16:04:56.749;INFO;Controller;Executing asynchronous activity: ExecRobotTask;
23/12/19;16:04:56.749;INFO;Controller;Status = Executing: CoolDown;
23/12/19;16:04:56.749;INFO;Controller;State = Running;
23/12/19;16:04:57.565;INFO;Robot Runtime;executing:    CoolDown;
23/12/19;16:06:16.464;INFO;Controller;Activity ExecRobotTask ended. Return value: Done;
23/12/19;16:06:16.464;INFO;Controller;State = Ready;
23/12/19;16:06:32.446;INFO;Server;Command: ExecRobotTask (Initialize,500000);
23/12/19;16:06:32.446;INFO;Controller;Executing asynchronous activity: ExecRobotTask;
23/12/19;16:06:32.446;INFO;Controller;Status = Executing: Initialize;
23/12/19;16:06:32.446;INFO;Controller;State = Running;
23/12/19;16:06:33.260;INFO;Robot Runtime;executing:    Initialize;
23/12/19;16:06:33.654;INFO;Controller;Activity ExecRobotTask ended. Return value: Done;
23/12/19;16:06:33.655;INFO;Controller;State = Ready;
23/12/19;16:06:33.886;INFO;Server;Command: ExecRobotTask (Load,500000);
23/12/19;16:06:33.887;INFO;Controller;Executing asynchronous activity: ExecRobotTask;
23/12/19;16:06:33.887;INFO;Controller;Status = Executing: Load;
23/12/19;16:06:33.887;INFO;Controller;State = Running;
23/12/19;16:06:34.748;INFO;Robot Runtime;executing:    Load;
23/12/19;16:06:47.773;INFO;Controller;Activity ExecRobotTask ended. Return value: Done False/True/False;
23/12/19;16:06:47.773;INFO;Controller;State = Ready;
23/12/19;16:06:47.791;INFO;Server;Command: ExecRobotTask (Mount,500000);
23/12/19;16:06:47.791;INFO;Controller;Executing asynchronous activity: ExecRobotTask;
23/12/19;16:06:47.791;INFO;Controller;Status = Executing: Mount;
23/12/19;16:06:47.791;INFO;Controller;State = Running;
23/12/19;16:06:48.639;INFO;Robot Runtime;executing:    Mount;
23/12/19;16:06:55.850;INFO;Controller;Activity ExecRobotTask ended. Return value: Done True/False/False;
23/12/19;16:06:55.850;INFO;Controller;State = Ready;
23/12/19;16:06:55.861;INFO;Server;Command: ExecRobotTask (Park,500000);
23/12/19;16:06:55.861;INFO;Controller;Executing asynchronous activity: ExecRobotTask;
23/12/19;16:06:55.861;INFO;Controller;Status = Executing: Park;
23/12/19;16:06:55.861;INFO;Controller;State = Running;
23/12/19;16:06:56.699;INFO;Robot Runtime;executing:    Park;
23/12/19;16:07:00.107;INFO;Controller;Activity ExecRobotTask ended. Return value: Done;
23/12/19;16:07:00.107;INFO;Controller;State = Ready;
23/12/19;16:07:00.126;INFO;Server;Command: ExecRobotTask (UnlatchRobGov,500000);
23/12/19;16:07:00.127;INFO;Controller;Executing asynchronous activity: ExecRobotTask;
23/12/19;16:07:00.127;INFO;Controller;Status = Executing: UnlatchRobGov;
23/12/19;16:07:00.127;INFO;Controller;State = Running;
23/12/19;16:07:01.360;INFO;Robot Runtime;executing:    UnlatchRobGov;
23/12/19;16:07:01.836;INFO;Controller;Activity ExecRobotTask ended. Return value: Done;
23/12/19;16:07:01.836;INFO;Controller;State = Ready;
23/12/19;16:07:47.405;INFO;Server;Command: ExecRobotTask (Unmount,500000);
23/12/19;16:07:47.405;INFO;Controller;Executing asynchronous activity: ExecRobotTask;
23/12/19;16:07:47.405;INFO;Controller;Status = Executing: Unmount;
23/12/19;16:07:47.406;INFO;Controller;State = Running;
23/12/19;16:07:48.236;INFO;Robot Runtime;executing:    Unmount;
23/12/19;16:07:56.294;INFO;Controller;Activity ExecRobotTask ended. Return value: Done False/True/False;
23/12/19;16:07:56.294;INFO;Controller;State = Ready;
23/12/19;16:07:56.310;INFO;Server;Command: ExecRobotTask (Unload,500000);
23/12/19;16:07:56.310;INFO;Controller;Executing asynchronous activity: ExecRobotTask;
23/12/19;16:07:56.310;INFO;Controller;Status = Executing: Unload;
23/12/19;16:07:56.310;INFO;Controller;State = Running;
23/12/19;16:07:57.137;INFO;Robot Runtime;executing:    Unload;
23/12/19;16:08:00.715;INFO;Controller;Activity ExecRobotTask ended. Return value: Done False/False/False;
23/12/19;16:08:00.716;INFO;Controller;State = Ready;
23/12/19;16:08:02.304;INFO;Server;Command: ExecRobotTask (Load,500000);
23/12/19;16:08:02.304;INFO;Controller;Executing asynchronous activity: ExecRobotTask;
23/12/19;16:08:02.304;INFO;Controller;Status = Executing: Load;
23/12/19;16:08:02.304;INFO;Controller;State = Running;
23/12/19;16:08:03.163;INFO;Robot Runtime;executing:    Load;
23/12/19;16:08:09.008;INFO;Controller;Activity ExecRobotTask ended. Return value: Done False/True/False;
23/12/19;16:08:09.008;INFO;Controller;State = Ready;
23/12/19;16:08:09.026;INFO;Server;Command: ExecRobotTask (Mount,500000);
23/12/19;16:08:09.027;INFO;Controller;Executing asynchronous activity: ExecRobotTask;
23/12/19;16:08:09.027;INFO;Controller;Status = Executing: Mount;
23/12/19;16:08:09.027;INFO;Controller;State = Running;
23/12/19;16:08:09.892;INFO;Robot Runtime;executing:    Mount;
23/12/19;16:08:13.836;INFO;Controller;Activity ExecRobotTask ended. Return value: Done True/False/False;
23/12/19;16:08:13.836;INFO;Controller;State = Ready;
23/12/19;16:08:13.855;INFO;Server;Command: ExecRobotTask (Park,500000);
23/12/19;16:08:13.856;INFO;Controller;Executing asynchronous activity: ExecRobotTask;
23/12/19;16:08:13.856;INFO;Controller;Status = Executing: Park;
23/12/19;16:08:13.856;INFO;Controller;State = Running;
23/12/19;16:08:14.677;INFO;Robot Runtime;executing:    Park;
23/12/19;16:08:16.735;INFO;Controller;Activity ExecRobotTask ended. Return value: Done;
23/12/19;16:08:16.736;INFO;Controller;State = Ready;
23/12/19;16:08:16.756;INFO;Server;Command: ExecRobotTask (UnlatchRobGov,500000);
23/12/19;16:08:16.756;INFO;Controller;Executing asynchronous activity: ExecRobotTask;
23/12/19;16:08:16.756;INFO;Controller;Status = Executing: UnlatchRobGov;
23/12/19;16:08:16.756;INFO;Controller;State = Running;
23/12/19;16:08:18.005;INFO;Robot Runtime;executing:    UnlatchRobGov;
23/12/19;16:08:18.466;INFO;Controller;Activity ExecRobotTask ended. Return value: Done;
23/12/19;16:08:18.466;INFO;Controller;State = Ready;
23/12/19;16:08:59.070;INFO;Server;Command: ExecRobotTask (Unmount,500000);
23/12/19;16:08:59.070;INFO;Controller;Executing asynchronous activity: ExecRobotTask;
23/12/19;16:08:59.070;INFO;Controller;Status = Executing: Unmount;
23/12/19;16:08:59.070;INFO;Controller;State = Running;
23/12/19;16:08:59.900;INFO;Robot Runtime;executing:    Unmount;
23/12/19;16:09:07.846;INFO;Controller;Activity ExecRobotTask ended. Return value: Done False/True/False;
23/12/19;16:09:07.847;INFO;Controller;State = Ready;
23/12/19;16:09:07.863;INFO;Server;Command: ExecRobotTask (Unload,500000);
23/12/19;16:09:07.863;INFO;Controller;Executing asynchronous activity: ExecRobotTask;
23/12/19;16:09:07.863;INFO;Controller;Status = Executing: Unload;
23/12/19;16:09:07.863;INFO;Controller;State = Running;
23/12/19;16:09:08.693;INFO;Robot Runtime;executing:    Unload;
23/12/19;16:09:12.592;INFO;Controller;Activity ExecRobotTask ended. Return value: Done False/False/False;
23/12/19;16:09:12.592;INFO;Controller;State = Ready;
23/12/19;16:09:14.176;INFO;Server;Command: ExecRobotTask (Load,500000);
23/12/19;16:09:14.177;INFO;Controller;Executing asynchronous activity: ExecRobotTask;
23/12/19;16:09:14.177;INFO;Controller;Status = Executing: Load;
23/12/19;16:09:14.177;INFO;Controller;State = Running;
23/12/19;16:09:15.052;INFO;Robot Runtime;executing:    Load;
23/12/19;16:09:21.139;INFO;Controller;Activity ExecRobotTask ended. Return value: Done False/True/False;
23/12/19;16:09:21.140;INFO;Controller;State = Ready;
23/12/19;16:09:21.154;INFO;Server;Command: ExecRobotTask (Mount,500000);
23/12/19;16:09:21.155;INFO;Controller;Executing asynchronous activity: ExecRobotTask;
23/12/19;16:09:21.155;INFO;Controller;Status = Executing: Mount;
23/12/19;16:09:21.155;INFO;Controller;State = Running;
23/12/19;16:09:22.014;INFO;Robot Runtime;executing:    Mount;
23/12/19;16:09:26.232;INFO;Controller;Activity ExecRobotTask ended. Return value: Done True/False/False;
23/12/19;16:09:26.232;INFO;Controller;State = Ready;
23/12/19;16:09:26.261;INFO;Server;Command: ExecRobotTask (Park,500000);
23/12/19;16:09:26.262;INFO;Controller;Executing asynchronous activity: ExecRobotTask;
23/12/19;16:09:26.262;INFO;Controller;Status = Executing: Park;
23/12/19;16:09:26.262;INFO;Controller;State = Running;
23/12/19;16:09:27.081;INFO;Robot Runtime;executing:    Park;
23/12/19;16:09:29.209;INFO;Controller;Activity ExecRobotTask ended. Return value: Done;
23/12/19;16:09:29.209;INFO;Controller;State = Ready;
23/12/19;16:09:29.228;INFO;Server;Command: ExecRobotTask (UnlatchRobGov,500000);
23/12/19;16:09:29.228;INFO;Controller;Executing asynchronous activity: ExecRobotTask;
23/12/19;16:09:29.228;INFO;Controller;Status = Executing: UnlatchRobGov;
23/12/19;16:09:29.228;INFO;Controller;State = Running;
23/12/19;16:09:30.476;INFO;Robot Runtime;executing:    UnlatchRobGov;
23/12/19;16:09:30.932;INFO;Controller;Activity ExecRobotTask ended. Return value: Done;
23/12/19;16:09:30.932;INFO;Controller;State = Ready;
23/12/19;16:09:59.876;INFO;Server;Command: ExecRobotTask (Unmount,500000);
23/12/19;16:09:59.876;INFO;Controller;Executing asynchronous activity: ExecRobotTask;
23/12/19;16:09:59.876;INFO;Controller;Status = Executing: Unmount;
23/12/19;16:09:59.876;INFO;Controller;State = Running;
23/12/19;16:10:00.705;INFO;Robot Runtime;executing:    Unmount;
23/12/19;16:10:09.140;INFO;Controller;Activity ExecRobotTask ended. Return value: Done False/True/False;
23/12/19;16:10:09.141;INFO;Controller;State = Ready;
23/12/19;16:10:09.155;INFO;Server;Command: ExecRobotTask (Unload,500000);
23/12/19;16:10:09.155;INFO;Controller;Executing asynchronous activity: ExecRobotTask;
23/12/19;16:10:09.155;INFO;Controller;Status = Executing: Unload;
23/12/19;16:10:09.155;INFO;Controller;State = Running;
23/12/19;16:10:09.987;INFO;Robot Runtime;executing:    Unload;
23/12/19;16:10:14.005;INFO;Controller;Activity ExecRobotTask ended. Return value: Done False/False/False;
23/12/19;16:10:14.005;INFO;Controller;State = Ready;
23/12/19;16:10:15.580;INFO;Server;Command: ExecRobotTask (Load,500000);
23/12/19;16:10:15.580;INFO;Controller;Executing asynchronous activity: ExecRobotTask;
23/12/19;16:10:15.581;INFO;Controller;Status = Executing: Load;
23/12/19;16:10:15.581;INFO;Controller;State = Running;
23/12/19;16:10:16.458;INFO;Robot Runtime;executing:    Load;
23/12/19;16:10:22.569;INFO;Controller;Activity ExecRobotTask ended. Return value: Done False/True/False;
23/12/19;16:10:22.569;INFO;Controller;State = Ready;
23/12/19;16:10:22.593;INFO;Server;Command: ExecRobotTask (Mount,500000);
23/12/19;16:10:22.593;INFO;Controller;Executing asynchronous activity: ExecRobotTask;
23/12/19;16:10:22.593;INFO;Controller;Status = Executing: Mount;
23/12/19;16:10:22.593;INFO;Controller;State = Running;
23/12/19;16:10:23.448;INFO;Robot Runtime;executing:    Mount;
23/12/19;16:10:27.649;INFO;Controller;Activity ExecRobotTask ended. Return value: Done True/False/False;
23/12/19;16:10:27.649;INFO;Controller;State = Ready;
23/12/19;16:10:27.674;INFO;Server;Command: ExecRobotTask (Park,500000);
23/12/19;16:10:27.674;INFO;Controller;Executing asynchronous activity: ExecRobotTask;
23/12/19;16:10:27.674;INFO;Controller;Status = Executing: Park;
23/12/19;16:10:27.674;INFO;Controller;State = Running;
23/12/19;16:10:28.495;INFO;Robot Runtime;executing:    Park;
23/12/19;16:10:30.626;INFO;Controller;Activity ExecRobotTask ended. Return value: Done;
23/12/19;16:10:30.627;INFO;Controller;State = Ready;
23/12/19;16:10:30.645;INFO;Server;Command: ExecRobotTask (UnlatchRobGov,500000);
23/12/19;16:10:30.645;INFO;Controller;Executing asynchronous activity: ExecRobotTask;
23/12/19;16:10:30.645;INFO;Controller;Status = Executing: UnlatchRobGov;
23/12/19;16:10:30.645;INFO;Controller;State = Running;
23/12/19;16:10:31.881;INFO;Robot Runtime;executing:    UnlatchRobGov;
23/12/19;16:10:32.354;INFO;Controller;Activity ExecRobotTask ended. Return value: Done;
23/12/19;16:10:32.354;INFO;Controller;State = Ready;
23/12/19;16:11:16.871;INFO;Server;Command: ExecRobotTask (Unmount,500000);
23/12/19;16:11:16.872;INFO;Controller;Executing asynchronous activity: ExecRobotTask;
23/12/19;16:11:16.872;INFO;Controller;Status = Executing: Unmount;
23/12/19;16:11:16.872;INFO;Controller;State = Running;
23/12/19;16:11:17.703;INFO;Robot Runtime;executing:    Unmount;
23/12/19;16:11:25.829;INFO;Controller;Activity ExecRobotTask ended. Return value: Done False/True/False;
23/12/19;16:11:25.829;INFO;Controller;State = Ready;
23/12/19;16:11:25.854;INFO;Server;Command: ExecRobotTask (Unload,500000);
23/12/19;16:11:25.854;INFO;Controller;Executing asynchronous activity: ExecRobotTask;
23/12/19;16:11:25.854;INFO;Controller;Status = Executing: Unload;
23/12/19;16:11:25.854;INFO;Controller;State = Running;
23/12/19;16:11:26.695;INFO;Robot Runtime;executing:    Unload;
23/12/19;16:11:30.653;INFO;Controller;Activity ExecRobotTask ended. Return value: Done False/False/False;
23/12/19;16:11:30.653;INFO;Controller;State = Ready;
23/12/19;16:11:32.282;INFO;Server;Command: ExecRobotTask (Load,500000);
23/12/19;16:11:32.282;INFO;Controller;Executing asynchronous activity: ExecRobotTask;
23/12/19;16:11:32.283;INFO;Controller;Status = Executing: Load;
23/12/19;16:11:32.283;INFO;Controller;State = Running;
23/12/19;16:11:33.150;INFO;Robot Runtime;executing:    Load;
23/12/19;16:11:39.042;INFO;Controller;Activity ExecRobotTask ended. Return value: Done False/True/False;
23/12/19;16:11:39.043;INFO;Controller;State = Ready;
23/12/19;16:11:39.061;INFO;Server;Command: ExecRobotTask (Mount,500000);
23/12/19;16:11:39.061;INFO;Controller;Executing asynchronous activity: ExecRobotTask;
23/12/19;16:11:39.061;INFO;Controller;Status = Executing: Mount;
23/12/19;16:11:39.061;INFO;Controller;State = Running;
23/12/19;16:11:39.915;INFO;Robot Runtime;executing:    Mount;
23/12/19;16:11:44.042;INFO;Controller;Activity ExecRobotTask ended. Return value: Done True/False/False;
23/12/19;16:11:44.042;INFO;Controller;State = Ready;
23/12/19;16:11:44.079;INFO;Server;Command: ExecRobotTask (Park,500000);
23/12/19;16:11:44.080;INFO;Controller;Executing asynchronous activity: ExecRobotTask;
23/12/19;16:11:44.080;INFO;Controller;Status = Executing: Park;
23/12/19;16:11:44.080;INFO;Controller;State = Running;
23/12/19;16:11:44.904;INFO;Robot Runtime;executing:    Park;
23/12/19;16:11:47.022;INFO;Controller;Activity ExecRobotTask ended. Return value: Done;
23/12/19;16:11:47.022;INFO;Controller;State = Ready;
23/12/19;16:11:47.041;INFO;Server;Command: ExecRobotTask (UnlatchRobGov,500000);
23/12/19;16:11:47.041;INFO;Controller;Executing asynchronous activity: ExecRobotTask;
23/12/19;16:11:47.041;INFO;Controller;Status = Executing: UnlatchRobGov;
23/12/19;16:11:47.041;INFO;Controller;State = Running;
23/12/19;16:11:48.286;INFO;Robot Runtime;executing:    UnlatchRobGov;
23/12/19;16:11:48.751;INFO;Controller;Activity ExecRobotTask ended. Return value: Done;
23/12/19;16:11:48.751;INFO;Controller;State = Ready;
23/12/19;16:12:06.105;INFO;Server;Command: ExecRobotTask (Unmount,500000);
23/12/19;16:12:06.105;INFO;Controller;Executing asynchronous activity: ExecRobotTask;
23/12/19;16:12:06.105;INFO;Controller;Status = Executing: Unmount;
23/12/19;16:12:06.105;INFO;Controller;State = Running;
23/12/19;16:12:06.955;INFO;Robot Runtime;executing:    Unmount;
23/12/19;16:12:15.135;INFO;Controller;Activity ExecRobotTask ended. Return value: Done False/True/False;
23/12/19;16:12:15.135;INFO;Controller;State = Ready;
23/12/19;16:12:15.155;INFO;Server;Command: ExecRobotTask (Unload,500000);
23/12/19;16:12:15.155;INFO;Controller;Executing asynchronous activity: ExecRobotTask;
23/12/19;16:12:15.155;INFO;Controller;Status = Executing: Unload;
23/12/19;16:12:15.155;INFO;Controller;State = Running;
23/12/19;16:12:15.980;INFO;Robot Runtime;executing:    Unload;
23/12/19;16:12:19.963;INFO;Controller;Activity ExecRobotTask ended. Return value: Done False/False/False;
23/12/19;16:12:19.963;INFO;Controller;State = Ready;
23/12/19;16:12:21.536;INFO;Server;Command: ExecRobotTask (Load,500000);
23/12/19;16:12:21.536;INFO;Controller;Executing asynchronous activity: ExecRobotTask;
23/12/19;16:12:21.536;INFO;Controller;Status = Executing: Load;
23/12/19;16:12:21.536;INFO;Controller;State = Running;
23/12/19;16:12:22.404;INFO;Robot Runtime;executing:    Load;
23/12/19;16:12:28.527;INFO;Controller;Activity ExecRobotTask ended. Return value: Done False/True/False;
23/12/19;16:12:28.527;INFO;Controller;State = Ready;
23/12/19;16:12:28.546;INFO;Server;Command: ExecRobotTask (Mount,500000);
23/12/19;16:12:28.546;INFO;Controller;Executing asynchronous activity: ExecRobotTask;
23/12/19;16:12:28.546;INFO;Controller;Status = Executing: Mount;
23/12/19;16:12:28.547;INFO;Controller;State = Running;
23/12/19;16:12:29.401;INFO;Robot Runtime;executing:    Mount;
23/12/19;16:12:33.606;INFO;Controller;Activity ExecRobotTask ended. Return value: Done True/False/False;
23/12/19;16:12:33.606;INFO;Controller;State = Ready;
23/12/19;16:12:33.633;INFO;Server;Command: ExecRobotTask (Park,500000);
23/12/19;16:12:33.633;INFO;Controller;Executing asynchronous activity: ExecRobotTask;
23/12/19;16:12:33.633;INFO;Controller;Status = Executing: Park;
23/12/19;16:12:33.633;INFO;Controller;State = Running;
23/12/19;16:12:34.458;INFO;Robot Runtime;executing:    Park;
23/12/19;16:12:36.582;INFO;Controller;Activity ExecRobotTask ended. Return value: Done;
23/12/19;16:12:36.582;INFO;Controller;State = Ready;
23/12/19;16:12:36.607;INFO;Server;Command: ExecRobotTask (UnlatchRobGov,500000);
23/12/19;16:12:36.607;INFO;Controller;Executing asynchronous activity: ExecRobotTask;
23/12/19;16:12:36.607;INFO;Controller;Status = Executing: UnlatchRobGov;
23/12/19;16:12:36.607;INFO;Controller;State = Running;
23/12/19;16:12:37.851;INFO;Robot Runtime;executing:    UnlatchRobGov;
23/12/19;16:12:38.311;INFO;Controller;Activity ExecRobotTask ended. Return value: Done;
23/12/19;16:12:38.311;INFO;Controller;State = Ready;
23/12/19;16:12:50.925;INFO;Server;Command: ExecRobotTask (Unmount,500000);
23/12/19;16:12:50.925;INFO;Controller;Executing asynchronous activity: ExecRobotTask;
23/12/19;16:12:50.925;INFO;Controller;Status = Executing: Unmount;
23/12/19;16:12:50.925;INFO;Controller;State = Running;
23/12/19;16:12:51.772;INFO;Robot Runtime;executing:    Unmount;
23/12/19;16:12:59.628;INFO;Controller;Activity ExecRobotTask ended. Return value: Done False/True/False;
23/12/19;16:12:59.629;INFO;Controller;State = Ready;
23/12/19;16:12:59.649;INFO;Server;Command: ExecRobotTask (Unload,500000);
23/12/19;16:12:59.649;INFO;Controller;Executing asynchronous activity: ExecRobotTask;
23/12/19;16:12:59.649;INFO;Controller;Status = Executing: Unload;
23/12/19;16:12:59.649;INFO;Controller;State = Running;
23/12/19;16:13:00.473;INFO;Robot Runtime;executing:    Unload;
23/12/19;16:13:04.381;INFO;Controller;Activity ExecRobotTask ended. Return value: Done False/False/False;
23/12/19;16:13:04.381;INFO;Controller;State = Ready;
23/12/19;16:13:05.967;INFO;Server;Command: ExecRobotTask (Load,500000);
23/12/19;16:13:05.968;INFO;Controller;Executing asynchronous activity: ExecRobotTask;
23/12/19;16:13:05.968;INFO;Controller;Status = Executing: Load;
23/12/19;16:13:05.968;INFO;Controller;State = Running;
23/12/19;16:13:06.831;INFO;Robot Runtime;executing:    Load;
23/12/19;16:13:12.948;INFO;Controller;Activity ExecRobotTask ended. Return value: Done False/True/False;
23/12/19;16:13:12.948;INFO;Controller;State = Ready;
23/12/19;16:13:12.975;INFO;Server;Command: ExecRobotTask (Mount,500000);
23/12/19;16:13:12.975;INFO;Controller;Executing asynchronous activity: ExecRobotTask;
23/12/19;16:13:12.976;INFO;Controller;Status = Executing: Mount;
23/12/19;16:13:12.976;INFO;Controller;State = Running;
23/12/19;16:13:13.831;INFO;Robot Runtime;executing:    Mount;
23/12/19;16:13:18.034;INFO;Controller;Activity ExecRobotTask ended. Return value: Done True/False/False;
23/12/19;16:13:18.034;INFO;Controller;State = Ready;
23/12/19;16:13:18.065;INFO;Server;Command: ExecRobotTask (Park,500000);
23/12/19;16:13:18.065;INFO;Controller;Executing asynchronous activity: ExecRobotTask;
23/12/19;16:13:18.066;INFO;Controller;Status = Executing: Park;
23/12/19;16:13:18.066;INFO;Controller;State = Running;
23/12/19;16:13:18.888;INFO;Robot Runtime;executing:    Park;
23/12/19;16:13:21.013;INFO;Controller;Activity ExecRobotTask ended. Return value: Done;
23/12/19;16:13:21.013;INFO;Controller;State = Ready;
23/12/19;16:13:21.039;INFO;Server;Command: ExecRobotTask (UnlatchRobGov,500000);
23/12/19;16:13:21.040;INFO;Controller;Executing asynchronous activity: ExecRobotTask;
23/12/19;16:13:21.040;INFO;Controller;Status = Executing: UnlatchRobGov;
23/12/19;16:13:21.040;INFO;Controller;State = Running;
23/12/19;16:13:22.291;INFO;Robot Runtime;executing:    UnlatchRobGov;
23/12/19;16:13:22.745;INFO;Controller;Activity ExecRobotTask ended. Return value: Done;
23/12/19;16:13:22.745;INFO;Controller;State = Ready;
23/12/19;16:13:38.621;INFO;Server;Command: ExecRobotTask (Unmount,500000);
23/12/19;16:13:38.621;INFO;Controller;Executing asynchronous activity: ExecRobotTask;
23/12/19;16:13:38.621;INFO;Controller;Status = Executing: Unmount;
23/12/19;16:13:38.622;INFO;Controller;State = Running;
23/12/19;16:13:39.460;INFO;Robot Runtime;executing:    Unmount;
23/12/19;16:13:47.722;INFO;Controller;Activity ExecRobotTask ended. Return value: Done False/True/False;
23/12/19;16:13:47.722;INFO;Controller;State = Ready;
23/12/19;16:13:47.749;INFO;Server;Command: ExecRobotTask (Unload,500000);
23/12/19;16:13:47.749;INFO;Controller;Executing asynchronous activity: ExecRobotTask;
23/12/19;16:13:47.749;INFO;Controller;Status = Executing: Unload;
23/12/19;16:13:47.749;INFO;Controller;State = Running;
23/12/19;16:13:48.573;INFO;Robot Runtime;executing:    Unload;
23/12/19;16:13:52.140;INFO;Controller;Activity ExecRobotTask ended. Return value: Done False/False/False;
23/12/19;16:13:52.140;INFO;Controller;State = Ready;
23/12/19;16:13:53.755;INFO;Server;Command: ExecRobotTask (Load,500000);
23/12/19;16:13:53.755;INFO;Controller;Executing asynchronous activity: ExecRobotTask;
23/12/19;16:13:53.755;INFO;Controller;Status = Executing: Load;
23/12/19;16:13:53.755;INFO;Controller;State = Running;
23/12/19;16:13:54.614;INFO;Robot Runtime;executing:    Load;
23/12/19;16:14:00.631;INFO;Controller;Activity ExecRobotTask ended. Return value: Done False/True/False;
23/12/19;16:14:00.631;INFO;Controller;State = Ready;
23/12/19;16:14:00.660;INFO;Server;Command: ExecRobotTask (Mount,500000);
23/12/19;16:14:00.661;INFO;Controller;Executing asynchronous activity: ExecRobotTask;
23/12/19;16:14:00.661;INFO;Controller;Status = Executing: Mount;
23/12/19;16:14:00.661;INFO;Controller;State = Running;
23/12/19;16:14:01.513;INFO;Robot Runtime;executing:    Mount;
23/12/19;16:14:05.719;INFO;Controller;Activity ExecRobotTask ended. Return value: Done True/False/False;
23/12/19;16:14:05.719;INFO;Controller;State = Ready;
23/12/19;16:14:05.755;INFO;Server;Command: ExecRobotTask (Park,500000);
23/12/19;16:14:05.755;INFO;Controller;Executing asynchronous activity: ExecRobotTask;
23/12/19;16:14:05.755;INFO;Controller;Status = Executing: Park;
23/12/19;16:14:05.755;INFO;Controller;State = Running;
23/12/19;16:14:06.578;INFO;Robot Runtime;executing:    Park;
23/12/19;16:14:08.697;INFO;Controller;Activity ExecRobotTask ended. Return value: Done;
23/12/19;16:14:08.697;INFO;Controller;State = Ready;
23/12/19;16:14:08.725;INFO;Server;Command: ExecRobotTask (UnlatchRobGov,500000);
23/12/19;16:14:08.725;INFO;Controller;Executing asynchronous activity: ExecRobotTask;
23/12/19;16:14:08.725;INFO;Controller;Status = Executing: UnlatchRobGov;
23/12/19;16:14:08.725;INFO;Controller;State = Running;
23/12/19;16:14:09.983;INFO;Robot Runtime;executing:    UnlatchRobGov;
23/12/19;16:14:10.429;INFO;Controller;Activity ExecRobotTask ended. Return value: Done;
23/12/19;16:14:10.430;INFO;Controller;State = Ready;
23/12/19;16:14:44.489;INFO;Server;Command: ExecRobotTask (Unmount,500000);
23/12/19;16:14:44.490;INFO;Controller;Executing asynchronous activity: ExecRobotTask;
23/12/19;16:14:44.490;INFO;Controller;Status = Executing: Unmount;
23/12/19;16:14:44.490;INFO;Controller;State = Running;
23/12/19;16:14:45.337;INFO;Robot Runtime;executing:    Unmount;
23/12/19;16:14:53.072;INFO;Controller;Activity ExecRobotTask ended. Return value: Done False/True/False;
23/12/19;16:14:53.072;INFO;Controller;State = Ready;
23/12/19;16:14:53.097;INFO;Server;Command: ExecRobotTask (Unload,500000);
23/12/19;16:14:53.097;INFO;Controller;Executing asynchronous activity: ExecRobotTask;
23/12/19;16:14:53.097;INFO;Controller;Status = Executing: Unload;
23/12/19;16:14:53.097;INFO;Controller;State = Running;
23/12/19;16:14:53.922;INFO;Robot Runtime;executing:    Unload;
23/12/19;16:14:57.820;INFO;Controller;Activity ExecRobotTask ended. Return value: Done False/False/False;
23/12/19;16:14:57.821;INFO;Controller;State = Ready;
23/12/19;16:14:59.452;INFO;Server;Command: ExecRobotTask (Load,500000);
23/12/19;16:14:59.452;INFO;Controller;Executing asynchronous activity: ExecRobotTask;
23/12/19;16:14:59.452;INFO;Controller;Status = Executing: Load;
23/12/19;16:14:59.452;INFO;Controller;State = Running;
23/12/19;16:15:00.311;INFO;Robot Runtime;executing:    Load;
23/12/19;16:15:06.384;INFO;Controller;Activity ExecRobotTask ended. Return value: Done False/True/False;
23/12/19;16:15:06.384;INFO;Controller;State = Ready;
23/12/19;16:15:06.413;INFO;Server;Command: ExecRobotTask (Mount,500000);
23/12/19;16:15:06.413;INFO;Controller;Executing asynchronous activity: ExecRobotTask;
23/12/19;16:15:06.413;INFO;Controller;Status = Executing: Mount;
23/12/19;16:15:06.413;INFO;Controller;State = Running;
23/12/19;16:15:07.267;INFO;Robot Runtime;executing:    Mount;
23/12/19;16:15:11.468;INFO;Controller;Activity ExecRobotTask ended. Return value: Done True/False/False;
23/12/19;16:15:11.468;INFO;Controller;State = Ready;
23/12/19;16:15:11.503;INFO;Server;Command: ExecRobotTask (Park,500000);
23/12/19;16:15:11.504;INFO;Controller;Executing asynchronous activity: ExecRobotTask;
23/12/19;16:15:11.504;INFO;Controller;Status = Executing: Park;
23/12/19;16:15:11.504;INFO;Controller;State = Running;
23/12/19;16:15:12.328;INFO;Robot Runtime;executing:    Park;
23/12/19;16:15:14.450;INFO;Controller;Activity ExecRobotTask ended. Return value: Done;
23/12/19;16:15:14.450;INFO;Controller;State = Ready;
23/12/19;16:15:14.485;INFO;Server;Command: ExecRobotTask (UnlatchRobGov,500000);
23/12/19;16:15:14.485;INFO;Controller;Executing asynchronous activity: ExecRobotTask;
23/12/19;16:15:14.485;INFO;Controller;Status = Executing: UnlatchRobGov;
23/12/19;16:15:14.485;INFO;Controller;State = Running;
23/12/19;16:15:15.732;INFO;Robot Runtime;executing:    UnlatchRobGov;
23/12/19;16:15:16.172;INFO;Controller;Activity ExecRobotTask ended. Return value: Done;
23/12/19;16:15:16.172;INFO;Controller;State = Ready;
23/12/19;16:17:31.712;INFO;Server;Command: ExecRobotTask (Unmount,500000);
23/12/19;16:17:31.712;INFO;Controller;Executing asynchronous activity: ExecRobotTask;
23/12/19;16:17:31.712;INFO;Controller;Status = Executing: Unmount;
23/12/19;16:17:31.713;INFO;Controller;State = Running;
23/12/19;16:17:32.559;INFO;Robot Runtime;executing:    Unmount;
23/12/19;16:17:40.834;INFO;Controller;Activity ExecRobotTask ended. Return value: Done False/True/False;
23/12/19;16:17:40.834;INFO;Controller;State = Ready;
23/12/19;16:17:40.865;INFO;Server;Command: ExecRobotTask (Unload,500000);
23/12/19;16:17:40.866;INFO;Controller;Executing asynchronous activity: ExecRobotTask;
23/12/19;16:17:40.866;INFO;Controller;Status = Executing: Unload;
23/12/19;16:17:40.866;INFO;Controller;State = Running;
23/12/19;16:17:41.690;INFO;Robot Runtime;executing:    Unload;
23/12/19;16:17:45.260;INFO;Controller;Activity ExecRobotTask ended. Return value: Done False/False/False;
23/12/19;16:17:45.260;INFO;Controller;State = Ready;
23/12/19;16:17:45.385;INFO;Server;Command: ExecRobotTask (UnlatchRobGov,500000);
23/12/19;16:17:45.385;INFO;Controller;Executing asynchronous activity: ExecRobotTask;
23/12/19;16:17:45.386;INFO;Controller;Status = Executing: UnlatchRobGov;
23/12/19;16:17:45.386;INFO;Controller;State = Running;
23/12/19;16:17:46.207;INFO;Robot Runtime;executing:    UnlatchRobGov;
23/12/19;16:17:46.444;INFO;Controller;Activity ExecRobotTask ended. Return value: Done;
23/12/19;16:17:46.444;INFO;Controller;State = Ready;
23/12/19;16:17:46.472;INFO;Server;Command: ExecRobotTask (Home,500000);
23/12/19;16:17:46.473;INFO;Controller;Executing asynchronous activity: ExecRobotTask;
23/12/19;16:17:46.473;INFO;Controller;Status = Executing: Home;
23/12/19;16:17:46.473;INFO;Controller;State = Running;
23/12/19;16:17:47.300;INFO;Robot Runtime;executing:    Home;
23/12/19;16:17:48.145;INFO;Controller;Activity ExecRobotTask ended. Return value: Done;
23/12/19;16:17:48.145;INFO;Controller;State = Ready;
23/12/19;16:17:48.178;INFO;Server;Command: ExecRobotTask (Finish,500000);
23/12/19;16:17:48.178;INFO;Controller;Executing asynchronous activity: ExecRobotTask;
23/12/19;16:17:48.178;INFO;Controller;Status = Executing: Finish;
23/12/19;16:17:48.178;INFO;Controller;State = Running;
23/12/19;16:17:49.030;INFO;Robot Runtime;executing:    Finish;
23/12/19;16:20:18.049;INFO;Controller;Activity ExecRobotTask ended. Return value: Done;
23/12/19;16:20:18.049;INFO;Controller;State = Ready;
