04/03/19;11:39:44.881;WARNING;Robot;Alarm active: Device is offline;
04/03/19;11:39:44.881;INFO;Controller;State = Communication Error;
04/03/19;11:39:46.986;INFO;Robot;Alarm inactive: Device is offline;
04/03/19;11:39:46.986;WARNING;Controller;Communication resumed, trying updating devices;
04/03/19;11:39:46.986;INFO;Controller;Finished device updating;
04/03/19;11:39:46.986;INFO;Controller;State = Ready;
04/03/19;13:57:22.742;INFO;Server;Command: ExecRobotTask (Initialize,500000);
04/03/19;13:57:22.742;INFO;Controller;Executing asynchronous activity: ExecRobotTask;
04/03/19;13:57:22.742;INFO;Controller;Status = Executing: Initialize;
04/03/19;13:57:22.742;INFO;Controller;State = Running;
04/03/19;13:57:23.643;INFO;Robot Runtime;executing:    Initialize;
04/03/19;13:57:24.784;INFO;Controller;Activity ExecRobotTask ended. Return value: Done;
04/03/19;13:57:24.785;INFO;Controller;State = Ready;
04/03/19;13:57:24.796;INFO;Server;Command: ExecRobotTask (CoolDown,500000);
04/03/19;13:57:24.796;INFO;Controller;Executing asynchronous activity: ExecRobotTask;
04/03/19;13:57:24.796;INFO;Controller;Status = Executing: CoolDown;
04/03/19;13:57:24.796;INFO;Controller;State = Running;
04/03/19;13:57:25.982;INFO;Robot Runtime;executing:    CoolDown;
04/03/19;13:58:59.980;INFO;Controller;Activity ExecRobotTask ended. Return value: Done;
04/03/19;13:58:59.980;INFO;Controller;State = Ready;
04/03/19;14:10:03.341;INFO;Server;Command: ExecRobotTask (Initialize,500000);
04/03/19;14:10:03.341;INFO;Controller;Executing asynchronous activity: ExecRobotTask;
04/03/19;14:10:03.341;INFO;Controller;Status = Executing: Initialize;
04/03/19;14:10:03.341;INFO;Controller;State = Running;
04/03/19;14:10:04.211;INFO;Robot Runtime;executing:    Initialize;
04/03/19;14:10:04.599;INFO;Controller;Activity ExecRobotTask ended. Return value: Done;
04/03/19;14:10:04.599;INFO;Controller;State = Ready;
04/03/19;14:10:04.628;INFO;Server;Command: ExecRobotTask (UnlatchRobGov,500000);
04/03/19;14:10:04.628;INFO;Controller;Executing asynchronous activity: ExecRobotTask;
04/03/19;14:10:04.628;INFO;Controller;Status = Executing: UnlatchRobGov;
04/03/19;14:10:04.628;INFO;Controller;State = Running;
04/03/19;14:10:05.720;INFO;Robot Runtime;executing:    UnlatchRobGov;
04/03/19;14:10:06.072;INFO;Controller;Activity ExecRobotTask ended. Return value: Done;
04/03/19;14:10:06.072;INFO;Controller;State = Ready;
04/03/19;14:10:06.080;INFO;Server;Command: ExecRobotTask (Home,500000);
04/03/19;14:10:06.080;INFO;Controller;Executing asynchronous activity: ExecRobotTask;
04/03/19;14:10:06.080;INFO;Controller;Status = Executing: Home;
04/03/19;14:10:06.080;INFO;Controller;State = Running;
04/03/19;14:10:07.277;INFO;Robot Runtime;executing:    Home;
04/03/19;14:10:09.447;INFO;Controller;Activity ExecRobotTask ended. Return value: Done;
04/03/19;14:10:09.447;INFO;Controller;State = Ready;
04/03/19;14:10:09.461;INFO;Server;Command: ExecRobotTask (Finish,500000);
04/03/19;14:10:09.461;INFO;Controller;Executing asynchronous activity: ExecRobotTask;
04/03/19;14:10:09.461;INFO;Controller;Status = Executing: Finish;
04/03/19;14:10:09.461;INFO;Controller;State = Running;
04/03/19;14:10:10.536;INFO;Robot Runtime;executing:    Finish;
04/03/19;14:12:24.693;INFO;Controller;Activity ExecRobotTask ended. Return value: Done;
04/03/19;14:12:24.693;INFO;Controller;State = Ready;
04/03/19;14:20:14.431;INFO;Server;Command: ExecRobotTask (Initialize,500000);
04/03/19;14:20:14.431;INFO;Controller;Executing asynchronous activity: ExecRobotTask;
04/03/19;14:20:14.431;INFO;Controller;Status = Executing: Initialize;
04/03/19;14:20:14.431;INFO;Controller;State = Running;
04/03/19;14:20:15.642;INFO;Robot Runtime;executing:    Initialize;
04/03/19;14:20:16.857;INFO;Controller;Activity ExecRobotTask ended. Return value: Done;
04/03/19;14:20:16.857;INFO;Controller;State = Ready;
04/03/19;14:20:16.869;INFO;Server;Command: ExecRobotTask (LatchRobGov,500000);
04/03/19;14:20:16.870;INFO;Controller;Executing asynchronous activity: ExecRobotTask;
04/03/19;14:20:16.870;INFO;Controller;Status = Executing: LatchRobGov;
04/03/19;14:20:16.870;INFO;Controller;State = Running;
04/03/19;14:20:18.309;INFO;Robot Runtime;executing:    LatchRobGov;
04/03/19;14:20:18.859;INFO;Controller;Activity ExecRobotTask ended. Return value: Done;
04/03/19;14:20:18.859;INFO;Controller;State = Ready;
04/03/19;14:20:18.882;INFO;Server;Command: ExecRobotTask (TraceSample,500000);
04/03/19;14:20:18.882;INFO;Controller;Executing asynchronous activity: ExecRobotTask;
04/03/19;14:20:18.882;INFO;Controller;Status = Executing: TraceSample;
04/03/19;14:20:18.882;INFO;Controller;State = Running;
04/03/19;14:20:19.753;INFO;Robot Runtime;executing:    TraceSample;
04/03/19;14:20:20.575;INFO;Controller;Activity ExecRobotTask ended. Return value: Done False/False/False;
04/03/19;14:20:20.575;INFO;Controller;State = Ready;
04/03/19;14:20:20.590;INFO;Server;Command: ExecRobotTask (CoolDown,500000);
04/03/19;14:20:20.590;INFO;Controller;Executing asynchronous activity: ExecRobotTask;
04/03/19;14:20:20.591;INFO;Controller;Status = Executing: CoolDown;
04/03/19;14:20:20.591;INFO;Controller;State = Running;
04/03/19;14:20:21.431;INFO;Robot Runtime;executing:    CoolDown;
04/03/19;14:21:56.734;INFO;Controller;Activity ExecRobotTask ended. Return value: Done;
04/03/19;14:21:56.734;INFO;Controller;State = Ready;
04/03/19;14:21:56.936;INFO;Server;Command: ExecRobotTask (Load,500000);
04/03/19;14:21:56.936;INFO;Controller;Executing asynchronous activity: ExecRobotTask;
04/03/19;14:21:56.936;INFO;Controller;Status = Executing: Load;
04/03/19;14:21:56.936;INFO;Controller;State = Running;
04/03/19;14:21:58.359;INFO;Robot Runtime;executing:    Load;
04/03/19;14:22:08.534;INFO;Controller;Activity ExecRobotTask ended. Return value: Done False/True/False;
04/03/19;14:22:08.534;INFO;Controller;State = Ready;
04/03/19;14:22:08.549;INFO;Server;Command: ExecRobotTask (Mount,500000);
04/03/19;14:22:08.549;INFO;Controller;Executing asynchronous activity: ExecRobotTask;
04/03/19;14:22:08.550;INFO;Controller;Status = Executing: Mount;
04/03/19;14:22:08.550;INFO;Controller;State = Running;
04/03/19;14:22:09.433;INFO;Robot Runtime;executing:    Mount;
04/03/19;14:22:19.199;INFO;Controller;Activity ExecRobotTask ended. Return value: Done True/False/False;
04/03/19;14:22:19.199;INFO;Controller;State = Ready;
04/03/19;14:22:19.218;INFO;Server;Command: ExecRobotTask (Park,500000);
04/03/19;14:22:19.218;INFO;Controller;Executing asynchronous activity: ExecRobotTask;
04/03/19;14:22:19.218;INFO;Controller;Status = Executing: Park;
04/03/19;14:22:19.218;INFO;Controller;State = Running;
04/03/19;14:22:20.074;INFO;Robot Runtime;executing:    Park;
04/03/19;14:22:23.454;INFO;Controller;Activity ExecRobotTask ended. Return value: Done;
04/03/19;14:22:23.455;INFO;Controller;State = Ready;
04/03/19;14:22:23.474;INFO;Server;Command: ExecRobotTask (UnlatchRobGov,500000);
04/03/19;14:22:23.475;INFO;Controller;Executing asynchronous activity: ExecRobotTask;
04/03/19;14:22:23.475;INFO;Controller;Status = Executing: UnlatchRobGov;
04/03/19;14:22:23.475;INFO;Controller;State = Running;
04/03/19;14:22:24.896;INFO;Robot Runtime;executing:    UnlatchRobGov;
04/03/19;14:22:25.045;INFO;Controller;Activity ExecRobotTask ended. Return value: Done;
04/03/19;14:22:25.046;INFO;Controller;State = Ready;
04/03/19;14:32:25.241;INFO;Server;Command: ExecRobotTask (Unmount,500000);
04/03/19;14:32:25.241;INFO;Controller;Executing asynchronous activity: ExecRobotTask;
04/03/19;14:32:25.241;INFO;Controller;Status = Executing: Unmount;
04/03/19;14:32:25.241;INFO;Controller;State = Running;
04/03/19;14:32:26.153;INFO;Robot Runtime;executing:    Unmount;
04/03/19;14:32:53.684;INFO;Controller;Activity ExecRobotTask ended. Return value: Done False/True/False;
04/03/19;14:32:53.684;INFO;Controller;State = Ready;
04/03/19;14:32:53.703;INFO;Server;Command: ExecRobotTask (Unload,500000);
04/03/19;14:32:53.703;INFO;Controller;Executing asynchronous activity: ExecRobotTask;
04/03/19;14:32:53.704;INFO;Controller;Status = Executing: Unload;
04/03/19;14:32:53.704;INFO;Controller;State = Running;
04/03/19;14:32:54.566;INFO;Robot Runtime;executing:    Unload;
04/03/19;14:32:58.988;INFO;Controller;Activity ExecRobotTask ended. Return value: Done False/False/False;
04/03/19;14:32:58.988;INFO;Controller;State = Ready;
04/03/19;14:32:59.410;INFO;Server;Command: ExecRobotTask (Load,500000);
04/03/19;14:32:59.410;INFO;Controller;Executing asynchronous activity: ExecRobotTask;
04/03/19;14:32:59.410;INFO;Controller;Status = Executing: Load;
04/03/19;14:32:59.411;INFO;Controller;State = Running;
04/03/19;14:33:00.829;INFO;Robot Runtime;executing:    Load;
04/03/19;14:33:07.555;INFO;Controller;Activity ExecRobotTask ended. Return value: Done False/True/False;
04/03/19;14:33:07.555;INFO;Controller;State = Ready;
04/03/19;14:33:07.571;INFO;Server;Command: ExecRobotTask (Mount,500000);
04/03/19;14:33:07.571;INFO;Controller;Executing asynchronous activity: ExecRobotTask;
04/03/19;14:33:07.571;INFO;Controller;Status = Executing: Mount;
04/03/19;14:33:07.571;INFO;Controller;State = Running;
04/03/19;14:33:08.450;INFO;Robot Runtime;executing:    Mount;
04/03/19;14:33:15.369;INFO;Controller;Activity ExecRobotTask ended. Return value: Done True/False/False;
04/03/19;14:33:15.369;INFO;Controller;State = Ready;
04/03/19;14:33:15.382;INFO;Server;Command: ExecRobotTask (Park,500000);
04/03/19;14:33:15.383;INFO;Controller;Executing asynchronous activity: ExecRobotTask;
04/03/19;14:33:15.383;INFO;Controller;Status = Executing: Park;
04/03/19;14:33:15.383;INFO;Controller;State = Running;
04/03/19;14:33:16.231;INFO;Robot Runtime;executing:    Park;
04/03/19;14:33:19.455;INFO;Controller;Activity ExecRobotTask ended. Return value: Done;
04/03/19;14:33:19.456;INFO;Controller;State = Ready;
04/03/19;14:33:19.477;INFO;Server;Command: ExecRobotTask (UnlatchRobGov,500000);
04/03/19;14:33:19.477;INFO;Controller;Executing asynchronous activity: ExecRobotTask;
04/03/19;14:33:19.477;INFO;Controller;Status = Executing: UnlatchRobGov;
04/03/19;14:33:19.477;INFO;Controller;State = Running;
04/03/19;14:33:20.897;INFO;Robot Runtime;executing:    UnlatchRobGov;
04/03/19;14:33:21.375;INFO;Controller;Activity ExecRobotTask ended. Return value: Done;
04/03/19;14:33:21.376;INFO;Controller;State = Ready;
04/03/19;14:44:24.913;INFO;Server;Command: ExecRobotTask (Unmount,500000);
04/03/19;14:44:24.913;INFO;Controller;Executing asynchronous activity: ExecRobotTask;
04/03/19;14:44:24.913;INFO;Controller;Status = Executing: Unmount;
04/03/19;14:44:24.913;INFO;Controller;State = Running;
04/03/19;14:44:25.802;INFO;Robot Runtime;executing:    Unmount;
04/03/19;14:44:53.374;INFO;Controller;Activity ExecRobotTask ended. Return value: Done False/True/False;
04/03/19;14:44:53.374;INFO;Controller;State = Ready;
04/03/19;14:44:53.407;INFO;Server;Command: ExecRobotTask (Unload,500000);
04/03/19;14:44:53.407;INFO;Controller;Executing asynchronous activity: ExecRobotTask;
04/03/19;14:44:53.407;INFO;Controller;Status = Executing: Unload;
04/03/19;14:44:53.407;INFO;Controller;State = Running;
04/03/19;14:44:54.262;INFO;Robot Runtime;executing:    Unload;
04/03/19;14:44:58.681;INFO;Controller;Activity ExecRobotTask ended. Return value: Done False/False/False;
04/03/19;14:44:58.681;INFO;Controller;State = Ready;
04/03/19;14:44:59.125;INFO;Server;Command: ExecRobotTask (Load,500000);
04/03/19;14:44:59.126;INFO;Controller;Executing asynchronous activity: ExecRobotTask;
04/03/19;14:44:59.126;INFO;Controller;Status = Executing: Load;
04/03/19;14:44:59.126;INFO;Controller;State = Running;
04/03/19;14:45:00.541;INFO;Robot Runtime;executing:    Load;
04/03/19;14:45:07.259;INFO;Controller;Activity ExecRobotTask ended. Return value: Done False/True/False;
04/03/19;14:45:07.259;INFO;Controller;State = Ready;
04/03/19;14:45:07.274;INFO;Server;Command: ExecRobotTask (Mount,500000);
04/03/19;14:45:07.274;INFO;Controller;Executing asynchronous activity: ExecRobotTask;
04/03/19;14:45:07.274;INFO;Controller;Status = Executing: Mount;
04/03/19;14:45:07.274;INFO;Controller;State = Running;
04/03/19;14:45:08.158;INFO;Robot Runtime;executing:    Mount;
04/03/19;14:45:15.592;INFO;Controller;Activity ExecRobotTask ended. Return value: Done True/False/False;
04/03/19;14:45:15.592;INFO;Controller;State = Ready;
04/03/19;14:45:15.607;INFO;Server;Command: ExecRobotTask (Park,500000);
04/03/19;14:45:15.607;INFO;Controller;Executing asynchronous activity: ExecRobotTask;
04/03/19;14:45:15.608;INFO;Controller;Status = Executing: Park;
04/03/19;14:45:15.608;INFO;Controller;State = Running;
04/03/19;14:45:16.454;INFO;Robot Runtime;executing:    Park;
04/03/19;14:45:20.088;INFO;Controller;Activity ExecRobotTask ended. Return value: Done;
04/03/19;14:45:20.088;INFO;Controller;State = Ready;
04/03/19;14:45:20.103;INFO;Server;Command: ExecRobotTask (UnlatchRobGov,500000);
04/03/19;14:45:20.103;INFO;Controller;Executing asynchronous activity: ExecRobotTask;
04/03/19;14:45:20.103;INFO;Controller;Status = Executing: UnlatchRobGov;
04/03/19;14:45:20.103;INFO;Controller;State = Running;
04/03/19;14:45:21.535;INFO;Robot Runtime;executing:    UnlatchRobGov;
04/03/19;14:45:24.563;INFO;Controller;Activity ExecRobotTask ended. Return value: Done;
04/03/19;14:45:24.564;INFO;Controller;State = Ready;
04/03/19;14:52:38.743;INFO;Server;Command: ExecRobotTask (Unmount,500000);
04/03/19;14:52:38.743;INFO;Controller;Executing asynchronous activity: ExecRobotTask;
04/03/19;14:52:38.743;INFO;Controller;Status = Executing: Unmount;
04/03/19;14:52:38.743;INFO;Controller;State = Running;
04/03/19;14:52:39.631;INFO;Robot Runtime;executing:    Unmount;
04/03/19;14:53:07.868;INFO;Controller;Activity ExecRobotTask ended. Return value: Done False/True/False;
04/03/19;14:53:07.868;INFO;Controller;State = Ready;
04/03/19;14:53:07.881;INFO;Server;Command: ExecRobotTask (Unload,500000);
04/03/19;14:53:07.881;INFO;Controller;Executing asynchronous activity: ExecRobotTask;
04/03/19;14:53:07.881;INFO;Controller;Status = Executing: Unload;
04/03/19;14:53:07.881;INFO;Controller;State = Running;
04/03/19;14:53:08.733;INFO;Robot Runtime;executing:    Unload;
04/03/19;14:53:13.163;INFO;Controller;Activity ExecRobotTask ended. Return value: Done False/False/False;
04/03/19;14:53:13.163;INFO;Controller;State = Ready;
04/03/19;14:53:13.603;INFO;Server;Command: ExecRobotTask (Load,500000);
04/03/19;14:53:13.604;INFO;Controller;Executing asynchronous activity: ExecRobotTask;
04/03/19;14:53:13.604;INFO;Controller;Status = Executing: Load;
04/03/19;14:53:13.604;INFO;Controller;State = Running;
04/03/19;14:53:15.001;INFO;Robot Runtime;executing:    Load;
04/03/19;14:53:21.334;INFO;Controller;Activity ExecRobotTask ended. Return value: Done False/True/False;
04/03/19;14:53:21.334;INFO;Controller;State = Ready;
04/03/19;14:53:21.342;INFO;Server;Command: ExecRobotTask (Mount,500000);
04/03/19;14:53:21.342;INFO;Controller;Executing asynchronous activity: ExecRobotTask;
04/03/19;14:53:21.342;INFO;Controller;Status = Executing: Mount;
04/03/19;14:53:21.342;INFO;Controller;State = Running;
04/03/19;14:53:22.250;INFO;Robot Runtime;executing:    Mount;
04/03/19;14:53:28.576;INFO;Controller;Activity ExecRobotTask ended. Return value: Done True/False/False;
04/03/19;14:53:28.576;INFO;Controller;State = Ready;
04/03/19;14:53:28.591;INFO;Server;Command: ExecRobotTask (Park,500000);
04/03/19;14:53:28.591;INFO;Controller;Executing asynchronous activity: ExecRobotTask;
04/03/19;14:53:28.592;INFO;Controller;Status = Executing: Park;
04/03/19;14:53:28.592;INFO;Controller;State = Running;
04/03/19;14:53:29.439;INFO;Robot Runtime;executing:    Park;
04/03/19;14:53:33.082;INFO;Controller;Activity ExecRobotTask ended. Return value: Done;
04/03/19;14:53:33.082;INFO;Controller;State = Ready;
04/03/19;14:53:33.098;INFO;Server;Command: ExecRobotTask (UnlatchRobGov,500000);
04/03/19;14:53:33.099;INFO;Controller;Executing asynchronous activity: ExecRobotTask;
04/03/19;14:53:33.099;INFO;Controller;Status = Executing: UnlatchRobGov;
04/03/19;14:53:33.099;INFO;Controller;State = Running;
04/03/19;14:53:34.504;INFO;Robot Runtime;executing:    UnlatchRobGov;
04/03/19;14:53:34.669;INFO;Controller;Activity ExecRobotTask ended. Return value: Done;
04/03/19;14:53:34.669;INFO;Controller;State = Ready;
04/03/19;14:58:04.054;INFO;Server;Command: ExecRobotTask (Unmount,500000);
04/03/19;14:58:04.054;INFO;Controller;Executing asynchronous activity: ExecRobotTask;
04/03/19;14:58:04.060;INFO;Controller;Status = Executing: Unmount;
04/03/19;14:58:04.060;INFO;Controller;State = Running;
04/03/19;14:58:04.967;INFO;Robot Runtime;executing:    Unmount;
04/03/19;14:58:32.914;INFO;Controller;Activity ExecRobotTask ended. Return value: Done False/True/False;
04/03/19;14:58:32.914;INFO;Controller;State = Ready;
04/03/19;14:58:32.955;INFO;Server;Command: ExecRobotTask (Unload,500000);
04/03/19;14:58:32.955;INFO;Controller;Executing asynchronous activity: ExecRobotTask;
04/03/19;14:58:32.955;INFO;Controller;Status = Executing: Unload;
04/03/19;14:58:32.955;INFO;Controller;State = Running;
04/03/19;14:58:33.809;INFO;Robot Runtime;executing:    Unload;
04/03/19;14:58:38.214;INFO;Controller;Activity ExecRobotTask ended. Return value: Done False/False/False;
04/03/19;14:58:38.214;INFO;Controller;State = Ready;
04/03/19;14:58:38.685;INFO;Server;Command: ExecRobotTask (Load,500000);
04/03/19;14:58:38.685;INFO;Controller;Executing asynchronous activity: ExecRobotTask;
04/03/19;14:58:38.685;INFO;Controller;Status = Executing: Load;
04/03/19;14:58:38.685;INFO;Controller;State = Running;
04/03/19;14:58:40.091;INFO;Robot Runtime;executing:    Load;
04/03/19;14:58:46.764;INFO;Controller;Activity ExecRobotTask ended. Return value: Done False/True/False;
04/03/19;14:58:46.765;INFO;Controller;State = Ready;
04/03/19;14:58:46.777;INFO;Server;Command: ExecRobotTask (Mount,500000);
04/03/19;14:58:46.777;INFO;Controller;Executing asynchronous activity: ExecRobotTask;
04/03/19;14:58:46.777;INFO;Controller;Status = Executing: Mount;
04/03/19;14:58:46.777;INFO;Controller;State = Running;
04/03/19;14:58:47.685;INFO;Robot Runtime;executing:    Mount;
04/03/19;14:58:55.073;INFO;Controller;Activity ExecRobotTask ended. Return value: Done True/False/False;
04/03/19;14:58:55.073;INFO;Controller;State = Ready;
04/03/19;14:58:55.085;INFO;Server;Command: ExecRobotTask (Park,500000);
04/03/19;14:58:55.085;INFO;Controller;Executing asynchronous activity: ExecRobotTask;
04/03/19;14:58:55.085;INFO;Controller;Status = Executing: Park;
04/03/19;14:58:55.085;INFO;Controller;State = Running;
04/03/19;14:58:55.933;INFO;Robot Runtime;executing:    Park;
04/03/19;14:58:59.572;INFO;Controller;Activity ExecRobotTask ended. Return value: Done;
04/03/19;14:58:59.572;INFO;Controller;State = Ready;
04/03/19;14:58:59.590;INFO;Server;Command: ExecRobotTask (UnlatchRobGov,500000);
04/03/19;14:58:59.590;INFO;Controller;Executing asynchronous activity: ExecRobotTask;
04/03/19;14:58:59.591;INFO;Controller;Status = Executing: UnlatchRobGov;
04/03/19;14:58:59.591;INFO;Controller;State = Running;
04/03/19;14:59:00.997;INFO;Robot Runtime;executing:    UnlatchRobGov;
04/03/19;14:59:01.166;INFO;Controller;Activity ExecRobotTask ended. Return value: Done;
04/03/19;14:59:01.167;INFO;Controller;State = Ready;
04/03/19;15:08:34.832;INFO;Server;Command: ExecRobotTask (Unmount,500000);
04/03/19;15:08:34.833;INFO;Controller;Executing asynchronous activity: ExecRobotTask;
04/03/19;15:08:34.833;INFO;Controller;Status = Executing: Unmount;
04/03/19;15:08:34.833;INFO;Controller;State = Running;
04/03/19;15:08:35.733;INFO;Robot Runtime;executing:    Unmount;
04/03/19;15:09:03.539;INFO;Controller;Activity ExecRobotTask ended. Return value: Done False/True/False;
04/03/19;15:09:03.539;INFO;Controller;State = Ready;
04/03/19;15:09:03.572;INFO;Server;Command: ExecRobotTask (Unload,500000);
04/03/19;15:09:03.572;INFO;Controller;Executing asynchronous activity: ExecRobotTask;
04/03/19;15:09:03.572;INFO;Controller;Status = Executing: Unload;
04/03/19;15:09:03.572;INFO;Controller;State = Running;
04/03/19;15:09:04.426;INFO;Robot Runtime;executing:    Unload;
04/03/19;15:09:08.846;INFO;Controller;Activity ExecRobotTask ended. Return value: Done False/False/False;
04/03/19;15:09:08.846;INFO;Controller;State = Ready;
04/03/19;15:09:09.257;INFO;Server;Command: ExecRobotTask (Load,500000);
04/03/19;15:09:09.257;INFO;Controller;Executing asynchronous activity: ExecRobotTask;
04/03/19;15:09:09.257;INFO;Controller;Status = Executing: Load;
04/03/19;15:09:09.257;INFO;Controller;State = Running;
04/03/19;15:09:10.652;INFO;Robot Runtime;executing:    Load;
04/03/19;15:09:17.176;INFO;Controller;Activity ExecRobotTask ended. Return value: Done False/True/False;
04/03/19;15:09:17.176;INFO;Controller;State = Ready;
04/03/19;15:09:17.190;INFO;Server;Command: ExecRobotTask (Mount,500000);
04/03/19;15:09:17.190;INFO;Controller;Executing asynchronous activity: ExecRobotTask;
04/03/19;15:09:17.190;INFO;Controller;Status = Executing: Mount;
04/03/19;15:09:17.190;INFO;Controller;State = Running;
04/03/19;15:09:18.094;INFO;Robot Runtime;executing:    Mount;
04/03/19;15:09:25.230;INFO;Controller;Activity ExecRobotTask ended. Return value: Done True/False/False;
04/03/19;15:09:25.230;INFO;Controller;State = Ready;
04/03/19;15:09:25.241;INFO;Server;Command: ExecRobotTask (Park,500000);
04/03/19;15:09:25.242;INFO;Controller;Executing asynchronous activity: ExecRobotTask;
04/03/19;15:09:25.242;INFO;Controller;Status = Executing: Park;
04/03/19;15:09:25.242;INFO;Controller;State = Running;
04/03/19;15:09:26.081;INFO;Robot Runtime;executing:    Park;
04/03/19;15:09:29.478;INFO;Controller;Activity ExecRobotTask ended. Return value: Done;
04/03/19;15:09:29.478;INFO;Controller;State = Ready;
04/03/19;15:09:29.491;INFO;Server;Command: ExecRobotTask (UnlatchRobGov,500000);
04/03/19;15:09:29.492;INFO;Controller;Executing asynchronous activity: ExecRobotTask;
04/03/19;15:09:29.492;INFO;Controller;Status = Executing: UnlatchRobGov;
04/03/19;15:09:29.492;INFO;Controller;State = Running;
04/03/19;15:09:30.905;INFO;Robot Runtime;executing:    UnlatchRobGov;
04/03/19;15:09:31.068;INFO;Controller;Activity ExecRobotTask ended. Return value: Done;
04/03/19;15:09:31.068;INFO;Controller;State = Ready;
04/03/19;15:16:34.637;INFO;Server;Command: ExecRobotTask (Unmount,500000);
04/03/19;15:16:34.637;INFO;Controller;Executing asynchronous activity: ExecRobotTask;
04/03/19;15:16:34.637;INFO;Controller;Status = Executing: Unmount;
04/03/19;15:16:34.638;INFO;Controller;State = Running;
04/03/19;15:16:35.537;INFO;Robot Runtime;executing:    Unmount;
04/03/19;15:16:47.452;INFO;Controller;Activity ExecRobotTask ended. Return value: Done False/True/False;
04/03/19;15:16:47.452;INFO;Controller;State = Ready;
04/03/19;15:16:47.466;INFO;Server;Command: ExecRobotTask (Unload,500000);
04/03/19;15:16:47.466;INFO;Controller;Executing asynchronous activity: ExecRobotTask;
04/03/19;15:16:47.466;INFO;Controller;Status = Executing: Unload;
04/03/19;15:16:47.466;INFO;Controller;State = Running;
04/03/19;15:16:48.315;INFO;Robot Runtime;executing:    Unload;
04/03/19;15:16:52.748;INFO;Controller;Activity ExecRobotTask ended. Return value: Done False/False/False;
04/03/19;15:16:52.748;INFO;Controller;State = Ready;
04/03/19;15:16:53.167;INFO;Server;Command: ExecRobotTask (Load,500000);
04/03/19;15:16:53.168;INFO;Controller;Executing asynchronous activity: ExecRobotTask;
04/03/19;15:16:53.168;INFO;Controller;Status = Executing: Load;
04/03/19;15:16:53.168;INFO;Controller;State = Running;
04/03/19;15:16:54.551;INFO;Robot Runtime;executing:    Load;
04/03/19;15:17:01.110;INFO;Controller;Activity ExecRobotTask ended. Return value: Done False/True/False;
04/03/19;15:17:01.110;INFO;Controller;State = Ready;
04/03/19;15:17:01.127;INFO;Server;Command: ExecRobotTask (Mount,500000);
04/03/19;15:17:01.127;INFO;Controller;Executing asynchronous activity: ExecRobotTask;
04/03/19;15:17:01.127;INFO;Controller;Status = Executing: Mount;
04/03/19;15:17:01.127;INFO;Controller;State = Running;
04/03/19;15:17:02.029;INFO;Robot Runtime;executing:    Mount;
04/03/19;15:17:09.277;INFO;Controller;Activity ExecRobotTask ended. Return value: Done True/False/False;
04/03/19;15:17:09.277;INFO;Controller;State = Ready;
04/03/19;15:17:09.296;INFO;Server;Command: ExecRobotTask (Park,500000);
04/03/19;15:17:09.296;INFO;Controller;Executing asynchronous activity: ExecRobotTask;
04/03/19;15:17:09.296;INFO;Controller;Status = Executing: Park;
04/03/19;15:17:09.296;INFO;Controller;State = Running;
04/03/19;15:17:10.148;INFO;Robot Runtime;executing:    Park;
04/03/19;15:17:13.725;INFO;Controller;Activity ExecRobotTask ended. Return value: Done;
04/03/19;15:17:13.725;INFO;Controller;State = Ready;
04/03/19;15:17:13.740;INFO;Server;Command: ExecRobotTask (UnlatchRobGov,500000);
04/03/19;15:17:13.741;INFO;Controller;Executing asynchronous activity: ExecRobotTask;
04/03/19;15:17:13.741;INFO;Controller;Status = Executing: UnlatchRobGov;
04/03/19;15:17:13.741;INFO;Controller;State = Running;
04/03/19;15:17:15.135;INFO;Robot Runtime;executing:    UnlatchRobGov;
04/03/19;15:17:15.479;INFO;Controller;Activity ExecRobotTask ended. Return value: Done;
04/03/19;15:17:15.479;INFO;Controller;State = Ready;
04/03/19;15:18:53.801;INFO;Server;Command: ExecRobotTask (Unmount,500000);
04/03/19;15:18:53.801;INFO;Controller;Executing asynchronous activity: ExecRobotTask;
04/03/19;15:18:53.801;INFO;Controller;Status = Executing: Unmount;
04/03/19;15:18:53.801;INFO;Controller;State = Running;
04/03/19;15:18:54.709;INFO;Robot Runtime;executing:    Unmount;
04/03/19;15:19:03.376;INFO;Controller;Activity ExecRobotTask ended. Return value: Done False/True/False;
04/03/19;15:19:03.376;INFO;Controller;State = Ready;
04/03/19;15:19:03.389;INFO;Server;Command: ExecRobotTask (Unload,500000);
04/03/19;15:19:03.390;INFO;Controller;Executing asynchronous activity: ExecRobotTask;
04/03/19;15:19:03.390;INFO;Controller;Status = Executing: Unload;
04/03/19;15:19:03.390;INFO;Controller;State = Running;
04/03/19;15:19:04.248;INFO;Robot Runtime;executing:    Unload;
04/03/19;15:19:08.612;INFO;Controller;Activity ExecRobotTask ended. Return value: Done False/False/False;
04/03/19;15:19:08.612;INFO;Controller;State = Ready;
04/03/19;15:19:09.052;INFO;Server;Command: ExecRobotTask (Load,500000);
04/03/19;15:19:09.052;INFO;Controller;Executing asynchronous activity: ExecRobotTask;
04/03/19;15:19:09.052;INFO;Controller;Status = Executing: Load;
04/03/19;15:19:09.052;INFO;Controller;State = Running;
04/03/19;15:19:10.441;INFO;Robot Runtime;executing:    Load;
04/03/19;15:19:16.957;INFO;Controller;Activity ExecRobotTask ended. Return value: Done False/True/False;
04/03/19;15:19:16.957;INFO;Controller;State = Ready;
04/03/19;15:19:16.970;INFO;Server;Command: ExecRobotTask (Mount,500000);
04/03/19;15:19:16.970;INFO;Controller;Executing asynchronous activity: ExecRobotTask;
04/03/19;15:19:16.970;INFO;Controller;Status = Executing: Mount;
04/03/19;15:19:16.970;INFO;Controller;State = Running;
04/03/19;15:19:17.874;INFO;Robot Runtime;executing:    Mount;
04/03/19;15:19:25.264;INFO;Controller;Activity ExecRobotTask ended. Return value: Done True/False/False;
04/03/19;15:19:25.264;INFO;Controller;State = Ready;
04/03/19;15:19:25.282;INFO;Server;Command: ExecRobotTask (Park,500000);
04/03/19;15:19:25.282;INFO;Controller;Executing asynchronous activity: ExecRobotTask;
04/03/19;15:19:25.282;INFO;Controller;Status = Executing: Park;
04/03/19;15:19:25.282;INFO;Controller;State = Running;
04/03/19;15:19:26.136;INFO;Robot Runtime;executing:    Park;
04/03/19;15:19:29.507;INFO;Controller;Activity ExecRobotTask ended. Return value: Done;
04/03/19;15:19:29.507;INFO;Controller;State = Ready;
04/03/19;15:19:29.518;INFO;Server;Command: ExecRobotTask (UnlatchRobGov,500000);
04/03/19;15:19:29.518;INFO;Controller;Executing asynchronous activity: ExecRobotTask;
04/03/19;15:19:29.518;INFO;Controller;Status = Executing: UnlatchRobGov;
04/03/19;15:19:29.518;INFO;Controller;State = Running;
04/03/19;15:19:30.924;INFO;Robot Runtime;executing:    UnlatchRobGov;
04/03/19;15:19:31.094;INFO;Controller;Activity ExecRobotTask ended. Return value: Done;
04/03/19;15:19:31.095;INFO;Controller;State = Ready;
04/03/19;15:23:39.657;INFO;Server;Command: ExecRobotTask (Unmount,500000);
04/03/19;15:23:39.657;INFO;Controller;Executing asynchronous activity: ExecRobotTask;
04/03/19;15:23:39.657;INFO;Controller;Status = Executing: Unmount;
04/03/19;15:23:39.657;INFO;Controller;State = Running;
04/03/19;15:23:40.548;INFO;Robot Runtime;executing:    Unmount;
04/03/19;15:23:51.266;INFO;Controller;Activity ExecRobotTask ended. Return value: Done False/True/False;
04/03/19;15:23:51.266;INFO;Controller;State = Ready;
04/03/19;15:23:51.276;INFO;Server;Command: ExecRobotTask (Unload,500000);
04/03/19;15:23:51.276;INFO;Controller;Executing asynchronous activity: ExecRobotTask;
04/03/19;15:23:51.276;INFO;Controller;Status = Executing: Unload;
04/03/19;15:23:51.276;INFO;Controller;State = Running;
04/03/19;15:23:52.120;INFO;Robot Runtime;executing:    Unload;
04/03/19;15:23:56.565;INFO;Controller;Activity ExecRobotTask ended. Return value: Done False/False/False;
04/03/19;15:23:56.565;INFO;Controller;State = Ready;
04/03/19;15:23:56.976;INFO;Server;Command: ExecRobotTask (Load,500000);
04/03/19;15:23:56.976;INFO;Controller;Executing asynchronous activity: ExecRobotTask;
04/03/19;15:23:56.976;INFO;Controller;Status = Executing: Load;
04/03/19;15:23:56.976;INFO;Controller;State = Running;
04/03/19;15:23:58.363;INFO;Robot Runtime;executing:    Load;
04/03/19;15:24:04.923;INFO;Controller;Activity ExecRobotTask ended. Return value: Done False/True/False;
04/03/19;15:24:04.923;INFO;Controller;State = Ready;
04/03/19;15:24:04.939;INFO;Server;Command: ExecRobotTask (Mount,500000);
04/03/19;15:24:04.940;INFO;Controller;Executing asynchronous activity: ExecRobotTask;
04/03/19;15:24:04.940;INFO;Controller;Status = Executing: Mount;
04/03/19;15:24:04.940;INFO;Controller;State = Running;
04/03/19;15:24:05.841;INFO;Robot Runtime;executing:    Mount;
04/03/19;15:24:13.069;INFO;Controller;Activity ExecRobotTask ended. Return value: Done True/False/False;
04/03/19;15:24:13.069;INFO;Controller;State = Ready;
04/03/19;15:24:13.088;INFO;Server;Command: ExecRobotTask (Park,500000);
04/03/19;15:24:13.088;INFO;Controller;Executing asynchronous activity: ExecRobotTask;
04/03/19;15:24:13.088;INFO;Controller;Status = Executing: Park;
04/03/19;15:24:13.088;INFO;Controller;State = Running;
04/03/19;15:24:13.942;INFO;Robot Runtime;executing:    Park;
04/03/19;15:24:17.483;INFO;Controller;Activity ExecRobotTask ended. Return value: Done;
04/03/19;15:24:17.483;INFO;Controller;State = Ready;
04/03/19;15:24:17.494;INFO;Server;Command: ExecRobotTask (UnlatchRobGov,500000);
04/03/19;15:24:17.494;INFO;Controller;Executing asynchronous activity: ExecRobotTask;
04/03/19;15:24:17.494;INFO;Controller;Status = Executing: UnlatchRobGov;
04/03/19;15:24:17.494;INFO;Controller;State = Running;
04/03/19;15:24:18.906;INFO;Robot Runtime;executing:    UnlatchRobGov;
04/03/19;15:24:19.074;INFO;Controller;Activity ExecRobotTask ended. Return value: Done;
04/03/19;15:24:19.074;INFO;Controller;State = Ready;
04/03/19;15:29:10.984;INFO;Server;Command: ExecRobotTask (Unmount,500000);
04/03/19;15:29:10.984;INFO;Controller;Executing asynchronous activity: ExecRobotTask;
04/03/19;15:29:10.984;INFO;Controller;Status = Executing: Unmount;
04/03/19;15:29:10.984;INFO;Controller;State = Running;
04/03/19;15:29:11.886;INFO;Robot Runtime;executing:    Unmount;
04/03/19;15:29:21.524;INFO;Controller;Activity ExecRobotTask ended. Return value: Done False/True/False;
04/03/19;15:29:21.525;INFO;Controller;State = Ready;
04/03/19;15:29:21.542;INFO;Server;Command: ExecRobotTask (Unload,500000);
04/03/19;15:29:21.542;INFO;Controller;Executing asynchronous activity: ExecRobotTask;
04/03/19;15:29:21.543;INFO;Controller;Status = Executing: Unload;
04/03/19;15:29:21.543;INFO;Controller;State = Running;
04/03/19;15:29:22.391;INFO;Robot Runtime;executing:    Unload;
04/03/19;15:29:26.745;INFO;Controller;Activity ExecRobotTask ended. Return value: Done False/False/False;
04/03/19;15:29:26.745;INFO;Controller;State = Ready;
04/03/19;15:29:27.170;INFO;Server;Command: ExecRobotTask (Load,500000);
04/03/19;15:29:27.170;INFO;Controller;Executing asynchronous activity: ExecRobotTask;
04/03/19;15:29:27.170;INFO;Controller;Status = Executing: Load;
04/03/19;15:29:27.170;INFO;Controller;State = Running;
04/03/19;15:29:28.563;INFO;Robot Runtime;executing:    Load;
04/03/19;15:29:35.105;INFO;Controller;Activity ExecRobotTask ended. Return value: Done False/True/False;
04/03/19;15:29:35.106;INFO;Controller;State = Ready;
04/03/19;15:29:35.115;INFO;Server;Command: ExecRobotTask (Mount,500000);
04/03/19;15:29:35.115;INFO;Controller;Executing asynchronous activity: ExecRobotTask;
04/03/19;15:29:35.115;INFO;Controller;Status = Executing: Mount;
04/03/19;15:29:35.115;INFO;Controller;State = Running;
04/03/19;15:29:36.020;INFO;Robot Runtime;executing:    Mount;
04/03/19;15:29:42.941;INFO;Controller;Activity ExecRobotTask ended. Return value: Done True/False/False;
04/03/19;15:29:42.942;INFO;Controller;State = Ready;
04/03/19;15:29:42.950;INFO;Server;Command: ExecRobotTask (Park,500000);
04/03/19;15:29:42.950;INFO;Controller;Executing asynchronous activity: ExecRobotTask;
04/03/19;15:29:42.950;INFO;Controller;Status = Executing: Park;
04/03/19;15:29:42.950;INFO;Controller;State = Running;
04/03/19;15:29:43.797;INFO;Robot Runtime;executing:    Park;
04/03/19;15:29:47.194;INFO;Controller;Activity ExecRobotTask ended. Return value: Done;
04/03/19;15:29:47.194;INFO;Controller;State = Ready;
04/03/19;15:29:47.211;INFO;Server;Command: ExecRobotTask (UnlatchRobGov,500000);
04/03/19;15:29:47.212;INFO;Controller;Executing asynchronous activity: ExecRobotTask;
04/03/19;15:29:47.212;INFO;Controller;Status = Executing: UnlatchRobGov;
04/03/19;15:29:47.212;INFO;Controller;State = Running;
04/03/19;15:29:48.615;INFO;Robot Runtime;executing:    UnlatchRobGov;
04/03/19;15:29:48.782;INFO;Controller;Activity ExecRobotTask ended. Return value: Done;
04/03/19;15:29:48.782;INFO;Controller;State = Ready;
04/03/19;15:38:34.815;INFO;Server;Command: ExecRobotTask (Unmount,500000);
04/03/19;15:38:34.815;INFO;Controller;Executing asynchronous activity: ExecRobotTask;
04/03/19;15:38:34.815;INFO;Controller;Status = Executing: Unmount;
04/03/19;15:38:34.815;INFO;Controller;State = Running;
04/03/19;15:38:35.722;INFO;Robot Runtime;executing:    Unmount;
04/03/19;15:38:44.854;INFO;Controller;Activity ExecRobotTask ended. Return value: Done False/True/False;
04/03/19;15:38:44.854;INFO;Controller;State = Ready;
04/03/19;15:38:44.859;INFO;Server;Command: ExecRobotTask (Unload,500000);
04/03/19;15:38:44.860;INFO;Controller;Executing asynchronous activity: ExecRobotTask;
04/03/19;15:38:44.860;INFO;Controller;Status = Executing: Unload;
04/03/19;15:38:44.860;INFO;Controller;State = Running;
04/03/19;15:38:45.711;INFO;Robot Runtime;executing:    Unload;
04/03/19;15:38:50.149;INFO;Controller;Activity ExecRobotTask ended. Return value: Done False/False/False;
04/03/19;15:38:50.149;INFO;Controller;State = Ready;
04/03/19;15:38:50.603;INFO;Server;Command: ExecRobotTask (Load,500000);
04/03/19;15:38:50.604;INFO;Controller;Executing asynchronous activity: ExecRobotTask;
04/03/19;15:38:50.604;INFO;Controller;Status = Executing: Load;
04/03/19;15:38:50.604;INFO;Controller;State = Running;
04/03/19;15:38:51.997;INFO;Robot Runtime;executing:    Load;
04/03/19;15:38:58.313;INFO;Controller;Activity ExecRobotTask ended. Return value: Done False/True/False;
04/03/19;15:38:58.313;INFO;Controller;State = Ready;
04/03/19;15:38:58.326;INFO;Server;Command: ExecRobotTask (Mount,500000);
04/03/19;15:38:58.326;INFO;Controller;Executing asynchronous activity: ExecRobotTask;
04/03/19;15:38:58.326;INFO;Controller;Status = Executing: Mount;
04/03/19;15:38:58.326;INFO;Controller;State = Running;
04/03/19;15:38:59.230;INFO;Robot Runtime;executing:    Mount;
04/03/19;15:39:06.528;INFO;Controller;Activity ExecRobotTask ended. Return value: Done True/False/False;
04/03/19;15:39:06.528;INFO;Controller;State = Ready;
04/03/19;15:39:06.543;INFO;Server;Command: ExecRobotTask (Park,500000);
04/03/19;15:39:06.543;INFO;Controller;Executing asynchronous activity: ExecRobotTask;
04/03/19;15:39:06.543;INFO;Controller;Status = Executing: Park;
04/03/19;15:39:06.543;INFO;Controller;State = Running;
04/03/19;15:39:07.391;INFO;Robot Runtime;executing:    Park;
04/03/19;15:39:11.030;INFO;Controller;Activity ExecRobotTask ended. Return value: Done;
04/03/19;15:39:11.030;INFO;Controller;State = Ready;
04/03/19;15:39:11.042;INFO;Server;Command: ExecRobotTask (UnlatchRobGov,500000);
04/03/19;15:39:11.042;INFO;Controller;Executing asynchronous activity: ExecRobotTask;
04/03/19;15:39:11.042;INFO;Controller;Status = Executing: UnlatchRobGov;
04/03/19;15:39:11.042;INFO;Controller;State = Running;
04/03/19;15:39:12.443;INFO;Robot Runtime;executing:    UnlatchRobGov;
04/03/19;15:39:12.787;INFO;Controller;Activity ExecRobotTask ended. Return value: Done;
04/03/19;15:39:12.787;INFO;Controller;State = Ready;
04/03/19;15:47:02.774;INFO;Server;Command: ExecRobotTask (Unmount,500000);
04/03/19;15:47:02.774;INFO;Controller;Executing asynchronous activity: ExecRobotTask;
04/03/19;15:47:02.774;INFO;Controller;Status = Executing: Unmount;
04/03/19;15:47:02.774;INFO;Controller;State = Running;
04/03/19;15:47:03.687;INFO;Robot Runtime;executing:    Unmount;
04/03/19;15:47:12.785;INFO;Controller;Activity ExecRobotTask ended. Return value: Done False/True/False;
04/03/19;15:47:12.785;INFO;Controller;State = Ready;
04/03/19;15:47:12.827;INFO;Server;Command: ExecRobotTask (Unload,500000);
04/03/19;15:47:12.827;INFO;Controller;Executing asynchronous activity: ExecRobotTask;
04/03/19;15:47:12.827;INFO;Controller;Status = Executing: Unload;
04/03/19;15:47:12.827;INFO;Controller;State = Running;
04/03/19;15:47:13.680;INFO;Robot Runtime;executing:    Unload;
04/03/19;15:47:18.089;INFO;Controller;Activity ExecRobotTask ended. Return value: Done False/False/False;
04/03/19;15:47:18.089;INFO;Controller;State = Ready;
04/03/19;15:47:18.561;INFO;Server;Command: ExecRobotTask (Load,500000);
04/03/19;15:47:18.561;INFO;Controller;Executing asynchronous activity: ExecRobotTask;
04/03/19;15:47:18.561;INFO;Controller;Status = Executing: Load;
04/03/19;15:47:18.562;INFO;Controller;State = Running;
04/03/19;15:47:19.956;INFO;Robot Runtime;executing:    Load;
04/03/19;15:47:26.658;INFO;Controller;Activity ExecRobotTask ended. Return value: Done False/True/True;
04/03/19;15:47:26.658;INFO;Controller;State = Ready;
04/03/19;15:47:26.666;INFO;Server;Command: ExecRobotTask (Unload,500000);
04/03/19;15:47:26.666;INFO;Controller;Executing asynchronous activity: ExecRobotTask;
04/03/19;15:47:26.666;INFO;Controller;Status = Executing: Unload;
04/03/19;15:47:26.666;INFO;Controller;State = Running;
04/03/19;15:47:27.576;INFO;Robot Runtime;executing:    Unload;
04/03/19;15:47:31.956;INFO;Controller;Activity ExecRobotTask ended. Return value: Done False/False/False;
04/03/19;15:47:31.956;INFO;Controller;State = Ready;
04/03/19;15:47:31.973;INFO;Server;Command: ExecRobotTask (Park,500000);
04/03/19;15:47:31.973;INFO;Controller;Executing asynchronous activity: ExecRobotTask;
04/03/19;15:47:31.973;INFO;Controller;Status = Executing: Park;
04/03/19;15:47:31.973;INFO;Controller;State = Running;
04/03/19;15:47:32.816;INFO;Robot Runtime;executing:    Park;
04/03/19;15:47:36.204;INFO;Controller;Activity ExecRobotTask ended. Return value: Done;
04/03/19;15:47:36.204;INFO;Controller;State = Ready;
04/03/19;15:47:41.381;INFO;Server;Command: ExecRobotTask (Initialize,500000);
04/03/19;15:47:41.381;INFO;Controller;Executing asynchronous activity: ExecRobotTask;
04/03/19;15:47:41.382;INFO;Controller;Status = Executing: Initialize;
04/03/19;15:47:41.382;INFO;Controller;State = Running;
04/03/19;15:47:42.750;INFO;Robot Runtime;executing:    Initialize;
04/03/19;15:47:42.911;INFO;Controller;Activity ExecRobotTask ended. Return value: Done;
04/03/19;15:47:42.912;INFO;Controller;State = Ready;
04/03/19;15:47:42.927;INFO;Server;Command: ExecRobotTask (LatchRobGov,500000);
04/03/19;15:47:42.928;INFO;Controller;Executing asynchronous activity: ExecRobotTask;
04/03/19;15:47:42.928;INFO;Controller;Status = Executing: LatchRobGov;
04/03/19;15:47:42.928;INFO;Controller;State = Running;
04/03/19;15:47:44.373;INFO;Robot Runtime;executing:    LatchRobGov;
04/03/19;15:47:44.828;INFO;Controller;Activity ExecRobotTask ended. Return value: Done;
04/03/19;15:47:44.828;INFO;Controller;State = Ready;
04/03/19;15:47:44.837;INFO;Server;Command: ExecRobotTask (TraceSample,500000);
04/03/19;15:47:44.837;INFO;Controller;Executing asynchronous activity: ExecRobotTask;
04/03/19;15:47:44.837;INFO;Controller;Status = Executing: TraceSample;
04/03/19;15:47:44.837;INFO;Controller;State = Running;
04/03/19;15:47:45.717;INFO;Robot Runtime;executing:    TraceSample;
04/03/19;15:47:47.927;INFO;Controller;Activity ExecRobotTask ended. Return value: Done False/False/False;
04/03/19;15:47:47.927;INFO;Controller;State = Ready;
04/03/19;15:47:47.944;INFO;Server;Command: ExecRobotTask (CoolDown,500000);
04/03/19;15:47:47.944;INFO;Controller;Executing asynchronous activity: ExecRobotTask;
04/03/19;15:47:47.944;INFO;Controller;Status = Executing: CoolDown;
04/03/19;15:47:47.944;INFO;Controller;State = Running;
04/03/19;15:47:48.789;INFO;Robot Runtime;executing:    CoolDown;
04/03/19;15:47:49.285;INFO;Controller;Activity ExecRobotTask ended. Return value: Done;
04/03/19;15:47:49.285;INFO;Controller;State = Ready;
04/03/19;15:47:49.487;INFO;Server;Command: ExecRobotTask (Load,500000);
04/03/19;15:47:49.487;INFO;Controller;Executing asynchronous activity: ExecRobotTask;
04/03/19;15:47:49.487;INFO;Controller;Status = Executing: Load;
04/03/19;15:47:49.487;INFO;Controller;State = Running;
04/03/19;15:47:50.900;INFO;Robot Runtime;executing:    Load;
04/03/19;15:47:59.349;INFO;Controller;Activity ExecRobotTask ended. Return value: Done False/True/False;
04/03/19;15:47:59.349;INFO;Controller;State = Ready;
04/03/19;15:47:59.362;INFO;Server;Command: ExecRobotTask (Mount,500000);
04/03/19;15:47:59.363;INFO;Controller;Executing asynchronous activity: ExecRobotTask;
04/03/19;15:47:59.363;INFO;Controller;Status = Executing: Mount;
04/03/19;15:47:59.363;INFO;Controller;State = Running;
04/03/19;15:48:00.242;INFO;Robot Runtime;executing:    Mount;
04/03/19;15:48:07.400;INFO;Controller;Activity ExecRobotTask ended. Return value: Done True/False/False;
04/03/19;15:48:07.401;INFO;Controller;State = Ready;
04/03/19;15:48:07.418;INFO;Server;Command: ExecRobotTask (Park,500000);
04/03/19;15:48:07.418;INFO;Controller;Executing asynchronous activity: ExecRobotTask;
04/03/19;15:48:07.418;INFO;Controller;Status = Executing: Park;
04/03/19;15:48:07.418;INFO;Controller;State = Running;
04/03/19;15:48:08.268;INFO;Robot Runtime;executing:    Park;
04/03/19;15:48:11.664;INFO;Controller;Activity ExecRobotTask ended. Return value: Done;
04/03/19;15:48:11.664;INFO;Controller;State = Ready;
04/03/19;15:48:11.682;INFO;Server;Command: ExecRobotTask (UnlatchRobGov,500000);
04/03/19;15:48:11.682;INFO;Controller;Executing asynchronous activity: ExecRobotTask;
04/03/19;15:48:11.682;INFO;Controller;Status = Executing: UnlatchRobGov;
04/03/19;15:48:11.682;INFO;Controller;State = Running;
04/03/19;15:48:13.117;INFO;Robot Runtime;executing:    UnlatchRobGov;
04/03/19;15:48:13.264;INFO;Controller;Activity ExecRobotTask ended. Return value: Done;
04/03/19;15:48:13.264;INFO;Controller;State = Ready;
04/03/19;16:05:14.084;INFO;Server;Command: ExecRobotTask (Unmount,500000);
04/03/19;16:05:14.084;INFO;Controller;Executing asynchronous activity: ExecRobotTask;
04/03/19;16:05:14.085;INFO;Controller;Status = Executing: Unmount;
04/03/19;16:05:14.085;INFO;Controller;State = Running;
04/03/19;16:05:14.974;INFO;Robot Runtime;executing:    Unmount;
04/03/19;16:05:25.257;INFO;Controller;Activity ExecRobotTask ended. Return value: Done False/True/False;
04/03/19;16:05:25.258;INFO;Controller;State = Ready;
04/03/19;16:05:25.277;INFO;Server;Command: ExecRobotTask (Unload,500000);
04/03/19;16:05:25.277;INFO;Controller;Executing asynchronous activity: ExecRobotTask;
04/03/19;16:05:25.277;INFO;Controller;Status = Executing: Unload;
04/03/19;16:05:25.277;INFO;Controller;State = Running;
04/03/19;16:05:26.121;INFO;Robot Runtime;executing:    Unload;
04/03/19;16:05:30.549;INFO;Controller;Activity ExecRobotTask ended. Return value: Done False/False/False;
04/03/19;16:05:30.549;INFO;Controller;State = Ready;
04/03/19;16:05:31.004;INFO;Server;Command: ExecRobotTask (Load,500000);
04/03/19;16:05:31.004;INFO;Controller;Executing asynchronous activity: ExecRobotTask;
04/03/19;16:05:31.004;INFO;Controller;Status = Executing: Load;
04/03/19;16:05:31.004;INFO;Controller;State = Running;
04/03/19;16:05:32.383;INFO;Robot Runtime;executing:    Load;
04/03/19;16:05:38.724;INFO;Controller;Activity ExecRobotTask ended. Return value: Done False/True/False;
04/03/19;16:05:38.724;INFO;Controller;State = Ready;
04/03/19;16:05:38.742;INFO;Server;Command: ExecRobotTask (Mount,500000);
04/03/19;16:05:38.742;INFO;Controller;Executing asynchronous activity: ExecRobotTask;
04/03/19;16:05:38.742;INFO;Controller;Status = Executing: Mount;
04/03/19;16:05:38.742;INFO;Controller;State = Running;
04/03/19;16:05:39.645;INFO;Robot Runtime;executing:    Mount;
04/03/19;16:05:45.578;INFO;Controller;Activity ExecRobotTask ended. Return value: Done True/False/False;
04/03/19;16:05:45.578;INFO;Controller;State = Ready;
04/03/19;16:05:45.598;INFO;Server;Command: ExecRobotTask (Park,500000);
04/03/19;16:05:45.598;INFO;Controller;Executing asynchronous activity: ExecRobotTask;
04/03/19;16:05:45.598;INFO;Controller;Status = Executing: Park;
04/03/19;16:05:45.598;INFO;Controller;State = Running;
04/03/19;16:05:46.450;INFO;Robot Runtime;executing:    Park;
04/03/19;16:05:50.001;INFO;Controller;Activity ExecRobotTask ended. Return value: Done;
04/03/19;16:05:50.001;INFO;Controller;State = Ready;
04/03/19;16:05:50.019;INFO;Server;Command: ExecRobotTask (UnlatchRobGov,500000);
04/03/19;16:05:50.020;INFO;Controller;Executing asynchronous activity: ExecRobotTask;
04/03/19;16:05:50.020;INFO;Controller;Status = Executing: UnlatchRobGov;
04/03/19;16:05:50.020;INFO;Controller;State = Running;
04/03/19;16:05:51.420;INFO;Robot Runtime;executing:    UnlatchRobGov;
04/03/19;16:05:51.755;INFO;Controller;Activity ExecRobotTask ended. Return value: Done;
04/03/19;16:05:51.755;INFO;Controller;State = Ready;
04/03/19;16:08:05.500;INFO;Server;Command: ExecRobotTask (Unmount,500000);
04/03/19;16:08:05.500;INFO;Controller;Executing asynchronous activity: ExecRobotTask;
04/03/19;16:08:05.501;INFO;Controller;Status = Executing: Unmount;
04/03/19;16:08:05.501;INFO;Controller;State = Running;
04/03/19;16:08:06.402;INFO;Robot Runtime;executing:    Unmount;
04/03/19;16:08:16.757;INFO;Controller;Activity ExecRobotTask ended. Return value: Done False/True/False;
04/03/19;16:08:16.757;INFO;Controller;State = Ready;
04/03/19;16:08:16.794;INFO;Server;Command: ExecRobotTask (Unload,500000);
04/03/19;16:08:16.794;INFO;Controller;Executing asynchronous activity: ExecRobotTask;
04/03/19;16:08:16.794;INFO;Controller;Status = Executing: Unload;
04/03/19;16:08:16.794;INFO;Controller;State = Running;
04/03/19;16:08:17.648;INFO;Robot Runtime;executing:    Unload;
04/03/19;16:08:21.984;INFO;Controller;Activity ExecRobotTask ended. Return value: Done False/False/False;
04/03/19;16:08:21.984;INFO;Controller;State = Ready;
04/03/19;16:08:22.400;INFO;Server;Command: ExecRobotTask (Load,500000);
04/03/19;16:08:22.400;INFO;Controller;Executing asynchronous activity: ExecRobotTask;
04/03/19;16:08:22.401;INFO;Controller;Status = Executing: Load;
04/03/19;16:08:22.401;INFO;Controller;State = Running;
04/03/19;16:08:23.789;INFO;Robot Runtime;executing:    Load;
04/03/19;16:08:30.348;INFO;Controller;Activity ExecRobotTask ended. Return value: Done False/True/False;
04/03/19;16:08:30.348;INFO;Controller;State = Ready;
04/03/19;16:08:30.358;INFO;Server;Command: ExecRobotTask (Mount,500000);
04/03/19;16:08:30.358;INFO;Controller;Executing asynchronous activity: ExecRobotTask;
04/03/19;16:08:30.358;INFO;Controller;Status = Executing: Mount;
04/03/19;16:08:30.358;INFO;Controller;State = Running;
04/03/19;16:08:31.265;INFO;Robot Runtime;executing:    Mount;
04/03/19;16:08:38.635;INFO;Controller;Activity ExecRobotTask ended. Return value: Done True/False/False;
04/03/19;16:08:38.635;INFO;Controller;State = Ready;
04/03/19;16:08:38.647;INFO;Server;Command: ExecRobotTask (Park,500000);
04/03/19;16:08:38.647;INFO;Controller;Executing asynchronous activity: ExecRobotTask;
04/03/19;16:08:38.647;INFO;Controller;Status = Executing: Park;
04/03/19;16:08:38.647;INFO;Controller;State = Running;
04/03/19;16:08:39.496;INFO;Robot Runtime;executing:    Park;
04/03/19;16:08:42.878;INFO;Controller;Activity ExecRobotTask ended. Return value: Done;
04/03/19;16:08:42.878;INFO;Controller;State = Ready;
04/03/19;16:08:42.895;INFO;Server;Command: ExecRobotTask (UnlatchRobGov,500000);
04/03/19;16:08:42.895;INFO;Controller;Executing asynchronous activity: ExecRobotTask;
04/03/19;16:08:42.895;INFO;Controller;Status = Executing: UnlatchRobGov;
04/03/19;16:08:42.895;INFO;Controller;State = Running;
04/03/19;16:08:44.304;INFO;Robot Runtime;executing:    UnlatchRobGov;
04/03/19;16:08:44.475;INFO;Controller;Activity ExecRobotTask ended. Return value: Done;
04/03/19;16:08:44.475;INFO;Controller;State = Ready;
04/03/19;16:12:01.725;INFO;Server;Command: ExecRobotTask (Unmount,500000);
04/03/19;16:12:01.726;INFO;Controller;Executing asynchronous activity: ExecRobotTask;
04/03/19;16:12:01.726;INFO;Controller;Status = Executing: Unmount;
04/03/19;16:12:01.726;INFO;Controller;State = Running;
04/03/19;16:12:02.639;INFO;Robot Runtime;executing:    Unmount;
04/03/19;16:12:14.466;INFO;Controller;Activity ExecRobotTask ended. Return value: Done False/True/False;
04/03/19;16:12:14.466;INFO;Controller;State = Ready;
04/03/19;16:12:14.483;INFO;Server;Command: ExecRobotTask (Unload,500000);
04/03/19;16:12:14.483;INFO;Controller;Executing asynchronous activity: ExecRobotTask;
04/03/19;16:12:14.483;INFO;Controller;Status = Executing: Unload;
04/03/19;16:12:14.483;INFO;Controller;State = Running;
04/03/19;16:12:15.338;INFO;Robot Runtime;executing:    Unload;
04/03/19;16:12:19.781;INFO;Controller;Activity ExecRobotTask ended. Return value: Done False/False/False;
04/03/19;16:12:19.781;INFO;Controller;State = Ready;
04/03/19;16:12:20.197;INFO;Server;Command: ExecRobotTask (Load,500000);
04/03/19;16:12:20.197;INFO;Controller;Executing asynchronous activity: ExecRobotTask;
04/03/19;16:12:20.197;INFO;Controller;Status = Executing: Load;
04/03/19;16:12:20.197;INFO;Controller;State = Running;
04/03/19;16:12:21.585;INFO;Robot Runtime;executing:    Load;
04/03/19;16:12:28.087;INFO;Controller;Activity ExecRobotTask ended. Return value: Done False/True/False;
04/03/19;16:12:28.087;INFO;Controller;State = Ready;
04/03/19;16:12:28.099;INFO;Server;Command: ExecRobotTask (Mount,500000);
04/03/19;16:12:28.099;INFO;Controller;Executing asynchronous activity: ExecRobotTask;
04/03/19;16:12:28.099;INFO;Controller;Status = Executing: Mount;
04/03/19;16:12:28.099;INFO;Controller;State = Running;
04/03/19;16:12:28.995;INFO;Robot Runtime;executing:    Mount;
04/03/19;16:12:35.675;INFO;Controller;Activity ExecRobotTask ended. Return value: Done True/False/False;
04/03/19;16:12:35.675;INFO;Controller;State = Ready;
04/03/19;16:12:35.689;INFO;Server;Command: ExecRobotTask (Park,500000);
04/03/19;16:12:35.689;INFO;Controller;Executing asynchronous activity: ExecRobotTask;
04/03/19;16:12:35.689;INFO;Controller;Status = Executing: Park;
04/03/19;16:12:35.689;INFO;Controller;State = Running;
04/03/19;16:12:36.532;INFO;Robot Runtime;executing:    Park;
04/03/19;16:12:39.924;INFO;Controller;Activity ExecRobotTask ended. Return value: Done;
04/03/19;16:12:39.925;INFO;Controller;State = Ready;
04/03/19;16:12:39.933;INFO;Server;Command: ExecRobotTask (UnlatchRobGov,500000);
04/03/19;16:12:39.933;INFO;Controller;Executing asynchronous activity: ExecRobotTask;
04/03/19;16:12:39.934;INFO;Controller;Status = Executing: UnlatchRobGov;
04/03/19;16:12:39.934;INFO;Controller;State = Running;
04/03/19;16:12:41.350;INFO;Robot Runtime;executing:    UnlatchRobGov;
04/03/19;16:12:41.520;INFO;Controller;Activity ExecRobotTask ended. Return value: Done;
04/03/19;16:12:41.520;INFO;Controller;State = Ready;
04/03/19;16:20:10.446;INFO;Server;Command: ExecRobotTask (Unmount,500000);
04/03/19;16:20:10.446;INFO;Controller;Executing asynchronous activity: ExecRobotTask;
04/03/19;16:20:10.446;INFO;Controller;Status = Executing: Unmount;
04/03/19;16:20:10.446;INFO;Controller;State = Running;
04/03/19;16:20:11.360;INFO;Robot Runtime;executing:    Unmount;
04/03/19;16:20:20.286;INFO;Controller;Activity ExecRobotTask ended. Return value: Done False/True/False;
04/03/19;16:20:20.286;INFO;Controller;State = Ready;
04/03/19;16:20:20.307;INFO;Server;Command: ExecRobotTask (Unload,500000);
04/03/19;16:20:20.308;INFO;Controller;Executing asynchronous activity: ExecRobotTask;
04/03/19;16:20:20.308;INFO;Controller;Status = Executing: Unload;
04/03/19;16:20:20.308;INFO;Controller;State = Running;
04/03/19;16:20:21.155;INFO;Robot Runtime;executing:    Unload;
04/03/19;16:20:25.587;INFO;Controller;Activity ExecRobotTask ended. Return value: Done False/False/False;
04/03/19;16:20:25.587;INFO;Controller;State = Ready;
04/03/19;16:20:26.005;INFO;Server;Command: ExecRobotTask (Load,500000);
04/03/19;16:20:26.006;INFO;Controller;Executing asynchronous activity: ExecRobotTask;
04/03/19;16:20:26.006;INFO;Controller;Status = Executing: Load;
04/03/19;16:20:26.006;INFO;Controller;State = Running;
04/03/19;16:20:27.396;INFO;Robot Runtime;executing:    Load;
04/03/19;16:20:33.741;INFO;Controller;Activity ExecRobotTask ended. Return value: Done False/True/False;
04/03/19;16:20:33.741;INFO;Controller;State = Ready;
04/03/19;16:20:33.757;INFO;Server;Command: ExecRobotTask (Mount,500000);
04/03/19;16:20:33.757;INFO;Controller;Executing asynchronous activity: ExecRobotTask;
04/03/19;16:20:33.757;INFO;Controller;Status = Executing: Mount;
04/03/19;16:20:33.757;INFO;Controller;State = Running;
04/03/19;16:20:34.657;INFO;Robot Runtime;executing:    Mount;
04/03/19;16:20:41.452;INFO;Controller;Activity ExecRobotTask ended. Return value: Done True/False/False;
04/03/19;16:20:41.452;INFO;Controller;State = Ready;
04/03/19;16:20:41.464;INFO;Server;Command: ExecRobotTask (Park,500000);
04/03/19;16:20:41.464;INFO;Controller;Executing asynchronous activity: ExecRobotTask;
04/03/19;16:20:41.464;INFO;Controller;Status = Executing: Park;
04/03/19;16:20:41.464;INFO;Controller;State = Running;
04/03/19;16:20:42.336;INFO;Robot Runtime;executing:    Park;
04/03/19;16:20:45.704;INFO;Controller;Activity ExecRobotTask ended. Return value: Done;
04/03/19;16:20:45.704;INFO;Controller;State = Ready;
04/03/19;16:20:45.716;INFO;Server;Command: ExecRobotTask (UnlatchRobGov,500000);
04/03/19;16:20:45.717;INFO;Controller;Executing asynchronous activity: ExecRobotTask;
04/03/19;16:20:45.717;INFO;Controller;Status = Executing: UnlatchRobGov;
04/03/19;16:20:45.717;INFO;Controller;State = Running;
04/03/19;16:20:46.631;INFO;Robot Runtime;executing:    UnlatchRobGov;
04/03/19;16:20:47.155;INFO;Controller;Activity ExecRobotTask ended. Return value: Done;
04/03/19;16:20:47.155;INFO;Controller;State = Ready;
04/03/19;17:49:55.373;INFO;Server;Command: ExecRobotTask (Initialize,500000);
04/03/19;17:49:55.373;INFO;Controller;Executing asynchronous activity: ExecRobotTask;
04/03/19;17:49:55.373;INFO;Controller;Status = Executing: Initialize;
04/03/19;17:49:55.373;INFO;Controller;State = Running;
04/03/19;17:49:56.648;INFO;Robot Runtime;executing:    Initialize;
04/03/19;17:49:57.819;INFO;Controller;Activity ExecRobotTask ended. Return value: Done;
04/03/19;17:49:57.819;INFO;Controller;State = Ready;
04/03/19;17:49:58.028;INFO;Server;Command: ExecRobotTask (Unmount,500000);
04/03/19;17:49:58.028;INFO;Controller;Executing asynchronous activity: ExecRobotTask;
04/03/19;17:49:58.028;INFO;Controller;Status = Executing: Unmount;
04/03/19;17:49:58.028;INFO;Controller;State = Running;
04/03/19;17:49:58.952;INFO;Robot Runtime;executing:    Unmount;
04/03/19;17:50:08.513;INFO;Controller;Activity ExecRobotTask ended. Return value: Done False/True/False;
04/03/19;17:50:08.514;INFO;Controller;State = Ready;
04/03/19;17:50:08.525;INFO;Server;Command: ExecRobotTask (Unload,500000);
04/03/19;17:50:08.526;INFO;Controller;Executing asynchronous activity: ExecRobotTask;
04/03/19;17:50:08.526;INFO;Controller;Status = Executing: Unload;
04/03/19;17:50:08.526;INFO;Controller;State = Running;
04/03/19;17:50:09.406;INFO;Robot Runtime;executing:    Unload;
04/03/19;17:50:13.870;INFO;Controller;Activity ExecRobotTask ended. Return value: Done False/False/False;
04/03/19;17:50:13.870;INFO;Controller;State = Ready;
04/03/19;17:50:13.974;INFO;Server;Command: ExecRobotTask (UnlatchRobGov,500000);
04/03/19;17:50:13.974;INFO;Controller;Executing asynchronous activity: ExecRobotTask;
04/03/19;17:50:13.974;INFO;Controller;Status = Executing: UnlatchRobGov;
04/03/19;17:50:13.974;INFO;Controller;State = Running;
04/03/19;17:50:15.325;INFO;Robot Runtime;executing:    UnlatchRobGov;
04/03/19;17:50:16.143;INFO;Controller;Activity ExecRobotTask ended. Return value: Done;
04/03/19;17:50:16.143;INFO;Controller;State = Ready;
04/03/19;17:50:16.167;INFO;Server;Command: ExecRobotTask (Finish,500000);
04/03/19;17:50:16.168;INFO;Controller;Executing asynchronous activity: ExecRobotTask;
04/03/19;17:50:16.168;INFO;Controller;Status = Executing: Finish;
04/03/19;17:50:16.168;INFO;Controller;State = Running;
04/03/19;17:50:17.567;INFO;Robot Runtime;executing:    Finish;
04/03/19;17:52:31.355;INFO;Controller;Activity ExecRobotTask ended. Return value: Done;
04/03/19;17:52:31.356;INFO;Controller;State = Ready;
04/03/19;17:57:56.912;INFO;Server;Command: ExecRobotTask (Initialize,500000);
04/03/19;17:57:56.912;INFO;Controller;Executing asynchronous activity: ExecRobotTask;
04/03/19;17:57:56.912;INFO;Controller;Status = Executing: Initialize;
04/03/19;17:57:56.912;INFO;Controller;State = Running;
04/03/19;17:57:57.806;INFO;Robot Runtime;executing:    Initialize;
04/03/19;17:57:58.990;INFO;Controller;Activity ExecRobotTask ended. Return value: Done;
04/03/19;17:57:58.991;INFO;Controller;State = Ready;
04/03/19;17:57:59.005;INFO;Server;Command: ExecRobotTask (LatchRobGov,500000);
04/03/19;17:57:59.005;INFO;Controller;Executing asynchronous activity: ExecRobotTask;
04/03/19;17:57:59.005;INFO;Controller;Status = Executing: LatchRobGov;
04/03/19;17:57:59.005;INFO;Controller;State = Running;
04/03/19;17:58:00.434;INFO;Robot Runtime;executing:    LatchRobGov;
04/03/19;17:58:00.993;INFO;Controller;Activity ExecRobotTask ended. Return value: Done;
04/03/19;17:58:00.993;INFO;Controller;State = Ready;
04/03/19;17:58:01.015;INFO;Server;Command: ExecRobotTask (TraceSample,500000);
04/03/19;17:58:01.015;INFO;Controller;Executing asynchronous activity: ExecRobotTask;
04/03/19;17:58:01.015;INFO;Controller;Status = Executing: TraceSample;
04/03/19;17:58:01.015;INFO;Controller;State = Running;
04/03/19;17:58:01.889;INFO;Robot Runtime;executing:    TraceSample;
04/03/19;17:58:02.709;INFO;Controller;Activity ExecRobotTask ended. Return value: Done False/False/False;
04/03/19;17:58:02.709;INFO;Controller;State = Ready;
04/03/19;17:58:02.723;INFO;Server;Command: ExecRobotTask (CoolDown,500000);
04/03/19;17:58:02.723;INFO;Controller;Executing asynchronous activity: ExecRobotTask;
04/03/19;17:58:02.723;INFO;Controller;Status = Executing: CoolDown;
04/03/19;17:58:02.723;INFO;Controller;State = Running;
04/03/19;17:58:03.565;INFO;Robot Runtime;executing:    CoolDown;
04/03/19;17:59:37.899;INFO;Controller;Activity ExecRobotTask ended. Return value: Done;
04/03/19;17:59:37.899;INFO;Controller;State = Ready;
04/03/19;17:59:38.106;INFO;Server;Command: ExecRobotTask (Load,500000);
04/03/19;17:59:38.107;INFO;Controller;Executing asynchronous activity: ExecRobotTask;
04/03/19;17:59:38.107;INFO;Controller;Status = Executing: Load;
04/03/19;17:59:38.107;INFO;Controller;State = Running;
04/03/19;17:59:39.522;INFO;Robot Runtime;executing:    Load;
04/03/19;17:59:48.735;INFO;Controller;Activity ExecRobotTask ended. Return value: Done False/True/False;
04/03/19;17:59:48.735;INFO;Controller;State = Ready;
04/03/19;17:59:48.753;INFO;Server;Command: ExecRobotTask (Mount,500000);
04/03/19;17:59:48.753;INFO;Controller;Executing asynchronous activity: ExecRobotTask;
04/03/19;17:59:48.753;INFO;Controller;Status = Executing: Mount;
04/03/19;17:59:48.753;INFO;Controller;State = Running;
04/03/19;17:59:49.627;INFO;Robot Runtime;executing:    Mount;
04/03/19;17:59:56.886;INFO;Controller;Activity ExecRobotTask ended. Return value: Done True/False/False;
04/03/19;17:59:56.886;INFO;Controller;State = Ready;
04/03/19;17:59:56.901;INFO;Server;Command: ExecRobotTask (Park,500000);
04/03/19;17:59:56.901;INFO;Controller;Executing asynchronous activity: ExecRobotTask;
04/03/19;17:59:56.901;INFO;Controller;Status = Executing: Park;
04/03/19;17:59:56.901;INFO;Controller;State = Running;
04/03/19;17:59:57.749;INFO;Robot Runtime;executing:    Park;
04/03/19;18:00:00.900;INFO;Controller;Activity ExecRobotTask ended. Return value: Done;
04/03/19;18:00:00.900;INFO;Controller;State = Ready;
04/03/19;18:00:00.942;INFO;Server;Command: ExecRobotTask (UnlatchRobGov,500000);
04/03/19;18:00:00.942;INFO;Controller;Executing asynchronous activity: ExecRobotTask;
04/03/19;18:00:00.942;INFO;Controller;Status = Executing: UnlatchRobGov;
04/03/19;18:00:00.942;INFO;Controller;State = Running;
04/03/19;18:00:02.361;INFO;Robot Runtime;executing:    UnlatchRobGov;
04/03/19;18:00:02.815;INFO;Controller;Activity ExecRobotTask ended. Return value: Done;
04/03/19;18:00:02.815;INFO;Controller;State = Ready;
04/03/19;18:06:18.621;INFO;Server;Command: ExecRobotTask (Unmount,500000);
04/03/19;18:06:18.621;INFO;Controller;Executing asynchronous activity: ExecRobotTask;
04/03/19;18:06:18.621;INFO;Controller;Status = Executing: Unmount;
04/03/19;18:06:18.621;INFO;Controller;State = Running;
04/03/19;18:06:19.537;INFO;Robot Runtime;executing:    Unmount;
04/03/19;18:06:29.701;INFO;Controller;Activity ExecRobotTask ended. Return value: Done False/True/False;
04/03/19;18:06:29.702;INFO;Controller;State = Ready;
04/03/19;18:06:29.719;INFO;Server;Command: ExecRobotTask (Unload,500000);
04/03/19;18:06:29.719;INFO;Controller;Executing asynchronous activity: ExecRobotTask;
04/03/19;18:06:29.719;INFO;Controller;Status = Executing: Unload;
04/03/19;18:06:29.719;INFO;Controller;State = Running;
04/03/19;18:06:30.572;INFO;Robot Runtime;executing:    Unload;
04/03/19;18:06:36.653;INFO;Controller;Activity ExecRobotTask ended. Return value: Done False/False/False;
04/03/19;18:06:36.653;INFO;Controller;State = Ready;
04/03/19;18:06:37.088;INFO;Server;Command: ExecRobotTask (Load,500000);
04/03/19;18:06:37.088;INFO;Controller;Executing asynchronous activity: ExecRobotTask;
04/03/19;18:06:37.088;INFO;Controller;Status = Executing: Load;
04/03/19;18:06:37.088;INFO;Controller;State = Running;
04/03/19;18:06:38.506;INFO;Robot Runtime;executing:    Load;
04/03/19;18:06:51.940;WARNING;Robot Runtime;AUTORECOVER=====> Found false kick. Resume Robot Power;
04/03/19;18:06:58.965;WARNING;Robot Runtime;AUTORECOVER=====> Failed to enable Robot Power;
04/03/19;18:06:59.031;INFO;Controller;Activity ExecRobotTask ended. Return value: ;
04/03/19;18:06:59.031;INFO;Controller;State = Ready;
04/03/19;18:08:17.153;INFO;Server;Command: Abort;
04/03/19;18:08:17.153;INFO;Robot;Abort;
04/03/19;18:08:17.247;INFO;Server;Command: Restart;
04/03/19;18:08:17.248;INFO;Controller;State = Initializing;
04/03/19;18:08:17.277;INFO;Controller;Initialized log services - Startup: 25/02/19 11:27:55;
04/03/19;18:08:18.284;INFO;Epics Server;Exiting running thread;
04/03/19;18:08:18.287;INFO;Epics Server;Registered PV: SW:Version;
04/03/19;18:08:18.287;INFO;Epics Server;Registered PV: SW:Status;
04/03/19;18:08:18.287;INFO;Epics Server;Registered PV: SW:Uptime;
04/03/19;18:08:18.288;INFO;Epics Server;Registered PV: SW:LastTaskInfo;
04/03/19;18:08:18.288;INFO;Epics Server;Registered PV: SW:AlarmList;
04/03/19;18:08:18.288;INFO;Epics Server;Registered PV: SW:LocalGuiLockOut;
04/03/19;18:08:18.288;INFO;Epics Server;Registered PV: SW:RobotSpeed;
04/03/19;18:08:18.288;INFO;Epics Server;Registered PV: SW:LastTaskException;
04/03/19;18:08:18.288;INFO;Epics Server;Registered PV: SW:LastTaskOutput;
04/03/19;18:08:18.288;INFO;Epics Server;Registered PV: SW:RobotState;
04/03/19;18:08:18.288;INFO;Epics Server;Registered PV: SW:CartesianPositions;
04/03/19;18:08:18.288;INFO;Epics Server;Registered PV: SW:JointPositions;
04/03/19;18:08:18.288;INFO;Epics Server;Registered PV: SW:State;
04/03/19;18:08:18.288;INFO;Epics Server;Registered PV: SW:abort;
04/03/19;18:08:18.288;INFO;Epics Server;Registered PV: SW:restart;
04/03/19;18:08:18.288;INFO;Epics Server;Registered PV: SW:getTaskInfo;
04/03/19;18:08:18.288;INFO;Epics Server;Registered PV: SW:isTaskRunning;
04/03/19;18:08:18.288;INFO;Epics Server;Registered PV: SW:checkTaskResult;
04/03/19;18:08:18.288;INFO;Epics Server;Registered PV: SW:startTestTask;
04/03/19;18:08:18.288;INFO;Epics Server;Registered PV: SW:pauseRobot;
04/03/19;18:08:18.288;INFO;Epics Server;Registered PV: SW:resumeRobot;
04/03/19;18:08:18.288;INFO;Epics Server;Registered PV: SW:setRobotVariable;
04/03/19;18:08:18.288;INFO;Epics Server;Registered PV: SW:isSampleMounted;
04/03/19;18:08:18.289;INFO;Epics Server;Registered PV: SW:startRobotTask;
04/03/19;18:08:18.289;INFO;Epics Server;Registered PV: SW:getRobotVariable;
04/03/19;18:08:18.289;INFO;Epics Server;Registered PV: SW:getDistance;
04/03/19;18:08:18.289;INFO;Epics Server;Initializing: Channel Access Server in Java v1.1.1;
04/03/19;18:08:18.289;INFO;Epics Server;Started server: ready to accept requests;
04/03/19;18:08:18.885;INFO;Controller;Initializing Robot;
04/03/19;18:08:18.888;INFO;Robot;Setting reference frame to: world;
04/03/19;18:08:19.016;INFO;Controller;Initializing Bus Controller;
04/03/19;18:08:19.016;INFO;Anti-Collision;Active = true;
04/03/19;18:08:19.016;INFO;Controller;State = Starting;
04/03/19;18:08:19.018;INFO;Controller;Command: Reset;
04/03/19;18:08:19.018;INFO;Controller;Executing asynchronous script: ./script/Reset.py;
04/03/19;18:08:19.018;INFO;Controller;Status = Reseting;
04/03/19;18:08:19.018;INFO;Controller;State = Running;
04/03/19;18:08:19.204;INFO;Controller;Script host: localhost:40715;
04/03/19;18:08:19.204;INFO;Script;Starting initialization script;
04/03/19;18:08:19.206;INFO;Script;Do nothing;
04/03/19;18:08:19.207;INFO;Controller;Script ./script/Reset.py ended. Return value: ;
04/03/19;18:08:19.207;INFO;Controller;State = Ready;
04/03/19;18:08:25.775;INFO;Server;Command: ExecRobotTask (Recover,500000);
04/03/19;18:08:25.776;INFO;Controller;Executing asynchronous activity: ExecRobotTask;
04/03/19;18:08:25.776;INFO;Controller;Status = Executing: Recover;
04/03/19;18:08:25.776;INFO;Controller;State = Running;
04/03/19;18:08:27.345;INFO;Robot Runtime;executing:    Recover;
04/03/19;18:08:28.194;INFO;Robot Runtime;Unrecognized Location;
04/03/19;18:08:28.217;INFO;Robot Runtime;Near Location1 [Dewar] at distance of 139.998;
04/03/19;18:08:28.237;INFO;Robot Runtime;Near Location2 [Park] at distance of 173.747;
04/03/19;18:08:50.694;INFO;Robot Runtime;Done;
04/03/19;18:08:51.130;INFO;Controller;Activity ExecRobotTask ended. Return value: Done;
04/03/19;18:08:51.130;INFO;Controller;State = Ready;
04/03/19;18:09:02.859;INFO;Server;Command: ExecRobotTask (Initialize,500000);
04/03/19;18:09:02.859;INFO;Controller;Executing asynchronous activity: ExecRobotTask;
04/03/19;18:09:02.859;INFO;Controller;Status = Executing: Initialize;
04/03/19;18:09:02.859;INFO;Controller;State = Running;
04/03/19;18:09:03.736;INFO;Robot Runtime;executing:    Initialize;
04/03/19;18:09:04.255;INFO;Controller;Activity ExecRobotTask ended. Return value: Done;
04/03/19;18:09:04.255;INFO;Controller;State = Ready;
04/03/19;18:09:04.268;INFO;Server;Command: ExecRobotTask (CoolDown,500000);
04/03/19;18:09:04.268;INFO;Controller;Executing asynchronous activity: ExecRobotTask;
04/03/19;18:09:04.268;INFO;Controller;Status = Executing: CoolDown;
04/03/19;18:09:04.269;INFO;Controller;State = Running;
04/03/19;18:09:05.112;INFO;Robot Runtime;executing:    CoolDown;
04/03/19;18:09:05.455;INFO;Controller;Activity ExecRobotTask ended. Return value: Done;
04/03/19;18:09:05.455;INFO;Controller;State = Ready;
04/03/19;18:09:21.749;INFO;Interface;Command: ExecRobotTask (park,-1);
04/03/19;18:09:21.750;INFO;Controller;Executing asynchronous activity: ExecRobotTask;
04/03/19;18:09:21.750;INFO;Controller;Status = Executing: park;
04/03/19;18:09:21.750;INFO;Controller;State = Running;
04/03/19;18:09:23.138;INFO;Robot Runtime;executing:    park;
04/03/19;18:09:27.411;INFO;Controller;Activity ExecRobotTask ended. Return value: Done;
04/03/19;18:09:27.411;INFO;Controller;State = Ready;
04/03/19;18:09:43.360;INFO;Server;Command: ExecRobotTask (Initialize,500000);
04/03/19;18:09:43.360;INFO;Controller;Executing asynchronous activity: ExecRobotTask;
04/03/19;18:09:43.360;INFO;Controller;Status = Executing: Initialize;
04/03/19;18:09:43.360;INFO;Controller;State = Running;
04/03/19;18:09:44.230;INFO;Robot Runtime;executing:    Initialize;
04/03/19;18:09:44.378;INFO;Controller;Activity ExecRobotTask ended. Return value: Done;
04/03/19;18:09:44.378;INFO;Controller;State = Ready;
04/03/19;18:09:44.391;INFO;Server;Command: ExecRobotTask (LatchRobGov,500000);
04/03/19;18:09:44.391;INFO;Controller;Executing asynchronous activity: ExecRobotTask;
04/03/19;18:09:44.391;INFO;Controller;Status = Executing: LatchRobGov;
04/03/19;18:09:44.391;INFO;Controller;State = Running;
04/03/19;18:09:45.821;INFO;Robot Runtime;executing:    LatchRobGov;
04/03/19;18:09:46.390;INFO;Controller;Activity ExecRobotTask ended. Return value: Done;
04/03/19;18:09:46.390;INFO;Controller;State = Ready;
04/03/19;18:09:46.407;INFO;Server;Command: ExecRobotTask (TraceSample,500000);
04/03/19;18:09:46.407;INFO;Controller;Executing asynchronous activity: ExecRobotTask;
04/03/19;18:09:46.407;INFO;Controller;Status = Executing: TraceSample;
04/03/19;18:09:46.407;INFO;Controller;State = Running;
04/03/19;18:09:47.275;INFO;Robot Runtime;executing:    TraceSample;
04/03/19;18:09:50.320;INFO;Controller;Activity ExecRobotTask ended. Return value: Done False/False/False;
04/03/19;18:09:50.321;INFO;Controller;State = Ready;
04/03/19;18:09:50.343;INFO;Server;Command: ExecRobotTask (CoolDown,500000);
04/03/19;18:09:50.343;INFO;Controller;Executing asynchronous activity: ExecRobotTask;
04/03/19;18:09:50.343;INFO;Controller;Status = Executing: CoolDown;
04/03/19;18:09:50.343;INFO;Controller;State = Running;
04/03/19;18:09:51.187;INFO;Robot Runtime;executing:    CoolDown;
04/03/19;18:09:51.355;INFO;Controller;Activity ExecRobotTask ended. Return value: Done;
04/03/19;18:09:51.355;INFO;Controller;State = Ready;
04/03/19;18:09:51.565;INFO;Server;Command: ExecRobotTask (Load,500000);
04/03/19;18:09:51.565;INFO;Controller;Executing asynchronous activity: ExecRobotTask;
04/03/19;18:09:51.565;INFO;Controller;Status = Executing: Load;
04/03/19;18:09:51.565;INFO;Controller;State = Running;
04/03/19;18:09:52.989;INFO;Robot Runtime;executing:    Load;
04/03/19;18:10:06.280;WARNING;Robot Runtime;AUTORECOVER=====> Found false kick. Resume Robot Power;
04/03/19;18:10:13.300;WARNING;Robot Runtime;AUTORECOVER=====> Failed to enable Robot Power;
04/03/19;18:10:13.343;INFO;Controller;Activity ExecRobotTask ended. Return value: ;
04/03/19;18:10:13.343;INFO;Controller;State = Ready;
04/03/19;18:16:08.783;INFO;Server;Command: ExecRobotTask (Initialize,500000);
04/03/19;18:16:08.784;INFO;Controller;Executing asynchronous activity: ExecRobotTask;
04/03/19;18:16:08.784;INFO;Controller;Status = Executing: Initialize;
04/03/19;18:16:08.784;INFO;Controller;State = Running;
04/03/19;18:16:09.659;INFO;Robot Runtime;executing:    Initialize;
04/03/19;18:16:10.820;INFO;Controller;Activity ExecRobotTask ended. Return value: Done;
04/03/19;18:16:10.821;INFO;Controller;State = Ready;
04/03/19;18:16:10.845;INFO;Server;Command: ExecRobotTask (UnlatchRobGov,500000);
04/03/19;18:16:10.846;INFO;Controller;Executing asynchronous activity: ExecRobotTask;
04/03/19;18:16:10.846;INFO;Controller;Status = Executing: UnlatchRobGov;
04/03/19;18:16:10.846;INFO;Controller;State = Running;
04/03/19;18:16:12.249;INFO;Robot Runtime;executing:    UnlatchRobGov;
04/03/19;18:16:12.820;INFO;Controller;Activity ExecRobotTask ended. Return value: Done;
04/03/19;18:16:12.820;INFO;Controller;State = Ready;
04/03/19;18:16:12.843;INFO;Server;Command: ExecRobotTask (Home,500000);
04/03/19;18:16:12.844;INFO;Controller;Executing asynchronous activity: ExecRobotTask;
04/03/19;18:16:12.844;INFO;Controller;Status = Executing: Home;
04/03/19;18:16:12.844;INFO;Controller;State = Running;
04/03/19;18:16:13.707;INFO;Robot Runtime;executing:    Home;
04/03/19;18:16:14.271;INFO;Controller;Activity ExecRobotTask ended. Return value: Done;
04/03/19;18:16:14.272;INFO;Controller;State = Ready;
04/03/19;18:16:14.293;INFO;Server;Command: ExecRobotTask (Finish,500000);
04/03/19;18:16:14.293;INFO;Controller;Executing asynchronous activity: ExecRobotTask;
04/03/19;18:16:14.293;INFO;Controller;Status = Executing: Finish;
04/03/19;18:16:14.293;INFO;Controller;State = Running;
04/03/19;18:16:15.701;INFO;Robot Runtime;executing:    Finish;
04/03/19;18:18:01.748;INFO;Controller;Activity ExecRobotTask ended. Return value: Done;
04/03/19;18:18:01.748;INFO;Controller;State = Ready;
04/03/19;18:18:22.999;INFO;Server;Command: ExecRobotTask (Initialize,500000);
04/03/19;18:18:22.999;INFO;Controller;Executing asynchronous activity: ExecRobotTask;
04/03/19;18:18:22.999;INFO;Controller;Status = Executing: Initialize;
04/03/19;18:18:22.999;INFO;Controller;State = Running;
04/03/19;18:18:23.870;INFO;Robot Runtime;executing:    Initialize;
04/03/19;18:18:25.138;INFO;Controller;Activity ExecRobotTask ended. Return value: Done;
04/03/19;18:18:25.138;INFO;Controller;State = Ready;
04/03/19;18:18:25.160;INFO;Server;Command: ExecRobotTask (LatchRobGov,500000);
04/03/19;18:18:25.160;INFO;Controller;Executing asynchronous activity: ExecRobotTask;
04/03/19;18:18:25.160;INFO;Controller;Status = Executing: LatchRobGov;
04/03/19;18:18:25.160;INFO;Controller;State = Running;
04/03/19;18:18:26.562;INFO;Robot Runtime;executing:    LatchRobGov;
04/03/19;18:18:27.136;INFO;Controller;Activity ExecRobotTask ended. Return value: Done;
04/03/19;18:18:27.136;INFO;Controller;State = Ready;
04/03/19;18:18:27.159;INFO;Server;Command: ExecRobotTask (TraceSample,500000);
04/03/19;18:18:27.160;INFO;Controller;Executing asynchronous activity: ExecRobotTask;
04/03/19;18:18:27.160;INFO;Controller;Status = Executing: TraceSample;
04/03/19;18:18:27.160;INFO;Controller;State = Running;
04/03/19;18:18:28.053;INFO;Robot Runtime;executing:    TraceSample;
04/03/19;18:18:28.684;INFO;Controller;Activity ExecRobotTask ended. Return value: Done False/False/False;
04/03/19;18:18:28.684;INFO;Controller;State = Ready;
04/03/19;18:18:28.702;INFO;Server;Command: ExecRobotTask (CoolDown,500000);
04/03/19;18:18:28.702;INFO;Controller;Executing asynchronous activity: ExecRobotTask;
04/03/19;18:18:28.702;INFO;Controller;Status = Executing: CoolDown;
04/03/19;18:18:28.702;INFO;Controller;State = Running;
04/03/19;18:18:29.553;INFO;Robot Runtime;executing:    CoolDown;
04/03/19;18:20:01.848;INFO;Controller;Activity ExecRobotTask ended. Return value: Done;
04/03/19;18:20:01.848;INFO;Controller;State = Ready;
04/03/19;18:20:02.054;INFO;Server;Command: ExecRobotTask (Load,500000);
04/03/19;18:20:02.054;INFO;Controller;Executing asynchronous activity: ExecRobotTask;
04/03/19;18:20:02.055;INFO;Controller;Status = Executing: Load;
04/03/19;18:20:02.055;INFO;Controller;State = Running;
04/03/19;18:20:03.461;INFO;Robot Runtime;executing:    Load;
04/03/19;18:20:12.675;INFO;Controller;Activity ExecRobotTask ended. Return value: Done False/True/False;
04/03/19;18:20:12.675;INFO;Controller;State = Ready;
04/03/19;18:20:12.693;INFO;Server;Command: ExecRobotTask (Mount,500000);
04/03/19;18:20:12.693;INFO;Controller;Executing asynchronous activity: ExecRobotTask;
04/03/19;18:20:12.693;INFO;Controller;Status = Executing: Mount;
04/03/19;18:20:12.693;INFO;Controller;State = Running;
04/03/19;18:20:13.599;INFO;Robot Runtime;executing:    Mount;
04/03/19;18:20:21.499;INFO;Controller;Activity ExecRobotTask ended. Return value: Done True/False/False;
04/03/19;18:20:21.500;INFO;Controller;State = Ready;
04/03/19;18:20:21.525;INFO;Server;Command: ExecRobotTask (Park,500000);
04/03/19;18:20:21.525;INFO;Controller;Executing asynchronous activity: ExecRobotTask;
04/03/19;18:20:21.525;INFO;Controller;Status = Executing: Park;
04/03/19;18:20:21.525;INFO;Controller;State = Running;
04/03/19;18:20:22.374;INFO;Robot Runtime;executing:    Park;
04/03/19;18:20:25.612;INFO;Controller;Activity ExecRobotTask ended. Return value: Done;
04/03/19;18:20:25.612;INFO;Controller;State = Ready;
04/03/19;18:20:25.635;INFO;Server;Command: ExecRobotTask (UnlatchRobGov,500000);
04/03/19;18:20:25.635;INFO;Controller;Executing asynchronous activity: ExecRobotTask;
04/03/19;18:20:25.635;INFO;Controller;Status = Executing: UnlatchRobGov;
04/03/19;18:20:25.635;INFO;Controller;State = Running;
04/03/19;18:20:27.047;INFO;Robot Runtime;executing:    UnlatchRobGov;
04/03/19;18:20:27.533;INFO;Controller;Activity ExecRobotTask ended. Return value: Done;
04/03/19;18:20:27.533;INFO;Controller;State = Ready;
04/03/19;18:27:46.894;INFO;Server;Command: ExecRobotTask (Unmount,500000);
04/03/19;18:27:46.895;INFO;Controller;Executing asynchronous activity: ExecRobotTask;
04/03/19;18:27:46.895;INFO;Controller;Status = Executing: Unmount;
04/03/19;18:27:46.895;INFO;Controller;State = Running;
04/03/19;18:27:47.814;INFO;Robot Runtime;executing:    Unmount;
04/03/19;18:27:59.150;INFO;Controller;Activity ExecRobotTask ended. Return value: Done False/True/False;
04/03/19;18:27:59.150;INFO;Controller;State = Ready;
04/03/19;18:27:59.175;INFO;Server;Command: ExecRobotTask (Unload,500000);
04/03/19;18:27:59.175;INFO;Controller;Executing asynchronous activity: ExecRobotTask;
04/03/19;18:27:59.175;INFO;Controller;Status = Executing: Unload;
04/03/19;18:27:59.175;INFO;Controller;State = Running;
04/03/19;18:28:00.030;INFO;Robot Runtime;executing:    Unload;
04/03/19;18:28:04.457;INFO;Controller;Activity ExecRobotTask ended. Return value: Done False/False/False;
04/03/19;18:28:04.458;INFO;Controller;State = Ready;
04/03/19;18:28:04.572;INFO;Server;Command: ExecRobotTask (UnlatchRobGov,500000);
04/03/19;18:28:04.572;INFO;Controller;Executing asynchronous activity: ExecRobotTask;
04/03/19;18:28:04.573;INFO;Controller;Status = Executing: UnlatchRobGov;
04/03/19;18:28:04.573;INFO;Controller;State = Running;
04/03/19;18:28:05.955;INFO;Robot Runtime;executing:    UnlatchRobGov;
04/03/19;18:28:06.701;INFO;Controller;Activity ExecRobotTask ended. Return value: Done;
04/03/19;18:28:06.701;INFO;Controller;State = Ready;
04/03/19;18:28:06.726;INFO;Server;Command: ExecRobotTask (Finish,500000);
04/03/19;18:28:06.727;INFO;Controller;Executing asynchronous activity: ExecRobotTask;
04/03/19;18:28:06.727;INFO;Controller;Status = Executing: Finish;
04/03/19;18:28:06.727;INFO;Controller;State = Running;
04/03/19;18:28:07.665;INFO;Robot Runtime;executing:    Finish;
04/03/19;18:30:16.081;INFO;Controller;Activity ExecRobotTask ended. Return value: Done;
04/03/19;18:30:16.082;INFO;Controller;State = Ready;
