12/07/19;14:05:26.221;INFO;Interface;Command: ExecRobotTask (checktoolconfig,-1);
12/07/19;14:05:26.221;INFO;Controller;Executing asynchronous activity: ExecRobotTask;
12/07/19;14:05:26.222;INFO;Controller;Status = Executing: checktoolconfig;
12/07/19;14:05:26.222;INFO;Controller;State = Running;
12/07/19;14:05:26.461;INFO;Robot Runtime;executing:    checktoolconfig;
12/07/19;14:05:26.503;INFO;Robot Runtime;Invalid Gripper: C014;
12/07/19;14:05:26.537;INFO;Robot Runtime;Invalid Gripper: C017;
12/07/19;14:05:26.557;INFO;Robot Runtime;Valid Gripper: C015;
12/07/19;14:05:26.579;INFO;Robot Runtime;Valid Gripper: C019;
12/07/19;14:05:26.600;INFO;Robot Runtime;Current Tool: C019 (Valid);
12/07/19;14:05:26.834;INFO;Controller;Activity ExecRobotTask ended. Return value: Done;
12/07/19;14:05:26.835;INFO;Controller;State = Ready;
12/07/19;14:15:48.429;INFO;Interface;Command: ExecRobotTask (park,-1);
12/07/19;14:15:48.429;INFO;Controller;Executing asynchronous activity: ExecRobotTask;
12/07/19;14:15:48.430;INFO;Controller;Status = Executing: park;
12/07/19;14:15:48.430;INFO;Controller;State = Running;
12/07/19;14:15:49.464;INFO;Robot Runtime;executing:    park;
12/07/19;14:15:54.507;INFO;Robot Runtime;Failed (Time Out) to open Park Lid.;
12/07/19;14:15:54.859;INFO;Controller;Activity ExecRobotTask ended. Return value: ABORT: Open Park Lid TimeOut;
12/07/19;14:15:54.859;INFO;Controller;State = Ready;
12/07/19;14:16:51.582;INFO;Interface;Command: ExecRobotTask (park,-1);
12/07/19;14:16:51.582;INFO;Controller;Executing asynchronous activity: ExecRobotTask;
12/07/19;14:16:51.582;INFO;Controller;Status = Executing: park;
12/07/19;14:16:51.582;INFO;Controller;State = Running;
12/07/19;14:16:52.712;INFO;Robot Runtime;executing:    park;
12/07/19;14:16:57.757;INFO;Robot Runtime;Failed (Time Out) to open Park Lid.;
12/07/19;14:16:58.007;INFO;Controller;Activity ExecRobotTask ended. Return value: ABORT: Open Park Lid TimeOut;
12/07/19;14:16:58.007;INFO;Controller;State = Ready;
12/07/19;14:17:58.329;INFO;Interface;Command: ExecRobotTask (openparklid,-1);
12/07/19;14:17:58.330;INFO;Controller;Executing asynchronous activity: ExecRobotTask;
12/07/19;14:17:58.330;INFO;Controller;Status = Executing: openparklid;
12/07/19;14:17:58.330;INFO;Controller;State = Running;
12/07/19;14:17:59.159;INFO;Robot Runtime;executing:    openparklid;
12/07/19;14:17:59.853;INFO;Controller;Activity ExecRobotTask ended. Return value: Done;
12/07/19;14:17:59.854;INFO;Controller;State = Ready;
12/07/19;14:18:20.968;INFO;Interface;Command: ExecRobotTask (closeports,-1);
12/07/19;14:18:20.968;INFO;Controller;Executing asynchronous activity: ExecRobotTask;
12/07/19;14:18:20.968;INFO;Controller;Status = Executing: closeports;
12/07/19;14:18:20.968;INFO;Controller;State = Running;
12/07/19;14:18:21.793;INFO;Robot Runtime;executing:    closeports;
12/07/19;14:18:22.087;INFO;Controller;Activity ExecRobotTask ended. Return value: Done;
12/07/19;14:18:22.087;INFO;Controller;State = Ready;
12/07/19;14:18:30.885;INFO;Interface;Command: ExecRobotTask (disableTscreen,-1);
12/07/19;14:18:30.886;INFO;Controller;Executing asynchronous activity: ExecRobotTask;
12/07/19;14:18:30.886;INFO;Controller;Status = Executing: disableTscreen;
12/07/19;14:18:30.886;INFO;Controller;State = Running;
12/07/19;14:18:30.970;INFO;Robot Runtime;executing:    disableTscreen;
12/07/19;14:18:31.206;INFO;Controller;Activity ExecRobotTask ended. Return value: ;
12/07/19;14:18:31.206;INFO;Controller;State = Ready;
12/07/19;14:18:42.903;INFO;Interface;Command: ExecRobotTask (enableTscreen,-1);
12/07/19;14:18:42.903;INFO;Controller;Executing asynchronous activity: ExecRobotTask;
12/07/19;14:18:42.903;INFO;Controller;Status = Executing: enableTscreen;
12/07/19;14:18:42.903;INFO;Controller;State = Running;
12/07/19;14:18:43.886;INFO;Robot Runtime;executing:    enableTscreen;
12/07/19;14:18:44.217;INFO;Controller;Activity ExecRobotTask ended. Return value: Done;
12/07/19;14:18:44.217;INFO;Controller;State = Ready;
12/07/19;14:20:58.476;INFO;Interface;Command: ExecRobotTask (park,-1);
12/07/19;14:20:58.476;INFO;Controller;Executing asynchronous activity: ExecRobotTask;
12/07/19;14:20:58.476;INFO;Controller;Status = Executing: park;
12/07/19;14:20:58.476;INFO;Controller;State = Running;
12/07/19;14:20:59.567;INFO;Robot Runtime;executing:    park;
12/07/19;14:22:05.004;INFO;Controller;Activity ExecRobotTask ended. Return value: Done;
12/07/19;14:22:05.005;INFO;Controller;State = Ready;
12/07/19;14:41:57.393;INFO;Interface;Command: ExecRobotTask (checktoolconfig,-1);
12/07/19;14:41:57.393;INFO;Controller;Executing asynchronous activity: ExecRobotTask;
12/07/19;14:41:57.401;INFO;Controller;Status = Executing: checktoolconfig;
12/07/19;14:41:57.401;INFO;Controller;State = Running;
12/07/19;14:41:57.701;INFO;Robot Runtime;executing:    checktoolconfig;
12/07/19;14:41:57.743;INFO;Robot Runtime;Invalid Gripper: C014;
12/07/19;14:41:57.765;INFO;Robot Runtime;Invalid Gripper: C017;
12/07/19;14:41:57.786;INFO;Robot Runtime;Valid Gripper: C015;
12/07/19;14:41:57.811;INFO;Robot Runtime;Valid Gripper: C019;
12/07/19;14:41:57.832;INFO;Robot Runtime;Current Tool: C019 (Valid);
12/07/19;14:41:58.126;INFO;Controller;Activity ExecRobotTask ended. Return value: Done;
12/07/19;14:41:58.126;INFO;Controller;State = Ready;
12/07/19;14:42:18.249;INFO;Interface;Command: ExecRobotTask (dewarcalib,-1);
12/07/19;14:42:18.249;INFO;Controller;Executing asynchronous activity: ExecRobotTask;
12/07/19;14:42:18.249;INFO;Controller;Status = Executing: dewarcalib;
12/07/19;14:42:18.250;INFO;Controller;State = Running;
12/07/19;14:42:18.308;INFO;Robot Runtime;executing:    dewarcalib;
12/07/19;14:42:18.729;INFO;Controller;Activity ExecRobotTask ended. Return value: ;
12/07/19;14:42:18.729;INFO;Controller;State = Ready;
12/07/19;14:44:51.686;INFO;Interface;Command: ExecRobotTask (initialize,-1);
12/07/19;14:44:51.687;INFO;Controller;Executing asynchronous activity: ExecRobotTask;
12/07/19;14:44:51.687;INFO;Controller;Status = Executing: initialize;
12/07/19;14:44:51.687;INFO;Controller;State = Running;
12/07/19;14:44:52.656;INFO;Robot Runtime;executing:    initialize;
12/07/19;14:44:53.700;INFO;Robot Runtime;Failed to turn on robot power;
12/07/19;14:44:54.039;INFO;Controller;Activity ExecRobotTask ended. Return value: ABORT: Failed to turn on robot power;
12/07/19;14:44:54.039;INFO;Controller;State = Ready;
12/07/19;14:45:35.740;INFO;Interface;Command: ExecRobotTask (initialize,-1);
12/07/19;14:45:35.740;INFO;Controller;Executing asynchronous activity: ExecRobotTask;
12/07/19;14:45:35.740;INFO;Controller;Status = Executing: initialize;
12/07/19;14:45:35.740;INFO;Controller;State = Running;
12/07/19;14:45:36.793;INFO;Robot Runtime;executing:    initialize;
12/07/19;14:45:37.626;INFO;Robot Runtime;Failed to switch MV to run mode;
12/07/19;14:45:38.246;INFO;Controller;Activity ExecRobotTask ended. Return value: ABORT: MV failed to switch to run mode;
12/07/19;14:45:38.246;INFO;Controller;State = Ready;
12/07/19;14:45:40.892;INFO;Robot;Disabling Power;
12/07/19;14:46:01.740;INFO;Interface;Command: ExecRobotTask (dewarCalib,-1);
12/07/19;14:46:01.740;INFO;Controller;Executing asynchronous activity: ExecRobotTask;
12/07/19;14:46:01.740;INFO;Controller;Status = Executing: dewarCalib;
12/07/19;14:46:01.740;INFO;Controller;State = Running;
12/07/19;14:46:01.881;INFO;Robot Runtime;executing:    dewarCalib;
12/07/19;14:46:02.199;INFO;Controller;Activity ExecRobotTask ended. Return value: ;
12/07/19;14:46:02.199;INFO;Controller;State = Ready;
12/07/19;15:02:13.309;INFO;Interface;Command: ExecRobotTask (MT_dewarCalib,-1);
12/07/19;15:02:13.309;INFO;Controller;Executing asynchronous activity: ExecRobotTask;
12/07/19;15:02:13.309;INFO;Controller;Status = Executing: MT_dewarCalib;
12/07/19;15:02:13.309;INFO;Controller;State = Running;
12/07/19;15:02:14.719;INFO;Robot Runtime;executing:    MT_dewarCalib;
12/07/19;15:02:14.762;INFO;Robot Runtime;0;
12/07/19;15:02:56.603;INFO;Controller;Activity ExecRobotTask ended. Return value: ;
12/07/19;15:02:56.604;INFO;Controller;State = Ready;
12/07/19;15:05:36.877;INFO;Interface;Command: ExecRobotTask (openportlid,-1);
12/07/19;15:05:36.877;INFO;Controller;Executing asynchronous activity: ExecRobotTask;
12/07/19;15:05:36.877;INFO;Controller;Status = Executing: openportlid;
12/07/19;15:05:36.877;INFO;Controller;State = Running;
12/07/19;15:05:37.938;INFO;Robot Runtime;executing:    openportlid;
12/07/19;15:05:38.733;INFO;Controller;Activity ExecRobotTask ended. Return value: Done;
12/07/19;15:05:38.733;INFO;Controller;State = Ready;
12/07/19;15:06:00.667;INFO;Interface;Command: ExecRobotTask (Home,-1);
12/07/19;15:06:00.668;INFO;Controller;Executing asynchronous activity: ExecRobotTask;
12/07/19;15:06:00.668;INFO;Controller;Status = Executing: Home;
12/07/19;15:06:00.668;INFO;Controller;State = Running;
12/07/19;15:06:01.499;INFO;Robot Runtime;executing:    Home;
12/07/19;15:06:01.542;WARNING;Robot Runtime;AUTORECOVER=====> Found false kick. Resume Robot Power;
12/07/19;15:06:08.562;WARNING;Robot Runtime;AUTORECOVER=====> Failed to enable Robot Power;
12/07/19;15:06:08.606;INFO;Controller;Activity ExecRobotTask ended. Return value: ;
12/07/19;15:06:08.606;INFO;Controller;State = Ready;
12/07/19;15:07:38.741;INFO;Interface;Command: ExecRobotTask (Home,-1);
12/07/19;15:07:38.742;INFO;Controller;Executing asynchronous activity: ExecRobotTask;
12/07/19;15:07:38.742;INFO;Controller;Status = Executing: Home;
12/07/19;15:07:38.742;INFO;Controller;State = Running;
12/07/19;15:07:39.609;INFO;Robot Runtime;executing:    Home;
12/07/19;15:08:53.083;INFO;Controller;Activity ExecRobotTask ended. Return value: Done;
12/07/19;15:08:53.084;INFO;Controller;State = Ready;
12/07/19;16:09:29.014;INFO;Interface;Command: ExecRobotTask (load,-1);
12/07/19;16:09:29.015;INFO;Controller;Executing asynchronous activity: ExecRobotTask;
12/07/19;16:09:29.015;INFO;Controller;Status = Executing: load;
12/07/19;16:09:29.015;INFO;Controller;State = Running;
12/07/19;16:09:30.126;INFO;Robot Runtime;executing:    load;
12/07/19;16:16:16.521;INFO;Controller;Activity ExecRobotTask ended. Return value: ;
12/07/19;16:16:16.522;INFO;Controller;State = Ready;
12/07/19;16:18:22.511;INFO;Interface;Command: ExecRobotTask (load,-1);
12/07/19;16:18:22.511;INFO;Controller;Executing asynchronous activity: ExecRobotTask;
12/07/19;16:18:22.511;INFO;Controller;Status = Executing: load;
12/07/19;16:18:22.511;INFO;Controller;State = Running;
12/07/19;16:18:32.531;INFO;Robot;Abort;
12/07/19;16:18:32.624;INFO;Controller;Activity ExecRobotTask ended with exception: Timeout waiting busy;
12/07/19;16:18:32.624;WARNING;Activity;Exception: Robot timeout waiting busy
Stack trace:
org.embl.ctrl.Device$TimeoutWaitBusyException: Timeout waiting busy
	at org.embl.dev.staubli.StaubliRobot.executeTask(StaubliRobot.java:1162)
	at org.embl.dev.staubli.StaubliRobot.executeTask(StaubliRobot.java:1124)
	at org.embl.sw.Control.execRobotTask(Control.java:489)
	at org.embl.sw.Control$2.run(Control.java:380)
	at org.embl.task.ActivityManager.runTask(ActivityManager.java:104)
	at org.embl.task.ActivityManager.access$000(ActivityManager.java:22)
	at org.embl.task.ActivityManager$ActivityThread.run(ActivityManager.java:145)
;
12/07/19;16:18:51.569;INFO;Controller;State = Ready;
12/07/19;16:18:53.470;INFO;Interface;Command: Abort;
12/07/19;16:18:53.471;INFO;Robot;Abort;
12/07/19;16:18:54.876;INFO;Interface;Command: Restart;
12/07/19;16:18:54.876;INFO;Controller;State = Initializing;
12/07/19;16:18:54.969;INFO;Controller;Initialized log services - Startup: 09/07/19 18:48:02;
12/07/19;16:18:55.975;INFO;Epics Server;Exiting running thread;
12/07/19;16:18:55.978;INFO;Epics Server;Registered PV: SW:Version;
12/07/19;16:18:55.979;INFO;Epics Server;Registered PV: SW:Status;
12/07/19;16:18:55.979;INFO;Epics Server;Registered PV: SW:Uptime;
12/07/19;16:18:55.979;INFO;Epics Server;Registered PV: SW:LastTaskInfo;
12/07/19;16:18:55.979;INFO;Epics Server;Registered PV: SW:LocalGuiLockOut;
12/07/19;16:18:55.979;INFO;Epics Server;Registered PV: SW:AlarmList;
12/07/19;16:18:55.979;INFO;Epics Server;Registered PV: SW:RobotSpeed;
12/07/19;16:18:55.979;INFO;Epics Server;Registered PV: SW:LastTaskException;
12/07/19;16:18:55.979;INFO;Epics Server;Registered PV: SW:LastTaskOutput;
12/07/19;16:18:55.979;INFO;Epics Server;Registered PV: SW:RobotState;
12/07/19;16:18:55.979;INFO;Epics Server;Registered PV: SW:CartesianPositions;
12/07/19;16:18:55.979;INFO;Epics Server;Registered PV: SW:JointPositions;
12/07/19;16:18:55.980;INFO;Epics Server;Registered PV: SW:State;
12/07/19;16:18:55.980;INFO;Epics Server;Registered PV: SW:abort;
12/07/19;16:18:55.980;INFO;Epics Server;Registered PV: SW:restart;
12/07/19;16:18:55.980;INFO;Epics Server;Registered PV: SW:getTaskInfo;
12/07/19;16:18:55.980;INFO;Epics Server;Registered PV: SW:isTaskRunning;
12/07/19;16:18:55.980;INFO;Epics Server;Registered PV: SW:checkTaskResult;
12/07/19;16:18:55.980;INFO;Epics Server;Registered PV: SW:startTestTask;
12/07/19;16:18:55.980;INFO;Epics Server;Registered PV: SW:pauseRobot;
12/07/19;16:18:55.980;INFO;Epics Server;Registered PV: SW:resumeRobot;
12/07/19;16:18:55.980;INFO;Epics Server;Registered PV: SW:setRobotVariable;
12/07/19;16:18:55.980;INFO;Epics Server;Registered PV: SW:isSampleMounted;
12/07/19;16:18:55.980;INFO;Epics Server;Registered PV: SW:startRobotTask;
12/07/19;16:18:55.980;INFO;Epics Server;Registered PV: SW:getRobotVariable;
12/07/19;16:18:55.980;INFO;Epics Server;Registered PV: SW:getDistance;
12/07/19;16:18:55.980;INFO;Epics Server;Initializing: Channel Access Server in Java v1.1.1;
12/07/19;16:18:55.981;INFO;Epics Server;Started server: ready to accept requests;
12/07/19;16:18:56.575;INFO;Controller;Initializing Robot;
12/07/19;16:18:56.585;INFO;Robot;Setting reference frame to: world;
12/07/19;16:18:56.707;INFO;Controller;Initializing Bus Controller;
12/07/19;16:18:56.708;INFO;Anti-Collision;Active = true;
12/07/19;16:18:56.708;INFO;Controller;State = Starting;
12/07/19;16:18:56.709;INFO;Controller;Command: Reset;
12/07/19;16:18:56.709;INFO;Controller;Executing asynchronous script: ./script/Reset.py;
12/07/19;16:18:56.709;INFO;Controller;Status = Reseting;
12/07/19;16:18:56.709;INFO;Controller;State = Running;
12/07/19;16:18:56.890;INFO;Controller;Script host: localhost:42308;
12/07/19;16:18:56.890;INFO;Script;Starting initialization script;
12/07/19;16:18:56.893;INFO;Script;Do nothing;
12/07/19;16:18:56.894;INFO;Controller;Script ./script/Reset.py ended. Return value: ;
12/07/19;16:18:56.894;INFO;Controller;State = Ready;
12/07/19;16:18:58.311;INFO;Interface;Command: ExecRobotTask (load,-1);
12/07/19;16:18:58.311;INFO;Controller;Executing asynchronous activity: ExecRobotTask;
12/07/19;16:18:58.311;INFO;Controller;Status = Executing: load;
12/07/19;16:18:58.311;INFO;Controller;State = Running;
12/07/19;16:18:59.374;INFO;Robot Runtime;executing:    load;
12/07/19;16:22:14.858;INFO;Interface;Command: Abort;
12/07/19;16:22:14.859;INFO;Robot;Abort;
12/07/19;16:22:14.859;INFO;Controller;Activity ExecRobotTask was stopped;
12/07/19;16:22:14.859;INFO;Controller;State = Ready;
12/07/19;16:22:22.948;INFO;Interface;Command: ExecRobotTask (enableTscreen,-1);
12/07/19;16:22:22.948;INFO;Controller;Executing asynchronous activity: ExecRobotTask;
12/07/19;16:22:22.948;INFO;Controller;Status = Executing: enableTscreen;
12/07/19;16:22:22.949;INFO;Controller;State = Running;
12/07/19;16:22:23.824;INFO;Robot Runtime;executing:    enableTscreen;
12/07/19;16:22:24.201;INFO;Controller;Activity ExecRobotTask ended. Return value: Done;
12/07/19;16:22:24.201;INFO;Controller;State = Ready;
12/07/19;16:24:01.433;INFO;Interface;Command: ExecRobotTask (checktoolconfig,-1);
12/07/19;16:24:01.433;INFO;Controller;Executing asynchronous activity: ExecRobotTask;
12/07/19;16:24:01.434;INFO;Controller;Status = Executing: checktoolconfig;
12/07/19;16:24:01.434;INFO;Controller;State = Running;
12/07/19;16:24:01.717;INFO;Robot Runtime;executing:    checktoolconfig;
12/07/19;16:24:01.759;INFO;Robot Runtime;Invalid Gripper: C014;
12/07/19;16:24:01.780;INFO;Robot Runtime;Invalid Gripper: C017;
12/07/19;16:24:01.802;INFO;Robot Runtime;Valid Gripper: C015;
12/07/19;16:24:01.823;INFO;Robot Runtime;Valid Gripper: C019;
12/07/19;16:24:01.843;INFO;Robot Runtime;Current Tool: C019 (Valid);
12/07/19;16:24:01.953;INFO;Controller;Activity ExecRobotTask ended. Return value: Done;
12/07/19;16:24:01.953;INFO;Controller;State = Ready;
12/07/19;16:52:21.276;INFO;Interface;Command: ExecRobotTask (load,-1);
12/07/19;16:52:21.276;INFO;Controller;Executing asynchronous activity: ExecRobotTask;
12/07/19;16:52:21.276;INFO;Controller;Status = Executing: load;
12/07/19;16:52:21.276;INFO;Controller;State = Running;
12/07/19;16:52:22.326;INFO;Robot Runtime;executing:    load;
12/07/19;16:52:32.374;INFO;Robot Runtime;Failed to open Port Lid;
12/07/19;16:52:32.707;INFO;Controller;Activity ExecRobotTask ended. Return value: ABORT: Open Port Lid TimeOut;
12/07/19;16:52:32.708;INFO;Controller;State = Ready;
12/07/19;16:53:44.768;INFO;Interface;Command: ExecRobotTask (load,-1);
12/07/19;16:53:44.768;INFO;Controller;Executing asynchronous activity: ExecRobotTask;
12/07/19;16:53:44.768;INFO;Controller;Status = Executing: load;
12/07/19;16:53:44.768;INFO;Controller;State = Running;
12/07/19;16:53:45.948;INFO;Robot Runtime;executing:    load;
12/07/19;16:55:05.404;INFO;Controller;Activity ExecRobotTask ended. Return value: Done False/False/False;
12/07/19;16:55:05.404;INFO;Controller;State = Ready;
12/07/19;16:56:40.709;WARNING;Robot;Alarm active: Device is offline;
12/07/19;16:56:40.709;INFO;Controller;State = Communication Error;
12/07/19;16:56:44.818;INFO;Robot;Alarm inactive: Device is offline;
12/07/19;16:56:44.819;WARNING;Controller;Communication resumed, trying updating devices;
12/07/19;16:56:44.821;INFO;Controller;Finished device updating;
12/07/19;16:56:44.821;INFO;Controller;State = Ready;
12/07/19;16:57:17.163;INFO;Interface;Command: ExecRobotTask (unload,-1);
12/07/19;16:57:17.164;INFO;Controller;Executing asynchronous activity: ExecRobotTask;
12/07/19;16:57:17.164;INFO;Controller;Status = Executing: unload;
12/07/19;16:57:17.164;INFO;Controller;State = Running;
12/07/19;16:57:18.061;INFO;Robot Runtime;executing:    unload;
12/07/19;16:57:51.670;INFO;Robot Runtime;Open Tool TimeOut;
12/07/19;16:57:52.136;INFO;Controller;Activity ExecRobotTask ended. Return value: ABORT: Open Tool TimeOut;
12/07/19;16:57:52.136;INFO;Controller;State = Ready;
12/07/19;16:59:14.149;INFO;Interface;Command: ExecRobotTask (finish,-1);
12/07/19;16:59:14.150;INFO;Controller;Executing asynchronous activity: ExecRobotTask;
12/07/19;16:59:14.150;INFO;Controller;Status = Executing: finish;
12/07/19;16:59:14.150;INFO;Controller;State = Running;
12/07/19;16:59:15.245;INFO;Robot Runtime;executing:    finish;
12/07/19;16:59:16.495;INFO;Robot Runtime;Failed to open the Gripper;
12/07/19;16:59:16.812;INFO;Controller;Activity ExecRobotTask ended. Return value: ABORT: Open Gripper TimeOut;
12/07/19;16:59:16.813;INFO;Controller;State = Ready;
12/07/19;17:01:26.623;INFO;Interface;Command: ExecRobotTask (initialize,-1);
12/07/19;17:01:26.623;INFO;Controller;Executing asynchronous activity: ExecRobotTask;
12/07/19;17:01:26.623;INFO;Controller;Status = Executing: initialize;
12/07/19;17:01:26.623;INFO;Controller;State = Running;
12/07/19;17:01:27.809;INFO;Robot Runtime;executing:    initialize;
12/07/19;17:01:28.791;INFO;Controller;Activity ExecRobotTask ended. Return value: Done;
12/07/19;17:01:28.791;INFO;Controller;State = Ready;
12/07/19;17:01:36.231;INFO;Interface;Command: ExecRobotTask (finish,-1);
12/07/19;17:01:36.231;INFO;Controller;Executing asynchronous activity: ExecRobotTask;
12/07/19;17:01:36.231;INFO;Controller;Status = Executing: finish;
12/07/19;17:01:36.231;INFO;Controller;State = Running;
12/07/19;17:01:37.329;INFO;Robot Runtime;executing:    finish;
12/07/19;17:02:19.389;INFO;Interface;Command: Abort;
12/07/19;17:02:19.389;INFO;Robot;Abort;
12/07/19;17:02:19.390;INFO;Controller;Activity ExecRobotTask was stopped;
12/07/19;17:02:19.390;INFO;Controller;State = Ready;
12/07/19;17:02:20.536;INFO;Interface;Command: Restart;
12/07/19;17:02:20.536;INFO;Controller;State = Initializing;
12/07/19;17:02:20.629;INFO;Controller;Initialized log services - Startup: 09/07/19 18:48:02;
12/07/19;17:02:21.634;INFO;Epics Server;Exiting running thread;
12/07/19;17:02:21.638;INFO;Epics Server;Registered PV: SW:Version;
12/07/19;17:02:21.638;INFO;Epics Server;Registered PV: SW:Status;
12/07/19;17:02:21.638;INFO;Epics Server;Registered PV: SW:Uptime;
12/07/19;17:02:21.638;INFO;Epics Server;Registered PV: SW:LastTaskInfo;
12/07/19;17:02:21.638;INFO;Epics Server;Registered PV: SW:LocalGuiLockOut;
12/07/19;17:02:21.638;INFO;Epics Server;Registered PV: SW:AlarmList;
12/07/19;17:02:21.638;INFO;Epics Server;Registered PV: SW:RobotSpeed;
12/07/19;17:02:21.639;INFO;Epics Server;Registered PV: SW:LastTaskException;
12/07/19;17:02:21.639;INFO;Epics Server;Registered PV: SW:LastTaskOutput;
12/07/19;17:02:21.639;INFO;Epics Server;Registered PV: SW:RobotState;
12/07/19;17:02:21.639;INFO;Epics Server;Registered PV: SW:CartesianPositions;
12/07/19;17:02:21.639;INFO;Epics Server;Registered PV: SW:JointPositions;
12/07/19;17:02:21.639;INFO;Epics Server;Registered PV: SW:State;
12/07/19;17:02:21.639;INFO;Epics Server;Registered PV: SW:abort;
12/07/19;17:02:21.639;INFO;Epics Server;Registered PV: SW:restart;
12/07/19;17:02:21.639;INFO;Epics Server;Registered PV: SW:getTaskInfo;
12/07/19;17:02:21.639;INFO;Epics Server;Registered PV: SW:isTaskRunning;
12/07/19;17:02:21.639;INFO;Epics Server;Registered PV: SW:checkTaskResult;
12/07/19;17:02:21.639;INFO;Epics Server;Registered PV: SW:startTestTask;
12/07/19;17:02:21.639;INFO;Epics Server;Registered PV: SW:pauseRobot;
12/07/19;17:02:21.639;INFO;Epics Server;Registered PV: SW:resumeRobot;
12/07/19;17:02:21.639;INFO;Epics Server;Registered PV: SW:setRobotVariable;
12/07/19;17:02:21.639;INFO;Epics Server;Registered PV: SW:isSampleMounted;
12/07/19;17:02:21.639;INFO;Epics Server;Registered PV: SW:startRobotTask;
12/07/19;17:02:21.639;INFO;Epics Server;Registered PV: SW:getRobotVariable;
12/07/19;17:02:21.639;INFO;Epics Server;Registered PV: SW:getDistance;
12/07/19;17:02:21.640;INFO;Epics Server;Initializing: Channel Access Server in Java v1.1.1;
12/07/19;17:02:21.640;INFO;Epics Server;Started server: ready to accept requests;
12/07/19;17:02:22.243;INFO;Controller;Initializing Robot;
12/07/19;17:02:22.248;INFO;Robot;Setting reference frame to: world;
12/07/19;17:02:22.372;INFO;Controller;Initializing Bus Controller;
12/07/19;17:02:22.372;INFO;Anti-Collision;Active = true;
12/07/19;17:02:22.372;INFO;Controller;State = Starting;
12/07/19;17:02:22.373;INFO;Controller;Command: Reset;
12/07/19;17:02:22.373;INFO;Controller;Executing asynchronous script: ./script/Reset.py;
12/07/19;17:02:22.374;INFO;Controller;Status = Reseting;
12/07/19;17:02:22.374;INFO;Controller;State = Running;
12/07/19;17:02:22.558;INFO;Controller;Script host: localhost:54014;
12/07/19;17:02:22.558;INFO;Script;Starting initialization script;
12/07/19;17:02:22.561;INFO;Script;Do nothing;
12/07/19;17:02:22.561;INFO;Controller;Script ./script/Reset.py ended. Return value: ;
12/07/19;17:02:22.561;INFO;Controller;State = Ready;
12/07/19;17:02:50.533;INFO;Interface;Command: ExecRobotTask (finish,-1);
12/07/19;17:02:50.533;INFO;Controller;Executing asynchronous activity: ExecRobotTask;
12/07/19;17:02:50.533;INFO;Controller;Status = Executing: finish;
12/07/19;17:02:50.533;INFO;Controller;State = Running;
12/07/19;17:02:51.666;INFO;Robot Runtime;executing:    finish;
12/07/19;17:04:24.967;INFO;Controller;Activity ExecRobotTask ended. Return value: Done;
12/07/19;17:04:24.968;INFO;Controller;State = Ready;
12/07/19;17:04:39.711;INFO;Interface;Command: ExecRobotTask (MT_dewarcalib,-1);
12/07/19;17:04:39.711;INFO;Controller;Executing asynchronous activity: ExecRobotTask;
12/07/19;17:04:39.711;INFO;Controller;Status = Executing: MT_dewarcalib;
12/07/19;17:04:39.711;INFO;Controller;State = Running;
12/07/19;17:04:40.919;INFO;Robot Runtime;executing:    MT_dewarcalib;
12/07/19;17:04:40.963;INFO;Robot Runtime;0;
12/07/19;17:13:30.161;INFO;Robot Runtime;Puck A Center Adjustment: {-0.052, 0.072,, ,,};
12/07/19;17:13:30.183;INFO;Robot Runtime;Puck B Center Adjustment: {0.162, 0.163,, ,,};
12/07/19;17:13:30.206;INFO;Robot Runtime;Puck C Center Adjustment: {-0.035, -0.185,, ,,};
12/07/19;17:13:30.228;INFO;Robot Runtime;Puck A Fx (Min~Max,Ref): -3.292 ~ 0.165, =>-0.694;
12/07/19;17:13:30.250;INFO;Robot Runtime;Puck A Fy (Min~Max,Ref): -0.625 ~ 2.573, =>-0.231;
12/07/19;17:13:30.272;INFO;Robot Runtime;Puck B Fx (Min~Max,Ref): 0.201 ~ 3.812, =>-0.694;
12/07/19;17:13:30.294;INFO;Robot Runtime;Puck B Fy (Min~Max,Ref): 1.581 ~ 3.375, =>-0.231;
12/07/19;17:13:30.317;INFO;Robot Runtime;Puck C Fx (Min~Max,Ref): -1.782 ~ -0.779, =>-0.694;
12/07/19;17:13:30.338;INFO;Robot Runtime;Puck C Fy (Min~Max,Ref): -4.449 ~ -2.195, =>-0.231;
12/07/19;17:25:21.647;INFO;Robot Runtime;Puck A Center Adjustment: {-0.047, 0.028,, ,,};
12/07/19;17:25:21.668;INFO;Robot Runtime;Puck B Center Adjustment: {0.018, 0.051,, ,,};
12/07/19;17:25:21.691;INFO;Robot Runtime;Puck C Center Adjustment: {-0.032, -0.105,, ,,};
12/07/19;17:25:21.712;INFO;Robot Runtime;Puck A Fx (Min~Max,Ref): -2.03  ~ -0.177, =>-0.316;
12/07/19;17:25:21.733;INFO;Robot Runtime;Puck A Fy (Min~Max,Ref): -1.227 ~ 0.519, =>-0.824;
12/07/19;17:25:21.755;INFO;Robot Runtime;Puck B Fx (Min~Max,Ref): -0.944 ~ 0.897, =>-0.316;
12/07/19;17:25:21.779;INFO;Robot Runtime;Puck B Fy (Min~Max,Ref): -0.956 ~ 1.003, =>-0.824;
12/07/19;17:25:21.801;INFO;Robot Runtime;Puck C Fx (Min~Max,Ref): -1.463 ~ -0.248, =>-0.316;
12/07/19;17:25:21.823;INFO;Robot Runtime;Puck C Fy (Min~Max,Ref): -3.906 ~ -1.239, =>-0.824;
12/07/19;17:33:44.591;INFO;Robot Runtime;Puck A Center Adjustment: {-0.031, 0.011,, ,,};
12/07/19;17:33:44.613;INFO;Robot Runtime;Puck B Center Adjustment: {0.014, 0.028,, ,,};
12/07/19;17:33:44.635;INFO;Robot Runtime;Puck C Center Adjustment: {-0.007, -0.079,, ,,};
12/07/19;17:33:44.656;INFO;Robot Runtime;Puck A Fx (Min~Max,Ref): -0.968 ~ -0.035, =>0.014;
12/07/19;17:33:44.678;INFO;Robot Runtime;Puck A Fy (Min~Max,Ref): -1.499 ~ -0.472, =>-1.173;
12/07/19;17:33:44.700;INFO;Robot Runtime;Puck B Fx (Min~Max,Ref): -0.602 ~ 1.097, =>0.014;
12/07/19;17:33:44.722;INFO;Robot Runtime;Puck B Fy (Min~Max,Ref): -1.416 ~ 0    , =>-1.173;
12/07/19;17:33:44.744;INFO;Robot Runtime;Puck C Fx (Min~Max,Ref): -0.684 ~ 0.472, =>0.014;
12/07/19;17:33:44.766;INFO;Robot Runtime;Puck C Fy (Min~Max,Ref): -3.375 ~ -1.593, =>-1.173;
12/07/19;17:40:59.080;INFO;Robot Runtime;Puck A Center Adjustment: {-0.023, -0.004,, ,,};
12/07/19;17:40:59.102;INFO;Robot Runtime;Puck B Center Adjustment: {0    , 0.011,, ,,};
12/07/19;17:40:59.124;INFO;Robot Runtime;Puck C Center Adjustment: {-0.01 , -0.043,, ,,};
12/07/19;17:40:59.146;INFO;Robot Runtime;Puck A Fx (Min~Max,Ref): -0.425 ~ 0.153, =>0.253;
12/07/19;17:40:59.168;INFO;Robot Runtime;Puck A Fy (Min~Max,Ref): -1.77  ~ -0.979, =>-1.308;
12/07/19;17:40:59.190;INFO;Robot Runtime;Puck B Fx (Min~Max,Ref): -0.401 ~ 0.897, =>0.253;
12/07/19;17:40:59.211;INFO;Robot Runtime;Puck B Fy (Min~Max,Ref): -1.711 ~ -0.531, =>-1.308;
12/07/19;17:40:59.232;INFO;Robot Runtime;Puck C Fx (Min~Max,Ref): -0.413 ~ 0.578, =>0.253;
12/07/19;17:40:59.256;INFO;Robot Runtime;Puck C Fy (Min~Max,Ref): -2.596 ~ -1.463, =>-1.308;
12/07/19;17:42:36.327;INFO;Controller;Activity ExecRobotTask ended. Return value: ;
12/07/19;17:42:36.327;INFO;Controller;State = Ready;
12/07/19;17:43:08.786;INFO;Interface;Command: Abort;
12/07/19;17:43:08.786;INFO;Robot;Abort;
12/07/19;17:43:24.737;INFO;Interface;Command: ExecRobotTask (finish,-1);
12/07/19;17:43:24.738;INFO;Controller;Executing asynchronous activity: ExecRobotTask;
12/07/19;17:43:24.738;INFO;Controller;Status = Executing: finish;
12/07/19;17:43:24.738;INFO;Controller;State = Running;
12/07/19;17:43:25.847;INFO;Robot Runtime;executing:    finish;
12/07/19;17:45:53.715;INFO;Controller;Activity ExecRobotTask ended. Return value: Done;
12/07/19;17:45:53.716;INFO;Controller;State = Ready;
