07/10/19;10:14:49.151;INFO;Interface;Command: ExecRobotTask (testRobot,-1);
07/10/19;10:14:49.151;INFO;Controller;Executing asynchronous activity: ExecRobotTask;
07/10/19;10:14:49.151;INFO;Controller;Status = Executing: testRobot;
07/10/19;10:14:49.151;INFO;Controller;State = Running;
07/10/19;10:14:50.180;INFO;Robot Runtime;executing:    testRobot;
07/10/19;10:15:22.047;INFO;Controller;Activity ExecRobotTask ended. Return value: Done;
07/10/19;10:15:22.047;INFO;Controller;State = Ready;
07/10/19;10:15:34.220;INFO;Interface;Command: ExecRobotTask (testRobot,-1);
07/10/19;10:15:34.221;INFO;Controller;Executing asynchronous activity: ExecRobotTask;
07/10/19;10:15:34.221;INFO;Controller;Status = Executing: testRobot;
07/10/19;10:15:34.221;INFO;Controller;State = Running;
07/10/19;10:15:35.156;INFO;Robot Runtime;executing:    testRobot;
07/10/19;10:15:48.865;INFO;Controller;Activity ExecRobotTask ended. Return value: Done;
07/10/19;10:15:48.865;INFO;Controller;State = Ready;
07/10/19;10:16:15.272;INFO;Interface;Command: ExecRobotTask (traceSample,-1);
07/10/19;10:16:15.272;INFO;Controller;Executing asynchronous activity: ExecRobotTask;
07/10/19;10:16:15.272;INFO;Controller;Status = Executing: traceSample;
07/10/19;10:16:15.272;INFO;Controller;State = Running;
07/10/19;10:16:16.175;INFO;Robot Runtime;executing:    traceSample;
07/10/19;10:16:30.791;INFO;Controller;Activity ExecRobotTask ended. Return value: Done False/False/False;
07/10/19;10:16:30.791;INFO;Controller;State = Ready;
07/10/19;10:16:46.438;INFO;Interface;Command: ExecRobotTask (testRobot,-1);
07/10/19;10:16:46.438;INFO;Controller;Executing asynchronous activity: ExecRobotTask;
07/10/19;10:16:46.438;INFO;Controller;Status = Executing: testRobot;
07/10/19;10:16:46.438;INFO;Controller;State = Running;
07/10/19;10:16:47.387;INFO;Robot Runtime;executing:    testRobot;
07/10/19;10:16:47.435;INFO;Robot Runtime;Won't move at Trace Sample Position. Call for help.;
07/10/19;10:16:47.776;INFO;Controller;Activity ExecRobotTask ended. Return value: ABORT: Won't move at Trace Sample. Call for help.;
07/10/19;10:16:47.776;INFO;Controller;State = Ready;
07/10/19;10:17:22.249;INFO;Interface;Command: ExecRobotTask (testRobot,-1);
07/10/19;10:17:22.250;INFO;Controller;Executing asynchronous activity: ExecRobotTask;
07/10/19;10:17:22.250;INFO;Controller;Status = Executing: testRobot;
07/10/19;10:17:22.250;INFO;Controller;State = Running;
07/10/19;10:17:23.175;INFO;Robot Runtime;executing:    testRobot;
07/10/19;10:17:23.221;INFO;Robot Runtime;Won't move at Trace Sample Position. Call for help.;
07/10/19;10:17:23.464;INFO;Controller;Activity ExecRobotTask ended. Return value: ABORT: Won't move at Trace Sample. Call for help.;
07/10/19;10:17:23.465;INFO;Controller;State = Ready;
07/10/19;10:17:28.491;INFO;Interface;Command: ExecRobotTask (testRobot,-1);
07/10/19;10:17:28.491;INFO;Controller;Executing asynchronous activity: ExecRobotTask;
07/10/19;10:17:28.491;INFO;Controller;Status = Executing: testRobot;
07/10/19;10:17:28.491;INFO;Controller;State = Running;
07/10/19;10:17:29.625;INFO;Robot Runtime;executing:    testRobot;
07/10/19;10:17:29.668;INFO;Robot Runtime;Won't move at Trace Sample Position. Call for help.;
07/10/19;10:17:29.776;INFO;Controller;Activity ExecRobotTask ended. Return value: ABORT: Won't move at Trace Sample. Call for help.;
07/10/19;10:17:29.777;INFO;Controller;State = Ready;
07/10/19;10:17:50.505;INFO;Interface;Command: ExecRobotTask (Home,-1);
07/10/19;10:17:50.505;INFO;Controller;Executing asynchronous activity: ExecRobotTask;
07/10/19;10:17:50.505;INFO;Controller;Status = Executing: Home;
07/10/19;10:17:50.505;INFO;Controller;State = Running;
07/10/19;10:17:51.456;INFO;Robot Runtime;executing:    Home;
07/10/19;10:18:04.593;INFO;Controller;Activity ExecRobotTask ended. Return value: Done;
07/10/19;10:18:04.593;INFO;Controller;State = Ready;
07/10/19;13:17:50.420;INFO;Server;Command: ExecRobotTask (EnableTScreen,500000);
07/10/19;13:17:50.420;INFO;Controller;Executing asynchronous activity: ExecRobotTask;
07/10/19;13:17:50.420;INFO;Controller;Status = Executing: EnableTScreen;
07/10/19;13:17:50.420;INFO;Controller;State = Running;
07/10/19;13:17:51.363;INFO;Robot Runtime;executing:    EnableTScreen;
07/10/19;13:17:51.607;INFO;Controller;Activity ExecRobotTask ended. Return value: Done;
07/10/19;13:17:51.608;INFO;Controller;State = Ready;
07/10/19;13:28:38.306;WARNING;Robot;Alarm active: Device is offline;
07/10/19;13:28:38.306;INFO;Controller;State = Communication Error;
07/10/19;13:28:40.410;INFO;Robot;Alarm inactive: Device is offline;
07/10/19;13:28:40.410;WARNING;Controller;Communication resumed, trying updating devices;
07/10/19;13:28:40.411;INFO;Controller;Finished device updating;
07/10/19;13:28:40.411;INFO;Controller;State = Ready;
07/10/19;15:41:49.296;INFO;Server;Command: ExecRobotTask (Initialize,500000);
07/10/19;15:41:49.296;INFO;Controller;Executing asynchronous activity: ExecRobotTask;
07/10/19;15:41:49.297;INFO;Controller;Status = Executing: Initialize;
07/10/19;15:41:49.297;INFO;Controller;State = Running;
07/10/19;15:41:50.497;INFO;Robot Runtime;executing:    Initialize;
07/10/19;15:41:50.540;INFO;Robot Runtime;Robot power is on manual;
07/10/19;15:41:50.642;INFO;Controller;Activity ExecRobotTask ended. Return value: ABORT: Robot power is on manual;
07/10/19;15:41:50.643;INFO;Controller;State = Ready;
07/10/19;15:42:24.716;INFO;Server;Command: ExecRobotTask (Initialize,500000);
07/10/19;15:42:24.716;INFO;Controller;Executing asynchronous activity: ExecRobotTask;
07/10/19;15:42:24.716;INFO;Controller;Status = Executing: Initialize;
07/10/19;15:42:24.716;INFO;Controller;State = Running;
07/10/19;15:42:25.657;INFO;Robot Runtime;executing:    Initialize;
07/10/19;15:42:26.855;INFO;Controller;Activity ExecRobotTask ended. Return value: Done;
07/10/19;15:42:26.855;INFO;Controller;State = Ready;
07/10/19;15:42:26.868;INFO;Server;Command: ExecRobotTask (TestRobot,500000);
07/10/19;15:42:26.868;INFO;Controller;Executing asynchronous activity: ExecRobotTask;
07/10/19;15:42:26.868;INFO;Controller;Status = Executing: TestRobot;
07/10/19;15:42:26.868;INFO;Controller;State = Running;
07/10/19;15:42:27.895;INFO;Robot Runtime;executing:    TestRobot;
07/10/19;15:42:29.092;INFO;Controller;Activity ExecRobotTask ended. Return value: Done;
07/10/19;15:42:29.092;INFO;Controller;State = Ready;
07/10/19;15:42:38.125;INFO;Server;Command: ExecRobotTask (Initialize,500000);
07/10/19;15:42:38.125;INFO;Controller;Executing asynchronous activity: ExecRobotTask;
07/10/19;15:42:38.125;INFO;Controller;Status = Executing: Initialize;
07/10/19;15:42:38.125;INFO;Controller;State = Running;
07/10/19;15:42:39.254;INFO;Robot Runtime;executing:    Initialize;
07/10/19;15:42:39.712;INFO;Controller;Activity ExecRobotTask ended. Return value: Done;
07/10/19;15:42:39.712;INFO;Controller;State = Ready;
07/10/19;15:42:39.720;INFO;Server;Command: ExecRobotTask (UnlatchRobGov,500000);
07/10/19;15:42:39.720;INFO;Controller;Executing asynchronous activity: ExecRobotTask;
07/10/19;15:42:39.720;INFO;Controller;Status = Executing: UnlatchRobGov;
07/10/19;15:42:39.720;INFO;Controller;State = Running;
07/10/19;15:42:40.701;INFO;Robot Runtime;executing:    UnlatchRobGov;
07/10/19;15:42:41.168;INFO;Controller;Activity ExecRobotTask ended. Return value: Done;
07/10/19;15:42:41.168;INFO;Controller;State = Ready;
07/10/19;15:42:41.183;INFO;Server;Command: ExecRobotTask (Home,500000);
07/10/19;15:42:41.183;INFO;Controller;Executing asynchronous activity: ExecRobotTask;
07/10/19;15:42:41.183;INFO;Controller;Status = Executing: Home;
07/10/19;15:42:41.183;INFO;Controller;State = Running;
07/10/19;15:42:42.156;INFO;Robot Runtime;executing:    Home;
07/10/19;15:42:42.621;INFO;Controller;Activity ExecRobotTask ended. Return value: Done;
07/10/19;15:42:42.621;INFO;Controller;State = Ready;
07/10/19;15:42:42.636;INFO;Server;Command: ExecRobotTask (Finish,500000);
07/10/19;15:42:42.636;INFO;Controller;Executing asynchronous activity: ExecRobotTask;
07/10/19;15:42:42.637;INFO;Controller;Status = Executing: Finish;
07/10/19;15:42:42.637;INFO;Controller;State = Running;
07/10/19;15:42:43.776;INFO;Robot Runtime;executing:    Finish;
07/10/19;15:43:31.890;INFO;Server;Command: Abort;
07/10/19;15:43:31.891;INFO;Robot;Abort;
07/10/19;15:43:31.891;INFO;Controller;Activity ExecRobotTask was stopped;
07/10/19;15:43:31.891;INFO;Controller;State = Ready;
07/10/19;15:43:31.985;INFO;Server;Command: Restart;
07/10/19;15:43:31.985;INFO;Controller;State = Initializing;
07/10/19;15:43:32.009;INFO;Controller;Initialized log services - Startup: 19/09/19 10:29:34;
07/10/19;15:43:33.017;INFO;Epics Server;Exiting running thread;
07/10/19;15:43:33.019;INFO;Epics Server;Registered PV: SW:Version;
07/10/19;15:43:33.020;INFO;Epics Server;Registered PV: SW:Status;
07/10/19;15:43:33.020;INFO;Epics Server;Registered PV: SW:Uptime;
07/10/19;15:43:33.020;INFO;Epics Server;Registered PV: SW:LastTaskInfo;
07/10/19;15:43:33.020;INFO;Epics Server;Registered PV: SW:AlarmList;
07/10/19;15:43:33.020;INFO;Epics Server;Registered PV: SW:LocalGuiLockOut;
07/10/19;15:43:33.020;INFO;Epics Server;Registered PV: SW:RobotSpeed;
07/10/19;15:43:33.020;INFO;Epics Server;Registered PV: SW:LastTaskException;
07/10/19;15:43:33.020;INFO;Epics Server;Registered PV: SW:LastTaskOutput;
07/10/19;15:43:33.020;INFO;Epics Server;Registered PV: SW:RobotState;
07/10/19;15:43:33.020;INFO;Epics Server;Registered PV: SW:CartesianPositions;
07/10/19;15:43:33.020;INFO;Epics Server;Registered PV: SW:JointPositions;
07/10/19;15:43:33.020;INFO;Epics Server;Registered PV: SW:State;
07/10/19;15:43:33.020;INFO;Epics Server;Registered PV: SW:abort;
07/10/19;15:43:33.020;INFO;Epics Server;Registered PV: SW:restart;
07/10/19;15:43:33.020;INFO;Epics Server;Registered PV: SW:getTaskInfo;
07/10/19;15:43:33.020;INFO;Epics Server;Registered PV: SW:isTaskRunning;
07/10/19;15:43:33.020;INFO;Epics Server;Registered PV: SW:checkTaskResult;
07/10/19;15:43:33.021;INFO;Epics Server;Registered PV: SW:startTestTask;
07/10/19;15:43:33.021;INFO;Epics Server;Registered PV: SW:pauseRobot;
07/10/19;15:43:33.021;INFO;Epics Server;Registered PV: SW:resumeRobot;
07/10/19;15:43:33.021;INFO;Epics Server;Registered PV: SW:setRobotVariable;
07/10/19;15:43:33.021;INFO;Epics Server;Registered PV: SW:isSampleMounted;
07/10/19;15:43:33.021;INFO;Epics Server;Registered PV: SW:startRobotTask;
07/10/19;15:43:33.021;INFO;Epics Server;Registered PV: SW:getRobotVariable;
07/10/19;15:43:33.021;INFO;Epics Server;Registered PV: SW:getDistance;
07/10/19;15:43:33.021;INFO;Epics Server;Initializing: Channel Access Server in Java v1.1.1;
07/10/19;15:43:33.021;INFO;Epics Server;Started server: ready to accept requests;
07/10/19;15:43:33.630;INFO;Controller;Initializing Robot;
07/10/19;15:43:33.632;INFO;Robot;Setting reference frame to: world;
07/10/19;15:43:33.742;INFO;Controller;Initializing Bus Controller;
07/10/19;15:43:33.742;INFO;Anti-Collision;Active = true;
07/10/19;15:43:33.742;INFO;Controller;State = Starting;
07/10/19;15:43:33.743;INFO;Controller;Command: Reset;
07/10/19;15:43:33.743;INFO;Controller;Executing asynchronous script: ./script/Reset.py;
07/10/19;15:43:33.743;INFO;Controller;Status = Reseting;
07/10/19;15:43:33.743;INFO;Controller;State = Running;
07/10/19;15:43:33.908;INFO;Controller;Script host: localhost:60623;
07/10/19;15:43:33.908;INFO;Script;Starting initialization script;
07/10/19;15:43:33.911;INFO;Script;Do nothing;
07/10/19;15:43:33.912;INFO;Controller;Script ./script/Reset.py ended. Return value: ;
07/10/19;15:43:33.912;INFO;Controller;State = Ready;
07/10/19;15:43:39.608;INFO;Server;Command: Restart;
07/10/19;15:43:39.608;INFO;Controller;State = Initializing;
07/10/19;15:43:39.631;INFO;Controller;Initialized log services - Startup: 19/09/19 10:29:34;
07/10/19;15:43:40.638;INFO;Epics Server;Exiting running thread;
07/10/19;15:43:40.641;INFO;Epics Server;Registered PV: SW:Version;
07/10/19;15:43:40.641;INFO;Epics Server;Registered PV: SW:Status;
07/10/19;15:43:40.641;INFO;Epics Server;Registered PV: SW:Uptime;
07/10/19;15:43:40.641;INFO;Epics Server;Registered PV: SW:LastTaskInfo;
07/10/19;15:43:40.641;INFO;Epics Server;Registered PV: SW:AlarmList;
07/10/19;15:43:40.641;INFO;Epics Server;Registered PV: SW:LocalGuiLockOut;
07/10/19;15:43:40.641;INFO;Epics Server;Registered PV: SW:RobotSpeed;
07/10/19;15:43:40.641;INFO;Epics Server;Registered PV: SW:LastTaskException;
07/10/19;15:43:40.641;INFO;Epics Server;Registered PV: SW:LastTaskOutput;
07/10/19;15:43:40.641;INFO;Epics Server;Registered PV: SW:RobotState;
07/10/19;15:43:40.641;INFO;Epics Server;Registered PV: SW:CartesianPositions;
07/10/19;15:43:40.641;INFO;Epics Server;Registered PV: SW:JointPositions;
07/10/19;15:43:40.642;INFO;Epics Server;Registered PV: SW:State;
07/10/19;15:43:40.642;INFO;Epics Server;Registered PV: SW:abort;
07/10/19;15:43:40.642;INFO;Epics Server;Registered PV: SW:restart;
07/10/19;15:43:40.642;INFO;Epics Server;Registered PV: SW:getTaskInfo;
07/10/19;15:43:40.642;INFO;Epics Server;Registered PV: SW:isTaskRunning;
07/10/19;15:43:40.642;INFO;Epics Server;Registered PV: SW:checkTaskResult;
07/10/19;15:43:40.642;INFO;Epics Server;Registered PV: SW:startTestTask;
07/10/19;15:43:40.642;INFO;Epics Server;Registered PV: SW:pauseRobot;
07/10/19;15:43:40.642;INFO;Epics Server;Registered PV: SW:resumeRobot;
07/10/19;15:43:40.642;INFO;Epics Server;Registered PV: SW:setRobotVariable;
07/10/19;15:43:40.642;INFO;Epics Server;Registered PV: SW:isSampleMounted;
07/10/19;15:43:40.642;INFO;Epics Server;Registered PV: SW:startRobotTask;
07/10/19;15:43:40.642;INFO;Epics Server;Registered PV: SW:getRobotVariable;
07/10/19;15:43:40.642;INFO;Epics Server;Registered PV: SW:getDistance;
07/10/19;15:43:40.642;INFO;Epics Server;Initializing: Channel Access Server in Java v1.1.1;
07/10/19;15:43:40.642;INFO;Epics Server;Started server: ready to accept requests;
07/10/19;15:43:41.252;INFO;Controller;Initializing Robot;
07/10/19;15:43:41.256;INFO;Robot;Setting reference frame to: world;
07/10/19;15:43:41.364;INFO;Controller;Initializing Bus Controller;
07/10/19;15:43:41.364;INFO;Anti-Collision;Active = true;
07/10/19;15:43:41.364;INFO;Controller;State = Starting;
07/10/19;15:43:41.365;INFO;Controller;Command: Reset;
07/10/19;15:43:41.365;INFO;Controller;Executing asynchronous script: ./script/Reset.py;
07/10/19;15:43:41.365;INFO;Controller;Status = Reseting;
07/10/19;15:43:41.365;INFO;Controller;State = Running;
07/10/19;15:43:41.527;INFO;Controller;Script host: localhost:39330;
07/10/19;15:43:41.527;INFO;Script;Starting initialization script;
07/10/19;15:43:41.529;INFO;Script;Do nothing;
07/10/19;15:43:41.530;INFO;Controller;Script ./script/Reset.py ended. Return value: ;
07/10/19;15:43:41.530;INFO;Controller;State = Ready;
07/10/19;15:43:49.578;INFO;Server;Command: ExecRobotTask (Recover,500000);
07/10/19;15:43:49.578;INFO;Controller;Executing asynchronous activity: ExecRobotTask;
07/10/19;15:43:49.578;INFO;Controller;Status = Executing: Recover;
07/10/19;15:43:49.578;INFO;Controller;State = Running;
07/10/19;15:43:51.120;INFO;Robot Runtime;executing:    Recover;
07/10/19;15:43:51.163;INFO;Robot Runtime;Unrecognized Location;
07/10/19;15:43:51.186;INFO;Robot Runtime;Near Location1 [Heater] at distance of 0    ;
07/10/19;15:43:51.208;INFO;Robot Runtime;Near Location2 [Inspection] at distance of 181.728;
07/10/19;15:43:53.271;INFO;Robot Runtime;Done;
07/10/19;15:43:53.784;INFO;Controller;Activity ExecRobotTask ended. Return value: Done;
07/10/19;15:43:53.784;INFO;Controller;State = Ready;
07/10/19;15:43:58.818;INFO;Server;Command: ExecRobotTask (Initialize,500000);
07/10/19;15:43:58.818;INFO;Controller;Executing asynchronous activity: ExecRobotTask;
07/10/19;15:43:58.818;INFO;Controller;Status = Executing: Initialize;
07/10/19;15:43:58.818;INFO;Controller;State = Running;
07/10/19;15:43:59.687;INFO;Robot Runtime;executing:    Initialize;
07/10/19;15:44:00.169;INFO;Controller;Activity ExecRobotTask ended. Return value: Done;
07/10/19;15:44:00.169;INFO;Controller;State = Ready;
07/10/19;15:44:00.182;INFO;Server;Command: ExecRobotTask (TestRobot,500000);
07/10/19;15:44:00.182;INFO;Controller;Executing asynchronous activity: ExecRobotTask;
07/10/19;15:44:00.182;INFO;Controller;Status = Executing: TestRobot;
07/10/19;15:44:00.182;INFO;Controller;State = Running;
07/10/19;15:44:01.570;INFO;Robot Runtime;executing:    TestRobot;
07/10/19;15:44:02.694;INFO;Controller;Activity ExecRobotTask ended. Return value: Done;
07/10/19;15:44:02.694;INFO;Controller;State = Ready;
07/10/19;15:44:33.534;INFO;Interface;Command: ExecRobotTask (tracesample,-1);
07/10/19;15:44:33.534;INFO;Controller;Executing asynchronous activity: ExecRobotTask;
07/10/19;15:44:33.534;INFO;Controller;Status = Executing: tracesample;
07/10/19;15:44:33.534;INFO;Controller;State = Running;
07/10/19;15:44:34.402;INFO;Robot Runtime;executing:    tracesample;
07/10/19;15:44:35.281;INFO;Controller;Activity ExecRobotTask ended. Return value: Done True/False/False;
07/10/19;15:44:35.281;INFO;Controller;State = Ready;
07/10/19;15:44:43.771;INFO;Server;Command: ExecRobotTask (Initialize,500000);
07/10/19;15:44:43.771;INFO;Controller;Executing asynchronous activity: ExecRobotTask;
07/10/19;15:44:43.771;INFO;Controller;Status = Executing: Initialize;
07/10/19;15:44:43.771;INFO;Controller;State = Running;
07/10/19;15:44:44.617;INFO;Robot Runtime;executing:    Initialize;
07/10/19;15:44:45.107;INFO;Controller;Activity ExecRobotTask ended. Return value: Done;
07/10/19;15:44:45.107;INFO;Controller;State = Ready;
07/10/19;15:44:45.126;INFO;Server;Command: ExecRobotTask (TestRobot,500000);
07/10/19;15:44:45.126;INFO;Controller;Executing asynchronous activity: ExecRobotTask;
07/10/19;15:44:45.126;INFO;Controller;Status = Executing: TestRobot;
07/10/19;15:44:45.126;INFO;Controller;State = Running;
07/10/19;15:44:46.522;INFO;Robot Runtime;executing:    TestRobot;
07/10/19;15:44:46.564;INFO;Robot Runtime;Won't move at Trace Sample Position. Call for help.;
07/10/19;15:44:46.706;INFO;Controller;Activity ExecRobotTask ended. Return value: ABORT: Won't move at Trace Sample. Call for help.;
07/10/19;15:44:46.706;INFO;Controller;State = Ready;
07/10/19;15:45:20.276;INFO;Server;Command: Abort;
07/10/19;15:45:20.276;INFO;Robot;Abort;
07/10/19;15:45:20.366;INFO;Server;Command: Restart;
07/10/19;15:45:20.366;INFO;Controller;State = Initializing;
07/10/19;15:45:20.392;INFO;Controller;Initialized log services - Startup: 19/09/19 10:29:34;
07/10/19;15:45:21.399;INFO;Epics Server;Exiting running thread;
07/10/19;15:45:21.402;INFO;Epics Server;Registered PV: SW:Version;
07/10/19;15:45:21.402;INFO;Epics Server;Registered PV: SW:Status;
07/10/19;15:45:21.402;INFO;Epics Server;Registered PV: SW:Uptime;
07/10/19;15:45:21.402;INFO;Epics Server;Registered PV: SW:LastTaskInfo;
07/10/19;15:45:21.403;INFO;Epics Server;Registered PV: SW:AlarmList;
07/10/19;15:45:21.403;INFO;Epics Server;Registered PV: SW:LocalGuiLockOut;
07/10/19;15:45:21.403;INFO;Epics Server;Registered PV: SW:RobotSpeed;
07/10/19;15:45:21.403;INFO;Epics Server;Registered PV: SW:LastTaskException;
07/10/19;15:45:21.403;INFO;Epics Server;Registered PV: SW:LastTaskOutput;
07/10/19;15:45:21.403;INFO;Epics Server;Registered PV: SW:RobotState;
07/10/19;15:45:21.403;INFO;Epics Server;Registered PV: SW:CartesianPositions;
07/10/19;15:45:21.403;INFO;Epics Server;Registered PV: SW:JointPositions;
07/10/19;15:45:21.403;INFO;Epics Server;Registered PV: SW:State;
07/10/19;15:45:21.403;INFO;Epics Server;Registered PV: SW:abort;
07/10/19;15:45:21.403;INFO;Epics Server;Registered PV: SW:restart;
07/10/19;15:45:21.403;INFO;Epics Server;Registered PV: SW:getTaskInfo;
07/10/19;15:45:21.403;INFO;Epics Server;Registered PV: SW:isTaskRunning;
07/10/19;15:45:21.403;INFO;Epics Server;Registered PV: SW:checkTaskResult;
07/10/19;15:45:21.403;INFO;Epics Server;Registered PV: SW:startTestTask;
07/10/19;15:45:21.403;INFO;Epics Server;Registered PV: SW:pauseRobot;
07/10/19;15:45:21.403;INFO;Epics Server;Registered PV: SW:resumeRobot;
07/10/19;15:45:21.403;INFO;Epics Server;Registered PV: SW:setRobotVariable;
07/10/19;15:45:21.403;INFO;Epics Server;Registered PV: SW:isSampleMounted;
07/10/19;15:45:21.403;INFO;Epics Server;Registered PV: SW:startRobotTask;
07/10/19;15:45:21.403;INFO;Epics Server;Registered PV: SW:getRobotVariable;
07/10/19;15:45:21.403;INFO;Epics Server;Registered PV: SW:getDistance;
07/10/19;15:45:21.403;INFO;Epics Server;Initializing: Channel Access Server in Java v1.1.1;
07/10/19;15:45:21.404;INFO;Epics Server;Started server: ready to accept requests;
07/10/19;15:45:22.024;INFO;Controller;Initializing Robot;
07/10/19;15:45:22.028;INFO;Robot;Setting reference frame to: world;
07/10/19;15:45:22.136;INFO;Controller;Initializing Bus Controller;
07/10/19;15:45:22.137;INFO;Anti-Collision;Active = true;
07/10/19;15:45:22.137;INFO;Controller;State = Starting;
07/10/19;15:45:22.138;INFO;Controller;Command: Reset;
07/10/19;15:45:22.138;INFO;Controller;Executing asynchronous script: ./script/Reset.py;
07/10/19;15:45:22.138;INFO;Controller;Status = Reseting;
07/10/19;15:45:22.138;INFO;Controller;State = Running;
07/10/19;15:45:22.296;INFO;Controller;Script host: localhost:35857;
07/10/19;15:45:22.296;INFO;Script;Starting initialization script;
07/10/19;15:45:22.305;INFO;Script;Do nothing;
07/10/19;15:45:22.306;INFO;Controller;Script ./script/Reset.py ended. Return value: ;
07/10/19;15:45:22.306;INFO;Controller;State = Ready;
07/10/19;15:45:29.538;INFO;Server;Command: ExecRobotTask (Recover,500000);
07/10/19;15:45:29.538;INFO;Controller;Executing asynchronous activity: ExecRobotTask;
07/10/19;15:45:29.539;INFO;Controller;Status = Executing: Recover;
07/10/19;15:45:29.539;INFO;Controller;State = Running;
07/10/19;15:45:31.088;INFO;Robot Runtime;executing:    Recover;
07/10/19;15:45:31.480;INFO;Robot Runtime;Done;
07/10/19;15:45:31.964;INFO;Controller;Activity ExecRobotTask ended. Return value: Done;
07/10/19;15:45:31.964;INFO;Controller;State = Ready;
07/10/19;15:45:39.999;INFO;Server;Command: ExecRobotTask (Initialize,500000);
07/10/19;15:45:39.999;INFO;Controller;Executing asynchronous activity: ExecRobotTask;
07/10/19;15:45:39.999;INFO;Controller;Status = Executing: Initialize;
07/10/19;15:45:39.999;INFO;Controller;State = Running;
07/10/19;15:45:40.869;INFO;Robot Runtime;executing:    Initialize;
07/10/19;15:45:41.309;INFO;Controller;Activity ExecRobotTask ended. Return value: Done;
07/10/19;15:45:41.309;INFO;Controller;State = Ready;
07/10/19;15:45:41.324;INFO;Server;Command: ExecRobotTask (Park,500000);
07/10/19;15:45:41.324;INFO;Controller;Executing asynchronous activity: ExecRobotTask;
07/10/19;15:45:41.324;INFO;Controller;Status = Executing: Park;
07/10/19;15:45:41.324;INFO;Controller;State = Running;
07/10/19;15:45:42.152;INFO;Robot Runtime;executing:    Park;
07/10/19;15:45:45.578;INFO;Controller;Activity ExecRobotTask ended. Return value: Done;
07/10/19;15:45:45.578;INFO;Controller;State = Ready;
07/10/19;15:45:58.116;INFO;Server;Command: ExecRobotTask (Initialize,500000);
07/10/19;15:45:58.116;INFO;Controller;Executing asynchronous activity: ExecRobotTask;
07/10/19;15:45:58.116;INFO;Controller;Status = Executing: Initialize;
07/10/19;15:45:58.116;INFO;Controller;State = Running;
07/10/19;15:45:58.934;INFO;Robot Runtime;executing:    Initialize;
07/10/19;15:45:59.375;INFO;Controller;Activity ExecRobotTask ended. Return value: Done;
07/10/19;15:45:59.375;INFO;Controller;State = Ready;
07/10/19;15:45:59.390;INFO;Server;Command: ExecRobotTask (TestRobot,500000);
07/10/19;15:45:59.390;INFO;Controller;Executing asynchronous activity: ExecRobotTask;
07/10/19;15:45:59.391;INFO;Controller;Status = Executing: TestRobot;
07/10/19;15:45:59.391;INFO;Controller;State = Running;
07/10/19;15:46:00.788;INFO;Robot Runtime;executing:    TestRobot;
07/10/19;15:46:03.799;INFO;Controller;Activity ExecRobotTask ended. Return value: Done;
07/10/19;15:46:03.799;INFO;Controller;State = Ready;
07/10/19;15:46:21.958;INFO;Server;Command: Abort;
07/10/19;15:46:21.958;INFO;Robot;Abort;
07/10/19;15:46:22.052;INFO;Server;Command: Restart;
07/10/19;15:46:22.052;INFO;Controller;State = Initializing;
07/10/19;15:46:22.078;INFO;Controller;Initialized log services - Startup: 19/09/19 10:29:34;
07/10/19;15:46:23.087;INFO;Epics Server;Exiting running thread;
07/10/19;15:46:23.090;INFO;Epics Server;Registered PV: SW:Version;
07/10/19;15:46:23.090;INFO;Epics Server;Registered PV: SW:Status;
07/10/19;15:46:23.090;INFO;Epics Server;Registered PV: SW:Uptime;
07/10/19;15:46:23.090;INFO;Epics Server;Registered PV: SW:LastTaskInfo;
07/10/19;15:46:23.090;INFO;Epics Server;Registered PV: SW:AlarmList;
07/10/19;15:46:23.090;INFO;Epics Server;Registered PV: SW:LocalGuiLockOut;
07/10/19;15:46:23.090;INFO;Epics Server;Registered PV: SW:RobotSpeed;
07/10/19;15:46:23.090;INFO;Epics Server;Registered PV: SW:LastTaskException;
07/10/19;15:46:23.090;INFO;Epics Server;Registered PV: SW:LastTaskOutput;
07/10/19;15:46:23.090;INFO;Epics Server;Registered PV: SW:RobotState;
07/10/19;15:46:23.091;INFO;Epics Server;Registered PV: SW:CartesianPositions;
07/10/19;15:46:23.091;INFO;Epics Server;Registered PV: SW:JointPositions;
07/10/19;15:46:23.091;INFO;Epics Server;Registered PV: SW:State;
07/10/19;15:46:23.091;INFO;Epics Server;Registered PV: SW:abort;
07/10/19;15:46:23.091;INFO;Epics Server;Registered PV: SW:restart;
07/10/19;15:46:23.091;INFO;Epics Server;Registered PV: SW:getTaskInfo;
07/10/19;15:46:23.091;INFO;Epics Server;Registered PV: SW:isTaskRunning;
07/10/19;15:46:23.091;INFO;Epics Server;Registered PV: SW:checkTaskResult;
07/10/19;15:46:23.091;INFO;Epics Server;Registered PV: SW:startTestTask;
07/10/19;15:46:23.091;INFO;Epics Server;Registered PV: SW:pauseRobot;
07/10/19;15:46:23.091;INFO;Epics Server;Registered PV: SW:resumeRobot;
07/10/19;15:46:23.091;INFO;Epics Server;Registered PV: SW:setRobotVariable;
07/10/19;15:46:23.091;INFO;Epics Server;Registered PV: SW:isSampleMounted;
07/10/19;15:46:23.091;INFO;Epics Server;Registered PV: SW:startRobotTask;
07/10/19;15:46:23.091;INFO;Epics Server;Registered PV: SW:getRobotVariable;
07/10/19;15:46:23.091;INFO;Epics Server;Registered PV: SW:getDistance;
07/10/19;15:46:23.091;INFO;Epics Server;Initializing: Channel Access Server in Java v1.1.1;
07/10/19;15:46:23.091;INFO;Epics Server;Started server: ready to accept requests;
07/10/19;15:46:23.845;INFO;Controller;Initializing Robot;
07/10/19;15:46:23.848;INFO;Robot;Setting reference frame to: world;
07/10/19;15:46:23.957;INFO;Controller;Initializing Bus Controller;
07/10/19;15:46:23.958;INFO;Anti-Collision;Active = true;
07/10/19;15:46:23.958;INFO;Controller;State = Starting;
07/10/19;15:46:23.958;INFO;Controller;Command: Reset;
07/10/19;15:46:23.958;INFO;Controller;Executing asynchronous script: ./script/Reset.py;
07/10/19;15:46:23.959;INFO;Controller;Status = Reseting;
07/10/19;15:46:23.959;INFO;Controller;State = Running;
07/10/19;15:46:24.115;INFO;Controller;Script host: localhost:51078;
07/10/19;15:46:24.115;INFO;Script;Starting initialization script;
07/10/19;15:46:24.117;INFO;Script;Do nothing;
07/10/19;15:46:24.117;INFO;Controller;Script ./script/Reset.py ended. Return value: ;
07/10/19;15:46:24.117;INFO;Controller;State = Ready;
07/10/19;15:46:30.067;INFO;Server;Command: ExecRobotTask (Recover,500000);
07/10/19;15:46:30.068;INFO;Controller;Executing asynchronous activity: ExecRobotTask;
07/10/19;15:46:30.068;INFO;Controller;Status = Executing: Recover;
07/10/19;15:46:30.068;INFO;Controller;State = Running;
07/10/19;15:46:31.635;INFO;Robot Runtime;executing:    Recover;
07/10/19;15:46:33.454;INFO;Robot Runtime;Done;
07/10/19;15:46:33.823;INFO;Controller;Activity ExecRobotTask ended. Return value: Done;
07/10/19;15:46:33.824;INFO;Controller;State = Ready;
