07/10/20;09:41:08.600;INFO;Server;Command: ExecRobotTask (EnableTScreen,500000);
07/10/20;09:41:08.601;INFO;Controller;Executing asynchronous activity: ExecRobotTask;
07/10/20;09:41:08.601;INFO;Controller;Status = Executing: EnableTScreen;
07/10/20;09:41:08.601;INFO;Controller;State = Running;
07/10/20;09:41:09.524;INFO;Robot Runtime;executing:    EnableTScreen;
07/10/20;09:41:09.727;INFO;Controller;Activity ExecRobotTask ended. Return value: Done;
07/10/20;09:41:09.727;INFO;Controller;State = Ready;
07/10/20;09:41:10.249;INFO;Server;Command: ExecRobotTask (EnableTScreen,500000);
07/10/20;09:41:10.249;INFO;Controller;Executing asynchronous activity: ExecRobotTask;
07/10/20;09:41:10.249;INFO;Controller;Status = Executing: EnableTScreen;
07/10/20;09:41:10.249;INFO;Controller;State = Running;
07/10/20;09:41:11.102;INFO;Robot Runtime;executing:    EnableTScreen;
07/10/20;09:41:11.437;INFO;Controller;Activity ExecRobotTask ended. Return value: Done;
07/10/20;09:41:11.437;INFO;Controller;State = Ready;
07/10/20;13:29:54.646;INFO;Server;Command: ExecRobotTask (TurnOnAutoFill,500000);
07/10/20;13:29:54.646;INFO;Controller;Executing asynchronous activity: ExecRobotTask;
07/10/20;13:29:54.646;INFO;Controller;Status = Executing: TurnOnAutoFill;
07/10/20;13:29:54.646;INFO;Controller;State = Running;
07/10/20;13:29:55.532;INFO;Robot Runtime;executing:    TurnOnAutoFill;
07/10/20;13:29:56.093;INFO;Controller;Activity ExecRobotTask ended. Return value: Done;
07/10/20;13:29:56.093;INFO;Controller;State = Ready;
07/10/20;13:31:46.591;INFO;Server;Command: ExecRobotTask (TurnOffAutoFill,500000);
07/10/20;13:31:46.591;INFO;Controller;Executing asynchronous activity: ExecRobotTask;
07/10/20;13:31:46.591;INFO;Controller;Status = Executing: TurnOffAutoFill;
07/10/20;13:31:46.591;INFO;Controller;State = Running;
07/10/20;13:31:47.514;INFO;Robot Runtime;executing:    TurnOffAutoFill;
07/10/20;13:31:48.253;INFO;Controller;Activity ExecRobotTask ended. Return value: Done;
07/10/20;13:31:48.254;INFO;Controller;State = Ready;
07/10/20;13:37:11.248;INFO;Server;Command: ExecRobotTask (EnableTScreen,500000);
07/10/20;13:37:11.249;INFO;Controller;Executing asynchronous activity: ExecRobotTask;
07/10/20;13:37:11.249;INFO;Controller;Status = Executing: EnableTScreen;
07/10/20;13:37:11.249;INFO;Controller;State = Running;
07/10/20;13:37:12.146;INFO;Robot Runtime;executing:    EnableTScreen;
07/10/20;13:37:12.442;INFO;Controller;Activity ExecRobotTask ended. Return value: Done;
07/10/20;13:37:12.442;INFO;Controller;State = Ready;
