19/02/20;12:40:09.134;INFO;Controller;Instantiation;
19/02/20;12:40:09.152;INFO;Controller;State = Initializing;
19/02/20;12:40:09.320;WARNING;Interface;Access level set to Admin;
19/02/20;12:40:09.427;INFO;Controller;Initialized log services - Startup: 19/02/20 12:40:09;
19/02/20;12:40:09.434;INFO;Controller;Initializing controller for SW version: 1.1.0 - JLib 1.7.2;
19/02/20;12:40:09.665;INFO;Epics Server;Registered PV: SW:Version;
19/02/20;12:40:09.666;INFO;Epics Server;Registered PV: SW:Status;
19/02/20;12:40:09.666;INFO;Epics Server;Registered PV: SW:Uptime;
19/02/20;12:40:09.683;INFO;Epics Server;Registered PV: SW:LastTaskInfo;
19/02/20;12:40:09.683;INFO;Epics Server;Registered PV: SW:AlarmList;
19/02/20;12:40:09.684;INFO;Epics Server;Registered PV: SW:LocalGuiLockOut;
19/02/20;12:40:09.684;INFO;Epics Server;Registered PV: SW:RobotSpeed;
19/02/20;12:40:09.684;INFO;Epics Server;Registered PV: SW:LastTaskException;
19/02/20;12:40:09.685;INFO;Epics Server;Registered PV: SW:LastTaskOutput;
19/02/20;12:40:09.685;INFO;Epics Server;Registered PV: SW:RobotState;
19/02/20;12:40:09.686;INFO;Epics Server;Registered PV: SW:CartesianPositions;
19/02/20;12:40:09.687;INFO;Epics Server;Registered PV: SW:JointPositions;
19/02/20;12:40:09.688;INFO;Epics Server;Registered PV: SW:State;
19/02/20;12:40:09.689;INFO;Epics Server;Registered PV: SW:abort;
19/02/20;12:40:09.690;INFO;Epics Server;Registered PV: SW:restart;
19/02/20;12:40:09.690;INFO;Epics Server;Registered PV: SW:getTaskInfo;
19/02/20;12:40:09.691;INFO;Epics Server;Registered PV: SW:isTaskRunning;
19/02/20;12:40:09.692;INFO;Epics Server;Registered PV: SW:checkTaskResult;
19/02/20;12:40:09.692;INFO;Epics Server;Registered PV: SW:startTestTask;
19/02/20;12:40:09.692;INFO;Epics Server;Registered PV: SW:pauseRobot;
19/02/20;12:40:09.693;INFO;Epics Server;Registered PV: SW:resumeRobot;
19/02/20;12:40:09.693;INFO;Epics Server;Registered PV: SW:setRobotVariable;
19/02/20;12:40:09.693;INFO;Epics Server;Registered PV: SW:isSampleMounted;
19/02/20;12:40:09.694;INFO;Epics Server;Registered PV: SW:startRobotTask;
19/02/20;12:40:09.694;INFO;Epics Server;Registered PV: SW:getRobotVariable;
19/02/20;12:40:09.695;INFO;Epics Server;Registered PV: SW:getDistance;
19/02/20;12:40:09.695;INFO;Epics Server;Initializing: Channel Access Server in Java v1.1.1;
19/02/20;12:40:09.698;INFO;Epics Server;Started server: ready to accept requests;
19/02/20;12:40:10.336;INFO;Controller;Initializing Robot;
19/02/20;12:40:10.351;INFO;Robot;Setting reference frame to: world;
19/02/20;12:40:10.534;INFO;Controller;Initializing Bus Controller;
19/02/20;12:40:10.535;INFO;Anti-Collision;Active = true;
19/02/20;12:40:10.536;INFO;Controller;State = Starting;
19/02/20;12:40:10.539;INFO;Controller;Command: Reset;
19/02/20;12:40:10.822;INFO;Controller;Executing asynchronous script: ./script/Reset.py;
19/02/20;12:40:10.822;INFO;Controller;Status = Reseting;
19/02/20;12:40:10.822;INFO;Controller;State = Running;
19/02/20;12:40:11.407;INFO;Controller;Script host: localhost:43551;
19/02/20;12:40:11.408;INFO;Script;Starting initialization script;
19/02/20;12:40:11.412;INFO;Script;Do nothing;
19/02/20;12:40:11.413;INFO;Controller;Script ./script/Reset.py ended. Return value: ;
19/02/20;12:40:11.413;INFO;Controller;State = Ready;
19/02/20;13:27:43.885;INFO;Interface;Command: ExecRobotTask (initialize,-1);
19/02/20;13:27:43.886;INFO;Controller;Executing asynchronous activity: ExecRobotTask;
19/02/20;13:27:43.886;INFO;Controller;Status = Executing: initialize;
19/02/20;13:27:43.887;INFO;Controller;State = Running;
19/02/20;13:27:44.786;INFO;Robot Runtime;executing:    initialize;
19/02/20;13:27:46.092;INFO;Controller;Activity ExecRobotTask ended. Return value: Done;
19/02/20;13:27:46.093;INFO;Controller;State = Ready;
19/02/20;13:28:02.812;INFO;Interface;Command: ExecRobotTask (initialize,-1);
19/02/20;13:28:02.813;INFO;Controller;Executing asynchronous activity: ExecRobotTask;
19/02/20;13:28:02.813;INFO;Controller;Status = Executing: initialize;
19/02/20;13:28:02.813;INFO;Controller;State = Running;
19/02/20;13:28:03.698;INFO;Robot Runtime;executing:    initialize;
19/02/20;13:28:04.743;INFO;Robot Runtime;Failed to turn on robot power;
19/02/20;13:28:04.945;INFO;Controller;Activity ExecRobotTask ended. Return value: ABORT: Failed to turn on robot power;
19/02/20;13:28:04.946;INFO;Controller;State = Ready;
19/02/20;13:28:19.796;INFO;Interface;Command: ExecRobotTask (initialize,-1);
19/02/20;13:28:19.797;INFO;Controller;Executing asynchronous activity: ExecRobotTask;
19/02/20;13:28:19.797;INFO;Controller;Status = Executing: initialize;
19/02/20;13:28:19.797;INFO;Controller;State = Running;
19/02/20;13:28:20.635;INFO;Robot Runtime;executing:    initialize;
19/02/20;13:28:22.050;INFO;Controller;Activity ExecRobotTask ended. Return value: Done;
19/02/20;13:28:22.051;INFO;Controller;State = Ready;
