10/03/20;11:48:45.218;INFO;Server;Command: ExecRobotTask (Initialize,500000);
10/03/20;11:48:45.218;INFO;Controller;Executing asynchronous activity: ExecRobotTask;
10/03/20;11:48:45.218;INFO;Controller;Status = Executing: Initialize;
10/03/20;11:48:45.218;INFO;Controller;State = Running;
10/03/20;11:48:46.077;INFO;Robot Runtime;executing:    Initialize;
10/03/20;11:48:47.122;INFO;Robot Runtime;Failed to turn on robot power;
10/03/20;11:48:47.414;INFO;Controller;Activity ExecRobotTask ended. Return value: ABORT: Failed to turn on robot power;
10/03/20;11:48:47.414;INFO;Controller;State = Ready;
10/03/20;11:49:59.029;INFO;Server;Command: ExecRobotTask (ClosePorts,500000);
10/03/20;11:49:59.029;INFO;Controller;Executing asynchronous activity: ExecRobotTask;
10/03/20;11:49:59.029;INFO;Controller;Status = Executing: ClosePorts;
10/03/20;11:49:59.030;INFO;Controller;State = Running;
10/03/20;11:49:59.911;INFO;Robot Runtime;executing:    ClosePorts;
10/03/20;11:50:00.151;INFO;Controller;Activity ExecRobotTask ended. Return value: Done;
10/03/20;11:50:00.151;INFO;Controller;State = Ready;
10/03/20;11:50:00.168;INFO;Server;Command: ExecRobotTask (EnableTScreen,500000);
10/03/20;11:50:00.168;INFO;Controller;Executing asynchronous activity: ExecRobotTask;
10/03/20;11:50:00.168;INFO;Controller;Status = Executing: EnableTScreen;
10/03/20;11:50:00.168;INFO;Controller;State = Running;
10/03/20;11:50:01.114;INFO;Robot Runtime;executing:    EnableTScreen;
10/03/20;11:50:01.427;INFO;Controller;Activity ExecRobotTask ended. Return value: Done;
10/03/20;11:50:01.427;INFO;Controller;State = Ready;
10/03/20;11:50:26.481;INFO;Server;Command: ExecRobotTask (Initialize,500000);
10/03/20;11:50:26.481;INFO;Controller;Executing asynchronous activity: ExecRobotTask;
10/03/20;11:50:26.481;INFO;Controller;Status = Executing: Initialize;
10/03/20;11:50:26.481;INFO;Controller;State = Running;
10/03/20;11:50:27.369;INFO;Robot Runtime;executing:    Initialize;
10/03/20;11:50:28.702;INFO;Controller;Activity ExecRobotTask ended. Return value: Done;
10/03/20;11:50:28.702;INFO;Controller;State = Ready;
10/03/20;11:50:28.715;INFO;Server;Command: ExecRobotTask (TestRobot,500000);
10/03/20;11:50:28.715;INFO;Controller;Executing asynchronous activity: ExecRobotTask;
10/03/20;11:50:28.715;INFO;Controller;Status = Executing: TestRobot;
10/03/20;11:50:28.715;INFO;Controller;State = Running;
10/03/20;11:50:29.616;INFO;Robot Runtime;executing:    TestRobot;
10/03/20;11:50:30.701;INFO;Controller;Activity ExecRobotTask ended. Return value: Done;
10/03/20;11:50:30.701;INFO;Controller;State = Ready;
10/03/20;11:50:40.739;INFO;Server;Command: ExecRobotTask (Initialize,500000);
10/03/20;11:50:40.740;INFO;Controller;Executing asynchronous activity: ExecRobotTask;
10/03/20;11:50:40.740;INFO;Controller;Status = Executing: Initialize;
10/03/20;11:50:40.740;INFO;Controller;State = Running;
10/03/20;11:50:41.575;INFO;Robot Runtime;executing:    Initialize;
10/03/20;11:50:41.922;INFO;Controller;Activity ExecRobotTask ended. Return value: Done;
10/03/20;11:50:41.922;INFO;Controller;State = Ready;
10/03/20;11:50:41.940;INFO;Server;Command: ExecRobotTask (TestRobot,500000);
10/03/20;11:50:41.940;INFO;Controller;Executing asynchronous activity: ExecRobotTask;
10/03/20;11:50:41.940;INFO;Controller;Status = Executing: TestRobot;
10/03/20;11:50:41.941;INFO;Controller;State = Running;
10/03/20;11:50:42.786;INFO;Robot Runtime;executing:    TestRobot;
10/03/20;11:50:43.906;INFO;Controller;Activity ExecRobotTask ended. Return value: Done;
10/03/20;11:50:43.906;INFO;Controller;State = Ready;
10/03/20;11:50:58.452;INFO;Server;Command: ExecRobotTask (Initialize,500000);
10/03/20;11:50:58.452;INFO;Controller;Executing asynchronous activity: ExecRobotTask;
10/03/20;11:50:58.453;INFO;Controller;Status = Executing: Initialize;
10/03/20;11:50:58.453;INFO;Controller;State = Running;
10/03/20;11:50:59.282;INFO;Robot Runtime;executing:    Initialize;
10/03/20;11:50:59.640;INFO;Controller;Activity ExecRobotTask ended. Return value: Done;
10/03/20;11:50:59.640;INFO;Controller;State = Ready;
10/03/20;11:50:59.655;INFO;Server;Command: ExecRobotTask (Home,500000);
10/03/20;11:50:59.655;INFO;Controller;Executing asynchronous activity: ExecRobotTask;
10/03/20;11:50:59.655;INFO;Controller;Status = Executing: Home;
10/03/20;11:50:59.655;INFO;Controller;State = Running;
10/03/20;11:51:00.506;INFO;Robot Runtime;executing:    Home;
10/03/20;11:51:00.678;INFO;Controller;Activity ExecRobotTask ended. Return value: Done;
10/03/20;11:51:00.678;INFO;Controller;State = Ready;
10/03/20;11:51:00.695;INFO;Server;Command: ExecRobotTask (Park,500000);
10/03/20;11:51:00.695;INFO;Controller;Executing asynchronous activity: ExecRobotTask;
10/03/20;11:51:00.695;INFO;Controller;Status = Executing: Park;
10/03/20;11:51:00.695;INFO;Controller;State = Running;
10/03/20;11:51:01.535;INFO;Robot Runtime;executing:    Park;
10/03/20;11:51:04.924;INFO;Controller;Activity ExecRobotTask ended. Return value: Done;
10/03/20;11:51:04.924;INFO;Controller;State = Ready;
10/03/20;11:51:15.970;INFO;Server;Command: ExecRobotTask (Initialize,500000);
10/03/20;11:51:15.970;INFO;Controller;Executing asynchronous activity: ExecRobotTask;
10/03/20;11:51:15.970;INFO;Controller;Status = Executing: Initialize;
10/03/20;11:51:15.970;INFO;Controller;State = Running;
10/03/20;11:51:16.801;INFO;Robot Runtime;executing:    Initialize;
10/03/20;11:51:17.158;INFO;Controller;Activity ExecRobotTask ended. Return value: Done;
10/03/20;11:51:17.158;INFO;Controller;State = Ready;
10/03/20;11:51:17.171;INFO;Server;Command: ExecRobotTask (UnlatchRobGov,500000);
10/03/20;11:51:17.172;INFO;Controller;Executing asynchronous activity: ExecRobotTask;
10/03/20;11:51:17.172;INFO;Controller;Status = Executing: UnlatchRobGov;
10/03/20;11:51:17.172;INFO;Controller;State = Running;
10/03/20;11:51:18.440;INFO;Robot Runtime;executing:    UnlatchRobGov;
10/03/20;11:51:18.912;INFO;Controller;Activity ExecRobotTask ended. Return value: Done;
10/03/20;11:51:18.912;INFO;Controller;State = Ready;
10/03/20;11:51:18.930;INFO;Server;Command: ExecRobotTask (Home,500000);
10/03/20;11:51:18.930;INFO;Controller;Executing asynchronous activity: ExecRobotTask;
10/03/20;11:51:18.930;INFO;Controller;Status = Executing: Home;
10/03/20;11:51:18.930;INFO;Controller;State = Running;
10/03/20;11:51:19.780;INFO;Robot Runtime;executing:    Home;
10/03/20;11:51:21.943;INFO;Controller;Activity ExecRobotTask ended. Return value: Done;
10/03/20;11:51:21.943;INFO;Controller;State = Ready;
10/03/20;11:51:21.954;INFO;Server;Command: ExecRobotTask (Finish,500000);
10/03/20;11:51:21.955;INFO;Controller;Executing asynchronous activity: ExecRobotTask;
10/03/20;11:51:21.955;INFO;Controller;Status = Executing: Finish;
10/03/20;11:51:21.955;INFO;Controller;State = Running;
10/03/20;11:51:22.865;INFO;Robot Runtime;executing:    Finish;
10/03/20;11:53:22.052;INFO;Controller;Activity ExecRobotTask ended. Return value: Done;
10/03/20;11:53:22.052;INFO;Controller;State = Ready;
10/03/20;11:53:33.594;INFO;Server;Command: ExecRobotTask (CloseGripper,500000);
10/03/20;11:53:33.594;INFO;Controller;Executing asynchronous activity: ExecRobotTask;
10/03/20;11:53:33.594;INFO;Controller;Status = Executing: CloseGripper;
10/03/20;11:53:33.594;INFO;Controller;State = Running;
10/03/20;11:53:34.540;INFO;Robot Runtime;executing:    CloseGripper;
10/03/20;11:53:34.802;INFO;Controller;Activity ExecRobotTask ended. Return value: Done;
10/03/20;11:53:34.802;INFO;Controller;State = Ready;
10/03/20;11:53:39.335;INFO;Server;Command: ExecRobotTask (OpenGripper,500000);
10/03/20;11:53:39.335;INFO;Controller;Executing asynchronous activity: ExecRobotTask;
10/03/20;11:53:39.335;INFO;Controller;Status = Executing: OpenGripper;
10/03/20;11:53:39.335;INFO;Controller;State = Running;
10/03/20;11:53:40.241;INFO;Robot Runtime;executing:    OpenGripper;
10/03/20;11:53:40.528;INFO;Controller;Activity ExecRobotTask ended. Return value: Done;
10/03/20;11:53:40.528;INFO;Controller;State = Ready;
10/03/20;11:53:54.075;INFO;Server;Command: ExecRobotTask (CloseGripper,500000);
10/03/20;11:53:54.075;INFO;Controller;Executing asynchronous activity: ExecRobotTask;
10/03/20;11:53:54.075;INFO;Controller;Status = Executing: CloseGripper;
10/03/20;11:53:54.075;INFO;Controller;State = Running;
10/03/20;11:53:54.901;INFO;Robot Runtime;executing:    CloseGripper;
10/03/20;11:53:55.043;INFO;Controller;Activity ExecRobotTask ended. Return value: Done;
10/03/20;11:53:55.043;INFO;Controller;State = Ready;
10/03/20;11:53:57.070;INFO;Server;Command: ExecRobotTask (OpenGripper,500000);
10/03/20;11:53:57.070;INFO;Controller;Executing asynchronous activity: ExecRobotTask;
10/03/20;11:53:57.076;INFO;Controller;Status = Executing: OpenGripper;
10/03/20;11:53:57.076;INFO;Controller;State = Running;
10/03/20;11:53:57.898;INFO;Robot Runtime;executing:    OpenGripper;
10/03/20;11:53:58.299;INFO;Controller;Activity ExecRobotTask ended. Return value: Done;
10/03/20;11:53:58.299;INFO;Controller;State = Ready;
10/03/20;11:54:09.345;INFO;Server;Command: ExecRobotTask (OpenPortLid,500000);
10/03/20;11:54:09.345;INFO;Controller;Executing asynchronous activity: ExecRobotTask;
10/03/20;11:54:09.345;INFO;Controller;Status = Executing: OpenPortLid;
10/03/20;11:54:09.346;INFO;Controller;State = Running;
10/03/20;11:54:10.543;INFO;Robot Runtime;executing:    OpenPortLid;
10/03/20;11:54:10.835;INFO;Controller;Activity ExecRobotTask ended. Return value: Done;
10/03/20;11:54:10.835;INFO;Controller;State = Ready;
10/03/20;11:54:10.854;INFO;Server;Command: ExecRobotTask (EnableTScreen,500000);
10/03/20;11:54:10.854;INFO;Controller;Executing asynchronous activity: ExecRobotTask;
10/03/20;11:54:10.854;INFO;Controller;Status = Executing: EnableTScreen;
10/03/20;11:54:10.854;INFO;Controller;State = Running;
10/03/20;11:54:11.742;INFO;Robot Runtime;executing:    EnableTScreen;
10/03/20;11:54:12.068;INFO;Controller;Activity ExecRobotTask ended. Return value: Done;
10/03/20;11:54:12.068;INFO;Controller;State = Ready;
10/03/20;11:54:14.104;INFO;Server;Command: ExecRobotTask (ClosePorts,500000);
10/03/20;11:54:14.104;INFO;Controller;Executing asynchronous activity: ExecRobotTask;
10/03/20;11:54:14.104;INFO;Controller;Status = Executing: ClosePorts;
10/03/20;11:54:14.104;INFO;Controller;State = Running;
10/03/20;11:54:14.960;INFO;Robot Runtime;executing:    ClosePorts;
10/03/20;11:54:15.277;INFO;Controller;Activity ExecRobotTask ended. Return value: Done;
10/03/20;11:54:15.277;INFO;Controller;State = Ready;
10/03/20;11:54:15.298;INFO;Server;Command: ExecRobotTask (EnableTScreen,500000);
10/03/20;11:54:15.298;INFO;Controller;Executing asynchronous activity: ExecRobotTask;
10/03/20;11:54:15.298;INFO;Controller;Status = Executing: EnableTScreen;
10/03/20;11:54:15.299;INFO;Controller;State = Running;
10/03/20;11:54:16.178;INFO;Robot Runtime;executing:    EnableTScreen;
10/03/20;11:54:16.511;INFO;Controller;Activity ExecRobotTask ended. Return value: Done;
10/03/20;11:54:16.511;INFO;Controller;State = Ready;
10/03/20;11:57:12.732;INFO;Server;Command: Abort;
10/03/20;11:57:12.732;INFO;Robot;Abort;
10/03/20;11:57:12.826;INFO;Server;Command: Restart;
10/03/20;11:57:12.826;INFO;Controller;State = Initializing;
10/03/20;11:57:12.917;INFO;Controller;Initialized log services - Startup: 19/02/20 12:40:09;
10/03/20;11:57:13.925;INFO;Epics Server;Exiting running thread;
10/03/20;11:57:13.927;INFO;Epics Server;Registered PV: SW:Version;
10/03/20;11:57:13.927;INFO;Epics Server;Registered PV: SW:Status;
10/03/20;11:57:13.927;INFO;Epics Server;Registered PV: SW:Uptime;
10/03/20;11:57:13.928;INFO;Epics Server;Registered PV: SW:LastTaskInfo;
10/03/20;11:57:13.928;INFO;Epics Server;Registered PV: SW:AlarmList;
10/03/20;11:57:13.928;INFO;Epics Server;Registered PV: SW:LocalGuiLockOut;
10/03/20;11:57:13.928;INFO;Epics Server;Registered PV: SW:RobotSpeed;
10/03/20;11:57:13.928;INFO;Epics Server;Registered PV: SW:LastTaskException;
10/03/20;11:57:13.928;INFO;Epics Server;Registered PV: SW:LastTaskOutput;
10/03/20;11:57:13.928;INFO;Epics Server;Registered PV: SW:RobotState;
10/03/20;11:57:13.928;INFO;Epics Server;Registered PV: SW:CartesianPositions;
10/03/20;11:57:13.928;INFO;Epics Server;Registered PV: SW:JointPositions;
10/03/20;11:57:13.928;INFO;Epics Server;Registered PV: SW:State;
10/03/20;11:57:13.928;INFO;Epics Server;Registered PV: SW:abort;
10/03/20;11:57:13.928;INFO;Epics Server;Registered PV: SW:restart;
10/03/20;11:57:13.928;INFO;Epics Server;Registered PV: SW:getTaskInfo;
10/03/20;11:57:13.928;INFO;Epics Server;Registered PV: SW:isTaskRunning;
10/03/20;11:57:13.928;INFO;Epics Server;Registered PV: SW:checkTaskResult;
10/03/20;11:57:13.928;INFO;Epics Server;Registered PV: SW:startTestTask;
10/03/20;11:57:13.928;INFO;Epics Server;Registered PV: SW:pauseRobot;
10/03/20;11:57:13.928;INFO;Epics Server;Registered PV: SW:resumeRobot;
10/03/20;11:57:13.929;INFO;Epics Server;Registered PV: SW:setRobotVariable;
10/03/20;11:57:13.929;INFO;Epics Server;Registered PV: SW:isSampleMounted;
10/03/20;11:57:13.929;INFO;Epics Server;Registered PV: SW:startRobotTask;
10/03/20;11:57:13.929;INFO;Epics Server;Registered PV: SW:getRobotVariable;
10/03/20;11:57:13.929;INFO;Epics Server;Registered PV: SW:getDistance;
10/03/20;11:57:13.929;INFO;Epics Server;Initializing: Channel Access Server in Java v1.1.1;
10/03/20;11:57:13.929;INFO;Epics Server;Started server: ready to accept requests;
10/03/20;11:57:14.553;INFO;Controller;Initializing Robot;
10/03/20;11:57:14.555;INFO;Robot;Setting reference frame to: world;
10/03/20;11:57:14.679;INFO;Controller;Initializing Bus Controller;
10/03/20;11:57:14.679;INFO;Anti-Collision;Active = true;
10/03/20;11:57:14.679;INFO;Controller;State = Starting;
10/03/20;11:57:14.680;INFO;Controller;Command: Reset;
10/03/20;11:57:14.680;INFO;Controller;Executing asynchronous script: ./script/Reset.py;
10/03/20;11:57:14.680;INFO;Controller;Status = Reseting;
10/03/20;11:57:14.680;INFO;Controller;State = Running;
10/03/20;11:57:14.867;INFO;Controller;Script host: localhost:60351;
10/03/20;11:57:14.867;INFO;Script;Starting initialization script;
10/03/20;11:57:14.870;INFO;Script;Do nothing;
10/03/20;11:57:14.871;INFO;Controller;Script ./script/Reset.py ended. Return value: ;
10/03/20;11:57:14.871;INFO;Controller;State = Ready;
10/03/20;11:57:57.743;INFO;Controller;State = Closing;
10/03/20;11:57:58.753;INFO;Epics Server;Exiting running thread;
10/03/20;11:57:58.756;INFO;Controller;Stopping log services - Startup: 19/02/20 12:40:09;
