30/11/20;09:37:32.218;INFO;Server;Command: ExecRobotTask (TurnOnAutoFill,500000);
30/11/20;09:37:32.219;INFO;Controller;Executing asynchronous activity: ExecRobotTask;
30/11/20;09:37:32.219;INFO;Controller;Status = Executing: TurnOnAutoFill;
30/11/20;09:37:32.219;INFO;Controller;State = Running;
30/11/20;09:37:33.344;INFO;Robot Runtime;executing:    TurnOnAutoFill;
30/11/20;09:37:33.887;INFO;Controller;Activity ExecRobotTask ended. Return value: Done;
30/11/20;09:37:33.887;INFO;Controller;State = Ready;
30/11/20;09:52:35.618;INFO;Server;Command: ExecRobotTask (TurnOnAutoFill,500000);
30/11/20;09:52:35.619;INFO;Controller;Executing asynchronous activity: ExecRobotTask;
30/11/20;09:52:35.619;INFO;Controller;Status = Executing: TurnOnAutoFill;
30/11/20;09:52:35.619;INFO;Controller;State = Running;
30/11/20;09:52:36.548;INFO;Robot Runtime;executing:    TurnOnAutoFill;
30/11/20;09:52:36.739;INFO;Controller;Activity ExecRobotTask ended. Return value: Done;
30/11/20;09:52:36.740;INFO;Controller;State = Ready;
30/11/20;09:52:37.175;INFO;Server;Command: ExecRobotTask (TurnOnAutoFill,500000);
30/11/20;09:52:37.175;INFO;Controller;Executing asynchronous activity: ExecRobotTask;
30/11/20;09:52:37.175;INFO;Controller;Status = Executing: TurnOnAutoFill;
30/11/20;09:52:37.175;INFO;Controller;State = Running;
30/11/20;09:52:38.043;INFO;Robot Runtime;executing:    TurnOnAutoFill;
30/11/20;09:52:38.214;INFO;Controller;Activity ExecRobotTask ended. Return value: Done;
30/11/20;09:52:38.214;INFO;Controller;State = Ready;
30/11/20;09:53:05.366;INFO;Server;Command: ExecRobotTask (TurnOnAutoFill,500000);
30/11/20;09:53:05.366;INFO;Controller;Executing asynchronous activity: ExecRobotTask;
30/11/20;09:53:05.366;INFO;Controller;Status = Executing: TurnOnAutoFill;
30/11/20;09:53:05.366;INFO;Controller;State = Running;
30/11/20;09:53:06.236;INFO;Robot Runtime;executing:    TurnOnAutoFill;
30/11/20;09:53:06.605;INFO;Controller;Activity ExecRobotTask ended. Return value: Done;
30/11/20;09:53:06.605;INFO;Controller;State = Ready;
30/11/20;12:27:25.997;WARNING;Robot;Alarm active: Device is offline;
30/11/20;12:27:25.997;INFO;Controller;State = Communication Error;
30/11/20;12:27:40.106;INFO;Robot;Alarm inactive: Device is offline;
30/11/20;12:27:40.107;WARNING;Controller;Communication resumed, trying updating devices;
30/11/20;12:27:40.107;INFO;Controller;Finished device updating;
30/11/20;12:27:40.107;INFO;Controller;State = Ready;
