10/02/20;09:47:12.448;INFO;Server;Command: ExecRobotTask (TurnOnAutoFill,500000);
10/02/20;09:47:12.448;INFO;Controller;Executing asynchronous activity: ExecRobotTask;
10/02/20;09:47:12.448;INFO;Controller;Status = Executing: TurnOnAutoFill;
10/02/20;09:47:12.449;INFO;Controller;State = Running;
10/02/20;09:47:13.291;INFO;Robot Runtime;executing:    TurnOnAutoFill;
10/02/20;09:47:14.141;INFO;Controller;Activity ExecRobotTask ended. Return value: Done;
10/02/20;09:47:14.141;INFO;Controller;State = Ready;
10/02/20;09:47:14.161;INFO;Server;Command: ExecRobotTask (EnableTScreen,500000);
10/02/20;09:47:14.162;INFO;Controller;Executing asynchronous activity: ExecRobotTask;
10/02/20;09:47:14.162;INFO;Controller;Status = Executing: EnableTScreen;
10/02/20;09:47:14.162;INFO;Controller;State = Running;
10/02/20;09:47:14.995;INFO;Robot Runtime;executing:    EnableTScreen;
10/02/20;09:47:15.344;INFO;Controller;Activity ExecRobotTask ended. Return value: Done;
10/02/20;09:47:15.345;INFO;Controller;State = Ready;
10/02/20;11:49:02.198;WARNING;Robot;Alarm active: Device is offline;
10/02/20;11:49:02.199;INFO;Controller;State = Communication Error;
10/02/20;11:49:05.308;INFO;Robot;Alarm inactive: Device is offline;
10/02/20;11:49:05.308;WARNING;Controller;Communication resumed, trying updating devices;
10/02/20;11:49:05.308;INFO;Controller;Finished device updating;
10/02/20;11:49:05.308;INFO;Controller;State = Ready;
10/02/20;14:42:07.529;INFO;Robot;Enabling Power;
10/02/20;14:42:22.443;INFO;Robot;Disabling Power;
10/02/20;16:29:09.069;INFO;Server;Command: ExecRobotTask (OpenPortLid,500000);
10/02/20;16:29:09.070;INFO;Controller;Executing asynchronous activity: ExecRobotTask;
10/02/20;16:29:09.070;INFO;Controller;Status = Executing: OpenPortLid;
10/02/20;16:29:09.070;INFO;Controller;State = Running;
10/02/20;16:29:09.914;INFO;Robot Runtime;executing:    OpenPortLid;
10/02/20;16:29:10.212;INFO;Controller;Activity ExecRobotTask ended. Return value: Done;
10/02/20;16:29:10.212;INFO;Controller;State = Ready;
10/02/20;16:29:10.252;INFO;Server;Command: ExecRobotTask (EnableTScreen,500000);
10/02/20;16:29:10.253;INFO;Controller;Executing asynchronous activity: ExecRobotTask;
10/02/20;16:29:10.253;INFO;Controller;Status = Executing: EnableTScreen;
10/02/20;16:29:10.253;INFO;Controller;State = Running;
10/02/20;16:29:11.124;INFO;Robot Runtime;executing:    EnableTScreen;
10/02/20;16:29:11.441;INFO;Controller;Activity ExecRobotTask ended. Return value: Done;
10/02/20;16:29:11.441;INFO;Controller;State = Ready;
10/02/20;16:30:04.526;INFO;Server;Command: ExecRobotTask (ClosePorts,500000);
10/02/20;16:30:04.527;INFO;Controller;Executing asynchronous activity: ExecRobotTask;
10/02/20;16:30:04.527;INFO;Controller;Status = Executing: ClosePorts;
10/02/20;16:30:04.527;INFO;Controller;State = Running;
10/02/20;16:30:05.419;INFO;Robot Runtime;executing:    ClosePorts;
10/02/20;16:30:05.561;INFO;Controller;Activity ExecRobotTask ended. Return value: Done;
10/02/20;16:30:05.561;INFO;Controller;State = Ready;
10/02/20;16:30:05.575;INFO;Server;Command: ExecRobotTask (EnableTScreen,500000);
10/02/20;16:30:05.575;INFO;Controller;Executing asynchronous activity: ExecRobotTask;
10/02/20;16:30:05.575;INFO;Controller;Status = Executing: EnableTScreen;
10/02/20;16:30:05.575;INFO;Controller;State = Running;
10/02/20;16:30:06.387;INFO;Robot Runtime;executing:    EnableTScreen;
10/02/20;16:30:06.742;INFO;Controller;Activity ExecRobotTask ended. Return value: Done;
10/02/20;16:30:06.743;INFO;Controller;State = Ready;
10/02/20;16:32:29.045;INFO;Server;Command: ExecRobotTask (Initialize,500000);
10/02/20;16:32:29.046;INFO;Controller;Executing asynchronous activity: ExecRobotTask;
10/02/20;16:32:29.046;INFO;Controller;Status = Executing: Initialize;
10/02/20;16:32:29.046;INFO;Controller;State = Running;
10/02/20;16:32:30.234;INFO;Robot Runtime;executing:    Initialize;
10/02/20;16:32:31.440;INFO;Controller;Activity ExecRobotTask ended. Return value: Done;
10/02/20;16:32:31.441;INFO;Controller;State = Ready;
10/02/20;16:32:31.456;INFO;Server;Command: ExecRobotTask (CoolDown,500000);
10/02/20;16:32:31.456;INFO;Controller;Executing asynchronous activity: ExecRobotTask;
10/02/20;16:32:31.456;INFO;Controller;Status = Executing: CoolDown;
10/02/20;16:32:31.457;INFO;Controller;State = Running;
10/02/20;16:32:32.281;INFO;Robot Runtime;executing:    CoolDown;
10/02/20;16:33:42.455;INFO;Controller;Activity ExecRobotTask ended. Return value: Done;
10/02/20;16:33:42.456;INFO;Controller;State = Ready;
10/02/20;16:34:27.455;INFO;Server;Command: ExecRobotTask (Initialize,500000);
10/02/20;16:34:27.455;INFO;Controller;Executing asynchronous activity: ExecRobotTask;
10/02/20;16:34:27.455;INFO;Controller;Status = Executing: Initialize;
10/02/20;16:34:27.455;INFO;Controller;State = Running;
10/02/20;16:34:28.278;INFO;Robot Runtime;executing:    Initialize;
10/02/20;16:34:28.745;INFO;Controller;Activity ExecRobotTask ended. Return value: Done;
10/02/20;16:34:28.745;INFO;Controller;State = Ready;
10/02/20;16:34:28.986;INFO;Server;Command: ExecRobotTask (Load,500000);
10/02/20;16:34:28.986;INFO;Controller;Executing asynchronous activity: ExecRobotTask;
10/02/20;16:34:28.986;INFO;Controller;Status = Executing: Load;
10/02/20;16:34:28.986;INFO;Controller;State = Running;
10/02/20;16:34:29.889;INFO;Robot Runtime;executing:    Load;
10/02/20;16:34:39.057;INFO;Controller;Activity ExecRobotTask ended. Return value: Done False/True/False;
10/02/20;16:34:39.058;INFO;Controller;State = Ready;
10/02/20;16:34:39.072;INFO;Server;Command: ExecRobotTask (Mount,500000);
10/02/20;16:34:39.072;INFO;Controller;Executing asynchronous activity: ExecRobotTask;
10/02/20;16:34:39.072;INFO;Controller;Status = Executing: Mount;
10/02/20;16:34:39.072;INFO;Controller;State = Running;
10/02/20;16:34:39.928;INFO;Robot Runtime;executing:    Mount;
10/02/20;16:34:43.770;INFO;Controller;Activity ExecRobotTask ended. Return value: Done True/False/False;
10/02/20;16:34:43.770;INFO;Controller;State = Ready;
10/02/20;16:34:43.797;INFO;Server;Command: ExecRobotTask (Park,500000);
10/02/20;16:34:43.797;INFO;Controller;Executing asynchronous activity: ExecRobotTask;
10/02/20;16:34:43.797;INFO;Controller;Status = Executing: Park;
10/02/20;16:34:43.797;INFO;Controller;State = Running;
10/02/20;16:34:44.627;INFO;Robot Runtime;executing:    Park;
10/02/20;16:34:46.703;INFO;Controller;Activity ExecRobotTask ended. Return value: Done;
10/02/20;16:34:46.703;INFO;Controller;State = Ready;
10/02/20;16:34:46.718;INFO;Server;Command: ExecRobotTask (UnlatchRobGov,500000);
10/02/20;16:34:46.718;INFO;Controller;Executing asynchronous activity: ExecRobotTask;
10/02/20;16:34:46.718;INFO;Controller;Status = Executing: UnlatchRobGov;
10/02/20;16:34:46.718;INFO;Controller;State = Running;
10/02/20;16:34:47.950;INFO;Robot Runtime;executing:    UnlatchRobGov;
10/02/20;16:34:48.448;INFO;Controller;Activity ExecRobotTask ended. Return value: Done;
10/02/20;16:34:48.449;INFO;Controller;State = Ready;
10/02/20;16:47:40.805;INFO;Server;Command: ExecRobotTask (Unmount,500000);
10/02/20;16:47:40.805;INFO;Controller;Executing asynchronous activity: ExecRobotTask;
10/02/20;16:47:40.805;INFO;Controller;Status = Executing: Unmount;
10/02/20;16:47:40.805;INFO;Controller;State = Running;
10/02/20;16:47:41.641;INFO;Robot Runtime;executing:    Unmount;
10/02/20;16:47:50.920;INFO;Controller;Activity ExecRobotTask ended. Return value: Done False/True/False;
10/02/20;16:47:50.920;INFO;Controller;State = Ready;
10/02/20;16:47:50.939;INFO;Server;Command: ExecRobotTask (Unload,500000);
10/02/20;16:47:50.939;INFO;Controller;Executing asynchronous activity: ExecRobotTask;
10/02/20;16:47:50.939;INFO;Controller;Status = Executing: Unload;
10/02/20;16:47:50.939;INFO;Controller;State = Running;
10/02/20;16:47:51.781;INFO;Robot Runtime;executing:    Unload;
10/02/20;16:47:55.573;INFO;Controller;Activity ExecRobotTask ended. Return value: Done False/False/False;
10/02/20;16:47:55.573;INFO;Controller;State = Ready;
10/02/20;16:47:58.615;INFO;Server;Command: ExecRobotTask (Load,500000);
10/02/20;16:47:58.615;INFO;Controller;Executing asynchronous activity: ExecRobotTask;
10/02/20;16:47:58.615;INFO;Controller;Status = Executing: Load;
10/02/20;16:47:58.615;INFO;Controller;State = Running;
10/02/20;16:47:59.507;INFO;Robot Runtime;executing:    Load;
10/02/20;16:48:05.768;INFO;Controller;Activity ExecRobotTask ended. Return value: Done False/True/False;
10/02/20;16:48:05.768;INFO;Controller;State = Ready;
10/02/20;16:48:05.791;INFO;Server;Command: ExecRobotTask (Mount,500000);
10/02/20;16:48:05.791;INFO;Controller;Executing asynchronous activity: ExecRobotTask;
10/02/20;16:48:05.792;INFO;Controller;Status = Executing: Mount;
10/02/20;16:48:05.792;INFO;Controller;State = Running;
10/02/20;16:48:06.658;INFO;Robot Runtime;executing:    Mount;
10/02/20;16:48:10.920;INFO;Controller;Activity ExecRobotTask ended. Return value: Done True/False/False;
10/02/20;16:48:10.920;INFO;Controller;State = Ready;
10/02/20;16:48:10.941;INFO;Server;Command: ExecRobotTask (Park,500000);
10/02/20;16:48:10.941;INFO;Controller;Executing asynchronous activity: ExecRobotTask;
10/02/20;16:48:10.941;INFO;Controller;Status = Executing: Park;
10/02/20;16:48:10.941;INFO;Controller;State = Running;
10/02/20;16:48:11.774;INFO;Robot Runtime;executing:    Park;
10/02/20;16:48:13.526;INFO;Controller;Activity ExecRobotTask ended. Return value: Done;
10/02/20;16:48:13.526;INFO;Controller;State = Ready;
10/02/20;16:48:13.542;INFO;Server;Command: ExecRobotTask (UnlatchRobGov,500000);
10/02/20;16:48:13.542;INFO;Controller;Executing asynchronous activity: ExecRobotTask;
10/02/20;16:48:13.542;INFO;Controller;Status = Executing: UnlatchRobGov;
10/02/20;16:48:13.542;INFO;Controller;State = Running;
10/02/20;16:48:14.770;INFO;Robot Runtime;executing:    UnlatchRobGov;
10/02/20;16:48:15.184;INFO;Controller;Activity ExecRobotTask ended. Return value: Done;
10/02/20;16:48:15.184;INFO;Controller;State = Ready;
10/02/20;17:00:40.807;INFO;Server;Command: ExecRobotTask (Unmount,500000);
10/02/20;17:00:40.807;INFO;Controller;Executing asynchronous activity: ExecRobotTask;
10/02/20;17:00:40.807;INFO;Controller;Status = Executing: Unmount;
10/02/20;17:00:40.807;INFO;Controller;State = Running;
10/02/20;17:00:41.664;INFO;Robot Runtime;executing:    Unmount;
10/02/20;17:00:51.075;INFO;Controller;Activity ExecRobotTask ended. Return value: Done False/True/False;
10/02/20;17:00:51.075;INFO;Controller;State = Ready;
10/02/20;17:00:51.092;INFO;Server;Command: ExecRobotTask (Unload,500000);
10/02/20;17:00:51.092;INFO;Controller;Executing asynchronous activity: ExecRobotTask;
10/02/20;17:00:51.092;INFO;Controller;Status = Executing: Unload;
10/02/20;17:00:51.092;INFO;Controller;State = Running;
10/02/20;17:00:51.925;INFO;Robot Runtime;executing:    Unload;
10/02/20;17:00:55.728;INFO;Controller;Activity ExecRobotTask ended. Return value: Done False/False/False;
10/02/20;17:00:55.729;INFO;Controller;State = Ready;
10/02/20;17:00:57.335;INFO;Server;Command: ExecRobotTask (Load,500000);
10/02/20;17:00:57.335;INFO;Controller;Executing asynchronous activity: ExecRobotTask;
10/02/20;17:00:57.335;INFO;Controller;Status = Executing: Load;
10/02/20;17:00:57.335;INFO;Controller;State = Running;
10/02/20;17:00:58.229;INFO;Robot Runtime;executing:    Load;
10/02/20;17:01:04.395;INFO;Controller;Activity ExecRobotTask ended. Return value: Done False/True/True;
10/02/20;17:01:04.395;INFO;Controller;State = Ready;
10/02/20;17:01:04.409;INFO;Server;Command: ExecRobotTask (Home,500000);
10/02/20;17:01:04.409;INFO;Controller;Executing asynchronous activity: ExecRobotTask;
10/02/20;17:01:04.409;INFO;Controller;Status = Executing: Home;
10/02/20;17:01:04.409;INFO;Controller;State = Running;
10/02/20;17:01:05.264;INFO;Robot Runtime;executing:    Home;
10/02/20;17:01:06.641;INFO;Controller;Activity ExecRobotTask ended. Return value: Done;
10/02/20;17:01:06.641;INFO;Controller;State = Ready;
10/02/20;17:01:06.655;INFO;Server;Command: ExecRobotTask (Unload,500000);
10/02/20;17:01:06.655;INFO;Controller;Executing asynchronous activity: ExecRobotTask;
10/02/20;17:01:06.655;INFO;Controller;Status = Executing: Unload;
10/02/20;17:01:06.656;INFO;Controller;State = Running;
10/02/20;17:01:07.482;INFO;Robot Runtime;executing:    Unload;
10/02/20;17:01:12.065;INFO;Controller;Activity ExecRobotTask ended. Return value: Done False/False/False;
10/02/20;17:01:12.065;INFO;Controller;State = Ready;
10/02/20;17:01:12.083;INFO;Server;Command: ExecRobotTask (Home,500000);
10/02/20;17:01:12.084;INFO;Controller;Executing asynchronous activity: ExecRobotTask;
10/02/20;17:01:12.084;INFO;Controller;Status = Executing: Home;
10/02/20;17:01:12.084;INFO;Controller;State = Running;
10/02/20;17:01:12.910;INFO;Robot Runtime;executing:    Home;
10/02/20;17:01:14.044;INFO;Controller;Activity ExecRobotTask ended. Return value: Done;
10/02/20;17:01:14.044;INFO;Controller;State = Ready;
10/02/20;17:01:14.062;INFO;Server;Command: ExecRobotTask (Park,500000);
10/02/20;17:01:14.062;INFO;Controller;Executing asynchronous activity: ExecRobotTask;
10/02/20;17:01:14.062;INFO;Controller;Status = Executing: Park;
10/02/20;17:01:14.062;INFO;Controller;State = Running;
10/02/20;17:01:14.891;INFO;Robot Runtime;executing:    Park;
10/02/20;17:01:18.113;INFO;Controller;Activity ExecRobotTask ended. Return value: Done;
10/02/20;17:01:18.114;INFO;Controller;State = Ready;
10/02/20;17:01:19.584;INFO;Server;Command: ExecRobotTask (Load,500000);
10/02/20;17:01:19.584;INFO;Controller;Executing asynchronous activity: ExecRobotTask;
10/02/20;17:01:19.584;INFO;Controller;Status = Executing: Load;
10/02/20;17:01:19.584;INFO;Controller;State = Running;
10/02/20;17:01:20.418;INFO;Robot Runtime;executing:    Load;
10/02/20;17:01:29.688;INFO;Controller;Activity ExecRobotTask ended. Return value: Done False/True/True;
10/02/20;17:01:29.688;INFO;Controller;State = Ready;
10/02/20;17:01:29.715;INFO;Server;Command: ExecRobotTask (Home,500000);
10/02/20;17:01:29.715;INFO;Controller;Executing asynchronous activity: ExecRobotTask;
10/02/20;17:01:29.716;INFO;Controller;Status = Executing: Home;
10/02/20;17:01:29.716;INFO;Controller;State = Running;
10/02/20;17:01:30.541;INFO;Robot Runtime;executing:    Home;
10/02/20;17:01:31.920;INFO;Controller;Activity ExecRobotTask ended. Return value: Done;
10/02/20;17:01:31.920;INFO;Controller;State = Ready;
10/02/20;17:01:31.945;INFO;Server;Command: ExecRobotTask (Unload,500000);
10/02/20;17:01:31.945;INFO;Controller;Executing asynchronous activity: ExecRobotTask;
10/02/20;17:01:31.945;INFO;Controller;Status = Executing: Unload;
10/02/20;17:01:31.945;INFO;Controller;State = Running;
10/02/20;17:01:32.794;INFO;Robot Runtime;executing:    Unload;
10/02/20;17:01:37.347;INFO;Controller;Activity ExecRobotTask ended. Return value: Done False/False/False;
10/02/20;17:01:37.348;INFO;Controller;State = Ready;
10/02/20;17:01:37.363;INFO;Server;Command: ExecRobotTask (Home,500000);
10/02/20;17:01:37.364;INFO;Controller;Executing asynchronous activity: ExecRobotTask;
10/02/20;17:01:37.364;INFO;Controller;Status = Executing: Home;
10/02/20;17:01:37.364;INFO;Controller;State = Running;
10/02/20;17:01:38.189;INFO;Robot Runtime;executing:    Home;
10/02/20;17:01:39.324;INFO;Controller;Activity ExecRobotTask ended. Return value: Done;
10/02/20;17:01:39.324;INFO;Controller;State = Ready;
10/02/20;17:01:39.341;INFO;Server;Command: ExecRobotTask (Park,500000);
10/02/20;17:01:39.342;INFO;Controller;Executing asynchronous activity: ExecRobotTask;
10/02/20;17:01:39.342;INFO;Controller;Status = Executing: Park;
10/02/20;17:01:39.342;INFO;Controller;State = Running;
10/02/20;17:01:40.169;INFO;Robot Runtime;executing:    Park;
10/02/20;17:01:43.395;INFO;Controller;Activity ExecRobotTask ended. Return value: Done;
10/02/20;17:01:43.395;INFO;Controller;State = Ready;
10/02/20;17:01:45.497;INFO;Server;Command: ExecRobotTask (Initialize,500000);
10/02/20;17:01:45.497;INFO;Controller;Executing asynchronous activity: ExecRobotTask;
10/02/20;17:01:45.497;INFO;Controller;Status = Executing: Initialize;
10/02/20;17:01:45.497;INFO;Controller;State = Running;
10/02/20;17:01:46.679;INFO;Robot Runtime;executing:    Initialize;
10/02/20;17:01:47.135;INFO;Controller;Activity ExecRobotTask ended. Return value: Done;
10/02/20;17:01:47.135;INFO;Controller;State = Ready;
10/02/20;17:01:47.347;INFO;Server;Command: ExecRobotTask (Load,500000);
10/02/20;17:01:47.347;INFO;Controller;Executing asynchronous activity: ExecRobotTask;
10/02/20;17:01:47.347;INFO;Controller;Status = Executing: Load;
10/02/20;17:01:47.347;INFO;Controller;State = Running;
10/02/20;17:01:48.192;INFO;Robot Runtime;executing:    Load;
10/02/20;17:01:57.448;INFO;Controller;Activity ExecRobotTask ended. Return value: Done False/True/False;
10/02/20;17:01:57.448;INFO;Controller;State = Ready;
10/02/20;17:01:57.465;INFO;Server;Command: ExecRobotTask (Mount,500000);
10/02/20;17:01:57.465;INFO;Controller;Executing asynchronous activity: ExecRobotTask;
10/02/20;17:01:57.465;INFO;Controller;Status = Executing: Mount;
10/02/20;17:01:57.465;INFO;Controller;State = Running;
10/02/20;17:01:58.333;INFO;Robot Runtime;executing:    Mount;
10/02/20;17:02:02.609;INFO;Controller;Activity ExecRobotTask ended. Return value: Done True/False/False;
10/02/20;17:02:02.610;INFO;Controller;State = Ready;
10/02/20;17:02:02.631;INFO;Server;Command: ExecRobotTask (Park,500000);
10/02/20;17:02:02.631;INFO;Controller;Executing asynchronous activity: ExecRobotTask;
10/02/20;17:02:02.631;INFO;Controller;Status = Executing: Park;
10/02/20;17:02:02.631;INFO;Controller;State = Running;
10/02/20;17:02:03.460;INFO;Robot Runtime;executing:    Park;
10/02/20;17:02:05.199;INFO;Controller;Activity ExecRobotTask ended. Return value: Done;
10/02/20;17:02:05.199;INFO;Controller;State = Ready;
10/02/20;17:02:05.221;INFO;Server;Command: ExecRobotTask (UnlatchRobGov,500000);
10/02/20;17:02:05.222;INFO;Controller;Executing asynchronous activity: ExecRobotTask;
10/02/20;17:02:05.222;INFO;Controller;Status = Executing: UnlatchRobGov;
10/02/20;17:02:05.222;INFO;Controller;State = Running;
10/02/20;17:02:06.081;INFO;Robot Runtime;executing:    UnlatchRobGov;
10/02/20;17:02:06.571;INFO;Controller;Activity ExecRobotTask ended. Return value: Done;
10/02/20;17:02:06.571;INFO;Controller;State = Ready;
10/02/20;17:05:32.717;INFO;Server;Command: ExecRobotTask (Unmount,500000);
10/02/20;17:05:32.717;INFO;Controller;Executing asynchronous activity: ExecRobotTask;
10/02/20;17:05:32.717;INFO;Controller;Status = Executing: Unmount;
10/02/20;17:05:32.717;INFO;Controller;State = Running;
10/02/20;17:05:33.603;INFO;Robot Runtime;executing:    Unmount;
10/02/20;17:05:42.704;INFO;Controller;Activity ExecRobotTask ended. Return value: Done False/True/False;
10/02/20;17:05:42.704;INFO;Controller;State = Ready;
10/02/20;17:05:42.725;INFO;Server;Command: ExecRobotTask (Unload,500000);
10/02/20;17:05:42.725;INFO;Controller;Executing asynchronous activity: ExecRobotTask;
10/02/20;17:05:42.725;INFO;Controller;Status = Executing: Unload;
10/02/20;17:05:42.725;INFO;Controller;State = Running;
10/02/20;17:05:43.560;INFO;Robot Runtime;executing:    Unload;
10/02/20;17:05:47.359;INFO;Controller;Activity ExecRobotTask ended. Return value: Done False/False/False;
10/02/20;17:05:47.360;INFO;Controller;State = Ready;
10/02/20;17:05:48.929;INFO;Server;Command: ExecRobotTask (Load,500000);
10/02/20;17:05:48.930;INFO;Controller;Executing asynchronous activity: ExecRobotTask;
10/02/20;17:05:48.930;INFO;Controller;Status = Executing: Load;
10/02/20;17:05:48.930;INFO;Controller;State = Running;
10/02/20;17:05:49.804;INFO;Robot Runtime;executing:    Load;
10/02/20;17:05:56.082;INFO;Controller;Activity ExecRobotTask ended. Return value: Done False/True/False;
10/02/20;17:05:56.082;INFO;Controller;State = Ready;
10/02/20;17:05:56.103;INFO;Server;Command: ExecRobotTask (Mount,500000);
10/02/20;17:05:56.104;INFO;Controller;Executing asynchronous activity: ExecRobotTask;
10/02/20;17:05:56.104;INFO;Controller;Status = Executing: Mount;
10/02/20;17:05:56.104;INFO;Controller;State = Running;
10/02/20;17:05:56.937;INFO;Robot Runtime;executing:    Mount;
10/02/20;17:06:00.810;INFO;Controller;Activity ExecRobotTask ended. Return value: Done True/False/False;
10/02/20;17:06:00.810;INFO;Controller;State = Ready;
10/02/20;17:06:00.833;INFO;Server;Command: ExecRobotTask (Park,500000);
10/02/20;17:06:00.834;INFO;Controller;Executing asynchronous activity: ExecRobotTask;
10/02/20;17:06:00.834;INFO;Controller;Status = Executing: Park;
10/02/20;17:06:00.834;INFO;Controller;State = Running;
10/02/20;17:06:01.664;INFO;Robot Runtime;executing:    Park;
10/02/20;17:06:03.750;INFO;Controller;Activity ExecRobotTask ended. Return value: Done;
10/02/20;17:06:03.750;INFO;Controller;State = Ready;
10/02/20;17:06:03.769;INFO;Server;Command: ExecRobotTask (UnlatchRobGov,500000);
10/02/20;17:06:03.769;INFO;Controller;Executing asynchronous activity: ExecRobotTask;
10/02/20;17:06:03.769;INFO;Controller;Status = Executing: UnlatchRobGov;
10/02/20;17:06:03.769;INFO;Controller;State = Running;
10/02/20;17:06:04.975;INFO;Robot Runtime;executing:    UnlatchRobGov;
10/02/20;17:06:05.495;INFO;Controller;Activity ExecRobotTask ended. Return value: Done;
10/02/20;17:06:05.495;INFO;Controller;State = Ready;
10/02/20;17:09:30.635;INFO;Server;Command: ExecRobotTask (Unmount,500000);
10/02/20;17:09:30.635;INFO;Controller;Executing asynchronous activity: ExecRobotTask;
10/02/20;17:09:30.636;INFO;Controller;Status = Executing: Unmount;
10/02/20;17:09:30.636;INFO;Controller;State = Running;
10/02/20;17:09:31.538;INFO;Robot Runtime;executing:    Unmount;
10/02/20;17:09:40.621;INFO;Controller;Activity ExecRobotTask ended. Return value: Done False/True/False;
10/02/20;17:09:40.622;INFO;Controller;State = Ready;
10/02/20;17:09:40.642;INFO;Server;Command: ExecRobotTask (Unload,500000);
10/02/20;17:09:40.642;INFO;Controller;Executing asynchronous activity: ExecRobotTask;
10/02/20;17:09:40.642;INFO;Controller;Status = Executing: Unload;
10/02/20;17:09:40.642;INFO;Controller;State = Running;
10/02/20;17:09:41.475;INFO;Robot Runtime;executing:    Unload;
10/02/20;17:09:45.454;INFO;Controller;Activity ExecRobotTask ended. Return value: Done False/False/False;
10/02/20;17:09:45.454;INFO;Controller;State = Ready;
10/02/20;17:09:47.089;INFO;Server;Command: ExecRobotTask (Load,500000);
10/02/20;17:09:47.090;INFO;Controller;Executing asynchronous activity: ExecRobotTask;
10/02/20;17:09:47.090;INFO;Controller;Status = Executing: Load;
10/02/20;17:09:47.090;INFO;Controller;State = Running;
10/02/20;17:09:47.961;INFO;Robot Runtime;executing:    Load;
10/02/20;17:09:54.145;INFO;Controller;Activity ExecRobotTask ended. Return value: Done False/True/False;
10/02/20;17:09:54.145;INFO;Controller;State = Ready;
10/02/20;17:09:54.168;INFO;Server;Command: ExecRobotTask (Mount,500000);
10/02/20;17:09:54.168;INFO;Controller;Executing asynchronous activity: ExecRobotTask;
10/02/20;17:09:54.168;INFO;Controller;Status = Executing: Mount;
10/02/20;17:09:54.168;INFO;Controller;State = Running;
10/02/20;17:09:55.004;INFO;Robot Runtime;executing:    Mount;
10/02/20;17:09:59.296;INFO;Controller;Activity ExecRobotTask ended. Return value: Done True/False/False;
10/02/20;17:09:59.296;INFO;Controller;State = Ready;
10/02/20;17:09:59.354;INFO;Server;Command: ExecRobotTask (Park,500000);
10/02/20;17:09:59.354;INFO;Controller;Executing asynchronous activity: ExecRobotTask;
10/02/20;17:09:59.354;INFO;Controller;Status = Executing: Park;
10/02/20;17:09:59.354;INFO;Controller;State = Running;
10/02/20;17:10:00.182;INFO;Robot Runtime;executing:    Park;
10/02/20;17:10:02.303;INFO;Controller;Activity ExecRobotTask ended. Return value: Done;
10/02/20;17:10:02.303;INFO;Controller;State = Ready;
10/02/20;17:10:02.346;INFO;Server;Command: ExecRobotTask (UnlatchRobGov,500000);
10/02/20;17:10:02.346;INFO;Controller;Executing asynchronous activity: ExecRobotTask;
10/02/20;17:10:02.346;INFO;Controller;Status = Executing: UnlatchRobGov;
10/02/20;17:10:02.347;INFO;Controller;State = Running;
10/02/20;17:10:03.570;INFO;Robot Runtime;executing:    UnlatchRobGov;
10/02/20;17:10:04.045;INFO;Controller;Activity ExecRobotTask ended. Return value: Done;
10/02/20;17:10:04.046;INFO;Controller;State = Ready;
10/02/20;17:13:32.476;INFO;Server;Command: ExecRobotTask (Unmount,500000);
10/02/20;17:13:32.477;INFO;Controller;Executing asynchronous activity: ExecRobotTask;
10/02/20;17:13:32.477;INFO;Controller;Status = Executing: Unmount;
10/02/20;17:13:32.477;INFO;Controller;State = Running;
10/02/20;17:13:33.378;INFO;Robot Runtime;executing:    Unmount;
10/02/20;17:13:42.708;INFO;Controller;Activity ExecRobotTask ended. Return value: Done False/True/False;
10/02/20;17:13:42.708;INFO;Controller;State = Ready;
10/02/20;17:13:42.761;INFO;Server;Command: ExecRobotTask (Unload,500000);
10/02/20;17:13:42.761;INFO;Controller;Executing asynchronous activity: ExecRobotTask;
10/02/20;17:13:42.761;INFO;Controller;Status = Executing: Unload;
10/02/20;17:13:42.761;INFO;Controller;State = Running;
10/02/20;17:13:43.594;INFO;Robot Runtime;executing:    Unload;
10/02/20;17:13:47.184;INFO;Controller;Activity ExecRobotTask ended. Return value: Done False/False/False;
10/02/20;17:13:47.184;INFO;Controller;State = Ready;
10/02/20;17:13:48.897;INFO;Server;Command: ExecRobotTask (Load,500000);
10/02/20;17:13:48.897;INFO;Controller;Executing asynchronous activity: ExecRobotTask;
10/02/20;17:13:48.897;INFO;Controller;Status = Executing: Load;
10/02/20;17:13:48.897;INFO;Controller;State = Running;
10/02/20;17:13:49.769;INFO;Robot Runtime;executing:    Load;
10/02/20;17:13:55.641;INFO;Controller;Activity ExecRobotTask ended. Return value: Done False/True/False;
10/02/20;17:13:55.641;INFO;Controller;State = Ready;
10/02/20;17:13:55.683;INFO;Server;Command: ExecRobotTask (Mount,500000);
10/02/20;17:13:55.684;INFO;Controller;Executing asynchronous activity: ExecRobotTask;
10/02/20;17:13:55.684;INFO;Controller;Status = Executing: Mount;
10/02/20;17:13:55.684;INFO;Controller;State = Running;
10/02/20;17:13:56.521;INFO;Robot Runtime;executing:    Mount;
10/02/20;17:14:00.703;INFO;Controller;Activity ExecRobotTask ended. Return value: Done True/False/False;
10/02/20;17:14:00.703;INFO;Controller;State = Ready;
10/02/20;17:14:00.730;INFO;Server;Command: ExecRobotTask (Park,500000);
10/02/20;17:14:00.730;INFO;Controller;Executing asynchronous activity: ExecRobotTask;
10/02/20;17:14:00.730;INFO;Controller;Status = Executing: Park;
10/02/20;17:14:00.730;INFO;Controller;State = Running;
10/02/20;17:14:01.556;INFO;Robot Runtime;executing:    Park;
10/02/20;17:14:03.303;INFO;Controller;Activity ExecRobotTask ended. Return value: Done;
10/02/20;17:14:03.303;INFO;Controller;State = Ready;
10/02/20;17:14:03.335;INFO;Server;Command: ExecRobotTask (UnlatchRobGov,500000);
10/02/20;17:14:03.336;INFO;Controller;Executing asynchronous activity: ExecRobotTask;
10/02/20;17:14:03.336;INFO;Controller;Status = Executing: UnlatchRobGov;
10/02/20;17:14:03.336;INFO;Controller;State = Running;
10/02/20;17:14:04.562;INFO;Robot Runtime;executing:    UnlatchRobGov;
10/02/20;17:14:04.963;INFO;Controller;Activity ExecRobotTask ended. Return value: Done;
10/02/20;17:14:04.963;INFO;Controller;State = Ready;
10/02/20;17:17:39.475;INFO;Server;Command: ExecRobotTask (Unmount,500000);
10/02/20;17:17:39.475;INFO;Controller;Executing asynchronous activity: ExecRobotTask;
10/02/20;17:17:39.475;INFO;Controller;Status = Executing: Unmount;
10/02/20;17:17:39.476;INFO;Controller;State = Running;
10/02/20;17:17:40.373;INFO;Robot Runtime;executing:    Unmount;
10/02/20;17:17:49.712;INFO;Controller;Activity ExecRobotTask ended. Return value: Done False/True/False;
10/02/20;17:17:49.713;INFO;Controller;State = Ready;
10/02/20;17:17:49.747;INFO;Server;Command: ExecRobotTask (Unload,500000);
10/02/20;17:17:49.748;INFO;Controller;Executing asynchronous activity: ExecRobotTask;
10/02/20;17:17:49.748;INFO;Controller;Status = Executing: Unload;
10/02/20;17:17:49.748;INFO;Controller;State = Running;
10/02/20;17:17:50.577;INFO;Robot Runtime;executing:    Unload;
10/02/20;17:17:54.346;INFO;Controller;Activity ExecRobotTask ended. Return value: Done False/False/False;
10/02/20;17:17:54.347;INFO;Controller;State = Ready;
10/02/20;17:17:55.923;INFO;Server;Command: ExecRobotTask (Load,500000);
10/02/20;17:17:55.923;INFO;Controller;Executing asynchronous activity: ExecRobotTask;
10/02/20;17:17:55.923;INFO;Controller;Status = Executing: Load;
10/02/20;17:17:55.923;INFO;Controller;State = Running;
10/02/20;17:17:56.792;INFO;Robot Runtime;executing:    Load;
10/02/20;17:18:02.613;INFO;Controller;Activity ExecRobotTask ended. Return value: Done False/True/False;
10/02/20;17:18:02.613;INFO;Controller;State = Ready;
10/02/20;17:18:02.638;INFO;Server;Command: ExecRobotTask (Mount,500000);
10/02/20;17:18:02.638;INFO;Controller;Executing asynchronous activity: ExecRobotTask;
10/02/20;17:18:02.638;INFO;Controller;Status = Executing: Mount;
10/02/20;17:18:02.638;INFO;Controller;State = Running;
10/02/20;17:18:03.480;INFO;Robot Runtime;executing:    Mount;
10/02/20;17:18:07.679;INFO;Controller;Activity ExecRobotTask ended. Return value: Done True/False/False;
10/02/20;17:18:07.679;INFO;Controller;State = Ready;
10/02/20;17:18:07.718;INFO;Server;Command: ExecRobotTask (Park,500000);
10/02/20;17:18:07.718;INFO;Controller;Executing asynchronous activity: ExecRobotTask;
10/02/20;17:18:07.718;INFO;Controller;Status = Executing: Park;
10/02/20;17:18:07.718;INFO;Controller;State = Running;
10/02/20;17:18:08.549;INFO;Robot Runtime;executing:    Park;
10/02/20;17:18:10.277;INFO;Controller;Activity ExecRobotTask ended. Return value: Done;
10/02/20;17:18:10.277;INFO;Controller;State = Ready;
10/02/20;17:18:10.302;INFO;Server;Command: ExecRobotTask (UnlatchRobGov,500000);
10/02/20;17:18:10.302;INFO;Controller;Executing asynchronous activity: ExecRobotTask;
10/02/20;17:18:10.303;INFO;Controller;Status = Executing: UnlatchRobGov;
10/02/20;17:18:10.303;INFO;Controller;State = Running;
10/02/20;17:18:11.524;INFO;Robot Runtime;executing:    UnlatchRobGov;
10/02/20;17:18:11.935;INFO;Controller;Activity ExecRobotTask ended. Return value: Done;
10/02/20;17:18:11.935;INFO;Controller;State = Ready;
10/02/20;17:21:45.390;INFO;Server;Command: ExecRobotTask (Unmount,500000);
10/02/20;17:21:45.390;INFO;Controller;Executing asynchronous activity: ExecRobotTask;
10/02/20;17:21:45.391;INFO;Controller;Status = Executing: Unmount;
10/02/20;17:21:45.391;INFO;Controller;State = Running;
10/02/20;17:21:46.289;INFO;Robot Runtime;executing:    Unmount;
10/02/20;17:21:55.077;INFO;Controller;Activity ExecRobotTask ended. Return value: Done False/True/False;
10/02/20;17:21:55.078;INFO;Controller;State = Ready;
10/02/20;17:21:55.108;INFO;Server;Command: ExecRobotTask (Unload,500000);
10/02/20;17:21:55.108;INFO;Controller;Executing asynchronous activity: ExecRobotTask;
10/02/20;17:21:55.109;INFO;Controller;Status = Executing: Unload;
10/02/20;17:21:55.109;INFO;Controller;State = Running;
10/02/20;17:21:55.940;INFO;Robot Runtime;executing:    Unload;
10/02/20;17:21:59.902;INFO;Controller;Activity ExecRobotTask ended. Return value: Done False/False/False;
10/02/20;17:21:59.902;INFO;Controller;State = Ready;
10/02/20;17:22:01.492;INFO;Server;Command: ExecRobotTask (Load,500000);
10/02/20;17:22:01.492;INFO;Controller;Executing asynchronous activity: ExecRobotTask;
10/02/20;17:22:01.492;INFO;Controller;Status = Executing: Load;
10/02/20;17:22:01.492;INFO;Controller;State = Running;
10/02/20;17:22:02.365;INFO;Robot Runtime;executing:    Load;
10/02/20;17:22:08.223;INFO;Controller;Activity ExecRobotTask ended. Return value: Done False/True/False;
10/02/20;17:22:08.223;INFO;Controller;State = Ready;
10/02/20;17:22:08.246;INFO;Server;Command: ExecRobotTask (Mount,500000);
10/02/20;17:22:08.246;INFO;Controller;Executing asynchronous activity: ExecRobotTask;
10/02/20;17:22:08.246;INFO;Controller;Status = Executing: Mount;
10/02/20;17:22:08.246;INFO;Controller;State = Running;
10/02/20;17:22:09.083;INFO;Robot Runtime;executing:    Mount;
10/02/20;17:22:13.297;INFO;Controller;Activity ExecRobotTask ended. Return value: Done True/False/False;
10/02/20;17:22:13.297;INFO;Controller;State = Ready;
10/02/20;17:22:13.338;INFO;Server;Command: ExecRobotTask (Park,500000);
10/02/20;17:22:13.338;INFO;Controller;Executing asynchronous activity: ExecRobotTask;
10/02/20;17:22:13.338;INFO;Controller;Status = Executing: Park;
10/02/20;17:22:13.338;INFO;Controller;State = Running;
10/02/20;17:22:14.169;INFO;Robot Runtime;executing:    Park;
10/02/20;17:22:15.895;INFO;Controller;Activity ExecRobotTask ended. Return value: Done;
10/02/20;17:22:15.896;INFO;Controller;State = Ready;
10/02/20;17:22:15.925;INFO;Server;Command: ExecRobotTask (UnlatchRobGov,500000);
10/02/20;17:22:15.925;INFO;Controller;Executing asynchronous activity: ExecRobotTask;
10/02/20;17:22:15.925;INFO;Controller;Status = Executing: UnlatchRobGov;
10/02/20;17:22:15.926;INFO;Controller;State = Running;
10/02/20;17:22:17.159;INFO;Robot Runtime;executing:    UnlatchRobGov;
10/02/20;17:22:17.553;INFO;Controller;Activity ExecRobotTask ended. Return value: Done;
10/02/20;17:22:17.553;INFO;Controller;State = Ready;
10/02/20;17:25:50.703;INFO;Server;Command: ExecRobotTask (Unmount,500000);
10/02/20;17:25:50.704;INFO;Controller;Executing asynchronous activity: ExecRobotTask;
10/02/20;17:25:50.704;INFO;Controller;Status = Executing: Unmount;
10/02/20;17:25:50.704;INFO;Controller;State = Running;
10/02/20;17:25:51.608;INFO;Robot Runtime;executing:    Unmount;
10/02/20;17:26:01.200;INFO;Controller;Activity ExecRobotTask ended. Return value: Done False/True/False;
10/02/20;17:26:01.200;INFO;Controller;State = Ready;
10/02/20;17:26:01.230;INFO;Server;Command: ExecRobotTask (Unload,500000);
10/02/20;17:26:01.231;INFO;Controller;Executing asynchronous activity: ExecRobotTask;
10/02/20;17:26:01.231;INFO;Controller;Status = Executing: Unload;
10/02/20;17:26:01.231;INFO;Controller;State = Running;
10/02/20;17:26:02.080;INFO;Robot Runtime;executing:    Unload;
10/02/20;17:26:05.700;INFO;Controller;Activity ExecRobotTask ended. Return value: Done False/False/False;
10/02/20;17:26:05.700;INFO;Controller;State = Ready;
10/02/20;17:26:07.346;INFO;Server;Command: ExecRobotTask (Load,500000);
10/02/20;17:26:07.346;INFO;Controller;Executing asynchronous activity: ExecRobotTask;
10/02/20;17:26:07.346;INFO;Controller;Status = Executing: Load;
10/02/20;17:26:07.346;INFO;Controller;State = Running;
10/02/20;17:26:08.237;INFO;Robot Runtime;executing:    Load;
10/02/20;17:26:14.312;INFO;Controller;Activity ExecRobotTask ended. Return value: Done False/True/False;
10/02/20;17:26:14.324;INFO;Controller;State = Ready;
10/02/20;17:26:14.358;INFO;Server;Command: ExecRobotTask (Mount,500000);
10/02/20;17:26:14.358;INFO;Controller;Executing asynchronous activity: ExecRobotTask;
10/02/20;17:26:14.358;INFO;Controller;Status = Executing: Mount;
10/02/20;17:26:14.358;INFO;Controller;State = Running;
10/02/20;17:26:15.195;INFO;Robot Runtime;executing:    Mount;
10/02/20;17:26:19.445;INFO;Controller;Activity ExecRobotTask ended. Return value: Done True/False/False;
10/02/20;17:26:19.445;INFO;Controller;State = Ready;
10/02/20;17:26:19.503;INFO;Server;Command: ExecRobotTask (Park,500000);
10/02/20;17:26:19.503;INFO;Controller;Executing asynchronous activity: ExecRobotTask;
10/02/20;17:26:19.503;INFO;Controller;Status = Executing: Park;
10/02/20;17:26:19.503;INFO;Controller;State = Running;
10/02/20;17:26:20.332;INFO;Robot Runtime;executing:    Park;
10/02/20;17:26:22.466;INFO;Controller;Activity ExecRobotTask ended. Return value: Done;
10/02/20;17:26:22.467;INFO;Controller;State = Ready;
10/02/20;17:26:22.530;INFO;Server;Command: ExecRobotTask (UnlatchRobGov,500000);
10/02/20;17:26:22.530;INFO;Controller;Executing asynchronous activity: ExecRobotTask;
10/02/20;17:26:22.530;INFO;Controller;Status = Executing: UnlatchRobGov;
10/02/20;17:26:22.530;INFO;Controller;State = Running;
10/02/20;17:26:23.758;INFO;Robot Runtime;executing:    UnlatchRobGov;
10/02/20;17:26:24.209;INFO;Controller;Activity ExecRobotTask ended. Return value: Done;
10/02/20;17:26:24.209;INFO;Controller;State = Ready;
10/02/20;17:29:44.650;INFO;Server;Command: ExecRobotTask (Unmount,500000);
10/02/20;17:29:44.650;INFO;Controller;Executing asynchronous activity: ExecRobotTask;
10/02/20;17:29:44.651;INFO;Controller;Status = Executing: Unmount;
10/02/20;17:29:44.651;INFO;Controller;State = Running;
10/02/20;17:29:45.549;INFO;Robot Runtime;executing:    Unmount;
10/02/20;17:29:54.620;INFO;Controller;Activity ExecRobotTask ended. Return value: Done False/True/False;
10/02/20;17:29:54.621;INFO;Controller;State = Ready;
10/02/20;17:29:54.654;INFO;Server;Command: ExecRobotTask (Unload,500000);
10/02/20;17:29:54.654;INFO;Controller;Executing asynchronous activity: ExecRobotTask;
10/02/20;17:29:54.654;INFO;Controller;Status = Executing: Unload;
10/02/20;17:29:54.654;INFO;Controller;State = Running;
10/02/20;17:29:55.484;INFO;Robot Runtime;executing:    Unload;
10/02/20;17:29:59.270;INFO;Controller;Activity ExecRobotTask ended. Return value: Done False/False/False;
10/02/20;17:29:59.270;INFO;Controller;State = Ready;
10/02/20;17:30:00.878;INFO;Server;Command: ExecRobotTask (Load,500000);
10/02/20;17:30:00.878;INFO;Controller;Executing asynchronous activity: ExecRobotTask;
10/02/20;17:30:00.878;INFO;Controller;Status = Executing: Load;
10/02/20;17:30:00.878;INFO;Controller;State = Running;
10/02/20;17:30:01.752;INFO;Robot Runtime;executing:    Load;
10/02/20;17:30:07.974;INFO;Controller;Activity ExecRobotTask ended. Return value: Done False/True/False;
10/02/20;17:30:07.975;INFO;Controller;State = Ready;
10/02/20;17:30:08.006;INFO;Server;Command: ExecRobotTask (Mount,500000);
10/02/20;17:30:08.007;INFO;Controller;Executing asynchronous activity: ExecRobotTask;
10/02/20;17:30:08.007;INFO;Controller;Status = Executing: Mount;
10/02/20;17:30:08.007;INFO;Controller;State = Running;
10/02/20;17:30:08.846;INFO;Robot Runtime;executing:    Mount;
10/02/20;17:30:13.135;INFO;Controller;Activity ExecRobotTask ended. Return value: Done True/False/False;
10/02/20;17:30:13.135;INFO;Controller;State = Ready;
10/02/20;17:30:13.198;INFO;Server;Command: ExecRobotTask (Park,500000);
10/02/20;17:30:13.199;INFO;Controller;Executing asynchronous activity: ExecRobotTask;
10/02/20;17:30:13.199;INFO;Controller;Status = Executing: Park;
10/02/20;17:30:13.199;INFO;Controller;State = Running;
10/02/20;17:30:14.021;INFO;Robot Runtime;executing:    Park;
10/02/20;17:30:16.148;INFO;Controller;Activity ExecRobotTask ended. Return value: Done;
10/02/20;17:30:16.149;INFO;Controller;State = Ready;
10/02/20;17:30:16.202;INFO;Server;Command: ExecRobotTask (UnlatchRobGov,500000);
10/02/20;17:30:16.202;INFO;Controller;Executing asynchronous activity: ExecRobotTask;
10/02/20;17:30:16.202;INFO;Controller;Status = Executing: UnlatchRobGov;
10/02/20;17:30:16.202;INFO;Controller;State = Running;
10/02/20;17:30:17.431;INFO;Robot Runtime;executing:    UnlatchRobGov;
10/02/20;17:30:17.896;INFO;Controller;Activity ExecRobotTask ended. Return value: Done;
10/02/20;17:30:17.896;INFO;Controller;State = Ready;
10/02/20;17:33:39.231;INFO;Server;Command: ExecRobotTask (Unmount,500000);
10/02/20;17:33:39.231;INFO;Controller;Executing asynchronous activity: ExecRobotTask;
10/02/20;17:33:39.231;INFO;Controller;Status = Executing: Unmount;
10/02/20;17:33:39.231;INFO;Controller;State = Running;
10/02/20;17:33:40.135;INFO;Robot Runtime;executing:    Unmount;
10/02/20;17:33:49.487;INFO;Controller;Activity ExecRobotTask ended. Return value: Done False/True/False;
10/02/20;17:33:49.488;INFO;Controller;State = Ready;
10/02/20;17:33:49.525;INFO;Server;Command: ExecRobotTask (Unload,500000);
10/02/20;17:33:49.525;INFO;Controller;Executing asynchronous activity: ExecRobotTask;
10/02/20;17:33:49.525;INFO;Controller;Status = Executing: Unload;
10/02/20;17:33:49.525;INFO;Controller;State = Running;
10/02/20;17:33:50.357;INFO;Robot Runtime;executing:    Unload;
10/02/20;17:33:53.962;INFO;Controller;Activity ExecRobotTask ended. Return value: Done False/False/False;
10/02/20;17:33:53.962;INFO;Controller;State = Ready;
10/02/20;17:33:55.563;INFO;Server;Command: ExecRobotTask (Load,500000);
10/02/20;17:33:55.563;INFO;Controller;Executing asynchronous activity: ExecRobotTask;
10/02/20;17:33:55.563;INFO;Controller;Status = Executing: Load;
10/02/20;17:33:55.563;INFO;Controller;State = Running;
10/02/20;17:33:56.430;INFO;Robot Runtime;executing:    Load;
10/02/20;17:34:02.599;INFO;Controller;Activity ExecRobotTask ended. Return value: Done False/True/False;
10/02/20;17:34:02.600;INFO;Controller;State = Ready;
10/02/20;17:34:02.637;INFO;Server;Command: ExecRobotTask (Mount,500000);
10/02/20;17:34:02.637;INFO;Controller;Executing asynchronous activity: ExecRobotTask;
10/02/20;17:34:02.637;INFO;Controller;Status = Executing: Mount;
10/02/20;17:34:02.637;INFO;Controller;State = Running;
10/02/20;17:34:03.472;INFO;Robot Runtime;executing:    Mount;
10/02/20;17:34:07.743;INFO;Controller;Activity ExecRobotTask ended. Return value: Done True/False/False;
10/02/20;17:34:07.743;INFO;Controller;State = Ready;
10/02/20;17:34:07.784;INFO;Server;Command: ExecRobotTask (Park,500000);
10/02/20;17:34:07.785;INFO;Controller;Executing asynchronous activity: ExecRobotTask;
10/02/20;17:34:07.785;INFO;Controller;Status = Executing: Park;
10/02/20;17:34:07.785;INFO;Controller;State = Running;
10/02/20;17:34:08.613;INFO;Robot Runtime;executing:    Park;
10/02/20;17:34:10.344;INFO;Controller;Activity ExecRobotTask ended. Return value: Done;
10/02/20;17:34:10.344;INFO;Controller;State = Ready;
10/02/20;17:34:10.383;INFO;Server;Command: ExecRobotTask (UnlatchRobGov,500000);
10/02/20;17:34:10.383;INFO;Controller;Executing asynchronous activity: ExecRobotTask;
10/02/20;17:34:10.383;INFO;Controller;Status = Executing: UnlatchRobGov;
10/02/20;17:34:10.383;INFO;Controller;State = Running;
10/02/20;17:34:11.626;INFO;Robot Runtime;executing:    UnlatchRobGov;
10/02/20;17:34:12.011;INFO;Controller;Activity ExecRobotTask ended. Return value: Done;
10/02/20;17:34:12.011;INFO;Controller;State = Ready;
10/02/20;17:37:18.042;INFO;Server;Command: ExecRobotTask (Unmount,500000);
10/02/20;17:37:18.043;INFO;Controller;Executing asynchronous activity: ExecRobotTask;
10/02/20;17:37:18.043;INFO;Controller;Status = Executing: Unmount;
10/02/20;17:37:18.043;INFO;Controller;State = Running;
10/02/20;17:37:18.938;INFO;Robot Runtime;executing:    Unmount;
10/02/20;17:37:28.948;INFO;Controller;Activity ExecRobotTask ended. Return value: Done False/True/False;
10/02/20;17:37:28.948;INFO;Controller;State = Ready;
10/02/20;17:37:28.980;INFO;Server;Command: ExecRobotTask (Unload,500000);
10/02/20;17:37:28.980;INFO;Controller;Executing asynchronous activity: ExecRobotTask;
10/02/20;17:37:28.980;INFO;Controller;Status = Executing: Unload;
10/02/20;17:37:28.980;INFO;Controller;State = Running;
10/02/20;17:37:29.814;INFO;Robot Runtime;executing:    Unload;
10/02/20;17:37:33.851;INFO;Controller;Activity ExecRobotTask ended. Return value: Done False/False/False;
10/02/20;17:37:33.851;INFO;Controller;State = Ready;
10/02/20;17:37:33.983;INFO;Server;Command: ExecRobotTask (UnlatchRobGov,500000);
10/02/20;17:37:33.983;INFO;Controller;Executing asynchronous activity: ExecRobotTask;
10/02/20;17:37:33.983;INFO;Controller;Status = Executing: UnlatchRobGov;
10/02/20;17:37:33.983;INFO;Controller;State = Running;
10/02/20;17:37:34.809;INFO;Robot Runtime;executing:    UnlatchRobGov;
10/02/20;17:37:35.301;INFO;Controller;Activity ExecRobotTask ended. Return value: Done;
10/02/20;17:37:35.301;INFO;Controller;State = Ready;
10/02/20;17:37:35.341;INFO;Server;Command: ExecRobotTask (Home,500000);
10/02/20;17:37:35.341;INFO;Controller;Executing asynchronous activity: ExecRobotTask;
10/02/20;17:37:35.341;INFO;Controller;Status = Executing: Home;
10/02/20;17:37:35.341;INFO;Controller;State = Running;
10/02/20;17:37:36.183;INFO;Robot Runtime;executing:    Home;
10/02/20;17:37:37.275;INFO;Controller;Activity ExecRobotTask ended. Return value: Done;
10/02/20;17:37:37.275;INFO;Controller;State = Ready;
10/02/20;17:37:37.316;INFO;Server;Command: ExecRobotTask (Finish,500000);
10/02/20;17:37:37.316;INFO;Controller;Executing asynchronous activity: ExecRobotTask;
10/02/20;17:37:37.316;INFO;Controller;Status = Executing: Finish;
10/02/20;17:37:37.316;INFO;Controller;State = Running;
10/02/20;17:37:38.177;INFO;Robot Runtime;executing:    Finish;
10/02/20;17:41:04.073;INFO;Controller;Activity ExecRobotTask ended. Return value: Done;
10/02/20;17:41:04.074;INFO;Controller;State = Ready;
