20/05/20;07:24:47.030;INFO;Server;Command: ExecRobotTask (TurnOffAutoFill,500000);
20/05/20;07:24:47.031;INFO;Controller;Executing asynchronous activity: ExecRobotTask;
20/05/20;07:24:47.031;INFO;Controller;Status = Executing: TurnOffAutoFill;
20/05/20;07:24:47.031;INFO;Controller;State = Running;
20/05/20;07:24:47.883;INFO;Robot Runtime;executing:    TurnOffAutoFill;
20/05/20;07:24:48.177;INFO;Controller;Activity ExecRobotTask ended. Return value: Done;
20/05/20;07:24:48.177;INFO;Controller;State = Ready;
20/05/20;07:24:48.199;INFO;Server;Command: ExecRobotTask (EnableTScreen,500000);
20/05/20;07:24:48.199;INFO;Controller;Executing asynchronous activity: ExecRobotTask;
20/05/20;07:24:48.199;INFO;Controller;Status = Executing: EnableTScreen;
20/05/20;07:24:48.199;INFO;Controller;State = Running;
20/05/20;07:24:49.095;INFO;Robot Runtime;executing:    EnableTScreen;
20/05/20;07:24:49.438;INFO;Controller;Activity ExecRobotTask ended. Return value: Done;
20/05/20;07:24:49.438;INFO;Controller;State = Ready;
20/05/20;07:24:53.877;INFO;Server;Command: ExecRobotTask (TurnOnAutoFill,500000);
20/05/20;07:24:53.878;INFO;Controller;Executing asynchronous activity: ExecRobotTask;
20/05/20;07:24:53.878;INFO;Controller;Status = Executing: TurnOnAutoFill;
20/05/20;07:24:53.878;INFO;Controller;State = Running;
20/05/20;07:24:54.782;INFO;Robot Runtime;executing:    TurnOnAutoFill;
20/05/20;07:24:55.346;INFO;Controller;Activity ExecRobotTask ended. Return value: Done;
20/05/20;07:24:55.346;INFO;Controller;State = Ready;
20/05/20;07:24:55.361;INFO;Server;Command: ExecRobotTask (EnableTScreen,500000);
20/05/20;07:24:55.361;INFO;Controller;Executing asynchronous activity: ExecRobotTask;
20/05/20;07:24:55.362;INFO;Controller;Status = Executing: EnableTScreen;
20/05/20;07:24:55.362;INFO;Controller;State = Running;
20/05/20;07:24:56.205;INFO;Robot Runtime;executing:    EnableTScreen;
20/05/20;07:24:56.555;INFO;Controller;Activity ExecRobotTask ended. Return value: Done;
20/05/20;07:24:56.555;INFO;Controller;State = Ready;
20/05/20;15:48:57.078;INFO;Server;Command: ExecRobotTask (Initialize,500000);
20/05/20;15:48:57.079;INFO;Controller;Executing asynchronous activity: ExecRobotTask;
20/05/20;15:48:57.079;INFO;Controller;Status = Executing: Initialize;
20/05/20;15:48:57.079;INFO;Controller;State = Running;
20/05/20;15:48:58.053;INFO;Robot Runtime;executing:    Initialize;
20/05/20;15:48:59.279;INFO;Controller;Activity ExecRobotTask ended. Return value: Done;
20/05/20;15:48:59.279;INFO;Controller;State = Ready;
20/05/20;15:48:59.313;INFO;Server;Command: ExecRobotTask (Home,500000);
20/05/20;15:48:59.313;INFO;Controller;Executing asynchronous activity: ExecRobotTask;
20/05/20;15:48:59.314;INFO;Controller;Status = Executing: Home;
20/05/20;15:48:59.314;INFO;Controller;State = Running;
20/05/20;15:49:00.164;INFO;Robot Runtime;executing:    Home;
20/05/20;15:49:00.735;INFO;Controller;Activity ExecRobotTask ended. Return value: Done;
20/05/20;15:49:00.735;INFO;Controller;State = Ready;
20/05/20;15:49:00.745;INFO;Server;Command: ExecRobotTask (Park,500000);
20/05/20;15:49:00.745;INFO;Controller;Executing asynchronous activity: ExecRobotTask;
20/05/20;15:49:00.745;INFO;Controller;Status = Executing: Park;
20/05/20;15:49:00.745;INFO;Controller;State = Running;
20/05/20;15:49:01.576;INFO;Robot Runtime;executing:    Park;
20/05/20;15:49:05.050;INFO;Controller;Activity ExecRobotTask ended. Return value: Done;
20/05/20;15:49:05.050;INFO;Controller;State = Ready;
20/05/20;15:58:09.288;INFO;Server;Command: ExecRobotTask (Initialize,500000);
20/05/20;15:58:09.288;INFO;Controller;Executing asynchronous activity: ExecRobotTask;
20/05/20;15:58:09.288;INFO;Controller;Status = Executing: Initialize;
20/05/20;15:58:09.288;INFO;Controller;State = Running;
20/05/20;15:58:10.118;INFO;Robot Runtime;executing:    Initialize;
20/05/20;15:58:10.291;INFO;Controller;Activity ExecRobotTask ended. Return value: Done;
20/05/20;15:58:10.291;INFO;Controller;State = Ready;
20/05/20;15:58:10.499;INFO;Server;Command: ExecRobotTask (Load,500000);
20/05/20;15:58:10.499;INFO;Controller;Executing asynchronous activity: ExecRobotTask;
20/05/20;15:58:10.499;INFO;Controller;Status = Executing: Load;
20/05/20;15:58:10.499;INFO;Controller;State = Running;
20/05/20;15:58:11.756;INFO;Robot Runtime;executing:    Load;
20/05/20;15:58:21.061;INFO;Controller;Activity ExecRobotTask ended. Return value: Done False/True/False;
20/05/20;15:58:21.062;INFO;Controller;State = Ready;
20/05/20;15:58:21.080;INFO;Server;Command: ExecRobotTask (Mount,500000);
20/05/20;15:58:21.080;INFO;Controller;Executing asynchronous activity: ExecRobotTask;
20/05/20;15:58:21.081;INFO;Controller;Status = Executing: Mount;
20/05/20;15:58:21.081;INFO;Controller;State = Running;
20/05/20;15:58:21.949;INFO;Robot Runtime;executing:    Mount;
20/05/20;15:58:26.212;INFO;Controller;Activity ExecRobotTask ended. Return value: Done True/False/False;
20/05/20;15:58:26.212;INFO;Controller;State = Ready;
20/05/20;15:58:26.232;INFO;Server;Command: ExecRobotTask (Park,500000);
20/05/20;15:58:26.232;INFO;Controller;Executing asynchronous activity: ExecRobotTask;
20/05/20;15:58:26.232;INFO;Controller;Status = Executing: Park;
20/05/20;15:58:26.232;INFO;Controller;State = Running;
20/05/20;15:58:27.074;INFO;Robot Runtime;executing:    Park;
20/05/20;15:58:28.812;INFO;Controller;Activity ExecRobotTask ended. Return value: Done;
20/05/20;15:58:28.812;INFO;Controller;State = Ready;
20/05/20;15:58:28.821;INFO;Server;Command: ExecRobotTask (UnlatchRobGov,500000);
20/05/20;15:58:28.821;INFO;Controller;Executing asynchronous activity: ExecRobotTask;
20/05/20;15:58:28.821;INFO;Controller;Status = Executing: UnlatchRobGov;
20/05/20;15:58:28.821;INFO;Controller;State = Running;
20/05/20;15:58:29.806;INFO;Robot Runtime;executing:    UnlatchRobGov;
20/05/20;15:58:30.202;INFO;Controller;Activity ExecRobotTask ended. Return value: Done;
20/05/20;15:58:30.202;INFO;Controller;State = Ready;
20/05/20;16:01:27.429;INFO;Server;Command: ExecRobotTask (Unmount,500000);
20/05/20;16:01:27.429;INFO;Controller;Executing asynchronous activity: ExecRobotTask;
20/05/20;16:01:27.429;INFO;Controller;Status = Executing: Unmount;
20/05/20;16:01:27.429;INFO;Controller;State = Running;
20/05/20;16:01:28.280;INFO;Robot Runtime;executing:    Unmount;
20/05/20;16:01:37.231;INFO;Controller;Activity ExecRobotTask ended. Return value: Done False/True/False;
20/05/20;16:01:37.232;INFO;Controller;State = Ready;
20/05/20;16:01:37.250;INFO;Server;Command: ExecRobotTask (Unload,500000);
20/05/20;16:01:37.250;INFO;Controller;Executing asynchronous activity: ExecRobotTask;
20/05/20;16:01:37.250;INFO;Controller;Status = Executing: Unload;
20/05/20;16:01:37.250;INFO;Controller;State = Running;
20/05/20;16:01:38.093;INFO;Robot Runtime;executing:    Unload;
20/05/20;16:01:41.730;INFO;Controller;Activity ExecRobotTask ended. Return value: Done False/False/False;
20/05/20;16:01:41.730;INFO;Controller;State = Ready;
20/05/20;16:01:43.331;INFO;Server;Command: ExecRobotTask (Load,500000);
20/05/20;16:01:43.332;INFO;Controller;Executing asynchronous activity: ExecRobotTask;
20/05/20;16:01:43.332;INFO;Controller;Status = Executing: Load;
20/05/20;16:01:43.332;INFO;Controller;State = Running;
20/05/20;16:01:44.573;INFO;Robot Runtime;executing:    Load;
20/05/20;16:01:50.651;INFO;Controller;Activity ExecRobotTask ended. Return value: Done False/True/False;
20/05/20;16:01:50.651;INFO;Controller;State = Ready;
20/05/20;16:01:50.664;INFO;Server;Command: ExecRobotTask (Mount,500000);
20/05/20;16:01:50.664;INFO;Controller;Executing asynchronous activity: ExecRobotTask;
20/05/20;16:01:50.664;INFO;Controller;Status = Executing: Mount;
20/05/20;16:01:50.664;INFO;Controller;State = Running;
20/05/20;16:01:51.647;INFO;Robot Runtime;executing:    Mount;
20/05/20;16:01:55.823;INFO;Controller;Activity ExecRobotTask ended. Return value: Done True/False/False;
20/05/20;16:01:55.823;INFO;Controller;State = Ready;
20/05/20;16:01:55.849;INFO;Server;Command: ExecRobotTask (Park,500000);
20/05/20;16:01:55.849;INFO;Controller;Executing asynchronous activity: ExecRobotTask;
20/05/20;16:01:55.849;INFO;Controller;Status = Executing: Park;
20/05/20;16:01:55.850;INFO;Controller;State = Running;
20/05/20;16:01:56.690;INFO;Robot Runtime;executing:    Park;
20/05/20;16:01:58.429;INFO;Controller;Activity ExecRobotTask ended. Return value: Done;
20/05/20;16:01:58.429;INFO;Controller;State = Ready;
20/05/20;16:01:58.441;INFO;Server;Command: ExecRobotTask (UnlatchRobGov,500000);
20/05/20;16:01:58.441;INFO;Controller;Executing asynchronous activity: ExecRobotTask;
20/05/20;16:01:58.441;INFO;Controller;Status = Executing: UnlatchRobGov;
20/05/20;16:01:58.441;INFO;Controller;State = Running;
20/05/20;16:01:59.332;INFO;Robot Runtime;executing:    UnlatchRobGov;
20/05/20;16:01:59.807;INFO;Controller;Activity ExecRobotTask ended. Return value: Done;
20/05/20;16:01:59.807;INFO;Controller;State = Ready;
20/05/20;16:29:26.606;INFO;Server;Command: ExecRobotTask (Unmount,500000);
20/05/20;16:29:26.607;INFO;Controller;Executing asynchronous activity: ExecRobotTask;
20/05/20;16:29:26.607;INFO;Controller;Status = Executing: Unmount;
20/05/20;16:29:26.607;INFO;Controller;State = Running;
20/05/20;16:29:27.486;INFO;Robot Runtime;executing:    Unmount;
20/05/20;16:29:36.542;INFO;Controller;Activity ExecRobotTask ended. Return value: Done False/True/False;
20/05/20;16:29:36.542;INFO;Controller;State = Ready;
20/05/20;16:29:36.564;INFO;Server;Command: ExecRobotTask (Unload,500000);
20/05/20;16:29:36.564;INFO;Controller;Executing asynchronous activity: ExecRobotTask;
20/05/20;16:29:36.565;INFO;Controller;Status = Executing: Unload;
20/05/20;16:29:36.565;INFO;Controller;State = Running;
20/05/20;16:29:37.426;INFO;Robot Runtime;executing:    Unload;
20/05/20;16:29:41.040;INFO;Controller;Activity ExecRobotTask ended. Return value: Done False/False/False;
20/05/20;16:29:41.040;INFO;Controller;State = Ready;
20/05/20;16:29:42.601;INFO;Server;Command: ExecRobotTask (Load,500000);
20/05/20;16:29:42.601;INFO;Controller;Executing asynchronous activity: ExecRobotTask;
20/05/20;16:29:42.601;INFO;Controller;Status = Executing: Load;
20/05/20;16:29:42.601;INFO;Controller;State = Running;
20/05/20;16:29:43.879;INFO;Robot Runtime;executing:    Load;
20/05/20;16:29:49.764;INFO;Controller;Activity ExecRobotTask ended. Return value: Done False/True/False;
20/05/20;16:29:49.764;INFO;Controller;State = Ready;
20/05/20;16:29:49.777;INFO;Server;Command: ExecRobotTask (Mount,500000);
20/05/20;16:29:49.777;INFO;Controller;Executing asynchronous activity: ExecRobotTask;
20/05/20;16:29:49.777;INFO;Controller;Status = Executing: Mount;
20/05/20;16:29:49.777;INFO;Controller;State = Running;
20/05/20;16:29:50.683;INFO;Robot Runtime;executing:    Mount;
20/05/20;16:29:54.833;INFO;Controller;Activity ExecRobotTask ended. Return value: Done True/False/False;
20/05/20;16:29:54.834;INFO;Controller;State = Ready;
20/05/20;16:29:54.860;INFO;Server;Command: ExecRobotTask (Park,500000);
20/05/20;16:29:54.860;INFO;Controller;Executing asynchronous activity: ExecRobotTask;
20/05/20;16:29:54.860;INFO;Controller;Status = Executing: Park;
20/05/20;16:29:54.860;INFO;Controller;State = Running;
20/05/20;16:29:55.729;INFO;Robot Runtime;executing:    Park;
20/05/20;16:29:57.854;INFO;Controller;Activity ExecRobotTask ended. Return value: Done;
20/05/20;16:29:57.854;INFO;Controller;State = Ready;
20/05/20;16:29:57.875;INFO;Server;Command: ExecRobotTask (UnlatchRobGov,500000);
20/05/20;16:29:57.875;INFO;Controller;Executing asynchronous activity: ExecRobotTask;
20/05/20;16:29:57.875;INFO;Controller;Status = Executing: UnlatchRobGov;
20/05/20;16:29:57.875;INFO;Controller;State = Running;
20/05/20;16:29:58.782;INFO;Robot Runtime;executing:    UnlatchRobGov;
20/05/20;16:29:59.324;INFO;Controller;Activity ExecRobotTask ended. Return value: Done;
20/05/20;16:29:59.324;INFO;Controller;State = Ready;
20/05/20;16:37:28.239;INFO;Server;Command: ExecRobotTask (Unmount,500000);
20/05/20;16:37:28.239;INFO;Controller;Executing asynchronous activity: ExecRobotTask;
20/05/20;16:37:28.239;INFO;Controller;Status = Executing: Unmount;
20/05/20;16:37:28.239;INFO;Controller;State = Running;
20/05/20;16:37:29.089;INFO;Robot Runtime;executing:    Unmount;
20/05/20;16:37:36.338;INFO;Controller;Activity ExecRobotTask ended. Return value: Done False/True/False;
20/05/20;16:37:36.338;INFO;Controller;State = Ready;
20/05/20;16:37:36.357;INFO;Server;Command: ExecRobotTask (Unload,500000);
20/05/20;16:37:36.357;INFO;Controller;Executing asynchronous activity: ExecRobotTask;
20/05/20;16:37:36.357;INFO;Controller;Status = Executing: Unload;
20/05/20;16:37:36.357;INFO;Controller;State = Running;
20/05/20;16:37:37.200;INFO;Robot Runtime;executing:    Unload;
20/05/20;16:37:40.992;INFO;Controller;Activity ExecRobotTask ended. Return value: Done False/False/False;
20/05/20;16:37:40.992;INFO;Controller;State = Ready;
20/05/20;16:37:42.570;INFO;Server;Command: ExecRobotTask (Load,500000);
20/05/20;16:37:42.570;INFO;Controller;Executing asynchronous activity: ExecRobotTask;
20/05/20;16:37:42.570;INFO;Controller;Status = Executing: Load;
20/05/20;16:37:42.570;INFO;Controller;State = Running;
20/05/20;16:37:43.870;INFO;Robot Runtime;executing:    Load;
20/05/20;16:37:50.004;INFO;Controller;Activity ExecRobotTask ended. Return value: Done False/True/False;
20/05/20;16:37:50.004;INFO;Controller;State = Ready;
20/05/20;16:37:50.018;INFO;Server;Command: ExecRobotTask (Mount,500000);
20/05/20;16:37:50.018;INFO;Controller;Executing asynchronous activity: ExecRobotTask;
20/05/20;16:37:50.018;INFO;Controller;Status = Executing: Mount;
20/05/20;16:37:50.018;INFO;Controller;State = Running;
20/05/20;16:37:50.941;INFO;Robot Runtime;executing:    Mount;
20/05/20;16:37:55.166;INFO;Controller;Activity ExecRobotTask ended. Return value: Done True/False/False;
20/05/20;16:37:55.166;INFO;Controller;State = Ready;
20/05/20;16:37:55.194;INFO;Server;Command: ExecRobotTask (Park,500000);
20/05/20;16:37:55.195;INFO;Controller;Executing asynchronous activity: ExecRobotTask;
20/05/20;16:37:55.195;INFO;Controller;Status = Executing: Park;
20/05/20;16:37:55.195;INFO;Controller;State = Running;
20/05/20;16:37:56.031;INFO;Robot Runtime;executing:    Park;
20/05/20;16:37:57.774;INFO;Controller;Activity ExecRobotTask ended. Return value: Done;
20/05/20;16:37:57.774;INFO;Controller;State = Ready;
20/05/20;16:37:57.797;INFO;Server;Command: ExecRobotTask (UnlatchRobGov,500000);
20/05/20;16:37:57.797;INFO;Controller;Executing asynchronous activity: ExecRobotTask;
20/05/20;16:37:57.798;INFO;Controller;Status = Executing: UnlatchRobGov;
20/05/20;16:37:57.798;INFO;Controller;State = Running;
20/05/20;16:37:58.686;INFO;Robot Runtime;executing:    UnlatchRobGov;
20/05/20;16:37:59.154;INFO;Controller;Activity ExecRobotTask ended. Return value: Done;
20/05/20;16:37:59.154;INFO;Controller;State = Ready;
20/05/20;16:42:43.944;INFO;Server;Command: ExecRobotTask (Unmount,500000);
20/05/20;16:42:43.944;INFO;Controller;Executing asynchronous activity: ExecRobotTask;
20/05/20;16:42:43.945;INFO;Controller;Status = Executing: Unmount;
20/05/20;16:42:43.945;INFO;Controller;State = Running;
20/05/20;16:42:44.794;INFO;Robot Runtime;executing:    Unmount;
20/05/20;16:42:54.144;INFO;Controller;Activity ExecRobotTask ended. Return value: Done False/True/False;
20/05/20;16:42:54.144;INFO;Controller;State = Ready;
20/05/20;16:42:54.164;INFO;Server;Command: ExecRobotTask (Unload,500000);
20/05/20;16:42:54.164;INFO;Controller;Executing asynchronous activity: ExecRobotTask;
20/05/20;16:42:54.164;INFO;Controller;Status = Executing: Unload;
20/05/20;16:42:54.164;INFO;Controller;State = Running;
20/05/20;16:42:55.007;INFO;Robot Runtime;executing:    Unload;
20/05/20;16:42:58.780;INFO;Controller;Activity ExecRobotTask ended. Return value: Done False/False/False;
20/05/20;16:42:58.780;INFO;Controller;State = Ready;
20/05/20;16:43:00.505;INFO;Server;Command: ExecRobotTask (Load,500000);
20/05/20;16:43:00.506;INFO;Controller;Executing asynchronous activity: ExecRobotTask;
20/05/20;16:43:00.506;INFO;Controller;Status = Executing: Load;
20/05/20;16:43:00.506;INFO;Controller;State = Running;
20/05/20;16:43:01.827;INFO;Robot Runtime;executing:    Load;
20/05/20;16:43:08.010;INFO;Controller;Activity ExecRobotTask ended. Return value: Done False/True/False;
20/05/20;16:43:08.010;INFO;Controller;State = Ready;
20/05/20;16:43:08.026;INFO;Server;Command: ExecRobotTask (Mount,500000);
20/05/20;16:43:08.026;INFO;Controller;Executing asynchronous activity: ExecRobotTask;
20/05/20;16:43:08.026;INFO;Controller;Status = Executing: Mount;
20/05/20;16:43:08.026;INFO;Controller;State = Running;
20/05/20;16:43:08.960;INFO;Robot Runtime;executing:    Mount;
20/05/20;16:43:13.173;INFO;Controller;Activity ExecRobotTask ended. Return value: Done True/False/False;
20/05/20;16:43:13.173;INFO;Controller;State = Ready;
20/05/20;16:43:13.192;INFO;Server;Command: ExecRobotTask (Park,500000);
20/05/20;16:43:13.192;INFO;Controller;Executing asynchronous activity: ExecRobotTask;
20/05/20;16:43:13.192;INFO;Controller;Status = Executing: Park;
20/05/20;16:43:13.192;INFO;Controller;State = Running;
20/05/20;16:43:14.028;INFO;Robot Runtime;executing:    Park;
20/05/20;16:43:15.781;INFO;Controller;Activity ExecRobotTask ended. Return value: Done;
20/05/20;16:43:15.781;INFO;Controller;State = Ready;
20/05/20;16:43:15.798;INFO;Server;Command: ExecRobotTask (UnlatchRobGov,500000);
20/05/20;16:43:15.799;INFO;Controller;Executing asynchronous activity: ExecRobotTask;
20/05/20;16:43:15.799;INFO;Controller;Status = Executing: UnlatchRobGov;
20/05/20;16:43:15.799;INFO;Controller;State = Running;
20/05/20;16:43:16.681;INFO;Robot Runtime;executing:    UnlatchRobGov;
20/05/20;16:43:17.160;INFO;Controller;Activity ExecRobotTask ended. Return value: Done;
20/05/20;16:43:17.161;INFO;Controller;State = Ready;
20/05/20;16:43:54.265;INFO;Server;Command: ExecRobotTask (Unmount,500000);
20/05/20;16:43:54.265;INFO;Controller;Executing asynchronous activity: ExecRobotTask;
20/05/20;16:43:54.265;INFO;Controller;Status = Executing: Unmount;
20/05/20;16:43:54.265;INFO;Controller;State = Running;
20/05/20;16:43:55.113;INFO;Robot Runtime;executing:    Unmount;
20/05/20;16:44:04.267;INFO;Controller;Activity ExecRobotTask ended. Return value: Done False/True/False;
20/05/20;16:44:04.267;INFO;Controller;State = Ready;
20/05/20;16:44:04.285;INFO;Server;Command: ExecRobotTask (Unload,500000);
20/05/20;16:44:04.285;INFO;Controller;Executing asynchronous activity: ExecRobotTask;
20/05/20;16:44:04.285;INFO;Controller;Status = Executing: Unload;
20/05/20;16:44:04.286;INFO;Controller;State = Running;
20/05/20;16:44:05.130;INFO;Robot Runtime;executing:    Unload;
20/05/20;16:44:09.078;INFO;Controller;Activity ExecRobotTask ended. Return value: Done False/False/False;
20/05/20;16:44:09.078;INFO;Controller;State = Ready;
20/05/20;16:44:10.673;INFO;Server;Command: ExecRobotTask (Load,500000);
20/05/20;16:44:10.673;INFO;Controller;Executing asynchronous activity: ExecRobotTask;
20/05/20;16:44:10.681;INFO;Controller;Status = Executing: Load;
20/05/20;16:44:10.681;INFO;Controller;State = Running;
20/05/20;16:44:11.994;INFO;Robot Runtime;executing:    Load;
20/05/20;16:44:17.923;INFO;Controller;Activity ExecRobotTask ended. Return value: Done False/True/False;
20/05/20;16:44:17.923;INFO;Controller;State = Ready;
20/05/20;16:44:17.942;INFO;Server;Command: ExecRobotTask (Mount,500000);
20/05/20;16:44:17.942;INFO;Controller;Executing asynchronous activity: ExecRobotTask;
20/05/20;16:44:17.942;INFO;Controller;Status = Executing: Mount;
20/05/20;16:44:17.942;INFO;Controller;State = Running;
20/05/20;16:44:18.858;INFO;Robot Runtime;executing:    Mount;
20/05/20;16:44:22.997;INFO;Controller;Activity ExecRobotTask ended. Return value: Done True/False/False;
20/05/20;16:44:22.997;INFO;Controller;State = Ready;
20/05/20;16:44:23.027;INFO;Server;Command: ExecRobotTask (Park,500000);
20/05/20;16:44:23.027;INFO;Controller;Executing asynchronous activity: ExecRobotTask;
20/05/20;16:44:23.027;INFO;Controller;Status = Executing: Park;
20/05/20;16:44:23.027;INFO;Controller;State = Running;
20/05/20;16:44:23.866;INFO;Robot Runtime;executing:    Park;
20/05/20;16:44:25.607;INFO;Controller;Activity ExecRobotTask ended. Return value: Done;
20/05/20;16:44:25.607;INFO;Controller;State = Ready;
20/05/20;16:44:25.628;INFO;Server;Command: ExecRobotTask (UnlatchRobGov,500000);
20/05/20;16:44:25.628;INFO;Controller;Executing asynchronous activity: ExecRobotTask;
20/05/20;16:44:25.628;INFO;Controller;Status = Executing: UnlatchRobGov;
20/05/20;16:44:25.628;INFO;Controller;State = Running;
20/05/20;16:44:26.515;INFO;Robot Runtime;executing:    UnlatchRobGov;
20/05/20;16:44:26.984;INFO;Controller;Activity ExecRobotTask ended. Return value: Done;
20/05/20;16:44:26.984;INFO;Controller;State = Ready;
20/05/20;16:51:08.418;INFO;Server;Command: ExecRobotTask (Unmount,500000);
20/05/20;16:51:08.419;INFO;Controller;Executing asynchronous activity: ExecRobotTask;
20/05/20;16:51:08.419;INFO;Controller;Status = Executing: Unmount;
20/05/20;16:51:08.419;INFO;Controller;State = Running;
20/05/20;16:51:09.345;INFO;Robot Runtime;executing:    Unmount;
20/05/20;16:51:18.251;INFO;Controller;Activity ExecRobotTask ended. Return value: Done False/True/False;
20/05/20;16:51:18.251;INFO;Controller;State = Ready;
20/05/20;16:51:18.278;INFO;Server;Command: ExecRobotTask (Unload,500000);
20/05/20;16:51:18.278;INFO;Controller;Executing asynchronous activity: ExecRobotTask;
20/05/20;16:51:18.279;INFO;Controller;Status = Executing: Unload;
20/05/20;16:51:18.279;INFO;Controller;State = Running;
20/05/20;16:51:19.123;INFO;Robot Runtime;executing:    Unload;
20/05/20;16:51:22.894;INFO;Controller;Activity ExecRobotTask ended. Return value: Done False/False/False;
20/05/20;16:51:22.894;INFO;Controller;State = Ready;
20/05/20;16:51:24.491;INFO;Server;Command: ExecRobotTask (Load,500000);
20/05/20;16:51:24.492;INFO;Controller;Executing asynchronous activity: ExecRobotTask;
20/05/20;16:51:24.492;INFO;Controller;Status = Executing: Load;
20/05/20;16:51:24.492;INFO;Controller;State = Running;
20/05/20;16:51:25.789;INFO;Robot Runtime;executing:    Load;
20/05/20;16:51:31.868;INFO;Controller;Activity ExecRobotTask ended. Return value: Done False/True/False;
20/05/20;16:51:31.868;INFO;Controller;State = Ready;
20/05/20;16:51:31.896;INFO;Server;Command: ExecRobotTask (Mount,500000);
20/05/20;16:51:31.896;INFO;Controller;Executing asynchronous activity: ExecRobotTask;
20/05/20;16:51:31.896;INFO;Controller;Status = Executing: Mount;
20/05/20;16:51:31.896;INFO;Controller;State = Running;
20/05/20;16:51:32.765;INFO;Robot Runtime;executing:    Mount;
20/05/20;16:51:36.599;INFO;Controller;Activity ExecRobotTask ended. Return value: Done True/False/False;
20/05/20;16:51:36.599;INFO;Controller;State = Ready;
20/05/20;16:51:36.626;INFO;Server;Command: ExecRobotTask (Park,500000);
20/05/20;16:51:36.626;INFO;Controller;Executing asynchronous activity: ExecRobotTask;
20/05/20;16:51:36.626;INFO;Controller;Status = Executing: Park;
20/05/20;16:51:36.626;INFO;Controller;State = Running;
20/05/20;16:51:37.527;INFO;Robot Runtime;executing:    Park;
20/05/20;16:51:39.542;INFO;Controller;Activity ExecRobotTask ended. Return value: Done;
20/05/20;16:51:39.542;INFO;Controller;State = Ready;
20/05/20;16:51:39.571;INFO;Server;Command: ExecRobotTask (UnlatchRobGov,500000);
20/05/20;16:51:39.571;INFO;Controller;Executing asynchronous activity: ExecRobotTask;
20/05/20;16:51:39.571;INFO;Controller;Status = Executing: UnlatchRobGov;
20/05/20;16:51:39.571;INFO;Controller;State = Running;
20/05/20;16:51:40.461;INFO;Robot Runtime;executing:    UnlatchRobGov;
20/05/20;16:51:41.004;INFO;Controller;Activity ExecRobotTask ended. Return value: Done;
20/05/20;16:51:41.004;INFO;Controller;State = Ready;
20/05/20;16:51:56.402;INFO;Server;Command: ExecRobotTask (Unmount,500000);
20/05/20;16:51:56.402;INFO;Controller;Executing asynchronous activity: ExecRobotTask;
20/05/20;16:51:56.402;INFO;Controller;Status = Executing: Unmount;
20/05/20;16:51:56.402;INFO;Controller;State = Running;
20/05/20;16:51:57.252;INFO;Robot Runtime;executing:    Unmount;
20/05/20;16:52:06.833;INFO;Controller;Activity ExecRobotTask ended. Return value: Done False/True/False;
20/05/20;16:52:06.833;INFO;Controller;State = Ready;
20/05/20;16:52:06.860;INFO;Server;Command: ExecRobotTask (Unload,500000);
20/05/20;16:52:06.860;INFO;Controller;Executing asynchronous activity: ExecRobotTask;
20/05/20;16:52:06.860;INFO;Controller;Status = Executing: Unload;
20/05/20;16:52:06.860;INFO;Controller;State = Running;
20/05/20;16:52:07.702;INFO;Robot Runtime;executing:    Unload;
20/05/20;16:52:11.489;INFO;Controller;Activity ExecRobotTask ended. Return value: Done False/False/False;
20/05/20;16:52:11.489;INFO;Controller;State = Ready;
20/05/20;16:52:13.074;INFO;Server;Command: ExecRobotTask (Load,500000);
20/05/20;16:52:13.075;INFO;Controller;Executing asynchronous activity: ExecRobotTask;
20/05/20;16:52:13.075;INFO;Controller;Status = Executing: Load;
20/05/20;16:52:13.075;INFO;Controller;State = Running;
20/05/20;16:52:14.391;INFO;Robot Runtime;executing:    Load;
20/05/20;16:52:20.506;INFO;Controller;Activity ExecRobotTask ended. Return value: Done False/True/False;
20/05/20;16:52:20.506;INFO;Controller;State = Ready;
20/05/20;16:52:20.530;INFO;Server;Command: ExecRobotTask (Mount,500000);
20/05/20;16:52:20.531;INFO;Controller;Executing asynchronous activity: ExecRobotTask;
20/05/20;16:52:20.531;INFO;Controller;Status = Executing: Mount;
20/05/20;16:52:20.531;INFO;Controller;State = Running;
20/05/20;16:52:21.442;INFO;Robot Runtime;executing:    Mount;
20/05/20;16:52:25.673;INFO;Controller;Activity ExecRobotTask ended. Return value: Done True/False/False;
20/05/20;16:52:25.674;INFO;Controller;State = Ready;
20/05/20;16:52:25.702;INFO;Server;Command: ExecRobotTask (Park,500000);
20/05/20;16:52:25.702;INFO;Controller;Executing asynchronous activity: ExecRobotTask;
20/05/20;16:52:25.702;INFO;Controller;Status = Executing: Park;
20/05/20;16:52:25.702;INFO;Controller;State = Running;
20/05/20;16:52:26.544;INFO;Robot Runtime;executing:    Park;
20/05/20;16:52:28.281;INFO;Controller;Activity ExecRobotTask ended. Return value: Done;
20/05/20;16:52:28.281;INFO;Controller;State = Ready;
20/05/20;16:52:28.306;INFO;Server;Command: ExecRobotTask (UnlatchRobGov,500000);
20/05/20;16:52:28.306;INFO;Controller;Executing asynchronous activity: ExecRobotTask;
20/05/20;16:52:28.306;INFO;Controller;Status = Executing: UnlatchRobGov;
20/05/20;16:52:28.306;INFO;Controller;State = Running;
20/05/20;16:52:29.197;INFO;Robot Runtime;executing:    UnlatchRobGov;
20/05/20;16:52:29.658;INFO;Controller;Activity ExecRobotTask ended. Return value: Done;
20/05/20;16:52:29.658;INFO;Controller;State = Ready;
20/05/20;16:59:18.471;INFO;Server;Command: ExecRobotTask (Unmount,500000);
20/05/20;16:59:18.471;INFO;Controller;Executing asynchronous activity: ExecRobotTask;
20/05/20;16:59:18.471;INFO;Controller;Status = Executing: Unmount;
20/05/20;16:59:18.471;INFO;Controller;State = Running;
20/05/20;16:59:19.326;INFO;Robot Runtime;executing:    Unmount;
20/05/20;16:59:28.624;INFO;Controller;Activity ExecRobotTask ended. Return value: Done False/True/False;
20/05/20;16:59:28.624;INFO;Controller;State = Ready;
20/05/20;16:59:28.648;INFO;Server;Command: ExecRobotTask (Unload,500000);
20/05/20;16:59:28.648;INFO;Controller;Executing asynchronous activity: ExecRobotTask;
20/05/20;16:59:28.648;INFO;Controller;Status = Executing: Unload;
20/05/20;16:59:28.648;INFO;Controller;State = Running;
20/05/20;16:59:29.490;INFO;Robot Runtime;executing:    Unload;
20/05/20;16:59:33.097;INFO;Controller;Activity ExecRobotTask ended. Return value: Done False/False/False;
20/05/20;16:59:33.097;INFO;Controller;State = Ready;
20/05/20;16:59:34.705;INFO;Server;Command: ExecRobotTask (Load,500000);
20/05/20;16:59:34.705;INFO;Controller;Executing asynchronous activity: ExecRobotTask;
20/05/20;16:59:34.705;INFO;Controller;Status = Executing: Load;
20/05/20;16:59:34.706;INFO;Controller;State = Running;
20/05/20;16:59:36.023;INFO;Robot Runtime;executing:    Load;
20/05/20;16:59:42.241;INFO;Controller;Activity ExecRobotTask ended. Return value: Done False/True/False;
20/05/20;16:59:42.241;INFO;Controller;State = Ready;
20/05/20;16:59:42.273;INFO;Server;Command: ExecRobotTask (Mount,500000);
20/05/20;16:59:42.273;INFO;Controller;Executing asynchronous activity: ExecRobotTask;
20/05/20;16:59:42.273;INFO;Controller;Status = Executing: Mount;
20/05/20;16:59:42.274;INFO;Controller;State = Running;
20/05/20;16:59:43.182;INFO;Robot Runtime;executing:    Mount;
20/05/20;16:59:47.412;INFO;Controller;Activity ExecRobotTask ended. Return value: Done True/False/False;
20/05/20;16:59:47.412;INFO;Controller;State = Ready;
20/05/20;16:59:47.454;INFO;Server;Command: ExecRobotTask (Park,500000);
20/05/20;16:59:47.454;INFO;Controller;Executing asynchronous activity: ExecRobotTask;
20/05/20;16:59:47.454;INFO;Controller;Status = Executing: Park;
20/05/20;16:59:47.454;INFO;Controller;State = Running;
20/05/20;16:59:48.293;INFO;Robot Runtime;executing:    Park;
20/05/20;16:59:50.028;INFO;Controller;Activity ExecRobotTask ended. Return value: Done;
20/05/20;16:59:50.029;INFO;Controller;State = Ready;
20/05/20;16:59:50.056;INFO;Server;Command: ExecRobotTask (UnlatchRobGov,500000);
20/05/20;16:59:50.056;INFO;Controller;Executing asynchronous activity: ExecRobotTask;
20/05/20;16:59:50.056;INFO;Controller;Status = Executing: UnlatchRobGov;
20/05/20;16:59:50.056;INFO;Controller;State = Running;
20/05/20;16:59:50.945;INFO;Robot Runtime;executing:    UnlatchRobGov;
20/05/20;16:59:51.402;INFO;Controller;Activity ExecRobotTask ended. Return value: Done;
20/05/20;16:59:51.402;INFO;Controller;State = Ready;
20/05/20;17:03:07.566;INFO;Server;Command: ExecRobotTask (Unmount,500000);
20/05/20;17:03:07.566;INFO;Controller;Executing asynchronous activity: ExecRobotTask;
20/05/20;17:03:07.566;INFO;Controller;Status = Executing: Unmount;
20/05/20;17:03:07.566;INFO;Controller;State = Running;
20/05/20;17:03:08.419;INFO;Robot Runtime;executing:    Unmount;
20/05/20;17:03:17.848;INFO;Controller;Activity ExecRobotTask ended. Return value: Done False/True/False;
20/05/20;17:03:17.848;INFO;Controller;State = Ready;
20/05/20;17:03:17.879;INFO;Server;Command: ExecRobotTask (Unload,500000);
20/05/20;17:03:17.879;INFO;Controller;Executing asynchronous activity: ExecRobotTask;
20/05/20;17:03:17.879;INFO;Controller;Status = Executing: Unload;
20/05/20;17:03:17.879;INFO;Controller;State = Running;
20/05/20;17:03:18.726;INFO;Robot Runtime;executing:    Unload;
20/05/20;17:03:22.347;INFO;Controller;Activity ExecRobotTask ended. Return value: Done False/False/False;
20/05/20;17:03:22.348;INFO;Controller;State = Ready;
20/05/20;17:03:23.927;INFO;Server;Command: ExecRobotTask (Load,500000);
20/05/20;17:03:23.928;INFO;Controller;Executing asynchronous activity: ExecRobotTask;
20/05/20;17:03:23.928;INFO;Controller;Status = Executing: Load;
20/05/20;17:03:23.928;INFO;Controller;State = Running;
20/05/20;17:03:25.244;INFO;Robot Runtime;executing:    Load;
20/05/20;17:03:31.514;INFO;Controller;Activity ExecRobotTask ended. Return value: Done False/True/False;
20/05/20;17:03:31.514;INFO;Controller;State = Ready;
20/05/20;17:03:31.540;INFO;Server;Command: ExecRobotTask (Mount,500000);
20/05/20;17:03:31.540;INFO;Controller;Executing asynchronous activity: ExecRobotTask;
20/05/20;17:03:31.540;INFO;Controller;Status = Executing: Mount;
20/05/20;17:03:31.540;INFO;Controller;State = Running;
20/05/20;17:03:32.459;INFO;Robot Runtime;executing:    Mount;
20/05/20;17:03:36.682;INFO;Controller;Activity ExecRobotTask ended. Return value: Done True/False/False;
20/05/20;17:03:36.683;INFO;Controller;State = Ready;
20/05/20;17:03:36.706;INFO;Server;Command: ExecRobotTask (Park,500000);
20/05/20;17:03:36.706;INFO;Controller;Executing asynchronous activity: ExecRobotTask;
20/05/20;17:03:36.706;INFO;Controller;Status = Executing: Park;
20/05/20;17:03:36.706;INFO;Controller;State = Running;
20/05/20;17:03:37.548;INFO;Robot Runtime;executing:    Park;
20/05/20;17:03:39.289;INFO;Controller;Activity ExecRobotTask ended. Return value: Done;
20/05/20;17:03:39.289;INFO;Controller;State = Ready;
20/05/20;17:03:39.317;INFO;Server;Command: ExecRobotTask (UnlatchRobGov,500000);
20/05/20;17:03:39.317;INFO;Controller;Executing asynchronous activity: ExecRobotTask;
20/05/20;17:03:39.317;INFO;Controller;Status = Executing: UnlatchRobGov;
20/05/20;17:03:39.317;INFO;Controller;State = Running;
20/05/20;17:03:40.201;INFO;Robot Runtime;executing:    UnlatchRobGov;
20/05/20;17:03:40.669;INFO;Controller;Activity ExecRobotTask ended. Return value: Done;
20/05/20;17:03:40.669;INFO;Controller;State = Ready;
20/05/20;17:09:26.965;INFO;Server;Command: ExecRobotTask (Unmount,500000);
20/05/20;17:09:26.965;INFO;Controller;Executing asynchronous activity: ExecRobotTask;
20/05/20;17:09:26.965;INFO;Controller;Status = Executing: Unmount;
20/05/20;17:09:26.965;INFO;Controller;State = Running;
20/05/20;17:09:27.840;INFO;Robot Runtime;executing:    Unmount;
20/05/20;17:09:36.990;INFO;Controller;Activity ExecRobotTask ended. Return value: Done False/True/False;
20/05/20;17:09:36.990;INFO;Controller;State = Ready;
20/05/20;17:09:37.010;INFO;Server;Command: ExecRobotTask (Unload,500000);
20/05/20;17:09:37.011;INFO;Controller;Executing asynchronous activity: ExecRobotTask;
20/05/20;17:09:37.011;INFO;Controller;Status = Executing: Unload;
20/05/20;17:09:37.011;INFO;Controller;State = Running;
20/05/20;17:09:37.854;INFO;Robot Runtime;executing:    Unload;
20/05/20;17:09:41.461;INFO;Controller;Activity ExecRobotTask ended. Return value: Done False/False/False;
20/05/20;17:09:41.461;INFO;Controller;State = Ready;
20/05/20;17:09:43.080;INFO;Server;Command: ExecRobotTask (Load,500000);
20/05/20;17:09:43.080;INFO;Controller;Executing asynchronous activity: ExecRobotTask;
20/05/20;17:09:43.080;INFO;Controller;Status = Executing: Load;
20/05/20;17:09:43.080;INFO;Controller;State = Running;
20/05/20;17:09:44.393;INFO;Robot Runtime;executing:    Load;
20/05/20;17:09:50.615;INFO;Controller;Activity ExecRobotTask ended. Return value: Done False/True/False;
20/05/20;17:09:50.615;INFO;Controller;State = Ready;
20/05/20;17:09:50.644;INFO;Server;Command: ExecRobotTask (Mount,500000);
20/05/20;17:09:50.644;INFO;Controller;Executing asynchronous activity: ExecRobotTask;
20/05/20;17:09:50.644;INFO;Controller;Status = Executing: Mount;
20/05/20;17:09:50.645;INFO;Controller;State = Running;
20/05/20;17:09:51.560;INFO;Robot Runtime;executing:    Mount;
20/05/20;17:09:55.752;INFO;Controller;Activity ExecRobotTask ended. Return value: Done True/False/False;
20/05/20;17:09:55.752;INFO;Controller;State = Ready;
20/05/20;17:09:55.790;INFO;Server;Command: ExecRobotTask (Park,500000);
20/05/20;17:09:55.790;INFO;Controller;Executing asynchronous activity: ExecRobotTask;
20/05/20;17:09:55.790;INFO;Controller;Status = Executing: Park;
20/05/20;17:09:55.790;INFO;Controller;State = Running;
20/05/20;17:09:56.631;INFO;Robot Runtime;executing:    Park;
20/05/20;17:09:58.359;INFO;Controller;Activity ExecRobotTask ended. Return value: Done;
20/05/20;17:09:58.359;INFO;Controller;State = Ready;
20/05/20;17:09:58.391;INFO;Server;Command: ExecRobotTask (UnlatchRobGov,500000);
20/05/20;17:09:58.391;INFO;Controller;Executing asynchronous activity: ExecRobotTask;
20/05/20;17:09:58.391;INFO;Controller;Status = Executing: UnlatchRobGov;
20/05/20;17:09:58.391;INFO;Controller;State = Running;
20/05/20;17:09:59.279;INFO;Robot Runtime;executing:    UnlatchRobGov;
20/05/20;17:09:59.737;INFO;Controller;Activity ExecRobotTask ended. Return value: Done;
20/05/20;17:09:59.737;INFO;Controller;State = Ready;
20/05/20;17:11:10.857;INFO;Server;Command: ExecRobotTask (Unmount,500000);
20/05/20;17:11:10.858;INFO;Controller;Executing asynchronous activity: ExecRobotTask;
20/05/20;17:11:10.867;INFO;Controller;Status = Executing: Unmount;
20/05/20;17:11:10.867;INFO;Controller;State = Running;
20/05/20;17:11:11.738;INFO;Robot Runtime;executing:    Unmount;
20/05/20;17:11:21.298;INFO;Controller;Activity ExecRobotTask ended. Return value: Done False/True/False;
20/05/20;17:11:21.298;INFO;Controller;State = Ready;
20/05/20;17:11:21.327;INFO;Server;Command: ExecRobotTask (Unload,500000);
20/05/20;17:11:21.328;INFO;Controller;Executing asynchronous activity: ExecRobotTask;
20/05/20;17:11:21.328;INFO;Controller;Status = Executing: Unload;
20/05/20;17:11:21.328;INFO;Controller;State = Running;
20/05/20;17:11:22.175;INFO;Robot Runtime;executing:    Unload;
20/05/20;17:11:25.964;INFO;Controller;Activity ExecRobotTask ended. Return value: Done False/False/False;
20/05/20;17:11:25.965;INFO;Controller;State = Ready;
20/05/20;17:11:27.708;INFO;Server;Command: ExecRobotTask (Load,500000);
20/05/20;17:11:27.708;INFO;Controller;Executing asynchronous activity: ExecRobotTask;
20/05/20;17:11:27.708;INFO;Controller;Status = Executing: Load;
20/05/20;17:11:27.708;INFO;Controller;State = Running;
20/05/20;17:11:29.033;INFO;Robot Runtime;executing:    Load;
20/05/20;17:11:35.258;INFO;Controller;Activity ExecRobotTask ended. Return value: Done False/True/False;
20/05/20;17:11:35.258;INFO;Controller;State = Ready;
20/05/20;17:11:35.286;INFO;Server;Command: ExecRobotTask (Mount,500000);
20/05/20;17:11:35.286;INFO;Controller;Executing asynchronous activity: ExecRobotTask;
20/05/20;17:11:35.287;INFO;Controller;Status = Executing: Mount;
20/05/20;17:11:35.287;INFO;Controller;State = Running;
20/05/20;17:11:36.201;INFO;Robot Runtime;executing:    Mount;
20/05/20;17:11:40.428;INFO;Controller;Activity ExecRobotTask ended. Return value: Done True/False/False;
20/05/20;17:11:40.428;INFO;Controller;State = Ready;
20/05/20;17:11:40.464;INFO;Server;Command: ExecRobotTask (Park,500000);
20/05/20;17:11:40.464;INFO;Controller;Executing asynchronous activity: ExecRobotTask;
20/05/20;17:11:40.464;INFO;Controller;Status = Executing: Park;
20/05/20;17:11:40.464;INFO;Controller;State = Running;
20/05/20;17:11:41.303;INFO;Robot Runtime;executing:    Park;
20/05/20;17:11:43.437;INFO;Controller;Activity ExecRobotTask ended. Return value: Done;
20/05/20;17:11:43.437;INFO;Controller;State = Ready;
20/05/20;17:11:43.475;INFO;Server;Command: ExecRobotTask (UnlatchRobGov,500000);
20/05/20;17:11:43.475;INFO;Controller;Executing asynchronous activity: ExecRobotTask;
20/05/20;17:11:43.475;INFO;Controller;Status = Executing: UnlatchRobGov;
20/05/20;17:11:43.475;INFO;Controller;State = Running;
20/05/20;17:11:44.366;INFO;Robot Runtime;executing:    UnlatchRobGov;
20/05/20;17:11:44.902;INFO;Controller;Activity ExecRobotTask ended. Return value: Done;
20/05/20;17:11:44.903;INFO;Controller;State = Ready;
20/05/20;17:17:47.288;INFO;Server;Command: ExecRobotTask (Unmount,500000);
20/05/20;17:17:47.288;INFO;Controller;Executing asynchronous activity: ExecRobotTask;
20/05/20;17:17:47.288;INFO;Controller;Status = Executing: Unmount;
20/05/20;17:17:47.288;INFO;Controller;State = Running;
20/05/20;17:17:48.138;INFO;Robot Runtime;executing:    Unmount;
20/05/20;17:17:57.597;INFO;Controller;Activity ExecRobotTask ended. Return value: Done False/True/False;
20/05/20;17:17:57.597;INFO;Controller;State = Ready;
20/05/20;17:17:57.634;INFO;Server;Command: ExecRobotTask (Unload,500000);
20/05/20;17:17:57.634;INFO;Controller;Executing asynchronous activity: ExecRobotTask;
20/05/20;17:17:57.634;INFO;Controller;Status = Executing: Unload;
20/05/20;17:17:57.635;INFO;Controller;State = Running;
20/05/20;17:17:58.476;INFO;Robot Runtime;executing:    Unload;
20/05/20;17:18:02.080;INFO;Controller;Activity ExecRobotTask ended. Return value: Done False/False/False;
20/05/20;17:18:02.081;INFO;Controller;State = Ready;
20/05/20;17:18:03.730;INFO;Server;Command: ExecRobotTask (Load,500000);
20/05/20;17:18:03.731;INFO;Controller;Executing asynchronous activity: ExecRobotTask;
20/05/20;17:18:03.731;INFO;Controller;Status = Executing: Load;
20/05/20;17:18:03.731;INFO;Controller;State = Running;
20/05/20;17:18:05.055;INFO;Robot Runtime;executing:    Load;
20/05/20;17:18:11.225;INFO;Controller;Activity ExecRobotTask ended. Return value: Done False/True/False;
20/05/20;17:18:11.225;INFO;Controller;State = Ready;
20/05/20;17:18:11.256;INFO;Server;Command: ExecRobotTask (Mount,500000);
20/05/20;17:18:11.256;INFO;Controller;Executing asynchronous activity: ExecRobotTask;
20/05/20;17:18:11.256;INFO;Controller;Status = Executing: Mount;
20/05/20;17:18:11.256;INFO;Controller;State = Running;
20/05/20;17:18:12.172;INFO;Robot Runtime;executing:    Mount;
20/05/20;17:18:16.377;INFO;Controller;Activity ExecRobotTask ended. Return value: Done True/False/False;
20/05/20;17:18:16.377;INFO;Controller;State = Ready;
20/05/20;17:18:16.399;INFO;Server;Command: ExecRobotTask (Park,500000);
20/05/20;17:18:16.400;INFO;Controller;Executing asynchronous activity: ExecRobotTask;
20/05/20;17:18:16.400;INFO;Controller;Status = Executing: Park;
20/05/20;17:18:16.400;INFO;Controller;State = Running;
20/05/20;17:18:17.236;INFO;Robot Runtime;executing:    Park;
20/05/20;17:18:18.974;INFO;Controller;Activity ExecRobotTask ended. Return value: Done;
20/05/20;17:18:18.974;INFO;Controller;State = Ready;
20/05/20;17:18:19.006;INFO;Server;Command: ExecRobotTask (UnlatchRobGov,500000);
20/05/20;17:18:19.006;INFO;Controller;Executing asynchronous activity: ExecRobotTask;
20/05/20;17:18:19.006;INFO;Controller;Status = Executing: UnlatchRobGov;
20/05/20;17:18:19.006;INFO;Controller;State = Running;
20/05/20;17:18:19.894;INFO;Robot Runtime;executing:    UnlatchRobGov;
20/05/20;17:18:20.347;INFO;Controller;Activity ExecRobotTask ended. Return value: Done;
20/05/20;17:18:20.347;INFO;Controller;State = Ready;
20/05/20;17:22:53.573;INFO;Server;Command: ExecRobotTask (Unmount,500000);
20/05/20;17:22:53.573;INFO;Controller;Executing asynchronous activity: ExecRobotTask;
20/05/20;17:22:53.573;INFO;Controller;Status = Executing: Unmount;
20/05/20;17:22:53.573;INFO;Controller;State = Running;
20/05/20;17:22:54.495;INFO;Robot Runtime;executing:    Unmount;
20/05/20;17:23:04.120;INFO;Controller;Activity ExecRobotTask ended. Return value: Done False/True/False;
20/05/20;17:23:04.121;INFO;Controller;State = Ready;
20/05/20;17:23:04.160;INFO;Server;Command: ExecRobotTask (Unload,500000);
20/05/20;17:23:04.160;INFO;Controller;Executing asynchronous activity: ExecRobotTask;
20/05/20;17:23:04.160;INFO;Controller;Status = Executing: Unload;
20/05/20;17:23:04.160;INFO;Controller;State = Running;
20/05/20;17:23:04.999;INFO;Robot Runtime;executing:    Unload;
20/05/20;17:23:08.595;INFO;Controller;Activity ExecRobotTask ended. Return value: Done False/False/False;
20/05/20;17:23:08.595;INFO;Controller;State = Ready;
20/05/20;17:23:10.186;INFO;Server;Command: ExecRobotTask (Load,500000);
20/05/20;17:23:10.186;INFO;Controller;Executing asynchronous activity: ExecRobotTask;
20/05/20;17:23:10.186;INFO;Controller;Status = Executing: Load;
20/05/20;17:23:10.186;INFO;Controller;State = Running;
20/05/20;17:23:11.499;INFO;Robot Runtime;executing:    Load;
20/05/20;17:23:17.778;INFO;Controller;Activity ExecRobotTask ended. Return value: Done False/True/False;
20/05/20;17:23:17.778;INFO;Controller;State = Ready;
20/05/20;17:23:17.819;INFO;Server;Command: ExecRobotTask (Mount,500000);
20/05/20;17:23:17.819;INFO;Controller;Executing asynchronous activity: ExecRobotTask;
20/05/20;17:23:17.819;INFO;Controller;Status = Executing: Mount;
20/05/20;17:23:17.819;INFO;Controller;State = Running;
20/05/20;17:23:18.686;INFO;Robot Runtime;executing:    Mount;
20/05/20;17:23:22.915;INFO;Controller;Activity ExecRobotTask ended. Return value: Done True/False/False;
20/05/20;17:23:22.915;INFO;Controller;State = Ready;
20/05/20;17:23:22.940;INFO;Server;Command: ExecRobotTask (Park,500000);
20/05/20;17:23:22.940;INFO;Controller;Executing asynchronous activity: ExecRobotTask;
20/05/20;17:23:22.940;INFO;Controller;Status = Executing: Park;
20/05/20;17:23:22.940;INFO;Controller;State = Running;
20/05/20;17:23:23.828;INFO;Robot Runtime;executing:    Park;
20/05/20;17:23:25.960;INFO;Controller;Activity ExecRobotTask ended. Return value: Done;
20/05/20;17:23:25.960;INFO;Controller;State = Ready;
20/05/20;17:23:26.000;INFO;Server;Command: ExecRobotTask (UnlatchRobGov,500000);
20/05/20;17:23:26.000;INFO;Controller;Executing asynchronous activity: ExecRobotTask;
20/05/20;17:23:26.001;INFO;Controller;Status = Executing: UnlatchRobGov;
20/05/20;17:23:26.001;INFO;Controller;State = Running;
20/05/20;17:23:26.889;INFO;Robot Runtime;executing:    UnlatchRobGov;
20/05/20;17:23:27.418;INFO;Controller;Activity ExecRobotTask ended. Return value: Done;
20/05/20;17:23:27.419;INFO;Controller;State = Ready;
20/05/20;17:34:44.355;INFO;Server;Command: ExecRobotTask (Unmount,500000);
20/05/20;17:34:44.356;INFO;Controller;Executing asynchronous activity: ExecRobotTask;
20/05/20;17:34:44.356;INFO;Controller;Status = Executing: Unmount;
20/05/20;17:34:44.356;INFO;Controller;State = Running;
20/05/20;17:34:45.210;INFO;Robot Runtime;executing:    Unmount;
20/05/20;17:34:54.573;INFO;Controller;Activity ExecRobotTask ended. Return value: Done False/True/False;
20/05/20;17:34:54.573;INFO;Controller;State = Ready;
20/05/20;17:34:54.592;INFO;Server;Command: ExecRobotTask (Unload,500000);
20/05/20;17:34:54.592;INFO;Controller;Executing asynchronous activity: ExecRobotTask;
20/05/20;17:34:54.592;INFO;Controller;Status = Executing: Unload;
20/05/20;17:34:54.592;INFO;Controller;State = Running;
20/05/20;17:34:55.439;INFO;Robot Runtime;executing:    Unload;
20/05/20;17:34:59.239;INFO;Controller;Activity ExecRobotTask ended. Return value: Done False/False/False;
20/05/20;17:34:59.239;INFO;Controller;State = Ready;
20/05/20;17:35:00.801;INFO;Server;Command: ExecRobotTask (Load,500000);
20/05/20;17:35:00.801;INFO;Controller;Executing asynchronous activity: ExecRobotTask;
20/05/20;17:35:00.801;INFO;Controller;Status = Executing: Load;
20/05/20;17:35:00.801;INFO;Controller;State = Running;
20/05/20;17:35:02.124;INFO;Robot Runtime;executing:    Load;
20/05/20;17:35:08.254;INFO;Controller;Activity ExecRobotTask ended. Return value: Done False/True/False;
20/05/20;17:35:08.254;INFO;Controller;State = Ready;
20/05/20;17:35:08.261;INFO;Server;Command: ExecRobotTask (Mount,500000);
20/05/20;17:35:08.262;INFO;Controller;Executing asynchronous activity: ExecRobotTask;
20/05/20;17:35:08.262;INFO;Controller;Status = Executing: Mount;
20/05/20;17:35:08.262;INFO;Controller;State = Running;
20/05/20;17:35:09.174;INFO;Robot Runtime;executing:    Mount;
20/05/20;17:35:13.425;INFO;Controller;Activity ExecRobotTask ended. Return value: Done True/False/False;
20/05/20;17:35:13.425;INFO;Controller;State = Ready;
20/05/20;17:35:13.439;INFO;Server;Command: ExecRobotTask (Park,500000);
20/05/20;17:35:13.440;INFO;Controller;Executing asynchronous activity: ExecRobotTask;
20/05/20;17:35:13.440;INFO;Controller;Status = Executing: Park;
20/05/20;17:35:13.440;INFO;Controller;State = Running;
20/05/20;17:35:14.280;INFO;Robot Runtime;executing:    Park;
20/05/20;17:35:16.027;INFO;Controller;Activity ExecRobotTask ended. Return value: Done;
20/05/20;17:35:16.027;INFO;Controller;State = Ready;
20/05/20;17:35:16.038;INFO;Server;Command: ExecRobotTask (UnlatchRobGov,500000);
20/05/20;17:35:16.038;INFO;Controller;Executing asynchronous activity: ExecRobotTask;
20/05/20;17:35:16.038;INFO;Controller;Status = Executing: UnlatchRobGov;
20/05/20;17:35:16.038;INFO;Controller;State = Running;
20/05/20;17:35:16.927;INFO;Robot Runtime;executing:    UnlatchRobGov;
20/05/20;17:35:17.409;INFO;Controller;Activity ExecRobotTask ended. Return value: Done;
20/05/20;17:35:17.409;INFO;Controller;State = Ready;
20/05/20;17:41:22.744;INFO;Server;Command: ExecRobotTask (Unmount,500000);
20/05/20;17:41:22.745;INFO;Controller;Executing asynchronous activity: ExecRobotTask;
20/05/20;17:41:22.745;INFO;Controller;Status = Executing: Unmount;
20/05/20;17:41:22.745;INFO;Controller;State = Running;
20/05/20;17:41:23.596;INFO;Robot Runtime;executing:    Unmount;
20/05/20;17:41:32.761;INFO;Controller;Activity ExecRobotTask ended. Return value: Done False/True/False;
20/05/20;17:41:32.761;INFO;Controller;State = Ready;
20/05/20;17:41:32.773;INFO;Server;Command: ExecRobotTask (Unload,500000);
20/05/20;17:41:32.773;INFO;Controller;Executing asynchronous activity: ExecRobotTask;
20/05/20;17:41:32.773;INFO;Controller;Status = Executing: Unload;
20/05/20;17:41:32.773;INFO;Controller;State = Running;
20/05/20;17:41:33.618;INFO;Robot Runtime;executing:    Unload;
20/05/20;17:41:37.572;INFO;Controller;Activity ExecRobotTask ended. Return value: Done False/False/False;
20/05/20;17:41:37.572;INFO;Controller;State = Ready;
20/05/20;17:41:37.673;INFO;Server;Command: ExecRobotTask (Initialize,500000);
20/05/20;17:41:37.674;INFO;Controller;Executing asynchronous activity: ExecRobotTask;
20/05/20;17:41:37.674;INFO;Controller;Status = Executing: Initialize;
20/05/20;17:41:37.674;INFO;Controller;State = Running;
20/05/20;17:41:38.956;INFO;Robot Runtime;executing:    Initialize;
20/05/20;17:41:39.331;INFO;Controller;Activity ExecRobotTask ended. Return value: Done;
20/05/20;17:41:39.331;INFO;Controller;State = Ready;
20/05/20;17:41:39.341;INFO;Server;Command: ExecRobotTask (Home,500000);
20/05/20;17:41:39.341;INFO;Controller;Executing asynchronous activity: ExecRobotTask;
20/05/20;17:41:39.341;INFO;Controller;Status = Executing: Home;
20/05/20;17:41:39.341;INFO;Controller;State = Running;
20/05/20;17:41:40.230;INFO;Robot Runtime;executing:    Home;
20/05/20;17:41:41.317;INFO;Controller;Activity ExecRobotTask ended. Return value: Done;
20/05/20;17:41:41.317;INFO;Controller;State = Ready;
20/05/20;17:41:41.334;INFO;Server;Command: ExecRobotTask (Park,500000);
20/05/20;17:41:41.334;INFO;Controller;Executing asynchronous activity: ExecRobotTask;
20/05/20;17:41:41.334;INFO;Controller;Status = Executing: Park;
20/05/20;17:41:41.334;INFO;Controller;State = Running;
20/05/20;17:41:42.174;INFO;Robot Runtime;executing:    Park;
20/05/20;17:41:45.125;INFO;Controller;Activity ExecRobotTask ended. Return value: Done;
20/05/20;17:41:45.125;INFO;Controller;State = Ready;
20/05/20;17:45:02.095;INFO;Server;Command: ExecRobotTask (Initialize,500000);
20/05/20;17:45:02.095;INFO;Controller;Executing asynchronous activity: ExecRobotTask;
20/05/20;17:45:02.095;INFO;Controller;Status = Executing: Initialize;
20/05/20;17:45:02.095;INFO;Controller;State = Running;
20/05/20;17:45:02.923;INFO;Robot Runtime;executing:    Initialize;
20/05/20;17:45:03.395;INFO;Controller;Activity ExecRobotTask ended. Return value: Done;
20/05/20;17:45:03.395;INFO;Controller;State = Ready;
20/05/20;17:45:03.615;INFO;Server;Command: ExecRobotTask (Load,500000);
20/05/20;17:45:03.615;INFO;Controller;Executing asynchronous activity: ExecRobotTask;
20/05/20;17:45:03.616;INFO;Controller;Status = Executing: Load;
20/05/20;17:45:03.616;INFO;Controller;State = Running;
20/05/20;17:45:04.493;INFO;Robot Runtime;executing:    Load;
20/05/20;17:45:13.690;INFO;Controller;Activity ExecRobotTask ended. Return value: Done False/True/False;
20/05/20;17:45:13.690;INFO;Controller;State = Ready;
20/05/20;17:45:13.703;INFO;Server;Command: ExecRobotTask (Mount,500000);
20/05/20;17:45:13.703;INFO;Controller;Executing asynchronous activity: ExecRobotTask;
20/05/20;17:45:13.703;INFO;Controller;Status = Executing: Mount;
20/05/20;17:45:13.703;INFO;Controller;State = Running;
20/05/20;17:45:15.012;INFO;Robot Runtime;executing:    Mount;
20/05/20;17:45:19.131;INFO;Controller;Activity ExecRobotTask ended. Return value: Done True/False/False;
20/05/20;17:45:19.132;INFO;Controller;State = Ready;
20/05/20;17:45:19.140;INFO;Server;Command: ExecRobotTask (Park,500000);
20/05/20;17:45:19.141;INFO;Controller;Executing asynchronous activity: ExecRobotTask;
20/05/20;17:45:19.141;INFO;Controller;Status = Executing: Park;
20/05/20;17:45:19.141;INFO;Controller;State = Running;
20/05/20;17:45:19.973;INFO;Robot Runtime;executing:    Park;
20/05/20;17:45:21.740;INFO;Controller;Activity ExecRobotTask ended. Return value: Done;
20/05/20;17:45:21.741;INFO;Controller;State = Ready;
20/05/20;17:45:21.753;INFO;Server;Command: ExecRobotTask (UnlatchRobGov,500000);
20/05/20;17:45:21.754;INFO;Controller;Executing asynchronous activity: ExecRobotTask;
20/05/20;17:45:21.754;INFO;Controller;Status = Executing: UnlatchRobGov;
20/05/20;17:45:21.754;INFO;Controller;State = Running;
20/05/20;17:45:22.684;INFO;Robot Runtime;executing:    UnlatchRobGov;
20/05/20;17:45:23.120;INFO;Controller;Activity ExecRobotTask ended. Return value: Done;
20/05/20;17:45:23.120;INFO;Controller;State = Ready;
20/05/20;17:45:39.114;INFO;Server;Command: ExecRobotTask (Unmount,500000);
20/05/20;17:45:39.114;INFO;Controller;Executing asynchronous activity: ExecRobotTask;
20/05/20;17:45:39.114;INFO;Controller;Status = Executing: Unmount;
20/05/20;17:45:39.114;INFO;Controller;State = Running;
20/05/20;17:45:39.962;INFO;Robot Runtime;executing:    Unmount;
20/05/20;17:45:49.473;INFO;Controller;Activity ExecRobotTask ended. Return value: Done False/True/False;
20/05/20;17:45:49.473;INFO;Controller;State = Ready;
20/05/20;17:45:49.488;INFO;Server;Command: ExecRobotTask (Unload,500000);
20/05/20;17:45:49.488;INFO;Controller;Executing asynchronous activity: ExecRobotTask;
20/05/20;17:45:49.488;INFO;Controller;Status = Executing: Unload;
20/05/20;17:45:49.488;INFO;Controller;State = Running;
20/05/20;17:45:50.328;INFO;Robot Runtime;executing:    Unload;
20/05/20;17:45:54.278;INFO;Controller;Activity ExecRobotTask ended. Return value: Done False/False/False;
20/05/20;17:45:54.278;INFO;Controller;State = Ready;
20/05/20;17:45:55.871;INFO;Server;Command: ExecRobotTask (Load,500000);
20/05/20;17:45:55.871;INFO;Controller;Executing asynchronous activity: ExecRobotTask;
20/05/20;17:45:55.871;INFO;Controller;Status = Executing: Load;
20/05/20;17:45:55.871;INFO;Controller;State = Running;
20/05/20;17:45:57.197;INFO;Robot Runtime;executing:    Load;
20/05/20;17:46:03.287;INFO;Controller;Activity ExecRobotTask ended. Return value: Done False/True/False;
20/05/20;17:46:03.288;INFO;Controller;State = Ready;
20/05/20;17:46:03.304;INFO;Server;Command: ExecRobotTask (Mount,500000);
20/05/20;17:46:03.304;INFO;Controller;Executing asynchronous activity: ExecRobotTask;
20/05/20;17:46:03.304;INFO;Controller;Status = Executing: Mount;
20/05/20;17:46:03.304;INFO;Controller;State = Running;
20/05/20;17:46:04.218;INFO;Robot Runtime;executing:    Mount;
20/05/20;17:46:08.446;INFO;Controller;Activity ExecRobotTask ended. Return value: Done True/False/False;
20/05/20;17:46:08.446;INFO;Controller;State = Ready;
20/05/20;17:46:08.460;INFO;Server;Command: ExecRobotTask (Park,500000);
20/05/20;17:46:08.460;INFO;Controller;Executing asynchronous activity: ExecRobotTask;
20/05/20;17:46:08.460;INFO;Controller;Status = Executing: Park;
20/05/20;17:46:08.460;INFO;Controller;State = Running;
20/05/20;17:46:09.299;INFO;Robot Runtime;executing:    Park;
20/05/20;17:46:11.054;INFO;Controller;Activity ExecRobotTask ended. Return value: Done;
20/05/20;17:46:11.054;INFO;Controller;State = Ready;
20/05/20;17:46:11.091;INFO;Server;Command: ExecRobotTask (UnlatchRobGov,500000);
20/05/20;17:46:11.091;INFO;Controller;Executing asynchronous activity: ExecRobotTask;
20/05/20;17:46:11.091;INFO;Controller;Status = Executing: UnlatchRobGov;
20/05/20;17:46:11.091;INFO;Controller;State = Running;
20/05/20;17:46:11.973;INFO;Robot Runtime;executing:    UnlatchRobGov;
20/05/20;17:46:12.432;INFO;Controller;Activity ExecRobotTask ended. Return value: Done;
20/05/20;17:46:12.432;INFO;Controller;State = Ready;
20/05/20;17:46:28.312;INFO;Server;Command: ExecRobotTask (Unmount,500000);
20/05/20;17:46:28.312;INFO;Controller;Executing asynchronous activity: ExecRobotTask;
20/05/20;17:46:28.312;INFO;Controller;Status = Executing: Unmount;
20/05/20;17:46:28.312;INFO;Controller;State = Running;
20/05/20;17:46:29.161;INFO;Robot Runtime;executing:    Unmount;
20/05/20;17:46:38.772;INFO;Controller;Activity ExecRobotTask ended. Return value: Done False/True/False;
20/05/20;17:46:38.772;INFO;Controller;State = Ready;
20/05/20;17:46:38.792;INFO;Server;Command: ExecRobotTask (Unload,500000);
20/05/20;17:46:38.792;INFO;Controller;Executing asynchronous activity: ExecRobotTask;
20/05/20;17:46:38.792;INFO;Controller;Status = Executing: Unload;
20/05/20;17:46:38.792;INFO;Controller;State = Running;
20/05/20;17:46:39.632;INFO;Robot Runtime;executing:    Unload;
20/05/20;17:46:43.413;INFO;Controller;Activity ExecRobotTask ended. Return value: Done False/False/False;
20/05/20;17:46:43.413;INFO;Controller;State = Ready;
20/05/20;17:46:45.025;INFO;Server;Command: ExecRobotTask (Load,500000);
20/05/20;17:46:45.025;INFO;Controller;Executing asynchronous activity: ExecRobotTask;
20/05/20;17:46:45.026;INFO;Controller;Status = Executing: Load;
20/05/20;17:46:45.026;INFO;Controller;State = Running;
20/05/20;17:46:46.346;INFO;Robot Runtime;executing:    Load;
20/05/20;17:46:52.407;INFO;Controller;Activity ExecRobotTask ended. Return value: Done False/True/False;
20/05/20;17:46:52.407;INFO;Controller;State = Ready;
20/05/20;17:46:52.429;INFO;Server;Command: ExecRobotTask (Mount,500000);
20/05/20;17:46:52.429;INFO;Controller;Executing asynchronous activity: ExecRobotTask;
20/05/20;17:46:52.429;INFO;Controller;Status = Executing: Mount;
20/05/20;17:46:52.429;INFO;Controller;State = Running;
20/05/20;17:46:53.338;INFO;Robot Runtime;executing:    Mount;
20/05/20;17:46:57.566;INFO;Controller;Activity ExecRobotTask ended. Return value: Done True/False/False;
20/05/20;17:46:57.567;INFO;Controller;State = Ready;
20/05/20;17:46:57.587;INFO;Server;Command: ExecRobotTask (Park,500000);
20/05/20;17:46:57.587;INFO;Controller;Executing asynchronous activity: ExecRobotTask;
20/05/20;17:46:57.587;INFO;Controller;Status = Executing: Park;
20/05/20;17:46:57.587;INFO;Controller;State = Running;
20/05/20;17:46:58.425;INFO;Robot Runtime;executing:    Park;
20/05/20;17:47:00.176;INFO;Controller;Activity ExecRobotTask ended. Return value: Done;
20/05/20;17:47:00.176;INFO;Controller;State = Ready;
20/05/20;17:47:00.190;INFO;Server;Command: ExecRobotTask (UnlatchRobGov,500000);
20/05/20;17:47:00.190;INFO;Controller;Executing asynchronous activity: ExecRobotTask;
20/05/20;17:47:00.190;INFO;Controller;Status = Executing: UnlatchRobGov;
20/05/20;17:47:00.190;INFO;Controller;State = Running;
20/05/20;17:47:01.084;INFO;Robot Runtime;executing:    UnlatchRobGov;
20/05/20;17:47:01.561;INFO;Controller;Activity ExecRobotTask ended. Return value: Done;
20/05/20;17:47:01.561;INFO;Controller;State = Ready;
20/05/20;17:47:13.654;INFO;Server;Command: ExecRobotTask (Unmount,500000);
20/05/20;17:47:13.655;INFO;Controller;Executing asynchronous activity: ExecRobotTask;
20/05/20;17:47:13.655;INFO;Controller;Status = Executing: Unmount;
20/05/20;17:47:13.655;INFO;Controller;State = Running;
20/05/20;17:47:14.505;INFO;Robot Runtime;executing:    Unmount;
20/05/20;17:47:23.722;INFO;Controller;Activity ExecRobotTask ended. Return value: Done False/True/False;
20/05/20;17:47:23.722;INFO;Controller;State = Ready;
20/05/20;17:47:23.739;INFO;Server;Command: ExecRobotTask (Unload,500000);
20/05/20;17:47:23.739;INFO;Controller;Executing asynchronous activity: ExecRobotTask;
20/05/20;17:47:23.740;INFO;Controller;Status = Executing: Unload;
20/05/20;17:47:23.740;INFO;Controller;State = Running;
20/05/20;17:47:24.582;INFO;Robot Runtime;executing:    Unload;
20/05/20;17:47:28.545;INFO;Controller;Activity ExecRobotTask ended. Return value: Done False/False/False;
20/05/20;17:47:28.545;INFO;Controller;State = Ready;
20/05/20;17:47:30.118;INFO;Server;Command: ExecRobotTask (Load,500000);
20/05/20;17:47:30.118;INFO;Controller;Executing asynchronous activity: ExecRobotTask;
20/05/20;17:47:30.118;INFO;Controller;Status = Executing: Load;
20/05/20;17:47:30.118;INFO;Controller;State = Running;
20/05/20;17:47:31.432;INFO;Robot Runtime;executing:    Load;
20/05/20;17:47:37.512;INFO;Controller;Activity ExecRobotTask ended. Return value: Done False/True/False;
20/05/20;17:47:37.512;INFO;Controller;State = Ready;
20/05/20;17:47:37.524;INFO;Server;Command: ExecRobotTask (Mount,500000);
20/05/20;17:47:37.524;INFO;Controller;Executing asynchronous activity: ExecRobotTask;
20/05/20;17:47:37.524;INFO;Controller;Status = Executing: Mount;
20/05/20;17:47:37.524;INFO;Controller;State = Running;
20/05/20;17:47:38.441;INFO;Robot Runtime;executing:    Mount;
20/05/20;17:47:42.665;INFO;Controller;Activity ExecRobotTask ended. Return value: Done True/False/False;
20/05/20;17:47:42.665;INFO;Controller;State = Ready;
20/05/20;17:47:42.685;INFO;Server;Command: ExecRobotTask (Park,500000);
20/05/20;17:47:42.685;INFO;Controller;Executing asynchronous activity: ExecRobotTask;
20/05/20;17:47:42.685;INFO;Controller;Status = Executing: Park;
20/05/20;17:47:42.685;INFO;Controller;State = Running;
20/05/20;17:47:43.525;INFO;Robot Runtime;executing:    Park;
20/05/20;17:47:45.278;INFO;Controller;Activity ExecRobotTask ended. Return value: Done;
20/05/20;17:47:45.279;INFO;Controller;State = Ready;
20/05/20;17:47:45.301;INFO;Server;Command: ExecRobotTask (UnlatchRobGov,500000);
20/05/20;17:47:45.301;INFO;Controller;Executing asynchronous activity: ExecRobotTask;
20/05/20;17:47:45.301;INFO;Controller;Status = Executing: UnlatchRobGov;
20/05/20;17:47:45.301;INFO;Controller;State = Running;
20/05/20;17:47:46.188;INFO;Robot Runtime;executing:    UnlatchRobGov;
20/05/20;17:47:46.657;INFO;Controller;Activity ExecRobotTask ended. Return value: Done;
20/05/20;17:47:46.657;INFO;Controller;State = Ready;
20/05/20;17:48:10.636;INFO;Server;Command: ExecRobotTask (Unmount,500000);
20/05/20;17:48:10.636;INFO;Controller;Executing asynchronous activity: ExecRobotTask;
20/05/20;17:48:10.636;INFO;Controller;Status = Executing: Unmount;
20/05/20;17:48:10.636;INFO;Controller;State = Running;
20/05/20;17:48:11.487;INFO;Robot Runtime;executing:    Unmount;
20/05/20;17:48:20.868;INFO;Controller;Activity ExecRobotTask ended. Return value: Done False/True/False;
20/05/20;17:48:20.868;INFO;Controller;State = Ready;
20/05/20;17:48:20.886;INFO;Server;Command: ExecRobotTask (Unload,500000);
20/05/20;17:48:20.886;INFO;Controller;Executing asynchronous activity: ExecRobotTask;
20/05/20;17:48:20.886;INFO;Controller;Status = Executing: Unload;
20/05/20;17:48:20.886;INFO;Controller;State = Running;
20/05/20;17:48:21.730;INFO;Robot Runtime;executing:    Unload;
20/05/20;17:48:25.512;INFO;Controller;Activity ExecRobotTask ended. Return value: Done False/False/False;
20/05/20;17:48:25.512;INFO;Controller;State = Ready;
20/05/20;17:48:27.086;INFO;Server;Command: ExecRobotTask (Load,500000);
20/05/20;17:48:27.086;INFO;Controller;Executing asynchronous activity: ExecRobotTask;
20/05/20;17:48:27.086;INFO;Controller;Status = Executing: Load;
20/05/20;17:48:27.086;INFO;Controller;State = Running;
20/05/20;17:48:28.408;INFO;Robot Runtime;executing:    Load;
20/05/20;17:48:34.529;INFO;Controller;Activity ExecRobotTask ended. Return value: Done False/True/False;
20/05/20;17:48:34.529;INFO;Controller;State = Ready;
20/05/20;17:48:34.551;INFO;Server;Command: ExecRobotTask (Mount,500000);
20/05/20;17:48:34.551;INFO;Controller;Executing asynchronous activity: ExecRobotTask;
20/05/20;17:48:34.551;INFO;Controller;Status = Executing: Mount;
20/05/20;17:48:34.551;INFO;Controller;State = Running;
20/05/20;17:48:35.457;INFO;Robot Runtime;executing:    Mount;
20/05/20;17:48:39.681;INFO;Controller;Activity ExecRobotTask ended. Return value: Done True/False/False;
20/05/20;17:48:39.681;INFO;Controller;State = Ready;
20/05/20;17:48:39.710;INFO;Server;Command: ExecRobotTask (Park,500000);
20/05/20;17:48:39.710;INFO;Controller;Executing asynchronous activity: ExecRobotTask;
20/05/20;17:48:39.710;INFO;Controller;Status = Executing: Park;
20/05/20;17:48:39.710;INFO;Controller;State = Running;
20/05/20;17:48:40.548;INFO;Robot Runtime;executing:    Park;
20/05/20;17:48:42.284;INFO;Controller;Activity ExecRobotTask ended. Return value: Done;
20/05/20;17:48:42.284;INFO;Controller;State = Ready;
20/05/20;17:48:42.307;INFO;Server;Command: ExecRobotTask (UnlatchRobGov,500000);
20/05/20;17:48:42.307;INFO;Controller;Executing asynchronous activity: ExecRobotTask;
20/05/20;17:48:42.307;INFO;Controller;Status = Executing: UnlatchRobGov;
20/05/20;17:48:42.307;INFO;Controller;State = Running;
20/05/20;17:48:43.197;INFO;Robot Runtime;executing:    UnlatchRobGov;
20/05/20;17:48:43.664;INFO;Controller;Activity ExecRobotTask ended. Return value: Done;
20/05/20;17:48:43.664;INFO;Controller;State = Ready;
20/05/20;17:48:53.054;INFO;Server;Command: ExecRobotTask (Unmount,500000);
20/05/20;17:48:53.054;INFO;Controller;Executing asynchronous activity: ExecRobotTask;
20/05/20;17:48:53.055;INFO;Controller;Status = Executing: Unmount;
20/05/20;17:48:53.055;INFO;Controller;State = Running;
20/05/20;17:48:53.907;INFO;Robot Runtime;executing:    Unmount;
20/05/20;17:49:02.979;INFO;Controller;Activity ExecRobotTask ended. Return value: Done False/True/False;
20/05/20;17:49:02.979;INFO;Controller;State = Ready;
20/05/20;17:49:03.004;INFO;Server;Command: ExecRobotTask (Unload,500000);
20/05/20;17:49:03.004;INFO;Controller;Executing asynchronous activity: ExecRobotTask;
20/05/20;17:49:03.004;INFO;Controller;Status = Executing: Unload;
20/05/20;17:49:03.004;INFO;Controller;State = Running;
20/05/20;17:49:03.851;INFO;Robot Runtime;executing:    Unload;
20/05/20;17:49:07.624;INFO;Controller;Activity ExecRobotTask ended. Return value: Done False/False/False;
20/05/20;17:49:07.625;INFO;Controller;State = Ready;
20/05/20;17:49:09.189;INFO;Server;Command: ExecRobotTask (Load,500000);
20/05/20;17:49:09.189;INFO;Controller;Executing asynchronous activity: ExecRobotTask;
20/05/20;17:49:09.189;INFO;Controller;Status = Executing: Load;
20/05/20;17:49:09.189;INFO;Controller;State = Running;
20/05/20;17:49:10.505;INFO;Robot Runtime;executing:    Load;
20/05/20;17:49:16.603;INFO;Controller;Activity ExecRobotTask ended. Return value: Done False/True/False;
20/05/20;17:49:16.603;INFO;Controller;State = Ready;
20/05/20;17:49:16.620;INFO;Server;Command: ExecRobotTask (Mount,500000);
20/05/20;17:49:16.620;INFO;Controller;Executing asynchronous activity: ExecRobotTask;
20/05/20;17:49:16.620;INFO;Controller;Status = Executing: Mount;
20/05/20;17:49:16.620;INFO;Controller;State = Running;
20/05/20;17:49:17.530;INFO;Robot Runtime;executing:    Mount;
20/05/20;17:49:21.762;INFO;Controller;Activity ExecRobotTask ended. Return value: Done True/False/False;
20/05/20;17:49:21.762;INFO;Controller;State = Ready;
20/05/20;17:49:21.784;INFO;Server;Command: ExecRobotTask (Park,500000);
20/05/20;17:49:21.784;INFO;Controller;Executing asynchronous activity: ExecRobotTask;
20/05/20;17:49:21.784;INFO;Controller;Status = Executing: Park;
20/05/20;17:49:21.784;INFO;Controller;State = Running;
20/05/20;17:49:22.727;INFO;Robot Runtime;executing:    Park;
20/05/20;17:49:24.747;INFO;Controller;Activity ExecRobotTask ended. Return value: Done;
20/05/20;17:49:24.747;INFO;Controller;State = Ready;
20/05/20;17:49:24.768;INFO;Server;Command: ExecRobotTask (UnlatchRobGov,500000);
20/05/20;17:49:24.769;INFO;Controller;Executing asynchronous activity: ExecRobotTask;
20/05/20;17:49:24.769;INFO;Controller;Status = Executing: UnlatchRobGov;
20/05/20;17:49:24.769;INFO;Controller;State = Running;
20/05/20;17:49:25.705;INFO;Robot Runtime;executing:    UnlatchRobGov;
20/05/20;17:49:26.217;INFO;Controller;Activity ExecRobotTask ended. Return value: Done;
20/05/20;17:49:26.218;INFO;Controller;State = Ready;
20/05/20;17:49:36.779;INFO;Server;Command: ExecRobotTask (Unmount,500000);
20/05/20;17:49:36.779;INFO;Controller;Executing asynchronous activity: ExecRobotTask;
20/05/20;17:49:36.779;INFO;Controller;Status = Executing: Unmount;
20/05/20;17:49:36.779;INFO;Controller;State = Running;
20/05/20;17:49:37.627;INFO;Robot Runtime;executing:    Unmount;
20/05/20;17:49:46.777;INFO;Controller;Activity ExecRobotTask ended. Return value: Done False/True/False;
20/05/20;17:49:46.777;INFO;Controller;State = Ready;
20/05/20;17:49:46.799;INFO;Server;Command: ExecRobotTask (Unload,500000);
20/05/20;17:49:46.799;INFO;Controller;Executing asynchronous activity: ExecRobotTask;
20/05/20;17:49:46.799;INFO;Controller;Status = Executing: Unload;
20/05/20;17:49:46.799;INFO;Controller;State = Running;
20/05/20;17:49:47.639;INFO;Robot Runtime;executing:    Unload;
20/05/20;17:49:51.420;INFO;Controller;Activity ExecRobotTask ended. Return value: Done False/False/False;
20/05/20;17:49:51.420;INFO;Controller;State = Ready;
20/05/20;17:49:53.043;INFO;Server;Command: ExecRobotTask (Load,500000);
20/05/20;17:49:53.043;INFO;Controller;Executing asynchronous activity: ExecRobotTask;
20/05/20;17:49:53.043;INFO;Controller;Status = Executing: Load;
20/05/20;17:49:53.043;INFO;Controller;State = Running;
20/05/20;17:49:54.329;INFO;Robot Runtime;executing:    Load;
20/05/20;17:50:00.400;INFO;Controller;Activity ExecRobotTask ended. Return value: Done False/True/False;
20/05/20;17:50:00.400;INFO;Controller;State = Ready;
20/05/20;17:50:00.426;INFO;Server;Command: ExecRobotTask (Mount,500000);
20/05/20;17:50:00.426;INFO;Controller;Executing asynchronous activity: ExecRobotTask;
20/05/20;17:50:00.426;INFO;Controller;Status = Executing: Mount;
20/05/20;17:50:00.426;INFO;Controller;State = Running;
20/05/20;17:50:01.313;INFO;Robot Runtime;executing:    Mount;
20/05/20;17:50:05.134;INFO;Controller;Activity ExecRobotTask ended. Return value: Done True/False/False;
20/05/20;17:50:05.134;INFO;Controller;State = Ready;
20/05/20;17:50:05.167;INFO;Server;Command: ExecRobotTask (Park,500000);
20/05/20;17:50:05.167;INFO;Controller;Executing asynchronous activity: ExecRobotTask;
20/05/20;17:50:05.167;INFO;Controller;Status = Executing: Park;
20/05/20;17:50:05.168;INFO;Controller;State = Running;
20/05/20;17:50:06.056;INFO;Robot Runtime;executing:    Park;
20/05/20;17:50:08.088;INFO;Controller;Activity ExecRobotTask ended. Return value: Done;
20/05/20;17:50:08.088;INFO;Controller;State = Ready;
20/05/20;17:50:08.112;INFO;Server;Command: ExecRobotTask (UnlatchRobGov,500000);
20/05/20;17:50:08.112;INFO;Controller;Executing asynchronous activity: ExecRobotTask;
20/05/20;17:50:08.112;INFO;Controller;Status = Executing: UnlatchRobGov;
20/05/20;17:50:08.112;INFO;Controller;State = Running;
20/05/20;17:50:09.003;INFO;Robot Runtime;executing:    UnlatchRobGov;
20/05/20;17:50:09.136;INFO;Controller;Activity ExecRobotTask ended. Return value: Done;
20/05/20;17:50:09.136;INFO;Controller;State = Ready;
20/05/20;17:50:19.534;INFO;Server;Command: ExecRobotTask (Unmount,500000);
20/05/20;17:50:19.534;INFO;Controller;Executing asynchronous activity: ExecRobotTask;
20/05/20;17:50:19.534;INFO;Controller;Status = Executing: Unmount;
20/05/20;17:50:19.534;INFO;Controller;State = Running;
20/05/20;17:50:20.382;INFO;Robot Runtime;executing:    Unmount;
20/05/20;17:50:29.482;INFO;Controller;Activity ExecRobotTask ended. Return value: Done False/True/False;
20/05/20;17:50:29.482;INFO;Controller;State = Ready;
20/05/20;17:50:29.506;INFO;Server;Command: ExecRobotTask (Unload,500000);
20/05/20;17:50:29.507;INFO;Controller;Executing asynchronous activity: ExecRobotTask;
20/05/20;17:50:29.507;INFO;Controller;Status = Executing: Unload;
20/05/20;17:50:29.507;INFO;Controller;State = Running;
20/05/20;17:50:30.350;INFO;Robot Runtime;executing:    Unload;
20/05/20;17:50:34.304;INFO;Controller;Activity ExecRobotTask ended. Return value: Done False/False/False;
20/05/20;17:50:34.304;INFO;Controller;State = Ready;
20/05/20;17:50:35.893;INFO;Server;Command: ExecRobotTask (Load,500000);
20/05/20;17:50:35.893;INFO;Controller;Executing asynchronous activity: ExecRobotTask;
20/05/20;17:50:35.893;INFO;Controller;Status = Executing: Load;
20/05/20;17:50:35.893;INFO;Controller;State = Running;
20/05/20;17:50:37.170;INFO;Robot Runtime;executing:    Load;
20/05/20;17:50:43.291;INFO;Controller;Activity ExecRobotTask ended. Return value: Done False/True/False;
20/05/20;17:50:43.291;INFO;Controller;State = Ready;
20/05/20;17:50:43.321;INFO;Server;Command: ExecRobotTask (Mount,500000);
20/05/20;17:50:43.321;INFO;Controller;Executing asynchronous activity: ExecRobotTask;
20/05/20;17:50:43.321;INFO;Controller;Status = Executing: Mount;
20/05/20;17:50:43.321;INFO;Controller;State = Running;
20/05/20;17:50:44.255;INFO;Robot Runtime;executing:    Mount;
20/05/20;17:50:48.472;INFO;Controller;Activity ExecRobotTask ended. Return value: Done True/False/False;
20/05/20;17:50:48.472;INFO;Controller;State = Ready;
20/05/20;17:50:48.506;INFO;Server;Command: ExecRobotTask (Park,500000);
20/05/20;17:50:48.506;INFO;Controller;Executing asynchronous activity: ExecRobotTask;
20/05/20;17:50:48.506;INFO;Controller;Status = Executing: Park;
20/05/20;17:50:48.506;INFO;Controller;State = Running;
20/05/20;17:50:49.343;INFO;Robot Runtime;executing:    Park;
20/05/20;17:50:51.075;INFO;Controller;Activity ExecRobotTask ended. Return value: Done;
20/05/20;17:50:51.075;INFO;Controller;State = Ready;
20/05/20;17:50:51.098;INFO;Server;Command: ExecRobotTask (UnlatchRobGov,500000);
20/05/20;17:50:51.098;INFO;Controller;Executing asynchronous activity: ExecRobotTask;
20/05/20;17:50:51.099;INFO;Controller;Status = Executing: UnlatchRobGov;
20/05/20;17:50:51.099;INFO;Controller;State = Running;
20/05/20;17:50:51.982;INFO;Robot Runtime;executing:    UnlatchRobGov;
20/05/20;17:50:52.454;INFO;Controller;Activity ExecRobotTask ended. Return value: Done;
20/05/20;17:50:52.455;INFO;Controller;State = Ready;
20/05/20;17:51:01.913;INFO;Server;Command: ExecRobotTask (Unmount,500000);
20/05/20;17:51:01.913;INFO;Controller;Executing asynchronous activity: ExecRobotTask;
20/05/20;17:51:01.913;INFO;Controller;Status = Executing: Unmount;
20/05/20;17:51:01.913;INFO;Controller;State = Running;
20/05/20;17:51:02.758;INFO;Robot Runtime;executing:    Unmount;
20/05/20;17:51:12.038;INFO;Controller;Activity ExecRobotTask ended. Return value: Done False/True/False;
20/05/20;17:51:12.038;INFO;Controller;State = Ready;
20/05/20;17:51:12.059;INFO;Server;Command: ExecRobotTask (Unload,500000);
20/05/20;17:51:12.059;INFO;Controller;Executing asynchronous activity: ExecRobotTask;
20/05/20;17:51:12.059;INFO;Controller;Status = Executing: Unload;
20/05/20;17:51:12.059;INFO;Controller;State = Running;
20/05/20;17:51:12.900;INFO;Robot Runtime;executing:    Unload;
20/05/20;17:51:16.689;INFO;Controller;Activity ExecRobotTask ended. Return value: Done False/False/False;
20/05/20;17:51:16.689;INFO;Controller;State = Ready;
20/05/20;17:51:18.297;INFO;Server;Command: ExecRobotTask (Load,500000);
20/05/20;17:51:18.297;INFO;Controller;Executing asynchronous activity: ExecRobotTask;
20/05/20;17:51:18.297;INFO;Controller;Status = Executing: Load;
20/05/20;17:51:18.297;INFO;Controller;State = Running;
20/05/20;17:51:19.614;INFO;Robot Runtime;executing:    Load;
20/05/20;17:51:25.507;INFO;Controller;Activity ExecRobotTask ended. Return value: Done False/True/False;
20/05/20;17:51:25.507;INFO;Controller;State = Ready;
20/05/20;17:51:25.533;INFO;Server;Command: ExecRobotTask (Mount,500000);
20/05/20;17:51:25.533;INFO;Controller;Executing asynchronous activity: ExecRobotTask;
20/05/20;17:51:25.533;INFO;Controller;Status = Executing: Mount;
20/05/20;17:51:25.533;INFO;Controller;State = Running;
20/05/20;17:51:26.441;INFO;Robot Runtime;executing:    Mount;
20/05/20;17:51:30.578;INFO;Controller;Activity ExecRobotTask ended. Return value: Done True/False/False;
20/05/20;17:51:30.578;INFO;Controller;State = Ready;
20/05/20;17:51:30.613;INFO;Server;Command: ExecRobotTask (Park,500000);
20/05/20;17:51:30.613;INFO;Controller;Executing asynchronous activity: ExecRobotTask;
20/05/20;17:51:30.613;INFO;Controller;Status = Executing: Park;
20/05/20;17:51:30.613;INFO;Controller;State = Running;
20/05/20;17:51:31.452;INFO;Robot Runtime;executing:    Park;
20/05/20;17:51:33.187;INFO;Controller;Activity ExecRobotTask ended. Return value: Done;
20/05/20;17:51:33.187;INFO;Controller;State = Ready;
20/05/20;17:51:33.218;INFO;Server;Command: ExecRobotTask (UnlatchRobGov,500000);
20/05/20;17:51:33.218;INFO;Controller;Executing asynchronous activity: ExecRobotTask;
20/05/20;17:51:33.218;INFO;Controller;Status = Executing: UnlatchRobGov;
20/05/20;17:51:33.218;INFO;Controller;State = Running;
20/05/20;17:51:34.104;INFO;Robot Runtime;executing:    UnlatchRobGov;
20/05/20;17:51:34.559;INFO;Controller;Activity ExecRobotTask ended. Return value: Done;
20/05/20;17:51:34.559;INFO;Controller;State = Ready;
20/05/20;17:51:49.974;INFO;Server;Command: ExecRobotTask (Unmount,500000);
20/05/20;17:51:49.975;INFO;Controller;Executing asynchronous activity: ExecRobotTask;
20/05/20;17:51:49.975;INFO;Controller;Status = Executing: Unmount;
20/05/20;17:51:49.975;INFO;Controller;State = Running;
20/05/20;17:51:50.826;INFO;Robot Runtime;executing:    Unmount;
20/05/20;17:52:00.355;INFO;Controller;Activity ExecRobotTask ended. Return value: Done False/True/False;
20/05/20;17:52:00.355;INFO;Controller;State = Ready;
20/05/20;17:52:00.386;INFO;Server;Command: ExecRobotTask (Unload,500000);
20/05/20;17:52:00.386;INFO;Controller;Executing asynchronous activity: ExecRobotTask;
20/05/20;17:52:00.386;INFO;Controller;Status = Executing: Unload;
20/05/20;17:52:00.386;INFO;Controller;State = Running;
20/05/20;17:52:01.230;INFO;Robot Runtime;executing:    Unload;
20/05/20;17:52:04.842;INFO;Controller;Activity ExecRobotTask ended. Return value: Done False/False/False;
20/05/20;17:52:04.842;INFO;Controller;State = Ready;
20/05/20;17:52:04.986;INFO;Server;Command: ExecRobotTask (UnlatchRobGov,500000);
20/05/20;17:52:04.986;INFO;Controller;Executing asynchronous activity: ExecRobotTask;
20/05/20;17:52:04.987;INFO;Controller;Status = Executing: UnlatchRobGov;
20/05/20;17:52:04.987;INFO;Controller;State = Running;
20/05/20;17:52:05.830;INFO;Robot Runtime;executing:    UnlatchRobGov;
20/05/20;17:52:06.051;INFO;Controller;Activity ExecRobotTask ended. Return value: Done;
20/05/20;17:52:06.051;INFO;Controller;State = Ready;
20/05/20;17:52:06.083;INFO;Server;Command: ExecRobotTask (Home,500000);
20/05/20;17:52:06.083;INFO;Controller;Executing asynchronous activity: ExecRobotTask;
20/05/20;17:52:06.083;INFO;Controller;Status = Executing: Home;
20/05/20;17:52:06.083;INFO;Controller;State = Running;
20/05/20;17:52:07.358;INFO;Robot Runtime;executing:    Home;
20/05/20;17:52:08.513;INFO;Controller;Activity ExecRobotTask ended. Return value: Done;
20/05/20;17:52:08.513;INFO;Controller;State = Ready;
20/05/20;17:52:08.539;INFO;Server;Command: ExecRobotTask (Finish,500000);
20/05/20;17:52:08.539;INFO;Controller;Executing asynchronous activity: ExecRobotTask;
20/05/20;17:52:08.539;INFO;Controller;Status = Executing: Finish;
20/05/20;17:52:08.539;INFO;Controller;State = Running;
20/05/20;17:52:09.452;INFO;Robot Runtime;executing:    Finish;
20/05/20;17:54:19.144;INFO;Controller;Activity ExecRobotTask ended. Return value: Done;
20/05/20;17:54:19.144;INFO;Controller;State = Ready;
