21/05/20;13:36:33.518;INFO;Server;Command: ExecRobotTask (Initialize,500000);
21/05/20;13:36:33.519;INFO;Controller;Executing asynchronous activity: ExecRobotTask;
21/05/20;13:36:33.519;INFO;Controller;Status = Executing: Initialize;
21/05/20;13:36:33.519;INFO;Controller;State = Running;
21/05/20;13:36:34.401;INFO;Robot Runtime;executing:    Initialize;
21/05/20;13:36:35.560;INFO;Controller;Activity ExecRobotTask ended. Return value: Done;
21/05/20;13:36:35.560;INFO;Controller;State = Ready;
21/05/20;13:36:35.601;INFO;Server;Command: ExecRobotTask (CoolDown,500000);
21/05/20;13:36:35.601;INFO;Controller;Executing asynchronous activity: ExecRobotTask;
21/05/20;13:36:35.601;INFO;Controller;Status = Executing: CoolDown;
21/05/20;13:36:35.601;INFO;Controller;State = Running;
21/05/20;13:36:36.439;INFO;Robot Runtime;executing:    CoolDown;
21/05/20;13:37:54.750;INFO;Controller;Activity ExecRobotTask ended. Return value: Done;
21/05/20;13:37:54.750;INFO;Controller;State = Ready;
21/05/20;13:41:14.331;INFO;Server;Command: ExecRobotTask (Initialize,500000);
21/05/20;13:41:14.331;INFO;Controller;Executing asynchronous activity: ExecRobotTask;
21/05/20;13:41:14.331;INFO;Controller;Status = Executing: Initialize;
21/05/20;13:41:14.331;INFO;Controller;State = Running;
21/05/20;13:41:15.162;INFO;Robot Runtime;executing:    Initialize;
21/05/20;13:41:15.565;INFO;Controller;Activity ExecRobotTask ended. Return value: Done;
21/05/20;13:41:15.565;INFO;Controller;State = Ready;
21/05/20;13:41:15.793;INFO;Server;Command: ExecRobotTask (Load,500000);
21/05/20;13:41:15.793;INFO;Controller;Executing asynchronous activity: ExecRobotTask;
21/05/20;13:41:15.793;INFO;Controller;Status = Executing: Load;
21/05/20;13:41:15.793;INFO;Controller;State = Running;
21/05/20;13:41:17.155;INFO;Robot Runtime;executing:    Load;
21/05/20;13:41:26.410;INFO;Controller;Activity ExecRobotTask ended. Return value: Done False/True/False;
21/05/20;13:41:26.410;INFO;Controller;State = Ready;
21/05/20;13:41:26.445;INFO;Server;Command: ExecRobotTask (Mount,500000);
21/05/20;13:41:26.445;INFO;Controller;Executing asynchronous activity: ExecRobotTask;
21/05/20;13:41:26.445;INFO;Controller;Status = Executing: Mount;
21/05/20;13:41:26.445;INFO;Controller;State = Running;
21/05/20;13:41:27.313;INFO;Robot Runtime;executing:    Mount;
21/05/20;13:41:31.541;INFO;Controller;Activity ExecRobotTask ended. Return value: Done True/False/False;
21/05/20;13:41:31.541;INFO;Controller;State = Ready;
21/05/20;13:41:31.578;INFO;Server;Command: ExecRobotTask (Park,500000);
21/05/20;13:41:31.578;INFO;Controller;Executing asynchronous activity: ExecRobotTask;
21/05/20;13:41:31.578;INFO;Controller;Status = Executing: Park;
21/05/20;13:41:31.578;INFO;Controller;State = Running;
21/05/20;13:41:32.442;INFO;Robot Runtime;executing:    Park;
21/05/20;13:41:34.567;INFO;Controller;Activity ExecRobotTask ended. Return value: Done;
21/05/20;13:41:34.567;INFO;Controller;State = Ready;
21/05/20;13:41:34.601;INFO;Server;Command: ExecRobotTask (UnlatchRobGov,500000);
21/05/20;13:41:34.601;INFO;Controller;Executing asynchronous activity: ExecRobotTask;
21/05/20;13:41:34.602;INFO;Controller;Status = Executing: UnlatchRobGov;
21/05/20;13:41:34.602;INFO;Controller;State = Running;
21/05/20;13:41:35.491;INFO;Robot Runtime;executing:    UnlatchRobGov;
21/05/20;13:41:36.028;INFO;Controller;Activity ExecRobotTask ended. Return value: Done;
21/05/20;13:41:36.028;INFO;Controller;State = Ready;
21/05/20;14:34:55.365;INFO;Server;Command: ExecRobotTask (Unmount,500000);
21/05/20;14:34:55.365;INFO;Controller;Executing asynchronous activity: ExecRobotTask;
21/05/20;14:34:55.365;INFO;Controller;Status = Executing: Unmount;
21/05/20;14:34:55.365;INFO;Controller;State = Running;
21/05/20;14:34:56.260;INFO;Robot Runtime;executing:    Unmount;
21/05/20;14:35:05.608;INFO;Controller;Activity ExecRobotTask ended. Return value: Done False/True/False;
21/05/20;14:35:05.608;INFO;Controller;State = Ready;
21/05/20;14:35:05.640;INFO;Server;Command: ExecRobotTask (Unload,500000);
21/05/20;14:35:05.640;INFO;Controller;Executing asynchronous activity: ExecRobotTask;
21/05/20;14:35:05.641;INFO;Controller;Status = Executing: Unload;
21/05/20;14:35:05.641;INFO;Controller;State = Running;
21/05/20;14:35:06.506;INFO;Robot Runtime;executing:    Unload;
21/05/20;14:35:10.092;INFO;Controller;Activity ExecRobotTask ended. Return value: Done False/False/False;
21/05/20;14:35:10.092;INFO;Controller;State = Ready;
21/05/20;14:35:10.244;INFO;Server;Command: ExecRobotTask (UnlatchRobGov,500000);
21/05/20;14:35:10.244;INFO;Controller;Executing asynchronous activity: ExecRobotTask;
21/05/20;14:35:10.244;INFO;Controller;Status = Executing: UnlatchRobGov;
21/05/20;14:35:10.244;INFO;Controller;State = Running;
21/05/20;14:35:11.080;INFO;Robot Runtime;executing:    UnlatchRobGov;
21/05/20;14:35:11.297;INFO;Controller;Activity ExecRobotTask ended. Return value: Done;
21/05/20;14:35:11.297;INFO;Controller;State = Ready;
21/05/20;14:35:11.325;INFO;Server;Command: ExecRobotTask (Home,500000);
21/05/20;14:35:11.325;INFO;Controller;Executing asynchronous activity: ExecRobotTask;
21/05/20;14:35:11.325;INFO;Controller;Status = Executing: Home;
21/05/20;14:35:11.325;INFO;Controller;State = Running;
21/05/20;14:35:12.593;INFO;Robot Runtime;executing:    Home;
21/05/20;14:35:13.751;INFO;Controller;Activity ExecRobotTask ended. Return value: Done;
21/05/20;14:35:13.751;INFO;Controller;State = Ready;
21/05/20;14:35:13.795;INFO;Server;Command: ExecRobotTask (Finish,500000);
21/05/20;14:35:13.795;INFO;Controller;Executing asynchronous activity: ExecRobotTask;
21/05/20;14:35:13.795;INFO;Controller;Status = Executing: Finish;
21/05/20;14:35:13.795;INFO;Controller;State = Running;
21/05/20;14:35:14.659;INFO;Robot Runtime;executing:    Finish;
21/05/20;14:37:24.435;INFO;Controller;Activity ExecRobotTask ended. Return value: Done;
21/05/20;14:37:24.435;INFO;Controller;State = Ready;
21/05/20;15:28:57.477;INFO;Server;Command: ExecRobotTask (Initialize,500000);
21/05/20;15:28:57.477;INFO;Controller;Executing asynchronous activity: ExecRobotTask;
21/05/20;15:28:57.477;INFO;Controller;Status = Executing: Initialize;
21/05/20;15:28:57.477;INFO;Controller;State = Running;
21/05/20;15:28:58.417;INFO;Robot Runtime;executing:    Initialize;
21/05/20;15:28:59.361;INFO;Controller;Activity ExecRobotTask ended. Return value: Done;
21/05/20;15:28:59.361;INFO;Controller;State = Ready;
21/05/20;15:28:59.390;INFO;Server;Command: ExecRobotTask (CoolDown,500000);
21/05/20;15:28:59.390;INFO;Controller;Executing asynchronous activity: ExecRobotTask;
21/05/20;15:28:59.390;INFO;Controller;Status = Executing: CoolDown;
21/05/20;15:28:59.390;INFO;Controller;State = Running;
21/05/20;15:29:00.228;INFO;Robot Runtime;executing:    CoolDown;
21/05/20;15:30:17.673;INFO;Controller;Activity ExecRobotTask ended. Return value: Done;
21/05/20;15:30:17.674;INFO;Controller;State = Ready;
21/05/20;15:45:15.356;INFO;Server;Command: ExecRobotTask (Initialize,500000);
21/05/20;15:45:15.356;INFO;Controller;Executing asynchronous activity: ExecRobotTask;
21/05/20;15:45:15.356;INFO;Controller;Status = Executing: Initialize;
21/05/20;15:45:15.356;INFO;Controller;State = Running;
21/05/20;15:45:16.189;INFO;Robot Runtime;executing:    Initialize;
21/05/20;15:45:16.717;INFO;Controller;Activity ExecRobotTask ended. Return value: Done;
21/05/20;15:45:16.717;INFO;Controller;State = Ready;
21/05/20;15:45:16.949;INFO;Server;Command: ExecRobotTask (Load,500000);
21/05/20;15:45:16.949;INFO;Controller;Executing asynchronous activity: ExecRobotTask;
21/05/20;15:45:16.949;INFO;Controller;Status = Executing: Load;
21/05/20;15:45:16.949;INFO;Controller;State = Running;
21/05/20;15:45:18.265;INFO;Robot Runtime;executing:    Load;
21/05/20;15:45:27.574;INFO;Controller;Activity ExecRobotTask ended. Return value: Done False/True/False;
21/05/20;15:45:27.574;INFO;Controller;State = Ready;
21/05/20;15:45:27.612;INFO;Server;Command: ExecRobotTask (Mount,500000);
21/05/20;15:45:27.612;INFO;Controller;Executing asynchronous activity: ExecRobotTask;
21/05/20;15:45:27.612;INFO;Controller;Status = Executing: Mount;
21/05/20;15:45:27.612;INFO;Controller;State = Running;
21/05/20;15:45:28.484;INFO;Robot Runtime;executing:    Mount;
21/05/20;15:45:32.720;INFO;Controller;Activity ExecRobotTask ended. Return value: Done True/False/False;
21/05/20;15:45:32.720;INFO;Controller;State = Ready;
21/05/20;15:45:32.797;INFO;Server;Command: ExecRobotTask (Park,500000);
21/05/20;15:45:32.797;INFO;Controller;Executing asynchronous activity: ExecRobotTask;
21/05/20;15:45:32.797;INFO;Controller;Status = Executing: Park;
21/05/20;15:45:32.797;INFO;Controller;State = Running;
21/05/20;15:45:33.680;INFO;Robot Runtime;executing:    Park;
21/05/20;15:45:35.750;INFO;Controller;Activity ExecRobotTask ended. Return value: Done;
21/05/20;15:45:35.750;INFO;Controller;State = Ready;
21/05/20;15:45:35.783;INFO;Server;Command: ExecRobotTask (UnlatchRobGov,500000);
21/05/20;15:45:35.783;INFO;Controller;Executing asynchronous activity: ExecRobotTask;
21/05/20;15:45:35.783;INFO;Controller;Status = Executing: UnlatchRobGov;
21/05/20;15:45:35.783;INFO;Controller;State = Running;
21/05/20;15:45:36.674;INFO;Robot Runtime;executing:    UnlatchRobGov;
21/05/20;15:45:37.210;INFO;Controller;Activity ExecRobotTask ended. Return value: Done;
21/05/20;15:45:37.210;INFO;Controller;State = Ready;
21/05/20;17:00:10.520;INFO;Server;Command: ExecRobotTask (OpenPortLid,500000);
21/05/20;17:00:10.520;INFO;Controller;Executing asynchronous activity: ExecRobotTask;
21/05/20;17:00:10.521;INFO;Controller;Status = Executing: OpenPortLid;
21/05/20;17:00:10.521;INFO;Controller;State = Running;
21/05/20;17:00:11.425;INFO;Robot Runtime;executing:    OpenPortLid;
21/05/20;17:00:11.947;INFO;Controller;Activity ExecRobotTask ended. Return value: Done;
21/05/20;17:00:11.947;INFO;Controller;State = Ready;
21/05/20;17:00:11.979;INFO;Server;Command: ExecRobotTask (EnableTScreen,500000);
21/05/20;17:00:11.979;INFO;Controller;Executing asynchronous activity: ExecRobotTask;
21/05/20;17:00:11.979;INFO;Controller;Status = Executing: EnableTScreen;
21/05/20;17:00:11.979;INFO;Controller;State = Running;
21/05/20;17:00:13.237;INFO;Robot Runtime;executing:    EnableTScreen;
21/05/20;17:00:13.714;INFO;Controller;Activity ExecRobotTask ended. Return value: Done;
21/05/20;17:00:13.714;INFO;Controller;State = Ready;
21/05/20;17:00:16.771;INFO;Server;Command: ExecRobotTask (ClosePorts,500000);
21/05/20;17:00:16.771;INFO;Controller;Executing asynchronous activity: ExecRobotTask;
21/05/20;17:00:16.772;INFO;Controller;Status = Executing: ClosePorts;
21/05/20;17:00:16.772;INFO;Controller;State = Running;
21/05/20;17:00:17.637;INFO;Robot Runtime;executing:    ClosePorts;
21/05/20;17:00:18.179;INFO;Controller;Activity ExecRobotTask ended. Return value: Done;
21/05/20;17:00:18.179;INFO;Controller;State = Ready;
21/05/20;17:00:18.211;INFO;Server;Command: ExecRobotTask (EnableTScreen,500000);
21/05/20;17:00:18.211;INFO;Controller;Executing asynchronous activity: ExecRobotTask;
21/05/20;17:00:18.211;INFO;Controller;Status = Executing: EnableTScreen;
21/05/20;17:00:18.211;INFO;Controller;State = Running;
21/05/20;17:00:19.050;INFO;Robot Runtime;executing:    EnableTScreen;
21/05/20;17:00:19.214;INFO;Controller;Activity ExecRobotTask ended. Return value: Done;
21/05/20;17:00:19.214;INFO;Controller;State = Ready;
21/05/20;17:00:35.007;INFO;Server;Command: ExecRobotTask (Unmount,500000);
21/05/20;17:00:35.007;INFO;Controller;Executing asynchronous activity: ExecRobotTask;
21/05/20;17:00:35.007;INFO;Controller;Status = Executing: Unmount;
21/05/20;17:00:35.007;INFO;Controller;State = Running;
21/05/20;17:00:35.884;INFO;Robot Runtime;executing:    Unmount;
21/05/20;17:00:54.108;WARNING;Robot Runtime;Failed to open Port Lid;
21/05/20;17:00:54.513;INFO;Controller;Activity ExecRobotTask ended. Return value: Done False/True/False;
21/05/20;17:00:54.513;INFO;Controller;State = Ready;
21/05/20;17:00:54.554;INFO;Server;Command: ExecRobotTask (Unload,500000);
21/05/20;17:00:54.554;INFO;Controller;Executing asynchronous activity: ExecRobotTask;
21/05/20;17:00:54.554;INFO;Controller;Status = Executing: Unload;
21/05/20;17:00:54.554;INFO;Controller;State = Running;
21/05/20;17:00:55.431;INFO;Robot Runtime;executing:    Unload;
21/05/20;17:01:05.474;INFO;Robot Runtime;Failed to open Port Lid;
21/05/20;17:01:05.626;INFO;Controller;Activity ExecRobotTask ended. Return value: ABORT: Open Port Lid TimeOut;
21/05/20;17:01:05.626;INFO;Controller;State = Ready;
21/05/20;17:01:53.735;INFO;Server;Command: ExecRobotTask (OpenGripper,500000);
21/05/20;17:01:53.735;INFO;Controller;Executing asynchronous activity: ExecRobotTask;
21/05/20;17:01:53.735;INFO;Controller;Status = Executing: OpenGripper;
21/05/20;17:01:53.735;INFO;Controller;State = Running;
21/05/20;17:01:54.626;INFO;Robot Runtime;executing:    OpenGripper;
21/05/20;17:01:55.062;INFO;Controller;Activity ExecRobotTask ended. Return value: Done;
21/05/20;17:01:55.062;INFO;Controller;State = Ready;
21/05/20;17:01:56.111;INFO;Server;Command: ExecRobotTask (OpenGripper,500000);
21/05/20;17:01:56.111;INFO;Controller;Executing asynchronous activity: ExecRobotTask;
21/05/20;17:01:56.111;INFO;Controller;Status = Executing: OpenGripper;
21/05/20;17:01:56.111;INFO;Controller;State = Running;
21/05/20;17:01:57.007;INFO;Robot Runtime;executing:    OpenGripper;
21/05/20;17:01:57.531;INFO;Controller;Activity ExecRobotTask ended. Return value: Done;
21/05/20;17:01:57.531;INFO;Controller;State = Ready;
21/05/20;17:01:58.081;INFO;Server;Command: ExecRobotTask (OpenGripper,500000);
21/05/20;17:01:58.081;INFO;Controller;Executing asynchronous activity: ExecRobotTask;
21/05/20;17:01:58.081;INFO;Controller;Status = Executing: OpenGripper;
21/05/20;17:01:58.081;INFO;Controller;State = Running;
21/05/20;17:01:58.921;INFO;Robot Runtime;executing:    OpenGripper;
21/05/20;17:01:59.064;INFO;Controller;Activity ExecRobotTask ended. Return value: Done;
21/05/20;17:01:59.064;INFO;Controller;State = Ready;
21/05/20;17:01:59.620;INFO;Server;Command: ExecRobotTask (OpenGripper,500000);
21/05/20;17:01:59.620;INFO;Controller;Executing asynchronous activity: ExecRobotTask;
21/05/20;17:01:59.620;INFO;Controller;Status = Executing: OpenGripper;
21/05/20;17:01:59.620;INFO;Controller;State = Running;
21/05/20;17:02:00.460;INFO;Robot Runtime;executing:    OpenGripper;
21/05/20;17:02:00.930;INFO;Controller;Activity ExecRobotTask ended. Return value: Done;
21/05/20;17:02:00.931;INFO;Controller;State = Ready;
21/05/20;17:02:01.486;INFO;Server;Command: ExecRobotTask (OpenGripper,500000);
21/05/20;17:02:01.486;INFO;Controller;Executing asynchronous activity: ExecRobotTask;
21/05/20;17:02:01.495;INFO;Controller;Status = Executing: OpenGripper;
21/05/20;17:02:01.495;INFO;Controller;State = Running;
21/05/20;17:02:02.339;INFO;Robot Runtime;executing:    OpenGripper;
21/05/20;17:02:02.473;INFO;Controller;Activity ExecRobotTask ended. Return value: Done;
21/05/20;17:02:02.473;INFO;Controller;State = Ready;
21/05/20;17:02:06.029;INFO;Server;Command: ExecRobotTask (Initialize,500000);
21/05/20;17:02:06.029;INFO;Controller;Executing asynchronous activity: ExecRobotTask;
21/05/20;17:02:06.029;INFO;Controller;Status = Executing: Initialize;
21/05/20;17:02:06.029;INFO;Controller;State = Running;
21/05/20;17:02:07.301;INFO;Robot Runtime;executing:    Initialize;
21/05/20;17:02:07.469;INFO;Controller;Activity ExecRobotTask ended. Return value: Done;
21/05/20;17:02:07.469;INFO;Controller;State = Ready;
21/05/20;17:02:07.510;INFO;Server;Command: ExecRobotTask (UnlatchRobGov,500000);
21/05/20;17:02:07.510;INFO;Controller;Executing asynchronous activity: ExecRobotTask;
21/05/20;17:02:07.510;INFO;Controller;Status = Executing: UnlatchRobGov;
21/05/20;17:02:07.510;INFO;Controller;State = Running;
21/05/20;17:02:08.372;INFO;Robot Runtime;executing:    UnlatchRobGov;
21/05/20;17:02:08.838;INFO;Controller;Activity ExecRobotTask ended. Return value: Done;
21/05/20;17:02:08.838;INFO;Controller;State = Ready;
21/05/20;17:02:08.872;INFO;Server;Command: ExecRobotTask (Home,500000);
21/05/20;17:02:08.872;INFO;Controller;Executing asynchronous activity: ExecRobotTask;
21/05/20;17:02:08.872;INFO;Controller;Status = Executing: Home;
21/05/20;17:02:08.872;INFO;Controller;State = Running;
21/05/20;17:02:09.718;INFO;Robot Runtime;executing:    Home;
21/05/20;17:02:10.558;INFO;Controller;Activity ExecRobotTask ended. Return value: Done;
21/05/20;17:02:10.558;INFO;Controller;State = Ready;
21/05/20;17:02:10.593;INFO;Server;Command: ExecRobotTask (Finish,500000);
21/05/20;17:02:10.593;INFO;Controller;Executing asynchronous activity: ExecRobotTask;
21/05/20;17:02:10.593;INFO;Controller;Status = Executing: Finish;
21/05/20;17:02:10.593;INFO;Controller;State = Running;
21/05/20;17:02:11.459;INFO;Robot Runtime;executing:    Finish;
21/05/20;17:04:07.261;INFO;Controller;Activity ExecRobotTask ended. Return value: Done;
21/05/20;17:04:07.261;INFO;Controller;State = Ready;
21/05/20;17:08:30.119;INFO;Server;Command: ExecRobotTask (Initialize,500000);
21/05/20;17:08:30.119;INFO;Controller;Executing asynchronous activity: ExecRobotTask;
21/05/20;17:08:30.119;INFO;Controller;Status = Executing: Initialize;
21/05/20;17:08:30.119;INFO;Controller;State = Running;
21/05/20;17:08:30.968;INFO;Robot Runtime;executing:    Initialize;
21/05/20;17:08:32.012;INFO;Robot Runtime;Failed to turn on robot power;
21/05/20;17:08:32.146;INFO;Controller;Activity ExecRobotTask ended. Return value: ABORT: Failed to turn on robot power;
21/05/20;17:08:32.146;INFO;Controller;State = Ready;
21/05/20;17:08:32.708;INFO;Server;Command: ExecRobotTask (Initialize,500000);
21/05/20;17:08:32.708;INFO;Controller;Executing asynchronous activity: ExecRobotTask;
21/05/20;17:08:32.708;INFO;Controller;Status = Executing: Initialize;
21/05/20;17:08:32.708;INFO;Controller;State = Running;
21/05/20;17:08:33.542;INFO;Robot Runtime;executing:    Initialize;
21/05/20;17:08:34.586;INFO;Robot Runtime;Failed to turn on robot power;
21/05/20;17:08:34.704;INFO;Controller;Activity ExecRobotTask ended. Return value: ABORT: Failed to turn on robot power;
21/05/20;17:08:34.704;INFO;Controller;State = Ready;
21/05/20;17:08:56.280;INFO;Server;Command: ExecRobotTask (Initialize,500000);
21/05/20;17:08:56.280;INFO;Controller;Executing asynchronous activity: ExecRobotTask;
21/05/20;17:08:56.289;INFO;Controller;Status = Executing: Initialize;
21/05/20;17:08:56.289;INFO;Controller;State = Running;
21/05/20;17:08:57.115;INFO;Robot Runtime;executing:    Initialize;
21/05/20;17:08:58.321;INFO;Controller;Activity ExecRobotTask ended. Return value: Done;
21/05/20;17:08:58.321;INFO;Controller;State = Ready;
21/05/20;17:08:58.357;INFO;Server;Command: ExecRobotTask (Home,500000);
21/05/20;17:08:58.358;INFO;Controller;Executing asynchronous activity: ExecRobotTask;
21/05/20;17:08:58.358;INFO;Controller;Status = Executing: Home;
21/05/20;17:08:58.358;INFO;Controller;State = Running;
21/05/20;17:08:59.192;INFO;Robot Runtime;executing:    Home;
21/05/20;17:08:59.361;INFO;Controller;Activity ExecRobotTask ended. Return value: Done;
21/05/20;17:08:59.361;INFO;Controller;State = Ready;
21/05/20;17:08:59.396;INFO;Server;Command: ExecRobotTask (Park,500000);
21/05/20;17:08:59.396;INFO;Controller;Executing asynchronous activity: ExecRobotTask;
21/05/20;17:08:59.396;INFO;Controller;Status = Executing: Park;
21/05/20;17:08:59.396;INFO;Controller;State = Running;
21/05/20;17:09:00.280;INFO;Robot Runtime;executing:    Park;
21/05/20;17:09:03.407;INFO;Controller;Activity ExecRobotTask ended. Return value: Done;
21/05/20;17:09:03.407;INFO;Controller;State = Ready;
21/05/20;17:14:29.538;INFO;Server;Command: ExecRobotTask (Unmount,500000);
21/05/20;17:14:29.538;INFO;Controller;Executing asynchronous activity: ExecRobotTask;
21/05/20;17:14:29.538;INFO;Controller;Status = Executing: Unmount;
21/05/20;17:14:29.538;INFO;Controller;State = Running;
21/05/20;17:14:30.419;INFO;Robot Runtime;executing:    Unmount;
21/05/20;17:14:37.437;INFO;Controller;Activity ExecRobotTask ended. Return value: Done False/True/False;
21/05/20;17:14:37.437;INFO;Controller;State = Ready;
21/05/20;17:14:37.466;INFO;Server;Command: ExecRobotTask (Unload,500000);
21/05/20;17:14:37.466;INFO;Controller;Executing asynchronous activity: ExecRobotTask;
21/05/20;17:14:37.466;INFO;Controller;Status = Executing: Unload;
21/05/20;17:14:37.466;INFO;Controller;State = Running;
21/05/20;17:14:38.746;INFO;Robot Runtime;executing:    Unload;
21/05/20;17:14:42.290;INFO;Controller;Activity ExecRobotTask ended. Return value: Done False/False/False;
21/05/20;17:14:42.290;INFO;Controller;State = Ready;
21/05/20;17:14:42.384;INFO;Server;Command: ExecRobotTask (Initialize,500000);
21/05/20;17:14:42.384;INFO;Controller;Executing asynchronous activity: ExecRobotTask;
21/05/20;17:14:42.384;INFO;Controller;Status = Executing: Initialize;
21/05/20;17:14:42.384;INFO;Controller;State = Running;
21/05/20;17:14:43.243;INFO;Robot Runtime;executing:    Initialize;
21/05/20;17:14:43.669;INFO;Controller;Activity ExecRobotTask ended. Return value: Done;
21/05/20;17:14:43.669;INFO;Controller;State = Ready;
21/05/20;17:14:43.684;INFO;Server;Command: ExecRobotTask (Home,500000);
21/05/20;17:14:43.684;INFO;Controller;Executing asynchronous activity: ExecRobotTask;
21/05/20;17:14:43.684;INFO;Controller;Status = Executing: Home;
21/05/20;17:14:43.685;INFO;Controller;State = Running;
21/05/20;17:14:44.519;INFO;Robot Runtime;executing:    Home;
21/05/20;17:14:45.670;INFO;Controller;Activity ExecRobotTask ended. Return value: Done;
21/05/20;17:14:45.670;INFO;Controller;State = Ready;
21/05/20;17:14:45.687;INFO;Server;Command: ExecRobotTask (Park,500000);
21/05/20;17:14:45.687;INFO;Controller;Executing asynchronous activity: ExecRobotTask;
21/05/20;17:14:45.687;INFO;Controller;Status = Executing: Park;
21/05/20;17:14:45.687;INFO;Controller;State = Running;
21/05/20;17:14:46.526;INFO;Robot Runtime;executing:    Park;
21/05/20;17:14:49.361;INFO;Controller;Activity ExecRobotTask ended. Return value: Done;
21/05/20;17:14:49.361;INFO;Controller;State = Ready;
21/05/20;17:16:48.507;INFO;Server;Command: ExecRobotTask (Initialize,500000);
21/05/20;17:16:48.507;INFO;Controller;Executing asynchronous activity: ExecRobotTask;
21/05/20;17:16:48.507;INFO;Controller;Status = Executing: Initialize;
21/05/20;17:16:48.508;INFO;Controller;State = Running;
21/05/20;17:16:49.342;INFO;Robot Runtime;executing:    Initialize;
21/05/20;17:16:50.672;INFO;Controller;Activity ExecRobotTask ended. Return value: Done;
21/05/20;17:16:50.672;INFO;Controller;State = Ready;
21/05/20;17:16:50.881;INFO;Server;Command: ExecRobotTask (Unmount,500000);
21/05/20;17:16:50.881;INFO;Controller;Executing asynchronous activity: ExecRobotTask;
21/05/20;17:16:50.881;INFO;Controller;Status = Executing: Unmount;
21/05/20;17:16:50.881;INFO;Controller;State = Running;
21/05/20;17:16:51.739;INFO;Robot Runtime;executing:    Unmount;
21/05/20;17:16:59.062;INFO;Controller;Activity ExecRobotTask ended. Return value: Done False/True/False;
21/05/20;17:16:59.062;INFO;Controller;State = Ready;
21/05/20;17:16:59.074;INFO;Server;Command: ExecRobotTask (Unload,500000);
21/05/20;17:16:59.074;INFO;Controller;Executing asynchronous activity: ExecRobotTask;
21/05/20;17:16:59.075;INFO;Controller;Status = Executing: Unload;
21/05/20;17:16:59.075;INFO;Controller;State = Running;
21/05/20;17:16:59.918;INFO;Robot Runtime;executing:    Unload;
21/05/20;17:17:03.777;INFO;Controller;Activity ExecRobotTask ended. Return value: Done False/False/False;
21/05/20;17:17:03.777;INFO;Controller;State = Ready;
21/05/20;17:17:03.880;INFO;Server;Command: ExecRobotTask (UnlatchRobGov,500000);
21/05/20;17:17:03.880;INFO;Controller;Executing asynchronous activity: ExecRobotTask;
21/05/20;17:17:03.880;INFO;Controller;Status = Executing: UnlatchRobGov;
21/05/20;17:17:03.881;INFO;Controller;State = Running;
21/05/20;17:17:04.764;INFO;Robot Runtime;executing:    UnlatchRobGov;
21/05/20;17:17:05.242;INFO;Controller;Activity ExecRobotTask ended. Return value: Done;
21/05/20;17:17:05.242;INFO;Controller;State = Ready;
21/05/20;17:17:05.254;INFO;Server;Command: ExecRobotTask (Home,500000);
21/05/20;17:17:05.254;INFO;Controller;Executing asynchronous activity: ExecRobotTask;
21/05/20;17:17:05.254;INFO;Controller;Status = Executing: Home;
21/05/20;17:17:05.254;INFO;Controller;State = Running;
21/05/20;17:17:06.091;INFO;Robot Runtime;executing:    Home;
21/05/20;17:17:07.238;INFO;Controller;Activity ExecRobotTask ended. Return value: Done;
21/05/20;17:17:07.238;INFO;Controller;State = Ready;
21/05/20;17:17:07.258;INFO;Server;Command: ExecRobotTask (Finish,500000);
21/05/20;17:17:07.258;INFO;Controller;Executing asynchronous activity: ExecRobotTask;
21/05/20;17:17:07.258;INFO;Controller;Status = Executing: Finish;
21/05/20;17:17:07.258;INFO;Controller;State = Running;
21/05/20;17:17:08.170;INFO;Robot Runtime;executing:    Finish;
21/05/20;17:19:17.844;INFO;Controller;Activity ExecRobotTask ended. Return value: Done;
21/05/20;17:19:17.845;INFO;Controller;State = Ready;
21/05/20;17:19:31.409;INFO;Server;Command: ExecRobotTask (Initialize,500000);
21/05/20;17:19:31.409;INFO;Controller;Executing asynchronous activity: ExecRobotTask;
21/05/20;17:19:31.409;INFO;Controller;Status = Executing: Initialize;
21/05/20;17:19:31.409;INFO;Controller;State = Running;
21/05/20;17:19:32.316;INFO;Robot Runtime;executing:    Initialize;
21/05/20;17:19:33.282;INFO;Controller;Activity ExecRobotTask ended. Return value: Done;
21/05/20;17:19:33.282;INFO;Controller;State = Ready;
21/05/20;17:19:33.301;INFO;Server;Command: ExecRobotTask (Home,500000);
21/05/20;17:19:33.302;INFO;Controller;Executing asynchronous activity: ExecRobotTask;
21/05/20;17:19:33.302;INFO;Controller;Status = Executing: Home;
21/05/20;17:19:33.302;INFO;Controller;State = Running;
21/05/20;17:19:34.139;INFO;Robot Runtime;executing:    Home;
21/05/20;17:19:34.668;INFO;Controller;Activity ExecRobotTask ended. Return value: Done;
21/05/20;17:19:34.668;INFO;Controller;State = Ready;
21/05/20;17:19:34.686;INFO;Server;Command: ExecRobotTask (Park,500000);
21/05/20;17:19:34.686;INFO;Controller;Executing asynchronous activity: ExecRobotTask;
21/05/20;17:19:34.686;INFO;Controller;Status = Executing: Park;
21/05/20;17:19:34.686;INFO;Controller;State = Running;
21/05/20;17:19:35.524;INFO;Robot Runtime;executing:    Park;
21/05/20;17:19:38.609;INFO;Controller;Activity ExecRobotTask ended. Return value: Done;
21/05/20;17:19:38.609;INFO;Controller;State = Ready;
21/05/20;17:22:38.006;INFO;Server;Command: ExecRobotTask (Initialize,500000);
21/05/20;17:22:38.006;INFO;Controller;Executing asynchronous activity: ExecRobotTask;
21/05/20;17:22:38.006;INFO;Controller;Status = Executing: Initialize;
21/05/20;17:22:38.006;INFO;Controller;State = Running;
21/05/20;17:22:38.837;INFO;Robot Runtime;executing:    Initialize;
21/05/20;17:22:39.295;INFO;Controller;Activity ExecRobotTask ended. Return value: Done;
21/05/20;17:22:39.295;INFO;Controller;State = Ready;
21/05/20;17:22:39.536;INFO;Server;Command: ExecRobotTask (Load,500000);
21/05/20;17:22:39.537;INFO;Controller;Executing asynchronous activity: ExecRobotTask;
21/05/20;17:22:39.537;INFO;Controller;Status = Executing: Load;
21/05/20;17:22:39.537;INFO;Controller;State = Running;
21/05/20;17:22:40.793;INFO;Robot Runtime;executing:    Load;
21/05/20;17:22:50.040;INFO;Controller;Activity ExecRobotTask ended. Return value: Done False/True/False;
21/05/20;17:22:50.040;INFO;Controller;State = Ready;
21/05/20;17:22:50.056;INFO;Server;Command: ExecRobotTask (Mount,500000);
21/05/20;17:22:50.056;INFO;Controller;Executing asynchronous activity: ExecRobotTask;
21/05/20;17:22:50.056;INFO;Controller;Status = Executing: Mount;
21/05/20;17:22:50.056;INFO;Controller;State = Running;
21/05/20;17:22:50.953;INFO;Robot Runtime;executing:    Mount;
21/05/20;17:22:55.265;INFO;Controller;Activity ExecRobotTask ended. Return value: Done True/False/False;
21/05/20;17:22:55.265;INFO;Controller;State = Ready;
21/05/20;17:22:55.297;INFO;Server;Command: ExecRobotTask (Park,500000);
21/05/20;17:22:55.297;INFO;Controller;Executing asynchronous activity: ExecRobotTask;
21/05/20;17:22:55.297;INFO;Controller;Status = Executing: Park;
21/05/20;17:22:55.297;INFO;Controller;State = Running;
21/05/20;17:22:56.136;INFO;Robot Runtime;executing:    Park;
21/05/20;17:22:57.897;INFO;Controller;Activity ExecRobotTask ended. Return value: Done;
21/05/20;17:22:57.897;INFO;Controller;State = Ready;
21/05/20;17:22:57.913;INFO;Server;Command: ExecRobotTask (UnlatchRobGov,500000);
21/05/20;17:22:57.913;INFO;Controller;Executing asynchronous activity: ExecRobotTask;
21/05/20;17:22:57.913;INFO;Controller;Status = Executing: UnlatchRobGov;
21/05/20;17:22:57.913;INFO;Controller;State = Running;
21/05/20;17:22:58.878;INFO;Robot Runtime;executing:    UnlatchRobGov;
21/05/20;17:22:59.291;INFO;Controller;Activity ExecRobotTask ended. Return value: Done;
21/05/20;17:22:59.291;INFO;Controller;State = Ready;
21/05/20;17:26:47.852;INFO;Server;Command: ExecRobotTask (Unmount,500000);
21/05/20;17:26:47.852;INFO;Controller;Executing asynchronous activity: ExecRobotTask;
21/05/20;17:26:47.852;INFO;Controller;Status = Executing: Unmount;
21/05/20;17:26:47.852;INFO;Controller;State = Running;
21/05/20;17:26:48.704;INFO;Robot Runtime;executing:    Unmount;
21/05/20;17:26:55.920;INFO;Controller;Activity ExecRobotTask ended. Return value: Done False/True/False;
21/05/20;17:26:55.920;INFO;Controller;State = Ready;
21/05/20;17:26:55.940;INFO;Server;Command: ExecRobotTask (Unload,500000);
21/05/20;17:26:55.940;INFO;Controller;Executing asynchronous activity: ExecRobotTask;
21/05/20;17:26:55.940;INFO;Controller;Status = Executing: Unload;
21/05/20;17:26:55.940;INFO;Controller;State = Running;
21/05/20;17:26:56.781;INFO;Robot Runtime;executing:    Unload;
21/05/20;17:27:00.617;INFO;Controller;Activity ExecRobotTask ended. Return value: Done False/False/False;
21/05/20;17:27:00.617;INFO;Controller;State = Ready;
21/05/20;17:27:02.183;INFO;Server;Command: ExecRobotTask (Load,500000);
21/05/20;17:27:02.183;INFO;Controller;Executing asynchronous activity: ExecRobotTask;
21/05/20;17:27:02.183;INFO;Controller;Status = Executing: Load;
21/05/20;17:27:02.183;INFO;Controller;State = Running;
21/05/20;17:27:03.431;INFO;Robot Runtime;executing:    Load;
21/05/20;17:27:09.310;INFO;Controller;Activity ExecRobotTask ended. Return value: Done False/True/False;
21/05/20;17:27:09.311;INFO;Controller;State = Ready;
21/05/20;17:27:09.328;INFO;Server;Command: ExecRobotTask (Mount,500000);
21/05/20;17:27:09.328;INFO;Controller;Executing asynchronous activity: ExecRobotTask;
21/05/20;17:27:09.328;INFO;Controller;Status = Executing: Mount;
21/05/20;17:27:09.328;INFO;Controller;State = Running;
21/05/20;17:27:10.240;INFO;Robot Runtime;executing:    Mount;
21/05/20;17:27:14.449;INFO;Controller;Activity ExecRobotTask ended. Return value: Done True/False/False;
21/05/20;17:27:14.449;INFO;Controller;State = Ready;
21/05/20;17:27:14.465;INFO;Server;Command: ExecRobotTask (Park,500000);
21/05/20;17:27:14.465;INFO;Controller;Executing asynchronous activity: ExecRobotTask;
21/05/20;17:27:14.465;INFO;Controller;Status = Executing: Park;
21/05/20;17:27:14.465;INFO;Controller;State = Running;
21/05/20;17:27:15.368;INFO;Robot Runtime;executing:    Park;
21/05/20;17:27:17.096;INFO;Controller;Activity ExecRobotTask ended. Return value: Done;
21/05/20;17:27:17.096;INFO;Controller;State = Ready;
21/05/20;17:27:17.110;INFO;Server;Command: ExecRobotTask (UnlatchRobGov,500000);
21/05/20;17:27:17.110;INFO;Controller;Executing asynchronous activity: ExecRobotTask;
21/05/20;17:27:17.110;INFO;Controller;Status = Executing: UnlatchRobGov;
21/05/20;17:27:17.110;INFO;Controller;State = Running;
21/05/20;17:27:17.997;INFO;Robot Runtime;executing:    UnlatchRobGov;
21/05/20;17:27:18.488;INFO;Controller;Activity ExecRobotTask ended. Return value: Done;
21/05/20;17:27:18.488;INFO;Controller;State = Ready;
21/05/20;17:31:04.459;INFO;Server;Command: ExecRobotTask (Unmount,500000);
21/05/20;17:31:04.460;INFO;Controller;Executing asynchronous activity: ExecRobotTask;
21/05/20;17:31:04.460;INFO;Controller;Status = Executing: Unmount;
21/05/20;17:31:04.460;INFO;Controller;State = Running;
21/05/20;17:31:05.310;INFO;Robot Runtime;executing:    Unmount;
21/05/20;17:31:12.430;INFO;Controller;Activity ExecRobotTask ended. Return value: Done False/True/False;
21/05/20;17:31:12.431;INFO;Controller;State = Ready;
21/05/20;17:31:12.464;INFO;Server;Command: ExecRobotTask (Unload,500000);
21/05/20;17:31:12.464;INFO;Controller;Executing asynchronous activity: ExecRobotTask;
21/05/20;17:31:12.465;INFO;Controller;Status = Executing: Unload;
21/05/20;17:31:12.465;INFO;Controller;State = Running;
21/05/20;17:31:13.313;INFO;Robot Runtime;executing:    Unload;
21/05/20;17:31:16.968;INFO;Controller;Activity ExecRobotTask ended. Return value: Done False/False/False;
21/05/20;17:31:16.968;INFO;Controller;State = Ready;
21/05/20;17:31:17.083;INFO;Server;Command: ExecRobotTask (UnlatchRobGov,500000);
21/05/20;17:31:17.084;INFO;Controller;Executing asynchronous activity: ExecRobotTask;
21/05/20;17:31:17.084;INFO;Controller;Status = Executing: UnlatchRobGov;
21/05/20;17:31:17.084;INFO;Controller;State = Running;
21/05/20;17:31:17.922;INFO;Robot Runtime;executing:    UnlatchRobGov;
21/05/20;17:31:18.342;INFO;Controller;Activity ExecRobotTask ended. Return value: Done;
21/05/20;17:31:18.342;INFO;Controller;State = Ready;
21/05/20;17:31:18.365;INFO;Server;Command: ExecRobotTask (Home,500000);
21/05/20;17:31:18.365;INFO;Controller;Executing asynchronous activity: ExecRobotTask;
21/05/20;17:31:18.365;INFO;Controller;Status = Executing: Home;
21/05/20;17:31:18.365;INFO;Controller;State = Running;
21/05/20;17:31:19.584;INFO;Robot Runtime;executing:    Home;
21/05/20;17:31:20.658;INFO;Controller;Activity ExecRobotTask ended. Return value: Done;
21/05/20;17:31:20.658;INFO;Controller;State = Ready;
21/05/20;17:31:20.679;INFO;Server;Command: ExecRobotTask (Finish,500000);
21/05/20;17:31:20.679;INFO;Controller;Executing asynchronous activity: ExecRobotTask;
21/05/20;17:31:20.679;INFO;Controller;Status = Executing: Finish;
21/05/20;17:31:20.679;INFO;Controller;State = Running;
21/05/20;17:31:21.644;INFO;Robot Runtime;executing:    Finish;
21/05/20;17:33:33.596;INFO;Controller;Activity ExecRobotTask ended. Return value: Done;
21/05/20;17:33:33.596;INFO;Controller;State = Ready;
