26/01/20;00:00:56.306;INFO;Server;Command: ExecRobotTask (Unmount,500000);
26/01/20;00:00:56.307;INFO;Controller;Executing asynchronous activity: ExecRobotTask;
26/01/20;00:00:56.307;INFO;Controller;Status = Executing: Unmount;
26/01/20;00:00:56.307;INFO;Controller;State = Running;
26/01/20;00:00:57.169;INFO;Robot Runtime;executing:    Unmount;
26/01/20;00:01:05.884;INFO;Controller;Activity ExecRobotTask ended. Return value: Done False/True/False;
26/01/20;00:01:05.884;INFO;Controller;State = Ready;
26/01/20;00:01:06.036;INFO;Server;Command: ExecRobotTask (Unload,500000);
26/01/20;00:01:06.036;INFO;Controller;Executing asynchronous activity: ExecRobotTask;
26/01/20;00:01:06.036;INFO;Controller;Status = Executing: Unload;
26/01/20;00:01:06.036;INFO;Controller;State = Running;
26/01/20;00:01:06.864;INFO;Robot Runtime;executing:    Unload;
26/01/20;00:01:10.846;INFO;Controller;Activity ExecRobotTask ended. Return value: Done False/False/False;
26/01/20;00:01:10.847;INFO;Controller;State = Ready;
26/01/20;00:01:12.586;INFO;Server;Command: ExecRobotTask (Load,500000);
26/01/20;00:01:12.586;INFO;Controller;Executing asynchronous activity: ExecRobotTask;
26/01/20;00:01:12.586;INFO;Controller;Status = Executing: Load;
26/01/20;00:01:12.586;INFO;Controller;State = Running;
26/01/20;00:01:13.454;INFO;Robot Runtime;executing:    Load;
26/01/20;00:01:19.666;INFO;Controller;Activity ExecRobotTask ended. Return value: Done False/True/False;
26/01/20;00:01:19.666;INFO;Controller;State = Ready;
26/01/20;00:01:19.820;INFO;Server;Command: ExecRobotTask (Mount,500000);
26/01/20;00:01:19.820;INFO;Controller;Executing asynchronous activity: ExecRobotTask;
26/01/20;00:01:19.820;INFO;Controller;Status = Executing: Mount;
26/01/20;00:01:19.820;INFO;Controller;State = Running;
26/01/20;00:01:20.673;INFO;Robot Runtime;executing:    Mount;
26/01/20;00:01:24.889;INFO;Controller;Activity ExecRobotTask ended. Return value: Done True/False/False;
26/01/20;00:01:24.889;INFO;Controller;State = Ready;
26/01/20;00:01:25.056;INFO;Server;Command: ExecRobotTask (Park,500000);
26/01/20;00:01:25.056;INFO;Controller;Executing asynchronous activity: ExecRobotTask;
26/01/20;00:01:25.056;INFO;Controller;Status = Executing: Park;
26/01/20;00:01:25.056;INFO;Controller;State = Running;
26/01/20;00:01:25.876;INFO;Robot Runtime;executing:    Park;
26/01/20;00:01:27.952;INFO;Controller;Activity ExecRobotTask ended. Return value: Done;
26/01/20;00:01:27.952;INFO;Controller;State = Ready;
26/01/20;00:01:28.123;INFO;Server;Command: ExecRobotTask (UnlatchRobGov,500000);
26/01/20;00:01:28.123;INFO;Controller;Executing asynchronous activity: ExecRobotTask;
26/01/20;00:01:28.123;INFO;Controller;Status = Executing: UnlatchRobGov;
26/01/20;00:01:28.123;INFO;Controller;State = Running;
26/01/20;00:01:29.344;INFO;Robot Runtime;executing:    UnlatchRobGov;
26/01/20;00:01:29.710;INFO;Controller;Activity ExecRobotTask ended. Return value: Done;
26/01/20;00:01:29.710;INFO;Controller;State = Ready;
26/01/20;00:02:59.180;INFO;Server;Command: ExecRobotTask (Unmount,500000);
26/01/20;00:02:59.180;INFO;Controller;Executing asynchronous activity: ExecRobotTask;
26/01/20;00:02:59.180;INFO;Controller;Status = Executing: Unmount;
26/01/20;00:02:59.180;INFO;Controller;State = Running;
26/01/20;00:03:00.039;INFO;Robot Runtime;executing:    Unmount;
26/01/20;00:03:08.824;INFO;Controller;Activity ExecRobotTask ended. Return value: Done False/True/False;
26/01/20;00:03:08.824;INFO;Controller;State = Ready;
26/01/20;00:03:08.980;INFO;Server;Command: ExecRobotTask (Unload,500000);
26/01/20;00:03:08.980;INFO;Controller;Executing asynchronous activity: ExecRobotTask;
26/01/20;00:03:08.980;INFO;Controller;Status = Executing: Unload;
26/01/20;00:03:08.980;INFO;Controller;State = Running;
26/01/20;00:03:09.806;INFO;Robot Runtime;executing:    Unload;
26/01/20;00:03:13.775;INFO;Controller;Activity ExecRobotTask ended. Return value: Done False/False/False;
26/01/20;00:03:13.775;INFO;Controller;State = Ready;
26/01/20;00:03:15.516;INFO;Server;Command: ExecRobotTask (Load,500000);
26/01/20;00:03:15.516;INFO;Controller;Executing asynchronous activity: ExecRobotTask;
26/01/20;00:03:15.516;INFO;Controller;Status = Executing: Load;
26/01/20;00:03:15.516;INFO;Controller;State = Running;
26/01/20;00:03:16.387;INFO;Robot Runtime;executing:    Load;
26/01/20;00:03:22.579;INFO;Controller;Activity ExecRobotTask ended. Return value: Done False/True/False;
26/01/20;00:03:22.579;INFO;Controller;State = Ready;
26/01/20;00:03:22.734;INFO;Server;Command: ExecRobotTask (Mount,500000);
26/01/20;00:03:22.734;INFO;Controller;Executing asynchronous activity: ExecRobotTask;
26/01/20;00:03:22.734;INFO;Controller;Status = Executing: Mount;
26/01/20;00:03:22.734;INFO;Controller;State = Running;
26/01/20;00:03:23.589;INFO;Robot Runtime;executing:    Mount;
26/01/20;00:03:27.788;INFO;Controller;Activity ExecRobotTask ended. Return value: Done True/False/False;
26/01/20;00:03:27.788;INFO;Controller;State = Ready;
26/01/20;00:03:27.957;INFO;Server;Command: ExecRobotTask (Park,500000);
26/01/20;00:03:27.958;INFO;Controller;Executing asynchronous activity: ExecRobotTask;
26/01/20;00:03:27.958;INFO;Controller;Status = Executing: Park;
26/01/20;00:03:27.958;INFO;Controller;State = Running;
26/01/20;00:03:28.785;INFO;Robot Runtime;executing:    Park;
26/01/20;00:03:30.834;INFO;Controller;Activity ExecRobotTask ended. Return value: Done;
26/01/20;00:03:30.834;INFO;Controller;State = Ready;
26/01/20;00:03:30.999;INFO;Server;Command: ExecRobotTask (UnlatchRobGov,500000);
26/01/20;00:03:30.999;INFO;Controller;Executing asynchronous activity: ExecRobotTask;
26/01/20;00:03:30.999;INFO;Controller;Status = Executing: UnlatchRobGov;
26/01/20;00:03:30.999;INFO;Controller;State = Running;
26/01/20;00:03:32.200;INFO;Robot Runtime;executing:    UnlatchRobGov;
26/01/20;00:03:32.595;INFO;Controller;Activity ExecRobotTask ended. Return value: Done;
26/01/20;00:03:32.596;INFO;Controller;State = Ready;
26/01/20;00:04:57.357;INFO;Server;Command: ExecRobotTask (Unmount,500000);
26/01/20;00:04:57.358;INFO;Controller;Executing asynchronous activity: ExecRobotTask;
26/01/20;00:04:57.358;INFO;Controller;Status = Executing: Unmount;
26/01/20;00:04:57.358;INFO;Controller;State = Running;
26/01/20;00:04:58.224;INFO;Robot Runtime;executing:    Unmount;
26/01/20;00:05:07.119;INFO;Controller;Activity ExecRobotTask ended. Return value: Done False/True/False;
26/01/20;00:05:07.119;INFO;Controller;State = Ready;
26/01/20;00:05:07.128;INFO;Epics Server;Exception in monitor thread of property: LastTaskInfo - Null object reference;
26/01/20;00:05:07.289;INFO;Server;Command: ExecRobotTask (Unload,500000);
26/01/20;00:05:07.289;INFO;Controller;Executing asynchronous activity: ExecRobotTask;
26/01/20;00:05:07.289;INFO;Controller;Status = Executing: Unload;
26/01/20;00:05:07.289;INFO;Controller;State = Running;
26/01/20;00:05:08.114;INFO;Robot Runtime;executing:    Unload;
26/01/20;00:05:12.079;INFO;Controller;Activity ExecRobotTask ended. Return value: Done False/False/False;
26/01/20;00:05:12.079;INFO;Controller;State = Ready;
26/01/20;00:05:13.803;INFO;Server;Command: ExecRobotTask (Load,500000);
26/01/20;00:05:13.803;INFO;Controller;Executing asynchronous activity: ExecRobotTask;
26/01/20;00:05:13.803;INFO;Controller;Status = Executing: Load;
26/01/20;00:05:13.803;INFO;Controller;State = Running;
26/01/20;00:05:14.667;INFO;Robot Runtime;executing:    Load;
26/01/20;00:05:20.918;INFO;Controller;Activity ExecRobotTask ended. Return value: Done False/True/False;
26/01/20;00:05:20.918;INFO;Controller;State = Ready;
26/01/20;00:05:21.081;INFO;Server;Command: ExecRobotTask (Mount,500000);
26/01/20;00:05:21.081;INFO;Controller;Executing asynchronous activity: ExecRobotTask;
26/01/20;00:05:21.081;INFO;Controller;Status = Executing: Mount;
26/01/20;00:05:21.081;INFO;Controller;State = Running;
26/01/20;00:05:21.936;INFO;Robot Runtime;executing:    Mount;
26/01/20;00:05:26.139;INFO;Controller;Activity ExecRobotTask ended. Return value: Done True/False/False;
26/01/20;00:05:26.139;INFO;Controller;State = Ready;
26/01/20;00:05:26.300;INFO;Server;Command: ExecRobotTask (Park,500000);
26/01/20;00:05:26.300;INFO;Controller;Executing asynchronous activity: ExecRobotTask;
26/01/20;00:05:26.300;INFO;Controller;Status = Executing: Park;
26/01/20;00:05:26.300;INFO;Controller;State = Running;
26/01/20;00:05:27.132;INFO;Robot Runtime;executing:    Park;
26/01/20;00:05:29.197;INFO;Controller;Activity ExecRobotTask ended. Return value: Done;
26/01/20;00:05:29.197;INFO;Controller;State = Ready;
26/01/20;00:05:29.364;INFO;Server;Command: ExecRobotTask (UnlatchRobGov,500000);
26/01/20;00:05:29.364;INFO;Controller;Executing asynchronous activity: ExecRobotTask;
26/01/20;00:05:29.364;INFO;Controller;Status = Executing: UnlatchRobGov;
26/01/20;00:05:29.365;INFO;Controller;State = Running;
26/01/20;00:05:30.572;INFO;Robot Runtime;executing:    UnlatchRobGov;
26/01/20;00:05:30.956;INFO;Controller;Activity ExecRobotTask ended. Return value: Done;
26/01/20;00:05:30.956;INFO;Controller;State = Ready;
26/01/20;00:07:06.945;INFO;Server;Command: ExecRobotTask (Unmount,500000);
26/01/20;00:07:06.945;INFO;Controller;Executing asynchronous activity: ExecRobotTask;
26/01/20;00:07:06.945;INFO;Controller;Status = Executing: Unmount;
26/01/20;00:07:06.945;INFO;Controller;State = Running;
26/01/20;00:07:07.812;INFO;Robot Runtime;executing:    Unmount;
26/01/20;00:07:16.402;INFO;Controller;Activity ExecRobotTask ended. Return value: Done False/True/False;
26/01/20;00:07:16.402;INFO;Controller;State = Ready;
26/01/20;00:07:16.563;INFO;Server;Command: ExecRobotTask (Unload,500000);
26/01/20;00:07:16.563;INFO;Controller;Executing asynchronous activity: ExecRobotTask;
26/01/20;00:07:16.563;INFO;Controller;Status = Executing: Unload;
26/01/20;00:07:16.563;INFO;Controller;State = Running;
26/01/20;00:07:17.391;INFO;Robot Runtime;executing:    Unload;
26/01/20;00:07:21.357;INFO;Controller;Activity ExecRobotTask ended. Return value: Done False/False/False;
26/01/20;00:07:21.357;INFO;Controller;State = Ready;
26/01/20;00:07:23.097;INFO;Server;Command: ExecRobotTask (Load,500000);
26/01/20;00:07:23.097;INFO;Controller;Executing asynchronous activity: ExecRobotTask;
26/01/20;00:07:23.097;INFO;Controller;Status = Executing: Load;
26/01/20;00:07:23.097;INFO;Controller;State = Running;
26/01/20;00:07:23.953;INFO;Robot Runtime;executing:    Load;
26/01/20;00:07:30.193;INFO;Controller;Activity ExecRobotTask ended. Return value: Done False/True/False;
26/01/20;00:07:30.193;INFO;Controller;State = Ready;
26/01/20;00:07:30.357;INFO;Server;Command: ExecRobotTask (Mount,500000);
26/01/20;00:07:30.357;INFO;Controller;Executing asynchronous activity: ExecRobotTask;
26/01/20;00:07:30.357;INFO;Controller;Status = Executing: Mount;
26/01/20;00:07:30.357;INFO;Controller;State = Running;
26/01/20;00:07:31.209;INFO;Robot Runtime;executing:    Mount;
26/01/20;00:07:35.412;INFO;Controller;Activity ExecRobotTask ended. Return value: Done True/False/False;
26/01/20;00:07:35.412;INFO;Controller;State = Ready;
26/01/20;00:07:35.595;INFO;Server;Command: ExecRobotTask (Park,500000);
26/01/20;00:07:35.595;INFO;Controller;Executing asynchronous activity: ExecRobotTask;
26/01/20;00:07:35.595;INFO;Controller;Status = Executing: Park;
26/01/20;00:07:35.595;INFO;Controller;State = Running;
26/01/20;00:07:36.421;INFO;Robot Runtime;executing:    Park;
26/01/20;00:07:38.466;INFO;Controller;Activity ExecRobotTask ended. Return value: Done;
26/01/20;00:07:38.466;INFO;Controller;State = Ready;
26/01/20;00:07:38.636;INFO;Server;Command: ExecRobotTask (UnlatchRobGov,500000);
26/01/20;00:07:38.636;INFO;Controller;Executing asynchronous activity: ExecRobotTask;
26/01/20;00:07:38.636;INFO;Controller;Status = Executing: UnlatchRobGov;
26/01/20;00:07:38.636;INFO;Controller;State = Running;
26/01/20;00:07:39.858;INFO;Robot Runtime;executing:    UnlatchRobGov;
26/01/20;00:07:40.233;INFO;Controller;Activity ExecRobotTask ended. Return value: Done;
26/01/20;00:07:40.233;INFO;Controller;State = Ready;
26/01/20;00:09:09.852;INFO;Server;Command: ExecRobotTask (Unmount,500000);
26/01/20;00:09:09.852;INFO;Controller;Executing asynchronous activity: ExecRobotTask;
26/01/20;00:09:09.852;INFO;Controller;Status = Executing: Unmount;
26/01/20;00:09:09.852;INFO;Controller;State = Running;
26/01/20;00:09:10.737;INFO;Robot Runtime;executing:    Unmount;
26/01/20;00:09:19.662;INFO;Controller;Activity ExecRobotTask ended. Return value: Done False/True/False;
26/01/20;00:09:19.662;INFO;Controller;State = Ready;
26/01/20;00:09:19.829;INFO;Server;Command: ExecRobotTask (Unload,500000);
26/01/20;00:09:19.829;INFO;Controller;Executing asynchronous activity: ExecRobotTask;
26/01/20;00:09:19.829;INFO;Controller;Status = Executing: Unload;
26/01/20;00:09:19.829;INFO;Controller;State = Running;
26/01/20;00:09:20.653;INFO;Robot Runtime;executing:    Unload;
26/01/20;00:09:24.618;INFO;Controller;Activity ExecRobotTask ended. Return value: Done False/False/False;
26/01/20;00:09:24.618;INFO;Controller;State = Ready;
26/01/20;00:09:26.375;INFO;Server;Command: ExecRobotTask (Load,500000);
26/01/20;00:09:26.375;INFO;Controller;Executing asynchronous activity: ExecRobotTask;
26/01/20;00:09:26.375;INFO;Controller;Status = Executing: Load;
26/01/20;00:09:26.375;INFO;Controller;State = Running;
26/01/20;00:09:27.241;INFO;Robot Runtime;executing:    Load;
26/01/20;00:09:33.419;INFO;Controller;Activity ExecRobotTask ended. Return value: Done False/True/False;
26/01/20;00:09:33.419;INFO;Controller;State = Ready;
26/01/20;00:09:33.591;INFO;Server;Command: ExecRobotTask (Mount,500000);
26/01/20;00:09:33.592;INFO;Controller;Executing asynchronous activity: ExecRobotTask;
26/01/20;00:09:33.592;INFO;Controller;Status = Executing: Mount;
26/01/20;00:09:33.592;INFO;Controller;State = Running;
26/01/20;00:09:34.445;INFO;Robot Runtime;executing:    Mount;
26/01/20;00:09:38.627;INFO;Controller;Activity ExecRobotTask ended. Return value: Done True/False/False;
26/01/20;00:09:38.627;INFO;Controller;State = Ready;
26/01/20;00:09:38.735;INFO;Server;Command: ExecRobotTask (Park,500000);
26/01/20;00:09:38.735;INFO;Controller;Executing asynchronous activity: ExecRobotTask;
26/01/20;00:09:38.735;INFO;Controller;Status = Executing: Park;
26/01/20;00:09:38.735;INFO;Controller;State = Running;
26/01/20;00:09:39.560;INFO;Robot Runtime;executing:    Park;
26/01/20;00:09:41.673;INFO;Controller;Activity ExecRobotTask ended. Return value: Done;
26/01/20;00:09:41.673;INFO;Controller;State = Ready;
26/01/20;00:09:41.878;INFO;Server;Command: ExecRobotTask (UnlatchRobGov,500000);
26/01/20;00:09:41.878;INFO;Controller;Executing asynchronous activity: ExecRobotTask;
26/01/20;00:09:41.878;INFO;Controller;Status = Executing: UnlatchRobGov;
26/01/20;00:09:41.878;INFO;Controller;State = Running;
26/01/20;00:09:43.088;INFO;Robot Runtime;executing:    UnlatchRobGov;
26/01/20;00:09:43.265;INFO;Controller;Activity ExecRobotTask ended. Return value: Done;
26/01/20;00:09:43.265;INFO;Controller;State = Ready;
26/01/20;00:13:53.457;INFO;Server;Command: ExecRobotTask (Unmount,500000);
26/01/20;00:13:53.457;INFO;Controller;Executing asynchronous activity: ExecRobotTask;
26/01/20;00:13:53.457;INFO;Controller;Status = Executing: Unmount;
26/01/20;00:13:53.457;INFO;Controller;State = Running;
26/01/20;00:13:54.329;INFO;Robot Runtime;executing:    Unmount;
26/01/20;00:14:02.988;INFO;Controller;Activity ExecRobotTask ended. Return value: Done False/True/False;
26/01/20;00:14:02.989;INFO;Controller;State = Ready;
26/01/20;00:14:03.158;INFO;Server;Command: ExecRobotTask (Unload,500000);
26/01/20;00:14:03.159;INFO;Controller;Executing asynchronous activity: ExecRobotTask;
26/01/20;00:14:03.159;INFO;Controller;Status = Executing: Unload;
26/01/20;00:14:03.159;INFO;Controller;State = Running;
26/01/20;00:14:03.989;INFO;Robot Runtime;executing:    Unload;
26/01/20;00:14:07.947;INFO;Controller;Activity ExecRobotTask ended. Return value: Done False/False/False;
26/01/20;00:14:07.947;INFO;Controller;State = Ready;
26/01/20;00:14:08.219;INFO;Server;Command: ExecRobotTask (UnlatchRobGov,500000);
26/01/20;00:14:08.220;INFO;Controller;Executing asynchronous activity: ExecRobotTask;
26/01/20;00:14:08.220;INFO;Controller;Status = Executing: UnlatchRobGov;
26/01/20;00:14:08.220;INFO;Controller;State = Running;
26/01/20;00:14:09.046;INFO;Robot Runtime;executing:    UnlatchRobGov;
26/01/20;00:14:09.402;INFO;Controller;Activity ExecRobotTask ended. Return value: Done;
26/01/20;00:14:09.402;INFO;Controller;State = Ready;
26/01/20;00:14:09.566;INFO;Server;Command: ExecRobotTask (Home,500000);
26/01/20;00:14:09.566;INFO;Controller;Executing asynchronous activity: ExecRobotTask;
26/01/20;00:14:09.566;INFO;Controller;Status = Executing: Home;
26/01/20;00:14:09.566;INFO;Controller;State = Running;
26/01/20;00:14:10.401;INFO;Robot Runtime;executing:    Home;
26/01/20;00:14:11.644;INFO;Controller;Activity ExecRobotTask ended. Return value: Done;
26/01/20;00:14:11.644;INFO;Controller;State = Ready;
26/01/20;00:14:11.815;INFO;Server;Command: ExecRobotTask (Finish,500000);
26/01/20;00:14:11.815;INFO;Controller;Executing asynchronous activity: ExecRobotTask;
26/01/20;00:14:11.815;INFO;Controller;Status = Executing: Finish;
26/01/20;00:14:11.815;INFO;Controller;State = Running;
26/01/20;00:14:12.665;INFO;Robot Runtime;executing:    Finish;
26/01/20;00:16:39.594;INFO;Controller;Activity ExecRobotTask ended. Return value: Done;
26/01/20;00:16:39.594;INFO;Controller;State = Ready;
