26/05/20;09:41:52.994;INFO;Server;Command: ExecRobotTask (TurnOnAutoFill,500000);
26/05/20;09:41:52.995;INFO;Controller;Executing asynchronous activity: ExecRobotTask;
26/05/20;09:41:52.995;INFO;Controller;Status = Executing: TurnOnAutoFill;
26/05/20;09:41:52.995;INFO;Controller;State = Running;
26/05/20;09:41:53.847;INFO;Robot Runtime;executing:    TurnOnAutoFill;
26/05/20;09:41:54.367;INFO;Controller;Activity ExecRobotTask ended. Return value: Done;
26/05/20;09:41:54.367;INFO;Controller;State = Ready;
26/05/20;09:41:54.387;INFO;Server;Command: ExecRobotTask (EnableTScreen,500000);
26/05/20;09:41:54.387;INFO;Controller;Executing asynchronous activity: ExecRobotTask;
26/05/20;09:41:54.387;INFO;Controller;Status = Executing: EnableTScreen;
26/05/20;09:41:54.387;INFO;Controller;State = Running;
26/05/20;09:41:55.282;INFO;Robot Runtime;executing:    EnableTScreen;
26/05/20;09:41:55.636;INFO;Controller;Activity ExecRobotTask ended. Return value: Done;
26/05/20;09:41:55.636;INFO;Controller;State = Ready;
26/05/20;13:44:59.057;INFO;Server;Command: ExecRobotTask (Initialize,500000);
26/05/20;13:44:59.057;INFO;Controller;Executing asynchronous activity: ExecRobotTask;
26/05/20;13:44:59.057;INFO;Controller;Status = Executing: Initialize;
26/05/20;13:44:59.058;INFO;Controller;State = Running;
26/05/20;13:44:59.947;INFO;Robot Runtime;executing:    Initialize;
26/05/20;13:45:01.363;INFO;Controller;Activity ExecRobotTask ended. Return value: Done;
26/05/20;13:45:01.363;INFO;Controller;State = Ready;
26/05/20;13:45:01.381;INFO;Server;Command: ExecRobotTask (Home,500000);
26/05/20;13:45:01.381;INFO;Controller;Executing asynchronous activity: ExecRobotTask;
26/05/20;13:45:01.381;INFO;Controller;Status = Executing: Home;
26/05/20;13:45:01.381;INFO;Controller;State = Running;
26/05/20;13:45:02.231;INFO;Robot Runtime;executing:    Home;
26/05/20;13:45:02.400;INFO;Controller;Activity ExecRobotTask ended. Return value: Done;
26/05/20;13:45:02.401;INFO;Controller;State = Ready;
26/05/20;13:45:02.418;INFO;Server;Command: ExecRobotTask (Park,500000);
26/05/20;13:45:02.418;INFO;Controller;Executing asynchronous activity: ExecRobotTask;
26/05/20;13:45:02.418;INFO;Controller;Status = Executing: Park;
26/05/20;13:45:02.418;INFO;Controller;State = Running;
26/05/20;13:45:03.254;INFO;Robot Runtime;executing:    Park;
26/05/20;13:45:06.210;INFO;Controller;Activity ExecRobotTask ended. Return value: Done;
26/05/20;13:45:06.210;INFO;Controller;State = Ready;
26/05/20;13:49:31.710;INFO;Server;Command: ExecRobotTask (Initialize,500000);
26/05/20;13:49:31.710;INFO;Controller;Executing asynchronous activity: ExecRobotTask;
26/05/20;13:49:31.711;INFO;Controller;Status = Executing: Initialize;
26/05/20;13:49:31.711;INFO;Controller;State = Running;
26/05/20;13:49:32.570;INFO;Robot Runtime;executing:    Initialize;
26/05/20;13:49:33.011;INFO;Controller;Activity ExecRobotTask ended. Return value: Done;
26/05/20;13:49:33.011;INFO;Controller;State = Ready;
26/05/20;13:49:33.227;INFO;Server;Command: ExecRobotTask (Load,500000);
26/05/20;13:49:33.227;INFO;Controller;Executing asynchronous activity: ExecRobotTask;
26/05/20;13:49:33.227;INFO;Controller;Status = Executing: Load;
26/05/20;13:49:33.227;INFO;Controller;State = Running;
26/05/20;13:49:34.546;INFO;Robot Runtime;executing:    Load;
26/05/20;13:49:43.857;INFO;Controller;Activity ExecRobotTask ended. Return value: Done False/True/False;
26/05/20;13:49:43.857;INFO;Controller;State = Ready;
26/05/20;13:49:43.876;INFO;Server;Command: ExecRobotTask (Mount,500000);
26/05/20;13:49:43.877;INFO;Controller;Executing asynchronous activity: ExecRobotTask;
26/05/20;13:49:43.877;INFO;Controller;Status = Executing: Mount;
26/05/20;13:49:43.877;INFO;Controller;State = Running;
26/05/20;13:49:44.789;INFO;Robot Runtime;executing:    Mount;
26/05/20;13:49:49.008;INFO;Controller;Activity ExecRobotTask ended. Return value: Done True/False/False;
26/05/20;13:49:49.008;INFO;Controller;State = Ready;
26/05/20;13:49:49.031;INFO;Server;Command: ExecRobotTask (Park,500000);
26/05/20;13:49:49.031;INFO;Controller;Executing asynchronous activity: ExecRobotTask;
26/05/20;13:49:49.031;INFO;Controller;Status = Executing: Park;
26/05/20;13:49:49.031;INFO;Controller;State = Running;
26/05/20;13:49:49.872;INFO;Robot Runtime;executing:    Park;
26/05/20;13:49:51.621;INFO;Controller;Activity ExecRobotTask ended. Return value: Done;
26/05/20;13:49:51.621;INFO;Controller;State = Ready;
26/05/20;13:49:51.647;INFO;Server;Command: ExecRobotTask (UnlatchRobGov,500000);
26/05/20;13:49:51.647;INFO;Controller;Executing asynchronous activity: ExecRobotTask;
26/05/20;13:49:51.647;INFO;Controller;Status = Executing: UnlatchRobGov;
26/05/20;13:49:51.647;INFO;Controller;State = Running;
26/05/20;13:49:52.534;INFO;Robot Runtime;executing:    UnlatchRobGov;
26/05/20;13:49:52.997;INFO;Controller;Activity ExecRobotTask ended. Return value: Done;
26/05/20;13:49:52.997;INFO;Controller;State = Ready;
26/05/20;14:59:19.561;INFO;Server;Command: ExecRobotTask (Initialize,500000);
26/05/20;14:59:19.562;INFO;Controller;Executing asynchronous activity: ExecRobotTask;
26/05/20;14:59:19.571;INFO;Controller;Status = Executing: Initialize;
26/05/20;14:59:19.571;INFO;Controller;State = Running;
26/05/20;14:59:20.493;INFO;Robot Runtime;executing:    Initialize;
26/05/20;14:59:21.730;INFO;Controller;Activity ExecRobotTask ended. Return value: Done;
26/05/20;14:59:21.731;INFO;Controller;State = Ready;
26/05/20;14:59:21.951;INFO;Server;Command: ExecRobotTask (Unmount,500000);
26/05/20;14:59:21.952;INFO;Controller;Executing asynchronous activity: ExecRobotTask;
26/05/20;14:59:21.952;INFO;Controller;Status = Executing: Unmount;
26/05/20;14:59:21.952;INFO;Controller;State = Running;
26/05/20;14:59:22.802;INFO;Robot Runtime;executing:    Unmount;
26/05/20;14:59:29.749;INFO;Controller;Activity ExecRobotTask ended. Return value: Done False/True/False;
26/05/20;14:59:29.749;INFO;Controller;State = Ready;
26/05/20;14:59:29.769;INFO;Server;Command: ExecRobotTask (Unload,500000);
26/05/20;14:59:29.769;INFO;Controller;Executing asynchronous activity: ExecRobotTask;
26/05/20;14:59:29.769;INFO;Controller;Status = Executing: Unload;
26/05/20;14:59:29.769;INFO;Controller;State = Running;
26/05/20;14:59:30.999;INFO;Robot Runtime;executing:    Unload;
26/05/20;14:59:34.962;INFO;Controller;Activity ExecRobotTask ended. Return value: Done False/False/False;
26/05/20;14:59:34.962;INFO;Controller;State = Ready;
26/05/20;14:59:35.069;INFO;Server;Command: ExecRobotTask (Initialize,500000);
26/05/20;14:59:35.069;INFO;Controller;Executing asynchronous activity: ExecRobotTask;
26/05/20;14:59:35.069;INFO;Controller;Status = Executing: Initialize;
26/05/20;14:59:35.069;INFO;Controller;State = Running;
26/05/20;14:59:35.899;INFO;Robot Runtime;executing:    Initialize;
26/05/20;14:59:36.406;INFO;Controller;Activity ExecRobotTask ended. Return value: Done;
26/05/20;14:59:36.406;INFO;Controller;State = Ready;
26/05/20;14:59:36.430;INFO;Server;Command: ExecRobotTask (Home,500000);
26/05/20;14:59:36.430;INFO;Controller;Executing asynchronous activity: ExecRobotTask;
26/05/20;14:59:36.430;INFO;Controller;Status = Executing: Home;
26/05/20;14:59:36.430;INFO;Controller;State = Running;
26/05/20;14:59:37.277;INFO;Robot Runtime;executing:    Home;
26/05/20;14:59:38.387;INFO;Controller;Activity ExecRobotTask ended. Return value: Done;
26/05/20;14:59:38.387;INFO;Controller;State = Ready;
26/05/20;14:59:38.415;INFO;Server;Command: ExecRobotTask (Park,500000);
26/05/20;14:59:38.415;INFO;Controller;Executing asynchronous activity: ExecRobotTask;
26/05/20;14:59:38.415;INFO;Controller;Status = Executing: Park;
26/05/20;14:59:38.415;INFO;Controller;State = Running;
26/05/20;14:59:39.250;INFO;Robot Runtime;executing:    Park;
26/05/20;14:59:42.195;INFO;Controller;Activity ExecRobotTask ended. Return value: Done;
26/05/20;14:59:42.195;INFO;Controller;State = Ready;
26/05/20;15:52:37.516;INFO;Server;Command: ExecRobotTask (Initialize,500000);
26/05/20;15:52:37.516;INFO;Controller;Executing asynchronous activity: ExecRobotTask;
26/05/20;15:52:37.516;INFO;Controller;Status = Executing: Initialize;
26/05/20;15:52:37.516;INFO;Controller;State = Running;
26/05/20;15:52:38.342;INFO;Robot Runtime;executing:    Initialize;
26/05/20;15:52:39.674;INFO;Controller;Activity ExecRobotTask ended. Return value: Done;
26/05/20;15:52:39.674;INFO;Controller;State = Ready;
26/05/20;15:52:39.903;INFO;Server;Command: ExecRobotTask (Load,500000);
26/05/20;15:52:39.903;INFO;Controller;Executing asynchronous activity: ExecRobotTask;
26/05/20;15:52:39.904;INFO;Controller;Status = Executing: Load;
26/05/20;15:52:39.904;INFO;Controller;State = Running;
26/05/20;15:52:40.834;INFO;Robot Runtime;executing:    Load;
26/05/20;15:52:50.003;INFO;Controller;Activity ExecRobotTask ended. Return value: Done False/True/False;
26/05/20;15:52:50.003;INFO;Controller;State = Ready;
26/05/20;15:52:50.026;INFO;Server;Command: ExecRobotTask (Mount,500000);
26/05/20;15:52:50.026;INFO;Controller;Executing asynchronous activity: ExecRobotTask;
26/05/20;15:52:50.026;INFO;Controller;Status = Executing: Mount;
26/05/20;15:52:50.026;INFO;Controller;State = Running;
26/05/20;15:52:50.895;INFO;Robot Runtime;executing:    Mount;
26/05/20;15:52:55.146;INFO;Controller;Activity ExecRobotTask ended. Return value: Done True/False/False;
26/05/20;15:52:55.147;INFO;Controller;State = Ready;
26/05/20;15:52:55.172;INFO;Server;Command: ExecRobotTask (Park,500000);
26/05/20;15:52:55.172;INFO;Controller;Executing asynchronous activity: ExecRobotTask;
26/05/20;15:52:55.172;INFO;Controller;Status = Executing: Park;
26/05/20;15:52:55.172;INFO;Controller;State = Running;
26/05/20;15:52:56.091;INFO;Robot Runtime;executing:    Park;
26/05/20;15:52:58.176;INFO;Controller;Activity ExecRobotTask ended. Return value: Done;
26/05/20;15:52:58.176;INFO;Controller;State = Ready;
26/05/20;15:52:58.204;INFO;Server;Command: ExecRobotTask (UnlatchRobGov,500000);
26/05/20;15:52:58.204;INFO;Controller;Executing asynchronous activity: ExecRobotTask;
26/05/20;15:52:58.204;INFO;Controller;Status = Executing: UnlatchRobGov;
26/05/20;15:52:58.204;INFO;Controller;State = Running;
26/05/20;15:52:59.447;INFO;Robot Runtime;executing:    UnlatchRobGov;
26/05/20;15:52:59.934;INFO;Controller;Activity ExecRobotTask ended. Return value: Done;
26/05/20;15:52:59.934;INFO;Controller;State = Ready;
26/05/20;16:10:18.607;INFO;Server;Command: ExecRobotTask (Unmount,500000);
26/05/20;16:10:18.607;INFO;Controller;Executing asynchronous activity: ExecRobotTask;
26/05/20;16:10:18.607;INFO;Controller;Status = Executing: Unmount;
26/05/20;16:10:18.607;INFO;Controller;State = Running;
26/05/20;16:10:19.460;INFO;Robot Runtime;executing:    Unmount;
26/05/20;16:10:26.597;INFO;Controller;Activity ExecRobotTask ended. Return value: Done False/True/False;
26/05/20;16:10:26.597;INFO;Controller;State = Ready;
26/05/20;16:10:26.620;INFO;Server;Command: ExecRobotTask (Unload,500000);
26/05/20;16:10:26.620;INFO;Controller;Executing asynchronous activity: ExecRobotTask;
26/05/20;16:10:26.620;INFO;Controller;Status = Executing: Unload;
26/05/20;16:10:26.620;INFO;Controller;State = Running;
26/05/20;16:10:27.460;INFO;Robot Runtime;executing:    Unload;
26/05/20;16:10:31.072;INFO;Controller;Activity ExecRobotTask ended. Return value: Done False/False/False;
26/05/20;16:10:31.072;INFO;Controller;State = Ready;
26/05/20;16:10:31.183;INFO;Server;Command: ExecRobotTask (Initialize,500000);
26/05/20;16:10:31.183;INFO;Controller;Executing asynchronous activity: ExecRobotTask;
26/05/20;16:10:31.183;INFO;Controller;Status = Executing: Initialize;
26/05/20;16:10:31.183;INFO;Controller;State = Running;
26/05/20;16:10:32.089;INFO;Robot Runtime;executing:    Initialize;
26/05/20;16:10:32.448;INFO;Controller;Activity ExecRobotTask ended. Return value: Done;
26/05/20;16:10:32.448;INFO;Controller;State = Ready;
26/05/20;16:10:32.470;INFO;Server;Command: ExecRobotTask (Home,500000);
26/05/20;16:10:32.470;INFO;Controller;Executing asynchronous activity: ExecRobotTask;
26/05/20;16:10:32.470;INFO;Controller;Status = Executing: Home;
26/05/20;16:10:32.470;INFO;Controller;State = Running;
26/05/20;16:10:33.320;INFO;Robot Runtime;executing:    Home;
26/05/20;16:10:34.430;INFO;Controller;Activity ExecRobotTask ended. Return value: Done;
26/05/20;16:10:34.430;INFO;Controller;State = Ready;
26/05/20;16:10:34.456;INFO;Server;Command: ExecRobotTask (Park,500000);
26/05/20;16:10:34.456;INFO;Controller;Executing asynchronous activity: ExecRobotTask;
26/05/20;16:10:34.456;INFO;Controller;Status = Executing: Park;
26/05/20;16:10:34.457;INFO;Controller;State = Running;
26/05/20;16:10:35.373;INFO;Robot Runtime;executing:    Park;
26/05/20;16:10:38.497;INFO;Controller;Activity ExecRobotTask ended. Return value: Done;
26/05/20;16:10:38.497;INFO;Controller;State = Ready;
26/05/20;16:23:01.011;INFO;Server;Command: ExecRobotTask (Initialize,500000);
26/05/20;16:23:01.011;INFO;Controller;Executing asynchronous activity: ExecRobotTask;
26/05/20;16:23:01.011;INFO;Controller;Status = Executing: Initialize;
26/05/20;16:23:01.011;INFO;Controller;State = Running;
26/05/20;16:23:01.866;INFO;Robot Runtime;executing:    Initialize;
26/05/20;16:23:03.007;INFO;Controller;Activity ExecRobotTask ended. Return value: Done;
26/05/20;16:23:03.007;INFO;Controller;State = Ready;
26/05/20;16:23:03.222;INFO;Server;Command: ExecRobotTask (Load,500000);
26/05/20;16:23:03.223;INFO;Controller;Executing asynchronous activity: ExecRobotTask;
26/05/20;16:23:03.223;INFO;Controller;Status = Executing: Load;
26/05/20;16:23:03.223;INFO;Controller;State = Running;
26/05/20;16:23:04.464;INFO;Robot Runtime;executing:    Load;
26/05/20;16:23:13.286;INFO;Controller;Activity ExecRobotTask ended. Return value: Done False/True/False;
26/05/20;16:23:13.286;INFO;Controller;State = Ready;
26/05/20;16:23:13.302;INFO;Server;Command: ExecRobotTask (Mount,500000);
26/05/20;16:23:13.302;INFO;Controller;Executing asynchronous activity: ExecRobotTask;
26/05/20;16:23:13.303;INFO;Controller;Status = Executing: Mount;
26/05/20;16:23:13.303;INFO;Controller;State = Running;
26/05/20;16:23:14.186;INFO;Robot Runtime;executing:    Mount;
26/05/20;16:23:18.420;INFO;Controller;Activity ExecRobotTask ended. Return value: Done True/False/False;
26/05/20;16:23:18.420;INFO;Controller;State = Ready;
26/05/20;16:23:18.433;INFO;Server;Command: ExecRobotTask (Park,500000);
26/05/20;16:23:18.433;INFO;Controller;Executing asynchronous activity: ExecRobotTask;
26/05/20;16:23:18.433;INFO;Controller;Status = Executing: Park;
26/05/20;16:23:18.433;INFO;Controller;State = Running;
26/05/20;16:23:19.275;INFO;Robot Runtime;executing:    Park;
26/05/20;16:23:21.222;INFO;Controller;Activity ExecRobotTask ended. Return value: Done;
26/05/20;16:23:21.222;INFO;Controller;State = Ready;
26/05/20;16:23:21.241;INFO;Server;Command: ExecRobotTask (UnlatchRobGov,500000);
26/05/20;16:23:21.241;INFO;Controller;Executing asynchronous activity: ExecRobotTask;
26/05/20;16:23:21.241;INFO;Controller;Status = Executing: UnlatchRobGov;
26/05/20;16:23:21.241;INFO;Controller;State = Running;
26/05/20;16:23:22.222;INFO;Robot Runtime;executing:    UnlatchRobGov;
26/05/20;16:23:22.715;INFO;Controller;Activity ExecRobotTask ended. Return value: Done;
26/05/20;16:23:22.715;INFO;Controller;State = Ready;
26/05/20;16:29:10.139;INFO;Server;Command: ExecRobotTask (Unmount,500000);
26/05/20;16:29:10.139;INFO;Controller;Executing asynchronous activity: ExecRobotTask;
26/05/20;16:29:10.139;INFO;Controller;Status = Executing: Unmount;
26/05/20;16:29:10.139;INFO;Controller;State = Running;
26/05/20;16:29:10.989;INFO;Robot Runtime;executing:    Unmount;
26/05/20;16:29:17.993;INFO;Controller;Activity ExecRobotTask ended. Return value: Done False/True/False;
26/05/20;16:29:17.994;INFO;Controller;State = Ready;
26/05/20;16:29:18.007;INFO;Server;Command: ExecRobotTask (Unload,500000);
26/05/20;16:29:18.007;INFO;Controller;Executing asynchronous activity: ExecRobotTask;
26/05/20;16:29:18.008;INFO;Controller;Status = Executing: Unload;
26/05/20;16:29:18.008;INFO;Controller;State = Running;
26/05/20;16:29:18.846;INFO;Robot Runtime;executing:    Unload;
26/05/20;16:29:22.690;INFO;Controller;Activity ExecRobotTask ended. Return value: Done False/False/False;
26/05/20;16:29:22.690;INFO;Controller;State = Ready;
26/05/20;16:29:55.302;INFO;Server;Command: Abort;
26/05/20;16:29:55.302;INFO;Robot;Abort;
26/05/20;16:29:55.396;INFO;Server;Command: Restart;
26/05/20;16:29:55.396;INFO;Controller;State = Initializing;
26/05/20;16:29:55.422;INFO;Controller;Initialized log services - Startup: 14/04/20 10:01:05;
26/05/20;16:29:56.430;INFO;Epics Server;Exiting running thread;
26/05/20;16:29:56.432;INFO;Epics Server;Registered PV: SW:Version;
26/05/20;16:29:56.433;INFO;Epics Server;Registered PV: SW:Status;
26/05/20;16:29:56.433;INFO;Epics Server;Registered PV: SW:Uptime;
26/05/20;16:29:56.433;INFO;Epics Server;Registered PV: SW:LastTaskInfo;
26/05/20;16:29:56.433;INFO;Epics Server;Registered PV: SW:AlarmList;
26/05/20;16:29:56.433;INFO;Epics Server;Registered PV: SW:LocalGuiLockOut;
26/05/20;16:29:56.433;INFO;Epics Server;Registered PV: SW:RobotSpeed;
26/05/20;16:29:56.433;INFO;Epics Server;Registered PV: SW:LastTaskException;
26/05/20;16:29:56.433;INFO;Epics Server;Registered PV: SW:LastTaskOutput;
26/05/20;16:29:56.433;INFO;Epics Server;Registered PV: SW:RobotState;
26/05/20;16:29:56.433;INFO;Epics Server;Registered PV: SW:CartesianPositions;
26/05/20;16:29:56.433;INFO;Epics Server;Registered PV: SW:JointPositions;
26/05/20;16:29:56.433;INFO;Epics Server;Registered PV: SW:State;
26/05/20;16:29:56.433;INFO;Epics Server;Registered PV: SW:abort;
26/05/20;16:29:56.433;INFO;Epics Server;Registered PV: SW:restart;
26/05/20;16:29:56.433;INFO;Epics Server;Registered PV: SW:getTaskInfo;
26/05/20;16:29:56.433;INFO;Epics Server;Registered PV: SW:isTaskRunning;
26/05/20;16:29:56.433;INFO;Epics Server;Registered PV: SW:checkTaskResult;
26/05/20;16:29:56.433;INFO;Epics Server;Registered PV: SW:startTestTask;
26/05/20;16:29:56.433;INFO;Epics Server;Registered PV: SW:pauseRobot;
26/05/20;16:29:56.433;INFO;Epics Server;Registered PV: SW:resumeRobot;
26/05/20;16:29:56.434;INFO;Epics Server;Registered PV: SW:setRobotVariable;
26/05/20;16:29:56.434;INFO;Epics Server;Registered PV: SW:isSampleMounted;
26/05/20;16:29:56.434;INFO;Epics Server;Registered PV: SW:startRobotTask;
26/05/20;16:29:56.434;INFO;Epics Server;Registered PV: SW:getRobotVariable;
26/05/20;16:29:56.434;INFO;Epics Server;Registered PV: SW:getDistance;
26/05/20;16:29:56.434;INFO;Epics Server;Initializing: Channel Access Server in Java v1.1.1;
26/05/20;16:29:56.434;INFO;Epics Server;Started server: ready to accept requests;
26/05/20;16:29:57.035;INFO;Controller;Initializing Robot;
26/05/20;16:29:57.038;INFO;Robot;Setting reference frame to: world;
26/05/20;16:29:57.165;INFO;Controller;Initializing Bus Controller;
26/05/20;16:29:57.165;INFO;Anti-Collision;Active = true;
26/05/20;16:29:57.165;INFO;Controller;State = Starting;
26/05/20;16:29:57.166;INFO;Controller;Command: Reset;
26/05/20;16:29:57.166;INFO;Controller;Executing asynchronous script: ./script/Reset.py;
26/05/20;16:29:57.166;INFO;Controller;Status = Reseting;
26/05/20;16:29:57.166;INFO;Controller;State = Running;
26/05/20;16:29:57.351;INFO;Controller;Script host: localhost:45950;
26/05/20;16:29:57.351;INFO;Script;Starting initialization script;
26/05/20;16:29:57.354;INFO;Script;Do nothing;
26/05/20;16:29:57.354;INFO;Controller;Script ./script/Reset.py ended. Return value: ;
26/05/20;16:29:57.354;INFO;Controller;State = Ready;
26/05/20;16:30:03.408;INFO;Server;Command: ExecRobotTask (Recover,500000);
26/05/20;16:30:03.408;INFO;Controller;Executing asynchronous activity: ExecRobotTask;
26/05/20;16:30:03.409;INFO;Controller;Status = Executing: Recover;
26/05/20;16:30:03.409;INFO;Controller;State = Running;
26/05/20;16:30:04.807;INFO;Robot Runtime;executing:    Recover;
26/05/20;16:30:05.532;INFO;Robot Runtime;Done;
26/05/20;16:30:05.998;INFO;Controller;Activity ExecRobotTask ended. Return value: Done;
26/05/20;16:30:05.998;INFO;Controller;State = Ready;
26/05/20;16:30:10.346;INFO;Server;Command: ExecRobotTask (Initialize,500000);
26/05/20;16:30:10.346;INFO;Controller;Executing asynchronous activity: ExecRobotTask;
26/05/20;16:30:10.346;INFO;Controller;Status = Executing: Initialize;
26/05/20;16:30:10.346;INFO;Controller;State = Running;
26/05/20;16:30:11.306;INFO;Robot Runtime;executing:    Initialize;
26/05/20;16:30:11.785;INFO;Controller;Activity ExecRobotTask ended. Return value: Done;
26/05/20;16:30:11.785;INFO;Controller;State = Ready;
26/05/20;16:30:11.802;INFO;Server;Command: ExecRobotTask (Home,500000);
26/05/20;16:30:11.802;INFO;Controller;Executing asynchronous activity: ExecRobotTask;
26/05/20;16:30:11.802;INFO;Controller;Status = Executing: Home;
26/05/20;16:30:11.802;INFO;Controller;State = Running;
26/05/20;16:30:12.640;INFO;Robot Runtime;executing:    Home;
26/05/20;16:30:12.825;INFO;Controller;Activity ExecRobotTask ended. Return value: Done;
26/05/20;16:30:12.825;INFO;Controller;State = Ready;
26/05/20;16:30:12.842;INFO;Server;Command: ExecRobotTask (Park,500000);
26/05/20;16:30:12.842;INFO;Controller;Executing asynchronous activity: ExecRobotTask;
26/05/20;16:30:12.842;INFO;Controller;Status = Executing: Park;
26/05/20;16:30:12.842;INFO;Controller;State = Running;
26/05/20;16:30:13.681;INFO;Robot Runtime;executing:    Park;
26/05/20;16:30:16.425;INFO;Controller;Activity ExecRobotTask ended. Return value: Done;
26/05/20;16:30:16.425;INFO;Controller;State = Ready;
26/05/20;16:30:18.461;INFO;Server;Command: ExecRobotTask (OpenPortLid,500000);
26/05/20;16:30:18.461;INFO;Controller;Executing asynchronous activity: ExecRobotTask;
26/05/20;16:30:18.461;INFO;Controller;Status = Executing: OpenPortLid;
26/05/20;16:30:18.461;INFO;Controller;State = Running;
26/05/20;16:30:19.299;INFO;Robot Runtime;executing:    OpenPortLid;
26/05/20;16:30:19.827;INFO;Controller;Activity ExecRobotTask ended. Return value: Done;
26/05/20;16:30:19.827;INFO;Controller;State = Ready;
26/05/20;16:30:19.848;INFO;Server;Command: ExecRobotTask (EnableTScreen,500000);
26/05/20;16:30:19.848;INFO;Controller;Executing asynchronous activity: ExecRobotTask;
26/05/20;16:30:19.848;INFO;Controller;Status = Executing: EnableTScreen;
26/05/20;16:30:19.848;INFO;Controller;State = Running;
26/05/20;16:30:20.702;INFO;Robot Runtime;executing:    EnableTScreen;
26/05/20;16:30:20.872;INFO;Controller;Activity ExecRobotTask ended. Return value: Done;
26/05/20;16:30:20.872;INFO;Controller;State = Ready;
26/05/20;16:30:31.917;INFO;Server;Command: ExecRobotTask (ClosePorts,500000);
26/05/20;16:30:31.917;INFO;Controller;Executing asynchronous activity: ExecRobotTask;
26/05/20;16:30:31.917;INFO;Controller;Status = Executing: ClosePorts;
26/05/20;16:30:31.917;INFO;Controller;State = Running;
26/05/20;16:30:32.768;INFO;Robot Runtime;executing:    ClosePorts;
26/05/20;16:30:33.135;INFO;Controller;Activity ExecRobotTask ended. Return value: Done;
26/05/20;16:30:33.135;INFO;Controller;State = Ready;
26/05/20;16:30:33.150;INFO;Server;Command: ExecRobotTask (EnableTScreen,500000);
26/05/20;16:30:33.150;INFO;Controller;Executing asynchronous activity: ExecRobotTask;
26/05/20;16:30:33.150;INFO;Controller;Status = Executing: EnableTScreen;
26/05/20;16:30:33.151;INFO;Controller;State = Running;
26/05/20;16:30:33.987;INFO;Robot Runtime;executing:    EnableTScreen;
26/05/20;16:30:34.343;INFO;Controller;Activity ExecRobotTask ended. Return value: Done;
26/05/20;16:30:34.343;INFO;Controller;State = Ready;
26/05/20;16:34:07.650;INFO;Server;Command: ExecRobotTask (Initialize,500000);
26/05/20;16:34:07.650;INFO;Controller;Executing asynchronous activity: ExecRobotTask;
26/05/20;16:34:07.650;INFO;Controller;Status = Executing: Initialize;
26/05/20;16:34:07.650;INFO;Controller;State = Running;
26/05/20;16:34:08.490;INFO;Robot Runtime;executing:    Initialize;
26/05/20;16:34:08.668;INFO;Controller;Activity ExecRobotTask ended. Return value: Done;
26/05/20;16:34:08.668;INFO;Controller;State = Ready;
26/05/20;16:34:08.881;INFO;Server;Command: ExecRobotTask (Load,500000);
26/05/20;16:34:08.881;INFO;Controller;Executing asynchronous activity: ExecRobotTask;
26/05/20;16:34:08.882;INFO;Controller;Status = Executing: Load;
26/05/20;16:34:08.882;INFO;Controller;State = Running;
26/05/20;16:34:10.164;INFO;Robot Runtime;executing:    Load;
26/05/20;16:34:19.311;INFO;Controller;Activity ExecRobotTask ended. Return value: Done False/True/False;
26/05/20;16:34:19.311;INFO;Controller;State = Ready;
26/05/20;16:34:19.323;INFO;Server;Command: ExecRobotTask (Mount,500000);
26/05/20;16:34:19.323;INFO;Controller;Executing asynchronous activity: ExecRobotTask;
26/05/20;16:34:19.323;INFO;Controller;Status = Executing: Mount;
26/05/20;16:34:19.323;INFO;Controller;State = Running;
26/05/20;16:34:20.251;INFO;Robot Runtime;executing:    Mount;
26/05/20;16:34:24.285;INFO;Controller;Activity ExecRobotTask ended. Return value: Done True/False/False;
26/05/20;16:34:24.285;INFO;Controller;State = Ready;
26/05/20;16:34:24.303;INFO;Server;Command: ExecRobotTask (Park,500000);
26/05/20;16:34:24.303;INFO;Controller;Executing asynchronous activity: ExecRobotTask;
26/05/20;16:34:24.303;INFO;Controller;Status = Executing: Park;
26/05/20;16:34:24.303;INFO;Controller;State = Running;
26/05/20;16:34:25.167;INFO;Robot Runtime;executing:    Park;
26/05/20;16:34:26.923;INFO;Controller;Activity ExecRobotTask ended. Return value: Done;
26/05/20;16:34:26.923;INFO;Controller;State = Ready;
26/05/20;16:34:26.938;INFO;Server;Command: ExecRobotTask (UnlatchRobGov,500000);
26/05/20;16:34:26.938;INFO;Controller;Executing asynchronous activity: ExecRobotTask;
26/05/20;16:34:26.938;INFO;Controller;Status = Executing: UnlatchRobGov;
26/05/20;16:34:26.938;INFO;Controller;State = Running;
26/05/20;16:34:27.847;INFO;Robot Runtime;executing:    UnlatchRobGov;
26/05/20;16:34:28.320;INFO;Controller;Activity ExecRobotTask ended. Return value: Done;
26/05/20;16:34:28.320;INFO;Controller;State = Ready;
26/05/20;16:37:16.120;INFO;Server;Command: ExecRobotTask (Unmount,500000);
26/05/20;16:37:16.121;INFO;Controller;Executing asynchronous activity: ExecRobotTask;
26/05/20;16:37:16.121;INFO;Controller;Status = Executing: Unmount;
26/05/20;16:37:16.121;INFO;Controller;State = Running;
26/05/20;16:37:16.971;INFO;Robot Runtime;executing:    Unmount;
26/05/20;16:37:23.995;INFO;Controller;Activity ExecRobotTask ended. Return value: Done False/True/False;
26/05/20;16:37:23.995;INFO;Controller;State = Ready;
26/05/20;16:37:24.014;INFO;Server;Command: ExecRobotTask (Unload,500000);
26/05/20;16:37:24.014;INFO;Controller;Executing asynchronous activity: ExecRobotTask;
26/05/20;16:37:24.014;INFO;Controller;Status = Executing: Unload;
26/05/20;16:37:24.014;INFO;Controller;State = Running;
26/05/20;16:37:24.858;INFO;Robot Runtime;executing:    Unload;
26/05/20;16:37:28.875;INFO;Controller;Activity ExecRobotTask ended. Return value: Done False/False/False;
26/05/20;16:37:28.875;INFO;Controller;State = Ready;
26/05/20;16:37:30.528;INFO;Server;Command: ExecRobotTask (Load,500000);
26/05/20;16:37:30.528;INFO;Controller;Executing asynchronous activity: ExecRobotTask;
26/05/20;16:37:30.528;INFO;Controller;Status = Executing: Load;
26/05/20;16:37:30.528;INFO;Controller;State = Running;
26/05/20;16:37:31.810;INFO;Robot Runtime;executing:    Load;
26/05/20;16:37:37.972;INFO;Controller;Activity ExecRobotTask ended. Return value: Done False/True/False;
26/05/20;16:37:37.972;INFO;Controller;State = Ready;
26/05/20;16:37:37.987;INFO;Server;Command: ExecRobotTask (Mount,500000);
26/05/20;16:37:37.988;INFO;Controller;Executing asynchronous activity: ExecRobotTask;
26/05/20;16:37:37.988;INFO;Controller;Status = Executing: Mount;
26/05/20;16:37:37.988;INFO;Controller;State = Running;
26/05/20;16:37:38.927;INFO;Robot Runtime;executing:    Mount;
26/05/20;16:37:43.205;INFO;Controller;Activity ExecRobotTask ended. Return value: Done True/False/False;
26/05/20;16:37:43.205;INFO;Controller;State = Ready;
26/05/20;16:37:43.239;INFO;Server;Command: ExecRobotTask (Park,500000);
26/05/20;16:37:43.239;INFO;Controller;Executing asynchronous activity: ExecRobotTask;
26/05/20;16:37:43.239;INFO;Controller;Status = Executing: Park;
26/05/20;16:37:43.239;INFO;Controller;State = Running;
26/05/20;16:37:44.080;INFO;Robot Runtime;executing:    Park;
26/05/20;16:37:45.833;INFO;Controller;Activity ExecRobotTask ended. Return value: Done;
26/05/20;16:37:45.833;INFO;Controller;State = Ready;
26/05/20;16:37:45.854;INFO;Server;Command: ExecRobotTask (UnlatchRobGov,500000);
26/05/20;16:37:45.854;INFO;Controller;Executing asynchronous activity: ExecRobotTask;
26/05/20;16:37:45.854;INFO;Controller;Status = Executing: UnlatchRobGov;
26/05/20;16:37:45.854;INFO;Controller;State = Running;
26/05/20;16:37:46.746;INFO;Robot Runtime;executing:    UnlatchRobGov;
26/05/20;16:37:47.221;INFO;Controller;Activity ExecRobotTask ended. Return value: Done;
26/05/20;16:37:47.221;INFO;Controller;State = Ready;
26/05/20;16:44:50.592;INFO;Server;Command: ExecRobotTask (Unmount,500000);
26/05/20;16:44:50.592;INFO;Controller;Executing asynchronous activity: ExecRobotTask;
26/05/20;16:44:50.592;INFO;Controller;Status = Executing: Unmount;
26/05/20;16:44:50.592;INFO;Controller;State = Running;
26/05/20;16:44:51.446;INFO;Robot Runtime;executing:    Unmount;
26/05/20;16:45:13.990;INFO;Server;Command: Abort;
26/05/20;16:45:13.990;INFO;Robot;Abort;
26/05/20;16:45:14.000;INFO;Controller;Activity ExecRobotTask was stopped;
26/05/20;16:45:14.000;INFO;Controller;State = Ready;
26/05/20;16:45:14.100;INFO;Server;Command: Restart;
26/05/20;16:45:14.101;INFO;Controller;State = Initializing;
26/05/20;16:45:14.126;INFO;Controller;Initialized log services - Startup: 14/04/20 10:01:05;
26/05/20;16:45:15.134;INFO;Epics Server;Exiting running thread;
26/05/20;16:45:15.137;INFO;Epics Server;Registered PV: SW:Version;
26/05/20;16:45:15.137;INFO;Epics Server;Registered PV: SW:Status;
26/05/20;16:45:15.137;INFO;Epics Server;Registered PV: SW:Uptime;
26/05/20;16:45:15.137;INFO;Epics Server;Registered PV: SW:LastTaskInfo;
26/05/20;16:45:15.137;INFO;Epics Server;Registered PV: SW:AlarmList;
26/05/20;16:45:15.137;INFO;Epics Server;Registered PV: SW:LocalGuiLockOut;
26/05/20;16:45:15.137;INFO;Epics Server;Registered PV: SW:RobotSpeed;
26/05/20;16:45:15.137;INFO;Epics Server;Registered PV: SW:LastTaskException;
26/05/20;16:45:15.137;INFO;Epics Server;Registered PV: SW:LastTaskOutput;
26/05/20;16:45:15.137;INFO;Epics Server;Registered PV: SW:RobotState;
26/05/20;16:45:15.137;INFO;Epics Server;Registered PV: SW:CartesianPositions;
26/05/20;16:45:15.137;INFO;Epics Server;Registered PV: SW:JointPositions;
26/05/20;16:45:15.138;INFO;Epics Server;Registered PV: SW:State;
26/05/20;16:45:15.138;INFO;Epics Server;Registered PV: SW:abort;
26/05/20;16:45:15.138;INFO;Epics Server;Registered PV: SW:restart;
26/05/20;16:45:15.138;INFO;Epics Server;Registered PV: SW:getTaskInfo;
26/05/20;16:45:15.138;INFO;Epics Server;Registered PV: SW:isTaskRunning;
26/05/20;16:45:15.138;INFO;Epics Server;Registered PV: SW:checkTaskResult;
26/05/20;16:45:15.138;INFO;Epics Server;Registered PV: SW:startTestTask;
26/05/20;16:45:15.138;INFO;Epics Server;Registered PV: SW:pauseRobot;
26/05/20;16:45:15.138;INFO;Epics Server;Registered PV: SW:resumeRobot;
26/05/20;16:45:15.138;INFO;Epics Server;Registered PV: SW:setRobotVariable;
26/05/20;16:45:15.138;INFO;Epics Server;Registered PV: SW:isSampleMounted;
26/05/20;16:45:15.138;INFO;Epics Server;Registered PV: SW:startRobotTask;
26/05/20;16:45:15.138;INFO;Epics Server;Registered PV: SW:getRobotVariable;
26/05/20;16:45:15.138;INFO;Epics Server;Registered PV: SW:getDistance;
26/05/20;16:45:15.138;INFO;Epics Server;Initializing: Channel Access Server in Java v1.1.1;
26/05/20;16:45:15.139;INFO;Epics Server;Started server: ready to accept requests;
26/05/20;16:45:15.771;INFO;Controller;Initializing Robot;
26/05/20;16:45:15.776;INFO;Robot;Setting reference frame to: world;
26/05/20;16:45:15.900;INFO;Controller;Initializing Bus Controller;
26/05/20;16:45:15.900;INFO;Anti-Collision;Active = true;
26/05/20;16:45:15.900;INFO;Controller;State = Starting;
26/05/20;16:45:15.901;INFO;Controller;Command: Reset;
26/05/20;16:45:15.901;INFO;Controller;Executing asynchronous script: ./script/Reset.py;
26/05/20;16:45:15.901;INFO;Controller;Status = Reseting;
26/05/20;16:45:15.902;INFO;Controller;State = Running;
26/05/20;16:45:16.081;INFO;Controller;Script host: localhost:34902;
26/05/20;16:45:16.081;INFO;Script;Starting initialization script;
26/05/20;16:45:16.083;INFO;Script;Do nothing;
26/05/20;16:45:16.085;INFO;Controller;Script ./script/Reset.py ended. Return value: ;
26/05/20;16:45:16.085;INFO;Controller;State = Ready;
26/05/20;16:45:22.111;INFO;Server;Command: ExecRobotTask (Recover,500000);
26/05/20;16:45:22.111;INFO;Controller;Executing asynchronous activity: ExecRobotTask;
26/05/20;16:45:22.111;INFO;Controller;Status = Executing: Recover;
26/05/20;16:45:22.111;INFO;Controller;State = Running;
26/05/20;16:45:23.551;INFO;Robot Runtime;executing:    Recover;
26/05/20;16:45:24.445;INFO;Robot Runtime;Done;
26/05/20;16:45:24.565;INFO;Controller;Activity ExecRobotTask ended. Return value: Done;
26/05/20;16:45:24.566;INFO;Controller;State = Ready;
26/05/20;16:45:30.663;INFO;Server;Command: ExecRobotTask (Initialize,500000);
26/05/20;16:45:30.663;INFO;Controller;Executing asynchronous activity: ExecRobotTask;
26/05/20;16:45:30.664;INFO;Controller;Status = Executing: Initialize;
26/05/20;16:45:30.664;INFO;Controller;State = Running;
26/05/20;16:45:31.578;INFO;Robot Runtime;executing:    Initialize;
26/05/20;16:45:32.041;INFO;Controller;Activity ExecRobotTask ended. Return value: Done;
26/05/20;16:45:32.041;INFO;Controller;State = Ready;
26/05/20;16:45:32.056;INFO;Server;Command: ExecRobotTask (Home,500000);
26/05/20;16:45:32.056;INFO;Controller;Executing asynchronous activity: ExecRobotTask;
26/05/20;16:45:32.056;INFO;Controller;Status = Executing: Home;
26/05/20;16:45:32.056;INFO;Controller;State = Running;
26/05/20;16:45:32.900;INFO;Robot Runtime;executing:    Home;
26/05/20;16:45:33.080;INFO;Controller;Activity ExecRobotTask ended. Return value: Done;
26/05/20;16:45:33.080;INFO;Controller;State = Ready;
26/05/20;16:45:33.093;INFO;Server;Command: ExecRobotTask (Park,500000);
26/05/20;16:45:33.093;INFO;Controller;Executing asynchronous activity: ExecRobotTask;
26/05/20;16:45:33.093;INFO;Controller;Status = Executing: Park;
26/05/20;16:45:33.093;INFO;Controller;State = Running;
26/05/20;16:45:33.929;INFO;Robot Runtime;executing:    Park;
26/05/20;16:45:36.675;INFO;Controller;Activity ExecRobotTask ended. Return value: Done;
26/05/20;16:45:36.676;INFO;Controller;State = Ready;
26/05/20;16:47:37.899;INFO;Server;Command: ExecRobotTask (Unmount,500000);
26/05/20;16:47:37.899;INFO;Controller;Executing asynchronous activity: ExecRobotTask;
26/05/20;16:47:37.899;INFO;Controller;Status = Executing: Unmount;
26/05/20;16:47:37.900;INFO;Controller;State = Running;
26/05/20;16:47:38.775;INFO;Robot Runtime;executing:    Unmount;
26/05/20;16:47:46.003;INFO;Controller;Activity ExecRobotTask ended. Return value: Done False/True/False;
26/05/20;16:47:46.004;INFO;Controller;State = Ready;
26/05/20;16:47:46.020;INFO;Server;Command: ExecRobotTask (Unload,500000);
26/05/20;16:47:46.020;INFO;Controller;Executing asynchronous activity: ExecRobotTask;
26/05/20;16:47:46.020;INFO;Controller;Status = Executing: Unload;
26/05/20;16:47:46.020;INFO;Controller;State = Running;
26/05/20;16:47:46.892;INFO;Robot Runtime;executing:    Unload;
26/05/20;16:47:50.742;INFO;Controller;Activity ExecRobotTask ended. Return value: Done False/False/False;
26/05/20;16:47:50.742;INFO;Controller;State = Ready;
26/05/20;16:47:52.360;INFO;Server;Command: ExecRobotTask (Load,500000);
26/05/20;16:47:52.360;INFO;Controller;Executing asynchronous activity: ExecRobotTask;
26/05/20;16:47:52.360;INFO;Controller;Status = Executing: Load;
26/05/20;16:47:52.360;INFO;Controller;State = Running;
26/05/20;16:47:53.635;INFO;Robot Runtime;executing:    Load;
26/05/20;16:47:59.894;INFO;Controller;Activity ExecRobotTask ended. Return value: Done False/True/False;
26/05/20;16:47:59.894;INFO;Controller;State = Ready;
26/05/20;16:47:59.912;INFO;Server;Command: ExecRobotTask (Mount,500000);
26/05/20;16:47:59.912;INFO;Controller;Executing asynchronous activity: ExecRobotTask;
26/05/20;16:47:59.912;INFO;Controller;Status = Executing: Mount;
26/05/20;16:47:59.912;INFO;Controller;State = Running;
26/05/20;16:48:00.805;INFO;Robot Runtime;executing:    Mount;
26/05/20;16:48:04.860;INFO;Controller;Activity ExecRobotTask ended. Return value: Done True/False/False;
26/05/20;16:48:04.860;INFO;Controller;State = Ready;
26/05/20;16:48:04.874;INFO;Server;Command: ExecRobotTask (Park,500000);
26/05/20;16:48:04.874;INFO;Controller;Executing asynchronous activity: ExecRobotTask;
26/05/20;16:48:04.874;INFO;Controller;Status = Executing: Park;
26/05/20;16:48:04.874;INFO;Controller;State = Running;
26/05/20;16:48:05.722;INFO;Robot Runtime;executing:    Park;
26/05/20;16:48:07.499;INFO;Controller;Activity ExecRobotTask ended. Return value: Done;
26/05/20;16:48:07.499;INFO;Controller;State = Ready;
26/05/20;16:48:07.509;INFO;Server;Command: ExecRobotTask (UnlatchRobGov,500000);
26/05/20;16:48:07.509;INFO;Controller;Executing asynchronous activity: ExecRobotTask;
26/05/20;16:48:07.509;INFO;Controller;Status = Executing: UnlatchRobGov;
26/05/20;16:48:07.509;INFO;Controller;State = Running;
26/05/20;16:48:08.402;INFO;Robot Runtime;executing:    UnlatchRobGov;
26/05/20;16:48:08.879;INFO;Controller;Activity ExecRobotTask ended. Return value: Done;
26/05/20;16:48:08.879;INFO;Controller;State = Ready;
26/05/20;16:51:51.666;INFO;Server;Command: ExecRobotTask (Unmount,500000);
26/05/20;16:51:51.666;INFO;Controller;Executing asynchronous activity: ExecRobotTask;
26/05/20;16:51:51.666;INFO;Controller;Status = Executing: Unmount;
26/05/20;16:51:51.666;INFO;Controller;State = Running;
26/05/20;16:51:52.538;INFO;Robot Runtime;executing:    Unmount;
26/05/20;16:51:59.755;INFO;Controller;Activity ExecRobotTask ended. Return value: Done False/True/False;
26/05/20;16:51:59.755;INFO;Controller;State = Ready;
26/05/20;16:51:59.768;INFO;Server;Command: ExecRobotTask (Unload,500000);
26/05/20;16:51:59.768;INFO;Controller;Executing asynchronous activity: ExecRobotTask;
26/05/20;16:51:59.769;INFO;Controller;Status = Executing: Unload;
26/05/20;16:51:59.769;INFO;Controller;State = Running;
26/05/20;16:52:00.617;INFO;Robot Runtime;executing:    Unload;
26/05/20;16:52:04.465;INFO;Controller;Activity ExecRobotTask ended. Return value: Done False/False/False;
26/05/20;16:52:04.465;INFO;Controller;State = Ready;
26/05/20;16:52:06.058;INFO;Server;Command: ExecRobotTask (Load,500000);
26/05/20;16:52:06.058;INFO;Controller;Executing asynchronous activity: ExecRobotTask;
26/05/20;16:52:06.058;INFO;Controller;Status = Executing: Load;
26/05/20;16:52:06.058;INFO;Controller;State = Running;
26/05/20;16:52:07.344;INFO;Robot Runtime;executing:    Load;
26/05/20;16:52:13.568;INFO;Controller;Activity ExecRobotTask ended. Return value: Done False/True/False;
26/05/20;16:52:13.568;INFO;Controller;State = Ready;
26/05/20;16:52:13.582;INFO;Server;Command: ExecRobotTask (Mount,500000);
26/05/20;16:52:13.582;INFO;Controller;Executing asynchronous activity: ExecRobotTask;
26/05/20;16:52:13.582;INFO;Controller;Status = Executing: Mount;
26/05/20;16:52:13.582;INFO;Controller;State = Running;
26/05/20;16:52:14.478;INFO;Robot Runtime;executing:    Mount;
26/05/20;16:52:18.540;INFO;Controller;Activity ExecRobotTask ended. Return value: Done True/False/False;
26/05/20;16:52:18.541;INFO;Controller;State = Ready;
26/05/20;16:52:18.570;INFO;Server;Command: ExecRobotTask (Park,500000);
26/05/20;16:52:18.570;INFO;Controller;Executing asynchronous activity: ExecRobotTask;
26/05/20;16:52:18.580;INFO;Controller;Status = Executing: Park;
26/05/20;16:52:18.581;INFO;Controller;State = Running;
26/05/20;16:52:19.419;INFO;Robot Runtime;executing:    Park;
26/05/20;16:52:21.165;INFO;Controller;Activity ExecRobotTask ended. Return value: Done;
26/05/20;16:52:21.165;INFO;Controller;State = Ready;
26/05/20;16:52:21.177;INFO;Server;Command: ExecRobotTask (UnlatchRobGov,500000);
26/05/20;16:52:21.177;INFO;Controller;Executing asynchronous activity: ExecRobotTask;
26/05/20;16:52:21.177;INFO;Controller;Status = Executing: UnlatchRobGov;
26/05/20;16:52:21.177;INFO;Controller;State = Running;
26/05/20;16:52:22.062;INFO;Robot Runtime;executing:    UnlatchRobGov;
26/05/20;16:52:22.549;INFO;Controller;Activity ExecRobotTask ended. Return value: Done;
26/05/20;16:52:22.549;INFO;Controller;State = Ready;
26/05/20;16:56:07.766;INFO;Server;Command: ExecRobotTask (Unmount,500000);
26/05/20;16:56:07.766;INFO;Controller;Executing asynchronous activity: ExecRobotTask;
26/05/20;16:56:07.766;INFO;Controller;Status = Executing: Unmount;
26/05/20;16:56:07.766;INFO;Controller;State = Running;
26/05/20;16:56:08.681;INFO;Robot Runtime;executing:    Unmount;
26/05/20;16:56:15.877;INFO;Controller;Activity ExecRobotTask ended. Return value: Done False/True/False;
26/05/20;16:56:15.878;INFO;Controller;State = Ready;
26/05/20;16:56:15.900;INFO;Server;Command: ExecRobotTask (Unload,500000);
26/05/20;16:56:15.900;INFO;Controller;Executing asynchronous activity: ExecRobotTask;
26/05/20;16:56:15.900;INFO;Controller;Status = Executing: Unload;
26/05/20;16:56:15.900;INFO;Controller;State = Running;
26/05/20;16:56:16.757;INFO;Robot Runtime;executing:    Unload;
26/05/20;16:56:20.596;INFO;Controller;Activity ExecRobotTask ended. Return value: Done False/False/False;
26/05/20;16:56:20.596;INFO;Controller;State = Ready;
26/05/20;16:56:22.177;INFO;Server;Command: ExecRobotTask (Load,500000);
26/05/20;16:56:22.177;INFO;Controller;Executing asynchronous activity: ExecRobotTask;
26/05/20;16:56:22.177;INFO;Controller;Status = Executing: Load;
26/05/20;16:56:22.177;INFO;Controller;State = Running;
26/05/20;16:56:23.384;INFO;Robot Runtime;executing:    Load;
26/05/20;16:56:29.264;INFO;Controller;Activity ExecRobotTask ended. Return value: Done False/True/False;
26/05/20;16:56:29.264;INFO;Controller;State = Ready;
26/05/20;16:56:29.278;INFO;Server;Command: ExecRobotTask (Mount,500000);
26/05/20;16:56:29.279;INFO;Controller;Executing asynchronous activity: ExecRobotTask;
26/05/20;16:56:29.279;INFO;Controller;Status = Executing: Mount;
26/05/20;16:56:29.279;INFO;Controller;State = Running;
26/05/20;16:56:30.154;INFO;Robot Runtime;executing:    Mount;
26/05/20;16:56:34.406;INFO;Controller;Activity ExecRobotTask ended. Return value: Done True/False/False;
26/05/20;16:56:34.406;INFO;Controller;State = Ready;
26/05/20;16:56:34.433;INFO;Server;Command: ExecRobotTask (Park,500000);
26/05/20;16:56:34.433;INFO;Controller;Executing asynchronous activity: ExecRobotTask;
26/05/20;16:56:34.433;INFO;Controller;Status = Executing: Park;
26/05/20;16:56:34.433;INFO;Controller;State = Running;
26/05/20;16:56:35.276;INFO;Robot Runtime;executing:    Park;
26/05/20;16:56:37.033;INFO;Controller;Activity ExecRobotTask ended. Return value: Done;
26/05/20;16:56:37.033;INFO;Controller;State = Ready;
26/05/20;16:56:37.047;INFO;Server;Command: ExecRobotTask (UnlatchRobGov,500000);
26/05/20;16:56:37.048;INFO;Controller;Executing asynchronous activity: ExecRobotTask;
26/05/20;16:56:37.048;INFO;Controller;Status = Executing: UnlatchRobGov;
26/05/20;16:56:37.048;INFO;Controller;State = Running;
26/05/20;16:56:38.001;INFO;Robot Runtime;executing:    UnlatchRobGov;
26/05/20;16:56:38.429;INFO;Controller;Activity ExecRobotTask ended. Return value: Done;
26/05/20;16:56:38.429;INFO;Controller;State = Ready;
26/05/20;16:58:22.977;INFO;Server;Command: ExecRobotTask (Unmount,500000);
26/05/20;16:58:22.978;INFO;Controller;Executing asynchronous activity: ExecRobotTask;
26/05/20;16:58:22.978;INFO;Controller;Status = Executing: Unmount;
26/05/20;16:58:22.978;INFO;Controller;State = Running;
26/05/20;16:58:23.848;INFO;Robot Runtime;executing:    Unmount;
26/05/20;16:58:31.046;INFO;Controller;Activity ExecRobotTask ended. Return value: Done False/True/False;
26/05/20;16:58:31.046;INFO;Controller;State = Ready;
26/05/20;16:58:31.064;INFO;Server;Command: ExecRobotTask (Unload,500000);
26/05/20;16:58:31.064;INFO;Controller;Executing asynchronous activity: ExecRobotTask;
26/05/20;16:58:31.064;INFO;Controller;Status = Executing: Unload;
26/05/20;16:58:31.064;INFO;Controller;State = Running;
26/05/20;16:58:31.919;INFO;Robot Runtime;executing:    Unload;
26/05/20;16:58:35.760;INFO;Controller;Activity ExecRobotTask ended. Return value: Done False/False/False;
26/05/20;16:58:35.761;INFO;Controller;State = Ready;
26/05/20;16:58:37.337;INFO;Server;Command: ExecRobotTask (Load,500000);
26/05/20;16:58:37.338;INFO;Controller;Executing asynchronous activity: ExecRobotTask;
26/05/20;16:58:37.338;INFO;Controller;Status = Executing: Load;
26/05/20;16:58:37.338;INFO;Controller;State = Running;
26/05/20;16:58:38.582;INFO;Robot Runtime;executing:    Load;
26/05/20;16:58:44.614;INFO;Controller;Activity ExecRobotTask ended. Return value: Done False/True/False;
26/05/20;16:58:44.614;INFO;Controller;State = Ready;
26/05/20;16:58:44.634;INFO;Server;Command: ExecRobotTask (Mount,500000);
26/05/20;16:58:44.634;INFO;Controller;Executing asynchronous activity: ExecRobotTask;
26/05/20;16:58:44.634;INFO;Controller;Status = Executing: Mount;
26/05/20;16:58:44.635;INFO;Controller;State = Running;
26/05/20;16:58:45.514;INFO;Robot Runtime;executing:    Mount;
26/05/20;16:58:49.593;INFO;Controller;Activity ExecRobotTask ended. Return value: Done True/False/False;
26/05/20;16:58:49.593;INFO;Controller;State = Ready;
26/05/20;16:58:49.617;INFO;Server;Command: ExecRobotTask (Park,500000);
26/05/20;16:58:49.618;INFO;Controller;Executing asynchronous activity: ExecRobotTask;
26/05/20;16:58:49.618;INFO;Controller;Status = Executing: Park;
26/05/20;16:58:49.618;INFO;Controller;State = Running;
26/05/20;16:58:50.522;INFO;Robot Runtime;executing:    Park;
26/05/20;16:58:52.652;INFO;Controller;Activity ExecRobotTask ended. Return value: Done;
26/05/20;16:58:52.652;INFO;Controller;State = Ready;
26/05/20;16:58:52.668;INFO;Server;Command: ExecRobotTask (UnlatchRobGov,500000);
26/05/20;16:58:52.668;INFO;Controller;Executing asynchronous activity: ExecRobotTask;
26/05/20;16:58:52.668;INFO;Controller;Status = Executing: UnlatchRobGov;
26/05/20;16:58:52.668;INFO;Controller;State = Running;
26/05/20;16:58:53.553;INFO;Robot Runtime;executing:    UnlatchRobGov;
26/05/20;16:58:53.701;INFO;Controller;Activity ExecRobotTask ended. Return value: Done;
26/05/20;16:58:53.701;INFO;Controller;State = Ready;
26/05/20;17:02:39.011;INFO;Server;Command: ExecRobotTask (Unmount,500000);
26/05/20;17:02:39.011;INFO;Controller;Executing asynchronous activity: ExecRobotTask;
26/05/20;17:02:39.011;INFO;Controller;Status = Executing: Unmount;
26/05/20;17:02:39.011;INFO;Controller;State = Running;
26/05/20;17:02:39.874;INFO;Robot Runtime;executing:    Unmount;
26/05/20;17:02:47.056;INFO;Controller;Activity ExecRobotTask ended. Return value: Done False/True/False;
26/05/20;17:02:47.056;INFO;Controller;State = Ready;
26/05/20;17:02:47.072;INFO;Server;Command: ExecRobotTask (Unload,500000);
26/05/20;17:02:47.072;INFO;Controller;Executing asynchronous activity: ExecRobotTask;
26/05/20;17:02:47.072;INFO;Controller;Status = Executing: Unload;
26/05/20;17:02:47.072;INFO;Controller;State = Running;
26/05/20;17:02:47.924;INFO;Robot Runtime;executing:    Unload;
26/05/20;17:02:51.769;INFO;Controller;Activity ExecRobotTask ended. Return value: Done False/False/False;
26/05/20;17:02:51.770;INFO;Controller;State = Ready;
26/05/20;17:02:53.348;INFO;Server;Command: ExecRobotTask (Load,500000);
26/05/20;17:02:53.348;INFO;Controller;Executing asynchronous activity: ExecRobotTask;
26/05/20;17:02:53.348;INFO;Controller;Status = Executing: Load;
26/05/20;17:02:53.348;INFO;Controller;State = Running;
26/05/20;17:02:54.582;INFO;Robot Runtime;executing:    Load;
26/05/20;17:03:00.854;INFO;Controller;Activity ExecRobotTask ended. Return value: Done False/True/False;
26/05/20;17:03:00.855;INFO;Controller;State = Ready;
26/05/20;17:03:00.877;INFO;Server;Command: ExecRobotTask (Mount,500000);
26/05/20;17:03:00.877;INFO;Controller;Executing asynchronous activity: ExecRobotTask;
26/05/20;17:03:00.877;INFO;Controller;Status = Executing: Mount;
26/05/20;17:03:00.877;INFO;Controller;State = Running;
26/05/20;17:03:01.819;INFO;Robot Runtime;executing:    Mount;
26/05/20;17:03:06.099;INFO;Controller;Activity ExecRobotTask ended. Return value: Done True/False/False;
26/05/20;17:03:06.099;INFO;Controller;State = Ready;
26/05/20;17:03:06.121;INFO;Server;Command: ExecRobotTask (Park,500000);
26/05/20;17:03:06.121;INFO;Controller;Executing asynchronous activity: ExecRobotTask;
26/05/20;17:03:06.121;INFO;Controller;Status = Executing: Park;
26/05/20;17:03:06.121;INFO;Controller;State = Running;
26/05/20;17:03:06.961;INFO;Robot Runtime;executing:    Park;
26/05/20;17:03:08.734;INFO;Controller;Activity ExecRobotTask ended. Return value: Done;
26/05/20;17:03:08.734;INFO;Controller;State = Ready;
26/05/20;17:03:08.761;INFO;Server;Command: ExecRobotTask (UnlatchRobGov,500000);
26/05/20;17:03:08.761;INFO;Controller;Executing asynchronous activity: ExecRobotTask;
26/05/20;17:03:08.762;INFO;Controller;Status = Executing: UnlatchRobGov;
26/05/20;17:03:08.762;INFO;Controller;State = Running;
26/05/20;17:03:09.651;INFO;Robot Runtime;executing:    UnlatchRobGov;
26/05/20;17:03:10.122;INFO;Controller;Activity ExecRobotTask ended. Return value: Done;
26/05/20;17:03:10.122;INFO;Controller;State = Ready;
26/05/20;17:06:54.650;INFO;Server;Command: ExecRobotTask (Unmount,500000);
26/05/20;17:06:54.651;INFO;Controller;Executing asynchronous activity: ExecRobotTask;
26/05/20;17:06:54.651;INFO;Controller;Status = Executing: Unmount;
26/05/20;17:06:54.651;INFO;Controller;State = Running;
26/05/20;17:06:55.530;INFO;Robot Runtime;executing:    Unmount;
26/05/20;17:07:02.802;INFO;Controller;Activity ExecRobotTask ended. Return value: Done False/True/False;
26/05/20;17:07:02.802;INFO;Controller;State = Ready;
26/05/20;17:07:02.823;INFO;Server;Command: ExecRobotTask (Unload,500000);
26/05/20;17:07:02.823;INFO;Controller;Executing asynchronous activity: ExecRobotTask;
26/05/20;17:07:02.823;INFO;Controller;Status = Executing: Unload;
26/05/20;17:07:02.823;INFO;Controller;State = Running;
26/05/20;17:07:03.671;INFO;Robot Runtime;executing:    Unload;
26/05/20;17:07:07.504;INFO;Controller;Activity ExecRobotTask ended. Return value: Done False/False/False;
26/05/20;17:07:07.504;INFO;Controller;State = Ready;
26/05/20;17:07:09.203;INFO;Server;Command: ExecRobotTask (Load,500000);
26/05/20;17:07:09.203;INFO;Controller;Executing asynchronous activity: ExecRobotTask;
26/05/20;17:07:09.203;INFO;Controller;Status = Executing: Load;
26/05/20;17:07:09.203;INFO;Controller;State = Running;
26/05/20;17:07:10.442;INFO;Robot Runtime;executing:    Load;
26/05/20;17:07:16.632;INFO;Controller;Activity ExecRobotTask ended. Return value: Done False/True/False;
26/05/20;17:07:16.632;INFO;Controller;State = Ready;
26/05/20;17:07:16.656;INFO;Server;Command: ExecRobotTask (Mount,500000);
26/05/20;17:07:16.656;INFO;Controller;Executing asynchronous activity: ExecRobotTask;
26/05/20;17:07:16.656;INFO;Controller;Status = Executing: Mount;
26/05/20;17:07:16.656;INFO;Controller;State = Running;
26/05/20;17:07:17.572;INFO;Robot Runtime;executing:    Mount;
26/05/20;17:07:21.609;INFO;Controller;Activity ExecRobotTask ended. Return value: Done True/False/False;
26/05/20;17:07:21.610;INFO;Controller;State = Ready;
26/05/20;17:07:21.631;INFO;Server;Command: ExecRobotTask (Park,500000);
26/05/20;17:07:21.631;INFO;Controller;Executing asynchronous activity: ExecRobotTask;
26/05/20;17:07:21.631;INFO;Controller;Status = Executing: Park;
26/05/20;17:07:21.631;INFO;Controller;State = Running;
26/05/20;17:07:22.476;INFO;Robot Runtime;executing:    Park;
26/05/20;17:07:24.250;INFO;Controller;Activity ExecRobotTask ended. Return value: Done;
26/05/20;17:07:24.250;INFO;Controller;State = Ready;
26/05/20;17:07:24.273;INFO;Server;Command: ExecRobotTask (UnlatchRobGov,500000);
26/05/20;17:07:24.273;INFO;Controller;Executing asynchronous activity: ExecRobotTask;
26/05/20;17:07:24.273;INFO;Controller;Status = Executing: UnlatchRobGov;
26/05/20;17:07:24.273;INFO;Controller;State = Running;
26/05/20;17:07:25.162;INFO;Robot Runtime;executing:    UnlatchRobGov;
26/05/20;17:07:25.634;INFO;Controller;Activity ExecRobotTask ended. Return value: Done;
26/05/20;17:07:25.635;INFO;Controller;State = Ready;
26/05/20;17:11:13.051;INFO;Server;Command: ExecRobotTask (Unmount,500000);
26/05/20;17:11:13.051;INFO;Controller;Executing asynchronous activity: ExecRobotTask;
26/05/20;17:11:13.051;INFO;Controller;Status = Executing: Unmount;
26/05/20;17:11:13.051;INFO;Controller;State = Running;
26/05/20;17:11:13.919;INFO;Robot Runtime;executing:    Unmount;
26/05/20;17:11:20.966;INFO;Controller;Activity ExecRobotTask ended. Return value: Done False/True/False;
26/05/20;17:11:20.966;INFO;Controller;State = Ready;
26/05/20;17:11:20.993;INFO;Server;Command: ExecRobotTask (Unload,500000);
26/05/20;17:11:20.993;INFO;Controller;Executing asynchronous activity: ExecRobotTask;
26/05/20;17:11:20.993;INFO;Controller;Status = Executing: Unload;
26/05/20;17:11:20.993;INFO;Controller;State = Running;
26/05/20;17:11:21.841;INFO;Robot Runtime;executing:    Unload;
26/05/20;17:11:25.669;INFO;Controller;Activity ExecRobotTask ended. Return value: Done False/False/False;
26/05/20;17:11:25.669;INFO;Controller;State = Ready;
26/05/20;17:11:27.303;INFO;Server;Command: ExecRobotTask (Load,500000);
26/05/20;17:11:27.304;INFO;Controller;Executing asynchronous activity: ExecRobotTask;
26/05/20;17:11:27.304;INFO;Controller;Status = Executing: Load;
26/05/20;17:11:27.304;INFO;Controller;State = Running;
26/05/20;17:11:28.567;INFO;Robot Runtime;executing:    Load;
26/05/20;17:11:34.779;INFO;Controller;Activity ExecRobotTask ended. Return value: Done False/True/False;
26/05/20;17:11:34.779;INFO;Controller;State = Ready;
26/05/20;17:11:34.800;INFO;Server;Command: ExecRobotTask (Mount,500000);
26/05/20;17:11:34.800;INFO;Controller;Executing asynchronous activity: ExecRobotTask;
26/05/20;17:11:34.800;INFO;Controller;Status = Executing: Mount;
26/05/20;17:11:34.800;INFO;Controller;State = Running;
26/05/20;17:11:35.726;INFO;Robot Runtime;executing:    Mount;
26/05/20;17:11:40.017;INFO;Controller;Activity ExecRobotTask ended. Return value: Done True/False/False;
26/05/20;17:11:40.017;INFO;Controller;State = Ready;
26/05/20;17:11:40.048;INFO;Server;Command: ExecRobotTask (Park,500000);
26/05/20;17:11:40.048;INFO;Controller;Executing asynchronous activity: ExecRobotTask;
26/05/20;17:11:40.048;INFO;Controller;Status = Executing: Park;
26/05/20;17:11:40.048;INFO;Controller;State = Running;
26/05/20;17:11:40.890;INFO;Robot Runtime;executing:    Park;
26/05/20;17:11:42.648;INFO;Controller;Activity ExecRobotTask ended. Return value: Done;
26/05/20;17:11:42.648;INFO;Controller;State = Ready;
26/05/20;17:11:42.668;INFO;Server;Command: ExecRobotTask (UnlatchRobGov,500000);
26/05/20;17:11:42.668;INFO;Controller;Executing asynchronous activity: ExecRobotTask;
26/05/20;17:11:42.668;INFO;Controller;Status = Executing: UnlatchRobGov;
26/05/20;17:11:42.669;INFO;Controller;State = Running;
26/05/20;17:11:43.559;INFO;Robot Runtime;executing:    UnlatchRobGov;
26/05/20;17:11:44.040;INFO;Controller;Activity ExecRobotTask ended. Return value: Done;
26/05/20;17:11:44.041;INFO;Controller;State = Ready;
26/05/20;17:21:16.371;INFO;Server;Command: ExecRobotTask (Unmount,500000);
26/05/20;17:21:16.371;INFO;Controller;Executing asynchronous activity: ExecRobotTask;
26/05/20;17:21:16.371;INFO;Controller;Status = Executing: Unmount;
26/05/20;17:21:16.371;INFO;Controller;State = Running;
26/05/20;17:21:17.247;INFO;Robot Runtime;executing:    Unmount;
26/05/20;17:21:24.613;INFO;Controller;Activity ExecRobotTask ended. Return value: Done False/True/False;
26/05/20;17:21:24.613;INFO;Controller;State = Ready;
26/05/20;17:21:24.636;INFO;Server;Command: ExecRobotTask (Unload,500000);
26/05/20;17:21:24.636;INFO;Controller;Executing asynchronous activity: ExecRobotTask;
26/05/20;17:21:24.636;INFO;Controller;Status = Executing: Unload;
26/05/20;17:21:24.637;INFO;Controller;State = Running;
26/05/20;17:21:25.482;INFO;Robot Runtime;executing:    Unload;
26/05/20;17:21:29.324;INFO;Controller;Activity ExecRobotTask ended. Return value: Done False/False/False;
26/05/20;17:21:29.324;INFO;Controller;State = Ready;
26/05/20;17:21:30.912;INFO;Server;Command: ExecRobotTask (Load,500000);
26/05/20;17:21:30.913;INFO;Controller;Executing asynchronous activity: ExecRobotTask;
26/05/20;17:21:30.913;INFO;Controller;Status = Executing: Load;
26/05/20;17:21:30.913;INFO;Controller;State = Running;
26/05/20;17:21:32.188;INFO;Robot Runtime;executing:    Load;
26/05/20;17:21:38.432;INFO;Controller;Activity ExecRobotTask ended. Return value: Done False/True/False;
26/05/20;17:21:38.432;INFO;Controller;State = Ready;
26/05/20;17:21:38.458;INFO;Server;Command: ExecRobotTask (Mount,500000);
26/05/20;17:21:38.458;INFO;Controller;Executing asynchronous activity: ExecRobotTask;
26/05/20;17:21:38.458;INFO;Controller;Status = Executing: Mount;
26/05/20;17:21:38.458;INFO;Controller;State = Running;
26/05/20;17:21:39.380;INFO;Robot Runtime;executing:    Mount;
26/05/20;17:21:43.654;INFO;Controller;Activity ExecRobotTask ended. Return value: Done True/False/False;
26/05/20;17:21:43.654;INFO;Controller;State = Ready;
26/05/20;17:21:43.688;INFO;Server;Command: ExecRobotTask (Park,500000);
26/05/20;17:21:43.688;INFO;Controller;Executing asynchronous activity: ExecRobotTask;
26/05/20;17:21:43.688;INFO;Controller;Status = Executing: Park;
26/05/20;17:21:43.688;INFO;Controller;State = Running;
26/05/20;17:21:44.533;INFO;Robot Runtime;executing:    Park;
26/05/20;17:21:46.288;INFO;Controller;Activity ExecRobotTask ended. Return value: Done;
26/05/20;17:21:46.288;INFO;Controller;State = Ready;
26/05/20;17:21:46.311;INFO;Server;Command: ExecRobotTask (UnlatchRobGov,500000);
26/05/20;17:21:46.311;INFO;Controller;Executing asynchronous activity: ExecRobotTask;
26/05/20;17:21:46.311;INFO;Controller;Status = Executing: UnlatchRobGov;
26/05/20;17:21:46.312;INFO;Controller;State = Running;
26/05/20;17:21:47.198;INFO;Robot Runtime;executing:    UnlatchRobGov;
26/05/20;17:21:47.673;INFO;Controller;Activity ExecRobotTask ended. Return value: Done;
26/05/20;17:21:47.673;INFO;Controller;State = Ready;
26/05/20;17:34:42.822;INFO;Server;Command: ExecRobotTask (Unmount,500000);
26/05/20;17:34:42.823;INFO;Controller;Executing asynchronous activity: ExecRobotTask;
26/05/20;17:34:42.823;INFO;Controller;Status = Executing: Unmount;
26/05/20;17:34:42.823;INFO;Controller;State = Running;
26/05/20;17:34:43.770;INFO;Robot Runtime;executing:    Unmount;
26/05/20;17:34:58.555;INFO;Server;Command: Abort;
26/05/20;17:34:58.555;INFO;Robot;Abort;
26/05/20;17:34:58.555;INFO;Controller;Activity ExecRobotTask was stopped;
26/05/20;17:34:58.555;INFO;Controller;State = Ready;
26/05/20;17:34:58.649;INFO;Server;Command: Restart;
26/05/20;17:34:58.650;INFO;Controller;State = Initializing;
26/05/20;17:34:58.674;INFO;Controller;Initialized log services - Startup: 14/04/20 10:01:05;
26/05/20;17:34:59.678;INFO;Epics Server;Exiting running thread;
26/05/20;17:34:59.681;INFO;Epics Server;Registered PV: SW:Version;
26/05/20;17:34:59.681;INFO;Epics Server;Registered PV: SW:Status;
26/05/20;17:34:59.681;INFO;Epics Server;Registered PV: SW:Uptime;
26/05/20;17:34:59.681;INFO;Epics Server;Registered PV: SW:LastTaskInfo;
26/05/20;17:34:59.682;INFO;Epics Server;Registered PV: SW:AlarmList;
26/05/20;17:34:59.682;INFO;Epics Server;Registered PV: SW:LocalGuiLockOut;
26/05/20;17:34:59.682;INFO;Epics Server;Registered PV: SW:RobotSpeed;
26/05/20;17:34:59.682;INFO;Epics Server;Registered PV: SW:LastTaskException;
26/05/20;17:34:59.682;INFO;Epics Server;Registered PV: SW:LastTaskOutput;
26/05/20;17:34:59.682;INFO;Epics Server;Registered PV: SW:RobotState;
26/05/20;17:34:59.682;INFO;Epics Server;Registered PV: SW:CartesianPositions;
26/05/20;17:34:59.682;INFO;Epics Server;Registered PV: SW:JointPositions;
26/05/20;17:34:59.682;INFO;Epics Server;Registered PV: SW:State;
26/05/20;17:34:59.682;INFO;Epics Server;Registered PV: SW:abort;
26/05/20;17:34:59.682;INFO;Epics Server;Registered PV: SW:restart;
26/05/20;17:34:59.682;INFO;Epics Server;Registered PV: SW:getTaskInfo;
26/05/20;17:34:59.682;INFO;Epics Server;Registered PV: SW:isTaskRunning;
26/05/20;17:34:59.682;INFO;Epics Server;Registered PV: SW:checkTaskResult;
26/05/20;17:34:59.682;INFO;Epics Server;Registered PV: SW:startTestTask;
26/05/20;17:34:59.682;INFO;Epics Server;Registered PV: SW:pauseRobot;
26/05/20;17:34:59.682;INFO;Epics Server;Registered PV: SW:resumeRobot;
26/05/20;17:34:59.682;INFO;Epics Server;Registered PV: SW:setRobotVariable;
26/05/20;17:34:59.682;INFO;Epics Server;Registered PV: SW:isSampleMounted;
26/05/20;17:34:59.683;INFO;Epics Server;Registered PV: SW:startRobotTask;
26/05/20;17:34:59.683;INFO;Epics Server;Registered PV: SW:getRobotVariable;
26/05/20;17:34:59.683;INFO;Epics Server;Registered PV: SW:getDistance;
26/05/20;17:34:59.683;INFO;Epics Server;Initializing: Channel Access Server in Java v1.1.1;
26/05/20;17:34:59.683;INFO;Epics Server;Started server: ready to accept requests;
26/05/20;17:35:00.323;INFO;Controller;Initializing Robot;
26/05/20;17:35:00.328;INFO;Robot;Setting reference frame to: world;
26/05/20;17:35:00.453;INFO;Controller;Initializing Bus Controller;
26/05/20;17:35:00.454;INFO;Anti-Collision;Active = true;
26/05/20;17:35:00.454;INFO;Controller;State = Starting;
26/05/20;17:35:00.455;INFO;Controller;Command: Reset;
26/05/20;17:35:00.455;INFO;Controller;Executing asynchronous script: ./script/Reset.py;
26/05/20;17:35:00.455;INFO;Controller;Status = Reseting;
26/05/20;17:35:00.455;INFO;Controller;State = Running;
26/05/20;17:35:00.635;INFO;Controller;Script host: localhost:53413;
26/05/20;17:35:00.636;INFO;Script;Starting initialization script;
26/05/20;17:35:00.638;INFO;Script;Do nothing;
26/05/20;17:35:00.639;INFO;Controller;Script ./script/Reset.py ended. Return value: ;
26/05/20;17:35:00.639;INFO;Controller;State = Ready;
26/05/20;17:35:06.660;INFO;Server;Command: ExecRobotTask (Recover,500000);
26/05/20;17:35:06.661;INFO;Controller;Executing asynchronous activity: ExecRobotTask;
26/05/20;17:35:06.661;INFO;Controller;Status = Executing: Recover;
26/05/20;17:35:06.661;INFO;Controller;State = Running;
26/05/20;17:35:08.054;INFO;Robot Runtime;executing:    Recover;
26/05/20;17:35:08.959;INFO;Robot Runtime;Done;
26/05/20;17:35:09.116;INFO;Controller;Activity ExecRobotTask ended. Return value: Done;
26/05/20;17:35:09.116;INFO;Controller;State = Ready;
26/05/20;17:35:15.200;INFO;Server;Command: ExecRobotTask (Initialize,500000);
26/05/20;17:35:15.200;INFO;Controller;Executing asynchronous activity: ExecRobotTask;
26/05/20;17:35:15.200;INFO;Controller;Status = Executing: Initialize;
26/05/20;17:35:15.200;INFO;Controller;State = Running;
26/05/20;17:35:16.098;INFO;Robot Runtime;executing:    Initialize;
26/05/20;17:35:16.572;INFO;Controller;Activity ExecRobotTask ended. Return value: Done;
26/05/20;17:35:16.572;INFO;Controller;State = Ready;
26/05/20;17:35:16.582;INFO;Server;Command: ExecRobotTask (Home,500000);
26/05/20;17:35:16.582;INFO;Controller;Executing asynchronous activity: ExecRobotTask;
26/05/20;17:35:16.582;INFO;Controller;Status = Executing: Home;
26/05/20;17:35:16.582;INFO;Controller;State = Running;
26/05/20;17:35:17.505;INFO;Robot Runtime;executing:    Home;
26/05/20;17:35:18.051;INFO;Controller;Activity ExecRobotTask ended. Return value: Done;
26/05/20;17:35:18.051;INFO;Controller;State = Ready;
26/05/20;17:35:18.066;INFO;Server;Command: ExecRobotTask (Park,500000);
26/05/20;17:35:18.066;INFO;Controller;Executing asynchronous activity: ExecRobotTask;
26/05/20;17:35:18.066;INFO;Controller;Status = Executing: Park;
26/05/20;17:35:18.066;INFO;Controller;State = Running;
26/05/20;17:35:18.905;INFO;Robot Runtime;executing:    Park;
26/05/20;17:35:21.894;INFO;Controller;Activity ExecRobotTask ended. Return value: Done;
26/05/20;17:35:21.894;INFO;Controller;State = Ready;
26/05/20;17:35:45.966;INFO;Server;Command: ExecRobotTask (Unmount,500000);
26/05/20;17:35:45.966;INFO;Controller;Executing asynchronous activity: ExecRobotTask;
26/05/20;17:35:45.966;INFO;Controller;Status = Executing: Unmount;
26/05/20;17:35:45.966;INFO;Controller;State = Running;
26/05/20;17:35:46.842;INFO;Robot Runtime;executing:    Unmount;
26/05/20;17:35:54.091;INFO;Controller;Activity ExecRobotTask ended. Return value: Done False/True/False;
26/05/20;17:35:54.091;INFO;Controller;State = Ready;
26/05/20;17:35:54.107;INFO;Server;Command: ExecRobotTask (Unload,500000);
26/05/20;17:35:54.107;INFO;Controller;Executing asynchronous activity: ExecRobotTask;
26/05/20;17:35:54.107;INFO;Controller;Status = Executing: Unload;
26/05/20;17:35:54.107;INFO;Controller;State = Running;
26/05/20;17:35:54.968;INFO;Robot Runtime;executing:    Unload;
26/05/20;17:35:58.635;INFO;Controller;Activity ExecRobotTask ended. Return value: Done False/False/False;
26/05/20;17:35:58.635;INFO;Controller;State = Ready;
26/05/20;17:36:00.294;INFO;Server;Command: ExecRobotTask (Load,500000);
26/05/20;17:36:00.294;INFO;Controller;Executing asynchronous activity: ExecRobotTask;
26/05/20;17:36:00.294;INFO;Controller;Status = Executing: Load;
26/05/20;17:36:00.294;INFO;Controller;State = Running;
26/05/20;17:36:01.532;INFO;Robot Runtime;executing:    Load;
26/05/20;17:36:07.466;INFO;Controller;Activity ExecRobotTask ended. Return value: Done False/True/False;
26/05/20;17:36:07.466;INFO;Controller;State = Ready;
26/05/20;17:36:07.482;INFO;Server;Command: ExecRobotTask (Mount,500000);
26/05/20;17:36:07.482;INFO;Controller;Executing asynchronous activity: ExecRobotTask;
26/05/20;17:36:07.482;INFO;Controller;Status = Executing: Mount;
26/05/20;17:36:07.483;INFO;Controller;State = Running;
26/05/20;17:36:08.424;INFO;Robot Runtime;executing:    Mount;
26/05/20;17:36:12.607;INFO;Controller;Activity ExecRobotTask ended. Return value: Done True/False/False;
26/05/20;17:36:12.607;INFO;Controller;State = Ready;
26/05/20;17:36:12.634;INFO;Server;Command: ExecRobotTask (Park,500000);
26/05/20;17:36:12.634;INFO;Controller;Executing asynchronous activity: ExecRobotTask;
26/05/20;17:36:12.634;INFO;Controller;Status = Executing: Park;
26/05/20;17:36:12.634;INFO;Controller;State = Running;
26/05/20;17:36:13.476;INFO;Robot Runtime;executing:    Park;
26/05/20;17:36:15.234;INFO;Controller;Activity ExecRobotTask ended. Return value: Done;
26/05/20;17:36:15.234;INFO;Controller;State = Ready;
26/05/20;17:36:15.245;INFO;Server;Command: ExecRobotTask (UnlatchRobGov,500000);
26/05/20;17:36:15.245;INFO;Controller;Executing asynchronous activity: ExecRobotTask;
26/05/20;17:36:15.245;INFO;Controller;Status = Executing: UnlatchRobGov;
26/05/20;17:36:15.245;INFO;Controller;State = Running;
26/05/20;17:36:16.128;INFO;Robot Runtime;executing:    UnlatchRobGov;
26/05/20;17:36:16.622;INFO;Controller;Activity ExecRobotTask ended. Return value: Done;
26/05/20;17:36:16.622;INFO;Controller;State = Ready;
26/05/20;17:54:56.249;INFO;Server;Command: ExecRobotTask (Unmount,500000);
26/05/20;17:54:56.249;INFO;Controller;Executing asynchronous activity: ExecRobotTask;
26/05/20;17:54:56.250;INFO;Controller;Status = Executing: Unmount;
26/05/20;17:54:56.250;INFO;Controller;State = Running;
26/05/20;17:54:57.199;INFO;Robot Runtime;executing:    Unmount;
26/05/20;17:55:04.241;INFO;Controller;Activity ExecRobotTask ended. Return value: Done False/True/False;
26/05/20;17:55:04.241;INFO;Controller;State = Ready;
26/05/20;17:55:04.264;INFO;Server;Command: ExecRobotTask (Unload,500000);
26/05/20;17:55:04.264;INFO;Controller;Executing asynchronous activity: ExecRobotTask;
26/05/20;17:55:04.264;INFO;Controller;Status = Executing: Unload;
26/05/20;17:55:04.264;INFO;Controller;State = Running;
26/05/20;17:55:05.110;INFO;Robot Runtime;executing:    Unload;
26/05/20;17:55:08.781;INFO;Controller;Activity ExecRobotTask ended. Return value: Done False/False/False;
26/05/20;17:55:08.781;INFO;Controller;State = Ready;
26/05/20;17:55:08.869;INFO;Server;Command: ExecRobotTask (Initialize,500000);
26/05/20;17:55:08.869;INFO;Controller;Executing asynchronous activity: ExecRobotTask;
26/05/20;17:55:08.869;INFO;Controller;Status = Executing: Initialize;
26/05/20;17:55:08.869;INFO;Controller;State = Running;
26/05/20;17:55:10.054;INFO;Robot Runtime;executing:    Initialize;
26/05/20;17:55:10.455;INFO;Controller;Activity ExecRobotTask ended. Return value: Done;
26/05/20;17:55:10.456;INFO;Controller;State = Ready;
26/05/20;17:55:10.464;INFO;Server;Command: ExecRobotTask (Home,500000);
26/05/20;17:55:10.464;INFO;Controller;Executing asynchronous activity: ExecRobotTask;
26/05/20;17:55:10.464;INFO;Controller;Status = Executing: Home;
26/05/20;17:55:10.464;INFO;Controller;State = Running;
26/05/20;17:55:11.351;INFO;Robot Runtime;executing:    Home;
26/05/20;17:55:12.465;INFO;Controller;Activity ExecRobotTask ended. Return value: Done;
26/05/20;17:55:12.465;INFO;Controller;State = Ready;
26/05/20;17:55:12.476;INFO;Server;Command: ExecRobotTask (Park,500000);
26/05/20;17:55:12.477;INFO;Controller;Executing asynchronous activity: ExecRobotTask;
26/05/20;17:55:12.477;INFO;Controller;Status = Executing: Park;
26/05/20;17:55:12.477;INFO;Controller;State = Running;
26/05/20;17:55:13.316;INFO;Robot Runtime;executing:    Park;
26/05/20;17:55:16.152;INFO;Controller;Activity ExecRobotTask ended. Return value: Done;
26/05/20;17:55:16.152;INFO;Controller;State = Ready;
26/05/20;17:55:23.569;INFO;Server;Command: ExecRobotTask (Initialize,500000);
26/05/20;17:55:23.569;INFO;Controller;Executing asynchronous activity: ExecRobotTask;
26/05/20;17:55:23.569;INFO;Controller;Status = Executing: Initialize;
26/05/20;17:55:23.569;INFO;Controller;State = Running;
26/05/20;17:55:24.400;INFO;Robot Runtime;executing:    Initialize;
26/05/20;17:55:24.848;INFO;Controller;Activity ExecRobotTask ended. Return value: Done;
26/05/20;17:55:24.848;INFO;Controller;State = Ready;
26/05/20;17:55:25.061;INFO;Server;Command: ExecRobotTask (Load,500000);
26/05/20;17:55:25.061;INFO;Controller;Executing asynchronous activity: ExecRobotTask;
26/05/20;17:55:25.061;INFO;Controller;Status = Executing: Load;
26/05/20;17:55:25.061;INFO;Controller;State = Running;
26/05/20;17:55:26.010;INFO;Robot Runtime;executing:    Load;
26/05/20;17:55:35.288;INFO;Controller;Activity ExecRobotTask ended. Return value: Done False/True/False;
26/05/20;17:55:35.288;INFO;Controller;State = Ready;
26/05/20;17:55:35.306;INFO;Server;Command: ExecRobotTask (Mount,500000);
26/05/20;17:55:35.306;INFO;Controller;Executing asynchronous activity: ExecRobotTask;
26/05/20;17:55:35.306;INFO;Controller;Status = Executing: Mount;
26/05/20;17:55:35.306;INFO;Controller;State = Running;
26/05/20;17:55:36.530;INFO;Robot Runtime;executing:    Mount;
26/05/20;17:55:40.809;INFO;Controller;Activity ExecRobotTask ended. Return value: Done True/False/False;
26/05/20;17:55:40.809;INFO;Controller;State = Ready;
26/05/20;17:55:40.837;INFO;Server;Command: ExecRobotTask (Park,500000);
26/05/20;17:55:40.838;INFO;Controller;Executing asynchronous activity: ExecRobotTask;
26/05/20;17:55:40.838;INFO;Controller;Status = Executing: Park;
26/05/20;17:55:40.838;INFO;Controller;State = Running;
26/05/20;17:55:41.687;INFO;Robot Runtime;executing:    Park;
26/05/20;17:55:43.442;INFO;Controller;Activity ExecRobotTask ended. Return value: Done;
26/05/20;17:55:43.443;INFO;Controller;State = Ready;
26/05/20;17:55:43.458;INFO;Server;Command: ExecRobotTask (UnlatchRobGov,500000);
26/05/20;17:55:43.458;INFO;Controller;Executing asynchronous activity: ExecRobotTask;
26/05/20;17:55:43.458;INFO;Controller;Status = Executing: UnlatchRobGov;
26/05/20;17:55:43.458;INFO;Controller;State = Running;
26/05/20;17:55:44.375;INFO;Robot Runtime;executing:    UnlatchRobGov;
26/05/20;17:55:44.840;INFO;Controller;Activity ExecRobotTask ended. Return value: Done;
26/05/20;17:55:44.840;INFO;Controller;State = Ready;
26/05/20;18:05:50.542;INFO;Server;Command: ExecRobotTask (Initialize,500000);
26/05/20;18:05:50.543;INFO;Controller;Executing asynchronous activity: ExecRobotTask;
26/05/20;18:05:50.543;INFO;Controller;Status = Executing: Initialize;
26/05/20;18:05:50.543;INFO;Controller;State = Running;
26/05/20;18:05:51.402;INFO;Robot Runtime;executing:    Initialize;
26/05/20;18:05:51.888;INFO;Controller;Activity ExecRobotTask ended. Return value: Done;
26/05/20;18:05:51.889;INFO;Controller;State = Ready;
26/05/20;18:05:51.908;INFO;Server;Command: ExecRobotTask (UnlatchRobGov,500000);
26/05/20;18:05:51.908;INFO;Controller;Executing asynchronous activity: ExecRobotTask;
26/05/20;18:05:51.908;INFO;Controller;Status = Executing: UnlatchRobGov;
26/05/20;18:05:51.908;INFO;Controller;State = Running;
26/05/20;18:05:52.747;INFO;Robot Runtime;executing:    UnlatchRobGov;
26/05/20;18:05:52.927;INFO;Controller;Activity ExecRobotTask ended. Return value: Done;
26/05/20;18:05:52.927;INFO;Controller;State = Ready;
26/05/20;18:05:52.934;INFO;Server;Command: ExecRobotTask (Home,500000);
26/05/20;18:05:52.934;INFO;Controller;Executing asynchronous activity: ExecRobotTask;
26/05/20;18:05:52.934;INFO;Controller;Status = Executing: Home;
26/05/20;18:05:52.934;INFO;Controller;State = Running;
26/05/20;18:05:53.781;INFO;Robot Runtime;executing:    Home;
26/05/20;18:05:55.737;INFO;Controller;Activity ExecRobotTask ended. Return value: Done;
26/05/20;18:05:55.737;INFO;Controller;State = Ready;
26/05/20;18:05:55.756;INFO;Server;Command: ExecRobotTask (Finish,500000);
26/05/20;18:05:55.756;INFO;Controller;Executing asynchronous activity: ExecRobotTask;
26/05/20;18:05:55.756;INFO;Controller;Status = Executing: Finish;
26/05/20;18:05:55.757;INFO;Controller;State = Running;
26/05/20;18:05:56.695;INFO;Robot Runtime;executing:    Finish;
26/05/20;18:08:16.718;INFO;Controller;Activity ExecRobotTask ended. Return value: Done;
26/05/20;18:08:16.718;INFO;Controller;State = Ready;
