03/08/20;17:52:33.873;INFO;Server;Command: ExecRobotTask (OpenPortLid,500000);
03/08/20;17:52:33.874;INFO;Controller;Executing asynchronous activity: ExecRobotTask;
03/08/20;17:52:33.874;INFO;Controller;Status = Executing: OpenPortLid;
03/08/20;17:52:33.874;INFO;Controller;State = Running;
03/08/20;17:52:34.800;INFO;Robot Runtime;executing:    OpenPortLid;
03/08/20;17:52:35.077;INFO;Controller;Activity ExecRobotTask ended. Return value: Done;
03/08/20;17:52:35.077;INFO;Controller;State = Ready;
03/08/20;17:52:35.085;INFO;Server;Command: ExecRobotTask (EnableTScreen,500000);
03/08/20;17:52:35.085;INFO;Controller;Executing asynchronous activity: ExecRobotTask;
03/08/20;17:52:35.085;INFO;Controller;Status = Executing: EnableTScreen;
03/08/20;17:52:35.086;INFO;Controller;State = Running;
03/08/20;17:52:36.006;INFO;Robot Runtime;executing:    EnableTScreen;
03/08/20;17:52:36.360;INFO;Controller;Activity ExecRobotTask ended. Return value: Done;
03/08/20;17:52:36.360;INFO;Controller;State = Ready;
03/08/20;17:52:51.517;INFO;Server;Command: ExecRobotTask (ClosePorts,500000);
03/08/20;17:52:51.517;INFO;Controller;Executing asynchronous activity: ExecRobotTask;
03/08/20;17:52:51.517;INFO;Controller;Status = Executing: ClosePorts;
03/08/20;17:52:51.517;INFO;Controller;State = Running;
03/08/20;17:52:52.812;INFO;Robot Runtime;executing:    ClosePorts;
03/08/20;17:52:53.002;INFO;Controller;Activity ExecRobotTask ended. Return value: Done;
03/08/20;17:52:53.002;INFO;Controller;State = Ready;
03/08/20;17:52:53.016;INFO;Server;Command: ExecRobotTask (EnableTScreen,500000);
03/08/20;17:52:53.016;INFO;Controller;Executing asynchronous activity: ExecRobotTask;
03/08/20;17:52:53.016;INFO;Controller;Status = Executing: EnableTScreen;
03/08/20;17:52:53.016;INFO;Controller;State = Running;
03/08/20;17:52:53.945;INFO;Robot Runtime;executing:    EnableTScreen;
03/08/20;17:52:54.290;INFO;Controller;Activity ExecRobotTask ended. Return value: Done;
03/08/20;17:52:54.290;INFO;Controller;State = Ready;
03/08/20;18:19:23.870;WARNING;Robot;Alarm active: Device is offline;
03/08/20;18:19:23.870;INFO;Controller;State = Communication Error;
03/08/20;18:19:28.980;INFO;Robot;Alarm inactive: Device is offline;
03/08/20;18:19:28.980;WARNING;Controller;Communication resumed, trying updating devices;
03/08/20;18:19:28.981;INFO;Controller;Finished device updating;
03/08/20;18:19:28.981;INFO;Controller;State = Ready;
03/08/20;18:39:34.459;INFO;Interface;Command: Abort;
03/08/20;18:39:34.459;INFO;Robot;Abort;
03/08/20;18:39:40.223;INFO;Interface;Command: Restart;
03/08/20;18:39:40.223;INFO;Controller;State = Initializing;
03/08/20;18:39:40.304;INFO;Controller;Initialized log services - Startup: 27/07/20 09:12:03;
03/08/20;18:39:41.313;INFO;Epics Server;Exiting running thread;
03/08/20;18:39:41.316;INFO;Epics Server;Registered PV: SW:Version;
03/08/20;18:39:41.316;INFO;Epics Server;Registered PV: SW:Status;
03/08/20;18:39:41.316;INFO;Epics Server;Registered PV: SW:Uptime;
03/08/20;18:39:41.316;INFO;Epics Server;Registered PV: SW:LastTaskInfo;
03/08/20;18:39:41.317;INFO;Epics Server;Registered PV: SW:AlarmList;
03/08/20;18:39:41.317;INFO;Epics Server;Registered PV: SW:LocalGuiLockOut;
03/08/20;18:39:41.317;INFO;Epics Server;Registered PV: SW:RobotSpeed;
03/08/20;18:39:41.317;INFO;Epics Server;Registered PV: SW:LastTaskException;
03/08/20;18:39:41.317;INFO;Epics Server;Registered PV: SW:LastTaskOutput;
03/08/20;18:39:41.317;INFO;Epics Server;Registered PV: SW:RobotState;
03/08/20;18:39:41.317;INFO;Epics Server;Registered PV: SW:CartesianPositions;
03/08/20;18:39:41.317;INFO;Epics Server;Registered PV: SW:JointPositions;
03/08/20;18:39:41.317;INFO;Epics Server;Registered PV: SW:State;
03/08/20;18:39:41.317;INFO;Epics Server;Registered PV: SW:abort;
03/08/20;18:39:41.317;INFO;Epics Server;Registered PV: SW:restart;
03/08/20;18:39:41.317;INFO;Epics Server;Registered PV: SW:getTaskInfo;
03/08/20;18:39:41.317;INFO;Epics Server;Registered PV: SW:isTaskRunning;
03/08/20;18:39:41.317;INFO;Epics Server;Registered PV: SW:checkTaskResult;
03/08/20;18:39:41.317;INFO;Epics Server;Registered PV: SW:startTestTask;
03/08/20;18:39:41.317;INFO;Epics Server;Registered PV: SW:pauseRobot;
03/08/20;18:39:41.317;INFO;Epics Server;Registered PV: SW:resumeRobot;
03/08/20;18:39:41.317;INFO;Epics Server;Registered PV: SW:setRobotVariable;
03/08/20;18:39:41.317;INFO;Epics Server;Registered PV: SW:isSampleMounted;
03/08/20;18:39:41.317;INFO;Epics Server;Registered PV: SW:startRobotTask;
03/08/20;18:39:41.317;INFO;Epics Server;Registered PV: SW:getRobotVariable;
03/08/20;18:39:41.317;INFO;Epics Server;Registered PV: SW:getDistance;
03/08/20;18:39:41.317;INFO;Epics Server;Initializing: Channel Access Server in Java v1.1.1;
03/08/20;18:39:41.318;INFO;Epics Server;Started server: ready to accept requests;
03/08/20;18:39:41.928;INFO;Controller;Initializing Robot;
03/08/20;18:39:41.931;INFO;Robot;Setting reference frame to: world;
03/08/20;18:39:42.056;INFO;Controller;Initializing Bus Controller;
03/08/20;18:39:42.056;INFO;Anti-Collision;Active = true;
03/08/20;18:39:42.056;INFO;Controller;State = Starting;
03/08/20;18:39:42.058;INFO;Controller;Command: Reset;
03/08/20;18:39:42.058;INFO;Controller;Executing asynchronous script: ./script/Reset.py;
03/08/20;18:39:42.058;INFO;Controller;Status = Reseting;
03/08/20;18:39:42.058;INFO;Controller;State = Running;
03/08/20;18:39:42.238;INFO;Controller;Script host: localhost:54487;
03/08/20;18:39:42.238;INFO;Script;Starting initialization script;
03/08/20;18:39:42.241;INFO;Script;Do nothing;
03/08/20;18:39:42.242;INFO;Controller;Script ./script/Reset.py ended. Return value: ;
03/08/20;18:39:42.242;INFO;Controller;State = Ready;
03/08/20;20:13:42.272;INFO;Server;Command: ExecRobotTask (TurnOffAutoFill,500000);
03/08/20;20:13:42.272;INFO;Controller;Executing asynchronous activity: ExecRobotTask;
03/08/20;20:13:42.273;INFO;Controller;Status = Executing: TurnOffAutoFill;
03/08/20;20:13:42.273;INFO;Controller;State = Running;
03/08/20;20:13:43.178;INFO;Robot Runtime;executing:    TurnOffAutoFill;
03/08/20;20:13:43.788;INFO;Controller;Activity ExecRobotTask ended. Return value: Done;
03/08/20;20:13:43.788;INFO;Controller;State = Ready;
03/08/20;20:13:43.802;INFO;Server;Command: ExecRobotTask (EnableTScreen,500000);
03/08/20;20:13:43.802;INFO;Controller;Executing asynchronous activity: ExecRobotTask;
03/08/20;20:13:43.802;INFO;Controller;Status = Executing: EnableTScreen;
03/08/20;20:13:43.802;INFO;Controller;State = Running;
03/08/20;20:13:44.745;INFO;Robot Runtime;executing:    EnableTScreen;
03/08/20;20:13:45.077;INFO;Controller;Activity ExecRobotTask ended. Return value: Done;
03/08/20;20:13:45.077;INFO;Controller;State = Ready;
