08/11/20;11:57:59.261;INFO;Server;Command: ExecRobotTask (Initialize,500000);
08/11/20;11:57:59.262;INFO;Controller;Executing asynchronous activity: ExecRobotTask;
08/11/20;11:57:59.262;INFO;Controller;Status = Executing: Initialize;
08/11/20;11:57:59.262;INFO;Controller;State = Running;
08/11/20;11:58:00.185;INFO;Robot Runtime;executing:    Initialize;
08/11/20;11:58:01.229;INFO;Robot Runtime;Failed to turn on robot power;
08/11/20;11:58:01.422;INFO;Controller;Activity ExecRobotTask ended. Return value: ABORT: Failed to turn on robot power;
08/11/20;11:58:01.422;INFO;Controller;State = Ready;
08/11/20;11:58:33.174;INFO;Server;Command: ExecRobotTask (CloseGripper,500000);
08/11/20;11:58:33.175;INFO;Controller;Executing asynchronous activity: ExecRobotTask;
08/11/20;11:58:33.185;INFO;Controller;Status = Executing: CloseGripper;
08/11/20;11:58:33.186;INFO;Controller;State = Running;
08/11/20;11:58:34.390;INFO;Robot Runtime;executing:    CloseGripper;
08/11/20;11:58:34.783;INFO;Controller;Activity ExecRobotTask ended. Return value: Done;
08/11/20;11:58:34.783;INFO;Controller;State = Ready;
08/11/20;11:58:36.748;INFO;Server;Command: ExecRobotTask (OpenGripper,500000);
08/11/20;11:58:36.748;INFO;Controller;Executing asynchronous activity: ExecRobotTask;
08/11/20;11:58:36.748;INFO;Controller;Status = Executing: OpenGripper;
08/11/20;11:58:36.748;INFO;Controller;State = Running;
08/11/20;11:58:37.725;INFO;Robot Runtime;executing:    OpenGripper;
08/11/20;11:58:37.946;INFO;Controller;Activity ExecRobotTask ended. Return value: Done;
08/11/20;11:58:37.946;INFO;Controller;State = Ready;
08/11/20;11:59:09.461;INFO;Server;Command: ExecRobotTask (OpenPortLid,500000);
08/11/20;11:59:09.462;INFO;Controller;Executing asynchronous activity: ExecRobotTask;
08/11/20;11:59:09.462;INFO;Controller;Status = Executing: OpenPortLid;
08/11/20;11:59:09.462;INFO;Controller;State = Running;
08/11/20;11:59:10.369;INFO;Robot Runtime;executing:    OpenPortLid;
08/11/20;11:59:10.506;INFO;Controller;Activity ExecRobotTask ended. Return value: Done;
08/11/20;11:59:10.506;INFO;Controller;State = Ready;
08/11/20;11:59:16.048;INFO;Server;Command: ExecRobotTask (ClosePorts,500000);
08/11/20;11:59:16.048;INFO;Controller;Executing asynchronous activity: ExecRobotTask;
08/11/20;11:59:16.048;INFO;Controller;Status = Executing: ClosePorts;
08/11/20;11:59:16.048;INFO;Controller;State = Running;
08/11/20;11:59:17.009;INFO;Robot Runtime;executing:    ClosePorts;
08/11/20;11:59:17.333;INFO;Controller;Activity ExecRobotTask ended. Return value: Done;
08/11/20;11:59:17.333;INFO;Controller;State = Ready;
08/11/20;11:59:33.754;INFO;Server;Command: ExecRobotTask (EnableTScreen,500000);
08/11/20;11:59:33.754;INFO;Controller;Executing asynchronous activity: ExecRobotTask;
08/11/20;11:59:33.754;INFO;Controller;Status = Executing: EnableTScreen;
08/11/20;11:59:33.754;INFO;Controller;State = Running;
08/11/20;11:59:34.671;INFO;Robot Runtime;executing:    EnableTScreen;
08/11/20;11:59:34.921;INFO;Controller;Activity ExecRobotTask ended. Return value: Done;
08/11/20;11:59:34.921;INFO;Controller;State = Ready;
