27/10/20;00:01:49.384;INFO;Server;Command: ExecRobotTask (Unmount,500000);
27/10/20;00:01:49.385;INFO;Controller;Executing asynchronous activity: ExecRobotTask;
27/10/20;00:01:49.385;INFO;Controller;Status = Executing: Unmount;
27/10/20;00:01:49.385;INFO;Controller;State = Running;
27/10/20;00:01:50.600;INFO;Robot Runtime;executing:    Unmount;
27/10/20;00:02:00.624;INFO;Controller;Activity ExecRobotTask ended. Return value: Done False/True/False;
27/10/20;00:02:00.624;INFO;Controller;State = Ready;
27/10/20;00:02:00.640;INFO;Server;Command: ExecRobotTask (Unload,500000);
27/10/20;00:02:00.640;INFO;Controller;Executing asynchronous activity: ExecRobotTask;
27/10/20;00:02:00.641;INFO;Controller;Status = Executing: Unload;
27/10/20;00:02:00.641;INFO;Controller;State = Running;
27/10/20;00:02:01.525;INFO;Robot Runtime;executing:    Unload;
27/10/20;00:02:05.083;INFO;Controller;Activity ExecRobotTask ended. Return value: Done False/False/False;
27/10/20;00:02:05.083;INFO;Controller;State = Ready;
27/10/20;00:02:06.624;INFO;Server;Command: ExecRobotTask (Load,500000);
27/10/20;00:02:06.624;INFO;Controller;Executing asynchronous activity: ExecRobotTask;
27/10/20;00:02:06.625;INFO;Controller;Status = Executing: Load;
27/10/20;00:02:06.625;INFO;Controller;State = Running;
27/10/20;00:02:07.603;INFO;Robot Runtime;executing:    Load;
27/10/20;00:02:13.801;INFO;Controller;Activity ExecRobotTask ended. Return value: Done False/True/False;
27/10/20;00:02:13.801;INFO;Controller;State = Ready;
27/10/20;00:02:13.814;INFO;Server;Command: ExecRobotTask (Mount,500000);
27/10/20;00:02:13.814;INFO;Controller;Executing asynchronous activity: ExecRobotTask;
27/10/20;00:02:13.814;INFO;Controller;Status = Executing: Mount;
27/10/20;00:02:13.814;INFO;Controller;State = Running;
27/10/20;00:02:15.049;INFO;Robot Runtime;executing:    Mount;
27/10/20;00:02:19.314;INFO;Controller;Activity ExecRobotTask ended. Return value: Done True/False/False;
27/10/20;00:02:19.315;INFO;Controller;State = Ready;
27/10/20;00:02:19.345;INFO;Server;Command: ExecRobotTask (Park,500000);
27/10/20;00:02:19.345;INFO;Controller;Executing asynchronous activity: ExecRobotTask;
27/10/20;00:02:19.345;INFO;Controller;Status = Executing: Park;
27/10/20;00:02:19.345;INFO;Controller;State = Running;
27/10/20;00:02:20.230;INFO;Robot Runtime;executing:    Park;
27/10/20;00:02:21.964;INFO;Controller;Activity ExecRobotTask ended. Return value: Done;
27/10/20;00:02:21.964;INFO;Controller;State = Ready;
27/10/20;00:02:21.984;INFO;Server;Command: ExecRobotTask (UnlatchRobGov,500000);
27/10/20;00:02:21.984;INFO;Controller;Executing asynchronous activity: ExecRobotTask;
27/10/20;00:02:21.984;INFO;Controller;Status = Executing: UnlatchRobGov;
27/10/20;00:02:21.984;INFO;Controller;State = Running;
27/10/20;00:02:22.905;INFO;Robot Runtime;executing:    UnlatchRobGov;
27/10/20;00:02:23.370;INFO;Controller;Activity ExecRobotTask ended. Return value: Done;
27/10/20;00:02:23.370;INFO;Controller;State = Ready;
27/10/20;00:05:38.008;INFO;Server;Command: ExecRobotTask (Unmount,500000);
27/10/20;00:05:38.008;INFO;Controller;Executing asynchronous activity: ExecRobotTask;
27/10/20;00:05:38.009;INFO;Controller;Status = Executing: Unmount;
27/10/20;00:05:38.009;INFO;Controller;State = Running;
27/10/20;00:05:38.975;INFO;Robot Runtime;executing:    Unmount;
27/10/20;00:05:49.956;INFO;Controller;Activity ExecRobotTask ended. Return value: Done False/True/False;
27/10/20;00:05:49.956;INFO;Controller;State = Ready;
27/10/20;00:05:49.976;INFO;Server;Command: ExecRobotTask (Unload,500000);
27/10/20;00:05:49.977;INFO;Controller;Executing asynchronous activity: ExecRobotTask;
27/10/20;00:05:49.977;INFO;Controller;Status = Executing: Unload;
27/10/20;00:05:49.977;INFO;Controller;State = Running;
27/10/20;00:05:50.860;INFO;Robot Runtime;executing:    Unload;
27/10/20;00:05:54.497;INFO;Controller;Activity ExecRobotTask ended. Return value: Done False/False/False;
27/10/20;00:05:54.497;INFO;Controller;State = Ready;
27/10/20;00:05:56.172;INFO;Server;Command: ExecRobotTask (Load,500000);
27/10/20;00:05:56.172;INFO;Controller;Executing asynchronous activity: ExecRobotTask;
27/10/20;00:05:56.172;INFO;Controller;Status = Executing: Load;
27/10/20;00:05:56.172;INFO;Controller;State = Running;
27/10/20;00:05:57.424;INFO;Robot Runtime;executing:    Load;
27/10/20;00:06:03.488;INFO;Controller;Activity ExecRobotTask ended. Return value: Done False/True/False;
27/10/20;00:06:03.488;INFO;Controller;State = Ready;
27/10/20;00:06:03.504;INFO;Server;Command: ExecRobotTask (Mount,500000);
27/10/20;00:06:03.504;INFO;Controller;Executing asynchronous activity: ExecRobotTask;
27/10/20;00:06:03.504;INFO;Controller;Status = Executing: Mount;
27/10/20;00:06:03.505;INFO;Controller;State = Running;
27/10/20;00:06:04.506;INFO;Robot Runtime;executing:    Mount;
27/10/20;00:06:08.713;INFO;Controller;Activity ExecRobotTask ended. Return value: Done True/False/False;
27/10/20;00:06:08.713;INFO;Controller;State = Ready;
27/10/20;00:06:08.744;INFO;Server;Command: ExecRobotTask (Park,500000);
27/10/20;00:06:08.744;INFO;Controller;Executing asynchronous activity: ExecRobotTask;
27/10/20;00:06:08.744;INFO;Controller;Status = Executing: Park;
27/10/20;00:06:08.744;INFO;Controller;State = Running;
27/10/20;00:06:09.612;INFO;Robot Runtime;executing:    Park;
27/10/20;00:06:11.348;INFO;Controller;Activity ExecRobotTask ended. Return value: Done;
27/10/20;00:06:11.349;INFO;Controller;State = Ready;
27/10/20;00:06:11.371;INFO;Server;Command: ExecRobotTask (UnlatchRobGov,500000);
27/10/20;00:06:11.371;INFO;Controller;Executing asynchronous activity: ExecRobotTask;
27/10/20;00:06:11.372;INFO;Controller;Status = Executing: UnlatchRobGov;
27/10/20;00:06:11.372;INFO;Controller;State = Running;
27/10/20;00:06:12.288;INFO;Robot Runtime;executing:    UnlatchRobGov;
27/10/20;00:06:12.754;INFO;Controller;Activity ExecRobotTask ended. Return value: Done;
27/10/20;00:06:12.754;INFO;Controller;State = Ready;
27/10/20;00:08:52.423;INFO;Server;Command: ExecRobotTask (Unmount,500000);
27/10/20;00:08:52.423;INFO;Controller;Executing asynchronous activity: ExecRobotTask;
27/10/20;00:08:52.423;INFO;Controller;Status = Executing: Unmount;
27/10/20;00:08:52.423;INFO;Controller;State = Running;
27/10/20;00:08:53.641;INFO;Robot Runtime;executing:    Unmount;
27/10/20;00:09:03.882;INFO;Controller;Activity ExecRobotTask ended. Return value: Done False/True/False;
27/10/20;00:09:03.882;INFO;Controller;State = Ready;
27/10/20;00:09:03.896;INFO;Server;Command: ExecRobotTask (Unload,500000);
27/10/20;00:09:03.896;INFO;Controller;Executing asynchronous activity: ExecRobotTask;
27/10/20;00:09:03.896;INFO;Controller;Status = Executing: Unload;
27/10/20;00:09:03.896;INFO;Controller;State = Running;
27/10/20;00:09:04.778;INFO;Robot Runtime;executing:    Unload;
27/10/20;00:09:08.417;INFO;Controller;Activity ExecRobotTask ended. Return value: Done False/False/False;
27/10/20;00:09:08.417;INFO;Controller;State = Ready;
27/10/20;00:09:10.187;INFO;Server;Command: ExecRobotTask (Load,500000);
27/10/20;00:09:10.187;INFO;Controller;Executing asynchronous activity: ExecRobotTask;
27/10/20;00:09:10.187;INFO;Controller;Status = Executing: Load;
27/10/20;00:09:10.187;INFO;Controller;State = Running;
27/10/20;00:09:11.183;INFO;Robot Runtime;executing:    Load;
27/10/20;00:09:17.386;INFO;Controller;Activity ExecRobotTask ended. Return value: Done False/True/False;
27/10/20;00:09:17.386;INFO;Controller;State = Ready;
27/10/20;00:09:17.408;INFO;Server;Command: ExecRobotTask (Mount,500000);
27/10/20;00:09:17.408;INFO;Controller;Executing asynchronous activity: ExecRobotTask;
27/10/20;00:09:17.409;INFO;Controller;Status = Executing: Mount;
27/10/20;00:09:17.409;INFO;Controller;State = Running;
27/10/20;00:09:18.639;INFO;Robot Runtime;executing:    Mount;
27/10/20;00:09:22.897;INFO;Controller;Activity ExecRobotTask ended. Return value: Done True/False/False;
27/10/20;00:09:22.897;INFO;Controller;State = Ready;
27/10/20;00:09:22.930;INFO;Server;Command: ExecRobotTask (Park,500000);
27/10/20;00:09:22.931;INFO;Controller;Executing asynchronous activity: ExecRobotTask;
27/10/20;00:09:22.931;INFO;Controller;Status = Executing: Park;
27/10/20;00:09:22.931;INFO;Controller;State = Running;
27/10/20;00:09:23.800;INFO;Robot Runtime;executing:    Park;
27/10/20;00:09:25.536;INFO;Controller;Activity ExecRobotTask ended. Return value: Done;
27/10/20;00:09:25.536;INFO;Controller;State = Ready;
27/10/20;00:09:25.556;INFO;Server;Command: ExecRobotTask (UnlatchRobGov,500000);
27/10/20;00:09:25.556;INFO;Controller;Executing asynchronous activity: ExecRobotTask;
27/10/20;00:09:25.556;INFO;Controller;Status = Executing: UnlatchRobGov;
27/10/20;00:09:25.571;INFO;Controller;State = Running;
27/10/20;00:09:26.491;INFO;Robot Runtime;executing:    UnlatchRobGov;
27/10/20;00:09:26.942;INFO;Controller;Activity ExecRobotTask ended. Return value: Done;
27/10/20;00:09:26.943;INFO;Controller;State = Ready;
27/10/20;00:12:32.014;INFO;Server;Command: ExecRobotTask (Unmount,500000);
27/10/20;00:12:32.014;INFO;Controller;Executing asynchronous activity: ExecRobotTask;
27/10/20;00:12:32.014;INFO;Controller;Status = Executing: Unmount;
27/10/20;00:12:32.014;INFO;Controller;State = Running;
27/10/20;00:12:32.981;INFO;Robot Runtime;executing:    Unmount;
27/10/20;00:12:43.617;INFO;Controller;Activity ExecRobotTask ended. Return value: Done False/True/False;
27/10/20;00:12:43.617;INFO;Controller;State = Ready;
27/10/20;00:12:43.640;INFO;Server;Command: ExecRobotTask (Unload,500000);
27/10/20;00:12:43.640;INFO;Controller;Executing asynchronous activity: ExecRobotTask;
27/10/20;00:12:43.640;INFO;Controller;Status = Executing: Unload;
27/10/20;00:12:43.641;INFO;Controller;State = Running;
27/10/20;00:12:44.512;INFO;Robot Runtime;executing:    Unload;
27/10/20;00:12:48.144;INFO;Controller;Activity ExecRobotTask ended. Return value: Done False/False/False;
27/10/20;00:12:48.144;INFO;Controller;State = Ready;
27/10/20;00:12:49.767;INFO;Server;Command: ExecRobotTask (Load,500000);
27/10/20;00:12:49.767;INFO;Controller;Executing asynchronous activity: ExecRobotTask;
27/10/20;00:12:49.767;INFO;Controller;Status = Executing: Load;
27/10/20;00:12:49.767;INFO;Controller;State = Running;
27/10/20;00:12:51.027;INFO;Robot Runtime;executing:    Load;
27/10/20;00:12:56.932;INFO;Controller;Activity ExecRobotTask ended. Return value: Done False/True/False;
27/10/20;00:12:56.932;INFO;Controller;State = Ready;
27/10/20;00:12:56.959;INFO;Server;Command: ExecRobotTask (Mount,500000);
27/10/20;00:12:56.959;INFO;Controller;Executing asynchronous activity: ExecRobotTask;
27/10/20;00:12:56.959;INFO;Controller;Status = Executing: Mount;
27/10/20;00:12:56.959;INFO;Controller;State = Running;
27/10/20;00:12:57.960;INFO;Robot Runtime;executing:    Mount;
27/10/20;00:13:02.321;INFO;Controller;Activity ExecRobotTask ended. Return value: Done True/False/False;
27/10/20;00:13:02.321;INFO;Controller;State = Ready;
27/10/20;00:13:02.350;INFO;Server;Command: ExecRobotTask (Park,500000);
27/10/20;00:13:02.350;INFO;Controller;Executing asynchronous activity: ExecRobotTask;
27/10/20;00:13:02.350;INFO;Controller;Status = Executing: Park;
27/10/20;00:13:02.350;INFO;Controller;State = Running;
27/10/20;00:13:03.218;INFO;Robot Runtime;executing:    Park;
27/10/20;00:13:04.955;INFO;Controller;Activity ExecRobotTask ended. Return value: Done;
27/10/20;00:13:04.955;INFO;Controller;State = Ready;
27/10/20;00:13:04.971;INFO;Server;Command: ExecRobotTask (UnlatchRobGov,500000);
27/10/20;00:13:04.971;INFO;Controller;Executing asynchronous activity: ExecRobotTask;
27/10/20;00:13:04.971;INFO;Controller;Status = Executing: UnlatchRobGov;
27/10/20;00:13:04.971;INFO;Controller;State = Running;
27/10/20;00:13:05.890;INFO;Robot Runtime;executing:    UnlatchRobGov;
27/10/20;00:13:06.359;INFO;Controller;Activity ExecRobotTask ended. Return value: Done;
27/10/20;00:13:06.359;INFO;Controller;State = Ready;
27/10/20;00:14:57.170;INFO;Server;Command: ExecRobotTask (Unmount,500000);
27/10/20;00:14:57.171;INFO;Controller;Executing asynchronous activity: ExecRobotTask;
27/10/20;00:14:57.171;INFO;Controller;Status = Executing: Unmount;
27/10/20;00:14:57.171;INFO;Controller;State = Running;
27/10/20;00:14:58.392;INFO;Robot Runtime;executing:    Unmount;
27/10/20;00:15:09.849;INFO;Controller;Activity ExecRobotTask ended. Return value: Done False/True/False;
27/10/20;00:15:09.849;INFO;Controller;State = Ready;
27/10/20;00:15:09.875;INFO;Server;Command: ExecRobotTask (Unload,500000);
27/10/20;00:15:09.875;INFO;Controller;Executing asynchronous activity: ExecRobotTask;
27/10/20;00:15:09.875;INFO;Controller;Status = Executing: Unload;
27/10/20;00:15:09.875;INFO;Controller;State = Running;
27/10/20;00:15:10.756;INFO;Robot Runtime;executing:    Unload;
27/10/20;00:15:14.362;INFO;Controller;Activity ExecRobotTask ended. Return value: Done False/False/False;
27/10/20;00:15:14.362;INFO;Controller;State = Ready;
27/10/20;00:15:16.001;INFO;Server;Command: ExecRobotTask (Load,500000);
27/10/20;00:15:16.002;INFO;Controller;Executing asynchronous activity: ExecRobotTask;
27/10/20;00:15:16.002;INFO;Controller;Status = Executing: Load;
27/10/20;00:15:16.002;INFO;Controller;State = Running;
27/10/20;00:15:17.002;INFO;Robot Runtime;executing:    Load;
27/10/20;00:15:22.866;INFO;Controller;Activity ExecRobotTask ended. Return value: Done False/True/False;
27/10/20;00:15:22.866;INFO;Controller;State = Ready;
27/10/20;00:15:22.888;INFO;Server;Command: ExecRobotTask (Mount,500000);
27/10/20;00:15:22.888;INFO;Controller;Executing asynchronous activity: ExecRobotTask;
27/10/20;00:15:22.888;INFO;Controller;Status = Executing: Mount;
27/10/20;00:15:22.889;INFO;Controller;State = Running;
27/10/20;00:15:24.128;INFO;Robot Runtime;executing:    Mount;
27/10/20;00:15:28.279;INFO;Controller;Activity ExecRobotTask ended. Return value: Done True/False/False;
27/10/20;00:15:28.279;INFO;Controller;State = Ready;
27/10/20;00:15:28.311;INFO;Server;Command: ExecRobotTask (Park,500000);
27/10/20;00:15:28.311;INFO;Controller;Executing asynchronous activity: ExecRobotTask;
27/10/20;00:15:28.311;INFO;Controller;Status = Executing: Park;
27/10/20;00:15:28.311;INFO;Controller;State = Running;
27/10/20;00:15:29.184;INFO;Robot Runtime;executing:    Park;
27/10/20;00:15:30.915;INFO;Controller;Activity ExecRobotTask ended. Return value: Done;
27/10/20;00:15:30.915;INFO;Controller;State = Ready;
27/10/20;00:15:30.933;INFO;Server;Command: ExecRobotTask (UnlatchRobGov,500000);
27/10/20;00:15:30.933;INFO;Controller;Executing asynchronous activity: ExecRobotTask;
27/10/20;00:15:30.933;INFO;Controller;Status = Executing: UnlatchRobGov;
27/10/20;00:15:30.933;INFO;Controller;State = Running;
27/10/20;00:15:31.849;INFO;Robot Runtime;executing:    UnlatchRobGov;
27/10/20;00:15:32.320;INFO;Controller;Activity ExecRobotTask ended. Return value: Done;
27/10/20;00:15:32.320;INFO;Controller;State = Ready;
27/10/20;00:19:19.665;INFO;Server;Command: ExecRobotTask (Unmount,500000);
27/10/20;00:19:19.665;INFO;Controller;Executing asynchronous activity: ExecRobotTask;
27/10/20;00:19:19.665;INFO;Controller;Status = Executing: Unmount;
27/10/20;00:19:19.665;INFO;Controller;State = Running;
27/10/20;00:19:20.619;INFO;Robot Runtime;executing:    Unmount;
27/10/20;00:19:31.409;INFO;Controller;Activity ExecRobotTask ended. Return value: Done False/True/False;
27/10/20;00:19:31.410;INFO;Controller;State = Ready;
27/10/20;00:19:31.427;INFO;Server;Command: ExecRobotTask (Unload,500000);
27/10/20;00:19:31.427;INFO;Controller;Executing asynchronous activity: ExecRobotTask;
27/10/20;00:19:31.427;INFO;Controller;Status = Executing: Unload;
27/10/20;00:19:31.427;INFO;Controller;State = Running;
27/10/20;00:19:32.301;INFO;Robot Runtime;executing:    Unload;
27/10/20;00:19:36.348;INFO;Controller;Activity ExecRobotTask ended. Return value: Done False/False/False;
27/10/20;00:19:36.348;INFO;Controller;State = Ready;
27/10/20;00:19:37.966;INFO;Server;Command: ExecRobotTask (Load,500000);
27/10/20;00:19:37.966;INFO;Controller;Executing asynchronous activity: ExecRobotTask;
27/10/20;00:19:37.966;INFO;Controller;Status = Executing: Load;
27/10/20;00:19:37.966;INFO;Controller;State = Running;
27/10/20;00:19:39.219;INFO;Robot Runtime;executing:    Load;
27/10/20;00:19:45.401;INFO;Controller;Activity ExecRobotTask ended. Return value: Done False/True/False;
27/10/20;00:19:45.401;INFO;Controller;State = Ready;
27/10/20;00:19:45.427;INFO;Server;Command: ExecRobotTask (Mount,500000);
27/10/20;00:19:45.427;INFO;Controller;Executing asynchronous activity: ExecRobotTask;
27/10/20;00:19:45.427;INFO;Controller;Status = Executing: Mount;
27/10/20;00:19:45.427;INFO;Controller;State = Running;
27/10/20;00:19:46.423;INFO;Robot Runtime;executing:    Mount;
27/10/20;00:19:50.622;INFO;Controller;Activity ExecRobotTask ended. Return value: Done True/False/False;
27/10/20;00:19:50.622;INFO;Controller;State = Ready;
27/10/20;00:19:50.648;INFO;Server;Command: ExecRobotTask (Park,500000);
27/10/20;00:19:50.648;INFO;Controller;Executing asynchronous activity: ExecRobotTask;
27/10/20;00:19:50.648;INFO;Controller;Status = Executing: Park;
27/10/20;00:19:50.648;INFO;Controller;State = Running;
27/10/20;00:19:51.519;INFO;Robot Runtime;executing:    Park;
27/10/20;00:19:53.261;INFO;Controller;Activity ExecRobotTask ended. Return value: Done;
27/10/20;00:19:53.261;INFO;Controller;State = Ready;
27/10/20;00:19:53.280;INFO;Server;Command: ExecRobotTask (UnlatchRobGov,500000);
27/10/20;00:19:53.280;INFO;Controller;Executing asynchronous activity: ExecRobotTask;
27/10/20;00:19:53.280;INFO;Controller;Status = Executing: UnlatchRobGov;
27/10/20;00:19:53.280;INFO;Controller;State = Running;
27/10/20;00:19:54.199;INFO;Robot Runtime;executing:    UnlatchRobGov;
27/10/20;00:19:54.672;INFO;Controller;Activity ExecRobotTask ended. Return value: Done;
27/10/20;00:19:54.672;INFO;Controller;State = Ready;
27/10/20;00:37:56.625;INFO;Server;Command: ExecRobotTask (Unmount,500000);
27/10/20;00:37:56.625;INFO;Controller;Executing asynchronous activity: ExecRobotTask;
27/10/20;00:37:56.625;INFO;Controller;Status = Executing: Unmount;
27/10/20;00:37:56.625;INFO;Controller;State = Running;
27/10/20;00:37:57.849;INFO;Robot Runtime;executing:    Unmount;
27/10/20;00:38:08.442;INFO;Controller;Activity ExecRobotTask ended. Return value: Done False/True/False;
27/10/20;00:38:08.442;INFO;Controller;State = Ready;
27/10/20;00:38:08.463;INFO;Server;Command: ExecRobotTask (Unload,500000);
27/10/20;00:38:08.463;INFO;Controller;Executing asynchronous activity: ExecRobotTask;
27/10/20;00:38:08.463;INFO;Controller;Status = Executing: Unload;
27/10/20;00:38:08.463;INFO;Controller;State = Running;
27/10/20;00:38:09.348;INFO;Robot Runtime;executing:    Unload;
27/10/20;00:38:13.149;INFO;Controller;Activity ExecRobotTask ended. Return value: Done False/False/False;
27/10/20;00:38:13.149;INFO;Controller;State = Ready;
27/10/20;00:38:14.747;INFO;Server;Command: ExecRobotTask (Load,500000);
27/10/20;00:38:14.747;INFO;Controller;Executing asynchronous activity: ExecRobotTask;
27/10/20;00:38:14.748;INFO;Controller;Status = Executing: Load;
27/10/20;00:38:14.748;INFO;Controller;State = Running;
27/10/20;00:38:15.735;INFO;Robot Runtime;executing:    Load;
27/10/20;00:38:21.936;INFO;Controller;Activity ExecRobotTask ended. Return value: Done False/True/False;
27/10/20;00:38:21.936;INFO;Controller;State = Ready;
27/10/20;00:38:21.956;INFO;Server;Command: ExecRobotTask (Mount,500000);
27/10/20;00:38:21.956;INFO;Controller;Executing asynchronous activity: ExecRobotTask;
27/10/20;00:38:21.956;INFO;Controller;Status = Executing: Mount;
27/10/20;00:38:21.956;INFO;Controller;State = Running;
27/10/20;00:38:23.188;INFO;Robot Runtime;executing:    Mount;
27/10/20;00:38:27.439;INFO;Controller;Activity ExecRobotTask ended. Return value: Done True/False/False;
27/10/20;00:38:27.439;INFO;Controller;State = Ready;
27/10/20;00:38:27.484;INFO;Server;Command: ExecRobotTask (Park,500000);
27/10/20;00:38:27.484;INFO;Controller;Executing asynchronous activity: ExecRobotTask;
27/10/20;00:38:27.485;INFO;Controller;Status = Executing: Park;
27/10/20;00:38:27.485;INFO;Controller;State = Running;
27/10/20;00:38:28.364;INFO;Robot Runtime;executing:    Park;
27/10/20;00:38:30.504;INFO;Controller;Activity ExecRobotTask ended. Return value: Done;
27/10/20;00:38:30.504;INFO;Controller;State = Ready;
27/10/20;00:38:30.523;INFO;Server;Command: ExecRobotTask (UnlatchRobGov,500000);
27/10/20;00:38:30.523;INFO;Controller;Executing asynchronous activity: ExecRobotTask;
27/10/20;00:38:30.523;INFO;Controller;Status = Executing: UnlatchRobGov;
27/10/20;00:38:30.523;INFO;Controller;State = Running;
27/10/20;00:38:31.437;INFO;Robot Runtime;executing:    UnlatchRobGov;
27/10/20;00:38:31.573;INFO;Controller;Activity ExecRobotTask ended. Return value: Done;
27/10/20;00:38:31.573;INFO;Controller;State = Ready;
27/10/20;00:47:34.912;INFO;Server;Command: ExecRobotTask (Unmount,500000);
27/10/20;00:47:34.912;INFO;Controller;Executing asynchronous activity: ExecRobotTask;
27/10/20;00:47:34.912;INFO;Controller;Status = Executing: Unmount;
27/10/20;00:47:34.912;INFO;Controller;State = Running;
27/10/20;00:47:35.835;INFO;Robot Runtime;executing:    Unmount;
27/10/20;00:47:47.021;INFO;Controller;Activity ExecRobotTask ended. Return value: Done False/True/False;
27/10/20;00:47:47.022;INFO;Controller;State = Ready;
27/10/20;00:47:47.047;INFO;Server;Command: ExecRobotTask (Unload,500000);
27/10/20;00:47:47.047;INFO;Controller;Executing asynchronous activity: ExecRobotTask;
27/10/20;00:47:47.047;INFO;Controller;Status = Executing: Unload;
27/10/20;00:47:47.047;INFO;Controller;State = Running;
27/10/20;00:47:47.945;INFO;Robot Runtime;executing:    Unload;
27/10/20;00:47:51.728;INFO;Controller;Activity ExecRobotTask ended. Return value: Done False/False/False;
27/10/20;00:47:51.728;INFO;Controller;State = Ready;
27/10/20;00:47:53.348;INFO;Server;Command: ExecRobotTask (Load,500000);
27/10/20;00:47:53.348;INFO;Controller;Executing asynchronous activity: ExecRobotTask;
27/10/20;00:47:53.348;INFO;Controller;Status = Executing: Load;
27/10/20;00:47:53.348;INFO;Controller;State = Running;
27/10/20;00:47:54.589;INFO;Robot Runtime;executing:    Load;
27/10/20;00:48:00.781;INFO;Controller;Activity ExecRobotTask ended. Return value: Done False/True/False;
27/10/20;00:48:00.781;INFO;Controller;State = Ready;
27/10/20;00:48:00.800;INFO;Server;Command: ExecRobotTask (Mount,500000);
27/10/20;00:48:00.800;INFO;Controller;Executing asynchronous activity: ExecRobotTask;
27/10/20;00:48:00.800;INFO;Controller;Status = Executing: Mount;
27/10/20;00:48:00.801;INFO;Controller;State = Running;
27/10/20;00:48:01.779;INFO;Robot Runtime;executing:    Mount;
27/10/20;00:48:05.989;INFO;Controller;Activity ExecRobotTask ended. Return value: Done True/False/False;
27/10/20;00:48:05.990;INFO;Controller;State = Ready;
27/10/20;00:48:06.013;INFO;Server;Command: ExecRobotTask (Park,500000);
27/10/20;00:48:06.013;INFO;Controller;Executing asynchronous activity: ExecRobotTask;
27/10/20;00:48:06.013;INFO;Controller;Status = Executing: Park;
27/10/20;00:48:06.014;INFO;Controller;State = Running;
27/10/20;00:48:06.913;INFO;Robot Runtime;executing:    Park;
27/10/20;00:48:08.648;INFO;Controller;Activity ExecRobotTask ended. Return value: Done;
27/10/20;00:48:08.648;INFO;Controller;State = Ready;
27/10/20;00:48:08.672;INFO;Server;Command: ExecRobotTask (UnlatchRobGov,500000);
27/10/20;00:48:08.672;INFO;Controller;Executing asynchronous activity: ExecRobotTask;
27/10/20;00:48:08.672;INFO;Controller;Status = Executing: UnlatchRobGov;
27/10/20;00:48:08.672;INFO;Controller;State = Running;
27/10/20;00:48:09.595;INFO;Robot Runtime;executing:    UnlatchRobGov;
27/10/20;00:48:10.054;INFO;Controller;Activity ExecRobotTask ended. Return value: Done;
27/10/20;00:48:10.054;INFO;Controller;State = Ready;
27/10/20;00:50:02.575;INFO;Server;Command: ExecRobotTask (Unmount,500000);
27/10/20;00:50:02.575;INFO;Controller;Executing asynchronous activity: ExecRobotTask;
27/10/20;00:50:02.575;INFO;Controller;Status = Executing: Unmount;
27/10/20;00:50:02.575;INFO;Controller;State = Running;
27/10/20;00:50:03.774;INFO;Robot Runtime;executing:    Unmount;
27/10/20;00:50:14.369;INFO;Controller;Activity ExecRobotTask ended. Return value: Done False/True/False;
27/10/20;00:50:14.369;INFO;Controller;State = Ready;
27/10/20;00:50:14.395;INFO;Server;Command: ExecRobotTask (Unload,500000);
27/10/20;00:50:14.395;INFO;Controller;Executing asynchronous activity: ExecRobotTask;
27/10/20;00:50:14.395;INFO;Controller;Status = Executing: Unload;
27/10/20;00:50:14.395;INFO;Controller;State = Running;
27/10/20;00:50:15.277;INFO;Robot Runtime;executing:    Unload;
27/10/20;00:50:19.241;INFO;Controller;Activity ExecRobotTask ended. Return value: Done False/False/False;
27/10/20;00:50:19.241;INFO;Controller;State = Ready;
27/10/20;00:50:20.809;INFO;Server;Command: ExecRobotTask (Load,500000);
27/10/20;00:50:20.809;INFO;Controller;Executing asynchronous activity: ExecRobotTask;
27/10/20;00:50:20.809;INFO;Controller;Status = Executing: Load;
27/10/20;00:50:20.809;INFO;Controller;State = Running;
27/10/20;00:50:21.834;INFO;Robot Runtime;executing:    Load;
27/10/20;00:50:27.982;INFO;Controller;Activity ExecRobotTask ended. Return value: Done False/True/False;
27/10/20;00:50:27.982;INFO;Controller;State = Ready;
27/10/20;00:50:28.005;INFO;Server;Command: ExecRobotTask (Mount,500000);
27/10/20;00:50:28.006;INFO;Controller;Executing asynchronous activity: ExecRobotTask;
27/10/20;00:50:28.006;INFO;Controller;Status = Executing: Mount;
27/10/20;00:50:28.006;INFO;Controller;State = Running;
27/10/20;00:50:29.246;INFO;Robot Runtime;executing:    Mount;
27/10/20;00:50:33.050;INFO;Controller;Activity ExecRobotTask ended. Return value: Done True/False/False;
27/10/20;00:50:33.050;INFO;Controller;State = Ready;
27/10/20;00:50:33.097;INFO;Server;Command: ExecRobotTask (Park,500000);
27/10/20;00:50:33.097;INFO;Controller;Executing asynchronous activity: ExecRobotTask;
27/10/20;00:50:33.097;INFO;Controller;Status = Executing: Park;
27/10/20;00:50:33.097;INFO;Controller;State = Running;
27/10/20;00:50:33.979;INFO;Robot Runtime;executing:    Park;
27/10/20;00:50:36.039;INFO;Controller;Activity ExecRobotTask ended. Return value: Done;
27/10/20;00:50:36.039;INFO;Controller;State = Ready;
27/10/20;00:50:36.070;INFO;Server;Command: ExecRobotTask (UnlatchRobGov,500000);
27/10/20;00:50:36.071;INFO;Controller;Executing asynchronous activity: ExecRobotTask;
27/10/20;00:50:36.071;INFO;Controller;Status = Executing: UnlatchRobGov;
27/10/20;00:50:36.071;INFO;Controller;State = Running;
27/10/20;00:50:36.994;INFO;Robot Runtime;executing:    UnlatchRobGov;
27/10/20;00:50:37.528;INFO;Controller;Activity ExecRobotTask ended. Return value: Done;
27/10/20;00:50:37.528;INFO;Controller;State = Ready;
27/10/20;10:27:40.174;INFO;Server;Command: ExecRobotTask (Unmount,500000);
27/10/20;10:27:40.174;INFO;Controller;Executing asynchronous activity: ExecRobotTask;
27/10/20;10:27:40.174;INFO;Controller;Status = Executing: Unmount;
27/10/20;10:27:40.174;INFO;Controller;State = Running;
27/10/20;10:27:41.145;INFO;Robot Runtime;executing:    Unmount;
27/10/20;10:27:51.943;INFO;Controller;Activity ExecRobotTask ended. Return value: Done False/True/False;
27/10/20;10:27:51.944;INFO;Controller;State = Ready;
27/10/20;10:27:51.977;INFO;Server;Command: ExecRobotTask (Unload,500000);
27/10/20;10:27:51.978;INFO;Controller;Executing asynchronous activity: ExecRobotTask;
27/10/20;10:27:51.978;INFO;Controller;Status = Executing: Unload;
27/10/20;10:27:51.978;INFO;Controller;State = Running;
27/10/20;10:27:52.851;INFO;Robot Runtime;executing:    Unload;
27/10/20;10:27:56.652;INFO;Controller;Activity ExecRobotTask ended. Return value: Done False/False/False;
27/10/20;10:27:56.652;INFO;Controller;State = Ready;
27/10/20;10:27:56.851;INFO;Server;Command: ExecRobotTask (UnlatchRobGov,500000);
27/10/20;10:27:56.851;INFO;Controller;Executing asynchronous activity: ExecRobotTask;
27/10/20;10:27:56.851;INFO;Controller;Status = Executing: UnlatchRobGov;
27/10/20;10:27:56.851;INFO;Controller;State = Running;
27/10/20;10:27:57.719;INFO;Robot Runtime;executing:    UnlatchRobGov;
27/10/20;10:27:57.967;INFO;Controller;Activity ExecRobotTask ended. Return value: Done;
27/10/20;10:27:57.967;INFO;Controller;State = Ready;
27/10/20;10:27:57.976;INFO;Server;Command: ExecRobotTask (Home,500000);
27/10/20;10:27:57.976;INFO;Controller;Executing asynchronous activity: ExecRobotTask;
27/10/20;10:27:57.976;INFO;Controller;Status = Executing: Home;
27/10/20;10:27:57.976;INFO;Controller;State = Running;
27/10/20;10:27:59.179;INFO;Robot Runtime;executing:    Home;
27/10/20;10:28:00.028;INFO;Controller;Activity ExecRobotTask ended. Return value: Done;
27/10/20;10:28:00.028;INFO;Controller;State = Ready;
27/10/20;10:28:00.043;INFO;Server;Command: ExecRobotTask (Finish,500000);
27/10/20;10:28:00.043;INFO;Controller;Executing asynchronous activity: ExecRobotTask;
27/10/20;10:28:00.043;INFO;Controller;Status = Executing: Finish;
27/10/20;10:28:00.043;INFO;Controller;State = Running;
27/10/20;10:28:01.038;INFO;Robot Runtime;executing:    Finish;
27/10/20;10:30:28.091;INFO;Controller;Activity ExecRobotTask ended. Return value: Done;
27/10/20;10:30:28.091;INFO;Controller;State = Ready;
