13/04/20;11:34:50.293;INFO;Server;Command: ExecRobotTask (EnableTScreen,500000);
13/04/20;11:34:50.294;INFO;Controller;Executing asynchronous activity: ExecRobotTask;
13/04/20;11:34:50.294;INFO;Controller;Status = Executing: EnableTScreen;
13/04/20;11:34:50.295;INFO;Controller;State = Running;
13/04/20;11:34:51.200;INFO;Robot Runtime;executing:    EnableTScreen;
13/04/20;11:34:51.374;INFO;Controller;Activity ExecRobotTask ended. Return value: Done;
13/04/20;11:34:51.375;INFO;Controller;State = Ready;
13/04/20;11:40:39.070;INFO;Server;Command: ExecRobotTask (OpenPortLid,500000);
13/04/20;11:40:39.070;INFO;Controller;Executing asynchronous activity: ExecRobotTask;
13/04/20;11:40:39.070;INFO;Controller;Status = Executing: OpenPortLid;
13/04/20;11:40:39.070;INFO;Controller;State = Running;
13/04/20;11:40:39.945;INFO;Robot Runtime;executing:    OpenPortLid;
13/04/20;11:40:40.273;INFO;Controller;Activity ExecRobotTask ended. Return value: Done;
13/04/20;11:40:40.274;INFO;Controller;State = Ready;
13/04/20;11:40:40.311;INFO;Server;Command: ExecRobotTask (EnableTScreen,500000);
13/04/20;11:40:40.311;INFO;Controller;Executing asynchronous activity: ExecRobotTask;
13/04/20;11:40:40.312;INFO;Controller;Status = Executing: EnableTScreen;
13/04/20;11:40:40.312;INFO;Controller;State = Running;
13/04/20;11:40:41.500;INFO;Robot Runtime;executing:    EnableTScreen;
13/04/20;11:40:41.806;INFO;Controller;Activity ExecRobotTask ended. Return value: Done;
13/04/20;11:40:41.806;INFO;Controller;State = Ready;
13/04/20;11:41:01.351;INFO;Server;Command: ExecRobotTask (ClosePorts,500000);
13/04/20;11:41:01.351;INFO;Controller;Executing asynchronous activity: ExecRobotTask;
13/04/20;11:41:01.352;INFO;Controller;Status = Executing: ClosePorts;
13/04/20;11:41:01.352;INFO;Controller;State = Running;
13/04/20;11:41:02.240;INFO;Robot Runtime;executing:    ClosePorts;
13/04/20;11:41:02.385;INFO;Controller;Activity ExecRobotTask ended. Return value: Done;
13/04/20;11:41:02.386;INFO;Controller;State = Ready;
13/04/20;11:41:02.400;INFO;Server;Command: ExecRobotTask (EnableTScreen,500000);
13/04/20;11:41:02.400;INFO;Controller;Executing asynchronous activity: ExecRobotTask;
13/04/20;11:41:02.400;INFO;Controller;Status = Executing: EnableTScreen;
13/04/20;11:41:02.400;INFO;Controller;State = Running;
13/04/20;11:41:03.301;INFO;Robot Runtime;executing:    EnableTScreen;
13/04/20;11:41:03.659;INFO;Controller;Activity ExecRobotTask ended. Return value: Done;
13/04/20;11:41:03.659;INFO;Controller;State = Ready;
13/04/20;12:04:42.784;WARNING;Robot;Alarm active: Device is offline;
13/04/20;12:04:42.784;INFO;Controller;State = Communication Error;
13/04/20;12:04:44.893;INFO;Robot;Alarm inactive: Device is offline;
13/04/20;12:04:44.893;WARNING;Controller;Communication resumed, trying updating devices;
13/04/20;12:04:44.894;INFO;Controller;Finished device updating;
13/04/20;12:04:44.894;INFO;Controller;State = Ready;
