17/06/20;10:27:06.991;INFO;Server;Command: ExecRobotTask (TurnOffAutoFill,500000);
17/06/20;10:27:06.992;INFO;Controller;Executing asynchronous activity: ExecRobotTask;
17/06/20;10:27:06.992;INFO;Controller;Status = Executing: TurnOffAutoFill;
17/06/20;10:27:06.992;INFO;Controller;State = Running;
17/06/20;10:27:07.838;INFO;Robot Runtime;executing:    TurnOffAutoFill;
17/06/20;10:27:08.635;INFO;Controller;Activity ExecRobotTask ended. Return value: Done;
17/06/20;10:27:08.635;INFO;Controller;State = Ready;
17/06/20;10:27:08.672;INFO;Server;Command: ExecRobotTask (EnableTScreen,500000);
17/06/20;10:27:08.672;INFO;Controller;Executing asynchronous activity: ExecRobotTask;
17/06/20;10:27:08.672;INFO;Controller;Status = Executing: EnableTScreen;
17/06/20;10:27:08.672;INFO;Controller;State = Running;
17/06/20;10:27:09.515;INFO;Robot Runtime;executing:    EnableTScreen;
17/06/20;10:27:09.849;INFO;Controller;Activity ExecRobotTask ended. Return value: Done;
17/06/20;10:27:09.849;INFO;Controller;State = Ready;
17/06/20;10:31:45.350;INFO;Server;Command: ExecRobotTask (TurnOnAutoFill,500000);
17/06/20;10:31:45.351;INFO;Controller;Executing asynchronous activity: ExecRobotTask;
17/06/20;10:31:45.351;INFO;Controller;Status = Executing: TurnOnAutoFill;
17/06/20;10:31:45.351;INFO;Controller;State = Running;
17/06/20;10:31:46.200;INFO;Robot Runtime;executing:    TurnOnAutoFill;
17/06/20;10:31:46.870;INFO;Controller;Activity ExecRobotTask ended. Return value: Done;
17/06/20;10:31:46.871;INFO;Controller;State = Ready;
17/06/20;10:31:46.885;INFO;Server;Command: ExecRobotTask (EnableTScreen,500000);
17/06/20;10:31:46.886;INFO;Controller;Executing asynchronous activity: ExecRobotTask;
17/06/20;10:31:46.886;INFO;Controller;Status = Executing: EnableTScreen;
17/06/20;10:31:46.886;INFO;Controller;State = Running;
17/06/20;10:31:47.759;INFO;Robot Runtime;executing:    EnableTScreen;
17/06/20;10:31:48.129;INFO;Controller;Activity ExecRobotTask ended. Return value: Done;
17/06/20;10:31:48.129;INFO;Controller;State = Ready;
17/06/20;12:07:00.595;INFO;Server;Command: ExecRobotTask (TurnOffAutoFill,500000);
17/06/20;12:07:00.596;INFO;Controller;Executing asynchronous activity: ExecRobotTask;
17/06/20;12:07:00.596;INFO;Controller;Status = Executing: TurnOffAutoFill;
17/06/20;12:07:00.596;INFO;Controller;State = Running;
17/06/20;12:07:01.444;INFO;Robot Runtime;executing:    TurnOffAutoFill;
17/06/20;12:07:02.116;INFO;Controller;Activity ExecRobotTask ended. Return value: Done;
17/06/20;12:07:02.116;INFO;Controller;State = Ready;
17/06/20;12:07:02.131;INFO;Server;Command: ExecRobotTask (EnableTScreen,500000);
17/06/20;12:07:02.132;INFO;Controller;Executing asynchronous activity: ExecRobotTask;
17/06/20;12:07:02.132;INFO;Controller;Status = Executing: EnableTScreen;
17/06/20;12:07:02.132;INFO;Controller;State = Running;
17/06/20;12:07:03.028;INFO;Robot Runtime;executing:    EnableTScreen;
17/06/20;12:07:03.386;INFO;Controller;Activity ExecRobotTask ended. Return value: Done;
17/06/20;12:07:03.386;INFO;Controller;State = Ready;
17/06/20;18:24:39.379;INFO;Server;Command: ExecRobotTask (TurnOffAutoFill,500000);
17/06/20;18:24:39.380;INFO;Controller;Executing asynchronous activity: ExecRobotTask;
17/06/20;18:24:39.380;INFO;Controller;Status = Executing: TurnOffAutoFill;
17/06/20;18:24:39.380;INFO;Controller;State = Running;
17/06/20;18:24:40.383;INFO;Robot Runtime;executing:    TurnOffAutoFill;
17/06/20;18:24:41.105;INFO;Controller;Activity ExecRobotTask ended. Return value: Done;
17/06/20;18:24:41.105;INFO;Controller;State = Ready;
17/06/20;18:24:41.119;INFO;Server;Command: ExecRobotTask (EnableTScreen,500000);
17/06/20;18:24:41.119;INFO;Controller;Executing asynchronous activity: ExecRobotTask;
17/06/20;18:24:41.119;INFO;Controller;Status = Executing: EnableTScreen;
17/06/20;18:24:41.119;INFO;Controller;State = Running;
17/06/20;18:24:42.253;INFO;Robot Runtime;executing:    EnableTScreen;
17/06/20;18:24:42.593;INFO;Controller;Activity ExecRobotTask ended. Return value: Done;
17/06/20;18:24:42.593;INFO;Controller;State = Ready;
