17/09/20;14:08:13.842;INFO;Server;Command: ExecRobotTask (EnableTScreen,500000);
17/09/20;14:08:13.844;INFO;Controller;Executing asynchronous activity: ExecRobotTask;
17/09/20;14:08:13.844;INFO;Controller;Status = Executing: EnableTScreen;
17/09/20;14:08:13.844;INFO;Controller;State = Running;
17/09/20;14:08:13.934;INFO;Robot Runtime;executing:    EnableTScreen;
17/09/20;14:08:14.116;INFO;Controller;Activity ExecRobotTask ended. Return value: Done;
17/09/20;14:08:14.117;INFO;Controller;State = Ready;
17/09/20;16:09:18.294;WARNING;Robot;Alarm active: Device is offline;
17/09/20;16:09:18.295;INFO;Controller;State = Communication Error;
17/09/20;16:17:13.426;INFO;Robot;Alarm inactive: Device is offline;
17/09/20;16:17:13.427;WARNING;Controller;Communication resumed, trying updating devices;
17/09/20;16:17:13.427;INFO;Controller;Finished device updating;
17/09/20;16:17:13.428;INFO;Controller;State = Ready;
17/09/20;16:58:25.679;INFO;Server;Command: ExecRobotTask (CloseGripper,500000);
17/09/20;16:58:25.679;INFO;Controller;Executing asynchronous activity: ExecRobotTask;
17/09/20;16:58:25.680;INFO;Controller;Status = Executing: CloseGripper;
17/09/20;16:58:25.680;INFO;Controller;State = Running;
17/09/20;16:58:26.892;INFO;Robot Runtime;executing:    CloseGripper;
17/09/20;16:58:27.196;INFO;Controller;Activity ExecRobotTask ended. Return value: Done;
17/09/20;16:58:27.196;INFO;Controller;State = Ready;
17/09/20;16:58:47.005;INFO;Server;Command: ExecRobotTask (OpenGripper,500000);
17/09/20;16:58:47.006;INFO;Controller;Executing asynchronous activity: ExecRobotTask;
17/09/20;16:58:47.006;INFO;Controller;Status = Executing: OpenGripper;
17/09/20;16:58:47.006;INFO;Controller;State = Running;
17/09/20;16:58:47.926;INFO;Robot Runtime;executing:    OpenGripper;
17/09/20;16:58:48.303;INFO;Controller;Activity ExecRobotTask ended. Return value: Done;
17/09/20;16:58:48.304;INFO;Controller;State = Ready;
17/09/20;16:58:52.693;INFO;Server;Command: ExecRobotTask (CloseGripper,500000);
17/09/20;16:58:52.694;INFO;Controller;Executing asynchronous activity: ExecRobotTask;
17/09/20;16:58:52.694;INFO;Controller;Status = Executing: CloseGripper;
17/09/20;16:58:52.694;INFO;Controller;State = Running;
17/09/20;16:58:53.579;INFO;Robot Runtime;executing:    CloseGripper;
17/09/20;16:58:53.913;INFO;Controller;Activity ExecRobotTask ended. Return value: Done;
17/09/20;16:58:53.914;INFO;Controller;State = Ready;
17/09/20;16:58:57.237;INFO;Server;Command: ExecRobotTask (OpenGripper,500000);
17/09/20;16:58:57.238;INFO;Controller;Executing asynchronous activity: ExecRobotTask;
17/09/20;16:58:57.238;INFO;Controller;Status = Executing: OpenGripper;
17/09/20;16:58:57.238;INFO;Controller;State = Running;
17/09/20;16:58:58.070;INFO;Robot Runtime;executing:    OpenGripper;
17/09/20;16:58:58.278;INFO;Controller;Activity ExecRobotTask ended. Return value: Done;
17/09/20;16:58:58.279;INFO;Controller;State = Ready;
17/09/20;17:03:03.668;INFO;Server;Command: ExecRobotTask (OpenParkLid,500000);
17/09/20;17:03:03.668;INFO;Controller;Executing asynchronous activity: ExecRobotTask;
17/09/20;17:03:03.668;INFO;Controller;Status = Executing: OpenParkLid;
17/09/20;17:03:03.669;INFO;Controller;State = Running;
17/09/20;17:03:04.572;INFO;Robot Runtime;executing:    OpenParkLid;
17/09/20;17:03:04.868;INFO;Controller;Activity ExecRobotTask ended. Return value: Done;
17/09/20;17:03:04.869;INFO;Controller;State = Ready;
17/09/20;17:03:04.887;INFO;Server;Command: ExecRobotTask (EnableTScreen,500000);
17/09/20;17:03:04.888;INFO;Controller;Executing asynchronous activity: ExecRobotTask;
17/09/20;17:03:04.888;INFO;Controller;Status = Executing: EnableTScreen;
17/09/20;17:03:04.888;INFO;Controller;State = Running;
17/09/20;17:03:05.735;INFO;Robot Runtime;executing:    EnableTScreen;
17/09/20;17:03:06.051;INFO;Controller;Activity ExecRobotTask ended. Return value: Done;
17/09/20;17:03:06.052;INFO;Controller;State = Ready;
17/09/20;17:03:12.547;INFO;Server;Command: ExecRobotTask (ClosePorts,500000);
17/09/20;17:03:12.547;INFO;Controller;Executing asynchronous activity: ExecRobotTask;
17/09/20;17:03:12.547;INFO;Controller;Status = Executing: ClosePorts;
17/09/20;17:03:12.548;INFO;Controller;State = Running;
17/09/20;17:03:13.454;INFO;Robot Runtime;executing:    ClosePorts;
17/09/20;17:03:13.635;INFO;Controller;Activity ExecRobotTask ended. Return value: Done;
17/09/20;17:03:13.635;INFO;Controller;State = Ready;
17/09/20;17:03:13.645;INFO;Server;Command: ExecRobotTask (EnableTScreen,500000);
17/09/20;17:03:13.645;INFO;Controller;Executing asynchronous activity: ExecRobotTask;
17/09/20;17:03:13.645;INFO;Controller;Status = Executing: EnableTScreen;
17/09/20;17:03:13.645;INFO;Controller;State = Running;
17/09/20;17:03:14.476;INFO;Robot Runtime;executing:    EnableTScreen;
17/09/20;17:03:14.861;INFO;Controller;Activity ExecRobotTask ended. Return value: Done;
17/09/20;17:03:14.861;INFO;Controller;State = Ready;
17/09/20;17:03:20.573;INFO;Server;Command: ExecRobotTask (OpenParkLid,500000);
17/09/20;17:03:20.574;INFO;Controller;Executing asynchronous activity: ExecRobotTask;
17/09/20;17:03:20.574;INFO;Controller;Status = Executing: OpenParkLid;
17/09/20;17:03:20.574;INFO;Controller;State = Running;
17/09/20;17:03:21.409;INFO;Robot Runtime;executing:    OpenParkLid;
17/09/20;17:03:21.676;INFO;Controller;Activity ExecRobotTask ended. Return value: Done;
17/09/20;17:03:21.677;INFO;Controller;State = Ready;
17/09/20;17:03:21.692;INFO;Server;Command: ExecRobotTask (EnableTScreen,500000);
17/09/20;17:03:21.692;INFO;Controller;Executing asynchronous activity: ExecRobotTask;
17/09/20;17:03:21.693;INFO;Controller;Status = Executing: EnableTScreen;
17/09/20;17:03:21.693;INFO;Controller;State = Running;
17/09/20;17:03:22.574;INFO;Robot Runtime;executing:    EnableTScreen;
17/09/20;17:03:22.912;INFO;Controller;Activity ExecRobotTask ended. Return value: Done;
17/09/20;17:03:22.913;INFO;Controller;State = Ready;
17/09/20;17:04:20.002;INFO;Server;Command: ExecRobotTask (ClosePorts,500000);
17/09/20;17:04:20.003;INFO;Controller;Executing asynchronous activity: ExecRobotTask;
17/09/20;17:04:20.003;INFO;Controller;Status = Executing: ClosePorts;
17/09/20;17:04:20.003;INFO;Controller;State = Running;
17/09/20;17:04:20.833;INFO;Robot Runtime;executing:    ClosePorts;
17/09/20;17:04:21.141;INFO;Controller;Activity ExecRobotTask ended. Return value: Done;
17/09/20;17:04:21.142;INFO;Controller;State = Ready;
17/09/20;17:04:21.153;INFO;Server;Command: ExecRobotTask (EnableTScreen,500000);
17/09/20;17:04:21.154;INFO;Controller;Executing asynchronous activity: ExecRobotTask;
17/09/20;17:04:21.154;INFO;Controller;Status = Executing: EnableTScreen;
17/09/20;17:04:21.154;INFO;Controller;State = Running;
17/09/20;17:04:22.029;INFO;Robot Runtime;executing:    EnableTScreen;
17/09/20;17:04:22.369;INFO;Controller;Activity ExecRobotTask ended. Return value: Done;
17/09/20;17:04:22.369;INFO;Controller;State = Ready;
17/09/20;17:20:13.814;INFO;Server;Command: ExecRobotTask (Initialize,500000);
17/09/20;17:20:13.815;INFO;Controller;Executing asynchronous activity: ExecRobotTask;
17/09/20;17:20:13.815;INFO;Controller;Status = Executing: Initialize;
17/09/20;17:20:13.815;INFO;Controller;State = Running;
17/09/20;17:20:14.735;INFO;Robot Runtime;executing:    Initialize;
17/09/20;17:20:16.018;INFO;Controller;Activity ExecRobotTask ended. Return value: Done;
17/09/20;17:20:16.019;INFO;Controller;State = Ready;
17/09/20;17:20:16.030;INFO;Server;Command: ExecRobotTask (LatchRobGov,500000);
17/09/20;17:20:16.030;INFO;Controller;Executing asynchronous activity: ExecRobotTask;
17/09/20;17:20:16.030;INFO;Controller;Status = Executing: LatchRobGov;
17/09/20;17:20:16.031;INFO;Controller;State = Running;
17/09/20;17:20:17.180;INFO;Robot Runtime;executing:    LatchRobGov;
17/09/20;17:20:17.742;INFO;Controller;Activity ExecRobotTask ended. Return value: Done;
17/09/20;17:20:17.742;INFO;Controller;State = Ready;
17/09/20;17:20:17.750;INFO;Server;Command: ExecRobotTask (TraceSample,500000);
17/09/20;17:20:17.751;INFO;Controller;Executing asynchronous activity: ExecRobotTask;
17/09/20;17:20:17.751;INFO;Controller;Status = Executing: TraceSample;
17/09/20;17:20:17.751;INFO;Controller;State = Running;
17/09/20;17:20:18.770;INFO;Robot Runtime;executing:    TraceSample;
17/09/20;17:20:19.576;INFO;Controller;Activity ExecRobotTask ended. Return value: Done True/False/False;
17/09/20;17:20:19.576;INFO;Controller;State = Ready;
17/09/20;17:23:27.923;INFO;Server;Command: ExecRobotTask (Initialize,500000);
17/09/20;17:23:27.924;INFO;Controller;Executing asynchronous activity: ExecRobotTask;
17/09/20;17:23:27.924;INFO;Controller;Status = Executing: Initialize;
17/09/20;17:23:27.924;INFO;Controller;State = Running;
17/09/20;17:23:28.835;INFO;Robot Runtime;executing:    Initialize;
17/09/20;17:23:29.257;INFO;Controller;Activity ExecRobotTask ended. Return value: Done;
17/09/20;17:23:29.258;INFO;Controller;State = Ready;
17/09/20;17:23:29.266;INFO;Server;Command: ExecRobotTask (LatchRobGov,500000);
17/09/20;17:23:29.266;INFO;Controller;Executing asynchronous activity: ExecRobotTask;
17/09/20;17:23:29.266;INFO;Controller;Status = Executing: LatchRobGov;
17/09/20;17:23:29.267;INFO;Controller;State = Running;
17/09/20;17:23:30.415;INFO;Robot Runtime;executing:    LatchRobGov;
17/09/20;17:23:30.989;INFO;Controller;Activity ExecRobotTask ended. Return value: Done;
17/09/20;17:23:30.989;INFO;Controller;State = Ready;
17/09/20;17:23:30.996;INFO;Server;Command: ExecRobotTask (TraceSample,500000);
17/09/20;17:23:30.996;INFO;Controller;Executing asynchronous activity: ExecRobotTask;
17/09/20;17:23:30.997;INFO;Controller;Status = Executing: TraceSample;
17/09/20;17:23:30.997;INFO;Controller;State = Running;
17/09/20;17:23:32.003;INFO;Robot Runtime;executing:    TraceSample;
17/09/20;17:23:32.468;INFO;Controller;Activity ExecRobotTask ended. Return value: Done False/False/False;
17/09/20;17:23:32.468;INFO;Controller;State = Ready;
17/09/20;17:23:32.482;INFO;Server;Command: ExecRobotTask (CoolDown,500000);
17/09/20;17:23:32.482;INFO;Controller;Executing asynchronous activity: ExecRobotTask;
17/09/20;17:23:32.482;INFO;Controller;Status = Executing: CoolDown;
17/09/20;17:23:32.482;INFO;Controller;State = Running;
17/09/20;17:23:33.383;INFO;Robot Runtime;executing:    CoolDown;
17/09/20;17:24:52.632;INFO;Controller;Activity ExecRobotTask ended. Return value: Done;
17/09/20;17:24:52.633;INFO;Controller;State = Ready;
17/09/20;17:24:52.832;INFO;Server;Command: ExecRobotTask (Load,500000);
17/09/20;17:24:52.833;INFO;Controller;Executing asynchronous activity: ExecRobotTask;
17/09/20;17:24:52.833;INFO;Controller;Status = Executing: Load;
17/09/20;17:24:52.833;INFO;Controller;State = Running;
17/09/20;17:24:53.968;INFO;Robot Runtime;executing:    Load;
17/09/20;17:25:07.560;INFO;Controller;Activity ExecRobotTask ended. Return value: Done False/True/False;
17/09/20;17:25:07.560;INFO;Controller;State = Ready;
17/09/20;17:25:07.572;INFO;Server;Command: ExecRobotTask (Mount,500000);
17/09/20;17:25:07.573;INFO;Controller;Executing asynchronous activity: ExecRobotTask;
17/09/20;17:25:07.573;INFO;Controller;Status = Executing: Mount;
17/09/20;17:25:07.573;INFO;Controller;State = Running;
17/09/20;17:25:08.583;INFO;Robot Runtime;executing:    Mount;
17/09/20;17:25:15.552;INFO;Controller;Activity ExecRobotTask ended. Return value: Done True/False/False;
17/09/20;17:25:15.553;INFO;Controller;State = Ready;
17/09/20;17:25:15.571;INFO;Server;Command: ExecRobotTask (Park,500000);
17/09/20;17:25:15.571;INFO;Controller;Executing asynchronous activity: ExecRobotTask;
17/09/20;17:25:15.571;INFO;Controller;Status = Executing: Park;
17/09/20;17:25:15.571;INFO;Controller;State = Running;
17/09/20;17:25:16.466;INFO;Robot Runtime;executing:    Park;
17/09/20;17:25:19.988;INFO;Controller;Activity ExecRobotTask ended. Return value: Done;
17/09/20;17:25:19.988;INFO;Controller;State = Ready;
17/09/20;17:25:20.006;INFO;Server;Command: ExecRobotTask (UnlatchRobGov,500000);
17/09/20;17:25:20.006;INFO;Controller;Executing asynchronous activity: ExecRobotTask;
17/09/20;17:25:20.006;INFO;Controller;Status = Executing: UnlatchRobGov;
17/09/20;17:25:20.006;INFO;Controller;State = Running;
17/09/20;17:25:20.912;INFO;Robot Runtime;executing:    UnlatchRobGov;
17/09/20;17:25:21.042;INFO;Controller;Activity ExecRobotTask ended. Return value: Done;
17/09/20;17:25:21.042;INFO;Controller;State = Ready;
17/09/20;17:26:05.288;INFO;Server;Command: ExecRobotTask (Unmount,500000);
17/09/20;17:26:05.288;INFO;Controller;Executing asynchronous activity: ExecRobotTask;
17/09/20;17:26:05.289;INFO;Controller;Status = Executing: Unmount;
17/09/20;17:26:05.289;INFO;Controller;State = Running;
17/09/20;17:26:06.398;INFO;Robot Runtime;executing:    Unmount;
17/09/20;17:26:18.041;INFO;Controller;Activity ExecRobotTask ended. Return value: Done False/True/False;
17/09/20;17:26:18.041;INFO;Controller;State = Ready;
17/09/20;17:26:18.050;INFO;Server;Command: ExecRobotTask (Unload,500000);
17/09/20;17:26:18.051;INFO;Controller;Executing asynchronous activity: ExecRobotTask;
17/09/20;17:26:18.051;INFO;Controller;Status = Executing: Unload;
17/09/20;17:26:18.051;INFO;Controller;State = Running;
17/09/20;17:26:18.919;INFO;Robot Runtime;executing:    Unload;
17/09/20;17:26:28.755;INFO;Controller;Activity ExecRobotTask ended. Return value: Done False/False/False;
17/09/20;17:26:28.756;INFO;Controller;State = Ready;
17/09/20;17:26:30.340;INFO;Server;Command: ExecRobotTask (Load,500000);
17/09/20;17:26:30.341;INFO;Controller;Executing asynchronous activity: ExecRobotTask;
17/09/20;17:26:30.341;INFO;Controller;Status = Executing: Load;
17/09/20;17:26:30.341;INFO;Controller;State = Running;
17/09/20;17:26:31.391;INFO;Robot Runtime;executing:    Load;
17/09/20;17:26:46.468;INFO;Controller;Activity ExecRobotTask ended. Return value: Done False/True/False;
17/09/20;17:26:46.469;INFO;Controller;State = Ready;
17/09/20;17:26:46.479;INFO;Server;Command: ExecRobotTask (Mount,500000);
17/09/20;17:26:46.479;INFO;Controller;Executing asynchronous activity: ExecRobotTask;
17/09/20;17:26:46.479;INFO;Controller;Status = Executing: Mount;
17/09/20;17:26:46.479;INFO;Controller;State = Running;
17/09/20;17:26:47.383;INFO;Robot Runtime;executing:    Mount;
17/09/20;17:27:00.509;INFO;Controller;Activity ExecRobotTask ended. Return value: Done True/False/False;
17/09/20;17:27:00.509;INFO;Controller;State = Ready;
17/09/20;17:27:00.525;INFO;Server;Command: ExecRobotTask (Park,500000);
17/09/20;17:27:00.525;INFO;Controller;Executing asynchronous activity: ExecRobotTask;
17/09/20;17:27:00.525;INFO;Controller;Status = Executing: Park;
17/09/20;17:27:00.525;INFO;Controller;State = Running;
17/09/20;17:27:01.621;INFO;Robot Runtime;executing:    Park;
17/09/20;17:27:08.102;INFO;Controller;Activity ExecRobotTask ended. Return value: Done;
17/09/20;17:27:08.102;INFO;Controller;State = Ready;
17/09/20;17:27:08.120;INFO;Server;Command: ExecRobotTask (UnlatchRobGov,500000);
17/09/20;17:27:08.120;INFO;Controller;Executing asynchronous activity: ExecRobotTask;
17/09/20;17:27:08.120;INFO;Controller;Status = Executing: UnlatchRobGov;
17/09/20;17:27:08.120;INFO;Controller;State = Running;
17/09/20;17:27:09.026;INFO;Robot Runtime;executing:    UnlatchRobGov;
17/09/20;17:27:09.156;INFO;Controller;Activity ExecRobotTask ended. Return value: Done;
17/09/20;17:27:09.156;INFO;Controller;State = Ready;
17/09/20;17:27:42.888;INFO;Server;Command: ExecRobotTask (Unmount,500000);
17/09/20;17:27:42.888;INFO;Controller;Executing asynchronous activity: ExecRobotTask;
17/09/20;17:27:42.888;INFO;Controller;Status = Executing: Unmount;
17/09/20;17:27:42.889;INFO;Controller;State = Running;
17/09/20;17:27:43.904;INFO;Robot Runtime;executing:    Unmount;
17/09/20;17:27:55.869;INFO;Controller;Activity ExecRobotTask ended. Return value: Done False/True/False;
17/09/20;17:27:55.870;INFO;Controller;State = Ready;
17/09/20;17:27:55.884;INFO;Server;Command: ExecRobotTask (Unload,500000);
17/09/20;17:27:55.885;INFO;Controller;Executing asynchronous activity: ExecRobotTask;
17/09/20;17:27:55.885;INFO;Controller;Status = Executing: Unload;
17/09/20;17:27:55.885;INFO;Controller;State = Running;
17/09/20;17:27:56.747;INFO;Robot Runtime;executing:    Unload;
17/09/20;17:28:03.527;INFO;Controller;Activity ExecRobotTask ended. Return value: Done False/False/False;
17/09/20;17:28:03.527;INFO;Controller;State = Ready;
17/09/20;17:28:05.082;INFO;Server;Command: ExecRobotTask (Load,500000);
17/09/20;17:28:05.083;INFO;Controller;Executing asynchronous activity: ExecRobotTask;
17/09/20;17:28:05.083;INFO;Controller;Status = Executing: Load;
17/09/20;17:28:05.083;INFO;Controller;State = Running;
17/09/20;17:28:06.238;INFO;Robot Runtime;executing:    Load;
17/09/20;17:28:15.408;INFO;Controller;Activity ExecRobotTask ended. Return value: Done False/True/False;
17/09/20;17:28:15.409;INFO;Controller;State = Ready;
17/09/20;17:28:15.424;INFO;Server;Command: ExecRobotTask (Mount,500000);
17/09/20;17:28:15.425;INFO;Controller;Executing asynchronous activity: ExecRobotTask;
17/09/20;17:28:15.425;INFO;Controller;Status = Executing: Mount;
17/09/20;17:28:15.425;INFO;Controller;State = Running;
17/09/20;17:28:16.463;INFO;Robot Runtime;executing:    Mount;
17/09/20;17:28:23.591;INFO;Controller;Activity ExecRobotTask ended. Return value: Done True/False/False;
17/09/20;17:28:23.592;INFO;Controller;State = Ready;
17/09/20;17:28:23.603;INFO;Server;Command: ExecRobotTask (Park,500000);
17/09/20;17:28:23.604;INFO;Controller;Executing asynchronous activity: ExecRobotTask;
17/09/20;17:28:23.604;INFO;Controller;Status = Executing: Park;
17/09/20;17:28:23.604;INFO;Controller;State = Running;
17/09/20;17:28:24.468;INFO;Robot Runtime;executing:    Park;
17/09/20;17:28:27.866;INFO;Controller;Activity ExecRobotTask ended. Return value: Done;
17/09/20;17:28:27.866;INFO;Controller;State = Ready;
17/09/20;17:28:27.876;INFO;Server;Command: ExecRobotTask (UnlatchRobGov,500000);
17/09/20;17:28:27.877;INFO;Controller;Executing asynchronous activity: ExecRobotTask;
17/09/20;17:28:27.877;INFO;Controller;Status = Executing: UnlatchRobGov;
17/09/20;17:28:27.877;INFO;Controller;State = Running;
17/09/20;17:28:28.776;INFO;Robot Runtime;executing:    UnlatchRobGov;
17/09/20;17:28:28.916;INFO;Controller;Activity ExecRobotTask ended. Return value: Done;
17/09/20;17:28:28.916;INFO;Controller;State = Ready;
17/09/20;17:29:13.313;INFO;Server;Command: ExecRobotTask (Unmount,500000);
17/09/20;17:29:13.314;INFO;Controller;Executing asynchronous activity: ExecRobotTask;
17/09/20;17:29:13.314;INFO;Controller;Status = Executing: Unmount;
17/09/20;17:29:13.314;INFO;Controller;State = Running;
17/09/20;17:29:14.447;INFO;Robot Runtime;executing:    Unmount;
17/09/20;17:29:26.287;INFO;Controller;Activity ExecRobotTask ended. Return value: Done False/True/False;
17/09/20;17:29:26.288;INFO;Controller;State = Ready;
17/09/20;17:29:26.301;INFO;Server;Command: ExecRobotTask (Unload,500000);
17/09/20;17:29:26.301;INFO;Controller;Executing asynchronous activity: ExecRobotTask;
17/09/20;17:29:26.301;INFO;Controller;Status = Executing: Unload;
17/09/20;17:29:26.301;INFO;Controller;State = Running;
17/09/20;17:29:27.164;INFO;Robot Runtime;executing:    Unload;
17/09/20;17:29:33.954;INFO;Controller;Activity ExecRobotTask ended. Return value: Done False/False/False;
17/09/20;17:29:33.954;INFO;Controller;State = Ready;
17/09/20;17:29:34.056;INFO;Server;Command: ExecRobotTask (UnlatchRobGov,500000);
17/09/20;17:29:34.057;INFO;Controller;Executing asynchronous activity: ExecRobotTask;
17/09/20;17:29:34.057;INFO;Controller;Status = Executing: UnlatchRobGov;
17/09/20;17:29:34.057;INFO;Controller;State = Running;
17/09/20;17:29:34.906;INFO;Robot Runtime;executing:    UnlatchRobGov;
17/09/20;17:29:35.400;INFO;Controller;Activity ExecRobotTask ended. Return value: Done;
17/09/20;17:29:35.400;INFO;Controller;State = Ready;
17/09/20;17:29:35.413;INFO;Server;Command: ExecRobotTask (Home,500000);
17/09/20;17:29:35.413;INFO;Controller;Executing asynchronous activity: ExecRobotTask;
17/09/20;17:29:35.413;INFO;Controller;Status = Executing: Home;
17/09/20;17:29:35.413;INFO;Controller;State = Running;
17/09/20;17:29:36.440;INFO;Robot Runtime;executing:    Home;
17/09/20;17:29:38.154;INFO;Controller;Activity ExecRobotTask ended. Return value: Done;
17/09/20;17:29:38.155;INFO;Controller;State = Ready;
17/09/20;17:29:38.174;INFO;Server;Command: ExecRobotTask (Finish,500000);
17/09/20;17:29:38.174;INFO;Controller;Executing asynchronous activity: ExecRobotTask;
17/09/20;17:29:38.174;INFO;Controller;Status = Executing: Finish;
17/09/20;17:29:38.174;INFO;Controller;State = Running;
17/09/20;17:29:39.057;INFO;Robot Runtime;executing:    Finish;
17/09/20;17:32:00.670;INFO;Controller;Activity ExecRobotTask ended. Return value: Done;
17/09/20;17:32:00.670;INFO;Controller;State = Ready;
