29/04/20;14:35:41.690;INFO;Server;Command: ExecRobotTask (Initialize,500000);
29/04/20;14:35:41.690;INFO;Controller;Executing asynchronous activity: ExecRobotTask;
29/04/20;14:35:41.690;INFO;Controller;Status = Executing: Initialize;
29/04/20;14:35:41.690;INFO;Controller;State = Running;
29/04/20;14:35:42.567;INFO;Robot Runtime;executing:    Initialize;
29/04/20;14:35:43.777;INFO;Controller;Activity ExecRobotTask ended. Return value: Done;
29/04/20;14:35:43.777;INFO;Controller;State = Ready;
29/04/20;14:35:43.808;INFO;Server;Command: ExecRobotTask (Home,500000);
29/04/20;14:35:43.808;INFO;Controller;Executing asynchronous activity: ExecRobotTask;
29/04/20;14:35:43.808;INFO;Controller;Status = Executing: Home;
29/04/20;14:35:43.808;INFO;Controller;State = Running;
29/04/20;14:35:44.636;INFO;Robot Runtime;executing:    Home;
29/04/20;14:35:44.808;INFO;Controller;Activity ExecRobotTask ended. Return value: Done;
29/04/20;14:35:44.808;INFO;Controller;State = Ready;
29/04/20;14:35:44.822;INFO;Server;Command: ExecRobotTask (Park,500000);
29/04/20;14:35:44.822;INFO;Controller;Executing asynchronous activity: ExecRobotTask;
29/04/20;14:35:44.822;INFO;Controller;Status = Executing: Park;
29/04/20;14:35:44.822;INFO;Controller;State = Running;
29/04/20;14:35:45.657;INFO;Robot Runtime;executing:    Park;
29/04/20;14:35:49.048;INFO;Controller;Activity ExecRobotTask ended. Return value: Done;
29/04/20;14:35:49.048;INFO;Controller;State = Ready;
29/04/20;14:42:20.029;INFO;Server;Command: ExecRobotTask (OpenPortLid,500000);
29/04/20;14:42:20.029;INFO;Controller;Executing asynchronous activity: ExecRobotTask;
29/04/20;14:42:20.029;INFO;Controller;Status = Executing: OpenPortLid;
29/04/20;14:42:20.029;INFO;Controller;State = Running;
29/04/20;14:42:20.910;INFO;Robot Runtime;executing:    OpenPortLid;
29/04/20;14:42:21.284;INFO;Controller;Activity ExecRobotTask ended. Return value: Done;
29/04/20;14:42:21.284;INFO;Controller;State = Ready;
29/04/20;14:42:21.300;INFO;Server;Command: ExecRobotTask (EnableTScreen,500000);
29/04/20;14:42:21.300;INFO;Controller;Executing asynchronous activity: ExecRobotTask;
29/04/20;14:42:21.300;INFO;Controller;Status = Executing: EnableTScreen;
29/04/20;14:42:21.300;INFO;Controller;State = Running;
29/04/20;14:42:22.149;INFO;Robot Runtime;executing:    EnableTScreen;
29/04/20;14:42:22.323;INFO;Controller;Activity ExecRobotTask ended. Return value: Done;
29/04/20;14:42:22.324;INFO;Controller;State = Ready;
29/04/20;14:42:28.858;INFO;Server;Command: ExecRobotTask (ClosePorts,500000);
29/04/20;14:42:28.858;INFO;Controller;Executing asynchronous activity: ExecRobotTask;
29/04/20;14:42:28.858;INFO;Controller;Status = Executing: ClosePorts;
29/04/20;14:42:28.858;INFO;Controller;State = Running;
29/04/20;14:42:30.114;INFO;Robot Runtime;executing:    ClosePorts;
29/04/20;14:42:30.490;INFO;Controller;Activity ExecRobotTask ended. Return value: Done;
29/04/20;14:42:30.490;INFO;Controller;State = Ready;
29/04/20;14:42:30.505;INFO;Server;Command: ExecRobotTask (EnableTScreen,500000);
29/04/20;14:42:30.505;INFO;Controller;Executing asynchronous activity: ExecRobotTask;
29/04/20;14:42:30.505;INFO;Controller;Status = Executing: EnableTScreen;
29/04/20;14:42:30.505;INFO;Controller;State = Running;
29/04/20;14:42:31.334;INFO;Robot Runtime;executing:    EnableTScreen;
29/04/20;14:42:31.687;INFO;Controller;Activity ExecRobotTask ended. Return value: Done;
29/04/20;14:42:31.687;INFO;Controller;State = Ready;
29/04/20;14:42:59.687;INFO;Server;Command: ExecRobotTask (Initialize,500000);
29/04/20;14:42:59.688;INFO;Controller;Executing asynchronous activity: ExecRobotTask;
29/04/20;14:42:59.696;INFO;Controller;Status = Executing: Initialize;
29/04/20;14:42:59.696;INFO;Controller;State = Running;
29/04/20;14:43:00.528;INFO;Robot Runtime;executing:    Initialize;
29/04/20;14:43:00.894;INFO;Controller;Activity ExecRobotTask ended. Return value: Done;
29/04/20;14:43:00.894;INFO;Controller;State = Ready;
29/04/20;14:43:01.131;INFO;Server;Command: ExecRobotTask (Load,500000);
29/04/20;14:43:01.131;INFO;Controller;Executing asynchronous activity: ExecRobotTask;
29/04/20;14:43:01.131;INFO;Controller;Status = Executing: Load;
29/04/20;14:43:01.132;INFO;Controller;State = Running;
29/04/20;14:43:02.033;INFO;Robot Runtime;executing:    Load;
29/04/20;14:43:11.239;INFO;Controller;Activity ExecRobotTask ended. Return value: Done False/True/False;
29/04/20;14:43:11.239;INFO;Controller;State = Ready;
29/04/20;14:43:11.253;INFO;Server;Command: ExecRobotTask (Mount,500000);
29/04/20;14:43:11.253;INFO;Controller;Executing asynchronous activity: ExecRobotTask;
29/04/20;14:43:11.253;INFO;Controller;Status = Executing: Mount;
29/04/20;14:43:11.253;INFO;Controller;State = Running;
29/04/20;14:43:12.161;INFO;Robot Runtime;executing:    Mount;
29/04/20;14:43:16.424;INFO;Controller;Activity ExecRobotTask ended. Return value: Done True/False/False;
29/04/20;14:43:16.424;INFO;Controller;State = Ready;
29/04/20;14:43:16.445;INFO;Server;Command: ExecRobotTask (Park,500000);
29/04/20;14:43:16.445;INFO;Controller;Executing asynchronous activity: ExecRobotTask;
29/04/20;14:43:16.445;INFO;Controller;Status = Executing: Park;
29/04/20;14:43:16.445;INFO;Controller;State = Running;
29/04/20;14:43:17.683;INFO;Robot Runtime;executing:    Park;
29/04/20;14:43:19.751;INFO;Controller;Activity ExecRobotTask ended. Return value: Done;
29/04/20;14:43:19.751;INFO;Controller;State = Ready;
29/04/20;14:43:19.765;INFO;Server;Command: ExecRobotTask (UnlatchRobGov,500000);
29/04/20;14:43:19.765;INFO;Controller;Executing asynchronous activity: ExecRobotTask;
29/04/20;14:43:19.766;INFO;Controller;Status = Executing: UnlatchRobGov;
29/04/20;14:43:19.766;INFO;Controller;State = Running;
29/04/20;14:43:20.655;INFO;Robot Runtime;executing:    UnlatchRobGov;
29/04/20;14:43:20.794;INFO;Controller;Activity ExecRobotTask ended. Return value: Done;
29/04/20;14:43:20.794;INFO;Controller;State = Ready;
29/04/20;14:43:42.750;INFO;Server;Command: ExecRobotTask (Unmount,500000);
29/04/20;14:43:42.750;INFO;Controller;Executing asynchronous activity: ExecRobotTask;
29/04/20;14:43:42.750;INFO;Controller;Status = Executing: Unmount;
29/04/20;14:43:42.750;INFO;Controller;State = Running;
29/04/20;14:43:43.591;INFO;Robot Runtime;executing:    Unmount;
29/04/20;14:43:53.078;INFO;Controller;Activity ExecRobotTask ended. Return value: Done False/True/False;
29/04/20;14:43:53.078;INFO;Controller;State = Ready;
29/04/20;14:43:53.096;INFO;Server;Command: ExecRobotTask (Unload,500000);
29/04/20;14:43:53.096;INFO;Controller;Executing asynchronous activity: ExecRobotTask;
29/04/20;14:43:53.096;INFO;Controller;Status = Executing: Unload;
29/04/20;14:43:53.096;INFO;Controller;State = Running;
29/04/20;14:43:53.939;INFO;Robot Runtime;executing:    Unload;
29/04/20;14:43:57.742;INFO;Controller;Activity ExecRobotTask ended. Return value: Done False/False/False;
29/04/20;14:43:57.742;INFO;Controller;State = Ready;
29/04/20;14:43:59.311;INFO;Server;Command: ExecRobotTask (Load,500000);
29/04/20;14:43:59.311;INFO;Controller;Executing asynchronous activity: ExecRobotTask;
29/04/20;14:43:59.311;INFO;Controller;Status = Executing: Load;
29/04/20;14:43:59.311;INFO;Controller;State = Running;
29/04/20;14:44:00.321;INFO;Robot Runtime;executing:    Load;
29/04/20;14:44:06.444;INFO;Controller;Activity ExecRobotTask ended. Return value: Done False/True/False;
29/04/20;14:44:06.444;INFO;Controller;State = Ready;
29/04/20;14:44:06.463;INFO;Server;Command: ExecRobotTask (Mount,500000);
29/04/20;14:44:06.463;INFO;Controller;Executing asynchronous activity: ExecRobotTask;
29/04/20;14:44:06.463;INFO;Controller;Status = Executing: Mount;
29/04/20;14:44:06.463;INFO;Controller;State = Running;
29/04/20;14:44:07.682;INFO;Robot Runtime;executing:    Mount;
29/04/20;14:44:11.881;INFO;Controller;Activity ExecRobotTask ended. Return value: Done True/False/False;
29/04/20;14:44:11.882;INFO;Controller;State = Ready;
29/04/20;14:44:11.897;INFO;Server;Command: ExecRobotTask (Park,500000);
29/04/20;14:44:11.897;INFO;Controller;Executing asynchronous activity: ExecRobotTask;
29/04/20;14:44:11.897;INFO;Controller;Status = Executing: Park;
29/04/20;14:44:11.897;INFO;Controller;State = Running;
29/04/20;14:44:12.729;INFO;Robot Runtime;executing:    Park;
29/04/20;14:44:14.483;INFO;Controller;Activity ExecRobotTask ended. Return value: Done;
29/04/20;14:44:14.484;INFO;Controller;State = Ready;
29/04/20;14:44:14.499;INFO;Server;Command: ExecRobotTask (UnlatchRobGov,500000);
29/04/20;14:44:14.499;INFO;Controller;Executing asynchronous activity: ExecRobotTask;
29/04/20;14:44:14.499;INFO;Controller;Status = Executing: UnlatchRobGov;
29/04/20;14:44:14.499;INFO;Controller;State = Running;
29/04/20;14:44:15.386;INFO;Robot Runtime;executing:    UnlatchRobGov;
29/04/20;14:44:15.865;INFO;Controller;Activity ExecRobotTask ended. Return value: Done;
29/04/20;14:44:15.865;INFO;Controller;State = Ready;
29/04/20;14:59:17.948;INFO;Server;Command: ExecRobotTask (Unmount,500000);
29/04/20;14:59:17.948;INFO;Controller;Executing asynchronous activity: ExecRobotTask;
29/04/20;14:59:17.948;INFO;Controller;Status = Executing: Unmount;
29/04/20;14:59:17.949;INFO;Controller;State = Running;
29/04/20;14:59:18.795;INFO;Robot Runtime;executing:    Unmount;
29/04/20;14:59:27.830;INFO;Controller;Activity ExecRobotTask ended. Return value: Done False/True/False;
29/04/20;14:59:27.830;INFO;Controller;State = Ready;
29/04/20;14:59:27.840;INFO;Server;Command: ExecRobotTask (Unload,500000);
29/04/20;14:59:27.840;INFO;Controller;Executing asynchronous activity: ExecRobotTask;
29/04/20;14:59:27.840;INFO;Controller;Status = Executing: Unload;
29/04/20;14:59:27.840;INFO;Controller;State = Running;
29/04/20;14:59:28.702;INFO;Robot Runtime;executing:    Unload;
29/04/20;14:59:32.640;INFO;Controller;Activity ExecRobotTask ended. Return value: Done False/False/False;
29/04/20;14:59:32.640;INFO;Controller;State = Ready;
29/04/20;14:59:34.289;INFO;Server;Command: ExecRobotTask (Load,500000);
29/04/20;14:59:34.289;INFO;Controller;Executing asynchronous activity: ExecRobotTask;
29/04/20;14:59:34.289;INFO;Controller;Status = Executing: Load;
29/04/20;14:59:34.289;INFO;Controller;State = Running;
29/04/20;14:59:35.648;INFO;Robot Runtime;executing:    Load;
29/04/20;14:59:41.893;INFO;Controller;Activity ExecRobotTask ended. Return value: Done False/True/False;
29/04/20;14:59:41.893;INFO;Controller;State = Ready;
29/04/20;14:59:41.910;INFO;Server;Command: ExecRobotTask (Mount,500000);
29/04/20;14:59:41.910;INFO;Controller;Executing asynchronous activity: ExecRobotTask;
29/04/20;14:59:41.910;INFO;Controller;Status = Executing: Mount;
29/04/20;14:59:41.910;INFO;Controller;State = Running;
29/04/20;14:59:42.773;INFO;Robot Runtime;executing:    Mount;
29/04/20;14:59:47.034;INFO;Controller;Activity ExecRobotTask ended. Return value: Done True/False/False;
29/04/20;14:59:47.034;INFO;Controller;State = Ready;
29/04/20;14:59:47.048;INFO;Server;Command: ExecRobotTask (Park,500000);
29/04/20;14:59:47.048;INFO;Controller;Executing asynchronous activity: ExecRobotTask;
29/04/20;14:59:47.048;INFO;Controller;Status = Executing: Park;
29/04/20;14:59:47.048;INFO;Controller;State = Running;
29/04/20;14:59:47.879;INFO;Robot Runtime;executing:    Park;
29/04/20;14:59:49.638;INFO;Controller;Activity ExecRobotTask ended. Return value: Done;
29/04/20;14:59:49.638;INFO;Controller;State = Ready;
29/04/20;14:59:49.657;INFO;Server;Command: ExecRobotTask (UnlatchRobGov,500000);
29/04/20;14:59:49.657;INFO;Controller;Executing asynchronous activity: ExecRobotTask;
29/04/20;14:59:49.657;INFO;Controller;Status = Executing: UnlatchRobGov;
29/04/20;14:59:49.657;INFO;Controller;State = Running;
29/04/20;14:59:50.538;INFO;Robot Runtime;executing:    UnlatchRobGov;
29/04/20;14:59:51.009;INFO;Controller;Activity ExecRobotTask ended. Return value: Done;
29/04/20;14:59:51.009;INFO;Controller;State = Ready;
29/04/20;15:12:15.352;INFO;Server;Command: ExecRobotTask (Unmount,500000);
29/04/20;15:12:15.352;INFO;Controller;Executing asynchronous activity: ExecRobotTask;
29/04/20;15:12:15.352;INFO;Controller;Status = Executing: Unmount;
29/04/20;15:12:15.353;INFO;Controller;State = Running;
29/04/20;15:12:16.250;INFO;Robot Runtime;executing:    Unmount;
29/04/20;15:12:25.022;INFO;Controller;Activity ExecRobotTask ended. Return value: Done False/True/False;
29/04/20;15:12:25.022;INFO;Controller;State = Ready;
29/04/20;15:12:25.045;INFO;Server;Command: ExecRobotTask (Unload,500000);
29/04/20;15:12:25.045;INFO;Controller;Executing asynchronous activity: ExecRobotTask;
29/04/20;15:12:25.045;INFO;Controller;Status = Executing: Unload;
29/04/20;15:12:25.045;INFO;Controller;State = Running;
29/04/20;15:12:25.910;INFO;Robot Runtime;executing:    Unload;
29/04/20;15:12:29.926;INFO;Controller;Activity ExecRobotTask ended. Return value: Done False/False/False;
29/04/20;15:12:29.926;INFO;Controller;State = Ready;
29/04/20;15:12:31.550;INFO;Server;Command: ExecRobotTask (Load,500000);
29/04/20;15:12:31.550;INFO;Controller;Executing asynchronous activity: ExecRobotTask;
29/04/20;15:12:31.550;INFO;Controller;Status = Executing: Load;
29/04/20;15:12:31.550;INFO;Controller;State = Running;
29/04/20;15:12:32.861;INFO;Robot Runtime;executing:    Load;
29/04/20;15:12:38.774;INFO;Controller;Activity ExecRobotTask ended. Return value: Done False/True/False;
29/04/20;15:12:38.774;INFO;Controller;State = Ready;
29/04/20;15:12:38.798;INFO;Server;Command: ExecRobotTask (Mount,500000);
29/04/20;15:12:38.798;INFO;Controller;Executing asynchronous activity: ExecRobotTask;
29/04/20;15:12:38.798;INFO;Controller;Status = Executing: Mount;
29/04/20;15:12:38.798;INFO;Controller;State = Running;
29/04/20;15:12:39.664;INFO;Robot Runtime;executing:    Mount;
29/04/20;15:12:43.843;INFO;Controller;Activity ExecRobotTask ended. Return value: Done True/False/False;
29/04/20;15:12:43.844;INFO;Controller;State = Ready;
29/04/20;15:12:43.864;INFO;Server;Command: ExecRobotTask (Park,500000);
29/04/20;15:12:43.864;INFO;Controller;Executing asynchronous activity: ExecRobotTask;
29/04/20;15:12:43.864;INFO;Controller;Status = Executing: Park;
29/04/20;15:12:43.864;INFO;Controller;State = Running;
29/04/20;15:12:44.750;INFO;Robot Runtime;executing:    Park;
29/04/20;15:12:46.877;INFO;Controller;Activity ExecRobotTask ended. Return value: Done;
29/04/20;15:12:46.877;INFO;Controller;State = Ready;
29/04/20;15:12:46.901;INFO;Server;Command: ExecRobotTask (UnlatchRobGov,500000);
29/04/20;15:12:46.901;INFO;Controller;Executing asynchronous activity: ExecRobotTask;
29/04/20;15:12:46.901;INFO;Controller;Status = Executing: UnlatchRobGov;
29/04/20;15:12:46.901;INFO;Controller;State = Running;
29/04/20;15:12:47.786;INFO;Robot Runtime;executing:    UnlatchRobGov;
29/04/20;15:12:47.920;INFO;Controller;Activity ExecRobotTask ended. Return value: Done;
29/04/20;15:12:47.920;INFO;Controller;State = Ready;
29/04/20;15:16:23.339;INFO;Server;Command: ExecRobotTask (Unmount,500000);
29/04/20;15:16:23.340;INFO;Controller;Executing asynchronous activity: ExecRobotTask;
29/04/20;15:16:23.340;INFO;Controller;Status = Executing: Unmount;
29/04/20;15:16:23.340;INFO;Controller;State = Running;
29/04/20;15:16:24.187;INFO;Robot Runtime;executing:    Unmount;
29/04/20;15:16:33.612;INFO;Controller;Activity ExecRobotTask ended. Return value: Done False/True/False;
29/04/20;15:16:33.613;INFO;Controller;State = Ready;
29/04/20;15:16:33.631;INFO;Server;Command: ExecRobotTask (Unload,500000);
29/04/20;15:16:33.631;INFO;Controller;Executing asynchronous activity: ExecRobotTask;
29/04/20;15:16:33.631;INFO;Controller;Status = Executing: Unload;
29/04/20;15:16:33.631;INFO;Controller;State = Running;
29/04/20;15:16:34.468;INFO;Robot Runtime;executing:    Unload;
29/04/20;15:16:38.282;INFO;Controller;Activity ExecRobotTask ended. Return value: Done False/False/False;
29/04/20;15:16:38.282;INFO;Controller;State = Ready;
29/04/20;15:16:40.079;INFO;Server;Command: ExecRobotTask (Load,500000);
29/04/20;15:16:40.079;INFO;Controller;Executing asynchronous activity: ExecRobotTask;
29/04/20;15:16:40.080;INFO;Controller;Status = Executing: Load;
29/04/20;15:16:40.080;INFO;Controller;State = Running;
29/04/20;15:16:41.421;INFO;Robot Runtime;executing:    Load;
29/04/20;15:16:47.538;INFO;Controller;Activity ExecRobotTask ended. Return value: Done False/True/False;
29/04/20;15:16:47.538;INFO;Controller;State = Ready;
29/04/20;15:16:47.559;INFO;Server;Command: ExecRobotTask (Mount,500000);
29/04/20;15:16:47.559;INFO;Controller;Executing asynchronous activity: ExecRobotTask;
29/04/20;15:16:47.560;INFO;Controller;Status = Executing: Mount;
29/04/20;15:16:47.560;INFO;Controller;State = Running;
29/04/20;15:16:48.450;INFO;Robot Runtime;executing:    Mount;
29/04/20;15:16:52.703;INFO;Controller;Activity ExecRobotTask ended. Return value: Done True/False/False;
29/04/20;15:16:52.703;INFO;Controller;State = Ready;
29/04/20;15:16:52.724;INFO;Server;Command: ExecRobotTask (Park,500000);
29/04/20;15:16:52.724;INFO;Controller;Executing asynchronous activity: ExecRobotTask;
29/04/20;15:16:52.724;INFO;Controller;Status = Executing: Park;
29/04/20;15:16:52.724;INFO;Controller;State = Running;
29/04/20;15:16:53.558;INFO;Robot Runtime;executing:    Park;
29/04/20;15:16:55.313;INFO;Controller;Activity ExecRobotTask ended. Return value: Done;
29/04/20;15:16:55.313;INFO;Controller;State = Ready;
29/04/20;15:16:55.331;INFO;Server;Command: ExecRobotTask (UnlatchRobGov,500000);
29/04/20;15:16:55.331;INFO;Controller;Executing asynchronous activity: ExecRobotTask;
29/04/20;15:16:55.332;INFO;Controller;Status = Executing: UnlatchRobGov;
29/04/20;15:16:55.332;INFO;Controller;State = Running;
29/04/20;15:16:56.219;INFO;Robot Runtime;executing:    UnlatchRobGov;
29/04/20;15:16:56.688;INFO;Controller;Activity ExecRobotTask ended. Return value: Done;
29/04/20;15:16:56.688;INFO;Controller;State = Ready;
29/04/20;15:39:08.852;INFO;Server;Command: ExecRobotTask (Unmount,500000);
29/04/20;15:39:08.852;INFO;Controller;Executing asynchronous activity: ExecRobotTask;
29/04/20;15:39:08.852;INFO;Controller;Status = Executing: Unmount;
29/04/20;15:39:08.852;INFO;Controller;State = Running;
29/04/20;15:39:09.744;INFO;Robot Runtime;executing:    Unmount;
29/04/20;15:39:19.611;INFO;Controller;Activity ExecRobotTask ended. Return value: Done False/True/False;
29/04/20;15:39:19.611;INFO;Controller;State = Ready;
29/04/20;15:39:19.651;INFO;Server;Command: ExecRobotTask (Unload,500000);
29/04/20;15:39:19.651;INFO;Controller;Executing asynchronous activity: ExecRobotTask;
29/04/20;15:39:19.651;INFO;Controller;Status = Executing: Unload;
29/04/20;15:39:19.652;INFO;Controller;State = Running;
29/04/20;15:39:20.515;INFO;Robot Runtime;executing:    Unload;
29/04/20;15:39:24.103;INFO;Controller;Activity ExecRobotTask ended. Return value: Done False/False/False;
29/04/20;15:39:24.103;INFO;Controller;State = Ready;
29/04/20;15:39:25.727;INFO;Server;Command: ExecRobotTask (Load,500000);
29/04/20;15:39:25.727;INFO;Controller;Executing asynchronous activity: ExecRobotTask;
29/04/20;15:39:25.727;INFO;Controller;Status = Executing: Load;
29/04/20;15:39:25.727;INFO;Controller;State = Running;
29/04/20;15:39:27.013;INFO;Robot Runtime;executing:    Load;
29/04/20;15:39:33.247;INFO;Controller;Activity ExecRobotTask ended. Return value: Done False/True/False;
29/04/20;15:39:33.247;INFO;Controller;State = Ready;
29/04/20;15:39:33.271;INFO;Server;Command: ExecRobotTask (Mount,500000);
29/04/20;15:39:33.271;INFO;Controller;Executing asynchronous activity: ExecRobotTask;
29/04/20;15:39:33.271;INFO;Controller;Status = Executing: Mount;
29/04/20;15:39:33.271;INFO;Controller;State = Running;
29/04/20;15:39:34.133;INFO;Robot Runtime;executing:    Mount;
29/04/20;15:39:38.377;INFO;Controller;Activity ExecRobotTask ended. Return value: Done True/False/False;
29/04/20;15:39:38.377;INFO;Controller;State = Ready;
29/04/20;15:39:38.413;INFO;Server;Command: ExecRobotTask (Park,500000);
29/04/20;15:39:38.413;INFO;Controller;Executing asynchronous activity: ExecRobotTask;
29/04/20;15:39:38.413;INFO;Controller;Status = Executing: Park;
29/04/20;15:39:38.413;INFO;Controller;State = Running;
29/04/20;15:39:39.291;INFO;Robot Runtime;executing:    Park;
29/04/20;15:39:41.397;INFO;Controller;Activity ExecRobotTask ended. Return value: Done;
29/04/20;15:39:41.397;INFO;Controller;State = Ready;
29/04/20;15:39:41.429;INFO;Server;Command: ExecRobotTask (UnlatchRobGov,500000);
29/04/20;15:39:41.429;INFO;Controller;Executing asynchronous activity: ExecRobotTask;
29/04/20;15:39:41.429;INFO;Controller;Status = Executing: UnlatchRobGov;
29/04/20;15:39:41.429;INFO;Controller;State = Running;
29/04/20;15:39:42.337;INFO;Robot Runtime;executing:    UnlatchRobGov;
29/04/20;15:39:42.862;INFO;Controller;Activity ExecRobotTask ended. Return value: Done;
29/04/20;15:39:42.862;INFO;Controller;State = Ready;
29/04/20;15:53:38.178;INFO;Server;Command: ExecRobotTask (Unmount,500000);
29/04/20;15:53:38.178;INFO;Controller;Executing asynchronous activity: ExecRobotTask;
29/04/20;15:53:38.178;INFO;Controller;Status = Executing: Unmount;
29/04/20;15:53:38.178;INFO;Controller;State = Running;
29/04/20;15:53:39.028;INFO;Robot Runtime;executing:    Unmount;
29/04/20;15:53:48.366;INFO;Controller;Activity ExecRobotTask ended. Return value: Done False/True/False;
29/04/20;15:53:48.366;INFO;Controller;State = Ready;
29/04/20;15:53:48.392;INFO;Server;Command: ExecRobotTask (Unload,500000);
29/04/20;15:53:48.393;INFO;Controller;Executing asynchronous activity: ExecRobotTask;
29/04/20;15:53:48.393;INFO;Controller;Status = Executing: Unload;
29/04/20;15:53:48.393;INFO;Controller;State = Running;
29/04/20;15:53:49.232;INFO;Robot Runtime;executing:    Unload;
29/04/20;15:53:53.018;INFO;Controller;Activity ExecRobotTask ended. Return value: Done False/False/False;
29/04/20;15:53:53.018;INFO;Controller;State = Ready;
29/04/20;15:53:54.599;INFO;Server;Command: ExecRobotTask (Load,500000);
29/04/20;15:53:54.599;INFO;Controller;Executing asynchronous activity: ExecRobotTask;
29/04/20;15:53:54.599;INFO;Controller;Status = Executing: Load;
29/04/20;15:53:54.599;INFO;Controller;State = Running;
29/04/20;15:53:55.908;INFO;Robot Runtime;executing:    Load;
29/04/20;15:54:02.032;INFO;Controller;Activity ExecRobotTask ended. Return value: Done False/True/False;
29/04/20;15:54:02.032;INFO;Controller;State = Ready;
29/04/20;15:54:02.055;INFO;Server;Command: ExecRobotTask (Mount,500000);
29/04/20;15:54:02.055;INFO;Controller;Executing asynchronous activity: ExecRobotTask;
29/04/20;15:54:02.055;INFO;Controller;Status = Executing: Mount;
29/04/20;15:54:02.055;INFO;Controller;State = Running;
29/04/20;15:54:02.961;INFO;Robot Runtime;executing:    Mount;
29/04/20;15:54:07.191;INFO;Controller;Activity ExecRobotTask ended. Return value: Done True/False/False;
29/04/20;15:54:07.192;INFO;Controller;State = Ready;
29/04/20;15:54:07.224;INFO;Server;Command: ExecRobotTask (Park,500000);
29/04/20;15:54:07.224;INFO;Controller;Executing asynchronous activity: ExecRobotTask;
29/04/20;15:54:07.224;INFO;Controller;Status = Executing: Park;
29/04/20;15:54:07.224;INFO;Controller;State = Running;
29/04/20;15:54:08.056;INFO;Robot Runtime;executing:    Park;
29/04/20;15:54:09.793;INFO;Controller;Activity ExecRobotTask ended. Return value: Done;
29/04/20;15:54:09.793;INFO;Controller;State = Ready;
29/04/20;15:54:09.816;INFO;Server;Command: ExecRobotTask (UnlatchRobGov,500000);
29/04/20;15:54:09.816;INFO;Controller;Executing asynchronous activity: ExecRobotTask;
29/04/20;15:54:09.816;INFO;Controller;Status = Executing: UnlatchRobGov;
29/04/20;15:54:09.816;INFO;Controller;State = Running;
29/04/20;15:54:10.699;INFO;Robot Runtime;executing:    UnlatchRobGov;
29/04/20;15:54:11.167;INFO;Controller;Activity ExecRobotTask ended. Return value: Done;
29/04/20;15:54:11.167;INFO;Controller;State = Ready;
29/04/20;16:06:51.013;INFO;Server;Command: ExecRobotTask (Unmount,500000);
29/04/20;16:06:51.013;INFO;Controller;Executing asynchronous activity: ExecRobotTask;
29/04/20;16:06:51.013;INFO;Controller;Status = Executing: Unmount;
29/04/20;16:06:51.013;INFO;Controller;State = Running;
29/04/20;16:06:51.885;INFO;Robot Runtime;executing:    Unmount;
29/04/20;16:07:01.399;INFO;Controller;Activity ExecRobotTask ended. Return value: Done False/True/False;
29/04/20;16:07:01.399;INFO;Controller;State = Ready;
29/04/20;16:07:01.435;INFO;Server;Command: ExecRobotTask (Unload,500000);
29/04/20;16:07:01.435;INFO;Controller;Executing asynchronous activity: ExecRobotTask;
29/04/20;16:07:01.435;INFO;Controller;Status = Executing: Unload;
29/04/20;16:07:01.435;INFO;Controller;State = Running;
29/04/20;16:07:02.323;INFO;Robot Runtime;executing:    Unload;
29/04/20;16:07:06.297;INFO;Controller;Activity ExecRobotTask ended. Return value: Done False/False/False;
29/04/20;16:07:06.297;INFO;Controller;State = Ready;
29/04/20;16:07:07.893;INFO;Server;Command: ExecRobotTask (Load,500000);
29/04/20;16:07:07.894;INFO;Controller;Executing asynchronous activity: ExecRobotTask;
29/04/20;16:07:07.894;INFO;Controller;Status = Executing: Load;
29/04/20;16:07:07.894;INFO;Controller;State = Running;
29/04/20;16:07:09.179;INFO;Robot Runtime;executing:    Load;
29/04/20;16:07:15.287;INFO;Controller;Activity ExecRobotTask ended. Return value: Done False/True/False;
29/04/20;16:07:15.288;INFO;Controller;State = Ready;
29/04/20;16:07:15.310;INFO;Server;Command: ExecRobotTask (Mount,500000);
29/04/20;16:07:15.310;INFO;Controller;Executing asynchronous activity: ExecRobotTask;
29/04/20;16:07:15.310;INFO;Controller;Status = Executing: Mount;
29/04/20;16:07:15.310;INFO;Controller;State = Running;
29/04/20;16:07:16.172;INFO;Robot Runtime;executing:    Mount;
29/04/20;16:07:20.437;INFO;Controller;Activity ExecRobotTask ended. Return value: Done True/False/False;
29/04/20;16:07:20.438;INFO;Controller;State = Ready;
29/04/20;16:07:20.469;INFO;Server;Command: ExecRobotTask (Park,500000);
29/04/20;16:07:20.470;INFO;Controller;Executing asynchronous activity: ExecRobotTask;
29/04/20;16:07:20.470;INFO;Controller;Status = Executing: Park;
29/04/20;16:07:20.470;INFO;Controller;State = Running;
29/04/20;16:07:21.328;INFO;Robot Runtime;executing:    Park;
29/04/20;16:07:23.464;INFO;Controller;Activity ExecRobotTask ended. Return value: Done;
29/04/20;16:07:23.464;INFO;Controller;State = Ready;
29/04/20;16:07:23.494;INFO;Server;Command: ExecRobotTask (UnlatchRobGov,500000);
29/04/20;16:07:23.494;INFO;Controller;Executing asynchronous activity: ExecRobotTask;
29/04/20;16:07:23.494;INFO;Controller;Status = Executing: UnlatchRobGov;
29/04/20;16:07:23.494;INFO;Controller;State = Running;
29/04/20;16:07:24.431;INFO;Robot Runtime;executing:    UnlatchRobGov;
29/04/20;16:07:24.927;INFO;Controller;Activity ExecRobotTask ended. Return value: Done;
29/04/20;16:07:24.927;INFO;Controller;State = Ready;
29/04/20;16:17:44.608;INFO;Server;Command: ExecRobotTask (Unmount,500000);
29/04/20;16:17:44.608;INFO;Controller;Executing asynchronous activity: ExecRobotTask;
29/04/20;16:17:44.608;INFO;Controller;Status = Executing: Unmount;
29/04/20;16:17:44.608;INFO;Controller;State = Running;
29/04/20;16:17:45.452;INFO;Robot Runtime;executing:    Unmount;
29/04/20;16:17:54.558;INFO;Controller;Activity ExecRobotTask ended. Return value: Done False/True/False;
29/04/20;16:17:54.558;INFO;Controller;State = Ready;
29/04/20;16:17:54.589;INFO;Server;Command: ExecRobotTask (Unload,500000);
29/04/20;16:17:54.589;INFO;Controller;Executing asynchronous activity: ExecRobotTask;
29/04/20;16:17:54.589;INFO;Controller;Status = Executing: Unload;
29/04/20;16:17:54.589;INFO;Controller;State = Running;
29/04/20;16:17:55.425;INFO;Robot Runtime;executing:    Unload;
29/04/20;16:17:58.949;INFO;Controller;Activity ExecRobotTask ended. Return value: Done False/False/False;
29/04/20;16:17:58.949;INFO;Controller;State = Ready;
29/04/20;16:18:00.562;INFO;Server;Command: ExecRobotTask (Load,500000);
29/04/20;16:18:00.562;INFO;Controller;Executing asynchronous activity: ExecRobotTask;
29/04/20;16:18:00.569;INFO;Controller;Status = Executing: Load;
29/04/20;16:18:00.569;INFO;Controller;State = Running;
29/04/20;16:18:01.879;INFO;Robot Runtime;executing:    Load;
29/04/20;16:18:08.146;INFO;Controller;Activity ExecRobotTask ended. Return value: Done False/True/False;
29/04/20;16:18:08.146;INFO;Controller;State = Ready;
29/04/20;16:18:08.173;INFO;Server;Command: ExecRobotTask (Mount,500000);
29/04/20;16:18:08.173;INFO;Controller;Executing asynchronous activity: ExecRobotTask;
29/04/20;16:18:08.173;INFO;Controller;Status = Executing: Mount;
29/04/20;16:18:08.173;INFO;Controller;State = Running;
29/04/20;16:18:09.088;INFO;Robot Runtime;executing:    Mount;
29/04/20;16:18:13.311;INFO;Controller;Activity ExecRobotTask ended. Return value: Done True/False/False;
29/04/20;16:18:13.311;INFO;Controller;State = Ready;
29/04/20;16:18:13.349;INFO;Server;Command: ExecRobotTask (Park,500000);
29/04/20;16:18:13.349;INFO;Controller;Executing asynchronous activity: ExecRobotTask;
29/04/20;16:18:13.349;INFO;Controller;Status = Executing: Park;
29/04/20;16:18:13.349;INFO;Controller;State = Running;
29/04/20;16:18:14.182;INFO;Robot Runtime;executing:    Park;
29/04/20;16:18:15.919;INFO;Controller;Activity ExecRobotTask ended. Return value: Done;
29/04/20;16:18:15.919;INFO;Controller;State = Ready;
29/04/20;16:18:15.945;INFO;Server;Command: ExecRobotTask (UnlatchRobGov,500000);
29/04/20;16:18:15.945;INFO;Controller;Executing asynchronous activity: ExecRobotTask;
29/04/20;16:18:15.945;INFO;Controller;Status = Executing: UnlatchRobGov;
29/04/20;16:18:15.945;INFO;Controller;State = Running;
29/04/20;16:18:16.832;INFO;Robot Runtime;executing:    UnlatchRobGov;
29/04/20;16:18:17.296;INFO;Controller;Activity ExecRobotTask ended. Return value: Done;
29/04/20;16:18:17.296;INFO;Controller;State = Ready;
29/04/20;16:20:16.765;INFO;Server;Command: ExecRobotTask (Unmount,500000);
29/04/20;16:20:16.766;INFO;Controller;Executing asynchronous activity: ExecRobotTask;
29/04/20;16:20:16.766;INFO;Controller;Status = Executing: Unmount;
29/04/20;16:20:16.766;INFO;Controller;State = Running;
29/04/20;16:20:17.612;INFO;Robot Runtime;executing:    Unmount;
29/04/20;16:20:26.810;INFO;Controller;Activity ExecRobotTask ended. Return value: Done False/True/False;
29/04/20;16:20:26.810;INFO;Controller;State = Ready;
29/04/20;16:20:26.836;INFO;Server;Command: ExecRobotTask (Unload,500000);
29/04/20;16:20:26.836;INFO;Controller;Executing asynchronous activity: ExecRobotTask;
29/04/20;16:20:26.836;INFO;Controller;Status = Executing: Unload;
29/04/20;16:20:26.836;INFO;Controller;State = Running;
29/04/20;16:20:27.676;INFO;Robot Runtime;executing:    Unload;
29/04/20;16:20:31.454;INFO;Controller;Activity ExecRobotTask ended. Return value: Done False/False/False;
29/04/20;16:20:31.454;INFO;Controller;State = Ready;
29/04/20;16:20:33.069;INFO;Server;Command: ExecRobotTask (Load,500000);
29/04/20;16:20:33.070;INFO;Controller;Executing asynchronous activity: ExecRobotTask;
29/04/20;16:20:33.070;INFO;Controller;Status = Executing: Load;
29/04/20;16:20:33.070;INFO;Controller;State = Running;
29/04/20;16:20:34.373;INFO;Robot Runtime;executing:    Load;
29/04/20;16:20:40.437;INFO;Controller;Activity ExecRobotTask ended. Return value: Done False/True/False;
29/04/20;16:20:40.437;INFO;Controller;State = Ready;
29/04/20;16:20:40.472;INFO;Server;Command: ExecRobotTask (Mount,500000);
29/04/20;16:20:40.472;INFO;Controller;Executing asynchronous activity: ExecRobotTask;
29/04/20;16:20:40.472;INFO;Controller;Status = Executing: Mount;
29/04/20;16:20:40.472;INFO;Controller;State = Running;
29/04/20;16:20:41.382;INFO;Robot Runtime;executing:    Mount;
29/04/20;16:20:45.595;INFO;Controller;Activity ExecRobotTask ended. Return value: Done True/False/False;
29/04/20;16:20:45.595;INFO;Controller;State = Ready;
29/04/20;16:20:45.661;INFO;Server;Command: ExecRobotTask (Park,500000);
29/04/20;16:20:45.661;INFO;Controller;Executing asynchronous activity: ExecRobotTask;
29/04/20;16:20:45.661;INFO;Controller;Status = Executing: Park;
29/04/20;16:20:45.661;INFO;Controller;State = Running;
29/04/20;16:20:46.495;INFO;Robot Runtime;executing:    Park;
29/04/20;16:20:48.603;INFO;Controller;Activity ExecRobotTask ended. Return value: Done;
29/04/20;16:20:48.604;INFO;Controller;State = Ready;
29/04/20;16:20:48.635;INFO;Server;Command: ExecRobotTask (UnlatchRobGov,500000);
29/04/20;16:20:48.635;INFO;Controller;Executing asynchronous activity: ExecRobotTask;
29/04/20;16:20:48.635;INFO;Controller;Status = Executing: UnlatchRobGov;
29/04/20;16:20:48.635;INFO;Controller;State = Running;
29/04/20;16:20:49.520;INFO;Robot Runtime;executing:    UnlatchRobGov;
29/04/20;16:20:50.063;INFO;Controller;Activity ExecRobotTask ended. Return value: Done;
29/04/20;16:20:50.063;INFO;Controller;State = Ready;
29/04/20;16:23:21.591;INFO;Server;Command: ExecRobotTask (Unmount,500000);
29/04/20;16:23:21.591;INFO;Controller;Executing asynchronous activity: ExecRobotTask;
29/04/20;16:23:21.591;INFO;Controller;Status = Executing: Unmount;
29/04/20;16:23:21.591;INFO;Controller;State = Running;
29/04/20;16:23:22.430;INFO;Robot Runtime;executing:    Unmount;
29/04/20;16:23:31.833;INFO;Controller;Activity ExecRobotTask ended. Return value: Done False/True/False;
29/04/20;16:23:31.833;INFO;Controller;State = Ready;
29/04/20;16:23:31.864;INFO;Server;Command: ExecRobotTask (Unload,500000);
29/04/20;16:23:31.864;INFO;Controller;Executing asynchronous activity: ExecRobotTask;
29/04/20;16:23:31.864;INFO;Controller;Status = Executing: Unload;
29/04/20;16:23:31.864;INFO;Controller;State = Running;
29/04/20;16:23:32.704;INFO;Robot Runtime;executing:    Unload;
29/04/20;16:23:36.643;INFO;Controller;Activity ExecRobotTask ended. Return value: Done False/False/False;
29/04/20;16:23:36.643;INFO;Controller;State = Ready;
29/04/20;16:23:38.316;INFO;Server;Command: ExecRobotTask (Load,500000);
29/04/20;16:23:38.316;INFO;Controller;Executing asynchronous activity: ExecRobotTask;
29/04/20;16:23:38.316;INFO;Controller;Status = Executing: Load;
29/04/20;16:23:38.316;INFO;Controller;State = Running;
29/04/20;16:23:39.661;INFO;Robot Runtime;executing:    Load;
29/04/20;16:23:45.875;INFO;Controller;Activity ExecRobotTask ended. Return value: Done False/True/False;
29/04/20;16:23:45.875;INFO;Controller;State = Ready;
29/04/20;16:23:45.909;INFO;Server;Command: ExecRobotTask (Mount,500000);
29/04/20;16:23:45.909;INFO;Controller;Executing asynchronous activity: ExecRobotTask;
29/04/20;16:23:45.910;INFO;Controller;Status = Executing: Mount;
29/04/20;16:23:45.910;INFO;Controller;State = Running;
29/04/20;16:23:46.823;INFO;Robot Runtime;executing:    Mount;
29/04/20;16:23:51.031;INFO;Controller;Activity ExecRobotTask ended. Return value: Done True/False/False;
29/04/20;16:23:51.031;INFO;Controller;State = Ready;
29/04/20;16:23:51.069;INFO;Server;Command: ExecRobotTask (Park,500000);
29/04/20;16:23:51.071;INFO;Controller;Executing asynchronous activity: ExecRobotTask;
29/04/20;16:23:51.071;INFO;Controller;Status = Executing: Park;
29/04/20;16:23:51.071;INFO;Controller;State = Running;
29/04/20;16:23:51.905;INFO;Robot Runtime;executing:    Park;
29/04/20;16:23:54.044;INFO;Controller;Activity ExecRobotTask ended. Return value: Done;
29/04/20;16:23:54.045;INFO;Controller;State = Ready;
29/04/20;16:23:54.081;INFO;Server;Command: ExecRobotTask (UnlatchRobGov,500000);
29/04/20;16:23:54.081;INFO;Controller;Executing asynchronous activity: ExecRobotTask;
29/04/20;16:23:54.081;INFO;Controller;Status = Executing: UnlatchRobGov;
29/04/20;16:23:54.081;INFO;Controller;State = Running;
29/04/20;16:23:54.967;INFO;Robot Runtime;executing:    UnlatchRobGov;
29/04/20;16:23:55.504;INFO;Controller;Activity ExecRobotTask ended. Return value: Done;
29/04/20;16:23:55.504;INFO;Controller;State = Ready;
29/04/20;16:30:17.279;INFO;Server;Command: ExecRobotTask (Unmount,500000);
29/04/20;16:30:17.279;INFO;Controller;Executing asynchronous activity: ExecRobotTask;
29/04/20;16:30:17.279;INFO;Controller;Status = Executing: Unmount;
29/04/20;16:30:17.279;INFO;Controller;State = Running;
29/04/20;16:30:18.130;INFO;Robot Runtime;executing:    Unmount;
29/04/20;16:30:27.320;INFO;Controller;Activity ExecRobotTask ended. Return value: Done False/True/False;
29/04/20;16:30:27.320;INFO;Controller;State = Ready;
29/04/20;16:30:27.356;INFO;Server;Command: ExecRobotTask (Unload,500000);
29/04/20;16:30:27.356;INFO;Controller;Executing asynchronous activity: ExecRobotTask;
29/04/20;16:30:27.356;INFO;Controller;Status = Executing: Unload;
29/04/20;16:30:27.356;INFO;Controller;State = Running;
29/04/20;16:30:28.198;INFO;Robot Runtime;executing:    Unload;
29/04/20;16:30:32.133;INFO;Controller;Activity ExecRobotTask ended. Return value: Done False/False/False;
29/04/20;16:30:32.133;INFO;Controller;State = Ready;
29/04/20;16:30:33.731;INFO;Server;Command: ExecRobotTask (Load,500000);
29/04/20;16:30:33.731;INFO;Controller;Executing asynchronous activity: ExecRobotTask;
29/04/20;16:30:33.732;INFO;Controller;Status = Executing: Load;
29/04/20;16:30:33.732;INFO;Controller;State = Running;
29/04/20;16:30:35.040;INFO;Robot Runtime;executing:    Load;
29/04/20;16:30:41.146;INFO;Controller;Activity ExecRobotTask ended. Return value: Done False/True/False;
29/04/20;16:30:41.146;INFO;Controller;State = Ready;
29/04/20;16:30:41.178;INFO;Server;Command: ExecRobotTask (Mount,500000);
29/04/20;16:30:41.178;INFO;Controller;Executing asynchronous activity: ExecRobotTask;
29/04/20;16:30:41.178;INFO;Controller;Status = Executing: Mount;
29/04/20;16:30:41.178;INFO;Controller;State = Running;
29/04/20;16:30:42.082;INFO;Robot Runtime;executing:    Mount;
29/04/20;16:30:46.294;INFO;Controller;Activity ExecRobotTask ended. Return value: Done True/False/False;
29/04/20;16:30:46.294;INFO;Controller;State = Ready;
29/04/20;16:30:46.331;INFO;Server;Command: ExecRobotTask (Park,500000);
29/04/20;16:30:46.331;INFO;Controller;Executing asynchronous activity: ExecRobotTask;
29/04/20;16:30:46.331;INFO;Controller;Status = Executing: Park;
29/04/20;16:30:46.331;INFO;Controller;State = Running;
29/04/20;16:30:47.162;INFO;Robot Runtime;executing:    Park;
29/04/20;16:30:48.895;INFO;Controller;Activity ExecRobotTask ended. Return value: Done;
29/04/20;16:30:48.896;INFO;Controller;State = Ready;
29/04/20;16:30:48.932;INFO;Server;Command: ExecRobotTask (UnlatchRobGov,500000);
29/04/20;16:30:48.933;INFO;Controller;Executing asynchronous activity: ExecRobotTask;
29/04/20;16:30:48.933;INFO;Controller;Status = Executing: UnlatchRobGov;
29/04/20;16:30:48.933;INFO;Controller;State = Running;
29/04/20;16:30:49.815;INFO;Robot Runtime;executing:    UnlatchRobGov;
29/04/20;16:30:50.274;INFO;Controller;Activity ExecRobotTask ended. Return value: Done;
29/04/20;16:30:50.274;INFO;Controller;State = Ready;
29/04/20;16:38:51.808;INFO;Server;Command: ExecRobotTask (Unmount,500000);
29/04/20;16:38:51.808;INFO;Controller;Executing asynchronous activity: ExecRobotTask;
29/04/20;16:38:51.808;INFO;Controller;Status = Executing: Unmount;
29/04/20;16:38:51.808;INFO;Controller;State = Running;
29/04/20;16:38:52.677;INFO;Robot Runtime;executing:    Unmount;
29/04/20;16:39:01.891;INFO;Controller;Activity ExecRobotTask ended. Return value: Done False/True/False;
29/04/20;16:39:01.892;INFO;Controller;State = Ready;
29/04/20;16:39:01.924;INFO;Server;Command: ExecRobotTask (Unload,500000);
29/04/20;16:39:01.924;INFO;Controller;Executing asynchronous activity: ExecRobotTask;
29/04/20;16:39:01.925;INFO;Controller;Status = Executing: Unload;
29/04/20;16:39:01.925;INFO;Controller;State = Running;
29/04/20;16:39:02.782;INFO;Robot Runtime;executing:    Unload;
29/04/20;16:39:06.381;INFO;Controller;Activity ExecRobotTask ended. Return value: Done False/False/False;
29/04/20;16:39:06.382;INFO;Controller;State = Ready;
29/04/20;16:39:08.017;INFO;Server;Command: ExecRobotTask (Load,500000);
29/04/20;16:39:08.017;INFO;Controller;Executing asynchronous activity: ExecRobotTask;
29/04/20;16:39:08.018;INFO;Controller;Status = Executing: Load;
29/04/20;16:39:08.018;INFO;Controller;State = Running;
29/04/20;16:39:09.331;INFO;Robot Runtime;executing:    Load;
29/04/20;16:39:15.555;INFO;Controller;Activity ExecRobotTask ended. Return value: Done False/True/False;
29/04/20;16:39:15.555;INFO;Controller;State = Ready;
29/04/20;16:39:15.596;INFO;Server;Command: ExecRobotTask (Mount,500000);
29/04/20;16:39:15.596;INFO;Controller;Executing asynchronous activity: ExecRobotTask;
29/04/20;16:39:15.596;INFO;Controller;Status = Executing: Mount;
29/04/20;16:39:15.596;INFO;Controller;State = Running;
29/04/20;16:39:16.480;INFO;Robot Runtime;executing:    Mount;
29/04/20;16:39:20.707;INFO;Controller;Activity ExecRobotTask ended. Return value: Done True/False/False;
29/04/20;16:39:20.707;INFO;Controller;State = Ready;
29/04/20;16:39:20.744;INFO;Server;Command: ExecRobotTask (Park,500000);
29/04/20;16:39:20.744;INFO;Controller;Executing asynchronous activity: ExecRobotTask;
29/04/20;16:39:20.744;INFO;Controller;Status = Executing: Park;
29/04/20;16:39:20.745;INFO;Controller;State = Running;
29/04/20;16:39:21.602;INFO;Robot Runtime;executing:    Park;
29/04/20;16:39:23.733;INFO;Controller;Activity ExecRobotTask ended. Return value: Done;
29/04/20;16:39:23.734;INFO;Controller;State = Ready;
29/04/20;16:39:23.766;INFO;Server;Command: ExecRobotTask (UnlatchRobGov,500000);
29/04/20;16:39:23.767;INFO;Controller;Executing asynchronous activity: ExecRobotTask;
29/04/20;16:39:23.767;INFO;Controller;Status = Executing: UnlatchRobGov;
29/04/20;16:39:23.767;INFO;Controller;State = Running;
29/04/20;16:39:24.675;INFO;Robot Runtime;executing:    UnlatchRobGov;
29/04/20;16:39:25.194;INFO;Controller;Activity ExecRobotTask ended. Return value: Done;
29/04/20;16:39:25.195;INFO;Controller;State = Ready;
29/04/20;16:52:05.816;INFO;Server;Command: ExecRobotTask (Unmount,500000);
29/04/20;16:52:05.816;INFO;Controller;Executing asynchronous activity: ExecRobotTask;
29/04/20;16:52:05.816;INFO;Controller;Status = Executing: Unmount;
29/04/20;16:52:05.816;INFO;Controller;State = Running;
29/04/20;16:52:06.670;INFO;Robot Runtime;executing:    Unmount;
29/04/20;16:52:15.997;INFO;Controller;Activity ExecRobotTask ended. Return value: Done False/True/False;
29/04/20;16:52:15.997;INFO;Controller;State = Ready;
29/04/20;16:52:16.038;INFO;Server;Command: ExecRobotTask (Unload,500000);
29/04/20;16:52:16.038;INFO;Controller;Executing asynchronous activity: ExecRobotTask;
29/04/20;16:52:16.038;INFO;Controller;Status = Executing: Unload;
29/04/20;16:52:16.039;INFO;Controller;State = Running;
29/04/20;16:52:16.880;INFO;Robot Runtime;executing:    Unload;
29/04/20;16:52:20.900;INFO;Controller;Activity ExecRobotTask ended. Return value: Done False/False/False;
29/04/20;16:52:20.900;INFO;Controller;State = Ready;
29/04/20;16:52:22.494;INFO;Server;Command: ExecRobotTask (Load,500000);
29/04/20;16:52:22.495;INFO;Controller;Executing asynchronous activity: ExecRobotTask;
29/04/20;16:52:22.495;INFO;Controller;Status = Executing: Load;
29/04/20;16:52:22.495;INFO;Controller;State = Running;
29/04/20;16:52:23.823;INFO;Robot Runtime;executing:    Load;
29/04/20;16:52:29.728;INFO;Controller;Activity ExecRobotTask ended. Return value: Done False/True/False;
29/04/20;16:52:29.728;INFO;Controller;State = Ready;
29/04/20;16:52:29.769;INFO;Server;Command: ExecRobotTask (Mount,500000);
29/04/20;16:52:29.769;INFO;Controller;Executing asynchronous activity: ExecRobotTask;
29/04/20;16:52:29.769;INFO;Controller;Status = Executing: Mount;
29/04/20;16:52:29.769;INFO;Controller;State = Running;
29/04/20;16:52:30.678;INFO;Robot Runtime;executing:    Mount;
29/04/20;16:52:34.799;INFO;Controller;Activity ExecRobotTask ended. Return value: Done True/False/False;
29/04/20;16:52:34.799;INFO;Controller;State = Ready;
29/04/20;16:52:34.850;INFO;Server;Command: ExecRobotTask (Park,500000);
29/04/20;16:52:34.850;INFO;Controller;Executing asynchronous activity: ExecRobotTask;
29/04/20;16:52:34.850;INFO;Controller;Status = Executing: Park;
29/04/20;16:52:34.850;INFO;Controller;State = Running;
29/04/20;16:52:35.685;INFO;Robot Runtime;executing:    Park;
29/04/20;16:52:37.818;INFO;Controller;Activity ExecRobotTask ended. Return value: Done;
29/04/20;16:52:37.818;INFO;Controller;State = Ready;
29/04/20;16:52:37.856;INFO;Server;Command: ExecRobotTask (UnlatchRobGov,500000);
29/04/20;16:52:37.856;INFO;Controller;Executing asynchronous activity: ExecRobotTask;
29/04/20;16:52:37.856;INFO;Controller;Status = Executing: UnlatchRobGov;
29/04/20;16:52:37.856;INFO;Controller;State = Running;
29/04/20;16:52:38.742;INFO;Robot Runtime;executing:    UnlatchRobGov;
29/04/20;16:52:39.278;INFO;Controller;Activity ExecRobotTask ended. Return value: Done;
29/04/20;16:52:39.279;INFO;Controller;State = Ready;
29/04/20;16:54:17.492;INFO;Server;Command: ExecRobotTask (Unmount,500000);
29/04/20;16:54:17.492;INFO;Controller;Executing asynchronous activity: ExecRobotTask;
29/04/20;16:54:17.492;INFO;Controller;Status = Executing: Unmount;
29/04/20;16:54:17.492;INFO;Controller;State = Running;
29/04/20;16:54:18.337;INFO;Robot Runtime;executing:    Unmount;
29/04/20;16:54:27.527;INFO;Controller;Activity ExecRobotTask ended. Return value: Done False/True/False;
29/04/20;16:54:27.527;INFO;Controller;State = Ready;
29/04/20;16:54:27.563;INFO;Server;Command: ExecRobotTask (Unload,500000);
29/04/20;16:54:27.563;INFO;Controller;Executing asynchronous activity: ExecRobotTask;
29/04/20;16:54:27.563;INFO;Controller;Status = Executing: Unload;
29/04/20;16:54:27.563;INFO;Controller;State = Running;
29/04/20;16:54:28.402;INFO;Robot Runtime;executing:    Unload;
29/04/20;16:54:32.335;INFO;Controller;Activity ExecRobotTask ended. Return value: Done False/False/False;
29/04/20;16:54:32.335;INFO;Controller;State = Ready;
29/04/20;16:54:34.484;INFO;Server;Command: ExecRobotTask (Load,500000);
29/04/20;16:54:34.484;INFO;Controller;Executing asynchronous activity: ExecRobotTask;
29/04/20;16:54:34.484;INFO;Controller;Status = Executing: Load;
29/04/20;16:54:34.484;INFO;Controller;State = Running;
29/04/20;16:54:35.792;INFO;Robot Runtime;executing:    Load;
29/04/20;16:54:41.687;INFO;Controller;Activity ExecRobotTask ended. Return value: Done False/True/False;
29/04/20;16:54:41.687;INFO;Controller;State = Ready;
29/04/20;16:54:41.725;INFO;Server;Command: ExecRobotTask (Mount,500000);
29/04/20;16:54:41.725;INFO;Controller;Executing asynchronous activity: ExecRobotTask;
29/04/20;16:54:41.725;INFO;Controller;Status = Executing: Mount;
29/04/20;16:54:41.725;INFO;Controller;State = Running;
29/04/20;16:54:42.636;INFO;Robot Runtime;executing:    Mount;
29/04/20;16:54:46.751;INFO;Controller;Activity ExecRobotTask ended. Return value: Done True/False/False;
29/04/20;16:54:46.751;INFO;Controller;State = Ready;
29/04/20;16:54:46.816;INFO;Server;Command: ExecRobotTask (Park,500000);
29/04/20;16:54:46.816;INFO;Controller;Executing asynchronous activity: ExecRobotTask;
29/04/20;16:54:46.817;INFO;Controller;Status = Executing: Park;
29/04/20;16:54:46.817;INFO;Controller;State = Running;
29/04/20;16:54:47.649;INFO;Robot Runtime;executing:    Park;
29/04/20;16:54:49.775;INFO;Controller;Activity ExecRobotTask ended. Return value: Done;
29/04/20;16:54:49.775;INFO;Controller;State = Ready;
29/04/20;16:54:49.817;INFO;Server;Command: ExecRobotTask (UnlatchRobGov,500000);
29/04/20;16:54:49.818;INFO;Controller;Executing asynchronous activity: ExecRobotTask;
29/04/20;16:54:49.818;INFO;Controller;Status = Executing: UnlatchRobGov;
29/04/20;16:54:49.818;INFO;Controller;State = Running;
29/04/20;16:54:50.700;INFO;Robot Runtime;executing:    UnlatchRobGov;
29/04/20;16:54:51.230;INFO;Controller;Activity ExecRobotTask ended. Return value: Done;
29/04/20;16:54:51.230;INFO;Controller;State = Ready;
29/04/20;17:32:31.029;INFO;Server;Command: ExecRobotTask (Unmount,500000);
29/04/20;17:32:31.029;INFO;Controller;Executing asynchronous activity: ExecRobotTask;
29/04/20;17:32:31.029;INFO;Controller;Status = Executing: Unmount;
29/04/20;17:32:31.029;INFO;Controller;State = Running;
29/04/20;17:32:31.950;INFO;Robot Runtime;executing:    Unmount;
29/04/20;17:32:40.796;INFO;Controller;Activity ExecRobotTask ended. Return value: Done False/True/False;
29/04/20;17:32:40.796;INFO;Controller;State = Ready;
29/04/20;17:32:40.838;INFO;Server;Command: ExecRobotTask (Unload,500000);
29/04/20;17:32:40.839;INFO;Controller;Executing asynchronous activity: ExecRobotTask;
29/04/20;17:32:40.839;INFO;Controller;Status = Executing: Unload;
29/04/20;17:32:40.839;INFO;Controller;State = Running;
29/04/20;17:32:41.679;INFO;Robot Runtime;executing:    Unload;
29/04/20;17:32:45.596;INFO;Controller;Activity ExecRobotTask ended. Return value: Done False/False/False;
29/04/20;17:32:45.596;INFO;Controller;State = Ready;
29/04/20;17:32:47.199;INFO;Server;Command: ExecRobotTask (Load,500000);
29/04/20;17:32:47.199;INFO;Controller;Executing asynchronous activity: ExecRobotTask;
29/04/20;17:32:47.199;INFO;Controller;Status = Executing: Load;
29/04/20;17:32:47.199;INFO;Controller;State = Running;
29/04/20;17:32:48.489;INFO;Robot Runtime;executing:    Load;
29/04/20;17:32:54.586;INFO;Controller;Activity ExecRobotTask ended. Return value: Done False/True/False;
29/04/20;17:32:54.586;INFO;Controller;State = Ready;
29/04/20;17:32:54.636;INFO;Server;Command: ExecRobotTask (Mount,500000);
29/04/20;17:32:54.636;INFO;Controller;Executing asynchronous activity: ExecRobotTask;
29/04/20;17:32:54.636;INFO;Controller;Status = Executing: Mount;
29/04/20;17:32:54.636;INFO;Controller;State = Running;
29/04/20;17:32:55.494;INFO;Robot Runtime;executing:    Mount;
29/04/20;17:32:59.737;INFO;Controller;Activity ExecRobotTask ended. Return value: Done True/False/False;
29/04/20;17:32:59.737;INFO;Controller;State = Ready;
29/04/20;17:32:59.767;INFO;Server;Command: ExecRobotTask (Park,500000);
29/04/20;17:32:59.767;INFO;Controller;Executing asynchronous activity: ExecRobotTask;
29/04/20;17:32:59.768;INFO;Controller;Status = Executing: Park;
29/04/20;17:32:59.768;INFO;Controller;State = Running;
29/04/20;17:33:00.671;INFO;Robot Runtime;executing:    Park;
29/04/20;17:33:02.765;INFO;Controller;Activity ExecRobotTask ended. Return value: Done;
29/04/20;17:33:02.765;INFO;Controller;State = Ready;
29/04/20;17:33:02.806;INFO;Server;Command: ExecRobotTask (UnlatchRobGov,500000);
29/04/20;17:33:02.807;INFO;Controller;Executing asynchronous activity: ExecRobotTask;
29/04/20;17:33:02.807;INFO;Controller;Status = Executing: UnlatchRobGov;
29/04/20;17:33:02.807;INFO;Controller;State = Running;
29/04/20;17:33:03.690;INFO;Robot Runtime;executing:    UnlatchRobGov;
29/04/20;17:33:04.220;INFO;Controller;Activity ExecRobotTask ended. Return value: Done;
29/04/20;17:33:04.220;INFO;Controller;State = Ready;
29/04/20;17:36:45.484;INFO;Server;Command: ExecRobotTask (Unmount,500000);
29/04/20;17:36:45.485;INFO;Controller;Executing asynchronous activity: ExecRobotTask;
29/04/20;17:36:45.485;INFO;Controller;Status = Executing: Unmount;
29/04/20;17:36:45.485;INFO;Controller;State = Running;
29/04/20;17:36:46.374;INFO;Robot Runtime;executing:    Unmount;
29/04/20;17:36:55.268;INFO;Controller;Activity ExecRobotTask ended. Return value: Done False/True/False;
29/04/20;17:36:55.268;INFO;Controller;State = Ready;
29/04/20;17:36:55.306;INFO;Server;Command: ExecRobotTask (Unload,500000);
29/04/20;17:36:55.306;INFO;Controller;Executing asynchronous activity: ExecRobotTask;
29/04/20;17:36:55.306;INFO;Controller;Status = Executing: Unload;
29/04/20;17:36:55.306;INFO;Controller;State = Running;
29/04/20;17:36:56.154;INFO;Robot Runtime;executing:    Unload;
29/04/20;17:37:00.084;INFO;Controller;Activity ExecRobotTask ended. Return value: Done False/False/False;
29/04/20;17:37:00.085;INFO;Controller;State = Ready;
29/04/20;17:37:00.250;INFO;Server;Command: ExecRobotTask (UnlatchRobGov,500000);
29/04/20;17:37:00.250;INFO;Controller;Executing asynchronous activity: ExecRobotTask;
29/04/20;17:37:00.250;INFO;Controller;Status = Executing: UnlatchRobGov;
29/04/20;17:37:00.250;INFO;Controller;State = Running;
29/04/20;17:37:01.085;INFO;Robot Runtime;executing:    UnlatchRobGov;
29/04/20;17:37:01.539;INFO;Controller;Activity ExecRobotTask ended. Return value: Done;
29/04/20;17:37:01.539;INFO;Controller;State = Ready;
29/04/20;17:37:01.577;INFO;Server;Command: ExecRobotTask (Home,500000);
29/04/20;17:37:01.577;INFO;Controller;Executing asynchronous activity: ExecRobotTask;
29/04/20;17:37:01.577;INFO;Controller;Status = Executing: Home;
29/04/20;17:37:01.577;INFO;Controller;State = Running;
29/04/20;17:37:02.828;INFO;Robot Runtime;executing:    Home;
29/04/20;17:37:04.065;INFO;Controller;Activity ExecRobotTask ended. Return value: Done;
29/04/20;17:37:04.065;INFO;Controller;State = Ready;
29/04/20;17:37:04.105;INFO;Server;Command: ExecRobotTask (Finish,500000);
29/04/20;17:37:04.105;INFO;Controller;Executing asynchronous activity: ExecRobotTask;
29/04/20;17:37:04.105;INFO;Controller;Status = Executing: Finish;
29/04/20;17:37:04.105;INFO;Controller;State = Running;
29/04/20;17:37:04.994;INFO;Robot Runtime;executing:    Finish;
29/04/20;17:39:18.249;INFO;Controller;Activity ExecRobotTask ended. Return value: Done;
29/04/20;17:39:18.249;INFO;Controller;State = Ready;
