20/12/20;14:37:42.291;INFO;Server;Command: ExecRobotTask (Initialize,500000);
20/12/20;14:37:42.291;INFO;Controller;Executing asynchronous activity: ExecRobotTask;
20/12/20;14:37:42.291;INFO;Controller;Status = Executing: Initialize;
20/12/20;14:37:42.292;INFO;Controller;State = Running;
20/12/20;14:37:43.276;INFO;Robot Runtime;executing:    Initialize;
20/12/20;14:37:44.499;INFO;Controller;Activity ExecRobotTask ended. Return value: Done;
20/12/20;14:37:44.499;INFO;Controller;State = Ready;
20/12/20;14:37:44.515;INFO;Server;Command: ExecRobotTask (TraceSample,500000);
20/12/20;14:37:44.516;INFO;Controller;Executing asynchronous activity: ExecRobotTask;
20/12/20;14:37:44.516;INFO;Controller;Status = Executing: TraceSample;
20/12/20;14:37:44.516;INFO;Controller;State = Running;
20/12/20;14:37:45.659;INFO;Robot Runtime;executing:    TraceSample;
20/12/20;14:37:46.537;INFO;Controller;Activity ExecRobotTask ended. Return value: Done False/False/False;
20/12/20;14:37:46.537;INFO;Controller;State = Ready;
20/12/20;14:37:46.544;INFO;Server;Command: ExecRobotTask (LoadSpecial,500000);
20/12/20;14:37:46.545;INFO;Controller;Executing asynchronous activity: ExecRobotTask;
20/12/20;14:37:46.545;INFO;Controller;Status = Executing: LoadSpecial;
20/12/20;14:37:46.545;INFO;Controller;State = Running;
20/12/20;14:37:47.440;INFO;Robot Runtime;executing:    LoadSpecial;
20/12/20;14:37:50.694;INFO;Controller;Activity ExecRobotTask ended. Return value: Done False/True/False;
20/12/20;14:37:50.694;INFO;Controller;State = Ready;
20/12/20;14:37:50.708;INFO;Server;Command: ExecRobotTask (MountSpecial,500000);
20/12/20;14:37:50.708;INFO;Controller;Executing asynchronous activity: ExecRobotTask;
20/12/20;14:37:50.708;INFO;Controller;Status = Executing: MountSpecial;
20/12/20;14:37:50.708;INFO;Controller;State = Running;
20/12/20;14:37:51.700;INFO;Robot Runtime;executing:    MountSpecial;
20/12/20;14:37:56.422;INFO;Controller;Activity ExecRobotTask ended. Return value: Done True/False/False;
20/12/20;14:37:56.423;INFO;Controller;State = Ready;
20/12/20;14:37:56.438;INFO;Server;Command: ExecRobotTask (UnlatchRobGov,500000);
20/12/20;14:37:56.438;INFO;Controller;Executing asynchronous activity: ExecRobotTask;
20/12/20;14:37:56.439;INFO;Controller;Status = Executing: UnlatchRobGov;
20/12/20;14:37:56.439;INFO;Controller;State = Running;
20/12/20;14:37:57.368;INFO;Robot Runtime;executing:    UnlatchRobGov;
20/12/20;14:37:57.913;INFO;Controller;Activity ExecRobotTask ended. Return value: Done;
20/12/20;14:37:57.913;INFO;Controller;State = Ready;
20/12/20;14:38:32.953;INFO;Server;Command: ExecRobotTask (Initialize,500000);
20/12/20;14:38:32.953;INFO;Controller;Executing asynchronous activity: ExecRobotTask;
20/12/20;14:38:32.953;INFO;Controller;Status = Executing: Initialize;
20/12/20;14:38:32.953;INFO;Controller;State = Running;
20/12/20;14:38:33.863;INFO;Robot Runtime;executing:    Initialize;
20/12/20;14:38:34.402;INFO;Controller;Activity ExecRobotTask ended. Return value: Done;
20/12/20;14:38:34.402;INFO;Controller;State = Ready;
20/12/20;14:38:34.417;INFO;Server;Command: ExecRobotTask (UnmountSpecial,500000);
20/12/20;14:38:34.418;INFO;Controller;Executing asynchronous activity: ExecRobotTask;
20/12/20;14:38:34.418;INFO;Controller;Status = Executing: UnmountSpecial;
20/12/20;14:38:34.418;INFO;Controller;State = Running;
20/12/20;14:38:35.559;INFO;Robot Runtime;executing:    UnmountSpecial;
20/12/20;14:38:40.377;INFO;Controller;Activity ExecRobotTask ended. Return value: Done False/True/False;
20/12/20;14:38:40.377;INFO;Controller;State = Ready;
20/12/20;14:38:40.392;INFO;Server;Command: ExecRobotTask (UnloadSpecial,500000);
20/12/20;14:38:40.392;INFO;Controller;Executing asynchronous activity: ExecRobotTask;
20/12/20;14:38:40.392;INFO;Controller;Status = Executing: UnloadSpecial;
20/12/20;14:38:40.392;INFO;Controller;State = Running;
20/12/20;14:38:41.304;INFO;Robot Runtime;executing:    UnloadSpecial;
20/12/20;14:38:44.257;INFO;Controller;Activity ExecRobotTask ended. Return value: Done False/False/False;
20/12/20;14:38:44.257;INFO;Controller;State = Ready;
20/12/20;14:38:44.270;INFO;Server;Command: ExecRobotTask (UnlatchRobgov,500000);
20/12/20;14:38:44.270;INFO;Controller;Executing asynchronous activity: ExecRobotTask;
20/12/20;14:38:44.270;INFO;Controller;Status = Executing: UnlatchRobgov;
20/12/20;14:38:44.270;INFO;Controller;State = Running;
20/12/20;14:38:45.162;INFO;Robot Runtime;executing:    UnlatchRobgov;
20/12/20;14:38:45.324;INFO;Controller;Activity ExecRobotTask ended. Return value: Done;
20/12/20;14:38:45.325;INFO;Controller;State = Ready;
20/12/20;14:38:45.347;INFO;Server;Command: ExecRobotTask (Home,500000);
20/12/20;14:38:45.347;INFO;Controller;Executing asynchronous activity: ExecRobotTask;
20/12/20;14:38:45.347;INFO;Controller;Status = Executing: Home;
20/12/20;14:38:45.347;INFO;Controller;State = Running;
20/12/20;14:38:46.334;INFO;Robot Runtime;executing:    Home;
20/12/20;14:38:46.836;INFO;Controller;Activity ExecRobotTask ended. Return value: Done;
20/12/20;14:38:46.836;INFO;Controller;State = Ready;
20/12/20;14:39:53.131;INFO;Server;Command: ExecRobotTask (Initialize,500000);
20/12/20;14:39:53.131;INFO;Controller;Executing asynchronous activity: ExecRobotTask;
20/12/20;14:39:53.131;INFO;Controller;Status = Executing: Initialize;
20/12/20;14:39:53.131;INFO;Controller;State = Running;
20/12/20;14:39:54.002;INFO;Robot Runtime;executing:    Initialize;
20/12/20;14:39:54.467;INFO;Controller;Activity ExecRobotTask ended. Return value: Done;
20/12/20;14:39:54.467;INFO;Controller;State = Ready;
20/12/20;14:39:54.484;INFO;Server;Command: ExecRobotTask (TraceSample,500000);
20/12/20;14:39:54.484;INFO;Controller;Executing asynchronous activity: ExecRobotTask;
20/12/20;14:39:54.485;INFO;Controller;Status = Executing: TraceSample;
20/12/20;14:39:54.485;INFO;Controller;State = Running;
20/12/20;14:39:55.343;INFO;Robot Runtime;executing:    TraceSample;
20/12/20;14:39:56.213;INFO;Controller;Activity ExecRobotTask ended. Return value: Done False/False/False;
20/12/20;14:39:56.213;INFO;Controller;State = Ready;
20/12/20;14:39:56.227;INFO;Server;Command: ExecRobotTask (LoadSpecial,500000);
20/12/20;14:39:56.227;INFO;Controller;Executing asynchronous activity: ExecRobotTask;
20/12/20;14:39:56.227;INFO;Controller;Status = Executing: LoadSpecial;
20/12/20;14:39:56.227;INFO;Controller;State = Running;
20/12/20;14:39:57.164;INFO;Robot Runtime;executing:    LoadSpecial;
20/12/20;14:40:00.598;INFO;Controller;Activity ExecRobotTask ended. Return value: Done False/True/False;
20/12/20;14:40:00.598;INFO;Controller;State = Ready;
20/12/20;14:40:00.609;INFO;Server;Command: ExecRobotTask (MountSpecial,500000);
20/12/20;14:40:00.609;INFO;Controller;Executing asynchronous activity: ExecRobotTask;
20/12/20;14:40:00.610;INFO;Controller;Status = Executing: MountSpecial;
20/12/20;14:40:00.610;INFO;Controller;State = Running;
20/12/20;14:40:01.524;INFO;Robot Runtime;executing:    MountSpecial;
20/12/20;14:40:05.890;INFO;Controller;Activity ExecRobotTask ended. Return value: Done True/False/False;
20/12/20;14:40:05.890;INFO;Controller;State = Ready;
20/12/20;14:40:05.911;INFO;Server;Command: ExecRobotTask (UnlatchRobGov,500000);
20/12/20;14:40:05.911;INFO;Controller;Executing asynchronous activity: ExecRobotTask;
20/12/20;14:40:05.911;INFO;Controller;Status = Executing: UnlatchRobGov;
20/12/20;14:40:05.911;INFO;Controller;State = Running;
20/12/20;14:40:07.054;INFO;Robot Runtime;executing:    UnlatchRobGov;
20/12/20;14:40:07.569;INFO;Controller;Activity ExecRobotTask ended. Return value: Done;
20/12/20;14:40:07.569;INFO;Controller;State = Ready;
20/12/20;14:40:23.596;INFO;Server;Command: ExecRobotTask (Initialize,500000);
20/12/20;14:40:23.596;INFO;Controller;Executing asynchronous activity: ExecRobotTask;
20/12/20;14:40:23.596;INFO;Controller;Status = Executing: Initialize;
20/12/20;14:40:23.596;INFO;Controller;State = Running;
20/12/20;14:40:24.600;INFO;Robot Runtime;executing:    Initialize;
20/12/20;14:40:25.069;INFO;Controller;Activity ExecRobotTask ended. Return value: Done;
20/12/20;14:40:25.070;INFO;Controller;State = Ready;
20/12/20;14:40:25.083;INFO;Server;Command: ExecRobotTask (UnmountSpecial,500000);
20/12/20;14:40:25.083;INFO;Controller;Executing asynchronous activity: ExecRobotTask;
20/12/20;14:40:25.083;INFO;Controller;Status = Executing: UnmountSpecial;
20/12/20;14:40:25.083;INFO;Controller;State = Running;
20/12/20;14:40:26.027;INFO;Robot Runtime;executing:    UnmountSpecial;
20/12/20;14:40:30.768;INFO;Controller;Activity ExecRobotTask ended. Return value: Done False/True/False;
20/12/20;14:40:30.768;INFO;Controller;State = Ready;
20/12/20;14:40:30.785;INFO;Server;Command: ExecRobotTask (UnloadSpecial,500000);
20/12/20;14:40:30.785;INFO;Controller;Executing asynchronous activity: ExecRobotTask;
20/12/20;14:40:30.785;INFO;Controller;Status = Executing: UnloadSpecial;
20/12/20;14:40:30.785;INFO;Controller;State = Running;
20/12/20;14:40:31.654;INFO;Robot Runtime;executing:    UnloadSpecial;
20/12/20;14:40:34.638;INFO;Controller;Activity ExecRobotTask ended. Return value: Done False/False/False;
20/12/20;14:40:34.639;INFO;Controller;State = Ready;
20/12/20;14:40:34.646;INFO;Server;Command: ExecRobotTask (UnlatchRobgov,500000);
20/12/20;14:40:34.646;INFO;Controller;Executing asynchronous activity: ExecRobotTask;
20/12/20;14:40:34.646;INFO;Controller;Status = Executing: UnlatchRobgov;
20/12/20;14:40:34.646;INFO;Controller;State = Running;
20/12/20;14:40:35.535;INFO;Robot Runtime;executing:    UnlatchRobgov;
20/12/20;14:40:35.701;INFO;Controller;Activity ExecRobotTask ended. Return value: Done;
20/12/20;14:40:35.701;INFO;Controller;State = Ready;
20/12/20;14:40:35.717;INFO;Server;Command: ExecRobotTask (Home,500000);
20/12/20;14:40:35.718;INFO;Controller;Executing asynchronous activity: ExecRobotTask;
20/12/20;14:40:35.718;INFO;Controller;Status = Executing: Home;
20/12/20;14:40:35.718;INFO;Controller;State = Running;
20/12/20;14:40:36.617;INFO;Robot Runtime;executing:    Home;
20/12/20;14:40:37.366;INFO;Controller;Activity ExecRobotTask ended. Return value: Done;
20/12/20;14:40:37.366;INFO;Controller;State = Ready;
20/12/20;14:42:32.904;INFO;Server;Command: ExecRobotTask (Initialize,500000);
20/12/20;14:42:32.905;INFO;Controller;Executing asynchronous activity: ExecRobotTask;
20/12/20;14:42:32.905;INFO;Controller;Status = Executing: Initialize;
20/12/20;14:42:32.905;INFO;Controller;State = Running;
20/12/20;14:42:33.767;INFO;Robot Runtime;executing:    Initialize;
20/12/20;14:42:34.119;INFO;Controller;Activity ExecRobotTask ended. Return value: Done;
20/12/20;14:42:34.119;INFO;Controller;State = Ready;
20/12/20;14:42:34.128;INFO;Server;Command: ExecRobotTask (TraceSample,500000);
20/12/20;14:42:34.128;INFO;Controller;Executing asynchronous activity: ExecRobotTask;
20/12/20;14:42:34.128;INFO;Controller;Status = Executing: TraceSample;
20/12/20;14:42:34.128;INFO;Controller;State = Running;
20/12/20;14:42:34.987;INFO;Robot Runtime;executing:    TraceSample;
20/12/20;14:42:35.863;INFO;Controller;Activity ExecRobotTask ended. Return value: Done False/False/False;
20/12/20;14:42:35.863;INFO;Controller;State = Ready;
20/12/20;14:42:35.873;INFO;Server;Command: ExecRobotTask (LoadSpecial,500000);
20/12/20;14:42:35.873;INFO;Controller;Executing asynchronous activity: ExecRobotTask;
20/12/20;14:42:35.873;INFO;Controller;Status = Executing: LoadSpecial;
20/12/20;14:42:35.873;INFO;Controller;State = Running;
20/12/20;14:42:37.024;INFO;Robot Runtime;executing:    LoadSpecial;
20/12/20;14:42:40.297;INFO;Controller;Activity ExecRobotTask ended. Return value: Done False/True/False;
20/12/20;14:42:40.297;INFO;Controller;State = Ready;
20/12/20;14:42:40.309;INFO;Server;Command: ExecRobotTask (MountSpecial,500000);
20/12/20;14:42:40.310;INFO;Controller;Executing asynchronous activity: ExecRobotTask;
20/12/20;14:42:40.310;INFO;Controller;Status = Executing: MountSpecial;
20/12/20;14:42:40.310;INFO;Controller;State = Running;
20/12/20;14:42:41.315;INFO;Robot Runtime;executing:    MountSpecial;
20/12/20;14:42:46.015;INFO;Controller;Activity ExecRobotTask ended. Return value: Done True/False/False;
20/12/20;14:42:46.016;INFO;Controller;State = Ready;
20/12/20;14:42:46.026;INFO;Server;Command: ExecRobotTask (UnlatchRobGov,500000);
20/12/20;14:42:46.026;INFO;Controller;Executing asynchronous activity: ExecRobotTask;
20/12/20;14:42:46.026;INFO;Controller;Status = Executing: UnlatchRobGov;
20/12/20;14:42:46.026;INFO;Controller;State = Running;
20/12/20;14:42:46.964;INFO;Robot Runtime;executing:    UnlatchRobGov;
20/12/20;14:42:47.506;INFO;Controller;Activity ExecRobotTask ended. Return value: Done;
20/12/20;14:42:47.506;INFO;Controller;State = Ready;
20/12/20;14:44:01.366;INFO;Server;Command: ExecRobotTask (Initialize,500000);
20/12/20;14:44:01.366;INFO;Controller;Executing asynchronous activity: ExecRobotTask;
20/12/20;14:44:01.367;INFO;Controller;Status = Executing: Initialize;
20/12/20;14:44:01.367;INFO;Controller;State = Running;
20/12/20;14:44:02.278;INFO;Robot Runtime;executing:    Initialize;
20/12/20;14:44:02.631;INFO;Controller;Activity ExecRobotTask ended. Return value: Done;
20/12/20;14:44:02.631;INFO;Controller;State = Ready;
20/12/20;14:44:02.640;INFO;Server;Command: ExecRobotTask (UnmountSpecial,500000);
20/12/20;14:44:02.641;INFO;Controller;Executing asynchronous activity: ExecRobotTask;
20/12/20;14:44:02.641;INFO;Controller;Status = Executing: UnmountSpecial;
20/12/20;14:44:02.641;INFO;Controller;State = Running;
20/12/20;14:44:03.804;INFO;Robot Runtime;executing:    UnmountSpecial;
20/12/20;14:44:08.622;INFO;Controller;Activity ExecRobotTask ended. Return value: Done False/True/False;
20/12/20;14:44:08.622;INFO;Controller;State = Ready;
20/12/20;14:44:08.635;INFO;Server;Command: ExecRobotTask (UnloadSpecial,500000);
20/12/20;14:44:08.635;INFO;Controller;Executing asynchronous activity: ExecRobotTask;
20/12/20;14:44:08.635;INFO;Controller;Status = Executing: UnloadSpecial;
20/12/20;14:44:08.635;INFO;Controller;State = Running;
20/12/20;14:44:09.526;INFO;Robot Runtime;executing:    UnloadSpecial;
20/12/20;14:44:12.498;INFO;Controller;Activity ExecRobotTask ended. Return value: Done False/False/False;
20/12/20;14:44:12.499;INFO;Controller;State = Ready;
20/12/20;14:44:12.523;INFO;Server;Command: ExecRobotTask (UnlatchRobgov,500000);
20/12/20;14:44:12.523;INFO;Controller;Executing asynchronous activity: ExecRobotTask;
20/12/20;14:44:12.523;INFO;Controller;Status = Executing: UnlatchRobgov;
20/12/20;14:44:12.523;INFO;Controller;State = Running;
20/12/20;14:44:13.412;INFO;Robot Runtime;executing:    UnlatchRobgov;
20/12/20;14:44:13.977;INFO;Controller;Activity ExecRobotTask ended. Return value: Done;
20/12/20;14:44:13.977;INFO;Controller;State = Ready;
20/12/20;14:44:14.002;INFO;Server;Command: ExecRobotTask (Home,500000);
20/12/20;14:44:14.002;INFO;Controller;Executing asynchronous activity: ExecRobotTask;
20/12/20;14:44:14.002;INFO;Controller;Status = Executing: Home;
20/12/20;14:44:14.002;INFO;Controller;State = Running;
20/12/20;14:44:15.020;INFO;Robot Runtime;executing:    Home;
20/12/20;14:44:15.570;INFO;Controller;Activity ExecRobotTask ended. Return value: Done;
20/12/20;14:44:15.570;INFO;Controller;State = Ready;
