29/01/21;00:00:57.695;INFO;Server;Command: ExecRobotTask (Unmount,500000);
29/01/21;00:00:57.696;INFO;Controller;Executing asynchronous activity: ExecRobotTask;
29/01/21;00:00:57.696;INFO;Controller;Status = Executing: Unmount;
29/01/21;00:00:57.696;INFO;Controller;State = Running;
29/01/21;00:00:58.678;INFO;Robot Runtime;executing:    Unmount;
29/01/21;00:01:09.062;INFO;Controller;Activity ExecRobotTask ended. Return value: Done False/True/False;
29/01/21;00:01:09.062;INFO;Controller;State = Ready;
29/01/21;00:01:09.112;INFO;Server;Command: ExecRobotTask (Unload,500000);
29/01/21;00:01:09.112;INFO;Controller;Executing asynchronous activity: ExecRobotTask;
29/01/21;00:01:09.112;INFO;Controller;Status = Executing: Unload;
29/01/21;00:01:09.112;INFO;Controller;State = Running;
29/01/21;00:01:09.998;INFO;Robot Runtime;executing:    Unload;
29/01/21;00:01:13.609;INFO;Controller;Activity ExecRobotTask ended. Return value: Done False/False/False;
29/01/21;00:01:13.609;INFO;Controller;State = Ready;
29/01/21;00:01:15.273;INFO;Server;Command: ExecRobotTask (Load,500000);
29/01/21;00:01:15.273;INFO;Controller;Executing asynchronous activity: ExecRobotTask;
29/01/21;00:01:15.273;INFO;Controller;Status = Executing: Load;
29/01/21;00:01:15.273;INFO;Controller;State = Running;
29/01/21;00:01:16.528;INFO;Robot Runtime;executing:    Load;
29/01/21;00:01:22.395;INFO;Controller;Activity ExecRobotTask ended. Return value: Done False/True/False;
29/01/21;00:01:22.395;INFO;Controller;State = Ready;
29/01/21;00:01:22.445;INFO;Server;Command: ExecRobotTask (Mount,500000);
29/01/21;00:01:22.445;INFO;Controller;Executing asynchronous activity: ExecRobotTask;
29/01/21;00:01:22.445;INFO;Controller;Status = Executing: Mount;
29/01/21;00:01:22.445;INFO;Controller;State = Running;
29/01/21;00:01:23.459;INFO;Robot Runtime;executing:    Mount;
29/01/21;00:01:27.522;INFO;Controller;Activity ExecRobotTask ended. Return value: Done True/False/False;
29/01/21;00:01:27.522;INFO;Controller;State = Ready;
29/01/21;00:01:27.575;INFO;Server;Command: ExecRobotTask (Park,500000);
29/01/21;00:01:27.575;INFO;Controller;Executing asynchronous activity: ExecRobotTask;
29/01/21;00:01:27.575;INFO;Controller;Status = Executing: Park;
29/01/21;00:01:27.575;INFO;Controller;State = Running;
29/01/21;00:01:28.454;INFO;Robot Runtime;executing:    Park;
29/01/21;00:01:30.585;INFO;Controller;Activity ExecRobotTask ended. Return value: Done;
29/01/21;00:01:30.585;INFO;Controller;State = Ready;
29/01/21;00:01:30.634;INFO;Server;Command: ExecRobotTask (UnlatchRobGov,500000);
29/01/21;00:01:30.635;INFO;Controller;Executing asynchronous activity: ExecRobotTask;
29/01/21;00:01:30.635;INFO;Controller;Status = Executing: UnlatchRobGov;
29/01/21;00:01:30.635;INFO;Controller;State = Running;
29/01/21;00:01:31.553;INFO;Robot Runtime;executing:    UnlatchRobGov;
29/01/21;00:01:32.077;INFO;Controller;Activity ExecRobotTask ended. Return value: Done;
29/01/21;00:01:32.077;INFO;Controller;State = Ready;
29/01/21;00:03:41.733;INFO;Server;Command: ExecRobotTask (Unmount,500000);
29/01/21;00:03:41.733;INFO;Controller;Executing asynchronous activity: ExecRobotTask;
29/01/21;00:03:41.733;INFO;Controller;Status = Executing: Unmount;
29/01/21;00:03:41.733;INFO;Controller;State = Running;
29/01/21;00:03:42.959;INFO;Robot Runtime;executing:    Unmount;
29/01/21;00:03:53.065;INFO;Controller;Activity ExecRobotTask ended. Return value: Done False/True/False;
29/01/21;00:03:53.065;INFO;Controller;State = Ready;
29/01/21;00:03:53.111;INFO;Server;Command: ExecRobotTask (Unload,500000);
29/01/21;00:03:53.111;INFO;Controller;Executing asynchronous activity: ExecRobotTask;
29/01/21;00:03:53.112;INFO;Controller;Status = Executing: Unload;
29/01/21;00:03:53.112;INFO;Controller;State = Running;
29/01/21;00:03:54.015;INFO;Robot Runtime;executing:    Unload;
29/01/21;00:03:57.599;INFO;Controller;Activity ExecRobotTask ended. Return value: Done False/False/False;
29/01/21;00:03:57.599;INFO;Controller;State = Ready;
29/01/21;00:03:59.278;INFO;Server;Command: ExecRobotTask (Load,500000);
29/01/21;00:03:59.279;INFO;Controller;Executing asynchronous activity: ExecRobotTask;
29/01/21;00:03:59.279;INFO;Controller;Status = Executing: Load;
29/01/21;00:03:59.279;INFO;Controller;State = Running;
29/01/21;00:04:00.286;INFO;Robot Runtime;executing:    Load;
29/01/21;00:04:06.528;INFO;Controller;Activity ExecRobotTask ended. Return value: Done False/True/False;
29/01/21;00:04:06.528;INFO;Controller;State = Ready;
29/01/21;00:04:06.573;INFO;Server;Command: ExecRobotTask (Mount,500000);
29/01/21;00:04:06.574;INFO;Controller;Executing asynchronous activity: ExecRobotTask;
29/01/21;00:04:06.574;INFO;Controller;Status = Executing: Mount;
29/01/21;00:04:06.574;INFO;Controller;State = Running;
29/01/21;00:04:07.816;INFO;Robot Runtime;executing:    Mount;
29/01/21;00:04:12.036;INFO;Controller;Activity ExecRobotTask ended. Return value: Done True/False/False;
29/01/21;00:04:12.036;INFO;Controller;State = Ready;
29/01/21;00:04:12.092;INFO;Server;Command: ExecRobotTask (Park,500000);
29/01/21;00:04:12.092;INFO;Controller;Executing asynchronous activity: ExecRobotTask;
29/01/21;00:04:12.092;INFO;Controller;Status = Executing: Park;
29/01/21;00:04:12.092;INFO;Controller;State = Running;
29/01/21;00:04:12.996;INFO;Robot Runtime;executing:    Park;
29/01/21;00:04:15.106;INFO;Controller;Activity ExecRobotTask ended. Return value: Done;
29/01/21;00:04:15.106;INFO;Controller;State = Ready;
29/01/21;00:04:15.156;INFO;Server;Command: ExecRobotTask (UnlatchRobGov,500000);
29/01/21;00:04:15.156;INFO;Controller;Executing asynchronous activity: ExecRobotTask;
29/01/21;00:04:15.156;INFO;Controller;Status = Executing: UnlatchRobGov;
29/01/21;00:04:15.156;INFO;Controller;State = Running;
29/01/21;00:04:16.088;INFO;Robot Runtime;executing:    UnlatchRobGov;
29/01/21;00:04:16.600;INFO;Controller;Activity ExecRobotTask ended. Return value: Done;
29/01/21;00:04:16.600;INFO;Controller;State = Ready;
29/01/21;00:10:42.711;INFO;Server;Command: ExecRobotTask (Unmount,500000);
29/01/21;00:10:42.711;INFO;Controller;Executing asynchronous activity: ExecRobotTask;
29/01/21;00:10:42.711;INFO;Controller;Status = Executing: Unmount;
29/01/21;00:10:42.711;INFO;Controller;State = Running;
29/01/21;00:10:43.687;INFO;Robot Runtime;executing:    Unmount;
29/01/21;00:10:54.307;INFO;Controller;Activity ExecRobotTask ended. Return value: Done False/True/False;
29/01/21;00:10:54.307;INFO;Controller;State = Ready;
29/01/21;00:10:54.331;INFO;Server;Command: ExecRobotTask (Unload,500000);
29/01/21;00:10:54.331;INFO;Controller;Executing asynchronous activity: ExecRobotTask;
29/01/21;00:10:54.331;INFO;Controller;Status = Executing: Unload;
29/01/21;00:10:54.331;INFO;Controller;State = Running;
29/01/21;00:10:55.217;INFO;Robot Runtime;executing:    Unload;
29/01/21;00:10:58.835;INFO;Controller;Activity ExecRobotTask ended. Return value: Done False/False/False;
29/01/21;00:10:58.835;INFO;Controller;State = Ready;
29/01/21;00:11:00.419;INFO;Server;Command: ExecRobotTask (Load,500000);
29/01/21;00:11:00.420;INFO;Controller;Executing asynchronous activity: ExecRobotTask;
29/01/21;00:11:00.420;INFO;Controller;Status = Executing: Load;
29/01/21;00:11:00.420;INFO;Controller;State = Running;
29/01/21;00:11:01.668;INFO;Robot Runtime;executing:    Load;
29/01/21;00:11:07.810;INFO;Controller;Activity ExecRobotTask ended. Return value: Done False/True/False;
29/01/21;00:11:07.810;INFO;Controller;State = Ready;
29/01/21;00:11:07.861;INFO;Server;Command: ExecRobotTask (Mount,500000);
29/01/21;00:11:07.861;INFO;Controller;Executing asynchronous activity: ExecRobotTask;
29/01/21;00:11:07.861;INFO;Controller;Status = Executing: Mount;
29/01/21;00:11:07.861;INFO;Controller;State = Running;
29/01/21;00:11:08.875;INFO;Robot Runtime;executing:    Mount;
29/01/21;00:11:13.036;INFO;Controller;Activity ExecRobotTask ended. Return value: Done True/False/False;
29/01/21;00:11:13.036;INFO;Controller;State = Ready;
29/01/21;00:11:13.106;INFO;Server;Command: ExecRobotTask (Park,500000);
29/01/21;00:11:13.106;INFO;Controller;Executing asynchronous activity: ExecRobotTask;
29/01/21;00:11:13.106;INFO;Controller;Status = Executing: Park;
29/01/21;00:11:13.106;INFO;Controller;State = Running;
29/01/21;00:11:13.984;INFO;Robot Runtime;executing:    Park;
29/01/21;00:11:16.090;INFO;Controller;Activity ExecRobotTask ended. Return value: Done;
29/01/21;00:11:16.090;INFO;Controller;State = Ready;
29/01/21;00:11:16.140;INFO;Server;Command: ExecRobotTask (UnlatchRobGov,500000);
29/01/21;00:11:16.140;INFO;Controller;Executing asynchronous activity: ExecRobotTask;
29/01/21;00:11:16.140;INFO;Controller;Status = Executing: UnlatchRobGov;
29/01/21;00:11:16.140;INFO;Controller;State = Running;
29/01/21;00:11:17.068;INFO;Robot Runtime;executing:    UnlatchRobGov;
29/01/21;00:11:17.589;INFO;Controller;Activity ExecRobotTask ended. Return value: Done;
29/01/21;00:11:17.589;INFO;Controller;State = Ready;
29/01/21;00:12:59.631;INFO;Server;Command: ExecRobotTask (Unmount,500000);
29/01/21;00:12:59.631;INFO;Controller;Executing asynchronous activity: ExecRobotTask;
29/01/21;00:12:59.631;INFO;Controller;Status = Executing: Unmount;
29/01/21;00:12:59.631;INFO;Controller;State = Running;
29/01/21;00:13:00.854;INFO;Robot Runtime;executing:    Unmount;
29/01/21;00:13:10.924;INFO;Controller;Activity ExecRobotTask ended. Return value: Done False/True/False;
29/01/21;00:13:10.924;INFO;Controller;State = Ready;
29/01/21;00:13:10.978;INFO;Server;Command: ExecRobotTask (Unload,500000);
29/01/21;00:13:10.978;INFO;Controller;Executing asynchronous activity: ExecRobotTask;
29/01/21;00:13:10.978;INFO;Controller;Status = Executing: Unload;
29/01/21;00:13:10.978;INFO;Controller;State = Running;
29/01/21;00:13:11.877;INFO;Robot Runtime;executing:    Unload;
29/01/21;00:13:15.797;INFO;Controller;Activity ExecRobotTask ended. Return value: Done False/False/False;
29/01/21;00:13:15.797;INFO;Controller;State = Ready;
29/01/21;00:13:17.461;INFO;Server;Command: ExecRobotTask (Load,500000);
29/01/21;00:13:17.462;INFO;Controller;Executing asynchronous activity: ExecRobotTask;
29/01/21;00:13:17.462;INFO;Controller;Status = Executing: Load;
29/01/21;00:13:17.462;INFO;Controller;State = Running;
29/01/21;00:13:18.460;INFO;Robot Runtime;executing:    Load;
29/01/21;00:13:24.573;INFO;Controller;Activity ExecRobotTask ended. Return value: Done False/True/False;
29/01/21;00:13:24.573;INFO;Controller;State = Ready;
29/01/21;00:13:24.619;INFO;Server;Command: ExecRobotTask (Mount,500000);
29/01/21;00:13:24.619;INFO;Controller;Executing asynchronous activity: ExecRobotTask;
29/01/21;00:13:24.619;INFO;Controller;Status = Executing: Mount;
29/01/21;00:13:24.619;INFO;Controller;State = Running;
29/01/21;00:13:25.870;INFO;Robot Runtime;executing:    Mount;
29/01/21;00:13:30.078;INFO;Controller;Activity ExecRobotTask ended. Return value: Done True/False/False;
29/01/21;00:13:30.078;INFO;Controller;State = Ready;
29/01/21;00:13:30.150;INFO;Server;Command: ExecRobotTask (Park,500000);
29/01/21;00:13:30.150;INFO;Controller;Executing asynchronous activity: ExecRobotTask;
29/01/21;00:13:30.150;INFO;Controller;Status = Executing: Park;
29/01/21;00:13:30.150;INFO;Controller;State = Running;
29/01/21;00:13:31.046;INFO;Robot Runtime;executing:    Park;
29/01/21;00:13:33.154;INFO;Controller;Activity ExecRobotTask ended. Return value: Done;
29/01/21;00:13:33.154;INFO;Controller;State = Ready;
29/01/21;00:13:33.203;INFO;Server;Command: ExecRobotTask (UnlatchRobGov,500000);
29/01/21;00:13:33.203;INFO;Controller;Executing asynchronous activity: ExecRobotTask;
29/01/21;00:13:33.203;INFO;Controller;Status = Executing: UnlatchRobGov;
29/01/21;00:13:33.203;INFO;Controller;State = Running;
29/01/21;00:13:34.134;INFO;Robot Runtime;executing:    UnlatchRobGov;
29/01/21;00:13:34.650;INFO;Controller;Activity ExecRobotTask ended. Return value: Done;
29/01/21;00:13:34.650;INFO;Controller;State = Ready;
29/01/21;00:15:35.436;INFO;Server;Command: ExecRobotTask (Unmount,500000);
29/01/21;00:15:35.437;INFO;Controller;Executing asynchronous activity: ExecRobotTask;
29/01/21;00:15:35.437;INFO;Controller;Status = Executing: Unmount;
29/01/21;00:15:35.437;INFO;Controller;State = Running;
29/01/21;00:15:36.417;INFO;Robot Runtime;executing:    Unmount;
29/01/21;00:15:46.957;INFO;Controller;Activity ExecRobotTask ended. Return value: Done False/True/False;
29/01/21;00:15:46.957;INFO;Controller;State = Ready;
29/01/21;00:15:47.012;INFO;Server;Command: ExecRobotTask (Unload,500000);
29/01/21;00:15:47.012;INFO;Controller;Executing asynchronous activity: ExecRobotTask;
29/01/21;00:15:47.012;INFO;Controller;Status = Executing: Unload;
29/01/21;00:15:47.012;INFO;Controller;State = Running;
29/01/21;00:15:47.898;INFO;Robot Runtime;executing:    Unload;
29/01/21;00:15:51.897;INFO;Controller;Activity ExecRobotTask ended. Return value: Done False/False/False;
29/01/21;00:15:51.897;INFO;Controller;State = Ready;
29/01/21;00:15:53.469;INFO;Server;Command: ExecRobotTask (Load,500000);
29/01/21;00:15:53.469;INFO;Controller;Executing asynchronous activity: ExecRobotTask;
29/01/21;00:15:53.469;INFO;Controller;Status = Executing: Load;
29/01/21;00:15:53.469;INFO;Controller;State = Running;
29/01/21;00:15:54.760;INFO;Robot Runtime;executing:    Load;
29/01/21;00:16:00.946;INFO;Controller;Activity ExecRobotTask ended. Return value: Done False/True/False;
29/01/21;00:16:00.947;INFO;Controller;State = Ready;
29/01/21;00:16:01.005;INFO;Server;Command: ExecRobotTask (Mount,500000);
29/01/21;00:16:01.005;INFO;Controller;Executing asynchronous activity: ExecRobotTask;
29/01/21;00:16:01.005;INFO;Controller;Status = Executing: Mount;
29/01/21;00:16:01.005;INFO;Controller;State = Running;
29/01/21;00:16:02.014;INFO;Robot Runtime;executing:    Mount;
29/01/21;00:16:06.165;INFO;Controller;Activity ExecRobotTask ended. Return value: Done True/False/False;
29/01/21;00:16:06.165;INFO;Controller;State = Ready;
29/01/21;00:16:06.233;INFO;Server;Command: ExecRobotTask (Park,500000);
29/01/21;00:16:06.234;INFO;Controller;Executing asynchronous activity: ExecRobotTask;
29/01/21;00:16:06.234;INFO;Controller;Status = Executing: Park;
29/01/21;00:16:06.234;INFO;Controller;State = Running;
29/01/21;00:16:07.114;INFO;Robot Runtime;executing:    Park;
29/01/21;00:16:09.221;INFO;Controller;Activity ExecRobotTask ended. Return value: Done;
29/01/21;00:16:09.221;INFO;Controller;State = Ready;
29/01/21;00:16:09.278;INFO;Server;Command: ExecRobotTask (UnlatchRobGov,500000);
29/01/21;00:16:09.278;INFO;Controller;Executing asynchronous activity: ExecRobotTask;
29/01/21;00:16:09.278;INFO;Controller;Status = Executing: UnlatchRobGov;
29/01/21;00:16:09.278;INFO;Controller;State = Running;
29/01/21;00:16:10.210;INFO;Robot Runtime;executing:    UnlatchRobGov;
29/01/21;00:16:10.711;INFO;Controller;Activity ExecRobotTask ended. Return value: Done;
29/01/21;00:16:10.711;INFO;Controller;State = Ready;
29/01/21;00:18:14.544;INFO;Server;Command: ExecRobotTask (Unmount,500000);
29/01/21;00:18:14.544;INFO;Controller;Executing asynchronous activity: ExecRobotTask;
29/01/21;00:18:14.544;INFO;Controller;Status = Executing: Unmount;
29/01/21;00:18:14.544;INFO;Controller;State = Running;
29/01/21;00:18:15.484;INFO;Robot Runtime;executing:    Unmount;
29/01/21;00:18:25.448;INFO;Controller;Activity ExecRobotTask ended. Return value: Done False/True/False;
29/01/21;00:18:25.448;INFO;Controller;State = Ready;
29/01/21;00:18:25.503;INFO;Server;Command: ExecRobotTask (Unload,500000);
29/01/21;00:18:25.503;INFO;Controller;Executing asynchronous activity: ExecRobotTask;
29/01/21;00:18:25.503;INFO;Controller;Status = Executing: Unload;
29/01/21;00:18:25.503;INFO;Controller;State = Running;
29/01/21;00:18:26.416;INFO;Robot Runtime;executing:    Unload;
29/01/21;00:18:30.325;INFO;Controller;Activity ExecRobotTask ended. Return value: Done False/False/False;
29/01/21;00:18:30.326;INFO;Controller;State = Ready;
29/01/21;00:18:31.916;INFO;Server;Command: ExecRobotTask (Load,500000);
29/01/21;00:18:31.916;INFO;Controller;Executing asynchronous activity: ExecRobotTask;
29/01/21;00:18:31.916;INFO;Controller;Status = Executing: Load;
29/01/21;00:18:31.916;INFO;Controller;State = Running;
29/01/21;00:18:33.163;INFO;Robot Runtime;executing:    Load;
29/01/21;00:18:39.388;INFO;Controller;Activity ExecRobotTask ended. Return value: Done False/True/False;
29/01/21;00:18:39.388;INFO;Controller;State = Ready;
29/01/21;00:18:39.439;INFO;Server;Command: ExecRobotTask (Mount,500000);
29/01/21;00:18:39.439;INFO;Controller;Executing asynchronous activity: ExecRobotTask;
29/01/21;00:18:39.439;INFO;Controller;Status = Executing: Mount;
29/01/21;00:18:39.439;INFO;Controller;State = Running;
29/01/21;00:18:40.458;INFO;Robot Runtime;executing:    Mount;
29/01/21;00:18:44.612;INFO;Controller;Activity ExecRobotTask ended. Return value: Done True/False/False;
29/01/21;00:18:44.612;INFO;Controller;State = Ready;
29/01/21;00:18:44.688;INFO;Server;Command: ExecRobotTask (Park,500000);
29/01/21;00:18:44.688;INFO;Controller;Executing asynchronous activity: ExecRobotTask;
29/01/21;00:18:44.688;INFO;Controller;Status = Executing: Park;
29/01/21;00:18:44.688;INFO;Controller;State = Running;
29/01/21;00:18:45.588;INFO;Robot Runtime;executing:    Park;
29/01/21;00:18:47.677;INFO;Controller;Activity ExecRobotTask ended. Return value: Done;
29/01/21;00:18:47.677;INFO;Controller;State = Ready;
29/01/21;00:18:47.726;INFO;Server;Command: ExecRobotTask (UnlatchRobGov,500000);
29/01/21;00:18:47.726;INFO;Controller;Executing asynchronous activity: ExecRobotTask;
29/01/21;00:18:47.726;INFO;Controller;Status = Executing: UnlatchRobGov;
29/01/21;00:18:47.726;INFO;Controller;State = Running;
29/01/21;00:18:48.654;INFO;Robot Runtime;executing:    UnlatchRobGov;
29/01/21;00:18:49.172;INFO;Controller;Activity ExecRobotTask ended. Return value: Done;
29/01/21;00:18:49.172;INFO;Controller;State = Ready;
29/01/21;00:20:35.651;INFO;Server;Command: ExecRobotTask (Unmount,500000);
29/01/21;00:20:35.651;INFO;Controller;Executing asynchronous activity: ExecRobotTask;
29/01/21;00:20:35.652;INFO;Controller;Status = Executing: Unmount;
29/01/21;00:20:35.652;INFO;Controller;State = Running;
29/01/21;00:20:36.854;INFO;Robot Runtime;executing:    Unmount;
29/01/21;00:20:46.926;INFO;Controller;Activity ExecRobotTask ended. Return value: Done False/True/False;
29/01/21;00:20:46.926;INFO;Controller;State = Ready;
29/01/21;00:20:46.985;INFO;Server;Command: ExecRobotTask (Unload,500000);
29/01/21;00:20:46.985;INFO;Controller;Executing asynchronous activity: ExecRobotTask;
29/01/21;00:20:46.985;INFO;Controller;Status = Executing: Unload;
29/01/21;00:20:46.985;INFO;Controller;State = Running;
29/01/21;00:20:47.881;INFO;Robot Runtime;executing:    Unload;
29/01/21;00:20:51.804;INFO;Controller;Activity ExecRobotTask ended. Return value: Done False/False/False;
29/01/21;00:20:51.804;INFO;Controller;State = Ready;
29/01/21;00:20:53.413;INFO;Server;Command: ExecRobotTask (Load,500000);
29/01/21;00:20:53.413;INFO;Controller;Executing asynchronous activity: ExecRobotTask;
29/01/21;00:20:53.413;INFO;Controller;Status = Executing: Load;
29/01/21;00:20:53.413;INFO;Controller;State = Running;
29/01/21;00:20:54.443;INFO;Robot Runtime;executing:    Load;
29/01/21;00:21:00.575;INFO;Controller;Activity ExecRobotTask ended. Return value: Done False/True/False;
29/01/21;00:21:00.575;INFO;Controller;State = Ready;
29/01/21;00:21:00.627;INFO;Server;Command: ExecRobotTask (Mount,500000);
29/01/21;00:21:00.627;INFO;Controller;Executing asynchronous activity: ExecRobotTask;
29/01/21;00:21:00.627;INFO;Controller;Status = Executing: Mount;
29/01/21;00:21:00.627;INFO;Controller;State = Running;
29/01/21;00:21:01.862;INFO;Robot Runtime;executing:    Mount;
29/01/21;00:21:06.075;INFO;Controller;Activity ExecRobotTask ended. Return value: Done True/False/False;
29/01/21;00:21:06.075;INFO;Controller;State = Ready;
29/01/21;00:21:06.154;INFO;Server;Command: ExecRobotTask (Park,500000);
29/01/21;00:21:06.154;INFO;Controller;Executing asynchronous activity: ExecRobotTask;
29/01/21;00:21:06.154;INFO;Controller;Status = Executing: Park;
29/01/21;00:21:06.154;INFO;Controller;State = Running;
29/01/21;00:21:07.041;INFO;Robot Runtime;executing:    Park;
29/01/21;00:21:09.141;INFO;Controller;Activity ExecRobotTask ended. Return value: Done;
29/01/21;00:21:09.141;INFO;Controller;State = Ready;
29/01/21;00:21:09.194;INFO;Server;Command: ExecRobotTask (UnlatchRobGov,500000);
29/01/21;00:21:09.194;INFO;Controller;Executing asynchronous activity: ExecRobotTask;
29/01/21;00:21:09.194;INFO;Controller;Status = Executing: UnlatchRobGov;
29/01/21;00:21:09.194;INFO;Controller;State = Running;
29/01/21;00:21:10.128;INFO;Robot Runtime;executing:    UnlatchRobGov;
29/01/21;00:21:10.632;INFO;Controller;Activity ExecRobotTask ended. Return value: Done;
29/01/21;00:21:10.632;INFO;Controller;State = Ready;
29/01/21;00:22:32.487;INFO;Server;Command: ExecRobotTask (Unmount,500000);
29/01/21;00:22:32.487;INFO;Controller;Executing asynchronous activity: ExecRobotTask;
29/01/21;00:22:32.487;INFO;Controller;Status = Executing: Unmount;
29/01/21;00:22:32.488;INFO;Controller;State = Running;
29/01/21;00:22:33.489;INFO;Robot Runtime;executing:    Unmount;
29/01/21;00:22:43.757;INFO;Controller;Activity ExecRobotTask ended. Return value: Done False/True/False;
29/01/21;00:22:43.757;INFO;Controller;State = Ready;
29/01/21;00:22:43.817;INFO;Server;Command: ExecRobotTask (Unload,500000);
29/01/21;00:22:43.818;INFO;Controller;Executing asynchronous activity: ExecRobotTask;
29/01/21;00:22:43.818;INFO;Controller;Status = Executing: Unload;
29/01/21;00:22:43.818;INFO;Controller;State = Running;
29/01/21;00:22:44.702;INFO;Robot Runtime;executing:    Unload;
29/01/21;00:22:48.310;INFO;Controller;Activity ExecRobotTask ended. Return value: Done False/False/False;
29/01/21;00:22:48.310;INFO;Controller;State = Ready;
29/01/21;00:22:49.948;INFO;Server;Command: ExecRobotTask (Load,500000);
29/01/21;00:22:49.948;INFO;Controller;Executing asynchronous activity: ExecRobotTask;
29/01/21;00:22:49.948;INFO;Controller;Status = Executing: Load;
29/01/21;00:22:49.948;INFO;Controller;State = Running;
29/01/21;00:22:51.187;INFO;Robot Runtime;executing:    Load;
29/01/21;00:22:57.095;INFO;Controller;Activity ExecRobotTask ended. Return value: Done False/True/False;
29/01/21;00:22:57.095;INFO;Controller;State = Ready;
29/01/21;00:22:57.147;INFO;Server;Command: ExecRobotTask (Mount,500000);
29/01/21;00:22:57.147;INFO;Controller;Executing asynchronous activity: ExecRobotTask;
29/01/21;00:22:57.147;INFO;Controller;Status = Executing: Mount;
29/01/21;00:22:57.147;INFO;Controller;State = Running;
29/01/21;00:22:58.188;INFO;Robot Runtime;executing:    Mount;
29/01/21;00:23:02.249;INFO;Controller;Activity ExecRobotTask ended. Return value: Done True/False/False;
29/01/21;00:23:02.249;INFO;Controller;State = Ready;
29/01/21;00:23:02.314;INFO;Server;Command: ExecRobotTask (Park,500000);
29/01/21;00:23:02.314;INFO;Controller;Executing asynchronous activity: ExecRobotTask;
29/01/21;00:23:02.314;INFO;Controller;Status = Executing: Park;
29/01/21;00:23:02.314;INFO;Controller;State = Running;
29/01/21;00:23:03.197;INFO;Robot Runtime;executing:    Park;
29/01/21;00:23:05.311;INFO;Controller;Activity ExecRobotTask ended. Return value: Done;
29/01/21;00:23:05.312;INFO;Controller;State = Ready;
29/01/21;00:23:05.370;INFO;Server;Command: ExecRobotTask (UnlatchRobGov,500000);
29/01/21;00:23:05.370;INFO;Controller;Executing asynchronous activity: ExecRobotTask;
29/01/21;00:23:05.370;INFO;Controller;Status = Executing: UnlatchRobGov;
29/01/21;00:23:05.370;INFO;Controller;State = Running;
29/01/21;00:23:06.299;INFO;Robot Runtime;executing:    UnlatchRobGov;
29/01/21;00:23:06.808;INFO;Controller;Activity ExecRobotTask ended. Return value: Done;
29/01/21;00:23:06.808;INFO;Controller;State = Ready;
29/01/21;00:24:56.431;INFO;Server;Command: ExecRobotTask (Unmount,500000);
29/01/21;00:24:56.431;INFO;Controller;Executing asynchronous activity: ExecRobotTask;
29/01/21;00:24:56.431;INFO;Controller;Status = Executing: Unmount;
29/01/21;00:24:56.431;INFO;Controller;State = Running;
29/01/21;00:24:57.618;INFO;Robot Runtime;executing:    Unmount;
29/01/21;00:25:07.513;INFO;Controller;Activity ExecRobotTask ended. Return value: Done False/True/False;
29/01/21;00:25:07.513;INFO;Controller;State = Ready;
29/01/21;00:25:07.566;INFO;Server;Command: ExecRobotTask (Unload,500000);
29/01/21;00:25:07.566;INFO;Controller;Executing asynchronous activity: ExecRobotTask;
29/01/21;00:25:07.566;INFO;Controller;Status = Executing: Unload;
29/01/21;00:25:07.566;INFO;Controller;State = Running;
29/01/21;00:25:08.465;INFO;Robot Runtime;executing:    Unload;
29/01/21;00:25:12.050;INFO;Controller;Activity ExecRobotTask ended. Return value: Done False/False/False;
29/01/21;00:25:12.050;INFO;Controller;State = Ready;
29/01/21;00:25:12.197;INFO;Server;Command: ExecRobotTask (UnlatchRobGov,500000);
29/01/21;00:25:12.197;INFO;Controller;Executing asynchronous activity: ExecRobotTask;
29/01/21;00:25:12.197;INFO;Controller;Status = Executing: UnlatchRobGov;
29/01/21;00:25:12.197;INFO;Controller;State = Running;
29/01/21;00:25:13.075;INFO;Robot Runtime;executing:    UnlatchRobGov;
29/01/21;00:25:13.291;INFO;Controller;Activity ExecRobotTask ended. Return value: Done;
29/01/21;00:25:13.291;INFO;Controller;State = Ready;
29/01/21;00:25:13.342;INFO;Server;Command: ExecRobotTask (Home,500000);
29/01/21;00:25:13.342;INFO;Controller;Executing asynchronous activity: ExecRobotTask;
29/01/21;00:25:13.342;INFO;Controller;Status = Executing: Home;
29/01/21;00:25:13.342;INFO;Controller;State = Running;
29/01/21;00:25:14.351;INFO;Robot Runtime;executing:    Home;
29/01/21;00:25:15.491;INFO;Controller;Activity ExecRobotTask ended. Return value: Done;
29/01/21;00:25:15.491;INFO;Controller;State = Ready;
29/01/21;00:25:15.548;INFO;Server;Command: ExecRobotTask (Finish,500000);
29/01/21;00:25:15.548;INFO;Controller;Executing asynchronous activity: ExecRobotTask;
29/01/21;00:25:15.548;INFO;Controller;Status = Executing: Finish;
29/01/21;00:25:15.548;INFO;Controller;State = Running;
29/01/21;00:25:16.453;INFO;Robot Runtime;executing:    Finish;
29/01/21;00:27:21.279;INFO;Controller;Activity ExecRobotTask ended. Return value: Done;
29/01/21;00:27:21.279;INFO;Controller;State = Ready;
29/01/21;14:46:00.689;INFO;Server;Command: ExecRobotTask (Initialize,500000);
29/01/21;14:46:00.689;INFO;Controller;Executing asynchronous activity: ExecRobotTask;
29/01/21;14:46:00.690;INFO;Controller;Status = Executing: Initialize;
29/01/21;14:46:00.690;INFO;Controller;State = Running;
29/01/21;14:46:01.704;INFO;Robot Runtime;executing:    Initialize;
29/01/21;14:46:02.644;INFO;Controller;Activity ExecRobotTask ended. Return value: Done;
29/01/21;14:46:02.644;INFO;Controller;State = Ready;
29/01/21;14:46:02.662;INFO;Server;Command: ExecRobotTask (LatchRobGov,500000);
29/01/21;14:46:02.662;INFO;Controller;Executing asynchronous activity: ExecRobotTask;
29/01/21;14:46:02.662;INFO;Controller;Status = Executing: LatchRobGov;
29/01/21;14:46:02.662;INFO;Controller;State = Running;
29/01/21;14:46:12.679;INFO;Robot;Abort;
29/01/21;14:46:12.771;INFO;Controller;Activity ExecRobotTask ended with exception: Timeout waiting busy;
29/01/21;14:46:12.771;WARNING;Activity;Exception: Robot timeout waiting busy
Stack trace:
org.embl.ctrl.Device$TimeoutWaitBusyException: Timeout waiting busy
	at org.embl.dev.staubli.StaubliRobot.executeTask(StaubliRobot.java:1162)
	at org.embl.dev.staubli.StaubliRobot.executeTask(StaubliRobot.java:1124)
	at org.embl.sw.Control.execRobotTask(Control.java:489)
	at org.embl.sw.Control$2.run(Control.java:380)
	at org.embl.task.ActivityManager.runTask(ActivityManager.java:104)
	at org.embl.task.ActivityManager.access$000(ActivityManager.java:22)
	at org.embl.task.ActivityManager$ActivityThread.run(ActivityManager.java:145)
;
29/01/21;14:46:12.772;INFO;Controller;State = Ready;
29/01/21;14:46:57.049;INFO;Server;Command: ExecRobotTask (Initialize,500000);
29/01/21;14:46:57.049;INFO;Controller;Executing asynchronous activity: ExecRobotTask;
29/01/21;14:46:57.049;INFO;Controller;Status = Executing: Initialize;
29/01/21;14:46:57.050;INFO;Controller;State = Running;
29/01/21;14:46:57.916;INFO;Robot Runtime;executing:    Initialize;
29/01/21;14:46:58.387;INFO;Controller;Activity ExecRobotTask ended. Return value: Done;
29/01/21;14:46:58.387;INFO;Controller;State = Ready;
29/01/21;14:46:58.397;INFO;Server;Command: ExecRobotTask (Home,500000);
29/01/21;14:46:58.397;INFO;Controller;Executing asynchronous activity: ExecRobotTask;
29/01/21;14:46:58.397;INFO;Controller;Status = Executing: Home;
29/01/21;14:46:58.397;INFO;Controller;State = Running;
29/01/21;14:46:59.272;INFO;Robot Runtime;executing:    Home;
29/01/21;14:46:59.453;INFO;Controller;Activity ExecRobotTask ended. Return value: Done;
29/01/21;14:46:59.453;INFO;Controller;State = Ready;
29/01/21;14:46:59.461;INFO;Server;Command: ExecRobotTask (Park,500000);
29/01/21;14:46:59.461;INFO;Controller;Executing asynchronous activity: ExecRobotTask;
29/01/21;14:46:59.461;INFO;Controller;Status = Executing: Park;
29/01/21;14:46:59.461;INFO;Controller;State = Running;
29/01/21;14:47:00.335;INFO;Robot Runtime;executing:    Park;
29/01/21;14:47:03.313;INFO;Controller;Activity ExecRobotTask ended. Return value: Done;
29/01/21;14:47:03.313;INFO;Controller;State = Ready;
29/01/21;14:48:27.172;INFO;Server;Command: ExecRobotTask (Initialize,500000);
29/01/21;14:48:27.173;INFO;Controller;Executing asynchronous activity: ExecRobotTask;
29/01/21;14:48:27.173;INFO;Controller;Status = Executing: Initialize;
29/01/21;14:48:27.173;INFO;Controller;State = Running;
29/01/21;14:48:28.062;INFO;Robot Runtime;executing:    Initialize;
29/01/21;14:48:28.445;INFO;Controller;Activity ExecRobotTask ended. Return value: Done;
29/01/21;14:48:28.445;INFO;Controller;State = Ready;
29/01/21;14:48:28.650;INFO;Server;Command: ExecRobotTask (Load,500000);
29/01/21;14:48:28.650;INFO;Controller;Executing asynchronous activity: ExecRobotTask;
29/01/21;14:48:28.650;INFO;Controller;Status = Executing: Load;
29/01/21;14:48:28.650;INFO;Controller;State = Running;
29/01/21;14:48:29.822;INFO;Robot Runtime;executing:    Load;
29/01/21;14:48:39.110;INFO;Controller;Activity ExecRobotTask ended. Return value: Done False/True/False;
29/01/21;14:48:39.110;INFO;Controller;State = Ready;
29/01/21;14:48:39.125;INFO;Server;Command: ExecRobotTask (Mount,500000);
29/01/21;14:48:39.125;INFO;Controller;Executing asynchronous activity: ExecRobotTask;
29/01/21;14:48:39.125;INFO;Controller;Status = Executing: Mount;
29/01/21;14:48:39.125;INFO;Controller;State = Running;
29/01/21;14:48:40.202;INFO;Robot Runtime;executing:    Mount;
29/01/21;14:48:44.169;INFO;Controller;Activity ExecRobotTask ended. Return value: Done True/False/False;
29/01/21;14:48:44.169;INFO;Controller;State = Ready;
29/01/21;14:48:44.179;INFO;Server;Command: ExecRobotTask (Park,500000);
29/01/21;14:48:44.179;INFO;Controller;Executing asynchronous activity: ExecRobotTask;
29/01/21;14:48:44.179;INFO;Controller;Status = Executing: Park;
29/01/21;14:48:44.179;INFO;Controller;State = Running;
29/01/21;14:48:45.056;INFO;Robot Runtime;executing:    Park;
29/01/21;14:48:47.163;INFO;Controller;Activity ExecRobotTask ended. Return value: Done;
29/01/21;14:48:47.163;INFO;Controller;State = Ready;
29/01/21;14:48:47.171;INFO;Server;Command: ExecRobotTask (UnlatchRobGov,500000);
29/01/21;14:48:47.171;INFO;Controller;Executing asynchronous activity: ExecRobotTask;
29/01/21;14:48:47.171;INFO;Controller;Status = Executing: UnlatchRobGov;
29/01/21;14:48:47.171;INFO;Controller;State = Running;
29/01/21;14:48:48.123;INFO;Robot Runtime;executing:    UnlatchRobGov;
29/01/21;14:48:48.671;INFO;Controller;Activity ExecRobotTask ended. Return value: Done;
29/01/21;14:48:48.671;INFO;Controller;State = Ready;
29/01/21;15:00:27.946;INFO;Server;Command: ExecRobotTask (Unmount,500000);
29/01/21;15:00:27.946;INFO;Controller;Executing asynchronous activity: ExecRobotTask;
29/01/21;15:00:27.946;INFO;Controller;Status = Executing: Unmount;
29/01/21;15:00:27.946;INFO;Controller;State = Running;
29/01/21;15:00:29.091;INFO;Robot Runtime;executing:    Unmount;
29/01/21;15:00:36.459;INFO;Controller;Activity ExecRobotTask ended. Return value: Done False/True/False;
29/01/21;15:00:36.459;INFO;Controller;State = Ready;
29/01/21;15:00:36.472;INFO;Server;Command: ExecRobotTask (Unload,500000);
29/01/21;15:00:36.472;INFO;Controller;Executing asynchronous activity: ExecRobotTask;
29/01/21;15:00:36.472;INFO;Controller;Status = Executing: Unload;
29/01/21;15:00:36.472;INFO;Controller;State = Running;
29/01/21;15:00:37.379;INFO;Robot Runtime;executing:    Unload;
29/01/21;15:00:41.163;INFO;Controller;Activity ExecRobotTask ended. Return value: Done False/False/False;
29/01/21;15:00:41.163;INFO;Controller;State = Ready;
29/01/21;15:00:42.761;INFO;Server;Command: ExecRobotTask (Load,500000);
29/01/21;15:00:42.761;INFO;Controller;Executing asynchronous activity: ExecRobotTask;
29/01/21;15:00:42.761;INFO;Controller;Status = Executing: Load;
29/01/21;15:00:42.761;INFO;Controller;State = Running;
29/01/21;15:00:43.832;INFO;Robot Runtime;executing:    Load;
29/01/21;15:00:49.954;INFO;Controller;Activity ExecRobotTask ended. Return value: Done False/True/False;
29/01/21;15:00:49.954;INFO;Controller;State = Ready;
29/01/21;15:00:49.971;INFO;Server;Command: ExecRobotTask (Mount,500000);
29/01/21;15:00:49.971;INFO;Controller;Executing asynchronous activity: ExecRobotTask;
29/01/21;15:00:49.971;INFO;Controller;Status = Executing: Mount;
29/01/21;15:00:49.971;INFO;Controller;State = Running;
29/01/21;15:00:50.901;INFO;Robot Runtime;executing:    Mount;
29/01/21;15:00:54.733;INFO;Controller;Activity ExecRobotTask ended. Return value: Done True/False/False;
29/01/21;15:00:54.733;INFO;Controller;State = Ready;
29/01/21;15:00:54.750;INFO;Server;Command: ExecRobotTask (Park,500000);
29/01/21;15:00:54.750;INFO;Controller;Executing asynchronous activity: ExecRobotTask;
29/01/21;15:00:54.750;INFO;Controller;Status = Executing: Park;
29/01/21;15:00:54.750;INFO;Controller;State = Running;
29/01/21;15:00:55.882;INFO;Robot Runtime;executing:    Park;
29/01/21;15:00:57.989;INFO;Controller;Activity ExecRobotTask ended. Return value: Done;
29/01/21;15:00:57.989;INFO;Controller;State = Ready;
29/01/21;15:00:58.008;INFO;Server;Command: ExecRobotTask (UnlatchRobGov,500000);
29/01/21;15:00:58.008;INFO;Controller;Executing asynchronous activity: ExecRobotTask;
29/01/21;15:00:58.008;INFO;Controller;Status = Executing: UnlatchRobGov;
29/01/21;15:00:58.008;INFO;Controller;State = Running;
29/01/21;15:00:58.944;INFO;Robot Runtime;executing:    UnlatchRobGov;
29/01/21;15:00:59.487;INFO;Controller;Activity ExecRobotTask ended. Return value: Done;
29/01/21;15:00:59.487;INFO;Controller;State = Ready;
29/01/21;16:53:23.061;INFO;Server;Command: ExecRobotTask (Unmount,500000);
29/01/21;16:53:23.061;INFO;Controller;Executing asynchronous activity: ExecRobotTask;
29/01/21;16:53:23.062;INFO;Controller;Status = Executing: Unmount;
29/01/21;16:53:23.062;INFO;Controller;State = Running;
29/01/21;16:53:24.038;INFO;Robot Runtime;executing:    Unmount;
29/01/21;16:53:31.596;INFO;Controller;Activity ExecRobotTask ended. Return value: Done False/True/False;
29/01/21;16:53:31.596;INFO;Controller;State = Ready;
29/01/21;16:53:31.613;INFO;Server;Command: ExecRobotTask (Unload,500000);
29/01/21;16:53:31.613;INFO;Controller;Executing asynchronous activity: ExecRobotTask;
29/01/21;16:53:31.613;INFO;Controller;Status = Executing: Unload;
29/01/21;16:53:31.613;INFO;Controller;State = Running;
29/01/21;16:53:32.518;INFO;Robot Runtime;executing:    Unload;
29/01/21;16:53:36.140;INFO;Controller;Activity ExecRobotTask ended. Return value: Done False/False/False;
29/01/21;16:53:36.140;INFO;Controller;State = Ready;
29/01/21;16:53:36.247;INFO;Server;Command: ExecRobotTask (UnlatchRobGov,500000);
29/01/21;16:53:36.247;INFO;Controller;Executing asynchronous activity: ExecRobotTask;
29/01/21;16:53:36.247;INFO;Controller;Status = Executing: UnlatchRobGov;
29/01/21;16:53:36.247;INFO;Controller;State = Running;
29/01/21;16:53:37.190;INFO;Robot Runtime;executing:    UnlatchRobGov;
29/01/21;16:53:37.392;INFO;Controller;Activity ExecRobotTask ended. Return value: Done;
29/01/21;16:53:37.392;INFO;Controller;State = Ready;
29/01/21;16:53:37.403;INFO;Server;Command: ExecRobotTask (Home,500000);
29/01/21;16:53:37.403;INFO;Controller;Executing asynchronous activity: ExecRobotTask;
29/01/21;16:53:37.403;INFO;Controller;Status = Executing: Home;
29/01/21;16:53:37.403;INFO;Controller;State = Running;
29/01/21;16:53:38.292;INFO;Robot Runtime;executing:    Home;
29/01/21;16:53:39.163;INFO;Controller;Activity ExecRobotTask ended. Return value: Done;
29/01/21;16:53:39.163;INFO;Controller;State = Ready;
29/01/21;16:53:39.174;INFO;Server;Command: ExecRobotTask (Finish,500000);
29/01/21;16:53:39.174;INFO;Controller;Executing asynchronous activity: ExecRobotTask;
29/01/21;16:53:39.174;INFO;Controller;Status = Executing: Finish;
29/01/21;16:53:39.174;INFO;Controller;State = Running;
29/01/21;16:53:40.344;INFO;Robot Runtime;executing:    Finish;
29/01/21;16:55:41.661;INFO;Controller;Activity ExecRobotTask ended. Return value: Done;
29/01/21;16:55:41.661;INFO;Controller;State = Ready;
29/01/21;16:58:38.261;INFO;Server;Command: ExecRobotTask (Initialize,500000);
29/01/21;16:58:38.261;INFO;Controller;Executing asynchronous activity: ExecRobotTask;
29/01/21;16:58:38.261;INFO;Controller;Status = Executing: Initialize;
29/01/21;16:58:38.261;INFO;Controller;State = Running;
29/01/21;16:58:39.199;INFO;Robot Runtime;executing:    Initialize;
29/01/21;16:58:40.442;INFO;Controller;Activity ExecRobotTask ended. Return value: Done;
29/01/21;16:58:40.442;INFO;Controller;State = Ready;
29/01/21;16:58:40.458;INFO;Server;Command: ExecRobotTask (Home,500000);
29/01/21;16:58:40.458;INFO;Controller;Executing asynchronous activity: ExecRobotTask;
29/01/21;16:58:40.458;INFO;Controller;Status = Executing: Home;
29/01/21;16:58:40.458;INFO;Controller;State = Running;
29/01/21;16:58:41.360;INFO;Robot Runtime;executing:    Home;
29/01/21;16:58:41.510;INFO;Controller;Activity ExecRobotTask ended. Return value: Done;
29/01/21;16:58:41.511;INFO;Controller;State = Ready;
29/01/21;16:58:41.525;INFO;Server;Command: ExecRobotTask (Park,500000);
29/01/21;16:58:41.525;INFO;Controller;Executing asynchronous activity: ExecRobotTask;
29/01/21;16:58:41.525;INFO;Controller;Status = Executing: Park;
29/01/21;16:58:41.525;INFO;Controller;State = Running;
29/01/21;16:58:42.422;INFO;Robot Runtime;executing:    Park;
29/01/21;16:58:45.531;INFO;Controller;Activity ExecRobotTask ended. Return value: Done;
29/01/21;16:58:45.532;INFO;Controller;State = Ready;
29/01/21;17:01:35.217;INFO;Server;Command: ExecRobotTask (EnableTScreen,500000);
29/01/21;17:01:35.217;INFO;Controller;Executing asynchronous activity: ExecRobotTask;
29/01/21;17:01:35.217;INFO;Controller;Status = Executing: EnableTScreen;
29/01/21;17:01:35.217;INFO;Controller;State = Running;
29/01/21;17:01:36.227;INFO;Robot Runtime;executing:    EnableTScreen;
29/01/21;17:01:36.559;INFO;Controller;Activity ExecRobotTask ended. Return value: Done;
29/01/21;17:01:36.559;INFO;Controller;State = Ready;
29/01/21;17:01:36.580;INFO;Server;Command: ExecRobotTask (EnableTScreen,500000);
29/01/21;17:01:36.580;INFO;Controller;Executing asynchronous activity: ExecRobotTask;
29/01/21;17:01:36.580;INFO;Controller;Status = Executing: EnableTScreen;
29/01/21;17:01:36.580;INFO;Controller;State = Running;
29/01/21;17:01:37.455;INFO;Robot Runtime;executing:    EnableTScreen;
29/01/21;17:01:37.801;INFO;Controller;Activity ExecRobotTask ended. Return value: Done;
29/01/21;17:01:37.801;INFO;Controller;State = Ready;
29/01/21;17:01:37.822;INFO;Server;Command: ExecRobotTask (EnableTScreen,500000);
29/01/21;17:01:37.823;INFO;Controller;Executing asynchronous activity: ExecRobotTask;
29/01/21;17:01:37.823;INFO;Controller;Status = Executing: EnableTScreen;
29/01/21;17:01:37.823;INFO;Controller;State = Running;
29/01/21;17:01:38.684;INFO;Robot Runtime;executing:    EnableTScreen;
29/01/21;17:01:39.075;INFO;Controller;Activity ExecRobotTask ended. Return value: Done;
29/01/21;17:01:39.076;INFO;Controller;State = Ready;
29/01/21;17:01:39.096;INFO;Server;Command: ExecRobotTask (EnableTScreen,500000);
29/01/21;17:01:39.096;INFO;Controller;Executing asynchronous activity: ExecRobotTask;
29/01/21;17:01:39.096;INFO;Controller;Status = Executing: EnableTScreen;
29/01/21;17:01:39.096;INFO;Controller;State = Running;
29/01/21;17:01:39.966;INFO;Robot Runtime;executing:    EnableTScreen;
29/01/21;17:01:40.309;INFO;Controller;Activity ExecRobotTask ended. Return value: Done;
29/01/21;17:01:40.309;INFO;Controller;State = Ready;
29/01/21;17:01:40.340;INFO;Server;Command: ExecRobotTask (EnableTScreen,500000);
29/01/21;17:01:40.340;INFO;Controller;Executing asynchronous activity: ExecRobotTask;
29/01/21;17:01:40.340;INFO;Controller;Status = Executing: EnableTScreen;
29/01/21;17:01:40.340;INFO;Controller;State = Running;
29/01/21;17:01:41.206;INFO;Robot Runtime;executing:    EnableTScreen;
29/01/21;17:01:41.588;INFO;Controller;Activity ExecRobotTask ended. Return value: Done;
29/01/21;17:01:41.588;INFO;Controller;State = Ready;
29/01/21;17:05:49.406;INFO;Server;Command: ExecRobotTask (Initialize,500000);
29/01/21;17:05:49.406;INFO;Controller;Executing asynchronous activity: ExecRobotTask;
29/01/21;17:05:49.406;INFO;Controller;Status = Executing: Initialize;
29/01/21;17:05:49.406;INFO;Controller;State = Running;
29/01/21;17:05:50.318;INFO;Robot Runtime;executing:    Initialize;
29/01/21;17:05:51.254;INFO;Controller;Activity ExecRobotTask ended. Return value: Done;
29/01/21;17:05:51.254;INFO;Controller;State = Ready;
29/01/21;17:05:51.478;INFO;Server;Command: ExecRobotTask (Load,500000);
29/01/21;17:05:51.478;INFO;Controller;Executing asynchronous activity: ExecRobotTask;
29/01/21;17:05:51.478;INFO;Controller;Status = Executing: Load;
29/01/21;17:05:51.478;INFO;Controller;State = Running;
29/01/21;17:05:52.408;INFO;Robot Runtime;executing:    Load;
29/01/21;17:06:01.536;INFO;Controller;Activity ExecRobotTask ended. Return value: Done False/True/False;
29/01/21;17:06:01.536;INFO;Controller;State = Ready;
29/01/21;17:06:01.551;INFO;Server;Command: ExecRobotTask (Mount,500000);
29/01/21;17:06:01.551;INFO;Controller;Executing asynchronous activity: ExecRobotTask;
29/01/21;17:06:01.551;INFO;Controller;Status = Executing: Mount;
29/01/21;17:06:01.552;INFO;Controller;State = Running;
29/01/21;17:06:02.702;INFO;Robot Runtime;executing:    Mount;
29/01/21;17:06:07.031;INFO;Controller;Activity ExecRobotTask ended. Return value: Done True/False/False;
29/01/21;17:06:07.031;INFO;Controller;State = Ready;
29/01/21;17:06:07.043;INFO;Server;Command: ExecRobotTask (Park,500000);
29/01/21;17:06:07.043;INFO;Controller;Executing asynchronous activity: ExecRobotTask;
29/01/21;17:06:07.043;INFO;Controller;Status = Executing: Park;
29/01/21;17:06:07.043;INFO;Controller;State = Running;
29/01/21;17:06:07.956;INFO;Robot Runtime;executing:    Park;
29/01/21;17:06:09.703;INFO;Controller;Activity ExecRobotTask ended. Return value: Done;
29/01/21;17:06:09.703;INFO;Controller;State = Ready;
29/01/21;17:06:09.713;INFO;Server;Command: ExecRobotTask (UnlatchRobGov,500000);
29/01/21;17:06:09.713;INFO;Controller;Executing asynchronous activity: ExecRobotTask;
29/01/21;17:06:09.714;INFO;Controller;Status = Executing: UnlatchRobGov;
29/01/21;17:06:09.714;INFO;Controller;State = Running;
29/01/21;17:06:10.749;INFO;Robot Runtime;executing:    UnlatchRobGov;
29/01/21;17:06:11.147;INFO;Controller;Activity ExecRobotTask ended. Return value: Done;
29/01/21;17:06:11.147;INFO;Controller;State = Ready;
29/01/21;17:34:58.014;INFO;Server;Command: ExecRobotTask (Unmount,500000);
29/01/21;17:34:58.014;INFO;Controller;Executing asynchronous activity: ExecRobotTask;
29/01/21;17:34:58.014;INFO;Controller;Status = Executing: Unmount;
29/01/21;17:34:58.014;INFO;Controller;State = Running;
29/01/21;17:34:58.904;INFO;Robot Runtime;executing:    Unmount;
29/01/21;17:35:06.294;INFO;Controller;Activity ExecRobotTask ended. Return value: Done False/True/False;
29/01/21;17:35:06.294;INFO;Controller;State = Ready;
29/01/21;17:35:06.312;INFO;Server;Command: ExecRobotTask (Unload,500000);
29/01/21;17:35:06.312;INFO;Controller;Executing asynchronous activity: ExecRobotTask;
29/01/21;17:35:06.312;INFO;Controller;Status = Executing: Unload;
29/01/21;17:35:06.312;INFO;Controller;State = Running;
29/01/21;17:35:07.222;INFO;Robot Runtime;executing:    Unload;
29/01/21;17:35:11.070;INFO;Controller;Activity ExecRobotTask ended. Return value: Done False/False/False;
29/01/21;17:35:11.070;INFO;Controller;State = Ready;
29/01/21;17:35:11.180;INFO;Server;Command: ExecRobotTask (UnlatchRobGov,500000);
29/01/21;17:35:11.180;INFO;Controller;Executing asynchronous activity: ExecRobotTask;
29/01/21;17:35:11.180;INFO;Controller;Status = Executing: UnlatchRobGov;
29/01/21;17:35:11.180;INFO;Controller;State = Running;
29/01/21;17:35:12.056;INFO;Robot Runtime;executing:    UnlatchRobGov;
29/01/21;17:35:12.561;INFO;Controller;Activity ExecRobotTask ended. Return value: Done;
29/01/21;17:35:12.561;INFO;Controller;State = Ready;
29/01/21;17:35:12.576;INFO;Server;Command: ExecRobotTask (Home,500000);
29/01/21;17:35:12.576;INFO;Controller;Executing asynchronous activity: ExecRobotTask;
29/01/21;17:35:12.576;INFO;Controller;Status = Executing: Home;
29/01/21;17:35:12.577;INFO;Controller;State = Running;
29/01/21;17:35:13.454;INFO;Robot Runtime;executing:    Home;
29/01/21;17:35:14.593;INFO;Controller;Activity ExecRobotTask ended. Return value: Done;
29/01/21;17:35:14.594;INFO;Controller;State = Ready;
29/01/21;17:35:14.607;INFO;Server;Command: ExecRobotTask (Finish,500000);
29/01/21;17:35:14.607;INFO;Controller;Executing asynchronous activity: ExecRobotTask;
29/01/21;17:35:14.607;INFO;Controller;Status = Executing: Finish;
29/01/21;17:35:14.607;INFO;Controller;State = Running;
29/01/21;17:35:15.777;INFO;Robot Runtime;executing:    Finish;
29/01/21;17:37:17.103;INFO;Controller;Activity ExecRobotTask ended. Return value: Done;
29/01/21;17:37:17.103;INFO;Controller;State = Ready;
