19/01/21;14:32:25.365;INFO;Interface;Command: Abort;
19/01/21;14:32:25.365;INFO;Robot;Abort;
19/01/21;14:32:27.462;INFO;Interface;Command: Restart;
19/01/21;14:32:27.462;INFO;Controller;State = Initializing;
19/01/21;14:32:27.536;INFO;Controller;Initialized log services - Startup: 04/01/21 15:09:11;
19/01/21;14:32:28.540;INFO;Epics Server;Exiting running thread;
19/01/21;14:32:28.542;INFO;Epics Server;Registered PV: SW:Version;
19/01/21;14:32:28.542;INFO;Epics Server;Registered PV: SW:Status;
19/01/21;14:32:28.542;INFO;Epics Server;Registered PV: SW:Uptime;
19/01/21;14:32:28.542;INFO;Epics Server;Registered PV: SW:LastTaskInfo;
19/01/21;14:32:28.542;INFO;Epics Server;Registered PV: SW:AlarmList;
19/01/21;14:32:28.542;INFO;Epics Server;Registered PV: SW:LocalGuiLockOut;
19/01/21;14:32:28.543;INFO;Epics Server;Registered PV: SW:RobotSpeed;
19/01/21;14:32:28.543;INFO;Epics Server;Registered PV: SW:LastTaskException;
19/01/21;14:32:28.543;INFO;Epics Server;Registered PV: SW:LastTaskOutput;
19/01/21;14:32:28.543;INFO;Epics Server;Registered PV: SW:RobotState;
19/01/21;14:32:28.543;INFO;Epics Server;Registered PV: SW:CartesianPositions;
19/01/21;14:32:28.543;INFO;Epics Server;Registered PV: SW:JointPositions;
19/01/21;14:32:28.543;INFO;Epics Server;Registered PV: SW:State;
19/01/21;14:32:28.543;INFO;Epics Server;Registered PV: SW:abort;
19/01/21;14:32:28.543;INFO;Epics Server;Registered PV: SW:restart;
19/01/21;14:32:28.543;INFO;Epics Server;Registered PV: SW:getTaskInfo;
19/01/21;14:32:28.543;INFO;Epics Server;Registered PV: SW:isTaskRunning;
19/01/21;14:32:28.543;INFO;Epics Server;Registered PV: SW:checkTaskResult;
19/01/21;14:32:28.543;INFO;Epics Server;Registered PV: SW:startTestTask;
19/01/21;14:32:28.543;INFO;Epics Server;Registered PV: SW:pauseRobot;
19/01/21;14:32:28.543;INFO;Epics Server;Registered PV: SW:resumeRobot;
19/01/21;14:32:28.543;INFO;Epics Server;Registered PV: SW:setRobotVariable;
19/01/21;14:32:28.543;INFO;Epics Server;Registered PV: SW:isSampleMounted;
19/01/21;14:32:28.543;INFO;Epics Server;Registered PV: SW:startRobotTask;
19/01/21;14:32:28.543;INFO;Epics Server;Registered PV: SW:getRobotVariable;
19/01/21;14:32:28.543;INFO;Epics Server;Registered PV: SW:getDistance;
19/01/21;14:32:28.543;INFO;Epics Server;Initializing: Channel Access Server in Java v1.1.1;
19/01/21;14:32:28.544;INFO;Epics Server;Started server: ready to accept requests;
19/01/21;14:32:29.158;INFO;Controller;Initializing Robot;
19/01/21;14:32:29.160;INFO;Robot;Setting reference frame to: world;
19/01/21;14:32:29.275;INFO;Controller;Initializing Bus Controller;
19/01/21;14:32:29.275;INFO;Anti-Collision;Active = true;
19/01/21;14:32:29.275;INFO;Controller;State = Starting;
19/01/21;14:32:29.276;INFO;Controller;Command: Reset;
19/01/21;14:32:29.276;INFO;Controller;Executing asynchronous script: ./script/Reset.py;
19/01/21;14:32:29.276;INFO;Controller;Status = Reseting;
19/01/21;14:32:29.276;INFO;Controller;State = Running;
19/01/21;14:32:29.432;INFO;Controller;Script host: localhost:37777;
19/01/21;14:32:29.432;INFO;Script;Starting initialization script;
19/01/21;14:32:29.434;INFO;Script;Do nothing;
19/01/21;14:32:29.434;INFO;Controller;Script ./script/Reset.py ended. Return value: ;
19/01/21;14:32:29.434;INFO;Controller;State = Ready;
19/01/21;14:32:39.838;INFO;Interface;Command: ExecRobotTask (Mount,-1);
19/01/21;14:32:39.839;INFO;Controller;Executing asynchronous activity: ExecRobotTask;
19/01/21;14:32:39.839;INFO;Controller;Status = Executing: Mount;
19/01/21;14:32:39.839;INFO;Controller;State = Running;
19/01/21;14:32:40.783;INFO;Robot Runtime;executing:    Mount;
19/01/21;15:04:00.660;INFO;Interface;Command: Abort;
19/01/21;15:04:00.660;INFO;Robot;Abort;
19/01/21;15:04:00.660;INFO;Controller;Activity ExecRobotTask was stopped;
19/01/21;15:04:00.660;INFO;Controller;State = Ready;
19/01/21;15:04:03.116;INFO;Interface;Command: Restart;
19/01/21;15:04:03.116;INFO;Controller;State = Initializing;
19/01/21;15:04:03.175;INFO;Controller;Initialized log services - Startup: 04/01/21 15:09:11;
19/01/21;15:04:04.179;INFO;Epics Server;Exiting running thread;
19/01/21;15:04:04.188;INFO;Epics Server;Registered PV: SW:Version;
19/01/21;15:04:04.189;INFO;Epics Server;Registered PV: SW:Status;
19/01/21;15:04:04.189;INFO;Epics Server;Registered PV: SW:Uptime;
19/01/21;15:04:04.189;INFO;Epics Server;Registered PV: SW:LastTaskInfo;
19/01/21;15:04:04.189;INFO;Epics Server;Registered PV: SW:AlarmList;
19/01/21;15:04:04.189;INFO;Epics Server;Registered PV: SW:LocalGuiLockOut;
19/01/21;15:04:04.189;INFO;Epics Server;Registered PV: SW:RobotSpeed;
19/01/21;15:04:04.189;INFO;Epics Server;Registered PV: SW:LastTaskException;
19/01/21;15:04:04.189;INFO;Epics Server;Registered PV: SW:LastTaskOutput;
19/01/21;15:04:04.189;INFO;Epics Server;Registered PV: SW:RobotState;
19/01/21;15:04:04.189;INFO;Epics Server;Registered PV: SW:CartesianPositions;
19/01/21;15:04:04.189;INFO;Epics Server;Registered PV: SW:JointPositions;
19/01/21;15:04:04.189;INFO;Epics Server;Registered PV: SW:State;
19/01/21;15:04:04.189;INFO;Epics Server;Registered PV: SW:abort;
19/01/21;15:04:04.189;INFO;Epics Server;Registered PV: SW:restart;
19/01/21;15:04:04.189;INFO;Epics Server;Registered PV: SW:getTaskInfo;
19/01/21;15:04:04.189;INFO;Epics Server;Registered PV: SW:isTaskRunning;
19/01/21;15:04:04.189;INFO;Epics Server;Registered PV: SW:checkTaskResult;
19/01/21;15:04:04.189;INFO;Epics Server;Registered PV: SW:startTestTask;
19/01/21;15:04:04.189;INFO;Epics Server;Registered PV: SW:pauseRobot;
19/01/21;15:04:04.189;INFO;Epics Server;Registered PV: SW:resumeRobot;
19/01/21;15:04:04.189;INFO;Epics Server;Registered PV: SW:setRobotVariable;
19/01/21;15:04:04.189;INFO;Epics Server;Registered PV: SW:isSampleMounted;
19/01/21;15:04:04.189;INFO;Epics Server;Registered PV: SW:startRobotTask;
19/01/21;15:04:04.189;INFO;Epics Server;Registered PV: SW:getRobotVariable;
19/01/21;15:04:04.190;INFO;Epics Server;Registered PV: SW:getDistance;
19/01/21;15:04:04.190;INFO;Epics Server;Initializing: Channel Access Server in Java v1.1.1;
19/01/21;15:04:04.190;INFO;Epics Server;Started server: ready to accept requests;
19/01/21;15:04:04.810;INFO;Controller;Initializing Robot;
19/01/21;15:04:04.813;INFO;Robot;Setting reference frame to: world;
19/01/21;15:04:04.929;INFO;Controller;Initializing Bus Controller;
19/01/21;15:04:04.929;INFO;Anti-Collision;Active = true;
19/01/21;15:04:04.929;INFO;Controller;State = Starting;
19/01/21;15:04:04.930;INFO;Controller;Command: Reset;
19/01/21;15:04:04.930;INFO;Controller;Executing asynchronous script: ./script/Reset.py;
19/01/21;15:04:04.930;INFO;Controller;Status = Reseting;
19/01/21;15:04:04.930;INFO;Controller;State = Running;
19/01/21;15:04:05.098;INFO;Controller;Script host: localhost:42652;
19/01/21;15:04:05.098;INFO;Script;Starting initialization script;
19/01/21;15:04:05.099;INFO;Script;Do nothing;
19/01/21;15:04:05.099;INFO;Controller;Script ./script/Reset.py ended. Return value: ;
19/01/21;15:04:05.099;INFO;Controller;State = Ready;
19/01/21;15:04:26.732;INFO;Interface;Command: ExecRobotTask (initialize,-1);
19/01/21;15:04:26.733;INFO;Controller;Executing asynchronous activity: ExecRobotTask;
19/01/21;15:04:26.733;INFO;Controller;Status = Executing: initialize;
19/01/21;15:04:26.733;INFO;Controller;State = Running;
19/01/21;15:04:27.649;INFO;Robot Runtime;executing:    initialize;
19/01/21;15:04:29.069;INFO;Controller;Activity ExecRobotTask ended. Return value: Done;
19/01/21;15:04:29.069;INFO;Controller;State = Ready;
19/01/21;15:05:24.109;INFO;Interface;Command: ExecRobotTask (mt_dewarcalib,-1);
19/01/21;15:05:24.109;INFO;Controller;Executing asynchronous activity: ExecRobotTask;
19/01/21;15:05:24.109;INFO;Controller;Status = Executing: mt_dewarcalib;
19/01/21;15:05:24.109;INFO;Controller;State = Running;
19/01/21;15:05:25.740;INFO;Robot Runtime;executing:    mt_dewarcalib;
19/01/21;15:05:25.782;INFO;Robot Runtime;0;
19/01/21;15:11:17.777;INFO;Robot Runtime;Puck A Center Adjustment: {-0.02 , -0.024,, ,,};
19/01/21;15:11:17.799;INFO;Robot Runtime;Puck B Center Adjustment: {-0.041, -0.069,, ,,};
19/01/21;15:11:17.820;INFO;Robot Runtime;Puck C Center Adjustment: {-0.083, -0.103,, ,,};
19/01/21;15:11:17.842;INFO;Robot Runtime;Puck A Fx (Min~Max,Ref): -1.274 ~ -0.224, =>-0.422;
19/01/21;15:11:17.864;INFO;Robot Runtime;Puck A Fy (Min~Max,Ref): -1.475 ~ -0.46 , =>-0.559;
19/01/21;15:11:17.885;INFO;Robot Runtime;Puck B Fx (Min~Max,Ref): -1.817 ~ -0.401, =>-0.422;
19/01/21;15:11:17.909;INFO;Robot Runtime;Puck B Fy (Min~Max,Ref): -2.974 ~ -0.437, =>-0.559;
19/01/21;15:11:17.931;INFO;Robot Runtime;Puck C Fx (Min~Max,Ref): -3.304 ~ -0.307, =>-0.422;
19/01/21;15:11:17.953;INFO;Robot Runtime;Puck C Fy (Min~Max,Ref): -3.741 ~ -0.802, =>-0.559;
19/01/21;15:14:55.743;INFO;Robot Runtime;Puck A Center Adjustment: {-0.026, -0.021,, ,,};
19/01/21;15:14:55.764;INFO;Robot Runtime;Puck B Center Adjustment: {-0.011, -0.05 ,, ,,};
19/01/21;15:14:55.789;INFO;Robot Runtime;Puck C Center Adjustment: {-0.035, -0.072,, ,,};
19/01/21;15:14:55.811;INFO;Robot Runtime;Puck A Fx (Min~Max,Ref): -1.097 ~ -0.413, =>-0.323;
19/01/21;15:14:55.833;INFO;Robot Runtime;Puck A Fy (Min~Max,Ref): -1.522 ~ -0.755, =>-0.788;
19/01/21;15:14:55.854;INFO;Robot Runtime;Puck B Fx (Min~Max,Ref): -1.156 ~ 0.13 , =>-0.323;
19/01/21;15:14:55.877;INFO;Robot Runtime;Puck B Fy (Min~Max,Ref): -2.643 ~ -0.602, =>-0.788;
19/01/21;15:14:55.900;INFO;Robot Runtime;Puck C Fx (Min~Max,Ref): -2.348 ~ 0.531, =>-0.323;
19/01/21;15:14:55.922;INFO;Robot Runtime;Puck C Fy (Min~Max,Ref): -3.304 ~ -0.684, =>-0.788;
19/01/21;15:19:14.981;INFO;Robot Runtime;Puck A Center Adjustment: {-0.02 , -0.012,, ,,};
19/01/21;15:19:15.003;INFO;Robot Runtime;Puck B Center Adjustment: {-0.015, -0.033,, ,,};
19/01/21;15:19:15.024;INFO;Robot Runtime;Puck C Center Adjustment: {0.001, -0.058,, ,,};
19/01/21;15:19:15.046;INFO;Robot Runtime;Puck A Fx (Min~Max,Ref): -0.932 ~ 0.024, =>-0.118;
19/01/21;15:19:15.068;INFO;Robot Runtime;Puck A Fy (Min~Max,Ref): -1.865 ~ -1.192, =>-1.326;
19/01/21;15:19:15.089;INFO;Robot Runtime;Puck B Fx (Min~Max,Ref): -0.909 ~ 0.177, =>-0.118;
19/01/21;15:19:15.111;INFO;Robot Runtime;Puck B Fy (Min~Max,Ref): -2.75  ~ -0.991, =>-1.326;
19/01/21;15:19:15.133;INFO;Robot Runtime;Puck C Fx (Min~Max,Ref): -1.322 ~ 1.133, =>-0.118;
19/01/21;15:19:15.157;INFO;Robot Runtime;Puck C Fy (Min~Max,Ref): -3.304 ~ -1.274, =>-1.326;
19/01/21;15:22:46.982;INFO;Robot Runtime;Puck A Center Adjustment: {-0.011, -0.001,, ,,};
19/01/21;15:22:47.003;INFO;Robot Runtime;Puck B Center Adjustment: {-0.005, -0.02 ,, ,,};
19/01/21;15:22:47.025;INFO;Robot Runtime;Puck C Center Adjustment: {0.005, -0.023,, ,,};
19/01/21;15:22:47.046;INFO;Robot Runtime;Puck A Fx (Min~Max,Ref): -0.696 ~ 0.413, =>0.045;
19/01/21;15:22:47.068;INFO;Robot Runtime;Puck A Fy (Min~Max,Ref): -2.03  ~ -1.487, =>-1.742;
19/01/21;15:22:47.091;INFO;Robot Runtime;Puck B Fx (Min~Max,Ref): -0.684 ~ 0.614, =>0.045;
19/01/21;15:22:47.116;INFO;Robot Runtime;Puck B Fy (Min~Max,Ref): -2.868 ~ -1.286, =>-1.742;
19/01/21;15:22:47.138;INFO;Robot Runtime;Puck C Fx (Min~Max,Ref): -1.109 ~ 1.381, =>0.045;
19/01/21;15:22:47.160;INFO;Robot Runtime;Puck C Fy (Min~Max,Ref): -3.009 ~ -1.239, =>-1.742;
19/01/21;15:26:23.484;INFO;Robot Runtime;Puck A Center Adjustment: {-0.007, -0.021,, ,,};
19/01/21;15:26:23.506;INFO;Robot Runtime;Puck B Center Adjustment: {-0.011, -0.013,, ,,};
19/01/21;15:26:23.527;INFO;Robot Runtime;Puck C Center Adjustment: {-0.004, -0.006,, ,,};
19/01/21;15:26:23.549;INFO;Robot Runtime;Puck A Fx (Min~Max,Ref): -0.531 ~ 0.755, =>0.227;
19/01/21;15:26:23.570;INFO;Robot Runtime;Puck A Fy (Min~Max,Ref): -2.927 ~ -1.924, =>-2.082;
19/01/21;15:26:23.592;INFO;Robot Runtime;Puck B Fx (Min~Max,Ref): -0.543 ~ 0.625, =>0.227;
19/01/21;15:26:23.615;INFO;Robot Runtime;Puck B Fy (Min~Max,Ref): -2.927 ~ -1.664, =>-2.082;
19/01/21;15:26:23.636;INFO;Robot Runtime;Puck C Fx (Min~Max,Ref): -0.885 ~ 1.204, =>0.227;
19/01/21;15:26:23.660;INFO;Robot Runtime;Puck C Fy (Min~Max,Ref): -3.009 ~ -1.357, =>-2.082;
19/01/21;15:30:03.236;INFO;Robot Runtime;Puck A Center Adjustment: {-0.004, -0.021,, ,,};
19/01/21;15:30:03.258;INFO;Robot Runtime;Puck B Center Adjustment: {-0.003, -0.015,, ,,};
19/01/21;15:30:03.280;INFO;Robot Runtime;Puck C Center Adjustment: {0.015, -0.004,, ,,};
19/01/21;15:30:03.301;INFO;Robot Runtime;Puck A Fx (Min~Max,Ref): -0.342 ~ 0.956, =>0.366;
19/01/21;15:30:03.322;INFO;Robot Runtime;Puck A Fy (Min~Max,Ref): -3.186 ~ -2.337, =>-2.412;
19/01/21;15:30:03.344;INFO;Robot Runtime;Puck B Fx (Min~Max,Ref): -0.401 ~ 1.027, =>0.366;
19/01/21;15:30:03.366;INFO;Robot Runtime;Puck B Fy (Min~Max,Ref): -3.292 ~ -2.042, =>-2.412;
19/01/21;15:30:03.388;INFO;Robot Runtime;Puck C Fx (Min~Max,Ref): -0.342 ~ 1.558, =>0.366;
19/01/21;15:30:03.409;INFO;Robot Runtime;Puck C Fy (Min~Max,Ref): -3.399 ~ -1.558, =>-2.412;
19/01/21;15:34:11.228;INFO;Robot Runtime;Puck A Center Adjustment: {0.006, -0.012,, ,,};
19/01/21;15:34:11.250;INFO;Robot Runtime;Puck B Center Adjustment: {-0.001, -0.012,, ,,};
19/01/21;15:34:11.271;INFO;Robot Runtime;Puck C Center Adjustment: {0.013, -0.006,, ,,};
19/01/21;15:34:11.292;INFO;Robot Runtime;Puck A Fx (Min~Max,Ref): -0.153 ~ 1.369, =>0.507;
19/01/21;15:34:11.316;INFO;Robot Runtime;Puck A Fy (Min~Max,Ref): -3.127 ~ -2.655, =>-2.693;
19/01/21;15:34:11.338;INFO;Robot Runtime;Puck B Fx (Min~Max,Ref): -0.224 ~ 1.204, =>0.507;
19/01/21;15:34:11.359;INFO;Robot Runtime;Puck B Fy (Min~Max,Ref): -3.446 ~ -2.325, =>-2.693;
19/01/21;15:34:11.381;INFO;Robot Runtime;Puck C Fx (Min~Max,Ref): -0.212 ~ 1.664, =>0.507;
19/01/21;15:34:11.402;INFO;Robot Runtime;Puck C Fy (Min~Max,Ref): -3.458 ~ -2.112, =>-2.693;
19/01/21;15:37:58.982;INFO;Robot Runtime;Puck A Center Adjustment: {0.006, -0.006,, ,,};
19/01/21;15:37:59.004;INFO;Robot Runtime;Puck B Center Adjustment: {-0.007, -0.008,, ,,};
19/01/21;15:37:59.025;INFO;Robot Runtime;Puck C Center Adjustment: {0.007, -0.004,, ,,};
19/01/21;15:37:59.046;INFO;Robot Runtime;Puck A Fx (Min~Max,Ref): -0.071 ~ 1.451, =>0.597;
19/01/21;15:37:59.069;INFO;Robot Runtime;Puck A Fy (Min~Max,Ref): -3.115 ~ -2.738, =>-2.823;
19/01/21;15:37:59.091;INFO;Robot Runtime;Puck B Fx (Min~Max,Ref): -0.271 ~ 1.239, =>0.597;
19/01/21;15:37:59.115;INFO;Robot Runtime;Puck B Fy (Min~Max,Ref): -3.469 ~ -2.455, =>-2.823;
19/01/21;15:37:59.137;INFO;Robot Runtime;Puck C Fx (Min~Max,Ref): -0.177 ~ 1.593, =>0.597;
19/01/21;15:37:59.160;INFO;Robot Runtime;Puck C Fy (Min~Max,Ref): -3.564 ~ -2.219, =>-2.823;
19/01/21;15:42:09.224;INFO;Robot Runtime;Puck A Center Adjustment: {0.032, -0.021,, ,,};
19/01/21;15:42:09.246;INFO;Robot Runtime;Puck B Center Adjustment: {-0.005, -0.046,, ,,};
19/01/21;15:42:09.267;INFO;Robot Runtime;Puck C Center Adjustment: {-0.002, -0.014,, ,,};
19/01/21;15:42:09.288;INFO;Robot Runtime;Puck A Fx (Min~Max,Ref): 0.047 ~ 2.313, =>0.649;
19/01/21;15:42:09.312;INFO;Robot Runtime;Puck A Fy (Min~Max,Ref): -3.611 ~ -2.856, =>-2.886;
19/01/21;15:42:09.334;INFO;Robot Runtime;Puck B Fx (Min~Max,Ref): -0.236 ~ 1.381, =>0.649;
19/01/21;15:42:09.356;INFO;Robot Runtime;Puck B Fy (Min~Max,Ref): -4.508 ~ -2.797, =>-2.886;
19/01/21;15:42:09.378;INFO;Robot Runtime;Puck C Fx (Min~Max,Ref): -0.059 ~ 1.298, =>0.649;
19/01/21;15:42:09.400;INFO;Robot Runtime;Puck C Fy (Min~Max,Ref): -3.493 ~ -2.75 , =>-2.886;
19/01/21;15:45:42.473;INFO;Robot Runtime;Puck A Center Adjustment: {0.016, -0.009,, ,,};
19/01/21;15:45:42.494;INFO;Robot Runtime;Puck B Center Adjustment: {-0.011, -0.036,, ,,};
19/01/21;15:45:42.518;INFO;Robot Runtime;Puck C Center Adjustment: {-0.008, -0.012,, ,,};
19/01/21;15:45:42.539;INFO;Robot Runtime;Puck A Fx (Min~Max,Ref): 0.059 ~ 1.853, =>0.689;
19/01/21;15:45:42.562;INFO;Robot Runtime;Puck A Fy (Min~Max,Ref): -3.34  ~ -2.797, =>-2.912;
19/01/21;15:45:42.583;INFO;Robot Runtime;Puck B Fx (Min~Max,Ref): -0.13  ~ 1.145, =>0.689;
19/01/21;15:45:42.604;INFO;Robot Runtime;Puck B Fy (Min~Max,Ref): -4.284 ~ -2.726, =>-2.912;
19/01/21;15:45:42.626;INFO;Robot Runtime;Puck C Fx (Min~Max,Ref): -0.071 ~ 1.168, =>0.689;
19/01/21;15:45:42.648;INFO;Robot Runtime;Puck C Fy (Min~Max,Ref): -3.469 ~ -2.75 , =>-2.912;
19/01/21;15:49:15.481;INFO;Robot Runtime;Puck A Center Adjustment: {0.004, -0.004,, ,,};
19/01/21;15:49:15.504;INFO;Robot Runtime;Puck B Center Adjustment: {-0.012, -0.024,, ,,};
19/01/21;15:49:15.528;INFO;Robot Runtime;Puck C Center Adjustment: {-0.003, -0.012,, ,,};
19/01/21;15:49:15.550;INFO;Robot Runtime;Puck A Fx (Min~Max,Ref): 0.142 ~ 1.463, =>0.741;
19/01/21;15:49:15.572;INFO;Robot Runtime;Puck A Fy (Min~Max,Ref): -3.281 ~ -2.832, =>-2.993;
19/01/21;15:49:15.594;INFO;Robot Runtime;Puck B Fx (Min~Max,Ref): -0.059 ~ 1.133, =>0.741;
19/01/21;15:49:15.615;INFO;Robot Runtime;Puck B Fy (Min~Max,Ref): -4.142 ~ -2.655, =>-2.993;
19/01/21;15:49:15.636;INFO;Robot Runtime;Puck C Fx (Min~Max,Ref): 0.012 ~ 1.369, =>0.741;
19/01/21;15:49:15.658;INFO;Robot Runtime;Puck C Fy (Min~Max,Ref): -3.505 ~ -2.879, =>-2.993;
19/01/21;15:53:51.967;INFO;Robot Runtime;Puck A Center Adjustment: {0.003, -0.005,, ,,};
19/01/21;15:53:51.989;INFO;Robot Runtime;Puck B Center Adjustment: {-0.003, -0.013,, ,,};
19/01/21;15:53:52.010;INFO;Robot Runtime;Puck C Center Adjustment: {-0.007, 0    ,, ,,};
19/01/21;15:53:52.031;INFO;Robot Runtime;Puck A Fx (Min~Max,Ref): 0.224 ~ 1.581, =>0.852;
19/01/21;15:53:52.053;INFO;Robot Runtime;Puck A Fy (Min~Max,Ref): -3.481 ~ -2.986, =>-3.155;
19/01/21;15:53:52.075;INFO;Robot Runtime;Puck B Fx (Min~Max,Ref): 0.106 ~ 1.499, =>0.852;
19/01/21;15:53:52.097;INFO;Robot Runtime;Puck B Fy (Min~Max,Ref): -4.012 ~ -2.738, =>-3.155;
19/01/21;15:53:52.118;INFO;Robot Runtime;Puck C Fx (Min~Max,Ref): 0.047 ~ 1.416, =>0.852;
19/01/21;15:53:52.139;INFO;Robot Runtime;Puck C Fy (Min~Max,Ref): -3.446 ~ -2.856, =>-3.155;
19/01/21;15:58:01.722;INFO;Robot Runtime;Puck A Center Adjustment: {0.004, -0.015,, ,,};
19/01/21;15:58:01.743;INFO;Robot Runtime;Puck B Center Adjustment: {0.002, 0    ,, ,,};
19/01/21;15:58:01.766;INFO;Robot Runtime;Puck C Center Adjustment: {0.004, 0.002,, ,,};
19/01/21;15:58:01.787;INFO;Robot Runtime;Puck A Fx (Min~Max,Ref): 0.271 ~ 1.628, =>0.883;
19/01/21;15:58:01.808;INFO;Robot Runtime;Puck A Fy (Min~Max,Ref): -3.753 ~ -3.127, =>-3.193;
19/01/21;15:58:01.832;INFO;Robot Runtime;Puck B Fx (Min~Max,Ref): 0.106 ~ 1.735, =>0.883;
19/01/21;15:58:01.854;INFO;Robot Runtime;Puck B Fy (Min~Max,Ref): -3.694 ~ -2.679, =>-3.193;
19/01/21;15:58:01.875;INFO;Robot Runtime;Puck C Fx (Min~Max,Ref): 0.153 ~ 1.758, =>0.883;
19/01/21;15:58:01.897;INFO;Robot Runtime;Puck C Fy (Min~Max,Ref): -3.517 ~ -2.809, =>-3.193;
19/01/21;16:00:50.127;INFO;Controller;Activity ExecRobotTask ended. Return value: ;
19/01/21;16:00:50.128;INFO;Controller;State = Ready;
19/01/21;16:01:13.180;INFO;Interface;Command: ExecRobotTask (enabletscreen,-1);
19/01/21;16:01:13.180;INFO;Controller;Executing asynchronous activity: ExecRobotTask;
19/01/21;16:01:13.180;INFO;Controller;Status = Executing: enabletscreen;
19/01/21;16:01:13.180;INFO;Controller;State = Running;
19/01/21;16:01:13.265;INFO;Robot Runtime;executing:    enabletscreen;
19/01/21;16:01:13.541;INFO;Controller;Activity ExecRobotTask ended. Return value: Done;
19/01/21;16:01:13.542;INFO;Controller;State = Ready;
19/01/21;16:08:17.038;INFO;Interface;Command: ExecRobotTask (initialize,-1);
19/01/21;16:08:17.039;INFO;Controller;Executing asynchronous activity: ExecRobotTask;
19/01/21;16:08:17.039;INFO;Controller;Status = Executing: initialize;
19/01/21;16:08:17.039;INFO;Controller;State = Running;
19/01/21;16:08:17.149;INFO;Robot Runtime;executing:    initialize;
19/01/21;16:08:18.443;INFO;Controller;Activity ExecRobotTask ended. Return value: Done;
19/01/21;16:08:18.444;INFO;Controller;State = Ready;
19/01/21;16:08:35.902;INFO;Interface;Command: ExecRobotTask (mt_dewarcalib,-1);
19/01/21;16:08:35.902;INFO;Controller;Executing asynchronous activity: ExecRobotTask;
19/01/21;16:08:35.902;INFO;Controller;Status = Executing: mt_dewarcalib;
19/01/21;16:08:35.902;INFO;Controller;State = Running;
19/01/21;16:08:35.944;INFO;Robot Runtime;executing:    mt_dewarcalib;
19/01/21;16:08:35.988;INFO;Robot Runtime;0;
19/01/21;16:12:24.965;INFO;Robot Runtime;Puck A Center Adjustment: {-0.005, -0.068,, ,,};
19/01/21;16:12:24.988;INFO;Robot Runtime;Puck B Center Adjustment: {-0.05 , -0.04 ,, ,,};
19/01/21;16:12:25.009;INFO;Robot Runtime;Puck C Center Adjustment: {0.017, 0    ,, ,,};
19/01/21;16:12:25.031;INFO;Robot Runtime;Puck A Fx (Min~Max,Ref): 0.142 ~ 1.51 , =>0.906;
19/01/21;16:12:25.052;INFO;Robot Runtime;Puck A Fy (Min~Max,Ref): -5.11  ~ -3.009, =>-2.931;
19/01/21;16:12:25.075;INFO;Robot Runtime;Puck B Fx (Min~Max,Ref): -0.566 ~ 0.696, =>0.906;
19/01/21;16:12:25.096;INFO;Robot Runtime;Puck B Fy (Min~Max,Ref): -4.201 ~ -2.986, =>-2.931;
19/01/21;16:12:25.118;INFO;Robot Runtime;Puck C Fx (Min~Max,Ref): 0.342 ~ 2.03 , =>0.906;
19/01/21;16:12:25.141;INFO;Robot Runtime;Puck C Fy (Min~Max,Ref): -3.198 ~ -2.655, =>-2.931;
19/01/21;16:17:07.713;INFO;Robot Runtime;Puck A Center Adjustment: {-0.003, -0.016,, ,,};
19/01/21;16:17:07.735;INFO;Robot Runtime;Puck B Center Adjustment: {-0.024, -0.013,, ,,};
19/01/21;16:17:07.757;INFO;Robot Runtime;Puck C Center Adjustment: {0.009, -0.008,, ,,};
19/01/21;16:17:07.781;INFO;Robot Runtime;Puck A Fx (Min~Max,Ref): 0.319 ~ 1.392, =>0.906;
19/01/21;16:17:07.803;INFO;Robot Runtime;Puck A Fy (Min~Max,Ref): -3.505 ~ -2.773, =>-2.879;
19/01/21;16:17:07.824;INFO;Robot Runtime;Puck B Fx (Min~Max,Ref): 0.177 ~ 0.85 , =>0.906;
19/01/21;16:17:07.845;INFO;Robot Runtime;Puck B Fy (Min~Max,Ref): -3.493 ~ -2.702, =>-2.879;
19/01/21;16:17:07.868;INFO;Robot Runtime;Puck C Fx (Min~Max,Ref): 0.271 ~ 1.853, =>0.906;
19/01/21;16:17:07.889;INFO;Robot Runtime;Puck C Fy (Min~Max,Ref): -3.257 ~ -2.785, =>-2.879;
19/01/21;16:20:50.221;INFO;Robot Runtime;Puck A Center Adjustment: {0.005, -0.005,, ,,};
19/01/21;16:20:50.244;INFO;Robot Runtime;Puck B Center Adjustment: {-0.02 , -0.01 ,, ,,};
19/01/21;16:20:50.266;INFO;Robot Runtime;Puck C Center Adjustment: {0.009, -0.001,, ,,};
19/01/21;16:20:50.288;INFO;Robot Runtime;Puck A Fx (Min~Max,Ref): 0.354 ~ 1.676, =>0.937;
19/01/21;16:20:50.310;INFO;Robot Runtime;Puck A Fy (Min~Max,Ref): -3.304 ~ -2.785, =>-2.957;
19/01/21;16:20:50.332;INFO;Robot Runtime;Puck B Fx (Min~Max,Ref): 0.224 ~ 0.979, =>0.937;
19/01/21;16:20:50.353;INFO;Robot Runtime;Puck B Fy (Min~Max,Ref): -3.458 ~ -2.785, =>-2.957;
19/01/21;16:20:50.375;INFO;Robot Runtime;Puck C Fx (Min~Max,Ref): 0.307 ~ 1.865, =>0.937;
19/01/21;16:20:50.397;INFO;Robot Runtime;Puck C Fy (Min~Max,Ref): -3.281 ~ -2.667, =>-2.957;
19/01/21;16:24:43.718;INFO;Robot Runtime;Puck A Center Adjustment: {0.003, -0.01 ,, ,,};
19/01/21;16:24:43.741;INFO;Robot Runtime;Puck B Center Adjustment: {-0.014, -0.011,, ,,};
19/01/21;16:24:43.762;INFO;Robot Runtime;Puck C Center Adjustment: {0.008, -0.005,, ,,};
19/01/21;16:24:43.784;INFO;Robot Runtime;Puck A Fx (Min~Max,Ref): 0.401 ~ 1.699, =>1.001;
19/01/21;16:24:43.808;INFO;Robot Runtime;Puck A Fy (Min~Max,Ref): -3.576 ~ -2.938, =>-3.085;
19/01/21;16:24:43.829;INFO;Robot Runtime;Puck B Fx (Min~Max,Ref): 0.283 ~ 1.263, =>1.001;
19/01/21;16:24:43.852;INFO;Robot Runtime;Puck B Fy (Min~Max,Ref): -3.623 ~ -2.915, =>-3.085;
19/01/21;16:24:43.873;INFO;Robot Runtime;Puck C Fx (Min~Max,Ref): 0.295 ~ 1.983, =>1.001;
19/01/21;16:24:43.894;INFO;Robot Runtime;Puck C Fy (Min~Max,Ref): -3.399 ~ -2.927, =>-3.085;
19/01/21;16:29:36.213;INFO;Robot Runtime;Puck A Center Adjustment: {0.069, -0.066,, ,,};
19/01/21;16:29:36.235;INFO;Robot Runtime;Puck B Center Adjustment: {0.099, -0.042,, ,,};
19/01/21;16:29:36.257;INFO;Robot Runtime;Puck C Center Adjustment: {-0.014, -0.018,, ,,};
19/01/21;16:29:36.278;INFO;Robot Runtime;Puck A Fx (Min~Max,Ref): 1.05  ~ 3.375, =>1.057;
19/01/21;16:29:36.300;INFO;Robot Runtime;Puck A Fy (Min~Max,Ref): -5.369 ~ -3.245, =>-3.2  ;
19/01/21;16:29:36.322;INFO;Robot Runtime;Puck B Fx (Min~Max,Ref): 1.286 ~ 4.13 , =>1.057;
19/01/21;16:29:36.345;INFO;Robot Runtime;Puck B Fy (Min~Max,Ref): -4.944 ~ -2.856, =>-3.2  ;
19/01/21;16:29:36.366;INFO;Robot Runtime;Puck C Fx (Min~Max,Ref): 0.401 ~ 1.239, =>1.057;
19/01/21;16:29:36.389;INFO;Robot Runtime;Puck C Fy (Min~Max,Ref): -4.13  ~ -2.856, =>-3.2  ;
19/01/21;16:33:15.211;INFO;Robot Runtime;Puck A Center Adjustment: {0.026, -0.038,, ,,};
19/01/21;16:33:15.233;INFO;Robot Runtime;Puck B Center Adjustment: {0.024, -0.033,, ,,};
19/01/21;16:33:15.255;INFO;Robot Runtime;Puck C Center Adjustment: {-0.004, -0.01 ,, ,,};
19/01/21;16:33:15.277;INFO;Robot Runtime;Puck A Fx (Min~Max,Ref): 0.708 ~ 2.325, =>1.076;
19/01/21;16:33:15.298;INFO;Robot Runtime;Puck A Fy (Min~Max,Ref): -4.543 ~ -3.139, =>-3.203;
19/01/21;16:33:15.319;INFO;Robot Runtime;Puck B Fx (Min~Max,Ref): 0.543 ~ 2.407, =>1.076;
19/01/21;16:33:15.343;INFO;Robot Runtime;Puck B Fy (Min~Max,Ref): -4.614 ~ -2.891, =>-3.203;
19/01/21;16:33:15.365;INFO;Robot Runtime;Puck C Fx (Min~Max,Ref): 0.33  ~ 1.699, =>1.076;
19/01/21;16:33:15.387;INFO;Robot Runtime;Puck C Fy (Min~Max,Ref): -4.083 ~ -2.667, =>-3.203;
19/01/21;16:37:17.961;INFO;Robot Runtime;Puck A Center Adjustment: {0.009, -0.017,, ,,};
19/01/21;16:37:17.983;INFO;Robot Runtime;Puck B Center Adjustment: {0.007, -0.013,, ,,};
19/01/21;16:37:18.004;INFO;Robot Runtime;Puck C Center Adjustment: {-0.011, -0.013,, ,,};
19/01/21;16:37:18.027;INFO;Robot Runtime;Puck A Fx (Min~Max,Ref): 0.637 ~ 1.9  , =>1.114;
19/01/21;16:37:18.048;INFO;Robot Runtime;Puck A Fy (Min~Max,Ref): -3.906 ~ -3.127, =>-3.24 ;
19/01/21;16:37:18.070;INFO;Robot Runtime;Puck B Fx (Min~Max,Ref): 0.543 ~ 1.912, =>1.114;
19/01/21;16:37:18.091;INFO;Robot Runtime;Puck B Fy (Min~Max,Ref): -4.343 ~ -2.584, =>-3.24 ;
19/01/21;16:37:18.113;INFO;Robot Runtime;Puck C Fx (Min~Max,Ref): 0.224 ~ 1.652, =>1.114;
19/01/21;16:37:18.136;INFO;Robot Runtime;Puck C Fy (Min~Max,Ref): -4.201 ~ -2.714, =>-3.24 ;
19/01/21;16:41:33.958;INFO;Robot Runtime;Puck A Center Adjustment: {0.002, -0.014,, ,,};
19/01/21;16:41:33.979;INFO;Robot Runtime;Puck B Center Adjustment: {0.005, -0.008,, ,,};
19/01/21;16:41:34.002;INFO;Robot Runtime;Puck C Center Adjustment: {0.003, 0.009,, ,,};
19/01/21;16:41:34.024;INFO;Robot Runtime;Puck A Fx (Min~Max,Ref): 0.649 ~ 1.746, =>1.168;
19/01/21;16:41:34.046;INFO;Robot Runtime;Puck A Fy (Min~Max,Ref): -4     ~ -3.151, =>-3.349;
19/01/21;16:41:34.069;INFO;Robot Runtime;Puck B Fx (Min~Max,Ref): 0.531 ~ 1.959, =>1.168;
19/01/21;16:41:34.091;INFO;Robot Runtime;Puck B Fy (Min~Max,Ref): -4.307 ~ -2.667, =>-3.349;
19/01/21;16:41:34.114;INFO;Robot Runtime;Puck C Fx (Min~Max,Ref): 0.425 ~ 2.006, =>1.168;
19/01/21;16:41:34.137;INFO;Robot Runtime;Puck C Fy (Min~Max,Ref): -3.906 ~ -2.502, =>-3.349;
19/01/21;16:44:05.747;INFO;Controller;Activity ExecRobotTask ended. Return value: ;
19/01/21;16:44:05.747;INFO;Controller;State = Ready;
19/01/21;16:44:22.074;INFO;Interface;Command: ExecRobotTask (enabletscreen,-1);
19/01/21;16:44:22.074;INFO;Controller;Executing asynchronous activity: ExecRobotTask;
19/01/21;16:44:22.074;INFO;Controller;Status = Executing: enabletscreen;
19/01/21;16:44:22.074;INFO;Controller;State = Running;
19/01/21;16:44:22.160;INFO;Robot Runtime;executing:    enabletscreen;
19/01/21;16:44:22.307;INFO;Controller;Activity ExecRobotTask ended. Return value: Done;
19/01/21;16:44:22.307;INFO;Controller;State = Ready;
19/01/21;16:52:26.133;INFO;Interface;Command: ExecRobotTask (mt_dewarcalib,-1);
19/01/21;16:52:26.134;INFO;Controller;Executing asynchronous activity: ExecRobotTask;
19/01/21;16:52:26.134;INFO;Controller;Status = Executing: mt_dewarcalib;
19/01/21;16:52:26.134;INFO;Controller;State = Running;
19/01/21;16:52:26.176;INFO;Robot Runtime;executing:    mt_dewarcalib;
19/01/21;16:52:26.220;INFO;Robot Runtime;0;
19/01/21;16:56:01.450;INFO;Robot Runtime;Puck A Center Adjustment: {0.043, -0.038,, ,,};
19/01/21;16:56:01.472;INFO;Robot Runtime;Puck B Center Adjustment: {0.021, -0.032,, ,,};
19/01/21;16:56:01.493;INFO;Robot Runtime;Puck C Center Adjustment: {-0.024, 0.022,, ,,};
19/01/21;16:56:01.514;INFO;Robot Runtime;Puck A Fx (Min~Max,Ref): 0.684 ~ 2.95 , =>1.093;
19/01/21;16:56:01.537;INFO;Robot Runtime;Puck A Fy (Min~Max,Ref): -4.756 ~ -2.702, =>-3.096;
19/01/21;16:56:01.560;INFO;Robot Runtime;Puck B Fx (Min~Max,Ref): 0.59  ~ 2.301, =>1.093;
19/01/21;16:56:01.582;INFO;Robot Runtime;Puck B Fy (Min~Max,Ref): -4.425 ~ -2.832, =>-3.096;
19/01/21;16:56:01.604;INFO;Robot Runtime;Puck C Fx (Min~Max,Ref): -0.012 ~ 1.381, =>1.093;
19/01/21;16:56:01.625;INFO;Robot Runtime;Puck C Fy (Min~Max,Ref): -3.269 ~ -2.183, =>-3.096;
19/01/21;17:00:33.698;INFO;Robot Runtime;Puck A Center Adjustment: {0.017, -0.016,, ,,};
19/01/21;17:00:33.720;INFO;Robot Runtime;Puck B Center Adjustment: {0.002, -0.005,, ,,};
19/01/21;17:00:33.742;INFO;Robot Runtime;Puck C Center Adjustment: {-0.009, 0.003,, ,,};
19/01/21;17:00:33.764;INFO;Robot Runtime;Puck A Fx (Min~Max,Ref): 0.531 ~ 2.148, =>1.057;
19/01/21;17:00:33.785;INFO;Robot Runtime;Puck A Fy (Min~Max,Ref): -4.059 ~ -2.49 , =>-3.012;
19/01/21;17:00:33.808;INFO;Robot Runtime;Puck B Fx (Min~Max,Ref): 0.425 ~ 1.77 , =>1.057;
19/01/21;17:00:33.830;INFO;Robot Runtime;Puck B Fy (Min~Max,Ref): -3.788 ~ -2.396, =>-3.012;
19/01/21;17:00:33.852;INFO;Robot Runtime;Puck C Fx (Min~Max,Ref): 0.425 ~ 1.392, =>1.057;
19/01/21;17:00:33.873;INFO;Robot Runtime;Puck C Fy (Min~Max,Ref): -3.387 ~ -2.537, =>-3.012;
19/01/21;17:04:08.706;INFO;Robot Runtime;Puck A Center Adjustment: {0.005, -0.01 ,, ,,};
19/01/21;17:04:08.729;INFO;Robot Runtime;Puck B Center Adjustment: {-0.001, -0.008,, ,,};
19/01/21;17:04:08.752;INFO;Robot Runtime;Puck C Center Adjustment: {-0.002, 0.011,, ,,};
19/01/21;17:04:08.773;INFO;Robot Runtime;Puck A Fx (Min~Max,Ref): 0.354 ~ 1.888, =>1.046;
19/01/21;17:04:08.796;INFO;Robot Runtime;Puck A Fy (Min~Max,Ref): -3.953 ~ -2.514, =>-3.059;
19/01/21;17:04:08.817;INFO;Robot Runtime;Puck B Fx (Min~Max,Ref): 0.507 ~ 1.558, =>1.046;
19/01/21;17:04:08.839;INFO;Robot Runtime;Puck B Fy (Min~Max,Ref): -3.776 ~ -2.596, =>-3.059;
19/01/21;17:04:08.861;INFO;Robot Runtime;Puck C Fx (Min~Max,Ref): 0.378 ~ 1.64 , =>1.046;
19/01/21;17:04:08.882;INFO;Robot Runtime;Puck C Fy (Min~Max,Ref): -3.363 ~ -2.396, =>-3.059;
19/01/21;17:09:11.197;INFO;Robot Runtime;Puck A Center Adjustment: {-0.012, 0.003,, ,,};
19/01/21;17:09:11.218;INFO;Robot Runtime;Puck B Center Adjustment: {0.026, -0.03 ,, ,,};
19/01/21;17:09:11.240;INFO;Robot Runtime;Puck C Center Adjustment: {-0.02 , -0.005,, ,,};
19/01/21;17:09:11.264;INFO;Robot Runtime;Puck A Fx (Min~Max,Ref): 0.566 ~ 1.18 , =>1.081;
19/01/21;17:09:11.286;INFO;Robot Runtime;Puck A Fy (Min~Max,Ref): -3.564 ~ -2.691, =>-3.184;
19/01/21;17:09:11.309;INFO;Robot Runtime;Puck B Fx (Min~Max,Ref): 0.602 ~ 2.419, =>1.081;
19/01/21;17:09:11.331;INFO;Robot Runtime;Puck B Fy (Min~Max,Ref): -4.626 ~ -2.726, =>-3.184;
19/01/21;17:09:11.354;INFO;Robot Runtime;Puck C Fx (Min~Max,Ref): 0.307 ~ 1.192, =>1.081;
19/01/21;17:09:11.375;INFO;Robot Runtime;Puck C Fy (Min~Max,Ref): -3.953 ~ -2.584, =>-3.184;
19/01/21;17:13:04.189;INFO;Robot Runtime;Puck A Center Adjustment: {-0.009, -0.008,, ,,};
19/01/21;17:13:04.212;INFO;Robot Runtime;Puck B Center Adjustment: {0.034, -0.015,, ,,};
19/01/21;17:13:04.233;INFO;Robot Runtime;Puck C Center Adjustment: {-0.015, 0.001,, ,,};
19/01/21;17:13:04.254;INFO;Robot Runtime;Puck A Fx (Min~Max,Ref): 0.566 ~ 1.357, =>1.105;
19/01/21;17:13:04.276;INFO;Robot Runtime;Puck A Fy (Min~Max,Ref): -3.906 ~ -2.773, =>-3.21 ;
19/01/21;17:13:04.298;INFO;Robot Runtime;Puck B Fx (Min~Max,Ref): 0.578 ~ 2.761, =>1.105;
19/01/21;17:13:04.320;INFO;Robot Runtime;Puck B Fy (Min~Max,Ref): -4.213 ~ -2.702, =>-3.21 ;
19/01/21;17:13:04.341;INFO;Robot Runtime;Puck C Fx (Min~Max,Ref): 0.425 ~ 1.298, =>1.105;
19/01/21;17:13:04.364;INFO;Robot Runtime;Puck C Fy (Min~Max,Ref): -3.835 ~ -2.561, =>-3.21 ;
19/01/21;17:16:49.697;INFO;Robot Runtime;Puck A Center Adjustment: {-0.009, 0.001,, ,,};
19/01/21;17:16:49.719;INFO;Robot Runtime;Puck B Center Adjustment: {0.015, -0.005,, ,,};
19/01/21;17:16:49.740;INFO;Robot Runtime;Puck C Center Adjustment: {0.003, -0.005,, ,,};
19/01/21;17:16:49.761;INFO;Robot Runtime;Puck A Fx (Min~Max,Ref): 0.602 ~ 1.357, =>1.123;
19/01/21;17:16:49.784;INFO;Robot Runtime;Puck A Fy (Min~Max,Ref): -3.776 ~ -2.702, =>-3.25 ;
19/01/21;17:16:49.806;INFO;Robot Runtime;Puck B Fx (Min~Max,Ref): 0.507 ~ 2.254, =>1.123;
19/01/21;17:16:49.828;INFO;Robot Runtime;Puck B Fy (Min~Max,Ref): -4.048 ~ -2.62 , =>-3.25 ;
19/01/21;17:16:49.852;INFO;Robot Runtime;Puck C Fx (Min~Max,Ref): 0.46  ~ 1.876, =>1.123;
19/01/21;17:16:49.874;INFO;Robot Runtime;Puck C Fy (Min~Max,Ref): -4.036 ~ -2.62 , =>-3.25 ;
19/01/21;17:20:31.941;INFO;Robot Runtime;Puck A Center Adjustment: {-0.006, 0.002,, ,,};
19/01/21;17:20:31.962;INFO;Robot Runtime;Puck B Center Adjustment: {0.013, -0.006,, ,,};
19/01/21;17:20:31.985;INFO;Robot Runtime;Puck C Center Adjustment: {-0.001, -0.001,, ,,};
19/01/21;17:20:32.007;INFO;Robot Runtime;Puck A Fx (Min~Max,Ref): 0.637 ~ 1.463, =>1.142;
19/01/21;17:20:32.028;INFO;Robot Runtime;Puck A Fy (Min~Max,Ref): -3.764 ~ -2.726, =>-3.283;
19/01/21;17:20:32.050;INFO;Robot Runtime;Puck B Fx (Min~Max,Ref): 0.46  ~ 2.254, =>1.142;
19/01/21;17:20:32.071;INFO;Robot Runtime;Puck B Fy (Min~Max,Ref): -4.118 ~ -2.632, =>-3.283;
19/01/21;17:20:32.093;INFO;Robot Runtime;Puck C Fx (Min~Max,Ref): 0.484 ~ 1.782, =>1.142;
19/01/21;17:20:32.115;INFO;Robot Runtime;Puck C Fy (Min~Max,Ref): -3.965 ~ -2.643, =>-3.283;
19/01/21;17:21:36.516;INFO;Controller;Activity ExecRobotTask ended. Return value: ;
19/01/21;17:21:36.516;INFO;Controller;State = Ready;
19/01/21;17:23:05.632;INFO;Interface;Command: ExecRobotTask (enabletscreen,-1);
19/01/21;17:23:05.632;INFO;Controller;Executing asynchronous activity: ExecRobotTask;
19/01/21;17:23:05.632;INFO;Controller;Status = Executing: enabletscreen;
19/01/21;17:23:05.632;INFO;Controller;State = Running;
19/01/21;17:23:05.716;INFO;Robot Runtime;executing:    enabletscreen;
19/01/21;17:23:06.060;INFO;Controller;Activity ExecRobotTask ended. Return value: Done;
19/01/21;17:23:06.061;INFO;Controller;State = Ready;
19/01/21;17:27:40.803;INFO;Interface;Command: ExecRobotTask (mt_dewarcalib,-1);
19/01/21;17:27:40.818;INFO;Controller;Executing asynchronous activity: ExecRobotTask;
19/01/21;17:27:40.818;INFO;Controller;Status = Executing: mt_dewarcalib;
19/01/21;17:27:40.818;INFO;Controller;State = Running;
19/01/21;17:27:40.904;INFO;Robot Runtime;executing:    mt_dewarcalib;
19/01/21;17:27:40.950;INFO;Robot Runtime;0;
19/01/21;17:31:19.188;INFO;Robot Runtime;Puck A Center Adjustment: {0.067, 0.001,, ,,};
19/01/21;17:31:19.209;INFO;Robot Runtime;Puck B Center Adjustment: {0.096, 0.058,, ,,};
19/01/21;17:31:19.231;INFO;Robot Runtime;Puck C Center Adjustment: {0.038, 0.08 ,, ,,};
19/01/21;17:31:19.252;INFO;Robot Runtime;Puck A Fx (Min~Max,Ref): 1.31  ~ 3.245, =>1.154;
19/01/21;17:31:19.274;INFO;Robot Runtime;Puck A Fy (Min~Max,Ref): -3.776 ~ -2.809, =>-3.304;
19/01/21;17:31:19.297;INFO;Robot Runtime;Puck B Fx (Min~Max,Ref): 1.038 ~ 4.461, =>1.154;
19/01/21;17:31:19.319;INFO;Robot Runtime;Puck B Fy (Min~Max,Ref): -3.104 ~ -1.581, =>-3.304;
19/01/21;17:31:19.342;INFO;Robot Runtime;Puck C Fx (Min~Max,Ref): 0.661 ~ 2.903, =>1.154;
19/01/21;17:31:19.363;INFO;Robot Runtime;Puck C Fy (Min~Max,Ref): -2.903 ~ -1.027, =>-3.304;
19/01/21;17:34:58.434;INFO;Robot Runtime;Puck A Center Adjustment: {0.015, 0.004,, ,,};
19/01/21;17:34:58.455;INFO;Robot Runtime;Puck B Center Adjustment: {0.037, 0.016,, ,,};
19/01/21;17:34:58.477;INFO;Robot Runtime;Puck C Center Adjustment: {0.02 , 0.053,, ,,};
19/01/21;17:34:58.498;INFO;Robot Runtime;Puck A Fx (Min~Max,Ref): 0.673 ~ 1.994, =>1.09 ;
19/01/21;17:34:58.520;INFO;Robot Runtime;Puck A Fy (Min~Max,Ref): -3.611 ~ -2.643, =>-3.186;
19/01/21;17:34:58.542;INFO;Robot Runtime;Puck B Fx (Min~Max,Ref): 0.614 ~ 2.809, =>1.09 ;
19/01/21;17:34:58.565;INFO;Robot Runtime;Puck B Fy (Min~Max,Ref): -3.552 ~ -2.289, =>-3.186;
19/01/21;17:34:58.587;INFO;Robot Runtime;Puck C Fx (Min~Max,Ref): 0.602 ~ 2.23 , =>1.09 ;
19/01/21;17:34:58.608;INFO;Robot Runtime;Puck C Fy (Min~Max,Ref): -3.068 ~ -1.546, =>-3.186;
19/01/21;17:39:45.940;INFO;Robot Runtime;Puck A Center Adjustment: {0.011, 0.006,, ,,};
19/01/21;17:39:45.962;INFO;Robot Runtime;Puck B Center Adjustment: {0.033, 0.006,, ,,};
19/01/21;17:39:45.983;INFO;Robot Runtime;Puck C Center Adjustment: {-0.003, 0.021,, ,,};
19/01/21;17:39:46.004;INFO;Robot Runtime;Puck A Fx (Min~Max,Ref): 0.696 ~ 1.924, =>1.131;
19/01/21;17:39:46.026;INFO;Robot Runtime;Puck A Fy (Min~Max,Ref): -3.635 ~ -2.726, =>-3.274;
19/01/21;17:39:46.047;INFO;Robot Runtime;Puck B Fx (Min~Max,Ref): 0.625 ~ 2.726, =>1.131;
19/01/21;17:39:46.070;INFO;Robot Runtime;Puck B Fy (Min~Max,Ref): -3.682 ~ -2.667, =>-3.274;
19/01/21;17:39:46.092;INFO;Robot Runtime;Puck C Fx (Min~Max,Ref): 0.59  ~ 1.558, =>1.131;
19/01/21;17:39:46.115;INFO;Robot Runtime;Puck C Fy (Min~Max,Ref): -3.623 ~ -2.219, =>-3.274;
19/01/21;17:44:16.695;INFO;Robot Runtime;Puck A Center Adjustment: {0.001, 0.005,, ,,};
19/01/21;17:44:16.716;INFO;Robot Runtime;Puck B Center Adjustment: {0.024, 0.013,, ,,};
19/01/21;17:44:16.737;INFO;Robot Runtime;Puck C Center Adjustment: {-0.005, 0.007,, ,,};
19/01/21;17:44:16.759;INFO;Robot Runtime;Puck A Fx (Min~Max,Ref): 0.767 ~ 1.546, =>1.135;
19/01/21;17:44:16.781;INFO;Robot Runtime;Puck A Fy (Min~Max,Ref): -3.717 ~ -2.75 , =>-3.321;
19/01/21;17:44:16.803;INFO;Robot Runtime;Puck B Fx (Min~Max,Ref): 0.59  ~ 2.49 , =>1.135;
19/01/21;17:44:16.825;INFO;Robot Runtime;Puck B Fy (Min~Max,Ref): -3.623 ~ -2.596, =>-3.321;
19/01/21;17:44:16.846;INFO;Robot Runtime;Puck C Fx (Min~Max,Ref): 0.614 ~ 1.475, =>1.135;
19/01/21;17:44:16.868;INFO;Robot Runtime;Puck C Fy (Min~Max,Ref): -3.847 ~ -2.573, =>-3.321;
19/01/21;17:48:58.690;INFO;Robot Runtime;Puck A Center Adjustment: {0.012, -0.002,, ,,};
19/01/21;17:48:58.714;INFO;Robot Runtime;Puck B Center Adjustment: {0.006, 0.004,, ,,};
19/01/21;17:48:58.735;INFO;Robot Runtime;Puck C Center Adjustment: {0.008, 0.009,, ,,};
19/01/21;17:48:58.756;INFO;Robot Runtime;Puck A Fx (Min~Max,Ref): 0.743 ~ 1.758, =>1.128;
19/01/21;17:48:58.779;INFO;Robot Runtime;Puck A Fy (Min~Max,Ref): -3.859 ~ -2.761, =>-3.283;
19/01/21;17:48:58.800;INFO;Robot Runtime;Puck B Fx (Min~Max,Ref): 0.531 ~ 1.935, =>1.128;
19/01/21;17:48:58.822;INFO;Robot Runtime;Puck B Fy (Min~Max,Ref): -3.812 ~ -2.608, =>-3.283;
19/01/21;17:48:58.843;INFO;Robot Runtime;Puck C Fx (Min~Max,Ref): 0.531 ~ 2.006, =>1.128;
19/01/21;17:48:58.865;INFO;Robot Runtime;Puck C Fy (Min~Max,Ref): -3.764 ~ -2.502, =>-3.283;
19/01/21;17:54:06.178;INFO;Robot Runtime;Puck A Center Adjustment: {0.126, 0.061,, ,,};
19/01/21;17:54:06.199;INFO;Robot Runtime;Puck B Center Adjustment: {0.189, 0.099,, ,,};
19/01/21;17:54:06.221;INFO;Robot Runtime;Puck C Center Adjustment: {0.055, 0.123,, ,,};
19/01/21;17:54:06.242;INFO;Robot Runtime;Puck A Fx (Min~Max,Ref): 1.227 ~ 3.54 , =>1.121;
19/01/21;17:54:06.266;INFO;Robot Runtime;Puck A Fy (Min~Max,Ref): -3.528 ~ -1.794, =>-3.274;
19/01/21;17:54:06.288;INFO;Robot Runtime;Puck B Fx (Min~Max,Ref): 1.298 ~ 4.72 , =>1.121;
19/01/21;17:54:06.309;INFO;Robot Runtime;Puck B Fy (Min~Max,Ref): -3.422 ~ -1.145, =>-3.274;
19/01/21;17:54:06.332;INFO;Robot Runtime;Puck C Fx (Min~Max,Ref): 0.342 ~ 2.997, =>1.121;
19/01/21;17:54:06.353;INFO;Robot Runtime;Puck C Fy (Min~Max,Ref): -3.387 ~ -0.696, =>-3.274;
19/01/21;17:57:43.424;INFO;Robot Runtime;Puck A Center Adjustment: {0.001, 0.042,, ,,};
19/01/21;17:57:43.446;INFO;Robot Runtime;Puck B Center Adjustment: {-0.022, 0.037,, ,,};
19/01/21;17:57:43.468;INFO;Robot Runtime;Puck C Center Adjustment: {-0.023, 0.057,, ,,};
19/01/21;17:57:43.489;INFO;Robot Runtime;Puck A Fx (Min~Max,Ref): 0.519 ~ 1.723, =>1.109;
19/01/21;17:57:43.512;INFO;Robot Runtime;Puck A Fy (Min~Max,Ref): -3.399 ~ -2.301, =>-3.271;
19/01/21;17:57:43.533;INFO;Robot Runtime;Puck B Fx (Min~Max,Ref): 0.354 ~ 1.416, =>1.109;
19/01/21;17:57:43.555;INFO;Robot Runtime;Puck B Fy (Min~Max,Ref): -3.446 ~ -2.348, =>-3.271;
19/01/21;17:57:43.578;INFO;Robot Runtime;Puck C Fx (Min~Max,Ref): 0.224 ~ 1.534, =>1.109;
19/01/21;17:57:43.600;INFO;Robot Runtime;Puck C Fy (Min~Max,Ref): -3.434 ~ -1.959, =>-3.271;
19/01/21;18:01:23.433;INFO;Robot Runtime;Puck A Center Adjustment: {0.012, 0.019,, ,,};
19/01/21;18:01:23.455;INFO;Robot Runtime;Puck B Center Adjustment: {-0.019, 0.02 ,, ,,};
19/01/21;18:01:23.476;INFO;Robot Runtime;Puck C Center Adjustment: {-0.012, 0.027,, ,,};
19/01/21;18:01:23.498;INFO;Robot Runtime;Puck A Fx (Min~Max,Ref): 0.531 ~ 2.006, =>1.147;
19/01/21;18:01:23.520;INFO;Robot Runtime;Puck A Fy (Min~Max,Ref): -3.517 ~ -2.856, =>-3.38 ;
19/01/21;18:01:23.542;INFO;Robot Runtime;Puck B Fx (Min~Max,Ref): 0.425 ~ 1.499, =>1.147;
19/01/21;18:01:23.563;INFO;Robot Runtime;Puck B Fy (Min~Max,Ref): -3.646 ~ -2.714, =>-3.38 ;
19/01/21;18:01:23.585;INFO;Robot Runtime;Puck C Fx (Min~Max,Ref): 0.354 ~ 1.699, =>1.147;
19/01/21;18:01:23.606;INFO;Robot Runtime;Puck C Fy (Min~Max,Ref): -3.635 ~ -2.584, =>-3.38 ;
19/01/21;18:05:15.926;INFO;Robot Runtime;Puck A Center Adjustment: {0.013, 0.005,, ,,};
19/01/21;18:05:15.947;INFO;Robot Runtime;Puck B Center Adjustment: {-0.015, 0.011,, ,,};
19/01/21;18:05:15.973;INFO;Robot Runtime;Puck C Center Adjustment: {0    , 0    ,, ,,};
19/01/21;18:05:15.995;INFO;Robot Runtime;Puck A Fx (Min~Max,Ref): 0.602 ~ 2.053, =>1.201;
19/01/21;18:05:16.017;INFO;Robot Runtime;Puck A Fy (Min~Max,Ref): -3.694 ~ -3.163, =>-3.476;
19/01/21;18:05:16.038;INFO;Robot Runtime;Puck B Fx (Min~Max,Ref): 0.413 ~ 1.687, =>1.201;
19/01/21;18:05:16.060;INFO;Robot Runtime;Puck B Fy (Min~Max,Ref): -3.823 ~ -2.915, =>-3.476;
19/01/21;18:05:16.081;INFO;Robot Runtime;Puck C Fx (Min~Max,Ref): 0.448 ~ 1.947, =>1.201;
19/01/21;18:05:16.103;INFO;Robot Runtime;Puck C Fy (Min~Max,Ref): -3.847 ~ -3.115, =>-3.476;
19/01/21;18:05:29.195;INFO;Controller;Activity ExecRobotTask ended. Return value: ;
19/01/21;18:05:29.195;INFO;Controller;State = Ready;
19/01/21;18:05:51.537;INFO;Interface;Command: Abort;
19/01/21;18:05:51.537;INFO;Robot;Abort;
19/01/21;18:06:02.033;INFO;Interface;Command: ExecRobotTask (finish,-1);
19/01/21;18:06:02.033;INFO;Controller;Executing asynchronous activity: ExecRobotTask;
19/01/21;18:06:02.033;INFO;Controller;Status = Executing: finish;
19/01/21;18:06:02.034;INFO;Controller;State = Running;
19/01/21;18:06:03.074;INFO;Robot Runtime;executing:    finish;
19/01/21;18:08:12.914;INFO;Controller;Activity ExecRobotTask ended. Return value: Done;
19/01/21;18:08:12.914;INFO;Controller;State = Ready;
