05/03/21;14:25:45.510;INFO;Server;Command: ExecRobotTask (Recover,500000);
05/03/21;14:25:45.511;INFO;Controller;Executing asynchronous activity: ExecRobotTask;
05/03/21;14:25:45.511;INFO;Controller;Status = Executing: Recover;
05/03/21;14:25:45.511;INFO;Controller;State = Running;
05/03/21;14:25:46.796;INFO;Robot Runtime;executing:    Recover;
05/03/21;14:25:46.941;INFO;Robot Runtime;Robot power is on manual;
05/03/21;14:25:47.268;INFO;Controller;Activity ExecRobotTask ended. Return value: ABORT: Robot power is on manual;
05/03/21;14:25:47.268;INFO;Controller;State = Ready;
05/03/21;14:27:10.095;INFO;Server;Command: ExecRobotTask (Recover,500000);
05/03/21;14:27:10.095;INFO;Controller;Executing asynchronous activity: ExecRobotTask;
05/03/21;14:27:10.095;INFO;Controller;Status = Executing: Recover;
05/03/21;14:27:10.095;INFO;Controller;State = Running;
05/03/21;14:27:11.131;INFO;Robot Runtime;executing:    Recover;
05/03/21;14:27:12.117;INFO;Robot Runtime;Done;
05/03/21;14:27:12.632;INFO;Controller;Activity ExecRobotTask ended. Return value: Done;
05/03/21;14:27:12.632;INFO;Controller;State = Ready;
05/03/21;14:27:12.642;INFO;Server;Command: ExecRobotTask (TraceSample,500000);
05/03/21;14:27:12.642;INFO;Controller;Executing asynchronous activity: ExecRobotTask;
05/03/21;14:27:12.642;INFO;Controller;Status = Executing: TraceSample;
05/03/21;14:27:12.642;INFO;Controller;State = Running;
05/03/21;14:27:13.586;INFO;Robot Runtime;executing:    TraceSample;
05/03/21;14:27:25.718;INFO;Robot Runtime;Sample Gap: 0    ;
05/03/21;14:27:25.859;INFO;Controller;Activity ExecRobotTask ended. Return value: Done True/False/False;
05/03/21;14:27:25.859;INFO;Controller;State = Ready;
05/03/21;14:47:14.422;INFO;Server;Command: Abort;
05/03/21;14:47:14.422;INFO;Robot;Abort;
05/03/21;14:47:16.598;INFO;Server;Command: Restart;
05/03/21;14:47:16.598;INFO;Controller;State = Initializing;
05/03/21;14:47:16.623;INFO;Controller;Initialized log services - Startup: 22/02/21 09:55:52;
05/03/21;14:47:17.628;INFO;Epics Server;Exiting running thread;
05/03/21;14:47:17.632;INFO;Epics Server;Registered PV: SW:Version;
05/03/21;14:47:17.632;INFO;Epics Server;Registered PV: SW:Status;
05/03/21;14:47:17.632;INFO;Epics Server;Registered PV: SW:Uptime;
05/03/21;14:47:17.632;INFO;Epics Server;Registered PV: SW:LastTaskInfo;
05/03/21;14:47:17.632;INFO;Epics Server;Registered PV: SW:AlarmList;
05/03/21;14:47:17.632;INFO;Epics Server;Registered PV: SW:LocalGuiLockOut;
05/03/21;14:47:17.632;INFO;Epics Server;Registered PV: SW:RobotSpeed;
05/03/21;14:47:17.632;INFO;Epics Server;Registered PV: SW:LastTaskException;
05/03/21;14:47:17.632;INFO;Epics Server;Registered PV: SW:LastTaskOutput;
05/03/21;14:47:17.632;INFO;Epics Server;Registered PV: SW:RobotState;
05/03/21;14:47:17.632;INFO;Epics Server;Registered PV: SW:CartesianPositions;
05/03/21;14:47:17.633;INFO;Epics Server;Registered PV: SW:JointPositions;
05/03/21;14:47:17.633;INFO;Epics Server;Registered PV: SW:State;
05/03/21;14:47:17.633;INFO;Epics Server;Registered PV: SW:abort;
05/03/21;14:47:17.633;INFO;Epics Server;Registered PV: SW:restart;
05/03/21;14:47:17.633;INFO;Epics Server;Registered PV: SW:getTaskInfo;
05/03/21;14:47:17.633;INFO;Epics Server;Registered PV: SW:isTaskRunning;
05/03/21;14:47:17.633;INFO;Epics Server;Registered PV: SW:checkTaskResult;
05/03/21;14:47:17.633;INFO;Epics Server;Registered PV: SW:startTestTask;
05/03/21;14:47:17.633;INFO;Epics Server;Registered PV: SW:pauseRobot;
05/03/21;14:47:17.633;INFO;Epics Server;Registered PV: SW:resumeRobot;
05/03/21;14:47:17.633;INFO;Epics Server;Registered PV: SW:setRobotVariable;
05/03/21;14:47:17.633;INFO;Epics Server;Registered PV: SW:isSampleMounted;
05/03/21;14:47:17.633;INFO;Epics Server;Registered PV: SW:startRobotTask;
05/03/21;14:47:17.633;INFO;Epics Server;Registered PV: SW:getRobotVariable;
05/03/21;14:47:17.633;INFO;Epics Server;Registered PV: SW:getDistance;
05/03/21;14:47:17.633;INFO;Epics Server;Initializing: Channel Access Server in Java v1.1.1;
05/03/21;14:47:17.634;INFO;Epics Server;Started server: ready to accept requests;
05/03/21;14:47:18.220;INFO;Controller;Initializing Robot;
05/03/21;14:47:18.225;INFO;Robot;Setting reference frame to: world;
05/03/21;14:47:18.338;INFO;Controller;Initializing Bus Controller;
05/03/21;14:47:18.338;INFO;Anti-Collision;Active = true;
05/03/21;14:47:18.338;INFO;Controller;State = Starting;
05/03/21;14:47:18.340;INFO;Controller;Command: Reset;
05/03/21;14:47:18.340;INFO;Controller;Executing asynchronous script: ./script/Reset.py;
05/03/21;14:47:18.340;INFO;Controller;Status = Reseting;
05/03/21;14:47:18.340;INFO;Controller;State = Running;
05/03/21;14:47:18.510;INFO;Controller;Script host: localhost:34150;
05/03/21;14:47:18.511;INFO;Script;Starting initialization script;
05/03/21;14:47:18.513;INFO;Script;Do nothing;
05/03/21;14:47:18.514;INFO;Controller;Script ./script/Reset.py ended. Return value: ;
05/03/21;14:47:18.514;INFO;Controller;State = Ready;
05/03/21;14:47:24.740;INFO;Server;Command: ExecRobotTask (Recover,500000);
05/03/21;14:47:24.740;INFO;Controller;Executing asynchronous activity: ExecRobotTask;
05/03/21;14:47:24.740;INFO;Controller;Status = Executing: Recover;
05/03/21;14:47:24.741;INFO;Controller;State = Running;
05/03/21;14:47:25.822;INFO;Robot Runtime;executing:    Recover;
05/03/21;14:47:27.246;INFO;Robot Runtime;Done;
05/03/21;14:47:27.646;INFO;Controller;Activity ExecRobotTask ended. Return value: Done;
05/03/21;14:47:27.646;INFO;Controller;State = Ready;
05/03/21;14:47:27.819;INFO;Server;Command: ExecRobotTask (TraceSample,500000);
05/03/21;14:47:27.819;INFO;Controller;Executing asynchronous activity: ExecRobotTask;
05/03/21;14:47:27.819;INFO;Controller;Status = Executing: TraceSample;
05/03/21;14:47:27.819;INFO;Controller;State = Running;
05/03/21;14:47:28.695;INFO;Robot Runtime;executing:    TraceSample;
05/03/21;14:47:29.392;INFO;Robot Runtime;Sample Gap: 0    ;
05/03/21;14:47:29.917;INFO;Controller;Activity ExecRobotTask ended. Return value: Done True/False/False;
05/03/21;14:47:29.917;INFO;Controller;State = Ready;
05/03/21;14:47:30.128;INFO;Server;Command: ExecRobotTask (Home,500000);
05/03/21;14:47:30.128;INFO;Controller;Executing asynchronous activity: ExecRobotTask;
05/03/21;14:47:30.128;INFO;Controller;Status = Executing: Home;
05/03/21;14:47:30.128;INFO;Controller;State = Running;
05/03/21;14:47:31.013;INFO;Robot Runtime;executing:    Home;
05/03/21;14:47:32.170;INFO;Controller;Activity ExecRobotTask ended. Return value: Done;
05/03/21;14:47:32.170;INFO;Controller;State = Ready;
05/03/21;14:50:03.508;INFO;Server;Command: Abort;
05/03/21;14:50:03.509;INFO;Robot;Abort;
05/03/21;14:50:05.656;INFO;Server;Command: Restart;
05/03/21;14:50:05.656;INFO;Controller;State = Initializing;
05/03/21;14:50:05.683;INFO;Controller;Initialized log services - Startup: 22/02/21 09:55:52;
05/03/21;14:50:06.704;INFO;Epics Server;Exiting running thread;
05/03/21;14:50:06.707;INFO;Epics Server;Registered PV: SW:Version;
05/03/21;14:50:06.707;INFO;Epics Server;Registered PV: SW:Status;
05/03/21;14:50:06.707;INFO;Epics Server;Registered PV: SW:Uptime;
05/03/21;14:50:06.707;INFO;Epics Server;Registered PV: SW:LastTaskInfo;
05/03/21;14:50:06.707;INFO;Epics Server;Registered PV: SW:AlarmList;
05/03/21;14:50:06.707;INFO;Epics Server;Registered PV: SW:LocalGuiLockOut;
05/03/21;14:50:06.707;INFO;Epics Server;Registered PV: SW:RobotSpeed;
05/03/21;14:50:06.707;INFO;Epics Server;Registered PV: SW:LastTaskException;
05/03/21;14:50:06.707;INFO;Epics Server;Registered PV: SW:LastTaskOutput;
05/03/21;14:50:06.707;INFO;Epics Server;Registered PV: SW:RobotState;
05/03/21;14:50:06.707;INFO;Epics Server;Registered PV: SW:CartesianPositions;
05/03/21;14:50:06.708;INFO;Epics Server;Registered PV: SW:JointPositions;
05/03/21;14:50:06.708;INFO;Epics Server;Registered PV: SW:State;
05/03/21;14:50:06.708;INFO;Epics Server;Registered PV: SW:abort;
05/03/21;14:50:06.708;INFO;Epics Server;Registered PV: SW:restart;
05/03/21;14:50:06.708;INFO;Epics Server;Registered PV: SW:getTaskInfo;
05/03/21;14:50:06.708;INFO;Epics Server;Registered PV: SW:isTaskRunning;
05/03/21;14:50:06.708;INFO;Epics Server;Registered PV: SW:checkTaskResult;
05/03/21;14:50:06.708;INFO;Epics Server;Registered PV: SW:startTestTask;
05/03/21;14:50:06.708;INFO;Epics Server;Registered PV: SW:pauseRobot;
05/03/21;14:50:06.708;INFO;Epics Server;Registered PV: SW:resumeRobot;
05/03/21;14:50:06.708;INFO;Epics Server;Registered PV: SW:setRobotVariable;
05/03/21;14:50:06.708;INFO;Epics Server;Registered PV: SW:isSampleMounted;
05/03/21;14:50:06.708;INFO;Epics Server;Registered PV: SW:startRobotTask;
05/03/21;14:50:06.708;INFO;Epics Server;Registered PV: SW:getRobotVariable;
05/03/21;14:50:06.708;INFO;Epics Server;Registered PV: SW:getDistance;
05/03/21;14:50:06.708;INFO;Epics Server;Initializing: Channel Access Server in Java v1.1.1;
05/03/21;14:50:06.709;INFO;Epics Server;Started server: ready to accept requests;
05/03/21;14:50:07.392;INFO;Controller;Initializing Robot;
05/03/21;14:50:07.397;INFO;Robot;Setting reference frame to: world;
05/03/21;14:50:07.511;INFO;Controller;Initializing Bus Controller;
05/03/21;14:50:07.511;INFO;Anti-Collision;Active = true;
05/03/21;14:50:07.511;INFO;Controller;State = Starting;
05/03/21;14:50:07.513;INFO;Controller;Command: Reset;
05/03/21;14:50:07.513;INFO;Controller;Executing asynchronous script: ./script/Reset.py;
05/03/21;14:50:07.513;INFO;Controller;Status = Reseting;
05/03/21;14:50:07.513;INFO;Controller;State = Running;
05/03/21;14:50:07.686;INFO;Controller;Script host: localhost:41234;
05/03/21;14:50:07.687;INFO;Script;Starting initialization script;
05/03/21;14:50:07.689;INFO;Script;Do nothing;
05/03/21;14:50:07.690;INFO;Controller;Script ./script/Reset.py ended. Return value: ;
05/03/21;14:50:07.690;INFO;Controller;State = Ready;
05/03/21;14:50:13.741;INFO;Server;Command: ExecRobotTask (Recover,500000);
05/03/21;14:50:13.742;INFO;Controller;Executing asynchronous activity: ExecRobotTask;
05/03/21;14:50:13.742;INFO;Controller;Status = Executing: Recover;
05/03/21;14:50:13.742;INFO;Controller;State = Running;
05/03/21;14:50:14.844;INFO;Robot Runtime;executing:    Recover;
05/03/21;14:50:15.782;INFO;Robot Runtime;Done;
05/03/21;14:50:16.233;INFO;Controller;Activity ExecRobotTask ended. Return value: Done;
05/03/21;14:50:16.234;INFO;Controller;State = Ready;
05/03/21;14:50:16.451;INFO;Server;Command: ExecRobotTask (TraceSample,500000);
05/03/21;14:50:16.451;INFO;Controller;Executing asynchronous activity: ExecRobotTask;
05/03/21;14:50:16.451;INFO;Controller;Status = Executing: TraceSample;
05/03/21;14:50:16.451;INFO;Controller;State = Running;
05/03/21;14:50:17.585;INFO;Robot Runtime;executing:    TraceSample;
05/03/21;14:50:18.283;INFO;Robot Runtime;Sample Gap: -0.8  ;
05/03/21;14:50:18.775;INFO;Controller;Activity ExecRobotTask ended. Return value: Done True/True/False;
05/03/21;14:50:18.775;INFO;Controller;State = Ready;
05/03/21;14:52:20.687;INFO;Server;Command: Abort;
05/03/21;14:52:20.687;INFO;Robot;Abort;
05/03/21;14:52:22.836;INFO;Server;Command: Restart;
05/03/21;14:52:22.836;INFO;Controller;State = Initializing;
05/03/21;14:52:22.862;INFO;Controller;Initialized log services - Startup: 22/02/21 09:55:52;
05/03/21;14:52:23.869;INFO;Epics Server;Exiting running thread;
05/03/21;14:52:23.871;INFO;Epics Server;Registered PV: SW:Version;
05/03/21;14:52:23.872;INFO;Epics Server;Registered PV: SW:Status;
05/03/21;14:52:23.872;INFO;Epics Server;Registered PV: SW:Uptime;
05/03/21;14:52:23.872;INFO;Epics Server;Registered PV: SW:LastTaskInfo;
05/03/21;14:52:23.872;INFO;Epics Server;Registered PV: SW:AlarmList;
05/03/21;14:52:23.872;INFO;Epics Server;Registered PV: SW:LocalGuiLockOut;
05/03/21;14:52:23.872;INFO;Epics Server;Registered PV: SW:RobotSpeed;
05/03/21;14:52:23.872;INFO;Epics Server;Registered PV: SW:LastTaskException;
05/03/21;14:52:23.872;INFO;Epics Server;Registered PV: SW:LastTaskOutput;
05/03/21;14:52:23.872;INFO;Epics Server;Registered PV: SW:RobotState;
05/03/21;14:52:23.872;INFO;Epics Server;Registered PV: SW:CartesianPositions;
05/03/21;14:52:23.872;INFO;Epics Server;Registered PV: SW:JointPositions;
05/03/21;14:52:23.872;INFO;Epics Server;Registered PV: SW:State;
05/03/21;14:52:23.872;INFO;Epics Server;Registered PV: SW:abort;
05/03/21;14:52:23.872;INFO;Epics Server;Registered PV: SW:restart;
05/03/21;14:52:23.872;INFO;Epics Server;Registered PV: SW:getTaskInfo;
05/03/21;14:52:23.872;INFO;Epics Server;Registered PV: SW:isTaskRunning;
05/03/21;14:52:23.872;INFO;Epics Server;Registered PV: SW:checkTaskResult;
05/03/21;14:52:23.872;INFO;Epics Server;Registered PV: SW:startTestTask;
05/03/21;14:52:23.873;INFO;Epics Server;Registered PV: SW:pauseRobot;
05/03/21;14:52:23.873;INFO;Epics Server;Registered PV: SW:resumeRobot;
05/03/21;14:52:23.873;INFO;Epics Server;Registered PV: SW:setRobotVariable;
05/03/21;14:52:23.873;INFO;Epics Server;Registered PV: SW:isSampleMounted;
05/03/21;14:52:23.873;INFO;Epics Server;Registered PV: SW:startRobotTask;
05/03/21;14:52:23.873;INFO;Epics Server;Registered PV: SW:getRobotVariable;
05/03/21;14:52:23.873;INFO;Epics Server;Registered PV: SW:getDistance;
05/03/21;14:52:23.873;INFO;Epics Server;Initializing: Channel Access Server in Java v1.1.1;
05/03/21;14:52:23.873;INFO;Epics Server;Started server: ready to accept requests;
05/03/21;14:52:24.466;INFO;Controller;Initializing Robot;
05/03/21;14:52:24.469;INFO;Robot;Setting reference frame to: world;
05/03/21;14:52:24.587;INFO;Controller;Initializing Bus Controller;
05/03/21;14:52:24.587;INFO;Anti-Collision;Active = true;
05/03/21;14:52:24.587;INFO;Controller;State = Starting;
05/03/21;14:52:24.589;INFO;Controller;Command: Reset;
05/03/21;14:52:24.589;INFO;Controller;Executing asynchronous script: ./script/Reset.py;
05/03/21;14:52:24.589;INFO;Controller;Status = Reseting;
05/03/21;14:52:24.589;INFO;Controller;State = Running;
05/03/21;14:52:24.784;INFO;Controller;Script host: localhost:57656;
05/03/21;14:52:24.784;INFO;Script;Starting initialization script;
05/03/21;14:52:24.787;INFO;Script;Do nothing;
05/03/21;14:52:24.787;INFO;Controller;Script ./script/Reset.py ended. Return value: ;
05/03/21;14:52:24.787;INFO;Controller;State = Ready;
05/03/21;14:52:32.434;INFO;Server;Command: ExecRobotTask (Recover,500000);
05/03/21;14:52:32.434;INFO;Controller;Executing asynchronous activity: ExecRobotTask;
05/03/21;14:52:32.434;INFO;Controller;Status = Executing: Recover;
05/03/21;14:52:32.434;INFO;Controller;State = Running;
05/03/21;14:52:33.479;INFO;Robot Runtime;executing:    Recover;
05/03/21;14:52:34.925;INFO;Robot Runtime;Done;
05/03/21;14:52:35.433;INFO;Controller;Activity ExecRobotTask ended. Return value: Done;
05/03/21;14:52:35.433;INFO;Controller;State = Ready;
05/03/21;14:52:35.715;INFO;Server;Command: ExecRobotTask (TraceSample,500000);
05/03/21;14:52:35.715;INFO;Controller;Executing asynchronous activity: ExecRobotTask;
05/03/21;14:52:35.715;INFO;Controller;Status = Executing: TraceSample;
05/03/21;14:52:35.715;INFO;Controller;State = Running;
05/03/21;14:52:36.738;INFO;Robot Runtime;executing:    TraceSample;
05/03/21;14:52:37.440;INFO;Robot Runtime;Sample Gap: 0    ;
05/03/21;14:52:37.583;INFO;Controller;Activity ExecRobotTask ended. Return value: Done True/False/False;
05/03/21;14:52:37.583;INFO;Controller;State = Ready;
05/03/21;14:52:37.891;INFO;Server;Command: ExecRobotTask (Home,500000);
05/03/21;14:52:37.891;INFO;Controller;Executing asynchronous activity: ExecRobotTask;
05/03/21;14:52:37.891;INFO;Controller;Status = Executing: Home;
05/03/21;14:52:37.891;INFO;Controller;State = Running;
05/03/21;14:52:38.793;INFO;Robot Runtime;executing:    Home;
05/03/21;14:52:39.778;INFO;Controller;Activity ExecRobotTask ended. Return value: Done;
05/03/21;14:52:39.778;INFO;Controller;State = Ready;
05/03/21;15:18:33.588;WARNING;Robot;Alarm active: Device is offline;
05/03/21;15:18:33.588;INFO;Controller;State = Communication Error;
05/03/21;15:18:36.693;INFO;Robot;Alarm inactive: Device is offline;
05/03/21;15:18:36.693;WARNING;Controller;Communication resumed, trying updating devices;
05/03/21;15:18:36.694;INFO;Controller;Finished device updating;
05/03/21;15:18:36.694;INFO;Controller;State = Ready;
05/03/21;16:30:56.210;INFO;Server;Command: ExecRobotTask (Initialize,500000);
05/03/21;16:30:56.210;INFO;Controller;Executing asynchronous activity: ExecRobotTask;
05/03/21;16:30:56.210;INFO;Controller;Status = Executing: Initialize;
05/03/21;16:30:56.210;INFO;Controller;State = Running;
05/03/21;16:30:57.175;INFO;Robot Runtime;executing:    Initialize;
05/03/21;16:30:58.329;INFO;Controller;Activity ExecRobotTask ended. Return value: Done;
05/03/21;16:30:58.329;INFO;Controller;State = Ready;
05/03/21;16:30:58.337;INFO;Server;Command: ExecRobotTask (Home,500000);
05/03/21;16:30:58.337;INFO;Controller;Executing asynchronous activity: ExecRobotTask;
05/03/21;16:30:58.337;INFO;Controller;Status = Executing: Home;
05/03/21;16:30:58.337;INFO;Controller;State = Running;
05/03/21;16:30:59.205;INFO;Robot Runtime;executing:    Home;
05/03/21;16:30:59.816;INFO;Controller;Activity ExecRobotTask ended. Return value: Done;
05/03/21;16:30:59.816;INFO;Controller;State = Ready;
05/03/21;16:30:59.833;INFO;Server;Command: ExecRobotTask (Park,500000);
05/03/21;16:30:59.833;INFO;Controller;Executing asynchronous activity: ExecRobotTask;
05/03/21;16:30:59.833;INFO;Controller;Status = Executing: Park;
05/03/21;16:30:59.833;INFO;Controller;State = Running;
05/03/21;16:31:00.735;INFO;Robot Runtime;executing:    Park;
05/03/21;16:31:17.414;INFO;Controller;Activity ExecRobotTask ended. Return value: Done;
05/03/21;16:31:17.414;INFO;Controller;State = Ready;
05/03/21;16:31:38.546;INFO;Server;Command: Abort;
05/03/21;16:31:38.546;INFO;Robot;Abort;
05/03/21;16:31:40.693;INFO;Server;Command: Restart;
05/03/21;16:31:40.693;INFO;Controller;State = Initializing;
05/03/21;16:31:40.721;INFO;Controller;Initialized log services - Startup: 22/02/21 09:55:52;
05/03/21;16:31:41.728;INFO;Epics Server;Exiting running thread;
05/03/21;16:31:41.731;INFO;Epics Server;Registered PV: SW:Version;
05/03/21;16:31:41.731;INFO;Epics Server;Registered PV: SW:Status;
05/03/21;16:31:41.731;INFO;Epics Server;Registered PV: SW:Uptime;
05/03/21;16:31:41.731;INFO;Epics Server;Registered PV: SW:LastTaskInfo;
05/03/21;16:31:41.731;INFO;Epics Server;Registered PV: SW:AlarmList;
05/03/21;16:31:41.731;INFO;Epics Server;Registered PV: SW:LocalGuiLockOut;
05/03/21;16:31:41.731;INFO;Epics Server;Registered PV: SW:RobotSpeed;
05/03/21;16:31:41.731;INFO;Epics Server;Registered PV: SW:LastTaskException;
05/03/21;16:31:41.731;INFO;Epics Server;Registered PV: SW:LastTaskOutput;
05/03/21;16:31:41.731;INFO;Epics Server;Registered PV: SW:RobotState;
05/03/21;16:31:41.731;INFO;Epics Server;Registered PV: SW:CartesianPositions;
05/03/21;16:31:41.731;INFO;Epics Server;Registered PV: SW:JointPositions;
05/03/21;16:31:41.732;INFO;Epics Server;Registered PV: SW:State;
05/03/21;16:31:41.732;INFO;Epics Server;Registered PV: SW:abort;
05/03/21;16:31:41.732;INFO;Epics Server;Registered PV: SW:restart;
05/03/21;16:31:41.732;INFO;Epics Server;Registered PV: SW:getTaskInfo;
05/03/21;16:31:41.732;INFO;Epics Server;Registered PV: SW:isTaskRunning;
05/03/21;16:31:41.732;INFO;Epics Server;Registered PV: SW:checkTaskResult;
05/03/21;16:31:41.732;INFO;Epics Server;Registered PV: SW:startTestTask;
05/03/21;16:31:41.732;INFO;Epics Server;Registered PV: SW:pauseRobot;
05/03/21;16:31:41.732;INFO;Epics Server;Registered PV: SW:resumeRobot;
05/03/21;16:31:41.732;INFO;Epics Server;Registered PV: SW:setRobotVariable;
05/03/21;16:31:41.732;INFO;Epics Server;Registered PV: SW:isSampleMounted;
05/03/21;16:31:41.732;INFO;Epics Server;Registered PV: SW:startRobotTask;
05/03/21;16:31:41.732;INFO;Epics Server;Registered PV: SW:getRobotVariable;
05/03/21;16:31:41.732;INFO;Epics Server;Registered PV: SW:getDistance;
05/03/21;16:31:41.732;INFO;Epics Server;Initializing: Channel Access Server in Java v1.1.1;
05/03/21;16:31:41.732;INFO;Epics Server;Started server: ready to accept requests;
05/03/21;16:31:42.333;INFO;Controller;Initializing Robot;
05/03/21;16:31:42.335;INFO;Robot;Setting reference frame to: world;
05/03/21;16:31:42.450;INFO;Controller;Initializing Bus Controller;
05/03/21;16:31:42.451;INFO;Anti-Collision;Active = true;
05/03/21;16:31:42.451;INFO;Controller;State = Starting;
05/03/21;16:31:42.452;INFO;Controller;Command: Reset;
05/03/21;16:31:42.452;INFO;Controller;Executing asynchronous script: ./script/Reset.py;
05/03/21;16:31:42.452;INFO;Controller;Status = Reseting;
05/03/21;16:31:42.452;INFO;Controller;State = Running;
05/03/21;16:31:42.624;INFO;Controller;Script host: localhost:34006;
05/03/21;16:31:42.624;INFO;Script;Starting initialization script;
05/03/21;16:31:42.626;INFO;Script;Do nothing;
05/03/21;16:31:42.626;INFO;Controller;Script ./script/Reset.py ended. Return value: ;
05/03/21;16:31:42.627;INFO;Controller;State = Ready;
05/03/21;16:31:49.491;INFO;Server;Command: ExecRobotTask (Recover,500000);
05/03/21;16:31:49.492;INFO;Controller;Executing asynchronous activity: ExecRobotTask;
05/03/21;16:31:49.492;INFO;Controller;Status = Executing: Recover;
05/03/21;16:31:49.492;INFO;Controller;State = Running;
05/03/21;16:31:50.794;INFO;Robot Runtime;executing:    Recover;
05/03/21;16:31:52.621;INFO;Robot Runtime;Done;
05/03/21;16:31:53.016;INFO;Controller;Activity ExecRobotTask ended. Return value: Done;
05/03/21;16:31:53.016;INFO;Controller;State = Ready;
05/03/21;16:31:53.344;INFO;Server;Command: ExecRobotTask (TraceSample,500000);
05/03/21;16:31:53.344;INFO;Controller;Executing asynchronous activity: ExecRobotTask;
05/03/21;16:31:53.344;INFO;Controller;Status = Executing: TraceSample;
05/03/21;16:31:53.344;INFO;Controller;State = Running;
05/03/21;16:31:54.421;INFO;Robot Runtime;executing:    TraceSample;
05/03/21;16:31:54.880;INFO;Robot Runtime;Sample Gap: 0    ;
05/03/21;16:31:55.323;INFO;Controller;Activity ExecRobotTask ended. Return value: Done True/False/False;
05/03/21;16:31:55.323;INFO;Controller;State = Ready;
05/03/21;16:31:55.617;INFO;Server;Command: ExecRobotTask (Home,500000);
05/03/21;16:31:55.618;INFO;Controller;Executing asynchronous activity: ExecRobotTask;
05/03/21;16:31:55.618;INFO;Controller;Status = Executing: Home;
05/03/21;16:31:55.618;INFO;Controller;State = Running;
05/03/21;16:31:56.528;INFO;Robot Runtime;executing:    Home;
05/03/21;16:31:57.337;INFO;Controller;Activity ExecRobotTask ended. Return value: Done;
05/03/21;16:31:57.338;INFO;Controller;State = Ready;
05/03/21;16:48:17.312;INFO;Server;Command: ExecRobotTask (EnableTScreen,500000);
05/03/21;16:48:17.312;INFO;Controller;Executing asynchronous activity: ExecRobotTask;
05/03/21;16:48:17.312;INFO;Controller;Status = Executing: EnableTScreen;
05/03/21;16:48:17.312;INFO;Controller;State = Running;
05/03/21;16:48:18.216;INFO;Robot Runtime;executing:    EnableTScreen;
05/03/21;16:48:18.588;INFO;Controller;Activity ExecRobotTask ended. Return value: Done;
05/03/21;16:48:18.588;INFO;Controller;State = Ready;
05/03/21;16:48:18.615;INFO;Server;Command: ExecRobotTask (EnableTScreen,500000);
05/03/21;16:48:18.615;INFO;Controller;Executing asynchronous activity: ExecRobotTask;
05/03/21;16:48:18.615;INFO;Controller;Status = Executing: EnableTScreen;
05/03/21;16:48:18.615;INFO;Controller;State = Running;
05/03/21;16:48:19.480;INFO;Robot Runtime;executing:    EnableTScreen;
05/03/21;16:48:19.818;INFO;Controller;Activity ExecRobotTask ended. Return value: Done;
05/03/21;16:48:19.818;INFO;Controller;State = Ready;
05/03/21;16:50:33.451;WARNING;Robot;Alarm active: Device is offline;
05/03/21;16:50:33.451;INFO;Controller;State = Communication Error;
05/03/21;16:50:35.556;INFO;Robot;Alarm inactive: Device is offline;
05/03/21;16:50:35.556;WARNING;Controller;Communication resumed, trying updating devices;
05/03/21;16:50:35.557;INFO;Controller;Finished device updating;
05/03/21;16:50:35.557;INFO;Controller;State = Ready;
