24/02/21;11:42:25.549;INFO;Server;Command: ExecRobotTask (TurnOffAutoFill,500000);
24/02/21;11:42:25.550;INFO;Controller;Executing asynchronous activity: ExecRobotTask;
24/02/21;11:42:25.550;INFO;Controller;Status = Executing: TurnOffAutoFill;
24/02/21;11:42:25.551;INFO;Controller;State = Running;
24/02/21;11:42:26.470;INFO;Robot Runtime;executing:    TurnOffAutoFill;
24/02/21;11:42:27.260;INFO;Controller;Activity ExecRobotTask ended. Return value: Done;
24/02/21;11:42:27.261;INFO;Controller;State = Ready;
24/02/21;12:31:33.595;INFO;Server;Command: ExecRobotTask (TurnOnAutoFill,500000);
24/02/21;12:31:33.595;INFO;Controller;Executing asynchronous activity: ExecRobotTask;
24/02/21;12:31:33.595;INFO;Controller;Status = Executing: TurnOnAutoFill;
24/02/21;12:31:33.595;INFO;Controller;State = Running;
24/02/21;12:31:34.585;INFO;Robot Runtime;executing:    TurnOnAutoFill;
24/02/21;12:31:35.070;INFO;Controller;Activity ExecRobotTask ended. Return value: Done;
24/02/21;12:31:35.070;INFO;Controller;State = Ready;
24/02/21;13:12:39.537;INFO;Server;Command: ExecRobotTask (EnableTScreen,500000);
24/02/21;13:12:39.537;INFO;Controller;Executing asynchronous activity: ExecRobotTask;
24/02/21;13:12:39.537;INFO;Controller;Status = Executing: EnableTScreen;
24/02/21;13:12:39.537;INFO;Controller;State = Running;
24/02/21;13:12:40.484;INFO;Robot Runtime;executing:    EnableTScreen;
24/02/21;13:12:40.817;INFO;Controller;Activity ExecRobotTask ended. Return value: Done;
24/02/21;13:12:40.817;INFO;Controller;State = Ready;
24/02/21;13:24:57.110;INFO;Server;Command: ExecRobotTask (Initialize,500000);
24/02/21;13:24:57.111;INFO;Controller;Executing asynchronous activity: ExecRobotTask;
24/02/21;13:24:57.111;INFO;Controller;Status = Executing: Initialize;
24/02/21;13:24:57.111;INFO;Controller;State = Running;
24/02/21;13:24:58.041;INFO;Robot Runtime;executing:    Initialize;
24/02/21;13:24:59.306;INFO;Controller;Activity ExecRobotTask ended. Return value: Done;
24/02/21;13:24:59.306;INFO;Controller;State = Ready;
24/02/21;13:24:59.320;INFO;Server;Command: ExecRobotTask (Home,500000);
24/02/21;13:24:59.320;INFO;Controller;Executing asynchronous activity: ExecRobotTask;
24/02/21;13:24:59.321;INFO;Controller;Status = Executing: Home;
24/02/21;13:24:59.321;INFO;Controller;State = Running;
24/02/21;13:25:00.221;INFO;Robot Runtime;executing:    Home;
24/02/21;13:25:00.390;INFO;Controller;Activity ExecRobotTask ended. Return value: Done;
24/02/21;13:25:00.390;INFO;Controller;State = Ready;
24/02/21;13:25:00.406;INFO;Server;Command: ExecRobotTask (Park,500000);
24/02/21;13:25:00.406;INFO;Controller;Executing asynchronous activity: ExecRobotTask;
24/02/21;13:25:00.406;INFO;Controller;Status = Executing: Park;
24/02/21;13:25:00.406;INFO;Controller;State = Running;
24/02/21;13:25:01.287;INFO;Robot Runtime;executing:    Park;
24/02/21;13:25:06.598;INFO;Controller;Activity ExecRobotTask ended. Return value: Done;
24/02/21;13:25:06.599;INFO;Controller;State = Ready;
24/02/21;13:28:18.467;INFO;Server;Command: ExecRobotTask (Initialize,500000);
24/02/21;13:28:18.468;INFO;Controller;Executing asynchronous activity: ExecRobotTask;
24/02/21;13:28:18.468;INFO;Controller;Status = Executing: Initialize;
24/02/21;13:28:18.468;INFO;Controller;State = Running;
24/02/21;13:28:19.751;INFO;Robot Runtime;executing:    Initialize;
24/02/21;13:28:20.274;INFO;Controller;Activity ExecRobotTask ended. Return value: Done;
24/02/21;13:28:20.275;INFO;Controller;State = Ready;
24/02/21;13:28:20.491;INFO;Server;Command: ExecRobotTask (Load,500000);
24/02/21;13:28:20.491;INFO;Controller;Executing asynchronous activity: ExecRobotTask;
24/02/21;13:28:20.491;INFO;Controller;Status = Executing: Load;
24/02/21;13:28:20.491;INFO;Controller;State = Running;
24/02/21;13:28:21.459;INFO;Robot Runtime;executing:    Load;
24/02/21;13:28:32.502;INFO;Robot Runtime;Sample Gap: -0.702;
24/02/21;13:28:35.021;INFO;Controller;Activity ExecRobotTask ended. Return value: Done False/True/False;
24/02/21;13:28:35.021;INFO;Controller;State = Ready;
24/02/21;13:28:35.029;INFO;Server;Command: ExecRobotTask (Mount,500000);
24/02/21;13:28:35.029;INFO;Controller;Executing asynchronous activity: ExecRobotTask;
24/02/21;13:28:35.030;INFO;Controller;Status = Executing: Mount;
24/02/21;13:28:35.030;INFO;Controller;State = Running;
24/02/21;13:28:35.949;INFO;Robot Runtime;executing:    Mount;
24/02/21;13:28:39.709;INFO;Robot Runtime;Sample Gap: 0    ;
24/02/21;13:28:40.774;INFO;Controller;Activity ExecRobotTask ended. Return value: Done True/False/False;
24/02/21;13:28:40.774;INFO;Controller;State = Ready;
24/02/21;13:28:40.791;INFO;Server;Command: ExecRobotTask (Park,500000);
24/02/21;13:28:40.792;INFO;Controller;Executing asynchronous activity: ExecRobotTask;
24/02/21;13:28:40.792;INFO;Controller;Status = Executing: Park;
24/02/21;13:28:40.792;INFO;Controller;State = Running;
24/02/21;13:28:41.673;INFO;Robot Runtime;executing:    Park;
24/02/21;13:28:43.423;INFO;Controller;Activity ExecRobotTask ended. Return value: Done;
24/02/21;13:28:43.423;INFO;Controller;State = Ready;
24/02/21;13:28:43.433;INFO;Server;Command: ExecRobotTask (UnlatchRobGov,500000);
24/02/21;13:28:43.433;INFO;Controller;Executing asynchronous activity: ExecRobotTask;
24/02/21;13:28:43.434;INFO;Controller;Status = Executing: UnlatchRobGov;
24/02/21;13:28:43.434;INFO;Controller;State = Running;
24/02/21;13:28:44.753;INFO;Robot Runtime;executing:    UnlatchRobGov;
24/02/21;13:28:45.132;INFO;Controller;Activity ExecRobotTask ended. Return value: Done;
24/02/21;13:28:45.133;INFO;Controller;State = Ready;
24/02/21;13:29:52.914;INFO;Server;Command: ExecRobotTask (Unmount,500000);
24/02/21;13:29:52.915;INFO;Controller;Executing asynchronous activity: ExecRobotTask;
24/02/21;13:29:52.915;INFO;Controller;Status = Executing: Unmount;
24/02/21;13:29:52.915;INFO;Controller;State = Running;
24/02/21;13:29:53.808;INFO;Robot Runtime;executing:    Unmount;
24/02/21;13:30:01.273;INFO;Robot Runtime;Sample Gap: -0.847;
24/02/21;13:30:02.982;INFO;Controller;Activity ExecRobotTask ended. Return value: Done False/True/False;
24/02/21;13:30:02.982;INFO;Controller;State = Ready;
24/02/21;13:30:02.999;INFO;Server;Command: ExecRobotTask (Unload,500000);
24/02/21;13:30:02.999;INFO;Controller;Executing asynchronous activity: ExecRobotTask;
24/02/21;13:30:02.999;INFO;Controller;Status = Executing: Unload;
24/02/21;13:30:02.999;INFO;Controller;State = Running;
24/02/21;13:30:03.935;INFO;Robot Runtime;executing:    Unload;
24/02/21;13:30:06.894;INFO;Robot Runtime;Sample Gap: 0    ;
24/02/21;13:30:07.512;INFO;Controller;Activity ExecRobotTask ended. Return value: Done False/False/False;
24/02/21;13:30:07.512;INFO;Controller;State = Ready;
24/02/21;13:30:09.219;INFO;Server;Command: ExecRobotTask (Load,500000);
24/02/21;13:30:09.219;INFO;Controller;Executing asynchronous activity: ExecRobotTask;
24/02/21;13:30:09.219;INFO;Controller;Status = Executing: Load;
24/02/21;13:30:09.219;INFO;Controller;State = Running;
24/02/21;13:30:10.140;INFO;Robot Runtime;executing:    Load;
24/02/21;13:30:14.796;INFO;Robot Runtime;Sample Gap: -0.8  ;
24/02/21;13:30:16.213;INFO;Controller;Activity ExecRobotTask ended. Return value: Done False/True/False;
24/02/21;13:30:16.213;INFO;Controller;State = Ready;
24/02/21;13:30:16.224;INFO;Server;Command: ExecRobotTask (Mount,500000);
24/02/21;13:30:16.224;INFO;Controller;Executing asynchronous activity: ExecRobotTask;
24/02/21;13:30:16.224;INFO;Controller;Status = Executing: Mount;
24/02/21;13:30:16.224;INFO;Controller;State = Running;
24/02/21;13:30:17.533;INFO;Robot Runtime;executing:    Mount;
24/02/21;13:30:20.629;INFO;Robot Runtime;Sample Gap: 0    ;
24/02/21;13:30:21.736;INFO;Controller;Activity ExecRobotTask ended. Return value: Done True/False/False;
24/02/21;13:30:21.736;INFO;Controller;State = Ready;
24/02/21;13:30:21.748;INFO;Server;Command: ExecRobotTask (Park,500000);
24/02/21;13:30:21.749;INFO;Controller;Executing asynchronous activity: ExecRobotTask;
24/02/21;13:30:21.749;INFO;Controller;Status = Executing: Park;
24/02/21;13:30:21.749;INFO;Controller;State = Running;
24/02/21;13:30:22.631;INFO;Robot Runtime;executing:    Park;
24/02/21;13:30:24.388;INFO;Controller;Activity ExecRobotTask ended. Return value: Done;
24/02/21;13:30:24.388;INFO;Controller;State = Ready;
24/02/21;13:30:24.404;INFO;Server;Command: ExecRobotTask (UnlatchRobGov,500000);
24/02/21;13:30:24.404;INFO;Controller;Executing asynchronous activity: ExecRobotTask;
24/02/21;13:30:24.404;INFO;Controller;Status = Executing: UnlatchRobGov;
24/02/21;13:30:24.404;INFO;Controller;State = Running;
24/02/21;13:30:25.376;INFO;Robot Runtime;executing:    UnlatchRobGov;
24/02/21;13:30:25.807;INFO;Controller;Activity ExecRobotTask ended. Return value: Done;
24/02/21;13:30:25.807;INFO;Controller;State = Ready;
24/02/21;13:33:00.807;INFO;Server;Command: ExecRobotTask (Unmount,500000);
24/02/21;13:33:00.807;INFO;Controller;Executing asynchronous activity: ExecRobotTask;
24/02/21;13:33:00.807;INFO;Controller;Status = Executing: Unmount;
24/02/21;13:33:00.807;INFO;Controller;State = Running;
24/02/21;13:33:01.702;INFO;Robot Runtime;executing:    Unmount;
24/02/21;13:33:09.508;INFO;Robot Runtime;Sample Gap: -0.848;
24/02/21;13:33:10.887;INFO;Controller;Activity ExecRobotTask ended. Return value: Done False/True/False;
24/02/21;13:33:10.887;INFO;Controller;State = Ready;
24/02/21;13:33:10.899;INFO;Server;Command: ExecRobotTask (Unload,500000);
24/02/21;13:33:10.899;INFO;Controller;Executing asynchronous activity: ExecRobotTask;
24/02/21;13:33:10.899;INFO;Controller;Status = Executing: Unload;
24/02/21;13:33:10.899;INFO;Controller;State = Running;
24/02/21;13:33:11.779;INFO;Robot Runtime;executing:    Unload;
24/02/21;13:33:14.773;INFO;Robot Runtime;Sample Gap: 0    ;
24/02/21;13:33:15.750;INFO;Controller;Activity ExecRobotTask ended. Return value: Done False/False/False;
24/02/21;13:33:15.750;INFO;Controller;State = Ready;
24/02/21;13:33:17.353;INFO;Server;Command: ExecRobotTask (Load,500000);
24/02/21;13:33:17.354;INFO;Controller;Executing asynchronous activity: ExecRobotTask;
24/02/21;13:33:17.354;INFO;Controller;Status = Executing: Load;
24/02/21;13:33:17.354;INFO;Controller;State = Running;
24/02/21;13:33:18.659;INFO;Robot Runtime;executing:    Load;
24/02/21;13:33:23.284;INFO;Robot Runtime;Sample Gap: -0.8  ;
24/02/21;13:33:24.823;INFO;Controller;Activity ExecRobotTask ended. Return value: Done False/True/False;
24/02/21;13:33:24.823;INFO;Controller;State = Ready;
24/02/21;13:33:24.832;INFO;Server;Command: ExecRobotTask (Mount,500000);
24/02/21;13:33:24.833;INFO;Controller;Executing asynchronous activity: ExecRobotTask;
24/02/21;13:33:24.833;INFO;Controller;Status = Executing: Mount;
24/02/21;13:33:24.833;INFO;Controller;State = Running;
24/02/21;13:33:25.785;INFO;Robot Runtime;executing:    Mount;
24/02/21;13:33:28.888;INFO;Robot Runtime;Sample Gap: 0    ;
24/02/21;13:33:30.036;INFO;Controller;Activity ExecRobotTask ended. Return value: Done True/False/False;
24/02/21;13:33:30.036;INFO;Controller;State = Ready;
24/02/21;13:33:30.053;INFO;Server;Command: ExecRobotTask (Park,500000);
24/02/21;13:33:30.053;INFO;Controller;Executing asynchronous activity: ExecRobotTask;
24/02/21;13:33:30.053;INFO;Controller;Status = Executing: Park;
24/02/21;13:33:30.053;INFO;Controller;State = Running;
24/02/21;13:33:30.937;INFO;Robot Runtime;executing:    Park;
24/02/21;13:33:32.683;INFO;Controller;Activity ExecRobotTask ended. Return value: Done;
24/02/21;13:33:32.683;INFO;Controller;State = Ready;
24/02/21;13:33:32.700;INFO;Server;Command: ExecRobotTask (UnlatchRobGov,500000);
24/02/21;13:33:32.700;INFO;Controller;Executing asynchronous activity: ExecRobotTask;
24/02/21;13:33:32.700;INFO;Controller;Status = Executing: UnlatchRobGov;
24/02/21;13:33:32.700;INFO;Controller;State = Running;
24/02/21;13:33:33.632;INFO;Robot Runtime;executing:    UnlatchRobGov;
24/02/21;13:33:34.098;INFO;Controller;Activity ExecRobotTask ended. Return value: Done;
24/02/21;13:33:34.098;INFO;Controller;State = Ready;
24/02/21;13:41:44.066;INFO;Server;Command: ExecRobotTask (Initialize,500000);
24/02/21;13:41:44.066;INFO;Controller;Executing asynchronous activity: ExecRobotTask;
24/02/21;13:41:44.066;INFO;Controller;Status = Executing: Initialize;
24/02/21;13:41:44.066;INFO;Controller;State = Running;
24/02/21;13:41:45.071;INFO;Robot Runtime;executing:    Initialize;
24/02/21;13:41:46.334;INFO;Controller;Activity ExecRobotTask ended. Return value: Done;
24/02/21;13:41:46.334;INFO;Controller;State = Ready;
24/02/21;13:41:46.548;INFO;Server;Command: ExecRobotTask (Unmount,500000);
24/02/21;13:41:46.548;INFO;Controller;Executing asynchronous activity: ExecRobotTask;
24/02/21;13:41:46.548;INFO;Controller;Status = Executing: Unmount;
24/02/21;13:41:46.548;INFO;Controller;State = Running;
24/02/21;13:41:47.785;INFO;Robot Runtime;executing:    Unmount;
24/02/21;13:42:13.980;INFO;Robot Runtime;Sample Gap: -0.691;
24/02/21;13:42:15.575;INFO;Controller;Activity ExecRobotTask ended. Return value: Done False/True/False;
24/02/21;13:42:15.575;INFO;Controller;State = Ready;
24/02/21;13:42:15.585;INFO;Server;Command: ExecRobotTask (Unload,500000);
24/02/21;13:42:15.586;INFO;Controller;Executing asynchronous activity: ExecRobotTask;
24/02/21;13:42:15.586;INFO;Controller;Status = Executing: Unload;
24/02/21;13:42:15.586;INFO;Controller;State = Running;
24/02/21;13:42:16.475;INFO;Robot Runtime;executing:    Unload;
24/02/21;13:42:31.252;INFO;Robot Runtime;Sample Gap: 0    ;
24/02/21;13:42:32.196;INFO;Controller;Activity ExecRobotTask ended. Return value: Done False/False/False;
24/02/21;13:42:32.197;INFO;Controller;State = Ready;
24/02/21;13:42:32.296;INFO;Server;Command: ExecRobotTask (Initialize,500000);
24/02/21;13:42:32.296;INFO;Controller;Executing asynchronous activity: ExecRobotTask;
24/02/21;13:42:32.296;INFO;Controller;Status = Executing: Initialize;
24/02/21;13:42:32.296;INFO;Controller;State = Running;
24/02/21;13:42:33.171;INFO;Robot Runtime;executing:    Initialize;
24/02/21;13:42:33.683;INFO;Controller;Activity ExecRobotTask ended. Return value: Done;
24/02/21;13:42:33.683;INFO;Controller;State = Ready;
24/02/21;13:42:33.699;INFO;Server;Command: ExecRobotTask (Home,500000);
24/02/21;13:42:33.700;INFO;Controller;Executing asynchronous activity: ExecRobotTask;
24/02/21;13:42:33.700;INFO;Controller;Status = Executing: Home;
24/02/21;13:42:33.700;INFO;Controller;State = Running;
24/02/21;13:42:34.583;INFO;Robot Runtime;executing:    Home;
24/02/21;13:42:35.701;INFO;Controller;Activity ExecRobotTask ended. Return value: Done;
24/02/21;13:42:35.702;INFO;Controller;State = Ready;
24/02/21;13:42:35.717;INFO;Server;Command: ExecRobotTask (Park,500000);
24/02/21;13:42:35.717;INFO;Controller;Executing asynchronous activity: ExecRobotTask;
24/02/21;13:42:35.717;INFO;Controller;Status = Executing: Park;
24/02/21;13:42:35.717;INFO;Controller;State = Running;
24/02/21;13:42:36.591;INFO;Robot Runtime;executing:    Park;
24/02/21;13:42:40.063;INFO;Controller;Activity ExecRobotTask ended. Return value: Done;
24/02/21;13:42:40.063;INFO;Controller;State = Ready;
24/02/21;13:44:50.744;INFO;Server;Command: ExecRobotTask (Initialize,500000);
24/02/21;13:44:50.744;INFO;Controller;Executing asynchronous activity: ExecRobotTask;
24/02/21;13:44:50.745;INFO;Controller;Status = Executing: Initialize;
24/02/21;13:44:50.745;INFO;Controller;State = Running;
24/02/21;13:44:51.618;INFO;Robot Runtime;executing:    Initialize;
24/02/21;13:44:51.779;INFO;Controller;Activity ExecRobotTask ended. Return value: Done;
24/02/21;13:44:51.779;INFO;Controller;State = Ready;
24/02/21;13:44:51.996;INFO;Server;Command: ExecRobotTask (Load,500000);
24/02/21;13:44:51.996;INFO;Controller;Executing asynchronous activity: ExecRobotTask;
24/02/21;13:44:51.996;INFO;Controller;Status = Executing: Load;
24/02/21;13:44:51.996;INFO;Controller;State = Running;
24/02/21;13:44:53.024;INFO;Robot Runtime;executing:    Load;
24/02/21;13:45:00.903;INFO;Robot Runtime;Sample Gap: -0.8  ;
24/02/21;13:45:02.325;INFO;Controller;Activity ExecRobotTask ended. Return value: Done False/True/True;
24/02/21;13:45:02.325;INFO;Controller;State = Ready;
24/02/21;13:45:02.339;INFO;Server;Command: ExecRobotTask (Home,500000);
24/02/21;13:45:02.339;INFO;Controller;Executing asynchronous activity: ExecRobotTask;
24/02/21;13:45:02.339;INFO;Controller;Status = Executing: Home;
24/02/21;13:45:02.339;INFO;Controller;State = Running;
24/02/21;13:45:03.218;INFO;Robot Runtime;executing:    Home;
24/02/21;13:45:04.596;INFO;Controller;Activity ExecRobotTask ended. Return value: Done;
24/02/21;13:45:04.596;INFO;Controller;State = Ready;
24/02/21;13:45:04.608;INFO;Server;Command: ExecRobotTask (Unload,500000);
24/02/21;13:45:04.608;INFO;Controller;Executing asynchronous activity: ExecRobotTask;
24/02/21;13:45:04.608;INFO;Controller;Status = Executing: Unload;
24/02/21;13:45:04.608;INFO;Controller;State = Running;
24/02/21;13:45:05.856;INFO;Robot Runtime;executing:    Unload;
24/02/21;13:45:09.530;INFO;Robot Runtime;Sample Gap: 0    ;
24/02/21;13:45:10.356;INFO;Controller;Activity ExecRobotTask ended. Return value: Done False/False/False;
24/02/21;13:45:10.356;INFO;Controller;State = Ready;
24/02/21;13:45:10.377;INFO;Server;Command: ExecRobotTask (Home,500000);
24/02/21;13:45:10.377;INFO;Controller;Executing asynchronous activity: ExecRobotTask;
24/02/21;13:45:10.377;INFO;Controller;Status = Executing: Home;
24/02/21;13:45:10.377;INFO;Controller;State = Running;
24/02/21;13:45:11.253;INFO;Robot Runtime;executing:    Home;
24/02/21;13:45:12.383;INFO;Controller;Activity ExecRobotTask ended. Return value: Done;
24/02/21;13:45:12.384;INFO;Controller;State = Ready;
24/02/21;13:45:12.400;INFO;Server;Command: ExecRobotTask (Park,500000);
24/02/21;13:45:12.400;INFO;Controller;Executing asynchronous activity: ExecRobotTask;
24/02/21;13:45:12.400;INFO;Controller;Status = Executing: Park;
24/02/21;13:45:12.401;INFO;Controller;State = Running;
24/02/21;13:45:13.278;INFO;Robot Runtime;executing:    Park;
24/02/21;13:45:16.494;INFO;Controller;Activity ExecRobotTask ended. Return value: Done;
24/02/21;13:45:16.494;INFO;Controller;State = Ready;
24/02/21;13:45:36.800;INFO;Server;Command: ExecRobotTask (Initialize,500000);
24/02/21;13:45:36.800;INFO;Controller;Executing asynchronous activity: ExecRobotTask;
24/02/21;13:45:36.800;INFO;Controller;Status = Executing: Initialize;
24/02/21;13:45:36.800;INFO;Controller;State = Running;
24/02/21;13:45:37.702;INFO;Robot Runtime;executing:    Initialize;
24/02/21;13:45:37.869;INFO;Controller;Activity ExecRobotTask ended. Return value: Done;
24/02/21;13:45:37.869;INFO;Controller;State = Ready;
24/02/21;13:45:38.082;INFO;Server;Command: ExecRobotTask (Load,500000);
24/02/21;13:45:38.082;INFO;Controller;Executing asynchronous activity: ExecRobotTask;
24/02/21;13:45:38.082;INFO;Controller;Status = Executing: Load;
24/02/21;13:45:38.082;INFO;Controller;State = Running;
24/02/21;13:45:38.969;INFO;Robot Runtime;executing:    Load;
24/02/21;13:45:46.867;INFO;Robot Runtime;Sample Gap: -0.8  ;
24/02/21;13:45:48.401;INFO;Controller;Activity ExecRobotTask ended. Return value: Done False/True/False;
24/02/21;13:45:48.402;INFO;Controller;State = Ready;
24/02/21;13:45:48.430;INFO;Server;Command: ExecRobotTask (Mount,500000);
24/02/21;13:45:48.432;INFO;Controller;Executing asynchronous activity: ExecRobotTask;
24/02/21;13:45:48.432;INFO;Controller;Status = Executing: Mount;
24/02/21;13:45:48.432;INFO;Controller;State = Running;
24/02/21;13:45:49.351;INFO;Robot Runtime;executing:    Mount;
24/02/21;13:45:52.600;INFO;Robot Runtime;Sample Gap: 0    ;
24/02/21;13:45:53.625;INFO;Controller;Activity ExecRobotTask ended. Return value: Done True/False/False;
24/02/21;13:45:53.625;INFO;Controller;State = Ready;
24/02/21;13:45:53.656;INFO;Server;Command: ExecRobotTask (Park,500000);
24/02/21;13:45:53.656;INFO;Controller;Executing asynchronous activity: ExecRobotTask;
24/02/21;13:45:53.656;INFO;Controller;Status = Executing: Park;
24/02/21;13:45:53.656;INFO;Controller;State = Running;
24/02/21;13:45:54.534;INFO;Robot Runtime;executing:    Park;
24/02/21;13:45:56.269;INFO;Controller;Activity ExecRobotTask ended. Return value: Done;
24/02/21;13:45:56.270;INFO;Controller;State = Ready;
24/02/21;13:45:56.286;INFO;Server;Command: ExecRobotTask (UnlatchRobGov,500000);
24/02/21;13:45:56.287;INFO;Controller;Executing asynchronous activity: ExecRobotTask;
24/02/21;13:45:56.287;INFO;Controller;Status = Executing: UnlatchRobGov;
24/02/21;13:45:56.287;INFO;Controller;State = Running;
24/02/21;13:45:57.300;INFO;Robot Runtime;executing:    UnlatchRobGov;
24/02/21;13:45:57.695;INFO;Controller;Activity ExecRobotTask ended. Return value: Done;
24/02/21;13:45:57.695;INFO;Controller;State = Ready;
24/02/21;13:50:18.136;INFO;Server;Command: ExecRobotTask (Unmount,500000);
24/02/21;13:50:18.136;INFO;Controller;Executing asynchronous activity: ExecRobotTask;
24/02/21;13:50:18.136;INFO;Controller;Status = Executing: Unmount;
24/02/21;13:50:18.136;INFO;Controller;State = Running;
24/02/21;13:50:19.380;INFO;Robot Runtime;executing:    Unmount;
24/02/21;13:50:26.546;INFO;Robot Runtime;Sample Gap: -0.706;
24/02/21;13:50:28.091;INFO;Controller;Activity ExecRobotTask ended. Return value: Done False/True/False;
24/02/21;13:50:28.091;INFO;Controller;State = Ready;
24/02/21;13:50:28.105;INFO;Server;Command: ExecRobotTask (Unload,500000);
24/02/21;13:50:28.105;INFO;Controller;Executing asynchronous activity: ExecRobotTask;
24/02/21;13:50:28.105;INFO;Controller;Status = Executing: Unload;
24/02/21;13:50:28.105;INFO;Controller;State = Running;
24/02/21;13:50:29.015;INFO;Robot Runtime;executing:    Unload;
24/02/21;13:50:31.968;INFO;Robot Runtime;Sample Gap: 0    ;
24/02/21;13:50:32.808;INFO;Controller;Activity ExecRobotTask ended. Return value: Done False/False/False;
24/02/21;13:50:32.808;INFO;Controller;State = Ready;
24/02/21;13:50:34.375;INFO;Server;Command: ExecRobotTask (Load,500000);
24/02/21;13:50:34.375;INFO;Controller;Executing asynchronous activity: ExecRobotTask;
24/02/21;13:50:34.375;INFO;Controller;Status = Executing: Load;
24/02/21;13:50:34.375;INFO;Controller;State = Running;
24/02/21;13:50:35.297;INFO;Robot Runtime;executing:    Load;
24/02/21;13:50:39.972;INFO;Robot Runtime;Sample Gap: -0.701;
24/02/21;13:50:41.545;INFO;Controller;Activity ExecRobotTask ended. Return value: Done False/True/False;
24/02/21;13:50:41.546;INFO;Controller;State = Ready;
24/02/21;13:50:41.563;INFO;Server;Command: ExecRobotTask (Mount,500000);
24/02/21;13:50:41.564;INFO;Controller;Executing asynchronous activity: ExecRobotTask;
24/02/21;13:50:41.564;INFO;Controller;Status = Executing: Mount;
24/02/21;13:50:41.564;INFO;Controller;State = Running;
24/02/21;13:50:42.578;INFO;Robot Runtime;executing:    Mount;
24/02/21;13:50:45.700;INFO;Robot Runtime;Sample Gap: 0    ;
24/02/21;13:50:46.784;INFO;Controller;Activity ExecRobotTask ended. Return value: Done True/False/False;
24/02/21;13:50:46.784;INFO;Controller;State = Ready;
24/02/21;13:50:46.804;INFO;Server;Command: ExecRobotTask (Park,500000);
24/02/21;13:50:46.805;INFO;Controller;Executing asynchronous activity: ExecRobotTask;
24/02/21;13:50:46.805;INFO;Controller;Status = Executing: Park;
24/02/21;13:50:46.805;INFO;Controller;State = Running;
24/02/21;13:50:48.020;INFO;Robot Runtime;executing:    Park;
24/02/21;13:50:50.136;INFO;Controller;Activity ExecRobotTask ended. Return value: Done;
24/02/21;13:50:50.136;INFO;Controller;State = Ready;
24/02/21;13:50:50.155;INFO;Server;Command: ExecRobotTask (UnlatchRobGov,500000);
24/02/21;13:50:50.156;INFO;Controller;Executing asynchronous activity: ExecRobotTask;
24/02/21;13:50:50.156;INFO;Controller;Status = Executing: UnlatchRobGov;
24/02/21;13:50:50.156;INFO;Controller;State = Running;
24/02/21;13:50:51.090;INFO;Robot Runtime;executing:    UnlatchRobGov;
24/02/21;13:50:51.221;INFO;Controller;Activity ExecRobotTask ended. Return value: Done;
24/02/21;13:50:51.221;INFO;Controller;State = Ready;
24/02/21;13:55:18.217;INFO;Server;Command: ExecRobotTask (Initialize,500000);
24/02/21;13:55:18.217;INFO;Controller;Executing asynchronous activity: ExecRobotTask;
24/02/21;13:55:18.218;INFO;Controller;Status = Executing: Initialize;
24/02/21;13:55:18.218;INFO;Controller;State = Running;
24/02/21;13:55:19.167;INFO;Robot Runtime;executing:    Initialize;
24/02/21;13:55:20.587;INFO;Controller;Activity ExecRobotTask ended. Return value: Done;
24/02/21;13:55:20.587;INFO;Controller;State = Ready;
24/02/21;13:55:20.802;INFO;Server;Command: ExecRobotTask (Unmount,500000);
24/02/21;13:55:20.802;INFO;Controller;Executing asynchronous activity: ExecRobotTask;
24/02/21;13:55:20.803;INFO;Controller;Status = Executing: Unmount;
24/02/21;13:55:20.803;INFO;Controller;State = Running;
24/02/21;13:55:21.731;INFO;Robot Runtime;executing:    Unmount;
24/02/21;13:55:42.263;INFO;Robot Runtime;Sample Gap: -0.796;
24/02/21;13:55:43.915;INFO;Controller;Activity ExecRobotTask ended. Return value: Done False/True/False;
24/02/21;13:55:43.916;INFO;Controller;State = Ready;
24/02/21;13:55:43.935;INFO;Server;Command: ExecRobotTask (Unload,500000);
24/02/21;13:55:43.935;INFO;Controller;Executing asynchronous activity: ExecRobotTask;
24/02/21;13:55:43.935;INFO;Controller;Status = Executing: Unload;
24/02/21;13:55:43.936;INFO;Controller;State = Running;
24/02/21;13:55:44.828;INFO;Robot Runtime;executing:    Unload;
24/02/21;13:55:56.801;INFO;Robot Runtime;Sample Gap: 0    ;
24/02/21;13:55:57.686;INFO;Controller;Activity ExecRobotTask ended. Return value: Done False/False/False;
24/02/21;13:55:57.686;INFO;Controller;State = Ready;
24/02/21;13:55:57.809;INFO;Server;Command: ExecRobotTask (Initialize,500000);
24/02/21;13:55:57.809;INFO;Controller;Executing asynchronous activity: ExecRobotTask;
24/02/21;13:55:57.809;INFO;Controller;Status = Executing: Initialize;
24/02/21;13:55:57.809;INFO;Controller;State = Running;
24/02/21;13:55:58.689;INFO;Robot Runtime;executing:    Initialize;
24/02/21;13:55:59.196;INFO;Controller;Activity ExecRobotTask ended. Return value: Done;
24/02/21;13:55:59.196;INFO;Controller;State = Ready;
24/02/21;13:55:59.213;INFO;Server;Command: ExecRobotTask (Home,500000);
24/02/21;13:55:59.213;INFO;Controller;Executing asynchronous activity: ExecRobotTask;
24/02/21;13:55:59.213;INFO;Controller;Status = Executing: Home;
24/02/21;13:55:59.213;INFO;Controller;State = Running;
24/02/21;13:56:00.138;INFO;Robot Runtime;executing:    Home;
24/02/21;13:56:01.245;INFO;Controller;Activity ExecRobotTask ended. Return value: Done;
24/02/21;13:56:01.245;INFO;Controller;State = Ready;
24/02/21;13:56:01.260;INFO;Server;Command: ExecRobotTask (Park,500000);
24/02/21;13:56:01.261;INFO;Controller;Executing asynchronous activity: ExecRobotTask;
24/02/21;13:56:01.261;INFO;Controller;Status = Executing: Park;
24/02/21;13:56:01.261;INFO;Controller;State = Running;
24/02/21;13:56:02.475;INFO;Robot Runtime;executing:    Park;
24/02/21;13:56:05.298;INFO;Controller;Activity ExecRobotTask ended. Return value: Done;
24/02/21;13:56:05.298;INFO;Controller;State = Ready;
24/02/21;13:56:22.713;INFO;Server;Command: ExecRobotTask (Initialize,500000);
24/02/21;13:56:22.713;INFO;Controller;Executing asynchronous activity: ExecRobotTask;
24/02/21;13:56:22.713;INFO;Controller;Status = Executing: Initialize;
24/02/21;13:56:22.713;INFO;Controller;State = Running;
24/02/21;13:56:23.582;INFO;Robot Runtime;executing:    Initialize;
24/02/21;13:56:23.726;INFO;Controller;Activity ExecRobotTask ended. Return value: Done;
24/02/21;13:56:23.726;INFO;Controller;State = Ready;
24/02/21;13:56:23.740;INFO;Server;Command: ExecRobotTask (UnlatchRobGov,500000);
24/02/21;13:56:23.740;INFO;Controller;Executing asynchronous activity: ExecRobotTask;
24/02/21;13:56:23.740;INFO;Controller;Status = Executing: UnlatchRobGov;
24/02/21;13:56:23.740;INFO;Controller;State = Running;
24/02/21;13:56:24.670;INFO;Robot Runtime;executing:    UnlatchRobGov;
24/02/21;13:56:25.137;INFO;Controller;Activity ExecRobotTask ended. Return value: Done;
24/02/21;13:56:25.137;INFO;Controller;State = Ready;
24/02/21;13:56:25.155;INFO;Server;Command: ExecRobotTask (Home,500000);
24/02/21;13:56:25.155;INFO;Controller;Executing asynchronous activity: ExecRobotTask;
24/02/21;13:56:25.155;INFO;Controller;Status = Executing: Home;
24/02/21;13:56:25.155;INFO;Controller;State = Running;
24/02/21;13:56:26.031;INFO;Robot Runtime;executing:    Home;
24/02/21;13:56:28.205;INFO;Controller;Activity ExecRobotTask ended. Return value: Done;
24/02/21;13:56:28.205;INFO;Controller;State = Ready;
24/02/21;13:56:28.220;INFO;Server;Command: ExecRobotTask (Finish,500000);
24/02/21;13:56:28.220;INFO;Controller;Executing asynchronous activity: ExecRobotTask;
24/02/21;13:56:28.221;INFO;Controller;Status = Executing: Finish;
24/02/21;13:56:28.221;INFO;Controller;State = Running;
24/02/21;13:56:29.228;INFO;Robot Runtime;executing:    Finish;
24/02/21;13:58:37.365;INFO;Controller;Activity ExecRobotTask ended. Return value: Done;
24/02/21;13:58:37.365;INFO;Controller;State = Ready;
24/02/21;14:00:23.765;INFO;Server;Command: ExecRobotTask (Initialize,500000);
24/02/21;14:00:23.765;INFO;Controller;Executing asynchronous activity: ExecRobotTask;
24/02/21;14:00:23.766;INFO;Controller;Status = Executing: Initialize;
24/02/21;14:00:23.766;INFO;Controller;State = Running;
24/02/21;14:00:24.710;INFO;Robot Runtime;executing:    Initialize;
24/02/21;14:00:25.622;INFO;Controller;Activity ExecRobotTask ended. Return value: Done;
24/02/21;14:00:25.622;INFO;Controller;State = Ready;
24/02/21;14:00:25.644;INFO;Server;Command: ExecRobotTask (UnlatchRobGov,500000);
24/02/21;14:00:25.645;INFO;Controller;Executing asynchronous activity: ExecRobotTask;
24/02/21;14:00:25.645;INFO;Controller;Status = Executing: UnlatchRobGov;
24/02/21;14:00:25.645;INFO;Controller;State = Running;
24/02/21;14:00:35.668;INFO;Robot;Abort;
24/02/21;14:00:35.761;INFO;Controller;Activity ExecRobotTask ended with exception: Timeout waiting busy;
24/02/21;14:00:35.761;WARNING;Activity;Exception: Robot timeout waiting busy
Stack trace:
org.embl.ctrl.Device$TimeoutWaitBusyException: Timeout waiting busy
	at org.embl.dev.staubli.StaubliRobot.executeTask(StaubliRobot.java:1162)
	at org.embl.dev.staubli.StaubliRobot.executeTask(StaubliRobot.java:1124)
	at org.embl.sw.Control.execRobotTask(Control.java:489)
	at org.embl.sw.Control$2.run(Control.java:380)
	at org.embl.task.ActivityManager.runTask(ActivityManager.java:104)
	at org.embl.task.ActivityManager.access$000(ActivityManager.java:22)
	at org.embl.task.ActivityManager$ActivityThread.run(ActivityManager.java:145)
;
24/02/21;14:00:35.761;INFO;Controller;State = Ready;
24/02/21;14:00:47.038;INFO;Server;Command: ExecRobotTask (Initialize,500000);
24/02/21;14:00:47.038;INFO;Controller;Executing asynchronous activity: ExecRobotTask;
24/02/21;14:00:47.038;INFO;Controller;Status = Executing: Initialize;
24/02/21;14:00:47.038;INFO;Controller;State = Running;
24/02/21;14:00:47.930;INFO;Robot Runtime;executing:    Initialize;
24/02/21;14:00:48.477;INFO;Controller;Activity ExecRobotTask ended. Return value: Done;
24/02/21;14:00:48.477;INFO;Controller;State = Ready;
24/02/21;14:00:48.496;INFO;Server;Command: ExecRobotTask (UnlatchRobGov,500000);
24/02/21;14:00:48.496;INFO;Controller;Executing asynchronous activity: ExecRobotTask;
24/02/21;14:00:48.496;INFO;Controller;Status = Executing: UnlatchRobGov;
24/02/21;14:00:48.496;INFO;Controller;State = Running;
24/02/21;14:00:49.371;INFO;Robot Runtime;executing:    UnlatchRobGov;
24/02/21;14:00:49.540;INFO;Controller;Activity ExecRobotTask ended. Return value: Done;
24/02/21;14:00:49.540;INFO;Controller;State = Ready;
24/02/21;14:00:49.563;INFO;Server;Command: ExecRobotTask (Home,500000);
24/02/21;14:00:49.563;INFO;Controller;Executing asynchronous activity: ExecRobotTask;
24/02/21;14:00:49.563;INFO;Controller;Status = Executing: Home;
24/02/21;14:00:49.563;INFO;Controller;State = Running;
24/02/21;14:00:50.741;INFO;Robot Runtime;executing:    Home;
24/02/21;14:00:51.232;INFO;Controller;Activity ExecRobotTask ended. Return value: Done;
24/02/21;14:00:51.232;INFO;Controller;State = Ready;
24/02/21;14:00:51.257;INFO;Server;Command: ExecRobotTask (Finish,500000);
24/02/21;14:00:51.257;INFO;Controller;Executing asynchronous activity: ExecRobotTask;
24/02/21;14:00:51.257;INFO;Controller;Status = Executing: Finish;
24/02/21;14:00:51.257;INFO;Controller;State = Running;
24/02/21;14:00:52.132;INFO;Robot Runtime;executing:    Finish;
24/02/21;14:02:29.178;INFO;Controller;Activity ExecRobotTask ended. Return value: Done;
24/02/21;14:02:29.178;INFO;Controller;State = Ready;
24/02/21;14:02:40.755;INFO;Server;Command: ExecRobotTask (Initialize,500000);
24/02/21;14:02:40.755;INFO;Controller;Executing asynchronous activity: ExecRobotTask;
24/02/21;14:02:40.755;INFO;Controller;Status = Executing: Initialize;
24/02/21;14:02:40.755;INFO;Controller;State = Running;
24/02/21;14:02:41.663;INFO;Robot Runtime;executing:    Initialize;
24/02/21;14:02:42.910;INFO;Controller;Activity ExecRobotTask ended. Return value: Done;
24/02/21;14:02:42.910;INFO;Controller;State = Ready;
24/02/21;14:02:42.943;INFO;Server;Command: ExecRobotTask (Home,500000);
24/02/21;14:02:42.943;INFO;Controller;Executing asynchronous activity: ExecRobotTask;
24/02/21;14:02:42.943;INFO;Controller;Status = Executing: Home;
24/02/21;14:02:42.943;INFO;Controller;State = Running;
24/02/21;14:02:43.844;INFO;Robot Runtime;executing:    Home;
24/02/21;14:02:44.397;INFO;Controller;Activity ExecRobotTask ended. Return value: Done;
24/02/21;14:02:44.397;INFO;Controller;State = Ready;
24/02/21;14:02:44.412;INFO;Server;Command: ExecRobotTask (Park,500000);
24/02/21;14:02:44.412;INFO;Controller;Executing asynchronous activity: ExecRobotTask;
24/02/21;14:02:44.412;INFO;Controller;Status = Executing: Park;
24/02/21;14:02:44.412;INFO;Controller;State = Running;
24/02/21;14:02:45.304;INFO;Robot Runtime;executing:    Park;
24/02/21;14:02:48.508;INFO;Controller;Activity ExecRobotTask ended. Return value: Done;
24/02/21;14:02:48.508;INFO;Controller;State = Ready;
24/02/21;14:04:28.240;INFO;Server;Command: ExecRobotTask (Initialize,500000);
24/02/21;14:04:28.241;INFO;Controller;Executing asynchronous activity: ExecRobotTask;
24/02/21;14:04:28.241;INFO;Controller;Status = Executing: Initialize;
24/02/21;14:04:28.241;INFO;Controller;State = Running;
24/02/21;14:04:29.116;INFO;Robot Runtime;executing:    Initialize;
24/02/21;14:04:29.270;INFO;Controller;Activity ExecRobotTask ended. Return value: Done;
24/02/21;14:04:29.270;INFO;Controller;State = Ready;
24/02/21;14:04:29.492;INFO;Server;Command: ExecRobotTask (Load,500000);
24/02/21;14:04:29.492;INFO;Controller;Executing asynchronous activity: ExecRobotTask;
24/02/21;14:04:29.493;INFO;Controller;Status = Executing: Load;
24/02/21;14:04:29.493;INFO;Controller;State = Running;
24/02/21;14:04:30.407;INFO;Robot Runtime;executing:    Load;
24/02/21;14:04:38.385;INFO;Robot Runtime;Sample Gap: -0.716;
24/02/21;14:04:39.832;INFO;Controller;Activity ExecRobotTask ended. Return value: Done False/True/False;
24/02/21;14:04:39.832;INFO;Controller;State = Ready;
24/02/21;14:04:39.857;INFO;Server;Command: ExecRobotTask (Mount,500000);
24/02/21;14:04:39.858;INFO;Controller;Executing asynchronous activity: ExecRobotTask;
24/02/21;14:04:39.858;INFO;Controller;Status = Executing: Mount;
24/02/21;14:04:39.858;INFO;Controller;State = Running;
24/02/21;14:04:40.851;INFO;Robot Runtime;executing:    Mount;
24/02/21;14:04:44.084;INFO;Robot Runtime;Sample Gap: 0    ;
24/02/21;14:04:45.046;INFO;Controller;Activity ExecRobotTask ended. Return value: Done True/False/False;
24/02/21;14:04:45.046;INFO;Controller;State = Ready;
24/02/21;14:04:45.073;INFO;Server;Command: ExecRobotTask (Park,500000);
24/02/21;14:04:45.073;INFO;Controller;Executing asynchronous activity: ExecRobotTask;
24/02/21;14:04:45.073;INFO;Controller;Status = Executing: Park;
24/02/21;14:04:45.073;INFO;Controller;State = Running;
24/02/21;14:04:45.952;INFO;Robot Runtime;executing:    Park;
24/02/21;14:04:47.694;INFO;Controller;Activity ExecRobotTask ended. Return value: Done;
24/02/21;14:04:47.694;INFO;Controller;State = Ready;
24/02/21;14:04:47.714;INFO;Server;Command: ExecRobotTask (UnlatchRobGov,500000);
24/02/21;14:04:47.714;INFO;Controller;Executing asynchronous activity: ExecRobotTask;
24/02/21;14:04:47.714;INFO;Controller;Status = Executing: UnlatchRobGov;
24/02/21;14:04:47.714;INFO;Controller;State = Running;
24/02/21;14:04:48.975;INFO;Robot Runtime;executing:    UnlatchRobGov;
24/02/21;14:04:49.398;INFO;Controller;Activity ExecRobotTask ended. Return value: Done;
24/02/21;14:04:49.398;INFO;Controller;State = Ready;
24/02/21;14:06:38.390;INFO;Server;Command: ExecRobotTask (Unmount,500000);
24/02/21;14:06:38.391;INFO;Controller;Executing asynchronous activity: ExecRobotTask;
24/02/21;14:06:38.391;INFO;Controller;Status = Executing: Unmount;
24/02/21;14:06:38.391;INFO;Controller;State = Running;
24/02/21;14:06:39.304;INFO;Robot Runtime;executing:    Unmount;
24/02/21;14:06:47.287;INFO;Robot Runtime;Sample Gap: -0.812;
24/02/21;14:06:48.919;INFO;Controller;Activity ExecRobotTask ended. Return value: Done False/True/False;
24/02/21;14:06:48.920;INFO;Controller;State = Ready;
24/02/21;14:06:48.943;INFO;Server;Command: ExecRobotTask (Unload,500000);
24/02/21;14:06:48.944;INFO;Controller;Executing asynchronous activity: ExecRobotTask;
24/02/21;14:06:48.944;INFO;Controller;Status = Executing: Unload;
24/02/21;14:06:48.944;INFO;Controller;State = Running;
24/02/21;14:06:49.828;INFO;Robot Runtime;executing:    Unload;
24/02/21;14:06:52.812;INFO;Robot Runtime;Sample Gap: 0    ;
24/02/21;14:06:53.456;INFO;Controller;Activity ExecRobotTask ended. Return value: Done False/False/False;
24/02/21;14:06:53.456;INFO;Controller;State = Ready;
24/02/21;14:06:53.566;INFO;Server;Command: ExecRobotTask (Initialize,500000);
24/02/21;14:06:53.567;INFO;Controller;Executing asynchronous activity: ExecRobotTask;
24/02/21;14:06:53.567;INFO;Controller;Status = Executing: Initialize;
24/02/21;14:06:53.567;INFO;Controller;State = Running;
24/02/21;14:06:54.466;INFO;Robot Runtime;executing:    Initialize;
24/02/21;14:06:54.866;INFO;Controller;Activity ExecRobotTask ended. Return value: Done;
24/02/21;14:06:54.866;INFO;Controller;State = Ready;
24/02/21;14:06:54.885;INFO;Server;Command: ExecRobotTask (Home,500000);
24/02/21;14:06:54.885;INFO;Controller;Executing asynchronous activity: ExecRobotTask;
24/02/21;14:06:54.885;INFO;Controller;Status = Executing: Home;
24/02/21;14:06:54.886;INFO;Controller;State = Running;
24/02/21;14:06:55.862;INFO;Robot Runtime;executing:    Home;
24/02/21;14:06:56.728;INFO;Controller;Activity ExecRobotTask ended. Return value: Done;
24/02/21;14:06:56.728;INFO;Controller;State = Ready;
24/02/21;14:06:56.745;INFO;Server;Command: ExecRobotTask (Park,500000);
24/02/21;14:06:56.745;INFO;Controller;Executing asynchronous activity: ExecRobotTask;
24/02/21;14:06:56.745;INFO;Controller;Status = Executing: Park;
24/02/21;14:06:56.745;INFO;Controller;State = Running;
24/02/21;14:06:57.621;INFO;Robot Runtime;executing:    Park;
24/02/21;14:07:00.755;INFO;Controller;Activity ExecRobotTask ended. Return value: Done;
24/02/21;14:07:00.755;INFO;Controller;State = Ready;
24/02/21;14:07:17.105;INFO;Server;Command: ExecRobotTask (Initialize,500000);
24/02/21;14:07:17.106;INFO;Controller;Executing asynchronous activity: ExecRobotTask;
24/02/21;14:07:17.106;INFO;Controller;Status = Executing: Initialize;
24/02/21;14:07:17.106;INFO;Controller;State = Running;
24/02/21;14:07:17.974;INFO;Robot Runtime;executing:    Initialize;
24/02/21;14:07:18.105;INFO;Controller;Activity ExecRobotTask ended. Return value: Done;
24/02/21;14:07:18.106;INFO;Controller;State = Ready;
24/02/21;14:07:18.332;INFO;Server;Command: ExecRobotTask (Load,500000);
24/02/21;14:07:18.333;INFO;Controller;Executing asynchronous activity: ExecRobotTask;
24/02/21;14:07:18.333;INFO;Controller;Status = Executing: Load;
24/02/21;14:07:18.333;INFO;Controller;State = Running;
24/02/21;14:07:19.570;INFO;Robot Runtime;executing:    Load;
24/02/21;14:07:27.317;INFO;Robot Runtime;Sample Gap: -0.8  ;
24/02/21;14:07:28.523;INFO;Controller;Activity ExecRobotTask ended. Return value: Done False/True/False;
24/02/21;14:07:28.523;INFO;Controller;State = Ready;
24/02/21;14:07:28.540;INFO;Server;Command: ExecRobotTask (Mount,500000);
24/02/21;14:07:28.540;INFO;Controller;Executing asynchronous activity: ExecRobotTask;
24/02/21;14:07:28.541;INFO;Controller;Status = Executing: Mount;
24/02/21;14:07:28.541;INFO;Controller;State = Running;
24/02/21;14:07:29.472;INFO;Robot Runtime;executing:    Mount;
24/02/21;14:07:32.768;INFO;Robot Runtime;Sample Gap: 0    ;
24/02/21;14:07:33.887;INFO;Controller;Activity ExecRobotTask ended. Return value: Done True/False/False;
24/02/21;14:07:33.887;INFO;Controller;State = Ready;
24/02/21;14:07:33.914;INFO;Server;Command: ExecRobotTask (Park,500000);
24/02/21;14:07:33.915;INFO;Controller;Executing asynchronous activity: ExecRobotTask;
24/02/21;14:07:33.915;INFO;Controller;Status = Executing: Park;
24/02/21;14:07:33.915;INFO;Controller;State = Running;
24/02/21;14:07:34.791;INFO;Robot Runtime;executing:    Park;
24/02/21;14:07:36.525;INFO;Controller;Activity ExecRobotTask ended. Return value: Done;
24/02/21;14:07:36.525;INFO;Controller;State = Ready;
24/02/21;14:07:36.551;INFO;Server;Command: ExecRobotTask (UnlatchRobGov,500000);
24/02/21;14:07:36.551;INFO;Controller;Executing asynchronous activity: ExecRobotTask;
24/02/21;14:07:36.551;INFO;Controller;Status = Executing: UnlatchRobGov;
24/02/21;14:07:36.551;INFO;Controller;State = Running;
24/02/21;14:07:37.554;INFO;Robot Runtime;executing:    UnlatchRobGov;
24/02/21;14:07:37.947;INFO;Controller;Activity ExecRobotTask ended. Return value: Done;
24/02/21;14:07:37.947;INFO;Controller;State = Ready;
24/02/21;14:09:46.729;INFO;Server;Command: ExecRobotTask (Unmount,500000);
24/02/21;14:09:46.729;INFO;Controller;Executing asynchronous activity: ExecRobotTask;
24/02/21;14:09:46.729;INFO;Controller;Status = Executing: Unmount;
24/02/21;14:09:46.729;INFO;Controller;State = Running;
24/02/21;14:09:47.620;INFO;Robot Runtime;executing:    Unmount;
24/02/21;14:09:55.523;INFO;Robot Runtime;Sample Gap: -0.797;
24/02/21;14:09:56.858;INFO;Controller;Activity ExecRobotTask ended. Return value: Done False/True/False;
24/02/21;14:09:56.858;INFO;Controller;State = Ready;
24/02/21;14:09:56.883;INFO;Server;Command: ExecRobotTask (Unload,500000);
24/02/21;14:09:56.883;INFO;Controller;Executing asynchronous activity: ExecRobotTask;
24/02/21;14:09:56.883;INFO;Controller;Status = Executing: Unload;
24/02/21;14:09:56.883;INFO;Controller;State = Running;
24/02/21;14:09:57.765;INFO;Robot Runtime;executing:    Unload;
24/02/21;14:10:00.686;INFO;Robot Runtime;Sample Gap: 0    ;
24/02/21;14:10:01.309;INFO;Controller;Activity ExecRobotTask ended. Return value: Done False/False/False;
24/02/21;14:10:01.310;INFO;Controller;State = Ready;
24/02/21;14:10:02.920;INFO;Server;Command: ExecRobotTask (Load,500000);
24/02/21;14:10:02.920;INFO;Controller;Executing asynchronous activity: ExecRobotTask;
24/02/21;14:10:02.920;INFO;Controller;Status = Executing: Load;
24/02/21;14:10:02.920;INFO;Controller;State = Running;
24/02/21;14:10:04.148;INFO;Robot Runtime;executing:    Load;
24/02/21;14:10:08.793;INFO;Robot Runtime;Sample Gap: -0.474;
24/02/21;14:10:10.295;INFO;Controller;Activity ExecRobotTask ended. Return value: Done False/True/False;
24/02/21;14:10:10.295;INFO;Controller;State = Ready;
24/02/21;14:10:10.324;INFO;Server;Command: ExecRobotTask (Mount,500000);
24/02/21;14:10:10.324;INFO;Controller;Executing asynchronous activity: ExecRobotTask;
24/02/21;14:10:10.324;INFO;Controller;Status = Executing: Mount;
24/02/21;14:10:10.324;INFO;Controller;State = Running;
24/02/21;14:10:11.307;INFO;Robot Runtime;executing:    Mount;
24/02/21;14:10:14.397;INFO;Robot Runtime;Sample Gap: 0    ;
24/02/21;14:10:15.517;INFO;Controller;Activity ExecRobotTask ended. Return value: Done True/False/False;
24/02/21;14:10:15.517;INFO;Controller;State = Ready;
24/02/21;14:10:15.546;INFO;Server;Command: ExecRobotTask (Park,500000);
24/02/21;14:10:15.546;INFO;Controller;Executing asynchronous activity: ExecRobotTask;
24/02/21;14:10:15.546;INFO;Controller;Status = Executing: Park;
24/02/21;14:10:15.546;INFO;Controller;State = Running;
24/02/21;14:10:16.456;INFO;Robot Runtime;executing:    Park;
24/02/21;14:10:18.591;INFO;Controller;Activity ExecRobotTask ended. Return value: Done;
24/02/21;14:10:18.591;INFO;Controller;State = Ready;
24/02/21;14:10:18.616;INFO;Server;Command: ExecRobotTask (UnlatchRobGov,500000);
24/02/21;14:10:18.616;INFO;Controller;Executing asynchronous activity: ExecRobotTask;
24/02/21;14:10:18.616;INFO;Controller;Status = Executing: UnlatchRobGov;
24/02/21;14:10:18.616;INFO;Controller;State = Running;
24/02/21;14:10:19.547;INFO;Robot Runtime;executing:    UnlatchRobGov;
24/02/21;14:10:20.085;INFO;Controller;Activity ExecRobotTask ended. Return value: Done;
24/02/21;14:10:20.085;INFO;Controller;State = Ready;
24/02/21;14:12:39.728;INFO;Server;Command: ExecRobotTask (Unmount,500000);
24/02/21;14:12:39.728;INFO;Controller;Executing asynchronous activity: ExecRobotTask;
24/02/21;14:12:39.728;INFO;Controller;Status = Executing: Unmount;
24/02/21;14:12:39.728;INFO;Controller;State = Running;
24/02/21;14:12:40.623;INFO;Robot Runtime;executing:    Unmount;
24/02/21;14:12:48.270;INFO;Robot Runtime;Sample Gap: -0.778;
24/02/21;14:12:49.853;INFO;Controller;Activity ExecRobotTask ended. Return value: Done False/True/False;
24/02/21;14:12:49.853;INFO;Controller;State = Ready;
24/02/21;14:12:49.878;INFO;Server;Command: ExecRobotTask (Unload,500000);
24/02/21;14:12:49.878;INFO;Controller;Executing asynchronous activity: ExecRobotTask;
24/02/21;14:12:49.878;INFO;Controller;Status = Executing: Unload;
24/02/21;14:12:49.878;INFO;Controller;State = Running;
24/02/21;14:12:51.089;INFO;Robot Runtime;executing:    Unload;
24/02/21;14:12:54.059;INFO;Robot Runtime;Sample Gap: 0    ;
24/02/21;14:12:54.664;INFO;Controller;Activity ExecRobotTask ended. Return value: Done False/False/False;
24/02/21;14:12:54.664;INFO;Controller;State = Ready;
24/02/21;14:12:56.298;INFO;Server;Command: ExecRobotTask (Load,500000);
24/02/21;14:12:56.298;INFO;Controller;Executing asynchronous activity: ExecRobotTask;
24/02/21;14:12:56.298;INFO;Controller;Status = Executing: Load;
24/02/21;14:12:56.298;INFO;Controller;State = Running;
24/02/21;14:12:57.310;INFO;Robot Runtime;executing:    Load;
24/02/21;14:13:01.956;INFO;Robot Runtime;Sample Gap: -0.8  ;
24/02/21;14:13:03.175;INFO;Controller;Activity ExecRobotTask ended. Return value: Done False/True/False;
24/02/21;14:13:03.175;INFO;Controller;State = Ready;
24/02/21;14:13:03.196;INFO;Server;Command: ExecRobotTask (Mount,500000);
24/02/21;14:13:03.197;INFO;Controller;Executing asynchronous activity: ExecRobotTask;
24/02/21;14:13:03.197;INFO;Controller;Status = Executing: Mount;
24/02/21;14:13:03.197;INFO;Controller;State = Running;
24/02/21;14:13:04.102;INFO;Robot Runtime;executing:    Mount;
24/02/21;14:13:07.229;INFO;Robot Runtime;Sample Gap: 0    ;
24/02/21;14:13:08.279;INFO;Controller;Activity ExecRobotTask ended. Return value: Done True/False/False;
24/02/21;14:13:08.279;INFO;Controller;State = Ready;
24/02/21;14:13:08.306;INFO;Server;Command: ExecRobotTask (Park,500000);
24/02/21;14:13:08.306;INFO;Controller;Executing asynchronous activity: ExecRobotTask;
24/02/21;14:13:08.306;INFO;Controller;Status = Executing: Park;
24/02/21;14:13:08.306;INFO;Controller;State = Running;
24/02/21;14:13:09.185;INFO;Robot Runtime;executing:    Park;
24/02/21;14:13:10.920;INFO;Controller;Activity ExecRobotTask ended. Return value: Done;
24/02/21;14:13:10.920;INFO;Controller;State = Ready;
24/02/21;14:13:10.942;INFO;Server;Command: ExecRobotTask (UnlatchRobGov,500000);
24/02/21;14:13:10.943;INFO;Controller;Executing asynchronous activity: ExecRobotTask;
24/02/21;14:13:10.943;INFO;Controller;Status = Executing: UnlatchRobGov;
24/02/21;14:13:10.943;INFO;Controller;State = Running;
24/02/21;14:13:12.190;INFO;Robot Runtime;executing:    UnlatchRobGov;
24/02/21;14:13:12.627;INFO;Controller;Activity ExecRobotTask ended. Return value: Done;
24/02/21;14:13:12.627;INFO;Controller;State = Ready;
24/02/21;14:14:47.752;INFO;Server;Command: ExecRobotTask (Unmount,500000);
24/02/21;14:14:47.752;INFO;Controller;Executing asynchronous activity: ExecRobotTask;
24/02/21;14:14:47.752;INFO;Controller;Status = Executing: Unmount;
24/02/21;14:14:47.752;INFO;Controller;State = Running;
24/02/21;14:14:48.644;INFO;Robot Runtime;executing:    Unmount;
24/02/21;14:14:55.825;INFO;Robot Runtime;Sample Gap: -0.81 ;
24/02/21;14:14:57.425;INFO;Controller;Activity ExecRobotTask ended. Return value: Done False/True/False;
24/02/21;14:14:57.425;INFO;Controller;State = Ready;
24/02/21;14:14:57.452;INFO;Server;Command: ExecRobotTask (Unload,500000);
24/02/21;14:14:57.452;INFO;Controller;Executing asynchronous activity: ExecRobotTask;
24/02/21;14:14:57.452;INFO;Controller;Status = Executing: Unload;
24/02/21;14:14:57.452;INFO;Controller;State = Running;
24/02/21;14:14:58.451;INFO;Robot Runtime;executing:    Unload;
24/02/21;14:15:01.453;INFO;Robot Runtime;Sample Gap: 0    ;
24/02/21;14:15:02.396;INFO;Controller;Activity ExecRobotTask ended. Return value: Done False/False/False;
24/02/21;14:15:02.396;INFO;Controller;State = Ready;
24/02/21;14:15:04.155;INFO;Server;Command: ExecRobotTask (Load,500000);
24/02/21;14:15:04.156;INFO;Controller;Executing asynchronous activity: ExecRobotTask;
24/02/21;14:15:04.162;INFO;Controller;Status = Executing: Load;
24/02/21;14:15:04.163;INFO;Controller;State = Running;
24/02/21;14:15:05.082;INFO;Robot Runtime;executing:    Load;
24/02/21;14:15:09.761;INFO;Robot Runtime;Sample Gap: -0.366;
24/02/21;14:15:10.996;INFO;Controller;Activity ExecRobotTask ended. Return value: Done False/True/True;
24/02/21;14:15:10.996;INFO;Controller;State = Ready;
24/02/21;14:15:11.027;INFO;Server;Command: ExecRobotTask (Home,500000);
24/02/21;14:15:11.027;INFO;Controller;Executing asynchronous activity: ExecRobotTask;
24/02/21;14:15:11.028;INFO;Controller;Status = Executing: Home;
24/02/21;14:15:11.028;INFO;Controller;State = Running;
24/02/21;14:15:11.931;INFO;Robot Runtime;executing:    Home;
24/02/21;14:15:13.192;INFO;Controller;Activity ExecRobotTask ended. Return value: Done;
24/02/21;14:15:13.192;INFO;Controller;State = Ready;
24/02/21;14:15:13.218;INFO;Server;Command: ExecRobotTask (Unload,500000);
24/02/21;14:15:13.218;INFO;Controller;Executing asynchronous activity: ExecRobotTask;
24/02/21;14:15:13.218;INFO;Controller;Status = Executing: Unload;
24/02/21;14:15:13.218;INFO;Controller;State = Running;
24/02/21;14:15:14.441;INFO;Robot Runtime;executing:    Unload;
24/02/21;14:15:18.087;INFO;Robot Runtime;Sample Gap: 0    ;
24/02/21;14:15:18.969;INFO;Controller;Activity ExecRobotTask ended. Return value: Done False/False/False;
24/02/21;14:15:18.969;INFO;Controller;State = Ready;
24/02/21;14:15:18.996;INFO;Server;Command: ExecRobotTask (Home,500000);
24/02/21;14:15:18.996;INFO;Controller;Executing asynchronous activity: ExecRobotTask;
24/02/21;14:15:18.996;INFO;Controller;Status = Executing: Home;
24/02/21;14:15:18.997;INFO;Controller;State = Running;
24/02/21;14:15:19.875;INFO;Robot Runtime;executing:    Home;
24/02/21;14:15:20.982;INFO;Controller;Activity ExecRobotTask ended. Return value: Done;
24/02/21;14:15:20.982;INFO;Controller;State = Ready;
24/02/21;14:15:21.005;INFO;Server;Command: ExecRobotTask (Park,500000);
24/02/21;14:15:21.006;INFO;Controller;Executing asynchronous activity: ExecRobotTask;
24/02/21;14:15:21.006;INFO;Controller;Status = Executing: Park;
24/02/21;14:15:21.006;INFO;Controller;State = Running;
24/02/21;14:15:21.881;INFO;Robot Runtime;executing:    Park;
24/02/21;14:15:25.098;INFO;Controller;Activity ExecRobotTask ended. Return value: Done;
24/02/21;14:15:25.098;INFO;Controller;State = Ready;
24/02/21;14:15:36.450;INFO;Server;Command: ExecRobotTask (Initialize,500000);
24/02/21;14:15:36.451;INFO;Controller;Executing asynchronous activity: ExecRobotTask;
24/02/21;14:15:36.451;INFO;Controller;Status = Executing: Initialize;
24/02/21;14:15:36.451;INFO;Controller;State = Running;
24/02/21;14:15:37.452;INFO;Robot Runtime;executing:    Initialize;
24/02/21;14:15:37.899;INFO;Controller;Activity ExecRobotTask ended. Return value: Done;
24/02/21;14:15:37.899;INFO;Controller;State = Ready;
24/02/21;14:15:38.125;INFO;Server;Command: ExecRobotTask (Load,500000);
24/02/21;14:15:38.125;INFO;Controller;Executing asynchronous activity: ExecRobotTask;
24/02/21;14:15:38.125;INFO;Controller;Status = Executing: Load;
24/02/21;14:15:38.126;INFO;Controller;State = Running;
24/02/21;14:15:39.054;INFO;Robot Runtime;executing:    Load;
24/02/21;14:15:46.851;INFO;Robot Runtime;Sample Gap: -0.8  ;
24/02/21;14:15:48.085;INFO;Controller;Activity ExecRobotTask ended. Return value: Done False/True/False;
24/02/21;14:15:48.085;INFO;Controller;State = Ready;
24/02/21;14:15:48.114;INFO;Server;Command: ExecRobotTask (Mount,500000);
24/02/21;14:15:48.114;INFO;Controller;Executing asynchronous activity: ExecRobotTask;
24/02/21;14:15:48.115;INFO;Controller;Status = Executing: Mount;
24/02/21;14:15:48.115;INFO;Controller;State = Running;
24/02/21;14:15:49.343;INFO;Robot Runtime;executing:    Mount;
24/02/21;14:15:52.489;INFO;Robot Runtime;Sample Gap: 0    ;
24/02/21;14:15:53.506;INFO;Controller;Activity ExecRobotTask ended. Return value: Done True/False/False;
24/02/21;14:15:53.506;INFO;Controller;State = Ready;
24/02/21;14:15:53.539;INFO;Server;Command: ExecRobotTask (Park,500000);
24/02/21;14:15:53.539;INFO;Controller;Executing asynchronous activity: ExecRobotTask;
24/02/21;14:15:53.539;INFO;Controller;Status = Executing: Park;
24/02/21;14:15:53.539;INFO;Controller;State = Running;
24/02/21;14:15:54.423;INFO;Robot Runtime;executing:    Park;
24/02/21;14:15:56.158;INFO;Controller;Activity ExecRobotTask ended. Return value: Done;
24/02/21;14:15:56.159;INFO;Controller;State = Ready;
24/02/21;14:15:56.186;INFO;Server;Command: ExecRobotTask (UnlatchRobGov,500000);
24/02/21;14:15:56.186;INFO;Controller;Executing asynchronous activity: ExecRobotTask;
24/02/21;14:15:56.186;INFO;Controller;Status = Executing: UnlatchRobGov;
24/02/21;14:15:56.186;INFO;Controller;State = Running;
24/02/21;14:15:57.217;INFO;Robot Runtime;executing:    UnlatchRobGov;
24/02/21;14:15:57.588;INFO;Controller;Activity ExecRobotTask ended. Return value: Done;
24/02/21;14:15:57.588;INFO;Controller;State = Ready;
24/02/21;14:16:10.084;INFO;Server;Command: ExecRobotTask (Unmount,500000);
24/02/21;14:16:10.085;INFO;Controller;Executing asynchronous activity: ExecRobotTask;
24/02/21;14:16:10.085;INFO;Controller;Status = Executing: Unmount;
24/02/21;14:16:10.085;INFO;Controller;State = Running;
24/02/21;14:16:10.978;INFO;Robot Runtime;executing:    Unmount;
24/02/21;14:16:19.197;INFO;Robot Runtime;Sample Gap: -0.8  ;
24/02/21;14:16:20.584;INFO;Controller;Activity ExecRobotTask ended. Return value: Done False/True/False;
24/02/21;14:16:20.584;INFO;Controller;State = Ready;
24/02/21;14:16:20.609;INFO;Server;Command: ExecRobotTask (Unload,500000);
24/02/21;14:16:20.609;INFO;Controller;Executing asynchronous activity: ExecRobotTask;
24/02/21;14:16:20.609;INFO;Controller;Status = Executing: Unload;
24/02/21;14:16:20.609;INFO;Controller;State = Running;
24/02/21;14:16:21.490;INFO;Robot Runtime;executing:    Unload;
24/02/21;14:16:24.505;INFO;Robot Runtime;Sample Gap: 0    ;
24/02/21;14:16:25.463;INFO;Controller;Activity ExecRobotTask ended. Return value: Done False/False/False;
24/02/21;14:16:25.463;INFO;Controller;State = Ready;
24/02/21;14:16:27.172;INFO;Server;Command: ExecRobotTask (Load,500000);
24/02/21;14:16:27.172;INFO;Controller;Executing asynchronous activity: ExecRobotTask;
24/02/21;14:16:27.172;INFO;Controller;Status = Executing: Load;
24/02/21;14:16:27.172;INFO;Controller;State = Running;
24/02/21;14:16:28.398;INFO;Robot Runtime;executing:    Load;
24/02/21;14:16:33.117;INFO;Robot Runtime;Sample Gap: -0.8  ;
24/02/21;14:16:34.360;INFO;Controller;Activity ExecRobotTask ended. Return value: Done False/True/False;
24/02/21;14:16:34.360;INFO;Controller;State = Ready;
24/02/21;14:16:34.385;INFO;Server;Command: ExecRobotTask (Mount,500000);
24/02/21;14:16:34.386;INFO;Controller;Executing asynchronous activity: ExecRobotTask;
24/02/21;14:16:34.386;INFO;Controller;Status = Executing: Mount;
24/02/21;14:16:34.386;INFO;Controller;State = Running;
24/02/21;14:16:35.400;INFO;Robot Runtime;executing:    Mount;
24/02/21;14:16:38.568;INFO;Robot Runtime;Sample Gap: 0    ;
24/02/21;14:16:39.329;INFO;Controller;Activity ExecRobotTask ended. Return value: Done True/False/False;
24/02/21;14:16:39.329;INFO;Controller;State = Ready;
24/02/21;14:16:39.370;INFO;Server;Command: ExecRobotTask (Park,500000);
24/02/21;14:16:39.371;INFO;Controller;Executing asynchronous activity: ExecRobotTask;
24/02/21;14:16:39.371;INFO;Controller;Status = Executing: Park;
24/02/21;14:16:39.371;INFO;Controller;State = Running;
24/02/21;14:16:40.257;INFO;Robot Runtime;executing:    Park;
24/02/21;14:16:42.308;INFO;Controller;Activity ExecRobotTask ended. Return value: Done;
24/02/21;14:16:42.309;INFO;Controller;State = Ready;
24/02/21;14:16:42.335;INFO;Server;Command: ExecRobotTask (UnlatchRobGov,500000);
24/02/21;14:16:42.335;INFO;Controller;Executing asynchronous activity: ExecRobotTask;
24/02/21;14:16:42.335;INFO;Controller;Status = Executing: UnlatchRobGov;
24/02/21;14:16:42.335;INFO;Controller;State = Running;
24/02/21;14:16:43.264;INFO;Robot Runtime;executing:    UnlatchRobGov;
24/02/21;14:16:43.804;INFO;Controller;Activity ExecRobotTask ended. Return value: Done;
24/02/21;14:16:43.804;INFO;Controller;State = Ready;
24/02/21;14:19:12.501;INFO;Server;Command: ExecRobotTask (Unmount,500000);
24/02/21;14:19:12.502;INFO;Controller;Executing asynchronous activity: ExecRobotTask;
24/02/21;14:19:12.502;INFO;Controller;Status = Executing: Unmount;
24/02/21;14:19:12.502;INFO;Controller;State = Running;
24/02/21;14:19:13.390;INFO;Robot Runtime;executing:    Unmount;
24/02/21;14:19:21.026;INFO;Robot Runtime;Sample Gap: -0.781;
24/02/21;14:19:22.627;INFO;Controller;Activity ExecRobotTask ended. Return value: Done False/True/False;
24/02/21;14:19:22.627;INFO;Controller;State = Ready;
24/02/21;14:19:22.652;INFO;Server;Command: ExecRobotTask (Unload,500000);
24/02/21;14:19:22.652;INFO;Controller;Executing asynchronous activity: ExecRobotTask;
24/02/21;14:19:22.652;INFO;Controller;Status = Executing: Unload;
24/02/21;14:19:22.652;INFO;Controller;State = Running;
24/02/21;14:19:23.843;INFO;Robot Runtime;executing:    Unload;
24/02/21;14:19:26.838;INFO;Robot Runtime;Sample Gap: 0    ;
24/02/21;14:19:27.456;INFO;Controller;Activity ExecRobotTask ended. Return value: Done False/False/False;
24/02/21;14:19:27.456;INFO;Controller;State = Ready;
24/02/21;14:19:27.574;INFO;Server;Command: ExecRobotTask (UnlatchRobGov,500000);
24/02/21;14:19:27.575;INFO;Controller;Executing asynchronous activity: ExecRobotTask;
24/02/21;14:19:27.575;INFO;Controller;Status = Executing: UnlatchRobGov;
24/02/21;14:19:27.575;INFO;Controller;State = Running;
24/02/21;14:19:28.456;INFO;Robot Runtime;executing:    UnlatchRobGov;
24/02/21;14:19:28.865;INFO;Controller;Activity ExecRobotTask ended. Return value: Done;
24/02/21;14:19:28.865;INFO;Controller;State = Ready;
24/02/21;14:19:28.896;INFO;Server;Command: ExecRobotTask (Home,500000);
24/02/21;14:19:28.896;INFO;Controller;Executing asynchronous activity: ExecRobotTask;
24/02/21;14:19:28.896;INFO;Controller;Status = Executing: Home;
24/02/21;14:19:28.896;INFO;Controller;State = Running;
24/02/21;14:19:29.788;INFO;Robot Runtime;executing:    Home;
24/02/21;14:19:30.882;INFO;Controller;Activity ExecRobotTask ended. Return value: Done;
24/02/21;14:19:30.883;INFO;Controller;State = Ready;
24/02/21;14:19:30.909;INFO;Server;Command: ExecRobotTask (Finish,500000);
24/02/21;14:19:30.909;INFO;Controller;Executing asynchronous activity: ExecRobotTask;
24/02/21;14:19:30.910;INFO;Controller;Status = Executing: Finish;
24/02/21;14:19:30.910;INFO;Controller;State = Running;
24/02/21;14:19:31.939;INFO;Robot Runtime;executing:    Finish;
24/02/21;14:21:36.690;INFO;Controller;Activity ExecRobotTask ended. Return value: Done;
24/02/21;14:21:36.691;INFO;Controller;State = Ready;
24/02/21;14:24:15.066;INFO;Server;Command: ExecRobotTask (TurnOffAutoFill,500000);
24/02/21;14:24:15.067;INFO;Controller;Executing asynchronous activity: ExecRobotTask;
24/02/21;14:24:15.067;INFO;Controller;Status = Executing: TurnOffAutoFill;
24/02/21;14:24:15.067;INFO;Controller;State = Running;
24/02/21;14:24:16.003;INFO;Robot Runtime;executing:    TurnOffAutoFill;
24/02/21;14:24:16.474;INFO;Controller;Activity ExecRobotTask ended. Return value: Done;
24/02/21;14:24:16.474;INFO;Controller;State = Ready;
24/02/21;14:38:38.488;INFO;Server;Command: ExecRobotTask (EnableTScreen,500000);
24/02/21;14:38:38.488;INFO;Controller;Executing asynchronous activity: ExecRobotTask;
24/02/21;14:38:38.489;INFO;Controller;Status = Executing: EnableTScreen;
24/02/21;14:38:38.489;INFO;Controller;State = Running;
24/02/21;14:38:39.363;INFO;Robot Runtime;executing:    EnableTScreen;
24/02/21;14:38:39.573;INFO;Controller;Activity ExecRobotTask ended. Return value: Done;
24/02/21;14:38:39.573;INFO;Controller;State = Ready;
24/02/21;14:39:28.339;WARNING;Robot;Alarm active: Device is offline;
24/02/21;14:39:28.339;INFO;Controller;State = Communication Error;
24/02/21;14:39:29.444;INFO;Robot;Alarm inactive: Device is offline;
24/02/21;14:39:29.444;WARNING;Controller;Communication resumed, trying updating devices;
24/02/21;14:39:29.445;INFO;Controller;Finished device updating;
24/02/21;14:39:29.445;INFO;Controller;State = Ready;
