11/01/21;14:28:02.339;INFO;Controller;Instantiation;
11/01/21;14:28:02.363;INFO;Controller;State = Initializing;
11/01/21;14:28:02.558;WARNING;Interface;Access level set to Admin;
11/01/21;14:28:02.641;INFO;Controller;Initialized log services - Startup: 11/01/21 14:28:02;
11/01/21;14:28:02.653;INFO;Controller;Initializing controller for SW version: 1.1.0 - JLib 1.7.2;
11/01/21;14:28:02.902;INFO;Epics Server;Registered PV: SW:Version;
11/01/21;14:28:02.903;INFO;Epics Server;Registered PV: SW:Status;
11/01/21;14:28:02.903;INFO;Epics Server;Registered PV: SW:Uptime;
11/01/21;14:28:02.914;INFO;Epics Server;Registered PV: SW:LastTaskInfo;
11/01/21;14:28:02.915;INFO;Epics Server;Registered PV: SW:AlarmList;
11/01/21;14:28:02.915;INFO;Epics Server;Registered PV: SW:LocalGuiLockOut;
11/01/21;14:28:02.916;INFO;Epics Server;Registered PV: SW:RobotSpeed;
11/01/21;14:28:02.916;INFO;Epics Server;Registered PV: SW:LastTaskException;
11/01/21;14:28:02.916;INFO;Epics Server;Registered PV: SW:LastTaskOutput;
11/01/21;14:28:02.916;INFO;Epics Server;Registered PV: SW:JointPositions;
11/01/21;14:28:02.917;INFO;Epics Server;Registered PV: SW:RobotState;
11/01/21;14:28:02.917;INFO;Epics Server;Registered PV: SW:CartesianPositions;
11/01/21;14:28:02.917;INFO;Epics Server;Registered PV: SW:State;
11/01/21;14:28:02.918;INFO;Epics Server;Registered PV: SW:abort;
11/01/21;14:28:02.919;INFO;Epics Server;Registered PV: SW:restart;
11/01/21;14:28:02.919;INFO;Epics Server;Registered PV: SW:getTaskInfo;
11/01/21;14:28:02.919;INFO;Epics Server;Registered PV: SW:isTaskRunning;
11/01/21;14:28:02.919;INFO;Epics Server;Registered PV: SW:checkTaskResult;
11/01/21;14:28:02.920;INFO;Epics Server;Registered PV: SW:startTestTask;
11/01/21;14:28:02.920;INFO;Epics Server;Registered PV: SW:pauseRobot;
11/01/21;14:28:02.920;INFO;Epics Server;Registered PV: SW:resumeRobot;
11/01/21;14:28:02.920;INFO;Epics Server;Registered PV: SW:setRobotVariable;
11/01/21;14:28:02.920;INFO;Epics Server;Registered PV: SW:isSampleMounted;
11/01/21;14:28:02.920;INFO;Epics Server;Registered PV: SW:startRobotTask;
11/01/21;14:28:02.921;INFO;Epics Server;Registered PV: SW:getRobotVariable;
11/01/21;14:28:02.921;INFO;Epics Server;Registered PV: SW:getDistance;
11/01/21;14:28:02.921;INFO;Epics Server;Initializing: Channel Access Server in Java v1.1.1;
11/01/21;14:28:02.923;INFO;Epics Server;Started server: ready to accept requests;
11/01/21;14:28:03.726;INFO;Controller;Initializing Robot;
11/01/21;14:28:03.748;INFO;Robot;Setting reference frame to: world;
11/01/21;14:28:03.959;INFO;Controller;Initializing Bus Controller;
11/01/21;14:28:03.960;INFO;Anti-Collision;Active = true;
11/01/21;14:28:03.960;INFO;Controller;State = Starting;
11/01/21;14:28:03.964;INFO;Controller;Command: Reset;
11/01/21;14:28:04.227;INFO;Controller;Executing asynchronous script: ./script/Reset.py;
11/01/21;14:28:04.227;INFO;Controller;Status = Reseting;
11/01/21;14:28:04.227;INFO;Controller;State = Running;
11/01/21;14:28:04.686;INFO;Controller;Script host: localhost:42393;
11/01/21;14:28:04.686;INFO;Script;Starting initialization script;
11/01/21;14:28:04.689;INFO;Script;Do nothing;
11/01/21;14:28:04.690;INFO;Controller;Script ./script/Reset.py ended. Return value: ;
11/01/21;14:28:04.690;INFO;Controller;State = Ready;
11/01/21;14:31:21.719;INFO;Interface;Command: ExecRobotTask (Test,-1);
11/01/21;14:31:21.720;INFO;Controller;Executing asynchronous activity: ExecRobotTask;
11/01/21;14:31:21.720;INFO;Controller;Status = Executing: Test;
11/01/21;14:31:21.720;INFO;Controller;State = Running;
11/01/21;14:31:21.801;INFO;Robot Runtime;executing:    Test;
11/01/21;14:31:21.917;INFO;Controller;Activity ExecRobotTask ended. Return value: ;
11/01/21;14:31:21.918;INFO;Controller;State = Ready;
11/01/21;14:31:36.494;INFO;Interface;Command: ExecRobotTask (Mt_calib,-1);
11/01/21;14:31:36.495;INFO;Controller;Executing asynchronous activity: ExecRobotTask;
11/01/21;14:31:36.495;INFO;Controller;Status = Executing: Mt_calib;
11/01/21;14:31:36.496;INFO;Controller;State = Running;
11/01/21;14:31:37.147;INFO;Robot Runtime;executing:    Mt_calib;
11/01/21;14:31:37.172;WARNING;Robot Runtime;You don't have the permission to calibrate storage box;
11/01/21;14:31:37.359;INFO;Controller;Activity ExecRobotTask ended. Return value: ;
11/01/21;14:31:37.360;INFO;Controller;State = Ready;
11/01/21;14:32:39.688;INFO;Interface;Command: ExecRobotTask (Mt_calib,-1);
11/01/21;14:32:39.688;INFO;Controller;Executing asynchronous activity: ExecRobotTask;
11/01/21;14:32:39.689;INFO;Controller;Status = Executing: Mt_calib;
11/01/21;14:32:39.689;INFO;Controller;State = Running;
11/01/21;14:32:40.378;INFO;Robot Runtime;executing:    Mt_calib;
11/01/21;14:35:03.460;INFO;Robot Runtime;TraceSample(1): False/False/True;
11/01/21;14:39:34.310;INFO;Robot Runtime;1 Diff(Fx):0.106 (Fy):-0.071;
11/01/21;14:40:15.711;INFO;Robot Runtime;TraceSample(1): False/False/True;
11/01/21;14:40:51.334;INFO;Robot Runtime;1 Diff(Fx):0.106 (Fy):-0.071;
11/01/21;14:40:51.350;INFO;Robot Runtime;TraceSample(3): False/False/False;
11/01/21;14:40:51.362;WARNING;Robot Runtime;There is no tray in location 3;
11/01/21;14:40:51.375;INFO;Robot Runtime;ABORT: There is no tray in location 3;
11/01/21;14:40:51.388;WARNING;Robot Runtime;ABORT: There is no tray in location 3;
11/01/21;14:40:51.401;INFO;Robot Runtime;TraceSample(2): False/False/False;
11/01/21;14:40:51.414;WARNING;Robot Runtime;There is no tray in location 2;
11/01/21;14:40:51.427;INFO;Robot Runtime;ABORT: There is no tray in location 2;
11/01/21;14:40:51.440;WARNING;Robot Runtime;ABORT: There is no tray in location 2;
11/01/21;14:41:38.483;INFO;Interface;Command: Abort;
11/01/21;14:41:38.483;INFO;Robot;Abort;
11/01/21;14:41:38.484;INFO;Controller;Activity ExecRobotTask was stopped;
11/01/21;14:41:38.485;INFO;Controller;State = Ready;
11/01/21;14:41:59.571;INFO;Interface;Command: ExecRobotTask (checktoolconfig,-1);
11/01/21;14:41:59.572;INFO;Controller;Executing asynchronous activity: ExecRobotTask;
11/01/21;14:41:59.572;INFO;Controller;Status = Executing: checktoolconfig;
11/01/21;14:41:59.573;INFO;Controller;State = Running;
11/01/21;14:41:59.782;INFO;Robot Runtime;executing:    checktoolconfig;
11/01/21;14:41:59.809;INFO;Robot Runtime;Invalid Gripper: 0_None;
11/01/21;14:41:59.821;INFO;Robot Runtime;Valid Gripper: 1_Gripper;
11/01/21;14:41:59.834;INFO;Robot Runtime;Valid Gripper: 2_Probe;
11/01/21;14:41:59.846;INFO;Robot Runtime;Current Tool: 2_Probe (Valid);
11/01/21;14:41:59.943;INFO;Controller;Activity ExecRobotTask ended. Return value: Done;
11/01/21;14:41:59.944;INFO;Controller;State = Ready;
11/01/21;14:42:27.876;INFO;Interface;Command: ExecRobotTask (swaptools,-1);
11/01/21;14:42:27.876;INFO;Controller;Executing asynchronous activity: ExecRobotTask;
11/01/21;14:42:27.877;INFO;Controller;Status = Executing: swaptools;
11/01/21;14:42:27.877;INFO;Controller;State = Running;
11/01/21;14:42:28.013;INFO;Robot Runtime;executing:    swaptools;
11/01/21;14:42:28.038;INFO;Robot Runtime;Unrecognized Location;
11/01/21;14:42:28.103;INFO;Controller;Activity ExecRobotTask ended. Return value: ABORT: Unrecognized Location;
11/01/21;14:42:28.104;INFO;Controller;State = Ready;
11/01/21;14:42:51.756;INFO;Interface;Command: Abort;
11/01/21;14:42:51.757;INFO;Robot;Abort;
11/01/21;14:42:54.300;INFO;Interface;Command: ExecRobotTask (swaptools,-1);
11/01/21;14:42:54.301;INFO;Controller;Executing asynchronous activity: ExecRobotTask;
11/01/21;14:42:54.301;INFO;Controller;Status = Executing: swaptools;
11/01/21;14:42:54.302;INFO;Controller;State = Running;
11/01/21;14:42:54.437;INFO;Robot Runtime;executing:    swaptools;
11/01/21;14:43:02.980;INFO;Controller;Activity ExecRobotTask ended. Return value: Done;
11/01/21;14:43:02.980;INFO;Controller;State = Ready;
11/01/21;14:43:21.733;INFO;Interface;Command: ExecRobotTask (checktoolconfig,-1);
11/01/21;14:43:21.734;INFO;Controller;Executing asynchronous activity: ExecRobotTask;
11/01/21;14:43:21.734;INFO;Controller;Status = Executing: checktoolconfig;
11/01/21;14:43:21.734;INFO;Controller;State = Running;
11/01/21;14:43:21.898;INFO;Robot Runtime;executing:    checktoolconfig;
11/01/21;14:43:21.922;INFO;Robot Runtime;Invalid Gripper: 0_None;
11/01/21;14:43:21.939;INFO;Robot Runtime;Valid Gripper: 1_Gripper;
11/01/21;14:43:21.951;INFO;Robot Runtime;Current Tool: 1_Gripper (Valid);
11/01/21;14:43:22.020;INFO;Controller;Activity ExecRobotTask ended. Return value: Done;
11/01/21;14:43:22.021;INFO;Controller;State = Ready;
11/01/21;14:43:43.989;INFO;Interface;Command: ExecRobotTask (mt_calib,-1);
11/01/21;14:43:43.990;INFO;Controller;Executing asynchronous activity: ExecRobotTask;
11/01/21;14:43:43.990;INFO;Controller;Status = Executing: mt_calib;
11/01/21;14:43:43.991;INFO;Controller;State = Running;
11/01/21;14:43:44.703;INFO;Robot Runtime;executing:    mt_calib;
11/01/21;14:44:46.655;INFO;Robot Runtime;TraceSample(1): False/False/True;
11/01/21;14:46:16.245;INFO;Robot Runtime;1 Diff(Fx):-0.212 (Fy):5.346;
11/01/21;14:46:16.258;INFO;Robot Runtime;TraceSample(3): False/False/False;
11/01/21;14:46:16.270;WARNING;Robot Runtime;There is no tray in location 3;
11/01/21;14:46:16.283;INFO;Robot Runtime;ABORT: There is no tray in location 3;
11/01/21;14:46:16.297;WARNING;Robot Runtime;ABORT: There is no tray in location 3;
11/01/21;14:46:16.309;INFO;Robot Runtime;TraceSample(2): False/False/False;
11/01/21;14:46:16.322;WARNING;Robot Runtime;There is no tray in location 2;
11/01/21;14:46:16.334;INFO;Robot Runtime;ABORT: There is no tray in location 2;
11/01/21;14:46:16.346;WARNING;Robot Runtime;ABORT: There is no tray in location 2;
11/01/21;14:51:15.779;INFO;Robot Runtime;TraceSample(1): False/False/True;
11/01/21;14:52:55.596;INFO;Robot Runtime;1 Diff(Fx):-0.885 (Fy):4.921;
11/01/21;14:52:55.609;INFO;Robot Runtime;TraceSample(3): False/False/False;
11/01/21;14:52:55.621;WARNING;Robot Runtime;There is no tray in location 3;
11/01/21;14:52:55.633;INFO;Robot Runtime;ABORT: There is no tray in location 3;
11/01/21;14:52:55.646;WARNING;Robot Runtime;ABORT: There is no tray in location 3;
11/01/21;14:52:55.660;INFO;Robot Runtime;TraceSample(2): False/False/False;
11/01/21;14:52:55.672;WARNING;Robot Runtime;There is no tray in location 2;
11/01/21;14:52:55.685;INFO;Robot Runtime;ABORT: There is no tray in location 2;
11/01/21;14:52:55.697;WARNING;Robot Runtime;ABORT: There is no tray in location 2;
