04/02/21;09:40:48.290;INFO;Server;Command: ExecRobotTask (Initialize,500000);
04/02/21;09:40:48.292;INFO;Controller;Executing asynchronous activity: ExecRobotTask;
04/02/21;09:40:48.292;INFO;Controller;Status = Executing: Initialize;
04/02/21;09:40:48.292;INFO;Controller;State = Running;
04/02/21;09:40:48.693;INFO;Robot Runtime;executing:    Initialize;
04/02/21;09:40:48.949;INFO;Controller;Activity ExecRobotTask ended. Return value: Done;
04/02/21;09:40:48.950;INFO;Controller;State = Ready;
04/02/21;09:40:48.980;INFO;Server;Command: ExecRobotTask (Unload,500000);
04/02/21;09:40:48.980;INFO;Controller;Executing asynchronous activity: ExecRobotTask;
04/02/21;09:40:48.980;INFO;Controller;Status = Executing: Unload;
04/02/21;09:40:48.980;INFO;Controller;State = Running;
04/02/21;09:40:49.356;INFO;Robot Runtime;executing:    Unload;
04/02/21;09:40:49.383;INFO;Robot Runtime;TraceSample(3): True/True/False;
04/02/21;09:40:59.596;INFO;Robot Runtime;TraceSample(3): True/False/True;
04/02/21;09:40:59.802;INFO;Controller;Activity ExecRobotTask ended. Return value: Done True/False/True;
04/02/21;09:40:59.802;INFO;Controller;State = Ready;
04/02/21;09:41:33.275;INFO;Server;Command: ExecRobotTask (Initialize,500000);
04/02/21;09:41:33.276;INFO;Controller;Executing asynchronous activity: ExecRobotTask;
04/02/21;09:41:33.276;INFO;Controller;Status = Executing: Initialize;
04/02/21;09:41:33.276;INFO;Controller;State = Running;
04/02/21;09:41:33.641;INFO;Robot Runtime;executing:    Initialize;
04/02/21;09:41:33.760;INFO;Controller;Activity ExecRobotTask ended. Return value: Done;
04/02/21;09:41:33.760;INFO;Controller;State = Ready;
04/02/21;09:41:33.778;INFO;Server;Command: ExecRobotTask (Home,500000);
04/02/21;09:41:33.778;INFO;Controller;Executing asynchronous activity: ExecRobotTask;
04/02/21;09:41:33.778;INFO;Controller;Status = Executing: Home;
04/02/21;09:41:33.778;INFO;Controller;State = Running;
04/02/21;09:41:34.146;INFO;Robot Runtime;executing:    Home;
04/02/21;09:41:34.852;INFO;Controller;Activity ExecRobotTask ended. Return value: Done;
04/02/21;09:41:34.852;INFO;Controller;State = Ready;
04/02/21;09:41:35.041;INFO;Server;Command: ExecRobotTask (Initialize,500000);
04/02/21;09:41:35.042;INFO;Controller;Executing asynchronous activity: ExecRobotTask;
04/02/21;09:41:35.042;INFO;Controller;Status = Executing: Initialize;
04/02/21;09:41:35.042;INFO;Controller;State = Running;
04/02/21;09:41:35.412;INFO;Robot Runtime;executing:    Initialize;
04/02/21;09:41:35.520;INFO;Controller;Activity ExecRobotTask ended. Return value: Done;
04/02/21;09:41:35.520;INFO;Controller;State = Ready;
04/02/21;09:41:35.543;INFO;Server;Command: ExecRobotTask (Load,500000);
04/02/21;09:41:35.543;INFO;Controller;Executing asynchronous activity: ExecRobotTask;
04/02/21;09:41:35.543;INFO;Controller;Status = Executing: Load;
04/02/21;09:41:35.543;INFO;Controller;State = Running;
04/02/21;09:41:35.912;INFO;Robot Runtime;executing:    Load;
04/02/21;09:41:35.938;INFO;Robot Runtime;TraceSample(1): True/False/True;
04/02/21;09:41:48.074;INFO;Robot Runtime;TraceSample(1): True/True/False;
04/02/21;09:41:48.336;INFO;Controller;Activity ExecRobotTask ended. Return value: Done True/True/False;
04/02/21;09:41:48.336;INFO;Controller;State = Ready;
04/02/21;09:42:21.593;INFO;Server;Command: ExecRobotTask (Initialize,500000);
04/02/21;09:42:21.593;INFO;Controller;Executing asynchronous activity: ExecRobotTask;
04/02/21;09:42:21.593;INFO;Controller;Status = Executing: Initialize;
04/02/21;09:42:21.594;INFO;Controller;State = Running;
04/02/21;09:42:21.958;INFO;Robot Runtime;executing:    Initialize;
04/02/21;09:42:22.230;INFO;Controller;Activity ExecRobotTask ended. Return value: Done;
04/02/21;09:42:22.230;INFO;Controller;State = Ready;
04/02/21;09:42:22.261;INFO;Server;Command: ExecRobotTask (Unload,500000);
04/02/21;09:42:22.262;INFO;Controller;Executing asynchronous activity: ExecRobotTask;
04/02/21;09:42:22.262;INFO;Controller;Status = Executing: Unload;
04/02/21;09:42:22.262;INFO;Controller;State = Running;
04/02/21;09:42:22.633;INFO;Robot Runtime;executing:    Unload;
04/02/21;09:42:22.660;INFO;Robot Runtime;TraceSample(1): True/True/False;
04/02/21;09:42:32.742;INFO;Robot Runtime;TraceSample(1): True/False/True;
04/02/21;09:42:33.012;INFO;Controller;Activity ExecRobotTask ended. Return value: Done True/False/True;
04/02/21;09:42:33.012;INFO;Controller;State = Ready;
04/02/21;09:42:33.200;INFO;Server;Command: ExecRobotTask (Initialize,500000);
04/02/21;09:42:33.201;INFO;Controller;Executing asynchronous activity: ExecRobotTask;
04/02/21;09:42:33.201;INFO;Controller;Status = Executing: Initialize;
04/02/21;09:42:33.201;INFO;Controller;State = Running;
04/02/21;09:42:33.565;INFO;Robot Runtime;executing:    Initialize;
04/02/21;09:42:33.812;INFO;Controller;Activity ExecRobotTask ended. Return value: Done;
04/02/21;09:42:33.812;INFO;Controller;State = Ready;
04/02/21;09:42:33.844;INFO;Server;Command: ExecRobotTask (Load,500000);
04/02/21;09:42:33.844;INFO;Controller;Executing asynchronous activity: ExecRobotTask;
04/02/21;09:42:33.844;INFO;Controller;Status = Executing: Load;
04/02/21;09:42:33.844;INFO;Controller;State = Running;
04/02/21;09:42:34.215;INFO;Robot Runtime;executing:    Load;
04/02/21;09:42:34.242;INFO;Robot Runtime;TraceSample(2): True/False/True;
04/02/21;09:42:46.156;INFO;Robot Runtime;TraceSample(2): True/True/False;
04/02/21;09:42:46.373;INFO;Controller;Activity ExecRobotTask ended. Return value: Done True/True/False;
04/02/21;09:42:46.373;INFO;Controller;State = Ready;
04/02/21;09:43:44.611;INFO;Server;Command: ExecRobotTask (Initialize,500000);
04/02/21;09:43:44.611;INFO;Controller;Executing asynchronous activity: ExecRobotTask;
04/02/21;09:43:44.612;INFO;Controller;Status = Executing: Initialize;
04/02/21;09:43:44.612;INFO;Controller;State = Running;
04/02/21;09:43:44.977;INFO;Robot Runtime;executing:    Initialize;
04/02/21;09:43:45.269;INFO;Controller;Activity ExecRobotTask ended. Return value: Done;
04/02/21;09:43:45.269;INFO;Controller;State = Ready;
04/02/21;09:43:45.289;INFO;Server;Command: ExecRobotTask (Unload,500000);
04/02/21;09:43:45.289;INFO;Controller;Executing asynchronous activity: ExecRobotTask;
04/02/21;09:43:45.290;INFO;Controller;Status = Executing: Unload;
04/02/21;09:43:45.290;INFO;Controller;State = Running;
04/02/21;09:43:45.659;INFO;Robot Runtime;executing:    Unload;
04/02/21;09:43:45.685;INFO;Robot Runtime;TraceSample(2): True/True/False;
04/02/21;09:43:55.794;INFO;Robot Runtime;TraceSample(2): True/False/True;
04/02/21;09:43:56.026;INFO;Controller;Activity ExecRobotTask ended. Return value: Done True/False/True;
04/02/21;09:43:56.026;INFO;Controller;State = Ready;
04/02/21;09:43:56.228;INFO;Server;Command: ExecRobotTask (Initialize,500000);
04/02/21;09:43:56.228;INFO;Controller;Executing asynchronous activity: ExecRobotTask;
04/02/21;09:43:56.228;INFO;Controller;Status = Executing: Initialize;
04/02/21;09:43:56.228;INFO;Controller;State = Running;
04/02/21;09:43:56.591;INFO;Robot Runtime;executing:    Initialize;
04/02/21;09:43:56.830;INFO;Controller;Activity ExecRobotTask ended. Return value: Done;
04/02/21;09:43:56.830;INFO;Controller;State = Ready;
04/02/21;09:43:56.855;INFO;Server;Command: ExecRobotTask (Load,500000);
04/02/21;09:43:56.855;INFO;Controller;Executing asynchronous activity: ExecRobotTask;
04/02/21;09:43:56.855;INFO;Controller;Status = Executing: Load;
04/02/21;09:43:56.855;INFO;Controller;State = Running;
04/02/21;09:43:57.226;INFO;Robot Runtime;executing:    Load;
04/02/21;09:43:57.253;INFO;Robot Runtime;TraceSample(3): True/False/True;
04/02/21;09:44:09.455;INFO;Robot Runtime;TraceSample(3): True/True/False;
04/02/21;09:44:09.561;INFO;Controller;Activity ExecRobotTask ended. Return value: Done True/True/False;
04/02/21;09:44:09.561;INFO;Controller;State = Ready;
04/02/21;09:45:07.692;INFO;Server;Command: ExecRobotTask (Initialize,500000);
04/02/21;09:45:07.693;INFO;Controller;Executing asynchronous activity: ExecRobotTask;
04/02/21;09:45:07.693;INFO;Controller;Status = Executing: Initialize;
04/02/21;09:45:07.693;INFO;Controller;State = Running;
04/02/21;09:45:08.064;INFO;Robot Runtime;executing:    Initialize;
04/02/21;09:45:08.305;INFO;Controller;Activity ExecRobotTask ended. Return value: Done;
04/02/21;09:45:08.305;INFO;Controller;State = Ready;
04/02/21;09:45:08.332;INFO;Server;Command: ExecRobotTask (Unload,500000);
04/02/21;09:45:08.332;INFO;Controller;Executing asynchronous activity: ExecRobotTask;
04/02/21;09:45:08.332;INFO;Controller;Status = Executing: Unload;
04/02/21;09:45:08.332;INFO;Controller;State = Running;
04/02/21;09:45:08.706;INFO;Robot Runtime;executing:    Unload;
04/02/21;09:45:08.732;INFO;Robot Runtime;TraceSample(3): True/True/False;
04/02/21;09:45:18.995;INFO;Robot Runtime;TraceSample(3): True/False/True;
04/02/21;09:45:19.081;INFO;Controller;Activity ExecRobotTask ended. Return value: Done True/False/True;
04/02/21;09:45:19.081;INFO;Controller;State = Ready;
04/02/21;09:45:19.273;INFO;Server;Command: ExecRobotTask (Initialize,500000);
04/02/21;09:45:19.273;INFO;Controller;Executing asynchronous activity: ExecRobotTask;
04/02/21;09:45:19.273;INFO;Controller;Status = Executing: Initialize;
04/02/21;09:45:19.273;INFO;Controller;State = Running;
04/02/21;09:45:19.638;INFO;Robot Runtime;executing:    Initialize;
04/02/21;09:45:19.742;INFO;Controller;Activity ExecRobotTask ended. Return value: Done;
04/02/21;09:45:19.742;INFO;Controller;State = Ready;
04/02/21;09:45:19.775;INFO;Server;Command: ExecRobotTask (Load,500000);
04/02/21;09:45:19.775;INFO;Controller;Executing asynchronous activity: ExecRobotTask;
04/02/21;09:45:19.775;INFO;Controller;Status = Executing: Load;
04/02/21;09:45:19.775;INFO;Controller;State = Running;
04/02/21;09:45:20.143;INFO;Robot Runtime;executing:    Load;
04/02/21;09:45:20.171;INFO;Robot Runtime;TraceSample(4): True/False/True;
04/02/21;09:45:31.924;INFO;Robot Runtime;TraceSample(4): True/True/False;
04/02/21;09:45:32.002;INFO;Controller;Activity ExecRobotTask ended. Return value: Done True/True/False;
04/02/21;09:45:32.003;INFO;Controller;State = Ready;
04/02/21;09:45:38.245;INFO;Server;Command: ExecRobotTask (Initialize,500000);
04/02/21;09:45:38.245;INFO;Controller;Executing asynchronous activity: ExecRobotTask;
04/02/21;09:45:38.262;INFO;Controller;Status = Executing: Initialize;
04/02/21;09:45:38.262;INFO;Controller;State = Running;
04/02/21;09:45:38.626;INFO;Robot Runtime;executing:    Initialize;
04/02/21;09:45:38.882;INFO;Controller;Activity ExecRobotTask ended. Return value: Done;
04/02/21;09:45:38.882;INFO;Controller;State = Ready;
04/02/21;09:45:38.916;INFO;Server;Command: ExecRobotTask (Unload,500000);
04/02/21;09:45:38.916;INFO;Controller;Executing asynchronous activity: ExecRobotTask;
04/02/21;09:45:38.916;INFO;Controller;Status = Executing: Unload;
04/02/21;09:45:38.917;INFO;Controller;State = Running;
04/02/21;09:45:39.286;INFO;Robot Runtime;executing:    Unload;
04/02/21;09:45:39.318;INFO;Robot Runtime;TraceSample(4): True/True/False;
04/02/21;09:45:49.653;INFO;Robot Runtime;TraceSample(4): True/False/True;
04/02/21;09:45:49.900;INFO;Controller;Activity ExecRobotTask ended. Return value: Done True/False/True;
04/02/21;09:45:49.917;INFO;Controller;State = Ready;
04/02/21;09:46:26.174;INFO;Server;Command: ExecRobotTask (Initialize,500000);
04/02/21;09:46:26.175;INFO;Controller;Executing asynchronous activity: ExecRobotTask;
04/02/21;09:46:26.175;INFO;Controller;Status = Executing: Initialize;
04/02/21;09:46:26.175;INFO;Controller;State = Running;
04/02/21;09:46:26.536;INFO;Robot Runtime;executing:    Initialize;
04/02/21;09:46:26.832;INFO;Controller;Activity ExecRobotTask ended. Return value: Done;
04/02/21;09:46:26.832;INFO;Controller;State = Ready;
04/02/21;09:46:26.851;INFO;Server;Command: ExecRobotTask (Home,500000);
04/02/21;09:46:26.852;INFO;Controller;Executing asynchronous activity: ExecRobotTask;
04/02/21;09:46:26.852;INFO;Controller;Status = Executing: Home;
04/02/21;09:46:26.852;INFO;Controller;State = Running;
04/02/21;09:46:27.221;INFO;Robot Runtime;executing:    Home;
04/02/21;09:46:28.069;INFO;Controller;Activity ExecRobotTask ended. Return value: Done;
04/02/21;09:46:28.069;INFO;Controller;State = Ready;
04/02/21;09:46:28.272;INFO;Server;Command: ExecRobotTask (Initialize,500000);
04/02/21;09:46:28.272;INFO;Controller;Executing asynchronous activity: ExecRobotTask;
04/02/21;09:46:28.272;INFO;Controller;Status = Executing: Initialize;
04/02/21;09:46:28.273;INFO;Controller;State = Running;
04/02/21;09:46:28.641;INFO;Robot Runtime;executing:    Initialize;
04/02/21;09:46:28.879;INFO;Controller;Activity ExecRobotTask ended. Return value: Done;
04/02/21;09:46:28.879;INFO;Controller;State = Ready;
04/02/21;09:46:28.887;INFO;Server;Command: ExecRobotTask (Load,500000);
04/02/21;09:46:28.887;INFO;Controller;Executing asynchronous activity: ExecRobotTask;
04/02/21;09:46:28.887;INFO;Controller;Status = Executing: Load;
04/02/21;09:46:28.888;INFO;Controller;State = Running;
04/02/21;09:46:29.258;INFO;Robot Runtime;executing:    Load;
04/02/21;09:46:29.284;INFO;Robot Runtime;TraceSample(1): True/False/True;
04/02/21;09:46:41.502;INFO;Robot Runtime;TraceSample(1): True/True/False;
04/02/21;09:46:41.690;INFO;Controller;Activity ExecRobotTask ended. Return value: Done True/True/False;
04/02/21;09:46:41.691;INFO;Controller;State = Ready;
04/02/21;09:46:44.757;INFO;Server;Command: ExecRobotTask (Initialize,500000);
04/02/21;09:46:44.757;INFO;Controller;Executing asynchronous activity: ExecRobotTask;
04/02/21;09:46:44.757;INFO;Controller;Status = Executing: Initialize;
04/02/21;09:46:44.757;INFO;Controller;State = Running;
04/02/21;09:46:45.124;INFO;Robot Runtime;executing:    Initialize;
04/02/21;09:46:45.257;INFO;Controller;Activity ExecRobotTask ended. Return value: Done;
04/02/21;09:46:45.257;INFO;Controller;State = Ready;
04/02/21;09:46:45.270;INFO;Server;Command: ExecRobotTask (Unload,500000);
04/02/21;09:46:45.270;INFO;Controller;Executing asynchronous activity: ExecRobotTask;
04/02/21;09:46:45.270;INFO;Controller;Status = Executing: Unload;
04/02/21;09:46:45.270;INFO;Controller;State = Running;
04/02/21;09:46:45.643;INFO;Robot Runtime;executing:    Unload;
04/02/21;09:46:45.669;INFO;Robot Runtime;TraceSample(1): True/True/False;
04/02/21;09:46:55.601;INFO;Robot Runtime;TraceSample(1): True/False/True;
04/02/21;09:46:55.822;INFO;Controller;Activity ExecRobotTask ended. Return value: Done True/False/True;
04/02/21;09:46:55.823;INFO;Controller;State = Ready;
04/02/21;09:46:55.995;INFO;Server;Command: ExecRobotTask (Initialize,500000);
04/02/21;09:46:55.995;INFO;Controller;Executing asynchronous activity: ExecRobotTask;
04/02/21;09:46:55.995;INFO;Controller;Status = Executing: Initialize;
04/02/21;09:46:55.995;INFO;Controller;State = Running;
04/02/21;09:46:56.358;INFO;Robot Runtime;executing:    Initialize;
04/02/21;09:46:56.624;INFO;Controller;Activity ExecRobotTask ended. Return value: Done;
04/02/21;09:46:56.624;INFO;Controller;State = Ready;
04/02/21;09:46:56.643;INFO;Server;Command: ExecRobotTask (Load,500000);
04/02/21;09:46:56.643;INFO;Controller;Executing asynchronous activity: ExecRobotTask;
04/02/21;09:46:56.644;INFO;Controller;Status = Executing: Load;
04/02/21;09:46:56.644;INFO;Controller;State = Running;
04/02/21;09:46:57.016;INFO;Robot Runtime;executing:    Load;
04/02/21;09:46:57.042;INFO;Robot Runtime;TraceSample(2): True/False/True;
04/02/21;09:47:09.081;INFO;Robot Runtime;TraceSample(2): True/True/False;
04/02/21;09:47:09.360;INFO;Controller;Activity ExecRobotTask ended. Return value: Done True/True/False;
04/02/21;09:47:09.360;INFO;Controller;State = Ready;
04/02/21;09:47:12.434;INFO;Server;Command: ExecRobotTask (Initialize,500000);
04/02/21;09:47:12.434;INFO;Controller;Executing asynchronous activity: ExecRobotTask;
04/02/21;09:47:12.434;INFO;Controller;Status = Executing: Initialize;
04/02/21;09:47:12.434;INFO;Controller;State = Running;
04/02/21;09:47:12.802;INFO;Robot Runtime;executing:    Initialize;
04/02/21;09:47:12.944;INFO;Controller;Activity ExecRobotTask ended. Return value: Done;
04/02/21;09:47:12.944;INFO;Controller;State = Ready;
04/02/21;09:47:12.957;INFO;Server;Command: ExecRobotTask (Unload,500000);
04/02/21;09:47:12.957;INFO;Controller;Executing asynchronous activity: ExecRobotTask;
04/02/21;09:47:12.957;INFO;Controller;Status = Executing: Unload;
04/02/21;09:47:12.957;INFO;Controller;State = Running;
04/02/21;09:47:13.330;INFO;Robot Runtime;executing:    Unload;
04/02/21;09:47:13.357;INFO;Robot Runtime;TraceSample(2): True/True/False;
04/02/21;09:47:23.797;INFO;Robot Runtime;TraceSample(2): True/False/True;
04/02/21;09:47:24.037;INFO;Controller;Activity ExecRobotTask ended. Return value: Done True/False/True;
04/02/21;09:47:24.037;INFO;Controller;State = Ready;
04/02/21;09:47:24.208;INFO;Server;Command: ExecRobotTask (Initialize,500000);
04/02/21;09:47:24.209;INFO;Controller;Executing asynchronous activity: ExecRobotTask;
04/02/21;09:47:24.209;INFO;Controller;Status = Executing: Initialize;
04/02/21;09:47:24.209;INFO;Controller;State = Running;
04/02/21;09:47:24.574;INFO;Robot Runtime;executing:    Initialize;
04/02/21;09:47:24.835;INFO;Controller;Activity ExecRobotTask ended. Return value: Done;
04/02/21;09:47:24.836;INFO;Controller;State = Ready;
04/02/21;09:47:24.848;INFO;Server;Command: ExecRobotTask (Load,500000);
04/02/21;09:47:24.849;INFO;Controller;Executing asynchronous activity: ExecRobotTask;
04/02/21;09:47:24.849;INFO;Controller;Status = Executing: Load;
04/02/21;09:47:24.849;INFO;Controller;State = Running;
04/02/21;09:47:25.219;INFO;Robot Runtime;executing:    Load;
04/02/21;09:47:25.245;INFO;Robot Runtime;TraceSample(3): True/False/True;
04/02/21;09:47:37.215;INFO;Robot Runtime;TraceSample(3): True/True/False;
04/02/21;09:47:37.280;INFO;Controller;Activity ExecRobotTask ended. Return value: Done True/True/False;
04/02/21;09:47:37.280;INFO;Controller;State = Ready;
04/02/21;09:47:40.477;INFO;Server;Command: ExecRobotTask (Initialize,500000);
04/02/21;09:47:40.478;INFO;Controller;Executing asynchronous activity: ExecRobotTask;
04/02/21;09:47:40.478;INFO;Controller;Status = Executing: Initialize;
04/02/21;09:47:40.478;INFO;Controller;State = Running;
04/02/21;09:47:40.846;INFO;Robot Runtime;executing:    Initialize;
04/02/21;09:47:40.941;INFO;Controller;Activity ExecRobotTask ended. Return value: Done;
04/02/21;09:47:40.942;INFO;Controller;State = Ready;
04/02/21;09:47:40.953;INFO;Server;Command: ExecRobotTask (Unload,500000);
04/02/21;09:47:40.953;INFO;Controller;Executing asynchronous activity: ExecRobotTask;
04/02/21;09:47:40.953;INFO;Controller;Status = Executing: Unload;
04/02/21;09:47:40.953;INFO;Controller;State = Running;
04/02/21;09:47:41.328;INFO;Robot Runtime;executing:    Unload;
04/02/21;09:47:41.354;INFO;Robot Runtime;TraceSample(3): True/True/False;
04/02/21;09:47:51.733;INFO;Robot Runtime;TraceSample(3): True/False/True;
04/02/21;09:47:52.021;INFO;Controller;Activity ExecRobotTask ended. Return value: Done True/False/True;
04/02/21;09:47:52.021;INFO;Controller;State = Ready;
04/02/21;09:47:52.198;INFO;Server;Command: ExecRobotTask (Initialize,500000);
04/02/21;09:47:52.198;INFO;Controller;Executing asynchronous activity: ExecRobotTask;
04/02/21;09:47:52.198;INFO;Controller;Status = Executing: Initialize;
04/02/21;09:47:52.198;INFO;Controller;State = Running;
04/02/21;09:47:52.561;INFO;Robot Runtime;executing:    Initialize;
04/02/21;09:47:52.820;INFO;Controller;Activity ExecRobotTask ended. Return value: Done;
04/02/21;09:47:52.820;INFO;Controller;State = Ready;
04/02/21;09:47:52.837;INFO;Server;Command: ExecRobotTask (Load,500000);
04/02/21;09:47:52.837;INFO;Controller;Executing asynchronous activity: ExecRobotTask;
04/02/21;09:47:52.837;INFO;Controller;Status = Executing: Load;
04/02/21;09:47:52.837;INFO;Controller;State = Running;
04/02/21;09:47:53.208;INFO;Robot Runtime;executing:    Load;
04/02/21;09:47:53.235;INFO;Robot Runtime;TraceSample(4): True/False/True;
04/02/21;09:48:05.209;INFO;Robot Runtime;TraceSample(4): True/True/False;
04/02/21;09:48:05.472;INFO;Controller;Activity ExecRobotTask ended. Return value: Done True/True/False;
04/02/21;09:48:05.472;INFO;Controller;State = Ready;
04/02/21;09:48:08.704;INFO;Server;Command: ExecRobotTask (Initialize,500000);
04/02/21;09:48:08.704;INFO;Controller;Executing asynchronous activity: ExecRobotTask;
04/02/21;09:48:08.705;INFO;Controller;Status = Executing: Initialize;
04/02/21;09:48:08.705;INFO;Controller;State = Running;
04/02/21;09:48:09.071;INFO;Robot Runtime;executing:    Initialize;
04/02/21;09:48:09.194;INFO;Controller;Activity ExecRobotTask ended. Return value: Done;
04/02/21;09:48:09.195;INFO;Controller;State = Ready;
04/02/21;09:48:09.208;INFO;Server;Command: ExecRobotTask (Unload,500000);
04/02/21;09:48:09.208;INFO;Controller;Executing asynchronous activity: ExecRobotTask;
04/02/21;09:48:09.208;INFO;Controller;Status = Executing: Unload;
04/02/21;09:48:09.208;INFO;Controller;State = Running;
04/02/21;09:48:09.579;INFO;Robot Runtime;executing:    Unload;
04/02/21;09:48:09.606;INFO;Robot Runtime;TraceSample(4): True/True/False;
04/02/21;09:48:19.679;INFO;Robot Runtime;TraceSample(4): True/False/True;
04/02/21;09:48:19.912;INFO;Controller;Activity ExecRobotTask ended. Return value: Done True/False/True;
04/02/21;09:48:19.913;INFO;Controller;State = Ready;
04/02/21;09:48:27.097;INFO;Server;Command: ExecRobotTask (Initialize,500000);
04/02/21;09:48:27.097;INFO;Controller;Executing asynchronous activity: ExecRobotTask;
04/02/21;09:48:27.097;INFO;Controller;Status = Executing: Initialize;
04/02/21;09:48:27.097;INFO;Controller;State = Running;
04/02/21;09:48:27.463;INFO;Robot Runtime;executing:    Initialize;
04/02/21;09:48:27.607;INFO;Controller;Activity ExecRobotTask ended. Return value: Done;
04/02/21;09:48:27.607;INFO;Controller;State = Ready;
04/02/21;09:48:27.621;INFO;Server;Command: ExecRobotTask (Home,500000);
04/02/21;09:48:27.621;INFO;Controller;Executing asynchronous activity: ExecRobotTask;
04/02/21;09:48:27.621;INFO;Controller;Status = Executing: Home;
04/02/21;09:48:27.621;INFO;Controller;State = Running;
04/02/21;09:48:27.991;INFO;Robot Runtime;executing:    Home;
04/02/21;09:48:28.706;INFO;Controller;Activity ExecRobotTask ended. Return value: Done;
04/02/21;09:48:28.706;INFO;Controller;State = Ready;
04/02/21;09:48:28.873;INFO;Server;Command: ExecRobotTask (Initialize,500000);
04/02/21;09:48:28.874;INFO;Controller;Executing asynchronous activity: ExecRobotTask;
04/02/21;09:48:28.874;INFO;Controller;Status = Executing: Initialize;
04/02/21;09:48:28.874;INFO;Controller;State = Running;
04/02/21;09:48:29.244;INFO;Robot Runtime;executing:    Initialize;
04/02/21;09:48:29.368;INFO;Controller;Activity ExecRobotTask ended. Return value: Done;
04/02/21;09:48:29.368;INFO;Controller;State = Ready;
04/02/21;09:48:29.378;INFO;Server;Command: ExecRobotTask (Load,500000);
04/02/21;09:48:29.378;INFO;Controller;Executing asynchronous activity: ExecRobotTask;
04/02/21;09:48:29.378;INFO;Controller;Status = Executing: Load;
04/02/21;09:48:29.378;INFO;Controller;State = Running;
04/02/21;09:48:29.749;INFO;Robot Runtime;executing:    Load;
04/02/21;09:48:29.776;INFO;Robot Runtime;TraceSample(1): True/False/True;
04/02/21;09:48:42.443;INFO;Robot Runtime;TraceSample(1): True/True/False;
04/02/21;09:48:42.733;INFO;Controller;Activity ExecRobotTask ended. Return value: Done True/True/False;
04/02/21;09:48:42.733;INFO;Controller;State = Ready;
04/02/21;09:48:45.907;INFO;Server;Command: ExecRobotTask (Initialize,500000);
04/02/21;09:48:45.907;INFO;Controller;Executing asynchronous activity: ExecRobotTask;
04/02/21;09:48:45.907;INFO;Controller;Status = Executing: Initialize;
04/02/21;09:48:45.907;INFO;Controller;State = Running;
04/02/21;09:48:46.274;INFO;Robot Runtime;executing:    Initialize;
04/02/21;09:48:46.539;INFO;Controller;Activity ExecRobotTask ended. Return value: Done;
04/02/21;09:48:46.539;INFO;Controller;State = Ready;
04/02/21;09:48:46.556;INFO;Server;Command: ExecRobotTask (Unload,500000);
04/02/21;09:48:46.557;INFO;Controller;Executing asynchronous activity: ExecRobotTask;
04/02/21;09:48:46.557;INFO;Controller;Status = Executing: Unload;
04/02/21;09:48:46.557;INFO;Controller;State = Running;
04/02/21;09:48:46.923;INFO;Robot Runtime;executing:    Unload;
04/02/21;09:48:46.950;INFO;Robot Runtime;TraceSample(1): True/True/False;
04/02/21;09:48:56.904;INFO;Robot Runtime;TraceSample(1): True/False/True;
04/02/21;09:48:57.166;INFO;Controller;Activity ExecRobotTask ended. Return value: Done True/False/True;
04/02/21;09:48:57.166;INFO;Controller;State = Ready;
04/02/21;09:48:57.338;INFO;Server;Command: ExecRobotTask (Initialize,500000);
04/02/21;09:48:57.338;INFO;Controller;Executing asynchronous activity: ExecRobotTask;
04/02/21;09:48:57.338;INFO;Controller;Status = Executing: Initialize;
04/02/21;09:48:57.338;INFO;Controller;State = Running;
04/02/21;09:48:57.709;INFO;Robot Runtime;executing:    Initialize;
04/02/21;09:48:57.970;INFO;Controller;Activity ExecRobotTask ended. Return value: Done;
04/02/21;09:48:57.970;INFO;Controller;State = Ready;
04/02/21;09:48:57.986;INFO;Server;Command: ExecRobotTask (Load,500000);
04/02/21;09:48:57.986;INFO;Controller;Executing asynchronous activity: ExecRobotTask;
04/02/21;09:48:57.986;INFO;Controller;Status = Executing: Load;
04/02/21;09:48:57.986;INFO;Controller;State = Running;
04/02/21;09:48:58.353;INFO;Robot Runtime;executing:    Load;
04/02/21;09:48:58.380;INFO;Robot Runtime;TraceSample(2): True/False/True;
04/02/21;09:49:10.409;INFO;Robot Runtime;TraceSample(2): True/True/False;
04/02/21;09:49:10.636;INFO;Controller;Activity ExecRobotTask ended. Return value: Done True/True/False;
04/02/21;09:49:10.636;INFO;Controller;State = Ready;
04/02/21;09:49:13.808;INFO;Server;Command: ExecRobotTask (Initialize,500000);
04/02/21;09:49:13.808;INFO;Controller;Executing asynchronous activity: ExecRobotTask;
04/02/21;09:49:13.808;INFO;Controller;Status = Executing: Initialize;
04/02/21;09:49:13.809;INFO;Controller;State = Running;
04/02/21;09:49:14.176;INFO;Robot Runtime;executing:    Initialize;
04/02/21;09:49:14.435;INFO;Controller;Activity ExecRobotTask ended. Return value: Done;
04/02/21;09:49:14.435;INFO;Controller;State = Ready;
04/02/21;09:49:14.446;INFO;Server;Command: ExecRobotTask (Unload,500000);
04/02/21;09:49:14.446;INFO;Controller;Executing asynchronous activity: ExecRobotTask;
04/02/21;09:49:14.446;INFO;Controller;Status = Executing: Unload;
04/02/21;09:49:14.446;INFO;Controller;State = Running;
04/02/21;09:49:14.815;INFO;Robot Runtime;executing:    Unload;
04/02/21;09:49:14.841;INFO;Robot Runtime;TraceSample(2): True/True/False;
04/02/21;09:49:24.807;INFO;Robot Runtime;TraceSample(2): True/False/True;
04/02/21;09:49:24.901;INFO;Controller;Activity ExecRobotTask ended. Return value: Done True/False/True;
04/02/21;09:49:24.901;INFO;Controller;State = Ready;
04/02/21;09:49:25.073;INFO;Server;Command: ExecRobotTask (Initialize,500000);
04/02/21;09:49:25.073;INFO;Controller;Executing asynchronous activity: ExecRobotTask;
04/02/21;09:49:25.073;INFO;Controller;Status = Executing: Initialize;
04/02/21;09:49:25.073;INFO;Controller;State = Running;
04/02/21;09:49:25.440;INFO;Robot Runtime;executing:    Initialize;
04/02/21;09:49:25.557;INFO;Controller;Activity ExecRobotTask ended. Return value: Done;
04/02/21;09:49:25.557;INFO;Controller;State = Ready;
04/02/21;09:49:25.568;INFO;Server;Command: ExecRobotTask (Load,500000);
04/02/21;09:49:25.568;INFO;Controller;Executing asynchronous activity: ExecRobotTask;
04/02/21;09:49:25.568;INFO;Controller;Status = Executing: Load;
04/02/21;09:49:25.568;INFO;Controller;State = Running;
04/02/21;09:49:25.937;INFO;Robot Runtime;executing:    Load;
04/02/21;09:49:25.965;INFO;Robot Runtime;TraceSample(3): True/False/True;
04/02/21;09:49:37.934;INFO;Robot Runtime;TraceSample(3): True/True/False;
04/02/21;09:49:38.135;INFO;Controller;Activity ExecRobotTask ended. Return value: Done True/True/False;
04/02/21;09:49:38.135;INFO;Controller;State = Ready;
04/02/21;09:49:41.305;INFO;Server;Command: ExecRobotTask (Initialize,500000);
04/02/21;09:49:41.305;INFO;Controller;Executing asynchronous activity: ExecRobotTask;
04/02/21;09:49:41.305;INFO;Controller;Status = Executing: Initialize;
04/02/21;09:49:41.305;INFO;Controller;State = Running;
04/02/21;09:49:41.671;INFO;Robot Runtime;executing:    Initialize;
04/02/21;09:49:41.942;INFO;Controller;Activity ExecRobotTask ended. Return value: Done;
04/02/21;09:49:41.943;INFO;Controller;State = Ready;
04/02/21;09:49:41.955;INFO;Server;Command: ExecRobotTask (Unload,500000);
04/02/21;09:49:41.955;INFO;Controller;Executing asynchronous activity: ExecRobotTask;
04/02/21;09:49:41.955;INFO;Controller;Status = Executing: Unload;
04/02/21;09:49:41.955;INFO;Controller;State = Running;
04/02/21;09:49:42.326;INFO;Robot Runtime;executing:    Unload;
04/02/21;09:49:42.353;INFO;Robot Runtime;TraceSample(3): True/True/False;
04/02/21;09:49:52.394;INFO;Robot Runtime;TraceSample(3): True/False/True;
04/02/21;09:49:52.489;INFO;Controller;Activity ExecRobotTask ended. Return value: Done True/False/True;
04/02/21;09:49:52.489;INFO;Controller;State = Ready;
04/02/21;09:49:52.660;INFO;Server;Command: ExecRobotTask (Initialize,500000);
04/02/21;09:49:52.660;INFO;Controller;Executing asynchronous activity: ExecRobotTask;
04/02/21;09:49:52.660;INFO;Controller;Status = Executing: Initialize;
04/02/21;09:49:52.660;INFO;Controller;State = Running;
04/02/21;09:49:53.029;INFO;Robot Runtime;executing:    Initialize;
04/02/21;09:49:53.154;INFO;Controller;Activity ExecRobotTask ended. Return value: Done;
04/02/21;09:49:53.154;INFO;Controller;State = Ready;
04/02/21;09:49:53.176;INFO;Server;Command: ExecRobotTask (Load,500000);
04/02/21;09:49:53.176;INFO;Controller;Executing asynchronous activity: ExecRobotTask;
04/02/21;09:49:53.177;INFO;Controller;Status = Executing: Load;
04/02/21;09:49:53.177;INFO;Controller;State = Running;
04/02/21;09:49:53.545;INFO;Robot Runtime;executing:    Load;
04/02/21;09:49:53.572;INFO;Robot Runtime;TraceSample(4): True/False/True;
04/02/21;09:50:05.489;INFO;Robot Runtime;TraceSample(4): True/True/False;
04/02/21;09:50:05.746;INFO;Controller;Activity ExecRobotTask ended. Return value: Done True/True/False;
04/02/21;09:50:05.746;INFO;Controller;State = Ready;
04/02/21;09:50:08.943;INFO;Server;Command: ExecRobotTask (Initialize,500000);
04/02/21;09:50:08.944;INFO;Controller;Executing asynchronous activity: ExecRobotTask;
04/02/21;09:50:08.944;INFO;Controller;Status = Executing: Initialize;
04/02/21;09:50:08.944;INFO;Controller;State = Running;
04/02/21;09:50:09.311;INFO;Robot Runtime;executing:    Initialize;
04/02/21;09:50:09.556;INFO;Controller;Activity ExecRobotTask ended. Return value: Done;
04/02/21;09:50:09.556;INFO;Controller;State = Ready;
04/02/21;09:50:09.576;INFO;Server;Command: ExecRobotTask (Unload,500000);
04/02/21;09:50:09.576;INFO;Controller;Executing asynchronous activity: ExecRobotTask;
04/02/21;09:50:09.576;INFO;Controller;Status = Executing: Unload;
04/02/21;09:50:09.577;INFO;Controller;State = Running;
04/02/21;09:50:09.945;INFO;Robot Runtime;executing:    Unload;
04/02/21;09:50:09.971;INFO;Robot Runtime;TraceSample(4): True/True/False;
04/02/21;09:50:19.909;INFO;Robot Runtime;TraceSample(4): True/False/True;
04/02/21;09:50:20.178;INFO;Controller;Activity ExecRobotTask ended. Return value: Done True/False/True;
04/02/21;09:50:20.232;INFO;Controller;State = Ready;
04/02/21;09:50:20.408;INFO;Server;Command: ExecRobotTask (Initialize,500000);
04/02/21;09:50:20.408;INFO;Controller;Executing asynchronous activity: ExecRobotTask;
04/02/21;09:50:20.408;INFO;Controller;Status = Executing: Initialize;
04/02/21;09:50:20.408;INFO;Controller;State = Running;
04/02/21;09:50:20.786;INFO;Robot Runtime;executing:    Initialize;
04/02/21;09:50:20.895;INFO;Controller;Activity ExecRobotTask ended. Return value: Done;
04/02/21;09:50:20.895;INFO;Controller;State = Ready;
04/02/21;09:50:20.912;INFO;Server;Command: ExecRobotTask (Load,500000);
04/02/21;09:50:20.913;INFO;Controller;Executing asynchronous activity: ExecRobotTask;
04/02/21;09:50:20.913;INFO;Controller;Status = Executing: Load;
04/02/21;09:50:20.913;INFO;Controller;State = Running;
04/02/21;09:50:21.280;INFO;Robot Runtime;executing:    Load;
04/02/21;09:50:21.310;INFO;Robot Runtime;TraceSample(5): True/False/True;
04/02/21;09:50:33.430;INFO;Robot Runtime;TraceSample(5): True/True/False;
04/02/21;09:50:33.632;INFO;Controller;Activity ExecRobotTask ended. Return value: Done True/True/False;
04/02/21;09:50:33.632;INFO;Controller;State = Ready;
04/02/21;09:50:36.680;INFO;Server;Command: ExecRobotTask (Initialize,500000);
04/02/21;09:50:36.681;INFO;Controller;Executing asynchronous activity: ExecRobotTask;
04/02/21;09:50:36.681;INFO;Controller;Status = Executing: Initialize;
04/02/21;09:50:36.681;INFO;Controller;State = Running;
04/02/21;09:50:37.046;INFO;Robot Runtime;executing:    Initialize;
04/02/21;09:50:37.302;INFO;Controller;Activity ExecRobotTask ended. Return value: Done;
04/02/21;09:50:37.302;INFO;Controller;State = Ready;
04/02/21;09:50:37.325;INFO;Server;Command: ExecRobotTask (Unload,500000);
04/02/21;09:50:37.326;INFO;Controller;Executing asynchronous activity: ExecRobotTask;
04/02/21;09:50:37.326;INFO;Controller;Status = Executing: Unload;
04/02/21;09:50:37.326;INFO;Controller;State = Running;
04/02/21;09:50:37.701;INFO;Robot Runtime;executing:    Unload;
04/02/21;09:50:37.728;INFO;Robot Runtime;TraceSample(5): True/True/False;
04/02/21;09:50:47.883;INFO;Robot Runtime;TraceSample(5): True/False/True;
04/02/21;09:50:48.147;INFO;Controller;Activity ExecRobotTask ended. Return value: Done True/False/True;
04/02/21;09:50:48.147;INFO;Controller;State = Ready;
04/02/21;09:50:48.329;INFO;Server;Command: ExecRobotTask (Initialize,500000);
04/02/21;09:50:48.329;INFO;Controller;Executing asynchronous activity: ExecRobotTask;
04/02/21;09:50:48.330;INFO;Controller;Status = Executing: Initialize;
04/02/21;09:50:48.330;INFO;Controller;State = Running;
04/02/21;09:50:48.699;INFO;Robot Runtime;executing:    Initialize;
04/02/21;09:50:48.957;INFO;Controller;Activity ExecRobotTask ended. Return value: Done;
04/02/21;09:50:48.957;INFO;Controller;State = Ready;
04/02/21;09:50:48.972;INFO;Server;Command: ExecRobotTask (Load,500000);
04/02/21;09:50:48.972;INFO;Controller;Executing asynchronous activity: ExecRobotTask;
04/02/21;09:50:48.972;INFO;Controller;Status = Executing: Load;
04/02/21;09:50:48.973;INFO;Controller;State = Running;
04/02/21;09:50:49.339;INFO;Robot Runtime;executing:    Load;
04/02/21;09:50:49.366;INFO;Robot Runtime;TraceSample(6): True/False/True;
04/02/21;09:51:01.565;INFO;Robot Runtime;TraceSample(6): True/True/False;
04/02/21;09:51:01.764;INFO;Controller;Activity ExecRobotTask ended. Return value: Done True/True/False;
04/02/21;09:51:01.764;INFO;Controller;State = Ready;
04/02/21;09:51:04.907;INFO;Server;Command: ExecRobotTask (Initialize,500000);
04/02/21;09:51:04.907;INFO;Controller;Executing asynchronous activity: ExecRobotTask;
04/02/21;09:51:04.907;INFO;Controller;Status = Executing: Initialize;
04/02/21;09:51:04.907;INFO;Controller;State = Running;
04/02/21;09:51:05.277;INFO;Robot Runtime;executing:    Initialize;
04/02/21;09:51:05.568;INFO;Controller;Activity ExecRobotTask ended. Return value: Done;
04/02/21;09:51:05.568;INFO;Controller;State = Ready;
04/02/21;09:51:05.583;INFO;Server;Command: ExecRobotTask (Unload,500000);
04/02/21;09:51:05.583;INFO;Controller;Executing asynchronous activity: ExecRobotTask;
04/02/21;09:51:05.583;INFO;Controller;Status = Executing: Unload;
04/02/21;09:51:05.583;INFO;Controller;State = Running;
04/02/21;09:51:05.953;INFO;Robot Runtime;executing:    Unload;
04/02/21;09:51:05.979;INFO;Robot Runtime;TraceSample(6): True/True/False;
04/02/21;09:51:16.508;INFO;Robot Runtime;TraceSample(6): True/False/True;
04/02/21;09:51:16.710;INFO;Controller;Activity ExecRobotTask ended. Return value: Done True/False/True;
04/02/21;09:51:16.710;INFO;Controller;State = Ready;
04/02/21;09:52:20.919;INFO;Server;Command: ExecRobotTask (Initialize,500000);
04/02/21;09:52:20.920;INFO;Controller;Executing asynchronous activity: ExecRobotTask;
04/02/21;09:52:20.920;INFO;Controller;Status = Executing: Initialize;
04/02/21;09:52:20.920;INFO;Controller;State = Running;
04/02/21;09:52:21.285;INFO;Robot Runtime;executing:    Initialize;
04/02/21;09:52:21.399;INFO;Controller;Activity ExecRobotTask ended. Return value: Done;
04/02/21;09:52:21.399;INFO;Controller;State = Ready;
04/02/21;09:52:21.417;INFO;Server;Command: ExecRobotTask (Home,500000);
04/02/21;09:52:21.417;INFO;Controller;Executing asynchronous activity: ExecRobotTask;
04/02/21;09:52:21.418;INFO;Controller;Status = Executing: Home;
04/02/21;09:52:21.418;INFO;Controller;State = Running;
04/02/21;09:52:21.784;INFO;Robot Runtime;executing:    Home;
04/02/21;09:52:22.493;INFO;Controller;Activity ExecRobotTask ended. Return value: Done;
04/02/21;09:52:22.493;INFO;Controller;State = Ready;
04/02/21;09:52:22.665;INFO;Server;Command: ExecRobotTask (Initialize,500000);
04/02/21;09:52:22.665;INFO;Controller;Executing asynchronous activity: ExecRobotTask;
04/02/21;09:52:22.665;INFO;Controller;Status = Executing: Initialize;
04/02/21;09:52:22.666;INFO;Controller;State = Running;
04/02/21;09:52:23.032;INFO;Robot Runtime;executing:    Initialize;
04/02/21;09:52:23.155;INFO;Controller;Activity ExecRobotTask ended. Return value: Done;
04/02/21;09:52:23.156;INFO;Controller;State = Ready;
04/02/21;09:52:23.170;INFO;Server;Command: ExecRobotTask (Load,500000);
04/02/21;09:52:23.171;INFO;Controller;Executing asynchronous activity: ExecRobotTask;
04/02/21;09:52:23.171;INFO;Controller;Status = Executing: Load;
04/02/21;09:52:23.171;INFO;Controller;State = Running;
04/02/21;09:52:23.543;INFO;Robot Runtime;executing:    Load;
04/02/21;09:52:23.569;INFO;Robot Runtime;TraceSample(1): True/False/True;
04/02/21;09:52:36.164;INFO;Robot Runtime;TraceSample(1): True/True/False;
04/02/21;09:52:36.354;INFO;Controller;Activity ExecRobotTask ended. Return value: Done True/True/False;
04/02/21;09:52:36.354;INFO;Controller;State = Ready;
04/02/21;09:52:39.553;INFO;Server;Command: ExecRobotTask (Initialize,500000);
04/02/21;09:52:39.553;INFO;Controller;Executing asynchronous activity: ExecRobotTask;
04/02/21;09:52:39.553;INFO;Controller;Status = Executing: Initialize;
04/02/21;09:52:39.553;INFO;Controller;State = Running;
04/02/21;09:52:39.923;INFO;Robot Runtime;executing:    Initialize;
04/02/21;09:52:40.166;INFO;Controller;Activity ExecRobotTask ended. Return value: Done;
04/02/21;09:52:40.166;INFO;Controller;State = Ready;
04/02/21;09:52:40.186;INFO;Server;Command: ExecRobotTask (Unload,500000);
04/02/21;09:52:40.187;INFO;Controller;Executing asynchronous activity: ExecRobotTask;
04/02/21;09:52:40.187;INFO;Controller;Status = Executing: Unload;
04/02/21;09:52:40.187;INFO;Controller;State = Running;
04/02/21;09:52:40.558;INFO;Robot Runtime;executing:    Unload;
04/02/21;09:52:40.585;INFO;Robot Runtime;TraceSample(1): True/True/False;
04/02/21;09:52:50.685;INFO;Robot Runtime;TraceSample(1): True/False/True;
04/02/21;09:52:50.780;INFO;Controller;Activity ExecRobotTask ended. Return value: Done True/False/True;
04/02/21;09:52:50.781;INFO;Controller;State = Ready;
04/02/21;09:52:50.960;INFO;Server;Command: ExecRobotTask (Initialize,500000);
04/02/21;09:52:50.960;INFO;Controller;Executing asynchronous activity: ExecRobotTask;
04/02/21;09:52:50.960;INFO;Controller;Status = Executing: Initialize;
04/02/21;09:52:50.960;INFO;Controller;State = Running;
04/02/21;09:52:51.326;INFO;Robot Runtime;executing:    Initialize;
04/02/21;09:52:51.439;INFO;Controller;Activity ExecRobotTask ended. Return value: Done;
04/02/21;09:52:51.439;INFO;Controller;State = Ready;
04/02/21;09:52:51.461;INFO;Server;Command: ExecRobotTask (Load,500000);
04/02/21;09:52:51.461;INFO;Controller;Executing asynchronous activity: ExecRobotTask;
04/02/21;09:52:51.462;INFO;Controller;Status = Executing: Load;
04/02/21;09:52:51.462;INFO;Controller;State = Running;
04/02/21;09:52:51.830;INFO;Robot Runtime;executing:    Load;
04/02/21;09:52:51.857;INFO;Robot Runtime;TraceSample(2): True/False/True;
04/02/21;09:53:03.697;INFO;Robot Runtime;TraceSample(2): True/True/False;
04/02/21;09:53:03.799;INFO;Controller;Activity ExecRobotTask ended. Return value: Done True/True/False;
04/02/21;09:53:03.800;INFO;Controller;State = Ready;
04/02/21;09:53:06.941;INFO;Server;Command: ExecRobotTask (Initialize,500000);
04/02/21;09:53:06.941;INFO;Controller;Executing asynchronous activity: ExecRobotTask;
04/02/21;09:53:06.941;INFO;Controller;Status = Executing: Initialize;
04/02/21;09:53:06.941;INFO;Controller;State = Running;
04/02/21;09:53:07.306;INFO;Robot Runtime;executing:    Initialize;
04/02/21;09:53:07.542;INFO;Controller;Activity ExecRobotTask ended. Return value: Done;
04/02/21;09:53:07.543;INFO;Controller;State = Ready;
04/02/21;09:53:07.555;INFO;Server;Command: ExecRobotTask (Unload,500000);
04/02/21;09:53:07.556;INFO;Controller;Executing asynchronous activity: ExecRobotTask;
04/02/21;09:53:07.556;INFO;Controller;Status = Executing: Unload;
04/02/21;09:53:07.556;INFO;Controller;State = Running;
04/02/21;09:53:07.926;INFO;Robot Runtime;executing:    Unload;
04/02/21;09:53:07.952;INFO;Robot Runtime;TraceSample(2): True/True/False;
04/02/21;09:53:18.178;INFO;Robot Runtime;TraceSample(2): True/False/True;
04/02/21;09:53:18.442;INFO;Controller;Activity ExecRobotTask ended. Return value: Done True/False/True;
04/02/21;09:53:18.442;INFO;Controller;State = Ready;
04/02/21;09:53:18.633;INFO;Server;Command: ExecRobotTask (Initialize,500000);
04/02/21;09:53:18.633;INFO;Controller;Executing asynchronous activity: ExecRobotTask;
04/02/21;09:53:18.633;INFO;Controller;Status = Executing: Initialize;
04/02/21;09:53:18.633;INFO;Controller;State = Running;
04/02/21;09:53:18.999;INFO;Robot Runtime;executing:    Initialize;
04/02/21;09:53:19.245;INFO;Controller;Activity ExecRobotTask ended. Return value: Done;
04/02/21;09:53:19.245;INFO;Controller;State = Ready;
04/02/21;09:53:19.263;INFO;Server;Command: ExecRobotTask (Load,500000);
04/02/21;09:53:19.263;INFO;Controller;Executing asynchronous activity: ExecRobotTask;
04/02/21;09:53:19.263;INFO;Controller;Status = Executing: Load;
04/02/21;09:53:19.264;INFO;Controller;State = Running;
04/02/21;09:53:19.634;INFO;Robot Runtime;executing:    Load;
04/02/21;09:53:19.662;INFO;Robot Runtime;TraceSample(3): True/False/True;
04/02/21;09:53:31.830;INFO;Robot Runtime;TraceSample(3): True/True/False;
04/02/21;09:53:32.034;INFO;Controller;Activity ExecRobotTask ended. Return value: Done True/True/False;
04/02/21;09:53:32.034;INFO;Controller;State = Ready;
04/02/21;09:53:35.050;INFO;Server;Command: ExecRobotTask (Initialize,500000);
04/02/21;09:53:35.050;INFO;Controller;Executing asynchronous activity: ExecRobotTask;
04/02/21;09:53:35.050;INFO;Controller;Status = Executing: Initialize;
04/02/21;09:53:35.050;INFO;Controller;State = Running;
04/02/21;09:53:35.415;INFO;Robot Runtime;executing:    Initialize;
04/02/21;09:53:35.703;INFO;Controller;Activity ExecRobotTask ended. Return value: Done;
04/02/21;09:53:35.703;INFO;Controller;State = Ready;
04/02/21;09:53:35.726;INFO;Server;Command: ExecRobotTask (Unload,500000);
04/02/21;09:53:35.726;INFO;Controller;Executing asynchronous activity: ExecRobotTask;
04/02/21;09:53:35.726;INFO;Controller;Status = Executing: Unload;
04/02/21;09:53:35.726;INFO;Controller;State = Running;
04/02/21;09:53:36.102;INFO;Robot Runtime;executing:    Unload;
04/02/21;09:53:36.129;INFO;Robot Runtime;TraceSample(3): True/True/False;
04/02/21;09:53:46.308;INFO;Robot Runtime;TraceSample(3): True/False/True;
04/02/21;09:53:46.555;INFO;Controller;Activity ExecRobotTask ended. Return value: Done True/False/True;
04/02/21;09:53:46.555;INFO;Controller;State = Ready;
04/02/21;09:53:46.742;INFO;Server;Command: ExecRobotTask (Initialize,500000);
04/02/21;09:53:46.742;INFO;Controller;Executing asynchronous activity: ExecRobotTask;
04/02/21;09:53:46.742;INFO;Controller;Status = Executing: Initialize;
04/02/21;09:53:46.742;INFO;Controller;State = Running;
04/02/21;09:53:47.106;INFO;Robot Runtime;executing:    Initialize;
04/02/21;09:53:47.355;INFO;Controller;Activity ExecRobotTask ended. Return value: Done;
04/02/21;09:53:47.355;INFO;Controller;State = Ready;
04/02/21;09:53:47.376;INFO;Server;Command: ExecRobotTask (Load,500000);
04/02/21;09:53:47.376;INFO;Controller;Executing asynchronous activity: ExecRobotTask;
04/02/21;09:53:47.376;INFO;Controller;Status = Executing: Load;
04/02/21;09:53:47.376;INFO;Controller;State = Running;
04/02/21;09:53:47.746;INFO;Robot Runtime;executing:    Load;
04/02/21;09:53:47.772;INFO;Robot Runtime;TraceSample(4): True/False/True;
04/02/21;09:53:59.802;INFO;Robot Runtime;TraceSample(4): True/True/False;
04/02/21;09:54:00.008;INFO;Controller;Activity ExecRobotTask ended. Return value: Done True/True/False;
04/02/21;09:54:00.008;INFO;Controller;State = Ready;
04/02/21;09:54:03.035;INFO;Server;Command: ExecRobotTask (Initialize,500000);
04/02/21;09:54:03.036;INFO;Controller;Executing asynchronous activity: ExecRobotTask;
04/02/21;09:54:03.036;INFO;Controller;Status = Executing: Initialize;
04/02/21;09:54:03.036;INFO;Controller;State = Running;
04/02/21;09:54:03.400;INFO;Robot Runtime;executing:    Initialize;
04/02/21;09:54:03.673;INFO;Controller;Activity ExecRobotTask ended. Return value: Done;
04/02/21;09:54:03.673;INFO;Controller;State = Ready;
04/02/21;09:54:03.691;INFO;Server;Command: ExecRobotTask (Unload,500000);
04/02/21;09:54:03.691;INFO;Controller;Executing asynchronous activity: ExecRobotTask;
04/02/21;09:54:03.691;INFO;Controller;Status = Executing: Unload;
04/02/21;09:54:03.691;INFO;Controller;State = Running;
04/02/21;09:54:04.063;INFO;Robot Runtime;executing:    Unload;
04/02/21;09:54:04.089;INFO;Robot Runtime;TraceSample(4): True/True/False;
04/02/21;09:54:14.287;INFO;Robot Runtime;TraceSample(4): True/False/True;
04/02/21;09:54:14.549;INFO;Controller;Activity ExecRobotTask ended. Return value: Done True/False/True;
04/02/21;09:54:14.549;INFO;Controller;State = Ready;
04/02/21;09:54:14.726;INFO;Server;Command: ExecRobotTask (Initialize,500000);
04/02/21;09:54:14.726;INFO;Controller;Executing asynchronous activity: ExecRobotTask;
04/02/21;09:54:14.726;INFO;Controller;Status = Executing: Initialize;
04/02/21;09:54:14.727;INFO;Controller;State = Running;
04/02/21;09:54:15.089;INFO;Robot Runtime;executing:    Initialize;
04/02/21;09:54:15.352;INFO;Controller;Activity ExecRobotTask ended. Return value: Done;
04/02/21;09:54:15.352;INFO;Controller;State = Ready;
04/02/21;09:54:15.371;INFO;Server;Command: ExecRobotTask (Load,500000);
04/02/21;09:54:15.371;INFO;Controller;Executing asynchronous activity: ExecRobotTask;
04/02/21;09:54:15.371;INFO;Controller;Status = Executing: Load;
04/02/21;09:54:15.372;INFO;Controller;State = Running;
04/02/21;09:54:15.743;INFO;Robot Runtime;executing:    Load;
04/02/21;09:54:15.768;INFO;Robot Runtime;TraceSample(5): True/False/True;
04/02/21;09:54:27.754;INFO;Robot Runtime;TraceSample(5): True/True/False;
04/02/21;09:54:27.847;INFO;Controller;Activity ExecRobotTask ended. Return value: Done True/True/False;
04/02/21;09:54:27.847;INFO;Controller;State = Ready;
04/02/21;09:54:31.011;INFO;Server;Command: ExecRobotTask (Initialize,500000);
04/02/21;09:54:31.011;INFO;Controller;Executing asynchronous activity: ExecRobotTask;
04/02/21;09:54:31.011;INFO;Controller;Status = Executing: Initialize;
04/02/21;09:54:31.011;INFO;Controller;State = Running;
04/02/21;09:54:31.379;INFO;Robot Runtime;executing:    Initialize;
04/02/21;09:54:31.505;INFO;Controller;Activity ExecRobotTask ended. Return value: Done;
04/02/21;09:54:31.505;INFO;Controller;State = Ready;
04/02/21;09:54:31.527;INFO;Server;Command: ExecRobotTask (Unload,500000);
04/02/21;09:54:31.527;INFO;Controller;Executing asynchronous activity: ExecRobotTask;
04/02/21;09:54:31.527;INFO;Controller;Status = Executing: Unload;
04/02/21;09:54:31.528;INFO;Controller;State = Running;
04/02/21;09:54:31.904;INFO;Robot Runtime;executing:    Unload;
04/02/21;09:54:31.930;INFO;Robot Runtime;TraceSample(5): True/True/False;
04/02/21;09:54:42.475;INFO;Robot Runtime;TraceSample(5): True/False/True;
04/02/21;09:54:42.757;INFO;Controller;Activity ExecRobotTask ended. Return value: Done True/False/True;
04/02/21;09:54:42.757;INFO;Controller;State = Ready;
04/02/21;09:54:42.940;INFO;Server;Command: ExecRobotTask (Initialize,500000);
04/02/21;09:54:42.940;INFO;Controller;Executing asynchronous activity: ExecRobotTask;
04/02/21;09:54:42.940;INFO;Controller;Status = Executing: Initialize;
04/02/21;09:54:42.940;INFO;Controller;State = Running;
04/02/21;09:54:43.305;INFO;Robot Runtime;executing:    Initialize;
04/02/21;09:54:43.557;INFO;Controller;Activity ExecRobotTask ended. Return value: Done;
04/02/21;09:54:43.557;INFO;Controller;State = Ready;
04/02/21;09:54:43.581;INFO;Server;Command: ExecRobotTask (Load,500000);
04/02/21;09:54:43.581;INFO;Controller;Executing asynchronous activity: ExecRobotTask;
04/02/21;09:54:43.582;INFO;Controller;Status = Executing: Load;
04/02/21;09:54:43.582;INFO;Controller;State = Running;
04/02/21;09:54:43.950;INFO;Robot Runtime;executing:    Load;
04/02/21;09:54:43.977;INFO;Robot Runtime;TraceSample(6): True/False/True;
04/02/21;09:54:56.404;INFO;Robot Runtime;TraceSample(6): True/True/False;
04/02/21;09:54:56.600;INFO;Controller;Activity ExecRobotTask ended. Return value: Done True/True/False;
04/02/21;09:54:56.601;INFO;Controller;State = Ready;
04/02/21;09:54:59.788;INFO;Server;Command: ExecRobotTask (Initialize,500000);
04/02/21;09:54:59.788;INFO;Controller;Executing asynchronous activity: ExecRobotTask;
04/02/21;09:54:59.788;INFO;Controller;Status = Executing: Initialize;
04/02/21;09:54:59.788;INFO;Controller;State = Running;
04/02/21;09:55:00.150;INFO;Robot Runtime;executing:    Initialize;
04/02/21;09:55:00.405;INFO;Controller;Activity ExecRobotTask ended. Return value: Done;
04/02/21;09:55:00.405;INFO;Controller;State = Ready;
04/02/21;09:55:00.423;INFO;Server;Command: ExecRobotTask (Unload,500000);
04/02/21;09:55:00.424;INFO;Controller;Executing asynchronous activity: ExecRobotTask;
04/02/21;09:55:00.424;INFO;Controller;Status = Executing: Unload;
04/02/21;09:55:00.424;INFO;Controller;State = Running;
04/02/21;09:55:00.794;INFO;Robot Runtime;executing:    Unload;
04/02/21;09:55:00.821;INFO;Robot Runtime;TraceSample(6): True/True/False;
04/02/21;09:55:11.406;INFO;Robot Runtime;TraceSample(6): True/False/True;
04/02/21;09:55:11.622;INFO;Controller;Activity ExecRobotTask ended. Return value: Done True/False/True;
04/02/21;09:55:11.622;INFO;Controller;State = Ready;
04/02/21;09:55:26.443;INFO;Server;Command: ExecRobotTask (Initialize,500000);
04/02/21;09:55:26.443;INFO;Controller;Executing asynchronous activity: ExecRobotTask;
04/02/21;09:55:26.475;INFO;Controller;Status = Executing: Initialize;
04/02/21;09:55:26.476;INFO;Controller;State = Running;
04/02/21;09:55:26.839;INFO;Robot Runtime;executing:    Initialize;
04/02/21;09:55:27.118;INFO;Controller;Activity ExecRobotTask ended. Return value: Done;
04/02/21;09:55:27.118;INFO;Controller;State = Ready;
04/02/21;09:55:27.131;INFO;Server;Command: ExecRobotTask (Load,500000);
04/02/21;09:55:27.132;INFO;Controller;Executing asynchronous activity: ExecRobotTask;
04/02/21;09:55:27.132;INFO;Controller;Status = Executing: Load;
04/02/21;09:55:27.132;INFO;Controller;State = Running;
04/02/21;09:55:27.504;INFO;Robot Runtime;executing:    Load;
04/02/21;09:55:27.531;INFO;Robot Runtime;TraceSample(16): True/False/True;
04/02/21;09:55:40.386;INFO;Robot Runtime;TraceSample(16): True/True/False;
04/02/21;09:55:40.471;INFO;Controller;Activity ExecRobotTask ended. Return value: Done True/True/False;
04/02/21;09:55:40.471;INFO;Controller;State = Ready;
04/02/21;09:55:47.395;INFO;Server;Command: ExecRobotTask (Initialize,500000);
04/02/21;09:55:47.395;INFO;Controller;Executing asynchronous activity: ExecRobotTask;
04/02/21;09:55:47.395;INFO;Controller;Status = Executing: Initialize;
04/02/21;09:55:47.395;INFO;Controller;State = Running;
04/02/21;09:55:47.760;INFO;Robot Runtime;executing:    Initialize;
04/02/21;09:55:47.844;INFO;Controller;Activity ExecRobotTask ended. Return value: Done;
04/02/21;09:55:47.844;INFO;Controller;State = Ready;
04/02/21;09:55:47.869;INFO;Server;Command: ExecRobotTask (Unload,500000);
04/02/21;09:55:47.869;INFO;Controller;Executing asynchronous activity: ExecRobotTask;
04/02/21;09:55:47.869;INFO;Controller;Status = Executing: Unload;
04/02/21;09:55:47.869;INFO;Controller;State = Running;
04/02/21;09:55:48.242;INFO;Robot Runtime;executing:    Unload;
04/02/21;09:55:48.269;INFO;Robot Runtime;TraceSample(8): True/True/False;
04/02/21;09:55:59.098;INFO;Robot Runtime;TraceSample(8): True/False/True;
04/02/21;09:55:59.308;INFO;Controller;Activity ExecRobotTask ended. Return value: Done True/False/True;
04/02/21;09:55:59.308;INFO;Controller;State = Ready;
04/02/21;09:56:08.272;INFO;Server;Command: ExecRobotTask (Initialize,500000);
04/02/21;09:56:08.272;INFO;Controller;Executing asynchronous activity: ExecRobotTask;
04/02/21;09:56:08.272;INFO;Controller;Status = Executing: Initialize;
04/02/21;09:56:08.272;INFO;Controller;State = Running;
04/02/21;09:56:08.636;INFO;Robot Runtime;executing:    Initialize;
04/02/21;09:56:08.935;INFO;Controller;Activity ExecRobotTask ended. Return value: Done;
04/02/21;09:56:08.935;INFO;Controller;State = Ready;
04/02/21;09:56:08.960;INFO;Server;Command: ExecRobotTask (Home,500000);
04/02/21;09:56:08.960;INFO;Controller;Executing asynchronous activity: ExecRobotTask;
04/02/21;09:56:08.960;INFO;Controller;Status = Executing: Home;
04/02/21;09:56:08.960;INFO;Controller;State = Running;
04/02/21;09:56:09.327;INFO;Robot Runtime;executing:    Home;
04/02/21;09:56:10.172;INFO;Controller;Activity ExecRobotTask ended. Return value: Done;
04/02/21;09:56:10.173;INFO;Controller;State = Ready;
04/02/21;09:56:10.358;INFO;Server;Command: ExecRobotTask (Initialize,500000);
04/02/21;09:56:10.359;INFO;Controller;Executing asynchronous activity: ExecRobotTask;
04/02/21;09:56:10.359;INFO;Controller;Status = Executing: Initialize;
04/02/21;09:56:10.359;INFO;Controller;State = Running;
04/02/21;09:56:10.729;INFO;Robot Runtime;executing:    Initialize;
04/02/21;09:56:10.980;INFO;Controller;Activity ExecRobotTask ended. Return value: Done;
04/02/21;09:56:10.981;INFO;Controller;State = Ready;
04/02/21;09:56:10.996;INFO;Server;Command: ExecRobotTask (Load,500000);
04/02/21;09:56:10.996;INFO;Controller;Executing asynchronous activity: ExecRobotTask;
04/02/21;09:56:10.996;INFO;Controller;Status = Executing: Load;
04/02/21;09:56:10.997;INFO;Controller;State = Running;
04/02/21;09:56:11.366;INFO;Robot Runtime;executing:    Load;
04/02/21;09:56:11.392;INFO;Robot Runtime;TraceSample(1): True/False/True;
04/02/21;09:56:24.096;INFO;Robot Runtime;TraceSample(1): True/True/False;
04/02/21;09:56:24.161;INFO;Controller;Activity ExecRobotTask ended. Return value: Done True/True/False;
04/02/21;09:56:24.162;INFO;Controller;State = Ready;
04/02/21;09:56:27.415;INFO;Server;Command: ExecRobotTask (Initialize,500000);
04/02/21;09:56:27.415;INFO;Controller;Executing asynchronous activity: ExecRobotTask;
04/02/21;09:56:27.415;INFO;Controller;Status = Executing: Initialize;
04/02/21;09:56:27.415;INFO;Controller;State = Running;
04/02/21;09:56:27.779;INFO;Robot Runtime;executing:    Initialize;
04/02/21;09:56:28.042;INFO;Controller;Activity ExecRobotTask ended. Return value: Done;
04/02/21;09:56:28.042;INFO;Controller;State = Ready;
04/02/21;09:56:28.066;INFO;Server;Command: ExecRobotTask (Unload,500000);
04/02/21;09:56:28.067;INFO;Controller;Executing asynchronous activity: ExecRobotTask;
04/02/21;09:56:28.067;INFO;Controller;Status = Executing: Unload;
04/02/21;09:56:28.067;INFO;Controller;State = Running;
04/02/21;09:56:28.436;INFO;Robot Runtime;executing:    Unload;
04/02/21;09:56:28.462;INFO;Robot Runtime;TraceSample(1): True/True/False;
04/02/21;09:56:38.505;INFO;Robot Runtime;TraceSample(1): True/False/True;
04/02/21;09:56:38.587;INFO;Controller;Activity ExecRobotTask ended. Return value: Done True/False/True;
04/02/21;09:56:38.587;INFO;Controller;State = Ready;
04/02/21;09:56:38.766;INFO;Server;Command: ExecRobotTask (Initialize,500000);
04/02/21;09:56:38.766;INFO;Controller;Executing asynchronous activity: ExecRobotTask;
04/02/21;09:56:38.766;INFO;Controller;Status = Executing: Initialize;
04/02/21;09:56:38.766;INFO;Controller;State = Running;
04/02/21;09:56:39.134;INFO;Robot Runtime;executing:    Initialize;
04/02/21;09:56:39.245;INFO;Controller;Activity ExecRobotTask ended. Return value: Done;
04/02/21;09:56:39.245;INFO;Controller;State = Ready;
04/02/21;09:56:39.265;INFO;Server;Command: ExecRobotTask (Load,500000);
04/02/21;09:56:39.265;INFO;Controller;Executing asynchronous activity: ExecRobotTask;
04/02/21;09:56:39.265;INFO;Controller;Status = Executing: Load;
04/02/21;09:56:39.265;INFO;Controller;State = Running;
04/02/21;09:56:39.636;INFO;Robot Runtime;executing:    Load;
04/02/21;09:56:39.662;INFO;Robot Runtime;TraceSample(2): True/False/True;
04/02/21;09:56:51.605;INFO;Robot Runtime;TraceSample(2): True/True/False;
04/02/21;09:56:51.678;INFO;Controller;Activity ExecRobotTask ended. Return value: Done True/True/False;
04/02/21;09:56:51.678;INFO;Controller;State = Ready;
04/02/21;09:56:54.915;INFO;Server;Command: ExecRobotTask (Initialize,500000);
04/02/21;09:56:54.916;INFO;Controller;Executing asynchronous activity: ExecRobotTask;
04/02/21;09:56:54.916;INFO;Controller;Status = Executing: Initialize;
04/02/21;09:56:54.916;INFO;Controller;State = Running;
04/02/21;09:56:55.285;INFO;Robot Runtime;executing:    Initialize;
04/02/21;09:56:55.574;INFO;Controller;Activity ExecRobotTask ended. Return value: Done;
04/02/21;09:56:55.574;INFO;Controller;State = Ready;
04/02/21;09:56:55.597;INFO;Server;Command: ExecRobotTask (Unload,500000);
04/02/21;09:56:55.597;INFO;Controller;Executing asynchronous activity: ExecRobotTask;
04/02/21;09:56:55.597;INFO;Controller;Status = Executing: Unload;
04/02/21;09:56:55.597;INFO;Controller;State = Running;
04/02/21;09:56:55.968;INFO;Robot Runtime;executing:    Unload;
04/02/21;09:56:55.994;INFO;Robot Runtime;TraceSample(2): True/True/False;
04/02/21;09:57:06.122;INFO;Robot Runtime;TraceSample(2): True/False/True;
04/02/21;09:57:06.204;INFO;Controller;Activity ExecRobotTask ended. Return value: Done True/False/True;
04/02/21;09:57:06.204;INFO;Controller;State = Ready;
04/02/21;09:57:06.391;INFO;Server;Command: ExecRobotTask (Initialize,500000);
04/02/21;09:57:06.391;INFO;Controller;Executing asynchronous activity: ExecRobotTask;
04/02/21;09:57:06.391;INFO;Controller;Status = Executing: Initialize;
04/02/21;09:57:06.391;INFO;Controller;State = Running;
04/02/21;09:57:06.771;INFO;Robot Runtime;executing:    Initialize;
04/02/21;09:57:06.862;INFO;Controller;Activity ExecRobotTask ended. Return value: Done;
04/02/21;09:57:06.862;INFO;Controller;State = Ready;
04/02/21;09:57:06.887;INFO;Server;Command: ExecRobotTask (Load,500000);
04/02/21;09:57:06.887;INFO;Controller;Executing asynchronous activity: ExecRobotTask;
04/02/21;09:57:06.887;INFO;Controller;Status = Executing: Load;
04/02/21;09:57:06.887;INFO;Controller;State = Running;
04/02/21;09:57:07.259;INFO;Robot Runtime;executing:    Load;
04/02/21;09:57:07.286;INFO;Robot Runtime;TraceSample(3): True/False/True;
04/02/21;09:57:19.136;INFO;Robot Runtime;TraceSample(3): True/True/False;
04/02/21;09:57:19.209;INFO;Controller;Activity ExecRobotTask ended. Return value: Done True/True/False;
04/02/21;09:57:19.209;INFO;Controller;State = Ready;
04/02/21;09:57:22.137;INFO;Server;Command: ExecRobotTask (Initialize,500000);
04/02/21;09:57:22.137;INFO;Controller;Executing asynchronous activity: ExecRobotTask;
04/02/21;09:57:22.137;INFO;Controller;Status = Executing: Initialize;
04/02/21;09:57:22.137;INFO;Controller;State = Running;
04/02/21;09:57:22.503;INFO;Robot Runtime;executing:    Initialize;
04/02/21;09:57:22.591;INFO;Controller;Activity ExecRobotTask ended. Return value: Done;
04/02/21;09:57:22.591;INFO;Controller;State = Ready;
04/02/21;09:57:22.614;INFO;Server;Command: ExecRobotTask (Unload,500000);
04/02/21;09:57:22.614;INFO;Controller;Executing asynchronous activity: ExecRobotTask;
04/02/21;09:57:22.614;INFO;Controller;Status = Executing: Unload;
04/02/21;09:57:22.614;INFO;Controller;State = Running;
04/02/21;09:57:22.983;INFO;Robot Runtime;executing:    Unload;
04/02/21;09:57:23.009;INFO;Robot Runtime;TraceSample(3): True/True/False;
04/02/21;09:57:33.223;INFO;Robot Runtime;TraceSample(3): True/False/True;
04/02/21;09:57:33.465;INFO;Controller;Activity ExecRobotTask ended. Return value: Done True/False/True;
04/02/21;09:57:33.465;INFO;Controller;State = Ready;
04/02/21;09:57:33.647;INFO;Server;Command: ExecRobotTask (Initialize,500000);
04/02/21;09:57:33.647;INFO;Controller;Executing asynchronous activity: ExecRobotTask;
04/02/21;09:57:33.647;INFO;Controller;Status = Executing: Initialize;
04/02/21;09:57:33.647;INFO;Controller;State = Running;
04/02/21;09:57:34.016;INFO;Robot Runtime;executing:    Initialize;
04/02/21;09:57:34.269;INFO;Controller;Activity ExecRobotTask ended. Return value: Done;
04/02/21;09:57:34.269;INFO;Controller;State = Ready;
04/02/21;09:57:34.290;INFO;Server;Command: ExecRobotTask (Load,500000);
04/02/21;09:57:34.290;INFO;Controller;Executing asynchronous activity: ExecRobotTask;
04/02/21;09:57:34.291;INFO;Controller;Status = Executing: Load;
04/02/21;09:57:34.291;INFO;Controller;State = Running;
04/02/21;09:57:34.659;INFO;Robot Runtime;executing:    Load;
04/02/21;09:57:34.685;INFO;Robot Runtime;TraceSample(4): True/False/True;
04/02/21;09:57:46.743;INFO;Robot Runtime;TraceSample(4): True/True/False;
04/02/21;09:57:47.000;INFO;Controller;Activity ExecRobotTask ended. Return value: Done True/True/False;
04/02/21;09:57:47.000;INFO;Controller;State = Ready;
04/02/21;09:57:49.993;INFO;Server;Command: ExecRobotTask (Initialize,500000);
04/02/21;09:57:49.993;INFO;Controller;Executing asynchronous activity: ExecRobotTask;
04/02/21;09:57:49.993;INFO;Controller;Status = Executing: Initialize;
04/02/21;09:57:49.993;INFO;Controller;State = Running;
04/02/21;09:57:50.362;INFO;Robot Runtime;executing:    Initialize;
04/02/21;09:57:50.661;INFO;Controller;Activity ExecRobotTask ended. Return value: Done;
04/02/21;09:57:50.661;INFO;Controller;State = Ready;
04/02/21;09:57:50.685;INFO;Server;Command: ExecRobotTask (Unload,500000);
04/02/21;09:57:50.685;INFO;Controller;Executing asynchronous activity: ExecRobotTask;
04/02/21;09:57:50.685;INFO;Controller;Status = Executing: Unload;
04/02/21;09:57:50.685;INFO;Controller;State = Running;
04/02/21;09:57:51.058;INFO;Robot Runtime;executing:    Unload;
04/02/21;09:57:51.085;INFO;Robot Runtime;TraceSample(4): True/True/False;
04/02/21;09:58:01.243;INFO;Robot Runtime;TraceSample(4): True/False/True;
04/02/21;09:58:01.536;INFO;Controller;Activity ExecRobotTask ended. Return value: Done True/False/True;
04/02/21;09:58:01.536;INFO;Controller;State = Ready;
04/02/21;09:58:01.710;INFO;Server;Command: ExecRobotTask (Initialize,500000);
04/02/21;09:58:01.710;INFO;Controller;Executing asynchronous activity: ExecRobotTask;
04/02/21;09:58:01.711;INFO;Controller;Status = Executing: Initialize;
04/02/21;09:58:01.711;INFO;Controller;State = Running;
04/02/21;09:58:02.077;INFO;Robot Runtime;executing:    Initialize;
04/02/21;09:58:02.342;INFO;Controller;Activity ExecRobotTask ended. Return value: Done;
04/02/21;09:58:02.342;INFO;Controller;State = Ready;
04/02/21;09:58:02.360;INFO;Server;Command: ExecRobotTask (Load,500000);
04/02/21;09:58:02.360;INFO;Controller;Executing asynchronous activity: ExecRobotTask;
04/02/21;09:58:02.360;INFO;Controller;Status = Executing: Load;
04/02/21;09:58:02.360;INFO;Controller;State = Running;
04/02/21;09:58:02.729;INFO;Robot Runtime;executing:    Load;
04/02/21;09:58:02.756;INFO;Robot Runtime;TraceSample(5): True/False/True;
04/02/21;09:58:14.900;INFO;Robot Runtime;TraceSample(5): True/True/False;
04/02/21;09:58:15.116;INFO;Controller;Activity ExecRobotTask ended. Return value: Done True/True/False;
04/02/21;09:58:15.117;INFO;Controller;State = Ready;
04/02/21;09:58:18.183;INFO;Server;Command: ExecRobotTask (Initialize,500000);
04/02/21;09:58:18.183;INFO;Controller;Executing asynchronous activity: ExecRobotTask;
04/02/21;09:58:18.184;INFO;Controller;Status = Executing: Initialize;
04/02/21;09:58:18.184;INFO;Controller;State = Running;
04/02/21;09:58:18.548;INFO;Robot Runtime;executing:    Initialize;
04/02/21;09:58:18.683;INFO;Controller;Activity ExecRobotTask ended. Return value: Done;
04/02/21;09:58:18.683;INFO;Controller;State = Ready;
04/02/21;09:58:18.711;INFO;Server;Command: ExecRobotTask (Unload,500000);
04/02/21;09:58:18.711;INFO;Controller;Executing asynchronous activity: ExecRobotTask;
04/02/21;09:58:18.711;INFO;Controller;Status = Executing: Unload;
04/02/21;09:58:18.711;INFO;Controller;State = Running;
04/02/21;09:58:19.083;INFO;Robot Runtime;executing:    Unload;
04/02/21;09:58:19.114;INFO;Robot Runtime;TraceSample(5): True/True/False;
04/02/21;09:58:29.403;INFO;Robot Runtime;TraceSample(5): True/False/True;
04/02/21;09:58:29.630;INFO;Controller;Activity ExecRobotTask ended. Return value: Done True/False/True;
04/02/21;09:58:29.631;INFO;Controller;State = Ready;
04/02/21;09:58:29.816;INFO;Server;Command: ExecRobotTask (Initialize,500000);
04/02/21;09:58:29.816;INFO;Controller;Executing asynchronous activity: ExecRobotTask;
04/02/21;09:58:29.816;INFO;Controller;Status = Executing: Initialize;
04/02/21;09:58:29.816;INFO;Controller;State = Running;
04/02/21;09:58:30.181;INFO;Robot Runtime;executing:    Initialize;
04/02/21;09:58:30.433;INFO;Controller;Activity ExecRobotTask ended. Return value: Done;
04/02/21;09:58:30.433;INFO;Controller;State = Ready;
04/02/21;09:58:30.450;INFO;Server;Command: ExecRobotTask (Load,500000);
04/02/21;09:58:30.450;INFO;Controller;Executing asynchronous activity: ExecRobotTask;
04/02/21;09:58:30.450;INFO;Controller;Status = Executing: Load;
04/02/21;09:58:30.451;INFO;Controller;State = Running;
04/02/21;09:58:30.820;INFO;Robot Runtime;executing:    Load;
04/02/21;09:58:30.846;INFO;Robot Runtime;TraceSample(6): True/False/True;
04/02/21;09:58:43.476;INFO;Robot Runtime;TraceSample(6): True/True/False;
04/02/21;09:58:43.700;INFO;Controller;Activity ExecRobotTask ended. Return value: Done True/True/False;
04/02/21;09:58:43.701;INFO;Controller;State = Ready;
04/02/21;09:58:46.888;INFO;Server;Command: ExecRobotTask (Initialize,500000);
04/02/21;09:58:46.888;INFO;Controller;Executing asynchronous activity: ExecRobotTask;
04/02/21;09:58:46.888;INFO;Controller;Status = Executing: Initialize;
04/02/21;09:58:46.888;INFO;Controller;State = Running;
04/02/21;09:58:47.259;INFO;Robot Runtime;executing:    Initialize;
04/02/21;09:58:47.500;INFO;Controller;Activity ExecRobotTask ended. Return value: Done;
04/02/21;09:58:47.500;INFO;Controller;State = Ready;
04/02/21;09:58:47.520;INFO;Server;Command: ExecRobotTask (Unload,500000);
04/02/21;09:58:47.520;INFO;Controller;Executing asynchronous activity: ExecRobotTask;
04/02/21;09:58:47.520;INFO;Controller;Status = Executing: Unload;
04/02/21;09:58:47.521;INFO;Controller;State = Running;
04/02/21;09:58:47.894;INFO;Robot Runtime;executing:    Unload;
04/02/21;09:58:47.920;INFO;Robot Runtime;TraceSample(6): True/True/False;
04/02/21;09:58:58.311;INFO;Robot Runtime;TraceSample(6): True/False/True;
04/02/21;09:58:58.582;INFO;Controller;Activity ExecRobotTask ended. Return value: Done True/False/True;
04/02/21;09:58:58.582;INFO;Controller;State = Ready;
04/02/21;09:58:58.769;INFO;Server;Command: ExecRobotTask (Initialize,500000);
04/02/21;09:58:58.769;INFO;Controller;Executing asynchronous activity: ExecRobotTask;
04/02/21;09:58:58.769;INFO;Controller;Status = Executing: Initialize;
04/02/21;09:58:58.769;INFO;Controller;State = Running;
04/02/21;09:58:59.136;INFO;Robot Runtime;executing:    Initialize;
04/02/21;09:58:59.386;INFO;Controller;Activity ExecRobotTask ended. Return value: Done;
04/02/21;09:58:59.386;INFO;Controller;State = Ready;
04/02/21;09:58:59.410;INFO;Server;Command: ExecRobotTask (Load,500000);
04/02/21;09:58:59.410;INFO;Controller;Executing asynchronous activity: ExecRobotTask;
04/02/21;09:58:59.410;INFO;Controller;Status = Executing: Load;
04/02/21;09:58:59.410;INFO;Controller;State = Running;
04/02/21;09:58:59.780;INFO;Robot Runtime;executing:    Load;
04/02/21;09:58:59.807;INFO;Robot Runtime;TraceSample(7): True/False/True;
04/02/21;09:59:12.000;INFO;Robot Runtime;TraceSample(7): True/True/False;
04/02/21;09:59:12.249;INFO;Controller;Activity ExecRobotTask ended. Return value: Done True/True/False;
04/02/21;09:59:12.249;INFO;Controller;State = Ready;
04/02/21;09:59:50.727;INFO;Server;Command: ExecRobotTask (Initialize,500000);
04/02/21;09:59:50.727;INFO;Controller;Executing asynchronous activity: ExecRobotTask;
04/02/21;09:59:50.727;INFO;Controller;Status = Executing: Initialize;
04/02/21;09:59:50.727;INFO;Controller;State = Running;
04/02/21;09:59:51.098;INFO;Robot Runtime;executing:    Initialize;
04/02/21;09:59:51.344;INFO;Controller;Activity ExecRobotTask ended. Return value: Done;
04/02/21;09:59:51.344;INFO;Controller;State = Ready;
04/02/21;09:59:51.371;INFO;Server;Command: ExecRobotTask (Unload,500000);
04/02/21;09:59:51.372;INFO;Controller;Executing asynchronous activity: ExecRobotTask;
04/02/21;09:59:51.372;INFO;Controller;Status = Executing: Unload;
04/02/21;09:59:51.372;INFO;Controller;State = Running;
04/02/21;09:59:51.741;INFO;Robot Runtime;executing:    Unload;
04/02/21;09:59:51.768;INFO;Robot Runtime;TraceSample(7): True/True/False;
04/02/21;10:00:02.510;INFO;Robot Runtime;TraceSample(7): True/False/True;
04/02/21;10:00:02.707;INFO;Controller;Activity ExecRobotTask ended. Return value: Done True/False/True;
04/02/21;10:00:02.707;INFO;Controller;State = Ready;
04/02/21;10:00:02.878;INFO;Server;Command: ExecRobotTask (Initialize,500000);
04/02/21;10:00:02.879;INFO;Controller;Executing asynchronous activity: ExecRobotTask;
04/02/21;10:00:02.879;INFO;Controller;Status = Executing: Initialize;
04/02/21;10:00:02.879;INFO;Controller;State = Running;
04/02/21;10:00:03.250;INFO;Robot Runtime;executing:    Initialize;
04/02/21;10:00:03.516;INFO;Controller;Activity ExecRobotTask ended. Return value: Done;
04/02/21;10:00:03.516;INFO;Controller;State = Ready;
04/02/21;10:00:03.543;INFO;Server;Command: ExecRobotTask (Load,500000);
04/02/21;10:00:03.543;INFO;Controller;Executing asynchronous activity: ExecRobotTask;
04/02/21;10:00:03.543;INFO;Controller;Status = Executing: Load;
04/02/21;10:00:03.543;INFO;Controller;State = Running;
04/02/21;10:00:03.914;INFO;Robot Runtime;executing:    Load;
04/02/21;10:00:03.940;INFO;Robot Runtime;TraceSample(8): True/False/True;
04/02/21;10:00:16.533;INFO;Robot Runtime;TraceSample(8): True/True/False;
04/02/21;10:00:16.797;INFO;Controller;Activity ExecRobotTask ended. Return value: Done True/True/False;
04/02/21;10:00:16.797;INFO;Controller;State = Ready;
04/02/21;10:00:54.859;INFO;Server;Command: ExecRobotTask (Initialize,500000);
04/02/21;10:00:54.859;INFO;Controller;Executing asynchronous activity: ExecRobotTask;
04/02/21;10:00:54.859;INFO;Controller;Status = Executing: Initialize;
04/02/21;10:00:54.859;INFO;Controller;State = Running;
04/02/21;10:00:55.224;INFO;Robot Runtime;executing:    Initialize;
04/02/21;10:00:55.491;INFO;Controller;Activity ExecRobotTask ended. Return value: Done;
04/02/21;10:00:55.491;INFO;Controller;State = Ready;
04/02/21;10:00:55.516;INFO;Server;Command: ExecRobotTask (Unload,500000);
04/02/21;10:00:55.516;INFO;Controller;Executing asynchronous activity: ExecRobotTask;
04/02/21;10:00:55.517;INFO;Controller;Status = Executing: Unload;
04/02/21;10:00:55.517;INFO;Controller;State = Running;
04/02/21;10:00:55.890;INFO;Robot Runtime;executing:    Unload;
04/02/21;10:00:55.918;INFO;Robot Runtime;TraceSample(8): True/True/False;
04/02/21;10:01:06.652;INFO;Robot Runtime;TraceSample(8): True/False/True;
04/02/21;10:01:06.721;INFO;Controller;Activity ExecRobotTask ended. Return value: Done True/False/True;
04/02/21;10:01:06.721;INFO;Controller;State = Ready;
04/02/21;10:01:06.901;INFO;Server;Command: ExecRobotTask (Initialize,500000);
04/02/21;10:01:06.902;INFO;Controller;Executing asynchronous activity: ExecRobotTask;
04/02/21;10:01:06.902;INFO;Controller;Status = Executing: Initialize;
04/02/21;10:01:06.902;INFO;Controller;State = Running;
04/02/21;10:01:07.270;INFO;Robot Runtime;executing:    Initialize;
04/02/21;10:01:07.386;INFO;Controller;Activity ExecRobotTask ended. Return value: Done;
04/02/21;10:01:07.386;INFO;Controller;State = Ready;
04/02/21;10:01:07.406;INFO;Server;Command: ExecRobotTask (Load,500000);
04/02/21;10:01:07.407;INFO;Controller;Executing asynchronous activity: ExecRobotTask;
04/02/21;10:01:07.407;INFO;Controller;Status = Executing: Load;
04/02/21;10:01:07.407;INFO;Controller;State = Running;
04/02/21;10:01:07.775;INFO;Robot Runtime;executing:    Load;
04/02/21;10:01:07.803;INFO;Robot Runtime;TraceSample(9): True/False/True;
04/02/21;10:01:20.167;INFO;Robot Runtime;TraceSample(9): True/True/False;
04/02/21;10:01:20.443;INFO;Controller;Activity ExecRobotTask ended. Return value: Done True/True/False;
04/02/21;10:01:20.443;INFO;Controller;State = Ready;
04/02/21;10:01:23.666;INFO;Server;Command: ExecRobotTask (Initialize,500000);
04/02/21;10:01:23.667;INFO;Controller;Executing asynchronous activity: ExecRobotTask;
04/02/21;10:01:23.667;INFO;Controller;Status = Executing: Initialize;
04/02/21;10:01:23.667;INFO;Controller;State = Running;
04/02/21;10:01:24.032;INFO;Robot Runtime;executing:    Initialize;
04/02/21;10:01:24.156;INFO;Controller;Activity ExecRobotTask ended. Return value: Done;
04/02/21;10:01:24.156;INFO;Controller;State = Ready;
04/02/21;10:01:24.177;INFO;Server;Command: ExecRobotTask (Unload,500000);
04/02/21;10:01:24.177;INFO;Controller;Executing asynchronous activity: ExecRobotTask;
04/02/21;10:01:24.177;INFO;Controller;Status = Executing: Unload;
04/02/21;10:01:24.177;INFO;Controller;State = Running;
04/02/21;10:01:24.552;INFO;Robot Runtime;executing:    Unload;
04/02/21;10:01:24.578;INFO;Robot Runtime;TraceSample(9): True/True/False;
04/02/21;10:01:35.241;INFO;Robot Runtime;TraceSample(9): True/False/True;
04/02/21;10:01:35.343;INFO;Controller;Activity ExecRobotTask ended. Return value: Done True/False/True;
04/02/21;10:01:35.343;INFO;Controller;State = Ready;
04/02/21;10:01:35.527;INFO;Server;Command: ExecRobotTask (Initialize,500000);
04/02/21;10:01:35.528;INFO;Controller;Executing asynchronous activity: ExecRobotTask;
04/02/21;10:01:35.528;INFO;Controller;Status = Executing: Initialize;
04/02/21;10:01:35.528;INFO;Controller;State = Running;
04/02/21;10:01:35.901;INFO;Robot Runtime;executing:    Initialize;
04/02/21;10:01:36.008;INFO;Controller;Activity ExecRobotTask ended. Return value: Done;
04/02/21;10:01:36.008;INFO;Controller;State = Ready;
04/02/21;10:01:36.038;INFO;Server;Command: ExecRobotTask (Load,500000);
04/02/21;10:01:36.038;INFO;Controller;Executing asynchronous activity: ExecRobotTask;
04/02/21;10:01:36.038;INFO;Controller;Status = Executing: Load;
04/02/21;10:01:36.038;INFO;Controller;State = Running;
04/02/21;10:01:36.408;INFO;Robot Runtime;executing:    Load;
04/02/21;10:01:36.435;INFO;Robot Runtime;TraceSample(10): True/False/True;
04/02/21;10:01:49.075;INFO;Robot Runtime;TraceSample(10): True/True/False;
04/02/21;10:01:49.159;INFO;Controller;Activity ExecRobotTask ended. Return value: Done True/True/False;
04/02/21;10:01:49.159;INFO;Controller;State = Ready;
04/02/21;10:01:52.256;INFO;Server;Command: ExecRobotTask (Initialize,500000);
04/02/21;10:01:52.256;INFO;Controller;Executing asynchronous activity: ExecRobotTask;
04/02/21;10:01:52.257;INFO;Controller;Status = Executing: Initialize;
04/02/21;10:01:52.257;INFO;Controller;State = Running;
04/02/21;10:01:52.621;INFO;Robot Runtime;executing:    Initialize;
04/02/21;10:01:52.904;INFO;Controller;Activity ExecRobotTask ended. Return value: Done;
04/02/21;10:01:52.904;INFO;Controller;State = Ready;
04/02/21;10:01:52.930;INFO;Server;Command: ExecRobotTask (Unload,500000);
04/02/21;10:01:52.930;INFO;Controller;Executing asynchronous activity: ExecRobotTask;
04/02/21;10:01:52.930;INFO;Controller;Status = Executing: Unload;
04/02/21;10:01:52.930;INFO;Controller;State = Running;
04/02/21;10:01:53.300;INFO;Robot Runtime;executing:    Unload;
04/02/21;10:01:53.327;INFO;Robot Runtime;TraceSample(10): True/True/False;
04/02/21;10:02:04.204;INFO;Robot Runtime;TraceSample(10): True/False/True;
04/02/21;10:02:04.444;INFO;Controller;Activity ExecRobotTask ended. Return value: Done True/False/True;
04/02/21;10:02:04.444;INFO;Controller;State = Ready;
