10/06/21;17:28:30.707;INFO;Controller;Instantiation;
10/06/21;17:28:30.728;INFO;Controller;State = Initializing;
10/06/21;17:28:30.904;WARNING;Interface;Access level set to Admin;
10/06/21;17:28:31.022;INFO;Controller;Initialized log services - Startup: 10/06/21 17:28:30;
10/06/21;17:28:31.032;INFO;Controller;Initializing controller for SW version: 1.1.0 - JLib 1.7.2;
10/06/21;17:28:31.272;INFO;Epics Server;Registered PV: SW:Status;
10/06/21;17:28:31.273;INFO;Epics Server;Registered PV: SW:Uptime;
10/06/21;17:28:31.296;INFO;Epics Server;Registered PV: SW:LastTaskInfo;
10/06/21;17:28:31.297;INFO;Epics Server;Registered PV: SW:AlarmList;
10/06/21;17:28:31.297;INFO;Epics Server;Registered PV: SW:LocalGuiLockOut;
10/06/21;17:28:31.298;INFO;Epics Server;Registered PV: SW:RobotSpeed;
10/06/21;17:28:31.298;INFO;Epics Server;Registered PV: SW:LastTaskException;
10/06/21;17:28:31.298;INFO;Epics Server;Registered PV: SW:LastTaskOutput;
10/06/21;17:28:31.299;INFO;Epics Server;Registered PV: SW:JointPositions;
10/06/21;17:28:31.300;INFO;Epics Server;Registered PV: SW:RobotState;
10/06/21;17:28:31.300;INFO;Epics Server;Registered PV: SW:CartesianPositions;
10/06/21;17:28:31.301;INFO;Epics Server;Registered PV: SW:State;
10/06/21;17:28:31.301;INFO;Epics Server;Registered PV: SW:Version;
10/06/21;17:28:31.303;INFO;Epics Server;Registered PV: SW:restart;
10/06/21;17:28:31.304;INFO;Epics Server;Registered PV: SW:getTaskInfo;
10/06/21;17:28:31.304;INFO;Epics Server;Registered PV: SW:isTaskRunning;
10/06/21;17:28:31.305;INFO;Epics Server;Registered PV: SW:checkTaskResult;
10/06/21;17:28:31.305;INFO;Epics Server;Registered PV: SW:startTestTask;
10/06/21;17:28:31.305;INFO;Epics Server;Registered PV: SW:pauseRobot;
10/06/21;17:28:31.306;INFO;Epics Server;Registered PV: SW:resumeRobot;
10/06/21;17:28:31.306;INFO;Epics Server;Registered PV: SW:setRobotVariable;
10/06/21;17:28:31.306;INFO;Epics Server;Registered PV: SW:isSampleMounted;
10/06/21;17:28:31.307;INFO;Epics Server;Registered PV: SW:startRobotTask;
10/06/21;17:28:31.307;INFO;Epics Server;Registered PV: SW:getRobotVariable;
10/06/21;17:28:31.307;INFO;Epics Server;Registered PV: SW:getDistance;
10/06/21;17:28:31.308;INFO;Epics Server;Registered PV: SW:abort;
10/06/21;17:28:31.308;INFO;Epics Server;Initializing: Channel Access Server in Java v1.1.1;
10/06/21;17:28:31.311;INFO;Epics Server;Started server: ready to accept requests;
10/06/21;17:28:32.072;INFO;Controller;Initializing Robot;
10/06/21;17:28:32.083;INFO;Robot;Setting reference frame to: world;
10/06/21;17:28:32.327;INFO;Controller;Initializing Bus Controller;
10/06/21;17:28:32.329;INFO;Anti-Collision;Active = true;
10/06/21;17:28:32.330;INFO;Controller;State = Starting;
10/06/21;17:28:32.336;INFO;Controller;Command: Reset;
10/06/21;17:28:32.645;INFO;Controller;Executing asynchronous script: ./script/Reset.py;
10/06/21;17:28:32.645;INFO;Controller;Status = Reseting;
10/06/21;17:28:32.645;INFO;Controller;State = Running;
10/06/21;17:28:33.142;INFO;Controller;Script host: localhost:33742;
10/06/21;17:28:33.143;INFO;Script;Starting initialization script;
10/06/21;17:28:33.146;INFO;Script;Do nothing;
10/06/21;17:28:33.146;INFO;Controller;Script ./script/Reset.py ended. Return value: ;
10/06/21;17:28:33.147;INFO;Controller;State = Ready;
10/06/21;17:28:41.682;INFO;Interface;Command: ExecRobotTask (poweroff,-1);
10/06/21;17:28:41.683;INFO;Controller;Executing asynchronous activity: ExecRobotTask;
10/06/21;17:28:41.683;INFO;Controller;Status = Executing: poweroff;
10/06/21;17:28:41.684;INFO;Controller;State = Running;
10/06/21;17:28:42.073;INFO;Robot Runtime;executing:    poweroff;
10/06/21;17:28:42.655;INFO;Controller;Activity ExecRobotTask ended. Return value: Done;
10/06/21;17:28:42.656;INFO;Controller;State = Ready;
10/06/21;17:28:52.698;INFO;Interface;Command: ExecRobotTask (initialize,-1);
10/06/21;17:28:52.699;INFO;Controller;Executing asynchronous activity: ExecRobotTask;
10/06/21;17:28:52.699;INFO;Controller;Status = Executing: initialize;
10/06/21;17:28:52.699;INFO;Controller;State = Running;
10/06/21;17:28:53.076;INFO;Robot Runtime;executing:    initialize;
10/06/21;17:28:53.104;WARNING;Robot Runtime;Interlock violation. Please fix and acknowledge the hardware fault;
10/06/21;17:28:53.276;INFO;Controller;Activity ExecRobotTask ended. Return value: ABORT: Interlock violation. Please fix and acknowledge the hardware fault;
10/06/21;17:28:53.277;INFO;Controller;State = Ready;
10/06/21;17:29:05.111;INFO;Controller;State = Closing;
10/06/21;17:29:06.125;INFO;Epics Server;Exiting running thread;
10/06/21;17:29:06.128;INFO;Controller;Stopping log services - Startup: 10/06/21 17:28:30;
10/06/21;17:31:54.709;INFO;Controller;Instantiation;
10/06/21;17:31:54.738;INFO;Controller;State = Initializing;
10/06/21;17:31:55.115;WARNING;Interface;Access level set to Admin;
10/06/21;17:31:55.186;INFO;Controller;Initialized log services - Startup: 10/06/21 17:31:54;
10/06/21;17:31:55.193;INFO;Controller;Initializing controller for SW version: 1.1.0 - JLib 1.7.2;
10/06/21;17:31:55.409;INFO;Epics Server;Registered PV: SW:Status;
10/06/21;17:31:55.410;INFO;Epics Server;Registered PV: SW:Uptime;
10/06/21;17:31:55.430;INFO;Epics Server;Registered PV: SW:LastTaskInfo;
10/06/21;17:31:55.432;INFO;Epics Server;Registered PV: SW:Version;
10/06/21;17:31:55.432;INFO;Epics Server;Registered PV: SW:LocalGuiLockOut;
10/06/21;17:31:55.433;INFO;Epics Server;Registered PV: SW:AlarmList;
10/06/21;17:31:55.434;INFO;Epics Server;Registered PV: SW:RobotSpeed;
10/06/21;17:31:55.434;INFO;Epics Server;Registered PV: SW:LastTaskException;
10/06/21;17:31:55.434;INFO;Epics Server;Registered PV: SW:LastTaskOutput;
10/06/21;17:31:55.435;INFO;Epics Server;Registered PV: SW:RobotState;
10/06/21;17:31:55.436;INFO;Epics Server;Registered PV: SW:JointPositions;
10/06/21;17:31:55.436;INFO;Epics Server;Registered PV: SW:CartesianPositions;
10/06/21;17:31:55.437;INFO;Epics Server;Registered PV: SW:State;
10/06/21;17:31:55.439;INFO;Epics Server;Registered PV: SW:restart;
10/06/21;17:31:55.440;INFO;Epics Server;Registered PV: SW:abort;
10/06/21;17:31:55.440;INFO;Epics Server;Registered PV: SW:getTaskInfo;
10/06/21;17:31:55.440;INFO;Epics Server;Registered PV: SW:isTaskRunning;
10/06/21;17:31:55.441;INFO;Epics Server;Registered PV: SW:checkTaskResult;
10/06/21;17:31:55.441;INFO;Epics Server;Registered PV: SW:startTestTask;
10/06/21;17:31:55.442;INFO;Epics Server;Registered PV: SW:pauseRobot;
10/06/21;17:31:55.442;INFO;Epics Server;Registered PV: SW:resumeRobot;
10/06/21;17:31:55.442;INFO;Epics Server;Registered PV: SW:setRobotVariable;
10/06/21;17:31:55.443;INFO;Epics Server;Registered PV: SW:isSampleMounted;
10/06/21;17:31:55.443;INFO;Epics Server;Registered PV: SW:startRobotTask;
10/06/21;17:31:55.444;INFO;Epics Server;Registered PV: SW:getDistance;
10/06/21;17:31:55.444;INFO;Epics Server;Registered PV: SW:getRobotVariable;
10/06/21;17:31:55.445;INFO;Epics Server;Initializing: Channel Access Server in Java v1.1.1;
10/06/21;17:31:55.447;INFO;Epics Server;Started server: ready to accept requests;
10/06/21;17:31:56.168;INFO;Controller;Initializing Robot;
10/06/21;17:31:56.179;INFO;Robot;Setting reference frame to: world;
10/06/21;17:31:56.405;INFO;Controller;Initializing Bus Controller;
10/06/21;17:31:56.406;INFO;Anti-Collision;Active = true;
10/06/21;17:31:56.406;INFO;Controller;State = Starting;
10/06/21;17:31:56.411;INFO;Controller;Command: Reset;
10/06/21;17:31:56.760;INFO;Controller;Executing asynchronous script: ./script/Reset.py;
10/06/21;17:31:56.761;INFO;Controller;Status = Reseting;
10/06/21;17:31:56.761;INFO;Controller;State = Running;
10/06/21;17:31:57.266;INFO;Controller;Script host: localhost:46365;
10/06/21;17:31:57.267;INFO;Script;Starting initialization script;
10/06/21;17:31:57.269;INFO;Script;Do nothing;
10/06/21;17:31:57.270;INFO;Controller;Script ./script/Reset.py ended. Return value: ;
10/06/21;17:31:57.270;INFO;Controller;State = Ready;
10/06/21;17:31:57.684;INFO;Controller;State = Closing;
10/06/21;17:31:58.700;INFO;Epics Server;Exiting running thread;
10/06/21;17:31:58.704;INFO;Controller;Stopping log services - Startup: 10/06/21 17:31:54;
