23/02/21;19:00:19.407;INFO;Server;Command: ExecRobotTask (Initialize,500000);
23/02/21;19:00:19.408;INFO;Controller;Executing asynchronous activity: ExecRobotTask;
23/02/21;19:00:19.408;INFO;Controller;Status = Executing: Initialize;
23/02/21;19:00:19.408;INFO;Controller;State = Running;
23/02/21;19:00:19.813;INFO;Robot Runtime;executing:    Initialize;
23/02/21;19:00:19.842;INFO;Robot Runtime;Robot is on hold or doing connection movement --- 2;
23/02/21;19:00:21.372;INFO;Controller;Activity ExecRobotTask ended. Return value: Done;
23/02/21;19:00:21.373;INFO;Controller;State = Ready;
23/02/21;19:00:21.544;INFO;Server;Command: ExecRobotTask (Home,500000);
23/02/21;19:00:21.544;INFO;Controller;Executing asynchronous activity: ExecRobotTask;
23/02/21;19:00:21.545;INFO;Controller;Status = Executing: Home;
23/02/21;19:00:21.545;INFO;Controller;State = Running;
23/02/21;19:00:21.911;INFO;Robot Runtime;executing:    Home;
23/02/21;19:00:23.037;INFO;Controller;Activity ExecRobotTask ended. Return value: Done;
23/02/21;19:00:23.037;INFO;Controller;State = Ready;
23/02/21;19:02:34.890;INFO;Server;Command: ExecRobotTask (Initialize,500000);
23/02/21;19:02:34.890;INFO;Controller;Executing asynchronous activity: ExecRobotTask;
23/02/21;19:02:34.891;INFO;Controller;Status = Executing: Initialize;
23/02/21;19:02:34.891;INFO;Controller;State = Running;
23/02/21;19:02:35.257;INFO;Robot Runtime;executing:    Initialize;
23/02/21;19:02:35.553;INFO;Controller;Activity ExecRobotTask ended. Return value: Done;
23/02/21;19:02:35.553;INFO;Controller;State = Ready;
23/02/21;19:02:36.043;INFO;Server;Command: ExecRobotTask (Initialize,500000);
23/02/21;19:02:36.044;INFO;Controller;Executing asynchronous activity: ExecRobotTask;
23/02/21;19:02:36.044;INFO;Controller;Status = Executing: Initialize;
23/02/21;19:02:36.044;INFO;Controller;State = Running;
23/02/21;19:02:36.411;INFO;Robot Runtime;executing:    Initialize;
23/02/21;19:02:36.665;INFO;Controller;Activity ExecRobotTask ended. Return value: Done;
23/02/21;19:02:36.665;INFO;Controller;State = Ready;
23/02/21;19:02:36.848;INFO;Server;Command: ExecRobotTask (Load,500000);
23/02/21;19:02:36.848;INFO;Controller;Executing asynchronous activity: ExecRobotTask;
23/02/21;19:02:36.849;INFO;Controller;Status = Executing: Load;
23/02/21;19:02:36.849;INFO;Controller;State = Running;
23/02/21;19:02:37.217;INFO;Robot Runtime;executing:    Load;
23/02/21;19:02:37.244;INFO;Robot Runtime;TraceSample(1): False/False/True;
23/02/21;19:02:49.519;INFO;Robot Runtime;TraceSample(1): False/True/False;
23/02/21;19:02:49.738;INFO;Controller;Activity ExecRobotTask ended. Return value: Done False/True/False;
23/02/21;19:02:49.738;INFO;Controller;State = Ready;
23/02/21;19:02:50.131;INFO;Server;Command: ExecRobotTask (Initialize,500000);
23/02/21;19:02:50.131;INFO;Controller;Executing asynchronous activity: ExecRobotTask;
23/02/21;19:02:50.131;INFO;Controller;Status = Executing: Initialize;
23/02/21;19:02:50.131;INFO;Controller;State = Running;
23/02/21;19:02:50.496;INFO;Robot Runtime;executing:    Initialize;
23/02/21;19:02:50.595;INFO;Controller;Activity ExecRobotTask ended. Return value: Done;
23/02/21;19:02:50.595;INFO;Controller;State = Ready;
23/02/21;19:02:50.827;INFO;Server;Command: ExecRobotTask (Unload,500000);
23/02/21;19:02:50.827;INFO;Controller;Executing asynchronous activity: ExecRobotTask;
23/02/21;19:02:50.828;INFO;Controller;Status = Executing: Unload;
23/02/21;19:02:50.828;INFO;Controller;State = Running;
23/02/21;19:02:51.196;INFO;Robot Runtime;executing:    Unload;
23/02/21;19:02:51.225;INFO;Robot Runtime;TraceSample(1): False/True/False;
23/02/21;19:03:01.133;INFO;Robot Runtime;TraceSample(1): False/False/True;
23/02/21;19:03:01.232;INFO;Controller;Activity ExecRobotTask ended. Return value: Done False/False/True;
23/02/21;19:03:01.233;INFO;Controller;State = Ready;
23/02/21;19:03:27.924;INFO;Server;Command: ExecRobotTask (Initialize,500000);
23/02/21;19:03:27.925;INFO;Controller;Executing asynchronous activity: ExecRobotTask;
23/02/21;19:03:27.925;INFO;Controller;Status = Executing: Initialize;
23/02/21;19:03:27.925;INFO;Controller;State = Running;
23/02/21;19:03:28.285;INFO;Robot Runtime;executing:    Initialize;
23/02/21;19:03:28.313;WARNING;Robot Runtime;Interlock violation. Please fix and acknowledge the hardware fault;
23/02/21;19:03:28.393;INFO;Controller;Activity ExecRobotTask ended. Return value: ABORT: Interlock violation. Please fix and acknowledge the hardware fault;
23/02/21;19:03:28.394;INFO;Controller;State = Ready;
23/02/21;19:03:28.880;INFO;Server;Command: ExecRobotTask (Initialize,500000);
23/02/21;19:03:28.880;INFO;Controller;Executing asynchronous activity: ExecRobotTask;
23/02/21;19:03:28.880;INFO;Controller;Status = Executing: Initialize;
23/02/21;19:03:28.880;INFO;Controller;State = Running;
23/02/21;19:03:29.243;INFO;Robot Runtime;executing:    Initialize;
23/02/21;19:03:29.273;WARNING;Robot Runtime;Interlock violation. Please fix and acknowledge the hardware fault;
23/02/21;19:03:29.370;INFO;Controller;Activity ExecRobotTask ended. Return value: ABORT: Interlock violation. Please fix and acknowledge the hardware fault;
23/02/21;19:03:29.370;INFO;Controller;State = Ready;
23/02/21;19:04:16.441;INFO;Server;Command: ExecRobotTask (Initialize,500000);
23/02/21;19:04:16.441;INFO;Controller;Executing asynchronous activity: ExecRobotTask;
23/02/21;19:04:16.441;INFO;Controller;Status = Executing: Initialize;
23/02/21;19:04:16.441;INFO;Controller;State = Running;
23/02/21;19:04:16.804;INFO;Robot Runtime;executing:    Initialize;
23/02/21;19:04:16.832;WARNING;Robot Runtime;Interlock violation. Please fix and acknowledge the hardware fault;
23/02/21;19:04:16.915;INFO;Controller;Activity ExecRobotTask ended. Return value: ABORT: Interlock violation. Please fix and acknowledge the hardware fault;
23/02/21;19:04:16.915;INFO;Controller;State = Ready;
23/02/21;19:04:17.411;INFO;Server;Command: ExecRobotTask (Initialize,500000);
23/02/21;19:04:17.421;INFO;Controller;Executing asynchronous activity: ExecRobotTask;
23/02/21;19:04:17.421;INFO;Controller;Status = Executing: Initialize;
23/02/21;19:04:17.421;INFO;Controller;State = Running;
23/02/21;19:04:17.813;INFO;Robot Runtime;executing:    Initialize;
23/02/21;19:04:17.841;WARNING;Robot Runtime;Interlock violation. Please fix and acknowledge the hardware fault;
23/02/21;19:04:17.921;INFO;Controller;Activity ExecRobotTask ended. Return value: ABORT: Interlock violation. Please fix and acknowledge the hardware fault;
23/02/21;19:04:17.921;INFO;Controller;State = Ready;
23/02/21;19:04:39.143;INFO;Server;Command: ExecRobotTask (Initialize,500000);
23/02/21;19:04:39.170;INFO;Controller;Executing asynchronous activity: ExecRobotTask;
23/02/21;19:04:39.170;INFO;Controller;Status = Executing: Initialize;
23/02/21;19:04:39.170;INFO;Controller;State = Running;
23/02/21;19:04:39.532;INFO;Robot Runtime;executing:    Initialize;
23/02/21;19:04:39.559;WARNING;Robot Runtime;Interlock violation. Please fix and acknowledge the hardware fault;
23/02/21;19:04:39.761;INFO;Controller;Activity ExecRobotTask ended. Return value: ABORT: Interlock violation. Please fix and acknowledge the hardware fault;
23/02/21;19:04:39.770;INFO;Controller;State = Ready;
23/02/21;19:04:40.290;INFO;Server;Command: ExecRobotTask (Initialize,500000);
23/02/21;19:04:40.290;INFO;Controller;Executing asynchronous activity: ExecRobotTask;
23/02/21;19:04:40.291;INFO;Controller;Status = Executing: Initialize;
23/02/21;19:04:40.291;INFO;Controller;State = Running;
23/02/21;19:04:40.686;INFO;Robot Runtime;executing:    Initialize;
23/02/21;19:04:40.714;WARNING;Robot Runtime;Interlock violation. Please fix and acknowledge the hardware fault;
23/02/21;19:04:40.912;INFO;Controller;Activity ExecRobotTask ended. Return value: ABORT: Interlock violation. Please fix and acknowledge the hardware fault;
23/02/21;19:04:40.912;INFO;Controller;State = Ready;
23/02/21;19:04:57.897;INFO;Server;Command: ExecRobotTask (Initialize,500000);
23/02/21;19:04:57.898;INFO;Controller;Executing asynchronous activity: ExecRobotTask;
23/02/21;19:04:57.898;INFO;Controller;Status = Executing: Initialize;
23/02/21;19:04:57.898;INFO;Controller;State = Running;
23/02/21;19:04:58.261;INFO;Robot Runtime;executing:    Initialize;
23/02/21;19:04:58.290;WARNING;Robot Runtime;Interlock violation. Please fix and acknowledge the hardware fault;
23/02/21;19:04:58.525;INFO;Controller;Activity ExecRobotTask ended. Return value: ABORT: Interlock violation. Please fix and acknowledge the hardware fault;
23/02/21;19:04:58.525;INFO;Controller;State = Ready;
23/02/21;19:04:59.052;INFO;Server;Command: ExecRobotTask (Initialize,500000);
23/02/21;19:04:59.052;INFO;Controller;Executing asynchronous activity: ExecRobotTask;
23/02/21;19:04:59.052;INFO;Controller;Status = Executing: Initialize;
23/02/21;19:04:59.052;INFO;Controller;State = Running;
23/02/21;19:04:59.417;INFO;Robot Runtime;executing:    Initialize;
23/02/21;19:04:59.445;WARNING;Robot Runtime;Interlock violation. Please fix and acknowledge the hardware fault;
23/02/21;19:04:59.643;INFO;Controller;Activity ExecRobotTask ended. Return value: ABORT: Interlock violation. Please fix and acknowledge the hardware fault;
23/02/21;19:04:59.643;INFO;Controller;State = Ready;
23/02/21;19:05:08.643;INFO;Interface;Command: Abort;
23/02/21;19:05:08.643;INFO;Robot;Abort;
23/02/21;19:05:12.538;INFO;Interface;Command: Restart;
23/02/21;19:05:12.539;INFO;Controller;State = Initializing;
23/02/21;19:05:12.605;INFO;Controller;Initialized log services - Startup: 25/01/21 20:38:23;
23/02/21;19:05:13.887;INFO;Epics Server;Exiting running thread;
23/02/21;19:05:13.891;INFO;Epics Server;Registered PV: SW:Version;
23/02/21;19:05:13.892;INFO;Epics Server;Registered PV: SW:LocalGuiLockOut;
23/02/21;19:05:13.892;INFO;Epics Server;Registered PV: SW:AlarmList;
23/02/21;19:05:13.892;INFO;Epics Server;Registered PV: SW:LastTaskException;
23/02/21;19:05:13.892;INFO;Epics Server;Registered PV: SW:LastTaskOutput;
23/02/21;19:05:13.892;INFO;Epics Server;Registered PV: SW:RobotSpeed;
23/02/21;19:05:13.892;INFO;Epics Server;Registered PV: SW:RobotState;
23/02/21;19:05:13.892;INFO;Epics Server;Registered PV: SW:JointPositions;
23/02/21;19:05:13.892;INFO;Epics Server;Registered PV: SW:CartesianPositions;
23/02/21;19:05:13.892;INFO;Epics Server;Registered PV: SW:Status;
23/02/21;19:05:13.892;INFO;Epics Server;Registered PV: SW:Uptime;
23/02/21;19:05:13.893;INFO;Epics Server;Registered PV: SW:LastTaskInfo;
23/02/21;19:05:13.893;INFO;Epics Server;Registered PV: SW:State;
23/02/21;19:05:13.893;INFO;Epics Server;Registered PV: SW:abort;
23/02/21;19:05:13.893;INFO;Epics Server;Registered PV: SW:startRobotTask;
23/02/21;19:05:13.893;INFO;Epics Server;Registered PV: SW:startTestTask;
23/02/21;19:05:13.893;INFO;Epics Server;Registered PV: SW:pauseRobot;
23/02/21;19:05:13.893;INFO;Epics Server;Registered PV: SW:resumeRobot;
23/02/21;19:05:13.893;INFO;Epics Server;Registered PV: SW:setRobotVariable;
23/02/21;19:05:13.893;INFO;Epics Server;Registered PV: SW:isSampleMounted;
23/02/21;19:05:13.893;INFO;Epics Server;Registered PV: SW:getRobotVariable;
23/02/21;19:05:13.893;INFO;Epics Server;Registered PV: SW:getDistance;
23/02/21;19:05:13.893;INFO;Epics Server;Registered PV: SW:restart;
23/02/21;19:05:13.893;INFO;Epics Server;Registered PV: SW:getTaskInfo;
23/02/21;19:05:13.893;INFO;Epics Server;Registered PV: SW:isTaskRunning;
23/02/21;19:05:13.893;INFO;Epics Server;Registered PV: SW:checkTaskResult;
23/02/21;19:05:13.894;INFO;Epics Server;Initializing: Channel Access Server in Java v1.1.1;
23/02/21;19:05:13.894;INFO;Epics Server;Started server: ready to accept requests;
23/02/21;19:05:14.581;INFO;Controller;Initializing Robot;
23/02/21;19:05:14.586;INFO;Robot;Setting reference frame to: world;
23/02/21;19:05:14.703;INFO;Controller;Initializing Bus Controller;
23/02/21;19:05:14.703;INFO;Anti-Collision;Active = true;
23/02/21;19:05:14.704;INFO;Controller;State = Starting;
23/02/21;19:05:14.705;INFO;Controller;Command: Reset;
23/02/21;19:05:14.705;INFO;Controller;Executing asynchronous script: ./script/Reset.py;
23/02/21;19:05:14.705;INFO;Controller;Status = Reseting;
23/02/21;19:05:14.705;INFO;Controller;State = Running;
23/02/21;19:05:14.969;INFO;Controller;Script host: localhost:59904;
23/02/21;19:05:14.969;INFO;Script;Starting initialization script;
23/02/21;19:05:14.972;INFO;Script;Do nothing;
23/02/21;19:05:14.972;INFO;Controller;Script ./script/Reset.py ended. Return value: ;
23/02/21;19:05:14.972;INFO;Controller;State = Ready;
23/02/21;19:05:20.671;INFO;Server;Command: ExecRobotTask (Initialize,500000);
23/02/21;19:05:20.671;INFO;Controller;Executing asynchronous activity: ExecRobotTask;
23/02/21;19:05:20.672;INFO;Controller;Status = Executing: Initialize;
23/02/21;19:05:20.672;INFO;Controller;State = Running;
23/02/21;19:05:21.034;INFO;Robot Runtime;executing:    Initialize;
23/02/21;19:05:21.065;WARNING;Robot Runtime;Interlock violation. Please fix and acknowledge the hardware fault;
23/02/21;19:05:21.227;INFO;Controller;Activity ExecRobotTask ended. Return value: ABORT: Interlock violation. Please fix and acknowledge the hardware fault;
23/02/21;19:05:21.227;INFO;Controller;State = Ready;
23/02/21;19:05:21.738;INFO;Server;Command: ExecRobotTask (Initialize,500000);
23/02/21;19:05:21.739;INFO;Controller;Executing asynchronous activity: ExecRobotTask;
23/02/21;19:05:21.739;INFO;Controller;Status = Executing: Initialize;
23/02/21;19:05:21.739;INFO;Controller;State = Running;
23/02/21;19:05:22.104;INFO;Robot Runtime;executing:    Initialize;
23/02/21;19:05:22.129;WARNING;Robot Runtime;Interlock violation. Please fix and acknowledge the hardware fault;
23/02/21;19:05:22.200;INFO;Controller;Activity ExecRobotTask ended. Return value: ABORT: Interlock violation. Please fix and acknowledge the hardware fault;
23/02/21;19:05:22.200;INFO;Controller;State = Ready;
23/02/21;19:06:15.984;INFO;Server;Command: ExecRobotTask (Initialize,500000);
23/02/21;19:06:15.984;INFO;Controller;Executing asynchronous activity: ExecRobotTask;
23/02/21;19:06:15.984;INFO;Controller;Status = Executing: Initialize;
23/02/21;19:06:15.984;INFO;Controller;State = Running;
23/02/21;19:06:16.351;INFO;Robot Runtime;executing:    Initialize;
23/02/21;19:06:16.379;INFO;Robot Runtime;Robot is on hold or doing connection movement --- 2;
23/02/21;19:06:17.908;INFO;Controller;Activity ExecRobotTask ended. Return value: Done;
23/02/21;19:06:17.909;INFO;Controller;State = Ready;
23/02/21;19:06:18.486;INFO;Server;Command: ExecRobotTask (Initialize,500000);
23/02/21;19:06:18.486;INFO;Controller;Executing asynchronous activity: ExecRobotTask;
23/02/21;19:06:18.486;INFO;Controller;Status = Executing: Initialize;
23/02/21;19:06:18.486;INFO;Controller;State = Running;
23/02/21;19:06:18.852;INFO;Robot Runtime;executing:    Initialize;
23/02/21;19:06:18.941;INFO;Controller;Activity ExecRobotTask ended. Return value: Done;
23/02/21;19:06:18.941;INFO;Controller;State = Ready;
23/02/21;19:06:19.292;INFO;Server;Command: ExecRobotTask (Load,500000);
23/02/21;19:06:19.292;INFO;Controller;Executing asynchronous activity: ExecRobotTask;
23/02/21;19:06:19.292;INFO;Controller;Status = Executing: Load;
23/02/21;19:06:19.292;INFO;Controller;State = Running;
23/02/21;19:06:19.662;INFO;Robot Runtime;executing:    Load;
23/02/21;19:06:19.688;INFO;Robot Runtime;TraceSample(1): False/False/True;
23/02/21;19:06:31.477;INFO;Robot Runtime;TraceSample(1): False/True/False;
23/02/21;19:06:31.745;INFO;Controller;Activity ExecRobotTask ended. Return value: Done False/True/False;
23/02/21;19:06:31.745;INFO;Controller;State = Ready;
23/02/21;19:06:32.125;INFO;Server;Command: ExecRobotTask (Initialize,500000);
23/02/21;19:06:32.125;INFO;Controller;Executing asynchronous activity: ExecRobotTask;
23/02/21;19:06:32.125;INFO;Controller;Status = Executing: Initialize;
23/02/21;19:06:32.125;INFO;Controller;State = Running;
23/02/21;19:06:32.492;INFO;Robot Runtime;executing:    Initialize;
23/02/21;19:06:32.609;INFO;Controller;Activity ExecRobotTask ended. Return value: Done;
23/02/21;19:06:32.609;INFO;Controller;State = Ready;
23/02/21;19:06:32.760;INFO;Server;Command: ExecRobotTask (Unload,500000);
23/02/21;19:06:32.760;INFO;Controller;Executing asynchronous activity: ExecRobotTask;
23/02/21;19:06:32.786;INFO;Controller;Status = Executing: Unload;
23/02/21;19:06:32.786;INFO;Controller;State = Running;
23/02/21;19:06:33.154;INFO;Robot Runtime;executing:    Unload;
23/02/21;19:06:33.180;INFO;Robot Runtime;TraceSample(1): False/True/False;
23/02/21;19:06:43.374;INFO;Robot Runtime;TraceSample(1): False/False/True;
23/02/21;19:06:43.623;INFO;Controller;Activity ExecRobotTask ended. Return value: Done False/False/True;
23/02/21;19:06:43.623;INFO;Controller;State = Ready;
23/02/21;19:07:19.144;INFO;Server;Command: ExecRobotTask (Initialize,500000);
23/02/21;19:07:19.145;INFO;Controller;Executing asynchronous activity: ExecRobotTask;
23/02/21;19:07:19.145;INFO;Controller;Status = Executing: Initialize;
23/02/21;19:07:19.145;INFO;Controller;State = Running;
23/02/21;19:07:19.540;INFO;Robot Runtime;executing:    Initialize;
23/02/21;19:07:19.567;INFO;Robot Runtime;Robot is on hold or doing connection movement --- 2;
23/02/21;19:07:21.059;INFO;Controller;Activity ExecRobotTask ended. Return value: Done;
23/02/21;19:07:21.059;INFO;Controller;State = Ready;
23/02/21;19:07:21.624;INFO;Server;Command: ExecRobotTask (Initialize,500000);
23/02/21;19:07:21.624;INFO;Controller;Executing asynchronous activity: ExecRobotTask;
23/02/21;19:07:21.624;INFO;Controller;Status = Executing: Initialize;
23/02/21;19:07:21.624;INFO;Controller;State = Running;
23/02/21;19:07:21.988;INFO;Robot Runtime;executing:    Initialize;
23/02/21;19:07:22.083;INFO;Controller;Activity ExecRobotTask ended. Return value: Done;
23/02/21;19:07:22.083;INFO;Controller;State = Ready;
23/02/21;19:07:22.294;INFO;Server;Command: ExecRobotTask (Load,500000);
23/02/21;19:07:22.295;INFO;Controller;Executing asynchronous activity: ExecRobotTask;
23/02/21;19:07:22.295;INFO;Controller;Status = Executing: Load;
23/02/21;19:07:22.295;INFO;Controller;State = Running;
23/02/21;19:07:22.665;INFO;Robot Runtime;executing:    Load;
23/02/21;19:07:22.692;INFO;Robot Runtime;TraceSample(1): False/False/True;
23/02/21;19:07:34.473;INFO;Robot Runtime;TraceSample(1): False/True/False;
23/02/21;19:07:34.761;INFO;Controller;Activity ExecRobotTask ended. Return value: Done False/True/False;
23/02/21;19:07:34.762;INFO;Controller;State = Ready;
23/02/21;19:07:35.130;INFO;Server;Command: ExecRobotTask (Initialize,500000);
23/02/21;19:07:35.131;INFO;Controller;Executing asynchronous activity: ExecRobotTask;
23/02/21;19:07:35.131;INFO;Controller;Status = Executing: Initialize;
23/02/21;19:07:35.131;INFO;Controller;State = Running;
23/02/21;19:07:35.498;INFO;Robot Runtime;executing:    Initialize;
23/02/21;19:07:35.620;INFO;Controller;Activity ExecRobotTask ended. Return value: Done;
23/02/21;19:07:35.620;INFO;Controller;State = Ready;
23/02/21;19:07:35.780;INFO;Server;Command: ExecRobotTask (Unload,500000);
23/02/21;19:07:35.780;INFO;Controller;Executing asynchronous activity: ExecRobotTask;
23/02/21;19:07:35.780;INFO;Controller;Status = Executing: Unload;
23/02/21;19:07:35.780;INFO;Controller;State = Running;
23/02/21;19:07:36.151;INFO;Robot Runtime;executing:    Unload;
23/02/21;19:07:36.178;INFO;Robot Runtime;TraceSample(1): False/True/False;
23/02/21;19:07:45.960;INFO;Robot Runtime;TraceSample(1): False/False/True;
23/02/21;19:07:46.062;INFO;Controller;Activity ExecRobotTask ended. Return value: Done False/False/True;
23/02/21;19:07:46.063;INFO;Controller;State = Ready;
23/02/21;19:08:08.911;INFO;Server;Command: ExecRobotTask (Initialize,500000);
23/02/21;19:08:08.912;INFO;Controller;Executing asynchronous activity: ExecRobotTask;
23/02/21;19:08:08.912;INFO;Controller;Status = Executing: Initialize;
23/02/21;19:08:08.912;INFO;Controller;State = Running;
23/02/21;19:08:09.296;INFO;Robot Runtime;executing:    Initialize;
23/02/21;19:08:09.326;WARNING;Robot Runtime;Interlock violation. Please fix and acknowledge the hardware fault;
23/02/21;19:08:09.472;INFO;Controller;Activity ExecRobotTask ended. Return value: ABORT: Interlock violation. Please fix and acknowledge the hardware fault;
23/02/21;19:08:09.473;INFO;Controller;State = Ready;
23/02/21;19:08:09.988;INFO;Server;Command: ExecRobotTask (Initialize,500000);
23/02/21;19:08:09.989;INFO;Controller;Executing asynchronous activity: ExecRobotTask;
23/02/21;19:08:09.989;INFO;Controller;Status = Executing: Initialize;
23/02/21;19:08:09.989;INFO;Controller;State = Running;
23/02/21;19:08:10.385;INFO;Robot Runtime;executing:    Initialize;
23/02/21;19:08:10.413;WARNING;Robot Runtime;Interlock violation. Please fix and acknowledge the hardware fault;
23/02/21;19:08:10.498;INFO;Controller;Activity ExecRobotTask ended. Return value: ABORT: Interlock violation. Please fix and acknowledge the hardware fault;
23/02/21;19:08:10.499;INFO;Controller;State = Ready;
23/02/21;19:08:43.115;INFO;Server;Command: ExecRobotTask (Initialize,500000);
23/02/21;19:08:43.115;INFO;Controller;Executing asynchronous activity: ExecRobotTask;
23/02/21;19:08:43.115;INFO;Controller;Status = Executing: Initialize;
23/02/21;19:08:43.115;INFO;Controller;State = Running;
23/02/21;19:08:43.477;INFO;Robot Runtime;executing:    Initialize;
23/02/21;19:08:43.505;INFO;Robot Runtime;Robot is on hold or doing connection movement --- 2;
23/02/21;19:08:44.877;INFO;Controller;Activity ExecRobotTask ended. Return value: Done;
23/02/21;19:08:44.877;INFO;Controller;State = Ready;
23/02/21;19:08:45.379;INFO;Server;Command: ExecRobotTask (Initialize,500000);
23/02/21;19:08:45.379;INFO;Controller;Executing asynchronous activity: ExecRobotTask;
23/02/21;19:08:45.379;INFO;Controller;Status = Executing: Initialize;
23/02/21;19:08:45.379;INFO;Controller;State = Running;
23/02/21;19:08:45.745;INFO;Robot Runtime;executing:    Initialize;
23/02/21;19:08:45.843;INFO;Controller;Activity ExecRobotTask ended. Return value: Done;
23/02/21;19:08:45.843;INFO;Controller;State = Ready;
23/02/21;19:08:46.002;INFO;Server;Command: ExecRobotTask (Load,500000);
23/02/21;19:08:46.002;INFO;Controller;Executing asynchronous activity: ExecRobotTask;
23/02/21;19:08:46.002;INFO;Controller;Status = Executing: Load;
23/02/21;19:08:46.002;INFO;Controller;State = Running;
23/02/21;19:08:46.370;INFO;Robot Runtime;executing:    Load;
23/02/21;19:08:46.397;INFO;Robot Runtime;TraceSample(1): False/False/True;
23/02/21;19:08:58.183;INFO;Robot Runtime;TraceSample(1): False/True/False;
23/02/21;19:08:58.251;INFO;Controller;Activity ExecRobotTask ended. Return value: Done False/True/False;
23/02/21;19:08:58.251;INFO;Controller;State = Ready;
23/02/21;19:08:58.636;INFO;Server;Command: ExecRobotTask (Initialize,500000);
23/02/21;19:08:58.637;INFO;Controller;Executing asynchronous activity: ExecRobotTask;
23/02/21;19:08:58.637;INFO;Controller;Status = Executing: Initialize;
23/02/21;19:08:58.637;INFO;Controller;State = Running;
23/02/21;19:08:59.002;INFO;Robot Runtime;executing:    Initialize;
23/02/21;19:08:59.279;INFO;Controller;Activity ExecRobotTask ended. Return value: Done;
23/02/21;19:08:59.279;INFO;Controller;State = Ready;
23/02/21;19:08:59.492;INFO;Server;Command: ExecRobotTask (Unload,500000);
23/02/21;19:08:59.492;INFO;Controller;Executing asynchronous activity: ExecRobotTask;
23/02/21;19:08:59.492;INFO;Controller;Status = Executing: Unload;
23/02/21;19:08:59.493;INFO;Controller;State = Running;
23/02/21;19:08:59.860;INFO;Robot Runtime;executing:    Unload;
23/02/21;19:08:59.886;INFO;Robot Runtime;TraceSample(1): False/True/False;
23/02/21;19:09:09.674;INFO;Robot Runtime;TraceSample(1): False/False/True;
23/02/21;19:09:09.872;INFO;Controller;Activity ExecRobotTask ended. Return value: Done False/False/True;
23/02/21;19:09:09.872;INFO;Controller;State = Ready;
23/02/21;19:09:54.728;INFO;Server;Command: ExecRobotTask (Initialize,500000);
23/02/21;19:09:54.729;INFO;Controller;Executing asynchronous activity: ExecRobotTask;
23/02/21;19:09:54.729;INFO;Controller;Status = Executing: Initialize;
23/02/21;19:09:54.729;INFO;Controller;State = Running;
23/02/21;19:09:55.147;INFO;Robot Runtime;executing:    Initialize;
23/02/21;19:09:55.176;WARNING;Robot Runtime;Interlock violation. Please fix and acknowledge the hardware fault;
23/02/21;19:09:55.294;INFO;Controller;Activity ExecRobotTask ended. Return value: ABORT: Interlock violation. Please fix and acknowledge the hardware fault;
23/02/21;19:09:55.294;INFO;Controller;State = Ready;
23/02/21;19:09:55.822;INFO;Server;Command: ExecRobotTask (Initialize,500000);
23/02/21;19:09:55.822;INFO;Controller;Executing asynchronous activity: ExecRobotTask;
23/02/21;19:09:55.822;INFO;Controller;Status = Executing: Initialize;
23/02/21;19:09:55.823;INFO;Controller;State = Running;
23/02/21;19:09:56.181;INFO;Robot Runtime;executing:    Initialize;
23/02/21;19:09:56.211;WARNING;Robot Runtime;Interlock violation. Please fix and acknowledge the hardware fault;
23/02/21;19:09:56.413;INFO;Controller;Activity ExecRobotTask ended. Return value: ABORT: Interlock violation. Please fix and acknowledge the hardware fault;
23/02/21;19:09:56.413;INFO;Controller;State = Ready;
