25/01/21;20:38:23.737;INFO;Controller;Instantiation;
25/01/21;20:38:23.761;INFO;Controller;State = Initializing;
25/01/21;20:38:23.948;WARNING;Interface;Access level set to Admin;
25/01/21;20:38:24.033;INFO;Controller;Initialized log services - Startup: 25/01/21 20:38:23;
25/01/21;20:38:24.042;INFO;Controller;Initializing controller for SW version: 1.1.0 - JLib 1.7.2;
25/01/21;20:38:24.225;INFO;Epics Server;Registered PV: SW:Version;
25/01/21;20:38:24.225;INFO;Epics Server;Registered PV: SW:LocalGuiLockOut;
25/01/21;20:38:24.235;INFO;Epics Server;Registered PV: SW:AlarmList;
25/01/21;20:38:24.235;INFO;Epics Server;Registered PV: SW:LastTaskException;
25/01/21;20:38:24.236;INFO;Epics Server;Registered PV: SW:LastTaskOutput;
25/01/21;20:38:24.236;INFO;Epics Server;Registered PV: SW:RobotSpeed;
25/01/21;20:38:24.236;INFO;Epics Server;Registered PV: SW:RobotState;
25/01/21;20:38:24.237;INFO;Epics Server;Registered PV: SW:JointPositions;
25/01/21;20:38:24.237;INFO;Epics Server;Registered PV: SW:CartesianPositions;
25/01/21;20:38:24.237;INFO;Epics Server;Registered PV: SW:Status;
25/01/21;20:38:24.237;INFO;Epics Server;Registered PV: SW:Uptime;
25/01/21;20:38:24.238;INFO;Epics Server;Registered PV: SW:LastTaskInfo;
25/01/21;20:38:24.238;INFO;Epics Server;Registered PV: SW:State;
25/01/21;20:38:24.239;INFO;Epics Server;Registered PV: SW:abort;
25/01/21;20:38:24.239;INFO;Epics Server;Registered PV: SW:startRobotTask;
25/01/21;20:38:24.239;INFO;Epics Server;Registered PV: SW:startTestTask;
25/01/21;20:38:24.239;INFO;Epics Server;Registered PV: SW:pauseRobot;
25/01/21;20:38:24.240;INFO;Epics Server;Registered PV: SW:resumeRobot;
25/01/21;20:38:24.240;INFO;Epics Server;Registered PV: SW:setRobotVariable;
25/01/21;20:38:24.240;INFO;Epics Server;Registered PV: SW:isSampleMounted;
25/01/21;20:38:24.240;INFO;Epics Server;Registered PV: SW:getRobotVariable;
25/01/21;20:38:24.240;INFO;Epics Server;Registered PV: SW:getDistance;
25/01/21;20:38:24.241;INFO;Epics Server;Registered PV: SW:restart;
25/01/21;20:38:24.241;INFO;Epics Server;Registered PV: SW:getTaskInfo;
25/01/21;20:38:24.241;INFO;Epics Server;Registered PV: SW:isTaskRunning;
25/01/21;20:38:24.241;INFO;Epics Server;Registered PV: SW:checkTaskResult;
25/01/21;20:38:24.241;INFO;Epics Server;Initializing: Channel Access Server in Java v1.1.1;
25/01/21;20:38:24.243;INFO;Epics Server;Started server: ready to accept requests;
25/01/21;20:38:25.050;INFO;Controller;Initializing Robot;
25/01/21;20:38:25.063;INFO;Robot;Setting reference frame to: world;
25/01/21;20:38:25.257;INFO;Controller;Initializing Bus Controller;
25/01/21;20:38:25.258;INFO;Anti-Collision;Active = true;
25/01/21;20:38:25.259;INFO;Controller;State = Starting;
25/01/21;20:38:25.265;INFO;Controller;Command: Reset;
25/01/21;20:38:25.594;INFO;Controller;Executing asynchronous script: ./script/Reset.py;
25/01/21;20:38:25.595;INFO;Controller;Status = Reseting;
25/01/21;20:38:25.595;INFO;Controller;State = Running;
25/01/21;20:38:26.063;INFO;Controller;Script host: localhost:58192;
25/01/21;20:38:26.064;INFO;Script;Starting initialization script;
25/01/21;20:38:26.066;INFO;Script;Do nothing;
25/01/21;20:38:26.067;INFO;Controller;Script ./script/Reset.py ended. Return value: ;
25/01/21;20:38:26.067;INFO;Controller;State = Ready;
25/01/21;20:39:05.514;INFO;Server;Command: ExecRobotTask (Initialize,500000);
25/01/21;20:39:05.515;INFO;Controller;Executing asynchronous activity: ExecRobotTask;
25/01/21;20:39:05.516;INFO;Controller;Status = Executing: Initialize;
25/01/21;20:39:05.516;INFO;Controller;State = Running;
25/01/21;20:39:05.952;INFO;Robot Runtime;executing:    Initialize;
25/01/21;20:39:05.980;INFO;Robot Runtime;Robot is on hold or doing connection movement --- 2;
25/01/21;20:39:07.519;INFO;Controller;Activity ExecRobotTask ended. Return value: Done;
25/01/21;20:39:07.520;INFO;Controller;State = Ready;
25/01/21;20:39:07.547;INFO;Server;Command: ExecRobotTask (Home,500000);
25/01/21;20:39:07.548;INFO;Controller;Executing asynchronous activity: ExecRobotTask;
25/01/21;20:39:07.548;INFO;Controller;Status = Executing: Home;
25/01/21;20:39:07.549;INFO;Controller;State = Running;
25/01/21;20:39:07.920;INFO;Robot Runtime;executing:    Home;
25/01/21;20:39:09.578;INFO;Controller;Activity ExecRobotTask ended. Return value: Done;
25/01/21;20:39:09.578;INFO;Controller;State = Ready;
25/01/21;20:41:18.904;INFO;Server;Command: ExecRobotTask (Initialize,500000);
25/01/21;20:41:18.905;INFO;Controller;Executing asynchronous activity: ExecRobotTask;
25/01/21;20:41:18.906;INFO;Controller;Status = Executing: Initialize;
25/01/21;20:41:18.906;INFO;Controller;State = Running;
25/01/21;20:41:19.274;INFO;Robot Runtime;executing:    Initialize;
25/01/21;20:41:19.385;INFO;Controller;Activity ExecRobotTask ended. Return value: Done;
25/01/21;20:41:19.386;INFO;Controller;State = Ready;
25/01/21;20:41:19.734;INFO;Server;Command: ExecRobotTask (Initialize,500000);
25/01/21;20:41:19.735;INFO;Controller;Executing asynchronous activity: ExecRobotTask;
25/01/21;20:41:19.735;INFO;Controller;Status = Executing: Initialize;
25/01/21;20:41:19.735;INFO;Controller;State = Running;
25/01/21;20:41:20.106;INFO;Robot Runtime;executing:    Initialize;
25/01/21;20:41:20.215;INFO;Controller;Activity ExecRobotTask ended. Return value: Done;
25/01/21;20:41:20.216;INFO;Controller;State = Ready;
25/01/21;20:41:20.223;INFO;Server;Command: ExecRobotTask (Load,500000);
25/01/21;20:41:20.223;INFO;Controller;Executing asynchronous activity: ExecRobotTask;
25/01/21;20:41:20.224;INFO;Controller;Status = Executing: Load;
25/01/21;20:41:20.224;INFO;Controller;State = Running;
25/01/21;20:41:20.596;INFO;Robot Runtime;executing:    Load;
25/01/21;20:41:20.622;INFO;Robot Runtime;TraceSample(1): False/False/True;
25/01/21;20:41:41.294;INFO;Robot Runtime;TraceSample(1): False/True/False;
25/01/21;20:41:41.558;INFO;Controller;Activity ExecRobotTask ended. Return value: Done False/True/False;
25/01/21;20:41:41.558;INFO;Controller;State = Ready;
25/01/21;20:41:41.730;INFO;Server;Command: ExecRobotTask (Initialize,500000);
25/01/21;20:41:41.731;INFO;Controller;Executing asynchronous activity: ExecRobotTask;
25/01/21;20:41:41.731;INFO;Controller;Status = Executing: Initialize;
25/01/21;20:41:41.731;INFO;Controller;State = Running;
25/01/21;20:41:42.099;INFO;Robot Runtime;executing:    Initialize;
25/01/21;20:41:42.364;INFO;Controller;Activity ExecRobotTask ended. Return value: Done;
25/01/21;20:41:42.365;INFO;Controller;State = Ready;
25/01/21;20:41:42.372;INFO;Server;Command: ExecRobotTask (Unload,500000);
25/01/21;20:41:42.373;INFO;Controller;Executing asynchronous activity: ExecRobotTask;
25/01/21;20:41:42.373;INFO;Controller;Status = Executing: Unload;
25/01/21;20:41:42.373;INFO;Controller;State = Running;
25/01/21;20:41:42.748;INFO;Robot Runtime;executing:    Unload;
25/01/21;20:41:42.774;INFO;Robot Runtime;TraceSample(1): False/True/False;
25/01/21;20:41:58.352;INFO;Robot Runtime;TraceSample(1): False/False/True;
25/01/21;20:41:58.626;INFO;Controller;Activity ExecRobotTask ended. Return value: Done False/False/True;
25/01/21;20:41:58.626;INFO;Controller;State = Ready;
25/01/21;20:41:58.955;INFO;Server;Command: ExecRobotTask (Initialize,500000);
25/01/21;20:41:58.956;INFO;Controller;Executing asynchronous activity: ExecRobotTask;
25/01/21;20:41:58.956;INFO;Controller;Status = Executing: Initialize;
25/01/21;20:41:58.956;INFO;Controller;State = Running;
25/01/21;20:41:59.323;INFO;Robot Runtime;executing:    Initialize;
25/01/21;20:41:59.594;INFO;Controller;Activity ExecRobotTask ended. Return value: Done;
25/01/21;20:41:59.594;INFO;Controller;State = Ready;
25/01/21;20:41:59.608;INFO;Server;Command: ExecRobotTask (Load,500000);
25/01/21;20:41:59.609;INFO;Controller;Executing asynchronous activity: ExecRobotTask;
25/01/21;20:41:59.609;INFO;Controller;Status = Executing: Load;
25/01/21;20:41:59.610;INFO;Controller;State = Running;
25/01/21;20:41:59.981;INFO;Robot Runtime;executing:    Load;
25/01/21;20:42:00.007;INFO;Robot Runtime;TraceSample(2): False/False/True;
25/01/21;20:42:19.933;INFO;Robot Runtime;TraceSample(2): False/True/False;
25/01/21;20:42:20.163;INFO;Controller;Activity ExecRobotTask ended. Return value: Done False/True/False;
25/01/21;20:42:20.163;INFO;Controller;State = Ready;
25/01/21;20:42:20.327;INFO;Server;Command: ExecRobotTask (Initialize,500000);
25/01/21;20:42:20.328;INFO;Controller;Executing asynchronous activity: ExecRobotTask;
25/01/21;20:42:20.328;INFO;Controller;Status = Executing: Initialize;
25/01/21;20:42:20.328;INFO;Controller;State = Running;
25/01/21;20:42:20.697;INFO;Robot Runtime;executing:    Initialize;
25/01/21;20:42:20.966;INFO;Controller;Activity ExecRobotTask ended. Return value: Done;
25/01/21;20:42:20.967;INFO;Controller;State = Ready;
25/01/21;20:42:20.980;INFO;Server;Command: ExecRobotTask (Unload,500000);
25/01/21;20:42:20.980;INFO;Controller;Executing asynchronous activity: ExecRobotTask;
25/01/21;20:42:20.981;INFO;Controller;Status = Executing: Unload;
25/01/21;20:42:20.981;INFO;Controller;State = Running;
25/01/21;20:42:21.352;INFO;Robot Runtime;executing:    Unload;
25/01/21;20:42:21.378;INFO;Robot Runtime;TraceSample(2): False/True/False;
25/01/21;20:42:37.390;INFO;Robot Runtime;TraceSample(2): False/False/True;
25/01/21;20:42:37.676;INFO;Controller;Activity ExecRobotTask ended. Return value: Done False/False/True;
25/01/21;20:42:37.677;INFO;Controller;State = Ready;
25/01/21;20:42:38.025;INFO;Server;Command: ExecRobotTask (Initialize,500000);
25/01/21;20:42:38.026;INFO;Controller;Executing asynchronous activity: ExecRobotTask;
25/01/21;20:42:38.026;INFO;Controller;Status = Executing: Initialize;
25/01/21;20:42:38.027;INFO;Controller;State = Running;
25/01/21;20:42:38.392;INFO;Robot Runtime;executing:    Initialize;
25/01/21;20:42:38.649;INFO;Controller;Activity ExecRobotTask ended. Return value: Done;
25/01/21;20:42:38.649;INFO;Controller;State = Ready;
25/01/21;20:42:38.667;INFO;Server;Command: ExecRobotTask (Load,500000);
25/01/21;20:42:38.667;INFO;Controller;Executing asynchronous activity: ExecRobotTask;
25/01/21;20:42:38.668;INFO;Controller;Status = Executing: Load;
25/01/21;20:42:38.668;INFO;Controller;State = Running;
25/01/21;20:42:39.038;INFO;Robot Runtime;executing:    Load;
25/01/21;20:42:39.065;INFO;Robot Runtime;TraceSample(3): False/False/True;
25/01/21;20:42:58.530;INFO;Robot Runtime;TraceSample(3): False/True/False;
25/01/21;20:42:58.802;INFO;Controller;Activity ExecRobotTask ended. Return value: Done False/True/False;
25/01/21;20:42:58.803;INFO;Controller;State = Ready;
25/01/21;20:42:58.973;INFO;Server;Command: ExecRobotTask (Initialize,500000);
25/01/21;20:42:58.973;INFO;Controller;Executing asynchronous activity: ExecRobotTask;
25/01/21;20:42:58.974;INFO;Controller;Status = Executing: Initialize;
25/01/21;20:42:58.974;INFO;Controller;State = Running;
25/01/21;20:42:59.344;INFO;Robot Runtime;executing:    Initialize;
25/01/21;20:42:59.608;INFO;Controller;Activity ExecRobotTask ended. Return value: Done;
25/01/21;20:42:59.608;INFO;Controller;State = Ready;
25/01/21;20:42:59.617;INFO;Server;Command: ExecRobotTask (Unload,500000);
25/01/21;20:42:59.618;INFO;Controller;Executing asynchronous activity: ExecRobotTask;
25/01/21;20:42:59.618;INFO;Controller;Status = Executing: Unload;
25/01/21;20:42:59.619;INFO;Controller;State = Running;
25/01/21;20:42:59.988;INFO;Robot Runtime;executing:    Unload;
25/01/21;20:43:00.015;INFO;Robot Runtime;TraceSample(3): False/True/False;
25/01/21;20:43:16.007;INFO;Robot Runtime;TraceSample(3): False/False/True;
25/01/21;20:43:16.284;INFO;Controller;Activity ExecRobotTask ended. Return value: Done False/False/True;
25/01/21;20:43:16.285;INFO;Controller;State = Ready;
25/01/21;20:43:16.630;INFO;Server;Command: ExecRobotTask (Initialize,500000);
25/01/21;20:43:16.630;INFO;Controller;Executing asynchronous activity: ExecRobotTask;
25/01/21;20:43:16.631;INFO;Controller;Status = Executing: Initialize;
25/01/21;20:43:16.631;INFO;Controller;State = Running;
25/01/21;20:43:16.995;INFO;Robot Runtime;executing:    Initialize;
25/01/21;20:43:17.253;INFO;Controller;Activity ExecRobotTask ended. Return value: Done;
25/01/21;20:43:17.254;INFO;Controller;State = Ready;
25/01/21;20:43:17.263;INFO;Server;Command: ExecRobotTask (Load,500000);
25/01/21;20:43:17.263;INFO;Controller;Executing asynchronous activity: ExecRobotTask;
25/01/21;20:43:17.264;INFO;Controller;Status = Executing: Load;
25/01/21;20:43:17.264;INFO;Controller;State = Running;
25/01/21;20:43:17.638;INFO;Robot Runtime;executing:    Load;
25/01/21;20:43:17.665;INFO;Robot Runtime;TraceSample(4): False/False/True;
25/01/21;20:43:37.524;INFO;Robot Runtime;TraceSample(4): False/True/False;
25/01/21;20:43:37.782;INFO;Controller;Activity ExecRobotTask ended. Return value: Done False/True/False;
25/01/21;20:43:37.783;INFO;Controller;State = Ready;
25/01/21;20:43:37.955;INFO;Server;Command: ExecRobotTask (Initialize,500000);
25/01/21;20:43:37.956;INFO;Controller;Executing asynchronous activity: ExecRobotTask;
25/01/21;20:43:37.956;INFO;Controller;Status = Executing: Initialize;
25/01/21;20:43:37.956;INFO;Controller;State = Running;
25/01/21;20:43:38.323;INFO;Robot Runtime;executing:    Initialize;
25/01/21;20:43:38.579;INFO;Controller;Activity ExecRobotTask ended. Return value: Done;
25/01/21;20:43:38.579;INFO;Controller;State = Ready;
25/01/21;20:43:38.588;INFO;Server;Command: ExecRobotTask (Unload,500000);
25/01/21;20:43:38.588;INFO;Controller;Executing asynchronous activity: ExecRobotTask;
25/01/21;20:43:38.589;INFO;Controller;Status = Executing: Unload;
25/01/21;20:43:38.589;INFO;Controller;State = Running;
25/01/21;20:43:38.961;INFO;Robot Runtime;executing:    Unload;
25/01/21;20:43:38.987;INFO;Robot Runtime;TraceSample(4): False/True/False;
25/01/21;20:43:55.006;INFO;Robot Runtime;TraceSample(4): False/False/True;
25/01/21;20:43:55.259;INFO;Controller;Activity ExecRobotTask ended. Return value: Done False/False/True;
25/01/21;20:43:55.260;INFO;Controller;State = Ready;
25/01/21;20:43:55.588;INFO;Server;Command: ExecRobotTask (Initialize,500000);
25/01/21;20:43:55.589;INFO;Controller;Executing asynchronous activity: ExecRobotTask;
25/01/21;20:43:55.589;INFO;Controller;Status = Executing: Initialize;
25/01/21;20:43:55.590;INFO;Controller;State = Running;
25/01/21;20:43:55.955;INFO;Robot Runtime;executing:    Initialize;
25/01/21;20:43:56.227;INFO;Controller;Activity ExecRobotTask ended. Return value: Done;
25/01/21;20:43:56.228;INFO;Controller;State = Ready;
25/01/21;20:43:56.242;INFO;Server;Command: ExecRobotTask (Load,500000);
25/01/21;20:43:56.243;INFO;Controller;Executing asynchronous activity: ExecRobotTask;
25/01/21;20:43:56.243;INFO;Controller;Status = Executing: Load;
25/01/21;20:43:56.244;INFO;Controller;State = Running;
25/01/21;20:43:56.611;INFO;Robot Runtime;executing:    Load;
25/01/21;20:43:56.638;INFO;Robot Runtime;TraceSample(5): False/False/True;
25/01/21;20:44:16.522;INFO;Robot Runtime;TraceSample(5): False/True/False;
25/01/21;20:44:16.608;INFO;Controller;Activity ExecRobotTask ended. Return value: Done False/True/False;
25/01/21;20:44:16.621;INFO;Controller;State = Ready;
25/01/21;20:44:16.796;INFO;Server;Command: ExecRobotTask (Initialize,500000);
25/01/21;20:44:16.797;INFO;Controller;Executing asynchronous activity: ExecRobotTask;
25/01/21;20:44:16.797;INFO;Controller;Status = Executing: Initialize;
25/01/21;20:44:16.797;INFO;Controller;State = Running;
25/01/21;20:44:17.163;INFO;Robot Runtime;executing:    Initialize;
25/01/21;20:44:17.262;INFO;Controller;Activity ExecRobotTask ended. Return value: Done;
25/01/21;20:44:17.262;INFO;Controller;State = Ready;
25/01/21;20:44:17.277;INFO;Server;Command: ExecRobotTask (Unload,500000);
25/01/21;20:44:17.277;INFO;Controller;Executing asynchronous activity: ExecRobotTask;
25/01/21;20:44:17.278;INFO;Controller;Status = Executing: Unload;
25/01/21;20:44:17.278;INFO;Controller;State = Running;
25/01/21;20:44:17.651;INFO;Robot Runtime;executing:    Unload;
25/01/21;20:44:17.678;INFO;Robot Runtime;TraceSample(5): False/True/False;
25/01/21;20:44:34.030;INFO;Robot Runtime;TraceSample(5): False/False/True;
25/01/21;20:44:34.285;INFO;Controller;Activity ExecRobotTask ended. Return value: Done False/False/True;
25/01/21;20:44:34.286;INFO;Controller;State = Ready;
25/01/21;20:44:34.615;INFO;Server;Command: ExecRobotTask (Initialize,500000);
25/01/21;20:44:34.615;INFO;Controller;Executing asynchronous activity: ExecRobotTask;
25/01/21;20:44:34.616;INFO;Controller;Status = Executing: Initialize;
25/01/21;20:44:34.616;INFO;Controller;State = Running;
25/01/21;20:44:34.982;INFO;Robot Runtime;executing:    Initialize;
25/01/21;20:44:35.249;INFO;Controller;Activity ExecRobotTask ended. Return value: Done;
25/01/21;20:44:35.249;INFO;Controller;State = Ready;
25/01/21;20:44:35.260;INFO;Server;Command: ExecRobotTask (Load,500000);
25/01/21;20:44:35.261;INFO;Controller;Executing asynchronous activity: ExecRobotTask;
25/01/21;20:44:35.261;INFO;Controller;Status = Executing: Load;
25/01/21;20:44:35.261;INFO;Controller;State = Running;
25/01/21;20:44:35.627;INFO;Robot Runtime;executing:    Load;
25/01/21;20:44:35.655;INFO;Robot Runtime;TraceSample(6): False/False/True;
25/01/21;20:44:56.172;INFO;Robot Runtime;TraceSample(6): False/True/False;
25/01/21;20:44:56.395;INFO;Controller;Activity ExecRobotTask ended. Return value: Done False/True/False;
25/01/21;20:44:56.395;INFO;Controller;State = Ready;
25/01/21;20:44:56.562;INFO;Server;Command: ExecRobotTask (Initialize,500000);
25/01/21;20:44:56.563;INFO;Controller;Executing asynchronous activity: ExecRobotTask;
25/01/21;20:44:56.578;INFO;Controller;Status = Executing: Initialize;
25/01/21;20:44:56.578;INFO;Controller;State = Running;
25/01/21;20:44:56.945;INFO;Robot Runtime;executing:    Initialize;
25/01/21;20:44:57.200;INFO;Controller;Activity ExecRobotTask ended. Return value: Done;
25/01/21;20:44:57.200;INFO;Controller;State = Ready;
25/01/21;20:44:57.212;INFO;Server;Command: ExecRobotTask (Unload,500000);
25/01/21;20:44:57.212;INFO;Controller;Executing asynchronous activity: ExecRobotTask;
25/01/21;20:44:57.212;INFO;Controller;Status = Executing: Unload;
25/01/21;20:44:57.213;INFO;Controller;State = Running;
25/01/21;20:44:57.582;INFO;Robot Runtime;executing:    Unload;
25/01/21;20:44:57.609;INFO;Robot Runtime;TraceSample(6): False/True/False;
25/01/21;20:45:14.627;INFO;Robot Runtime;TraceSample(6): False/False/True;
25/01/21;20:45:14.911;INFO;Controller;Activity ExecRobotTask ended. Return value: Done False/False/True;
25/01/21;20:45:14.912;INFO;Controller;State = Ready;
25/01/21;20:45:15.235;INFO;Server;Command: ExecRobotTask (Initialize,500000);
25/01/21;20:45:15.235;INFO;Controller;Executing asynchronous activity: ExecRobotTask;
25/01/21;20:45:15.236;INFO;Controller;Status = Executing: Initialize;
25/01/21;20:45:15.236;INFO;Controller;State = Running;
25/01/21;20:45:15.602;INFO;Robot Runtime;executing:    Initialize;
25/01/21;20:45:15.878;INFO;Controller;Activity ExecRobotTask ended. Return value: Done;
25/01/21;20:45:15.879;INFO;Controller;State = Ready;
25/01/21;20:45:15.889;INFO;Server;Command: ExecRobotTask (Load,500000);
25/01/21;20:45:15.889;INFO;Controller;Executing asynchronous activity: ExecRobotTask;
25/01/21;20:45:15.889;INFO;Controller;Status = Executing: Load;
25/01/21;20:45:15.890;INFO;Controller;State = Running;
25/01/21;20:45:16.262;INFO;Robot Runtime;executing:    Load;
25/01/21;20:45:16.288;INFO;Robot Runtime;TraceSample(7): False/False/True;
25/01/21;20:45:36.804;INFO;Robot Runtime;TraceSample(7): False/True/False;
25/01/21;20:45:36.999;INFO;Controller;Activity ExecRobotTask ended. Return value: Done False/True/False;
25/01/21;20:45:37.000;INFO;Controller;State = Ready;
25/01/21;20:45:37.174;INFO;Server;Command: ExecRobotTask (Initialize,500000);
25/01/21;20:45:37.175;INFO;Controller;Executing asynchronous activity: ExecRobotTask;
25/01/21;20:45:37.175;INFO;Controller;Status = Executing: Initialize;
25/01/21;20:45:37.175;INFO;Controller;State = Running;
25/01/21;20:45:37.541;INFO;Robot Runtime;executing:    Initialize;
25/01/21;20:45:37.792;INFO;Controller;Activity ExecRobotTask ended. Return value: Done;
25/01/21;20:45:37.793;INFO;Controller;State = Ready;
25/01/21;20:45:37.808;INFO;Server;Command: ExecRobotTask (Unload,500000);
25/01/21;20:45:37.809;INFO;Controller;Executing asynchronous activity: ExecRobotTask;
25/01/21;20:45:37.809;INFO;Controller;Status = Executing: Unload;
25/01/21;20:45:37.809;INFO;Controller;State = Running;
25/01/21;20:45:38.179;INFO;Robot Runtime;executing:    Unload;
25/01/21;20:45:38.206;INFO;Robot Runtime;TraceSample(7): False/True/False;
25/01/21;20:45:55.247;INFO;Robot Runtime;TraceSample(7): False/False/True;
25/01/21;20:45:55.494;INFO;Controller;Activity ExecRobotTask ended. Return value: Done False/False/True;
25/01/21;20:45:55.495;INFO;Controller;State = Ready;
25/01/21;20:45:55.822;INFO;Server;Command: ExecRobotTask (Initialize,500000);
25/01/21;20:45:55.822;INFO;Controller;Executing asynchronous activity: ExecRobotTask;
25/01/21;20:45:55.823;INFO;Controller;Status = Executing: Initialize;
25/01/21;20:45:55.823;INFO;Controller;State = Running;
25/01/21;20:45:56.191;INFO;Robot Runtime;executing:    Initialize;
25/01/21;20:45:56.460;INFO;Controller;Activity ExecRobotTask ended. Return value: Done;
25/01/21;20:45:56.461;INFO;Controller;State = Ready;
25/01/21;20:45:56.479;INFO;Server;Command: ExecRobotTask (Load,500000);
25/01/21;20:45:56.480;INFO;Controller;Executing asynchronous activity: ExecRobotTask;
25/01/21;20:45:56.480;INFO;Controller;Status = Executing: Load;
25/01/21;20:45:56.480;INFO;Controller;State = Running;
25/01/21;20:45:56.851;INFO;Robot Runtime;executing:    Load;
25/01/21;20:45:56.878;INFO;Robot Runtime;TraceSample(8): False/False/True;
25/01/21;20:46:17.839;INFO;Robot Runtime;TraceSample(8): False/True/False;
25/01/21;20:46:18.077;INFO;Controller;Activity ExecRobotTask ended. Return value: Done False/True/False;
25/01/21;20:46:18.077;INFO;Controller;State = Ready;
25/01/21;20:46:18.242;INFO;Server;Command: ExecRobotTask (Initialize,500000);
25/01/21;20:46:18.243;INFO;Controller;Executing asynchronous activity: ExecRobotTask;
25/01/21;20:46:18.243;INFO;Controller;Status = Executing: Initialize;
25/01/21;20:46:18.243;INFO;Controller;State = Running;
25/01/21;20:46:18.611;INFO;Robot Runtime;executing:    Initialize;
25/01/21;20:46:18.875;INFO;Controller;Activity ExecRobotTask ended. Return value: Done;
25/01/21;20:46:18.876;INFO;Controller;State = Ready;
25/01/21;20:46:18.885;INFO;Server;Command: ExecRobotTask (Unload,500000);
25/01/21;20:46:18.885;INFO;Controller;Executing asynchronous activity: ExecRobotTask;
25/01/21;20:46:18.886;INFO;Controller;Status = Executing: Unload;
25/01/21;20:46:18.886;INFO;Controller;State = Running;
25/01/21;20:46:19.256;INFO;Robot Runtime;executing:    Unload;
25/01/21;20:46:19.282;INFO;Robot Runtime;TraceSample(8): False/True/False;
25/01/21;20:46:36.281;INFO;Robot Runtime;TraceSample(8): False/False/True;
25/01/21;20:46:36.518;INFO;Controller;Activity ExecRobotTask ended. Return value: Done False/False/True;
25/01/21;20:46:36.518;INFO;Controller;State = Ready;
25/01/21;20:46:36.858;INFO;Server;Command: ExecRobotTask (Initialize,500000);
25/01/21;20:46:36.858;INFO;Controller;Executing asynchronous activity: ExecRobotTask;
25/01/21;20:46:36.858;INFO;Controller;Status = Executing: Initialize;
25/01/21;20:46:36.858;INFO;Controller;State = Running;
25/01/21;20:46:37.223;INFO;Robot Runtime;executing:    Initialize;
25/01/21;20:46:37.486;INFO;Controller;Activity ExecRobotTask ended. Return value: Done;
25/01/21;20:46:37.486;INFO;Controller;State = Ready;
25/01/21;20:46:37.511;INFO;Server;Command: ExecRobotTask (Load,500000);
25/01/21;20:46:37.511;INFO;Controller;Executing asynchronous activity: ExecRobotTask;
25/01/21;20:46:37.512;INFO;Controller;Status = Executing: Load;
25/01/21;20:46:37.512;INFO;Controller;State = Running;
25/01/21;20:46:37.882;INFO;Robot Runtime;executing:    Load;
25/01/21;20:46:37.911;INFO;Robot Runtime;TraceSample(9): False/False/True;
25/01/21;20:46:58.294;INFO;Robot Runtime;TraceSample(9): False/True/False;
25/01/21;20:46:58.536;INFO;Controller;Activity ExecRobotTask ended. Return value: Done False/True/False;
25/01/21;20:46:58.536;INFO;Controller;State = Ready;
25/01/21;20:46:58.709;INFO;Server;Command: ExecRobotTask (Initialize,500000);
25/01/21;20:46:58.709;INFO;Controller;Executing asynchronous activity: ExecRobotTask;
25/01/21;20:46:58.709;INFO;Controller;Status = Executing: Initialize;
25/01/21;20:46:58.709;INFO;Controller;State = Running;
25/01/21;20:46:59.078;INFO;Robot Runtime;executing:    Initialize;
25/01/21;20:46:59.337;INFO;Controller;Activity ExecRobotTask ended. Return value: Done;
25/01/21;20:46:59.337;INFO;Controller;State = Ready;
25/01/21;20:46:59.353;INFO;Server;Command: ExecRobotTask (Unload,500000);
25/01/21;20:46:59.353;INFO;Controller;Executing asynchronous activity: ExecRobotTask;
25/01/21;20:46:59.353;INFO;Controller;Status = Executing: Unload;
25/01/21;20:46:59.353;INFO;Controller;State = Running;
25/01/21;20:46:59.724;INFO;Robot Runtime;executing:    Unload;
25/01/21;20:46:59.751;INFO;Robot Runtime;TraceSample(9): False/True/False;
25/01/21;20:47:16.946;INFO;Robot Runtime;TraceSample(9): False/False/True;
25/01/21;20:47:17.011;INFO;Controller;Activity ExecRobotTask ended. Return value: Done False/False/True;
25/01/21;20:47:17.011;INFO;Controller;State = Ready;
25/01/21;20:47:17.357;INFO;Server;Command: ExecRobotTask (Initialize,500000);
25/01/21;20:47:17.358;INFO;Controller;Executing asynchronous activity: ExecRobotTask;
25/01/21;20:47:17.358;INFO;Controller;Status = Executing: Initialize;
25/01/21;20:47:17.358;INFO;Controller;State = Running;
25/01/21;20:47:17.723;INFO;Robot Runtime;executing:    Initialize;
25/01/21;20:47:17.837;INFO;Controller;Activity ExecRobotTask ended. Return value: Done;
25/01/21;20:47:17.838;INFO;Controller;State = Ready;
25/01/21;20:47:17.848;INFO;Server;Command: ExecRobotTask (Load,500000);
25/01/21;20:47:17.849;INFO;Controller;Executing asynchronous activity: ExecRobotTask;
25/01/21;20:47:17.849;INFO;Controller;Status = Executing: Load;
25/01/21;20:47:17.849;INFO;Controller;State = Running;
25/01/21;20:47:18.221;INFO;Robot Runtime;executing:    Load;
25/01/21;20:47:18.247;INFO;Robot Runtime;TraceSample(10): False/False/True;
25/01/21;20:47:39.513;INFO;Robot Runtime;TraceSample(10): False/True/False;
25/01/21;20:47:39.611;INFO;Controller;Activity ExecRobotTask ended. Return value: Done False/True/False;
25/01/21;20:47:39.611;INFO;Controller;State = Ready;
25/01/21;20:47:39.776;INFO;Server;Command: ExecRobotTask (Initialize,500000);
25/01/21;20:47:39.777;INFO;Controller;Executing asynchronous activity: ExecRobotTask;
25/01/21;20:47:39.777;INFO;Controller;Status = Executing: Initialize;
25/01/21;20:47:39.777;INFO;Controller;State = Running;
25/01/21;20:47:40.145;INFO;Robot Runtime;executing:    Initialize;
25/01/21;20:47:40.267;INFO;Controller;Activity ExecRobotTask ended. Return value: Done;
25/01/21;20:47:40.267;INFO;Controller;State = Ready;
25/01/21;20:47:40.279;INFO;Server;Command: ExecRobotTask (Unload,500000);
25/01/21;20:47:40.279;INFO;Controller;Executing asynchronous activity: ExecRobotTask;
25/01/21;20:47:40.279;INFO;Controller;Status = Executing: Unload;
25/01/21;20:47:40.279;INFO;Controller;State = Running;
25/01/21;20:47:40.653;INFO;Robot Runtime;executing:    Unload;
25/01/21;20:47:40.679;INFO;Robot Runtime;TraceSample(10): False/True/False;
25/01/21;20:47:58.418;INFO;Robot Runtime;TraceSample(10): False/False/True;
25/01/21;20:47:58.658;INFO;Controller;Activity ExecRobotTask ended. Return value: Done False/False/True;
25/01/21;20:47:58.659;INFO;Controller;State = Ready;
25/01/21;20:47:59.005;INFO;Server;Command: ExecRobotTask (Initialize,500000);
25/01/21;20:47:59.005;INFO;Controller;Executing asynchronous activity: ExecRobotTask;
25/01/21;20:47:59.006;INFO;Controller;Status = Executing: Initialize;
25/01/21;20:47:59.006;INFO;Controller;State = Running;
25/01/21;20:47:59.372;INFO;Robot Runtime;executing:    Initialize;
25/01/21;20:47:59.633;INFO;Controller;Activity ExecRobotTask ended. Return value: Done;
25/01/21;20:47:59.633;INFO;Controller;State = Ready;
25/01/21;20:47:59.649;INFO;Server;Command: ExecRobotTask (Load,500000);
25/01/21;20:47:59.649;INFO;Controller;Executing asynchronous activity: ExecRobotTask;
25/01/21;20:47:59.650;INFO;Controller;Status = Executing: Load;
25/01/21;20:47:59.650;INFO;Controller;State = Running;
25/01/21;20:48:00.020;INFO;Robot Runtime;executing:    Load;
25/01/21;20:48:00.046;INFO;Robot Runtime;TraceSample(11): False/False/True;
25/01/21;20:48:20.545;INFO;Robot Runtime;TraceSample(11): False/True/False;
25/01/21;20:48:20.816;INFO;Controller;Activity ExecRobotTask ended. Return value: Done False/True/False;
25/01/21;20:48:20.816;INFO;Controller;State = Ready;
25/01/21;20:48:20.985;INFO;Server;Command: ExecRobotTask (Initialize,500000);
25/01/21;20:48:20.986;INFO;Controller;Executing asynchronous activity: ExecRobotTask;
25/01/21;20:48:21.002;INFO;Controller;Status = Executing: Initialize;
25/01/21;20:48:21.002;INFO;Controller;State = Running;
25/01/21;20:48:21.367;INFO;Robot Runtime;executing:    Initialize;
25/01/21;20:48:21.613;INFO;Controller;Activity ExecRobotTask ended. Return value: Done;
25/01/21;20:48:21.614;INFO;Controller;State = Ready;
25/01/21;20:48:21.626;INFO;Server;Command: ExecRobotTask (Unload,500000);
25/01/21;20:48:21.626;INFO;Controller;Executing asynchronous activity: ExecRobotTask;
25/01/21;20:48:21.627;INFO;Controller;Status = Executing: Unload;
25/01/21;20:48:21.627;INFO;Controller;State = Running;
25/01/21;20:48:21.998;INFO;Robot Runtime;executing:    Unload;
25/01/21;20:48:22.024;INFO;Robot Runtime;TraceSample(11): False/True/False;
25/01/21;20:48:39.388;INFO;Robot Runtime;TraceSample(11): False/False/True;
25/01/21;20:48:39.451;INFO;Controller;Activity ExecRobotTask ended. Return value: Done False/False/True;
25/01/21;20:48:39.452;INFO;Controller;State = Ready;
25/01/21;20:48:39.799;INFO;Server;Command: ExecRobotTask (Initialize,500000);
25/01/21;20:48:39.799;INFO;Controller;Executing asynchronous activity: ExecRobotTask;
25/01/21;20:48:39.799;INFO;Controller;Status = Executing: Initialize;
25/01/21;20:48:39.800;INFO;Controller;State = Running;
25/01/21;20:48:40.166;INFO;Robot Runtime;executing:    Initialize;
25/01/21;20:48:40.274;INFO;Controller;Activity ExecRobotTask ended. Return value: Done;
25/01/21;20:48:40.274;INFO;Controller;State = Ready;
25/01/21;20:48:40.292;INFO;Server;Command: ExecRobotTask (Load,500000);
25/01/21;20:48:40.292;INFO;Controller;Executing asynchronous activity: ExecRobotTask;
25/01/21;20:48:40.292;INFO;Controller;Status = Executing: Load;
25/01/21;20:48:40.293;INFO;Controller;State = Running;
25/01/21;20:48:40.668;INFO;Robot Runtime;executing:    Load;
25/01/21;20:48:40.694;INFO;Robot Runtime;TraceSample(12): False/False/True;
25/01/21;20:49:01.524;INFO;Robot Runtime;TraceSample(12): False/True/False;
25/01/21;20:49:01.618;INFO;Controller;Activity ExecRobotTask ended. Return value: Done False/True/False;
25/01/21;20:49:01.618;INFO;Controller;State = Ready;
25/01/21;20:49:01.786;INFO;Server;Command: ExecRobotTask (Initialize,500000);
25/01/21;20:49:01.787;INFO;Controller;Executing asynchronous activity: ExecRobotTask;
25/01/21;20:49:01.787;INFO;Controller;Status = Executing: Initialize;
25/01/21;20:49:01.787;INFO;Controller;State = Running;
25/01/21;20:49:02.154;INFO;Robot Runtime;executing:    Initialize;
25/01/21;20:49:02.271;INFO;Controller;Activity ExecRobotTask ended. Return value: Done;
25/01/21;20:49:02.272;INFO;Controller;State = Ready;
25/01/21;20:49:02.289;INFO;Server;Command: ExecRobotTask (Unload,500000);
25/01/21;20:49:02.289;INFO;Controller;Executing asynchronous activity: ExecRobotTask;
25/01/21;20:49:02.289;INFO;Controller;Status = Executing: Unload;
25/01/21;20:49:02.289;INFO;Controller;State = Running;
25/01/21;20:49:02.661;INFO;Robot Runtime;executing:    Unload;
25/01/21;20:49:02.689;INFO;Robot Runtime;TraceSample(12): False/True/False;
25/01/21;20:49:20.680;INFO;Robot Runtime;TraceSample(12): False/False/True;
25/01/21;20:49:20.773;INFO;Controller;Activity ExecRobotTask ended. Return value: Done False/False/True;
25/01/21;20:49:20.773;INFO;Controller;State = Ready;
25/01/21;20:49:21.110;INFO;Server;Command: ExecRobotTask (Initialize,500000);
25/01/21;20:49:21.110;INFO;Controller;Executing asynchronous activity: ExecRobotTask;
25/01/21;20:49:21.110;INFO;Controller;Status = Executing: Initialize;
25/01/21;20:49:21.111;INFO;Controller;State = Running;
25/01/21;20:49:21.480;INFO;Robot Runtime;executing:    Initialize;
25/01/21;20:49:21.600;INFO;Controller;Activity ExecRobotTask ended. Return value: Done;
25/01/21;20:49:21.600;INFO;Controller;State = Ready;
25/01/21;20:49:21.612;INFO;Server;Command: ExecRobotTask (Load,500000);
25/01/21;20:49:21.613;INFO;Controller;Executing asynchronous activity: ExecRobotTask;
25/01/21;20:49:21.613;INFO;Controller;Status = Executing: Load;
25/01/21;20:49:21.613;INFO;Controller;State = Running;
25/01/21;20:49:21.984;INFO;Robot Runtime;executing:    Load;
25/01/21;20:49:22.011;INFO;Robot Runtime;TraceSample(13): False/False/True;
25/01/21;20:49:42.517;INFO;Robot Runtime;TraceSample(13): False/True/False;
25/01/21;20:49:42.723;INFO;Controller;Activity ExecRobotTask ended. Return value: Done False/True/False;
25/01/21;20:49:42.723;INFO;Controller;State = Ready;
25/01/21;20:49:42.895;INFO;Server;Command: ExecRobotTask (Initialize,500000);
25/01/21;20:49:42.895;INFO;Controller;Executing asynchronous activity: ExecRobotTask;
25/01/21;20:49:42.896;INFO;Controller;Status = Executing: Initialize;
25/01/21;20:49:42.896;INFO;Controller;State = Running;
25/01/21;20:49:43.262;INFO;Robot Runtime;executing:    Initialize;
25/01/21;20:49:43.523;INFO;Controller;Activity ExecRobotTask ended. Return value: Done;
25/01/21;20:49:43.523;INFO;Controller;State = Ready;
25/01/21;20:49:43.540;INFO;Server;Command: ExecRobotTask (Unload,500000);
25/01/21;20:49:43.540;INFO;Controller;Executing asynchronous activity: ExecRobotTask;
25/01/21;20:49:43.540;INFO;Controller;Status = Executing: Unload;
25/01/21;20:49:43.541;INFO;Controller;State = Running;
25/01/21;20:49:43.911;INFO;Robot Runtime;executing:    Unload;
25/01/21;20:49:43.938;INFO;Robot Runtime;TraceSample(13): False/True/False;
25/01/21;20:50:01.645;INFO;Robot Runtime;TraceSample(13): False/False/True;
25/01/21;20:50:01.856;INFO;Controller;Activity ExecRobotTask ended. Return value: Done False/False/True;
25/01/21;20:50:01.857;INFO;Controller;State = Ready;
25/01/21;20:50:02.200;INFO;Server;Command: ExecRobotTask (Initialize,500000);
25/01/21;20:50:02.200;INFO;Controller;Executing asynchronous activity: ExecRobotTask;
25/01/21;20:50:02.201;INFO;Controller;Status = Executing: Initialize;
25/01/21;20:50:02.201;INFO;Controller;State = Running;
25/01/21;20:50:02.568;INFO;Robot Runtime;executing:    Initialize;
25/01/21;20:50:02.823;INFO;Controller;Activity ExecRobotTask ended. Return value: Done;
25/01/21;20:50:02.823;INFO;Controller;State = Ready;
25/01/21;20:50:02.837;INFO;Server;Command: ExecRobotTask (Load,500000);
25/01/21;20:50:02.837;INFO;Controller;Executing asynchronous activity: ExecRobotTask;
25/01/21;20:50:02.838;INFO;Controller;Status = Executing: Load;
25/01/21;20:50:02.838;INFO;Controller;State = Running;
25/01/21;20:50:03.210;INFO;Robot Runtime;executing:    Load;
25/01/21;20:50:03.236;INFO;Robot Runtime;TraceSample(14): False/False/True;
25/01/21;20:50:24.781;INFO;Robot Runtime;TraceSample(14): False/True/False;
25/01/21;20:50:24.984;INFO;Controller;Activity ExecRobotTask ended. Return value: Done False/True/False;
25/01/21;20:50:24.985;INFO;Controller;State = Ready;
25/01/21;20:50:25.159;INFO;Server;Command: ExecRobotTask (Initialize,500000);
25/01/21;20:50:25.160;INFO;Controller;Executing asynchronous activity: ExecRobotTask;
25/01/21;20:50:25.160;INFO;Controller;Status = Executing: Initialize;
25/01/21;20:50:25.160;INFO;Controller;State = Running;
25/01/21;20:50:25.531;INFO;Robot Runtime;executing:    Initialize;
25/01/21;20:50:25.787;INFO;Controller;Activity ExecRobotTask ended. Return value: Done;
25/01/21;20:50:25.787;INFO;Controller;State = Ready;
25/01/21;20:50:25.806;INFO;Server;Command: ExecRobotTask (Unload,500000);
25/01/21;20:50:25.807;INFO;Controller;Executing asynchronous activity: ExecRobotTask;
25/01/21;20:50:25.807;INFO;Controller;Status = Executing: Unload;
25/01/21;20:50:25.807;INFO;Controller;State = Running;
25/01/21;20:50:26.179;INFO;Robot Runtime;executing:    Unload;
25/01/21;20:50:26.206;INFO;Robot Runtime;TraceSample(14): False/True/False;
25/01/21;20:50:44.281;INFO;Robot Runtime;TraceSample(14): False/False/True;
25/01/21;20:50:44.371;INFO;Controller;Activity ExecRobotTask ended. Return value: Done False/False/True;
25/01/21;20:50:44.371;INFO;Controller;State = Ready;
25/01/21;20:50:44.699;INFO;Server;Command: ExecRobotTask (Initialize,500000);
25/01/21;20:50:44.700;INFO;Controller;Executing asynchronous activity: ExecRobotTask;
25/01/21;20:50:44.700;INFO;Controller;Status = Executing: Initialize;
25/01/21;20:50:44.700;INFO;Controller;State = Running;
25/01/21;20:50:45.083;INFO;Robot Runtime;executing:    Initialize;
25/01/21;20:50:45.201;INFO;Controller;Activity ExecRobotTask ended. Return value: Done;
25/01/21;20:50:45.201;INFO;Controller;State = Ready;
25/01/21;20:50:45.217;INFO;Server;Command: ExecRobotTask (Load,500000);
25/01/21;20:50:45.217;INFO;Controller;Executing asynchronous activity: ExecRobotTask;
25/01/21;20:50:45.217;INFO;Controller;Status = Executing: Load;
25/01/21;20:50:45.217;INFO;Controller;State = Running;
25/01/21;20:50:45.589;INFO;Robot Runtime;executing:    Load;
25/01/21;20:50:45.615;INFO;Robot Runtime;TraceSample(15): False/False/True;
25/01/21;20:51:06.755;INFO;Robot Runtime;TraceSample(15): False/True/False;
25/01/21;20:51:06.949;INFO;Controller;Activity ExecRobotTask ended. Return value: Done False/True/False;
25/01/21;20:51:06.949;INFO;Controller;State = Ready;
25/01/21;20:51:07.116;INFO;Server;Command: ExecRobotTask (Initialize,500000);
25/01/21;20:51:07.117;INFO;Controller;Executing asynchronous activity: ExecRobotTask;
25/01/21;20:51:07.117;INFO;Controller;Status = Executing: Initialize;
25/01/21;20:51:07.117;INFO;Controller;State = Running;
25/01/21;20:51:07.486;INFO;Robot Runtime;executing:    Initialize;
25/01/21;20:51:07.754;INFO;Controller;Activity ExecRobotTask ended. Return value: Done;
25/01/21;20:51:07.754;INFO;Controller;State = Ready;
25/01/21;20:51:07.766;INFO;Server;Command: ExecRobotTask (Unload,500000);
25/01/21;20:51:07.766;INFO;Controller;Executing asynchronous activity: ExecRobotTask;
25/01/21;20:51:07.766;INFO;Controller;Status = Executing: Unload;
25/01/21;20:51:07.767;INFO;Controller;State = Running;
25/01/21;20:51:08.140;INFO;Robot Runtime;executing:    Unload;
25/01/21;20:51:08.166;INFO;Robot Runtime;TraceSample(15): False/True/False;
25/01/21;20:51:26.234;INFO;Robot Runtime;TraceSample(15): False/False/True;
25/01/21;20:51:26.433;INFO;Controller;Activity ExecRobotTask ended. Return value: Done False/False/True;
25/01/21;20:51:26.433;INFO;Controller;State = Ready;
25/01/21;20:51:26.761;INFO;Server;Command: ExecRobotTask (Initialize,500000);
25/01/21;20:51:26.762;INFO;Controller;Executing asynchronous activity: ExecRobotTask;
25/01/21;20:51:26.762;INFO;Controller;Status = Executing: Initialize;
25/01/21;20:51:26.762;INFO;Controller;State = Running;
25/01/21;20:51:27.129;INFO;Robot Runtime;executing:    Initialize;
25/01/21;20:51:27.399;INFO;Controller;Activity ExecRobotTask ended. Return value: Done;
25/01/21;20:51:27.400;INFO;Controller;State = Ready;
25/01/21;20:51:27.412;INFO;Server;Command: ExecRobotTask (Load,500000);
25/01/21;20:51:27.412;INFO;Controller;Executing asynchronous activity: ExecRobotTask;
25/01/21;20:51:27.413;INFO;Controller;Status = Executing: Load;
25/01/21;20:51:27.413;INFO;Controller;State = Running;
25/01/21;20:51:27.783;INFO;Robot Runtime;executing:    Load;
25/01/21;20:51:27.809;INFO;Robot Runtime;TraceSample(16): False/False/True;
25/01/21;20:51:49.178;INFO;Robot Runtime;TraceSample(16): False/True/False;
25/01/21;20:51:49.394;INFO;Controller;Activity ExecRobotTask ended. Return value: Done False/True/False;
25/01/21;20:51:49.426;INFO;Controller;State = Ready;
25/01/21;20:51:49.617;INFO;Server;Command: ExecRobotTask (Initialize,500000);
25/01/21;20:51:49.617;INFO;Controller;Executing asynchronous activity: ExecRobotTask;
25/01/21;20:51:49.617;INFO;Controller;Status = Executing: Initialize;
25/01/21;20:51:49.618;INFO;Controller;State = Running;
25/01/21;20:51:49.985;INFO;Robot Runtime;executing:    Initialize;
25/01/21;20:51:50.112;INFO;Controller;Activity ExecRobotTask ended. Return value: Done;
25/01/21;20:51:50.113;INFO;Controller;State = Ready;
25/01/21;20:51:50.134;INFO;Server;Command: ExecRobotTask (Unload,500000);
25/01/21;20:51:50.134;INFO;Controller;Executing asynchronous activity: ExecRobotTask;
25/01/21;20:51:50.134;INFO;Controller;Status = Executing: Unload;
25/01/21;20:51:50.134;INFO;Controller;State = Running;
25/01/21;20:51:50.505;INFO;Robot Runtime;executing:    Unload;
25/01/21;20:51:50.531;INFO;Robot Runtime;TraceSample(16): False/True/False;
25/01/21;20:52:08.877;INFO;Robot Runtime;TraceSample(16): False/False/True;
25/01/21;20:52:09.124;INFO;Controller;Activity ExecRobotTask ended. Return value: Done False/False/True;
25/01/21;20:52:09.125;INFO;Controller;State = Ready;
25/01/21;20:52:09.454;INFO;Server;Command: ExecRobotTask (Initialize,500000);
25/01/21;20:52:09.455;INFO;Controller;Executing asynchronous activity: ExecRobotTask;
25/01/21;20:52:09.455;INFO;Controller;Status = Executing: Initialize;
25/01/21;20:52:09.455;INFO;Controller;State = Running;
25/01/21;20:52:09.827;INFO;Robot Runtime;executing:    Initialize;
25/01/21;20:52:10.092;INFO;Controller;Activity ExecRobotTask ended. Return value: Done;
25/01/21;20:52:10.093;INFO;Controller;State = Ready;
25/01/21;20:52:10.115;INFO;Server;Command: ExecRobotTask (Load,500000);
25/01/21;20:52:10.115;INFO;Controller;Executing asynchronous activity: ExecRobotTask;
25/01/21;20:52:10.115;INFO;Controller;Status = Executing: Load;
25/01/21;20:52:10.115;INFO;Controller;State = Running;
25/01/21;20:52:10.485;INFO;Robot Runtime;executing:    Load;
25/01/21;20:52:10.513;INFO;Robot Runtime;TraceSample(17): False/False/True;
25/01/21;20:52:31.848;INFO;Robot Runtime;TraceSample(17): False/True/False;
25/01/21;20:52:31.951;INFO;Controller;Activity ExecRobotTask ended. Return value: Done False/True/False;
25/01/21;20:52:31.952;INFO;Controller;State = Ready;
25/01/21;20:52:32.142;INFO;Server;Command: ExecRobotTask (Initialize,500000);
25/01/21;20:52:32.143;INFO;Controller;Executing asynchronous activity: ExecRobotTask;
25/01/21;20:52:32.143;INFO;Controller;Status = Executing: Initialize;
25/01/21;20:52:32.143;INFO;Controller;State = Running;
25/01/21;20:52:32.511;INFO;Robot Runtime;executing:    Initialize;
25/01/21;20:52:32.612;INFO;Controller;Activity ExecRobotTask ended. Return value: Done;
25/01/21;20:52:32.612;INFO;Controller;State = Ready;
25/01/21;20:52:32.636;INFO;Server;Command: ExecRobotTask (Unload,500000);
25/01/21;20:52:32.636;INFO;Controller;Executing asynchronous activity: ExecRobotTask;
25/01/21;20:52:32.636;INFO;Controller;Status = Executing: Unload;
25/01/21;20:52:32.636;INFO;Controller;State = Running;
25/01/21;20:52:33.008;INFO;Robot Runtime;executing:    Unload;
25/01/21;20:52:33.036;INFO;Robot Runtime;TraceSample(17): False/True/False;
25/01/21;20:52:51.321;INFO;Robot Runtime;TraceSample(17): False/False/True;
25/01/21;20:52:51.385;INFO;Controller;Activity ExecRobotTask ended. Return value: Done False/False/True;
25/01/21;20:52:51.385;INFO;Controller;State = Ready;
25/01/21;20:52:51.716;INFO;Server;Command: ExecRobotTask (Initialize,500000);
25/01/21;20:52:51.716;INFO;Controller;Executing asynchronous activity: ExecRobotTask;
25/01/21;20:52:51.716;INFO;Controller;Status = Executing: Initialize;
25/01/21;20:52:51.717;INFO;Controller;State = Running;
25/01/21;20:52:52.086;INFO;Robot Runtime;executing:    Initialize;
25/01/21;20:52:52.216;INFO;Controller;Activity ExecRobotTask ended. Return value: Done;
25/01/21;20:52:52.217;INFO;Controller;State = Ready;
25/01/21;20:52:52.232;INFO;Server;Command: ExecRobotTask (Load,500000);
25/01/21;20:52:52.232;INFO;Controller;Executing asynchronous activity: ExecRobotTask;
25/01/21;20:52:52.232;INFO;Controller;Status = Executing: Load;
25/01/21;20:52:52.232;INFO;Controller;State = Running;
25/01/21;20:52:52.607;INFO;Robot Runtime;executing:    Load;
25/01/21;20:52:52.633;INFO;Robot Runtime;TraceSample(18): False/False/True;
25/01/21;20:53:14.904;INFO;Robot Runtime;TraceSample(18): False/True/False;
25/01/21;20:53:15.155;INFO;Controller;Activity ExecRobotTask ended. Return value: Done False/True/False;
25/01/21;20:53:15.156;INFO;Controller;State = Ready;
25/01/21;20:53:15.324;INFO;Server;Command: ExecRobotTask (Initialize,500000);
25/01/21;20:53:15.324;INFO;Controller;Executing asynchronous activity: ExecRobotTask;
25/01/21;20:53:15.324;INFO;Controller;Status = Executing: Initialize;
25/01/21;20:53:15.325;INFO;Controller;State = Running;
25/01/21;20:53:15.694;INFO;Robot Runtime;executing:    Initialize;
25/01/21;20:53:15.957;INFO;Controller;Activity ExecRobotTask ended. Return value: Done;
25/01/21;20:53:15.957;INFO;Controller;State = Ready;
25/01/21;20:53:15.976;INFO;Server;Command: ExecRobotTask (Unload,500000);
25/01/21;20:53:15.977;INFO;Controller;Executing asynchronous activity: ExecRobotTask;
25/01/21;20:53:15.977;INFO;Controller;Status = Executing: Unload;
25/01/21;20:53:15.977;INFO;Controller;State = Running;
25/01/21;20:53:16.348;INFO;Robot Runtime;executing:    Unload;
25/01/21;20:53:16.375;INFO;Robot Runtime;TraceSample(18): False/True/False;
25/01/21;20:53:35.452;INFO;Robot Runtime;TraceSample(18): False/False/True;
25/01/21;20:53:35.722;INFO;Controller;Activity ExecRobotTask ended. Return value: Done False/False/True;
25/01/21;20:53:35.723;INFO;Controller;State = Ready;
25/01/21;20:53:36.062;INFO;Server;Command: ExecRobotTask (Initialize,500000);
25/01/21;20:53:36.062;INFO;Controller;Executing asynchronous activity: ExecRobotTask;
25/01/21;20:53:36.062;INFO;Controller;Status = Executing: Initialize;
25/01/21;20:53:36.062;INFO;Controller;State = Running;
25/01/21;20:53:36.428;INFO;Robot Runtime;executing:    Initialize;
25/01/21;20:53:36.684;INFO;Controller;Activity ExecRobotTask ended. Return value: Done;
25/01/21;20:53:36.685;INFO;Controller;State = Ready;
25/01/21;20:53:36.700;INFO;Server;Command: ExecRobotTask (Load,500000);
25/01/21;20:53:36.701;INFO;Controller;Executing asynchronous activity: ExecRobotTask;
25/01/21;20:53:36.701;INFO;Controller;Status = Executing: Load;
25/01/21;20:53:36.701;INFO;Controller;State = Running;
25/01/21;20:53:37.074;INFO;Robot Runtime;executing:    Load;
25/01/21;20:53:37.102;INFO;Robot Runtime;TraceSample(19): False/False/True;
25/01/21;20:53:58.558;INFO;Robot Runtime;TraceSample(19): False/True/False;
25/01/21;20:53:58.659;INFO;Controller;Activity ExecRobotTask ended. Return value: Done False/True/False;
25/01/21;20:53:58.659;INFO;Controller;State = Ready;
25/01/21;20:53:58.828;INFO;Server;Command: ExecRobotTask (Initialize,500000);
25/01/21;20:53:58.829;INFO;Controller;Executing asynchronous activity: ExecRobotTask;
25/01/21;20:53:58.829;INFO;Controller;Status = Executing: Initialize;
25/01/21;20:53:58.829;INFO;Controller;State = Running;
25/01/21;20:53:59.198;INFO;Robot Runtime;executing:    Initialize;
25/01/21;20:53:59.324;INFO;Controller;Activity ExecRobotTask ended. Return value: Done;
25/01/21;20:53:59.324;INFO;Controller;State = Ready;
25/01/21;20:53:59.344;INFO;Server;Command: ExecRobotTask (Unload,500000);
25/01/21;20:53:59.345;INFO;Controller;Executing asynchronous activity: ExecRobotTask;
25/01/21;20:53:59.345;INFO;Controller;Status = Executing: Unload;
25/01/21;20:53:59.345;INFO;Controller;State = Running;
25/01/21;20:53:59.716;INFO;Robot Runtime;executing:    Unload;
25/01/21;20:53:59.742;INFO;Robot Runtime;TraceSample(19): False/True/False;
25/01/21;20:54:18.050;INFO;Robot Runtime;TraceSample(19): False/False/True;
25/01/21;20:54:18.136;INFO;Controller;Activity ExecRobotTask ended. Return value: Done False/False/True;
25/01/21;20:54:18.136;INFO;Controller;State = Ready;
25/01/21;20:54:18.468;INFO;Server;Command: ExecRobotTask (Initialize,500000);
25/01/21;20:54:18.469;INFO;Controller;Executing asynchronous activity: ExecRobotTask;
25/01/21;20:54:18.469;INFO;Controller;Status = Executing: Initialize;
25/01/21;20:54:18.469;INFO;Controller;State = Running;
25/01/21;20:54:18.841;INFO;Robot Runtime;executing:    Initialize;
25/01/21;20:54:18.959;INFO;Controller;Activity ExecRobotTask ended. Return value: Done;
25/01/21;20:54:18.959;INFO;Controller;State = Ready;
25/01/21;20:54:18.974;INFO;Server;Command: ExecRobotTask (Load,500000);
25/01/21;20:54:18.975;INFO;Controller;Executing asynchronous activity: ExecRobotTask;
25/01/21;20:54:18.975;INFO;Controller;Status = Executing: Load;
25/01/21;20:54:18.975;INFO;Controller;State = Running;
25/01/21;20:54:19.347;INFO;Robot Runtime;executing:    Load;
25/01/21;20:54:19.374;INFO;Robot Runtime;TraceSample(20): False/False/True;
25/01/21;20:54:41.964;INFO;Robot Runtime;TraceSample(20): False/True/False;
25/01/21;20:54:42.176;INFO;Controller;Activity ExecRobotTask ended. Return value: Done False/True/False;
25/01/21;20:54:42.177;INFO;Controller;State = Ready;
25/01/21;20:54:42.357;INFO;Server;Command: ExecRobotTask (Initialize,500000);
25/01/21;20:54:42.357;INFO;Controller;Executing asynchronous activity: ExecRobotTask;
25/01/21;20:54:42.357;INFO;Controller;Status = Executing: Initialize;
25/01/21;20:54:42.358;INFO;Controller;State = Running;
25/01/21;20:54:42.721;INFO;Robot Runtime;executing:    Initialize;
25/01/21;20:54:42.974;INFO;Controller;Activity ExecRobotTask ended. Return value: Done;
25/01/21;20:54:42.975;INFO;Controller;State = Ready;
25/01/21;20:54:42.989;INFO;Server;Command: ExecRobotTask (Unload,500000);
25/01/21;20:54:42.989;INFO;Controller;Executing asynchronous activity: ExecRobotTask;
25/01/21;20:54:42.989;INFO;Controller;Status = Executing: Unload;
25/01/21;20:54:42.989;INFO;Controller;State = Running;
25/01/21;20:54:43.363;INFO;Robot Runtime;executing:    Unload;
25/01/21;20:54:43.389;INFO;Robot Runtime;TraceSample(20): False/True/False;
25/01/21;20:55:02.752;INFO;Robot Runtime;TraceSample(20): False/False/True;
25/01/21;20:55:03.036;INFO;Controller;Activity ExecRobotTask ended. Return value: Done False/False/True;
25/01/21;20:55:03.037;INFO;Controller;State = Ready;
25/01/21;20:59:00.510;INFO;Server;Command: ExecRobotTask (Initialize,500000);
25/01/21;20:59:00.511;INFO;Controller;Executing asynchronous activity: ExecRobotTask;
25/01/21;20:59:00.511;INFO;Controller;Status = Executing: Initialize;
25/01/21;20:59:00.512;INFO;Controller;State = Running;
25/01/21;20:59:00.879;INFO;Robot Runtime;executing:    Initialize;
25/01/21;20:59:01.006;INFO;Controller;Activity ExecRobotTask ended. Return value: Done;
25/01/21;20:59:01.007;INFO;Controller;State = Ready;
25/01/21;20:59:01.031;INFO;Server;Command: ExecRobotTask (Home,500000);
25/01/21;20:59:01.031;INFO;Controller;Executing asynchronous activity: ExecRobotTask;
25/01/21;20:59:01.031;INFO;Controller;Status = Executing: Home;
25/01/21;20:59:01.031;INFO;Controller;State = Running;
25/01/21;20:59:01.399;INFO;Robot Runtime;executing:    Home;
25/01/21;20:59:02.773;INFO;Controller;Activity ExecRobotTask ended. Return value: Done;
25/01/21;20:59:02.773;INFO;Controller;State = Ready;
25/01/21;20:59:02.788;INFO;Server;Command: ExecRobotTask (Park,500000);
25/01/21;20:59:02.788;INFO;Controller;Executing asynchronous activity: ExecRobotTask;
25/01/21;20:59:02.789;INFO;Controller;Status = Executing: Park;
25/01/21;20:59:02.789;INFO;Controller;State = Running;
25/01/21;20:59:02.873;INFO;Robot Runtime;executing:    Park;
25/01/21;20:59:04.621;INFO;Controller;Activity ExecRobotTask ended. Return value: Done;
25/01/21;20:59:04.621;INFO;Controller;State = Ready;
25/01/21;20:59:04.637;INFO;Server;Command: ExecRobotTask (PowerOff,500000);
25/01/21;20:59:04.637;INFO;Controller;Executing asynchronous activity: ExecRobotTask;
25/01/21;20:59:04.637;INFO;Controller;Status = Executing: PowerOff;
25/01/21;20:59:04.637;INFO;Controller;State = Running;
25/01/21;20:59:05.074;INFO;Robot Runtime;executing:    PowerOff;
25/01/21;20:59:06.888;INFO;Controller;Activity ExecRobotTask ended. Return value: Done;
25/01/21;20:59:06.888;INFO;Controller;State = Ready;
