13/01/21;10:33:40.651;INFO;Controller;Instantiation;
13/01/21;10:33:40.675;INFO;Controller;State = Initializing;
13/01/21;10:33:40.891;WARNING;Interface;Access level set to Admin;
13/01/21;10:33:40.989;INFO;Controller;Initialized log services - Startup: 13/01/21 10:33:40;
13/01/21;10:33:40.999;INFO;Controller;Initializing controller for SW version: 1.1.0 - JLib 1.7.2;
13/01/21;10:33:41.260;INFO;Epics Server;Registered PV: SW:Status;
13/01/21;10:33:41.261;INFO;Epics Server;Registered PV: SW:Uptime;
13/01/21;10:33:41.284;INFO;Epics Server;Registered PV: SW:LastTaskInfo;
13/01/21;10:33:41.285;INFO;Epics Server;Registered PV: SW:JointPositions;
13/01/21;10:33:41.286;INFO;Epics Server;Registered PV: SW:CartesianPositions;
13/01/21;10:33:41.287;INFO;Epics Server;Registered PV: SW:RobotState;
13/01/21;10:33:41.287;INFO;Epics Server;Registered PV: SW:Version;
13/01/21;10:33:41.288;INFO;Epics Server;Registered PV: SW:LocalGuiLockOut;
13/01/21;10:33:41.289;INFO;Epics Server;Registered PV: SW:AlarmList;
13/01/21;10:33:41.289;INFO;Epics Server;Registered PV: SW:LastTaskException;
13/01/21;10:33:41.289;INFO;Epics Server;Registered PV: SW:LastTaskOutput;
13/01/21;10:33:41.290;INFO;Epics Server;Registered PV: SW:RobotSpeed;
13/01/21;10:33:41.290;INFO;Epics Server;Registered PV: SW:State;
13/01/21;10:33:41.292;INFO;Epics Server;Registered PV: SW:abort;
13/01/21;10:33:41.293;INFO;Epics Server;Registered PV: SW:restart;
13/01/21;10:33:41.293;INFO;Epics Server;Registered PV: SW:getTaskInfo;
13/01/21;10:33:41.294;INFO;Epics Server;Registered PV: SW:isTaskRunning;
13/01/21;10:33:41.294;INFO;Epics Server;Registered PV: SW:checkTaskResult;
13/01/21;10:33:41.294;INFO;Epics Server;Registered PV: SW:getRobotVariable;
13/01/21;10:33:41.295;INFO;Epics Server;Registered PV: SW:getDistance;
13/01/21;10:33:41.295;INFO;Epics Server;Registered PV: SW:isSampleMounted;
13/01/21;10:33:41.296;INFO;Epics Server;Registered PV: SW:startRobotTask;
13/01/21;10:33:41.296;INFO;Epics Server;Registered PV: SW:startTestTask;
13/01/21;10:33:41.296;INFO;Epics Server;Registered PV: SW:pauseRobot;
13/01/21;10:33:41.297;INFO;Epics Server;Registered PV: SW:resumeRobot;
13/01/21;10:33:41.297;INFO;Epics Server;Registered PV: SW:setRobotVariable;
13/01/21;10:33:41.297;INFO;Epics Server;Initializing: Channel Access Server in Java v1.1.1;
13/01/21;10:33:41.301;INFO;Epics Server;Started server: ready to accept requests;
13/01/21;10:33:42.058;INFO;Controller;Initializing Robot;
13/01/21;10:33:42.076;INFO;Robot;Setting reference frame to: world;
13/01/21;10:33:42.274;INFO;Controller;Initializing Bus Controller;
13/01/21;10:33:42.275;INFO;Anti-Collision;Active = true;
13/01/21;10:33:42.275;INFO;Controller;State = Starting;
13/01/21;10:33:42.280;INFO;Controller;Command: Reset;
13/01/21;10:33:42.599;INFO;Controller;Executing asynchronous script: ./script/Reset.py;
13/01/21;10:33:42.599;INFO;Controller;Status = Reseting;
13/01/21;10:33:42.600;INFO;Controller;State = Running;
13/01/21;10:33:43.063;INFO;Controller;Script host: localhost:47562;
13/01/21;10:33:43.064;INFO;Script;Starting initialization script;
13/01/21;10:33:43.066;INFO;Script;Do nothing;
13/01/21;10:33:43.067;INFO;Controller;Script ./script/Reset.py ended. Return value: ;
13/01/21;10:33:43.067;INFO;Controller;State = Ready;
