29/01/21;13:13:12.534;INFO;Server;Command: ExecRobotTask (Initialize,500000);
29/01/21;13:13:12.535;INFO;Controller;Executing asynchronous activity: ExecRobotTask;
29/01/21;13:13:12.535;INFO;Controller;Status = Executing: Initialize;
29/01/21;13:13:12.535;INFO;Controller;State = Running;
29/01/21;13:13:12.974;INFO;Robot Runtime;executing:    Initialize;
29/01/21;13:13:13.002;INFO;Robot Runtime;Robot is on hold or doing connection movement --- 2;
29/01/21;13:13:14.511;INFO;Controller;Activity ExecRobotTask ended. Return value: Done;
29/01/21;13:13:14.511;INFO;Controller;State = Ready;
29/01/21;13:13:14.541;INFO;Server;Command: ExecRobotTask (Unmount,500000);
29/01/21;13:13:14.541;INFO;Controller;Executing asynchronous activity: ExecRobotTask;
29/01/21;13:13:14.541;INFO;Controller;Status = Executing: Unmount;
29/01/21;13:13:14.541;INFO;Controller;State = Running;
29/01/21;13:13:14.928;INFO;Robot Runtime;executing:    Unmount;
29/01/21;13:13:14.954;INFO;Robot Runtime;TraceSample(20): True/False/True;
29/01/21;13:13:14.968;WARNING;Robot Runtime;Unrecognized Location;
29/01/21;13:13:15.069;INFO;Controller;Activity ExecRobotTask ended. Return value: ABORT: Unrecognized Location;
29/01/21;13:13:15.069;INFO;Controller;State = Ready;
29/01/21;13:13:21.286;INFO;Server;Command: ExecRobotTask (Initialize,500000);
29/01/21;13:13:21.286;INFO;Controller;Executing asynchronous activity: ExecRobotTask;
29/01/21;13:13:21.286;INFO;Controller;Status = Executing: Initialize;
29/01/21;13:13:21.286;INFO;Controller;State = Running;
29/01/21;13:13:21.648;INFO;Robot Runtime;executing:    Initialize;
29/01/21;13:13:21.759;INFO;Controller;Activity ExecRobotTask ended. Return value: Done;
29/01/21;13:13:21.759;INFO;Controller;State = Ready;
29/01/21;13:13:21.768;INFO;Server;Command: ExecRobotTask (Home,500000);
29/01/21;13:13:21.769;INFO;Controller;Executing asynchronous activity: ExecRobotTask;
29/01/21;13:13:21.769;INFO;Controller;Status = Executing: Home;
29/01/21;13:13:21.769;INFO;Controller;State = Running;
29/01/21;13:13:22.135;INFO;Robot Runtime;executing:    Home;
29/01/21;13:13:23.217;INFO;Controller;Activity ExecRobotTask ended. Return value: Done;
29/01/21;13:13:23.217;INFO;Controller;State = Ready;
29/01/21;13:13:25.588;INFO;Server;Command: ExecRobotTask (Initialize,500000);
29/01/21;13:13:25.589;INFO;Controller;Executing asynchronous activity: ExecRobotTask;
29/01/21;13:13:25.589;INFO;Controller;Status = Executing: Initialize;
29/01/21;13:13:25.589;INFO;Controller;State = Running;
29/01/21;13:13:25.951;INFO;Robot Runtime;executing:    Initialize;
29/01/21;13:13:26.240;INFO;Controller;Activity ExecRobotTask ended. Return value: Done;
29/01/21;13:13:26.240;INFO;Controller;State = Ready;
29/01/21;13:13:26.253;INFO;Server;Command: ExecRobotTask (Unmount,500000);
29/01/21;13:13:26.253;INFO;Controller;Executing asynchronous activity: ExecRobotTask;
29/01/21;13:13:26.253;INFO;Controller;Status = Executing: Unmount;
29/01/21;13:13:26.253;INFO;Controller;State = Running;
29/01/21;13:13:26.616;INFO;Robot Runtime;executing:    Unmount;
29/01/21;13:13:26.642;INFO;Robot Runtime;TraceSample(20): True/False/True;
29/01/21;13:13:37.801;INFO;Robot Runtime;TraceSample(20): False/True/True;
29/01/21;13:13:37.917;INFO;Controller;Activity ExecRobotTask ended. Return value: Done False/True/True;
29/01/21;13:13:37.918;INFO;Controller;State = Ready;
29/01/21;13:13:44.426;INFO;Server;Command: ExecRobotTask (Initialize,500000);
29/01/21;13:13:44.426;INFO;Controller;Executing asynchronous activity: ExecRobotTask;
29/01/21;13:13:44.446;INFO;Controller;Status = Executing: Initialize;
29/01/21;13:13:44.447;INFO;Controller;State = Running;
29/01/21;13:13:44.810;INFO;Robot Runtime;executing:    Initialize;
29/01/21;13:13:44.935;INFO;Controller;Activity ExecRobotTask ended. Return value: Done;
29/01/21;13:13:44.936;INFO;Controller;State = Ready;
29/01/21;13:13:44.949;INFO;Server;Command: ExecRobotTask (Unload,500000);
29/01/21;13:13:44.949;INFO;Controller;Executing asynchronous activity: ExecRobotTask;
29/01/21;13:13:44.949;INFO;Controller;Status = Executing: Unload;
29/01/21;13:13:44.949;INFO;Controller;State = Running;
29/01/21;13:13:45.320;INFO;Robot Runtime;executing:    Unload;
29/01/21;13:13:45.347;INFO;Robot Runtime;TraceSample(16): False/True/False;
29/01/21;13:13:58.584;INFO;Robot Runtime;TraceSample(16): False/False/True;
29/01/21;13:13:58.811;INFO;Controller;Activity ExecRobotTask ended. Return value: Done False/False/True;
29/01/21;13:13:58.812;INFO;Controller;State = Ready;
29/01/21;13:41:47.004;INFO;Server;Command: ExecRobotTask (Initialize,500000);
29/01/21;13:41:47.004;INFO;Controller;Executing asynchronous activity: ExecRobotTask;
29/01/21;13:41:47.004;INFO;Controller;Status = Executing: Initialize;
29/01/21;13:41:47.004;INFO;Controller;State = Running;
29/01/21;13:41:47.400;INFO;Robot Runtime;executing:    Initialize;
29/01/21;13:41:47.428;INFO;Robot Runtime;Robot is on hold or doing connection movement --- 2;
29/01/21;13:41:48.786;INFO;Controller;Activity ExecRobotTask ended. Return value: Done;
29/01/21;13:41:48.786;INFO;Controller;State = Ready;
29/01/21;13:41:48.802;INFO;Server;Command: ExecRobotTask (Unmount,500000);
29/01/21;13:41:48.802;INFO;Controller;Executing asynchronous activity: ExecRobotTask;
29/01/21;13:41:48.802;INFO;Controller;Status = Executing: Unmount;
29/01/21;13:41:48.803;INFO;Controller;State = Running;
29/01/21;13:41:49.170;INFO;Robot Runtime;executing:    Unmount;
29/01/21;13:41:49.196;INFO;Robot Runtime;TraceSample(16): True/False/False;
29/01/21;13:42:00.180;INFO;Robot Runtime;TraceSample(16): False/True/False;
29/01/21;13:42:00.493;INFO;Controller;Activity ExecRobotTask ended. Return value: Done False/True/False;
29/01/21;13:42:00.493;INFO;Controller;State = Ready;
29/01/21;13:44:38.903;INFO;Server;Command: ExecRobotTask (Initialize,500000);
29/01/21;13:44:38.903;INFO;Controller;Executing asynchronous activity: ExecRobotTask;
29/01/21;13:44:38.903;INFO;Controller;Status = Executing: Initialize;
29/01/21;13:44:38.903;INFO;Controller;State = Running;
29/01/21;13:44:39.273;INFO;Robot Runtime;executing:    Initialize;
29/01/21;13:44:39.572;INFO;Controller;Activity ExecRobotTask ended. Return value: Done;
29/01/21;13:44:39.572;INFO;Controller;State = Ready;
29/01/21;13:44:39.582;INFO;Server;Command: ExecRobotTask (Unload,500000);
29/01/21;13:44:39.582;INFO;Controller;Executing asynchronous activity: ExecRobotTask;
29/01/21;13:44:39.582;INFO;Controller;Status = Executing: Unload;
29/01/21;13:44:39.582;INFO;Controller;State = Running;
29/01/21;13:44:39.952;INFO;Robot Runtime;executing:    Unload;
29/01/21;13:44:39.979;INFO;Robot Runtime;TraceSample(16): False/True/False;
29/01/21;13:44:52.980;INFO;Robot Runtime;TraceSample(16): False/False/True;
29/01/21;13:44:53.217;INFO;Controller;Activity ExecRobotTask ended. Return value: Done False/False/True;
29/01/21;13:44:53.217;INFO;Controller;State = Ready;
29/01/21;13:46:17.909;INFO;Server;Command: ExecRobotTask (Initialize,500000);
29/01/21;13:46:17.910;INFO;Controller;Executing asynchronous activity: ExecRobotTask;
29/01/21;13:46:17.910;INFO;Controller;Status = Executing: Initialize;
29/01/21;13:46:17.910;INFO;Controller;State = Running;
29/01/21;13:46:18.279;INFO;Robot Runtime;executing:    Initialize;
29/01/21;13:46:18.516;INFO;Controller;Activity ExecRobotTask ended. Return value: Done;
29/01/21;13:46:18.516;INFO;Controller;State = Ready;
29/01/21;13:46:18.528;INFO;Server;Command: ExecRobotTask (Load,500000);
29/01/21;13:46:18.528;INFO;Controller;Executing asynchronous activity: ExecRobotTask;
29/01/21;13:46:18.528;INFO;Controller;Status = Executing: Load;
29/01/21;13:46:18.528;INFO;Controller;State = Running;
29/01/21;13:46:18.897;INFO;Robot Runtime;executing:    Load;
29/01/21;13:46:18.924;INFO;Robot Runtime;TraceSample(6): False/False/True;
29/01/21;13:46:31.139;INFO;Robot Runtime;TraceSample(6): False/True/False;
29/01/21;13:46:31.388;INFO;Controller;Activity ExecRobotTask ended. Return value: Done False/True/False;
29/01/21;13:46:31.388;INFO;Controller;State = Ready;
29/01/21;13:46:42.872;INFO;Server;Command: ExecRobotTask (Initialize,500000);
29/01/21;13:46:42.872;INFO;Controller;Executing asynchronous activity: ExecRobotTask;
29/01/21;13:46:42.872;INFO;Controller;Status = Executing: Initialize;
29/01/21;13:46:42.872;INFO;Controller;State = Running;
29/01/21;13:46:43.236;INFO;Robot Runtime;executing:    Initialize;
29/01/21;13:46:43.352;INFO;Controller;Activity ExecRobotTask ended. Return value: Done;
29/01/21;13:46:43.352;INFO;Controller;State = Ready;
29/01/21;13:46:43.368;INFO;Server;Command: ExecRobotTask (Mount,500000);
29/01/21;13:46:43.369;INFO;Controller;Executing asynchronous activity: ExecRobotTask;
29/01/21;13:46:43.369;INFO;Controller;Status = Executing: Mount;
29/01/21;13:46:43.369;INFO;Controller;State = Running;
29/01/21;13:46:43.738;INFO;Robot Runtime;executing:    Mount;
29/01/21;13:46:43.764;INFO;Robot Runtime;TraceSample(6): False/True/False;
29/01/21;13:46:52.814;INFO;Robot Runtime;TraceSample(6): True/False/False;
29/01/21;13:46:53.107;INFO;Controller;Activity ExecRobotTask ended. Return value: Done True/False/False;
29/01/21;13:46:53.107;INFO;Controller;State = Ready;
29/01/21;16:35:03.504;INFO;Server;Command: ExecRobotTask (Initialize,500000);
29/01/21;16:35:03.504;INFO;Controller;Executing asynchronous activity: ExecRobotTask;
29/01/21;16:35:03.504;INFO;Controller;Status = Executing: Initialize;
29/01/21;16:35:03.504;INFO;Controller;State = Running;
29/01/21;16:35:03.920;INFO;Robot Runtime;executing:    Initialize;
29/01/21;16:35:03.953;INFO;Robot Runtime;Robot is on hold or doing connection movement --- 2;
29/01/21;16:35:05.496;INFO;Controller;Activity ExecRobotTask ended. Return value: Done;
29/01/21;16:35:05.496;INFO;Controller;State = Ready;
29/01/21;16:35:05.535;INFO;Server;Command: ExecRobotTask (Home,500000);
29/01/21;16:35:05.536;INFO;Controller;Executing asynchronous activity: ExecRobotTask;
29/01/21;16:35:05.536;INFO;Controller;Status = Executing: Home;
29/01/21;16:35:05.536;INFO;Controller;State = Running;
29/01/21;16:35:05.934;INFO;Robot Runtime;executing:    Home;
29/01/21;16:35:07.878;INFO;Controller;Activity ExecRobotTask ended. Return value: Done;
29/01/21;16:35:07.878;INFO;Controller;State = Ready;
29/01/21;16:35:07.888;INFO;Server;Command: ExecRobotTask (Park,500000);
29/01/21;16:35:07.888;INFO;Controller;Executing asynchronous activity: ExecRobotTask;
29/01/21;16:35:07.889;INFO;Controller;Status = Executing: Park;
29/01/21;16:35:07.889;INFO;Controller;State = Running;
29/01/21;16:35:07.955;INFO;Robot Runtime;executing:    Park;
29/01/21;16:35:09.080;INFO;Controller;Activity ExecRobotTask ended. Return value: Done;
29/01/21;16:35:09.081;INFO;Controller;State = Ready;
29/01/21;16:35:09.089;INFO;Server;Command: ExecRobotTask (PowerOff,500000);
29/01/21;16:35:09.090;INFO;Controller;Executing asynchronous activity: ExecRobotTask;
29/01/21;16:35:09.090;INFO;Controller;Status = Executing: PowerOff;
29/01/21;16:35:09.090;INFO;Controller;State = Running;
29/01/21;16:35:09.441;INFO;Robot Runtime;executing:    PowerOff;
29/01/21;16:35:11.343;INFO;Controller;Activity ExecRobotTask ended. Return value: Done;
29/01/21;16:35:11.343;INFO;Controller;State = Ready;
29/01/21;16:35:17.133;INFO;Server;Command: ExecRobotTask (Initialize,500000);
29/01/21;16:35:17.133;INFO;Controller;Executing asynchronous activity: ExecRobotTask;
29/01/21;16:35:17.133;INFO;Controller;Status = Executing: Initialize;
29/01/21;16:35:17.133;INFO;Controller;State = Running;
29/01/21;16:35:17.562;INFO;Robot Runtime;executing:    Initialize;
29/01/21;16:35:17.589;INFO;Robot Runtime;Robot is on hold or doing connection movement --- 2;
29/01/21;16:35:19.094;INFO;Controller;Activity ExecRobotTask ended. Return value: Done;
29/01/21;16:35:19.094;INFO;Controller;State = Ready;
29/01/21;16:35:19.132;INFO;Server;Command: ExecRobotTask (Home,500000);
29/01/21;16:35:19.132;INFO;Controller;Executing asynchronous activity: ExecRobotTask;
29/01/21;16:35:19.132;INFO;Controller;Status = Executing: Home;
29/01/21;16:35:19.132;INFO;Controller;State = Running;
29/01/21;16:35:19.499;INFO;Robot Runtime;executing:    Home;
29/01/21;16:35:20.400;INFO;Controller;Activity ExecRobotTask ended. Return value: Done;
29/01/21;16:35:20.400;INFO;Controller;State = Ready;
29/01/21;16:35:20.601;INFO;Server;Command: ExecRobotTask (Initialize,500000);
29/01/21;16:35:20.601;INFO;Controller;Executing asynchronous activity: ExecRobotTask;
29/01/21;16:35:20.601;INFO;Controller;Status = Executing: Initialize;
29/01/21;16:35:20.601;INFO;Controller;State = Running;
29/01/21;16:35:20.969;INFO;Robot Runtime;executing:    Initialize;
29/01/21;16:35:21.060;INFO;Controller;Activity ExecRobotTask ended. Return value: Done;
29/01/21;16:35:21.060;INFO;Controller;State = Ready;
29/01/21;16:35:21.070;INFO;Server;Command: ExecRobotTask (Load,500000);
29/01/21;16:35:21.070;INFO;Controller;Executing asynchronous activity: ExecRobotTask;
29/01/21;16:35:21.070;INFO;Controller;Status = Executing: Load;
29/01/21;16:35:21.070;INFO;Controller;State = Running;
29/01/21;16:35:21.441;INFO;Robot Runtime;executing:    Load;
29/01/21;16:35:21.468;INFO;Robot Runtime;TraceSample(1): True/False/True;
29/01/21;16:35:33.744;INFO;Robot Runtime;TraceSample(1): True/True/False;
29/01/21;16:35:34.002;INFO;Controller;Activity ExecRobotTask ended. Return value: Done True/True/False;
29/01/21;16:35:34.002;INFO;Controller;State = Ready;
29/01/21;16:35:36.847;INFO;Server;Command: ExecRobotTask (Initialize,500000);
29/01/21;16:35:36.848;INFO;Controller;Executing asynchronous activity: ExecRobotTask;
29/01/21;16:35:36.848;INFO;Controller;Status = Executing: Initialize;
29/01/21;16:35:36.848;INFO;Controller;State = Running;
29/01/21;16:35:37.215;INFO;Robot Runtime;executing:    Initialize;
29/01/21;16:35:37.291;INFO;Controller;Activity ExecRobotTask ended. Return value: Done;
29/01/21;16:35:37.292;INFO;Controller;State = Ready;
29/01/21;16:35:37.301;INFO;Server;Command: ExecRobotTask (Unload,500000);
29/01/21;16:35:37.301;INFO;Controller;Executing asynchronous activity: ExecRobotTask;
29/01/21;16:35:37.301;INFO;Controller;Status = Executing: Unload;
29/01/21;16:35:37.301;INFO;Controller;State = Running;
29/01/21;16:35:37.674;INFO;Robot Runtime;executing:    Unload;
29/01/21;16:35:37.700;INFO;Robot Runtime;TraceSample(1): True/True/False;
29/01/21;16:35:47.796;INFO;Robot Runtime;TraceSample(1): True/False/True;
29/01/21;16:35:48.008;INFO;Controller;Activity ExecRobotTask ended. Return value: Done True/False/True;
29/01/21;16:35:48.009;INFO;Controller;State = Ready;
29/01/21;16:35:48.182;INFO;Server;Command: ExecRobotTask (Initialize,500000);
29/01/21;16:35:48.182;INFO;Controller;Executing asynchronous activity: ExecRobotTask;
29/01/21;16:35:48.183;INFO;Controller;Status = Executing: Initialize;
29/01/21;16:35:48.183;INFO;Controller;State = Running;
29/01/21;16:35:48.551;INFO;Robot Runtime;executing:    Initialize;
29/01/21;16:35:48.810;INFO;Controller;Activity ExecRobotTask ended. Return value: Done;
29/01/21;16:35:48.811;INFO;Controller;State = Ready;
29/01/21;16:35:48.821;INFO;Server;Command: ExecRobotTask (Load,500000);
29/01/21;16:35:48.821;INFO;Controller;Executing asynchronous activity: ExecRobotTask;
29/01/21;16:35:48.822;INFO;Controller;Status = Executing: Load;
29/01/21;16:35:48.822;INFO;Controller;State = Running;
29/01/21;16:35:49.188;INFO;Robot Runtime;executing:    Load;
29/01/21;16:35:49.215;INFO;Robot Runtime;TraceSample(2): True/False/True;
29/01/21;16:36:01.253;INFO;Robot Runtime;TraceSample(2): True/True/False;
29/01/21;16:36:01.511;INFO;Controller;Activity ExecRobotTask ended. Return value: Done True/True/False;
29/01/21;16:36:01.511;INFO;Controller;State = Ready;
29/01/21;16:37:48.719;INFO;Server;Command: ExecRobotTask (Initialize,500000);
29/01/21;16:37:48.719;INFO;Controller;Executing asynchronous activity: ExecRobotTask;
29/01/21;16:37:48.720;INFO;Controller;Status = Executing: Initialize;
29/01/21;16:37:48.720;INFO;Controller;State = Running;
29/01/21;16:37:49.094;INFO;Robot Runtime;executing:    Initialize;
29/01/21;16:37:49.326;INFO;Controller;Activity ExecRobotTask ended. Return value: Done;
29/01/21;16:37:49.327;INFO;Controller;State = Ready;
29/01/21;16:37:49.338;INFO;Server;Command: ExecRobotTask (Unload,500000);
29/01/21;16:37:49.338;INFO;Controller;Executing asynchronous activity: ExecRobotTask;
29/01/21;16:37:49.338;INFO;Controller;Status = Executing: Unload;
29/01/21;16:37:49.338;INFO;Controller;State = Running;
29/01/21;16:37:49.709;INFO;Robot Runtime;executing:    Unload;
29/01/21;16:37:49.740;INFO;Robot Runtime;TraceSample(2): True/True/False;
29/01/21;16:37:59.985;INFO;Robot Runtime;TraceSample(2): True/False/True;
29/01/21;16:38:00.267;INFO;Controller;Activity ExecRobotTask ended. Return value: Done True/False/True;
29/01/21;16:38:00.267;INFO;Controller;State = Ready;
29/01/21;16:39:27.855;INFO;Server;Command: ExecRobotTask (Initialize,500000);
29/01/21;16:39:27.856;INFO;Controller;Executing asynchronous activity: ExecRobotTask;
29/01/21;16:39:27.856;INFO;Controller;Status = Executing: Initialize;
29/01/21;16:39:27.856;INFO;Controller;State = Running;
29/01/21;16:39:28.222;INFO;Robot Runtime;executing:    Initialize;
29/01/21;16:39:28.512;INFO;Controller;Activity ExecRobotTask ended. Return value: Done;
29/01/21;16:39:28.512;INFO;Controller;State = Ready;
29/01/21;16:39:28.534;INFO;Server;Command: ExecRobotTask (Load,500000);
29/01/21;16:39:28.534;INFO;Controller;Executing asynchronous activity: ExecRobotTask;
29/01/21;16:39:28.534;INFO;Controller;Status = Executing: Load;
29/01/21;16:39:28.534;INFO;Controller;State = Running;
29/01/21;16:39:28.902;INFO;Robot Runtime;executing:    Load;
29/01/21;16:39:28.932;INFO;Robot Runtime;TraceSample(1): True/False/True;
29/01/21;16:39:40.589;INFO;Robot Runtime;TraceSample(1): True/True/False;
29/01/21;16:39:40.690;INFO;Controller;Activity ExecRobotTask ended. Return value: Done True/True/False;
29/01/21;16:39:40.690;INFO;Controller;State = Ready;
29/01/21;16:44:51.153;INFO;Server;Command: ExecRobotTask (Initialize,500000);
29/01/21;16:44:51.153;INFO;Controller;Executing asynchronous activity: ExecRobotTask;
29/01/21;16:44:51.153;INFO;Controller;Status = Executing: Initialize;
29/01/21;16:44:51.153;INFO;Controller;State = Running;
29/01/21;16:44:51.526;INFO;Robot Runtime;executing:    Initialize;
29/01/21;16:44:51.632;INFO;Controller;Activity ExecRobotTask ended. Return value: Done;
29/01/21;16:44:51.632;INFO;Controller;State = Ready;
29/01/21;16:44:51.640;INFO;Server;Command: ExecRobotTask (Unload,500000);
29/01/21;16:44:51.640;INFO;Controller;Executing asynchronous activity: ExecRobotTask;
29/01/21;16:44:51.640;INFO;Controller;Status = Executing: Unload;
29/01/21;16:44:51.640;INFO;Controller;State = Running;
29/01/21;16:44:52.013;INFO;Robot Runtime;executing:    Unload;
29/01/21;16:44:52.040;INFO;Robot Runtime;TraceSample(1): True/True/False;
29/01/21;16:45:02.156;INFO;Robot Runtime;TraceSample(1): True/False/True;
29/01/21;16:45:02.353;INFO;Controller;Activity ExecRobotTask ended. Return value: Done True/False/True;
29/01/21;16:45:02.354;INFO;Controller;State = Ready;
29/01/21;16:45:10.960;INFO;Server;Command: ExecRobotTask (Initialize,500000);
29/01/21;16:45:10.960;INFO;Controller;Executing asynchronous activity: ExecRobotTask;
29/01/21;16:45:10.960;INFO;Controller;Status = Executing: Initialize;
29/01/21;16:45:10.960;INFO;Controller;State = Running;
29/01/21;16:45:11.330;INFO;Robot Runtime;executing:    Initialize;
29/01/21;16:45:11.578;INFO;Controller;Activity ExecRobotTask ended. Return value: Done;
29/01/21;16:45:11.579;INFO;Controller;State = Ready;
29/01/21;16:45:11.587;INFO;Server;Command: ExecRobotTask (Load,500000);
29/01/21;16:45:11.587;INFO;Controller;Executing asynchronous activity: ExecRobotTask;
29/01/21;16:45:11.587;INFO;Controller;Status = Executing: Load;
29/01/21;16:45:11.587;INFO;Controller;State = Running;
29/01/21;16:45:11.958;INFO;Robot Runtime;executing:    Load;
29/01/21;16:45:11.985;INFO;Robot Runtime;TraceSample(2): True/False/True;
29/01/21;16:45:24.291;INFO;Robot Runtime;TraceSample(2): True/True/False;
29/01/21;16:45:24.387;INFO;Controller;Activity ExecRobotTask ended. Return value: Done True/True/False;
29/01/21;16:45:24.388;INFO;Controller;State = Ready;
29/01/21;16:45:35.084;INFO;Server;Command: ExecRobotTask (Initialize,500000);
29/01/21;16:45:35.085;INFO;Controller;Executing asynchronous activity: ExecRobotTask;
29/01/21;16:45:35.085;INFO;Controller;Status = Executing: Initialize;
29/01/21;16:45:35.085;INFO;Controller;State = Running;
29/01/21;16:45:35.452;INFO;Robot Runtime;executing:    Initialize;
29/01/21;16:45:35.691;INFO;Controller;Activity ExecRobotTask ended. Return value: Done;
29/01/21;16:45:35.691;INFO;Controller;State = Ready;
29/01/21;16:45:35.702;INFO;Server;Command: ExecRobotTask (Unload,500000);
29/01/21;16:45:35.702;INFO;Controller;Executing asynchronous activity: ExecRobotTask;
29/01/21;16:45:35.702;INFO;Controller;Status = Executing: Unload;
29/01/21;16:45:35.703;INFO;Controller;State = Running;
29/01/21;16:45:36.072;INFO;Robot Runtime;executing:    Unload;
29/01/21;16:45:36.098;INFO;Robot Runtime;TraceSample(2): True/True/False;
29/01/21;16:45:46.197;INFO;Robot Runtime;TraceSample(2): True/False/True;
29/01/21;16:45:46.455;INFO;Controller;Activity ExecRobotTask ended. Return value: Done True/False/True;
29/01/21;16:45:46.455;INFO;Controller;State = Ready;
29/01/21;16:45:50.783;INFO;Server;Command: ExecRobotTask (Initialize,500000);
29/01/21;16:45:50.783;INFO;Controller;Executing asynchronous activity: ExecRobotTask;
29/01/21;16:45:50.783;INFO;Controller;Status = Executing: Initialize;
29/01/21;16:45:50.783;INFO;Controller;State = Running;
29/01/21;16:45:51.152;INFO;Robot Runtime;executing:    Initialize;
29/01/21;16:45:51.405;INFO;Controller;Activity ExecRobotTask ended. Return value: Done;
29/01/21;16:45:51.405;INFO;Controller;State = Ready;
29/01/21;16:45:51.420;INFO;Server;Command: ExecRobotTask (Load,500000);
29/01/21;16:45:51.420;INFO;Controller;Executing asynchronous activity: ExecRobotTask;
29/01/21;16:45:51.420;INFO;Controller;Status = Executing: Load;
29/01/21;16:45:51.420;INFO;Controller;State = Running;
29/01/21;16:45:51.791;INFO;Robot Runtime;executing:    Load;
29/01/21;16:45:51.817;INFO;Robot Runtime;TraceSample(3): True/False/True;
29/01/21;16:46:03.646;INFO;Robot Runtime;TraceSample(3): True/True/False;
29/01/21;16:46:03.718;INFO;Controller;Activity ExecRobotTask ended. Return value: Done True/True/False;
29/01/21;16:46:03.718;INFO;Controller;State = Ready;
29/01/21;16:46:14.057;INFO;Server;Command: ExecRobotTask (Initialize,500000);
29/01/21;16:46:14.057;INFO;Controller;Executing asynchronous activity: ExecRobotTask;
29/01/21;16:46:14.057;INFO;Controller;Status = Executing: Initialize;
29/01/21;16:46:14.057;INFO;Controller;State = Running;
29/01/21;16:46:14.422;INFO;Robot Runtime;executing:    Initialize;
29/01/21;16:46:14.506;INFO;Controller;Activity ExecRobotTask ended. Return value: Done;
29/01/21;16:46:14.506;INFO;Controller;State = Ready;
29/01/21;16:46:14.515;INFO;Server;Command: ExecRobotTask (Unload,500000);
29/01/21;16:46:14.515;INFO;Controller;Executing asynchronous activity: ExecRobotTask;
29/01/21;16:46:14.515;INFO;Controller;Status = Executing: Unload;
29/01/21;16:46:14.515;INFO;Controller;State = Running;
29/01/21;16:46:14.887;INFO;Robot Runtime;executing:    Unload;
29/01/21;16:46:14.914;INFO;Robot Runtime;TraceSample(3): True/True/False;
29/01/21;16:46:25.343;INFO;Robot Runtime;TraceSample(3): True/False/True;
29/01/21;16:46:25.443;INFO;Controller;Activity ExecRobotTask ended. Return value: Done True/False/True;
29/01/21;16:46:25.443;INFO;Controller;State = Ready;
29/01/21;16:51:01.521;INFO;Server;Command: ExecRobotTask (Initialize,500000);
29/01/21;16:51:01.521;INFO;Controller;Executing asynchronous activity: ExecRobotTask;
29/01/21;16:51:01.521;INFO;Controller;Status = Executing: Initialize;
29/01/21;16:51:01.521;INFO;Controller;State = Running;
29/01/21;16:51:01.885;INFO;Robot Runtime;executing:    Initialize;
29/01/21;16:51:02.000;INFO;Controller;Activity ExecRobotTask ended. Return value: Done;
29/01/21;16:51:02.000;INFO;Controller;State = Ready;
29/01/21;16:51:02.035;INFO;Server;Command: ExecRobotTask (Home,500000);
29/01/21;16:51:02.035;INFO;Controller;Executing asynchronous activity: ExecRobotTask;
29/01/21;16:51:02.035;INFO;Controller;Status = Executing: Home;
29/01/21;16:51:02.035;INFO;Controller;State = Running;
29/01/21;16:51:02.402;INFO;Robot Runtime;executing:    Home;
29/01/21;16:51:03.089;INFO;Controller;Activity ExecRobotTask ended. Return value: Done;
29/01/21;16:51:03.089;INFO;Controller;State = Ready;
29/01/21;16:51:03.280;INFO;Server;Command: ExecRobotTask (Initialize,500000);
29/01/21;16:51:03.280;INFO;Controller;Executing asynchronous activity: ExecRobotTask;
29/01/21;16:51:03.280;INFO;Controller;Status = Executing: Initialize;
29/01/21;16:51:03.280;INFO;Controller;State = Running;
29/01/21;16:51:03.649;INFO;Robot Runtime;executing:    Initialize;
29/01/21;16:51:03.754;INFO;Controller;Activity ExecRobotTask ended. Return value: Done;
29/01/21;16:51:03.755;INFO;Controller;State = Ready;
29/01/21;16:51:03.764;INFO;Server;Command: ExecRobotTask (Load,500000);
29/01/21;16:51:03.764;INFO;Controller;Executing asynchronous activity: ExecRobotTask;
29/01/21;16:51:03.764;INFO;Controller;Status = Executing: Load;
29/01/21;16:51:03.764;INFO;Controller;State = Running;
29/01/21;16:51:04.136;INFO;Robot Runtime;executing:    Load;
29/01/21;16:51:04.163;INFO;Robot Runtime;TraceSample(1): True/False/True;
29/01/21;16:51:16.745;INFO;Robot Runtime;TraceSample(1): True/True/False;
29/01/21;16:51:17.033;INFO;Controller;Activity ExecRobotTask ended. Return value: Done True/True/False;
29/01/21;16:51:17.033;INFO;Controller;State = Ready;
29/01/21;16:51:18.269;INFO;Server;Command: ExecRobotTask (Initialize,500000);
29/01/21;16:51:18.269;INFO;Controller;Executing asynchronous activity: ExecRobotTask;
29/01/21;16:51:18.269;INFO;Controller;Status = Executing: Initialize;
29/01/21;16:51:18.269;INFO;Controller;State = Running;
29/01/21;16:51:18.637;INFO;Robot Runtime;executing:    Initialize;
29/01/21;16:51:18.753;INFO;Controller;Activity ExecRobotTask ended. Return value: Done;
29/01/21;16:51:18.754;INFO;Controller;State = Ready;
29/01/21;16:51:18.765;INFO;Server;Command: ExecRobotTask (Unload,500000);
29/01/21;16:51:18.765;INFO;Controller;Executing asynchronous activity: ExecRobotTask;
29/01/21;16:51:18.765;INFO;Controller;Status = Executing: Unload;
29/01/21;16:51:18.765;INFO;Controller;State = Running;
29/01/21;16:51:19.138;INFO;Robot Runtime;executing:    Unload;
29/01/21;16:51:19.165;INFO;Robot Runtime;TraceSample(1): True/True/False;
29/01/21;16:51:29.213;INFO;Robot Runtime;TraceSample(1): True/False/True;
29/01/21;16:51:29.464;INFO;Controller;Activity ExecRobotTask ended. Return value: Done True/False/True;
29/01/21;16:51:29.464;INFO;Controller;State = Ready;
29/01/21;16:51:29.629;INFO;Server;Command: ExecRobotTask (Initialize,500000);
29/01/21;16:51:29.630;INFO;Controller;Executing asynchronous activity: ExecRobotTask;
29/01/21;16:51:29.630;INFO;Controller;Status = Executing: Initialize;
29/01/21;16:51:29.630;INFO;Controller;State = Running;
29/01/21;16:51:29.997;INFO;Robot Runtime;executing:    Initialize;
29/01/21;16:51:30.261;INFO;Controller;Activity ExecRobotTask ended. Return value: Done;
29/01/21;16:51:30.261;INFO;Controller;State = Ready;
29/01/21;16:51:30.277;INFO;Server;Command: ExecRobotTask (Load,500000);
29/01/21;16:51:30.277;INFO;Controller;Executing asynchronous activity: ExecRobotTask;
29/01/21;16:51:30.277;INFO;Controller;Status = Executing: Load;
29/01/21;16:51:30.277;INFO;Controller;State = Running;
29/01/21;16:51:30.648;INFO;Robot Runtime;executing:    Load;
29/01/21;16:51:30.675;INFO;Robot Runtime;TraceSample(2): True/False/True;
29/01/21;16:51:42.691;INFO;Robot Runtime;TraceSample(2): True/True/False;
29/01/21;16:51:42.767;INFO;Controller;Activity ExecRobotTask ended. Return value: Done True/True/False;
29/01/21;16:51:42.767;INFO;Controller;State = Ready;
29/01/21;16:51:44.046;INFO;Server;Command: ExecRobotTask (Initialize,500000);
29/01/21;16:51:44.046;INFO;Controller;Executing asynchronous activity: ExecRobotTask;
29/01/21;16:51:44.046;INFO;Controller;Status = Executing: Initialize;
29/01/21;16:51:44.046;INFO;Controller;State = Running;
29/01/21;16:51:44.414;INFO;Robot Runtime;executing:    Initialize;
29/01/21;16:51:44.653;INFO;Controller;Activity ExecRobotTask ended. Return value: Done;
29/01/21;16:51:44.653;INFO;Controller;State = Ready;
29/01/21;16:51:44.667;INFO;Server;Command: ExecRobotTask (Unload,500000);
29/01/21;16:51:44.667;INFO;Controller;Executing asynchronous activity: ExecRobotTask;
29/01/21;16:51:44.667;INFO;Controller;Status = Executing: Unload;
29/01/21;16:51:44.667;INFO;Controller;State = Running;
29/01/21;16:51:45.038;INFO;Robot Runtime;executing:    Unload;
29/01/21;16:51:45.064;INFO;Robot Runtime;TraceSample(2): True/True/False;
29/01/21;16:51:55.346;INFO;Robot Runtime;TraceSample(2): True/False/True;
29/01/21;16:51:55.568;INFO;Controller;Activity ExecRobotTask ended. Return value: Done True/False/True;
29/01/21;16:51:55.568;INFO;Controller;State = Ready;
29/01/21;16:52:16.429;INFO;Server;Command: ExecRobotTask (Initialize,500000);
29/01/21;16:52:16.429;INFO;Controller;Executing asynchronous activity: ExecRobotTask;
29/01/21;16:52:16.429;INFO;Controller;Status = Executing: Initialize;
29/01/21;16:52:16.429;INFO;Controller;State = Running;
29/01/21;16:52:16.792;INFO;Robot Runtime;executing:    Initialize;
29/01/21;16:52:17.071;INFO;Controller;Activity ExecRobotTask ended. Return value: Done;
29/01/21;16:52:17.071;INFO;Controller;State = Ready;
29/01/21;16:52:17.081;INFO;Server;Command: ExecRobotTask (Load,500000);
29/01/21;16:52:17.081;INFO;Controller;Executing asynchronous activity: ExecRobotTask;
29/01/21;16:52:17.081;INFO;Controller;Status = Executing: Load;
29/01/21;16:52:17.081;INFO;Controller;State = Running;
29/01/21;16:52:17.453;INFO;Robot Runtime;executing:    Load;
29/01/21;16:52:17.479;INFO;Robot Runtime;TraceSample(1): True/False/True;
29/01/21;16:52:29.333;INFO;Robot Runtime;TraceSample(1): True/True/False;
29/01/21;16:52:29.422;INFO;Controller;Activity ExecRobotTask ended. Return value: Done True/True/False;
29/01/21;16:52:29.423;INFO;Controller;State = Ready;
29/01/21;16:56:01.618;INFO;Server;Command: ExecRobotTask (Initialize,500000);
29/01/21;16:56:01.619;INFO;Controller;Executing asynchronous activity: ExecRobotTask;
29/01/21;16:56:01.619;INFO;Controller;Status = Executing: Initialize;
29/01/21;16:56:01.619;INFO;Controller;State = Running;
29/01/21;16:56:01.990;INFO;Robot Runtime;executing:    Initialize;
29/01/21;16:56:02.281;INFO;Controller;Activity ExecRobotTask ended. Return value: Done;
29/01/21;16:56:02.281;INFO;Controller;State = Ready;
29/01/21;16:56:02.297;INFO;Server;Command: ExecRobotTask (Unload,500000);
29/01/21;16:56:02.297;INFO;Controller;Executing asynchronous activity: ExecRobotTask;
29/01/21;16:56:02.298;INFO;Controller;Status = Executing: Unload;
29/01/21;16:56:02.298;INFO;Controller;State = Running;
29/01/21;16:56:02.668;INFO;Robot Runtime;executing:    Unload;
29/01/21;16:56:02.695;INFO;Robot Runtime;TraceSample(1): True/True/False;
29/01/21;16:56:12.620;INFO;Robot Runtime;TraceSample(1): True/False/True;
29/01/21;16:56:12.896;INFO;Controller;Activity ExecRobotTask ended. Return value: Done True/False/True;
29/01/21;16:56:12.897;INFO;Controller;State = Ready;
29/01/21;16:56:30.755;INFO;Server;Command: ExecRobotTask (Initialize,500000);
29/01/21;16:56:30.755;INFO;Controller;Executing asynchronous activity: ExecRobotTask;
29/01/21;16:56:30.756;INFO;Controller;Status = Executing: Initialize;
29/01/21;16:56:30.756;INFO;Controller;State = Running;
29/01/21;16:56:31.126;INFO;Robot Runtime;executing:    Initialize;
29/01/21;16:56:31.403;INFO;Controller;Activity ExecRobotTask ended. Return value: Done;
29/01/21;16:56:31.403;INFO;Controller;State = Ready;
29/01/21;16:56:31.434;INFO;Server;Command: ExecRobotTask (Home,500000);
29/01/21;16:56:31.435;INFO;Controller;Executing asynchronous activity: ExecRobotTask;
29/01/21;16:56:31.435;INFO;Controller;Status = Executing: Home;
29/01/21;16:56:31.435;INFO;Controller;State = Running;
29/01/21;16:56:31.802;INFO;Robot Runtime;executing:    Home;
29/01/21;16:56:32.637;INFO;Controller;Activity ExecRobotTask ended. Return value: Done;
29/01/21;16:56:32.637;INFO;Controller;State = Ready;
29/01/21;16:56:32.814;INFO;Server;Command: ExecRobotTask (Initialize,500000);
29/01/21;16:56:32.814;INFO;Controller;Executing asynchronous activity: ExecRobotTask;
29/01/21;16:56:32.814;INFO;Controller;Status = Executing: Initialize;
29/01/21;16:56:32.814;INFO;Controller;State = Running;
29/01/21;16:56:33.183;INFO;Robot Runtime;executing:    Initialize;
29/01/21;16:56:33.441;INFO;Controller;Activity ExecRobotTask ended. Return value: Done;
29/01/21;16:56:33.441;INFO;Controller;State = Ready;
29/01/21;16:56:33.451;INFO;Server;Command: ExecRobotTask (Load,500000);
29/01/21;16:56:33.452;INFO;Controller;Executing asynchronous activity: ExecRobotTask;
29/01/21;16:56:33.452;INFO;Controller;Status = Executing: Load;
29/01/21;16:56:33.452;INFO;Controller;State = Running;
29/01/21;16:56:33.821;INFO;Robot Runtime;executing:    Load;
29/01/21;16:56:33.847;INFO;Robot Runtime;TraceSample(1): True/False/True;
29/01/21;16:56:46.169;INFO;Robot Runtime;TraceSample(1): True/True/False;
29/01/21;16:56:46.453;INFO;Controller;Activity ExecRobotTask ended. Return value: Done True/True/False;
29/01/21;16:56:46.453;INFO;Controller;State = Ready;
29/01/21;16:56:50.607;INFO;Server;Command: ExecRobotTask (Initialize,500000);
29/01/21;16:56:50.608;INFO;Controller;Executing asynchronous activity: ExecRobotTask;
29/01/21;16:56:50.608;INFO;Controller;Status = Executing: Initialize;
29/01/21;16:56:50.608;INFO;Controller;State = Running;
29/01/21;16:56:50.978;INFO;Robot Runtime;executing:    Initialize;
29/01/21;16:56:51.249;INFO;Controller;Activity ExecRobotTask ended. Return value: Done;
29/01/21;16:56:51.250;INFO;Controller;State = Ready;
29/01/21;16:56:51.256;INFO;Server;Command: ExecRobotTask (Unload,500000);
29/01/21;16:56:51.256;INFO;Controller;Executing asynchronous activity: ExecRobotTask;
29/01/21;16:56:51.256;INFO;Controller;Status = Executing: Unload;
29/01/21;16:56:51.256;INFO;Controller;State = Running;
29/01/21;16:56:51.628;INFO;Robot Runtime;executing:    Unload;
29/01/21;16:56:51.655;INFO;Robot Runtime;TraceSample(1): True/True/False;
29/01/21;16:57:01.698;INFO;Robot Runtime;TraceSample(1): True/False/True;
29/01/21;16:57:01.783;INFO;Controller;Activity ExecRobotTask ended. Return value: Done True/False/True;
29/01/21;16:57:01.783;INFO;Controller;State = Ready;
29/01/21;16:57:01.957;INFO;Server;Command: ExecRobotTask (Initialize,500000);
29/01/21;16:57:01.957;INFO;Controller;Executing asynchronous activity: ExecRobotTask;
29/01/21;16:57:01.957;INFO;Controller;Status = Executing: Initialize;
29/01/21;16:57:01.957;INFO;Controller;State = Running;
29/01/21;16:57:02.326;INFO;Robot Runtime;executing:    Initialize;
29/01/21;16:57:02.441;INFO;Controller;Activity ExecRobotTask ended. Return value: Done;
29/01/21;16:57:02.441;INFO;Controller;State = Ready;
29/01/21;16:57:02.456;INFO;Server;Command: ExecRobotTask (Load,500000);
29/01/21;16:57:02.456;INFO;Controller;Executing asynchronous activity: ExecRobotTask;
29/01/21;16:57:02.456;INFO;Controller;Status = Executing: Load;
29/01/21;16:57:02.456;INFO;Controller;State = Running;
29/01/21;16:57:02.829;INFO;Robot Runtime;executing:    Load;
29/01/21;16:57:02.855;INFO;Robot Runtime;TraceSample(2): True/False/True;
29/01/21;16:57:14.757;INFO;Robot Runtime;TraceSample(2): True/True/False;
29/01/21;16:57:14.853;INFO;Controller;Activity ExecRobotTask ended. Return value: Done True/True/False;
29/01/21;16:57:14.853;INFO;Controller;State = Ready;
29/01/21;16:57:16.030;INFO;Server;Command: ExecRobotTask (Initialize,500000);
29/01/21;16:57:16.030;INFO;Controller;Executing asynchronous activity: ExecRobotTask;
29/01/21;16:57:16.031;INFO;Controller;Status = Executing: Initialize;
29/01/21;16:57:16.031;INFO;Controller;State = Running;
29/01/21;16:57:16.397;INFO;Robot Runtime;executing:    Initialize;
29/01/21;16:57:16.510;INFO;Controller;Activity ExecRobotTask ended. Return value: Done;
29/01/21;16:57:16.510;INFO;Controller;State = Ready;
29/01/21;16:57:16.527;INFO;Server;Command: ExecRobotTask (Unload,500000);
29/01/21;16:57:16.527;INFO;Controller;Executing asynchronous activity: ExecRobotTask;
29/01/21;16:57:16.527;INFO;Controller;Status = Executing: Unload;
29/01/21;16:57:16.527;INFO;Controller;State = Running;
29/01/21;16:57:16.897;INFO;Robot Runtime;executing:    Unload;
29/01/21;16:57:16.929;INFO;Robot Runtime;TraceSample(2): True/True/False;
29/01/21;16:57:26.835;INFO;Robot Runtime;TraceSample(2): True/False/True;
29/01/21;16:57:27.073;INFO;Controller;Activity ExecRobotTask ended. Return value: Done True/False/True;
29/01/21;16:57:27.073;INFO;Controller;State = Ready;
29/01/21;20:11:18.499;INFO;Server;Command: ExecRobotTask (Initialize,500000);
29/01/21;20:11:18.500;INFO;Controller;Executing asynchronous activity: ExecRobotTask;
29/01/21;20:11:18.500;INFO;Controller;Status = Executing: Initialize;
29/01/21;20:11:18.500;INFO;Controller;State = Running;
29/01/21;20:11:18.881;INFO;Robot Runtime;executing:    Initialize;
29/01/21;20:11:19.015;INFO;Controller;Activity ExecRobotTask ended. Return value: Done;
29/01/21;20:11:19.015;INFO;Controller;State = Ready;
29/01/21;20:11:19.041;INFO;Server;Command: ExecRobotTask (Home,500000);
29/01/21;20:11:19.042;INFO;Controller;Executing asynchronous activity: ExecRobotTask;
29/01/21;20:11:19.042;INFO;Controller;Status = Executing: Home;
29/01/21;20:11:19.042;INFO;Controller;State = Running;
29/01/21;20:11:19.409;INFO;Robot Runtime;executing:    Home;
29/01/21;20:11:20.104;INFO;Controller;Activity ExecRobotTask ended. Return value: Done;
29/01/21;20:11:20.104;INFO;Controller;State = Ready;
29/01/21;20:11:20.285;INFO;Server;Command: ExecRobotTask (Initialize,500000);
29/01/21;20:11:20.285;INFO;Controller;Executing asynchronous activity: ExecRobotTask;
29/01/21;20:11:20.285;INFO;Controller;Status = Executing: Initialize;
29/01/21;20:11:20.285;INFO;Controller;State = Running;
29/01/21;20:11:20.655;INFO;Robot Runtime;executing:    Initialize;
29/01/21;20:11:20.764;INFO;Controller;Activity ExecRobotTask ended. Return value: Done;
29/01/21;20:11:20.764;INFO;Controller;State = Ready;
29/01/21;20:11:20.777;INFO;Server;Command: ExecRobotTask (Load,500000);
29/01/21;20:11:20.777;INFO;Controller;Executing asynchronous activity: ExecRobotTask;
29/01/21;20:11:20.777;INFO;Controller;Status = Executing: Load;
29/01/21;20:11:20.777;INFO;Controller;State = Running;
29/01/21;20:11:21.148;INFO;Robot Runtime;executing:    Load;
29/01/21;20:11:21.178;INFO;Robot Runtime;TraceSample(1): True/False/True;
29/01/21;20:11:33.754;INFO;Robot Runtime;TraceSample(1): True/True/False;
29/01/21;20:11:34.036;INFO;Controller;Activity ExecRobotTask ended. Return value: Done True/True/False;
29/01/21;20:11:34.037;INFO;Controller;State = Ready;
29/01/21;20:11:36.207;INFO;Server;Command: ExecRobotTask (Initialize,500000);
29/01/21;20:11:36.207;INFO;Controller;Executing asynchronous activity: ExecRobotTask;
29/01/21;20:11:36.208;INFO;Controller;Status = Executing: Initialize;
29/01/21;20:11:36.208;INFO;Controller;State = Running;
29/01/21;20:11:36.576;INFO;Robot Runtime;executing:    Initialize;
29/01/21;20:11:36.845;INFO;Controller;Activity ExecRobotTask ended. Return value: Done;
29/01/21;20:11:36.845;INFO;Controller;State = Ready;
29/01/21;20:11:36.862;INFO;Server;Command: ExecRobotTask (Unload,500000);
29/01/21;20:11:36.862;INFO;Controller;Executing asynchronous activity: ExecRobotTask;
29/01/21;20:11:36.862;INFO;Controller;Status = Executing: Unload;
29/01/21;20:11:36.863;INFO;Controller;State = Running;
29/01/21;20:11:37.237;INFO;Robot Runtime;executing:    Unload;
29/01/21;20:11:37.264;INFO;Robot Runtime;TraceSample(1): True/True/False;
29/01/21;20:11:47.292;INFO;Robot Runtime;TraceSample(1): True/False/True;
29/01/21;20:11:47.383;INFO;Controller;Activity ExecRobotTask ended. Return value: Done True/False/True;
29/01/21;20:11:47.383;INFO;Controller;State = Ready;
29/01/21;20:11:47.556;INFO;Server;Command: ExecRobotTask (Initialize,500000);
29/01/21;20:11:47.556;INFO;Controller;Executing asynchronous activity: ExecRobotTask;
29/01/21;20:11:47.556;INFO;Controller;Status = Executing: Initialize;
29/01/21;20:11:47.556;INFO;Controller;State = Running;
29/01/21;20:11:47.924;INFO;Robot Runtime;executing:    Initialize;
29/01/21;20:11:48.045;INFO;Controller;Activity ExecRobotTask ended. Return value: Done;
29/01/21;20:11:48.045;INFO;Controller;State = Ready;
29/01/21;20:11:48.060;INFO;Server;Command: ExecRobotTask (Load,500000);
29/01/21;20:11:48.060;INFO;Controller;Executing asynchronous activity: ExecRobotTask;
29/01/21;20:11:48.060;INFO;Controller;Status = Executing: Load;
29/01/21;20:11:48.060;INFO;Controller;State = Running;
29/01/21;20:11:48.428;INFO;Robot Runtime;executing:    Load;
29/01/21;20:11:48.454;INFO;Robot Runtime;TraceSample(2): True/False/True;
29/01/21;20:12:00.362;INFO;Robot Runtime;TraceSample(2): True/True/False;
29/01/21;20:12:00.461;INFO;Controller;Activity ExecRobotTask ended. Return value: Done True/True/False;
29/01/21;20:12:00.462;INFO;Controller;State = Ready;
29/01/21;20:12:01.797;INFO;Server;Command: ExecRobotTask (Initialize,500000);
29/01/21;20:12:01.797;INFO;Controller;Executing asynchronous activity: ExecRobotTask;
29/01/21;20:12:01.797;INFO;Controller;Status = Executing: Initialize;
29/01/21;20:12:01.797;INFO;Controller;State = Running;
29/01/21;20:12:02.164;INFO;Robot Runtime;executing:    Initialize;
29/01/21;20:12:02.267;INFO;Controller;Activity ExecRobotTask ended. Return value: Done;
29/01/21;20:12:02.267;INFO;Controller;State = Ready;
29/01/21;20:12:02.279;INFO;Server;Command: ExecRobotTask (Unload,500000);
29/01/21;20:12:02.280;INFO;Controller;Executing asynchronous activity: ExecRobotTask;
29/01/21;20:12:02.280;INFO;Controller;Status = Executing: Unload;
29/01/21;20:12:02.280;INFO;Controller;State = Running;
29/01/21;20:12:02.650;INFO;Robot Runtime;executing:    Unload;
29/01/21;20:12:02.676;INFO;Robot Runtime;TraceSample(2): True/True/False;
29/01/21;20:12:12.783;INFO;Robot Runtime;TraceSample(2): True/False/True;
29/01/21;20:12:12.883;INFO;Controller;Activity ExecRobotTask ended. Return value: Done True/False/True;
29/01/21;20:12:12.884;INFO;Controller;State = Ready;
29/01/21;20:12:13.053;INFO;Server;Command: ExecRobotTask (Initialize,500000);
29/01/21;20:12:13.053;INFO;Controller;Executing asynchronous activity: ExecRobotTask;
29/01/21;20:12:13.053;INFO;Controller;Status = Executing: Initialize;
29/01/21;20:12:13.053;INFO;Controller;State = Running;
29/01/21;20:12:13.421;INFO;Robot Runtime;executing:    Initialize;
29/01/21;20:12:13.543;INFO;Controller;Activity ExecRobotTask ended. Return value: Done;
29/01/21;20:12:13.543;INFO;Controller;State = Ready;
29/01/21;20:12:13.559;INFO;Server;Command: ExecRobotTask (Load,500000);
29/01/21;20:12:13.559;INFO;Controller;Executing asynchronous activity: ExecRobotTask;
29/01/21;20:12:13.559;INFO;Controller;Status = Executing: Load;
29/01/21;20:12:13.559;INFO;Controller;State = Running;
29/01/21;20:12:13.930;INFO;Robot Runtime;executing:    Load;
29/01/21;20:12:13.957;INFO;Robot Runtime;TraceSample(5): True/False/True;
29/01/21;20:12:25.859;INFO;Robot Runtime;TraceSample(5): True/True/False;
29/01/21;20:12:26.050;INFO;Controller;Activity ExecRobotTask ended. Return value: Done True/True/False;
29/01/21;20:12:26.050;INFO;Controller;State = Ready;
29/01/21;20:12:27.150;INFO;Server;Command: ExecRobotTask (Initialize,500000);
29/01/21;20:12:27.150;INFO;Controller;Executing asynchronous activity: ExecRobotTask;
29/01/21;20:12:27.150;INFO;Controller;Status = Executing: Initialize;
29/01/21;20:12:27.150;INFO;Controller;State = Running;
29/01/21;20:12:27.515;INFO;Robot Runtime;executing:    Initialize;
29/01/21;20:12:27.625;INFO;Controller;Activity ExecRobotTask ended. Return value: Done;
29/01/21;20:12:27.625;INFO;Controller;State = Ready;
29/01/21;20:12:27.645;INFO;Server;Command: ExecRobotTask (Unload,500000);
29/01/21;20:12:27.645;INFO;Controller;Executing asynchronous activity: ExecRobotTask;
29/01/21;20:12:27.646;INFO;Controller;Status = Executing: Unload;
29/01/21;20:12:27.646;INFO;Controller;State = Running;
29/01/21;20:12:28.017;INFO;Robot Runtime;executing:    Unload;
29/01/21;20:12:28.043;INFO;Robot Runtime;TraceSample(5): True/True/False;
29/01/21;20:12:38.362;INFO;Robot Runtime;TraceSample(5): True/False/True;
29/01/21;20:12:38.615;INFO;Controller;Activity ExecRobotTask ended. Return value: Done True/False/True;
29/01/21;20:12:38.615;INFO;Controller;State = Ready;
29/01/21;20:12:38.800;INFO;Server;Command: ExecRobotTask (Initialize,500000);
29/01/21;20:12:38.800;INFO;Controller;Executing asynchronous activity: ExecRobotTask;
29/01/21;20:12:38.800;INFO;Controller;Status = Executing: Initialize;
29/01/21;20:12:38.800;INFO;Controller;State = Running;
29/01/21;20:12:39.164;INFO;Robot Runtime;executing:    Initialize;
29/01/21;20:12:39.421;INFO;Controller;Activity ExecRobotTask ended. Return value: Done;
29/01/21;20:12:39.422;INFO;Controller;State = Ready;
29/01/21;20:12:39.440;INFO;Server;Command: ExecRobotTask (Load,500000);
29/01/21;20:12:39.441;INFO;Controller;Executing asynchronous activity: ExecRobotTask;
29/01/21;20:12:39.441;INFO;Controller;Status = Executing: Load;
29/01/21;20:12:39.441;INFO;Controller;State = Running;
29/01/21;20:12:39.811;INFO;Robot Runtime;executing:    Load;
29/01/21;20:12:39.837;INFO;Robot Runtime;TraceSample(6): True/False/True;
29/01/21;20:12:52.404;INFO;Robot Runtime;TraceSample(6): True/True/False;
29/01/21;20:12:52.602;INFO;Controller;Activity ExecRobotTask ended. Return value: Done True/True/False;
29/01/21;20:12:52.602;INFO;Controller;State = Ready;
29/01/21;20:13:01.251;INFO;Server;Command: ExecRobotTask (Initialize,500000);
29/01/21;20:13:01.252;INFO;Controller;Executing asynchronous activity: ExecRobotTask;
29/01/21;20:13:01.252;INFO;Controller;Status = Executing: Initialize;
29/01/21;20:13:01.252;INFO;Controller;State = Running;
29/01/21;20:13:01.618;INFO;Robot Runtime;executing:    Initialize;
29/01/21;20:13:01.745;INFO;Controller;Activity ExecRobotTask ended. Return value: Done;
29/01/21;20:13:01.745;INFO;Controller;State = Ready;
29/01/21;20:13:01.757;INFO;Server;Command: ExecRobotTask (Unload,500000);
29/01/21;20:13:01.757;INFO;Controller;Executing asynchronous activity: ExecRobotTask;
29/01/21;20:13:01.757;INFO;Controller;Status = Executing: Unload;
29/01/21;20:13:01.758;INFO;Controller;State = Running;
29/01/21;20:13:02.129;INFO;Robot Runtime;executing:    Unload;
29/01/21;20:13:02.155;INFO;Robot Runtime;TraceSample(6): True/True/False;
29/01/21;20:13:12.496;INFO;Robot Runtime;TraceSample(6): True/False/True;
29/01/21;20:13:12.736;INFO;Controller;Activity ExecRobotTask ended. Return value: Done True/False/True;
29/01/21;20:13:12.736;INFO;Controller;State = Ready;
