27/07/21;14:25:58.583;INFO;Server;Command: ExecRobotTask (Initialize,500000);
27/07/21;14:25:58.584;INFO;Controller;Executing asynchronous activity: ExecRobotTask;
27/07/21;14:25:58.584;INFO;Controller;Status = Executing: Initialize;
27/07/21;14:25:58.585;INFO;Controller;State = Running;
27/07/21;14:25:59.006;INFO;Robot Runtime;executing:    Initialize;
27/07/21;14:25:59.033;INFO;Robot Runtime;Robot is on hold or doing connection movement --- 2;
27/07/21;14:26:00.562;INFO;Controller;Activity ExecRobotTask ended. Return value: Done;
27/07/21;14:26:00.562;INFO;Controller;State = Ready;
27/07/21;14:26:00.590;INFO;Server;Command: ExecRobotTask (Unmount,500000);
27/07/21;14:26:00.591;INFO;Controller;Executing asynchronous activity: ExecRobotTask;
27/07/21;14:26:00.591;INFO;Controller;Status = Executing: Unmount;
27/07/21;14:26:00.591;INFO;Controller;State = Running;
27/07/21;14:26:00.970;INFO;Robot Runtime;executing:    Unmount;
27/07/21;14:26:00.997;INFO;Robot Runtime;TraceSample(2): True/False/True;
27/07/21;14:26:11.989;INFO;Robot Runtime;TraceSample(2): False/True/True;
27/07/21;14:26:12.295;INFO;Controller;Activity ExecRobotTask ended. Return value: Done False/True/True;
27/07/21;14:26:12.295;INFO;Controller;State = Ready;
27/07/21;14:26:26.084;INFO;Server;Command: ExecRobotTask (Initialize,500000);
27/07/21;14:26:26.085;INFO;Controller;Executing asynchronous activity: ExecRobotTask;
27/07/21;14:26:26.085;INFO;Controller;Status = Executing: Initialize;
27/07/21;14:26:26.085;INFO;Controller;State = Running;
27/07/21;14:26:26.449;INFO;Robot Runtime;executing:    Initialize;
27/07/21;14:26:26.746;INFO;Controller;Activity ExecRobotTask ended. Return value: Done;
27/07/21;14:26:26.746;INFO;Controller;State = Ready;
27/07/21;14:26:26.755;INFO;Server;Command: ExecRobotTask (Unload,500000);
27/07/21;14:26:26.755;INFO;Controller;Executing asynchronous activity: ExecRobotTask;
27/07/21;14:26:26.755;INFO;Controller;Status = Executing: Unload;
27/07/21;14:26:26.755;INFO;Controller;State = Running;
27/07/21;14:26:27.125;INFO;Robot Runtime;executing:    Unload;
27/07/21;14:26:27.151;INFO;Robot Runtime;TraceSample(4): False/True/False;
27/07/21;14:26:39.363;INFO;Robot Runtime;TraceSample(4): False/False/True;
27/07/21;14:26:39.582;INFO;Controller;Activity ExecRobotTask ended. Return value: Done False/False/True;
27/07/21;14:26:39.582;INFO;Controller;State = Ready;
27/07/21;14:26:53.400;INFO;Server;Command: ExecRobotTask (Initialize,500000);
27/07/21;14:26:53.400;INFO;Controller;Executing asynchronous activity: ExecRobotTask;
27/07/21;14:26:53.400;INFO;Controller;Status = Executing: Initialize;
27/07/21;14:26:53.400;INFO;Controller;State = Running;
27/07/21;14:26:53.763;INFO;Robot Runtime;executing:    Initialize;
27/07/21;14:26:53.904;INFO;Controller;Activity ExecRobotTask ended. Return value: Done;
27/07/21;14:26:53.904;INFO;Controller;State = Ready;
27/07/21;14:26:53.910;INFO;Server;Command: ExecRobotTask (Load,500000);
27/07/21;14:26:53.910;INFO;Controller;Executing asynchronous activity: ExecRobotTask;
27/07/21;14:26:53.910;INFO;Controller;Status = Executing: Load;
27/07/21;14:26:53.910;INFO;Controller;State = Running;
27/07/21;14:26:54.277;INFO;Robot Runtime;executing:    Load;
27/07/21;14:26:54.303;INFO;Robot Runtime;TraceSample(2): False/False/True;
27/07/21;14:27:06.261;INFO;Robot Runtime;TraceSample(2): False/True/False;
27/07/21;14:27:06.474;INFO;Controller;Activity ExecRobotTask ended. Return value: Done False/True/False;
27/07/21;14:27:06.475;INFO;Controller;State = Ready;
27/07/21;14:27:27.035;INFO;Server;Command: ExecRobotTask (Initialize,500000);
27/07/21;14:27:27.035;INFO;Controller;Executing asynchronous activity: ExecRobotTask;
27/07/21;14:27:27.035;INFO;Controller;Status = Executing: Initialize;
27/07/21;14:27:27.035;INFO;Controller;State = Running;
27/07/21;14:27:27.400;INFO;Robot Runtime;executing:    Initialize;
27/07/21;14:27:27.519;INFO;Controller;Activity ExecRobotTask ended. Return value: Done;
27/07/21;14:27:27.519;INFO;Controller;State = Ready;
27/07/21;14:27:27.525;INFO;Server;Command: ExecRobotTask (Mount,500000);
27/07/21;14:27:27.525;INFO;Controller;Executing asynchronous activity: ExecRobotTask;
27/07/21;14:27:27.525;INFO;Controller;Status = Executing: Mount;
27/07/21;14:27:27.525;INFO;Controller;State = Running;
27/07/21;14:27:27.888;INFO;Robot Runtime;executing:    Mount;
27/07/21;14:27:27.915;INFO;Robot Runtime;TraceSample(2): False/True/False;
27/07/21;14:27:36.964;INFO;Robot Runtime;TraceSample(2): True/False/False;
27/07/21;14:27:37.078;INFO;Controller;Activity ExecRobotTask ended. Return value: Done True/False/False;
27/07/21;14:27:37.078;INFO;Controller;State = Ready;
27/07/21;14:27:50.007;INFO;Server;Command: ExecRobotTask (Initialize,500000);
27/07/21;14:27:50.008;INFO;Controller;Executing asynchronous activity: ExecRobotTask;
27/07/21;14:27:50.008;INFO;Controller;Status = Executing: Initialize;
27/07/21;14:27:50.008;INFO;Controller;State = Running;
27/07/21;14:27:50.369;INFO;Robot Runtime;executing:    Initialize;
27/07/21;14:27:50.466;INFO;Controller;Activity ExecRobotTask ended. Return value: Done;
27/07/21;14:27:50.467;INFO;Controller;State = Ready;
27/07/21;14:27:50.475;INFO;Server;Command: ExecRobotTask (Unmount,500000);
27/07/21;14:27:50.475;INFO;Controller;Executing asynchronous activity: ExecRobotTask;
27/07/21;14:27:50.475;INFO;Controller;Status = Executing: Unmount;
27/07/21;14:27:50.475;INFO;Controller;State = Running;
27/07/21;14:27:50.841;INFO;Robot Runtime;executing:    Unmount;
27/07/21;14:27:50.868;INFO;Robot Runtime;TraceSample(2): True/False/False;
27/07/21;14:28:00.099;INFO;Robot Runtime;TraceSample(2): False/True/False;
27/07/21;14:28:00.323;INFO;Controller;Activity ExecRobotTask ended. Return value: Done False/True/False;
27/07/21;14:28:00.323;INFO;Controller;State = Ready;
27/07/21;14:28:27.933;INFO;Server;Command: ExecRobotTask (Initialize,500000);
27/07/21;14:28:27.933;INFO;Controller;Executing asynchronous activity: ExecRobotTask;
27/07/21;14:28:27.933;INFO;Controller;Status = Executing: Initialize;
27/07/21;14:28:27.933;INFO;Controller;State = Running;
27/07/21;14:28:28.298;INFO;Robot Runtime;executing:    Initialize;
27/07/21;14:28:28.437;INFO;Controller;Activity ExecRobotTask ended. Return value: Done;
27/07/21;14:28:28.437;INFO;Controller;State = Ready;
27/07/21;14:28:28.450;INFO;Server;Command: ExecRobotTask (Mount,500000);
27/07/21;14:28:28.450;INFO;Controller;Executing asynchronous activity: ExecRobotTask;
27/07/21;14:28:28.450;INFO;Controller;Status = Executing: Mount;
27/07/21;14:28:28.450;INFO;Controller;State = Running;
27/07/21;14:28:28.814;INFO;Robot Runtime;executing:    Mount;
27/07/21;14:28:28.841;INFO;Robot Runtime;TraceSample(2): False/True/False;
27/07/21;14:28:36.141;INFO;Robot Runtime;TraceSample(2): True/False/False;
27/07/21;14:28:36.384;INFO;Controller;Activity ExecRobotTask ended. Return value: Done True/False/False;
27/07/21;14:28:36.385;INFO;Controller;State = Ready;
27/07/21;15:27:46.257;INFO;Server;Command: ExecRobotTask (Initialize,500000);
27/07/21;15:27:46.257;INFO;Controller;Executing asynchronous activity: ExecRobotTask;
27/07/21;15:27:46.257;INFO;Controller;Status = Executing: Initialize;
27/07/21;15:27:46.257;INFO;Controller;State = Running;
27/07/21;15:27:46.627;INFO;Robot Runtime;executing:    Initialize;
27/07/21;15:27:46.756;INFO;Controller;Activity ExecRobotTask ended. Return value: Done;
27/07/21;15:27:46.756;INFO;Controller;State = Ready;
27/07/21;15:27:46.761;INFO;Server;Command: ExecRobotTask (Unload,500000);
27/07/21;15:27:46.761;INFO;Controller;Executing asynchronous activity: ExecRobotTask;
27/07/21;15:27:46.761;INFO;Controller;Status = Executing: Unload;
27/07/21;15:27:46.762;INFO;Controller;State = Running;
27/07/21;15:27:47.137;INFO;Robot Runtime;executing:    Unload;
27/07/21;15:27:47.164;INFO;Robot Runtime;TraceSample(2): True/False/False;
27/07/21;15:27:47.177;WARNING;Robot Runtime;Gripper is open;
27/07/21;15:27:47.260;INFO;Controller;Activity ExecRobotTask ended. Return value: ABORT: Gripper is open;
27/07/21;15:27:47.261;INFO;Controller;State = Ready;
27/07/21;15:28:10.329;INFO;Server;Command: ExecRobotTask (Initialize,500000);
27/07/21;15:28:10.329;INFO;Controller;Executing asynchronous activity: ExecRobotTask;
27/07/21;15:28:10.330;INFO;Controller;Status = Executing: Initialize;
27/07/21;15:28:10.330;INFO;Controller;State = Running;
27/07/21;15:28:10.695;INFO;Robot Runtime;executing:    Initialize;
27/07/21;15:28:10.950;INFO;Controller;Activity ExecRobotTask ended. Return value: Done;
27/07/21;15:28:10.950;INFO;Controller;State = Ready;
27/07/21;15:28:10.961;INFO;Server;Command: ExecRobotTask (Unmount,500000);
27/07/21;15:28:10.961;INFO;Controller;Executing asynchronous activity: ExecRobotTask;
27/07/21;15:28:10.961;INFO;Controller;Status = Executing: Unmount;
27/07/21;15:28:10.961;INFO;Controller;State = Running;
27/07/21;15:28:11.326;INFO;Robot Runtime;executing:    Unmount;
27/07/21;15:28:11.355;INFO;Robot Runtime;TraceSample(2): True/False/False;
27/07/21;15:28:20.591;INFO;Robot Runtime;TraceSample(2): False/True/False;
27/07/21;15:28:20.683;INFO;Controller;Activity ExecRobotTask ended. Return value: Done False/True/False;
27/07/21;15:28:20.683;INFO;Controller;State = Ready;
27/07/21;15:28:24.729;INFO;Server;Command: ExecRobotTask (Initialize,500000);
27/07/21;15:28:24.729;INFO;Controller;Executing asynchronous activity: ExecRobotTask;
27/07/21;15:28:24.729;INFO;Controller;Status = Executing: Initialize;
27/07/21;15:28:24.729;INFO;Controller;State = Running;
27/07/21;15:28:25.098;INFO;Robot Runtime;executing:    Initialize;
27/07/21;15:28:25.182;INFO;Controller;Activity ExecRobotTask ended. Return value: Done;
27/07/21;15:28:25.182;INFO;Controller;State = Ready;
27/07/21;15:28:25.190;INFO;Server;Command: ExecRobotTask (Unload,500000);
27/07/21;15:28:25.190;INFO;Controller;Executing asynchronous activity: ExecRobotTask;
27/07/21;15:28:25.191;INFO;Controller;Status = Executing: Unload;
27/07/21;15:28:25.191;INFO;Controller;State = Running;
27/07/21;15:28:25.560;INFO;Robot Runtime;executing:    Unload;
27/07/21;15:28:25.587;INFO;Robot Runtime;TraceSample(2): False/True/False;
27/07/21;15:28:37.549;INFO;Robot Runtime;TraceSample(2): False/False/True;
27/07/21;15:28:37.613;INFO;Controller;Activity ExecRobotTask ended. Return value: Done False/False/True;
27/07/21;15:28:37.613;INFO;Controller;State = Ready;
27/07/21;15:28:41.871;INFO;Server;Command: ExecRobotTask (Initialize,500000);
27/07/21;15:28:41.872;INFO;Controller;Executing asynchronous activity: ExecRobotTask;
27/07/21;15:28:41.872;INFO;Controller;Status = Executing: Initialize;
27/07/21;15:28:41.872;INFO;Controller;State = Running;
27/07/21;15:28:42.234;INFO;Robot Runtime;executing:    Initialize;
27/07/21;15:28:42.503;INFO;Controller;Activity ExecRobotTask ended. Return value: Done;
27/07/21;15:28:42.503;INFO;Controller;State = Ready;
27/07/21;15:28:42.513;INFO;Server;Command: ExecRobotTask (Load,500000);
27/07/21;15:28:42.513;INFO;Controller;Executing asynchronous activity: ExecRobotTask;
27/07/21;15:28:42.514;INFO;Controller;Status = Executing: Load;
27/07/21;15:28:42.514;INFO;Controller;State = Running;
27/07/21;15:28:42.883;INFO;Robot Runtime;executing:    Load;
27/07/21;15:28:42.909;INFO;Robot Runtime;TraceSample(4): False/False/True;
27/07/21;15:28:54.971;INFO;Robot Runtime;TraceSample(4): False/True/False;
27/07/21;15:28:55.162;INFO;Controller;Activity ExecRobotTask ended. Return value: Done False/True/False;
27/07/21;15:28:55.162;INFO;Controller;State = Ready;
27/07/21;15:28:59.072;INFO;Server;Command: ExecRobotTask (Initialize,500000);
27/07/21;15:28:59.072;INFO;Controller;Executing asynchronous activity: ExecRobotTask;
27/07/21;15:28:59.072;INFO;Controller;Status = Executing: Initialize;
27/07/21;15:28:59.072;INFO;Controller;State = Running;
27/07/21;15:28:59.433;INFO;Robot Runtime;executing:    Initialize;
27/07/21;15:28:59.663;INFO;Controller;Activity ExecRobotTask ended. Return value: Done;
27/07/21;15:28:59.663;INFO;Controller;State = Ready;
27/07/21;15:28:59.675;INFO;Server;Command: ExecRobotTask (Mount,500000);
27/07/21;15:28:59.676;INFO;Controller;Executing asynchronous activity: ExecRobotTask;
27/07/21;15:28:59.676;INFO;Controller;Status = Executing: Mount;
27/07/21;15:28:59.676;INFO;Controller;State = Running;
27/07/21;15:29:00.040;INFO;Robot Runtime;executing:    Mount;
27/07/21;15:29:00.067;INFO;Robot Runtime;TraceSample(4): False/True/False;
27/07/21;15:29:09.116;INFO;Robot Runtime;TraceSample(4): True/False/False;
27/07/21;15:29:09.222;INFO;Controller;Activity ExecRobotTask ended. Return value: Done True/False/False;
27/07/21;15:29:09.222;INFO;Controller;State = Ready;
27/07/21;16:06:50.879;INFO;Server;Command: ExecRobotTask (Initialize,500000);
27/07/21;16:06:50.879;INFO;Controller;Executing asynchronous activity: ExecRobotTask;
27/07/21;16:06:50.879;INFO;Controller;Status = Executing: Initialize;
27/07/21;16:06:50.879;INFO;Controller;State = Running;
27/07/21;16:06:51.268;INFO;Robot Runtime;executing:    Initialize;
27/07/21;16:06:51.561;INFO;Controller;Activity ExecRobotTask ended. Return value: Done;
27/07/21;16:06:51.561;INFO;Controller;State = Ready;
27/07/21;16:06:51.567;INFO;Server;Command: ExecRobotTask (Unmount,500000);
27/07/21;16:06:51.567;INFO;Controller;Executing asynchronous activity: ExecRobotTask;
27/07/21;16:06:51.567;INFO;Controller;Status = Executing: Unmount;
27/07/21;16:06:51.567;INFO;Controller;State = Running;
27/07/21;16:06:51.943;INFO;Robot Runtime;executing:    Unmount;
27/07/21;16:06:51.972;INFO;Robot Runtime;TraceSample(4): True/False/False;
27/07/21;16:07:01.208;INFO;Robot Runtime;TraceSample(4): False/True/False;
27/07/21;16:07:01.312;INFO;Controller;Activity ExecRobotTask ended. Return value: Done False/True/False;
27/07/21;16:07:01.312;INFO;Controller;State = Ready;
27/07/21;16:07:10.750;INFO;Server;Command: ExecRobotTask (Initialize,500000);
27/07/21;16:07:10.751;INFO;Controller;Executing asynchronous activity: ExecRobotTask;
27/07/21;16:07:10.751;INFO;Controller;Status = Executing: Initialize;
27/07/21;16:07:10.751;INFO;Controller;State = Running;
27/07/21;16:07:11.116;INFO;Robot Runtime;executing:    Initialize;
27/07/21;16:07:11.417;INFO;Controller;Activity ExecRobotTask ended. Return value: Done;
27/07/21;16:07:11.418;INFO;Controller;State = Ready;
27/07/21;16:07:11.429;INFO;Server;Command: ExecRobotTask (Unload,500000);
27/07/21;16:07:11.429;INFO;Controller;Executing asynchronous activity: ExecRobotTask;
27/07/21;16:07:11.429;INFO;Controller;Status = Executing: Unload;
27/07/21;16:07:11.429;INFO;Controller;State = Running;
27/07/21;16:07:11.797;INFO;Robot Runtime;executing:    Unload;
27/07/21;16:07:11.824;INFO;Robot Runtime;TraceSample(4): False/True/False;
27/07/21;16:07:23.908;INFO;Robot Runtime;TraceSample(4): False/False/True;
27/07/21;16:07:24.190;INFO;Controller;Activity ExecRobotTask ended. Return value: Done False/False/True;
27/07/21;16:07:24.190;INFO;Controller;State = Ready;
27/07/21;16:07:32.689;INFO;Server;Command: ExecRobotTask (Initialize,500000);
27/07/21;16:07:32.689;INFO;Controller;Executing asynchronous activity: ExecRobotTask;
27/07/21;16:07:32.689;INFO;Controller;Status = Executing: Initialize;
27/07/21;16:07:32.690;INFO;Controller;State = Running;
27/07/21;16:07:33.054;INFO;Robot Runtime;executing:    Initialize;
27/07/21;16:07:33.351;INFO;Controller;Activity ExecRobotTask ended. Return value: Done;
27/07/21;16:07:33.351;INFO;Controller;State = Ready;
27/07/21;16:07:33.358;INFO;Server;Command: ExecRobotTask (Load,500000);
27/07/21;16:07:33.358;INFO;Controller;Executing asynchronous activity: ExecRobotTask;
27/07/21;16:07:33.358;INFO;Controller;Status = Executing: Load;
27/07/21;16:07:33.358;INFO;Controller;State = Running;
27/07/21;16:07:33.724;INFO;Robot Runtime;executing:    Load;
27/07/21;16:07:33.752;INFO;Robot Runtime;TraceSample(2): False/False/True;
27/07/21;16:07:45.799;INFO;Robot Runtime;TraceSample(2): False/True/False;
27/07/21;16:07:46.057;INFO;Controller;Activity ExecRobotTask ended. Return value: Done False/True/False;
27/07/21;16:07:46.057;INFO;Controller;State = Ready;
27/07/21;16:07:49.974;INFO;Server;Command: ExecRobotTask (Initialize,500000);
27/07/21;16:07:49.974;INFO;Controller;Executing asynchronous activity: ExecRobotTask;
27/07/21;16:07:49.974;INFO;Controller;Status = Executing: Initialize;
27/07/21;16:07:49.974;INFO;Controller;State = Running;
27/07/21;16:07:50.339;INFO;Robot Runtime;executing:    Initialize;
27/07/21;16:07:50.473;INFO;Controller;Activity ExecRobotTask ended. Return value: Done;
27/07/21;16:07:50.473;INFO;Controller;State = Ready;
27/07/21;16:07:50.483;INFO;Server;Command: ExecRobotTask (Mount,500000);
27/07/21;16:07:50.483;INFO;Controller;Executing asynchronous activity: ExecRobotTask;
27/07/21;16:07:50.483;INFO;Controller;Status = Executing: Mount;
27/07/21;16:07:50.483;INFO;Controller;State = Running;
27/07/21;16:07:50.848;INFO;Robot Runtime;executing:    Mount;
27/07/21;16:07:50.875;INFO;Robot Runtime;TraceSample(2): False/True/False;
27/07/21;16:07:59.930;INFO;Robot Runtime;TraceSample(2): True/False/False;
27/07/21;16:08:00.230;INFO;Controller;Activity ExecRobotTask ended. Return value: Done True/False/False;
27/07/21;16:08:00.231;INFO;Controller;State = Ready;
